12.6159 	WARNING 	User requested fullscreen with size [1536  864], but screen is actually [1920, 1080]. Using actual size
14.1099 	INFO 	FRAME RATE: 60
14.1100 	INFO 	SCREEN RES: odict_values([1536, 864])
14.1682 	EXP 	Created unnamed TextStim = TextStim(__class__=<class 'psychopy.visual.text.TextStim'>, alignHoriz=method-wrapper(...), alignText='center', alignVert=method-wrapper(...), anchorHoriz='center', anchorVert='center', antialias=True, autoDraw=False, autoLog=True, bold=False, color=array([-1, -1, -1]), colorSpace='rgb', contrast=1.0, depth=0, flipHoriz=False, flipVert=False, font='', fontFiles=[], height=100.0, italic=False, languageStyle='LTR', name='unnamed TextStim', opacity=1.0, ori=0.0, pos=array([0., 0.]), rgb=UNKNOWN, text='+', units='pix', win=Window(...), wrapWidth=500)
14.1726 	EXP 	Created unnamed Circle = Circle(__class__=<class 'psychopy.visual.circle.Circle'>, anchor=('center', 'center'), autoDraw=False, autoLog=True, closeShape=True, color=method-wrapper(...), colorSpace='rgb', contrast=None, depth=0, fillColor=array([ 0.09019608, -1.        , -1.        ]), fillColorSpace='rgb', fillRGB=array([ 0.09019608, -1.        , -1.        ]), interpolate=True, lineColor=array([ 0.09019608, -1.        , -1.        ]), lineColorSpace='rgb', lineRGB=array([ 0.09019608, -1.        , -1.        ]), lineWidth=1.5, name='unnamed Circle', opacity=1.0, ori=0.0, pos=array([0., 0.]), size=array([1., 1.]), units='pix', vertices=ndarray(...), win=Window(...))
14.1739 	EXP 	Created unnamed TextStim = TextStim(__class__=<class 'psychopy.visual.text.TextStim'>, alignHoriz=method-wrapper(...), alignText='center', alignVert=method-wrapper(...), anchorHoriz='center', anchorVert='center', antialias=True, autoDraw=False, autoLog=True, bold=False, color=array([-0.17647059, -0.17647059, -0.17647059]), colorSpace='rgb', contrast=1.0, depth=0, flipHoriz=False, flipVert=False, font='', fontFiles=[], height=25, italic=False, languageStyle='LTR', name='unnamed TextStim', opacity=1.0, ori=0.0, pos=array([0., 0.]), rgb=UNKNOWN, text='', units='pix', win=Window(...), wrapWidth=500)
14.1838 	EXP 	Created unnamed ImageStim = ImageStim(__class__=<class 'psychopy.visual.image.ImageStim'>, anchor=('center', 'center'), autoLog=True, color=array([1., 1., 1.]), colorSpace='rgb', contrast=1.0, depth=0, flipHoriz=False, flipVert=False, image='mask4.png', interpolate=False, mask=None, maskParams=None, name='unnamed ImageStim', opacity=1.0, ori=0.0, pos=array([0., 0.]), size=array([25., 25.]), texRes=128, units='pix', win=Window(...))
14.1923 	EXP 	Created unnamed TextStim = TextStim(__class__=<class 'psychopy.visual.text.TextStim'>, alignHoriz=method-wrapper(...), alignText='center', alignVert=method-wrapper(...), anchorHoriz='center', anchorVert='center', antialias=True, autoDraw=False, autoLog=True, bold=False, color=array([-1, -1, -1]), colorSpace='rgb', contrast=1.0, depth=0, flipHoriz=False, flipVert=False, font='', fontFiles=[], height=30.0, italic=False, languageStyle='LTR', name='unnamed TextStim', opacity=1.0, ori=0.0, pos=array([ 100., -300.]), rgb=UNKNOWN, text=str(...), units='pix', win=Window(...), wrapWidth=10000)
14.1969 	EXP 	Created unnamed TextStim = TextStim(__class__=<class 'psychopy.visual.text.TextStim'>, alignHoriz=method-wrapper(...), alignText='center', alignVert=method-wrapper(...), anchorHoriz='center', anchorVert='center', antialias=True, autoDraw=False, autoLog=True, bold=False, color=array([-1, -1, -1]), colorSpace='rgb', contrast=1.0, depth=0, flipHoriz=False, flipVert=False, font='', fontFiles=[], height=30.0, italic=False, languageStyle='LTR', name='unnamed TextStim', opacity=1.0, ori=0.0, pos=array([ 100., -330.]), rgb=UNKNOWN, text=str(...), units='pix', win=Window(...), wrapWidth=10000)
14.2390 	EXP 	Created unnamed TextStim = TextStim(__class__=<class 'psychopy.visual.text.TextStim'>, alignHoriz=method-wrapper(...), alignText='center', alignVert=method-wrapper(...), anchorHoriz='center', anchorVert='center', antialias=True, autoDraw=False, autoLog=True, bold=False, color=array([-1, -1, -1]), colorSpace='rgb', contrast=1.0, depth=0, flipHoriz=False, flipVert=False, font='', fontFiles=[], height=20.0, italic=False, languageStyle='LTR', name='unnamed TextStim', opacity=1.0, ori=0.0, pos=array([0., 0.]), rgb=UNKNOWN, text=str(...), units='pix', win=Window(...), wrapWidth=1536)
36.1587 	DATA 	Keypress: space
36.1735 	EXP 	unnamed TextStim: height = 25.0
36.1735 	EXP 	unnamed TextStim: height = 25.0
36.1735 	EXP 	unnamed TextStim: height = 25.0
36.1735 	EXP 	unnamed TextStim: text = 'm'
37.8541 	DATA 	Keypress: m
37.8629 	EXP 	Created unnamed TextStim = TextStim(__class__=<class 'psychopy.visual.text.TextStim'>, alignHoriz=method-wrapper(...), alignText='center', alignVert=method-wrapper(...), anchorHoriz='center', anchorVert='center', antialias=True, autoDraw=False, autoLog=True, bold=False, color=array([-1, -1, -1]), colorSpace='rgb', contrast=1.0, depth=0, flipHoriz=False, flipVert=False, font='', fontFiles=[], height=50.0, italic=False, languageStyle='LTR', name='unnamed TextStim', opacity=1.0, ori=0.0, pos=array([0., 0.]), rgb=UNKNOWN, text='Poprawnie', units='pix', win=Window(...), wrapWidth=500)
38.8737 	EXP 	unnamed TextStim: height = 25.0
38.8737 	EXP 	unnamed TextStim: height = 25.0
38.8737 	EXP 	unnamed TextStim: height = 25.0
38.8737 	EXP 	unnamed TextStim: text = 'z'
40.9901 	DATA 	Keypress: z
40.9925 	EXP 	Created unnamed TextStim = TextStim(__class__=<class 'psychopy.visual.text.TextStim'>, alignHoriz=method-wrapper(...), alignText='center', alignVert=method-wrapper(...), anchorHoriz='center', anchorVert='center', antialias=True, autoDraw=False, autoLog=True, bold=False, color=array([-1, -1, -1]), colorSpace='rgb', contrast=1.0, depth=0, flipHoriz=False, flipVert=False, font='', fontFiles=[], height=50.0, italic=False, languageStyle='LTR', name='unnamed TextStim', opacity=1.0, ori=0.0, pos=array([0., 0.]), rgb=UNKNOWN, text='Poprawnie', units='pix', win=Window(...), wrapWidth=500)
42.0072 	EXP 	unnamed TextStim: height = 25.0
42.0072 	EXP 	unnamed TextStim: height = 25.0
42.0072 	EXP 	unnamed TextStim: height = 25.0
42.0072 	EXP 	unnamed TextStim: text = 'x'
43.8670 	DATA 	Keypress: x
43.8697 	EXP 	Created unnamed TextStim = TextStim(__class__=<class 'psychopy.visual.text.TextStim'>, alignHoriz=method-wrapper(...), alignText='center', alignVert=method-wrapper(...), anchorHoriz='center', anchorVert='center', antialias=True, autoDraw=False, autoLog=True, bold=False, color=array([-1, -1, -1]), colorSpace='rgb', contrast=1.0, depth=0, flipHoriz=False, flipVert=False, font='', fontFiles=[], height=50.0, italic=False, languageStyle='LTR', name='unnamed TextStim', opacity=1.0, ori=0.0, pos=array([0., 0.]), rgb=UNKNOWN, text='Poprawnie', units='pix', win=Window(...), wrapWidth=500)
44.8742 	EXP 	unnamed TextStim: height = 25.0
44.8742 	EXP 	unnamed TextStim: height = 25.0
44.8742 	EXP 	unnamed TextStim: height = 25.0
44.8742 	EXP 	unnamed TextStim: text = 'n'
46.2748 	DATA 	Keypress: n
46.2802 	EXP 	Created unnamed TextStim = TextStim(__class__=<class 'psychopy.visual.text.TextStim'>, alignHoriz=method-wrapper(...), alignText='center', alignVert=method-wrapper(...), anchorHoriz='center', anchorVert='center', antialias=True, autoDraw=False, autoLog=True, bold=False, color=array([-1, -1, -1]), colorSpace='rgb', contrast=1.0, depth=0, flipHoriz=False, flipVert=False, font='', fontFiles=[], height=50.0, italic=False, languageStyle='LTR', name='unnamed TextStim', opacity=1.0, ori=0.0, pos=array([0., 0.]), rgb=UNKNOWN, text='Poprawnie', units='pix', win=Window(...), wrapWidth=500)
47.3073 	EXP 	unnamed TextStim: height = 25.0
47.3073 	EXP 	unnamed TextStim: height = 25.0
47.3073 	EXP 	unnamed TextStim: height = 25.0
47.3073 	EXP 	unnamed TextStim: text = 'x'
48.9654 	DATA 	Keypress: n
48.9689 	EXP 	Created unnamed TextStim = TextStim(__class__=<class 'psychopy.visual.text.TextStim'>, alignHoriz=method-wrapper(...), alignText='center', alignVert=method-wrapper(...), anchorHoriz='center', anchorVert='center', antialias=True, autoDraw=False, autoLog=True, bold=False, color=array([-1, -1, -1]), colorSpace='rgb', contrast=1.0, depth=0, flipHoriz=False, flipVert=False, font='', fontFiles=[], height=50.0, italic=False, languageStyle='LTR', name='unnamed TextStim', opacity=1.0, ori=0.0, pos=array([0., 0.]), rgb=UNKNOWN, text='Niepoprawnie', units='pix', win=Window(...), wrapWidth=500)
49.9741 	EXP 	unnamed TextStim: height = 25.0
49.9741 	EXP 	unnamed TextStim: height = 25.0
49.9741 	EXP 	unnamed TextStim: height = 25.0
49.9741 	EXP 	unnamed TextStim: text = 'n'
52.3933 	DATA 	Keypress: n
52.3958 	EXP 	Created unnamed TextStim = TextStim(__class__=<class 'psychopy.visual.text.TextStim'>, alignHoriz=method-wrapper(...), alignText='center', alignVert=method-wrapper(...), anchorHoriz='center', anchorVert='center', antialias=True, autoDraw=False, autoLog=True, bold=False, color=array([-1, -1, -1]), colorSpace='rgb', contrast=1.0, depth=0, flipHoriz=False, flipVert=False, font='', fontFiles=[], height=50.0, italic=False, languageStyle='LTR', name='unnamed TextStim', opacity=1.0, ori=0.0, pos=array([0., 0.]), rgb=UNKNOWN, text='Poprawnie', units='pix', win=Window(...), wrapWidth=500)
53.4076 	EXP 	unnamed TextStim: height = 25.0
53.4076 	EXP 	unnamed TextStim: height = 25.0
53.4076 	EXP 	unnamed TextStim: height = 25.0
53.4076 	EXP 	unnamed TextStim: text = 'm'
54.8747 	DATA 	Keypress: m
55.5425 	DATA 	Keypress: m
55.5451 	EXP 	Created unnamed TextStim = TextStim(__class__=<class 'psychopy.visual.text.TextStim'>, alignHoriz=method-wrapper(...), alignText='center', alignVert=method-wrapper(...), anchorHoriz='center', anchorVert='center', antialias=True, autoDraw=False, autoLog=True, bold=False, color=array([-1, -1, -1]), colorSpace='rgb', contrast=1.0, depth=0, flipHoriz=False, flipVert=False, font='', fontFiles=[], height=50.0, italic=False, languageStyle='LTR', name='unnamed TextStim', opacity=1.0, ori=0.0, pos=array([0., 0.]), rgb=UNKNOWN, text='Poprawnie', units='pix', win=Window(...), wrapWidth=500)
56.5577 	EXP 	unnamed TextStim: text = 'm'
58.0711 	DATA 	Keypress: m
58.0729 	EXP 	Created unnamed TextStim = TextStim(__class__=<class 'psychopy.visual.text.TextStim'>, alignHoriz=method-wrapper(...), alignText='center', alignVert=method-wrapper(...), anchorHoriz='center', anchorVert='center', antialias=True, autoDraw=False, autoLog=True, bold=False, color=array([-1, -1, -1]), colorSpace='rgb', contrast=1.0, depth=0, flipHoriz=False, flipVert=False, font='', fontFiles=[], height=50.0, italic=False, languageStyle='LTR', name='unnamed TextStim', opacity=1.0, ori=0.0, pos=array([0., 0.]), rgb=UNKNOWN, text='Poprawnie', units='pix', win=Window(...), wrapWidth=500)
59.0912 	EXP 	unnamed TextStim: height = 25.0
59.0912 	EXP 	unnamed TextStim: height = 25.0
59.0912 	EXP 	unnamed TextStim: height = 25.0
59.0912 	EXP 	unnamed TextStim: text = 'x'
61.2607 	DATA 	Keypress: x
61.2630 	EXP 	Created unnamed TextStim = TextStim(__class__=<class 'psychopy.visual.text.TextStim'>, alignHoriz=method-wrapper(...), alignText='center', alignVert=method-wrapper(...), anchorHoriz='center', anchorVert='center', antialias=True, autoDraw=False, autoLog=True, bold=False, color=array([-1, -1, -1]), colorSpace='rgb', contrast=1.0, depth=0, flipHoriz=False, flipVert=False, font='', fontFiles=[], height=50.0, italic=False, languageStyle='LTR', name='unnamed TextStim', opacity=1.0, ori=0.0, pos=array([0., 0.]), rgb=UNKNOWN, text='Poprawnie', units='pix', win=Window(...), wrapWidth=500)
62.2746 	EXP 	unnamed TextStim: height = 25.0
62.2746 	EXP 	unnamed TextStim: height = 25.0
62.2746 	EXP 	unnamed TextStim: height = 25.0
62.2746 	EXP 	unnamed TextStim: text = 'm'
63.7420 	DATA 	Keypress: m
64.3121 	DATA 	Keypress: m
64.3145 	EXP 	Created unnamed TextStim = TextStim(__class__=<class 'psychopy.visual.text.TextStim'>, alignHoriz=method-wrapper(...), alignText='center', alignVert=method-wrapper(...), anchorHoriz='center', anchorVert='center', antialias=True, autoDraw=False, autoLog=True, bold=False, color=array([-1, -1, -1]), colorSpace='rgb', contrast=1.0, depth=0, flipHoriz=False, flipVert=False, font='', fontFiles=[], height=50.0, italic=False, languageStyle='LTR', name='unnamed TextStim', opacity=1.0, ori=0.0, pos=array([0., 0.]), rgb=UNKNOWN, text='Poprawnie', units='pix', win=Window(...), wrapWidth=500)
65.3245 	EXP 	unnamed TextStim: height = 25.0
65.3245 	EXP 	unnamed TextStim: height = 25.0
65.3245 	EXP 	unnamed TextStim: height = 25.0
65.3245 	EXP 	unnamed TextStim: text = 'x'
67.2905 	DATA 	Keypress: n
67.2929 	EXP 	Created unnamed TextStim = TextStim(__class__=<class 'psychopy.visual.text.TextStim'>, alignHoriz=method-wrapper(...), alignText='center', alignVert=method-wrapper(...), anchorHoriz='center', anchorVert='center', antialias=True, autoDraw=False, autoLog=True, bold=False, color=array([-1, -1, -1]), colorSpace='rgb', contrast=1.0, depth=0, flipHoriz=False, flipVert=False, font='', fontFiles=[], height=50.0, italic=False, languageStyle='LTR', name='unnamed TextStim', opacity=1.0, ori=0.0, pos=array([0., 0.]), rgb=UNKNOWN, text='Niepoprawnie', units='pix', win=Window(...), wrapWidth=500)
68.3082 	EXP 	unnamed TextStim: height = 25.0
68.3082 	EXP 	unnamed TextStim: height = 25.0
68.3082 	EXP 	unnamed TextStim: height = 25.0
68.3082 	EXP 	unnamed TextStim: text = 'm'
69.9755 	DATA 	Keypress: m
69.9774 	EXP 	Created unnamed TextStim = TextStim(__class__=<class 'psychopy.visual.text.TextStim'>, alignHoriz=method-wrapper(...), alignText='center', alignVert=method-wrapper(...), anchorHoriz='center', anchorVert='center', antialias=True, autoDraw=False, autoLog=True, bold=False, color=array([-1, -1, -1]), colorSpace='rgb', contrast=1.0, depth=0, flipHoriz=False, flipVert=False, font='', fontFiles=[], height=50.0, italic=False, languageStyle='LTR', name='unnamed TextStim', opacity=1.0, ori=0.0, pos=array([0., 0.]), rgb=UNKNOWN, text='Poprawnie', units='pix', win=Window(...), wrapWidth=500)
70.9915 	EXP 	unnamed TextStim: height = 25.0
70.9915 	EXP 	unnamed TextStim: height = 25.0
70.9915 	EXP 	unnamed TextStim: height = 25.0
70.9915 	EXP 	unnamed TextStim: text = 'x'
72.4588 	DATA 	Keypress: x
73.3091 	DATA 	Keypress: x
73.3117 	EXP 	Created unnamed TextStim = TextStim(__class__=<class 'psychopy.visual.text.TextStim'>, alignHoriz=method-wrapper(...), alignText='center', alignVert=method-wrapper(...), anchorHoriz='center', anchorVert='center', antialias=True, autoDraw=False, autoLog=True, bold=False, color=array([-1, -1, -1]), colorSpace='rgb', contrast=1.0, depth=0, flipHoriz=False, flipVert=False, font='', fontFiles=[], height=50.0, italic=False, languageStyle='LTR', name='unnamed TextStim', opacity=1.0, ori=0.0, pos=array([0., 0.]), rgb=UNKNOWN, text='Poprawnie', units='pix', win=Window(...), wrapWidth=500)
74.3250 	EXP 	unnamed TextStim: height = 25.0
74.3250 	EXP 	unnamed TextStim: height = 25.0
74.3250 	EXP 	unnamed TextStim: height = 25.0
74.3250 	EXP 	unnamed TextStim: text = 'z'
76.1581 	DATA 	Keypress: z
76.1623 	EXP 	Created unnamed TextStim = TextStim(__class__=<class 'psychopy.visual.text.TextStim'>, alignHoriz=method-wrapper(...), alignText='center', alignVert=method-wrapper(...), anchorHoriz='center', anchorVert='center', antialias=True, autoDraw=False, autoLog=True, bold=False, color=array([-1, -1, -1]), colorSpace='rgb', contrast=1.0, depth=0, flipHoriz=False, flipVert=False, font='', fontFiles=[], height=50.0, italic=False, languageStyle='LTR', name='unnamed TextStim', opacity=1.0, ori=0.0, pos=array([0., 0.]), rgb=UNKNOWN, text='Poprawnie', units='pix', win=Window(...), wrapWidth=500)
77.1751 	EXP 	unnamed TextStim: text = 'z'
78.7379 	DATA 	Keypress: z
78.7399 	EXP 	Created unnamed TextStim = TextStim(__class__=<class 'psychopy.visual.text.TextStim'>, alignHoriz=method-wrapper(...), alignText='center', alignVert=method-wrapper(...), anchorHoriz='center', anchorVert='center', antialias=True, autoDraw=False, autoLog=True, bold=False, color=array([-1, -1, -1]), colorSpace='rgb', contrast=1.0, depth=0, flipHoriz=False, flipVert=False, font='', fontFiles=[], height=50.0, italic=False, languageStyle='LTR', name='unnamed TextStim', opacity=1.0, ori=0.0, pos=array([0., 0.]), rgb=UNKNOWN, text='Poprawnie', units='pix', win=Window(...), wrapWidth=500)
79.7719 	EXP 	Created unnamed TextStim = TextStim(__class__=<class 'psychopy.visual.text.TextStim'>, alignHoriz=method-wrapper(...), alignText='center', alignVert=method-wrapper(...), anchorHoriz='center', anchorVert='center', antialias=True, autoDraw=False, autoLog=True, bold=False, color=array([-1, -1, -1]), colorSpace='rgb', contrast=1.0, depth=0, flipHoriz=False, flipVert=False, font='', fontFiles=[], height=20.0, italic=False, languageStyle='LTR', name='unnamed TextStim', opacity=1.0, ori=0.0, pos=array([0., 0.]), rgb=UNKNOWN, text=str(...), units='pix', win=Window(...), wrapWidth=1536)
87.1701 	DATA 	Keypress: space
87.1750 	EXP 	unnamed TextStim: height = 25.0
87.1750 	EXP 	unnamed TextStim: height = 25.0
87.1750 	EXP 	unnamed TextStim: height = 25.0
87.1750 	EXP 	unnamed TextStim: text = 'n'
89.0932 	DATA 	Keypress: n
89.1005 	EXP 	Created unnamed TextStim = TextStim(__class__=<class 'psychopy.visual.text.TextStim'>, alignHoriz=method-wrapper(...), alignText='center', alignVert=method-wrapper(...), anchorHoriz='center', anchorVert='center', antialias=True, autoDraw=False, autoLog=True, bold=False, color=array([-1, -1, -1]), colorSpace='rgb', contrast=1.0, depth=0, flipHoriz=False, flipVert=False, font='', fontFiles=[], height=50.0, italic=False, languageStyle='LTR', name='unnamed TextStim', opacity=1.0, ori=0.0, pos=array([0., 0.]), rgb=UNKNOWN, text='Poprawnie', units='pix', win=Window(...), wrapWidth=500)
90.1090 	EXP 	unnamed TextStim: height = 25.0
90.1090 	EXP 	unnamed TextStim: height = 25.0
90.1090 	EXP 	unnamed TextStim: height = 25.0
90.1090 	EXP 	unnamed TextStim: text = 'z'
91.8239 	DATA 	Keypress: z
91.8264 	EXP 	Created unnamed TextStim = TextStim(__class__=<class 'psychopy.visual.text.TextStim'>, alignHoriz=method-wrapper(...), alignText='center', alignVert=method-wrapper(...), anchorHoriz='center', anchorVert='center', antialias=True, autoDraw=False, autoLog=True, bold=False, color=array([-1, -1, -1]), colorSpace='rgb', contrast=1.0, depth=0, flipHoriz=False, flipVert=False, font='', fontFiles=[], height=50.0, italic=False, languageStyle='LTR', name='unnamed TextStim', opacity=1.0, ori=0.0, pos=array([0., 0.]), rgb=UNKNOWN, text='Poprawnie', units='pix', win=Window(...), wrapWidth=500)
92.8425 	EXP 	unnamed TextStim: height = 25.0
92.8425 	EXP 	unnamed TextStim: height = 25.0
92.8425 	EXP 	unnamed TextStim: height = 25.0
92.8425 	EXP 	unnamed TextStim: text = 'n'
94.6478 	DATA 	Keypress: n
94.6497 	EXP 	Created unnamed TextStim = TextStim(__class__=<class 'psychopy.visual.text.TextStim'>, alignHoriz=method-wrapper(...), alignText='center', alignVert=method-wrapper(...), anchorHoriz='center', anchorVert='center', antialias=True, autoDraw=False, autoLog=True, bold=False, color=array([-1, -1, -1]), colorSpace='rgb', contrast=1.0, depth=0, flipHoriz=False, flipVert=False, font='', fontFiles=[], height=50.0, italic=False, languageStyle='LTR', name='unnamed TextStim', opacity=1.0, ori=0.0, pos=array([0., 0.]), rgb=UNKNOWN, text='Poprawnie', units='pix', win=Window(...), wrapWidth=500)
95.6591 	EXP 	unnamed TextStim: height = 25.0
95.6591 	EXP 	unnamed TextStim: height = 25.0
95.6591 	EXP 	unnamed TextStim: height = 25.0
95.6591 	EXP 	unnamed TextStim: text = 'z'
97.4573 	DATA 	Keypress: z
97.4593 	EXP 	Created unnamed TextStim = TextStim(__class__=<class 'psychopy.visual.text.TextStim'>, alignHoriz=method-wrapper(...), alignText='center', alignVert=method-wrapper(...), anchorHoriz='center', anchorVert='center', antialias=True, autoDraw=False, autoLog=True, bold=False, color=array([-1, -1, -1]), colorSpace='rgb', contrast=1.0, depth=0, flipHoriz=False, flipVert=False, font='', fontFiles=[], height=50.0, italic=False, languageStyle='LTR', name='unnamed TextStim', opacity=1.0, ori=0.0, pos=array([0., 0.]), rgb=UNKNOWN, text='Poprawnie', units='pix', win=Window(...), wrapWidth=500)
98.4759 	EXP 	unnamed TextStim: height = 25.0
98.4759 	EXP 	unnamed TextStim: height = 25.0
98.4759 	EXP 	unnamed TextStim: height = 25.0
98.4759 	EXP 	unnamed TextStim: text = 'n'
100.1344 	DATA 	Keypress: n
100.1366 	EXP 	Created unnamed TextStim = TextStim(__class__=<class 'psychopy.visual.text.TextStim'>, alignHoriz=method-wrapper(...), alignText='center', alignVert=method-wrapper(...), anchorHoriz='center', anchorVert='center', antialias=True, autoDraw=False, autoLog=True, bold=False, color=array([-1, -1, -1]), colorSpace='rgb', contrast=1.0, depth=0, flipHoriz=False, flipVert=False, font='', fontFiles=[], height=50.0, italic=False, languageStyle='LTR', name='unnamed TextStim', opacity=1.0, ori=0.0, pos=array([0., 0.]), rgb=UNKNOWN, text='Poprawnie', units='pix', win=Window(...), wrapWidth=500)
101.1427 	EXP 	unnamed TextStim: height = 25.0
101.1427 	EXP 	unnamed TextStim: height = 25.0
101.1427 	EXP 	unnamed TextStim: height = 25.0
101.1427 	EXP 	unnamed TextStim: text = 'z'
102.4731 	DATA 	Keypress: n
102.4770 	EXP 	Created unnamed TextStim = TextStim(__class__=<class 'psychopy.visual.text.TextStim'>, alignHoriz=method-wrapper(...), alignText='center', alignVert=method-wrapper(...), anchorHoriz='center', anchorVert='center', antialias=True, autoDraw=False, autoLog=True, bold=False, color=array([-1, -1, -1]), colorSpace='rgb', contrast=1.0, depth=0, flipHoriz=False, flipVert=False, font='', fontFiles=[], height=50.0, italic=False, languageStyle='LTR', name='unnamed TextStim', opacity=1.0, ori=0.0, pos=array([0., 0.]), rgb=UNKNOWN, text='Niepoprawnie', units='pix', win=Window(...), wrapWidth=500)
103.4928 	EXP 	unnamed TextStim: height = 25.0
103.4928 	EXP 	unnamed TextStim: height = 25.0
103.4928 	EXP 	unnamed TextStim: height = 25.0
103.4928 	EXP 	unnamed TextStim: text = 'n'
105.8086 	DATA 	Keypress: m
105.8111 	EXP 	Created unnamed TextStim = TextStim(__class__=<class 'psychopy.visual.text.TextStim'>, alignHoriz=method-wrapper(...), alignText='center', alignVert=method-wrapper(...), anchorHoriz='center', anchorVert='center', antialias=True, autoDraw=False, autoLog=True, bold=False, color=array([-1, -1, -1]), colorSpace='rgb', contrast=1.0, depth=0, flipHoriz=False, flipVert=False, font='', fontFiles=[], height=50.0, italic=False, languageStyle='LTR', name='unnamed TextStim', opacity=1.0, ori=0.0, pos=array([0., 0.]), rgb=UNKNOWN, text='Niepoprawnie', units='pix', win=Window(...), wrapWidth=500)
106.8261 	EXP 	unnamed TextStim: text = 'n'
108.5368 	DATA 	Keypress: n
108.5387 	EXP 	Created unnamed TextStim = TextStim(__class__=<class 'psychopy.visual.text.TextStim'>, alignHoriz=method-wrapper(...), alignText='center', alignVert=method-wrapper(...), anchorHoriz='center', anchorVert='center', antialias=True, autoDraw=False, autoLog=True, bold=False, color=array([-1, -1, -1]), colorSpace='rgb', contrast=1.0, depth=0, flipHoriz=False, flipVert=False, font='', fontFiles=[], height=50.0, italic=False, languageStyle='LTR', name='unnamed TextStim', opacity=1.0, ori=0.0, pos=array([0., 0.]), rgb=UNKNOWN, text='Poprawnie', units='pix', win=Window(...), wrapWidth=500)
109.5428 	EXP 	unnamed TextStim: height = 25.0
109.5428 	EXP 	unnamed TextStim: height = 25.0
109.5428 	EXP 	unnamed TextStim: height = 25.0
109.5428 	EXP 	unnamed TextStim: text = 'z'
111.4655 	DATA 	Keypress: n
111.4675 	EXP 	Created unnamed TextStim = TextStim(__class__=<class 'psychopy.visual.text.TextStim'>, alignHoriz=method-wrapper(...), alignText='center', alignVert=method-wrapper(...), anchorHoriz='center', anchorVert='center', antialias=True, autoDraw=False, autoLog=True, bold=False, color=array([-1, -1, -1]), colorSpace='rgb', contrast=1.0, depth=0, flipHoriz=False, flipVert=False, font='', fontFiles=[], height=50.0, italic=False, languageStyle='LTR', name='unnamed TextStim', opacity=1.0, ori=0.0, pos=array([0., 0.]), rgb=UNKNOWN, text='Niepoprawnie', units='pix', win=Window(...), wrapWidth=500)
112.4763 	EXP 	unnamed TextStim: text = 'z'
114.0586 	DATA 	Keypress: z
114.0611 	EXP 	Created unnamed TextStim = TextStim(__class__=<class 'psychopy.visual.text.TextStim'>, alignHoriz=method-wrapper(...), alignText='center', alignVert=method-wrapper(...), anchorHoriz='center', anchorVert='center', antialias=True, autoDraw=False, autoLog=True, bold=False, color=array([-1, -1, -1]), colorSpace='rgb', contrast=1.0, depth=0, flipHoriz=False, flipVert=False, font='', fontFiles=[], height=50.0, italic=False, languageStyle='LTR', name='unnamed TextStim', opacity=1.0, ori=0.0, pos=array([0., 0.]), rgb=UNKNOWN, text='Poprawnie', units='pix', win=Window(...), wrapWidth=500)
115.0891 	EXP 	Created unnamed TextStim = TextStim(__class__=<class 'psychopy.visual.text.TextStim'>, alignHoriz=method-wrapper(...), alignText='center', alignVert=method-wrapper(...), anchorHoriz='center', anchorVert='center', antialias=True, autoDraw=False, autoLog=True, bold=False, color=array([-1, -1, -1]), colorSpace='rgb', contrast=1.0, depth=0, flipHoriz=False, flipVert=False, font='', fontFiles=[], height=20.0, italic=False, languageStyle='LTR', name='unnamed TextStim', opacity=1.0, ori=0.0, pos=array([0., 0.]), rgb=UNKNOWN, text=str(...), units='pix', win=Window(...), wrapWidth=1536)
119.8028 	DATA 	Keypress: space
119.8098 	EXP 	unnamed TextStim: height = 25.0
119.8098 	EXP 	unnamed TextStim: height = 25.0
119.8098 	EXP 	unnamed TextStim: height = 25.0
119.8098 	EXP 	unnamed TextStim: text = 'n'
121.5958 	DATA 	Keypress: n
121.5989 	EXP 	unnamed TextStim: height = 25.0
121.5989 	EXP 	unnamed TextStim: height = 25.0
121.5989 	EXP 	unnamed TextStim: height = 25.0
121.5989 	EXP 	unnamed TextStim: text = 'x'
123.6628 	DATA 	Keypress: n
123.6655 	EXP 	unnamed TextStim: height = 25.0
123.6655 	EXP 	unnamed TextStim: height = 25.0
123.6655 	EXP 	unnamed TextStim: height = 25.0
123.6655 	EXP 	unnamed TextStim: text = 'z'
125.8978 	DATA 	Keypress: z
125.8998 	EXP 	unnamed TextStim: height = 25.0
125.8998 	EXP 	unnamed TextStim: height = 25.0
125.8998 	EXP 	unnamed TextStim: height = 25.0
125.8998 	EXP 	unnamed TextStim: text = 'x'
128.6107 	DATA 	No keypress (maxWait exceeded)
128.6119 	EXP 	unnamed TextStim: text = 'x'
130.3376 	DATA 	Keypress: x
130.3397 	EXP 	unnamed TextStim: height = 25.0
130.3397 	EXP 	unnamed TextStim: height = 25.0
130.3397 	EXP 	unnamed TextStim: height = 25.0
130.3397 	EXP 	unnamed TextStim: text = 'z'
131.8496 	DATA 	Keypress: z
131.9978 	EXP 	Created unnamed ImageStim = ImageStim(__class__=<class 'psychopy.visual.image.ImageStim'>, anchor=('center', 'center'), autoLog=True, color=array([1., 1., 1.]), colorSpace='rgb', contrast=1.0, depth=0, flipHoriz=False, flipVert=False, image='break.jpg', interpolate=True, mask=None, maskParams=None, name='unnamed ImageStim', opacity=1.0, ori=0.0, pos=array([0., 0.]), size=array([1536.,  864.]), texRes=128, units='pix', win=Window(...))
136.4557 	DATA 	Keypress: space
136.4604 	EXP 	unnamed TextStim: text = 'z'
138.0020 	DATA 	Keypress: z
138.0049 	EXP 	unnamed TextStim: height = 25.0
138.0049 	EXP 	unnamed TextStim: height = 25.0
138.0049 	EXP 	unnamed TextStim: height = 25.0
138.0049 	EXP 	unnamed TextStim: text = 'm'
140.7277 	DATA 	No keypress (maxWait exceeded)
140.7334 	EXP 	unnamed TextStim: height = 25.0
140.7334 	EXP 	unnamed TextStim: height = 25.0
140.7334 	EXP 	unnamed TextStim: height = 25.0
140.7334 	EXP 	unnamed TextStim: text = 'x'
140.8287 	DATA 	Keypress: m
142.5253 	DATA 	Keypress: z
142.5280 	EXP 	unnamed TextStim: height = 25.0
142.5280 	EXP 	unnamed TextStim: height = 25.0
142.5280 	EXP 	unnamed TextStim: height = 25.0
142.5280 	EXP 	unnamed TextStim: text = 'n'
144.6733 	DATA 	Keypress: x
144.6756 	EXP 	unnamed TextStim: height = 25.0
144.6756 	EXP 	unnamed TextStim: height = 25.0
144.6756 	EXP 	unnamed TextStim: height = 25.0
144.6756 	EXP 	unnamed TextStim: text = 'z'
146.1081 	DATA 	Keypress: z
146.1102 	EXP 	unnamed TextStim: height = 25.0
146.1102 	EXP 	unnamed TextStim: height = 25.0
146.1102 	EXP 	unnamed TextStim: height = 25.0
146.1102 	EXP 	unnamed TextStim: text = 'm'
147.5446 	DATA 	Keypress: m
147.6859 	EXP 	Created unnamed ImageStim = ImageStim(__class__=<class 'psychopy.visual.image.ImageStim'>, anchor=('center', 'center'), autoLog=True, color=array([1., 1., 1.]), colorSpace='rgb', contrast=1.0, depth=0, flipHoriz=False, flipVert=False, image='break.jpg', interpolate=True, mask=None, maskParams=None, name='unnamed ImageStim', opacity=1.0, ori=0.0, pos=array([0., 0.]), size=array([1536.,  864.]), texRes=128, units='pix', win=Window(...))
150.1479 	DATA 	Keypress: space
150.1610 	EXP 	unnamed TextStim: height = 25.0
150.1610 	EXP 	unnamed TextStim: height = 25.0
150.1610 	EXP 	unnamed TextStim: height = 25.0
150.1610 	EXP 	unnamed TextStim: text = 'x'
151.7729 	DATA 	Keypress: x
151.7751 	EXP 	unnamed TextStim: height = 25.0
151.7751 	EXP 	unnamed TextStim: height = 25.0
151.7751 	EXP 	unnamed TextStim: height = 25.0
151.7751 	EXP 	unnamed TextStim: text = 'n'
153.2639 	DATA 	Keypress: n
153.2660 	EXP 	unnamed TextStim: height = 25.0
153.2660 	EXP 	unnamed TextStim: height = 25.0
153.2660 	EXP 	unnamed TextStim: height = 25.0
153.2660 	EXP 	unnamed TextStim: text = 'm'
154.6431 	DATA 	Keypress: m
154.6453 	EXP 	unnamed TextStim: height = 25.0
154.6453 	EXP 	unnamed TextStim: height = 25.0
154.6453 	EXP 	unnamed TextStim: height = 25.0
154.6453 	EXP 	unnamed TextStim: text = 'n'
156.7573 	DATA 	Keypress: x
156.7594 	EXP 	unnamed TextStim: height = 25.0
156.7594 	EXP 	unnamed TextStim: height = 25.0
156.7594 	EXP 	unnamed TextStim: height = 25.0
156.7594 	EXP 	unnamed TextStim: text = 'z'
158.2540 	DATA 	Keypress: z
158.2585 	EXP 	unnamed TextStim: height = 25.0
158.2585 	EXP 	unnamed TextStim: height = 25.0
158.2585 	EXP 	unnamed TextStim: height = 25.0
158.2585 	EXP 	unnamed TextStim: text = 'x'
160.0262 	DATA 	Keypress: x
160.1586 	EXP 	Created unnamed ImageStim = ImageStim(__class__=<class 'psychopy.visual.image.ImageStim'>, anchor=('center', 'center'), autoLog=True, color=array([1., 1., 1.]), colorSpace='rgb', contrast=1.0, depth=0, flipHoriz=False, flipVert=False, image='break.jpg', interpolate=True, mask=None, maskParams=None, name='unnamed ImageStim', opacity=1.0, ori=0.0, pos=array([0., 0.]), size=array([1536.,  864.]), texRes=128, units='pix', win=Window(...))
164.1978 	DATA 	Keypress: space
164.2117 	EXP 	unnamed TextStim: text = 'x'
165.9112 	DATA 	Keypress: x
165.9123 	EXP 	unnamed TextStim: text = 'x'
167.5659 	DATA 	Keypress: z
167.5681 	EXP 	unnamed TextStim: height = 25.0
167.5681 	EXP 	unnamed TextStim: height = 25.0
167.5681 	EXP 	unnamed TextStim: height = 25.0
167.5681 	EXP 	unnamed TextStim: text = 'z'
168.9189 	DATA 	Keypress: z
168.9209 	EXP 	unnamed TextStim: height = 25.0
168.9209 	EXP 	unnamed TextStim: height = 25.0
168.9209 	EXP 	unnamed TextStim: height = 25.0
168.9209 	EXP 	unnamed TextStim: text = 'm'
170.2981 	DATA 	Keypress: m
170.3001 	EXP 	unnamed TextStim: height = 25.0
170.3001 	EXP 	unnamed TextStim: height = 25.0
170.3001 	EXP 	unnamed TextStim: height = 25.0
170.3001 	EXP 	unnamed TextStim: text = 'x'
171.8892 	DATA 	Keypress: x
171.8912 	EXP 	unnamed TextStim: height = 25.0
171.8912 	EXP 	unnamed TextStim: height = 25.0
171.8912 	EXP 	unnamed TextStim: height = 25.0
171.8912 	EXP 	unnamed TextStim: text = 'z'
173.3390 	DATA 	Keypress: z
173.4581 	EXP 	Created unnamed ImageStim = ImageStim(__class__=<class 'psychopy.visual.image.ImageStim'>, anchor=('center', 'center'), autoLog=True, color=array([1., 1., 1.]), colorSpace='rgb', contrast=1.0, depth=0, flipHoriz=False, flipVert=False, image='break.jpg', interpolate=True, mask=None, maskParams=None, name='unnamed ImageStim', opacity=1.0, ori=0.0, pos=array([0., 0.]), size=array([1536.,  864.]), texRes=128, units='pix', win=Window(...))
175.2692 	DATA 	Keypress: space
175.2787 	EXP 	unnamed TextStim: height = 25.0
175.2787 	EXP 	unnamed TextStim: height = 25.0
175.2787 	EXP 	unnamed TextStim: height = 25.0
175.2787 	EXP 	unnamed TextStim: text = 'm'
176.6887 	DATA 	Keypress: m
176.6899 	EXP 	unnamed TextStim: text = 'm'
179.4290 	DATA 	No keypress (maxWait exceeded)
179.4326 	EXP 	unnamed TextStim: height = 25.0
179.4326 	EXP 	unnamed TextStim: height = 25.0
179.4326 	EXP 	unnamed TextStim: height = 25.0
179.4326 	EXP 	unnamed TextStim: text = 'z'
181.3888 	DATA 	Keypress: x
181.3909 	EXP 	unnamed TextStim: height = 25.0
181.3909 	EXP 	unnamed TextStim: height = 25.0
181.3909 	EXP 	unnamed TextStim: height = 25.0
181.3909 	EXP 	unnamed TextStim: text = 'n'
182.9545 	DATA 	Keypress: n
182.9613 	EXP 	unnamed TextStim: height = 25.0
182.9613 	EXP 	unnamed TextStim: height = 25.0
182.9613 	EXP 	unnamed TextStim: height = 25.0
182.9613 	EXP 	unnamed TextStim: text = 'x'
184.4035 	DATA 	Keypress: x
184.4056 	EXP 	unnamed TextStim: height = 25.0
184.4056 	EXP 	unnamed TextStim: height = 25.0
184.4056 	EXP 	unnamed TextStim: height = 25.0
184.4056 	EXP 	unnamed TextStim: text = 'n'
186.1519 	DATA 	Keypress: z
186.2867 	EXP 	Created unnamed ImageStim = ImageStim(__class__=<class 'psychopy.visual.image.ImageStim'>, anchor=('center', 'center'), autoLog=True, color=array([1., 1., 1.]), colorSpace='rgb', contrast=1.0, depth=0, flipHoriz=False, flipVert=False, image='break.jpg', interpolate=True, mask=None, maskParams=None, name='unnamed ImageStim', opacity=1.0, ori=0.0, pos=array([0., 0.]), size=array([1536.,  864.]), texRes=128, units='pix', win=Window(...))
187.3319 	DATA 	Keypress: space
187.3457 	EXP 	unnamed TextStim: height = 25.0
187.3457 	EXP 	unnamed TextStim: height = 25.0
187.3457 	EXP 	unnamed TextStim: height = 25.0
187.3457 	EXP 	unnamed TextStim: text = 'm'
188.8256 	DATA 	Keypress: m
188.8276 	EXP 	unnamed TextStim: height = 25.0
188.8276 	EXP 	unnamed TextStim: height = 25.0
188.8276 	EXP 	unnamed TextStim: height = 25.0
188.8276 	EXP 	unnamed TextStim: text = 'n'
190.4986 	DATA 	Keypress: n
190.5008 	EXP 	unnamed TextStim: height = 25.0
190.5008 	EXP 	unnamed TextStim: height = 25.0
190.5008 	EXP 	unnamed TextStim: height = 25.0
190.5008 	EXP 	unnamed TextStim: text = 'x'
192.3691 	DATA 	Keypress: z
192.3712 	EXP 	unnamed TextStim: height = 25.0
192.3712 	EXP 	unnamed TextStim: height = 25.0
192.3712 	EXP 	unnamed TextStim: height = 25.0
192.3712 	EXP 	unnamed TextStim: text = 'n'
193.6414 	DATA 	Keypress: n
193.6461 	EXP 	unnamed TextStim: height = 25.0
193.6461 	EXP 	unnamed TextStim: height = 25.0
193.6461 	EXP 	unnamed TextStim: height = 25.0
193.6461 	EXP 	unnamed TextStim: text = 'x'
195.7003 	DATA 	Keypress: z
195.7016 	EXP 	unnamed TextStim: text = 'x'
197.2051 	DATA 	Keypress: x
197.3325 	EXP 	Created unnamed ImageStim = ImageStim(__class__=<class 'psychopy.visual.image.ImageStim'>, anchor=('center', 'center'), autoLog=True, color=array([1., 1., 1.]), colorSpace='rgb', contrast=1.0, depth=0, flipHoriz=False, flipVert=False, image='break.jpg', interpolate=True, mask=None, maskParams=None, name='unnamed ImageStim', opacity=1.0, ori=0.0, pos=array([0., 0.]), size=array([1536.,  864.]), texRes=128, units='pix', win=Window(...))
199.2413 	DATA 	Keypress: space
199.2461 	EXP 	unnamed TextStim: height = 25.0
199.2461 	EXP 	unnamed TextStim: height = 25.0
199.2461 	EXP 	unnamed TextStim: height = 25.0
199.2461 	EXP 	unnamed TextStim: text = 'z'
200.6560 	DATA 	Keypress: z
200.6624 	EXP 	unnamed TextStim: height = 25.0
200.6624 	EXP 	unnamed TextStim: height = 25.0
200.6624 	EXP 	unnamed TextStim: height = 25.0
200.6624 	EXP 	unnamed TextStim: text = 'n'
202.3005 	DATA 	Keypress: m
202.3017 	EXP 	unnamed TextStim: text = 'n'
203.7848 	DATA 	Keypress: n
203.7869 	EXP 	unnamed TextStim: height = 25.0
203.7869 	EXP 	unnamed TextStim: height = 25.0
203.7869 	EXP 	unnamed TextStim: height = 25.0
203.7869 	EXP 	unnamed TextStim: text = 'm'
205.4047 	DATA 	Keypress: m
205.4068 	EXP 	unnamed TextStim: height = 25.0
205.4068 	EXP 	unnamed TextStim: height = 25.0
205.4068 	EXP 	unnamed TextStim: height = 25.0
205.4068 	EXP 	unnamed TextStim: text = 'x'
206.9423 	DATA 	Keypress: x
206.9444 	EXP 	unnamed TextStim: height = 25.0
206.9444 	EXP 	unnamed TextStim: height = 25.0
206.9444 	EXP 	unnamed TextStim: height = 25.0
206.9444 	EXP 	unnamed TextStim: text = 'z'
208.5140 	DATA 	Keypress: z
208.6252 	EXP 	Created unnamed ImageStim = ImageStim(__class__=<class 'psychopy.visual.image.ImageStim'>, anchor=('center', 'center'), autoLog=True, color=array([1., 1., 1.]), colorSpace='rgb', contrast=1.0, depth=0, flipHoriz=False, flipVert=False, image='break.jpg', interpolate=True, mask=None, maskParams=None, name='unnamed ImageStim', opacity=1.0, ori=0.0, pos=array([0., 0.]), size=array([1536.,  864.]), texRes=128, units='pix', win=Window(...))
210.3814 	DATA 	Keypress: space
210.3964 	EXP 	unnamed TextStim: height = 25.0
210.3964 	EXP 	unnamed TextStim: height = 25.0
210.3964 	EXP 	unnamed TextStim: height = 25.0
210.3964 	EXP 	unnamed TextStim: text = 'x'
211.8467 	DATA 	Keypress: n
211.8488 	EXP 	unnamed TextStim: height = 25.0
211.8488 	EXP 	unnamed TextStim: height = 25.0
211.8488 	EXP 	unnamed TextStim: height = 25.0
211.8488 	EXP 	unnamed TextStim: text = 'z'
214.5804 	DATA 	No keypress (maxWait exceeded)
214.5835 	EXP 	unnamed TextStim: height = 25.0
214.5835 	EXP 	unnamed TextStim: height = 25.0
214.5835 	EXP 	unnamed TextStim: height = 25.0
214.5835 	EXP 	unnamed TextStim: text = 'n'
216.2065 	DATA 	Keypress: n
216.2086 	EXP 	unnamed TextStim: height = 25.0
216.2086 	EXP 	unnamed TextStim: height = 25.0
216.2086 	EXP 	unnamed TextStim: height = 25.0
216.2086 	EXP 	unnamed TextStim: text = 'm'
217.7999 	DATA 	Keypress: m
217.8021 	EXP 	unnamed TextStim: height = 25.0
217.8021 	EXP 	unnamed TextStim: height = 25.0
217.8021 	EXP 	unnamed TextStim: height = 25.0
217.8021 	EXP 	unnamed TextStim: text = 'x'
219.4951 	DATA 	Keypress: x
219.4998 	EXP 	unnamed TextStim: height = 25.0
219.4998 	EXP 	unnamed TextStim: height = 25.0
219.4998 	EXP 	unnamed TextStim: height = 25.0
219.4998 	EXP 	unnamed TextStim: text = 'z'
220.8888 	DATA 	Keypress: z
221.0313 	EXP 	Created unnamed ImageStim = ImageStim(__class__=<class 'psychopy.visual.image.ImageStim'>, anchor=('center', 'center'), autoLog=True, color=array([1., 1., 1.]), colorSpace='rgb', contrast=1.0, depth=0, flipHoriz=False, flipVert=False, image='break.jpg', interpolate=True, mask=None, maskParams=None, name='unnamed ImageStim', opacity=1.0, ori=0.0, pos=array([0., 0.]), size=array([1536.,  864.]), texRes=128, units='pix', win=Window(...))
221.7369 	DATA 	Keypress: space
221.7469 	EXP 	unnamed TextStim: text = 'z'
223.4591 	DATA 	Keypress: z
223.4614 	EXP 	unnamed TextStim: height = 25.0
223.4614 	EXP 	unnamed TextStim: height = 25.0
223.4614 	EXP 	unnamed TextStim: height = 25.0
223.4614 	EXP 	unnamed TextStim: text = 'm'
225.0274 	DATA 	Keypress: m
225.0296 	EXP 	unnamed TextStim: height = 25.0
225.0296 	EXP 	unnamed TextStim: height = 25.0
225.0296 	EXP 	unnamed TextStim: height = 25.0
225.0296 	EXP 	unnamed TextStim: text = 'n'
226.6444 	DATA 	Keypress: n
226.6466 	EXP 	unnamed TextStim: height = 25.0
226.6466 	EXP 	unnamed TextStim: height = 25.0
226.6466 	EXP 	unnamed TextStim: height = 25.0
226.6466 	EXP 	unnamed TextStim: text = 'm'
228.2464 	DATA 	Keypress: m
228.2590 	EXP 	unnamed TextStim: height = 25.0
228.2590 	EXP 	unnamed TextStim: height = 25.0
228.2590 	EXP 	unnamed TextStim: height = 25.0
228.2590 	EXP 	unnamed TextStim: text = 'z'
230.3099 	DATA 	Keypress: x
230.3110 	EXP 	unnamed TextStim: text = 'z'
231.7819 	DATA 	Keypress: z
231.9090 	EXP 	Created unnamed ImageStim = ImageStim(__class__=<class 'psychopy.visual.image.ImageStim'>, anchor=('center', 'center'), autoLog=True, color=array([1., 1., 1.]), colorSpace='rgb', contrast=1.0, depth=0, flipHoriz=False, flipVert=False, image='break.jpg', interpolate=True, mask=None, maskParams=None, name='unnamed ImageStim', opacity=1.0, ori=0.0, pos=array([0., 0.]), size=array([1536.,  864.]), texRes=128, units='pix', win=Window(...))
232.6623 	DATA 	Keypress: space
232.6651 	EXP 	unnamed TextStim: height = 25.0
232.6651 	EXP 	unnamed TextStim: height = 25.0
232.6651 	EXP 	unnamed TextStim: height = 25.0
232.6651 	EXP 	unnamed TextStim: text = 'm'
234.2765 	DATA 	Keypress: m
234.2778 	EXP 	unnamed TextStim: text = 'm'
235.6478 	DATA 	Keypress: m
235.6499 	EXP 	unnamed TextStim: height = 25.0
235.6499 	EXP 	unnamed TextStim: height = 25.0
235.6499 	EXP 	unnamed TextStim: height = 25.0
235.6499 	EXP 	unnamed TextStim: text = 'n'
237.3085 	DATA 	Keypress: z
237.3106 	EXP 	unnamed TextStim: height = 25.0
237.3106 	EXP 	unnamed TextStim: height = 25.0
237.3106 	EXP 	unnamed TextStim: height = 25.0
237.3106 	EXP 	unnamed TextStim: text = 'x'
238.9014 	DATA 	Keypress: z
238.9077 	EXP 	unnamed TextStim: height = 25.0
238.9077 	EXP 	unnamed TextStim: height = 25.0
238.9077 	EXP 	unnamed TextStim: height = 25.0
238.9077 	EXP 	unnamed TextStim: text = 'z'
240.4423 	DATA 	Keypress: z
240.4435 	EXP 	unnamed TextStim: text = 'z'
242.1672 	DATA 	Keypress: z
242.2911 	EXP 	Created unnamed ImageStim = ImageStim(__class__=<class 'psychopy.visual.image.ImageStim'>, anchor=('center', 'center'), autoLog=True, color=array([1., 1., 1.]), colorSpace='rgb', contrast=1.0, depth=0, flipHoriz=False, flipVert=False, image='break.jpg', interpolate=True, mask=None, maskParams=None, name='unnamed ImageStim', opacity=1.0, ori=0.0, pos=array([0., 0.]), size=array([1536.,  864.]), texRes=128, units='pix', win=Window(...))
242.9811 	DATA 	Keypress: space
242.9975 	EXP 	unnamed TextStim: height = 25.0
242.9975 	EXP 	unnamed TextStim: height = 25.0
242.9975 	EXP 	unnamed TextStim: height = 25.0
242.9975 	EXP 	unnamed TextStim: text = 'm'
244.5026 	DATA 	Keypress: m
244.5037 	EXP 	unnamed TextStim: text = 'm'
245.9396 	DATA 	Keypress: m
245.9407 	EXP 	unnamed TextStim: text = 'm'
247.3901 	DATA 	Keypress: m
247.3923 	EXP 	unnamed TextStim: height = 25.0
247.3923 	EXP 	unnamed TextStim: height = 25.0
247.3923 	EXP 	unnamed TextStim: height = 25.0
247.3923 	EXP 	unnamed TextStim: text = 'n'
248.8853 	DATA 	Keypress: n
248.8875 	EXP 	unnamed TextStim: height = 25.0
248.8875 	EXP 	unnamed TextStim: height = 25.0
248.8875 	EXP 	unnamed TextStim: height = 25.0
248.8875 	EXP 	unnamed TextStim: text = 'm'
250.3312 	DATA 	Keypress: m
250.3333 	EXP 	unnamed TextStim: height = 25.0
250.3333 	EXP 	unnamed TextStim: height = 25.0
250.3333 	EXP 	unnamed TextStim: height = 25.0
250.3333 	EXP 	unnamed TextStim: text = 'z'
251.8901 	DATA 	Keypress: z
252.0196 	EXP 	Created unnamed ImageStim = ImageStim(__class__=<class 'psychopy.visual.image.ImageStim'>, anchor=('center', 'center'), autoLog=True, color=array([1., 1., 1.]), colorSpace='rgb', contrast=1.0, depth=0, flipHoriz=False, flipVert=False, image='break.jpg', interpolate=True, mask=None, maskParams=None, name='unnamed ImageStim', opacity=1.0, ori=0.0, pos=array([0., 0.]), size=array([1536.,  864.]), texRes=128, units='pix', win=Window(...))
253.0826 	DATA 	Keypress: space
253.1017 	EXP 	Created unnamed TextStim = TextStim(__class__=<class 'psychopy.visual.text.TextStim'>, alignHoriz=method-wrapper(...), alignText='center', alignVert=method-wrapper(...), anchorHoriz='center', anchorVert='center', antialias=True, autoDraw=False, autoLog=True, bold=False, color=array([-1, -1, -1]), colorSpace='rgb', contrast=1.0, depth=0, flipHoriz=False, flipVert=False, font='', fontFiles=[], height=20.0, italic=False, languageStyle='LTR', name='unnamed TextStim', opacity=1.0, ori=0.0, pos=array([0., 0.]), rgb=UNKNOWN, text=str(...), units='pix', win=Window(...), wrapWidth=1536)
254.4369 	DATA 	Keypress: return
254.5216 	EXP 	window1: mouseVisible = True
