9.9089 	WARNING 	User requested fullscreen with size [1536  864], but screen is actually [1920, 1080]. Using actual size
11.4305 	INFO 	FRAME RATE: 60
11.4306 	INFO 	SCREEN RES: odict_values([1536, 864])
11.4890 	EXP 	Created unnamed TextStim = TextStim(__class__=<class 'psychopy.visual.text.TextStim'>, alignHoriz=method-wrapper(...), alignText='center', alignVert=method-wrapper(...), anchorHoriz='center', anchorVert='center', antialias=True, autoDraw=False, autoLog=True, bold=False, color=array([-1, -1, -1]), colorSpace='rgb', contrast=1.0, depth=0, flipHoriz=False, flipVert=False, font='', fontFiles=[], height=100.0, italic=False, languageStyle='LTR', name='unnamed TextStim', opacity=1.0, ori=0.0, pos=array([0., 0.]), rgb=UNKNOWN, text='+', units='pix', win=Window(...), wrapWidth=500)
11.4930 	EXP 	Created unnamed Circle = Circle(__class__=<class 'psychopy.visual.circle.Circle'>, anchor=('center', 'center'), autoDraw=False, autoLog=True, closeShape=True, color=method-wrapper(...), colorSpace='rgb', contrast=None, depth=0, fillColor=array([ 0.09019608, -1.        , -1.        ]), fillColorSpace='rgb', fillRGB=array([ 0.09019608, -1.        , -1.        ]), interpolate=True, lineColor=array([ 0.09019608, -1.        , -1.        ]), lineColorSpace='rgb', lineRGB=array([ 0.09019608, -1.        , -1.        ]), lineWidth=1.5, name='unnamed Circle', opacity=1.0, ori=0.0, pos=array([0., 0.]), size=array([1., 1.]), units='pix', vertices=ndarray(...), win=Window(...))
11.4941 	EXP 	Created unnamed TextStim = TextStim(__class__=<class 'psychopy.visual.text.TextStim'>, alignHoriz=method-wrapper(...), alignText='center', alignVert=method-wrapper(...), anchorHoriz='center', anchorVert='center', antialias=True, autoDraw=False, autoLog=True, bold=False, color=array([-0.17647059, -0.17647059, -0.17647059]), colorSpace='rgb', contrast=1.0, depth=0, flipHoriz=False, flipVert=False, font='', fontFiles=[], height=25, italic=False, languageStyle='LTR', name='unnamed TextStim', opacity=1.0, ori=0.0, pos=array([0., 0.]), rgb=UNKNOWN, text='', units='pix', win=Window(...), wrapWidth=500)
11.5015 	EXP 	Created unnamed ImageStim = ImageStim(__class__=<class 'psychopy.visual.image.ImageStim'>, anchor=('center', 'center'), autoLog=True, color=array([1., 1., 1.]), colorSpace='rgb', contrast=1.0, depth=0, flipHoriz=False, flipVert=False, image='mask4.png', interpolate=False, mask=None, maskParams=None, name='unnamed ImageStim', opacity=1.0, ori=0.0, pos=array([0., 0.]), size=array([25., 25.]), texRes=128, units='pix', win=Window(...))
11.5091 	EXP 	Created unnamed TextStim = TextStim(__class__=<class 'psychopy.visual.text.TextStim'>, alignHoriz=method-wrapper(...), alignText='center', alignVert=method-wrapper(...), anchorHoriz='center', anchorVert='center', antialias=True, autoDraw=False, autoLog=True, bold=False, color=array([-1, -1, -1]), colorSpace='rgb', contrast=1.0, depth=0, flipHoriz=False, flipVert=False, font='', fontFiles=[], height=30.0, italic=False, languageStyle='LTR', name='unnamed TextStim', opacity=1.0, ori=0.0, pos=array([ 100., -300.]), rgb=UNKNOWN, text=str(...), units='pix', win=Window(...), wrapWidth=10000)
11.5137 	EXP 	Created unnamed TextStim = TextStim(__class__=<class 'psychopy.visual.text.TextStim'>, alignHoriz=method-wrapper(...), alignText='center', alignVert=method-wrapper(...), anchorHoriz='center', anchorVert='center', antialias=True, autoDraw=False, autoLog=True, bold=False, color=array([-1, -1, -1]), colorSpace='rgb', contrast=1.0, depth=0, flipHoriz=False, flipVert=False, font='', fontFiles=[], height=30.0, italic=False, languageStyle='LTR', name='unnamed TextStim', opacity=1.0, ori=0.0, pos=array([ 100., -330.]), rgb=UNKNOWN, text=str(...), units='pix', win=Window(...), wrapWidth=10000)
11.5525 	EXP 	Created unnamed TextStim = TextStim(__class__=<class 'psychopy.visual.text.TextStim'>, alignHoriz=method-wrapper(...), alignText='center', alignVert=method-wrapper(...), anchorHoriz='center', anchorVert='center', antialias=True, autoDraw=False, autoLog=True, bold=False, color=array([-1, -1, -1]), colorSpace='rgb', contrast=1.0, depth=0, flipHoriz=False, flipVert=False, font='', fontFiles=[], height=20.0, italic=False, languageStyle='LTR', name='unnamed TextStim', opacity=1.0, ori=0.0, pos=array([0., 0.]), rgb=UNKNOWN, text=str(...), units='pix', win=Window(...), wrapWidth=1536)
30.7710 	DATA 	Keypress: space
30.7797 	EXP 	unnamed TextStim: height = 25.0
30.7797 	EXP 	unnamed TextStim: height = 25.0
30.7797 	EXP 	unnamed TextStim: height = 25.0
30.7797 	EXP 	unnamed TextStim: text = 'n'
33.4681 	DATA 	Keypress: n
33.4766 	EXP 	Created unnamed TextStim = TextStim(__class__=<class 'psychopy.visual.text.TextStim'>, alignHoriz=method-wrapper(...), alignText='center', alignVert=method-wrapper(...), anchorHoriz='center', anchorVert='center', antialias=True, autoDraw=False, autoLog=True, bold=False, color=array([-1, -1, -1]), colorSpace='rgb', contrast=1.0, depth=0, flipHoriz=False, flipVert=False, font='', fontFiles=[], height=50.0, italic=False, languageStyle='LTR', name='unnamed TextStim', opacity=1.0, ori=0.0, pos=array([0., 0.]), rgb=UNKNOWN, text='Poprawnie', units='pix', win=Window(...), wrapWidth=500)
34.4799 	EXP 	unnamed TextStim: text = 'n'
36.0703 	DATA 	Keypress: n
36.0723 	EXP 	Created unnamed TextStim = TextStim(__class__=<class 'psychopy.visual.text.TextStim'>, alignHoriz=method-wrapper(...), alignText='center', alignVert=method-wrapper(...), anchorHoriz='center', anchorVert='center', antialias=True, autoDraw=False, autoLog=True, bold=False, color=array([-1, -1, -1]), colorSpace='rgb', contrast=1.0, depth=0, flipHoriz=False, flipVert=False, font='', fontFiles=[], height=50.0, italic=False, languageStyle='LTR', name='unnamed TextStim', opacity=1.0, ori=0.0, pos=array([0., 0.]), rgb=UNKNOWN, text='Poprawnie', units='pix', win=Window(...), wrapWidth=500)
37.0802 	EXP 	unnamed TextStim: height = 25.0
37.0802 	EXP 	unnamed TextStim: height = 25.0
37.0802 	EXP 	unnamed TextStim: height = 25.0
37.0802 	EXP 	unnamed TextStim: text = 'm'
38.4474 	DATA 	Keypress: m
38.4524 	EXP 	Created unnamed TextStim = TextStim(__class__=<class 'psychopy.visual.text.TextStim'>, alignHoriz=method-wrapper(...), alignText='center', alignVert=method-wrapper(...), anchorHoriz='center', anchorVert='center', antialias=True, autoDraw=False, autoLog=True, bold=False, color=array([-1, -1, -1]), colorSpace='rgb', contrast=1.0, depth=0, flipHoriz=False, flipVert=False, font='', fontFiles=[], height=50.0, italic=False, languageStyle='LTR', name='unnamed TextStim', opacity=1.0, ori=0.0, pos=array([0., 0.]), rgb=UNKNOWN, text='Poprawnie', units='pix', win=Window(...), wrapWidth=500)
39.4804 	EXP 	unnamed TextStim: height = 25.0
39.4804 	EXP 	unnamed TextStim: height = 25.0
39.4804 	EXP 	unnamed TextStim: height = 25.0
39.4804 	EXP 	unnamed TextStim: text = 'z'
40.8643 	DATA 	Keypress: z
40.8699 	EXP 	Created unnamed TextStim = TextStim(__class__=<class 'psychopy.visual.text.TextStim'>, alignHoriz=method-wrapper(...), alignText='center', alignVert=method-wrapper(...), anchorHoriz='center', anchorVert='center', antialias=True, autoDraw=False, autoLog=True, bold=False, color=array([-1, -1, -1]), colorSpace='rgb', contrast=1.0, depth=0, flipHoriz=False, flipVert=False, font='', fontFiles=[], height=50.0, italic=False, languageStyle='LTR', name='unnamed TextStim', opacity=1.0, ori=0.0, pos=array([0., 0.]), rgb=UNKNOWN, text='Poprawnie', units='pix', win=Window(...), wrapWidth=500)
41.8971 	EXP 	unnamed TextStim: text = 'z'
43.0816 	DATA 	Keypress: z
43.1850 	EXP 	Created unnamed TextStim = TextStim(__class__=<class 'psychopy.visual.text.TextStim'>, alignHoriz=method-wrapper(...), alignText='center', alignVert=method-wrapper(...), anchorHoriz='center', anchorVert='center', antialias=True, autoDraw=False, autoLog=True, bold=False, color=array([-1, -1, -1]), colorSpace='rgb', contrast=1.0, depth=0, flipHoriz=False, flipVert=False, font='', fontFiles=[], height=50.0, italic=False, languageStyle='LTR', name='unnamed TextStim', opacity=1.0, ori=0.0, pos=array([0., 0.]), rgb=UNKNOWN, text='Poprawnie', units='pix', win=Window(...), wrapWidth=500)
44.2136 	EXP 	unnamed TextStim: height = 25.0
44.2136 	EXP 	unnamed TextStim: height = 25.0
44.2136 	EXP 	unnamed TextStim: height = 25.0
44.2136 	EXP 	unnamed TextStim: text = 'n'
45.6145 	DATA 	Keypress: n
45.6194 	EXP 	Created unnamed TextStim = TextStim(__class__=<class 'psychopy.visual.text.TextStim'>, alignHoriz=method-wrapper(...), alignText='center', alignVert=method-wrapper(...), anchorHoriz='center', anchorVert='center', antialias=True, autoDraw=False, autoLog=True, bold=False, color=array([-1, -1, -1]), colorSpace='rgb', contrast=1.0, depth=0, flipHoriz=False, flipVert=False, font='', fontFiles=[], height=50.0, italic=False, languageStyle='LTR', name='unnamed TextStim', opacity=1.0, ori=0.0, pos=array([0., 0.]), rgb=UNKNOWN, text='Poprawnie', units='pix', win=Window(...), wrapWidth=500)
46.6472 	EXP 	unnamed TextStim: height = 25.0
46.6472 	EXP 	unnamed TextStim: height = 25.0
46.6472 	EXP 	unnamed TextStim: height = 25.0
46.6472 	EXP 	unnamed TextStim: text = 'z'
48.0991 	DATA 	Keypress: z
49.1966 	DATA 	Keypress: z
49.1991 	EXP 	Created unnamed TextStim = TextStim(__class__=<class 'psychopy.visual.text.TextStim'>, alignHoriz=method-wrapper(...), alignText='center', alignVert=method-wrapper(...), anchorHoriz='center', anchorVert='center', antialias=True, autoDraw=False, autoLog=True, bold=False, color=array([-1, -1, -1]), colorSpace='rgb', contrast=1.0, depth=0, flipHoriz=False, flipVert=False, font='', fontFiles=[], height=50.0, italic=False, languageStyle='LTR', name='unnamed TextStim', opacity=1.0, ori=0.0, pos=array([0., 0.]), rgb=UNKNOWN, text='Poprawnie', units='pix', win=Window(...), wrapWidth=500)
50.2138 	EXP 	unnamed TextStim: height = 25.0
50.2138 	EXP 	unnamed TextStim: height = 25.0
50.2138 	EXP 	unnamed TextStim: height = 25.0
50.2138 	EXP 	unnamed TextStim: text = 'x'
51.6480 	DATA 	Keypress: n
51.6535 	EXP 	Created unnamed TextStim = TextStim(__class__=<class 'psychopy.visual.text.TextStim'>, alignHoriz=method-wrapper(...), alignText='center', alignVert=method-wrapper(...), anchorHoriz='center', anchorVert='center', antialias=True, autoDraw=False, autoLog=True, bold=False, color=array([-1, -1, -1]), colorSpace='rgb', contrast=1.0, depth=0, flipHoriz=False, flipVert=False, font='', fontFiles=[], height=50.0, italic=False, languageStyle='LTR', name='unnamed TextStim', opacity=1.0, ori=0.0, pos=array([0., 0.]), rgb=UNKNOWN, text='Niepoprawnie', units='pix', win=Window(...), wrapWidth=500)
52.6804 	EXP 	unnamed TextStim: height = 25.0
52.6804 	EXP 	unnamed TextStim: height = 25.0
52.6804 	EXP 	unnamed TextStim: height = 25.0
52.6804 	EXP 	unnamed TextStim: text = 'm'
54.4189 	DATA 	Keypress: m
54.4211 	EXP 	Created unnamed TextStim = TextStim(__class__=<class 'psychopy.visual.text.TextStim'>, alignHoriz=method-wrapper(...), alignText='center', alignVert=method-wrapper(...), anchorHoriz='center', anchorVert='center', antialias=True, autoDraw=False, autoLog=True, bold=False, color=array([-1, -1, -1]), colorSpace='rgb', contrast=1.0, depth=0, flipHoriz=False, flipVert=False, font='', fontFiles=[], height=50.0, italic=False, languageStyle='LTR', name='unnamed TextStim', opacity=1.0, ori=0.0, pos=array([0., 0.]), rgb=UNKNOWN, text='Poprawnie', units='pix', win=Window(...), wrapWidth=500)
55.4309 	EXP 	unnamed TextStim: height = 25.0
55.4309 	EXP 	unnamed TextStim: height = 25.0
55.4309 	EXP 	unnamed TextStim: height = 25.0
55.4309 	EXP 	unnamed TextStim: text = 'n'
56.8828 	DATA 	Keypress: n
58.3980 	DATA 	No keypress (maxWait exceeded)
58.4004 	EXP 	Created unnamed TextStim = TextStim(__class__=<class 'psychopy.visual.text.TextStim'>, alignHoriz=method-wrapper(...), alignText='center', alignVert=method-wrapper(...), anchorHoriz='center', anchorVert='center', antialias=True, autoDraw=False, autoLog=True, bold=False, color=array([-1, -1, -1]), colorSpace='rgb', contrast=1.0, depth=0, flipHoriz=False, flipVert=False, font='', fontFiles=[], height=50.0, italic=False, languageStyle='LTR', name='unnamed TextStim', opacity=1.0, ori=0.0, pos=array([0., 0.]), rgb=UNKNOWN, text='Niepoprawnie', units='pix', win=Window(...), wrapWidth=500)
59.4144 	EXP 	unnamed TextStim: height = 25.0
59.4144 	EXP 	unnamed TextStim: height = 25.0
59.4144 	EXP 	unnamed TextStim: height = 25.0
59.4144 	EXP 	unnamed TextStim: text = 'x'
60.9624 	DATA 	Keypress: x
60.9648 	EXP 	Created unnamed TextStim = TextStim(__class__=<class 'psychopy.visual.text.TextStim'>, alignHoriz=method-wrapper(...), alignText='center', alignVert=method-wrapper(...), anchorHoriz='center', anchorVert='center', antialias=True, autoDraw=False, autoLog=True, bold=False, color=array([-1, -1, -1]), colorSpace='rgb', contrast=1.0, depth=0, flipHoriz=False, flipVert=False, font='', fontFiles=[], height=50.0, italic=False, languageStyle='LTR', name='unnamed TextStim', opacity=1.0, ori=0.0, pos=array([0., 0.]), rgb=UNKNOWN, text='Poprawnie', units='pix', win=Window(...), wrapWidth=500)
61.9812 	EXP 	unnamed TextStim: height = 25.0
61.9812 	EXP 	unnamed TextStim: height = 25.0
61.9812 	EXP 	unnamed TextStim: height = 25.0
61.9812 	EXP 	unnamed TextStim: text = 'n'
63.6632 	DATA 	Keypress: n
63.6658 	EXP 	Created unnamed TextStim = TextStim(__class__=<class 'psychopy.visual.text.TextStim'>, alignHoriz=method-wrapper(...), alignText='center', alignVert=method-wrapper(...), anchorHoriz='center', anchorVert='center', antialias=True, autoDraw=False, autoLog=True, bold=False, color=array([-1, -1, -1]), colorSpace='rgb', contrast=1.0, depth=0, flipHoriz=False, flipVert=False, font='', fontFiles=[], height=50.0, italic=False, languageStyle='LTR', name='unnamed TextStim', opacity=1.0, ori=0.0, pos=array([0., 0.]), rgb=UNKNOWN, text='Poprawnie', units='pix', win=Window(...), wrapWidth=500)
64.6812 	EXP 	unnamed TextStim: height = 25.0
64.6812 	EXP 	unnamed TextStim: height = 25.0
64.6812 	EXP 	unnamed TextStim: height = 25.0
64.6812 	EXP 	unnamed TextStim: text = 'm'
66.3795 	DATA 	Keypress: m
66.3816 	EXP 	Created unnamed TextStim = TextStim(__class__=<class 'psychopy.visual.text.TextStim'>, alignHoriz=method-wrapper(...), alignText='center', alignVert=method-wrapper(...), anchorHoriz='center', anchorVert='center', antialias=True, autoDraw=False, autoLog=True, bold=False, color=array([-1, -1, -1]), colorSpace='rgb', contrast=1.0, depth=0, flipHoriz=False, flipVert=False, font='', fontFiles=[], height=50.0, italic=False, languageStyle='LTR', name='unnamed TextStim', opacity=1.0, ori=0.0, pos=array([0., 0.]), rgb=UNKNOWN, text='Poprawnie', units='pix', win=Window(...), wrapWidth=500)
67.3980 	EXP 	unnamed TextStim: height = 25.0
67.3980 	EXP 	unnamed TextStim: height = 25.0
67.3980 	EXP 	unnamed TextStim: height = 25.0
67.3980 	EXP 	unnamed TextStim: text = 'z'
69.0175 	DATA 	Keypress: z
69.0202 	EXP 	Created unnamed TextStim = TextStim(__class__=<class 'psychopy.visual.text.TextStim'>, alignHoriz=method-wrapper(...), alignText='center', alignVert=method-wrapper(...), anchorHoriz='center', anchorVert='center', antialias=True, autoDraw=False, autoLog=True, bold=False, color=array([-1, -1, -1]), colorSpace='rgb', contrast=1.0, depth=0, flipHoriz=False, flipVert=False, font='', fontFiles=[], height=50.0, italic=False, languageStyle='LTR', name='unnamed TextStim', opacity=1.0, ori=0.0, pos=array([0., 0.]), rgb=UNKNOWN, text='Poprawnie', units='pix', win=Window(...), wrapWidth=500)
70.0314 	EXP 	unnamed TextStim: height = 25.0
70.0314 	EXP 	unnamed TextStim: height = 25.0
70.0314 	EXP 	unnamed TextStim: height = 25.0
70.0314 	EXP 	unnamed TextStim: text = 'm'
71.4325 	DATA 	Keypress: m
71.4535 	EXP 	Created unnamed TextStim = TextStim(__class__=<class 'psychopy.visual.text.TextStim'>, alignHoriz=method-wrapper(...), alignText='center', alignVert=method-wrapper(...), anchorHoriz='center', anchorVert='center', antialias=True, autoDraw=False, autoLog=True, bold=False, color=array([-1, -1, -1]), colorSpace='rgb', contrast=1.0, depth=0, flipHoriz=False, flipVert=False, font='', fontFiles=[], height=50.0, italic=False, languageStyle='LTR', name='unnamed TextStim', opacity=1.0, ori=0.0, pos=array([0., 0.]), rgb=UNKNOWN, text='Poprawnie', units='pix', win=Window(...), wrapWidth=500)
72.4944 	EXP 	Created unnamed TextStim = TextStim(__class__=<class 'psychopy.visual.text.TextStim'>, alignHoriz=method-wrapper(...), alignText='center', alignVert=method-wrapper(...), anchorHoriz='center', anchorVert='center', antialias=True, autoDraw=False, autoLog=True, bold=False, color=array([-1, -1, -1]), colorSpace='rgb', contrast=1.0, depth=0, flipHoriz=False, flipVert=False, font='', fontFiles=[], height=20.0, italic=False, languageStyle='LTR', name='unnamed TextStim', opacity=1.0, ori=0.0, pos=array([0., 0.]), rgb=UNKNOWN, text=str(...), units='pix', win=Window(...), wrapWidth=1536)
76.2802 	DATA 	Keypress: space
76.2818 	EXP 	unnamed TextStim: text = 'm'
77.9285 	DATA 	Keypress: m
77.9358 	EXP 	Created unnamed TextStim = TextStim(__class__=<class 'psychopy.visual.text.TextStim'>, alignHoriz=method-wrapper(...), alignText='center', alignVert=method-wrapper(...), anchorHoriz='center', anchorVert='center', antialias=True, autoDraw=False, autoLog=True, bold=False, color=array([-1, -1, -1]), colorSpace='rgb', contrast=1.0, depth=0, flipHoriz=False, flipVert=False, font='', fontFiles=[], height=50.0, italic=False, languageStyle='LTR', name='unnamed TextStim', opacity=1.0, ori=0.0, pos=array([0., 0.]), rgb=UNKNOWN, text='Poprawnie', units='pix', win=Window(...), wrapWidth=500)
78.9484 	EXP 	unnamed TextStim: height = 25.0
78.9484 	EXP 	unnamed TextStim: height = 25.0
78.9484 	EXP 	unnamed TextStim: height = 25.0
78.9484 	EXP 	unnamed TextStim: text = 'z'
80.8509 	DATA 	Keypress: z
80.8537 	EXP 	Created unnamed TextStim = TextStim(__class__=<class 'psychopy.visual.text.TextStim'>, alignHoriz=method-wrapper(...), alignText='center', alignVert=method-wrapper(...), anchorHoriz='center', anchorVert='center', antialias=True, autoDraw=False, autoLog=True, bold=False, color=array([-1, -1, -1]), colorSpace='rgb', contrast=1.0, depth=0, flipHoriz=False, flipVert=False, font='', fontFiles=[], height=50.0, italic=False, languageStyle='LTR', name='unnamed TextStim', opacity=1.0, ori=0.0, pos=array([0., 0.]), rgb=UNKNOWN, text='Poprawnie', units='pix', win=Window(...), wrapWidth=500)
81.8652 	EXP 	unnamed TextStim: height = 25.0
81.8652 	EXP 	unnamed TextStim: height = 25.0
81.8652 	EXP 	unnamed TextStim: height = 25.0
81.8652 	EXP 	unnamed TextStim: text = 'm'
83.3061 	DATA 	Keypress: m
83.3081 	EXP 	Created unnamed TextStim = TextStim(__class__=<class 'psychopy.visual.text.TextStim'>, alignHoriz=method-wrapper(...), alignText='center', alignVert=method-wrapper(...), anchorHoriz='center', anchorVert='center', antialias=True, autoDraw=False, autoLog=True, bold=False, color=array([-1, -1, -1]), colorSpace='rgb', contrast=1.0, depth=0, flipHoriz=False, flipVert=False, font='', fontFiles=[], height=50.0, italic=False, languageStyle='LTR', name='unnamed TextStim', opacity=1.0, ori=0.0, pos=array([0., 0.]), rgb=UNKNOWN, text='Poprawnie', units='pix', win=Window(...), wrapWidth=500)
84.3152 	EXP 	unnamed TextStim: height = 25.0
84.3152 	EXP 	unnamed TextStim: height = 25.0
84.3152 	EXP 	unnamed TextStim: height = 25.0
84.3152 	EXP 	unnamed TextStim: text = 'z'
86.1176 	DATA 	Keypress: z
86.1197 	EXP 	Created unnamed TextStim = TextStim(__class__=<class 'psychopy.visual.text.TextStim'>, alignHoriz=method-wrapper(...), alignText='center', alignVert=method-wrapper(...), anchorHoriz='center', anchorVert='center', antialias=True, autoDraw=False, autoLog=True, bold=False, color=array([-1, -1, -1]), colorSpace='rgb', contrast=1.0, depth=0, flipHoriz=False, flipVert=False, font='', fontFiles=[], height=50.0, italic=False, languageStyle='LTR', name='unnamed TextStim', opacity=1.0, ori=0.0, pos=array([0., 0.]), rgb=UNKNOWN, text='Poprawnie', units='pix', win=Window(...), wrapWidth=500)
87.1320 	EXP 	unnamed TextStim: height = 25.0
87.1320 	EXP 	unnamed TextStim: height = 25.0
87.1320 	EXP 	unnamed TextStim: height = 25.0
87.1320 	EXP 	unnamed TextStim: text = 'm'
89.4444 	DATA 	Keypress: n
89.4474 	EXP 	Created unnamed TextStim = TextStim(__class__=<class 'psychopy.visual.text.TextStim'>, alignHoriz=method-wrapper(...), alignText='center', alignVert=method-wrapper(...), anchorHoriz='center', anchorVert='center', antialias=True, autoDraw=False, autoLog=True, bold=False, color=array([-1, -1, -1]), colorSpace='rgb', contrast=1.0, depth=0, flipHoriz=False, flipVert=False, font='', fontFiles=[], height=50.0, italic=False, languageStyle='LTR', name='unnamed TextStim', opacity=1.0, ori=0.0, pos=array([0., 0.]), rgb=UNKNOWN, text='Niepoprawnie', units='pix', win=Window(...), wrapWidth=500)
90.4656 	EXP 	unnamed TextStim: height = 25.0
90.4656 	EXP 	unnamed TextStim: height = 25.0
90.4656 	EXP 	unnamed TextStim: height = 25.0
90.4656 	EXP 	unnamed TextStim: text = 'x'
92.5898 	DATA 	Keypress: z
92.5924 	EXP 	Created unnamed TextStim = TextStim(__class__=<class 'psychopy.visual.text.TextStim'>, alignHoriz=method-wrapper(...), alignText='center', alignVert=method-wrapper(...), anchorHoriz='center', anchorVert='center', antialias=True, autoDraw=False, autoLog=True, bold=False, color=array([-1, -1, -1]), colorSpace='rgb', contrast=1.0, depth=0, flipHoriz=False, flipVert=False, font='', fontFiles=[], height=50.0, italic=False, languageStyle='LTR', name='unnamed TextStim', opacity=1.0, ori=0.0, pos=array([0., 0.]), rgb=UNKNOWN, text='Niepoprawnie', units='pix', win=Window(...), wrapWidth=500)
93.5990 	EXP 	unnamed TextStim: height = 25.0
93.5990 	EXP 	unnamed TextStim: height = 25.0
93.5990 	EXP 	unnamed TextStim: height = 25.0
93.5990 	EXP 	unnamed TextStim: text = 'm'
95.1911 	DATA 	Keypress: m
95.1931 	EXP 	Created unnamed TextStim = TextStim(__class__=<class 'psychopy.visual.text.TextStim'>, alignHoriz=method-wrapper(...), alignText='center', alignVert=method-wrapper(...), anchorHoriz='center', anchorVert='center', antialias=True, autoDraw=False, autoLog=True, bold=False, color=array([-1, -1, -1]), colorSpace='rgb', contrast=1.0, depth=0, flipHoriz=False, flipVert=False, font='', fontFiles=[], height=50.0, italic=False, languageStyle='LTR', name='unnamed TextStim', opacity=1.0, ori=0.0, pos=array([0., 0.]), rgb=UNKNOWN, text='Poprawnie', units='pix', win=Window(...), wrapWidth=500)
96.1990 	EXP 	unnamed TextStim: height = 25.0
96.1990 	EXP 	unnamed TextStim: height = 25.0
96.1990 	EXP 	unnamed TextStim: height = 25.0
96.1990 	EXP 	unnamed TextStim: text = 'z'
97.7311 	DATA 	Keypress: z
97.7337 	EXP 	Created unnamed TextStim = TextStim(__class__=<class 'psychopy.visual.text.TextStim'>, alignHoriz=method-wrapper(...), alignText='center', alignVert=method-wrapper(...), anchorHoriz='center', anchorVert='center', antialias=True, autoDraw=False, autoLog=True, bold=False, color=array([-1, -1, -1]), colorSpace='rgb', contrast=1.0, depth=0, flipHoriz=False, flipVert=False, font='', fontFiles=[], height=50.0, italic=False, languageStyle='LTR', name='unnamed TextStim', opacity=1.0, ori=0.0, pos=array([0., 0.]), rgb=UNKNOWN, text='Poprawnie', units='pix', win=Window(...), wrapWidth=500)
98.7491 	EXP 	unnamed TextStim: height = 25.0
98.7491 	EXP 	unnamed TextStim: height = 25.0
98.7491 	EXP 	unnamed TextStim: height = 25.0
98.7491 	EXP 	unnamed TextStim: text = 'n'
100.3602 	DATA 	Keypress: n
100.3623 	EXP 	Created unnamed TextStim = TextStim(__class__=<class 'psychopy.visual.text.TextStim'>, alignHoriz=method-wrapper(...), alignText='center', alignVert=method-wrapper(...), anchorHoriz='center', anchorVert='center', antialias=True, autoDraw=False, autoLog=True, bold=False, color=array([-1, -1, -1]), colorSpace='rgb', contrast=1.0, depth=0, flipHoriz=False, flipVert=False, font='', fontFiles=[], height=50.0, italic=False, languageStyle='LTR', name='unnamed TextStim', opacity=1.0, ori=0.0, pos=array([0., 0.]), rgb=UNKNOWN, text='Poprawnie', units='pix', win=Window(...), wrapWidth=500)
101.3659 	EXP 	unnamed TextStim: height = 25.0
101.3659 	EXP 	unnamed TextStim: height = 25.0
101.3659 	EXP 	unnamed TextStim: height = 25.0
101.3659 	EXP 	unnamed TextStim: text = 'x'
102.9237 	DATA 	Keypress: x
102.9263 	EXP 	Created unnamed TextStim = TextStim(__class__=<class 'psychopy.visual.text.TextStim'>, alignHoriz=method-wrapper(...), alignText='center', alignVert=method-wrapper(...), anchorHoriz='center', anchorVert='center', antialias=True, autoDraw=False, autoLog=True, bold=False, color=array([-1, -1, -1]), colorSpace='rgb', contrast=1.0, depth=0, flipHoriz=False, flipVert=False, font='', fontFiles=[], height=50.0, italic=False, languageStyle='LTR', name='unnamed TextStim', opacity=1.0, ori=0.0, pos=array([0., 0.]), rgb=UNKNOWN, text='Poprawnie', units='pix', win=Window(...), wrapWidth=500)
103.9527 	EXP 	Created unnamed TextStim = TextStim(__class__=<class 'psychopy.visual.text.TextStim'>, alignHoriz=method-wrapper(...), alignText='center', alignVert=method-wrapper(...), anchorHoriz='center', anchorVert='center', antialias=True, autoDraw=False, autoLog=True, bold=False, color=array([-1, -1, -1]), colorSpace='rgb', contrast=1.0, depth=0, flipHoriz=False, flipVert=False, font='', fontFiles=[], height=20.0, italic=False, languageStyle='LTR', name='unnamed TextStim', opacity=1.0, ori=0.0, pos=array([0., 0.]), rgb=UNKNOWN, text=str(...), units='pix', win=Window(...), wrapWidth=1536)
105.9198 	DATA 	Keypress: space
105.9328 	EXP 	unnamed TextStim: text = 'x'
107.8786 	DATA 	Keypress: x
107.8797 	EXP 	unnamed TextStim: text = 'x'
109.6265 	DATA 	Keypress: x
109.6296 	EXP 	unnamed TextStim: height = 25.0
109.6296 	EXP 	unnamed TextStim: height = 25.0
109.6296 	EXP 	unnamed TextStim: height = 25.0
109.6296 	EXP 	unnamed TextStim: text = 'm'
111.1452 	DATA 	Keypress: m
111.1477 	EXP 	unnamed TextStim: height = 25.0
111.1477 	EXP 	unnamed TextStim: height = 25.0
111.1477 	EXP 	unnamed TextStim: height = 25.0
111.1477 	EXP 	unnamed TextStim: text = 'x'
112.9784 	DATA 	Keypress: x
112.9811 	EXP 	unnamed TextStim: height = 25.0
112.9811 	EXP 	unnamed TextStim: height = 25.0
112.9811 	EXP 	unnamed TextStim: height = 25.0
112.9811 	EXP 	unnamed TextStim: text = 'z'
114.7675 	DATA 	Keypress: z
114.7697 	EXP 	unnamed TextStim: height = 25.0
114.7697 	EXP 	unnamed TextStim: height = 25.0
114.7697 	EXP 	unnamed TextStim: height = 25.0
114.7697 	EXP 	unnamed TextStim: text = 'x'
116.3874 	DATA 	Keypress: x
116.5331 	EXP 	Created unnamed ImageStim = ImageStim(__class__=<class 'psychopy.visual.image.ImageStim'>, anchor=('center', 'center'), autoLog=True, color=array([1., 1., 1.]), colorSpace='rgb', contrast=1.0, depth=0, flipHoriz=False, flipVert=False, image='break.jpg', interpolate=True, mask=None, maskParams=None, name='unnamed ImageStim', opacity=1.0, ori=0.0, pos=array([0., 0.]), size=array([1536.,  864.]), texRes=128, units='pix', win=Window(...))
117.8774 	DATA 	Keypress: space
117.8830 	EXP 	unnamed TextStim: height = 25.0
117.8830 	EXP 	unnamed TextStim: height = 25.0
117.8830 	EXP 	unnamed TextStim: height = 25.0
117.8830 	EXP 	unnamed TextStim: text = 'z'
120.0424 	DATA 	Keypress: z
120.0438 	EXP 	unnamed TextStim: text = 'z'
121.7542 	DATA 	Keypress: z
121.7554 	EXP 	unnamed TextStim: text = 'z'
123.4535 	DATA 	Keypress: z
123.4557 	EXP 	unnamed TextStim: height = 25.0
123.4557 	EXP 	unnamed TextStim: height = 25.0
123.4557 	EXP 	unnamed TextStim: height = 25.0
123.4557 	EXP 	unnamed TextStim: text = 'm'
125.5396 	DATA 	Keypress: m
125.5408 	EXP 	unnamed TextStim: text = 'm'
127.0889 	DATA 	Keypress: m
127.0911 	EXP 	unnamed TextStim: height = 25.0
127.0911 	EXP 	unnamed TextStim: height = 25.0
127.0911 	EXP 	unnamed TextStim: height = 25.0
127.0911 	EXP 	unnamed TextStim: text = 'z'
129.3023 	DATA 	Keypress: m
129.4289 	EXP 	Created unnamed ImageStim = ImageStim(__class__=<class 'psychopy.visual.image.ImageStim'>, anchor=('center', 'center'), autoLog=True, color=array([1., 1., 1.]), colorSpace='rgb', contrast=1.0, depth=0, flipHoriz=False, flipVert=False, image='break.jpg', interpolate=True, mask=None, maskParams=None, name='unnamed ImageStim', opacity=1.0, ori=0.0, pos=array([0., 0.]), size=array([1536.,  864.]), texRes=128, units='pix', win=Window(...))
130.7624 	DATA 	Keypress: space
130.7670 	EXP 	unnamed TextStim: height = 25.0
130.7670 	EXP 	unnamed TextStim: height = 25.0
130.7670 	EXP 	unnamed TextStim: height = 25.0
130.7670 	EXP 	unnamed TextStim: text = 'n'
132.4832 	DATA 	Keypress: n
132.4855 	EXP 	unnamed TextStim: height = 25.0
132.4855 	EXP 	unnamed TextStim: height = 25.0
132.4855 	EXP 	unnamed TextStim: height = 25.0
132.4855 	EXP 	unnamed TextStim: text = 'm'
134.2228 	DATA 	Keypress: m
134.2250 	EXP 	unnamed TextStim: height = 25.0
134.2250 	EXP 	unnamed TextStim: height = 25.0
134.2250 	EXP 	unnamed TextStim: height = 25.0
134.2250 	EXP 	unnamed TextStim: text = 'x'
136.0617 	DATA 	Keypress: z
136.0641 	EXP 	unnamed TextStim: height = 25.0
136.0641 	EXP 	unnamed TextStim: height = 25.0
136.0641 	EXP 	unnamed TextStim: height = 25.0
136.0641 	EXP 	unnamed TextStim: text = 'm'
138.1210 	DATA 	Keypress: x
138.1232 	EXP 	unnamed TextStim: height = 25.0
138.1232 	EXP 	unnamed TextStim: height = 25.0
138.1232 	EXP 	unnamed TextStim: height = 25.0
138.1232 	EXP 	unnamed TextStim: text = 'n'
139.7152 	DATA 	Keypress: n
139.7192 	EXP 	unnamed TextStim: height = 25.0
139.7192 	EXP 	unnamed TextStim: height = 25.0
139.7192 	EXP 	unnamed TextStim: height = 25.0
139.7192 	EXP 	unnamed TextStim: text = 'x'
141.4401 	DATA 	Keypress: z
141.5730 	EXP 	Created unnamed ImageStim = ImageStim(__class__=<class 'psychopy.visual.image.ImageStim'>, anchor=('center', 'center'), autoLog=True, color=array([1., 1., 1.]), colorSpace='rgb', contrast=1.0, depth=0, flipHoriz=False, flipVert=False, image='break.jpg', interpolate=True, mask=None, maskParams=None, name='unnamed ImageStim', opacity=1.0, ori=0.0, pos=array([0., 0.]), size=array([1536.,  864.]), texRes=128, units='pix', win=Window(...))
142.4724 	DATA 	Keypress: space
142.4840 	EXP 	unnamed TextStim: height = 25.0
142.4840 	EXP 	unnamed TextStim: height = 25.0
142.4840 	EXP 	unnamed TextStim: height = 25.0
142.4840 	EXP 	unnamed TextStim: text = 'm'
144.0144 	DATA 	Keypress: m
144.0167 	EXP 	unnamed TextStim: height = 25.0
144.0167 	EXP 	unnamed TextStim: height = 25.0
144.0167 	EXP 	unnamed TextStim: height = 25.0
144.0167 	EXP 	unnamed TextStim: text = 'n'
146.0328 	DATA 	Keypress: m
146.0339 	EXP 	unnamed TextStim: text = 'n'
148.0897 	DATA 	Keypress: n
148.0919 	EXP 	unnamed TextStim: height = 25.0
148.0919 	EXP 	unnamed TextStim: height = 25.0
148.0919 	EXP 	unnamed TextStim: height = 25.0
148.0919 	EXP 	unnamed TextStim: text = 'x'
149.9475 	DATA 	Keypress: x
149.9487 	EXP 	unnamed TextStim: text = 'x'
151.4531 	DATA 	Keypress: x
151.4554 	EXP 	unnamed TextStim: height = 25.0
151.4554 	EXP 	unnamed TextStim: height = 25.0
151.4554 	EXP 	unnamed TextStim: height = 25.0
151.4554 	EXP 	unnamed TextStim: text = 'm'
153.6674 	DATA 	Keypress: n
153.8088 	EXP 	Created unnamed ImageStim = ImageStim(__class__=<class 'psychopy.visual.image.ImageStim'>, anchor=('center', 'center'), autoLog=True, color=array([1., 1., 1.]), colorSpace='rgb', contrast=1.0, depth=0, flipHoriz=False, flipVert=False, image='break.jpg', interpolate=True, mask=None, maskParams=None, name='unnamed ImageStim', opacity=1.0, ori=0.0, pos=array([0., 0.]), size=array([1536.,  864.]), texRes=128, units='pix', win=Window(...))
154.7304 	DATA 	Keypress: space
154.7347 	EXP 	unnamed TextStim: height = 25.0
154.7347 	EXP 	unnamed TextStim: height = 25.0
154.7347 	EXP 	unnamed TextStim: height = 25.0
154.7347 	EXP 	unnamed TextStim: text = 'x'
156.7221 	DATA 	Keypress: n
156.7243 	EXP 	unnamed TextStim: height = 25.0
156.7243 	EXP 	unnamed TextStim: height = 25.0
156.7243 	EXP 	unnamed TextStim: height = 25.0
156.7243 	EXP 	unnamed TextStim: text = 'n'
158.4640 	DATA 	Keypress: m
158.4663 	EXP 	unnamed TextStim: height = 25.0
158.4663 	EXP 	unnamed TextStim: height = 25.0
158.4663 	EXP 	unnamed TextStim: height = 25.0
158.4663 	EXP 	unnamed TextStim: text = 'm'
159.9752 	DATA 	Keypress: m
159.9816 	EXP 	unnamed TextStim: height = 25.0
159.9816 	EXP 	unnamed TextStim: height = 25.0
159.9816 	EXP 	unnamed TextStim: height = 25.0
159.9816 	EXP 	unnamed TextStim: text = 'x'
161.6080 	DATA 	Keypress: x
161.6101 	EXP 	unnamed TextStim: height = 25.0
161.6101 	EXP 	unnamed TextStim: height = 25.0
161.6101 	EXP 	unnamed TextStim: height = 25.0
161.6101 	EXP 	unnamed TextStim: text = 'n'
163.3551 	DATA 	Keypress: x
163.3572 	EXP 	unnamed TextStim: height = 25.0
163.3572 	EXP 	unnamed TextStim: height = 25.0
163.3572 	EXP 	unnamed TextStim: height = 25.0
163.3572 	EXP 	unnamed TextStim: text = 'x'
164.8138 	DATA 	Keypress: x
164.9447 	EXP 	Created unnamed ImageStim = ImageStim(__class__=<class 'psychopy.visual.image.ImageStim'>, anchor=('center', 'center'), autoLog=True, color=array([1., 1., 1.]), colorSpace='rgb', contrast=1.0, depth=0, flipHoriz=False, flipVert=False, image='break.jpg', interpolate=True, mask=None, maskParams=None, name='unnamed ImageStim', opacity=1.0, ori=0.0, pos=array([0., 0.]), size=array([1536.,  864.]), texRes=128, units='pix', win=Window(...))
166.0426 	DATA 	Keypress: space
166.0517 	EXP 	unnamed TextStim: height = 25.0
166.0517 	EXP 	unnamed TextStim: height = 25.0
166.0517 	EXP 	unnamed TextStim: height = 25.0
166.0517 	EXP 	unnamed TextStim: text = 'z'
167.5644 	DATA 	Keypress: z
167.5666 	EXP 	unnamed TextStim: height = 25.0
167.5666 	EXP 	unnamed TextStim: height = 25.0
167.5666 	EXP 	unnamed TextStim: height = 25.0
167.5666 	EXP 	unnamed TextStim: text = 'n'
169.1870 	DATA 	Keypress: n
169.1891 	EXP 	unnamed TextStim: height = 25.0
169.1891 	EXP 	unnamed TextStim: height = 25.0
169.1891 	EXP 	unnamed TextStim: height = 25.0
169.1891 	EXP 	unnamed TextStim: text = 'm'
170.7127 	DATA 	Keypress: m
170.7139 	EXP 	unnamed TextStim: text = 'm'
172.6699 	DATA 	Keypress: n
172.6712 	EXP 	unnamed TextStim: text = 'm'
174.1186 	DATA 	Keypress: m
174.1217 	EXP 	unnamed TextStim: height = 25.0
174.1217 	EXP 	unnamed TextStim: height = 25.0
174.1217 	EXP 	unnamed TextStim: height = 25.0
174.1217 	EXP 	unnamed TextStim: text = 'n'
175.6950 	DATA 	Keypress: n
175.8120 	EXP 	Created unnamed ImageStim = ImageStim(__class__=<class 'psychopy.visual.image.ImageStim'>, anchor=('center', 'center'), autoLog=True, color=array([1., 1., 1.]), colorSpace='rgb', contrast=1.0, depth=0, flipHoriz=False, flipVert=False, image='break.jpg', interpolate=True, mask=None, maskParams=None, name='unnamed ImageStim', opacity=1.0, ori=0.0, pos=array([0., 0.]), size=array([1536.,  864.]), texRes=128, units='pix', win=Window(...))
176.6037 	DATA 	Keypress: space
176.6188 	EXP 	unnamed TextStim: text = 'n'
178.3139 	DATA 	Keypress: n
178.3160 	EXP 	unnamed TextStim: height = 25.0
178.3160 	EXP 	unnamed TextStim: height = 25.0
178.3160 	EXP 	unnamed TextStim: height = 25.0
178.3160 	EXP 	unnamed TextStim: text = 'z'
180.1574 	DATA 	Keypress: m
180.1624 	EXP 	unnamed TextStim: height = 25.0
180.1624 	EXP 	unnamed TextStim: height = 25.0
180.1624 	EXP 	unnamed TextStim: height = 25.0
180.1624 	EXP 	unnamed TextStim: text = 'n'
181.8606 	DATA 	Keypress: n
181.8628 	EXP 	unnamed TextStim: height = 25.0
181.8628 	EXP 	unnamed TextStim: height = 25.0
181.8628 	EXP 	unnamed TextStim: height = 25.0
181.8628 	EXP 	unnamed TextStim: text = 'x'
183.5479 	DATA 	Keypress: x
183.5501 	EXP 	unnamed TextStim: height = 25.0
183.5501 	EXP 	unnamed TextStim: height = 25.0
183.5501 	EXP 	unnamed TextStim: height = 25.0
183.5501 	EXP 	unnamed TextStim: text = 'm'
185.1904 	DATA 	Keypress: m
185.1926 	EXP 	unnamed TextStim: height = 25.0
185.1926 	EXP 	unnamed TextStim: height = 25.0
185.1926 	EXP 	unnamed TextStim: height = 25.0
185.1926 	EXP 	unnamed TextStim: text = 'n'
186.8975 	DATA 	Keypress: n
187.0267 	EXP 	Created unnamed ImageStim = ImageStim(__class__=<class 'psychopy.visual.image.ImageStim'>, anchor=('center', 'center'), autoLog=True, color=array([1., 1., 1.]), colorSpace='rgb', contrast=1.0, depth=0, flipHoriz=False, flipVert=False, image='break.jpg', interpolate=True, mask=None, maskParams=None, name='unnamed ImageStim', opacity=1.0, ori=0.0, pos=array([0., 0.]), size=array([1536.,  864.]), texRes=128, units='pix', win=Window(...))
187.8506 	DATA 	Keypress: space
187.8532 	EXP 	unnamed TextStim: height = 25.0
187.8532 	EXP 	unnamed TextStim: height = 25.0
187.8532 	EXP 	unnamed TextStim: height = 25.0
187.8532 	EXP 	unnamed TextStim: text = 'x'
189.3912 	DATA 	Keypress: x
189.3933 	EXP 	unnamed TextStim: height = 25.0
189.3933 	EXP 	unnamed TextStim: height = 25.0
189.3933 	EXP 	unnamed TextStim: height = 25.0
189.3933 	EXP 	unnamed TextStim: text = 'z'
191.1547 	DATA 	Keypress: n
191.1558 	EXP 	unnamed TextStim: text = 'z'
193.4588 	DATA 	Keypress: n
193.4609 	EXP 	unnamed TextStim: height = 25.0
193.4609 	EXP 	unnamed TextStim: height = 25.0
193.4609 	EXP 	unnamed TextStim: height = 25.0
193.4609 	EXP 	unnamed TextStim: text = 'x'
194.9418 	DATA 	Keypress: x
194.9439 	EXP 	unnamed TextStim: height = 25.0
194.9439 	EXP 	unnamed TextStim: height = 25.0
194.9439 	EXP 	unnamed TextStim: height = 25.0
194.9439 	EXP 	unnamed TextStim: text = 'z'
197.2814 	DATA 	Keypress: z
197.2829 	EXP 	unnamed TextStim: text = 'z'
198.8116 	DATA 	Keypress: z
198.9447 	EXP 	Created unnamed ImageStim = ImageStim(__class__=<class 'psychopy.visual.image.ImageStim'>, anchor=('center', 'center'), autoLog=True, color=array([1., 1., 1.]), colorSpace='rgb', contrast=1.0, depth=0, flipHoriz=False, flipVert=False, image='break.jpg', interpolate=True, mask=None, maskParams=None, name='unnamed ImageStim', opacity=1.0, ori=0.0, pos=array([0., 0.]), size=array([1536.,  864.]), texRes=128, units='pix', win=Window(...))
199.8141 	DATA 	Keypress: space
199.8194 	EXP 	unnamed TextStim: text = 'z'
201.3848 	DATA 	Keypress: z
201.3909 	EXP 	unnamed TextStim: height = 25.0
201.3909 	EXP 	unnamed TextStim: height = 25.0
201.3909 	EXP 	unnamed TextStim: height = 25.0
201.3909 	EXP 	unnamed TextStim: text = 'n'
203.0579 	DATA 	Keypress: n
203.0602 	EXP 	unnamed TextStim: height = 25.0
203.0602 	EXP 	unnamed TextStim: height = 25.0
203.0602 	EXP 	unnamed TextStim: height = 25.0
203.0602 	EXP 	unnamed TextStim: text = 'x'
204.5659 	DATA 	Keypress: x
204.5671 	EXP 	unnamed TextStim: text = 'x'
206.5727 	DATA 	Keypress: x
206.5747 	EXP 	unnamed TextStim: height = 25.0
206.5747 	EXP 	unnamed TextStim: height = 25.0
206.5747 	EXP 	unnamed TextStim: height = 25.0
206.5747 	EXP 	unnamed TextStim: text = 'z'
208.2234 	DATA 	Keypress: z
208.2247 	EXP 	unnamed TextStim: text = 'z'
210.1674 	DATA 	Keypress: z
210.2889 	EXP 	Created unnamed ImageStim = ImageStim(__class__=<class 'psychopy.visual.image.ImageStim'>, anchor=('center', 'center'), autoLog=True, color=array([1., 1., 1.]), colorSpace='rgb', contrast=1.0, depth=0, flipHoriz=False, flipVert=False, image='break.jpg', interpolate=True, mask=None, maskParams=None, name='unnamed ImageStim', opacity=1.0, ori=0.0, pos=array([0., 0.]), size=array([1536.,  864.]), texRes=128, units='pix', win=Window(...))
211.0537 	DATA 	Keypress: space
211.0701 	EXP 	unnamed TextStim: text = 'z'
212.8908 	DATA 	Keypress: z
212.8930 	EXP 	unnamed TextStim: height = 25.0
212.8930 	EXP 	unnamed TextStim: height = 25.0
212.8930 	EXP 	unnamed TextStim: height = 25.0
212.8930 	EXP 	unnamed TextStim: text = 'm'
214.5374 	DATA 	Keypress: n
214.5396 	EXP 	unnamed TextStim: height = 25.0
214.5396 	EXP 	unnamed TextStim: height = 25.0
214.5396 	EXP 	unnamed TextStim: height = 25.0
214.5396 	EXP 	unnamed TextStim: text = 'n'
215.9975 	DATA 	Keypress: n
215.9996 	EXP 	unnamed TextStim: height = 25.0
215.9996 	EXP 	unnamed TextStim: height = 25.0
215.9996 	EXP 	unnamed TextStim: height = 25.0
215.9996 	EXP 	unnamed TextStim: text = 'm'
218.2408 	DATA 	Keypress: x
218.2429 	EXP 	unnamed TextStim: height = 25.0
218.2429 	EXP 	unnamed TextStim: height = 25.0
218.2429 	EXP 	unnamed TextStim: height = 25.0
218.2429 	EXP 	unnamed TextStim: text = 'n'
219.8617 	DATA 	Keypress: n
219.8630 	EXP 	unnamed TextStim: text = 'n'
221.8588 	DATA 	Keypress: n
222.0069 	EXP 	Created unnamed ImageStim = ImageStim(__class__=<class 'psychopy.visual.image.ImageStim'>, anchor=('center', 'center'), autoLog=True, color=array([1., 1., 1.]), colorSpace='rgb', contrast=1.0, depth=0, flipHoriz=False, flipVert=False, image='break.jpg', interpolate=True, mask=None, maskParams=None, name='unnamed ImageStim', opacity=1.0, ori=0.0, pos=array([0., 0.]), size=array([1536.,  864.]), texRes=128, units='pix', win=Window(...))
222.6829 	DATA 	Keypress: space
222.6889 	EXP 	unnamed TextStim: height = 25.0
222.6889 	EXP 	unnamed TextStim: height = 25.0
222.6889 	EXP 	unnamed TextStim: height = 25.0
222.6889 	EXP 	unnamed TextStim: text = 'm'
224.7046 	DATA 	Keypress: n
224.7066 	EXP 	unnamed TextStim: height = 25.0
224.7066 	EXP 	unnamed TextStim: height = 25.0
224.7066 	EXP 	unnamed TextStim: height = 25.0
224.7066 	EXP 	unnamed TextStim: text = 'n'
226.5194 	DATA 	Keypress: x
226.5216 	EXP 	unnamed TextStim: height = 25.0
226.5216 	EXP 	unnamed TextStim: height = 25.0
226.5216 	EXP 	unnamed TextStim: height = 25.0
226.5216 	EXP 	unnamed TextStim: text = 'z'
228.5041 	DATA 	Keypress: z
228.5063 	EXP 	unnamed TextStim: height = 25.0
228.5063 	EXP 	unnamed TextStim: height = 25.0
228.5063 	EXP 	unnamed TextStim: height = 25.0
228.5063 	EXP 	unnamed TextStim: text = 'm'
230.3763 	DATA 	Keypress: n
230.3775 	EXP 	unnamed TextStim: text = 'm'
231.9262 	DATA 	Keypress: m
231.9273 	EXP 	unnamed TextStim: text = 'm'
233.6040 	DATA 	Keypress: m
233.7444 	EXP 	Created unnamed ImageStim = ImageStim(__class__=<class 'psychopy.visual.image.ImageStim'>, anchor=('center', 'center'), autoLog=True, color=array([1., 1., 1.]), colorSpace='rgb', contrast=1.0, depth=0, flipHoriz=False, flipVert=False, image='break.jpg', interpolate=True, mask=None, maskParams=None, name='unnamed ImageStim', opacity=1.0, ori=0.0, pos=array([0., 0.]), size=array([1536.,  864.]), texRes=128, units='pix', win=Window(...))
234.5862 	DATA 	Keypress: space
234.6005 	EXP 	Created unnamed TextStim = TextStim(__class__=<class 'psychopy.visual.text.TextStim'>, alignHoriz=method-wrapper(...), alignText='center', alignVert=method-wrapper(...), anchorHoriz='center', anchorVert='center', antialias=True, autoDraw=False, autoLog=True, bold=False, color=array([-1, -1, -1]), colorSpace='rgb', contrast=1.0, depth=0, flipHoriz=False, flipVert=False, font='', fontFiles=[], height=20.0, italic=False, languageStyle='LTR', name='unnamed TextStim', opacity=1.0, ori=0.0, pos=array([0., 0.]), rgb=UNKNOWN, text=str(...), units='pix', win=Window(...), wrapWidth=1536)
244.7054 	DATA 	Keypress: space
244.7961 	EXP 	window1: mouseVisible = True
