92.9381 	WARNING 	User requested fullscreen with size [1536  864], but screen is actually [1920, 1080]. Using actual size
94.4811 	INFO 	FRAME RATE: 60
94.4811 	INFO 	SCREEN RES: odict_values([1536, 864])
94.5315 	EXP 	Created unnamed TextStim = TextStim(__class__=<class 'psychopy.visual.text.TextStim'>, alignHoriz=method-wrapper(...), alignText='center', alignVert=method-wrapper(...), anchorHoriz='center', anchorVert='center', antialias=True, autoDraw=False, autoLog=True, bold=False, color=array([-1, -1, -1]), colorSpace='rgb', contrast=1.0, depth=0, flipHoriz=False, flipVert=False, font='', fontFiles=[], height=100.0, italic=False, languageStyle='LTR', name='unnamed TextStim', opacity=1.0, ori=0.0, pos=array([0., 0.]), rgb=UNKNOWN, text='+', units='pix', win=Window(...), wrapWidth=500)
94.5349 	EXP 	Created unnamed Circle = Circle(__class__=<class 'psychopy.visual.circle.Circle'>, anchor=('center', 'center'), autoDraw=False, autoLog=True, closeShape=True, color=method-wrapper(...), colorSpace='rgb', contrast=None, depth=0, fillColor=array([ 0.09019608, -1.        , -1.        ]), fillColorSpace='rgb', fillRGB=array([ 0.09019608, -1.        , -1.        ]), interpolate=True, lineColor=array([ 0.09019608, -1.        , -1.        ]), lineColorSpace='rgb', lineRGB=array([ 0.09019608, -1.        , -1.        ]), lineWidth=1.5, name='unnamed Circle', opacity=1.0, ori=0.0, pos=array([0., 0.]), size=array([1., 1.]), units='pix', vertices=ndarray(...), win=Window(...))
94.5356 	EXP 	Created unnamed TextStim = TextStim(__class__=<class 'psychopy.visual.text.TextStim'>, alignHoriz=method-wrapper(...), alignText='center', alignVert=method-wrapper(...), anchorHoriz='center', anchorVert='center', antialias=True, autoDraw=False, autoLog=True, bold=False, color=array([-0.17647059, -0.17647059, -0.17647059]), colorSpace='rgb', contrast=1.0, depth=0, flipHoriz=False, flipVert=False, font='', fontFiles=[], height=25, italic=False, languageStyle='LTR', name='unnamed TextStim', opacity=1.0, ori=0.0, pos=array([0., 0.]), rgb=UNKNOWN, text='', units='pix', win=Window(...), wrapWidth=500)
94.5462 	EXP 	Created unnamed ImageStim = ImageStim(__class__=<class 'psychopy.visual.image.ImageStim'>, anchor=('center', 'center'), autoLog=True, color=array([1., 1., 1.]), colorSpace='rgb', contrast=1.0, depth=0, flipHoriz=False, flipVert=False, image='mask4.png', interpolate=False, mask=None, maskParams=None, name='unnamed ImageStim', opacity=1.0, ori=0.0, pos=array([0., 0.]), size=array([25., 25.]), texRes=128, units='pix', win=Window(...))
94.5539 	EXP 	Created unnamed TextStim = TextStim(__class__=<class 'psychopy.visual.text.TextStim'>, alignHoriz=method-wrapper(...), alignText='center', alignVert=method-wrapper(...), anchorHoriz='center', anchorVert='center', antialias=True, autoDraw=False, autoLog=True, bold=False, color=array([-1, -1, -1]), colorSpace='rgb', contrast=1.0, depth=0, flipHoriz=False, flipVert=False, font='', fontFiles=[], height=30.0, italic=False, languageStyle='LTR', name='unnamed TextStim', opacity=1.0, ori=0.0, pos=array([ 100., -300.]), rgb=UNKNOWN, text=str(...), units='pix', win=Window(...), wrapWidth=10000)
94.5584 	EXP 	Created unnamed TextStim = TextStim(__class__=<class 'psychopy.visual.text.TextStim'>, alignHoriz=method-wrapper(...), alignText='center', alignVert=method-wrapper(...), anchorHoriz='center', anchorVert='center', antialias=True, autoDraw=False, autoLog=True, bold=False, color=array([-1, -1, -1]), colorSpace='rgb', contrast=1.0, depth=0, flipHoriz=False, flipVert=False, font='', fontFiles=[], height=30.0, italic=False, languageStyle='LTR', name='unnamed TextStim', opacity=1.0, ori=0.0, pos=array([ 100., -330.]), rgb=UNKNOWN, text=str(...), units='pix', win=Window(...), wrapWidth=10000)
94.5990 	EXP 	Created unnamed TextStim = TextStim(__class__=<class 'psychopy.visual.text.TextStim'>, alignHoriz=method-wrapper(...), alignText='center', alignVert=method-wrapper(...), anchorHoriz='center', anchorVert='center', antialias=True, autoDraw=False, autoLog=True, bold=False, color=array([-1, -1, -1]), colorSpace='rgb', contrast=1.0, depth=0, flipHoriz=False, flipVert=False, font='', fontFiles=[], height=20.0, italic=False, languageStyle='LTR', name='unnamed TextStim', opacity=1.0, ori=0.0, pos=array([0., 0.]), rgb=UNKNOWN, text=str(...), units='pix', win=Window(...), wrapWidth=1536)
106.8239 	DATA 	Keypress: space
106.8297 	EXP 	unnamed TextStim: height = 25.0
106.8297 	EXP 	unnamed TextStim: height = 25.0
106.8297 	EXP 	unnamed TextStim: height = 25.0
106.8297 	EXP 	unnamed TextStim: text = 'n'
108.9599 	DATA 	Keypress: n
108.9683 	EXP 	Created unnamed TextStim = TextStim(__class__=<class 'psychopy.visual.text.TextStim'>, alignHoriz=method-wrapper(...), alignText='center', alignVert=method-wrapper(...), anchorHoriz='center', anchorVert='center', antialias=True, autoDraw=False, autoLog=True, bold=False, color=array([-1, -1, -1]), colorSpace='rgb', contrast=1.0, depth=0, flipHoriz=False, flipVert=False, font='', fontFiles=[], height=50.0, italic=False, languageStyle='LTR', name='unnamed TextStim', opacity=1.0, ori=0.0, pos=array([0., 0.]), rgb=UNKNOWN, text='Poprawnie', units='pix', win=Window(...), wrapWidth=500)
109.9798 	EXP 	unnamed TextStim: height = 25.0
109.9798 	EXP 	unnamed TextStim: height = 25.0
109.9798 	EXP 	unnamed TextStim: height = 25.0
109.9798 	EXP 	unnamed TextStim: text = 'm'
111.6487 	DATA 	Keypress: m
111.6511 	EXP 	Created unnamed TextStim = TextStim(__class__=<class 'psychopy.visual.text.TextStim'>, alignHoriz=method-wrapper(...), alignText='center', alignVert=method-wrapper(...), anchorHoriz='center', anchorVert='center', antialias=True, autoDraw=False, autoLog=True, bold=False, color=array([-1, -1, -1]), colorSpace='rgb', contrast=1.0, depth=0, flipHoriz=False, flipVert=False, font='', fontFiles=[], height=50.0, italic=False, languageStyle='LTR', name='unnamed TextStim', opacity=1.0, ori=0.0, pos=array([0., 0.]), rgb=UNKNOWN, text='Poprawnie', units='pix', win=Window(...), wrapWidth=500)
112.6633 	EXP 	unnamed TextStim: text = 'm'
114.1756 	DATA 	Keypress: m
114.1777 	EXP 	Created unnamed TextStim = TextStim(__class__=<class 'psychopy.visual.text.TextStim'>, alignHoriz=method-wrapper(...), alignText='center', alignVert=method-wrapper(...), anchorHoriz='center', anchorVert='center', antialias=True, autoDraw=False, autoLog=True, bold=False, color=array([-1, -1, -1]), colorSpace='rgb', contrast=1.0, depth=0, flipHoriz=False, flipVert=False, font='', fontFiles=[], height=50.0, italic=False, languageStyle='LTR', name='unnamed TextStim', opacity=1.0, ori=0.0, pos=array([0., 0.]), rgb=UNKNOWN, text='Poprawnie', units='pix', win=Window(...), wrapWidth=500)
115.1802 	EXP 	unnamed TextStim: text = 'm'
116.5976 	DATA 	Keypress: m
116.6029 	EXP 	Created unnamed TextStim = TextStim(__class__=<class 'psychopy.visual.text.TextStim'>, alignHoriz=method-wrapper(...), alignText='center', alignVert=method-wrapper(...), anchorHoriz='center', anchorVert='center', antialias=True, autoDraw=False, autoLog=True, bold=False, color=array([-1, -1, -1]), colorSpace='rgb', contrast=1.0, depth=0, flipHoriz=False, flipVert=False, font='', fontFiles=[], height=50.0, italic=False, languageStyle='LTR', name='unnamed TextStim', opacity=1.0, ori=0.0, pos=array([0., 0.]), rgb=UNKNOWN, text='Poprawnie', units='pix', win=Window(...), wrapWidth=500)
117.6303 	EXP 	unnamed TextStim: height = 25.0
117.6303 	EXP 	unnamed TextStim: height = 25.0
117.6303 	EXP 	unnamed TextStim: height = 25.0
117.6303 	EXP 	unnamed TextStim: text = 'x'
119.5821 	DATA 	Keypress: z
119.5858 	EXP 	Created unnamed TextStim = TextStim(__class__=<class 'psychopy.visual.text.TextStim'>, alignHoriz=method-wrapper(...), alignText='center', alignVert=method-wrapper(...), anchorHoriz='center', anchorVert='center', antialias=True, autoDraw=False, autoLog=True, bold=False, color=array([-1, -1, -1]), colorSpace='rgb', contrast=1.0, depth=0, flipHoriz=False, flipVert=False, font='', fontFiles=[], height=50.0, italic=False, languageStyle='LTR', name='unnamed TextStim', opacity=1.0, ori=0.0, pos=array([0., 0.]), rgb=UNKNOWN, text='Niepoprawnie', units='pix', win=Window(...), wrapWidth=500)
120.5970 	EXP 	unnamed TextStim: text = 'x'
122.3650 	DATA 	Keypress: x
122.3678 	EXP 	Created unnamed TextStim = TextStim(__class__=<class 'psychopy.visual.text.TextStim'>, alignHoriz=method-wrapper(...), alignText='center', alignVert=method-wrapper(...), anchorHoriz='center', anchorVert='center', antialias=True, autoDraw=False, autoLog=True, bold=False, color=array([-1, -1, -1]), colorSpace='rgb', contrast=1.0, depth=0, flipHoriz=False, flipVert=False, font='', fontFiles=[], height=50.0, italic=False, languageStyle='LTR', name='unnamed TextStim', opacity=1.0, ori=0.0, pos=array([0., 0.]), rgb=UNKNOWN, text='Poprawnie', units='pix', win=Window(...), wrapWidth=500)
123.3804 	EXP 	unnamed TextStim: height = 25.0
123.3804 	EXP 	unnamed TextStim: height = 25.0
123.3804 	EXP 	unnamed TextStim: height = 25.0
123.3804 	EXP 	unnamed TextStim: text = 'z'
124.7812 	DATA 	Keypress: z
124.7864 	EXP 	Created unnamed TextStim = TextStim(__class__=<class 'psychopy.visual.text.TextStim'>, alignHoriz=method-wrapper(...), alignText='center', alignVert=method-wrapper(...), anchorHoriz='center', anchorVert='center', antialias=True, autoDraw=False, autoLog=True, bold=False, color=array([-1, -1, -1]), colorSpace='rgb', contrast=1.0, depth=0, flipHoriz=False, flipVert=False, font='', fontFiles=[], height=50.0, italic=False, languageStyle='LTR', name='unnamed TextStim', opacity=1.0, ori=0.0, pos=array([0., 0.]), rgb=UNKNOWN, text='Poprawnie', units='pix', win=Window(...), wrapWidth=500)
125.8140 	EXP 	unnamed TextStim: text = 'z'
127.1979 	DATA 	Keypress: z
127.2034 	EXP 	Created unnamed TextStim = TextStim(__class__=<class 'psychopy.visual.text.TextStim'>, alignHoriz=method-wrapper(...), alignText='center', alignVert=method-wrapper(...), anchorHoriz='center', anchorVert='center', antialias=True, autoDraw=False, autoLog=True, bold=False, color=array([-1, -1, -1]), colorSpace='rgb', contrast=1.0, depth=0, flipHoriz=False, flipVert=False, font='', fontFiles=[], height=50.0, italic=False, languageStyle='LTR', name='unnamed TextStim', opacity=1.0, ori=0.0, pos=array([0., 0.]), rgb=UNKNOWN, text='Poprawnie', units='pix', win=Window(...), wrapWidth=500)
128.2305 	EXP 	unnamed TextStim: height = 25.0
128.2305 	EXP 	unnamed TextStim: height = 25.0
128.2305 	EXP 	unnamed TextStim: height = 25.0
128.2305 	EXP 	unnamed TextStim: text = 'n'
129.8213 	DATA 	Keypress: n
129.8232 	EXP 	Created unnamed TextStim = TextStim(__class__=<class 'psychopy.visual.text.TextStim'>, alignHoriz=method-wrapper(...), alignText='center', alignVert=method-wrapper(...), anchorHoriz='center', anchorVert='center', antialias=True, autoDraw=False, autoLog=True, bold=False, color=array([-1, -1, -1]), colorSpace='rgb', contrast=1.0, depth=0, flipHoriz=False, flipVert=False, font='', fontFiles=[], height=50.0, italic=False, languageStyle='LTR', name='unnamed TextStim', opacity=1.0, ori=0.0, pos=array([0., 0.]), rgb=UNKNOWN, text='Poprawnie', units='pix', win=Window(...), wrapWidth=500)
130.6246 	DATA 	Keypress: space
130.8308 	EXP 	unnamed TextStim: height = 25.0
130.8308 	EXP 	unnamed TextStim: height = 25.0
130.8308 	EXP 	unnamed TextStim: height = 25.0
130.8308 	EXP 	unnamed TextStim: text = 'x'
132.2654 	DATA 	Keypress: z
132.2701 	EXP 	Created unnamed TextStim = TextStim(__class__=<class 'psychopy.visual.text.TextStim'>, alignHoriz=method-wrapper(...), alignText='center', alignVert=method-wrapper(...), anchorHoriz='center', anchorVert='center', antialias=True, autoDraw=False, autoLog=True, bold=False, color=array([-1, -1, -1]), colorSpace='rgb', contrast=1.0, depth=0, flipHoriz=False, flipVert=False, font='', fontFiles=[], height=50.0, italic=False, languageStyle='LTR', name='unnamed TextStim', opacity=1.0, ori=0.0, pos=array([0., 0.]), rgb=UNKNOWN, text='Niepoprawnie', units='pix', win=Window(...), wrapWidth=500)
133.2974 	EXP 	unnamed TextStim: height = 25.0
133.2974 	EXP 	unnamed TextStim: height = 25.0
133.2974 	EXP 	unnamed TextStim: height = 25.0
133.2974 	EXP 	unnamed TextStim: text = 'z'
135.4534 	DATA 	Keypress: z
135.4561 	EXP 	Created unnamed TextStim = TextStim(__class__=<class 'psychopy.visual.text.TextStim'>, alignHoriz=method-wrapper(...), alignText='center', alignVert=method-wrapper(...), anchorHoriz='center', anchorVert='center', antialias=True, autoDraw=False, autoLog=True, bold=False, color=array([-1, -1, -1]), colorSpace='rgb', contrast=1.0, depth=0, flipHoriz=False, flipVert=False, font='', fontFiles=[], height=50.0, italic=False, languageStyle='LTR', name='unnamed TextStim', opacity=1.0, ori=0.0, pos=array([0., 0.]), rgb=UNKNOWN, text='Poprawnie', units='pix', win=Window(...), wrapWidth=500)
136.4642 	EXP 	unnamed TextStim: text = 'z'
138.1993 	DATA 	Keypress: z
138.2018 	EXP 	Created unnamed TextStim = TextStim(__class__=<class 'psychopy.visual.text.TextStim'>, alignHoriz=method-wrapper(...), alignText='center', alignVert=method-wrapper(...), anchorHoriz='center', anchorVert='center', antialias=True, autoDraw=False, autoLog=True, bold=False, color=array([-1, -1, -1]), colorSpace='rgb', contrast=1.0, depth=0, flipHoriz=False, flipVert=False, font='', fontFiles=[], height=50.0, italic=False, languageStyle='LTR', name='unnamed TextStim', opacity=1.0, ori=0.0, pos=array([0., 0.]), rgb=UNKNOWN, text='Poprawnie', units='pix', win=Window(...), wrapWidth=500)
139.2144 	EXP 	unnamed TextStim: height = 25.0
139.2144 	EXP 	unnamed TextStim: height = 25.0
139.2144 	EXP 	unnamed TextStim: height = 25.0
139.2144 	EXP 	unnamed TextStim: text = 'm'
140.6153 	DATA 	Keypress: m
140.6202 	EXP 	Created unnamed TextStim = TextStim(__class__=<class 'psychopy.visual.text.TextStim'>, alignHoriz=method-wrapper(...), alignText='center', alignVert=method-wrapper(...), anchorHoriz='center', anchorVert='center', antialias=True, autoDraw=False, autoLog=True, bold=False, color=array([-1, -1, -1]), colorSpace='rgb', contrast=1.0, depth=0, flipHoriz=False, flipVert=False, font='', fontFiles=[], height=50.0, italic=False, languageStyle='LTR', name='unnamed TextStim', opacity=1.0, ori=0.0, pos=array([0., 0.]), rgb=UNKNOWN, text='Poprawnie', units='pix', win=Window(...), wrapWidth=500)
141.6477 	EXP 	unnamed TextStim: height = 25.0
141.6477 	EXP 	unnamed TextStim: height = 25.0
141.6477 	EXP 	unnamed TextStim: height = 25.0
141.6477 	EXP 	unnamed TextStim: text = 'z'
143.6225 	DATA 	Keypress: z
143.6250 	EXP 	Created unnamed TextStim = TextStim(__class__=<class 'psychopy.visual.text.TextStim'>, alignHoriz=method-wrapper(...), alignText='center', alignVert=method-wrapper(...), anchorHoriz='center', anchorVert='center', antialias=True, autoDraw=False, autoLog=True, bold=False, color=array([-1, -1, -1]), colorSpace='rgb', contrast=1.0, depth=0, flipHoriz=False, flipVert=False, font='', fontFiles=[], height=50.0, italic=False, languageStyle='LTR', name='unnamed TextStim', opacity=1.0, ori=0.0, pos=array([0., 0.]), rgb=UNKNOWN, text='Poprawnie', units='pix', win=Window(...), wrapWidth=500)
144.6312 	EXP 	unnamed TextStim: text = 'z'
146.4800 	DATA 	Keypress: z
146.4822 	EXP 	Created unnamed TextStim = TextStim(__class__=<class 'psychopy.visual.text.TextStim'>, alignHoriz=method-wrapper(...), alignText='center', alignVert=method-wrapper(...), anchorHoriz='center', anchorVert='center', antialias=True, autoDraw=False, autoLog=True, bold=False, color=array([-1, -1, -1]), colorSpace='rgb', contrast=1.0, depth=0, flipHoriz=False, flipVert=False, font='', fontFiles=[], height=50.0, italic=False, languageStyle='LTR', name='unnamed TextStim', opacity=1.0, ori=0.0, pos=array([0., 0.]), rgb=UNKNOWN, text='Poprawnie', units='pix', win=Window(...), wrapWidth=500)
147.5145 	EXP 	Created unnamed TextStim = TextStim(__class__=<class 'psychopy.visual.text.TextStim'>, alignHoriz=method-wrapper(...), alignText='center', alignVert=method-wrapper(...), anchorHoriz='center', anchorVert='center', antialias=True, autoDraw=False, autoLog=True, bold=False, color=array([-1, -1, -1]), colorSpace='rgb', contrast=1.0, depth=0, flipHoriz=False, flipVert=False, font='', fontFiles=[], height=20.0, italic=False, languageStyle='LTR', name='unnamed TextStim', opacity=1.0, ori=0.0, pos=array([0., 0.]), rgb=UNKNOWN, text=str(...), units='pix', win=Window(...), wrapWidth=1536)
149.0617 	DATA 	Keypress: space
149.0655 	EXP 	unnamed TextStim: height = 25.0
149.0655 	EXP 	unnamed TextStim: height = 25.0
149.0655 	EXP 	unnamed TextStim: height = 25.0
149.0655 	EXP 	unnamed TextStim: text = 'x'
151.1303 	DATA 	Keypress: n
151.1370 	EXP 	Created unnamed TextStim = TextStim(__class__=<class 'psychopy.visual.text.TextStim'>, alignHoriz=method-wrapper(...), alignText='center', alignVert=method-wrapper(...), anchorHoriz='center', anchorVert='center', antialias=True, autoDraw=False, autoLog=True, bold=False, color=array([-1, -1, -1]), colorSpace='rgb', contrast=1.0, depth=0, flipHoriz=False, flipVert=False, font='', fontFiles=[], height=50.0, italic=False, languageStyle='LTR', name='unnamed TextStim', opacity=1.0, ori=0.0, pos=array([0., 0.]), rgb=UNKNOWN, text='Niepoprawnie', units='pix', win=Window(...), wrapWidth=500)
151.9388 	DATA 	Keypress: space
152.1481 	EXP 	unnamed TextStim: height = 25.0
152.1481 	EXP 	unnamed TextStim: height = 25.0
152.1481 	EXP 	unnamed TextStim: height = 25.0
152.1481 	EXP 	unnamed TextStim: text = 'z'
154.3397 	DATA 	Keypress: n
154.3430 	EXP 	Created unnamed TextStim = TextStim(__class__=<class 'psychopy.visual.text.TextStim'>, alignHoriz=method-wrapper(...), alignText='center', alignVert=method-wrapper(...), anchorHoriz='center', anchorVert='center', antialias=True, autoDraw=False, autoLog=True, bold=False, color=array([-1, -1, -1]), colorSpace='rgb', contrast=1.0, depth=0, flipHoriz=False, flipVert=False, font='', fontFiles=[], height=50.0, italic=False, languageStyle='LTR', name='unnamed TextStim', opacity=1.0, ori=0.0, pos=array([0., 0.]), rgb=UNKNOWN, text='Niepoprawnie', units='pix', win=Window(...), wrapWidth=500)
155.3483 	EXP 	unnamed TextStim: height = 25.0
155.3483 	EXP 	unnamed TextStim: height = 25.0
155.3483 	EXP 	unnamed TextStim: height = 25.0
155.3483 	EXP 	unnamed TextStim: text = 'm'
156.9954 	DATA 	Keypress: m
156.9984 	EXP 	Created unnamed TextStim = TextStim(__class__=<class 'psychopy.visual.text.TextStim'>, alignHoriz=method-wrapper(...), alignText='center', alignVert=method-wrapper(...), anchorHoriz='center', anchorVert='center', antialias=True, autoDraw=False, autoLog=True, bold=False, color=array([-1, -1, -1]), colorSpace='rgb', contrast=1.0, depth=0, flipHoriz=False, flipVert=False, font='', fontFiles=[], height=50.0, italic=False, languageStyle='LTR', name='unnamed TextStim', opacity=1.0, ori=0.0, pos=array([0., 0.]), rgb=UNKNOWN, text='Poprawnie', units='pix', win=Window(...), wrapWidth=500)
158.0152 	EXP 	unnamed TextStim: height = 25.0
158.0152 	EXP 	unnamed TextStim: height = 25.0
158.0152 	EXP 	unnamed TextStim: height = 25.0
158.0152 	EXP 	unnamed TextStim: text = 'n'
159.4879 	DATA 	Keypress: n
159.4908 	EXP 	Created unnamed TextStim = TextStim(__class__=<class 'psychopy.visual.text.TextStim'>, alignHoriz=method-wrapper(...), alignText='center', alignVert=method-wrapper(...), anchorHoriz='center', anchorVert='center', antialias=True, autoDraw=False, autoLog=True, bold=False, color=array([-1, -1, -1]), colorSpace='rgb', contrast=1.0, depth=0, flipHoriz=False, flipVert=False, font='', fontFiles=[], height=50.0, italic=False, languageStyle='LTR', name='unnamed TextStim', opacity=1.0, ori=0.0, pos=array([0., 0.]), rgb=UNKNOWN, text='Poprawnie', units='pix', win=Window(...), wrapWidth=500)
160.4984 	EXP 	unnamed TextStim: height = 25.0
160.4984 	EXP 	unnamed TextStim: height = 25.0
160.4984 	EXP 	unnamed TextStim: height = 25.0
160.4984 	EXP 	unnamed TextStim: text = 'm'
162.4039 	DATA 	Keypress: z
162.4067 	EXP 	Created unnamed TextStim = TextStim(__class__=<class 'psychopy.visual.text.TextStim'>, alignHoriz=method-wrapper(...), alignText='center', alignVert=method-wrapper(...), anchorHoriz='center', anchorVert='center', antialias=True, autoDraw=False, autoLog=True, bold=False, color=array([-1, -1, -1]), colorSpace='rgb', contrast=1.0, depth=0, flipHoriz=False, flipVert=False, font='', fontFiles=[], height=50.0, italic=False, languageStyle='LTR', name='unnamed TextStim', opacity=1.0, ori=0.0, pos=array([0., 0.]), rgb=UNKNOWN, text='Niepoprawnie', units='pix', win=Window(...), wrapWidth=500)
163.4154 	EXP 	unnamed TextStim: text = 'm'
165.1509 	DATA 	Keypress: n
165.1535 	EXP 	Created unnamed TextStim = TextStim(__class__=<class 'psychopy.visual.text.TextStim'>, alignHoriz=method-wrapper(...), alignText='center', alignVert=method-wrapper(...), anchorHoriz='center', anchorVert='center', antialias=True, autoDraw=False, autoLog=True, bold=False, color=array([-1, -1, -1]), colorSpace='rgb', contrast=1.0, depth=0, flipHoriz=False, flipVert=False, font='', fontFiles=[], height=50.0, italic=False, languageStyle='LTR', name='unnamed TextStim', opacity=1.0, ori=0.0, pos=array([0., 0.]), rgb=UNKNOWN, text='Niepoprawnie', units='pix', win=Window(...), wrapWidth=500)
166.1652 	EXP 	unnamed TextStim: text = 'm'
167.7071 	DATA 	Keypress: m
167.7096 	EXP 	Created unnamed TextStim = TextStim(__class__=<class 'psychopy.visual.text.TextStim'>, alignHoriz=method-wrapper(...), alignText='center', alignVert=method-wrapper(...), anchorHoriz='center', anchorVert='center', antialias=True, autoDraw=False, autoLog=True, bold=False, color=array([-1, -1, -1]), colorSpace='rgb', contrast=1.0, depth=0, flipHoriz=False, flipVert=False, font='', fontFiles=[], height=50.0, italic=False, languageStyle='LTR', name='unnamed TextStim', opacity=1.0, ori=0.0, pos=array([0., 0.]), rgb=UNKNOWN, text='Poprawnie', units='pix', win=Window(...), wrapWidth=500)
168.7202 	EXP 	unnamed TextStim: text = 'm'
170.2715 	DATA 	Keypress: m
170.2735 	EXP 	Created unnamed TextStim = TextStim(__class__=<class 'psychopy.visual.text.TextStim'>, alignHoriz=method-wrapper(...), alignText='center', alignVert=method-wrapper(...), anchorHoriz='center', anchorVert='center', antialias=True, autoDraw=False, autoLog=True, bold=False, color=array([-1, -1, -1]), colorSpace='rgb', contrast=1.0, depth=0, flipHoriz=False, flipVert=False, font='', fontFiles=[], height=50.0, italic=False, languageStyle='LTR', name='unnamed TextStim', opacity=1.0, ori=0.0, pos=array([0., 0.]), rgb=UNKNOWN, text='Poprawnie', units='pix', win=Window(...), wrapWidth=500)
171.2823 	EXP 	unnamed TextStim: height = 25.0
171.2823 	EXP 	unnamed TextStim: height = 25.0
171.2823 	EXP 	unnamed TextStim: height = 25.0
171.2823 	EXP 	unnamed TextStim: text = 'n'
172.9236 	DATA 	Keypress: n
172.9257 	EXP 	Created unnamed TextStim = TextStim(__class__=<class 'psychopy.visual.text.TextStim'>, alignHoriz=method-wrapper(...), alignText='center', alignVert=method-wrapper(...), anchorHoriz='center', anchorVert='center', antialias=True, autoDraw=False, autoLog=True, bold=False, color=array([-1, -1, -1]), colorSpace='rgb', contrast=1.0, depth=0, flipHoriz=False, flipVert=False, font='', fontFiles=[], height=50.0, italic=False, languageStyle='LTR', name='unnamed TextStim', opacity=1.0, ori=0.0, pos=array([0., 0.]), rgb=UNKNOWN, text='Poprawnie', units='pix', win=Window(...), wrapWidth=500)
173.9325 	EXP 	unnamed TextStim: height = 25.0
173.9325 	EXP 	unnamed TextStim: height = 25.0
173.9325 	EXP 	unnamed TextStim: height = 25.0
173.9325 	EXP 	unnamed TextStim: text = 'x'
176.1084 	DATA 	Keypress: x
176.1115 	EXP 	Created unnamed TextStim = TextStim(__class__=<class 'psychopy.visual.text.TextStim'>, alignHoriz=method-wrapper(...), alignText='center', alignVert=method-wrapper(...), anchorHoriz='center', anchorVert='center', antialias=True, autoDraw=False, autoLog=True, bold=False, color=array([-1, -1, -1]), colorSpace='rgb', contrast=1.0, depth=0, flipHoriz=False, flipVert=False, font='', fontFiles=[], height=50.0, italic=False, languageStyle='LTR', name='unnamed TextStim', opacity=1.0, ori=0.0, pos=array([0., 0.]), rgb=UNKNOWN, text='Poprawnie', units='pix', win=Window(...), wrapWidth=500)
177.1390 	EXP 	Created unnamed TextStim = TextStim(__class__=<class 'psychopy.visual.text.TextStim'>, alignHoriz=method-wrapper(...), alignText='center', alignVert=method-wrapper(...), anchorHoriz='center', anchorVert='center', antialias=True, autoDraw=False, autoLog=True, bold=False, color=array([-1, -1, -1]), colorSpace='rgb', contrast=1.0, depth=0, flipHoriz=False, flipVert=False, font='', fontFiles=[], height=20.0, italic=False, languageStyle='LTR', name='unnamed TextStim', opacity=1.0, ori=0.0, pos=array([0., 0.]), rgb=UNKNOWN, text=str(...), units='pix', win=Window(...), wrapWidth=1536)
178.2702 	DATA 	Keypress: space
178.2825 	EXP 	unnamed TextStim: height = 25.0
178.2825 	EXP 	unnamed TextStim: height = 25.0
178.2825 	EXP 	unnamed TextStim: height = 25.0
178.2825 	EXP 	unnamed TextStim: text = 'm'
180.3002 	DATA 	Keypress: m
180.3017 	EXP 	unnamed TextStim: text = 'm'
181.8227 	DATA 	Keypress: m
181.8261 	EXP 	unnamed TextStim: height = 25.0
181.8261 	EXP 	unnamed TextStim: height = 25.0
181.8261 	EXP 	unnamed TextStim: height = 25.0
181.8261 	EXP 	unnamed TextStim: text = 'x'
183.8097 	DATA 	Keypress: n
183.8126 	EXP 	unnamed TextStim: height = 25.0
183.8126 	EXP 	unnamed TextStim: height = 25.0
183.8126 	EXP 	unnamed TextStim: height = 25.0
183.8126 	EXP 	unnamed TextStim: text = 'n'
185.7407 	DATA 	Keypress: x
185.7438 	EXP 	unnamed TextStim: height = 25.0
185.7438 	EXP 	unnamed TextStim: height = 25.0
185.7438 	EXP 	unnamed TextStim: height = 25.0
185.7438 	EXP 	unnamed TextStim: text = 'z'
187.7373 	DATA 	Keypress: x
187.7394 	EXP 	unnamed TextStim: height = 25.0
187.7394 	EXP 	unnamed TextStim: height = 25.0
187.7394 	EXP 	unnamed TextStim: height = 25.0
187.7394 	EXP 	unnamed TextStim: text = 'x'
189.2559 	DATA 	Keypress: x
189.4208 	EXP 	Created unnamed ImageStim = ImageStim(__class__=<class 'psychopy.visual.image.ImageStim'>, anchor=('center', 'center'), autoLog=True, color=array([1., 1., 1.]), colorSpace='rgb', contrast=1.0, depth=0, flipHoriz=False, flipVert=False, image='break.jpg', interpolate=True, mask=None, maskParams=None, name='unnamed ImageStim', opacity=1.0, ori=0.0, pos=array([0., 0.]), size=array([1536.,  864.]), texRes=128, units='pix', win=Window(...))
190.6936 	DATA 	Keypress: space
190.6997 	EXP 	unnamed TextStim: height = 25.0
190.6997 	EXP 	unnamed TextStim: height = 25.0
190.6997 	EXP 	unnamed TextStim: height = 25.0
190.6997 	EXP 	unnamed TextStim: text = 'n'
192.2898 	DATA 	Keypress: n
192.2925 	EXP 	unnamed TextStim: height = 25.0
192.2925 	EXP 	unnamed TextStim: height = 25.0
192.2925 	EXP 	unnamed TextStim: height = 25.0
192.2925 	EXP 	unnamed TextStim: text = 'x'
194.3253 	DATA 	Keypress: x
194.3301 	EXP 	unnamed TextStim: height = 25.0
194.3301 	EXP 	unnamed TextStim: height = 25.0
194.3301 	EXP 	unnamed TextStim: height = 25.0
194.3301 	EXP 	unnamed TextStim: text = 'n'
195.8884 	DATA 	Keypress: n
195.8894 	EXP 	unnamed TextStim: text = 'n'
197.6462 	DATA 	Keypress: n
197.6473 	EXP 	unnamed TextStim: text = 'n'
199.5820 	DATA 	Keypress: m
199.5830 	EXP 	unnamed TextStim: text = 'n'
201.2260 	DATA 	Keypress: n
201.3801 	EXP 	Created unnamed ImageStim = ImageStim(__class__=<class 'psychopy.visual.image.ImageStim'>, anchor=('center', 'center'), autoLog=True, color=array([1., 1., 1.]), colorSpace='rgb', contrast=1.0, depth=0, flipHoriz=False, flipVert=False, image='break.jpg', interpolate=True, mask=None, maskParams=None, name='unnamed ImageStim', opacity=1.0, ori=0.0, pos=array([0., 0.]), size=array([1536.,  864.]), texRes=128, units='pix', win=Window(...))
202.3090 	DATA 	Keypress: space
202.3167 	EXP 	unnamed TextStim: height = 25.0
202.3167 	EXP 	unnamed TextStim: height = 25.0
202.3167 	EXP 	unnamed TextStim: height = 25.0
202.3167 	EXP 	unnamed TextStim: text = 'm'
204.0513 	DATA 	Keypress: n
204.0533 	EXP 	unnamed TextStim: height = 25.0
204.0533 	EXP 	unnamed TextStim: height = 25.0
204.0533 	EXP 	unnamed TextStim: height = 25.0
204.0533 	EXP 	unnamed TextStim: text = 'x'
205.9030 	DATA 	Keypress: x
205.9050 	EXP 	unnamed TextStim: height = 25.0
205.9050 	EXP 	unnamed TextStim: height = 25.0
205.9050 	EXP 	unnamed TextStim: height = 25.0
205.9050 	EXP 	unnamed TextStim: text = 'z'
207.6092 	DATA 	Keypress: z
207.6116 	EXP 	unnamed TextStim: height = 25.0
207.6116 	EXP 	unnamed TextStim: height = 25.0
207.6116 	EXP 	unnamed TextStim: height = 25.0
207.6116 	EXP 	unnamed TextStim: text = 'm'
209.2948 	DATA 	Keypress: n
209.2968 	EXP 	unnamed TextStim: height = 25.0
209.2968 	EXP 	unnamed TextStim: height = 25.0
209.2968 	EXP 	unnamed TextStim: height = 25.0
209.2968 	EXP 	unnamed TextStim: text = 'x'
210.9322 	DATA 	Keypress: n
210.9332 	EXP 	unnamed TextStim: text = 'x'
213.3355 	DATA 	Keypress: x
213.4979 	EXP 	Created unnamed ImageStim = ImageStim(__class__=<class 'psychopy.visual.image.ImageStim'>, anchor=('center', 'center'), autoLog=True, color=array([1., 1., 1.]), colorSpace='rgb', contrast=1.0, depth=0, flipHoriz=False, flipVert=False, image='break.jpg', interpolate=True, mask=None, maskParams=None, name='unnamed ImageStim', opacity=1.0, ori=0.0, pos=array([0., 0.]), size=array([1536.,  864.]), texRes=128, units='pix', win=Window(...))
214.5588 	DATA 	Keypress: space
214.5671 	EXP 	unnamed TextStim: height = 25.0
214.5671 	EXP 	unnamed TextStim: height = 25.0
214.5671 	EXP 	unnamed TextStim: height = 25.0
214.5671 	EXP 	unnamed TextStim: text = 'n'
216.1006 	DATA 	Keypress: n
216.1093 	EXP 	unnamed TextStim: height = 25.0
216.1093 	EXP 	unnamed TextStim: height = 25.0
216.1093 	EXP 	unnamed TextStim: height = 25.0
216.1093 	EXP 	unnamed TextStim: text = 'm'
217.9142 	DATA 	Keypress: m
217.9161 	EXP 	unnamed TextStim: height = 25.0
217.9161 	EXP 	unnamed TextStim: height = 25.0
217.9161 	EXP 	unnamed TextStim: height = 25.0
217.9161 	EXP 	unnamed TextStim: text = 'n'
219.4858 	DATA 	Keypress: m
219.4868 	EXP 	unnamed TextStim: text = 'n'
221.0949 	DATA 	Keypress: m
221.0961 	EXP 	unnamed TextStim: text = 'n'
222.6432 	DATA 	Keypress: m
222.6454 	EXP 	unnamed TextStim: height = 25.0
222.6454 	EXP 	unnamed TextStim: height = 25.0
222.6454 	EXP 	unnamed TextStim: height = 25.0
222.6454 	EXP 	unnamed TextStim: text = 'x'
224.5223 	DATA 	Keypress: x
224.6775 	EXP 	Created unnamed ImageStim = ImageStim(__class__=<class 'psychopy.visual.image.ImageStim'>, anchor=('center', 'center'), autoLog=True, color=array([1., 1., 1.]), colorSpace='rgb', contrast=1.0, depth=0, flipHoriz=False, flipVert=False, image='break.jpg', interpolate=True, mask=None, maskParams=None, name='unnamed ImageStim', opacity=1.0, ori=0.0, pos=array([0., 0.]), size=array([1536.,  864.]), texRes=128, units='pix', win=Window(...))
225.8524 	DATA 	Keypress: space
225.8675 	EXP 	unnamed TextStim: height = 25.0
225.8675 	EXP 	unnamed TextStim: height = 25.0
225.8675 	EXP 	unnamed TextStim: height = 25.0
225.8675 	EXP 	unnamed TextStim: text = 'n'
227.4801 	DATA 	Keypress: m
227.4821 	EXP 	unnamed TextStim: height = 25.0
227.4821 	EXP 	unnamed TextStim: height = 25.0
227.4821 	EXP 	unnamed TextStim: height = 25.0
227.4821 	EXP 	unnamed TextStim: text = 'm'
229.1358 	DATA 	Keypress: n
229.1382 	EXP 	unnamed TextStim: height = 25.0
229.1382 	EXP 	unnamed TextStim: height = 25.0
229.1382 	EXP 	unnamed TextStim: height = 25.0
229.1382 	EXP 	unnamed TextStim: text = 'x'
230.7727 	DATA 	Keypress: n
230.7747 	EXP 	unnamed TextStim: height = 25.0
230.7747 	EXP 	unnamed TextStim: height = 25.0
230.7747 	EXP 	unnamed TextStim: height = 25.0
230.7747 	EXP 	unnamed TextStim: text = 'n'
232.2954 	DATA 	Keypress: n
232.2974 	EXP 	unnamed TextStim: height = 25.0
232.2974 	EXP 	unnamed TextStim: height = 25.0
232.2974 	EXP 	unnamed TextStim: height = 25.0
232.2974 	EXP 	unnamed TextStim: text = 'm'
233.9356 	DATA 	Keypress: m
233.9366 	EXP 	unnamed TextStim: text = 'm'
235.6543 	DATA 	Keypress: m
235.7966 	EXP 	Created unnamed ImageStim = ImageStim(__class__=<class 'psychopy.visual.image.ImageStim'>, anchor=('center', 'center'), autoLog=True, color=array([1., 1., 1.]), colorSpace='rgb', contrast=1.0, depth=0, flipHoriz=False, flipVert=False, image='break.jpg', interpolate=True, mask=None, maskParams=None, name='unnamed ImageStim', opacity=1.0, ori=0.0, pos=array([0., 0.]), size=array([1536.,  864.]), texRes=128, units='pix', win=Window(...))
236.5299 	DATA 	Keypress: space
236.5346 	EXP 	unnamed TextStim: text = 'm'
238.0344 	DATA 	Keypress: m
238.0414 	EXP 	unnamed TextStim: height = 25.0
238.0414 	EXP 	unnamed TextStim: height = 25.0
238.0414 	EXP 	unnamed TextStim: height = 25.0
238.0414 	EXP 	unnamed TextStim: text = 'x'
239.5771 	DATA 	Keypress: m
239.5781 	EXP 	unnamed TextStim: text = 'x'
241.0920 	DATA 	Keypress: z
241.0940 	EXP 	unnamed TextStim: height = 25.0
241.0940 	EXP 	unnamed TextStim: height = 25.0
241.0940 	EXP 	unnamed TextStim: height = 25.0
241.0940 	EXP 	unnamed TextStim: text = 'n'
242.8046 	DATA 	Keypress: n
242.8064 	EXP 	unnamed TextStim: height = 25.0
242.8064 	EXP 	unnamed TextStim: height = 25.0
242.8064 	EXP 	unnamed TextStim: height = 25.0
242.8064 	EXP 	unnamed TextStim: text = 'm'
244.3046 	DATA 	Keypress: m
244.3067 	EXP 	unnamed TextStim: height = 25.0
244.3067 	EXP 	unnamed TextStim: height = 25.0
244.3067 	EXP 	unnamed TextStim: height = 25.0
244.3067 	EXP 	unnamed TextStim: text = 'x'
246.2052 	DATA 	Keypress: x
246.3368 	EXP 	Created unnamed ImageStim = ImageStim(__class__=<class 'psychopy.visual.image.ImageStim'>, anchor=('center', 'center'), autoLog=True, color=array([1., 1., 1.]), colorSpace='rgb', contrast=1.0, depth=0, flipHoriz=False, flipVert=False, image='break.jpg', interpolate=True, mask=None, maskParams=None, name='unnamed ImageStim', opacity=1.0, ori=0.0, pos=array([0., 0.]), size=array([1536.,  864.]), texRes=128, units='pix', win=Window(...))
247.1543 	DATA 	Keypress: space
247.1684 	EXP 	unnamed TextStim: height = 25.0
247.1684 	EXP 	unnamed TextStim: height = 25.0
247.1684 	EXP 	unnamed TextStim: height = 25.0
247.1684 	EXP 	unnamed TextStim: text = 'n'
248.7653 	DATA 	Keypress: n
248.7677 	EXP 	unnamed TextStim: height = 25.0
248.7677 	EXP 	unnamed TextStim: height = 25.0
248.7677 	EXP 	unnamed TextStim: height = 25.0
248.7677 	EXP 	unnamed TextStim: text = 'x'
250.4973 	DATA 	Keypress: x
250.4995 	EXP 	unnamed TextStim: height = 25.0
250.4995 	EXP 	unnamed TextStim: height = 25.0
250.4995 	EXP 	unnamed TextStim: height = 25.0
250.4995 	EXP 	unnamed TextStim: text = 'm'
252.4098 	DATA 	Keypress: z
252.4121 	EXP 	unnamed TextStim: height = 25.0
252.4121 	EXP 	unnamed TextStim: height = 25.0
252.4121 	EXP 	unnamed TextStim: height = 25.0
252.4121 	EXP 	unnamed TextStim: text = 'z'
254.0558 	DATA 	Keypress: z
254.0570 	EXP 	unnamed TextStim: text = 'z'
255.5711 	DATA 	Keypress: z
255.5731 	EXP 	unnamed TextStim: height = 25.0
255.5731 	EXP 	unnamed TextStim: height = 25.0
255.5731 	EXP 	unnamed TextStim: height = 25.0
255.5731 	EXP 	unnamed TextStim: text = 'm'
257.0389 	DATA 	Keypress: m
257.1933 	EXP 	Created unnamed ImageStim = ImageStim(__class__=<class 'psychopy.visual.image.ImageStim'>, anchor=('center', 'center'), autoLog=True, color=array([1., 1., 1.]), colorSpace='rgb', contrast=1.0, depth=0, flipHoriz=False, flipVert=False, image='break.jpg', interpolate=True, mask=None, maskParams=None, name='unnamed ImageStim', opacity=1.0, ori=0.0, pos=array([0., 0.]), size=array([1536.,  864.]), texRes=128, units='pix', win=Window(...))
258.0323 	DATA 	Keypress: space
258.0355 	EXP 	unnamed TextStim: text = 'm'
259.7014 	DATA 	Keypress: m
259.7024 	EXP 	unnamed TextStim: text = 'm'
261.3937 	DATA 	Keypress: m
261.3958 	EXP 	unnamed TextStim: height = 25.0
261.3958 	EXP 	unnamed TextStim: height = 25.0
261.3958 	EXP 	unnamed TextStim: height = 25.0
261.3958 	EXP 	unnamed TextStim: text = 'n'
263.3667 	DATA 	Keypress: space
264.0226 	DATA 	Keypress: m
264.0236 	EXP 	unnamed TextStim: text = 'n'
265.9055 	DATA 	Keypress: m
265.9075 	EXP 	unnamed TextStim: height = 25.0
265.9075 	EXP 	unnamed TextStim: height = 25.0
265.9075 	EXP 	unnamed TextStim: height = 25.0
265.9075 	EXP 	unnamed TextStim: text = 'z'
267.5552 	DATA 	Keypress: z
267.5573 	EXP 	unnamed TextStim: height = 25.0
267.5573 	EXP 	unnamed TextStim: height = 25.0
267.5573 	EXP 	unnamed TextStim: height = 25.0
267.5573 	EXP 	unnamed TextStim: text = 'x'
269.3764 	DATA 	Keypress: n
269.5319 	EXP 	Created unnamed ImageStim = ImageStim(__class__=<class 'psychopy.visual.image.ImageStim'>, anchor=('center', 'center'), autoLog=True, color=array([1., 1., 1.]), colorSpace='rgb', contrast=1.0, depth=0, flipHoriz=False, flipVert=False, image='break.jpg', interpolate=True, mask=None, maskParams=None, name='unnamed ImageStim', opacity=1.0, ori=0.0, pos=array([0., 0.]), size=array([1536.,  864.]), texRes=128, units='pix', win=Window(...))
270.3863 	DATA 	Keypress: space
270.4026 	EXP 	unnamed TextStim: text = 'x'
272.2996 	DATA 	Keypress: x
272.3021 	EXP 	unnamed TextStim: height = 25.0
272.3021 	EXP 	unnamed TextStim: height = 25.0
272.3021 	EXP 	unnamed TextStim: height = 25.0
272.3021 	EXP 	unnamed TextStim: text = 'n'
274.8533 	DATA 	Keypress: n
274.8553 	EXP 	unnamed TextStim: text = 'n'
277.0223 	DATA 	Keypress: x
277.0247 	EXP 	unnamed TextStim: height = 25.0
277.0247 	EXP 	unnamed TextStim: height = 25.0
277.0247 	EXP 	unnamed TextStim: height = 25.0
277.0247 	EXP 	unnamed TextStim: text = 'm'
278.7016 	DATA 	Keypress: m
278.7026 	EXP 	unnamed TextStim: text = 'm'
280.1698 	DATA 	Keypress: m
280.1721 	EXP 	unnamed TextStim: height = 25.0
280.1721 	EXP 	unnamed TextStim: height = 25.0
280.1721 	EXP 	unnamed TextStim: height = 25.0
280.1721 	EXP 	unnamed TextStim: text = 'z'
282.1201 	DATA 	Keypress: n
282.2769 	EXP 	Created unnamed ImageStim = ImageStim(__class__=<class 'psychopy.visual.image.ImageStim'>, anchor=('center', 'center'), autoLog=True, color=array([1., 1., 1.]), colorSpace='rgb', contrast=1.0, depth=0, flipHoriz=False, flipVert=False, image='break.jpg', interpolate=True, mask=None, maskParams=None, name='unnamed ImageStim', opacity=1.0, ori=0.0, pos=array([0., 0.]), size=array([1536.,  864.]), texRes=128, units='pix', win=Window(...))
282.9397 	DATA 	Keypress: x
283.6860 	DATA 	Keypress: space
283.7032 	EXP 	unnamed TextStim: text = 'z'
285.8843 	DATA 	Keypress: z
285.8910 	EXP 	unnamed TextStim: height = 25.0
285.8910 	EXP 	unnamed TextStim: height = 25.0
285.8910 	EXP 	unnamed TextStim: height = 25.0
285.8910 	EXP 	unnamed TextStim: text = 'm'
287.6227 	DATA 	Keypress: m
287.6250 	EXP 	unnamed TextStim: height = 25.0
287.6250 	EXP 	unnamed TextStim: height = 25.0
287.6250 	EXP 	unnamed TextStim: height = 25.0
287.6250 	EXP 	unnamed TextStim: text = 'x'
289.1181 	DATA 	Keypress: x
289.1203 	EXP 	unnamed TextStim: height = 25.0
289.1203 	EXP 	unnamed TextStim: height = 25.0
289.1203 	EXP 	unnamed TextStim: height = 25.0
289.1203 	EXP 	unnamed TextStim: text = 'n'
290.8004 	DATA 	Keypress: m
290.8024 	EXP 	unnamed TextStim: height = 25.0
290.8024 	EXP 	unnamed TextStim: height = 25.0
290.8024 	EXP 	unnamed TextStim: height = 25.0
290.8024 	EXP 	unnamed TextStim: text = 'm'
292.7005 	DATA 	Keypress: n
292.7017 	EXP 	unnamed TextStim: text = 'm'
294.5038 	DATA 	Keypress: z
294.6675 	EXP 	Created unnamed ImageStim = ImageStim(__class__=<class 'psychopy.visual.image.ImageStim'>, anchor=('center', 'center'), autoLog=True, color=array([1., 1., 1.]), colorSpace='rgb', contrast=1.0, depth=0, flipHoriz=False, flipVert=False, image='break.jpg', interpolate=True, mask=None, maskParams=None, name='unnamed ImageStim', opacity=1.0, ori=0.0, pos=array([0., 0.]), size=array([1536.,  864.]), texRes=128, units='pix', win=Window(...))
295.4825 	DATA 	Keypress: space
295.4869 	EXP 	unnamed TextStim: text = 'm'
297.0121 	DATA 	Keypress: n
297.0141 	EXP 	unnamed TextStim: height = 25.0
297.0141 	EXP 	unnamed TextStim: height = 25.0
297.0141 	EXP 	unnamed TextStim: height = 25.0
297.0141 	EXP 	unnamed TextStim: text = 'x'
298.4975 	DATA 	Keypress: m
298.4986 	EXP 	unnamed TextStim: text = 'x'
300.5875 	DATA 	Keypress: x
300.5897 	EXP 	unnamed TextStim: height = 25.0
300.5897 	EXP 	unnamed TextStim: height = 25.0
300.5897 	EXP 	unnamed TextStim: height = 25.0
300.5897 	EXP 	unnamed TextStim: text = 'm'
302.1932 	DATA 	Keypress: m
302.1951 	EXP 	unnamed TextStim: height = 25.0
302.1951 	EXP 	unnamed TextStim: height = 25.0
302.1951 	EXP 	unnamed TextStim: height = 25.0
302.1951 	EXP 	unnamed TextStim: text = 'x'
303.7864 	DATA 	Keypress: x
303.7876 	EXP 	unnamed TextStim: text = 'x'
305.5533 	DATA 	Keypress: x
305.7163 	EXP 	Created unnamed ImageStim = ImageStim(__class__=<class 'psychopy.visual.image.ImageStim'>, anchor=('center', 'center'), autoLog=True, color=array([1., 1., 1.]), colorSpace='rgb', contrast=1.0, depth=0, flipHoriz=False, flipVert=False, image='break.jpg', interpolate=True, mask=None, maskParams=None, name='unnamed ImageStim', opacity=1.0, ori=0.0, pos=array([0., 0.]), size=array([1536.,  864.]), texRes=128, units='pix', win=Window(...))
306.6292 	DATA 	Keypress: space
306.6482 	EXP 	Created unnamed TextStim = TextStim(__class__=<class 'psychopy.visual.text.TextStim'>, alignHoriz=method-wrapper(...), alignText='center', alignVert=method-wrapper(...), anchorHoriz='center', anchorVert='center', antialias=True, autoDraw=False, autoLog=True, bold=False, color=array([-1, -1, -1]), colorSpace='rgb', contrast=1.0, depth=0, flipHoriz=False, flipVert=False, font='', fontFiles=[], height=20.0, italic=False, languageStyle='LTR', name='unnamed TextStim', opacity=1.0, ori=0.0, pos=array([0., 0.]), rgb=UNKNOWN, text=str(...), units='pix', win=Window(...), wrapWidth=1536)
308.9480 	DATA 	Keypress: space
309.0049 	EXP 	window1: mouseVisible = True
