9.0515 	WARNING 	User requested fullscreen with size [1536  864], but screen is actually [1920, 1080]. Using actual size
10.3763 	INFO 	FRAME RATE: 60
10.3763 	INFO 	SCREEN RES: odict_values([1536, 864])
10.4444 	EXP 	Created unnamed TextStim = TextStim(__class__=<class 'psychopy.visual.text.TextStim'>, alignHoriz=method-wrapper(...), alignText='center', alignVert=method-wrapper(...), anchorHoriz='center', anchorVert='center', antialias=True, autoDraw=False, autoLog=True, bold=False, color=array([-1, -1, -1]), colorSpace='rgb', contrast=1.0, depth=0, flipHoriz=False, flipVert=False, font='', fontFiles=[], height=100.0, italic=False, languageStyle='LTR', name='unnamed TextStim', opacity=1.0, ori=0.0, pos=array([0., 0.]), rgb=UNKNOWN, text='+', units='pix', win=Window(...), wrapWidth=500)
10.4485 	EXP 	Created unnamed Circle = Circle(__class__=<class 'psychopy.visual.circle.Circle'>, anchor=('center', 'center'), autoDraw=False, autoLog=True, closeShape=True, color=method-wrapper(...), colorSpace='rgb', contrast=None, depth=0, fillColor=array([ 0.09019608, -1.        , -1.        ]), fillColorSpace='rgb', fillRGB=array([ 0.09019608, -1.        , -1.        ]), interpolate=True, lineColor=array([ 0.09019608, -1.        , -1.        ]), lineColorSpace='rgb', lineRGB=array([ 0.09019608, -1.        , -1.        ]), lineWidth=1.5, name='unnamed Circle', opacity=1.0, ori=0.0, pos=array([0., 0.]), size=array([1., 1.]), units='pix', vertices=ndarray(...), win=Window(...))
10.4494 	EXP 	Created unnamed TextStim = TextStim(__class__=<class 'psychopy.visual.text.TextStim'>, alignHoriz=method-wrapper(...), alignText='center', alignVert=method-wrapper(...), anchorHoriz='center', anchorVert='center', antialias=True, autoDraw=False, autoLog=True, bold=False, color=array([-0.17647059, -0.17647059, -0.17647059]), colorSpace='rgb', contrast=1.0, depth=0, flipHoriz=False, flipVert=False, font='', fontFiles=[], height=25, italic=False, languageStyle='LTR', name='unnamed TextStim', opacity=1.0, ori=0.0, pos=array([0., 0.]), rgb=UNKNOWN, text='', units='pix', win=Window(...), wrapWidth=500)
10.4591 	EXP 	Created unnamed ImageStim = ImageStim(__class__=<class 'psychopy.visual.image.ImageStim'>, anchor=('center', 'center'), autoLog=True, color=array([1., 1., 1.]), colorSpace='rgb', contrast=1.0, depth=0, flipHoriz=False, flipVert=False, image='mask4.png', interpolate=False, mask=None, maskParams=None, name='unnamed ImageStim', opacity=1.0, ori=0.0, pos=array([0., 0.]), size=array([25., 25.]), texRes=128, units='pix', win=Window(...))
10.4669 	EXP 	Created unnamed TextStim = TextStim(__class__=<class 'psychopy.visual.text.TextStim'>, alignHoriz=method-wrapper(...), alignText='center', alignVert=method-wrapper(...), anchorHoriz='center', anchorVert='center', antialias=True, autoDraw=False, autoLog=True, bold=False, color=array([-1, -1, -1]), colorSpace='rgb', contrast=1.0, depth=0, flipHoriz=False, flipVert=False, font='', fontFiles=[], height=30.0, italic=False, languageStyle='LTR', name='unnamed TextStim', opacity=1.0, ori=0.0, pos=array([ 100., -300.]), rgb=UNKNOWN, text=str(...), units='pix', win=Window(...), wrapWidth=10000)
10.4718 	EXP 	Created unnamed TextStim = TextStim(__class__=<class 'psychopy.visual.text.TextStim'>, alignHoriz=method-wrapper(...), alignText='center', alignVert=method-wrapper(...), anchorHoriz='center', anchorVert='center', antialias=True, autoDraw=False, autoLog=True, bold=False, color=array([-1, -1, -1]), colorSpace='rgb', contrast=1.0, depth=0, flipHoriz=False, flipVert=False, font='', fontFiles=[], height=30.0, italic=False, languageStyle='LTR', name='unnamed TextStim', opacity=1.0, ori=0.0, pos=array([ 100., -330.]), rgb=UNKNOWN, text=str(...), units='pix', win=Window(...), wrapWidth=10000)
10.5131 	EXP 	Created unnamed TextStim = TextStim(__class__=<class 'psychopy.visual.text.TextStim'>, alignHoriz=method-wrapper(...), alignText='center', alignVert=method-wrapper(...), anchorHoriz='center', anchorVert='center', antialias=True, autoDraw=False, autoLog=True, bold=False, color=array([-1, -1, -1]), colorSpace='rgb', contrast=1.0, depth=0, flipHoriz=False, flipVert=False, font='', fontFiles=[], height=20.0, italic=False, languageStyle='LTR', name='unnamed TextStim', opacity=1.0, ori=0.0, pos=array([0., 0.]), rgb=UNKNOWN, text=str(...), units='pix', win=Window(...), wrapWidth=1536)
48.4739 	DATA 	Keypress: space
48.4909 	EXP 	unnamed TextStim: height = 25.0
48.4909 	EXP 	unnamed TextStim: height = 25.0
48.4909 	EXP 	unnamed TextStim: height = 25.0
48.4909 	EXP 	unnamed TextStim: text = 'm'
50.3738 	DATA 	Keypress: m
50.3826 	EXP 	Created unnamed TextStim = TextStim(__class__=<class 'psychopy.visual.text.TextStim'>, alignHoriz=method-wrapper(...), alignText='center', alignVert=method-wrapper(...), anchorHoriz='center', anchorVert='center', antialias=True, autoDraw=False, autoLog=True, bold=False, color=array([-1, -1, -1]), colorSpace='rgb', contrast=1.0, depth=0, flipHoriz=False, flipVert=False, font='', fontFiles=[], height=50.0, italic=False, languageStyle='LTR', name='unnamed TextStim', opacity=1.0, ori=0.0, pos=array([0., 0.]), rgb=UNKNOWN, text='Poprawnie', units='pix', win=Window(...), wrapWidth=500)
51.3910 	EXP 	unnamed TextStim: height = 25.0
51.3910 	EXP 	unnamed TextStim: height = 25.0
51.3910 	EXP 	unnamed TextStim: height = 25.0
51.3910 	EXP 	unnamed TextStim: text = 'x'
53.4932 	DATA 	Keypress: x
53.4953 	EXP 	Created unnamed TextStim = TextStim(__class__=<class 'psychopy.visual.text.TextStim'>, alignHoriz=method-wrapper(...), alignText='center', alignVert=method-wrapper(...), anchorHoriz='center', anchorVert='center', antialias=True, autoDraw=False, autoLog=True, bold=False, color=array([-1, -1, -1]), colorSpace='rgb', contrast=1.0, depth=0, flipHoriz=False, flipVert=False, font='', fontFiles=[], height=50.0, italic=False, languageStyle='LTR', name='unnamed TextStim', opacity=1.0, ori=0.0, pos=array([0., 0.]), rgb=UNKNOWN, text='Poprawnie', units='pix', win=Window(...), wrapWidth=500)
54.5078 	EXP 	unnamed TextStim: text = 'x'
56.1686 	DATA 	Keypress: x
56.1706 	EXP 	Created unnamed TextStim = TextStim(__class__=<class 'psychopy.visual.text.TextStim'>, alignHoriz=method-wrapper(...), alignText='center', alignVert=method-wrapper(...), anchorHoriz='center', anchorVert='center', antialias=True, autoDraw=False, autoLog=True, bold=False, color=array([-1, -1, -1]), colorSpace='rgb', contrast=1.0, depth=0, flipHoriz=False, flipVert=False, font='', fontFiles=[], height=50.0, italic=False, languageStyle='LTR', name='unnamed TextStim', opacity=1.0, ori=0.0, pos=array([0., 0.]), rgb=UNKNOWN, text='Poprawnie', units='pix', win=Window(...), wrapWidth=500)
57.1752 	EXP 	unnamed TextStim: height = 25.0
57.1752 	EXP 	unnamed TextStim: height = 25.0
57.1752 	EXP 	unnamed TextStim: height = 25.0
57.1752 	EXP 	unnamed TextStim: text = 'n'
58.8384 	DATA 	Keypress: n
58.8406 	EXP 	Created unnamed TextStim = TextStim(__class__=<class 'psychopy.visual.text.TextStim'>, alignHoriz=method-wrapper(...), alignText='center', alignVert=method-wrapper(...), anchorHoriz='center', anchorVert='center', antialias=True, autoDraw=False, autoLog=True, bold=False, color=array([-1, -1, -1]), colorSpace='rgb', contrast=1.0, depth=0, flipHoriz=False, flipVert=False, font='', fontFiles=[], height=50.0, italic=False, languageStyle='LTR', name='unnamed TextStim', opacity=1.0, ori=0.0, pos=array([0., 0.]), rgb=UNKNOWN, text='Poprawnie', units='pix', win=Window(...), wrapWidth=500)
59.8579 	EXP 	unnamed TextStim: height = 25.0
59.8579 	EXP 	unnamed TextStim: height = 25.0
59.8579 	EXP 	unnamed TextStim: height = 25.0
59.8579 	EXP 	unnamed TextStim: text = 'm'
61.2588 	DATA 	Keypress: m
61.2639 	EXP 	Created unnamed TextStim = TextStim(__class__=<class 'psychopy.visual.text.TextStim'>, alignHoriz=method-wrapper(...), alignText='center', alignVert=method-wrapper(...), anchorHoriz='center', anchorVert='center', antialias=True, autoDraw=False, autoLog=True, bold=False, color=array([-1, -1, -1]), colorSpace='rgb', contrast=1.0, depth=0, flipHoriz=False, flipVert=False, font='', fontFiles=[], height=50.0, italic=False, languageStyle='LTR', name='unnamed TextStim', opacity=1.0, ori=0.0, pos=array([0., 0.]), rgb=UNKNOWN, text='Poprawnie', units='pix', win=Window(...), wrapWidth=500)
62.2914 	EXP 	unnamed TextStim: height = 25.0
62.2914 	EXP 	unnamed TextStim: height = 25.0
62.2914 	EXP 	unnamed TextStim: height = 25.0
62.2914 	EXP 	unnamed TextStim: text = 'n'
63.7588 	DATA 	Keypress: n
65.2590 	DATA 	No keypress (maxWait exceeded)
65.2630 	EXP 	Created unnamed TextStim = TextStim(__class__=<class 'psychopy.visual.text.TextStim'>, alignHoriz=method-wrapper(...), alignText='center', alignVert=method-wrapper(...), anchorHoriz='center', anchorVert='center', antialias=True, autoDraw=False, autoLog=True, bold=False, color=array([-1, -1, -1]), colorSpace='rgb', contrast=1.0, depth=0, flipHoriz=False, flipVert=False, font='', fontFiles=[], height=50.0, italic=False, languageStyle='LTR', name='unnamed TextStim', opacity=1.0, ori=0.0, pos=array([0., 0.]), rgb=UNKNOWN, text='Niepoprawnie', units='pix', win=Window(...), wrapWidth=500)
66.2749 	EXP 	unnamed TextStim: height = 25.0
66.2749 	EXP 	unnamed TextStim: height = 25.0
66.2749 	EXP 	unnamed TextStim: height = 25.0
66.2749 	EXP 	unnamed TextStim: text = 'z'
67.8452 	DATA 	Keypress: z
67.8475 	EXP 	Created unnamed TextStim = TextStim(__class__=<class 'psychopy.visual.text.TextStim'>, alignHoriz=method-wrapper(...), alignText='center', alignVert=method-wrapper(...), anchorHoriz='center', anchorVert='center', antialias=True, autoDraw=False, autoLog=True, bold=False, color=array([-1, -1, -1]), colorSpace='rgb', contrast=1.0, depth=0, flipHoriz=False, flipVert=False, font='', fontFiles=[], height=50.0, italic=False, languageStyle='LTR', name='unnamed TextStim', opacity=1.0, ori=0.0, pos=array([0., 0.]), rgb=UNKNOWN, text='Poprawnie', units='pix', win=Window(...), wrapWidth=500)
68.8583 	EXP 	unnamed TextStim: height = 25.0
68.8583 	EXP 	unnamed TextStim: height = 25.0
68.8583 	EXP 	unnamed TextStim: height = 25.0
68.8583 	EXP 	unnamed TextStim: text = 'n'
70.4419 	DATA 	Keypress: n
70.4444 	EXP 	Created unnamed TextStim = TextStim(__class__=<class 'psychopy.visual.text.TextStim'>, alignHoriz=method-wrapper(...), alignText='center', alignVert=method-wrapper(...), anchorHoriz='center', anchorVert='center', antialias=True, autoDraw=False, autoLog=True, bold=False, color=array([-1, -1, -1]), colorSpace='rgb', contrast=1.0, depth=0, flipHoriz=False, flipVert=False, font='', fontFiles=[], height=50.0, italic=False, languageStyle='LTR', name='unnamed TextStim', opacity=1.0, ori=0.0, pos=array([0., 0.]), rgb=UNKNOWN, text='Poprawnie', units='pix', win=Window(...), wrapWidth=500)
71.4584 	EXP 	unnamed TextStim: text = 'n'
72.8757 	DATA 	Keypress: n
72.8808 	EXP 	Created unnamed TextStim = TextStim(__class__=<class 'psychopy.visual.text.TextStim'>, alignHoriz=method-wrapper(...), alignText='center', alignVert=method-wrapper(...), anchorHoriz='center', anchorVert='center', antialias=True, autoDraw=False, autoLog=True, bold=False, color=array([-1, -1, -1]), colorSpace='rgb', contrast=1.0, depth=0, flipHoriz=False, flipVert=False, font='', fontFiles=[], height=50.0, italic=False, languageStyle='LTR', name='unnamed TextStim', opacity=1.0, ori=0.0, pos=array([0., 0.]), rgb=UNKNOWN, text='Poprawnie', units='pix', win=Window(...), wrapWidth=500)
73.9084 	EXP 	unnamed TextStim: height = 25.0
73.9084 	EXP 	unnamed TextStim: height = 25.0
73.9084 	EXP 	unnamed TextStim: height = 25.0
73.9084 	EXP 	unnamed TextStim: text = 'm'
75.3425 	DATA 	Keypress: m
75.3471 	EXP 	Created unnamed TextStim = TextStim(__class__=<class 'psychopy.visual.text.TextStim'>, alignHoriz=method-wrapper(...), alignText='center', alignVert=method-wrapper(...), anchorHoriz='center', anchorVert='center', antialias=True, autoDraw=False, autoLog=True, bold=False, color=array([-1, -1, -1]), colorSpace='rgb', contrast=1.0, depth=0, flipHoriz=False, flipVert=False, font='', fontFiles=[], height=50.0, italic=False, languageStyle='LTR', name='unnamed TextStim', opacity=1.0, ori=0.0, pos=array([0., 0.]), rgb=UNKNOWN, text='Poprawnie', units='pix', win=Window(...), wrapWidth=500)
76.3753 	EXP 	unnamed TextStim: height = 25.0
76.3753 	EXP 	unnamed TextStim: height = 25.0
76.3753 	EXP 	unnamed TextStim: height = 25.0
76.3753 	EXP 	unnamed TextStim: text = 'z'
78.2875 	DATA 	Keypress: z
78.2900 	EXP 	Created unnamed TextStim = TextStim(__class__=<class 'psychopy.visual.text.TextStim'>, alignHoriz=method-wrapper(...), alignText='center', alignVert=method-wrapper(...), anchorHoriz='center', anchorVert='center', antialias=True, autoDraw=False, autoLog=True, bold=False, color=array([-1, -1, -1]), colorSpace='rgb', contrast=1.0, depth=0, flipHoriz=False, flipVert=False, font='', fontFiles=[], height=50.0, italic=False, languageStyle='LTR', name='unnamed TextStim', opacity=1.0, ori=0.0, pos=array([0., 0.]), rgb=UNKNOWN, text='Poprawnie', units='pix', win=Window(...), wrapWidth=500)
79.3087 	EXP 	unnamed TextStim: height = 25.0
79.3087 	EXP 	unnamed TextStim: height = 25.0
79.3087 	EXP 	unnamed TextStim: height = 25.0
79.3087 	EXP 	unnamed TextStim: text = 'x'
81.1483 	DATA 	Keypress: x
81.1502 	EXP 	Created unnamed TextStim = TextStim(__class__=<class 'psychopy.visual.text.TextStim'>, alignHoriz=method-wrapper(...), alignText='center', alignVert=method-wrapper(...), anchorHoriz='center', anchorVert='center', antialias=True, autoDraw=False, autoLog=True, bold=False, color=array([-1, -1, -1]), colorSpace='rgb', contrast=1.0, depth=0, flipHoriz=False, flipVert=False, font='', fontFiles=[], height=50.0, italic=False, languageStyle='LTR', name='unnamed TextStim', opacity=1.0, ori=0.0, pos=array([0., 0.]), rgb=UNKNOWN, text='Poprawnie', units='pix', win=Window(...), wrapWidth=500)
82.1588 	EXP 	unnamed TextStim: height = 25.0
82.1588 	EXP 	unnamed TextStim: height = 25.0
82.1588 	EXP 	unnamed TextStim: height = 25.0
82.1588 	EXP 	unnamed TextStim: text = 'm'
83.8601 	DATA 	Keypress: m
83.8626 	EXP 	Created unnamed TextStim = TextStim(__class__=<class 'psychopy.visual.text.TextStim'>, alignHoriz=method-wrapper(...), alignText='center', alignVert=method-wrapper(...), anchorHoriz='center', anchorVert='center', antialias=True, autoDraw=False, autoLog=True, bold=False, color=array([-1, -1, -1]), colorSpace='rgb', contrast=1.0, depth=0, flipHoriz=False, flipVert=False, font='', fontFiles=[], height=50.0, italic=False, languageStyle='LTR', name='unnamed TextStim', opacity=1.0, ori=0.0, pos=array([0., 0.]), rgb=UNKNOWN, text='Poprawnie', units='pix', win=Window(...), wrapWidth=500)
84.8754 	EXP 	unnamed TextStim: height = 25.0
84.8754 	EXP 	unnamed TextStim: height = 25.0
84.8754 	EXP 	unnamed TextStim: height = 25.0
84.8754 	EXP 	unnamed TextStim: text = 'n'
86.3273 	DATA 	Keypress: n
86.9990 	DATA 	Keypress: n
87.0015 	EXP 	Created unnamed TextStim = TextStim(__class__=<class 'psychopy.visual.text.TextStim'>, alignHoriz=method-wrapper(...), alignText='center', alignVert=method-wrapper(...), anchorHoriz='center', anchorVert='center', antialias=True, autoDraw=False, autoLog=True, bold=False, color=array([-1, -1, -1]), colorSpace='rgb', contrast=1.0, depth=0, flipHoriz=False, flipVert=False, font='', fontFiles=[], height=50.0, italic=False, languageStyle='LTR', name='unnamed TextStim', opacity=1.0, ori=0.0, pos=array([0., 0.]), rgb=UNKNOWN, text='Poprawnie', units='pix', win=Window(...), wrapWidth=500)
88.0091 	EXP 	unnamed TextStim: height = 25.0
88.0091 	EXP 	unnamed TextStim: height = 25.0
88.0091 	EXP 	unnamed TextStim: height = 25.0
88.0091 	EXP 	unnamed TextStim: text = 'z'
89.5175 	DATA 	Keypress: z
89.5198 	EXP 	Created unnamed TextStim = TextStim(__class__=<class 'psychopy.visual.text.TextStim'>, alignHoriz=method-wrapper(...), alignText='center', alignVert=method-wrapper(...), anchorHoriz='center', anchorVert='center', antialias=True, autoDraw=False, autoLog=True, bold=False, color=array([-1, -1, -1]), colorSpace='rgb', contrast=1.0, depth=0, flipHoriz=False, flipVert=False, font='', fontFiles=[], height=50.0, italic=False, languageStyle='LTR', name='unnamed TextStim', opacity=1.0, ori=0.0, pos=array([0., 0.]), rgb=UNKNOWN, text='Poprawnie', units='pix', win=Window(...), wrapWidth=500)
90.5542 	EXP 	Created unnamed TextStim = TextStim(__class__=<class 'psychopy.visual.text.TextStim'>, alignHoriz=method-wrapper(...), alignText='center', alignVert=method-wrapper(...), anchorHoriz='center', anchorVert='center', antialias=True, autoDraw=False, autoLog=True, bold=False, color=array([-1, -1, -1]), colorSpace='rgb', contrast=1.0, depth=0, flipHoriz=False, flipVert=False, font='', fontFiles=[], height=20.0, italic=False, languageStyle='LTR', name='unnamed TextStim', opacity=1.0, ori=0.0, pos=array([0., 0.]), rgb=UNKNOWN, text=str(...), units='pix', win=Window(...), wrapWidth=1536)
103.1121 	DATA 	Keypress: space
103.1259 	EXP 	unnamed TextStim: height = 25.0
103.1259 	EXP 	unnamed TextStim: height = 25.0
103.1259 	EXP 	unnamed TextStim: height = 25.0
103.1259 	EXP 	unnamed TextStim: text = 'x'
105.2511 	DATA 	Keypress: x
105.2581 	EXP 	Created unnamed TextStim = TextStim(__class__=<class 'psychopy.visual.text.TextStim'>, alignHoriz=method-wrapper(...), alignText='center', alignVert=method-wrapper(...), anchorHoriz='center', anchorVert='center', antialias=True, autoDraw=False, autoLog=True, bold=False, color=array([-1, -1, -1]), colorSpace='rgb', contrast=1.0, depth=0, flipHoriz=False, flipVert=False, font='', fontFiles=[], height=50.0, italic=False, languageStyle='LTR', name='unnamed TextStim', opacity=1.0, ori=0.0, pos=array([0., 0.]), rgb=UNKNOWN, text='Poprawnie', units='pix', win=Window(...), wrapWidth=500)
106.2763 	EXP 	unnamed TextStim: height = 25.0
106.2763 	EXP 	unnamed TextStim: height = 25.0
106.2763 	EXP 	unnamed TextStim: height = 25.0
106.2763 	EXP 	unnamed TextStim: text = 'z'
107.9205 	DATA 	Keypress: z
107.9230 	EXP 	Created unnamed TextStim = TextStim(__class__=<class 'psychopy.visual.text.TextStim'>, alignHoriz=method-wrapper(...), alignText='center', alignVert=method-wrapper(...), anchorHoriz='center', anchorVert='center', antialias=True, autoDraw=False, autoLog=True, bold=False, color=array([-1, -1, -1]), colorSpace='rgb', contrast=1.0, depth=0, flipHoriz=False, flipVert=False, font='', fontFiles=[], height=50.0, italic=False, languageStyle='LTR', name='unnamed TextStim', opacity=1.0, ori=0.0, pos=array([0., 0.]), rgb=UNKNOWN, text='Poprawnie', units='pix', win=Window(...), wrapWidth=500)
108.9285 	EXP 	unnamed TextStim: height = 25.0
108.9285 	EXP 	unnamed TextStim: height = 25.0
108.9285 	EXP 	unnamed TextStim: height = 25.0
108.9285 	EXP 	unnamed TextStim: text = 'n'
110.5951 	DATA 	Keypress: n
110.5971 	EXP 	Created unnamed TextStim = TextStim(__class__=<class 'psychopy.visual.text.TextStim'>, alignHoriz=method-wrapper(...), alignText='center', alignVert=method-wrapper(...), anchorHoriz='center', anchorVert='center', antialias=True, autoDraw=False, autoLog=True, bold=False, color=array([-1, -1, -1]), colorSpace='rgb', contrast=1.0, depth=0, flipHoriz=False, flipVert=False, font='', fontFiles=[], height=50.0, italic=False, languageStyle='LTR', name='unnamed TextStim', opacity=1.0, ori=0.0, pos=array([0., 0.]), rgb=UNKNOWN, text='Poprawnie', units='pix', win=Window(...), wrapWidth=500)
111.6099 	EXP 	unnamed TextStim: height = 25.0
111.6099 	EXP 	unnamed TextStim: height = 25.0
111.6099 	EXP 	unnamed TextStim: height = 25.0
111.6099 	EXP 	unnamed TextStim: text = 'x'
113.2806 	DATA 	Keypress: x
113.2826 	EXP 	Created unnamed TextStim = TextStim(__class__=<class 'psychopy.visual.text.TextStim'>, alignHoriz=method-wrapper(...), alignText='center', alignVert=method-wrapper(...), anchorHoriz='center', anchorVert='center', antialias=True, autoDraw=False, autoLog=True, bold=False, color=array([-1, -1, -1]), colorSpace='rgb', contrast=1.0, depth=0, flipHoriz=False, flipVert=False, font='', fontFiles=[], height=50.0, italic=False, languageStyle='LTR', name='unnamed TextStim', opacity=1.0, ori=0.0, pos=array([0., 0.]), rgb=UNKNOWN, text='Poprawnie', units='pix', win=Window(...), wrapWidth=500)
114.2932 	EXP 	unnamed TextStim: text = 'x'
115.8241 	DATA 	Keypress: x
115.8261 	EXP 	Created unnamed TextStim = TextStim(__class__=<class 'psychopy.visual.text.TextStim'>, alignHoriz=method-wrapper(...), alignText='center', alignVert=method-wrapper(...), anchorHoriz='center', anchorVert='center', antialias=True, autoDraw=False, autoLog=True, bold=False, color=array([-1, -1, -1]), colorSpace='rgb', contrast=1.0, depth=0, flipHoriz=False, flipVert=False, font='', fontFiles=[], height=50.0, italic=False, languageStyle='LTR', name='unnamed TextStim', opacity=1.0, ori=0.0, pos=array([0., 0.]), rgb=UNKNOWN, text='Poprawnie', units='pix', win=Window(...), wrapWidth=500)
116.8434 	EXP 	unnamed TextStim: height = 25.0
116.8434 	EXP 	unnamed TextStim: height = 25.0
116.8434 	EXP 	unnamed TextStim: height = 25.0
116.8434 	EXP 	unnamed TextStim: text = 'm'
118.3563 	DATA 	Keypress: m
118.3583 	EXP 	Created unnamed TextStim = TextStim(__class__=<class 'psychopy.visual.text.TextStim'>, alignHoriz=method-wrapper(...), alignText='center', alignVert=method-wrapper(...), anchorHoriz='center', anchorVert='center', antialias=True, autoDraw=False, autoLog=True, bold=False, color=array([-1, -1, -1]), colorSpace='rgb', contrast=1.0, depth=0, flipHoriz=False, flipVert=False, font='', fontFiles=[], height=50.0, italic=False, languageStyle='LTR', name='unnamed TextStim', opacity=1.0, ori=0.0, pos=array([0., 0.]), rgb=UNKNOWN, text='Poprawnie', units='pix', win=Window(...), wrapWidth=500)
119.3768 	EXP 	unnamed TextStim: height = 25.0
119.3768 	EXP 	unnamed TextStim: height = 25.0
119.3768 	EXP 	unnamed TextStim: height = 25.0
119.3768 	EXP 	unnamed TextStim: text = 'x'
121.2450 	DATA 	Keypress: x
121.2476 	EXP 	Created unnamed TextStim = TextStim(__class__=<class 'psychopy.visual.text.TextStim'>, alignHoriz=method-wrapper(...), alignText='center', alignVert=method-wrapper(...), anchorHoriz='center', anchorVert='center', antialias=True, autoDraw=False, autoLog=True, bold=False, color=array([-1, -1, -1]), colorSpace='rgb', contrast=1.0, depth=0, flipHoriz=False, flipVert=False, font='', fontFiles=[], height=50.0, italic=False, languageStyle='LTR', name='unnamed TextStim', opacity=1.0, ori=0.0, pos=array([0., 0.]), rgb=UNKNOWN, text='Poprawnie', units='pix', win=Window(...), wrapWidth=500)
122.2602 	EXP 	unnamed TextStim: height = 25.0
122.2602 	EXP 	unnamed TextStim: height = 25.0
122.2602 	EXP 	unnamed TextStim: height = 25.0
122.2602 	EXP 	unnamed TextStim: text = 'z'
123.5882 	DATA 	Keypress: z
123.5901 	EXP 	Created unnamed TextStim = TextStim(__class__=<class 'psychopy.visual.text.TextStim'>, alignHoriz=method-wrapper(...), alignText='center', alignVert=method-wrapper(...), anchorHoriz='center', anchorVert='center', antialias=True, autoDraw=False, autoLog=True, bold=False, color=array([-1, -1, -1]), colorSpace='rgb', contrast=1.0, depth=0, flipHoriz=False, flipVert=False, font='', fontFiles=[], height=50.0, italic=False, languageStyle='LTR', name='unnamed TextStim', opacity=1.0, ori=0.0, pos=array([0., 0.]), rgb=UNKNOWN, text='Poprawnie', units='pix', win=Window(...), wrapWidth=500)
124.5943 	EXP 	unnamed TextStim: height = 25.0
124.5943 	EXP 	unnamed TextStim: height = 25.0
124.5943 	EXP 	unnamed TextStim: height = 25.0
124.5943 	EXP 	unnamed TextStim: text = 'x'
126.4730 	DATA 	Keypress: x
126.4753 	EXP 	Created unnamed TextStim = TextStim(__class__=<class 'psychopy.visual.text.TextStim'>, alignHoriz=method-wrapper(...), alignText='center', alignVert=method-wrapper(...), anchorHoriz='center', anchorVert='center', antialias=True, autoDraw=False, autoLog=True, bold=False, color=array([-1, -1, -1]), colorSpace='rgb', contrast=1.0, depth=0, flipHoriz=False, flipVert=False, font='', fontFiles=[], height=50.0, italic=False, languageStyle='LTR', name='unnamed TextStim', opacity=1.0, ori=0.0, pos=array([0., 0.]), rgb=UNKNOWN, text='Poprawnie', units='pix', win=Window(...), wrapWidth=500)
127.4938 	EXP 	unnamed TextStim: height = 25.0
127.4938 	EXP 	unnamed TextStim: height = 25.0
127.4938 	EXP 	unnamed TextStim: height = 25.0
127.4938 	EXP 	unnamed TextStim: text = 'm'
129.0353 	DATA 	Keypress: m
129.0378 	EXP 	Created unnamed TextStim = TextStim(__class__=<class 'psychopy.visual.text.TextStim'>, alignHoriz=method-wrapper(...), alignText='center', alignVert=method-wrapper(...), anchorHoriz='center', anchorVert='center', antialias=True, autoDraw=False, autoLog=True, bold=False, color=array([-1, -1, -1]), colorSpace='rgb', contrast=1.0, depth=0, flipHoriz=False, flipVert=False, font='', fontFiles=[], height=50.0, italic=False, languageStyle='LTR', name='unnamed TextStim', opacity=1.0, ori=0.0, pos=array([0., 0.]), rgb=UNKNOWN, text='Poprawnie', units='pix', win=Window(...), wrapWidth=500)
130.0645 	EXP 	Created unnamed TextStim = TextStim(__class__=<class 'psychopy.visual.text.TextStim'>, alignHoriz=method-wrapper(...), alignText='center', alignVert=method-wrapper(...), anchorHoriz='center', anchorVert='center', antialias=True, autoDraw=False, autoLog=True, bold=False, color=array([-1, -1, -1]), colorSpace='rgb', contrast=1.0, depth=0, flipHoriz=False, flipVert=False, font='', fontFiles=[], height=20.0, italic=False, languageStyle='LTR', name='unnamed TextStim', opacity=1.0, ori=0.0, pos=array([0., 0.]), rgb=UNKNOWN, text=str(...), units='pix', win=Window(...), wrapWidth=1536)
148.4312 	DATA 	Keypress: space
148.4446 	EXP 	unnamed TextStim: height = 25.0
148.4446 	EXP 	unnamed TextStim: height = 25.0
148.4446 	EXP 	unnamed TextStim: height = 25.0
148.4446 	EXP 	unnamed TextStim: text = 'n'
150.2781 	DATA 	Keypress: m
150.2814 	EXP 	unnamed TextStim: height = 25.0
150.2814 	EXP 	unnamed TextStim: height = 25.0
150.2814 	EXP 	unnamed TextStim: height = 25.0
150.2814 	EXP 	unnamed TextStim: text = 'm'
151.9189 	DATA 	Keypress: m
151.9200 	EXP 	unnamed TextStim: text = 'm'
153.4094 	DATA 	Keypress: m
153.4123 	EXP 	unnamed TextStim: height = 25.0
153.4123 	EXP 	unnamed TextStim: height = 25.0
153.4123 	EXP 	unnamed TextStim: height = 25.0
153.4123 	EXP 	unnamed TextStim: text = 'z'
154.9338 	DATA 	Keypress: z
154.9360 	EXP 	unnamed TextStim: height = 25.0
154.9360 	EXP 	unnamed TextStim: height = 25.0
154.9360 	EXP 	unnamed TextStim: height = 25.0
154.9360 	EXP 	unnamed TextStim: text = 'm'
156.6017 	DATA 	Keypress: m
156.6028 	EXP 	unnamed TextStim: text = 'm'
158.3445 	DATA 	Keypress: n
158.5041 	EXP 	Created unnamed ImageStim = ImageStim(__class__=<class 'psychopy.visual.image.ImageStim'>, anchor=('center', 'center'), autoLog=True, color=array([1., 1., 1.]), colorSpace='rgb', contrast=1.0, depth=0, flipHoriz=False, flipVert=False, image='break.jpg', interpolate=True, mask=None, maskParams=None, name='unnamed ImageStim', opacity=1.0, ori=0.0, pos=array([0., 0.]), size=array([1536.,  864.]), texRes=128, units='pix', win=Window(...))
160.4754 	DATA 	Keypress: space
160.4783 	EXP 	unnamed TextStim: text = 'm'
162.2887 	DATA 	Keypress: z
162.2909 	EXP 	unnamed TextStim: height = 25.0
162.2909 	EXP 	unnamed TextStim: height = 25.0
162.2909 	EXP 	unnamed TextStim: height = 25.0
162.2909 	EXP 	unnamed TextStim: text = 'z'
163.6879 	DATA 	Keypress: z
163.6905 	EXP 	unnamed TextStim: height = 25.0
163.6905 	EXP 	unnamed TextStim: height = 25.0
163.6905 	EXP 	unnamed TextStim: height = 25.0
163.6905 	EXP 	unnamed TextStim: text = 'n'
165.5320 	DATA 	Keypress: n
165.5343 	EXP 	unnamed TextStim: height = 25.0
165.5343 	EXP 	unnamed TextStim: height = 25.0
165.5343 	EXP 	unnamed TextStim: height = 25.0
165.5343 	EXP 	unnamed TextStim: text = 'm'
167.0245 	DATA 	Keypress: m
167.0257 	EXP 	unnamed TextStim: text = 'm'
168.4117 	DATA 	Keypress: m
168.4164 	EXP 	unnamed TextStim: height = 25.0
168.4164 	EXP 	unnamed TextStim: height = 25.0
168.4164 	EXP 	unnamed TextStim: height = 25.0
168.4164 	EXP 	unnamed TextStim: text = 'z'
170.1280 	DATA 	Keypress: z
170.2647 	EXP 	Created unnamed ImageStim = ImageStim(__class__=<class 'psychopy.visual.image.ImageStim'>, anchor=('center', 'center'), autoLog=True, color=array([1., 1., 1.]), colorSpace='rgb', contrast=1.0, depth=0, flipHoriz=False, flipVert=False, image='break.jpg', interpolate=True, mask=None, maskParams=None, name='unnamed ImageStim', opacity=1.0, ori=0.0, pos=array([0., 0.]), size=array([1536.,  864.]), texRes=128, units='pix', win=Window(...))
173.2313 	DATA 	Keypress: space
173.2452 	EXP 	unnamed TextStim: height = 25.0
173.2452 	EXP 	unnamed TextStim: height = 25.0
173.2452 	EXP 	unnamed TextStim: height = 25.0
173.2452 	EXP 	unnamed TextStim: text = 'm'
174.7831 	DATA 	Keypress: z
174.7861 	EXP 	unnamed TextStim: height = 25.0
174.7861 	EXP 	unnamed TextStim: height = 25.0
174.7861 	EXP 	unnamed TextStim: height = 25.0
174.7861 	EXP 	unnamed TextStim: text = 'x'
176.7751 	DATA 	Keypress: x
176.7763 	EXP 	unnamed TextStim: text = 'x'
179.0263 	DATA 	Keypress: n
179.0287 	EXP 	unnamed TextStim: height = 25.0
179.0287 	EXP 	unnamed TextStim: height = 25.0
179.0287 	EXP 	unnamed TextStim: height = 25.0
179.0287 	EXP 	unnamed TextStim: text = 'n'
180.9904 	DATA 	Keypress: z
180.9915 	EXP 	unnamed TextStim: text = 'n'
182.8877 	DATA 	Keypress: m
182.8900 	EXP 	unnamed TextStim: height = 25.0
182.8900 	EXP 	unnamed TextStim: height = 25.0
182.8900 	EXP 	unnamed TextStim: height = 25.0
182.8900 	EXP 	unnamed TextStim: text = 'm'
184.3594 	DATA 	Keypress: m
184.5391 	EXP 	Created unnamed ImageStim = ImageStim(__class__=<class 'psychopy.visual.image.ImageStim'>, anchor=('center', 'center'), autoLog=True, color=array([1., 1., 1.]), colorSpace='rgb', contrast=1.0, depth=0, flipHoriz=False, flipVert=False, image='break.jpg', interpolate=True, mask=None, maskParams=None, name='unnamed ImageStim', opacity=1.0, ori=0.0, pos=array([0., 0.]), size=array([1536.,  864.]), texRes=128, units='pix', win=Window(...))
186.4144 	DATA 	Keypress: space
186.4290 	EXP 	unnamed TextStim: height = 25.0
186.4290 	EXP 	unnamed TextStim: height = 25.0
186.4290 	EXP 	unnamed TextStim: height = 25.0
186.4290 	EXP 	unnamed TextStim: text = 'n'
188.6945 	DATA 	Keypress: n
188.6967 	EXP 	unnamed TextStim: height = 25.0
188.6967 	EXP 	unnamed TextStim: height = 25.0
188.6967 	EXP 	unnamed TextStim: height = 25.0
188.6967 	EXP 	unnamed TextStim: text = 'x'
191.0013 	DATA 	Keypress: n
191.0039 	EXP 	unnamed TextStim: text = 'x'
193.0591 	DATA 	Keypress: x
193.0657 	EXP 	unnamed TextStim: height = 25.0
193.0657 	EXP 	unnamed TextStim: height = 25.0
193.0657 	EXP 	unnamed TextStim: height = 25.0
193.0657 	EXP 	unnamed TextStim: text = 'm'
194.5760 	DATA 	Keypress: m
194.5782 	EXP 	unnamed TextStim: height = 25.0
194.5782 	EXP 	unnamed TextStim: height = 25.0
194.5782 	EXP 	unnamed TextStim: height = 25.0
194.5782 	EXP 	unnamed TextStim: text = 'x'
196.4565 	DATA 	Keypress: x
196.4585 	EXP 	unnamed TextStim: height = 25.0
196.4585 	EXP 	unnamed TextStim: height = 25.0
196.4585 	EXP 	unnamed TextStim: height = 25.0
196.4585 	EXP 	unnamed TextStim: text = 'm'
198.2512 	DATA 	Keypress: m
198.4028 	EXP 	Created unnamed ImageStim = ImageStim(__class__=<class 'psychopy.visual.image.ImageStim'>, anchor=('center', 'center'), autoLog=True, color=array([1., 1., 1.]), colorSpace='rgb', contrast=1.0, depth=0, flipHoriz=False, flipVert=False, image='break.jpg', interpolate=True, mask=None, maskParams=None, name='unnamed ImageStim', opacity=1.0, ori=0.0, pos=array([0., 0.]), size=array([1536.,  864.]), texRes=128, units='pix', win=Window(...))
200.0751 	DATA 	Keypress: space
200.0797 	EXP 	unnamed TextStim: height = 25.0
200.0797 	EXP 	unnamed TextStim: height = 25.0
200.0797 	EXP 	unnamed TextStim: height = 25.0
200.0797 	EXP 	unnamed TextStim: text = 'x'
202.0301 	DATA 	Keypress: z
202.0313 	EXP 	unnamed TextStim: text = 'x'
203.9079 	DATA 	Keypress: x
203.9091 	EXP 	unnamed TextStim: text = 'x'
205.3843 	DATA 	Keypress: x
205.3865 	EXP 	unnamed TextStim: height = 25.0
205.3865 	EXP 	unnamed TextStim: height = 25.0
205.3865 	EXP 	unnamed TextStim: height = 25.0
205.3865 	EXP 	unnamed TextStim: text = 'n'
207.1635 	DATA 	Keypress: z
207.1647 	EXP 	unnamed TextStim: text = 'n'
209.2269 	DATA 	Keypress: n
209.2291 	EXP 	unnamed TextStim: height = 25.0
209.2291 	EXP 	unnamed TextStim: height = 25.0
209.2291 	EXP 	unnamed TextStim: height = 25.0
209.2291 	EXP 	unnamed TextStim: text = 'm'
210.6937 	DATA 	Keypress: m
210.8582 	EXP 	Created unnamed ImageStim = ImageStim(__class__=<class 'psychopy.visual.image.ImageStim'>, anchor=('center', 'center'), autoLog=True, color=array([1., 1., 1.]), colorSpace='rgb', contrast=1.0, depth=0, flipHoriz=False, flipVert=False, image='break.jpg', interpolate=True, mask=None, maskParams=None, name='unnamed ImageStim', opacity=1.0, ori=0.0, pos=array([0., 0.]), size=array([1536.,  864.]), texRes=128, units='pix', win=Window(...))
212.1806 	DATA 	Keypress: space
212.1967 	EXP 	unnamed TextStim: height = 25.0
212.1967 	EXP 	unnamed TextStim: height = 25.0
212.1967 	EXP 	unnamed TextStim: height = 25.0
212.1967 	EXP 	unnamed TextStim: text = 'z'
213.8486 	DATA 	Keypress: z
213.8508 	EXP 	unnamed TextStim: height = 25.0
213.8508 	EXP 	unnamed TextStim: height = 25.0
213.8508 	EXP 	unnamed TextStim: height = 25.0
213.8508 	EXP 	unnamed TextStim: text = 'm'
215.2114 	DATA 	Keypress: m
215.2184 	EXP 	unnamed TextStim: height = 25.0
215.2184 	EXP 	unnamed TextStim: height = 25.0
215.2184 	EXP 	unnamed TextStim: height = 25.0
215.2184 	EXP 	unnamed TextStim: text = 'z'
217.0850 	DATA 	Keypress: x
217.0872 	EXP 	unnamed TextStim: height = 25.0
217.0872 	EXP 	unnamed TextStim: height = 25.0
217.0872 	EXP 	unnamed TextStim: height = 25.0
217.0872 	EXP 	unnamed TextStim: text = 'x'
218.7166 	DATA 	Keypress: z
218.7188 	EXP 	unnamed TextStim: height = 25.0
218.7188 	EXP 	unnamed TextStim: height = 25.0
218.7188 	EXP 	unnamed TextStim: height = 25.0
218.7188 	EXP 	unnamed TextStim: text = 'm'
220.1571 	DATA 	Keypress: m
220.1583 	EXP 	unnamed TextStim: text = 'm'
221.7053 	DATA 	Keypress: m
221.8328 	EXP 	Created unnamed ImageStim = ImageStim(__class__=<class 'psychopy.visual.image.ImageStim'>, anchor=('center', 'center'), autoLog=True, color=array([1., 1., 1.]), colorSpace='rgb', contrast=1.0, depth=0, flipHoriz=False, flipVert=False, image='break.jpg', interpolate=True, mask=None, maskParams=None, name='unnamed ImageStim', opacity=1.0, ori=0.0, pos=array([0., 0.]), size=array([1536.,  864.]), texRes=128, units='pix', win=Window(...))
222.6803 	DATA 	Keypress: space
222.6970 	EXP 	unnamed TextStim: height = 25.0
222.6970 	EXP 	unnamed TextStim: height = 25.0
222.6970 	EXP 	unnamed TextStim: height = 25.0
222.6970 	EXP 	unnamed TextStim: text = 'z'
224.3276 	DATA 	Keypress: z
224.3298 	EXP 	unnamed TextStim: height = 25.0
224.3298 	EXP 	unnamed TextStim: height = 25.0
224.3298 	EXP 	unnamed TextStim: height = 25.0
224.3298 	EXP 	unnamed TextStim: text = 'n'
225.8529 	DATA 	Keypress: n
225.8542 	EXP 	unnamed TextStim: text = 'n'
227.4832 	DATA 	Keypress: n
227.4854 	EXP 	unnamed TextStim: height = 25.0
227.4854 	EXP 	unnamed TextStim: height = 25.0
227.4854 	EXP 	unnamed TextStim: height = 25.0
227.4854 	EXP 	unnamed TextStim: text = 'x'
230.2478 	DATA 	No keypress (maxWait exceeded)
230.2500 	EXP 	unnamed TextStim: height = 25.0
230.2500 	EXP 	unnamed TextStim: height = 25.0
230.2500 	EXP 	unnamed TextStim: height = 25.0
230.2500 	EXP 	unnamed TextStim: text = 'm'
230.4488 	DATA 	Keypress: n
231.7675 	DATA 	Keypress: m
231.7697 	EXP 	unnamed TextStim: height = 25.0
231.7697 	EXP 	unnamed TextStim: height = 25.0
231.7697 	EXP 	unnamed TextStim: height = 25.0
231.7697 	EXP 	unnamed TextStim: text = 'x'
233.4102 	DATA 	Keypress: x
233.5623 	EXP 	Created unnamed ImageStim = ImageStim(__class__=<class 'psychopy.visual.image.ImageStim'>, anchor=('center', 'center'), autoLog=True, color=array([1., 1., 1.]), colorSpace='rgb', contrast=1.0, depth=0, flipHoriz=False, flipVert=False, image='break.jpg', interpolate=True, mask=None, maskParams=None, name='unnamed ImageStim', opacity=1.0, ori=0.0, pos=array([0., 0.]), size=array([1536.,  864.]), texRes=128, units='pix', win=Window(...))
234.9157 	DATA 	Keypress: space
234.9308 	EXP 	unnamed TextStim: height = 25.0
234.9308 	EXP 	unnamed TextStim: height = 25.0
234.9308 	EXP 	unnamed TextStim: height = 25.0
234.9308 	EXP 	unnamed TextStim: text = 'z'
236.4454 	DATA 	Keypress: z
236.4476 	EXP 	unnamed TextStim: height = 25.0
236.4476 	EXP 	unnamed TextStim: height = 25.0
236.4476 	EXP 	unnamed TextStim: height = 25.0
236.4476 	EXP 	unnamed TextStim: text = 'm'
238.0566 	DATA 	Keypress: m
238.0588 	EXP 	unnamed TextStim: height = 25.0
238.0588 	EXP 	unnamed TextStim: height = 25.0
238.0588 	EXP 	unnamed TextStim: height = 25.0
238.0588 	EXP 	unnamed TextStim: text = 'x'
240.3032 	DATA 	Keypress: n
240.3054 	EXP 	unnamed TextStim: height = 25.0
240.3054 	EXP 	unnamed TextStim: height = 25.0
240.3054 	EXP 	unnamed TextStim: height = 25.0
240.3054 	EXP 	unnamed TextStim: text = 'm'
241.6631 	DATA 	Keypress: m
241.6653 	EXP 	unnamed TextStim: height = 25.0
241.6653 	EXP 	unnamed TextStim: height = 25.0
241.6653 	EXP 	unnamed TextStim: height = 25.0
241.6653 	EXP 	unnamed TextStim: text = 'n'
243.8218 	DATA 	Keypress: n
243.8240 	EXP 	unnamed TextStim: height = 25.0
243.8240 	EXP 	unnamed TextStim: height = 25.0
243.8240 	EXP 	unnamed TextStim: height = 25.0
243.8240 	EXP 	unnamed TextStim: text = 'z'
245.3123 	DATA 	Keypress: z
245.4804 	EXP 	Created unnamed ImageStim = ImageStim(__class__=<class 'psychopy.visual.image.ImageStim'>, anchor=('center', 'center'), autoLog=True, color=array([1., 1., 1.]), colorSpace='rgb', contrast=1.0, depth=0, flipHoriz=False, flipVert=False, image='break.jpg', interpolate=True, mask=None, maskParams=None, name='unnamed ImageStim', opacity=1.0, ori=0.0, pos=array([0., 0.]), size=array([1536.,  864.]), texRes=128, units='pix', win=Window(...))
246.3751 	DATA 	Keypress: space
246.3813 	EXP 	unnamed TextStim: height = 25.0
246.3813 	EXP 	unnamed TextStim: height = 25.0
246.3813 	EXP 	unnamed TextStim: height = 25.0
246.3813 	EXP 	unnamed TextStim: text = 'n'
247.8258 	DATA 	Keypress: n
247.8270 	EXP 	unnamed TextStim: text = 'n'
249.3633 	DATA 	Keypress: n
249.3656 	EXP 	unnamed TextStim: height = 25.0
249.3656 	EXP 	unnamed TextStim: height = 25.0
249.3656 	EXP 	unnamed TextStim: height = 25.0
249.3656 	EXP 	unnamed TextStim: text = 'z'
250.9667 	DATA 	Keypress: z
250.9679 	EXP 	unnamed TextStim: text = 'z'
252.4950 	DATA 	Keypress: z
252.4971 	EXP 	unnamed TextStim: height = 25.0
252.4971 	EXP 	unnamed TextStim: height = 25.0
252.4971 	EXP 	unnamed TextStim: height = 25.0
252.4971 	EXP 	unnamed TextStim: text = 'x'
254.2871 	DATA 	Keypress: x
254.2916 	EXP 	unnamed TextStim: height = 25.0
254.2916 	EXP 	unnamed TextStim: height = 25.0
254.2916 	EXP 	unnamed TextStim: height = 25.0
254.2916 	EXP 	unnamed TextStim: text = 'z'
255.6268 	DATA 	Keypress: z
255.7673 	EXP 	Created unnamed ImageStim = ImageStim(__class__=<class 'psychopy.visual.image.ImageStim'>, anchor=('center', 'center'), autoLog=True, color=array([1., 1., 1.]), colorSpace='rgb', contrast=1.0, depth=0, flipHoriz=False, flipVert=False, image='break.jpg', interpolate=True, mask=None, maskParams=None, name='unnamed ImageStim', opacity=1.0, ori=0.0, pos=array([0., 0.]), size=array([1536.,  864.]), texRes=128, units='pix', win=Window(...))
256.9140 	DATA 	Keypress: space
256.9316 	EXP 	unnamed TextStim: height = 25.0
256.9316 	EXP 	unnamed TextStim: height = 25.0
256.9316 	EXP 	unnamed TextStim: height = 25.0
256.9316 	EXP 	unnamed TextStim: text = 'm'
258.8825 	DATA 	Keypress: m
258.8851 	EXP 	unnamed TextStim: height = 25.0
258.8851 	EXP 	unnamed TextStim: height = 25.0
258.8851 	EXP 	unnamed TextStim: height = 25.0
258.8851 	EXP 	unnamed TextStim: text = 'x'
261.1850 	DATA 	Keypress: n
261.1876 	EXP 	unnamed TextStim: text = 'x'
262.9473 	DATA 	Keypress: x
262.9497 	EXP 	unnamed TextStim: height = 25.0
262.9497 	EXP 	unnamed TextStim: height = 25.0
262.9497 	EXP 	unnamed TextStim: height = 25.0
262.9497 	EXP 	unnamed TextStim: text = 'm'
264.6781 	DATA 	Keypress: m
264.6792 	EXP 	unnamed TextStim: text = 'm'
266.2169 	DATA 	Keypress: m
266.2190 	EXP 	unnamed TextStim: height = 25.0
266.2190 	EXP 	unnamed TextStim: height = 25.0
266.2190 	EXP 	unnamed TextStim: height = 25.0
266.2190 	EXP 	unnamed TextStim: text = 'n'
267.6316 	DATA 	Keypress: n
267.7947 	EXP 	Created unnamed ImageStim = ImageStim(__class__=<class 'psychopy.visual.image.ImageStim'>, anchor=('center', 'center'), autoLog=True, color=array([1., 1., 1.]), colorSpace='rgb', contrast=1.0, depth=0, flipHoriz=False, flipVert=False, image='break.jpg', interpolate=True, mask=None, maskParams=None, name='unnamed ImageStim', opacity=1.0, ori=0.0, pos=array([0., 0.]), size=array([1536.,  864.]), texRes=128, units='pix', win=Window(...))
268.8765 	DATA 	Keypress: space
268.8821 	EXP 	unnamed TextStim: height = 25.0
268.8821 	EXP 	unnamed TextStim: height = 25.0
268.8821 	EXP 	unnamed TextStim: height = 25.0
268.8821 	EXP 	unnamed TextStim: text = 'z'
270.4265 	DATA 	Keypress: z
270.4288 	EXP 	unnamed TextStim: height = 25.0
270.4288 	EXP 	unnamed TextStim: height = 25.0
270.4288 	EXP 	unnamed TextStim: height = 25.0
270.4288 	EXP 	unnamed TextStim: text = 'm'
272.0216 	DATA 	Keypress: m
272.0228 	EXP 	unnamed TextStim: text = 'm'
274.7494 	DATA 	No keypress (maxWait exceeded)
274.7517 	EXP 	unnamed TextStim: height = 25.0
274.7517 	EXP 	unnamed TextStim: height = 25.0
274.7517 	EXP 	unnamed TextStim: height = 25.0
274.7517 	EXP 	unnamed TextStim: text = 'x'
274.9172 	DATA 	Keypress: n
276.3871 	DATA 	Keypress: z
276.3934 	EXP 	unnamed TextStim: height = 25.0
276.3934 	EXP 	unnamed TextStim: height = 25.0
276.3934 	EXP 	unnamed TextStim: height = 25.0
276.3934 	EXP 	unnamed TextStim: text = 'n'
278.0325 	DATA 	Keypress: n
278.0347 	EXP 	unnamed TextStim: height = 25.0
278.0347 	EXP 	unnamed TextStim: height = 25.0
278.0347 	EXP 	unnamed TextStim: height = 25.0
278.0347 	EXP 	unnamed TextStim: text = 'm'
280.4336 	DATA 	Keypress: n
280.5895 	EXP 	Created unnamed ImageStim = ImageStim(__class__=<class 'psychopy.visual.image.ImageStim'>, anchor=('center', 'center'), autoLog=True, color=array([1., 1., 1.]), colorSpace='rgb', contrast=1.0, depth=0, flipHoriz=False, flipVert=False, image='break.jpg', interpolate=True, mask=None, maskParams=None, name='unnamed ImageStim', opacity=1.0, ori=0.0, pos=array([0., 0.]), size=array([1536.,  864.]), texRes=128, units='pix', win=Window(...))
281.8276 	DATA 	Keypress: space
281.8432 	EXP 	Created unnamed TextStim = TextStim(__class__=<class 'psychopy.visual.text.TextStim'>, alignHoriz=method-wrapper(...), alignText='center', alignVert=method-wrapper(...), anchorHoriz='center', anchorVert='center', antialias=True, autoDraw=False, autoLog=True, bold=False, color=array([-1, -1, -1]), colorSpace='rgb', contrast=1.0, depth=0, flipHoriz=False, flipVert=False, font='', fontFiles=[], height=20.0, italic=False, languageStyle='LTR', name='unnamed TextStim', opacity=1.0, ori=0.0, pos=array([0., 0.]), rgb=UNKNOWN, text=str(...), units='pix', win=Window(...), wrapWidth=1536)
286.5086 	DATA 	Keypress: escape
287.5898 	DATA 	Keypress: space
287.6805 	EXP 	window1: mouseVisible = True
