15.9536 	WARNING 	User requested fullscreen with size [1536  864], but screen is actually [1920, 1080]. Using actual size
17.2320 	INFO 	FRAME RATE: 60
17.2321 	INFO 	SCREEN RES: odict_values([1536, 864])
17.2883 	EXP 	Created unnamed TextStim = TextStim(__class__=<class 'psychopy.visual.text.TextStim'>, alignHoriz=method-wrapper(...), alignText='center', alignVert=method-wrapper(...), anchorHoriz='center', anchorVert='center', antialias=True, autoDraw=False, autoLog=True, bold=False, color=array([-1, -1, -1]), colorSpace='rgb', contrast=1.0, depth=0, flipHoriz=False, flipVert=False, font='', fontFiles=[], height=100.0, italic=False, languageStyle='LTR', name='unnamed TextStim', opacity=1.0, ori=0.0, pos=array([0., 0.]), rgb=UNKNOWN, text='+', units='pix', win=Window(...), wrapWidth=500)
17.2925 	EXP 	Created unnamed Circle = Circle(__class__=<class 'psychopy.visual.circle.Circle'>, anchor=('center', 'center'), autoDraw=False, autoLog=True, closeShape=True, color=method-wrapper(...), colorSpace='rgb', contrast=None, depth=0, fillColor=array([ 0.09019608, -1.        , -1.        ]), fillColorSpace='rgb', fillRGB=array([ 0.09019608, -1.        , -1.        ]), interpolate=True, lineColor=array([ 0.09019608, -1.        , -1.        ]), lineColorSpace='rgb', lineRGB=array([ 0.09019608, -1.        , -1.        ]), lineWidth=1.5, name='unnamed Circle', opacity=1.0, ori=0.0, pos=array([0., 0.]), size=array([1., 1.]), units='pix', vertices=ndarray(...), win=Window(...))
17.2938 	EXP 	Created unnamed TextStim = TextStim(__class__=<class 'psychopy.visual.text.TextStim'>, alignHoriz=method-wrapper(...), alignText='center', alignVert=method-wrapper(...), anchorHoriz='center', anchorVert='center', antialias=True, autoDraw=False, autoLog=True, bold=False, color=array([-0.17647059, -0.17647059, -0.17647059]), colorSpace='rgb', contrast=1.0, depth=0, flipHoriz=False, flipVert=False, font='', fontFiles=[], height=25, italic=False, languageStyle='LTR', name='unnamed TextStim', opacity=1.0, ori=0.0, pos=array([0., 0.]), rgb=UNKNOWN, text='', units='pix', win=Window(...), wrapWidth=500)
17.3005 	EXP 	Created unnamed ImageStim = ImageStim(__class__=<class 'psychopy.visual.image.ImageStim'>, anchor=('center', 'center'), autoLog=True, color=array([1., 1., 1.]), colorSpace='rgb', contrast=1.0, depth=0, flipHoriz=False, flipVert=False, image='mask4.png', interpolate=False, mask=None, maskParams=None, name='unnamed ImageStim', opacity=1.0, ori=0.0, pos=array([0., 0.]), size=array([25., 25.]), texRes=128, units='pix', win=Window(...))
17.3094 	EXP 	Created unnamed TextStim = TextStim(__class__=<class 'psychopy.visual.text.TextStim'>, alignHoriz=method-wrapper(...), alignText='center', alignVert=method-wrapper(...), anchorHoriz='center', anchorVert='center', antialias=True, autoDraw=False, autoLog=True, bold=False, color=array([-1, -1, -1]), colorSpace='rgb', contrast=1.0, depth=0, flipHoriz=False, flipVert=False, font='', fontFiles=[], height=30.0, italic=False, languageStyle='LTR', name='unnamed TextStim', opacity=1.0, ori=0.0, pos=array([ 100., -300.]), rgb=UNKNOWN, text=str(...), units='pix', win=Window(...), wrapWidth=10000)
17.3139 	EXP 	Created unnamed TextStim = TextStim(__class__=<class 'psychopy.visual.text.TextStim'>, alignHoriz=method-wrapper(...), alignText='center', alignVert=method-wrapper(...), anchorHoriz='center', anchorVert='center', antialias=True, autoDraw=False, autoLog=True, bold=False, color=array([-1, -1, -1]), colorSpace='rgb', contrast=1.0, depth=0, flipHoriz=False, flipVert=False, font='', fontFiles=[], height=30.0, italic=False, languageStyle='LTR', name='unnamed TextStim', opacity=1.0, ori=0.0, pos=array([ 100., -330.]), rgb=UNKNOWN, text=str(...), units='pix', win=Window(...), wrapWidth=10000)
17.3556 	EXP 	Created unnamed TextStim = TextStim(__class__=<class 'psychopy.visual.text.TextStim'>, alignHoriz=method-wrapper(...), alignText='center', alignVert=method-wrapper(...), anchorHoriz='center', anchorVert='center', antialias=True, autoDraw=False, autoLog=True, bold=False, color=array([-1, -1, -1]), colorSpace='rgb', contrast=1.0, depth=0, flipHoriz=False, flipVert=False, font='', fontFiles=[], height=20.0, italic=False, languageStyle='LTR', name='unnamed TextStim', opacity=1.0, ori=0.0, pos=array([0., 0.]), rgb=UNKNOWN, text=str(...), units='pix', win=Window(...), wrapWidth=1536)
35.8886 	DATA 	Keypress: space
35.8978 	EXP 	unnamed TextStim: height = 25.0
35.8978 	EXP 	unnamed TextStim: height = 25.0
35.8978 	EXP 	unnamed TextStim: height = 25.0
35.8978 	EXP 	unnamed TextStim: text = 'm'
38.1495 	DATA 	Keypress: m
38.1584 	EXP 	Created unnamed TextStim = TextStim(__class__=<class 'psychopy.visual.text.TextStim'>, alignHoriz=method-wrapper(...), alignText='center', alignVert=method-wrapper(...), anchorHoriz='center', anchorVert='center', antialias=True, autoDraw=False, autoLog=True, bold=False, color=array([-1, -1, -1]), colorSpace='rgb', contrast=1.0, depth=0, flipHoriz=False, flipVert=False, font='', fontFiles=[], height=50.0, italic=False, languageStyle='LTR', name='unnamed TextStim', opacity=1.0, ori=0.0, pos=array([0., 0.]), rgb=UNKNOWN, text='Poprawnie', units='pix', win=Window(...), wrapWidth=500)
39.1649 	EXP 	unnamed TextStim: height = 25.0
39.1649 	EXP 	unnamed TextStim: height = 25.0
39.1649 	EXP 	unnamed TextStim: height = 25.0
39.1649 	EXP 	unnamed TextStim: text = 'z'
41.2848 	DATA 	Keypress: z
41.2870 	EXP 	Created unnamed TextStim = TextStim(__class__=<class 'psychopy.visual.text.TextStim'>, alignHoriz=method-wrapper(...), alignText='center', alignVert=method-wrapper(...), anchorHoriz='center', anchorVert='center', antialias=True, autoDraw=False, autoLog=True, bold=False, color=array([-1, -1, -1]), colorSpace='rgb', contrast=1.0, depth=0, flipHoriz=False, flipVert=False, font='', fontFiles=[], height=50.0, italic=False, languageStyle='LTR', name='unnamed TextStim', opacity=1.0, ori=0.0, pos=array([0., 0.]), rgb=UNKNOWN, text='Poprawnie', units='pix', win=Window(...), wrapWidth=500)
42.2984 	EXP 	unnamed TextStim: text = 'z'
44.1072 	DATA 	Keypress: z
44.1092 	EXP 	Created unnamed TextStim = TextStim(__class__=<class 'psychopy.visual.text.TextStim'>, alignHoriz=method-wrapper(...), alignText='center', alignVert=method-wrapper(...), anchorHoriz='center', anchorVert='center', antialias=True, autoDraw=False, autoLog=True, bold=False, color=array([-1, -1, -1]), colorSpace='rgb', contrast=1.0, depth=0, flipHoriz=False, flipVert=False, font='', fontFiles=[], height=50.0, italic=False, languageStyle='LTR', name='unnamed TextStim', opacity=1.0, ori=0.0, pos=array([0., 0.]), rgb=UNKNOWN, text='Poprawnie', units='pix', win=Window(...), wrapWidth=500)
45.1151 	EXP 	unnamed TextStim: text = 'z'
46.6984 	DATA 	Keypress: z
46.7006 	EXP 	Created unnamed TextStim = TextStim(__class__=<class 'psychopy.visual.text.TextStim'>, alignHoriz=method-wrapper(...), alignText='center', alignVert=method-wrapper(...), anchorHoriz='center', anchorVert='center', antialias=True, autoDraw=False, autoLog=True, bold=False, color=array([-1, -1, -1]), colorSpace='rgb', contrast=1.0, depth=0, flipHoriz=False, flipVert=False, font='', fontFiles=[], height=50.0, italic=False, languageStyle='LTR', name='unnamed TextStim', opacity=1.0, ori=0.0, pos=array([0., 0.]), rgb=UNKNOWN, text='Poprawnie', units='pix', win=Window(...), wrapWidth=500)
47.7152 	EXP 	unnamed TextStim: height = 25.0
47.7152 	EXP 	unnamed TextStim: height = 25.0
47.7152 	EXP 	unnamed TextStim: height = 25.0
47.7152 	EXP 	unnamed TextStim: text = 'x'
49.6984 	DATA 	Keypress: x
49.7004 	EXP 	Created unnamed TextStim = TextStim(__class__=<class 'psychopy.visual.text.TextStim'>, alignHoriz=method-wrapper(...), alignText='center', alignVert=method-wrapper(...), anchorHoriz='center', anchorVert='center', antialias=True, autoDraw=False, autoLog=True, bold=False, color=array([-1, -1, -1]), colorSpace='rgb', contrast=1.0, depth=0, flipHoriz=False, flipVert=False, font='', fontFiles=[], height=50.0, italic=False, languageStyle='LTR', name='unnamed TextStim', opacity=1.0, ori=0.0, pos=array([0., 0.]), rgb=UNKNOWN, text='Poprawnie', units='pix', win=Window(...), wrapWidth=500)
50.7153 	EXP 	unnamed TextStim: height = 25.0
50.7153 	EXP 	unnamed TextStim: height = 25.0
50.7153 	EXP 	unnamed TextStim: height = 25.0
50.7153 	EXP 	unnamed TextStim: text = 'n'
52.6493 	DATA 	Keypress: n
52.6517 	EXP 	Created unnamed TextStim = TextStim(__class__=<class 'psychopy.visual.text.TextStim'>, alignHoriz=method-wrapper(...), alignText='center', alignVert=method-wrapper(...), anchorHoriz='center', anchorVert='center', antialias=True, autoDraw=False, autoLog=True, bold=False, color=array([-1, -1, -1]), colorSpace='rgb', contrast=1.0, depth=0, flipHoriz=False, flipVert=False, font='', fontFiles=[], height=50.0, italic=False, languageStyle='LTR', name='unnamed TextStim', opacity=1.0, ori=0.0, pos=array([0., 0.]), rgb=UNKNOWN, text='Poprawnie', units='pix', win=Window(...), wrapWidth=500)
53.6654 	EXP 	unnamed TextStim: height = 25.0
53.6654 	EXP 	unnamed TextStim: height = 25.0
53.6654 	EXP 	unnamed TextStim: height = 25.0
53.6654 	EXP 	unnamed TextStim: text = 'm'
55.0494 	DATA 	Keypress: m
55.0551 	EXP 	Created unnamed TextStim = TextStim(__class__=<class 'psychopy.visual.text.TextStim'>, alignHoriz=method-wrapper(...), alignText='center', alignVert=method-wrapper(...), anchorHoriz='center', anchorVert='center', antialias=True, autoDraw=False, autoLog=True, bold=False, color=array([-1, -1, -1]), colorSpace='rgb', contrast=1.0, depth=0, flipHoriz=False, flipVert=False, font='', fontFiles=[], height=50.0, italic=False, languageStyle='LTR', name='unnamed TextStim', opacity=1.0, ori=0.0, pos=array([0., 0.]), rgb=UNKNOWN, text='Poprawnie', units='pix', win=Window(...), wrapWidth=500)
56.0822 	EXP 	unnamed TextStim: height = 25.0
56.0822 	EXP 	unnamed TextStim: height = 25.0
56.0822 	EXP 	unnamed TextStim: height = 25.0
56.0822 	EXP 	unnamed TextStim: text = 'z'
57.7847 	DATA 	Keypress: z
57.7873 	EXP 	Created unnamed TextStim = TextStim(__class__=<class 'psychopy.visual.text.TextStim'>, alignHoriz=method-wrapper(...), alignText='center', alignVert=method-wrapper(...), anchorHoriz='center', anchorVert='center', antialias=True, autoDraw=False, autoLog=True, bold=False, color=array([-1, -1, -1]), colorSpace='rgb', contrast=1.0, depth=0, flipHoriz=False, flipVert=False, font='', fontFiles=[], height=50.0, italic=False, languageStyle='LTR', name='unnamed TextStim', opacity=1.0, ori=0.0, pos=array([0., 0.]), rgb=UNKNOWN, text='Poprawnie', units='pix', win=Window(...), wrapWidth=500)
58.7990 	EXP 	unnamed TextStim: height = 25.0
58.7990 	EXP 	unnamed TextStim: height = 25.0
58.7990 	EXP 	unnamed TextStim: height = 25.0
58.7990 	EXP 	unnamed TextStim: text = 'm'
60.8924 	DATA 	Keypress: m
60.8943 	EXP 	Created unnamed TextStim = TextStim(__class__=<class 'psychopy.visual.text.TextStim'>, alignHoriz=method-wrapper(...), alignText='center', alignVert=method-wrapper(...), anchorHoriz='center', anchorVert='center', antialias=True, autoDraw=False, autoLog=True, bold=False, color=array([-1, -1, -1]), colorSpace='rgb', contrast=1.0, depth=0, flipHoriz=False, flipVert=False, font='', fontFiles=[], height=50.0, italic=False, languageStyle='LTR', name='unnamed TextStim', opacity=1.0, ori=0.0, pos=array([0., 0.]), rgb=UNKNOWN, text='Poprawnie', units='pix', win=Window(...), wrapWidth=500)
61.8990 	EXP 	unnamed TextStim: height = 25.0
61.8990 	EXP 	unnamed TextStim: height = 25.0
61.8990 	EXP 	unnamed TextStim: height = 25.0
61.8990 	EXP 	unnamed TextStim: text = 'z'
63.3166 	DATA 	Keypress: m
63.3235 	EXP 	Created unnamed TextStim = TextStim(__class__=<class 'psychopy.visual.text.TextStim'>, alignHoriz=method-wrapper(...), alignText='center', alignVert=method-wrapper(...), anchorHoriz='center', anchorVert='center', antialias=True, autoDraw=False, autoLog=True, bold=False, color=array([-1, -1, -1]), colorSpace='rgb', contrast=1.0, depth=0, flipHoriz=False, flipVert=False, font='', fontFiles=[], height=50.0, italic=False, languageStyle='LTR', name='unnamed TextStim', opacity=1.0, ori=0.0, pos=array([0., 0.]), rgb=UNKNOWN, text='Niepoprawnie', units='pix', win=Window(...), wrapWidth=500)
64.3493 	EXP 	unnamed TextStim: height = 25.0
64.3493 	EXP 	unnamed TextStim: height = 25.0
64.3493 	EXP 	unnamed TextStim: height = 25.0
64.3493 	EXP 	unnamed TextStim: text = 'x'
66.3962 	DATA 	Keypress: x
66.3987 	EXP 	Created unnamed TextStim = TextStim(__class__=<class 'psychopy.visual.text.TextStim'>, alignHoriz=method-wrapper(...), alignText='center', alignVert=method-wrapper(...), anchorHoriz='center', anchorVert='center', antialias=True, autoDraw=False, autoLog=True, bold=False, color=array([-1, -1, -1]), colorSpace='rgb', contrast=1.0, depth=0, flipHoriz=False, flipVert=False, font='', fontFiles=[], height=50.0, italic=False, languageStyle='LTR', name='unnamed TextStim', opacity=1.0, ori=0.0, pos=array([0., 0.]), rgb=UNKNOWN, text='Poprawnie', units='pix', win=Window(...), wrapWidth=500)
67.4160 	EXP 	unnamed TextStim: text = 'x'
69.2682 	DATA 	Keypress: x
69.2703 	EXP 	Created unnamed TextStim = TextStim(__class__=<class 'psychopy.visual.text.TextStim'>, alignHoriz=method-wrapper(...), alignText='center', alignVert=method-wrapper(...), anchorHoriz='center', anchorVert='center', antialias=True, autoDraw=False, autoLog=True, bold=False, color=array([-1, -1, -1]), colorSpace='rgb', contrast=1.0, depth=0, flipHoriz=False, flipVert=False, font='', fontFiles=[], height=50.0, italic=False, languageStyle='LTR', name='unnamed TextStim', opacity=1.0, ori=0.0, pos=array([0., 0.]), rgb=UNKNOWN, text='Poprawnie', units='pix', win=Window(...), wrapWidth=500)
70.2827 	EXP 	unnamed TextStim: height = 25.0
70.2827 	EXP 	unnamed TextStim: height = 25.0
70.2827 	EXP 	unnamed TextStim: height = 25.0
70.2827 	EXP 	unnamed TextStim: text = 'n'
72.1217 	DATA 	Keypress: n
72.1242 	EXP 	Created unnamed TextStim = TextStim(__class__=<class 'psychopy.visual.text.TextStim'>, alignHoriz=method-wrapper(...), alignText='center', alignVert=method-wrapper(...), anchorHoriz='center', anchorVert='center', antialias=True, autoDraw=False, autoLog=True, bold=False, color=array([-1, -1, -1]), colorSpace='rgb', contrast=1.0, depth=0, flipHoriz=False, flipVert=False, font='', fontFiles=[], height=50.0, italic=False, languageStyle='LTR', name='unnamed TextStim', opacity=1.0, ori=0.0, pos=array([0., 0.]), rgb=UNKNOWN, text='Poprawnie', units='pix', win=Window(...), wrapWidth=500)
73.1328 	EXP 	unnamed TextStim: height = 25.0
73.1328 	EXP 	unnamed TextStim: height = 25.0
73.1328 	EXP 	unnamed TextStim: height = 25.0
73.1328 	EXP 	unnamed TextStim: text = 'x'
75.0941 	DATA 	Keypress: x
75.0966 	EXP 	Created unnamed TextStim = TextStim(__class__=<class 'psychopy.visual.text.TextStim'>, alignHoriz=method-wrapper(...), alignText='center', alignVert=method-wrapper(...), anchorHoriz='center', anchorVert='center', antialias=True, autoDraw=False, autoLog=True, bold=False, color=array([-1, -1, -1]), colorSpace='rgb', contrast=1.0, depth=0, flipHoriz=False, flipVert=False, font='', fontFiles=[], height=50.0, italic=False, languageStyle='LTR', name='unnamed TextStim', opacity=1.0, ori=0.0, pos=array([0., 0.]), rgb=UNKNOWN, text='Poprawnie', units='pix', win=Window(...), wrapWidth=500)
76.1006 	EXP 	unnamed TextStim: height = 25.0
76.1006 	EXP 	unnamed TextStim: height = 25.0
76.1006 	EXP 	unnamed TextStim: height = 25.0
76.1006 	EXP 	unnamed TextStim: text = 'z'
77.9642 	DATA 	Keypress: z
77.9663 	EXP 	Created unnamed TextStim = TextStim(__class__=<class 'psychopy.visual.text.TextStim'>, alignHoriz=method-wrapper(...), alignText='center', alignVert=method-wrapper(...), anchorHoriz='center', anchorVert='center', antialias=True, autoDraw=False, autoLog=True, bold=False, color=array([-1, -1, -1]), colorSpace='rgb', contrast=1.0, depth=0, flipHoriz=False, flipVert=False, font='', fontFiles=[], height=50.0, italic=False, languageStyle='LTR', name='unnamed TextStim', opacity=1.0, ori=0.0, pos=array([0., 0.]), rgb=UNKNOWN, text='Poprawnie', units='pix', win=Window(...), wrapWidth=500)
78.9995 	EXP 	Created unnamed TextStim = TextStim(__class__=<class 'psychopy.visual.text.TextStim'>, alignHoriz=method-wrapper(...), alignText='center', alignVert=method-wrapper(...), anchorHoriz='center', anchorVert='center', antialias=True, autoDraw=False, autoLog=True, bold=False, color=array([-1, -1, -1]), colorSpace='rgb', contrast=1.0, depth=0, flipHoriz=False, flipVert=False, font='', fontFiles=[], height=20.0, italic=False, languageStyle='LTR', name='unnamed TextStim', opacity=1.0, ori=0.0, pos=array([0., 0.]), rgb=UNKNOWN, text=str(...), units='pix', win=Window(...), wrapWidth=1536)
85.9906 	DATA 	Keypress: space
85.9998 	EXP 	unnamed TextStim: text = 'z'
87.7882 	DATA 	Keypress: z
87.7958 	EXP 	Created unnamed TextStim = TextStim(__class__=<class 'psychopy.visual.text.TextStim'>, alignHoriz=method-wrapper(...), alignText='center', alignVert=method-wrapper(...), anchorHoriz='center', anchorVert='center', antialias=True, autoDraw=False, autoLog=True, bold=False, color=array([-1, -1, -1]), colorSpace='rgb', contrast=1.0, depth=0, flipHoriz=False, flipVert=False, font='', fontFiles=[], height=50.0, italic=False, languageStyle='LTR', name='unnamed TextStim', opacity=1.0, ori=0.0, pos=array([0., 0.]), rgb=UNKNOWN, text='Poprawnie', units='pix', win=Window(...), wrapWidth=500)
88.7997 	EXP 	unnamed TextStim: text = 'z'
90.8509 	DATA 	Keypress: z
90.8534 	EXP 	Created unnamed TextStim = TextStim(__class__=<class 'psychopy.visual.text.TextStim'>, alignHoriz=method-wrapper(...), alignText='center', alignVert=method-wrapper(...), anchorHoriz='center', anchorVert='center', antialias=True, autoDraw=False, autoLog=True, bold=False, color=array([-1, -1, -1]), colorSpace='rgb', contrast=1.0, depth=0, flipHoriz=False, flipVert=False, font='', fontFiles=[], height=50.0, italic=False, languageStyle='LTR', name='unnamed TextStim', opacity=1.0, ori=0.0, pos=array([0., 0.]), rgb=UNKNOWN, text='Poprawnie', units='pix', win=Window(...), wrapWidth=500)
91.8667 	EXP 	unnamed TextStim: height = 25.0
91.8667 	EXP 	unnamed TextStim: height = 25.0
91.8667 	EXP 	unnamed TextStim: height = 25.0
91.8667 	EXP 	unnamed TextStim: text = 'n'
93.9862 	DATA 	Keypress: z
93.9892 	EXP 	Created unnamed TextStim = TextStim(__class__=<class 'psychopy.visual.text.TextStim'>, alignHoriz=method-wrapper(...), alignText='center', alignVert=method-wrapper(...), anchorHoriz='center', anchorVert='center', antialias=True, autoDraw=False, autoLog=True, bold=False, color=array([-1, -1, -1]), colorSpace='rgb', contrast=1.0, depth=0, flipHoriz=False, flipVert=False, font='', fontFiles=[], height=50.0, italic=False, languageStyle='LTR', name='unnamed TextStim', opacity=1.0, ori=0.0, pos=array([0., 0.]), rgb=UNKNOWN, text='Niepoprawnie', units='pix', win=Window(...), wrapWidth=500)
95.0003 	EXP 	unnamed TextStim: height = 25.0
95.0003 	EXP 	unnamed TextStim: height = 25.0
95.0003 	EXP 	unnamed TextStim: height = 25.0
95.0003 	EXP 	unnamed TextStim: text = 'z'
96.5385 	DATA 	Keypress: z
96.5413 	EXP 	Created unnamed TextStim = TextStim(__class__=<class 'psychopy.visual.text.TextStim'>, alignHoriz=method-wrapper(...), alignText='center', alignVert=method-wrapper(...), anchorHoriz='center', anchorVert='center', antialias=True, autoDraw=False, autoLog=True, bold=False, color=array([-1, -1, -1]), colorSpace='rgb', contrast=1.0, depth=0, flipHoriz=False, flipVert=False, font='', fontFiles=[], height=50.0, italic=False, languageStyle='LTR', name='unnamed TextStim', opacity=1.0, ori=0.0, pos=array([0., 0.]), rgb=UNKNOWN, text='Poprawnie', units='pix', win=Window(...), wrapWidth=500)
97.5503 	EXP 	unnamed TextStim: text = 'z'
99.4068 	DATA 	Keypress: z
99.4090 	EXP 	Created unnamed TextStim = TextStim(__class__=<class 'psychopy.visual.text.TextStim'>, alignHoriz=method-wrapper(...), alignText='center', alignVert=method-wrapper(...), anchorHoriz='center', anchorVert='center', antialias=True, autoDraw=False, autoLog=True, bold=False, color=array([-1, -1, -1]), colorSpace='rgb', contrast=1.0, depth=0, flipHoriz=False, flipVert=False, font='', fontFiles=[], height=50.0, italic=False, languageStyle='LTR', name='unnamed TextStim', opacity=1.0, ori=0.0, pos=array([0., 0.]), rgb=UNKNOWN, text='Poprawnie', units='pix', win=Window(...), wrapWidth=500)
100.4171 	EXP 	unnamed TextStim: text = 'z'
101.9414 	DATA 	Keypress: z
101.9439 	EXP 	Created unnamed TextStim = TextStim(__class__=<class 'psychopy.visual.text.TextStim'>, alignHoriz=method-wrapper(...), alignText='center', alignVert=method-wrapper(...), anchorHoriz='center', anchorVert='center', antialias=True, autoDraw=False, autoLog=True, bold=False, color=array([-1, -1, -1]), colorSpace='rgb', contrast=1.0, depth=0, flipHoriz=False, flipVert=False, font='', fontFiles=[], height=50.0, italic=False, languageStyle='LTR', name='unnamed TextStim', opacity=1.0, ori=0.0, pos=array([0., 0.]), rgb=UNKNOWN, text='Poprawnie', units='pix', win=Window(...), wrapWidth=500)
102.9504 	EXP 	unnamed TextStim: height = 25.0
102.9504 	EXP 	unnamed TextStim: height = 25.0
102.9504 	EXP 	unnamed TextStim: height = 25.0
102.9504 	EXP 	unnamed TextStim: text = 'x'
104.9052 	DATA 	Keypress: x
104.9077 	EXP 	Created unnamed TextStim = TextStim(__class__=<class 'psychopy.visual.text.TextStim'>, alignHoriz=method-wrapper(...), alignText='center', alignVert=method-wrapper(...), anchorHoriz='center', anchorVert='center', antialias=True, autoDraw=False, autoLog=True, bold=False, color=array([-1, -1, -1]), colorSpace='rgb', contrast=1.0, depth=0, flipHoriz=False, flipVert=False, font='', fontFiles=[], height=50.0, italic=False, languageStyle='LTR', name='unnamed TextStim', opacity=1.0, ori=0.0, pos=array([0., 0.]), rgb=UNKNOWN, text='Poprawnie', units='pix', win=Window(...), wrapWidth=500)
105.9174 	EXP 	unnamed TextStim: text = 'x'
108.1475 	DATA 	Keypress: n
108.1495 	EXP 	Created unnamed TextStim = TextStim(__class__=<class 'psychopy.visual.text.TextStim'>, alignHoriz=method-wrapper(...), alignText='center', alignVert=method-wrapper(...), anchorHoriz='center', anchorVert='center', antialias=True, autoDraw=False, autoLog=True, bold=False, color=array([-1, -1, -1]), colorSpace='rgb', contrast=1.0, depth=0, flipHoriz=False, flipVert=False, font='', fontFiles=[], height=50.0, italic=False, languageStyle='LTR', name='unnamed TextStim', opacity=1.0, ori=0.0, pos=array([0., 0.]), rgb=UNKNOWN, text='Niepoprawnie', units='pix', win=Window(...), wrapWidth=500)
109.1675 	EXP 	unnamed TextStim: height = 25.0
109.1675 	EXP 	unnamed TextStim: height = 25.0
109.1675 	EXP 	unnamed TextStim: height = 25.0
109.1675 	EXP 	unnamed TextStim: text = 'z'
110.6841 	DATA 	Keypress: z
110.6862 	EXP 	Created unnamed TextStim = TextStim(__class__=<class 'psychopy.visual.text.TextStim'>, alignHoriz=method-wrapper(...), alignText='center', alignVert=method-wrapper(...), anchorHoriz='center', anchorVert='center', antialias=True, autoDraw=False, autoLog=True, bold=False, color=array([-1, -1, -1]), colorSpace='rgb', contrast=1.0, depth=0, flipHoriz=False, flipVert=False, font='', fontFiles=[], height=50.0, italic=False, languageStyle='LTR', name='unnamed TextStim', opacity=1.0, ori=0.0, pos=array([0., 0.]), rgb=UNKNOWN, text='Poprawnie', units='pix', win=Window(...), wrapWidth=500)
111.7009 	EXP 	unnamed TextStim: height = 25.0
111.7009 	EXP 	unnamed TextStim: height = 25.0
111.7009 	EXP 	unnamed TextStim: height = 25.0
111.7009 	EXP 	unnamed TextStim: text = 'x'
113.5848 	DATA 	Keypress: x
113.5873 	EXP 	Created unnamed TextStim = TextStim(__class__=<class 'psychopy.visual.text.TextStim'>, alignHoriz=method-wrapper(...), alignText='center', alignVert=method-wrapper(...), anchorHoriz='center', anchorVert='center', antialias=True, autoDraw=False, autoLog=True, bold=False, color=array([-1, -1, -1]), colorSpace='rgb', contrast=1.0, depth=0, flipHoriz=False, flipVert=False, font='', fontFiles=[], height=50.0, italic=False, languageStyle='LTR', name='unnamed TextStim', opacity=1.0, ori=0.0, pos=array([0., 0.]), rgb=UNKNOWN, text='Poprawnie', units='pix', win=Window(...), wrapWidth=500)
114.6163 	EXP 	Created unnamed TextStim = TextStim(__class__=<class 'psychopy.visual.text.TextStim'>, alignHoriz=method-wrapper(...), alignText='center', alignVert=method-wrapper(...), anchorHoriz='center', anchorVert='center', antialias=True, autoDraw=False, autoLog=True, bold=False, color=array([-1, -1, -1]), colorSpace='rgb', contrast=1.0, depth=0, flipHoriz=False, flipVert=False, font='', fontFiles=[], height=20.0, italic=False, languageStyle='LTR', name='unnamed TextStim', opacity=1.0, ori=0.0, pos=array([0., 0.]), rgb=UNKNOWN, text=str(...), units='pix', win=Window(...), wrapWidth=1536)
121.1612 	DATA 	Keypress: space
121.1675 	EXP 	unnamed TextStim: height = 25.0
121.1675 	EXP 	unnamed TextStim: height = 25.0
121.1675 	EXP 	unnamed TextStim: height = 25.0
121.1675 	EXP 	unnamed TextStim: text = 'm'
123.2629 	DATA 	Keypress: m
123.2654 	EXP 	unnamed TextStim: height = 25.0
123.2654 	EXP 	unnamed TextStim: height = 25.0
123.2654 	EXP 	unnamed TextStim: height = 25.0
123.2654 	EXP 	unnamed TextStim: text = 'x'
125.1429 	DATA 	Keypress: x
125.1454 	EXP 	unnamed TextStim: height = 25.0
125.1454 	EXP 	unnamed TextStim: height = 25.0
125.1454 	EXP 	unnamed TextStim: height = 25.0
125.1454 	EXP 	unnamed TextStim: text = 'z'
126.8075 	DATA 	Keypress: z
126.8088 	EXP 	unnamed TextStim: text = 'z'
128.4334 	DATA 	Keypress: z
128.4347 	EXP 	unnamed TextStim: text = 'z'
129.9464 	DATA 	Keypress: z
129.9475 	EXP 	unnamed TextStim: text = 'z'
131.3521 	DATA 	Keypress: z
131.4980 	EXP 	Created unnamed ImageStim = ImageStim(__class__=<class 'psychopy.visual.image.ImageStim'>, anchor=('center', 'center'), autoLog=True, color=array([1., 1., 1.]), colorSpace='rgb', contrast=1.0, depth=0, flipHoriz=False, flipVert=False, image='break.jpg', interpolate=True, mask=None, maskParams=None, name='unnamed ImageStim', opacity=1.0, ori=0.0, pos=array([0., 0.]), size=array([1536.,  864.]), texRes=128, units='pix', win=Window(...))
132.6956 	DATA 	Keypress: space
132.7016 	EXP 	unnamed TextStim: height = 25.0
132.7016 	EXP 	unnamed TextStim: height = 25.0
132.7016 	EXP 	unnamed TextStim: height = 25.0
132.7016 	EXP 	unnamed TextStim: text = 'n'
134.5338 	DATA 	Keypress: n
134.5359 	EXP 	unnamed TextStim: height = 25.0
134.5359 	EXP 	unnamed TextStim: height = 25.0
134.5359 	EXP 	unnamed TextStim: height = 25.0
134.5359 	EXP 	unnamed TextStim: text = 'z'
136.0258 	DATA 	Keypress: z
136.0303 	EXP 	unnamed TextStim: height = 25.0
136.0303 	EXP 	unnamed TextStim: height = 25.0
136.0303 	EXP 	unnamed TextStim: height = 25.0
136.0303 	EXP 	unnamed TextStim: text = 'x'
138.0178 	DATA 	Keypress: z
138.0200 	EXP 	unnamed TextStim: height = 25.0
138.0200 	EXP 	unnamed TextStim: height = 25.0
138.0200 	EXP 	unnamed TextStim: height = 25.0
138.0200 	EXP 	unnamed TextStim: text = 'n'
139.9778 	DATA 	Keypress: n
139.9789 	EXP 	unnamed TextStim: text = 'n'
141.4670 	DATA 	Keypress: z
141.4691 	EXP 	unnamed TextStim: height = 25.0
141.4691 	EXP 	unnamed TextStim: height = 25.0
141.4691 	EXP 	unnamed TextStim: height = 25.0
141.4691 	EXP 	unnamed TextStim: text = 'z'
143.1355 	DATA 	Keypress: z
143.2755 	EXP 	Created unnamed ImageStim = ImageStim(__class__=<class 'psychopy.visual.image.ImageStim'>, anchor=('center', 'center'), autoLog=True, color=array([1., 1., 1.]), colorSpace='rgb', contrast=1.0, depth=0, flipHoriz=False, flipVert=False, image='break.jpg', interpolate=True, mask=None, maskParams=None, name='unnamed ImageStim', opacity=1.0, ori=0.0, pos=array([0., 0.]), size=array([1536.,  864.]), texRes=128, units='pix', win=Window(...))
144.0493 	DATA 	Keypress: space
144.0518 	EXP 	unnamed TextStim: text = 'z'
146.1717 	DATA 	Keypress: n
146.1738 	EXP 	unnamed TextStim: height = 25.0
146.1738 	EXP 	unnamed TextStim: height = 25.0
146.1738 	EXP 	unnamed TextStim: height = 25.0
146.1738 	EXP 	unnamed TextStim: text = 'x'
148.0265 	DATA 	Keypress: n
148.0276 	EXP 	unnamed TextStim: text = 'x'
149.7457 	DATA 	Keypress: z
149.7468 	EXP 	unnamed TextStim: text = 'x'
151.9689 	DATA 	Keypress: x
151.9709 	EXP 	unnamed TextStim: height = 25.0
151.9709 	EXP 	unnamed TextStim: height = 25.0
151.9709 	EXP 	unnamed TextStim: height = 25.0
151.9709 	EXP 	unnamed TextStim: text = 'n'
153.8261 	DATA 	Keypress: n
153.8282 	EXP 	unnamed TextStim: height = 25.0
153.8282 	EXP 	unnamed TextStim: height = 25.0
153.8282 	EXP 	unnamed TextStim: height = 25.0
153.8282 	EXP 	unnamed TextStim: text = 'm'
155.6225 	DATA 	Keypress: m
155.7610 	EXP 	Created unnamed ImageStim = ImageStim(__class__=<class 'psychopy.visual.image.ImageStim'>, anchor=('center', 'center'), autoLog=True, color=array([1., 1., 1.]), colorSpace='rgb', contrast=1.0, depth=0, flipHoriz=False, flipVert=False, image='break.jpg', interpolate=True, mask=None, maskParams=None, name='unnamed ImageStim', opacity=1.0, ori=0.0, pos=array([0., 0.]), size=array([1536.,  864.]), texRes=128, units='pix', win=Window(...))
156.6479 	DATA 	Keypress: space
156.6524 	EXP 	unnamed TextStim: height = 25.0
156.6524 	EXP 	unnamed TextStim: height = 25.0
156.6524 	EXP 	unnamed TextStim: height = 25.0
156.6524 	EXP 	unnamed TextStim: text = 'z'
158.4155 	DATA 	Keypress: z
158.4166 	EXP 	unnamed TextStim: text = 'z'
160.0017 	DATA 	Keypress: z
160.0086 	EXP 	unnamed TextStim: height = 25.0
160.0086 	EXP 	unnamed TextStim: height = 25.0
160.0086 	EXP 	unnamed TextStim: height = 25.0
160.0086 	EXP 	unnamed TextStim: text = 'n'
161.7426 	DATA 	Keypress: n
161.7445 	EXP 	unnamed TextStim: height = 25.0
161.7445 	EXP 	unnamed TextStim: height = 25.0
161.7445 	EXP 	unnamed TextStim: height = 25.0
161.7445 	EXP 	unnamed TextStim: text = 'm'
163.3740 	DATA 	Keypress: m
163.3764 	EXP 	unnamed TextStim: height = 25.0
163.3764 	EXP 	unnamed TextStim: height = 25.0
163.3764 	EXP 	unnamed TextStim: height = 25.0
163.3764 	EXP 	unnamed TextStim: text = 'n'
165.0679 	DATA 	Keypress: m
165.0700 	EXP 	unnamed TextStim: height = 25.0
165.0700 	EXP 	unnamed TextStim: height = 25.0
165.0700 	EXP 	unnamed TextStim: height = 25.0
165.0700 	EXP 	unnamed TextStim: text = 'z'
166.5892 	DATA 	Keypress: z
166.7065 	EXP 	Created unnamed ImageStim = ImageStim(__class__=<class 'psychopy.visual.image.ImageStim'>, anchor=('center', 'center'), autoLog=True, color=array([1., 1., 1.]), colorSpace='rgb', contrast=1.0, depth=0, flipHoriz=False, flipVert=False, image='break.jpg', interpolate=True, mask=None, maskParams=None, name='unnamed ImageStim', opacity=1.0, ori=0.0, pos=array([0., 0.]), size=array([1536.,  864.]), texRes=128, units='pix', win=Window(...))
167.4433 	DATA 	Keypress: space
167.4528 	EXP 	unnamed TextStim: height = 25.0
167.4528 	EXP 	unnamed TextStim: height = 25.0
167.4528 	EXP 	unnamed TextStim: height = 25.0
167.4528 	EXP 	unnamed TextStim: text = 'n'
169.2906 	DATA 	Keypress: n
169.2928 	EXP 	unnamed TextStim: height = 25.0
169.2928 	EXP 	unnamed TextStim: height = 25.0
169.2928 	EXP 	unnamed TextStim: height = 25.0
169.2928 	EXP 	unnamed TextStim: text = 'z'
171.0915 	DATA 	Keypress: n
171.0936 	EXP 	unnamed TextStim: height = 25.0
171.0936 	EXP 	unnamed TextStim: height = 25.0
171.0936 	EXP 	unnamed TextStim: height = 25.0
171.0936 	EXP 	unnamed TextStim: text = 'x'
173.0451 	DATA 	Keypress: m
173.0473 	EXP 	unnamed TextStim: height = 25.0
173.0473 	EXP 	unnamed TextStim: height = 25.0
173.0473 	EXP 	unnamed TextStim: height = 25.0
173.0473 	EXP 	unnamed TextStim: text = 'z'
174.7615 	DATA 	Keypress: z
174.7636 	EXP 	unnamed TextStim: height = 25.0
174.7636 	EXP 	unnamed TextStim: height = 25.0
174.7636 	EXP 	unnamed TextStim: height = 25.0
174.7636 	EXP 	unnamed TextStim: text = 'n'
176.3047 	DATA 	Keypress: n
176.3094 	EXP 	unnamed TextStim: height = 25.0
176.3094 	EXP 	unnamed TextStim: height = 25.0
176.3094 	EXP 	unnamed TextStim: height = 25.0
176.3094 	EXP 	unnamed TextStim: text = 'm'
178.4013 	DATA 	Keypress: m
178.5411 	EXP 	Created unnamed ImageStim = ImageStim(__class__=<class 'psychopy.visual.image.ImageStim'>, anchor=('center', 'center'), autoLog=True, color=array([1., 1., 1.]), colorSpace='rgb', contrast=1.0, depth=0, flipHoriz=False, flipVert=False, image='break.jpg', interpolate=True, mask=None, maskParams=None, name='unnamed ImageStim', opacity=1.0, ori=0.0, pos=array([0., 0.]), size=array([1536.,  864.]), texRes=128, units='pix', win=Window(...))
179.3357 	DATA 	Keypress: space
179.3532 	EXP 	unnamed TextStim: height = 25.0
179.3532 	EXP 	unnamed TextStim: height = 25.0
179.3532 	EXP 	unnamed TextStim: height = 25.0
179.3532 	EXP 	unnamed TextStim: text = 'z'
180.8097 	DATA 	Keypress: z
180.8119 	EXP 	unnamed TextStim: height = 25.0
180.8119 	EXP 	unnamed TextStim: height = 25.0
180.8119 	EXP 	unnamed TextStim: height = 25.0
180.8119 	EXP 	unnamed TextStim: text = 'n'
182.4043 	DATA 	Keypress: n
182.4065 	EXP 	unnamed TextStim: height = 25.0
182.4065 	EXP 	unnamed TextStim: height = 25.0
182.4065 	EXP 	unnamed TextStim: height = 25.0
182.4065 	EXP 	unnamed TextStim: text = 'x'
184.5011 	DATA 	Keypress: n
184.5031 	EXP 	unnamed TextStim: height = 25.0
184.5031 	EXP 	unnamed TextStim: height = 25.0
184.5031 	EXP 	unnamed TextStim: height = 25.0
184.5031 	EXP 	unnamed TextStim: text = 'z'
186.0271 	DATA 	Keypress: z
186.0284 	EXP 	unnamed TextStim: text = 'z'
187.8642 	DATA 	Keypress: m
187.8653 	EXP 	unnamed TextStim: text = 'z'
189.6998 	DATA 	Keypress: n
189.8363 	EXP 	Created unnamed ImageStim = ImageStim(__class__=<class 'psychopy.visual.image.ImageStim'>, anchor=('center', 'center'), autoLog=True, color=array([1., 1., 1.]), colorSpace='rgb', contrast=1.0, depth=0, flipHoriz=False, flipVert=False, image='break.jpg', interpolate=True, mask=None, maskParams=None, name='unnamed ImageStim', opacity=1.0, ori=0.0, pos=array([0., 0.]), size=array([1536.,  864.]), texRes=128, units='pix', win=Window(...))
190.6109 	DATA 	Keypress: space
190.6204 	EXP 	unnamed TextStim: text = 'z'
192.0906 	DATA 	Keypress: z
192.0927 	EXP 	unnamed TextStim: height = 25.0
192.0927 	EXP 	unnamed TextStim: height = 25.0
192.0927 	EXP 	unnamed TextStim: height = 25.0
192.0927 	EXP 	unnamed TextStim: text = 'x'
193.8888 	DATA 	Keypress: n
193.8910 	EXP 	unnamed TextStim: height = 25.0
193.8910 	EXP 	unnamed TextStim: height = 25.0
193.8910 	EXP 	unnamed TextStim: height = 25.0
193.8910 	EXP 	unnamed TextStim: text = 'n'
195.5082 	DATA 	Keypress: z
195.5103 	EXP 	unnamed TextStim: height = 25.0
195.5103 	EXP 	unnamed TextStim: height = 25.0
195.5103 	EXP 	unnamed TextStim: height = 25.0
195.5103 	EXP 	unnamed TextStim: text = 'x'
197.3898 	DATA 	Keypress: x
197.3964 	EXP 	unnamed TextStim: height = 25.0
197.3964 	EXP 	unnamed TextStim: height = 25.0
197.3964 	EXP 	unnamed TextStim: height = 25.0
197.3964 	EXP 	unnamed TextStim: text = 'n'
199.3933 	DATA 	Keypress: n
199.3945 	EXP 	unnamed TextStim: text = 'n'
200.8991 	DATA 	Keypress: n
201.0436 	EXP 	Created unnamed ImageStim = ImageStim(__class__=<class 'psychopy.visual.image.ImageStim'>, anchor=('center', 'center'), autoLog=True, color=array([1., 1., 1.]), colorSpace='rgb', contrast=1.0, depth=0, flipHoriz=False, flipVert=False, image='break.jpg', interpolate=True, mask=None, maskParams=None, name='unnamed ImageStim', opacity=1.0, ori=0.0, pos=array([0., 0.]), size=array([1536.,  864.]), texRes=128, units='pix', win=Window(...))
201.7529 	DATA 	Keypress: space
201.7708 	EXP 	unnamed TextStim: height = 25.0
201.7708 	EXP 	unnamed TextStim: height = 25.0
201.7708 	EXP 	unnamed TextStim: height = 25.0
201.7708 	EXP 	unnamed TextStim: text = 'z'
203.2021 	DATA 	Keypress: z
203.2032 	EXP 	unnamed TextStim: text = 'z'
204.6162 	DATA 	Keypress: z
204.6184 	EXP 	unnamed TextStim: height = 25.0
204.6184 	EXP 	unnamed TextStim: height = 25.0
204.6184 	EXP 	unnamed TextStim: height = 25.0
204.6184 	EXP 	unnamed TextStim: text = 'n'
206.0841 	DATA 	Keypress: n
206.0862 	EXP 	unnamed TextStim: height = 25.0
206.0862 	EXP 	unnamed TextStim: height = 25.0
206.0862 	EXP 	unnamed TextStim: height = 25.0
206.0862 	EXP 	unnamed TextStim: text = 'z'
208.6033 	DATA 	Keypress: z
208.6054 	EXP 	unnamed TextStim: height = 25.0
208.6054 	EXP 	unnamed TextStim: height = 25.0
208.6054 	EXP 	unnamed TextStim: height = 25.0
208.6054 	EXP 	unnamed TextStim: text = 'x'
210.3622 	DATA 	Keypress: n
210.3643 	EXP 	unnamed TextStim: height = 25.0
210.3643 	EXP 	unnamed TextStim: height = 25.0
210.3643 	EXP 	unnamed TextStim: height = 25.0
210.3643 	EXP 	unnamed TextStim: text = 'm'
212.3631 	DATA 	Keypress: m
212.5036 	EXP 	Created unnamed ImageStim = ImageStim(__class__=<class 'psychopy.visual.image.ImageStim'>, anchor=('center', 'center'), autoLog=True, color=array([1., 1., 1.]), colorSpace='rgb', contrast=1.0, depth=0, flipHoriz=False, flipVert=False, image='break.jpg', interpolate=True, mask=None, maskParams=None, name='unnamed ImageStim', opacity=1.0, ori=0.0, pos=array([0., 0.]), size=array([1536.,  864.]), texRes=128, units='pix', win=Window(...))
213.2728 	DATA 	Keypress: space
213.2879 	EXP 	unnamed TextStim: height = 25.0
213.2879 	EXP 	unnamed TextStim: height = 25.0
213.2879 	EXP 	unnamed TextStim: height = 25.0
213.2879 	EXP 	unnamed TextStim: text = 'z'
215.2172 	DATA 	Keypress: z
215.2184 	EXP 	unnamed TextStim: text = 'z'
216.8427 	DATA 	Keypress: z
216.8458 	EXP 	unnamed TextStim: height = 25.0
216.8458 	EXP 	unnamed TextStim: height = 25.0
216.8458 	EXP 	unnamed TextStim: height = 25.0
216.8458 	EXP 	unnamed TextStim: text = 'm'
218.6785 	DATA 	Keypress: m
218.6796 	EXP 	unnamed TextStim: text = 'm'
220.1925 	DATA 	Keypress: m
220.1936 	EXP 	unnamed TextStim: text = 'm'
221.7295 	DATA 	Keypress: m
221.7363 	EXP 	unnamed TextStim: height = 25.0
221.7363 	EXP 	unnamed TextStim: height = 25.0
221.7363 	EXP 	unnamed TextStim: height = 25.0
221.7363 	EXP 	unnamed TextStim: text = 'z'
223.8805 	DATA 	Keypress: z
224.0165 	EXP 	Created unnamed ImageStim = ImageStim(__class__=<class 'psychopy.visual.image.ImageStim'>, anchor=('center', 'center'), autoLog=True, color=array([1., 1., 1.]), colorSpace='rgb', contrast=1.0, depth=0, flipHoriz=False, flipVert=False, image='break.jpg', interpolate=True, mask=None, maskParams=None, name='unnamed ImageStim', opacity=1.0, ori=0.0, pos=array([0., 0.]), size=array([1536.,  864.]), texRes=128, units='pix', win=Window(...))
224.7710 	DATA 	Keypress: space
224.7882 	EXP 	unnamed TextStim: height = 25.0
224.7882 	EXP 	unnamed TextStim: height = 25.0
224.7882 	EXP 	unnamed TextStim: height = 25.0
224.7882 	EXP 	unnamed TextStim: text = 'n'
226.3805 	DATA 	Keypress: n
226.3817 	EXP 	unnamed TextStim: text = 'n'
227.8650 	DATA 	Keypress: n
227.8672 	EXP 	unnamed TextStim: height = 25.0
227.8672 	EXP 	unnamed TextStim: height = 25.0
227.8672 	EXP 	unnamed TextStim: height = 25.0
227.8672 	EXP 	unnamed TextStim: text = 'x'
229.9076 	DATA 	Keypress: m
229.9088 	EXP 	unnamed TextStim: text = 'x'
231.7237 	DATA 	Keypress: n
231.7257 	EXP 	unnamed TextStim: height = 25.0
231.7257 	EXP 	unnamed TextStim: height = 25.0
231.7257 	EXP 	unnamed TextStim: height = 25.0
231.7257 	EXP 	unnamed TextStim: text = 'n'
233.4716 	DATA 	Keypress: n
233.4738 	EXP 	unnamed TextStim: height = 25.0
233.4738 	EXP 	unnamed TextStim: height = 25.0
233.4738 	EXP 	unnamed TextStim: height = 25.0
233.4738 	EXP 	unnamed TextStim: text = 'x'
235.7074 	DATA 	Keypress: x
235.8736 	EXP 	Created unnamed ImageStim = ImageStim(__class__=<class 'psychopy.visual.image.ImageStim'>, anchor=('center', 'center'), autoLog=True, color=array([1., 1., 1.]), colorSpace='rgb', contrast=1.0, depth=0, flipHoriz=False, flipVert=False, image='break.jpg', interpolate=True, mask=None, maskParams=None, name='unnamed ImageStim', opacity=1.0, ori=0.0, pos=array([0., 0.]), size=array([1536.,  864.]), texRes=128, units='pix', win=Window(...))
236.5751 	DATA 	Keypress: space
236.5887 	EXP 	unnamed TextStim: height = 25.0
236.5887 	EXP 	unnamed TextStim: height = 25.0
236.5887 	EXP 	unnamed TextStim: height = 25.0
236.5887 	EXP 	unnamed TextStim: text = 'n'
238.3257 	DATA 	Keypress: n
238.3278 	EXP 	unnamed TextStim: height = 25.0
238.3278 	EXP 	unnamed TextStim: height = 25.0
238.3278 	EXP 	unnamed TextStim: height = 25.0
238.3278 	EXP 	unnamed TextStim: text = 'x'
239.9771 	DATA 	Keypress: z
239.9783 	EXP 	unnamed TextStim: text = 'x'
242.3427 	DATA 	Keypress: x
242.3438 	EXP 	unnamed TextStim: text = 'x'
244.1257 	DATA 	Keypress: z
244.1324 	EXP 	unnamed TextStim: height = 25.0
244.1324 	EXP 	unnamed TextStim: height = 25.0
244.1324 	EXP 	unnamed TextStim: height = 25.0
244.1324 	EXP 	unnamed TextStim: text = 'm'
245.7467 	DATA 	Keypress: m
245.7488 	EXP 	unnamed TextStim: height = 25.0
245.7488 	EXP 	unnamed TextStim: height = 25.0
245.7488 	EXP 	unnamed TextStim: height = 25.0
245.7488 	EXP 	unnamed TextStim: text = 'n'
247.4501 	DATA 	Keypress: n
247.5853 	EXP 	Created unnamed ImageStim = ImageStim(__class__=<class 'psychopy.visual.image.ImageStim'>, anchor=('center', 'center'), autoLog=True, color=array([1., 1., 1.]), colorSpace='rgb', contrast=1.0, depth=0, flipHoriz=False, flipVert=False, image='break.jpg', interpolate=True, mask=None, maskParams=None, name='unnamed ImageStim', opacity=1.0, ori=0.0, pos=array([0., 0.]), size=array([1536.,  864.]), texRes=128, units='pix', win=Window(...))
248.2405 	DATA 	Keypress: space
248.2557 	EXP 	Created unnamed TextStim = TextStim(__class__=<class 'psychopy.visual.text.TextStim'>, alignHoriz=method-wrapper(...), alignText='center', alignVert=method-wrapper(...), anchorHoriz='center', anchorVert='center', antialias=True, autoDraw=False, autoLog=True, bold=False, color=array([-1, -1, -1]), colorSpace='rgb', contrast=1.0, depth=0, flipHoriz=False, flipVert=False, font='', fontFiles=[], height=20.0, italic=False, languageStyle='LTR', name='unnamed TextStim', opacity=1.0, ori=0.0, pos=array([0., 0.]), rgb=UNKNOWN, text=str(...), units='pix', win=Window(...), wrapWidth=1536)
250.6472 	DATA 	Keypress: space
250.7400 	EXP 	window1: mouseVisible = True
