10.5021 	WARNING 	User requested fullscreen with size [1536  864], but screen is actually [1920, 1080]. Using actual size
11.9857 	INFO 	FRAME RATE: 60
11.9858 	INFO 	SCREEN RES: odict_values([1536, 864])
12.0427 	EXP 	Created unnamed TextStim = TextStim(__class__=<class 'psychopy.visual.text.TextStim'>, alignHoriz=method-wrapper(...), alignText='center', alignVert=method-wrapper(...), anchorHoriz='center', anchorVert='center', antialias=True, autoDraw=False, autoLog=True, bold=False, color=array([-1, -1, -1]), colorSpace='rgb', contrast=1.0, depth=0, flipHoriz=False, flipVert=False, font='', fontFiles=[], height=100.0, italic=False, languageStyle='LTR', name='unnamed TextStim', opacity=1.0, ori=0.0, pos=array([0., 0.]), rgb=UNKNOWN, text='+', units='pix', win=Window(...), wrapWidth=500)
12.0474 	EXP 	Created unnamed Circle = Circle(__class__=<class 'psychopy.visual.circle.Circle'>, anchor=('center', 'center'), autoDraw=False, autoLog=True, closeShape=True, color=method-wrapper(...), colorSpace='rgb', contrast=None, depth=0, fillColor=array([ 0.09019608, -1.        , -1.        ]), fillColorSpace='rgb', fillRGB=array([ 0.09019608, -1.        , -1.        ]), interpolate=True, lineColor=array([ 0.09019608, -1.        , -1.        ]), lineColorSpace='rgb', lineRGB=array([ 0.09019608, -1.        , -1.        ]), lineWidth=1.5, name='unnamed Circle', opacity=1.0, ori=0.0, pos=array([0., 0.]), size=array([1., 1.]), units='pix', vertices=ndarray(...), win=Window(...))
12.0488 	EXP 	Created unnamed TextStim = TextStim(__class__=<class 'psychopy.visual.text.TextStim'>, alignHoriz=method-wrapper(...), alignText='center', alignVert=method-wrapper(...), anchorHoriz='center', anchorVert='center', antialias=True, autoDraw=False, autoLog=True, bold=False, color=array([-0.17647059, -0.17647059, -0.17647059]), colorSpace='rgb', contrast=1.0, depth=0, flipHoriz=False, flipVert=False, font='', fontFiles=[], height=25, italic=False, languageStyle='LTR', name='unnamed TextStim', opacity=1.0, ori=0.0, pos=array([0., 0.]), rgb=UNKNOWN, text='', units='pix', win=Window(...), wrapWidth=500)
12.0577 	EXP 	Created unnamed ImageStim = ImageStim(__class__=<class 'psychopy.visual.image.ImageStim'>, anchor=('center', 'center'), autoLog=True, color=array([1., 1., 1.]), colorSpace='rgb', contrast=1.0, depth=0, flipHoriz=False, flipVert=False, image='mask4.png', interpolate=False, mask=None, maskParams=None, name='unnamed ImageStim', opacity=1.0, ori=0.0, pos=array([0., 0.]), size=array([25., 25.]), texRes=128, units='pix', win=Window(...))
12.0670 	EXP 	Created unnamed TextStim = TextStim(__class__=<class 'psychopy.visual.text.TextStim'>, alignHoriz=method-wrapper(...), alignText='center', alignVert=method-wrapper(...), anchorHoriz='center', anchorVert='center', antialias=True, autoDraw=False, autoLog=True, bold=False, color=array([-1, -1, -1]), colorSpace='rgb', contrast=1.0, depth=0, flipHoriz=False, flipVert=False, font='', fontFiles=[], height=30.0, italic=False, languageStyle='LTR', name='unnamed TextStim', opacity=1.0, ori=0.0, pos=array([ 100., -300.]), rgb=UNKNOWN, text=str(...), units='pix', win=Window(...), wrapWidth=10000)
12.0722 	EXP 	Created unnamed TextStim = TextStim(__class__=<class 'psychopy.visual.text.TextStim'>, alignHoriz=method-wrapper(...), alignText='center', alignVert=method-wrapper(...), anchorHoriz='center', anchorVert='center', antialias=True, autoDraw=False, autoLog=True, bold=False, color=array([-1, -1, -1]), colorSpace='rgb', contrast=1.0, depth=0, flipHoriz=False, flipVert=False, font='', fontFiles=[], height=30.0, italic=False, languageStyle='LTR', name='unnamed TextStim', opacity=1.0, ori=0.0, pos=array([ 100., -330.]), rgb=UNKNOWN, text=str(...), units='pix', win=Window(...), wrapWidth=10000)
12.1118 	EXP 	Created unnamed TextStim = TextStim(__class__=<class 'psychopy.visual.text.TextStim'>, alignHoriz=method-wrapper(...), alignText='center', alignVert=method-wrapper(...), anchorHoriz='center', anchorVert='center', antialias=True, autoDraw=False, autoLog=True, bold=False, color=array([-1, -1, -1]), colorSpace='rgb', contrast=1.0, depth=0, flipHoriz=False, flipVert=False, font='', fontFiles=[], height=20.0, italic=False, languageStyle='LTR', name='unnamed TextStim', opacity=1.0, ori=0.0, pos=array([0., 0.]), rgb=UNKNOWN, text=str(...), units='pix', win=Window(...), wrapWidth=1536)
20.7840 	DATA 	Keypress: space
20.8011 	EXP 	unnamed TextStim: height = 25.0
20.8011 	EXP 	unnamed TextStim: height = 25.0
20.8011 	EXP 	unnamed TextStim: height = 25.0
20.8011 	EXP 	unnamed TextStim: text = 'm'
22.5531 	DATA 	Keypress: m
22.5613 	EXP 	Created unnamed TextStim = TextStim(__class__=<class 'psychopy.visual.text.TextStim'>, alignHoriz=method-wrapper(...), alignText='center', alignVert=method-wrapper(...), anchorHoriz='center', anchorVert='center', antialias=True, autoDraw=False, autoLog=True, bold=False, color=array([-1, -1, -1]), colorSpace='rgb', contrast=1.0, depth=0, flipHoriz=False, flipVert=False, font='', fontFiles=[], height=50.0, italic=False, languageStyle='LTR', name='unnamed TextStim', opacity=1.0, ori=0.0, pos=array([0., 0.]), rgb=UNKNOWN, text='Poprawnie', units='pix', win=Window(...), wrapWidth=500)
23.5680 	EXP 	unnamed TextStim: text = 'm'
24.9197 	DATA 	Keypress: m
24.9246 	EXP 	Created unnamed TextStim = TextStim(__class__=<class 'psychopy.visual.text.TextStim'>, alignHoriz=method-wrapper(...), alignText='center', alignVert=method-wrapper(...), anchorHoriz='center', anchorVert='center', antialias=True, autoDraw=False, autoLog=True, bold=False, color=array([-1, -1, -1]), colorSpace='rgb', contrast=1.0, depth=0, flipHoriz=False, flipVert=False, font='', fontFiles=[], height=50.0, italic=False, languageStyle='LTR', name='unnamed TextStim', opacity=1.0, ori=0.0, pos=array([0., 0.]), rgb=UNKNOWN, text='Poprawnie', units='pix', win=Window(...), wrapWidth=500)
25.9513 	EXP 	unnamed TextStim: text = 'm'
27.3854 	DATA 	Keypress: m
27.3904 	EXP 	Created unnamed TextStim = TextStim(__class__=<class 'psychopy.visual.text.TextStim'>, alignHoriz=method-wrapper(...), alignText='center', alignVert=method-wrapper(...), anchorHoriz='center', anchorVert='center', antialias=True, autoDraw=False, autoLog=True, bold=False, color=array([-1, -1, -1]), colorSpace='rgb', contrast=1.0, depth=0, flipHoriz=False, flipVert=False, font='', fontFiles=[], height=50.0, italic=False, languageStyle='LTR', name='unnamed TextStim', opacity=1.0, ori=0.0, pos=array([0., 0.]), rgb=UNKNOWN, text='Poprawnie', units='pix', win=Window(...), wrapWidth=500)
28.4182 	EXP 	unnamed TextStim: height = 25.0
28.4182 	EXP 	unnamed TextStim: height = 25.0
28.4182 	EXP 	unnamed TextStim: height = 25.0
28.4182 	EXP 	unnamed TextStim: text = 'n'
30.0691 	DATA 	Keypress: n
30.0714 	EXP 	Created unnamed TextStim = TextStim(__class__=<class 'psychopy.visual.text.TextStim'>, alignHoriz=method-wrapper(...), alignText='center', alignVert=method-wrapper(...), anchorHoriz='center', anchorVert='center', antialias=True, autoDraw=False, autoLog=True, bold=False, color=array([-1, -1, -1]), colorSpace='rgb', contrast=1.0, depth=0, flipHoriz=False, flipVert=False, font='', fontFiles=[], height=50.0, italic=False, languageStyle='LTR', name='unnamed TextStim', opacity=1.0, ori=0.0, pos=array([0., 0.]), rgb=UNKNOWN, text='Poprawnie', units='pix', win=Window(...), wrapWidth=500)
31.0849 	EXP 	unnamed TextStim: height = 25.0
31.0849 	EXP 	unnamed TextStim: height = 25.0
31.0849 	EXP 	unnamed TextStim: height = 25.0
31.0849 	EXP 	unnamed TextStim: text = 'x'
32.6073 	DATA 	Keypress: x
32.6092 	EXP 	Created unnamed TextStim = TextStim(__class__=<class 'psychopy.visual.text.TextStim'>, alignHoriz=method-wrapper(...), alignText='center', alignVert=method-wrapper(...), anchorHoriz='center', anchorVert='center', antialias=True, autoDraw=False, autoLog=True, bold=False, color=array([-1, -1, -1]), colorSpace='rgb', contrast=1.0, depth=0, flipHoriz=False, flipVert=False, font='', fontFiles=[], height=50.0, italic=False, languageStyle='LTR', name='unnamed TextStim', opacity=1.0, ori=0.0, pos=array([0., 0.]), rgb=UNKNOWN, text='Poprawnie', units='pix', win=Window(...), wrapWidth=500)
33.6184 	EXP 	unnamed TextStim: height = 25.0
33.6184 	EXP 	unnamed TextStim: height = 25.0
33.6184 	EXP 	unnamed TextStim: height = 25.0
33.6184 	EXP 	unnamed TextStim: text = 'n'
35.1660 	DATA 	Keypress: n
35.1680 	EXP 	Created unnamed TextStim = TextStim(__class__=<class 'psychopy.visual.text.TextStim'>, alignHoriz=method-wrapper(...), alignText='center', alignVert=method-wrapper(...), anchorHoriz='center', anchorVert='center', antialias=True, autoDraw=False, autoLog=True, bold=False, color=array([-1, -1, -1]), colorSpace='rgb', contrast=1.0, depth=0, flipHoriz=False, flipVert=False, font='', fontFiles=[], height=50.0, italic=False, languageStyle='LTR', name='unnamed TextStim', opacity=1.0, ori=0.0, pos=array([0., 0.]), rgb=UNKNOWN, text='Poprawnie', units='pix', win=Window(...), wrapWidth=500)
36.1852 	EXP 	unnamed TextStim: height = 25.0
36.1852 	EXP 	unnamed TextStim: height = 25.0
36.1852 	EXP 	unnamed TextStim: height = 25.0
36.1852 	EXP 	unnamed TextStim: text = 'z'
37.9103 	DATA 	Keypress: z
37.9128 	EXP 	Created unnamed TextStim = TextStim(__class__=<class 'psychopy.visual.text.TextStim'>, alignHoriz=method-wrapper(...), alignText='center', alignVert=method-wrapper(...), anchorHoriz='center', anchorVert='center', antialias=True, autoDraw=False, autoLog=True, bold=False, color=array([-1, -1, -1]), colorSpace='rgb', contrast=1.0, depth=0, flipHoriz=False, flipVert=False, font='', fontFiles=[], height=50.0, italic=False, languageStyle='LTR', name='unnamed TextStim', opacity=1.0, ori=0.0, pos=array([0., 0.]), rgb=UNKNOWN, text='Poprawnie', units='pix', win=Window(...), wrapWidth=500)
38.9186 	EXP 	unnamed TextStim: height = 25.0
38.9186 	EXP 	unnamed TextStim: height = 25.0
38.9186 	EXP 	unnamed TextStim: height = 25.0
38.9186 	EXP 	unnamed TextStim: text = 'm'
40.2860 	DATA 	Keypress: m
40.2910 	EXP 	Created unnamed TextStim = TextStim(__class__=<class 'psychopy.visual.text.TextStim'>, alignHoriz=method-wrapper(...), alignText='center', alignVert=method-wrapper(...), anchorHoriz='center', anchorVert='center', antialias=True, autoDraw=False, autoLog=True, bold=False, color=array([-1, -1, -1]), colorSpace='rgb', contrast=1.0, depth=0, flipHoriz=False, flipVert=False, font='', fontFiles=[], height=50.0, italic=False, languageStyle='LTR', name='unnamed TextStim', opacity=1.0, ori=0.0, pos=array([0., 0.]), rgb=UNKNOWN, text='Poprawnie', units='pix', win=Window(...), wrapWidth=500)
41.3187 	EXP 	unnamed TextStim: height = 25.0
41.3187 	EXP 	unnamed TextStim: height = 25.0
41.3187 	EXP 	unnamed TextStim: height = 25.0
41.3187 	EXP 	unnamed TextStim: text = 'x'
43.0208 	DATA 	Keypress: x
43.0228 	EXP 	Created unnamed TextStim = TextStim(__class__=<class 'psychopy.visual.text.TextStim'>, alignHoriz=method-wrapper(...), alignText='center', alignVert=method-wrapper(...), anchorHoriz='center', anchorVert='center', antialias=True, autoDraw=False, autoLog=True, bold=False, color=array([-1, -1, -1]), colorSpace='rgb', contrast=1.0, depth=0, flipHoriz=False, flipVert=False, font='', fontFiles=[], height=50.0, italic=False, languageStyle='LTR', name='unnamed TextStim', opacity=1.0, ori=0.0, pos=array([0., 0.]), rgb=UNKNOWN, text='Poprawnie', units='pix', win=Window(...), wrapWidth=500)
44.0354 	EXP 	unnamed TextStim: height = 25.0
44.0354 	EXP 	unnamed TextStim: height = 25.0
44.0354 	EXP 	unnamed TextStim: height = 25.0
44.0354 	EXP 	unnamed TextStim: text = 'm'
45.4527 	DATA 	Keypress: m
45.4582 	EXP 	Created unnamed TextStim = TextStim(__class__=<class 'psychopy.visual.text.TextStim'>, alignHoriz=method-wrapper(...), alignText='center', alignVert=method-wrapper(...), anchorHoriz='center', anchorVert='center', antialias=True, autoDraw=False, autoLog=True, bold=False, color=array([-1, -1, -1]), colorSpace='rgb', contrast=1.0, depth=0, flipHoriz=False, flipVert=False, font='', fontFiles=[], height=50.0, italic=False, languageStyle='LTR', name='unnamed TextStim', opacity=1.0, ori=0.0, pos=array([0., 0.]), rgb=UNKNOWN, text='Poprawnie', units='pix', win=Window(...), wrapWidth=500)
46.4855 	EXP 	unnamed TextStim: height = 25.0
46.4855 	EXP 	unnamed TextStim: height = 25.0
46.4855 	EXP 	unnamed TextStim: height = 25.0
46.4855 	EXP 	unnamed TextStim: text = 'n'
47.7202 	DATA 	Keypress: n
47.7745 	EXP 	Created unnamed TextStim = TextStim(__class__=<class 'psychopy.visual.text.TextStim'>, alignHoriz=method-wrapper(...), alignText='center', alignVert=method-wrapper(...), anchorHoriz='center', anchorVert='center', antialias=True, autoDraw=False, autoLog=True, bold=False, color=array([-1, -1, -1]), colorSpace='rgb', contrast=1.0, depth=0, flipHoriz=False, flipVert=False, font='', fontFiles=[], height=50.0, italic=False, languageStyle='LTR', name='unnamed TextStim', opacity=1.0, ori=0.0, pos=array([0., 0.]), rgb=UNKNOWN, text='Poprawnie', units='pix', win=Window(...), wrapWidth=500)
48.8023 	EXP 	unnamed TextStim: height = 25.0
48.8023 	EXP 	unnamed TextStim: height = 25.0
48.8023 	EXP 	unnamed TextStim: height = 25.0
48.8023 	EXP 	unnamed TextStim: text = 'x'
50.3141 	DATA 	Keypress: x
50.3160 	EXP 	Created unnamed TextStim = TextStim(__class__=<class 'psychopy.visual.text.TextStim'>, alignHoriz=method-wrapper(...), alignText='center', alignVert=method-wrapper(...), anchorHoriz='center', anchorVert='center', antialias=True, autoDraw=False, autoLog=True, bold=False, color=array([-1, -1, -1]), colorSpace='rgb', contrast=1.0, depth=0, flipHoriz=False, flipVert=False, font='', fontFiles=[], height=50.0, italic=False, languageStyle='LTR', name='unnamed TextStim', opacity=1.0, ori=0.0, pos=array([0., 0.]), rgb=UNKNOWN, text='Poprawnie', units='pix', win=Window(...), wrapWidth=500)
51.3198 	EXP 	unnamed TextStim: height = 25.0
51.3198 	EXP 	unnamed TextStim: height = 25.0
51.3198 	EXP 	unnamed TextStim: height = 25.0
51.3198 	EXP 	unnamed TextStim: text = 'm'
52.7198 	DATA 	Keypress: m
52.7251 	EXP 	Created unnamed TextStim = TextStim(__class__=<class 'psychopy.visual.text.TextStim'>, alignHoriz=method-wrapper(...), alignText='center', alignVert=method-wrapper(...), anchorHoriz='center', anchorVert='center', antialias=True, autoDraw=False, autoLog=True, bold=False, color=array([-1, -1, -1]), colorSpace='rgb', contrast=1.0, depth=0, flipHoriz=False, flipVert=False, font='', fontFiles=[], height=50.0, italic=False, languageStyle='LTR', name='unnamed TextStim', opacity=1.0, ori=0.0, pos=array([0., 0.]), rgb=UNKNOWN, text='Poprawnie', units='pix', win=Window(...), wrapWidth=500)
53.7524 	EXP 	unnamed TextStim: height = 25.0
53.7524 	EXP 	unnamed TextStim: height = 25.0
53.7524 	EXP 	unnamed TextStim: height = 25.0
53.7524 	EXP 	unnamed TextStim: text = 'z'
55.6088 	DATA 	Keypress: z
55.6114 	EXP 	Created unnamed TextStim = TextStim(__class__=<class 'psychopy.visual.text.TextStim'>, alignHoriz=method-wrapper(...), alignText='center', alignVert=method-wrapper(...), anchorHoriz='center', anchorVert='center', antialias=True, autoDraw=False, autoLog=True, bold=False, color=array([-1, -1, -1]), colorSpace='rgb', contrast=1.0, depth=0, flipHoriz=False, flipVert=False, font='', fontFiles=[], height=50.0, italic=False, languageStyle='LTR', name='unnamed TextStim', opacity=1.0, ori=0.0, pos=array([0., 0.]), rgb=UNKNOWN, text='Poprawnie', units='pix', win=Window(...), wrapWidth=500)
56.6193 	EXP 	unnamed TextStim: height = 25.0
56.6193 	EXP 	unnamed TextStim: height = 25.0
56.6193 	EXP 	unnamed TextStim: height = 25.0
56.6193 	EXP 	unnamed TextStim: text = 'x'
58.3480 	DATA 	Keypress: x
58.3505 	EXP 	Created unnamed TextStim = TextStim(__class__=<class 'psychopy.visual.text.TextStim'>, alignHoriz=method-wrapper(...), alignText='center', alignVert=method-wrapper(...), anchorHoriz='center', anchorVert='center', antialias=True, autoDraw=False, autoLog=True, bold=False, color=array([-1, -1, -1]), colorSpace='rgb', contrast=1.0, depth=0, flipHoriz=False, flipVert=False, font='', fontFiles=[], height=50.0, italic=False, languageStyle='LTR', name='unnamed TextStim', opacity=1.0, ori=0.0, pos=array([0., 0.]), rgb=UNKNOWN, text='Poprawnie', units='pix', win=Window(...), wrapWidth=500)
59.3838 	EXP 	Created unnamed TextStim = TextStim(__class__=<class 'psychopy.visual.text.TextStim'>, alignHoriz=method-wrapper(...), alignText='center', alignVert=method-wrapper(...), anchorHoriz='center', anchorVert='center', antialias=True, autoDraw=False, autoLog=True, bold=False, color=array([-1, -1, -1]), colorSpace='rgb', contrast=1.0, depth=0, flipHoriz=False, flipVert=False, font='', fontFiles=[], height=20.0, italic=False, languageStyle='LTR', name='unnamed TextStim', opacity=1.0, ori=0.0, pos=array([0., 0.]), rgb=UNKNOWN, text=str(...), units='pix', win=Window(...), wrapWidth=1536)
72.6757 	DATA 	Keypress: space
72.6862 	EXP 	unnamed TextStim: height = 25.0
72.6862 	EXP 	unnamed TextStim: height = 25.0
72.6862 	EXP 	unnamed TextStim: height = 25.0
72.6862 	EXP 	unnamed TextStim: text = 'm'
75.0358 	DATA 	Keypress: m
75.0421 	EXP 	Created unnamed TextStim = TextStim(__class__=<class 'psychopy.visual.text.TextStim'>, alignHoriz=method-wrapper(...), alignText='center', alignVert=method-wrapper(...), anchorHoriz='center', anchorVert='center', antialias=True, autoDraw=False, autoLog=True, bold=False, color=array([-1, -1, -1]), colorSpace='rgb', contrast=1.0, depth=0, flipHoriz=False, flipVert=False, font='', fontFiles=[], height=50.0, italic=False, languageStyle='LTR', name='unnamed TextStim', opacity=1.0, ori=0.0, pos=array([0., 0.]), rgb=UNKNOWN, text='Poprawnie', units='pix', win=Window(...), wrapWidth=500)
76.0533 	EXP 	unnamed TextStim: height = 25.0
76.0533 	EXP 	unnamed TextStim: height = 25.0
76.0533 	EXP 	unnamed TextStim: height = 25.0
76.0533 	EXP 	unnamed TextStim: text = 'x'
77.5335 	DATA 	Keypress: x
77.5361 	EXP 	Created unnamed TextStim = TextStim(__class__=<class 'psychopy.visual.text.TextStim'>, alignHoriz=method-wrapper(...), alignText='center', alignVert=method-wrapper(...), anchorHoriz='center', anchorVert='center', antialias=True, autoDraw=False, autoLog=True, bold=False, color=array([-1, -1, -1]), colorSpace='rgb', contrast=1.0, depth=0, flipHoriz=False, flipVert=False, font='', fontFiles=[], height=50.0, italic=False, languageStyle='LTR', name='unnamed TextStim', opacity=1.0, ori=0.0, pos=array([0., 0.]), rgb=UNKNOWN, text='Poprawnie', units='pix', win=Window(...), wrapWidth=500)
78.5535 	EXP 	unnamed TextStim: height = 25.0
78.5535 	EXP 	unnamed TextStim: height = 25.0
78.5535 	EXP 	unnamed TextStim: height = 25.0
78.5535 	EXP 	unnamed TextStim: text = 'n'
80.1282 	DATA 	Keypress: n
80.1302 	EXP 	Created unnamed TextStim = TextStim(__class__=<class 'psychopy.visual.text.TextStim'>, alignHoriz=method-wrapper(...), alignText='center', alignVert=method-wrapper(...), anchorHoriz='center', anchorVert='center', antialias=True, autoDraw=False, autoLog=True, bold=False, color=array([-1, -1, -1]), colorSpace='rgb', contrast=1.0, depth=0, flipHoriz=False, flipVert=False, font='', fontFiles=[], height=50.0, italic=False, languageStyle='LTR', name='unnamed TextStim', opacity=1.0, ori=0.0, pos=array([0., 0.]), rgb=UNKNOWN, text='Poprawnie', units='pix', win=Window(...), wrapWidth=500)
81.1367 	EXP 	unnamed TextStim: text = 'n'
82.9367 	DATA 	Keypress: n
82.9387 	EXP 	Created unnamed TextStim = TextStim(__class__=<class 'psychopy.visual.text.TextStim'>, alignHoriz=method-wrapper(...), alignText='center', alignVert=method-wrapper(...), anchorHoriz='center', anchorVert='center', antialias=True, autoDraw=False, autoLog=True, bold=False, color=array([-1, -1, -1]), colorSpace='rgb', contrast=1.0, depth=0, flipHoriz=False, flipVert=False, font='', fontFiles=[], height=50.0, italic=False, languageStyle='LTR', name='unnamed TextStim', opacity=1.0, ori=0.0, pos=array([0., 0.]), rgb=UNKNOWN, text='Poprawnie', units='pix', win=Window(...), wrapWidth=500)
83.9537 	EXP 	unnamed TextStim: height = 25.0
83.9537 	EXP 	unnamed TextStim: height = 25.0
83.9537 	EXP 	unnamed TextStim: height = 25.0
83.9537 	EXP 	unnamed TextStim: text = 'z'
85.5636 	DATA 	Keypress: x
85.5668 	EXP 	Created unnamed TextStim = TextStim(__class__=<class 'psychopy.visual.text.TextStim'>, alignHoriz=method-wrapper(...), alignText='center', alignVert=method-wrapper(...), anchorHoriz='center', anchorVert='center', antialias=True, autoDraw=False, autoLog=True, bold=False, color=array([-1, -1, -1]), colorSpace='rgb', contrast=1.0, depth=0, flipHoriz=False, flipVert=False, font='', fontFiles=[], height=50.0, italic=False, languageStyle='LTR', name='unnamed TextStim', opacity=1.0, ori=0.0, pos=array([0., 0.]), rgb=UNKNOWN, text='Niepoprawnie', units='pix', win=Window(...), wrapWidth=500)
86.5703 	EXP 	unnamed TextStim: text = 'z'
88.1161 	DATA 	Keypress: z
88.1183 	EXP 	Created unnamed TextStim = TextStim(__class__=<class 'psychopy.visual.text.TextStim'>, alignHoriz=method-wrapper(...), alignText='center', alignVert=method-wrapper(...), anchorHoriz='center', anchorVert='center', antialias=True, autoDraw=False, autoLog=True, bold=False, color=array([-1, -1, -1]), colorSpace='rgb', contrast=1.0, depth=0, flipHoriz=False, flipVert=False, font='', fontFiles=[], height=50.0, italic=False, languageStyle='LTR', name='unnamed TextStim', opacity=1.0, ori=0.0, pos=array([0., 0.]), rgb=UNKNOWN, text='Poprawnie', units='pix', win=Window(...), wrapWidth=500)
89.1220 	EXP 	unnamed TextStim: height = 25.0
89.1220 	EXP 	unnamed TextStim: height = 25.0
89.1220 	EXP 	unnamed TextStim: height = 25.0
89.1220 	EXP 	unnamed TextStim: text = 'm'
90.6085 	DATA 	Keypress: m
90.6112 	EXP 	Created unnamed TextStim = TextStim(__class__=<class 'psychopy.visual.text.TextStim'>, alignHoriz=method-wrapper(...), alignText='center', alignVert=method-wrapper(...), anchorHoriz='center', anchorVert='center', antialias=True, autoDraw=False, autoLog=True, bold=False, color=array([-1, -1, -1]), colorSpace='rgb', contrast=1.0, depth=0, flipHoriz=False, flipVert=False, font='', fontFiles=[], height=50.0, italic=False, languageStyle='LTR', name='unnamed TextStim', opacity=1.0, ori=0.0, pos=array([0., 0.]), rgb=UNKNOWN, text='Poprawnie', units='pix', win=Window(...), wrapWidth=500)
91.6204 	EXP 	unnamed TextStim: text = 'm'
93.1445 	DATA 	Keypress: m
93.1467 	EXP 	Created unnamed TextStim = TextStim(__class__=<class 'psychopy.visual.text.TextStim'>, alignHoriz=method-wrapper(...), alignText='center', alignVert=method-wrapper(...), anchorHoriz='center', anchorVert='center', antialias=True, autoDraw=False, autoLog=True, bold=False, color=array([-1, -1, -1]), colorSpace='rgb', contrast=1.0, depth=0, flipHoriz=False, flipVert=False, font='', fontFiles=[], height=50.0, italic=False, languageStyle='LTR', name='unnamed TextStim', opacity=1.0, ori=0.0, pos=array([0., 0.]), rgb=UNKNOWN, text='Poprawnie', units='pix', win=Window(...), wrapWidth=500)
94.1540 	EXP 	unnamed TextStim: height = 25.0
94.1540 	EXP 	unnamed TextStim: height = 25.0
94.1540 	EXP 	unnamed TextStim: height = 25.0
94.1540 	EXP 	unnamed TextStim: text = 'n'
95.5515 	DATA 	Keypress: n
95.5535 	EXP 	Created unnamed TextStim = TextStim(__class__=<class 'psychopy.visual.text.TextStim'>, alignHoriz=method-wrapper(...), alignText='center', alignVert=method-wrapper(...), anchorHoriz='center', anchorVert='center', antialias=True, autoDraw=False, autoLog=True, bold=False, color=array([-1, -1, -1]), colorSpace='rgb', contrast=1.0, depth=0, flipHoriz=False, flipVert=False, font='', fontFiles=[], height=50.0, italic=False, languageStyle='LTR', name='unnamed TextStim', opacity=1.0, ori=0.0, pos=array([0., 0.]), rgb=UNKNOWN, text='Poprawnie', units='pix', win=Window(...), wrapWidth=500)
96.5708 	EXP 	unnamed TextStim: height = 25.0
96.5708 	EXP 	unnamed TextStim: height = 25.0
96.5708 	EXP 	unnamed TextStim: height = 25.0
96.5708 	EXP 	unnamed TextStim: text = 'm'
98.0352 	DATA 	Keypress: m
98.0376 	EXP 	Created unnamed TextStim = TextStim(__class__=<class 'psychopy.visual.text.TextStim'>, alignHoriz=method-wrapper(...), alignText='center', alignVert=method-wrapper(...), anchorHoriz='center', anchorVert='center', antialias=True, autoDraw=False, autoLog=True, bold=False, color=array([-1, -1, -1]), colorSpace='rgb', contrast=1.0, depth=0, flipHoriz=False, flipVert=False, font='', fontFiles=[], height=50.0, italic=False, languageStyle='LTR', name='unnamed TextStim', opacity=1.0, ori=0.0, pos=array([0., 0.]), rgb=UNKNOWN, text='Poprawnie', units='pix', win=Window(...), wrapWidth=500)
99.0655 	EXP 	Created unnamed TextStim = TextStim(__class__=<class 'psychopy.visual.text.TextStim'>, alignHoriz=method-wrapper(...), alignText='center', alignVert=method-wrapper(...), anchorHoriz='center', anchorVert='center', antialias=True, autoDraw=False, autoLog=True, bold=False, color=array([-1, -1, -1]), colorSpace='rgb', contrast=1.0, depth=0, flipHoriz=False, flipVert=False, font='', fontFiles=[], height=20.0, italic=False, languageStyle='LTR', name='unnamed TextStim', opacity=1.0, ori=0.0, pos=array([0., 0.]), rgb=UNKNOWN, text=str(...), units='pix', win=Window(...), wrapWidth=1536)
101.1460 	DATA 	Keypress: space
101.1543 	EXP 	unnamed TextStim: height = 25.0
101.1543 	EXP 	unnamed TextStim: height = 25.0
101.1543 	EXP 	unnamed TextStim: height = 25.0
101.1543 	EXP 	unnamed TextStim: text = 'x'
103.2673 	DATA 	Keypress: n
103.2686 	EXP 	unnamed TextStim: text = 'x'
104.9945 	DATA 	Keypress: x
104.9978 	EXP 	unnamed TextStim: height = 25.0
104.9978 	EXP 	unnamed TextStim: height = 25.0
104.9978 	EXP 	unnamed TextStim: height = 25.0
104.9978 	EXP 	unnamed TextStim: text = 'm'
106.6187 	DATA 	Keypress: m
106.6212 	EXP 	unnamed TextStim: height = 25.0
106.6212 	EXP 	unnamed TextStim: height = 25.0
106.6212 	EXP 	unnamed TextStim: height = 25.0
106.6212 	EXP 	unnamed TextStim: text = 'x'
108.6584 	DATA 	Keypress: x
108.6606 	EXP 	unnamed TextStim: height = 25.0
108.6606 	EXP 	unnamed TextStim: height = 25.0
108.6606 	EXP 	unnamed TextStim: height = 25.0
108.6606 	EXP 	unnamed TextStim: text = 'm'
110.2499 	DATA 	Keypress: m
110.2528 	EXP 	unnamed TextStim: height = 25.0
110.2528 	EXP 	unnamed TextStim: height = 25.0
110.2528 	EXP 	unnamed TextStim: height = 25.0
110.2528 	EXP 	unnamed TextStim: text = 'z'
111.9296 	DATA 	Keypress: z
112.1090 	EXP 	Created unnamed ImageStim = ImageStim(__class__=<class 'psychopy.visual.image.ImageStim'>, anchor=('center', 'center'), autoLog=True, color=array([1., 1., 1.]), colorSpace='rgb', contrast=1.0, depth=0, flipHoriz=False, flipVert=False, image='break.jpg', interpolate=True, mask=None, maskParams=None, name='unnamed ImageStim', opacity=1.0, ori=0.0, pos=array([0., 0.]), size=array([1536.,  864.]), texRes=128, units='pix', win=Window(...))
112.9842 	DATA 	Keypress: space
112.9878 	EXP 	unnamed TextStim: text = 'z'
115.0046 	DATA 	Keypress: z
115.0067 	EXP 	unnamed TextStim: height = 25.0
115.0067 	EXP 	unnamed TextStim: height = 25.0
115.0067 	EXP 	unnamed TextStim: height = 25.0
115.0067 	EXP 	unnamed TextStim: text = 'x'
116.8226 	DATA 	Keypress: x
116.8237 	EXP 	unnamed TextStim: text = 'x'
119.5718 	DATA 	No keypress (maxWait exceeded)
119.5772 	EXP 	unnamed TextStim: height = 25.0
119.5772 	EXP 	unnamed TextStim: height = 25.0
119.5772 	EXP 	unnamed TextStim: height = 25.0
119.5772 	EXP 	unnamed TextStim: text = 'n'
121.3659 	DATA 	Keypress: x
121.3681 	EXP 	unnamed TextStim: height = 25.0
121.3681 	EXP 	unnamed TextStim: height = 25.0
121.3681 	EXP 	unnamed TextStim: height = 25.0
121.3681 	EXP 	unnamed TextStim: text = 'z'
124.0554 	DATA 	No keypress (maxWait exceeded)
124.0576 	EXP 	unnamed TextStim: height = 25.0
124.0576 	EXP 	unnamed TextStim: height = 25.0
124.0576 	EXP 	unnamed TextStim: height = 25.0
124.0576 	EXP 	unnamed TextStim: text = 'n'
126.7889 	DATA 	No keypress (maxWait exceeded)
126.9418 	EXP 	Created unnamed ImageStim = ImageStim(__class__=<class 'psychopy.visual.image.ImageStim'>, anchor=('center', 'center'), autoLog=True, color=array([1., 1., 1.]), colorSpace='rgb', contrast=1.0, depth=0, flipHoriz=False, flipVert=False, image='break.jpg', interpolate=True, mask=None, maskParams=None, name='unnamed ImageStim', opacity=1.0, ori=0.0, pos=array([0., 0.]), size=array([1536.,  864.]), texRes=128, units='pix', win=Window(...))
127.7418 	DATA 	Keypress: space
127.7550 	EXP 	unnamed TextStim: height = 25.0
127.7550 	EXP 	unnamed TextStim: height = 25.0
127.7550 	EXP 	unnamed TextStim: height = 25.0
127.7550 	EXP 	unnamed TextStim: text = 'x'
129.4894 	DATA 	Keypress: z
129.4917 	EXP 	unnamed TextStim: height = 25.0
129.4917 	EXP 	unnamed TextStim: height = 25.0
129.4917 	EXP 	unnamed TextStim: height = 25.0
129.4917 	EXP 	unnamed TextStim: text = 'z'
131.1254 	DATA 	Keypress: z
131.1266 	EXP 	unnamed TextStim: text = 'z'
132.6601 	DATA 	Keypress: z
132.6611 	EXP 	unnamed TextStim: text = 'z'
134.0702 	DATA 	Keypress: z
134.0724 	EXP 	unnamed TextStim: height = 25.0
134.0724 	EXP 	unnamed TextStim: height = 25.0
134.0724 	EXP 	unnamed TextStim: height = 25.0
134.0724 	EXP 	unnamed TextStim: text = 'n'
135.7109 	DATA 	Keypress: n
135.7131 	EXP 	unnamed TextStim: height = 25.0
135.7131 	EXP 	unnamed TextStim: height = 25.0
135.7131 	EXP 	unnamed TextStim: height = 25.0
135.7131 	EXP 	unnamed TextStim: text = 'z'
137.2227 	DATA 	Keypress: z
137.3867 	EXP 	Created unnamed ImageStim = ImageStim(__class__=<class 'psychopy.visual.image.ImageStim'>, anchor=('center', 'center'), autoLog=True, color=array([1., 1., 1.]), colorSpace='rgb', contrast=1.0, depth=0, flipHoriz=False, flipVert=False, image='break.jpg', interpolate=True, mask=None, maskParams=None, name='unnamed ImageStim', opacity=1.0, ori=0.0, pos=array([0., 0.]), size=array([1536.,  864.]), texRes=128, units='pix', win=Window(...))
138.2156 	DATA 	Keypress: space
138.2223 	EXP 	unnamed TextStim: height = 25.0
138.2223 	EXP 	unnamed TextStim: height = 25.0
138.2223 	EXP 	unnamed TextStim: height = 25.0
138.2223 	EXP 	unnamed TextStim: text = 'n'
139.9541 	DATA 	Keypress: z
139.9604 	EXP 	unnamed TextStim: height = 25.0
139.9604 	EXP 	unnamed TextStim: height = 25.0
139.9604 	EXP 	unnamed TextStim: height = 25.0
139.9604 	EXP 	unnamed TextStim: text = 'm'
141.4354 	DATA 	Keypress: m
141.4378 	EXP 	unnamed TextStim: height = 25.0
141.4378 	EXP 	unnamed TextStim: height = 25.0
141.4378 	EXP 	unnamed TextStim: height = 25.0
141.4378 	EXP 	unnamed TextStim: text = 'n'
142.8511 	DATA 	Keypress: n
142.8524 	EXP 	unnamed TextStim: text = 'n'
144.7434 	DATA 	Keypress: n
144.7446 	EXP 	unnamed TextStim: text = 'n'
146.8453 	DATA 	Keypress: n
146.8465 	EXP 	unnamed TextStim: text = 'n'
148.2481 	DATA 	Keypress: n
148.4069 	EXP 	Created unnamed ImageStim = ImageStim(__class__=<class 'psychopy.visual.image.ImageStim'>, anchor=('center', 'center'), autoLog=True, color=array([1., 1., 1.]), colorSpace='rgb', contrast=1.0, depth=0, flipHoriz=False, flipVert=False, image='break.jpg', interpolate=True, mask=None, maskParams=None, name='unnamed ImageStim', opacity=1.0, ori=0.0, pos=array([0., 0.]), size=array([1536.,  864.]), texRes=128, units='pix', win=Window(...))
149.2412 	DATA 	Keypress: space
149.2558 	EXP 	unnamed TextStim: height = 25.0
149.2558 	EXP 	unnamed TextStim: height = 25.0
149.2558 	EXP 	unnamed TextStim: height = 25.0
149.2558 	EXP 	unnamed TextStim: text = 'z'
150.8057 	DATA 	Keypress: z
150.8079 	EXP 	unnamed TextStim: height = 25.0
150.8079 	EXP 	unnamed TextStim: height = 25.0
150.8079 	EXP 	unnamed TextStim: height = 25.0
150.8079 	EXP 	unnamed TextStim: text = 'x'
152.3684 	DATA 	Keypress: x
152.3706 	EXP 	unnamed TextStim: height = 25.0
152.3706 	EXP 	unnamed TextStim: height = 25.0
152.3706 	EXP 	unnamed TextStim: height = 25.0
152.3706 	EXP 	unnamed TextStim: text = 'm'
153.9413 	DATA 	Keypress: m
153.9424 	EXP 	unnamed TextStim: text = 'm'
155.4315 	DATA 	Keypress: m
155.4327 	EXP 	unnamed TextStim: text = 'm'
157.7760 	DATA 	Keypress: x
157.7781 	EXP 	unnamed TextStim: height = 25.0
157.7781 	EXP 	unnamed TextStim: height = 25.0
157.7781 	EXP 	unnamed TextStim: height = 25.0
157.7781 	EXP 	unnamed TextStim: text = 'n'
159.7072 	DATA 	Keypress: z
159.9101 	EXP 	Created unnamed ImageStim = ImageStim(__class__=<class 'psychopy.visual.image.ImageStim'>, anchor=('center', 'center'), autoLog=True, color=array([1., 1., 1.]), colorSpace='rgb', contrast=1.0, depth=0, flipHoriz=False, flipVert=False, image='break.jpg', interpolate=True, mask=None, maskParams=None, name='unnamed ImageStim', opacity=1.0, ori=0.0, pos=array([0., 0.]), size=array([1536.,  864.]), texRes=128, units='pix', win=Window(...))
160.5016 	DATA 	Keypress: space
160.5065 	EXP 	unnamed TextStim: height = 25.0
160.5065 	EXP 	unnamed TextStim: height = 25.0
160.5065 	EXP 	unnamed TextStim: height = 25.0
160.5065 	EXP 	unnamed TextStim: text = 'z'
162.3194 	DATA 	Keypress: z
162.3260 	EXP 	unnamed TextStim: height = 25.0
162.3260 	EXP 	unnamed TextStim: height = 25.0
162.3260 	EXP 	unnamed TextStim: height = 25.0
162.3260 	EXP 	unnamed TextStim: text = 'm'
163.6877 	DATA 	Keypress: m
163.6899 	EXP 	unnamed TextStim: height = 25.0
163.6899 	EXP 	unnamed TextStim: height = 25.0
163.6899 	EXP 	unnamed TextStim: height = 25.0
163.6899 	EXP 	unnamed TextStim: text = 'n'
165.1846 	DATA 	Keypress: n
165.1867 	EXP 	unnamed TextStim: height = 25.0
165.1867 	EXP 	unnamed TextStim: height = 25.0
165.1867 	EXP 	unnamed TextStim: height = 25.0
165.1867 	EXP 	unnamed TextStim: text = 'z'
166.8791 	DATA 	Keypress: z
166.8803 	EXP 	unnamed TextStim: text = 'z'
168.2354 	DATA 	Keypress: z
168.2366 	EXP 	unnamed TextStim: text = 'z'
169.9822 	DATA 	Keypress: x
170.1048 	EXP 	Created unnamed ImageStim = ImageStim(__class__=<class 'psychopy.visual.image.ImageStim'>, anchor=('center', 'center'), autoLog=True, color=array([1., 1., 1.]), colorSpace='rgb', contrast=1.0, depth=0, flipHoriz=False, flipVert=False, image='break.jpg', interpolate=True, mask=None, maskParams=None, name='unnamed ImageStim', opacity=1.0, ori=0.0, pos=array([0., 0.]), size=array([1536.,  864.]), texRes=128, units='pix', win=Window(...))
170.7647 	DATA 	Keypress: space
170.7734 	EXP 	unnamed TextStim: text = 'z'
172.2729 	DATA 	Keypress: z
172.2752 	EXP 	unnamed TextStim: height = 25.0
172.2752 	EXP 	unnamed TextStim: height = 25.0
172.2752 	EXP 	unnamed TextStim: height = 25.0
172.2752 	EXP 	unnamed TextStim: text = 'x'
174.2639 	DATA 	Keypress: m
174.2651 	EXP 	unnamed TextStim: text = 'x'
175.8802 	DATA 	Keypress: n
175.8823 	EXP 	unnamed TextStim: height = 25.0
175.8823 	EXP 	unnamed TextStim: height = 25.0
175.8823 	EXP 	unnamed TextStim: height = 25.0
175.8823 	EXP 	unnamed TextStim: text = 'n'
177.6330 	DATA 	Keypress: z
177.6352 	EXP 	unnamed TextStim: height = 25.0
177.6352 	EXP 	unnamed TextStim: height = 25.0
177.6352 	EXP 	unnamed TextStim: height = 25.0
177.6352 	EXP 	unnamed TextStim: text = 'x'
179.1565 	DATA 	Keypress: x
179.1588 	EXP 	unnamed TextStim: height = 25.0
179.1588 	EXP 	unnamed TextStim: height = 25.0
179.1588 	EXP 	unnamed TextStim: height = 25.0
179.1588 	EXP 	unnamed TextStim: text = 'n'
180.6835 	DATA 	Keypress: n
180.8312 	EXP 	Created unnamed ImageStim = ImageStim(__class__=<class 'psychopy.visual.image.ImageStim'>, anchor=('center', 'center'), autoLog=True, color=array([1., 1., 1.]), colorSpace='rgb', contrast=1.0, depth=0, flipHoriz=False, flipVert=False, image='break.jpg', interpolate=True, mask=None, maskParams=None, name='unnamed ImageStim', opacity=1.0, ori=0.0, pos=array([0., 0.]), size=array([1536.,  864.]), texRes=128, units='pix', win=Window(...))
181.4904 	DATA 	Keypress: space
181.5073 	EXP 	unnamed TextStim: height = 25.0
181.5073 	EXP 	unnamed TextStim: height = 25.0
181.5073 	EXP 	unnamed TextStim: height = 25.0
181.5073 	EXP 	unnamed TextStim: text = 'z'
183.4156 	DATA 	Keypress: z
183.4180 	EXP 	unnamed TextStim: height = 25.0
183.4180 	EXP 	unnamed TextStim: height = 25.0
183.4180 	EXP 	unnamed TextStim: height = 25.0
183.4180 	EXP 	unnamed TextStim: text = 'x'
184.9718 	DATA 	Keypress: x
184.9739 	EXP 	unnamed TextStim: height = 25.0
184.9739 	EXP 	unnamed TextStim: height = 25.0
184.9739 	EXP 	unnamed TextStim: height = 25.0
184.9739 	EXP 	unnamed TextStim: text = 'n'
186.4392 	DATA 	Keypress: n
186.4415 	EXP 	unnamed TextStim: height = 25.0
186.4415 	EXP 	unnamed TextStim: height = 25.0
186.4415 	EXP 	unnamed TextStim: height = 25.0
186.4415 	EXP 	unnamed TextStim: text = 'x'
187.9662 	DATA 	Keypress: x
187.9684 	EXP 	unnamed TextStim: height = 25.0
187.9684 	EXP 	unnamed TextStim: height = 25.0
187.9684 	EXP 	unnamed TextStim: height = 25.0
187.9684 	EXP 	unnamed TextStim: text = 'm'
189.8401 	DATA 	Keypress: m
189.8413 	EXP 	unnamed TextStim: text = 'm'
191.8556 	DATA 	Keypress: n
192.0211 	EXP 	Created unnamed ImageStim = ImageStim(__class__=<class 'psychopy.visual.image.ImageStim'>, anchor=('center', 'center'), autoLog=True, color=array([1., 1., 1.]), colorSpace='rgb', contrast=1.0, depth=0, flipHoriz=False, flipVert=False, image='break.jpg', interpolate=True, mask=None, maskParams=None, name='unnamed ImageStim', opacity=1.0, ori=0.0, pos=array([0., 0.]), size=array([1536.,  864.]), texRes=128, units='pix', win=Window(...))
192.6560 	DATA 	Keypress: space
192.6587 	EXP 	unnamed TextStim: height = 25.0
192.6587 	EXP 	unnamed TextStim: height = 25.0
192.6587 	EXP 	unnamed TextStim: height = 25.0
192.6587 	EXP 	unnamed TextStim: text = 'z'
194.0789 	DATA 	Keypress: z
194.0811 	EXP 	unnamed TextStim: height = 25.0
194.0811 	EXP 	unnamed TextStim: height = 25.0
194.0811 	EXP 	unnamed TextStim: height = 25.0
194.0811 	EXP 	unnamed TextStim: text = 'n'
195.6088 	DATA 	Keypress: n
195.6099 	EXP 	unnamed TextStim: text = 'n'
197.0044 	DATA 	Keypress: n
197.0065 	EXP 	unnamed TextStim: height = 25.0
197.0065 	EXP 	unnamed TextStim: height = 25.0
197.0065 	EXP 	unnamed TextStim: height = 25.0
197.0065 	EXP 	unnamed TextStim: text = 'z'
198.4815 	DATA 	Keypress: z
198.4836 	EXP 	unnamed TextStim: height = 25.0
198.4836 	EXP 	unnamed TextStim: height = 25.0
198.4836 	EXP 	unnamed TextStim: height = 25.0
198.4836 	EXP 	unnamed TextStim: text = 'n'
199.9119 	DATA 	Keypress: n
199.9162 	EXP 	unnamed TextStim: height = 25.0
199.9162 	EXP 	unnamed TextStim: height = 25.0
199.9162 	EXP 	unnamed TextStim: height = 25.0
199.9162 	EXP 	unnamed TextStim: text = 'x'
201.3867 	DATA 	Keypress: x
201.5198 	EXP 	Created unnamed ImageStim = ImageStim(__class__=<class 'psychopy.visual.image.ImageStim'>, anchor=('center', 'center'), autoLog=True, color=array([1., 1., 1.]), colorSpace='rgb', contrast=1.0, depth=0, flipHoriz=False, flipVert=False, image='break.jpg', interpolate=True, mask=None, maskParams=None, name='unnamed ImageStim', opacity=1.0, ori=0.0, pos=array([0., 0.]), size=array([1536.,  864.]), texRes=128, units='pix', win=Window(...))
202.2172 	DATA 	Keypress: space
202.2248 	EXP 	unnamed TextStim: height = 25.0
202.2248 	EXP 	unnamed TextStim: height = 25.0
202.2248 	EXP 	unnamed TextStim: height = 25.0
202.2248 	EXP 	unnamed TextStim: text = 'n'
204.0944 	DATA 	Keypress: m
204.0966 	EXP 	unnamed TextStim: height = 25.0
204.0966 	EXP 	unnamed TextStim: height = 25.0
204.0966 	EXP 	unnamed TextStim: height = 25.0
204.0966 	EXP 	unnamed TextStim: text = 'x'
205.5966 	DATA 	Keypress: z
205.5987 	EXP 	unnamed TextStim: height = 25.0
205.5987 	EXP 	unnamed TextStim: height = 25.0
205.5987 	EXP 	unnamed TextStim: height = 25.0
205.5987 	EXP 	unnamed TextStim: text = 'n'
205.6254 	DATA 	Keypress: x
207.5240 	DATA 	Keypress: n
207.5263 	EXP 	unnamed TextStim: height = 25.0
207.5263 	EXP 	unnamed TextStim: height = 25.0
207.5263 	EXP 	unnamed TextStim: height = 25.0
207.5263 	EXP 	unnamed TextStim: text = 'z'
209.3216 	DATA 	Keypress: x
209.3238 	EXP 	unnamed TextStim: height = 25.0
209.3238 	EXP 	unnamed TextStim: height = 25.0
209.3238 	EXP 	unnamed TextStim: height = 25.0
209.3238 	EXP 	unnamed TextStim: text = 'x'
210.8029 	DATA 	Keypress: x
210.8040 	EXP 	unnamed TextStim: text = 'x'
212.6690 	DATA 	Keypress: n
212.8386 	EXP 	Created unnamed ImageStim = ImageStim(__class__=<class 'psychopy.visual.image.ImageStim'>, anchor=('center', 'center'), autoLog=True, color=array([1., 1., 1.]), colorSpace='rgb', contrast=1.0, depth=0, flipHoriz=False, flipVert=False, image='break.jpg', interpolate=True, mask=None, maskParams=None, name='unnamed ImageStim', opacity=1.0, ori=0.0, pos=array([0., 0.]), size=array([1536.,  864.]), texRes=128, units='pix', win=Window(...))
213.4391 	DATA 	Keypress: space
213.4415 	EXP 	unnamed TextStim: text = 'x'
214.9603 	DATA 	Keypress: x
214.9628 	EXP 	unnamed TextStim: height = 25.0
214.9628 	EXP 	unnamed TextStim: height = 25.0
214.9628 	EXP 	unnamed TextStim: height = 25.0
214.9628 	EXP 	unnamed TextStim: text = 'z'
217.2892 	DATA 	Keypress: m
217.2915 	EXP 	unnamed TextStim: height = 25.0
217.2915 	EXP 	unnamed TextStim: height = 25.0
217.2915 	EXP 	unnamed TextStim: height = 25.0
217.2915 	EXP 	unnamed TextStim: text = 'n'
218.6412 	DATA 	Keypress: n
218.6478 	EXP 	unnamed TextStim: height = 25.0
218.6478 	EXP 	unnamed TextStim: height = 25.0
218.6478 	EXP 	unnamed TextStim: height = 25.0
218.6478 	EXP 	unnamed TextStim: text = 'm'
220.4629 	DATA 	Keypress: n
220.4651 	EXP 	unnamed TextStim: height = 25.0
220.4651 	EXP 	unnamed TextStim: height = 25.0
220.4651 	EXP 	unnamed TextStim: height = 25.0
220.4651 	EXP 	unnamed TextStim: text = 'n'
221.8928 	DATA 	Keypress: n
221.8949 	EXP 	unnamed TextStim: height = 25.0
221.8949 	EXP 	unnamed TextStim: height = 25.0
221.8949 	EXP 	unnamed TextStim: height = 25.0
221.8949 	EXP 	unnamed TextStim: text = 'm'
223.2720 	DATA 	Keypress: m
223.4039 	EXP 	Created unnamed ImageStim = ImageStim(__class__=<class 'psychopy.visual.image.ImageStim'>, anchor=('center', 'center'), autoLog=True, color=array([1., 1., 1.]), colorSpace='rgb', contrast=1.0, depth=0, flipHoriz=False, flipVert=False, image='break.jpg', interpolate=True, mask=None, maskParams=None, name='unnamed ImageStim', opacity=1.0, ori=0.0, pos=array([0., 0.]), size=array([1536.,  864.]), texRes=128, units='pix', win=Window(...))
226.7352 	DATA 	Keypress: space
226.7526 	EXP 	Created unnamed TextStim = TextStim(__class__=<class 'psychopy.visual.text.TextStim'>, alignHoriz=method-wrapper(...), alignText='center', alignVert=method-wrapper(...), anchorHoriz='center', anchorVert='center', antialias=True, autoDraw=False, autoLog=True, bold=False, color=array([-1, -1, -1]), colorSpace='rgb', contrast=1.0, depth=0, flipHoriz=False, flipVert=False, font='', fontFiles=[], height=20.0, italic=False, languageStyle='LTR', name='unnamed TextStim', opacity=1.0, ori=0.0, pos=array([0., 0.]), rgb=UNKNOWN, text=str(...), units='pix', win=Window(...), wrapWidth=1536)
236.6166 	DATA 	Keypress: return
236.7036 	EXP 	window1: mouseVisible = True
