13.6514 	WARNING 	User requested fullscreen with size [1536  864], but screen is actually [1920, 1080]. Using actual size
14.9402 	INFO 	FRAME RATE: 60
14.9403 	INFO 	SCREEN RES: odict_values([1536, 864])
15.0053 	EXP 	Created unnamed TextStim = TextStim(__class__=<class 'psychopy.visual.text.TextStim'>, alignHoriz=method-wrapper(...), alignText='center', alignVert=method-wrapper(...), anchorHoriz='center', anchorVert='center', antialias=True, autoDraw=False, autoLog=True, bold=False, color=array([-1, -1, -1]), colorSpace='rgb', contrast=1.0, depth=0, flipHoriz=False, flipVert=False, font='', fontFiles=[], height=100.0, italic=False, languageStyle='LTR', name='unnamed TextStim', opacity=1.0, ori=0.0, pos=array([0., 0.]), rgb=UNKNOWN, text='+', units='pix', win=Window(...), wrapWidth=500)
15.0090 	EXP 	Created unnamed Circle = Circle(__class__=<class 'psychopy.visual.circle.Circle'>, anchor=('center', 'center'), autoDraw=False, autoLog=True, closeShape=True, color=method-wrapper(...), colorSpace='rgb', contrast=None, depth=0, fillColor=array([ 0.09019608, -1.        , -1.        ]), fillColorSpace='rgb', fillRGB=array([ 0.09019608, -1.        , -1.        ]), interpolate=True, lineColor=array([ 0.09019608, -1.        , -1.        ]), lineColorSpace='rgb', lineRGB=array([ 0.09019608, -1.        , -1.        ]), lineWidth=1.5, name='unnamed Circle', opacity=1.0, ori=0.0, pos=array([0., 0.]), size=array([1., 1.]), units='pix', vertices=ndarray(...), win=Window(...))
15.0100 	EXP 	Created unnamed TextStim = TextStim(__class__=<class 'psychopy.visual.text.TextStim'>, alignHoriz=method-wrapper(...), alignText='center', alignVert=method-wrapper(...), anchorHoriz='center', anchorVert='center', antialias=True, autoDraw=False, autoLog=True, bold=False, color=array([-0.17647059, -0.17647059, -0.17647059]), colorSpace='rgb', contrast=1.0, depth=0, flipHoriz=False, flipVert=False, font='', fontFiles=[], height=25, italic=False, languageStyle='LTR', name='unnamed TextStim', opacity=1.0, ori=0.0, pos=array([0., 0.]), rgb=UNKNOWN, text='', units='pix', win=Window(...), wrapWidth=500)
15.0194 	EXP 	Created unnamed ImageStim = ImageStim(__class__=<class 'psychopy.visual.image.ImageStim'>, anchor=('center', 'center'), autoLog=True, color=array([1., 1., 1.]), colorSpace='rgb', contrast=1.0, depth=0, flipHoriz=False, flipVert=False, image='mask4.png', interpolate=False, mask=None, maskParams=None, name='unnamed ImageStim', opacity=1.0, ori=0.0, pos=array([0., 0.]), size=array([25., 25.]), texRes=128, units='pix', win=Window(...))
15.0274 	EXP 	Created unnamed TextStim = TextStim(__class__=<class 'psychopy.visual.text.TextStim'>, alignHoriz=method-wrapper(...), alignText='center', alignVert=method-wrapper(...), anchorHoriz='center', anchorVert='center', antialias=True, autoDraw=False, autoLog=True, bold=False, color=array([-1, -1, -1]), colorSpace='rgb', contrast=1.0, depth=0, flipHoriz=False, flipVert=False, font='', fontFiles=[], height=30.0, italic=False, languageStyle='LTR', name='unnamed TextStim', opacity=1.0, ori=0.0, pos=array([ 100., -300.]), rgb=UNKNOWN, text=str(...), units='pix', win=Window(...), wrapWidth=10000)
15.0322 	EXP 	Created unnamed TextStim = TextStim(__class__=<class 'psychopy.visual.text.TextStim'>, alignHoriz=method-wrapper(...), alignText='center', alignVert=method-wrapper(...), anchorHoriz='center', anchorVert='center', antialias=True, autoDraw=False, autoLog=True, bold=False, color=array([-1, -1, -1]), colorSpace='rgb', contrast=1.0, depth=0, flipHoriz=False, flipVert=False, font='', fontFiles=[], height=30.0, italic=False, languageStyle='LTR', name='unnamed TextStim', opacity=1.0, ori=0.0, pos=array([ 100., -330.]), rgb=UNKNOWN, text=str(...), units='pix', win=Window(...), wrapWidth=10000)
15.0725 	EXP 	Created unnamed TextStim = TextStim(__class__=<class 'psychopy.visual.text.TextStim'>, alignHoriz=method-wrapper(...), alignText='center', alignVert=method-wrapper(...), anchorHoriz='center', anchorVert='center', antialias=True, autoDraw=False, autoLog=True, bold=False, color=array([-1, -1, -1]), colorSpace='rgb', contrast=1.0, depth=0, flipHoriz=False, flipVert=False, font='', fontFiles=[], height=20.0, italic=False, languageStyle='LTR', name='unnamed TextStim', opacity=1.0, ori=0.0, pos=array([0., 0.]), rgb=UNKNOWN, text=str(...), units='pix', win=Window(...), wrapWidth=1536)
41.1563 	DATA 	Keypress: space
41.1705 	EXP 	unnamed TextStim: height = 25.0
41.1705 	EXP 	unnamed TextStim: height = 25.0
41.1705 	EXP 	unnamed TextStim: height = 25.0
41.1705 	EXP 	unnamed TextStim: text = 'x'
43.7078 	DATA 	Keypress: x
43.7165 	EXP 	Created unnamed TextStim = TextStim(__class__=<class 'psychopy.visual.text.TextStim'>, alignHoriz=method-wrapper(...), alignText='center', alignVert=method-wrapper(...), anchorHoriz='center', anchorVert='center', antialias=True, autoDraw=False, autoLog=True, bold=False, color=array([-1, -1, -1]), colorSpace='rgb', contrast=1.0, depth=0, flipHoriz=False, flipVert=False, font='', fontFiles=[], height=50.0, italic=False, languageStyle='LTR', name='unnamed TextStim', opacity=1.0, ori=0.0, pos=array([0., 0.]), rgb=UNKNOWN, text='Poprawnie', units='pix', win=Window(...), wrapWidth=500)
44.7211 	EXP 	unnamed TextStim: height = 25.0
44.7211 	EXP 	unnamed TextStim: height = 25.0
44.7211 	EXP 	unnamed TextStim: height = 25.0
44.7211 	EXP 	unnamed TextStim: text = 'm'
46.2108 	DATA 	Keypress: m
46.2128 	EXP 	Created unnamed TextStim = TextStim(__class__=<class 'psychopy.visual.text.TextStim'>, alignHoriz=method-wrapper(...), alignText='center', alignVert=method-wrapper(...), anchorHoriz='center', anchorVert='center', antialias=True, autoDraw=False, autoLog=True, bold=False, color=array([-1, -1, -1]), colorSpace='rgb', contrast=1.0, depth=0, flipHoriz=False, flipVert=False, font='', fontFiles=[], height=50.0, italic=False, languageStyle='LTR', name='unnamed TextStim', opacity=1.0, ori=0.0, pos=array([0., 0.]), rgb=UNKNOWN, text='Poprawnie', units='pix', win=Window(...), wrapWidth=500)
47.2208 	EXP 	unnamed TextStim: height = 25.0
47.2208 	EXP 	unnamed TextStim: height = 25.0
47.2208 	EXP 	unnamed TextStim: height = 25.0
47.2208 	EXP 	unnamed TextStim: text = 'x'
49.0708 	DATA 	Keypress: x
49.0728 	EXP 	Created unnamed TextStim = TextStim(__class__=<class 'psychopy.visual.text.TextStim'>, alignHoriz=method-wrapper(...), alignText='center', alignVert=method-wrapper(...), anchorHoriz='center', anchorVert='center', antialias=True, autoDraw=False, autoLog=True, bold=False, color=array([-1, -1, -1]), colorSpace='rgb', contrast=1.0, depth=0, flipHoriz=False, flipVert=False, font='', fontFiles=[], height=50.0, italic=False, languageStyle='LTR', name='unnamed TextStim', opacity=1.0, ori=0.0, pos=array([0., 0.]), rgb=UNKNOWN, text='Poprawnie', units='pix', win=Window(...), wrapWidth=500)
50.0876 	EXP 	unnamed TextStim: height = 25.0
50.0876 	EXP 	unnamed TextStim: height = 25.0
50.0876 	EXP 	unnamed TextStim: height = 25.0
50.0876 	EXP 	unnamed TextStim: text = 'z'
51.9045 	DATA 	Keypress: z
51.9070 	EXP 	Created unnamed TextStim = TextStim(__class__=<class 'psychopy.visual.text.TextStim'>, alignHoriz=method-wrapper(...), alignText='center', alignVert=method-wrapper(...), anchorHoriz='center', anchorVert='center', antialias=True, autoDraw=False, autoLog=True, bold=False, color=array([-1, -1, -1]), colorSpace='rgb', contrast=1.0, depth=0, flipHoriz=False, flipVert=False, font='', fontFiles=[], height=50.0, italic=False, languageStyle='LTR', name='unnamed TextStim', opacity=1.0, ori=0.0, pos=array([0., 0.]), rgb=UNKNOWN, text='Poprawnie', units='pix', win=Window(...), wrapWidth=500)
52.9210 	EXP 	unnamed TextStim: height = 25.0
52.9210 	EXP 	unnamed TextStim: height = 25.0
52.9210 	EXP 	unnamed TextStim: height = 25.0
52.9210 	EXP 	unnamed TextStim: text = 'n'
54.7192 	DATA 	Keypress: n
54.7212 	EXP 	Created unnamed TextStim = TextStim(__class__=<class 'psychopy.visual.text.TextStim'>, alignHoriz=method-wrapper(...), alignText='center', alignVert=method-wrapper(...), anchorHoriz='center', anchorVert='center', antialias=True, autoDraw=False, autoLog=True, bold=False, color=array([-1, -1, -1]), colorSpace='rgb', contrast=1.0, depth=0, flipHoriz=False, flipVert=False, font='', fontFiles=[], height=50.0, italic=False, languageStyle='LTR', name='unnamed TextStim', opacity=1.0, ori=0.0, pos=array([0., 0.]), rgb=UNKNOWN, text='Poprawnie', units='pix', win=Window(...), wrapWidth=500)
55.7378 	EXP 	unnamed TextStim: text = 'n'
57.3245 	DATA 	Keypress: n
57.3264 	EXP 	Created unnamed TextStim = TextStim(__class__=<class 'psychopy.visual.text.TextStim'>, alignHoriz=method-wrapper(...), alignText='center', alignVert=method-wrapper(...), anchorHoriz='center', anchorVert='center', antialias=True, autoDraw=False, autoLog=True, bold=False, color=array([-1, -1, -1]), colorSpace='rgb', contrast=1.0, depth=0, flipHoriz=False, flipVert=False, font='', fontFiles=[], height=50.0, italic=False, languageStyle='LTR', name='unnamed TextStim', opacity=1.0, ori=0.0, pos=array([0., 0.]), rgb=UNKNOWN, text='Poprawnie', units='pix', win=Window(...), wrapWidth=500)
58.3379 	EXP 	unnamed TextStim: text = 'n'
59.9162 	DATA 	Keypress: n
59.9185 	EXP 	Created unnamed TextStim = TextStim(__class__=<class 'psychopy.visual.text.TextStim'>, alignHoriz=method-wrapper(...), alignText='center', alignVert=method-wrapper(...), anchorHoriz='center', anchorVert='center', antialias=True, autoDraw=False, autoLog=True, bold=False, color=array([-1, -1, -1]), colorSpace='rgb', contrast=1.0, depth=0, flipHoriz=False, flipVert=False, font='', fontFiles=[], height=50.0, italic=False, languageStyle='LTR', name='unnamed TextStim', opacity=1.0, ori=0.0, pos=array([0., 0.]), rgb=UNKNOWN, text='Poprawnie', units='pix', win=Window(...), wrapWidth=500)
60.9223 	EXP 	unnamed TextStim: height = 25.0
60.9223 	EXP 	unnamed TextStim: height = 25.0
60.9223 	EXP 	unnamed TextStim: height = 25.0
60.9223 	EXP 	unnamed TextStim: text = 'm'
62.3975 	DATA 	Keypress: m
62.3998 	EXP 	Created unnamed TextStim = TextStim(__class__=<class 'psychopy.visual.text.TextStim'>, alignHoriz=method-wrapper(...), alignText='center', alignVert=method-wrapper(...), anchorHoriz='center', anchorVert='center', antialias=True, autoDraw=False, autoLog=True, bold=False, color=array([-1, -1, -1]), colorSpace='rgb', contrast=1.0, depth=0, flipHoriz=False, flipVert=False, font='', fontFiles=[], height=50.0, italic=False, languageStyle='LTR', name='unnamed TextStim', opacity=1.0, ori=0.0, pos=array([0., 0.]), rgb=UNKNOWN, text='Poprawnie', units='pix', win=Window(...), wrapWidth=500)
63.4214 	EXP 	unnamed TextStim: height = 25.0
63.4214 	EXP 	unnamed TextStim: height = 25.0
63.4214 	EXP 	unnamed TextStim: height = 25.0
63.4214 	EXP 	unnamed TextStim: text = 'n'
65.0158 	DATA 	Keypress: n
65.0178 	EXP 	Created unnamed TextStim = TextStim(__class__=<class 'psychopy.visual.text.TextStim'>, alignHoriz=method-wrapper(...), alignText='center', alignVert=method-wrapper(...), anchorHoriz='center', anchorVert='center', antialias=True, autoDraw=False, autoLog=True, bold=False, color=array([-1, -1, -1]), colorSpace='rgb', contrast=1.0, depth=0, flipHoriz=False, flipVert=False, font='', fontFiles=[], height=50.0, italic=False, languageStyle='LTR', name='unnamed TextStim', opacity=1.0, ori=0.0, pos=array([0., 0.]), rgb=UNKNOWN, text='Poprawnie', units='pix', win=Window(...), wrapWidth=500)
66.0219 	EXP 	unnamed TextStim: height = 25.0
66.0219 	EXP 	unnamed TextStim: height = 25.0
66.0219 	EXP 	unnamed TextStim: height = 25.0
66.0219 	EXP 	unnamed TextStim: text = 'm'
67.5478 	DATA 	Keypress: m
67.5501 	EXP 	Created unnamed TextStim = TextStim(__class__=<class 'psychopy.visual.text.TextStim'>, alignHoriz=method-wrapper(...), alignText='center', alignVert=method-wrapper(...), anchorHoriz='center', anchorVert='center', antialias=True, autoDraw=False, autoLog=True, bold=False, color=array([-1, -1, -1]), colorSpace='rgb', contrast=1.0, depth=0, flipHoriz=False, flipVert=False, font='', fontFiles=[], height=50.0, italic=False, languageStyle='LTR', name='unnamed TextStim', opacity=1.0, ori=0.0, pos=array([0., 0.]), rgb=UNKNOWN, text='Poprawnie', units='pix', win=Window(...), wrapWidth=500)
68.5548 	EXP 	unnamed TextStim: height = 25.0
68.5548 	EXP 	unnamed TextStim: height = 25.0
68.5548 	EXP 	unnamed TextStim: height = 25.0
68.5548 	EXP 	unnamed TextStim: text = 'z'
69.8890 	DATA 	Keypress: z
69.8941 	EXP 	Created unnamed TextStim = TextStim(__class__=<class 'psychopy.visual.text.TextStim'>, alignHoriz=method-wrapper(...), alignText='center', alignVert=method-wrapper(...), anchorHoriz='center', anchorVert='center', antialias=True, autoDraw=False, autoLog=True, bold=False, color=array([-1, -1, -1]), colorSpace='rgb', contrast=1.0, depth=0, flipHoriz=False, flipVert=False, font='', fontFiles=[], height=50.0, italic=False, languageStyle='LTR', name='unnamed TextStim', opacity=1.0, ori=0.0, pos=array([0., 0.]), rgb=UNKNOWN, text='Poprawnie', units='pix', win=Window(...), wrapWidth=500)
70.9216 	EXP 	unnamed TextStim: height = 25.0
70.9216 	EXP 	unnamed TextStim: height = 25.0
70.9216 	EXP 	unnamed TextStim: height = 25.0
70.9216 	EXP 	unnamed TextStim: text = 'm'
72.3556 	DATA 	Keypress: m
72.3606 	EXP 	Created unnamed TextStim = TextStim(__class__=<class 'psychopy.visual.text.TextStim'>, alignHoriz=method-wrapper(...), alignText='center', alignVert=method-wrapper(...), anchorHoriz='center', anchorVert='center', antialias=True, autoDraw=False, autoLog=True, bold=False, color=array([-1, -1, -1]), colorSpace='rgb', contrast=1.0, depth=0, flipHoriz=False, flipVert=False, font='', fontFiles=[], height=50.0, italic=False, languageStyle='LTR', name='unnamed TextStim', opacity=1.0, ori=0.0, pos=array([0., 0.]), rgb=UNKNOWN, text='Poprawnie', units='pix', win=Window(...), wrapWidth=500)
73.3883 	EXP 	unnamed TextStim: height = 25.0
73.3883 	EXP 	unnamed TextStim: height = 25.0
73.3883 	EXP 	unnamed TextStim: height = 25.0
73.3883 	EXP 	unnamed TextStim: text = 'n'
75.1529 	DATA 	Keypress: n
75.1553 	EXP 	Created unnamed TextStim = TextStim(__class__=<class 'psychopy.visual.text.TextStim'>, alignHoriz=method-wrapper(...), alignText='center', alignVert=method-wrapper(...), anchorHoriz='center', anchorVert='center', antialias=True, autoDraw=False, autoLog=True, bold=False, color=array([-1, -1, -1]), colorSpace='rgb', contrast=1.0, depth=0, flipHoriz=False, flipVert=False, font='', fontFiles=[], height=50.0, italic=False, languageStyle='LTR', name='unnamed TextStim', opacity=1.0, ori=0.0, pos=array([0., 0.]), rgb=UNKNOWN, text='Poprawnie', units='pix', win=Window(...), wrapWidth=500)
76.1719 	EXP 	unnamed TextStim: height = 25.0
76.1719 	EXP 	unnamed TextStim: height = 25.0
76.1719 	EXP 	unnamed TextStim: height = 25.0
76.1719 	EXP 	unnamed TextStim: text = 'z'
77.5560 	DATA 	Keypress: z
77.5613 	EXP 	Created unnamed TextStim = TextStim(__class__=<class 'psychopy.visual.text.TextStim'>, alignHoriz=method-wrapper(...), alignText='center', alignVert=method-wrapper(...), anchorHoriz='center', anchorVert='center', antialias=True, autoDraw=False, autoLog=True, bold=False, color=array([-1, -1, -1]), colorSpace='rgb', contrast=1.0, depth=0, flipHoriz=False, flipVert=False, font='', fontFiles=[], height=50.0, italic=False, languageStyle='LTR', name='unnamed TextStim', opacity=1.0, ori=0.0, pos=array([0., 0.]), rgb=UNKNOWN, text='Poprawnie', units='pix', win=Window(...), wrapWidth=500)
78.5885 	EXP 	unnamed TextStim: height = 25.0
78.5885 	EXP 	unnamed TextStim: height = 25.0
78.5885 	EXP 	unnamed TextStim: height = 25.0
78.5885 	EXP 	unnamed TextStim: text = 'm'
80.0980 	DATA 	Keypress: m
80.1006 	EXP 	Created unnamed TextStim = TextStim(__class__=<class 'psychopy.visual.text.TextStim'>, alignHoriz=method-wrapper(...), alignText='center', alignVert=method-wrapper(...), anchorHoriz='center', anchorVert='center', antialias=True, autoDraw=False, autoLog=True, bold=False, color=array([-1, -1, -1]), colorSpace='rgb', contrast=1.0, depth=0, flipHoriz=False, flipVert=False, font='', fontFiles=[], height=50.0, italic=False, languageStyle='LTR', name='unnamed TextStim', opacity=1.0, ori=0.0, pos=array([0., 0.]), rgb=UNKNOWN, text='Poprawnie', units='pix', win=Window(...), wrapWidth=500)
81.1336 	EXP 	Created unnamed TextStim = TextStim(__class__=<class 'psychopy.visual.text.TextStim'>, alignHoriz=method-wrapper(...), alignText='center', alignVert=method-wrapper(...), anchorHoriz='center', anchorVert='center', antialias=True, autoDraw=False, autoLog=True, bold=False, color=array([-1, -1, -1]), colorSpace='rgb', contrast=1.0, depth=0, flipHoriz=False, flipVert=False, font='', fontFiles=[], height=20.0, italic=False, languageStyle='LTR', name='unnamed TextStim', opacity=1.0, ori=0.0, pos=array([0., 0.]), rgb=UNKNOWN, text=str(...), units='pix', win=Window(...), wrapWidth=1536)
91.8235 	DATA 	Keypress: space
91.8388 	EXP 	unnamed TextStim: height = 25.0
91.8388 	EXP 	unnamed TextStim: height = 25.0
91.8388 	EXP 	unnamed TextStim: height = 25.0
91.8388 	EXP 	unnamed TextStim: text = 'n'
93.3095 	DATA 	Keypress: n
93.3166 	EXP 	Created unnamed TextStim = TextStim(__class__=<class 'psychopy.visual.text.TextStim'>, alignHoriz=method-wrapper(...), alignText='center', alignVert=method-wrapper(...), anchorHoriz='center', anchorVert='center', antialias=True, autoDraw=False, autoLog=True, bold=False, color=array([-1, -1, -1]), colorSpace='rgb', contrast=1.0, depth=0, flipHoriz=False, flipVert=False, font='', fontFiles=[], height=50.0, italic=False, languageStyle='LTR', name='unnamed TextStim', opacity=1.0, ori=0.0, pos=array([0., 0.]), rgb=UNKNOWN, text='Poprawnie', units='pix', win=Window(...), wrapWidth=500)
94.3225 	EXP 	unnamed TextStim: height = 25.0
94.3225 	EXP 	unnamed TextStim: height = 25.0
94.3225 	EXP 	unnamed TextStim: height = 25.0
94.3225 	EXP 	unnamed TextStim: text = 'z'
95.7315 	DATA 	Keypress: z
95.7341 	EXP 	Created unnamed TextStim = TextStim(__class__=<class 'psychopy.visual.text.TextStim'>, alignHoriz=method-wrapper(...), alignText='center', alignVert=method-wrapper(...), anchorHoriz='center', anchorVert='center', antialias=True, autoDraw=False, autoLog=True, bold=False, color=array([-1, -1, -1]), colorSpace='rgb', contrast=1.0, depth=0, flipHoriz=False, flipVert=False, font='', fontFiles=[], height=50.0, italic=False, languageStyle='LTR', name='unnamed TextStim', opacity=1.0, ori=0.0, pos=array([0., 0.]), rgb=UNKNOWN, text='Poprawnie', units='pix', win=Window(...), wrapWidth=500)
96.7390 	EXP 	unnamed TextStim: height = 25.0
96.7390 	EXP 	unnamed TextStim: height = 25.0
96.7390 	EXP 	unnamed TextStim: height = 25.0
96.7390 	EXP 	unnamed TextStim: text = 'x'
98.8651 	DATA 	Keypress: z
98.8686 	EXP 	Created unnamed TextStim = TextStim(__class__=<class 'psychopy.visual.text.TextStim'>, alignHoriz=method-wrapper(...), alignText='center', alignVert=method-wrapper(...), anchorHoriz='center', anchorVert='center', antialias=True, autoDraw=False, autoLog=True, bold=False, color=array([-1, -1, -1]), colorSpace='rgb', contrast=1.0, depth=0, flipHoriz=False, flipVert=False, font='', fontFiles=[], height=50.0, italic=False, languageStyle='LTR', name='unnamed TextStim', opacity=1.0, ori=0.0, pos=array([0., 0.]), rgb=UNKNOWN, text='Niepoprawnie', units='pix', win=Window(...), wrapWidth=500)
99.8727 	EXP 	unnamed TextStim: text = 'x'
101.4986 	DATA 	Keypress: z
101.5006 	EXP 	Created unnamed TextStim = TextStim(__class__=<class 'psychopy.visual.text.TextStim'>, alignHoriz=method-wrapper(...), alignText='center', alignVert=method-wrapper(...), anchorHoriz='center', anchorVert='center', antialias=True, autoDraw=False, autoLog=True, bold=False, color=array([-1, -1, -1]), colorSpace='rgb', contrast=1.0, depth=0, flipHoriz=False, flipVert=False, font='', fontFiles=[], height=50.0, italic=False, languageStyle='LTR', name='unnamed TextStim', opacity=1.0, ori=0.0, pos=array([0., 0.]), rgb=UNKNOWN, text='Niepoprawnie', units='pix', win=Window(...), wrapWidth=500)
102.5060 	EXP 	unnamed TextStim: height = 25.0
102.5060 	EXP 	unnamed TextStim: height = 25.0
102.5060 	EXP 	unnamed TextStim: height = 25.0
102.5060 	EXP 	unnamed TextStim: text = 'n'
104.0219 	DATA 	Keypress: n
104.0246 	EXP 	Created unnamed TextStim = TextStim(__class__=<class 'psychopy.visual.text.TextStim'>, alignHoriz=method-wrapper(...), alignText='center', alignVert=method-wrapper(...), anchorHoriz='center', anchorVert='center', antialias=True, autoDraw=False, autoLog=True, bold=False, color=array([-1, -1, -1]), colorSpace='rgb', contrast=1.0, depth=0, flipHoriz=False, flipVert=False, font='', fontFiles=[], height=50.0, italic=False, languageStyle='LTR', name='unnamed TextStim', opacity=1.0, ori=0.0, pos=array([0., 0.]), rgb=UNKNOWN, text='Poprawnie', units='pix', win=Window(...), wrapWidth=500)
105.0396 	EXP 	unnamed TextStim: height = 25.0
105.0396 	EXP 	unnamed TextStim: height = 25.0
105.0396 	EXP 	unnamed TextStim: height = 25.0
105.0396 	EXP 	unnamed TextStim: text = 'm'
106.5348 	DATA 	Keypress: m
106.5366 	EXP 	Created unnamed TextStim = TextStim(__class__=<class 'psychopy.visual.text.TextStim'>, alignHoriz=method-wrapper(...), alignText='center', alignVert=method-wrapper(...), anchorHoriz='center', anchorVert='center', antialias=True, autoDraw=False, autoLog=True, bold=False, color=array([-1, -1, -1]), colorSpace='rgb', contrast=1.0, depth=0, flipHoriz=False, flipVert=False, font='', fontFiles=[], height=50.0, italic=False, languageStyle='LTR', name='unnamed TextStim', opacity=1.0, ori=0.0, pos=array([0., 0.]), rgb=UNKNOWN, text='Poprawnie', units='pix', win=Window(...), wrapWidth=500)
107.5564 	EXP 	unnamed TextStim: height = 25.0
107.5564 	EXP 	unnamed TextStim: height = 25.0
107.5564 	EXP 	unnamed TextStim: height = 25.0
107.5564 	EXP 	unnamed TextStim: text = 'x'
109.3437 	DATA 	Keypress: x
109.3461 	EXP 	Created unnamed TextStim = TextStim(__class__=<class 'psychopy.visual.text.TextStim'>, alignHoriz=method-wrapper(...), alignText='center', alignVert=method-wrapper(...), anchorHoriz='center', anchorVert='center', antialias=True, autoDraw=False, autoLog=True, bold=False, color=array([-1, -1, -1]), colorSpace='rgb', contrast=1.0, depth=0, flipHoriz=False, flipVert=False, font='', fontFiles=[], height=50.0, italic=False, languageStyle='LTR', name='unnamed TextStim', opacity=1.0, ori=0.0, pos=array([0., 0.]), rgb=UNKNOWN, text='Poprawnie', units='pix', win=Window(...), wrapWidth=500)
110.3565 	EXP 	unnamed TextStim: height = 25.0
110.3565 	EXP 	unnamed TextStim: height = 25.0
110.3565 	EXP 	unnamed TextStim: height = 25.0
110.3565 	EXP 	unnamed TextStim: text = 'z'
111.7596 	DATA 	Keypress: z
111.7615 	EXP 	Created unnamed TextStim = TextStim(__class__=<class 'psychopy.visual.text.TextStim'>, alignHoriz=method-wrapper(...), alignText='center', alignVert=method-wrapper(...), anchorHoriz='center', anchorVert='center', antialias=True, autoDraw=False, autoLog=True, bold=False, color=array([-1, -1, -1]), colorSpace='rgb', contrast=1.0, depth=0, flipHoriz=False, flipVert=False, font='', fontFiles=[], height=50.0, italic=False, languageStyle='LTR', name='unnamed TextStim', opacity=1.0, ori=0.0, pos=array([0., 0.]), rgb=UNKNOWN, text='Poprawnie', units='pix', win=Window(...), wrapWidth=500)
112.7732 	EXP 	unnamed TextStim: height = 25.0
112.7732 	EXP 	unnamed TextStim: height = 25.0
112.7732 	EXP 	unnamed TextStim: height = 25.0
112.7732 	EXP 	unnamed TextStim: text = 'm'
114.2700 	DATA 	Keypress: m
114.2722 	EXP 	Created unnamed TextStim = TextStim(__class__=<class 'psychopy.visual.text.TextStim'>, alignHoriz=method-wrapper(...), alignText='center', alignVert=method-wrapper(...), anchorHoriz='center', anchorVert='center', antialias=True, autoDraw=False, autoLog=True, bold=False, color=array([-1, -1, -1]), colorSpace='rgb', contrast=1.0, depth=0, flipHoriz=False, flipVert=False, font='', fontFiles=[], height=50.0, italic=False, languageStyle='LTR', name='unnamed TextStim', opacity=1.0, ori=0.0, pos=array([0., 0.]), rgb=UNKNOWN, text='Poprawnie', units='pix', win=Window(...), wrapWidth=500)
115.2900 	EXP 	unnamed TextStim: height = 25.0
115.2900 	EXP 	unnamed TextStim: height = 25.0
115.2900 	EXP 	unnamed TextStim: height = 25.0
115.2900 	EXP 	unnamed TextStim: text = 'z'
116.7964 	DATA 	Keypress: z
116.7990 	EXP 	Created unnamed TextStim = TextStim(__class__=<class 'psychopy.visual.text.TextStim'>, alignHoriz=method-wrapper(...), alignText='center', alignVert=method-wrapper(...), anchorHoriz='center', anchorVert='center', antialias=True, autoDraw=False, autoLog=True, bold=False, color=array([-1, -1, -1]), colorSpace='rgb', contrast=1.0, depth=0, flipHoriz=False, flipVert=False, font='', fontFiles=[], height=50.0, italic=False, languageStyle='LTR', name='unnamed TextStim', opacity=1.0, ori=0.0, pos=array([0., 0.]), rgb=UNKNOWN, text='Poprawnie', units='pix', win=Window(...), wrapWidth=500)
117.8273 	EXP 	Created unnamed TextStim = TextStim(__class__=<class 'psychopy.visual.text.TextStim'>, alignHoriz=method-wrapper(...), alignText='center', alignVert=method-wrapper(...), anchorHoriz='center', anchorVert='center', antialias=True, autoDraw=False, autoLog=True, bold=False, color=array([-1, -1, -1]), colorSpace='rgb', contrast=1.0, depth=0, flipHoriz=False, flipVert=False, font='', fontFiles=[], height=20.0, italic=False, languageStyle='LTR', name='unnamed TextStim', opacity=1.0, ori=0.0, pos=array([0., 0.]), rgb=UNKNOWN, text=str(...), units='pix', win=Window(...), wrapWidth=1536)
124.2807 	DATA 	Keypress: space
124.2900 	EXP 	unnamed TextStim: height = 25.0
124.2900 	EXP 	unnamed TextStim: height = 25.0
124.2900 	EXP 	unnamed TextStim: height = 25.0
124.2900 	EXP 	unnamed TextStim: text = 'x'
126.0052 	DATA 	Keypress: x
126.0085 	EXP 	unnamed TextStim: height = 25.0
126.0085 	EXP 	unnamed TextStim: height = 25.0
126.0085 	EXP 	unnamed TextStim: height = 25.0
126.0085 	EXP 	unnamed TextStim: text = 'm'
127.8219 	DATA 	Keypress: n
127.8247 	EXP 	unnamed TextStim: height = 25.0
127.8247 	EXP 	unnamed TextStim: height = 25.0
127.8247 	EXP 	unnamed TextStim: height = 25.0
127.8247 	EXP 	unnamed TextStim: text = 'n'
129.2811 	DATA 	Keypress: n
129.2832 	EXP 	unnamed TextStim: height = 25.0
129.2832 	EXP 	unnamed TextStim: height = 25.0
129.2832 	EXP 	unnamed TextStim: height = 25.0
129.2832 	EXP 	unnamed TextStim: text = 'm'
130.8183 	DATA 	Keypress: n
130.8213 	EXP 	unnamed TextStim: height = 25.0
130.8213 	EXP 	unnamed TextStim: height = 25.0
130.8213 	EXP 	unnamed TextStim: height = 25.0
130.8213 	EXP 	unnamed TextStim: text = 'z'
132.3025 	DATA 	Keypress: z
132.3046 	EXP 	unnamed TextStim: height = 25.0
132.3046 	EXP 	unnamed TextStim: height = 25.0
132.3046 	EXP 	unnamed TextStim: height = 25.0
132.3046 	EXP 	unnamed TextStim: text = 'm'
133.9199 	DATA 	Keypress: m
134.0630 	EXP 	Created unnamed ImageStim = ImageStim(__class__=<class 'psychopy.visual.image.ImageStim'>, anchor=('center', 'center'), autoLog=True, color=array([1., 1., 1.]), colorSpace='rgb', contrast=1.0, depth=0, flipHoriz=False, flipVert=False, image='break.jpg', interpolate=True, mask=None, maskParams=None, name='unnamed ImageStim', opacity=1.0, ori=0.0, pos=array([0., 0.]), size=array([1536.,  864.]), texRes=128, units='pix', win=Window(...))
139.0023 	DATA 	Keypress: space
139.0073 	EXP 	unnamed TextStim: text = 'm'
140.4223 	DATA 	Keypress: m
140.4249 	EXP 	unnamed TextStim: height = 25.0
140.4249 	EXP 	unnamed TextStim: height = 25.0
140.4249 	EXP 	unnamed TextStim: height = 25.0
140.4249 	EXP 	unnamed TextStim: text = 'x'
142.1849 	DATA 	Keypress: x
142.1861 	EXP 	unnamed TextStim: text = 'x'
143.9536 	DATA 	Keypress: x
143.9556 	EXP 	unnamed TextStim: height = 25.0
143.9556 	EXP 	unnamed TextStim: height = 25.0
143.9556 	EXP 	unnamed TextStim: height = 25.0
143.9556 	EXP 	unnamed TextStim: text = 'm'
145.4059 	DATA 	Keypress: m
145.4099 	EXP 	unnamed TextStim: height = 25.0
145.4099 	EXP 	unnamed TextStim: height = 25.0
145.4099 	EXP 	unnamed TextStim: height = 25.0
145.4099 	EXP 	unnamed TextStim: text = 'z'
146.9191 	DATA 	Keypress: z
146.9212 	EXP 	unnamed TextStim: height = 25.0
146.9212 	EXP 	unnamed TextStim: height = 25.0
146.9212 	EXP 	unnamed TextStim: height = 25.0
146.9212 	EXP 	unnamed TextStim: text = 'n'
148.3255 	DATA 	Keypress: n
148.4457 	EXP 	Created unnamed ImageStim = ImageStim(__class__=<class 'psychopy.visual.image.ImageStim'>, anchor=('center', 'center'), autoLog=True, color=array([1., 1., 1.]), colorSpace='rgb', contrast=1.0, depth=0, flipHoriz=False, flipVert=False, image='break.jpg', interpolate=True, mask=None, maskParams=None, name='unnamed ImageStim', opacity=1.0, ori=0.0, pos=array([0., 0.]), size=array([1536.,  864.]), texRes=128, units='pix', win=Window(...))
151.0425 	DATA 	Keypress: space
151.0579 	EXP 	unnamed TextStim: height = 25.0
151.0579 	EXP 	unnamed TextStim: height = 25.0
151.0579 	EXP 	unnamed TextStim: height = 25.0
151.0579 	EXP 	unnamed TextStim: text = 'z'
152.5174 	DATA 	Keypress: z
152.5194 	EXP 	unnamed TextStim: height = 25.0
152.5194 	EXP 	unnamed TextStim: height = 25.0
152.5194 	EXP 	unnamed TextStim: height = 25.0
152.5194 	EXP 	unnamed TextStim: text = 'n'
154.0580 	DATA 	Keypress: n
154.0591 	EXP 	unnamed TextStim: text = 'n'
155.9931 	DATA 	Keypress: z
155.9944 	EXP 	unnamed TextStim: text = 'n'
157.8527 	DATA 	Keypress: z
157.8548 	EXP 	unnamed TextStim: height = 25.0
157.8548 	EXP 	unnamed TextStim: height = 25.0
157.8548 	EXP 	unnamed TextStim: height = 25.0
157.8548 	EXP 	unnamed TextStim: text = 'x'
159.4730 	DATA 	Keypress: x
159.4752 	EXP 	unnamed TextStim: height = 25.0
159.4752 	EXP 	unnamed TextStim: height = 25.0
159.4752 	EXP 	unnamed TextStim: height = 25.0
159.4752 	EXP 	unnamed TextStim: text = 'm'
161.0539 	DATA 	Keypress: m
161.1905 	EXP 	Created unnamed ImageStim = ImageStim(__class__=<class 'psychopy.visual.image.ImageStim'>, anchor=('center', 'center'), autoLog=True, color=array([1., 1., 1.]), colorSpace='rgb', contrast=1.0, depth=0, flipHoriz=False, flipVert=False, image='break.jpg', interpolate=True, mask=None, maskParams=None, name='unnamed ImageStim', opacity=1.0, ori=0.0, pos=array([0., 0.]), size=array([1536.,  864.]), texRes=128, units='pix', win=Window(...))
162.9980 	DATA 	Keypress: space
163.0084 	EXP 	unnamed TextStim: height = 25.0
163.0084 	EXP 	unnamed TextStim: height = 25.0
163.0084 	EXP 	unnamed TextStim: height = 25.0
163.0084 	EXP 	unnamed TextStim: text = 'n'
164.5372 	DATA 	Keypress: n
164.5385 	EXP 	unnamed TextStim: text = 'n'
166.6125 	DATA 	Keypress: n
166.6137 	EXP 	unnamed TextStim: text = 'n'
168.1798 	DATA 	Keypress: n
168.1847 	EXP 	unnamed TextStim: height = 25.0
168.1847 	EXP 	unnamed TextStim: height = 25.0
168.1847 	EXP 	unnamed TextStim: height = 25.0
168.1847 	EXP 	unnamed TextStim: text = 'x'
169.7348 	DATA 	Keypress: x
169.7368 	EXP 	unnamed TextStim: height = 25.0
169.7368 	EXP 	unnamed TextStim: height = 25.0
169.7368 	EXP 	unnamed TextStim: height = 25.0
169.7368 	EXP 	unnamed TextStim: text = 'n'
171.5964 	DATA 	Keypress: n
171.5986 	EXP 	unnamed TextStim: height = 25.0
171.5986 	EXP 	unnamed TextStim: height = 25.0
171.5986 	EXP 	unnamed TextStim: height = 25.0
171.5986 	EXP 	unnamed TextStim: text = 'z'
173.7975 	DATA 	Keypress: x
173.9271 	EXP 	Created unnamed ImageStim = ImageStim(__class__=<class 'psychopy.visual.image.ImageStim'>, anchor=('center', 'center'), autoLog=True, color=array([1., 1., 1.]), colorSpace='rgb', contrast=1.0, depth=0, flipHoriz=False, flipVert=False, image='break.jpg', interpolate=True, mask=None, maskParams=None, name='unnamed ImageStim', opacity=1.0, ori=0.0, pos=array([0., 0.]), size=array([1536.,  864.]), texRes=128, units='pix', win=Window(...))
176.4939 	DATA 	Keypress: space
176.5089 	EXP 	unnamed TextStim: height = 25.0
176.5089 	EXP 	unnamed TextStim: height = 25.0
176.5089 	EXP 	unnamed TextStim: height = 25.0
176.5089 	EXP 	unnamed TextStim: text = 'm'
178.1797 	DATA 	Keypress: m
178.1818 	EXP 	unnamed TextStim: height = 25.0
178.1818 	EXP 	unnamed TextStim: height = 25.0
178.1818 	EXP 	unnamed TextStim: height = 25.0
178.1818 	EXP 	unnamed TextStim: text = 'n'
179.5599 	DATA 	Keypress: n
179.5620 	EXP 	unnamed TextStim: height = 25.0
179.5620 	EXP 	unnamed TextStim: height = 25.0
179.5620 	EXP 	unnamed TextStim: height = 25.0
179.5620 	EXP 	unnamed TextStim: text = 'm'
181.5884 	DATA 	Keypress: z
181.5895 	EXP 	unnamed TextStim: text = 'm'
183.1923 	DATA 	Keypress: m
183.1944 	EXP 	unnamed TextStim: height = 25.0
183.1944 	EXP 	unnamed TextStim: height = 25.0
183.1944 	EXP 	unnamed TextStim: height = 25.0
183.1944 	EXP 	unnamed TextStim: text = 'z'
184.6321 	DATA 	Keypress: z
184.6333 	EXP 	unnamed TextStim: text = 'z'
186.1326 	DATA 	Keypress: z
186.2436 	EXP 	Created unnamed ImageStim = ImageStim(__class__=<class 'psychopy.visual.image.ImageStim'>, anchor=('center', 'center'), autoLog=True, color=array([1., 1., 1.]), colorSpace='rgb', contrast=1.0, depth=0, flipHoriz=False, flipVert=False, image='break.jpg', interpolate=True, mask=None, maskParams=None, name='unnamed ImageStim', opacity=1.0, ori=0.0, pos=array([0., 0.]), size=array([1536.,  864.]), texRes=128, units='pix', win=Window(...))
187.8642 	DATA 	Keypress: space
187.8760 	EXP 	unnamed TextStim: text = 'z'
189.3403 	DATA 	Keypress: z
189.3424 	EXP 	unnamed TextStim: height = 25.0
189.3424 	EXP 	unnamed TextStim: height = 25.0
189.3424 	EXP 	unnamed TextStim: height = 25.0
189.3424 	EXP 	unnamed TextStim: text = 'x'
191.0305 	DATA 	Keypress: x
191.0353 	EXP 	unnamed TextStim: height = 25.0
191.0353 	EXP 	unnamed TextStim: height = 25.0
191.0353 	EXP 	unnamed TextStim: height = 25.0
191.0353 	EXP 	unnamed TextStim: text = 'n'
192.5345 	DATA 	Keypress: n
192.5366 	EXP 	unnamed TextStim: height = 25.0
192.5366 	EXP 	unnamed TextStim: height = 25.0
192.5366 	EXP 	unnamed TextStim: height = 25.0
192.5366 	EXP 	unnamed TextStim: text = 'm'
193.9388 	DATA 	Keypress: m
193.9408 	EXP 	unnamed TextStim: height = 25.0
193.9408 	EXP 	unnamed TextStim: height = 25.0
193.9408 	EXP 	unnamed TextStim: height = 25.0
193.9408 	EXP 	unnamed TextStim: text = 'x'
195.4950 	DATA 	Keypress: x
195.4972 	EXP 	unnamed TextStim: height = 25.0
195.4972 	EXP 	unnamed TextStim: height = 25.0
195.4972 	EXP 	unnamed TextStim: height = 25.0
195.4972 	EXP 	unnamed TextStim: text = 'z'
196.8735 	DATA 	Keypress: z
196.9733 	EXP 	Created unnamed ImageStim = ImageStim(__class__=<class 'psychopy.visual.image.ImageStim'>, anchor=('center', 'center'), autoLog=True, color=array([1., 1., 1.]), colorSpace='rgb', contrast=1.0, depth=0, flipHoriz=False, flipVert=False, image='break.jpg', interpolate=True, mask=None, maskParams=None, name='unnamed ImageStim', opacity=1.0, ori=0.0, pos=array([0., 0.]), size=array([1536.,  864.]), texRes=128, units='pix', win=Window(...))
197.8637 	DATA 	Keypress: space
197.8762 	EXP 	unnamed TextStim: height = 25.0
197.8762 	EXP 	unnamed TextStim: height = 25.0
197.8762 	EXP 	unnamed TextStim: height = 25.0
197.8762 	EXP 	unnamed TextStim: text = 'm'
199.6652 	DATA 	Keypress: n
199.6672 	EXP 	unnamed TextStim: height = 25.0
199.6672 	EXP 	unnamed TextStim: height = 25.0
199.6672 	EXP 	unnamed TextStim: height = 25.0
199.6672 	EXP 	unnamed TextStim: text = 'n'
200.9899 	DATA 	Keypress: n
200.9919 	EXP 	unnamed TextStim: height = 25.0
200.9919 	EXP 	unnamed TextStim: height = 25.0
200.9919 	EXP 	unnamed TextStim: height = 25.0
200.9919 	EXP 	unnamed TextStim: text = 'z'
202.5961 	DATA 	Keypress: z
202.5971 	EXP 	unnamed TextStim: text = 'z'
203.8959 	DATA 	Keypress: z
203.8979 	EXP 	unnamed TextStim: height = 25.0
203.8979 	EXP 	unnamed TextStim: height = 25.0
203.8979 	EXP 	unnamed TextStim: height = 25.0
203.8979 	EXP 	unnamed TextStim: text = 'x'
205.3486 	DATA 	Keypress: x
205.3507 	EXP 	unnamed TextStim: height = 25.0
205.3507 	EXP 	unnamed TextStim: height = 25.0
205.3507 	EXP 	unnamed TextStim: height = 25.0
205.3507 	EXP 	unnamed TextStim: text = 'n'
206.7732 	DATA 	Keypress: n
206.8803 	EXP 	Created unnamed ImageStim = ImageStim(__class__=<class 'psychopy.visual.image.ImageStim'>, anchor=('center', 'center'), autoLog=True, color=array([1., 1., 1.]), colorSpace='rgb', contrast=1.0, depth=0, flipHoriz=False, flipVert=False, image='break.jpg', interpolate=True, mask=None, maskParams=None, name='unnamed ImageStim', opacity=1.0, ori=0.0, pos=array([0., 0.]), size=array([1536.,  864.]), texRes=128, units='pix', win=Window(...))
210.6881 	DATA 	Keypress: space
210.6956 	EXP 	unnamed TextStim: height = 25.0
210.6956 	EXP 	unnamed TextStim: height = 25.0
210.6956 	EXP 	unnamed TextStim: height = 25.0
210.6956 	EXP 	unnamed TextStim: text = 'x'
212.1448 	DATA 	Keypress: z
212.1459 	EXP 	unnamed TextStim: text = 'x'
213.4572 	DATA 	Keypress: x
213.4584 	EXP 	unnamed TextStim: text = 'x'
214.8464 	DATA 	Keypress: x
214.8515 	EXP 	unnamed TextStim: height = 25.0
214.8515 	EXP 	unnamed TextStim: height = 25.0
214.8515 	EXP 	unnamed TextStim: height = 25.0
214.8515 	EXP 	unnamed TextStim: text = 'z'
216.2411 	DATA 	Keypress: z
216.2431 	EXP 	unnamed TextStim: height = 25.0
216.2431 	EXP 	unnamed TextStim: height = 25.0
216.2431 	EXP 	unnamed TextStim: height = 25.0
216.2431 	EXP 	unnamed TextStim: text = 'x'
217.5673 	DATA 	Keypress: x
217.5694 	EXP 	unnamed TextStim: height = 25.0
217.5694 	EXP 	unnamed TextStim: height = 25.0
217.5694 	EXP 	unnamed TextStim: height = 25.0
217.5694 	EXP 	unnamed TextStim: text = 'z'
218.9590 	DATA 	Keypress: z
219.0586 	EXP 	Created unnamed ImageStim = ImageStim(__class__=<class 'psychopy.visual.image.ImageStim'>, anchor=('center', 'center'), autoLog=True, color=array([1., 1., 1.]), colorSpace='rgb', contrast=1.0, depth=0, flipHoriz=False, flipVert=False, image='break.jpg', interpolate=True, mask=None, maskParams=None, name='unnamed ImageStim', opacity=1.0, ori=0.0, pos=array([0., 0.]), size=array([1536.,  864.]), texRes=128, units='pix', win=Window(...))
221.4965 	DATA 	Keypress: space
221.5105 	EXP 	unnamed TextStim: height = 25.0
221.5105 	EXP 	unnamed TextStim: height = 25.0
221.5105 	EXP 	unnamed TextStim: height = 25.0
221.5105 	EXP 	unnamed TextStim: text = 'n'
222.9378 	DATA 	Keypress: n
222.9399 	EXP 	unnamed TextStim: height = 25.0
222.9399 	EXP 	unnamed TextStim: height = 25.0
222.9399 	EXP 	unnamed TextStim: height = 25.0
222.9399 	EXP 	unnamed TextStim: text = 'x'
224.3326 	DATA 	Keypress: x
224.3347 	EXP 	unnamed TextStim: height = 25.0
224.3347 	EXP 	unnamed TextStim: height = 25.0
224.3347 	EXP 	unnamed TextStim: height = 25.0
224.3347 	EXP 	unnamed TextStim: text = 'm'
225.7817 	DATA 	Keypress: z
225.7853 	EXP 	unnamed TextStim: height = 25.0
225.7853 	EXP 	unnamed TextStim: height = 25.0
225.7853 	EXP 	unnamed TextStim: height = 25.0
225.7853 	EXP 	unnamed TextStim: text = 'n'
227.1707 	DATA 	Keypress: n
227.1718 	EXP 	unnamed TextStim: text = 'n'
228.8296 	DATA 	Keypress: n
228.8342 	EXP 	unnamed TextStim: height = 25.0
228.8342 	EXP 	unnamed TextStim: height = 25.0
228.8342 	EXP 	unnamed TextStim: height = 25.0
228.8342 	EXP 	unnamed TextStim: text = 'm'
230.2844 	DATA 	Keypress: z
230.3949 	EXP 	Created unnamed ImageStim = ImageStim(__class__=<class 'psychopy.visual.image.ImageStim'>, anchor=('center', 'center'), autoLog=True, color=array([1., 1., 1.]), colorSpace='rgb', contrast=1.0, depth=0, flipHoriz=False, flipVert=False, image='break.jpg', interpolate=True, mask=None, maskParams=None, name='unnamed ImageStim', opacity=1.0, ori=0.0, pos=array([0., 0.]), size=array([1536.,  864.]), texRes=128, units='pix', win=Window(...))
232.7706 	DATA 	Keypress: space
232.7776 	EXP 	unnamed TextStim: text = 'm'
234.3852 	DATA 	Keypress: z
234.3864 	EXP 	unnamed TextStim: text = 'm'
235.8130 	DATA 	Keypress: m
235.8141 	EXP 	unnamed TextStim: text = 'm'
237.2858 	DATA 	Keypress: m
237.2878 	EXP 	unnamed TextStim: height = 25.0
237.2878 	EXP 	unnamed TextStim: height = 25.0
237.2878 	EXP 	unnamed TextStim: height = 25.0
237.2878 	EXP 	unnamed TextStim: text = 'n'
238.7123 	DATA 	Keypress: n
238.7145 	EXP 	unnamed TextStim: height = 25.0
238.7145 	EXP 	unnamed TextStim: height = 25.0
238.7145 	EXP 	unnamed TextStim: height = 25.0
238.7145 	EXP 	unnamed TextStim: text = 'z'
240.1277 	DATA 	Keypress: z
240.1296 	EXP 	unnamed TextStim: height = 25.0
240.1296 	EXP 	unnamed TextStim: height = 25.0
240.1296 	EXP 	unnamed TextStim: height = 25.0
240.1296 	EXP 	unnamed TextStim: text = 'x'
242.0471 	DATA 	Keypress: x
242.1562 	EXP 	Created unnamed ImageStim = ImageStim(__class__=<class 'psychopy.visual.image.ImageStim'>, anchor=('center', 'center'), autoLog=True, color=array([1., 1., 1.]), colorSpace='rgb', contrast=1.0, depth=0, flipHoriz=False, flipVert=False, image='break.jpg', interpolate=True, mask=None, maskParams=None, name='unnamed ImageStim', opacity=1.0, ori=0.0, pos=array([0., 0.]), size=array([1536.,  864.]), texRes=128, units='pix', win=Window(...))
243.1932 	DATA 	Keypress: space
243.1958 	EXP 	unnamed TextStim: height = 25.0
243.1958 	EXP 	unnamed TextStim: height = 25.0
243.1958 	EXP 	unnamed TextStim: height = 25.0
243.1958 	EXP 	unnamed TextStim: text = 'm'
244.8075 	DATA 	Keypress: m
244.8095 	EXP 	unnamed TextStim: height = 25.0
244.8095 	EXP 	unnamed TextStim: height = 25.0
244.8095 	EXP 	unnamed TextStim: height = 25.0
244.8095 	EXP 	unnamed TextStim: text = 'n'
246.1525 	DATA 	Keypress: n
246.1547 	EXP 	unnamed TextStim: height = 25.0
246.1547 	EXP 	unnamed TextStim: height = 25.0
246.1547 	EXP 	unnamed TextStim: height = 25.0
246.1547 	EXP 	unnamed TextStim: text = 'x'
248.1657 	DATA 	Keypress: n
248.1679 	EXP 	unnamed TextStim: height = 25.0
248.1679 	EXP 	unnamed TextStim: height = 25.0
248.1679 	EXP 	unnamed TextStim: height = 25.0
248.1679 	EXP 	unnamed TextStim: text = 'n'
249.6528 	DATA 	Keypress: z
249.6578 	EXP 	unnamed TextStim: height = 25.0
249.6578 	EXP 	unnamed TextStim: height = 25.0
249.6578 	EXP 	unnamed TextStim: height = 25.0
249.6578 	EXP 	unnamed TextStim: text = 'x'
251.0944 	DATA 	Keypress: n
251.0956 	EXP 	unnamed TextStim: text = 'x'
252.5912 	DATA 	Keypress: x
252.7005 	EXP 	Created unnamed ImageStim = ImageStim(__class__=<class 'psychopy.visual.image.ImageStim'>, anchor=('center', 'center'), autoLog=True, color=array([1., 1., 1.]), colorSpace='rgb', contrast=1.0, depth=0, flipHoriz=False, flipVert=False, image='break.jpg', interpolate=True, mask=None, maskParams=None, name='unnamed ImageStim', opacity=1.0, ori=0.0, pos=array([0., 0.]), size=array([1536.,  864.]), texRes=128, units='pix', win=Window(...))
253.7167 	DATA 	Keypress: space
253.7312 	EXP 	Created unnamed TextStim = TextStim(__class__=<class 'psychopy.visual.text.TextStim'>, alignHoriz=method-wrapper(...), alignText='center', alignVert=method-wrapper(...), anchorHoriz='center', anchorVert='center', antialias=True, autoDraw=False, autoLog=True, bold=False, color=array([-1, -1, -1]), colorSpace='rgb', contrast=1.0, depth=0, flipHoriz=False, flipVert=False, font='', fontFiles=[], height=20.0, italic=False, languageStyle='LTR', name='unnamed TextStim', opacity=1.0, ori=0.0, pos=array([0., 0.]), rgb=UNKNOWN, text=str(...), units='pix', win=Window(...), wrapWidth=1536)
276.9014 	DATA 	Keypress: space
277.0054 	EXP 	window1: mouseVisible = True
