10.4442 	WARNING 	User requested fullscreen with size [1536  864], but screen is actually [1920, 1080]. Using actual size
11.7407 	INFO 	FRAME RATE: 60
11.7407 	INFO 	SCREEN RES: odict_values([1536, 864])
11.8007 	EXP 	Created unnamed TextStim = TextStim(__class__=<class 'psychopy.visual.text.TextStim'>, alignHoriz=method-wrapper(...), alignText='center', alignVert=method-wrapper(...), anchorHoriz='center', anchorVert='center', antialias=True, autoDraw=False, autoLog=True, bold=False, color=array([-1, -1, -1]), colorSpace='rgb', contrast=1.0, depth=0, flipHoriz=False, flipVert=False, font='', fontFiles=[], height=100.0, italic=False, languageStyle='LTR', name='unnamed TextStim', opacity=1.0, ori=0.0, pos=array([0., 0.]), rgb=UNKNOWN, text='+', units='pix', win=Window(...), wrapWidth=500)
11.8045 	EXP 	Created unnamed Circle = Circle(__class__=<class 'psychopy.visual.circle.Circle'>, anchor=('center', 'center'), autoDraw=False, autoLog=True, closeShape=True, color=method-wrapper(...), colorSpace='rgb', contrast=None, depth=0, fillColor=array([ 0.09019608, -1.        , -1.        ]), fillColorSpace='rgb', fillRGB=array([ 0.09019608, -1.        , -1.        ]), interpolate=True, lineColor=array([ 0.09019608, -1.        , -1.        ]), lineColorSpace='rgb', lineRGB=array([ 0.09019608, -1.        , -1.        ]), lineWidth=1.5, name='unnamed Circle', opacity=1.0, ori=0.0, pos=array([0., 0.]), size=array([1., 1.]), units='pix', vertices=ndarray(...), win=Window(...))
11.8056 	EXP 	Created unnamed TextStim = TextStim(__class__=<class 'psychopy.visual.text.TextStim'>, alignHoriz=method-wrapper(...), alignText='center', alignVert=method-wrapper(...), anchorHoriz='center', anchorVert='center', antialias=True, autoDraw=False, autoLog=True, bold=False, color=array([-0.17647059, -0.17647059, -0.17647059]), colorSpace='rgb', contrast=1.0, depth=0, flipHoriz=False, flipVert=False, font='', fontFiles=[], height=25, italic=False, languageStyle='LTR', name='unnamed TextStim', opacity=1.0, ori=0.0, pos=array([0., 0.]), rgb=UNKNOWN, text='', units='pix', win=Window(...), wrapWidth=500)
11.8155 	EXP 	Created unnamed ImageStim = ImageStim(__class__=<class 'psychopy.visual.image.ImageStim'>, anchor=('center', 'center'), autoLog=True, color=array([1., 1., 1.]), colorSpace='rgb', contrast=1.0, depth=0, flipHoriz=False, flipVert=False, image='mask4.png', interpolate=False, mask=None, maskParams=None, name='unnamed ImageStim', opacity=1.0, ori=0.0, pos=array([0., 0.]), size=array([25., 25.]), texRes=128, units='pix', win=Window(...))
11.8226 	EXP 	Created unnamed TextStim = TextStim(__class__=<class 'psychopy.visual.text.TextStim'>, alignHoriz=method-wrapper(...), alignText='center', alignVert=method-wrapper(...), anchorHoriz='center', anchorVert='center', antialias=True, autoDraw=False, autoLog=True, bold=False, color=array([-1, -1, -1]), colorSpace='rgb', contrast=1.0, depth=0, flipHoriz=False, flipVert=False, font='', fontFiles=[], height=30.0, italic=False, languageStyle='LTR', name='unnamed TextStim', opacity=1.0, ori=0.0, pos=array([ 100., -300.]), rgb=UNKNOWN, text=str(...), units='pix', win=Window(...), wrapWidth=10000)
11.8271 	EXP 	Created unnamed TextStim = TextStim(__class__=<class 'psychopy.visual.text.TextStim'>, alignHoriz=method-wrapper(...), alignText='center', alignVert=method-wrapper(...), anchorHoriz='center', anchorVert='center', antialias=True, autoDraw=False, autoLog=True, bold=False, color=array([-1, -1, -1]), colorSpace='rgb', contrast=1.0, depth=0, flipHoriz=False, flipVert=False, font='', fontFiles=[], height=30.0, italic=False, languageStyle='LTR', name='unnamed TextStim', opacity=1.0, ori=0.0, pos=array([ 100., -330.]), rgb=UNKNOWN, text=str(...), units='pix', win=Window(...), wrapWidth=10000)
11.8641 	EXP 	Created unnamed TextStim = TextStim(__class__=<class 'psychopy.visual.text.TextStim'>, alignHoriz=method-wrapper(...), alignText='center', alignVert=method-wrapper(...), anchorHoriz='center', anchorVert='center', antialias=True, autoDraw=False, autoLog=True, bold=False, color=array([-1, -1, -1]), colorSpace='rgb', contrast=1.0, depth=0, flipHoriz=False, flipVert=False, font='', fontFiles=[], height=20.0, italic=False, languageStyle='LTR', name='unnamed TextStim', opacity=1.0, ori=0.0, pos=array([0., 0.]), rgb=UNKNOWN, text=str(...), units='pix', win=Window(...), wrapWidth=1536)
28.6525 	DATA 	Keypress: space
28.6581 	EXP 	unnamed TextStim: height = 25.0
28.6581 	EXP 	unnamed TextStim: height = 25.0
28.6581 	EXP 	unnamed TextStim: height = 25.0
28.6581 	EXP 	unnamed TextStim: text = 'm'
30.3638 	DATA 	Keypress: m
30.3734 	EXP 	Created unnamed TextStim = TextStim(__class__=<class 'psychopy.visual.text.TextStim'>, alignHoriz=method-wrapper(...), alignText='center', alignVert=method-wrapper(...), anchorHoriz='center', anchorVert='center', antialias=True, autoDraw=False, autoLog=True, bold=False, color=array([-1, -1, -1]), colorSpace='rgb', contrast=1.0, depth=0, flipHoriz=False, flipVert=False, font='', fontFiles=[], height=50.0, italic=False, languageStyle='LTR', name='unnamed TextStim', opacity=1.0, ori=0.0, pos=array([0., 0.]), rgb=UNKNOWN, text='Poprawnie', units='pix', win=Window(...), wrapWidth=500)
31.3899 	EXP 	unnamed TextStim: height = 25.0
31.3899 	EXP 	unnamed TextStim: height = 25.0
31.3899 	EXP 	unnamed TextStim: height = 25.0
31.3899 	EXP 	unnamed TextStim: text = 'n'
32.9019 	DATA 	Keypress: n
32.9041 	EXP 	Created unnamed TextStim = TextStim(__class__=<class 'psychopy.visual.text.TextStim'>, alignHoriz=method-wrapper(...), alignText='center', alignVert=method-wrapper(...), anchorHoriz='center', anchorVert='center', antialias=True, autoDraw=False, autoLog=True, bold=False, color=array([-1, -1, -1]), colorSpace='rgb', contrast=1.0, depth=0, flipHoriz=False, flipVert=False, font='', fontFiles=[], height=50.0, italic=False, languageStyle='LTR', name='unnamed TextStim', opacity=1.0, ori=0.0, pos=array([0., 0.]), rgb=UNKNOWN, text='Poprawnie', units='pix', win=Window(...), wrapWidth=500)
33.9089 	EXP 	unnamed TextStim: height = 25.0
33.9089 	EXP 	unnamed TextStim: height = 25.0
33.9089 	EXP 	unnamed TextStim: height = 25.0
33.9089 	EXP 	unnamed TextStim: text = 'z'
35.6652 	DATA 	Keypress: z
35.6673 	EXP 	Created unnamed TextStim = TextStim(__class__=<class 'psychopy.visual.text.TextStim'>, alignHoriz=method-wrapper(...), alignText='center', alignVert=method-wrapper(...), anchorHoriz='center', anchorVert='center', antialias=True, autoDraw=False, autoLog=True, bold=False, color=array([-1, -1, -1]), colorSpace='rgb', contrast=1.0, depth=0, flipHoriz=False, flipVert=False, font='', fontFiles=[], height=50.0, italic=False, languageStyle='LTR', name='unnamed TextStim', opacity=1.0, ori=0.0, pos=array([0., 0.]), rgb=UNKNOWN, text='Poprawnie', units='pix', win=Window(...), wrapWidth=500)
36.6732 	EXP 	unnamed TextStim: text = 'z'
38.4618 	DATA 	Keypress: z
38.4639 	EXP 	Created unnamed TextStim = TextStim(__class__=<class 'psychopy.visual.text.TextStim'>, alignHoriz=method-wrapper(...), alignText='center', alignVert=method-wrapper(...), anchorHoriz='center', anchorVert='center', antialias=True, autoDraw=False, autoLog=True, bold=False, color=array([-1, -1, -1]), colorSpace='rgb', contrast=1.0, depth=0, flipHoriz=False, flipVert=False, font='', fontFiles=[], height=50.0, italic=False, languageStyle='LTR', name='unnamed TextStim', opacity=1.0, ori=0.0, pos=array([0., 0.]), rgb=UNKNOWN, text='Poprawnie', units='pix', win=Window(...), wrapWidth=500)
39.4736 	EXP 	unnamed TextStim: height = 25.0
39.4736 	EXP 	unnamed TextStim: height = 25.0
39.4736 	EXP 	unnamed TextStim: height = 25.0
39.4736 	EXP 	unnamed TextStim: text = 'x'
41.1834 	DATA 	Keypress: x
41.1853 	EXP 	Created unnamed TextStim = TextStim(__class__=<class 'psychopy.visual.text.TextStim'>, alignHoriz=method-wrapper(...), alignText='center', alignVert=method-wrapper(...), anchorHoriz='center', anchorVert='center', antialias=True, autoDraw=False, autoLog=True, bold=False, color=array([-1, -1, -1]), colorSpace='rgb', contrast=1.0, depth=0, flipHoriz=False, flipVert=False, font='', fontFiles=[], height=50.0, italic=False, languageStyle='LTR', name='unnamed TextStim', opacity=1.0, ori=0.0, pos=array([0., 0.]), rgb=UNKNOWN, text='Poprawnie', units='pix', win=Window(...), wrapWidth=500)
42.1903 	EXP 	unnamed TextStim: text = 'x'
43.8264 	DATA 	Keypress: x
43.8283 	EXP 	Created unnamed TextStim = TextStim(__class__=<class 'psychopy.visual.text.TextStim'>, alignHoriz=method-wrapper(...), alignText='center', alignVert=method-wrapper(...), anchorHoriz='center', anchorVert='center', antialias=True, autoDraw=False, autoLog=True, bold=False, color=array([-1, -1, -1]), colorSpace='rgb', contrast=1.0, depth=0, flipHoriz=False, flipVert=False, font='', fontFiles=[], height=50.0, italic=False, languageStyle='LTR', name='unnamed TextStim', opacity=1.0, ori=0.0, pos=array([0., 0.]), rgb=UNKNOWN, text='Poprawnie', units='pix', win=Window(...), wrapWidth=500)
44.8403 	EXP 	unnamed TextStim: height = 25.0
44.8403 	EXP 	unnamed TextStim: height = 25.0
44.8403 	EXP 	unnamed TextStim: height = 25.0
44.8403 	EXP 	unnamed TextStim: text = 'm'
46.4675 	DATA 	Keypress: m
46.4699 	EXP 	Created unnamed TextStim = TextStim(__class__=<class 'psychopy.visual.text.TextStim'>, alignHoriz=method-wrapper(...), alignText='center', alignVert=method-wrapper(...), anchorHoriz='center', anchorVert='center', antialias=True, autoDraw=False, autoLog=True, bold=False, color=array([-1, -1, -1]), colorSpace='rgb', contrast=1.0, depth=0, flipHoriz=False, flipVert=False, font='', fontFiles=[], height=50.0, italic=False, languageStyle='LTR', name='unnamed TextStim', opacity=1.0, ori=0.0, pos=array([0., 0.]), rgb=UNKNOWN, text='Poprawnie', units='pix', win=Window(...), wrapWidth=500)
47.4737 	EXP 	unnamed TextStim: height = 25.0
47.4737 	EXP 	unnamed TextStim: height = 25.0
47.4737 	EXP 	unnamed TextStim: height = 25.0
47.4737 	EXP 	unnamed TextStim: text = 'n'
48.9258 	DATA 	Keypress: n
50.4410 	DATA 	No keypress (maxWait exceeded)
50.4445 	EXP 	Created unnamed TextStim = TextStim(__class__=<class 'psychopy.visual.text.TextStim'>, alignHoriz=method-wrapper(...), alignText='center', alignVert=method-wrapper(...), anchorHoriz='center', anchorVert='center', antialias=True, autoDraw=False, autoLog=True, bold=False, color=array([-1, -1, -1]), colorSpace='rgb', contrast=1.0, depth=0, flipHoriz=False, flipVert=False, font='', fontFiles=[], height=50.0, italic=False, languageStyle='LTR', name='unnamed TextStim', opacity=1.0, ori=0.0, pos=array([0., 0.]), rgb=UNKNOWN, text='Niepoprawnie', units='pix', win=Window(...), wrapWidth=500)
51.4572 	EXP 	unnamed TextStim: height = 25.0
51.4572 	EXP 	unnamed TextStim: height = 25.0
51.4572 	EXP 	unnamed TextStim: height = 25.0
51.4572 	EXP 	unnamed TextStim: text = 'z'
53.0775 	DATA 	Keypress: z
53.0794 	EXP 	Created unnamed TextStim = TextStim(__class__=<class 'psychopy.visual.text.TextStim'>, alignHoriz=method-wrapper(...), alignText='center', alignVert=method-wrapper(...), anchorHoriz='center', anchorVert='center', antialias=True, autoDraw=False, autoLog=True, bold=False, color=array([-1, -1, -1]), colorSpace='rgb', contrast=1.0, depth=0, flipHoriz=False, flipVert=False, font='', fontFiles=[], height=50.0, italic=False, languageStyle='LTR', name='unnamed TextStim', opacity=1.0, ori=0.0, pos=array([0., 0.]), rgb=UNKNOWN, text='Poprawnie', units='pix', win=Window(...), wrapWidth=500)
54.0908 	EXP 	unnamed TextStim: height = 25.0
54.0908 	EXP 	unnamed TextStim: height = 25.0
54.0908 	EXP 	unnamed TextStim: height = 25.0
54.0908 	EXP 	unnamed TextStim: text = 'n'
56.0366 	DATA 	Keypress: n
56.0392 	EXP 	Created unnamed TextStim = TextStim(__class__=<class 'psychopy.visual.text.TextStim'>, alignHoriz=method-wrapper(...), alignText='center', alignVert=method-wrapper(...), anchorHoriz='center', anchorVert='center', antialias=True, autoDraw=False, autoLog=True, bold=False, color=array([-1, -1, -1]), colorSpace='rgb', contrast=1.0, depth=0, flipHoriz=False, flipVert=False, font='', fontFiles=[], height=50.0, italic=False, languageStyle='LTR', name='unnamed TextStim', opacity=1.0, ori=0.0, pos=array([0., 0.]), rgb=UNKNOWN, text='Poprawnie', units='pix', win=Window(...), wrapWidth=500)
57.0576 	EXP 	unnamed TextStim: height = 25.0
57.0576 	EXP 	unnamed TextStim: height = 25.0
57.0576 	EXP 	unnamed TextStim: height = 25.0
57.0576 	EXP 	unnamed TextStim: text = 'm'
58.5472 	DATA 	Keypress: m
58.5496 	EXP 	Created unnamed TextStim = TextStim(__class__=<class 'psychopy.visual.text.TextStim'>, alignHoriz=method-wrapper(...), alignText='center', alignVert=method-wrapper(...), anchorHoriz='center', anchorVert='center', antialias=True, autoDraw=False, autoLog=True, bold=False, color=array([-1, -1, -1]), colorSpace='rgb', contrast=1.0, depth=0, flipHoriz=False, flipVert=False, font='', fontFiles=[], height=50.0, italic=False, languageStyle='LTR', name='unnamed TextStim', opacity=1.0, ori=0.0, pos=array([0., 0.]), rgb=UNKNOWN, text='Poprawnie', units='pix', win=Window(...), wrapWidth=500)
59.5576 	EXP 	unnamed TextStim: height = 25.0
59.5576 	EXP 	unnamed TextStim: height = 25.0
59.5576 	EXP 	unnamed TextStim: height = 25.0
59.5576 	EXP 	unnamed TextStim: text = 'n'
60.8749 	DATA 	Keypress: n
60.8800 	EXP 	Created unnamed TextStim = TextStim(__class__=<class 'psychopy.visual.text.TextStim'>, alignHoriz=method-wrapper(...), alignText='center', alignVert=method-wrapper(...), anchorHoriz='center', anchorVert='center', antialias=True, autoDraw=False, autoLog=True, bold=False, color=array([-1, -1, -1]), colorSpace='rgb', contrast=1.0, depth=0, flipHoriz=False, flipVert=False, font='', fontFiles=[], height=50.0, italic=False, languageStyle='LTR', name='unnamed TextStim', opacity=1.0, ori=0.0, pos=array([0., 0.]), rgb=UNKNOWN, text='Poprawnie', units='pix', win=Window(...), wrapWidth=500)
61.9077 	EXP 	unnamed TextStim: text = 'n'
63.2583 	DATA 	Keypress: n
63.2635 	EXP 	Created unnamed TextStim = TextStim(__class__=<class 'psychopy.visual.text.TextStim'>, alignHoriz=method-wrapper(...), alignText='center', alignVert=method-wrapper(...), anchorHoriz='center', anchorVert='center', antialias=True, autoDraw=False, autoLog=True, bold=False, color=array([-1, -1, -1]), colorSpace='rgb', contrast=1.0, depth=0, flipHoriz=False, flipVert=False, font='', fontFiles=[], height=50.0, italic=False, languageStyle='LTR', name='unnamed TextStim', opacity=1.0, ori=0.0, pos=array([0., 0.]), rgb=UNKNOWN, text='Poprawnie', units='pix', win=Window(...), wrapWidth=500)
64.2913 	EXP 	unnamed TextStim: text = 'n'
65.8503 	DATA 	Keypress: n
65.8528 	EXP 	Created unnamed TextStim = TextStim(__class__=<class 'psychopy.visual.text.TextStim'>, alignHoriz=method-wrapper(...), alignText='center', alignVert=method-wrapper(...), anchorHoriz='center', anchorVert='center', antialias=True, autoDraw=False, autoLog=True, bold=False, color=array([-1, -1, -1]), colorSpace='rgb', contrast=1.0, depth=0, flipHoriz=False, flipVert=False, font='', fontFiles=[], height=50.0, italic=False, languageStyle='LTR', name='unnamed TextStim', opacity=1.0, ori=0.0, pos=array([0., 0.]), rgb=UNKNOWN, text='Poprawnie', units='pix', win=Window(...), wrapWidth=500)
66.8577 	EXP 	unnamed TextStim: text = 'n'
68.2419 	DATA 	Keypress: n
68.2472 	EXP 	Created unnamed TextStim = TextStim(__class__=<class 'psychopy.visual.text.TextStim'>, alignHoriz=method-wrapper(...), alignText='center', alignVert=method-wrapper(...), anchorHoriz='center', anchorVert='center', antialias=True, autoDraw=False, autoLog=True, bold=False, color=array([-1, -1, -1]), colorSpace='rgb', contrast=1.0, depth=0, flipHoriz=False, flipVert=False, font='', fontFiles=[], height=50.0, italic=False, languageStyle='LTR', name='unnamed TextStim', opacity=1.0, ori=0.0, pos=array([0., 0.]), rgb=UNKNOWN, text='Poprawnie', units='pix', win=Window(...), wrapWidth=500)
69.2912 	EXP 	Created unnamed TextStim = TextStim(__class__=<class 'psychopy.visual.text.TextStim'>, alignHoriz=method-wrapper(...), alignText='center', alignVert=method-wrapper(...), anchorHoriz='center', anchorVert='center', antialias=True, autoDraw=False, autoLog=True, bold=False, color=array([-1, -1, -1]), colorSpace='rgb', contrast=1.0, depth=0, flipHoriz=False, flipVert=False, font='', fontFiles=[], height=20.0, italic=False, languageStyle='LTR', name='unnamed TextStim', opacity=1.0, ori=0.0, pos=array([0., 0.]), rgb=UNKNOWN, text=str(...), units='pix', win=Window(...), wrapWidth=1536)
72.4900 	DATA 	Keypress: space
72.4939 	EXP 	unnamed TextStim: height = 25.0
72.4939 	EXP 	unnamed TextStim: height = 25.0
72.4939 	EXP 	unnamed TextStim: height = 25.0
72.4939 	EXP 	unnamed TextStim: text = 'x'
74.0285 	DATA 	Keypress: z
74.0357 	EXP 	Created unnamed TextStim = TextStim(__class__=<class 'psychopy.visual.text.TextStim'>, alignHoriz=method-wrapper(...), alignText='center', alignVert=method-wrapper(...), anchorHoriz='center', anchorVert='center', antialias=True, autoDraw=False, autoLog=True, bold=False, color=array([-1, -1, -1]), colorSpace='rgb', contrast=1.0, depth=0, flipHoriz=False, flipVert=False, font='', fontFiles=[], height=50.0, italic=False, languageStyle='LTR', name='unnamed TextStim', opacity=1.0, ori=0.0, pos=array([0., 0.]), rgb=UNKNOWN, text='Niepoprawnie', units='pix', win=Window(...), wrapWidth=500)
75.0417 	EXP 	unnamed TextStim: height = 25.0
75.0417 	EXP 	unnamed TextStim: height = 25.0
75.0417 	EXP 	unnamed TextStim: height = 25.0
75.0417 	EXP 	unnamed TextStim: text = 'z'
76.2758 	DATA 	Keypress: z
76.2824 	EXP 	Created unnamed TextStim = TextStim(__class__=<class 'psychopy.visual.text.TextStim'>, alignHoriz=method-wrapper(...), alignText='center', alignVert=method-wrapper(...), anchorHoriz='center', anchorVert='center', antialias=True, autoDraw=False, autoLog=True, bold=False, color=array([-1, -1, -1]), colorSpace='rgb', contrast=1.0, depth=0, flipHoriz=False, flipVert=False, font='', fontFiles=[], height=50.0, italic=False, languageStyle='LTR', name='unnamed TextStim', opacity=1.0, ori=0.0, pos=array([0., 0.]), rgb=UNKNOWN, text='Poprawnie', units='pix', win=Window(...), wrapWidth=500)
77.3084 	EXP 	unnamed TextStim: height = 25.0
77.3084 	EXP 	unnamed TextStim: height = 25.0
77.3084 	EXP 	unnamed TextStim: height = 25.0
77.3084 	EXP 	unnamed TextStim: text = 'x'
78.9789 	DATA 	Keypress: x
78.9808 	EXP 	Created unnamed TextStim = TextStim(__class__=<class 'psychopy.visual.text.TextStim'>, alignHoriz=method-wrapper(...), alignText='center', alignVert=method-wrapper(...), anchorHoriz='center', anchorVert='center', antialias=True, autoDraw=False, autoLog=True, bold=False, color=array([-1, -1, -1]), colorSpace='rgb', contrast=1.0, depth=0, flipHoriz=False, flipVert=False, font='', fontFiles=[], height=50.0, italic=False, languageStyle='LTR', name='unnamed TextStim', opacity=1.0, ori=0.0, pos=array([0., 0.]), rgb=UNKNOWN, text='Poprawnie', units='pix', win=Window(...), wrapWidth=500)
79.9920 	EXP 	unnamed TextStim: height = 25.0
79.9920 	EXP 	unnamed TextStim: height = 25.0
79.9920 	EXP 	unnamed TextStim: height = 25.0
79.9920 	EXP 	unnamed TextStim: text = 'm'
81.5146 	DATA 	Keypress: m
81.5166 	EXP 	Created unnamed TextStim = TextStim(__class__=<class 'psychopy.visual.text.TextStim'>, alignHoriz=method-wrapper(...), alignText='center', alignVert=method-wrapper(...), anchorHoriz='center', anchorVert='center', antialias=True, autoDraw=False, autoLog=True, bold=False, color=array([-1, -1, -1]), colorSpace='rgb', contrast=1.0, depth=0, flipHoriz=False, flipVert=False, font='', fontFiles=[], height=50.0, italic=False, languageStyle='LTR', name='unnamed TextStim', opacity=1.0, ori=0.0, pos=array([0., 0.]), rgb=UNKNOWN, text='Poprawnie', units='pix', win=Window(...), wrapWidth=500)
82.5252 	EXP 	unnamed TextStim: text = 'm'
84.1381 	DATA 	Keypress: m
84.1402 	EXP 	Created unnamed TextStim = TextStim(__class__=<class 'psychopy.visual.text.TextStim'>, alignHoriz=method-wrapper(...), alignText='center', alignVert=method-wrapper(...), anchorHoriz='center', anchorVert='center', antialias=True, autoDraw=False, autoLog=True, bold=False, color=array([-1, -1, -1]), colorSpace='rgb', contrast=1.0, depth=0, flipHoriz=False, flipVert=False, font='', fontFiles=[], height=50.0, italic=False, languageStyle='LTR', name='unnamed TextStim', opacity=1.0, ori=0.0, pos=array([0., 0.]), rgb=UNKNOWN, text='Poprawnie', units='pix', win=Window(...), wrapWidth=500)
85.1589 	EXP 	unnamed TextStim: height = 25.0
85.1589 	EXP 	unnamed TextStim: height = 25.0
85.1589 	EXP 	unnamed TextStim: height = 25.0
85.1589 	EXP 	unnamed TextStim: text = 'n'
86.6171 	DATA 	Keypress: n
86.6195 	EXP 	Created unnamed TextStim = TextStim(__class__=<class 'psychopy.visual.text.TextStim'>, alignHoriz=method-wrapper(...), alignText='center', alignVert=method-wrapper(...), anchorHoriz='center', anchorVert='center', antialias=True, autoDraw=False, autoLog=True, bold=False, color=array([-1, -1, -1]), colorSpace='rgb', contrast=1.0, depth=0, flipHoriz=False, flipVert=False, font='', fontFiles=[], height=50.0, italic=False, languageStyle='LTR', name='unnamed TextStim', opacity=1.0, ori=0.0, pos=array([0., 0.]), rgb=UNKNOWN, text='Poprawnie', units='pix', win=Window(...), wrapWidth=500)
87.6254 	EXP 	unnamed TextStim: height = 25.0
87.6254 	EXP 	unnamed TextStim: height = 25.0
87.6254 	EXP 	unnamed TextStim: height = 25.0
87.6254 	EXP 	unnamed TextStim: text = 'm'
89.0442 	DATA 	Keypress: m
89.0466 	EXP 	Created unnamed TextStim = TextStim(__class__=<class 'psychopy.visual.text.TextStim'>, alignHoriz=method-wrapper(...), alignText='center', alignVert=method-wrapper(...), anchorHoriz='center', anchorVert='center', antialias=True, autoDraw=False, autoLog=True, bold=False, color=array([-1, -1, -1]), colorSpace='rgb', contrast=1.0, depth=0, flipHoriz=False, flipVert=False, font='', fontFiles=[], height=50.0, italic=False, languageStyle='LTR', name='unnamed TextStim', opacity=1.0, ori=0.0, pos=array([0., 0.]), rgb=UNKNOWN, text='Poprawnie', units='pix', win=Window(...), wrapWidth=500)
90.0587 	EXP 	unnamed TextStim: height = 25.0
90.0587 	EXP 	unnamed TextStim: height = 25.0
90.0587 	EXP 	unnamed TextStim: height = 25.0
90.0587 	EXP 	unnamed TextStim: text = 'z'
91.5445 	DATA 	Keypress: z
91.5470 	EXP 	Created unnamed TextStim = TextStim(__class__=<class 'psychopy.visual.text.TextStim'>, alignHoriz=method-wrapper(...), alignText='center', alignVert=method-wrapper(...), anchorHoriz='center', anchorVert='center', antialias=True, autoDraw=False, autoLog=True, bold=False, color=array([-1, -1, -1]), colorSpace='rgb', contrast=1.0, depth=0, flipHoriz=False, flipVert=False, font='', fontFiles=[], height=50.0, italic=False, languageStyle='LTR', name='unnamed TextStim', opacity=1.0, ori=0.0, pos=array([0., 0.]), rgb=UNKNOWN, text='Poprawnie', units='pix', win=Window(...), wrapWidth=500)
92.5591 	EXP 	unnamed TextStim: text = 'z'
94.0302 	DATA 	Keypress: z
94.0322 	EXP 	Created unnamed TextStim = TextStim(__class__=<class 'psychopy.visual.text.TextStim'>, alignHoriz=method-wrapper(...), alignText='center', alignVert=method-wrapper(...), anchorHoriz='center', anchorVert='center', antialias=True, autoDraw=False, autoLog=True, bold=False, color=array([-1, -1, -1]), colorSpace='rgb', contrast=1.0, depth=0, flipHoriz=False, flipVert=False, font='', fontFiles=[], height=50.0, italic=False, languageStyle='LTR', name='unnamed TextStim', opacity=1.0, ori=0.0, pos=array([0., 0.]), rgb=UNKNOWN, text='Poprawnie', units='pix', win=Window(...), wrapWidth=500)
95.0424 	EXP 	unnamed TextStim: text = 'z'
96.3810 	DATA 	Keypress: z
96.3829 	EXP 	Created unnamed TextStim = TextStim(__class__=<class 'psychopy.visual.text.TextStim'>, alignHoriz=method-wrapper(...), alignText='center', alignVert=method-wrapper(...), anchorHoriz='center', anchorVert='center', antialias=True, autoDraw=False, autoLog=True, bold=False, color=array([-1, -1, -1]), colorSpace='rgb', contrast=1.0, depth=0, flipHoriz=False, flipVert=False, font='', fontFiles=[], height=50.0, italic=False, languageStyle='LTR', name='unnamed TextStim', opacity=1.0, ori=0.0, pos=array([0., 0.]), rgb=UNKNOWN, text='Poprawnie', units='pix', win=Window(...), wrapWidth=500)
97.4101 	EXP 	Created unnamed TextStim = TextStim(__class__=<class 'psychopy.visual.text.TextStim'>, alignHoriz=method-wrapper(...), alignText='center', alignVert=method-wrapper(...), anchorHoriz='center', anchorVert='center', antialias=True, autoDraw=False, autoLog=True, bold=False, color=array([-1, -1, -1]), colorSpace='rgb', contrast=1.0, depth=0, flipHoriz=False, flipVert=False, font='', fontFiles=[], height=20.0, italic=False, languageStyle='LTR', name='unnamed TextStim', opacity=1.0, ori=0.0, pos=array([0., 0.]), rgb=UNKNOWN, text=str(...), units='pix', win=Window(...), wrapWidth=1536)
101.4128 	DATA 	Keypress: space
101.4261 	EXP 	unnamed TextStim: text = 'z'
103.0233 	DATA 	Keypress: z
103.0243 	EXP 	unnamed TextStim: text = 'z'
104.5256 	DATA 	Keypress: z
104.5269 	EXP 	unnamed TextStim: text = 'z'
105.9998 	DATA 	Keypress: z
106.0032 	EXP 	unnamed TextStim: height = 25.0
106.0032 	EXP 	unnamed TextStim: height = 25.0
106.0032 	EXP 	unnamed TextStim: height = 25.0
106.0032 	EXP 	unnamed TextStim: text = 'x'
107.8023 	DATA 	Keypress: x
107.8058 	EXP 	unnamed TextStim: height = 25.0
107.8058 	EXP 	unnamed TextStim: height = 25.0
107.8058 	EXP 	unnamed TextStim: height = 25.0
107.8058 	EXP 	unnamed TextStim: text = 'n'
110.5099 	DATA 	No keypress (maxWait exceeded)
110.5128 	EXP 	unnamed TextStim: height = 25.0
110.5128 	EXP 	unnamed TextStim: height = 25.0
110.5128 	EXP 	unnamed TextStim: height = 25.0
110.5128 	EXP 	unnamed TextStim: text = 'm'
112.3109 	DATA 	Keypress: z
112.4556 	EXP 	Created unnamed ImageStim = ImageStim(__class__=<class 'psychopy.visual.image.ImageStim'>, anchor=('center', 'center'), autoLog=True, color=array([1., 1., 1.]), colorSpace='rgb', contrast=1.0, depth=0, flipHoriz=False, flipVert=False, image='break.jpg', interpolate=True, mask=None, maskParams=None, name='unnamed ImageStim', opacity=1.0, ori=0.0, pos=array([0., 0.]), size=array([1536.,  864.]), texRes=128, units='pix', win=Window(...))
113.3154 	DATA 	Keypress: space
113.3265 	EXP 	unnamed TextStim: height = 25.0
113.3265 	EXP 	unnamed TextStim: height = 25.0
113.3265 	EXP 	unnamed TextStim: height = 25.0
113.3265 	EXP 	unnamed TextStim: text = 'z'
114.6637 	DATA 	Keypress: z
114.6662 	EXP 	unnamed TextStim: height = 25.0
114.6662 	EXP 	unnamed TextStim: height = 25.0
114.6662 	EXP 	unnamed TextStim: height = 25.0
114.6662 	EXP 	unnamed TextStim: text = 'x'
116.5322 	DATA 	Keypress: x
116.5334 	EXP 	unnamed TextStim: text = 'x'
117.8532 	DATA 	Keypress: x
117.8544 	EXP 	unnamed TextStim: text = 'x'
119.2496 	DATA 	Keypress: x
119.2541 	EXP 	unnamed TextStim: height = 25.0
119.2541 	EXP 	unnamed TextStim: height = 25.0
119.2541 	EXP 	unnamed TextStim: height = 25.0
119.2541 	EXP 	unnamed TextStim: text = 'z'
120.8493 	DATA 	Keypress: x
120.8515 	EXP 	unnamed TextStim: height = 25.0
120.8515 	EXP 	unnamed TextStim: height = 25.0
120.8515 	EXP 	unnamed TextStim: height = 25.0
120.8515 	EXP 	unnamed TextStim: text = 'n'
122.3329 	DATA 	Keypress: n
122.4629 	EXP 	Created unnamed ImageStim = ImageStim(__class__=<class 'psychopy.visual.image.ImageStim'>, anchor=('center', 'center'), autoLog=True, color=array([1., 1., 1.]), colorSpace='rgb', contrast=1.0, depth=0, flipHoriz=False, flipVert=False, image='break.jpg', interpolate=True, mask=None, maskParams=None, name='unnamed ImageStim', opacity=1.0, ori=0.0, pos=array([0., 0.]), size=array([1536.,  864.]), texRes=128, units='pix', win=Window(...))
123.1487 	DATA 	Keypress: space
123.1601 	EXP 	unnamed TextStim: height = 25.0
123.1601 	EXP 	unnamed TextStim: height = 25.0
123.1601 	EXP 	unnamed TextStim: height = 25.0
123.1601 	EXP 	unnamed TextStim: text = 'm'
124.6157 	DATA 	Keypress: m
124.6177 	EXP 	unnamed TextStim: height = 25.0
124.6177 	EXP 	unnamed TextStim: height = 25.0
124.6177 	EXP 	unnamed TextStim: height = 25.0
124.6177 	EXP 	unnamed TextStim: text = 'x'
126.1367 	DATA 	Keypress: x
126.1388 	EXP 	unnamed TextStim: height = 25.0
126.1388 	EXP 	unnamed TextStim: height = 25.0
126.1388 	EXP 	unnamed TextStim: height = 25.0
126.1388 	EXP 	unnamed TextStim: text = 'n'
127.9974 	DATA 	Keypress: n
127.9998 	EXP 	unnamed TextStim: height = 25.0
127.9998 	EXP 	unnamed TextStim: height = 25.0
127.9998 	EXP 	unnamed TextStim: height = 25.0
127.9998 	EXP 	unnamed TextStim: text = 'm'
129.4926 	DATA 	Keypress: m
129.4949 	EXP 	unnamed TextStim: height = 25.0
129.4949 	EXP 	unnamed TextStim: height = 25.0
129.4949 	EXP 	unnamed TextStim: height = 25.0
129.4949 	EXP 	unnamed TextStim: text = 'n'
130.8004 	DATA 	Keypress: n
130.8026 	EXP 	unnamed TextStim: height = 25.0
130.8026 	EXP 	unnamed TextStim: height = 25.0
130.8026 	EXP 	unnamed TextStim: height = 25.0
130.8026 	EXP 	unnamed TextStim: text = 'x'
132.1844 	DATA 	Keypress: x
132.3151 	EXP 	Created unnamed ImageStim = ImageStim(__class__=<class 'psychopy.visual.image.ImageStim'>, anchor=('center', 'center'), autoLog=True, color=array([1., 1., 1.]), colorSpace='rgb', contrast=1.0, depth=0, flipHoriz=False, flipVert=False, image='break.jpg', interpolate=True, mask=None, maskParams=None, name='unnamed ImageStim', opacity=1.0, ori=0.0, pos=array([0., 0.]), size=array([1536.,  864.]), texRes=128, units='pix', win=Window(...))
132.3156 	DATA 	Keypress: z
132.9693 	DATA 	Keypress: space
132.9773 	EXP 	unnamed TextStim: height = 25.0
132.9773 	EXP 	unnamed TextStim: height = 25.0
132.9773 	EXP 	unnamed TextStim: height = 25.0
132.9773 	EXP 	unnamed TextStim: text = 'z'
134.4581 	DATA 	Keypress: z
134.4593 	EXP 	unnamed TextStim: text = 'z'
135.6616 	DATA 	Keypress: z
137.1618 	DATA 	No keypress (maxWait exceeded)
137.1652 	EXP 	unnamed TextStim: height = 25.0
137.1652 	EXP 	unnamed TextStim: height = 25.0
137.1652 	EXP 	unnamed TextStim: height = 25.0
137.1652 	EXP 	unnamed TextStim: text = 'n'
138.6957 	DATA 	Keypress: n
138.6980 	EXP 	unnamed TextStim: height = 25.0
138.6980 	EXP 	unnamed TextStim: height = 25.0
138.6980 	EXP 	unnamed TextStim: height = 25.0
138.6980 	EXP 	unnamed TextStim: text = 'x'
140.1890 	DATA 	Keypress: x
140.1911 	EXP 	unnamed TextStim: height = 25.0
140.1911 	EXP 	unnamed TextStim: height = 25.0
140.1911 	EXP 	unnamed TextStim: height = 25.0
140.1911 	EXP 	unnamed TextStim: text = 'z'
141.5805 	DATA 	Keypress: z
141.5826 	EXP 	unnamed TextStim: height = 25.0
141.5826 	EXP 	unnamed TextStim: height = 25.0
141.5826 	EXP 	unnamed TextStim: height = 25.0
141.5826 	EXP 	unnamed TextStim: text = 'm'
143.0889 	DATA 	Keypress: m
143.1986 	EXP 	Created unnamed ImageStim = ImageStim(__class__=<class 'psychopy.visual.image.ImageStim'>, anchor=('center', 'center'), autoLog=True, color=array([1., 1., 1.]), colorSpace='rgb', contrast=1.0, depth=0, flipHoriz=False, flipVert=False, image='break.jpg', interpolate=True, mask=None, maskParams=None, name='unnamed ImageStim', opacity=1.0, ori=0.0, pos=array([0., 0.]), size=array([1536.,  864.]), texRes=128, units='pix', win=Window(...))
143.8969 	DATA 	Keypress: space
143.9108 	EXP 	unnamed TextStim: height = 25.0
143.9108 	EXP 	unnamed TextStim: height = 25.0
143.9108 	EXP 	unnamed TextStim: height = 25.0
143.9108 	EXP 	unnamed TextStim: text = 'n'
146.0589 	DATA 	Keypress: x
146.0603 	EXP 	unnamed TextStim: text = 'n'
147.5781 	DATA 	Keypress: x
147.5795 	EXP 	unnamed TextStim: text = 'n'
149.2536 	DATA 	Keypress: x
149.2558 	EXP 	unnamed TextStim: height = 25.0
149.2558 	EXP 	unnamed TextStim: height = 25.0
149.2558 	EXP 	unnamed TextStim: height = 25.0
149.2558 	EXP 	unnamed TextStim: text = 'z'
150.9271 	DATA 	Keypress: z
150.9294 	EXP 	unnamed TextStim: height = 25.0
150.9294 	EXP 	unnamed TextStim: height = 25.0
150.9294 	EXP 	unnamed TextStim: height = 25.0
150.9294 	EXP 	unnamed TextStim: text = 'n'
152.8091 	DATA 	Keypress: n
152.8136 	EXP 	unnamed TextStim: height = 25.0
152.8136 	EXP 	unnamed TextStim: height = 25.0
152.8136 	EXP 	unnamed TextStim: height = 25.0
152.8136 	EXP 	unnamed TextStim: text = 'm'
154.7001 	DATA 	Keypress: m
154.8457 	EXP 	Created unnamed ImageStim = ImageStim(__class__=<class 'psychopy.visual.image.ImageStim'>, anchor=('center', 'center'), autoLog=True, color=array([1., 1., 1.]), colorSpace='rgb', contrast=1.0, depth=0, flipHoriz=False, flipVert=False, image='break.jpg', interpolate=True, mask=None, maskParams=None, name='unnamed ImageStim', opacity=1.0, ori=0.0, pos=array([0., 0.]), size=array([1536.,  864.]), texRes=128, units='pix', win=Window(...))
155.4056 	DATA 	Keypress: space
155.4111 	EXP 	unnamed TextStim: height = 25.0
155.4111 	EXP 	unnamed TextStim: height = 25.0
155.4111 	EXP 	unnamed TextStim: height = 25.0
155.4111 	EXP 	unnamed TextStim: text = 'n'
158.1283 	DATA 	No keypress (maxWait exceeded)
158.1304 	EXP 	unnamed TextStim: height = 25.0
158.1304 	EXP 	unnamed TextStim: height = 25.0
158.1304 	EXP 	unnamed TextStim: height = 25.0
158.1304 	EXP 	unnamed TextStim: text = 'm'
159.9958 	DATA 	Keypress: m
159.9985 	EXP 	unnamed TextStim: text = 'm'
161.3453 	DATA 	Keypress: m
161.3474 	EXP 	unnamed TextStim: height = 25.0
161.3474 	EXP 	unnamed TextStim: height = 25.0
161.3474 	EXP 	unnamed TextStim: height = 25.0
161.3474 	EXP 	unnamed TextStim: text = 'x'
163.1761 	DATA 	Keypress: x
163.1785 	EXP 	unnamed TextStim: height = 25.0
163.1785 	EXP 	unnamed TextStim: height = 25.0
163.1785 	EXP 	unnamed TextStim: height = 25.0
163.1785 	EXP 	unnamed TextStim: text = 'm'
164.9439 	DATA 	Keypress: z
164.9461 	EXP 	unnamed TextStim: height = 25.0
164.9461 	EXP 	unnamed TextStim: height = 25.0
164.9461 	EXP 	unnamed TextStim: height = 25.0
164.9461 	EXP 	unnamed TextStim: text = 'n'
166.8583 	DATA 	Keypress: z
166.9943 	EXP 	Created unnamed ImageStim = ImageStim(__class__=<class 'psychopy.visual.image.ImageStim'>, anchor=('center', 'center'), autoLog=True, color=array([1., 1., 1.]), colorSpace='rgb', contrast=1.0, depth=0, flipHoriz=False, flipVert=False, image='break.jpg', interpolate=True, mask=None, maskParams=None, name='unnamed ImageStim', opacity=1.0, ori=0.0, pos=array([0., 0.]), size=array([1536.,  864.]), texRes=128, units='pix', win=Window(...))
167.5992 	DATA 	Keypress: space
167.6120 	EXP 	unnamed TextStim: height = 25.0
167.6120 	EXP 	unnamed TextStim: height = 25.0
167.6120 	EXP 	unnamed TextStim: height = 25.0
167.6120 	EXP 	unnamed TextStim: text = 'm'
169.0009 	DATA 	Keypress: m
169.0020 	EXP 	unnamed TextStim: text = 'm'
170.3366 	DATA 	Keypress: m
170.3387 	EXP 	unnamed TextStim: height = 25.0
170.3387 	EXP 	unnamed TextStim: height = 25.0
170.3387 	EXP 	unnamed TextStim: height = 25.0
170.3387 	EXP 	unnamed TextStim: text = 'z'
171.7823 	DATA 	Keypress: z
171.7906 	EXP 	unnamed TextStim: height = 25.0
171.7906 	EXP 	unnamed TextStim: height = 25.0
171.7906 	EXP 	unnamed TextStim: height = 25.0
171.7906 	EXP 	unnamed TextStim: text = 'n'
173.1176 	DATA 	Keypress: n
173.1197 	EXP 	unnamed TextStim: height = 25.0
173.1197 	EXP 	unnamed TextStim: height = 25.0
173.1197 	EXP 	unnamed TextStim: height = 25.0
173.1197 	EXP 	unnamed TextStim: text = 'm'
174.4265 	DATA 	Keypress: m
174.4288 	EXP 	unnamed TextStim: height = 25.0
174.4288 	EXP 	unnamed TextStim: height = 25.0
174.4288 	EXP 	unnamed TextStim: height = 25.0
174.4288 	EXP 	unnamed TextStim: text = 'n'
175.8390 	DATA 	Keypress: n
175.9621 	EXP 	Created unnamed ImageStim = ImageStim(__class__=<class 'psychopy.visual.image.ImageStim'>, anchor=('center', 'center'), autoLog=True, color=array([1., 1., 1.]), colorSpace='rgb', contrast=1.0, depth=0, flipHoriz=False, flipVert=False, image='break.jpg', interpolate=True, mask=None, maskParams=None, name='unnamed ImageStim', opacity=1.0, ori=0.0, pos=array([0., 0.]), size=array([1536.,  864.]), texRes=128, units='pix', win=Window(...))
176.9807 	DATA 	Keypress: space
176.9955 	EXP 	unnamed TextStim: text = 'n'
178.5839 	DATA 	Keypress: z
178.5861 	EXP 	unnamed TextStim: height = 25.0
178.5861 	EXP 	unnamed TextStim: height = 25.0
178.5861 	EXP 	unnamed TextStim: height = 25.0
178.5861 	EXP 	unnamed TextStim: text = 'm'
180.1804 	DATA 	Keypress: m
180.1817 	EXP 	unnamed TextStim: text = 'm'
181.3296 	DATA 	Keypress: z
181.3458 	EXP 	unnamed TextStim: height = 25.0
181.3458 	EXP 	unnamed TextStim: height = 25.0
181.3458 	EXP 	unnamed TextStim: height = 25.0
181.3458 	EXP 	unnamed TextStim: text = 'x'
183.0623 	DATA 	Keypress: x
183.0645 	EXP 	unnamed TextStim: height = 25.0
183.0645 	EXP 	unnamed TextStim: height = 25.0
183.0645 	EXP 	unnamed TextStim: height = 25.0
183.0645 	EXP 	unnamed TextStim: text = 'n'
184.8843 	DATA 	Keypress: z
184.8865 	EXP 	unnamed TextStim: height = 25.0
184.8865 	EXP 	unnamed TextStim: height = 25.0
184.8865 	EXP 	unnamed TextStim: height = 25.0
184.8865 	EXP 	unnamed TextStim: text = 'x'
186.5846 	DATA 	Keypress: n
186.7030 	EXP 	Created unnamed ImageStim = ImageStim(__class__=<class 'psychopy.visual.image.ImageStim'>, anchor=('center', 'center'), autoLog=True, color=array([1., 1., 1.]), colorSpace='rgb', contrast=1.0, depth=0, flipHoriz=False, flipVert=False, image='break.jpg', interpolate=True, mask=None, maskParams=None, name='unnamed ImageStim', opacity=1.0, ori=0.0, pos=array([0., 0.]), size=array([1536.,  864.]), texRes=128, units='pix', win=Window(...))
187.2306 	DATA 	Keypress: space
187.2456 	EXP 	unnamed TextStim: height = 25.0
187.2456 	EXP 	unnamed TextStim: height = 25.0
187.2456 	EXP 	unnamed TextStim: height = 25.0
187.2456 	EXP 	unnamed TextStim: text = 'n'
188.6397 	DATA 	Keypress: n
188.6466 	EXP 	unnamed TextStim: height = 25.0
188.6466 	EXP 	unnamed TextStim: height = 25.0
188.6466 	EXP 	unnamed TextStim: height = 25.0
188.6466 	EXP 	unnamed TextStim: text = 'm'
189.9391 	DATA 	Keypress: m
189.9403 	EXP 	unnamed TextStim: text = 'm'
191.2019 	DATA 	Keypress: m
191.2032 	EXP 	unnamed TextStim: text = 'm'
192.8675 	DATA 	Keypress: z
192.8697 	EXP 	unnamed TextStim: height = 25.0
192.8697 	EXP 	unnamed TextStim: height = 25.0
192.8697 	EXP 	unnamed TextStim: height = 25.0
192.8697 	EXP 	unnamed TextStim: text = 'z'
194.5445 	DATA 	Keypress: z
194.5456 	EXP 	unnamed TextStim: text = 'z'
196.0825 	DATA 	Keypress: z
196.1895 	EXP 	Created unnamed ImageStim = ImageStim(__class__=<class 'psychopy.visual.image.ImageStim'>, anchor=('center', 'center'), autoLog=True, color=array([1., 1., 1.]), colorSpace='rgb', contrast=1.0, depth=0, flipHoriz=False, flipVert=False, image='break.jpg', interpolate=True, mask=None, maskParams=None, name='unnamed ImageStim', opacity=1.0, ori=0.0, pos=array([0., 0.]), size=array([1536.,  864.]), texRes=128, units='pix', win=Window(...))
196.6898 	DATA 	Keypress: space
196.6960 	EXP 	unnamed TextStim: height = 25.0
196.6960 	EXP 	unnamed TextStim: height = 25.0
196.6960 	EXP 	unnamed TextStim: height = 25.0
196.6960 	EXP 	unnamed TextStim: text = 'x'
198.4083 	DATA 	Keypress: x
198.4095 	EXP 	unnamed TextStim: text = 'x'
200.1051 	DATA 	Keypress: n
200.1075 	EXP 	unnamed TextStim: height = 25.0
200.1075 	EXP 	unnamed TextStim: height = 25.0
200.1075 	EXP 	unnamed TextStim: height = 25.0
200.1075 	EXP 	unnamed TextStim: text = 'z'
201.5199 	DATA 	Keypress: z
201.5219 	EXP 	unnamed TextStim: height = 25.0
201.5219 	EXP 	unnamed TextStim: height = 25.0
201.5219 	EXP 	unnamed TextStim: height = 25.0
201.5219 	EXP 	unnamed TextStim: text = 'n'
202.9020 	DATA 	Keypress: n
202.9042 	EXP 	unnamed TextStim: height = 25.0
202.9042 	EXP 	unnamed TextStim: height = 25.0
202.9042 	EXP 	unnamed TextStim: height = 25.0
202.9042 	EXP 	unnamed TextStim: text = 'z'
204.3749 	DATA 	Keypress: z
204.3762 	EXP 	unnamed TextStim: text = 'z'
206.0504 	DATA 	Keypress: z
206.1674 	EXP 	Created unnamed ImageStim = ImageStim(__class__=<class 'psychopy.visual.image.ImageStim'>, anchor=('center', 'center'), autoLog=True, color=array([1., 1., 1.]), colorSpace='rgb', contrast=1.0, depth=0, flipHoriz=False, flipVert=False, image='break.jpg', interpolate=True, mask=None, maskParams=None, name='unnamed ImageStim', opacity=1.0, ori=0.0, pos=array([0., 0.]), size=array([1536.,  864.]), texRes=128, units='pix', win=Window(...))
206.8841 	DATA 	Keypress: space
206.8967 	EXP 	unnamed TextStim: text = 'z'
208.2095 	DATA 	Keypress: z
208.2121 	EXP 	unnamed TextStim: height = 25.0
208.2121 	EXP 	unnamed TextStim: height = 25.0
208.2121 	EXP 	unnamed TextStim: height = 25.0
208.2121 	EXP 	unnamed TextStim: text = 'm'
210.9470 	DATA 	No keypress (maxWait exceeded)
210.9496 	EXP 	unnamed TextStim: text = 'm'
212.3966 	DATA 	Keypress: m
212.4033 	EXP 	unnamed TextStim: height = 25.0
212.4033 	EXP 	unnamed TextStim: height = 25.0
212.4033 	EXP 	unnamed TextStim: height = 25.0
212.4033 	EXP 	unnamed TextStim: text = 'n'
215.0974 	DATA 	No keypress (maxWait exceeded)
215.0997 	EXP 	unnamed TextStim: height = 25.0
215.0997 	EXP 	unnamed TextStim: height = 25.0
215.0997 	EXP 	unnamed TextStim: height = 25.0
215.0997 	EXP 	unnamed TextStim: text = 'x'
216.7110 	DATA 	Keypress: x
216.7131 	EXP 	unnamed TextStim: height = 25.0
216.7131 	EXP 	unnamed TextStim: height = 25.0
216.7131 	EXP 	unnamed TextStim: height = 25.0
216.7131 	EXP 	unnamed TextStim: text = 'm'
218.0593 	DATA 	Keypress: m
218.1977 	EXP 	Created unnamed ImageStim = ImageStim(__class__=<class 'psychopy.visual.image.ImageStim'>, anchor=('center', 'center'), autoLog=True, color=array([1., 1., 1.]), colorSpace='rgb', contrast=1.0, depth=0, flipHoriz=False, flipVert=False, image='break.jpg', interpolate=True, mask=None, maskParams=None, name='unnamed ImageStim', opacity=1.0, ori=0.0, pos=array([0., 0.]), size=array([1536.,  864.]), texRes=128, units='pix', win=Window(...))
218.9085 	DATA 	Keypress: space
218.9240 	EXP 	Created unnamed TextStim = TextStim(__class__=<class 'psychopy.visual.text.TextStim'>, alignHoriz=method-wrapper(...), alignText='center', alignVert=method-wrapper(...), anchorHoriz='center', anchorVert='center', antialias=True, autoDraw=False, autoLog=True, bold=False, color=array([-1, -1, -1]), colorSpace='rgb', contrast=1.0, depth=0, flipHoriz=False, flipVert=False, font='', fontFiles=[], height=20.0, italic=False, languageStyle='LTR', name='unnamed TextStim', opacity=1.0, ori=0.0, pos=array([0., 0.]), rgb=UNKNOWN, text=str(...), units='pix', win=Window(...), wrapWidth=1536)
228.0014 	DATA 	Keypress: return
228.0932 	EXP 	window1: mouseVisible = True
