10.4811 	WARNING 	User requested fullscreen with size [1536  864], but screen is actually [1920, 1080]. Using actual size
11.8169 	INFO 	FRAME RATE: 60
11.8169 	INFO 	SCREEN RES: odict_values([1536, 864])
11.8751 	EXP 	Created unnamed TextStim = TextStim(__class__=<class 'psychopy.visual.text.TextStim'>, alignHoriz=method-wrapper(...), alignText='center', alignVert=method-wrapper(...), anchorHoriz='center', anchorVert='center', antialias=True, autoDraw=False, autoLog=True, bold=False, color=array([-1, -1, -1]), colorSpace='rgb', contrast=1.0, depth=0, flipHoriz=False, flipVert=False, font='', fontFiles=[], height=100.0, italic=False, languageStyle='LTR', name='unnamed TextStim', opacity=1.0, ori=0.0, pos=array([0., 0.]), rgb=UNKNOWN, text='+', units='pix', win=Window(...), wrapWidth=500)
11.8793 	EXP 	Created unnamed Circle = Circle(__class__=<class 'psychopy.visual.circle.Circle'>, anchor=('center', 'center'), autoDraw=False, autoLog=True, closeShape=True, color=method-wrapper(...), colorSpace='rgb', contrast=None, depth=0, fillColor=array([ 0.09019608, -1.        , -1.        ]), fillColorSpace='rgb', fillRGB=array([ 0.09019608, -1.        , -1.        ]), interpolate=True, lineColor=array([ 0.09019608, -1.        , -1.        ]), lineColorSpace='rgb', lineRGB=array([ 0.09019608, -1.        , -1.        ]), lineWidth=1.5, name='unnamed Circle', opacity=1.0, ori=0.0, pos=array([0., 0.]), size=array([1., 1.]), units='pix', vertices=ndarray(...), win=Window(...))
11.8807 	EXP 	Created unnamed TextStim = TextStim(__class__=<class 'psychopy.visual.text.TextStim'>, alignHoriz=method-wrapper(...), alignText='center', alignVert=method-wrapper(...), anchorHoriz='center', anchorVert='center', antialias=True, autoDraw=False, autoLog=True, bold=False, color=array([-0.17647059, -0.17647059, -0.17647059]), colorSpace='rgb', contrast=1.0, depth=0, flipHoriz=False, flipVert=False, font='', fontFiles=[], height=25, italic=False, languageStyle='LTR', name='unnamed TextStim', opacity=1.0, ori=0.0, pos=array([0., 0.]), rgb=UNKNOWN, text='', units='pix', win=Window(...), wrapWidth=500)
11.8891 	EXP 	Created unnamed ImageStim = ImageStim(__class__=<class 'psychopy.visual.image.ImageStim'>, anchor=('center', 'center'), autoLog=True, color=array([1., 1., 1.]), colorSpace='rgb', contrast=1.0, depth=0, flipHoriz=False, flipVert=False, image='mask4.png', interpolate=False, mask=None, maskParams=None, name='unnamed ImageStim', opacity=1.0, ori=0.0, pos=array([0., 0.]), size=array([25., 25.]), texRes=128, units='pix', win=Window(...))
11.8968 	EXP 	Created unnamed TextStim = TextStim(__class__=<class 'psychopy.visual.text.TextStim'>, alignHoriz=method-wrapper(...), alignText='center', alignVert=method-wrapper(...), anchorHoriz='center', anchorVert='center', antialias=True, autoDraw=False, autoLog=True, bold=False, color=array([-1, -1, -1]), colorSpace='rgb', contrast=1.0, depth=0, flipHoriz=False, flipVert=False, font='', fontFiles=[], height=30.0, italic=False, languageStyle='LTR', name='unnamed TextStim', opacity=1.0, ori=0.0, pos=array([ 100., -300.]), rgb=UNKNOWN, text=str(...), units='pix', win=Window(...), wrapWidth=10000)
11.9018 	EXP 	Created unnamed TextStim = TextStim(__class__=<class 'psychopy.visual.text.TextStim'>, alignHoriz=method-wrapper(...), alignText='center', alignVert=method-wrapper(...), anchorHoriz='center', anchorVert='center', antialias=True, autoDraw=False, autoLog=True, bold=False, color=array([-1, -1, -1]), colorSpace='rgb', contrast=1.0, depth=0, flipHoriz=False, flipVert=False, font='', fontFiles=[], height=30.0, italic=False, languageStyle='LTR', name='unnamed TextStim', opacity=1.0, ori=0.0, pos=array([ 100., -330.]), rgb=UNKNOWN, text=str(...), units='pix', win=Window(...), wrapWidth=10000)
11.9430 	EXP 	Created unnamed TextStim = TextStim(__class__=<class 'psychopy.visual.text.TextStim'>, alignHoriz=method-wrapper(...), alignText='center', alignVert=method-wrapper(...), anchorHoriz='center', anchorVert='center', antialias=True, autoDraw=False, autoLog=True, bold=False, color=array([-1, -1, -1]), colorSpace='rgb', contrast=1.0, depth=0, flipHoriz=False, flipVert=False, font='', fontFiles=[], height=20.0, italic=False, languageStyle='LTR', name='unnamed TextStim', opacity=1.0, ori=0.0, pos=array([0., 0.]), rgb=UNKNOWN, text=str(...), units='pix', win=Window(...), wrapWidth=1536)
23.9954 	DATA 	Keypress: space
24.0009 	EXP 	unnamed TextStim: height = 25.0
24.0009 	EXP 	unnamed TextStim: height = 25.0
24.0009 	EXP 	unnamed TextStim: height = 25.0
24.0009 	EXP 	unnamed TextStim: text = 'x'
26.8142 	DATA 	Keypress: x
26.8229 	EXP 	Created unnamed TextStim = TextStim(__class__=<class 'psychopy.visual.text.TextStim'>, alignHoriz=method-wrapper(...), alignText='center', alignVert=method-wrapper(...), anchorHoriz='center', anchorVert='center', antialias=True, autoDraw=False, autoLog=True, bold=False, color=array([-1, -1, -1]), colorSpace='rgb', contrast=1.0, depth=0, flipHoriz=False, flipVert=False, font='', fontFiles=[], height=50.0, italic=False, languageStyle='LTR', name='unnamed TextStim', opacity=1.0, ori=0.0, pos=array([0., 0.]), rgb=UNKNOWN, text='Poprawnie', units='pix', win=Window(...), wrapWidth=500)
27.8327 	EXP 	unnamed TextStim: height = 25.0
27.8327 	EXP 	unnamed TextStim: height = 25.0
27.8327 	EXP 	unnamed TextStim: height = 25.0
27.8327 	EXP 	unnamed TextStim: text = 'm'
29.9467 	DATA 	Keypress: m
29.9488 	EXP 	Created unnamed TextStim = TextStim(__class__=<class 'psychopy.visual.text.TextStim'>, alignHoriz=method-wrapper(...), alignText='center', alignVert=method-wrapper(...), anchorHoriz='center', anchorVert='center', antialias=True, autoDraw=False, autoLog=True, bold=False, color=array([-1, -1, -1]), colorSpace='rgb', contrast=1.0, depth=0, flipHoriz=False, flipVert=False, font='', fontFiles=[], height=50.0, italic=False, languageStyle='LTR', name='unnamed TextStim', opacity=1.0, ori=0.0, pos=array([0., 0.]), rgb=UNKNOWN, text='Poprawnie', units='pix', win=Window(...), wrapWidth=500)
30.9662 	EXP 	unnamed TextStim: height = 25.0
30.9662 	EXP 	unnamed TextStim: height = 25.0
30.9662 	EXP 	unnamed TextStim: height = 25.0
30.9662 	EXP 	unnamed TextStim: text = 'n'
32.6669 	DATA 	Keypress: n
32.6689 	EXP 	Created unnamed TextStim = TextStim(__class__=<class 'psychopy.visual.text.TextStim'>, alignHoriz=method-wrapper(...), alignText='center', alignVert=method-wrapper(...), anchorHoriz='center', anchorVert='center', antialias=True, autoDraw=False, autoLog=True, bold=False, color=array([-1, -1, -1]), colorSpace='rgb', contrast=1.0, depth=0, flipHoriz=False, flipVert=False, font='', fontFiles=[], height=50.0, italic=False, languageStyle='LTR', name='unnamed TextStim', opacity=1.0, ori=0.0, pos=array([0., 0.]), rgb=UNKNOWN, text='Poprawnie', units='pix', win=Window(...), wrapWidth=500)
33.6829 	EXP 	unnamed TextStim: height = 25.0
33.6829 	EXP 	unnamed TextStim: height = 25.0
33.6829 	EXP 	unnamed TextStim: height = 25.0
33.6829 	EXP 	unnamed TextStim: text = 'z'
35.6811 	DATA 	Keypress: z
35.6835 	EXP 	Created unnamed TextStim = TextStim(__class__=<class 'psychopy.visual.text.TextStim'>, alignHoriz=method-wrapper(...), alignText='center', alignVert=method-wrapper(...), anchorHoriz='center', anchorVert='center', antialias=True, autoDraw=False, autoLog=True, bold=False, color=array([-1, -1, -1]), colorSpace='rgb', contrast=1.0, depth=0, flipHoriz=False, flipVert=False, font='', fontFiles=[], height=50.0, italic=False, languageStyle='LTR', name='unnamed TextStim', opacity=1.0, ori=0.0, pos=array([0., 0.]), rgb=UNKNOWN, text='Poprawnie', units='pix', win=Window(...), wrapWidth=500)
36.6996 	EXP 	unnamed TextStim: height = 25.0
36.6996 	EXP 	unnamed TextStim: height = 25.0
36.6996 	EXP 	unnamed TextStim: height = 25.0
36.6996 	EXP 	unnamed TextStim: text = 'x'
39.0823 	DATA 	Keypress: x
39.0848 	EXP 	Created unnamed TextStim = TextStim(__class__=<class 'psychopy.visual.text.TextStim'>, alignHoriz=method-wrapper(...), alignText='center', alignVert=method-wrapper(...), anchorHoriz='center', anchorVert='center', antialias=True, autoDraw=False, autoLog=True, bold=False, color=array([-1, -1, -1]), colorSpace='rgb', contrast=1.0, depth=0, flipHoriz=False, flipVert=False, font='', fontFiles=[], height=50.0, italic=False, languageStyle='LTR', name='unnamed TextStim', opacity=1.0, ori=0.0, pos=array([0., 0.]), rgb=UNKNOWN, text='Poprawnie', units='pix', win=Window(...), wrapWidth=500)
40.0998 	EXP 	unnamed TextStim: height = 25.0
40.0998 	EXP 	unnamed TextStim: height = 25.0
40.0998 	EXP 	unnamed TextStim: height = 25.0
40.0998 	EXP 	unnamed TextStim: text = 'z'
42.1133 	DATA 	Keypress: z
42.1157 	EXP 	Created unnamed TextStim = TextStim(__class__=<class 'psychopy.visual.text.TextStim'>, alignHoriz=method-wrapper(...), alignText='center', alignVert=method-wrapper(...), anchorHoriz='center', anchorVert='center', antialias=True, autoDraw=False, autoLog=True, bold=False, color=array([-1, -1, -1]), colorSpace='rgb', contrast=1.0, depth=0, flipHoriz=False, flipVert=False, font='', fontFiles=[], height=50.0, italic=False, languageStyle='LTR', name='unnamed TextStim', opacity=1.0, ori=0.0, pos=array([0., 0.]), rgb=UNKNOWN, text='Poprawnie', units='pix', win=Window(...), wrapWidth=500)
43.1333 	EXP 	unnamed TextStim: text = 'z'
44.6811 	DATA 	Keypress: z
44.6835 	EXP 	Created unnamed TextStim = TextStim(__class__=<class 'psychopy.visual.text.TextStim'>, alignHoriz=method-wrapper(...), alignText='center', alignVert=method-wrapper(...), anchorHoriz='center', anchorVert='center', antialias=True, autoDraw=False, autoLog=True, bold=False, color=array([-1, -1, -1]), colorSpace='rgb', contrast=1.0, depth=0, flipHoriz=False, flipVert=False, font='', fontFiles=[], height=50.0, italic=False, languageStyle='LTR', name='unnamed TextStim', opacity=1.0, ori=0.0, pos=array([0., 0.]), rgb=UNKNOWN, text='Poprawnie', units='pix', win=Window(...), wrapWidth=500)
45.7000 	EXP 	unnamed TextStim: text = 'z'
47.4967 	DATA 	Keypress: z
47.4992 	EXP 	Created unnamed TextStim = TextStim(__class__=<class 'psychopy.visual.text.TextStim'>, alignHoriz=method-wrapper(...), alignText='center', alignVert=method-wrapper(...), anchorHoriz='center', anchorVert='center', antialias=True, autoDraw=False, autoLog=True, bold=False, color=array([-1, -1, -1]), colorSpace='rgb', contrast=1.0, depth=0, flipHoriz=False, flipVert=False, font='', fontFiles=[], height=50.0, italic=False, languageStyle='LTR', name='unnamed TextStim', opacity=1.0, ori=0.0, pos=array([0., 0.]), rgb=UNKNOWN, text='Poprawnie', units='pix', win=Window(...), wrapWidth=500)
48.5170 	EXP 	unnamed TextStim: height = 25.0
48.5170 	EXP 	unnamed TextStim: height = 25.0
48.5170 	EXP 	unnamed TextStim: height = 25.0
48.5170 	EXP 	unnamed TextStim: text = 'n'
50.0934 	DATA 	Keypress: n
50.0953 	EXP 	Created unnamed TextStim = TextStim(__class__=<class 'psychopy.visual.text.TextStim'>, alignHoriz=method-wrapper(...), alignText='center', alignVert=method-wrapper(...), anchorHoriz='center', anchorVert='center', antialias=True, autoDraw=False, autoLog=True, bold=False, color=array([-1, -1, -1]), colorSpace='rgb', contrast=1.0, depth=0, flipHoriz=False, flipVert=False, font='', fontFiles=[], height=50.0, italic=False, languageStyle='LTR', name='unnamed TextStim', opacity=1.0, ori=0.0, pos=array([0., 0.]), rgb=UNKNOWN, text='Poprawnie', units='pix', win=Window(...), wrapWidth=500)
51.1001 	EXP 	unnamed TextStim: height = 25.0
51.1001 	EXP 	unnamed TextStim: height = 25.0
51.1001 	EXP 	unnamed TextStim: height = 25.0
51.1001 	EXP 	unnamed TextStim: text = 'x'
52.8987 	DATA 	Keypress: x
52.9013 	EXP 	Created unnamed TextStim = TextStim(__class__=<class 'psychopy.visual.text.TextStim'>, alignHoriz=method-wrapper(...), alignText='center', alignVert=method-wrapper(...), anchorHoriz='center', anchorVert='center', antialias=True, autoDraw=False, autoLog=True, bold=False, color=array([-1, -1, -1]), colorSpace='rgb', contrast=1.0, depth=0, flipHoriz=False, flipVert=False, font='', fontFiles=[], height=50.0, italic=False, languageStyle='LTR', name='unnamed TextStim', opacity=1.0, ori=0.0, pos=array([0., 0.]), rgb=UNKNOWN, text='Poprawnie', units='pix', win=Window(...), wrapWidth=500)
53.9170 	EXP 	unnamed TextStim: height = 25.0
53.9170 	EXP 	unnamed TextStim: height = 25.0
53.9170 	EXP 	unnamed TextStim: height = 25.0
53.9170 	EXP 	unnamed TextStim: text = 'z'
55.4551 	DATA 	Keypress: z
55.4575 	EXP 	Created unnamed TextStim = TextStim(__class__=<class 'psychopy.visual.text.TextStim'>, alignHoriz=method-wrapper(...), alignText='center', alignVert=method-wrapper(...), anchorHoriz='center', anchorVert='center', antialias=True, autoDraw=False, autoLog=True, bold=False, color=array([-1, -1, -1]), colorSpace='rgb', contrast=1.0, depth=0, flipHoriz=False, flipVert=False, font='', fontFiles=[], height=50.0, italic=False, languageStyle='LTR', name='unnamed TextStim', opacity=1.0, ori=0.0, pos=array([0., 0.]), rgb=UNKNOWN, text='Poprawnie', units='pix', win=Window(...), wrapWidth=500)
56.4671 	EXP 	unnamed TextStim: height = 25.0
56.4671 	EXP 	unnamed TextStim: height = 25.0
56.4671 	EXP 	unnamed TextStim: height = 25.0
56.4671 	EXP 	unnamed TextStim: text = 'n'
56.5212 	DATA 	Mouse: Left button down, pos=(845,628)
56.7517 	DATA 	Mouse:  Left button up, pos=(845,628)
57.8511 	DATA 	Keypress: n
57.8562 	EXP 	Created unnamed TextStim = TextStim(__class__=<class 'psychopy.visual.text.TextStim'>, alignHoriz=method-wrapper(...), alignText='center', alignVert=method-wrapper(...), anchorHoriz='center', anchorVert='center', antialias=True, autoDraw=False, autoLog=True, bold=False, color=array([-1, -1, -1]), colorSpace='rgb', contrast=1.0, depth=0, flipHoriz=False, flipVert=False, font='', fontFiles=[], height=50.0, italic=False, languageStyle='LTR', name='unnamed TextStim', opacity=1.0, ori=0.0, pos=array([0., 0.]), rgb=UNKNOWN, text='Poprawnie', units='pix', win=Window(...), wrapWidth=500)
58.8839 	EXP 	unnamed TextStim: height = 25.0
58.8839 	EXP 	unnamed TextStim: height = 25.0
58.8839 	EXP 	unnamed TextStim: height = 25.0
58.8839 	EXP 	unnamed TextStim: text = 'm'
60.3716 	DATA 	Keypress: m
60.3739 	EXP 	Created unnamed TextStim = TextStim(__class__=<class 'psychopy.visual.text.TextStim'>, alignHoriz=method-wrapper(...), alignText='center', alignVert=method-wrapper(...), anchorHoriz='center', anchorVert='center', antialias=True, autoDraw=False, autoLog=True, bold=False, color=array([-1, -1, -1]), colorSpace='rgb', contrast=1.0, depth=0, flipHoriz=False, flipVert=False, font='', fontFiles=[], height=50.0, italic=False, languageStyle='LTR', name='unnamed TextStim', opacity=1.0, ori=0.0, pos=array([0., 0.]), rgb=UNKNOWN, text='Poprawnie', units='pix', win=Window(...), wrapWidth=500)
61.3837 	EXP 	unnamed TextStim: text = 'm'
62.9470 	DATA 	Keypress: m
62.9495 	EXP 	Created unnamed TextStim = TextStim(__class__=<class 'psychopy.visual.text.TextStim'>, alignHoriz=method-wrapper(...), alignText='center', alignVert=method-wrapper(...), anchorHoriz='center', anchorVert='center', antialias=True, autoDraw=False, autoLog=True, bold=False, color=array([-1, -1, -1]), colorSpace='rgb', contrast=1.0, depth=0, flipHoriz=False, flipVert=False, font='', fontFiles=[], height=50.0, italic=False, languageStyle='LTR', name='unnamed TextStim', opacity=1.0, ori=0.0, pos=array([0., 0.]), rgb=UNKNOWN, text='Poprawnie', units='pix', win=Window(...), wrapWidth=500)
63.9672 	EXP 	unnamed TextStim: height = 25.0
63.9672 	EXP 	unnamed TextStim: height = 25.0
63.9672 	EXP 	unnamed TextStim: height = 25.0
63.9672 	EXP 	unnamed TextStim: text = 'x'
65.6585 	DATA 	Keypress: z
65.6633 	EXP 	Created unnamed TextStim = TextStim(__class__=<class 'psychopy.visual.text.TextStim'>, alignHoriz=method-wrapper(...), alignText='center', alignVert=method-wrapper(...), anchorHoriz='center', anchorVert='center', antialias=True, autoDraw=False, autoLog=True, bold=False, color=array([-1, -1, -1]), colorSpace='rgb', contrast=1.0, depth=0, flipHoriz=False, flipVert=False, font='', fontFiles=[], height=50.0, italic=False, languageStyle='LTR', name='unnamed TextStim', opacity=1.0, ori=0.0, pos=array([0., 0.]), rgb=UNKNOWN, text='Niepoprawnie', units='pix', win=Window(...), wrapWidth=500)
66.6956 	EXP 	Created unnamed TextStim = TextStim(__class__=<class 'psychopy.visual.text.TextStim'>, alignHoriz=method-wrapper(...), alignText='center', alignVert=method-wrapper(...), anchorHoriz='center', anchorVert='center', antialias=True, autoDraw=False, autoLog=True, bold=False, color=array([-1, -1, -1]), colorSpace='rgb', contrast=1.0, depth=0, flipHoriz=False, flipVert=False, font='', fontFiles=[], height=20.0, italic=False, languageStyle='LTR', name='unnamed TextStim', opacity=1.0, ori=0.0, pos=array([0., 0.]), rgb=UNKNOWN, text=str(...), units='pix', win=Window(...), wrapWidth=1536)
67.9025 	DATA 	Keypress: space
67.9173 	EXP 	unnamed TextStim: height = 25.0
67.9173 	EXP 	unnamed TextStim: height = 25.0
67.9173 	EXP 	unnamed TextStim: height = 25.0
67.9173 	EXP 	unnamed TextStim: text = 'm'
69.3220 	DATA 	Keypress: m
69.3289 	EXP 	Created unnamed TextStim = TextStim(__class__=<class 'psychopy.visual.text.TextStim'>, alignHoriz=method-wrapper(...), alignText='center', alignVert=method-wrapper(...), anchorHoriz='center', anchorVert='center', antialias=True, autoDraw=False, autoLog=True, bold=False, color=array([-1, -1, -1]), colorSpace='rgb', contrast=1.0, depth=0, flipHoriz=False, flipVert=False, font='', fontFiles=[], height=50.0, italic=False, languageStyle='LTR', name='unnamed TextStim', opacity=1.0, ori=0.0, pos=array([0., 0.]), rgb=UNKNOWN, text='Poprawnie', units='pix', win=Window(...), wrapWidth=500)
70.3342 	EXP 	unnamed TextStim: height = 25.0
70.3342 	EXP 	unnamed TextStim: height = 25.0
70.3342 	EXP 	unnamed TextStim: height = 25.0
70.3342 	EXP 	unnamed TextStim: text = 'n'
70.3855 	DATA 	Mouse: Left button down, pos=(845,628)
70.6023 	DATA 	Mouse:  Left button up, pos=(845,628)
71.8320 	DATA 	Keypress: n
71.8343 	EXP 	Created unnamed TextStim = TextStim(__class__=<class 'psychopy.visual.text.TextStim'>, alignHoriz=method-wrapper(...), alignText='center', alignVert=method-wrapper(...), anchorHoriz='center', anchorVert='center', antialias=True, autoDraw=False, autoLog=True, bold=False, color=array([-1, -1, -1]), colorSpace='rgb', contrast=1.0, depth=0, flipHoriz=False, flipVert=False, font='', fontFiles=[], height=50.0, italic=False, languageStyle='LTR', name='unnamed TextStim', opacity=1.0, ori=0.0, pos=array([0., 0.]), rgb=UNKNOWN, text='Poprawnie', units='pix', win=Window(...), wrapWidth=500)
72.8508 	EXP 	unnamed TextStim: height = 25.0
72.8508 	EXP 	unnamed TextStim: height = 25.0
72.8508 	EXP 	unnamed TextStim: height = 25.0
72.8508 	EXP 	unnamed TextStim: text = 'z'
74.3788 	DATA 	Keypress: z
74.3807 	EXP 	Created unnamed TextStim = TextStim(__class__=<class 'psychopy.visual.text.TextStim'>, alignHoriz=method-wrapper(...), alignText='center', alignVert=method-wrapper(...), anchorHoriz='center', anchorVert='center', antialias=True, autoDraw=False, autoLog=True, bold=False, color=array([-1, -1, -1]), colorSpace='rgb', contrast=1.0, depth=0, flipHoriz=False, flipVert=False, font='', fontFiles=[], height=50.0, italic=False, languageStyle='LTR', name='unnamed TextStim', opacity=1.0, ori=0.0, pos=array([0., 0.]), rgb=UNKNOWN, text='Poprawnie', units='pix', win=Window(...), wrapWidth=500)
75.3851 	EXP 	unnamed TextStim: height = 25.0
75.3851 	EXP 	unnamed TextStim: height = 25.0
75.3851 	EXP 	unnamed TextStim: height = 25.0
75.3851 	EXP 	unnamed TextStim: text = 'm'
76.8381 	DATA 	Keypress: m
76.8401 	EXP 	Created unnamed TextStim = TextStim(__class__=<class 'psychopy.visual.text.TextStim'>, alignHoriz=method-wrapper(...), alignText='center', alignVert=method-wrapper(...), anchorHoriz='center', anchorVert='center', antialias=True, autoDraw=False, autoLog=True, bold=False, color=array([-1, -1, -1]), colorSpace='rgb', contrast=1.0, depth=0, flipHoriz=False, flipVert=False, font='', fontFiles=[], height=50.0, italic=False, languageStyle='LTR', name='unnamed TextStim', opacity=1.0, ori=0.0, pos=array([0., 0.]), rgb=UNKNOWN, text='Poprawnie', units='pix', win=Window(...), wrapWidth=500)
77.8512 	EXP 	unnamed TextStim: height = 25.0
77.8512 	EXP 	unnamed TextStim: height = 25.0
77.8512 	EXP 	unnamed TextStim: height = 25.0
77.8512 	EXP 	unnamed TextStim: text = 'n'
79.3082 	DATA 	Keypress: m
79.3110 	EXP 	Created unnamed TextStim = TextStim(__class__=<class 'psychopy.visual.text.TextStim'>, alignHoriz=method-wrapper(...), alignText='center', alignVert=method-wrapper(...), anchorHoriz='center', anchorVert='center', antialias=True, autoDraw=False, autoLog=True, bold=False, color=array([-1, -1, -1]), colorSpace='rgb', contrast=1.0, depth=0, flipHoriz=False, flipVert=False, font='', fontFiles=[], height=50.0, italic=False, languageStyle='LTR', name='unnamed TextStim', opacity=1.0, ori=0.0, pos=array([0., 0.]), rgb=UNKNOWN, text='Niepoprawnie', units='pix', win=Window(...), wrapWidth=500)
80.3179 	EXP 	unnamed TextStim: height = 25.0
80.3179 	EXP 	unnamed TextStim: height = 25.0
80.3179 	EXP 	unnamed TextStim: height = 25.0
80.3179 	EXP 	unnamed TextStim: text = 'm'
81.6560 	DATA 	Keypress: m
81.6585 	EXP 	Created unnamed TextStim = TextStim(__class__=<class 'psychopy.visual.text.TextStim'>, alignHoriz=method-wrapper(...), alignText='center', alignVert=method-wrapper(...), anchorHoriz='center', anchorVert='center', antialias=True, autoDraw=False, autoLog=True, bold=False, color=array([-1, -1, -1]), colorSpace='rgb', contrast=1.0, depth=0, flipHoriz=False, flipVert=False, font='', fontFiles=[], height=50.0, italic=False, languageStyle='LTR', name='unnamed TextStim', opacity=1.0, ori=0.0, pos=array([0., 0.]), rgb=UNKNOWN, text='Poprawnie', units='pix', win=Window(...), wrapWidth=500)
82.6681 	EXP 	unnamed TextStim: height = 25.0
82.6681 	EXP 	unnamed TextStim: height = 25.0
82.6681 	EXP 	unnamed TextStim: height = 25.0
82.6681 	EXP 	unnamed TextStim: text = 'n'
83.2020 	DATA 	Mouse: Left button down, pos=(845,628)
83.4359 	DATA 	Mouse:  Left button up, pos=(845,628)
84.1931 	DATA 	Keypress: n
84.1957 	EXP 	Created unnamed TextStim = TextStim(__class__=<class 'psychopy.visual.text.TextStim'>, alignHoriz=method-wrapper(...), alignText='center', alignVert=method-wrapper(...), anchorHoriz='center', anchorVert='center', antialias=True, autoDraw=False, autoLog=True, bold=False, color=array([-1, -1, -1]), colorSpace='rgb', contrast=1.0, depth=0, flipHoriz=False, flipVert=False, font='', fontFiles=[], height=50.0, italic=False, languageStyle='LTR', name='unnamed TextStim', opacity=1.0, ori=0.0, pos=array([0., 0.]), rgb=UNKNOWN, text='Poprawnie', units='pix', win=Window(...), wrapWidth=500)
85.2014 	EXP 	unnamed TextStim: height = 25.0
85.2014 	EXP 	unnamed TextStim: height = 25.0
85.2014 	EXP 	unnamed TextStim: height = 25.0
85.2014 	EXP 	unnamed TextStim: text = 'm'
85.2353 	DATA 	Mouse: Left button down, pos=(845,628)
85.2528 	DATA 	Mouse:  Left button up, pos=(845,628)
85.3195 	DATA 	Mouse: Left button down, pos=(845,628)
85.5361 	DATA 	Mouse:  Left button up, pos=(845,628)
86.8616 	DATA 	Keypress: z
86.8637 	EXP 	Created unnamed TextStim = TextStim(__class__=<class 'psychopy.visual.text.TextStim'>, alignHoriz=method-wrapper(...), alignText='center', alignVert=method-wrapper(...), anchorHoriz='center', anchorVert='center', antialias=True, autoDraw=False, autoLog=True, bold=False, color=array([-1, -1, -1]), colorSpace='rgb', contrast=1.0, depth=0, flipHoriz=False, flipVert=False, font='', fontFiles=[], height=50.0, italic=False, languageStyle='LTR', name='unnamed TextStim', opacity=1.0, ori=0.0, pos=array([0., 0.]), rgb=UNKNOWN, text='Niepoprawnie', units='pix', win=Window(...), wrapWidth=500)
87.8688 	EXP 	unnamed TextStim: height = 25.0
87.8688 	EXP 	unnamed TextStim: height = 25.0
87.8688 	EXP 	unnamed TextStim: height = 25.0
87.8688 	EXP 	unnamed TextStim: text = 'x'
89.4557 	DATA 	Keypress: x
89.4577 	EXP 	Created unnamed TextStim = TextStim(__class__=<class 'psychopy.visual.text.TextStim'>, alignHoriz=method-wrapper(...), alignText='center', alignVert=method-wrapper(...), anchorHoriz='center', anchorVert='center', antialias=True, autoDraw=False, autoLog=True, bold=False, color=array([-1, -1, -1]), colorSpace='rgb', contrast=1.0, depth=0, flipHoriz=False, flipVert=False, font='', fontFiles=[], height=50.0, italic=False, languageStyle='LTR', name='unnamed TextStim', opacity=1.0, ori=0.0, pos=array([0., 0.]), rgb=UNKNOWN, text='Poprawnie', units='pix', win=Window(...), wrapWidth=500)
90.4683 	EXP 	unnamed TextStim: text = 'x'
91.8369 	DATA 	Keypress: x
91.8394 	EXP 	Created unnamed TextStim = TextStim(__class__=<class 'psychopy.visual.text.TextStim'>, alignHoriz=method-wrapper(...), alignText='center', alignVert=method-wrapper(...), anchorHoriz='center', anchorVert='center', antialias=True, autoDraw=False, autoLog=True, bold=False, color=array([-1, -1, -1]), colorSpace='rgb', contrast=1.0, depth=0, flipHoriz=False, flipVert=False, font='', fontFiles=[], height=50.0, italic=False, languageStyle='LTR', name='unnamed TextStim', opacity=1.0, ori=0.0, pos=array([0., 0.]), rgb=UNKNOWN, text='Poprawnie', units='pix', win=Window(...), wrapWidth=500)
92.8668 	EXP 	Created unnamed TextStim = TextStim(__class__=<class 'psychopy.visual.text.TextStim'>, alignHoriz=method-wrapper(...), alignText='center', alignVert=method-wrapper(...), anchorHoriz='center', anchorVert='center', antialias=True, autoDraw=False, autoLog=True, bold=False, color=array([-1, -1, -1]), colorSpace='rgb', contrast=1.0, depth=0, flipHoriz=False, flipVert=False, font='', fontFiles=[], height=20.0, italic=False, languageStyle='LTR', name='unnamed TextStim', opacity=1.0, ori=0.0, pos=array([0., 0.]), rgb=UNKNOWN, text=str(...), units='pix', win=Window(...), wrapWidth=1536)
101.1553 	DATA 	Keypress: space
101.1687 	EXP 	unnamed TextStim: height = 25.0
101.1687 	EXP 	unnamed TextStim: height = 25.0
101.1687 	EXP 	unnamed TextStim: height = 25.0
101.1687 	EXP 	unnamed TextStim: text = 'z'
102.7678 	DATA 	Keypress: n
102.7711 	EXP 	unnamed TextStim: height = 25.0
102.7711 	EXP 	unnamed TextStim: height = 25.0
102.7711 	EXP 	unnamed TextStim: height = 25.0
102.7711 	EXP 	unnamed TextStim: text = 'n'
104.3931 	DATA 	Keypress: z
104.3962 	EXP 	unnamed TextStim: height = 25.0
104.3962 	EXP 	unnamed TextStim: height = 25.0
104.3962 	EXP 	unnamed TextStim: height = 25.0
104.3962 	EXP 	unnamed TextStim: text = 'm'
105.9734 	DATA 	Keypress: m
105.9764 	EXP 	unnamed TextStim: height = 25.0
105.9764 	EXP 	unnamed TextStim: height = 25.0
105.9764 	EXP 	unnamed TextStim: height = 25.0
105.9764 	EXP 	unnamed TextStim: text = 'x'
107.4306 	DATA 	Keypress: z
107.4332 	EXP 	unnamed TextStim: height = 25.0
107.4332 	EXP 	unnamed TextStim: height = 25.0
107.4332 	EXP 	unnamed TextStim: height = 25.0
107.4332 	EXP 	unnamed TextStim: text = 'z'
108.7964 	DATA 	Keypress: z
108.7986 	EXP 	unnamed TextStim: height = 25.0
108.7986 	EXP 	unnamed TextStim: height = 25.0
108.7986 	EXP 	unnamed TextStim: height = 25.0
108.7986 	EXP 	unnamed TextStim: text = 'n'
111.1683 	DATA 	Keypress: z
111.3242 	EXP 	Created unnamed ImageStim = ImageStim(__class__=<class 'psychopy.visual.image.ImageStim'>, anchor=('center', 'center'), autoLog=True, color=array([1., 1., 1.]), colorSpace='rgb', contrast=1.0, depth=0, flipHoriz=False, flipVert=False, image='break.jpg', interpolate=True, mask=None, maskParams=None, name='unnamed ImageStim', opacity=1.0, ori=0.0, pos=array([0., 0.]), size=array([1536.,  864.]), texRes=128, units='pix', win=Window(...))
112.1857 	DATA 	Keypress: space
112.2026 	EXP 	unnamed TextStim: height = 25.0
112.2026 	EXP 	unnamed TextStim: height = 25.0
112.2026 	EXP 	unnamed TextStim: height = 25.0
112.2026 	EXP 	unnamed TextStim: text = 'x'
113.9841 	DATA 	Keypress: x
113.9864 	EXP 	unnamed TextStim: height = 25.0
113.9864 	EXP 	unnamed TextStim: height = 25.0
113.9864 	EXP 	unnamed TextStim: height = 25.0
113.9864 	EXP 	unnamed TextStim: text = 'm'
115.5979 	DATA 	Keypress: m
115.6027 	EXP 	unnamed TextStim: height = 25.0
115.6027 	EXP 	unnamed TextStim: height = 25.0
115.6027 	EXP 	unnamed TextStim: height = 25.0
115.6027 	EXP 	unnamed TextStim: text = 'n'
117.1527 	DATA 	Keypress: n
117.1549 	EXP 	unnamed TextStim: height = 25.0
117.1549 	EXP 	unnamed TextStim: height = 25.0
117.1549 	EXP 	unnamed TextStim: height = 25.0
117.1549 	EXP 	unnamed TextStim: text = 'z'
118.7298 	DATA 	Keypress: n
118.7320 	EXP 	unnamed TextStim: height = 25.0
118.7320 	EXP 	unnamed TextStim: height = 25.0
118.7320 	EXP 	unnamed TextStim: height = 25.0
118.7320 	EXP 	unnamed TextStim: text = 'x'
120.3454 	DATA 	Keypress: x
120.3479 	EXP 	unnamed TextStim: height = 25.0
120.3479 	EXP 	unnamed TextStim: height = 25.0
120.3479 	EXP 	unnamed TextStim: height = 25.0
120.3479 	EXP 	unnamed TextStim: text = 'n'
121.8273 	DATA 	Keypress: n
121.9392 	EXP 	Created unnamed ImageStim = ImageStim(__class__=<class 'psychopy.visual.image.ImageStim'>, anchor=('center', 'center'), autoLog=True, color=array([1., 1., 1.]), colorSpace='rgb', contrast=1.0, depth=0, flipHoriz=False, flipVert=False, image='break.jpg', interpolate=True, mask=None, maskParams=None, name='unnamed ImageStim', opacity=1.0, ori=0.0, pos=array([0., 0.]), size=array([1536.,  864.]), texRes=128, units='pix', win=Window(...))
122.7715 	DATA 	Keypress: space
122.7860 	EXP 	unnamed TextStim: text = 'n'
124.3182 	DATA 	Keypress: n
124.3194 	EXP 	unnamed TextStim: text = 'n'
125.8882 	DATA 	Keypress: n
125.8905 	EXP 	unnamed TextStim: height = 25.0
125.8905 	EXP 	unnamed TextStim: height = 25.0
125.8905 	EXP 	unnamed TextStim: height = 25.0
125.8905 	EXP 	unnamed TextStim: text = 'm'
127.2206 	DATA 	Keypress: m
127.2229 	EXP 	unnamed TextStim: height = 25.0
127.2229 	EXP 	unnamed TextStim: height = 25.0
127.2229 	EXP 	unnamed TextStim: height = 25.0
127.2229 	EXP 	unnamed TextStim: text = 'z'
128.7135 	DATA 	Keypress: n
128.7147 	EXP 	unnamed TextStim: text = 'z'
130.1831 	DATA 	Keypress: z
130.1853 	EXP 	unnamed TextStim: height = 25.0
130.1853 	EXP 	unnamed TextStim: height = 25.0
130.1853 	EXP 	unnamed TextStim: height = 25.0
130.1853 	EXP 	unnamed TextStim: text = 'n'
131.6934 	DATA 	Keypress: n
131.8245 	EXP 	Created unnamed ImageStim = ImageStim(__class__=<class 'psychopy.visual.image.ImageStim'>, anchor=('center', 'center'), autoLog=True, color=array([1., 1., 1.]), colorSpace='rgb', contrast=1.0, depth=0, flipHoriz=False, flipVert=False, image='break.jpg', interpolate=True, mask=None, maskParams=None, name='unnamed ImageStim', opacity=1.0, ori=0.0, pos=array([0., 0.]), size=array([1536.,  864.]), texRes=128, units='pix', win=Window(...))
132.4298 	DATA 	Keypress: space
132.4364 	EXP 	unnamed TextStim: height = 25.0
132.4364 	EXP 	unnamed TextStim: height = 25.0
132.4364 	EXP 	unnamed TextStim: height = 25.0
132.4364 	EXP 	unnamed TextStim: text = 'x'
134.2660 	DATA 	Keypress: x
134.2727 	EXP 	unnamed TextStim: height = 25.0
134.2727 	EXP 	unnamed TextStim: height = 25.0
134.2727 	EXP 	unnamed TextStim: height = 25.0
134.2727 	EXP 	unnamed TextStim: text = 'n'
135.7855 	DATA 	Keypress: n
135.7877 	EXP 	unnamed TextStim: height = 25.0
135.7877 	EXP 	unnamed TextStim: height = 25.0
135.7877 	EXP 	unnamed TextStim: height = 25.0
135.7877 	EXP 	unnamed TextStim: text = 'x'
137.4283 	DATA 	Keypress: x
137.4304 	EXP 	unnamed TextStim: height = 25.0
137.4304 	EXP 	unnamed TextStim: height = 25.0
137.4304 	EXP 	unnamed TextStim: height = 25.0
137.4304 	EXP 	unnamed TextStim: text = 'z'
138.9446 	DATA 	Keypress: z
138.9457 	EXP 	unnamed TextStim: text = 'z'
140.3868 	DATA 	Keypress: z
140.3881 	EXP 	unnamed TextStim: text = 'z'
142.1010 	DATA 	Keypress: n
142.2144 	EXP 	Created unnamed ImageStim = ImageStim(__class__=<class 'psychopy.visual.image.ImageStim'>, anchor=('center', 'center'), autoLog=True, color=array([1., 1., 1.]), colorSpace='rgb', contrast=1.0, depth=0, flipHoriz=False, flipVert=False, image='break.jpg', interpolate=True, mask=None, maskParams=None, name='unnamed ImageStim', opacity=1.0, ori=0.0, pos=array([0., 0.]), size=array([1536.,  864.]), texRes=128, units='pix', win=Window(...))
142.9323 	DATA 	Keypress: space
142.9369 	EXP 	unnamed TextStim: text = 'z'
144.3358 	DATA 	Keypress: z
144.3379 	EXP 	unnamed TextStim: height = 25.0
144.3379 	EXP 	unnamed TextStim: height = 25.0
144.3379 	EXP 	unnamed TextStim: height = 25.0
144.3379 	EXP 	unnamed TextStim: text = 'n'
145.9949 	DATA 	Keypress: n
145.9961 	EXP 	unnamed TextStim: text = 'n'
147.6068 	DATA 	Keypress: m
147.6090 	EXP 	unnamed TextStim: height = 25.0
147.6090 	EXP 	unnamed TextStim: height = 25.0
147.6090 	EXP 	unnamed TextStim: height = 25.0
147.6090 	EXP 	unnamed TextStim: text = 'x'
149.1158 	DATA 	Keypress: n
149.1179 	EXP 	unnamed TextStim: height = 25.0
149.1179 	EXP 	unnamed TextStim: height = 25.0
149.1179 	EXP 	unnamed TextStim: height = 25.0
149.1179 	EXP 	unnamed TextStim: text = 'n'
150.6459 	DATA 	Keypress: n
150.6481 	EXP 	unnamed TextStim: height = 25.0
150.6481 	EXP 	unnamed TextStim: height = 25.0
150.6481 	EXP 	unnamed TextStim: height = 25.0
150.6481 	EXP 	unnamed TextStim: text = 'z'
152.1510 	DATA 	Keypress: z
152.2729 	EXP 	Created unnamed ImageStim = ImageStim(__class__=<class 'psychopy.visual.image.ImageStim'>, anchor=('center', 'center'), autoLog=True, color=array([1., 1., 1.]), colorSpace='rgb', contrast=1.0, depth=0, flipHoriz=False, flipVert=False, image='break.jpg', interpolate=True, mask=None, maskParams=None, name='unnamed ImageStim', opacity=1.0, ori=0.0, pos=array([0., 0.]), size=array([1536.,  864.]), texRes=128, units='pix', win=Window(...))
152.8426 	DATA 	Keypress: space
152.8538 	EXP 	unnamed TextStim: height = 25.0
152.8538 	EXP 	unnamed TextStim: height = 25.0
152.8538 	EXP 	unnamed TextStim: height = 25.0
152.8538 	EXP 	unnamed TextStim: text = 'x'
154.5485 	DATA 	Keypress: z
154.5509 	EXP 	unnamed TextStim: height = 25.0
154.5509 	EXP 	unnamed TextStim: height = 25.0
154.5509 	EXP 	unnamed TextStim: height = 25.0
154.5509 	EXP 	unnamed TextStim: text = 'm'
156.0732 	DATA 	Keypress: m
156.0749 	EXP 	unnamed TextStim: text = 'm'
157.5908 	DATA 	Keypress: m
157.5930 	EXP 	unnamed TextStim: height = 25.0
157.5930 	EXP 	unnamed TextStim: height = 25.0
157.5930 	EXP 	unnamed TextStim: height = 25.0
157.5930 	EXP 	unnamed TextStim: text = 'n'
158.9796 	DATA 	Keypress: n
158.9817 	EXP 	unnamed TextStim: height = 25.0
158.9817 	EXP 	unnamed TextStim: height = 25.0
158.9817 	EXP 	unnamed TextStim: height = 25.0
158.9817 	EXP 	unnamed TextStim: text = 'x'
160.6155 	DATA 	Keypress: m
160.6176 	EXP 	unnamed TextStim: height = 25.0
160.6176 	EXP 	unnamed TextStim: height = 25.0
160.6176 	EXP 	unnamed TextStim: height = 25.0
160.6176 	EXP 	unnamed TextStim: text = 'n'
162.2109 	DATA 	Keypress: z
162.3211 	EXP 	Created unnamed ImageStim = ImageStim(__class__=<class 'psychopy.visual.image.ImageStim'>, anchor=('center', 'center'), autoLog=True, color=array([1., 1., 1.]), colorSpace='rgb', contrast=1.0, depth=0, flipHoriz=False, flipVert=False, image='break.jpg', interpolate=True, mask=None, maskParams=None, name='unnamed ImageStim', opacity=1.0, ori=0.0, pos=array([0., 0.]), size=array([1536.,  864.]), texRes=128, units='pix', win=Window(...))
162.8807 	DATA 	Keypress: space
162.8873 	EXP 	unnamed TextStim: height = 25.0
162.8873 	EXP 	unnamed TextStim: height = 25.0
162.8873 	EXP 	unnamed TextStim: height = 25.0
162.8873 	EXP 	unnamed TextStim: text = 'x'
164.8821 	DATA 	Keypress: x
164.8833 	EXP 	unnamed TextStim: text = 'x'
166.4611 	DATA 	Keypress: z
166.4633 	EXP 	unnamed TextStim: height = 25.0
166.4633 	EXP 	unnamed TextStim: height = 25.0
166.4633 	EXP 	unnamed TextStim: height = 25.0
166.4633 	EXP 	unnamed TextStim: text = 'm'
168.0683 	DATA 	Keypress: m
168.0704 	EXP 	unnamed TextStim: height = 25.0
168.0704 	EXP 	unnamed TextStim: height = 25.0
168.0704 	EXP 	unnamed TextStim: height = 25.0
168.0704 	EXP 	unnamed TextStim: text = 'x'
169.5812 	DATA 	Keypress: z
169.5833 	EXP 	unnamed TextStim: height = 25.0
169.5833 	EXP 	unnamed TextStim: height = 25.0
169.5833 	EXP 	unnamed TextStim: height = 25.0
169.5833 	EXP 	unnamed TextStim: text = 'n'
171.0505 	DATA 	Keypress: n
171.0517 	EXP 	unnamed TextStim: text = 'n'
172.5874 	DATA 	Keypress: m
172.7126 	EXP 	Created unnamed ImageStim = ImageStim(__class__=<class 'psychopy.visual.image.ImageStim'>, anchor=('center', 'center'), autoLog=True, color=array([1., 1., 1.]), colorSpace='rgb', contrast=1.0, depth=0, flipHoriz=False, flipVert=False, image='break.jpg', interpolate=True, mask=None, maskParams=None, name='unnamed ImageStim', opacity=1.0, ori=0.0, pos=array([0., 0.]), size=array([1536.,  864.]), texRes=128, units='pix', win=Window(...))
173.2470 	DATA 	Keypress: space
173.2544 	EXP 	unnamed TextStim: height = 25.0
173.2544 	EXP 	unnamed TextStim: height = 25.0
173.2544 	EXP 	unnamed TextStim: height = 25.0
173.2544 	EXP 	unnamed TextStim: text = 'z'
174.6798 	DATA 	Keypress: z
174.6809 	EXP 	unnamed TextStim: text = 'z'
176.1490 	DATA 	Keypress: m
176.1511 	EXP 	unnamed TextStim: height = 25.0
176.1511 	EXP 	unnamed TextStim: height = 25.0
176.1511 	EXP 	unnamed TextStim: height = 25.0
176.1511 	EXP 	unnamed TextStim: text = 'n'
177.6797 	DATA 	Keypress: n
177.6819 	EXP 	unnamed TextStim: height = 25.0
177.6819 	EXP 	unnamed TextStim: height = 25.0
177.6819 	EXP 	unnamed TextStim: height = 25.0
177.6819 	EXP 	unnamed TextStim: text = 'm'
179.3095 	DATA 	Keypress: m
179.3106 	EXP 	unnamed TextStim: text = 'm'
180.6981 	DATA 	Keypress: m
180.7003 	EXP 	unnamed TextStim: height = 25.0
180.7003 	EXP 	unnamed TextStim: height = 25.0
180.7003 	EXP 	unnamed TextStim: height = 25.0
180.7003 	EXP 	unnamed TextStim: text = 'z'
182.2621 	DATA 	Keypress: n
182.3708 	EXP 	Created unnamed ImageStim = ImageStim(__class__=<class 'psychopy.visual.image.ImageStim'>, anchor=('center', 'center'), autoLog=True, color=array([1., 1., 1.]), colorSpace='rgb', contrast=1.0, depth=0, flipHoriz=False, flipVert=False, image='break.jpg', interpolate=True, mask=None, maskParams=None, name='unnamed ImageStim', opacity=1.0, ori=0.0, pos=array([0., 0.]), size=array([1536.,  864.]), texRes=128, units='pix', win=Window(...))
187.6985 	DATA 	Keypress: space
187.7051 	EXP 	unnamed TextStim: text = 'z'
189.0225 	DATA 	Keypress: n
190.5227 	DATA 	No keypress (maxWait exceeded)
190.5248 	EXP 	unnamed TextStim: height = 25.0
190.5248 	EXP 	unnamed TextStim: height = 25.0
190.5248 	EXP 	unnamed TextStim: height = 25.0
190.5248 	EXP 	unnamed TextStim: text = 'm'
190.6065 	DATA 	Keypress: z
192.0078 	DATA 	Keypress: m
192.0098 	EXP 	unnamed TextStim: height = 25.0
192.0098 	EXP 	unnamed TextStim: height = 25.0
192.0098 	EXP 	unnamed TextStim: height = 25.0
192.0098 	EXP 	unnamed TextStim: text = 'n'
193.5466 	DATA 	Keypress: n
193.5479 	EXP 	unnamed TextStim: text = 'n'
194.9934 	DATA 	Keypress: n
194.9956 	EXP 	unnamed TextStim: height = 25.0
194.9956 	EXP 	unnamed TextStim: height = 25.0
194.9956 	EXP 	unnamed TextStim: height = 25.0
194.9956 	EXP 	unnamed TextStim: text = 'm'
196.4420 	DATA 	Keypress: m
196.4441 	EXP 	unnamed TextStim: height = 25.0
196.4441 	EXP 	unnamed TextStim: height = 25.0
196.4441 	EXP 	unnamed TextStim: height = 25.0
196.4441 	EXP 	unnamed TextStim: text = 'x'
198.3528 	DATA 	Keypress: n
198.5034 	EXP 	Created unnamed ImageStim = ImageStim(__class__=<class 'psychopy.visual.image.ImageStim'>, anchor=('center', 'center'), autoLog=True, color=array([1., 1., 1.]), colorSpace='rgb', contrast=1.0, depth=0, flipHoriz=False, flipVert=False, image='break.jpg', interpolate=True, mask=None, maskParams=None, name='unnamed ImageStim', opacity=1.0, ori=0.0, pos=array([0., 0.]), size=array([1536.,  864.]), texRes=128, units='pix', win=Window(...))
199.0905 	DATA 	Keypress: space
199.1056 	EXP 	unnamed TextStim: text = 'x'
200.6947 	DATA 	Keypress: z
200.6969 	EXP 	unnamed TextStim: height = 25.0
200.6969 	EXP 	unnamed TextStim: height = 25.0
200.6969 	EXP 	unnamed TextStim: height = 25.0
200.6969 	EXP 	unnamed TextStim: text = 'z'
202.2750 	DATA 	Keypress: m
202.2772 	EXP 	unnamed TextStim: height = 25.0
202.2772 	EXP 	unnamed TextStim: height = 25.0
202.2772 	EXP 	unnamed TextStim: height = 25.0
202.2772 	EXP 	unnamed TextStim: text = 'm'
203.7322 	DATA 	Keypress: m
203.7344 	EXP 	unnamed TextStim: height = 25.0
203.7344 	EXP 	unnamed TextStim: height = 25.0
203.7344 	EXP 	unnamed TextStim: height = 25.0
203.7344 	EXP 	unnamed TextStim: text = 'x'
205.3274 	DATA 	Keypress: z
205.3296 	EXP 	unnamed TextStim: height = 25.0
205.3296 	EXP 	unnamed TextStim: height = 25.0
205.3296 	EXP 	unnamed TextStim: height = 25.0
205.3296 	EXP 	unnamed TextStim: text = 'n'
206.8737 	DATA 	Keypress: z
206.8759 	EXP 	unnamed TextStim: height = 25.0
206.8759 	EXP 	unnamed TextStim: height = 25.0
206.8759 	EXP 	unnamed TextStim: height = 25.0
206.8759 	EXP 	unnamed TextStim: text = 'x'
209.1108 	DATA 	Keypress: x
209.2526 	EXP 	Created unnamed ImageStim = ImageStim(__class__=<class 'psychopy.visual.image.ImageStim'>, anchor=('center', 'center'), autoLog=True, color=array([1., 1., 1.]), colorSpace='rgb', contrast=1.0, depth=0, flipHoriz=False, flipVert=False, image='break.jpg', interpolate=True, mask=None, maskParams=None, name='unnamed ImageStim', opacity=1.0, ori=0.0, pos=array([0., 0.]), size=array([1536.,  864.]), texRes=128, units='pix', win=Window(...))
209.8777 	DATA 	Keypress: space
209.8893 	EXP 	unnamed TextStim: text = 'x'
211.4723 	DATA 	Keypress: x
211.4744 	EXP 	unnamed TextStim: height = 25.0
211.4744 	EXP 	unnamed TextStim: height = 25.0
211.4744 	EXP 	unnamed TextStim: height = 25.0
211.4744 	EXP 	unnamed TextStim: text = 'z'
212.9941 	DATA 	Keypress: n
212.9953 	EXP 	unnamed TextStim: text = 'z'
214.6108 	DATA 	Keypress: z
214.6129 	EXP 	unnamed TextStim: height = 25.0
214.6129 	EXP 	unnamed TextStim: height = 25.0
214.6129 	EXP 	unnamed TextStim: height = 25.0
214.6129 	EXP 	unnamed TextStim: text = 'm'
216.1653 	DATA 	Keypress: m
216.1675 	EXP 	unnamed TextStim: height = 25.0
216.1675 	EXP 	unnamed TextStim: height = 25.0
216.1675 	EXP 	unnamed TextStim: height = 25.0
216.1675 	EXP 	unnamed TextStim: text = 'z'
217.5705 	DATA 	Keypress: z
217.5750 	EXP 	unnamed TextStim: height = 25.0
217.5750 	EXP 	unnamed TextStim: height = 25.0
217.5750 	EXP 	unnamed TextStim: height = 25.0
217.5750 	EXP 	unnamed TextStim: text = 'x'
219.3857 	DATA 	Keypress: x
219.4954 	EXP 	Created unnamed ImageStim = ImageStim(__class__=<class 'psychopy.visual.image.ImageStim'>, anchor=('center', 'center'), autoLog=True, color=array([1., 1., 1.]), colorSpace='rgb', contrast=1.0, depth=0, flipHoriz=False, flipVert=False, image='break.jpg', interpolate=True, mask=None, maskParams=None, name='unnamed ImageStim', opacity=1.0, ori=0.0, pos=array([0., 0.]), size=array([1536.,  864.]), texRes=128, units='pix', win=Window(...))
220.0685 	DATA 	Keypress: space
220.0840 	EXP 	Created unnamed TextStim = TextStim(__class__=<class 'psychopy.visual.text.TextStim'>, alignHoriz=method-wrapper(...), alignText='center', alignVert=method-wrapper(...), anchorHoriz='center', anchorVert='center', antialias=True, autoDraw=False, autoLog=True, bold=False, color=array([-1, -1, -1]), colorSpace='rgb', contrast=1.0, depth=0, flipHoriz=False, flipVert=False, font='', fontFiles=[], height=20.0, italic=False, languageStyle='LTR', name='unnamed TextStim', opacity=1.0, ori=0.0, pos=array([0., 0.]), rgb=UNKNOWN, text=str(...), units='pix', win=Window(...), wrapWidth=1536)
233.7983 	DATA 	Keypress: return
233.8861 	EXP 	window1: mouseVisible = True
