16.9243 	WARNING 	User requested fullscreen with size [1536  864], but screen is actually [1920, 1080]. Using actual size
18.4700 	INFO 	FRAME RATE: 60
18.4701 	INFO 	SCREEN RES: odict_values([1536, 864])
18.5318 	EXP 	Created unnamed TextStim = TextStim(__class__=<class 'psychopy.visual.text.TextStim'>, alignHoriz=method-wrapper(...), alignText='center', alignVert=method-wrapper(...), anchorHoriz='center', anchorVert='center', antialias=True, autoDraw=False, autoLog=True, bold=False, color=array([-1, -1, -1]), colorSpace='rgb', contrast=1.0, depth=0, flipHoriz=False, flipVert=False, font='', fontFiles=[], height=100.0, italic=False, languageStyle='LTR', name='unnamed TextStim', opacity=1.0, ori=0.0, pos=array([0., 0.]), rgb=UNKNOWN, text='+', units='pix', win=Window(...), wrapWidth=500)
18.5366 	EXP 	Created unnamed Circle = Circle(__class__=<class 'psychopy.visual.circle.Circle'>, anchor=('center', 'center'), autoDraw=False, autoLog=True, closeShape=True, color=method-wrapper(...), colorSpace='rgb', contrast=None, depth=0, fillColor=array([ 0.09019608, -1.        , -1.        ]), fillColorSpace='rgb', fillRGB=array([ 0.09019608, -1.        , -1.        ]), interpolate=True, lineColor=array([ 0.09019608, -1.        , -1.        ]), lineColorSpace='rgb', lineRGB=array([ 0.09019608, -1.        , -1.        ]), lineWidth=1.5, name='unnamed Circle', opacity=1.0, ori=0.0, pos=array([0., 0.]), size=array([1., 1.]), units='pix', vertices=ndarray(...), win=Window(...))
18.5378 	EXP 	Created unnamed TextStim = TextStim(__class__=<class 'psychopy.visual.text.TextStim'>, alignHoriz=method-wrapper(...), alignText='center', alignVert=method-wrapper(...), anchorHoriz='center', anchorVert='center', antialias=True, autoDraw=False, autoLog=True, bold=False, color=array([-0.17647059, -0.17647059, -0.17647059]), colorSpace='rgb', contrast=1.0, depth=0, flipHoriz=False, flipVert=False, font='', fontFiles=[], height=25, italic=False, languageStyle='LTR', name='unnamed TextStim', opacity=1.0, ori=0.0, pos=array([0., 0.]), rgb=UNKNOWN, text='', units='pix', win=Window(...), wrapWidth=500)
18.5472 	EXP 	Created unnamed ImageStim = ImageStim(__class__=<class 'psychopy.visual.image.ImageStim'>, anchor=('center', 'center'), autoLog=True, color=array([1., 1., 1.]), colorSpace='rgb', contrast=1.0, depth=0, flipHoriz=False, flipVert=False, image='mask4.png', interpolate=False, mask=None, maskParams=None, name='unnamed ImageStim', opacity=1.0, ori=0.0, pos=array([0., 0.]), size=array([25., 25.]), texRes=128, units='pix', win=Window(...))
18.5560 	EXP 	Created unnamed TextStim = TextStim(__class__=<class 'psychopy.visual.text.TextStim'>, alignHoriz=method-wrapper(...), alignText='center', alignVert=method-wrapper(...), anchorHoriz='center', anchorVert='center', antialias=True, autoDraw=False, autoLog=True, bold=False, color=array([-1, -1, -1]), colorSpace='rgb', contrast=1.0, depth=0, flipHoriz=False, flipVert=False, font='', fontFiles=[], height=30.0, italic=False, languageStyle='LTR', name='unnamed TextStim', opacity=1.0, ori=0.0, pos=array([ 100., -300.]), rgb=UNKNOWN, text=str(...), units='pix', win=Window(...), wrapWidth=10000)
18.5605 	EXP 	Created unnamed TextStim = TextStim(__class__=<class 'psychopy.visual.text.TextStim'>, alignHoriz=method-wrapper(...), alignText='center', alignVert=method-wrapper(...), anchorHoriz='center', anchorVert='center', antialias=True, autoDraw=False, autoLog=True, bold=False, color=array([-1, -1, -1]), colorSpace='rgb', contrast=1.0, depth=0, flipHoriz=False, flipVert=False, font='', fontFiles=[], height=30.0, italic=False, languageStyle='LTR', name='unnamed TextStim', opacity=1.0, ori=0.0, pos=array([ 100., -330.]), rgb=UNKNOWN, text=str(...), units='pix', win=Window(...), wrapWidth=10000)
18.6005 	EXP 	Created unnamed TextStim = TextStim(__class__=<class 'psychopy.visual.text.TextStim'>, alignHoriz=method-wrapper(...), alignText='center', alignVert=method-wrapper(...), anchorHoriz='center', anchorVert='center', antialias=True, autoDraw=False, autoLog=True, bold=False, color=array([-1, -1, -1]), colorSpace='rgb', contrast=1.0, depth=0, flipHoriz=False, flipVert=False, font='', fontFiles=[], height=20.0, italic=False, languageStyle='LTR', name='unnamed TextStim', opacity=1.0, ori=0.0, pos=array([0., 0.]), rgb=UNKNOWN, text=str(...), units='pix', win=Window(...), wrapWidth=1536)
36.7530 	DATA 	Keypress: space
36.7663 	EXP 	unnamed TextStim: height = 25.0
36.7663 	EXP 	unnamed TextStim: height = 25.0
36.7663 	EXP 	unnamed TextStim: height = 25.0
36.7663 	EXP 	unnamed TextStim: text = 'n'
38.2656 	DATA 	Keypress: n
38.2738 	EXP 	Created unnamed TextStim = TextStim(__class__=<class 'psychopy.visual.text.TextStim'>, alignHoriz=method-wrapper(...), alignText='center', alignVert=method-wrapper(...), anchorHoriz='center', anchorVert='center', antialias=True, autoDraw=False, autoLog=True, bold=False, color=array([-1, -1, -1]), colorSpace='rgb', contrast=1.0, depth=0, flipHoriz=False, flipVert=False, font='', fontFiles=[], height=50.0, italic=False, languageStyle='LTR', name='unnamed TextStim', opacity=1.0, ori=0.0, pos=array([0., 0.]), rgb=UNKNOWN, text='Poprawnie', units='pix', win=Window(...), wrapWidth=500)
39.2831 	EXP 	unnamed TextStim: text = 'n'
40.6505 	DATA 	Keypress: n
40.6556 	EXP 	Created unnamed TextStim = TextStim(__class__=<class 'psychopy.visual.text.TextStim'>, alignHoriz=method-wrapper(...), alignText='center', alignVert=method-wrapper(...), anchorHoriz='center', anchorVert='center', antialias=True, autoDraw=False, autoLog=True, bold=False, color=array([-1, -1, -1]), colorSpace='rgb', contrast=1.0, depth=0, flipHoriz=False, flipVert=False, font='', fontFiles=[], height=50.0, italic=False, languageStyle='LTR', name='unnamed TextStim', opacity=1.0, ori=0.0, pos=array([0., 0.]), rgb=UNKNOWN, text='Poprawnie', units='pix', win=Window(...), wrapWidth=500)
41.6834 	EXP 	unnamed TextStim: text = 'n'
43.0675 	DATA 	Keypress: n
43.0724 	EXP 	Created unnamed TextStim = TextStim(__class__=<class 'psychopy.visual.text.TextStim'>, alignHoriz=method-wrapper(...), alignText='center', alignVert=method-wrapper(...), anchorHoriz='center', anchorVert='center', antialias=True, autoDraw=False, autoLog=True, bold=False, color=array([-1, -1, -1]), colorSpace='rgb', contrast=1.0, depth=0, flipHoriz=False, flipVert=False, font='', fontFiles=[], height=50.0, italic=False, languageStyle='LTR', name='unnamed TextStim', opacity=1.0, ori=0.0, pos=array([0., 0.]), rgb=UNKNOWN, text='Poprawnie', units='pix', win=Window(...), wrapWidth=500)
44.1000 	EXP 	unnamed TextStim: height = 25.0
44.1000 	EXP 	unnamed TextStim: height = 25.0
44.1000 	EXP 	unnamed TextStim: height = 25.0
44.1000 	EXP 	unnamed TextStim: text = 'x'
45.7100 	DATA 	Keypress: x
45.7126 	EXP 	Created unnamed TextStim = TextStim(__class__=<class 'psychopy.visual.text.TextStim'>, alignHoriz=method-wrapper(...), alignText='center', alignVert=method-wrapper(...), anchorHoriz='center', anchorVert='center', antialias=True, autoDraw=False, autoLog=True, bold=False, color=array([-1, -1, -1]), colorSpace='rgb', contrast=1.0, depth=0, flipHoriz=False, flipVert=False, font='', fontFiles=[], height=50.0, italic=False, languageStyle='LTR', name='unnamed TextStim', opacity=1.0, ori=0.0, pos=array([0., 0.]), rgb=UNKNOWN, text='Poprawnie', units='pix', win=Window(...), wrapWidth=500)
46.7169 	EXP 	unnamed TextStim: text = 'x'
48.3193 	DATA 	Keypress: x
48.3212 	EXP 	Created unnamed TextStim = TextStim(__class__=<class 'psychopy.visual.text.TextStim'>, alignHoriz=method-wrapper(...), alignText='center', alignVert=method-wrapper(...), anchorHoriz='center', anchorVert='center', antialias=True, autoDraw=False, autoLog=True, bold=False, color=array([-1, -1, -1]), colorSpace='rgb', contrast=1.0, depth=0, flipHoriz=False, flipVert=False, font='', fontFiles=[], height=50.0, italic=False, languageStyle='LTR', name='unnamed TextStim', opacity=1.0, ori=0.0, pos=array([0., 0.]), rgb=UNKNOWN, text='Poprawnie', units='pix', win=Window(...), wrapWidth=500)
49.3334 	EXP 	unnamed TextStim: height = 25.0
49.3334 	EXP 	unnamed TextStim: height = 25.0
49.3334 	EXP 	unnamed TextStim: height = 25.0
49.3334 	EXP 	unnamed TextStim: text = 'z'
50.9031 	DATA 	Keypress: z
50.9052 	EXP 	Created unnamed TextStim = TextStim(__class__=<class 'psychopy.visual.text.TextStim'>, alignHoriz=method-wrapper(...), alignText='center', alignVert=method-wrapper(...), anchorHoriz='center', anchorVert='center', antialias=True, autoDraw=False, autoLog=True, bold=False, color=array([-1, -1, -1]), colorSpace='rgb', contrast=1.0, depth=0, flipHoriz=False, flipVert=False, font='', fontFiles=[], height=50.0, italic=False, languageStyle='LTR', name='unnamed TextStim', opacity=1.0, ori=0.0, pos=array([0., 0.]), rgb=UNKNOWN, text='Poprawnie', units='pix', win=Window(...), wrapWidth=500)
51.9171 	EXP 	unnamed TextStim: height = 25.0
51.9171 	EXP 	unnamed TextStim: height = 25.0
51.9171 	EXP 	unnamed TextStim: height = 25.0
51.9171 	EXP 	unnamed TextStim: text = 'n'
53.4736 	DATA 	Keypress: n
53.4757 	EXP 	Created unnamed TextStim = TextStim(__class__=<class 'psychopy.visual.text.TextStim'>, alignHoriz=method-wrapper(...), alignText='center', alignVert=method-wrapper(...), anchorHoriz='center', anchorVert='center', antialias=True, autoDraw=False, autoLog=True, bold=False, color=array([-1, -1, -1]), colorSpace='rgb', contrast=1.0, depth=0, flipHoriz=False, flipVert=False, font='', fontFiles=[], height=50.0, italic=False, languageStyle='LTR', name='unnamed TextStim', opacity=1.0, ori=0.0, pos=array([0., 0.]), rgb=UNKNOWN, text='Poprawnie', units='pix', win=Window(...), wrapWidth=500)
54.4839 	EXP 	unnamed TextStim: text = 'n'
55.9012 	DATA 	Keypress: n
55.9066 	EXP 	Created unnamed TextStim = TextStim(__class__=<class 'psychopy.visual.text.TextStim'>, alignHoriz=method-wrapper(...), alignText='center', alignVert=method-wrapper(...), anchorHoriz='center', anchorVert='center', antialias=True, autoDraw=False, autoLog=True, bold=False, color=array([-1, -1, -1]), colorSpace='rgb', contrast=1.0, depth=0, flipHoriz=False, flipVert=False, font='', fontFiles=[], height=50.0, italic=False, languageStyle='LTR', name='unnamed TextStim', opacity=1.0, ori=0.0, pos=array([0., 0.]), rgb=UNKNOWN, text='Poprawnie', units='pix', win=Window(...), wrapWidth=500)
56.9339 	EXP 	unnamed TextStim: height = 25.0
56.9339 	EXP 	unnamed TextStim: height = 25.0
56.9339 	EXP 	unnamed TextStim: height = 25.0
56.9339 	EXP 	unnamed TextStim: text = 'z'
58.4571 	DATA 	Keypress: z
58.4591 	EXP 	Created unnamed TextStim = TextStim(__class__=<class 'psychopy.visual.text.TextStim'>, alignHoriz=method-wrapper(...), alignText='center', alignVert=method-wrapper(...), anchorHoriz='center', anchorVert='center', antialias=True, autoDraw=False, autoLog=True, bold=False, color=array([-1, -1, -1]), colorSpace='rgb', contrast=1.0, depth=0, flipHoriz=False, flipVert=False, font='', fontFiles=[], height=50.0, italic=False, languageStyle='LTR', name='unnamed TextStim', opacity=1.0, ori=0.0, pos=array([0., 0.]), rgb=UNKNOWN, text='Poprawnie', units='pix', win=Window(...), wrapWidth=500)
59.4674 	EXP 	unnamed TextStim: text = 'z'
60.9348 	DATA 	Keypress: z
61.7621 	DATA 	Keypress: z
61.7642 	EXP 	Created unnamed TextStim = TextStim(__class__=<class 'psychopy.visual.text.TextStim'>, alignHoriz=method-wrapper(...), alignText='center', alignVert=method-wrapper(...), anchorHoriz='center', anchorVert='center', antialias=True, autoDraw=False, autoLog=True, bold=False, color=array([-1, -1, -1]), colorSpace='rgb', contrast=1.0, depth=0, flipHoriz=False, flipVert=False, font='', fontFiles=[], height=50.0, italic=False, languageStyle='LTR', name='unnamed TextStim', opacity=1.0, ori=0.0, pos=array([0., 0.]), rgb=UNKNOWN, text='Poprawnie', units='pix', win=Window(...), wrapWidth=500)
62.7682 	EXP 	unnamed TextStim: height = 25.0
62.7682 	EXP 	unnamed TextStim: height = 25.0
62.7682 	EXP 	unnamed TextStim: height = 25.0
62.7682 	EXP 	unnamed TextStim: text = 'x'
64.2999 	DATA 	Keypress: x
64.3026 	EXP 	Created unnamed TextStim = TextStim(__class__=<class 'psychopy.visual.text.TextStim'>, alignHoriz=method-wrapper(...), alignText='center', alignVert=method-wrapper(...), anchorHoriz='center', anchorVert='center', antialias=True, autoDraw=False, autoLog=True, bold=False, color=array([-1, -1, -1]), colorSpace='rgb', contrast=1.0, depth=0, flipHoriz=False, flipVert=False, font='', fontFiles=[], height=50.0, italic=False, languageStyle='LTR', name='unnamed TextStim', opacity=1.0, ori=0.0, pos=array([0., 0.]), rgb=UNKNOWN, text='Poprawnie', units='pix', win=Window(...), wrapWidth=500)
65.3176 	EXP 	unnamed TextStim: height = 25.0
65.3176 	EXP 	unnamed TextStim: height = 25.0
65.3176 	EXP 	unnamed TextStim: height = 25.0
65.3176 	EXP 	unnamed TextStim: text = 'z'
67.0038 	DATA 	Keypress: z
67.0059 	EXP 	Created unnamed TextStim = TextStim(__class__=<class 'psychopy.visual.text.TextStim'>, alignHoriz=method-wrapper(...), alignText='center', alignVert=method-wrapper(...), anchorHoriz='center', anchorVert='center', antialias=True, autoDraw=False, autoLog=True, bold=False, color=array([-1, -1, -1]), colorSpace='rgb', contrast=1.0, depth=0, flipHoriz=False, flipVert=False, font='', fontFiles=[], height=50.0, italic=False, languageStyle='LTR', name='unnamed TextStim', opacity=1.0, ori=0.0, pos=array([0., 0.]), rgb=UNKNOWN, text='Poprawnie', units='pix', win=Window(...), wrapWidth=500)
68.0177 	EXP 	unnamed TextStim: height = 25.0
68.0177 	EXP 	unnamed TextStim: height = 25.0
68.0177 	EXP 	unnamed TextStim: height = 25.0
68.0177 	EXP 	unnamed TextStim: text = 'm'
69.5802 	DATA 	Keypress: m
69.5827 	EXP 	Created unnamed TextStim = TextStim(__class__=<class 'psychopy.visual.text.TextStim'>, alignHoriz=method-wrapper(...), alignText='center', alignVert=method-wrapper(...), anchorHoriz='center', anchorVert='center', antialias=True, autoDraw=False, autoLog=True, bold=False, color=array([-1, -1, -1]), colorSpace='rgb', contrast=1.0, depth=0, flipHoriz=False, flipVert=False, font='', fontFiles=[], height=50.0, italic=False, languageStyle='LTR', name='unnamed TextStim', opacity=1.0, ori=0.0, pos=array([0., 0.]), rgb=UNKNOWN, text='Poprawnie', units='pix', win=Window(...), wrapWidth=500)
70.6012 	EXP 	unnamed TextStim: height = 25.0
70.6012 	EXP 	unnamed TextStim: height = 25.0
70.6012 	EXP 	unnamed TextStim: height = 25.0
70.6012 	EXP 	unnamed TextStim: text = 'z'
72.1051 	DATA 	Keypress: z
72.1076 	EXP 	Created unnamed TextStim = TextStim(__class__=<class 'psychopy.visual.text.TextStim'>, alignHoriz=method-wrapper(...), alignText='center', alignVert=method-wrapper(...), anchorHoriz='center', anchorVert='center', antialias=True, autoDraw=False, autoLog=True, bold=False, color=array([-1, -1, -1]), colorSpace='rgb', contrast=1.0, depth=0, flipHoriz=False, flipVert=False, font='', fontFiles=[], height=50.0, italic=False, languageStyle='LTR', name='unnamed TextStim', opacity=1.0, ori=0.0, pos=array([0., 0.]), rgb=UNKNOWN, text='Poprawnie', units='pix', win=Window(...), wrapWidth=500)
73.1179 	EXP 	unnamed TextStim: height = 25.0
73.1179 	EXP 	unnamed TextStim: height = 25.0
73.1179 	EXP 	unnamed TextStim: height = 25.0
73.1179 	EXP 	unnamed TextStim: text = 'm'
74.6289 	DATA 	Keypress: m
74.6312 	EXP 	Created unnamed TextStim = TextStim(__class__=<class 'psychopy.visual.text.TextStim'>, alignHoriz=method-wrapper(...), alignText='center', alignVert=method-wrapper(...), anchorHoriz='center', anchorVert='center', antialias=True, autoDraw=False, autoLog=True, bold=False, color=array([-1, -1, -1]), colorSpace='rgb', contrast=1.0, depth=0, flipHoriz=False, flipVert=False, font='', fontFiles=[], height=50.0, italic=False, languageStyle='LTR', name='unnamed TextStim', opacity=1.0, ori=0.0, pos=array([0., 0.]), rgb=UNKNOWN, text='Poprawnie', units='pix', win=Window(...), wrapWidth=500)
75.6644 	EXP 	Created unnamed TextStim = TextStim(__class__=<class 'psychopy.visual.text.TextStim'>, alignHoriz=method-wrapper(...), alignText='center', alignVert=method-wrapper(...), anchorHoriz='center', anchorVert='center', antialias=True, autoDraw=False, autoLog=True, bold=False, color=array([-1, -1, -1]), colorSpace='rgb', contrast=1.0, depth=0, flipHoriz=False, flipVert=False, font='', fontFiles=[], height=20.0, italic=False, languageStyle='LTR', name='unnamed TextStim', opacity=1.0, ori=0.0, pos=array([0., 0.]), rgb=UNKNOWN, text=str(...), units='pix', win=Window(...), wrapWidth=1536)
78.2686 	DATA 	Keypress: space
78.2849 	EXP 	unnamed TextStim: height = 25.0
78.2849 	EXP 	unnamed TextStim: height = 25.0
78.2849 	EXP 	unnamed TextStim: height = 25.0
78.2849 	EXP 	unnamed TextStim: text = 'n'
79.7371 	DATA 	Keypress: n
79.7439 	EXP 	Created unnamed TextStim = TextStim(__class__=<class 'psychopy.visual.text.TextStim'>, alignHoriz=method-wrapper(...), alignText='center', alignVert=method-wrapper(...), anchorHoriz='center', anchorVert='center', antialias=True, autoDraw=False, autoLog=True, bold=False, color=array([-1, -1, -1]), colorSpace='rgb', contrast=1.0, depth=0, flipHoriz=False, flipVert=False, font='', fontFiles=[], height=50.0, italic=False, languageStyle='LTR', name='unnamed TextStim', opacity=1.0, ori=0.0, pos=array([0., 0.]), rgb=UNKNOWN, text='Poprawnie', units='pix', win=Window(...), wrapWidth=500)
80.7515 	EXP 	unnamed TextStim: text = 'n'
82.1794 	DATA 	Keypress: n
82.1819 	EXP 	Created unnamed TextStim = TextStim(__class__=<class 'psychopy.visual.text.TextStim'>, alignHoriz=method-wrapper(...), alignText='center', alignVert=method-wrapper(...), anchorHoriz='center', anchorVert='center', antialias=True, autoDraw=False, autoLog=True, bold=False, color=array([-1, -1, -1]), colorSpace='rgb', contrast=1.0, depth=0, flipHoriz=False, flipVert=False, font='', fontFiles=[], height=50.0, italic=False, languageStyle='LTR', name='unnamed TextStim', opacity=1.0, ori=0.0, pos=array([0., 0.]), rgb=UNKNOWN, text='Poprawnie', units='pix', win=Window(...), wrapWidth=500)
83.1868 	EXP 	unnamed TextStim: height = 25.0
83.1868 	EXP 	unnamed TextStim: height = 25.0
83.1868 	EXP 	unnamed TextStim: height = 25.0
83.1868 	EXP 	unnamed TextStim: text = 'm'
84.6566 	DATA 	Keypress: m
84.6585 	EXP 	Created unnamed TextStim = TextStim(__class__=<class 'psychopy.visual.text.TextStim'>, alignHoriz=method-wrapper(...), alignText='center', alignVert=method-wrapper(...), anchorHoriz='center', anchorVert='center', antialias=True, autoDraw=False, autoLog=True, bold=False, color=array([-1, -1, -1]), colorSpace='rgb', contrast=1.0, depth=0, flipHoriz=False, flipVert=False, font='', fontFiles=[], height=50.0, italic=False, languageStyle='LTR', name='unnamed TextStim', opacity=1.0, ori=0.0, pos=array([0., 0.]), rgb=UNKNOWN, text='Poprawnie', units='pix', win=Window(...), wrapWidth=500)
85.6684 	EXP 	unnamed TextStim: height = 25.0
85.6684 	EXP 	unnamed TextStim: height = 25.0
85.6684 	EXP 	unnamed TextStim: height = 25.0
85.6684 	EXP 	unnamed TextStim: text = 'z'
87.5834 	DATA 	Keypress: z
87.5856 	EXP 	Created unnamed TextStim = TextStim(__class__=<class 'psychopy.visual.text.TextStim'>, alignHoriz=method-wrapper(...), alignText='center', alignVert=method-wrapper(...), anchorHoriz='center', anchorVert='center', antialias=True, autoDraw=False, autoLog=True, bold=False, color=array([-1, -1, -1]), colorSpace='rgb', contrast=1.0, depth=0, flipHoriz=False, flipVert=False, font='', fontFiles=[], height=50.0, italic=False, languageStyle='LTR', name='unnamed TextStim', opacity=1.0, ori=0.0, pos=array([0., 0.]), rgb=UNKNOWN, text='Poprawnie', units='pix', win=Window(...), wrapWidth=500)
88.6018 	EXP 	unnamed TextStim: height = 25.0
88.6018 	EXP 	unnamed TextStim: height = 25.0
88.6018 	EXP 	unnamed TextStim: height = 25.0
88.6018 	EXP 	unnamed TextStim: text = 'x'
90.0825 	DATA 	Keypress: x
90.0845 	EXP 	Created unnamed TextStim = TextStim(__class__=<class 'psychopy.visual.text.TextStim'>, alignHoriz=method-wrapper(...), alignText='center', alignVert=method-wrapper(...), anchorHoriz='center', anchorVert='center', antialias=True, autoDraw=False, autoLog=True, bold=False, color=array([-1, -1, -1]), colorSpace='rgb', contrast=1.0, depth=0, flipHoriz=False, flipVert=False, font='', fontFiles=[], height=50.0, italic=False, languageStyle='LTR', name='unnamed TextStim', opacity=1.0, ori=0.0, pos=array([0., 0.]), rgb=UNKNOWN, text='Poprawnie', units='pix', win=Window(...), wrapWidth=500)
91.1018 	EXP 	unnamed TextStim: height = 25.0
91.1018 	EXP 	unnamed TextStim: height = 25.0
91.1018 	EXP 	unnamed TextStim: height = 25.0
91.1018 	EXP 	unnamed TextStim: text = 'z'
92.7161 	DATA 	Keypress: z
92.7186 	EXP 	Created unnamed TextStim = TextStim(__class__=<class 'psychopy.visual.text.TextStim'>, alignHoriz=method-wrapper(...), alignText='center', alignVert=method-wrapper(...), anchorHoriz='center', anchorVert='center', antialias=True, autoDraw=False, autoLog=True, bold=False, color=array([-1, -1, -1]), colorSpace='rgb', contrast=1.0, depth=0, flipHoriz=False, flipVert=False, font='', fontFiles=[], height=50.0, italic=False, languageStyle='LTR', name='unnamed TextStim', opacity=1.0, ori=0.0, pos=array([0., 0.]), rgb=UNKNOWN, text='Poprawnie', units='pix', win=Window(...), wrapWidth=500)
93.7352 	EXP 	unnamed TextStim: height = 25.0
93.7352 	EXP 	unnamed TextStim: height = 25.0
93.7352 	EXP 	unnamed TextStim: height = 25.0
93.7352 	EXP 	unnamed TextStim: text = 'x'
95.2406 	DATA 	Keypress: x
95.2432 	EXP 	Created unnamed TextStim = TextStim(__class__=<class 'psychopy.visual.text.TextStim'>, alignHoriz=method-wrapper(...), alignText='center', alignVert=method-wrapper(...), anchorHoriz='center', anchorVert='center', antialias=True, autoDraw=False, autoLog=True, bold=False, color=array([-1, -1, -1]), colorSpace='rgb', contrast=1.0, depth=0, flipHoriz=False, flipVert=False, font='', fontFiles=[], height=50.0, italic=False, languageStyle='LTR', name='unnamed TextStim', opacity=1.0, ori=0.0, pos=array([0., 0.]), rgb=UNKNOWN, text='Poprawnie', units='pix', win=Window(...), wrapWidth=500)
96.2521 	EXP 	unnamed TextStim: height = 25.0
96.2521 	EXP 	unnamed TextStim: height = 25.0
96.2521 	EXP 	unnamed TextStim: height = 25.0
96.2521 	EXP 	unnamed TextStim: text = 'z'
97.6957 	DATA 	Keypress: z
97.6976 	EXP 	Created unnamed TextStim = TextStim(__class__=<class 'psychopy.visual.text.TextStim'>, alignHoriz=method-wrapper(...), alignText='center', alignVert=method-wrapper(...), anchorHoriz='center', anchorVert='center', antialias=True, autoDraw=False, autoLog=True, bold=False, color=array([-1, -1, -1]), colorSpace='rgb', contrast=1.0, depth=0, flipHoriz=False, flipVert=False, font='', fontFiles=[], height=50.0, italic=False, languageStyle='LTR', name='unnamed TextStim', opacity=1.0, ori=0.0, pos=array([0., 0.]), rgb=UNKNOWN, text='Poprawnie', units='pix', win=Window(...), wrapWidth=500)
98.7019 	EXP 	unnamed TextStim: height = 25.0
98.7019 	EXP 	unnamed TextStim: height = 25.0
98.7019 	EXP 	unnamed TextStim: height = 25.0
98.7019 	EXP 	unnamed TextStim: text = 'm'
100.1869 	DATA 	Keypress: m
100.1892 	EXP 	Created unnamed TextStim = TextStim(__class__=<class 'psychopy.visual.text.TextStim'>, alignHoriz=method-wrapper(...), alignText='center', alignVert=method-wrapper(...), anchorHoriz='center', anchorVert='center', antialias=True, autoDraw=False, autoLog=True, bold=False, color=array([-1, -1, -1]), colorSpace='rgb', contrast=1.0, depth=0, flipHoriz=False, flipVert=False, font='', fontFiles=[], height=50.0, italic=False, languageStyle='LTR', name='unnamed TextStim', opacity=1.0, ori=0.0, pos=array([0., 0.]), rgb=UNKNOWN, text='Poprawnie', units='pix', win=Window(...), wrapWidth=500)
101.2023 	EXP 	unnamed TextStim: height = 25.0
101.2023 	EXP 	unnamed TextStim: height = 25.0
101.2023 	EXP 	unnamed TextStim: height = 25.0
101.2023 	EXP 	unnamed TextStim: text = 'x'
102.5836 	DATA 	Keypress: z
102.5879 	EXP 	Created unnamed TextStim = TextStim(__class__=<class 'psychopy.visual.text.TextStim'>, alignHoriz=method-wrapper(...), alignText='center', alignVert=method-wrapper(...), anchorHoriz='center', anchorVert='center', antialias=True, autoDraw=False, autoLog=True, bold=False, color=array([-1, -1, -1]), colorSpace='rgb', contrast=1.0, depth=0, flipHoriz=False, flipVert=False, font='', fontFiles=[], height=50.0, italic=False, languageStyle='LTR', name='unnamed TextStim', opacity=1.0, ori=0.0, pos=array([0., 0.]), rgb=UNKNOWN, text='Niepoprawnie', units='pix', win=Window(...), wrapWidth=500)
103.6161 	EXP 	Created unnamed TextStim = TextStim(__class__=<class 'psychopy.visual.text.TextStim'>, alignHoriz=method-wrapper(...), alignText='center', alignVert=method-wrapper(...), anchorHoriz='center', anchorVert='center', antialias=True, autoDraw=False, autoLog=True, bold=False, color=array([-1, -1, -1]), colorSpace='rgb', contrast=1.0, depth=0, flipHoriz=False, flipVert=False, font='', fontFiles=[], height=20.0, italic=False, languageStyle='LTR', name='unnamed TextStim', opacity=1.0, ori=0.0, pos=array([0., 0.]), rgb=UNKNOWN, text=str(...), units='pix', win=Window(...), wrapWidth=1536)
110.1502 	DATA 	Keypress: space
110.1547 	EXP 	unnamed TextStim: height = 25.0
110.1547 	EXP 	unnamed TextStim: height = 25.0
110.1547 	EXP 	unnamed TextStim: height = 25.0
110.1547 	EXP 	unnamed TextStim: text = 'z'
111.7764 	DATA 	Keypress: z
111.7795 	EXP 	unnamed TextStim: height = 25.0
111.7795 	EXP 	unnamed TextStim: height = 25.0
111.7795 	EXP 	unnamed TextStim: height = 25.0
111.7795 	EXP 	unnamed TextStim: text = 'n'
113.3152 	DATA 	Keypress: n
113.3180 	EXP 	unnamed TextStim: height = 25.0
113.3180 	EXP 	unnamed TextStim: height = 25.0
113.3180 	EXP 	unnamed TextStim: height = 25.0
113.3180 	EXP 	unnamed TextStim: text = 'x'
116.0199 	DATA 	No keypress (maxWait exceeded)
116.0229 	EXP 	unnamed TextStim: height = 25.0
116.0229 	EXP 	unnamed TextStim: height = 25.0
116.0229 	EXP 	unnamed TextStim: height = 25.0
116.0229 	EXP 	unnamed TextStim: text = 'z'
117.6446 	DATA 	Keypress: z
117.6480 	EXP 	unnamed TextStim: height = 25.0
117.6480 	EXP 	unnamed TextStim: height = 25.0
117.6480 	EXP 	unnamed TextStim: height = 25.0
117.6480 	EXP 	unnamed TextStim: text = 'm'
119.1270 	DATA 	Keypress: n
119.1292 	EXP 	unnamed TextStim: height = 25.0
119.1292 	EXP 	unnamed TextStim: height = 25.0
119.1292 	EXP 	unnamed TextStim: height = 25.0
119.1292 	EXP 	unnamed TextStim: text = 'z'
119.2043 	DATA 	Keypress: m
120.7825 	DATA 	Keypress: z
120.9390 	EXP 	Created unnamed ImageStim = ImageStim(__class__=<class 'psychopy.visual.image.ImageStim'>, anchor=('center', 'center'), autoLog=True, color=array([1., 1., 1.]), colorSpace='rgb', contrast=1.0, depth=0, flipHoriz=False, flipVert=False, image='break.jpg', interpolate=True, mask=None, maskParams=None, name='unnamed ImageStim', opacity=1.0, ori=0.0, pos=array([0., 0.]), size=array([1536.,  864.]), texRes=128, units='pix', win=Window(...))
122.5257 	DATA 	Keypress: space
122.5362 	EXP 	unnamed TextStim: height = 25.0
122.5362 	EXP 	unnamed TextStim: height = 25.0
122.5362 	EXP 	unnamed TextStim: height = 25.0
122.5362 	EXP 	unnamed TextStim: text = 'm'
123.9909 	DATA 	Keypress: n
123.9923 	EXP 	unnamed TextStim: text = 'm'
125.4244 	DATA 	Keypress: m
125.4267 	EXP 	unnamed TextStim: height = 25.0
125.4267 	EXP 	unnamed TextStim: height = 25.0
125.4267 	EXP 	unnamed TextStim: height = 25.0
125.4267 	EXP 	unnamed TextStim: text = 'n'
127.0102 	DATA 	Keypress: n
127.0128 	EXP 	unnamed TextStim: height = 25.0
127.0128 	EXP 	unnamed TextStim: height = 25.0
127.0128 	EXP 	unnamed TextStim: height = 25.0
127.0128 	EXP 	unnamed TextStim: text = 'z'
128.4896 	DATA 	Keypress: z
128.4909 	EXP 	unnamed TextStim: text = 'z'
129.9678 	DATA 	Keypress: z
129.9701 	EXP 	unnamed TextStim: height = 25.0
129.9701 	EXP 	unnamed TextStim: height = 25.0
129.9701 	EXP 	unnamed TextStim: height = 25.0
129.9701 	EXP 	unnamed TextStim: text = 'x'
131.4983 	DATA 	Keypress: x
131.6288 	EXP 	Created unnamed ImageStim = ImageStim(__class__=<class 'psychopy.visual.image.ImageStim'>, anchor=('center', 'center'), autoLog=True, color=array([1., 1., 1.]), colorSpace='rgb', contrast=1.0, depth=0, flipHoriz=False, flipVert=False, image='break.jpg', interpolate=True, mask=None, maskParams=None, name='unnamed ImageStim', opacity=1.0, ori=0.0, pos=array([0., 0.]), size=array([1536.,  864.]), texRes=128, units='pix', win=Window(...))
132.4118 	DATA 	Keypress: space
132.4199 	EXP 	unnamed TextStim: height = 25.0
132.4199 	EXP 	unnamed TextStim: height = 25.0
132.4199 	EXP 	unnamed TextStim: height = 25.0
132.4199 	EXP 	unnamed TextStim: text = 'n'
133.9868 	DATA 	Keypress: n
133.9890 	EXP 	unnamed TextStim: height = 25.0
133.9890 	EXP 	unnamed TextStim: height = 25.0
133.9890 	EXP 	unnamed TextStim: height = 25.0
133.9890 	EXP 	unnamed TextStim: text = 'z'
135.5266 	DATA 	Keypress: z
135.5287 	EXP 	unnamed TextStim: height = 25.0
135.5287 	EXP 	unnamed TextStim: height = 25.0
135.5287 	EXP 	unnamed TextStim: height = 25.0
135.5287 	EXP 	unnamed TextStim: text = 'm'
136.9626 	DATA 	Keypress: m
136.9649 	EXP 	unnamed TextStim: height = 25.0
136.9649 	EXP 	unnamed TextStim: height = 25.0
136.9649 	EXP 	unnamed TextStim: height = 25.0
136.9649 	EXP 	unnamed TextStim: text = 'z'
138.4523 	DATA 	Keypress: z
138.4546 	EXP 	unnamed TextStim: height = 25.0
138.4546 	EXP 	unnamed TextStim: height = 25.0
138.4546 	EXP 	unnamed TextStim: height = 25.0
138.4546 	EXP 	unnamed TextStim: text = 'n'
139.8945 	DATA 	Keypress: n
139.8966 	EXP 	unnamed TextStim: height = 25.0
139.8966 	EXP 	unnamed TextStim: height = 25.0
139.8966 	EXP 	unnamed TextStim: height = 25.0
139.8966 	EXP 	unnamed TextStim: text = 'm'
141.3526 	DATA 	Keypress: m
141.4719 	EXP 	Created unnamed ImageStim = ImageStim(__class__=<class 'psychopy.visual.image.ImageStim'>, anchor=('center', 'center'), autoLog=True, color=array([1., 1., 1.]), colorSpace='rgb', contrast=1.0, depth=0, flipHoriz=False, flipVert=False, image='break.jpg', interpolate=True, mask=None, maskParams=None, name='unnamed ImageStim', opacity=1.0, ori=0.0, pos=array([0., 0.]), size=array([1536.,  864.]), texRes=128, units='pix', win=Window(...))
142.1750 	DATA 	Keypress: space
142.1872 	EXP 	unnamed TextStim: height = 25.0
142.1872 	EXP 	unnamed TextStim: height = 25.0
142.1872 	EXP 	unnamed TextStim: height = 25.0
142.1872 	EXP 	unnamed TextStim: text = 'x'
144.5237 	DATA 	Keypress: x
144.5259 	EXP 	unnamed TextStim: height = 25.0
144.5259 	EXP 	unnamed TextStim: height = 25.0
144.5259 	EXP 	unnamed TextStim: height = 25.0
144.5259 	EXP 	unnamed TextStim: text = 'm'
146.2714 	DATA 	Keypress: m
146.2750 	EXP 	unnamed TextStim: height = 25.0
146.2750 	EXP 	unnamed TextStim: height = 25.0
146.2750 	EXP 	unnamed TextStim: height = 25.0
146.2750 	EXP 	unnamed TextStim: text = 'x'
147.8320 	DATA 	Keypress: x
147.8365 	EXP 	unnamed TextStim: height = 25.0
147.8365 	EXP 	unnamed TextStim: height = 25.0
147.8365 	EXP 	unnamed TextStim: height = 25.0
147.8365 	EXP 	unnamed TextStim: text = 'n'
149.4388 	DATA 	Keypress: n
149.4409 	EXP 	unnamed TextStim: height = 25.0
149.4409 	EXP 	unnamed TextStim: height = 25.0
149.4409 	EXP 	unnamed TextStim: height = 25.0
149.4409 	EXP 	unnamed TextStim: text = 'x'
151.3152 	DATA 	Keypress: z
151.3163 	EXP 	unnamed TextStim: text = 'x'
152.9893 	DATA 	Keypress: x
153.1410 	EXP 	Created unnamed ImageStim = ImageStim(__class__=<class 'psychopy.visual.image.ImageStim'>, anchor=('center', 'center'), autoLog=True, color=array([1., 1., 1.]), colorSpace='rgb', contrast=1.0, depth=0, flipHoriz=False, flipVert=False, image='break.jpg', interpolate=True, mask=None, maskParams=None, name='unnamed ImageStim', opacity=1.0, ori=0.0, pos=array([0., 0.]), size=array([1536.,  864.]), texRes=128, units='pix', win=Window(...))
153.8490 	DATA 	Keypress: space
153.8541 	EXP 	unnamed TextStim: height = 25.0
153.8541 	EXP 	unnamed TextStim: height = 25.0
153.8541 	EXP 	unnamed TextStim: height = 25.0
153.8541 	EXP 	unnamed TextStim: text = 'm'
155.2541 	DATA 	Keypress: m
155.2564 	EXP 	unnamed TextStim: height = 25.0
155.2564 	EXP 	unnamed TextStim: height = 25.0
155.2564 	EXP 	unnamed TextStim: height = 25.0
155.2564 	EXP 	unnamed TextStim: text = 'z'
157.6567 	DATA 	Keypress: m
157.6590 	EXP 	unnamed TextStim: height = 25.0
157.6590 	EXP 	unnamed TextStim: height = 25.0
157.6590 	EXP 	unnamed TextStim: height = 25.0
157.6590 	EXP 	unnamed TextStim: text = 'n'
159.1307 	DATA 	Keypress: n
159.1329 	EXP 	unnamed TextStim: height = 25.0
159.1329 	EXP 	unnamed TextStim: height = 25.0
159.1329 	EXP 	unnamed TextStim: height = 25.0
159.1329 	EXP 	unnamed TextStim: text = 'x'
160.7238 	DATA 	Keypress: x
160.7260 	EXP 	unnamed TextStim: height = 25.0
160.7260 	EXP 	unnamed TextStim: height = 25.0
160.7260 	EXP 	unnamed TextStim: height = 25.0
160.7260 	EXP 	unnamed TextStim: text = 'm'
162.1511 	DATA 	Keypress: m
162.1532 	EXP 	unnamed TextStim: height = 25.0
162.1532 	EXP 	unnamed TextStim: height = 25.0
162.1532 	EXP 	unnamed TextStim: height = 25.0
162.1532 	EXP 	unnamed TextStim: text = 'x'
163.6385 	DATA 	Keypress: x
163.7877 	EXP 	Created unnamed ImageStim = ImageStim(__class__=<class 'psychopy.visual.image.ImageStim'>, anchor=('center', 'center'), autoLog=True, color=array([1., 1., 1.]), colorSpace='rgb', contrast=1.0, depth=0, flipHoriz=False, flipVert=False, image='break.jpg', interpolate=True, mask=None, maskParams=None, name='unnamed ImageStim', opacity=1.0, ori=0.0, pos=array([0., 0.]), size=array([1536.,  864.]), texRes=128, units='pix', win=Window(...))
164.5695 	DATA 	Keypress: space
164.5767 	EXP 	unnamed TextStim: height = 25.0
164.5767 	EXP 	unnamed TextStim: height = 25.0
164.5767 	EXP 	unnamed TextStim: height = 25.0
164.5767 	EXP 	unnamed TextStim: text = 'z'
166.6180 	DATA 	Keypress: x
166.6202 	EXP 	unnamed TextStim: height = 25.0
166.6202 	EXP 	unnamed TextStim: height = 25.0
166.6202 	EXP 	unnamed TextStim: height = 25.0
166.6202 	EXP 	unnamed TextStim: text = 'x'
168.3689 	DATA 	Keypress: z
168.3700 	EXP 	unnamed TextStim: text = 'x'
170.3021 	DATA 	Keypress: x
170.3043 	EXP 	unnamed TextStim: height = 25.0
170.3043 	EXP 	unnamed TextStim: height = 25.0
170.3043 	EXP 	unnamed TextStim: height = 25.0
170.3043 	EXP 	unnamed TextStim: text = 'n'
172.0694 	DATA 	Keypress: x
172.0716 	EXP 	unnamed TextStim: height = 25.0
172.0716 	EXP 	unnamed TextStim: height = 25.0
172.0716 	EXP 	unnamed TextStim: height = 25.0
172.0716 	EXP 	unnamed TextStim: text = 'z'
173.5863 	DATA 	Keypress: z
173.5886 	EXP 	unnamed TextStim: height = 25.0
173.5886 	EXP 	unnamed TextStim: height = 25.0
173.5886 	EXP 	unnamed TextStim: height = 25.0
173.5886 	EXP 	unnamed TextStim: text = 'n'
175.4105 	DATA 	Keypress: m
175.5580 	EXP 	Created unnamed ImageStim = ImageStim(__class__=<class 'psychopy.visual.image.ImageStim'>, anchor=('center', 'center'), autoLog=True, color=array([1., 1., 1.]), colorSpace='rgb', contrast=1.0, depth=0, flipHoriz=False, flipVert=False, image='break.jpg', interpolate=True, mask=None, maskParams=None, name='unnamed ImageStim', opacity=1.0, ori=0.0, pos=array([0., 0.]), size=array([1536.,  864.]), texRes=128, units='pix', win=Window(...))
176.1787 	DATA 	Keypress: space
176.1882 	EXP 	unnamed TextStim: text = 'n'
177.6267 	DATA 	Keypress: n
177.6291 	EXP 	unnamed TextStim: height = 25.0
177.6291 	EXP 	unnamed TextStim: height = 25.0
177.6291 	EXP 	unnamed TextStim: height = 25.0
177.6291 	EXP 	unnamed TextStim: text = 'm'
179.0860 	DATA 	Keypress: m
179.0872 	EXP 	unnamed TextStim: text = 'm'
180.5400 	DATA 	Keypress: m
180.5421 	EXP 	unnamed TextStim: height = 25.0
180.5421 	EXP 	unnamed TextStim: height = 25.0
180.5421 	EXP 	unnamed TextStim: height = 25.0
180.5421 	EXP 	unnamed TextStim: text = 'z'
182.0981 	DATA 	Keypress: z
182.1004 	EXP 	unnamed TextStim: height = 25.0
182.1004 	EXP 	unnamed TextStim: height = 25.0
182.1004 	EXP 	unnamed TextStim: height = 25.0
182.1004 	EXP 	unnamed TextStim: text = 'm'
183.5292 	DATA 	Keypress: m
183.5313 	EXP 	unnamed TextStim: height = 25.0
183.5313 	EXP 	unnamed TextStim: height = 25.0
183.5313 	EXP 	unnamed TextStim: height = 25.0
183.5313 	EXP 	unnamed TextStim: text = 'x'
185.0248 	DATA 	Keypress: x
185.1745 	EXP 	Created unnamed ImageStim = ImageStim(__class__=<class 'psychopy.visual.image.ImageStim'>, anchor=('center', 'center'), autoLog=True, color=array([1., 1., 1.]), colorSpace='rgb', contrast=1.0, depth=0, flipHoriz=False, flipVert=False, image='break.jpg', interpolate=True, mask=None, maskParams=None, name='unnamed ImageStim', opacity=1.0, ori=0.0, pos=array([0., 0.]), size=array([1536.,  864.]), texRes=128, units='pix', win=Window(...))
186.0772 	DATA 	Keypress: space
186.0888 	EXP 	unnamed TextStim: height = 25.0
186.0888 	EXP 	unnamed TextStim: height = 25.0
186.0888 	EXP 	unnamed TextStim: height = 25.0
186.0888 	EXP 	unnamed TextStim: text = 'n'
187.5591 	DATA 	Keypress: n
187.5612 	EXP 	unnamed TextStim: height = 25.0
187.5612 	EXP 	unnamed TextStim: height = 25.0
187.5612 	EXP 	unnamed TextStim: height = 25.0
187.5612 	EXP 	unnamed TextStim: text = 'z'
189.1246 	DATA 	Keypress: z
189.1257 	EXP 	unnamed TextStim: text = 'z'
190.6420 	DATA 	Keypress: z
190.6442 	EXP 	unnamed TextStim: height = 25.0
190.6442 	EXP 	unnamed TextStim: height = 25.0
190.6442 	EXP 	unnamed TextStim: height = 25.0
190.6442 	EXP 	unnamed TextStim: text = 'n'
192.0823 	DATA 	Keypress: n
192.0847 	EXP 	unnamed TextStim: height = 25.0
192.0847 	EXP 	unnamed TextStim: height = 25.0
192.0847 	EXP 	unnamed TextStim: height = 25.0
192.0847 	EXP 	unnamed TextStim: text = 'm'
193.4804 	DATA 	Keypress: m
193.4825 	EXP 	unnamed TextStim: height = 25.0
193.4825 	EXP 	unnamed TextStim: height = 25.0
193.4825 	EXP 	unnamed TextStim: height = 25.0
193.4825 	EXP 	unnamed TextStim: text = 'x'
195.0284 	DATA 	Keypress: x
195.1646 	EXP 	Created unnamed ImageStim = ImageStim(__class__=<class 'psychopy.visual.image.ImageStim'>, anchor=('center', 'center'), autoLog=True, color=array([1., 1., 1.]), colorSpace='rgb', contrast=1.0, depth=0, flipHoriz=False, flipVert=False, image='break.jpg', interpolate=True, mask=None, maskParams=None, name='unnamed ImageStim', opacity=1.0, ori=0.0, pos=array([0., 0.]), size=array([1536.,  864.]), texRes=128, units='pix', win=Window(...))
197.7874 	DATA 	Keypress: space
197.7904 	EXP 	unnamed TextStim: height = 25.0
197.7904 	EXP 	unnamed TextStim: height = 25.0
197.7904 	EXP 	unnamed TextStim: height = 25.0
197.7904 	EXP 	unnamed TextStim: text = 'z'
199.3429 	DATA 	Keypress: n
199.3451 	EXP 	unnamed TextStim: height = 25.0
199.3451 	EXP 	unnamed TextStim: height = 25.0
199.3451 	EXP 	unnamed TextStim: height = 25.0
199.3451 	EXP 	unnamed TextStim: text = 'x'
200.8409 	DATA 	Keypress: x
200.8430 	EXP 	unnamed TextStim: height = 25.0
200.8430 	EXP 	unnamed TextStim: height = 25.0
200.8430 	EXP 	unnamed TextStim: height = 25.0
200.8430 	EXP 	unnamed TextStim: text = 'z'
202.6216 	DATA 	Keypress: z
202.6263 	EXP 	unnamed TextStim: height = 25.0
202.6263 	EXP 	unnamed TextStim: height = 25.0
202.6263 	EXP 	unnamed TextStim: height = 25.0
202.6263 	EXP 	unnamed TextStim: text = 'x'
204.1635 	DATA 	Keypress: x
204.1658 	EXP 	unnamed TextStim: height = 25.0
204.1658 	EXP 	unnamed TextStim: height = 25.0
204.1658 	EXP 	unnamed TextStim: height = 25.0
204.1658 	EXP 	unnamed TextStim: text = 'm'
205.6817 	DATA 	Keypress: m
205.6838 	EXP 	unnamed TextStim: height = 25.0
205.6838 	EXP 	unnamed TextStim: height = 25.0
205.6838 	EXP 	unnamed TextStim: height = 25.0
205.6838 	EXP 	unnamed TextStim: text = 'z'
207.1467 	DATA 	Keypress: z
207.2795 	EXP 	Created unnamed ImageStim = ImageStim(__class__=<class 'psychopy.visual.image.ImageStim'>, anchor=('center', 'center'), autoLog=True, color=array([1., 1., 1.]), colorSpace='rgb', contrast=1.0, depth=0, flipHoriz=False, flipVert=False, image='break.jpg', interpolate=True, mask=None, maskParams=None, name='unnamed ImageStim', opacity=1.0, ori=0.0, pos=array([0., 0.]), size=array([1536.,  864.]), texRes=128, units='pix', win=Window(...))
208.0787 	DATA 	Keypress: space
208.0897 	EXP 	unnamed TextStim: height = 25.0
208.0897 	EXP 	unnamed TextStim: height = 25.0
208.0897 	EXP 	unnamed TextStim: height = 25.0
208.0897 	EXP 	unnamed TextStim: text = 'x'
209.8285 	DATA 	Keypress: n
209.8297 	EXP 	unnamed TextStim: text = 'x'
211.8057 	DATA 	Keypress: n
211.8079 	EXP 	unnamed TextStim: height = 25.0
211.8079 	EXP 	unnamed TextStim: height = 25.0
211.8079 	EXP 	unnamed TextStim: height = 25.0
211.8079 	EXP 	unnamed TextStim: text = 'n'
213.8641 	DATA 	Keypress: n
213.8664 	EXP 	unnamed TextStim: height = 25.0
213.8664 	EXP 	unnamed TextStim: height = 25.0
213.8664 	EXP 	unnamed TextStim: height = 25.0
213.8664 	EXP 	unnamed TextStim: text = 'm'
215.6485 	DATA 	Keypress: z
215.6507 	EXP 	unnamed TextStim: height = 25.0
215.6507 	EXP 	unnamed TextStim: height = 25.0
215.6507 	EXP 	unnamed TextStim: height = 25.0
215.6507 	EXP 	unnamed TextStim: text = 'x'
217.2860 	DATA 	Keypress: x
217.2882 	EXP 	unnamed TextStim: height = 25.0
217.2882 	EXP 	unnamed TextStim: height = 25.0
217.2882 	EXP 	unnamed TextStim: height = 25.0
217.2882 	EXP 	unnamed TextStim: text = 'm'
217.9073 	DATA 	Keypress: x
219.3919 	DATA 	Keypress: z
219.5626 	EXP 	Created unnamed ImageStim = ImageStim(__class__=<class 'psychopy.visual.image.ImageStim'>, anchor=('center', 'center'), autoLog=True, color=array([1., 1., 1.]), colorSpace='rgb', contrast=1.0, depth=0, flipHoriz=False, flipVert=False, image='break.jpg', interpolate=True, mask=None, maskParams=None, name='unnamed ImageStim', opacity=1.0, ori=0.0, pos=array([0., 0.]), size=array([1536.,  864.]), texRes=128, units='pix', win=Window(...))
220.2344 	DATA 	Keypress: space
220.2420 	EXP 	unnamed TextStim: height = 25.0
220.2420 	EXP 	unnamed TextStim: height = 25.0
220.2420 	EXP 	unnamed TextStim: height = 25.0
220.2420 	EXP 	unnamed TextStim: text = 'n'
221.8450 	DATA 	Keypress: n
221.8461 	EXP 	unnamed TextStim: text = 'n'
223.3005 	DATA 	Keypress: n
223.3027 	EXP 	unnamed TextStim: height = 25.0
223.3027 	EXP 	unnamed TextStim: height = 25.0
223.3027 	EXP 	unnamed TextStim: height = 25.0
223.3027 	EXP 	unnamed TextStim: text = 'm'
224.7348 	DATA 	Keypress: m
224.7372 	EXP 	unnamed TextStim: height = 25.0
224.7372 	EXP 	unnamed TextStim: height = 25.0
224.7372 	EXP 	unnamed TextStim: height = 25.0
224.7372 	EXP 	unnamed TextStim: text = 'x'
226.7611 	DATA 	Keypress: x
226.7622 	EXP 	unnamed TextStim: text = 'x'
228.6692 	DATA 	Keypress: z
228.6703 	EXP 	unnamed TextStim: text = 'x'
230.6109 	DATA 	Keypress: x
230.7727 	EXP 	Created unnamed ImageStim = ImageStim(__class__=<class 'psychopy.visual.image.ImageStim'>, anchor=('center', 'center'), autoLog=True, color=array([1., 1., 1.]), colorSpace='rgb', contrast=1.0, depth=0, flipHoriz=False, flipVert=False, image='break.jpg', interpolate=True, mask=None, maskParams=None, name='unnamed ImageStim', opacity=1.0, ori=0.0, pos=array([0., 0.]), size=array([1536.,  864.]), texRes=128, units='pix', win=Window(...))
231.4088 	DATA 	Keypress: space
231.4230 	EXP 	Created unnamed TextStim = TextStim(__class__=<class 'psychopy.visual.text.TextStim'>, alignHoriz=method-wrapper(...), alignText='center', alignVert=method-wrapper(...), anchorHoriz='center', anchorVert='center', antialias=True, autoDraw=False, autoLog=True, bold=False, color=array([-1, -1, -1]), colorSpace='rgb', contrast=1.0, depth=0, flipHoriz=False, flipVert=False, font='', fontFiles=[], height=20.0, italic=False, languageStyle='LTR', name='unnamed TextStim', opacity=1.0, ori=0.0, pos=array([0., 0.]), rgb=UNKNOWN, text=str(...), units='pix', win=Window(...), wrapWidth=1536)
232.9079 	DATA 	Keypress: space
233.0007 	EXP 	window1: mouseVisible = True
