9.2519 	WARNING 	User requested fullscreen with size [1536  864], but screen is actually [1920, 1080]. Using actual size
10.5186 	INFO 	FRAME RATE: 60
10.5186 	INFO 	SCREEN RES: odict_values([1536, 864])
10.5779 	EXP 	Created unnamed TextStim = TextStim(__class__=<class 'psychopy.visual.text.TextStim'>, alignHoriz=method-wrapper(...), alignText='center', alignVert=method-wrapper(...), anchorHoriz='center', anchorVert='center', antialias=True, autoDraw=False, autoLog=True, bold=False, color=array([-1, -1, -1]), colorSpace='rgb', contrast=1.0, depth=0, flipHoriz=False, flipVert=False, font='', fontFiles=[], height=100.0, italic=False, languageStyle='LTR', name='unnamed TextStim', opacity=1.0, ori=0.0, pos=array([0., 0.]), rgb=UNKNOWN, text='+', units='pix', win=Window(...), wrapWidth=500)
10.5813 	EXP 	Created unnamed Circle = Circle(__class__=<class 'psychopy.visual.circle.Circle'>, anchor=('center', 'center'), autoDraw=False, autoLog=True, closeShape=True, color=method-wrapper(...), colorSpace='rgb', contrast=None, depth=0, fillColor=array([ 0.09019608, -1.        , -1.        ]), fillColorSpace='rgb', fillRGB=array([ 0.09019608, -1.        , -1.        ]), interpolate=True, lineColor=array([ 0.09019608, -1.        , -1.        ]), lineColorSpace='rgb', lineRGB=array([ 0.09019608, -1.        , -1.        ]), lineWidth=1.5, name='unnamed Circle', opacity=1.0, ori=0.0, pos=array([0., 0.]), size=array([1., 1.]), units='pix', vertices=ndarray(...), win=Window(...))
10.5824 	EXP 	Created unnamed TextStim = TextStim(__class__=<class 'psychopy.visual.text.TextStim'>, alignHoriz=method-wrapper(...), alignText='center', alignVert=method-wrapper(...), anchorHoriz='center', anchorVert='center', antialias=True, autoDraw=False, autoLog=True, bold=False, color=array([-0.17647059, -0.17647059, -0.17647059]), colorSpace='rgb', contrast=1.0, depth=0, flipHoriz=False, flipVert=False, font='', fontFiles=[], height=25, italic=False, languageStyle='LTR', name='unnamed TextStim', opacity=1.0, ori=0.0, pos=array([0., 0.]), rgb=UNKNOWN, text='', units='pix', win=Window(...), wrapWidth=500)
10.5920 	EXP 	Created unnamed ImageStim = ImageStim(__class__=<class 'psychopy.visual.image.ImageStim'>, anchor=('center', 'center'), autoLog=True, color=array([1., 1., 1.]), colorSpace='rgb', contrast=1.0, depth=0, flipHoriz=False, flipVert=False, image='mask4.png', interpolate=False, mask=None, maskParams=None, name='unnamed ImageStim', opacity=1.0, ori=0.0, pos=array([0., 0.]), size=array([25., 25.]), texRes=128, units='pix', win=Window(...))
10.5996 	EXP 	Created unnamed TextStim = TextStim(__class__=<class 'psychopy.visual.text.TextStim'>, alignHoriz=method-wrapper(...), alignText='center', alignVert=method-wrapper(...), anchorHoriz='center', anchorVert='center', antialias=True, autoDraw=False, autoLog=True, bold=False, color=array([-1, -1, -1]), colorSpace='rgb', contrast=1.0, depth=0, flipHoriz=False, flipVert=False, font='', fontFiles=[], height=30.0, italic=False, languageStyle='LTR', name='unnamed TextStim', opacity=1.0, ori=0.0, pos=array([ 100., -300.]), rgb=UNKNOWN, text=str(...), units='pix', win=Window(...), wrapWidth=10000)
10.6041 	EXP 	Created unnamed TextStim = TextStim(__class__=<class 'psychopy.visual.text.TextStim'>, alignHoriz=method-wrapper(...), alignText='center', alignVert=method-wrapper(...), anchorHoriz='center', anchorVert='center', antialias=True, autoDraw=False, autoLog=True, bold=False, color=array([-1, -1, -1]), colorSpace='rgb', contrast=1.0, depth=0, flipHoriz=False, flipVert=False, font='', fontFiles=[], height=30.0, italic=False, languageStyle='LTR', name='unnamed TextStim', opacity=1.0, ori=0.0, pos=array([ 100., -330.]), rgb=UNKNOWN, text=str(...), units='pix', win=Window(...), wrapWidth=10000)
10.6448 	EXP 	Created unnamed TextStim = TextStim(__class__=<class 'psychopy.visual.text.TextStim'>, alignHoriz=method-wrapper(...), alignText='center', alignVert=method-wrapper(...), anchorHoriz='center', anchorVert='center', antialias=True, autoDraw=False, autoLog=True, bold=False, color=array([-1, -1, -1]), colorSpace='rgb', contrast=1.0, depth=0, flipHoriz=False, flipVert=False, font='', fontFiles=[], height=20.0, italic=False, languageStyle='LTR', name='unnamed TextStim', opacity=1.0, ori=0.0, pos=array([0., 0.]), rgb=UNKNOWN, text=str(...), units='pix', win=Window(...), wrapWidth=1536)
33.5952 	DATA 	Keypress: space
33.6003 	EXP 	unnamed TextStim: height = 25.0
33.6003 	EXP 	unnamed TextStim: height = 25.0
33.6003 	EXP 	unnamed TextStim: height = 25.0
33.6003 	EXP 	unnamed TextStim: text = 'z'
35.8800 	DATA 	Keypress: z
35.8886 	EXP 	Created unnamed TextStim = TextStim(__class__=<class 'psychopy.visual.text.TextStim'>, alignHoriz=method-wrapper(...), alignText='center', alignVert=method-wrapper(...), anchorHoriz='center', anchorVert='center', antialias=True, autoDraw=False, autoLog=True, bold=False, color=array([-1, -1, -1]), colorSpace='rgb', contrast=1.0, depth=0, flipHoriz=False, flipVert=False, font='', fontFiles=[], height=50.0, italic=False, languageStyle='LTR', name='unnamed TextStim', opacity=1.0, ori=0.0, pos=array([0., 0.]), rgb=UNKNOWN, text='Poprawnie', units='pix', win=Window(...), wrapWidth=500)
36.8990 	EXP 	unnamed TextStim: height = 25.0
36.8990 	EXP 	unnamed TextStim: height = 25.0
36.8990 	EXP 	unnamed TextStim: height = 25.0
36.8990 	EXP 	unnamed TextStim: text = 'x'
38.7326 	DATA 	Keypress: x
38.7347 	EXP 	Created unnamed TextStim = TextStim(__class__=<class 'psychopy.visual.text.TextStim'>, alignHoriz=method-wrapper(...), alignText='center', alignVert=method-wrapper(...), anchorHoriz='center', anchorVert='center', antialias=True, autoDraw=False, autoLog=True, bold=False, color=array([-1, -1, -1]), colorSpace='rgb', contrast=1.0, depth=0, flipHoriz=False, flipVert=False, font='', fontFiles=[], height=50.0, italic=False, languageStyle='LTR', name='unnamed TextStim', opacity=1.0, ori=0.0, pos=array([0., 0.]), rgb=UNKNOWN, text='Poprawnie', units='pix', win=Window(...), wrapWidth=500)
39.7489 	EXP 	unnamed TextStim: height = 25.0
39.7489 	EXP 	unnamed TextStim: height = 25.0
39.7489 	EXP 	unnamed TextStim: height = 25.0
39.7489 	EXP 	unnamed TextStim: text = 'n'
41.6187 	DATA 	Keypress: n
41.6206 	EXP 	Created unnamed TextStim = TextStim(__class__=<class 'psychopy.visual.text.TextStim'>, alignHoriz=method-wrapper(...), alignText='center', alignVert=method-wrapper(...), anchorHoriz='center', anchorVert='center', antialias=True, autoDraw=False, autoLog=True, bold=False, color=array([-1, -1, -1]), colorSpace='rgb', contrast=1.0, depth=0, flipHoriz=False, flipVert=False, font='', fontFiles=[], height=50.0, italic=False, languageStyle='LTR', name='unnamed TextStim', opacity=1.0, ori=0.0, pos=array([0., 0.]), rgb=UNKNOWN, text='Poprawnie', units='pix', win=Window(...), wrapWidth=500)
42.6324 	EXP 	unnamed TextStim: text = 'n'
44.2069 	DATA 	Keypress: n
44.2090 	EXP 	Created unnamed TextStim = TextStim(__class__=<class 'psychopy.visual.text.TextStim'>, alignHoriz=method-wrapper(...), alignText='center', alignVert=method-wrapper(...), anchorHoriz='center', anchorVert='center', antialias=True, autoDraw=False, autoLog=True, bold=False, color=array([-1, -1, -1]), colorSpace='rgb', contrast=1.0, depth=0, flipHoriz=False, flipVert=False, font='', fontFiles=[], height=50.0, italic=False, languageStyle='LTR', name='unnamed TextStim', opacity=1.0, ori=0.0, pos=array([0., 0.]), rgb=UNKNOWN, text='Poprawnie', units='pix', win=Window(...), wrapWidth=500)
45.2158 	EXP 	unnamed TextStim: text = 'n'
46.7983 	DATA 	Keypress: m
46.8015 	EXP 	Created unnamed TextStim = TextStim(__class__=<class 'psychopy.visual.text.TextStim'>, alignHoriz=method-wrapper(...), alignText='center', alignVert=method-wrapper(...), anchorHoriz='center', anchorVert='center', antialias=True, autoDraw=False, autoLog=True, bold=False, color=array([-1, -1, -1]), colorSpace='rgb', contrast=1.0, depth=0, flipHoriz=False, flipVert=False, font='', fontFiles=[], height=50.0, italic=False, languageStyle='LTR', name='unnamed TextStim', opacity=1.0, ori=0.0, pos=array([0., 0.]), rgb=UNKNOWN, text='Niepoprawnie', units='pix', win=Window(...), wrapWidth=500)
47.8160 	EXP 	unnamed TextStim: height = 25.0
47.8160 	EXP 	unnamed TextStim: height = 25.0
47.8160 	EXP 	unnamed TextStim: height = 25.0
47.8160 	EXP 	unnamed TextStim: text = 'z'
49.1835 	DATA 	Keypress: z
49.1885 	EXP 	Created unnamed TextStim = TextStim(__class__=<class 'psychopy.visual.text.TextStim'>, alignHoriz=method-wrapper(...), alignText='center', alignVert=method-wrapper(...), anchorHoriz='center', anchorVert='center', antialias=True, autoDraw=False, autoLog=True, bold=False, color=array([-1, -1, -1]), colorSpace='rgb', contrast=1.0, depth=0, flipHoriz=False, flipVert=False, font='', fontFiles=[], height=50.0, italic=False, languageStyle='LTR', name='unnamed TextStim', opacity=1.0, ori=0.0, pos=array([0., 0.]), rgb=UNKNOWN, text='Poprawnie', units='pix', win=Window(...), wrapWidth=500)
50.2161 	EXP 	unnamed TextStim: text = 'z'
51.7746 	DATA 	Keypress: z
51.7770 	EXP 	Created unnamed TextStim = TextStim(__class__=<class 'psychopy.visual.text.TextStim'>, alignHoriz=method-wrapper(...), alignText='center', alignVert=method-wrapper(...), anchorHoriz='center', anchorVert='center', antialias=True, autoDraw=False, autoLog=True, bold=False, color=array([-1, -1, -1]), colorSpace='rgb', contrast=1.0, depth=0, flipHoriz=False, flipVert=False, font='', fontFiles=[], height=50.0, italic=False, languageStyle='LTR', name='unnamed TextStim', opacity=1.0, ori=0.0, pos=array([0., 0.]), rgb=UNKNOWN, text='Poprawnie', units='pix', win=Window(...), wrapWidth=500)
52.7829 	EXP 	unnamed TextStim: height = 25.0
52.7829 	EXP 	unnamed TextStim: height = 25.0
52.7829 	EXP 	unnamed TextStim: height = 25.0
52.7829 	EXP 	unnamed TextStim: text = 'm'
54.5517 	DATA 	Keypress: m
54.5542 	EXP 	Created unnamed TextStim = TextStim(__class__=<class 'psychopy.visual.text.TextStim'>, alignHoriz=method-wrapper(...), alignText='center', alignVert=method-wrapper(...), anchorHoriz='center', anchorVert='center', antialias=True, autoDraw=False, autoLog=True, bold=False, color=array([-1, -1, -1]), colorSpace='rgb', contrast=1.0, depth=0, flipHoriz=False, flipVert=False, font='', fontFiles=[], height=50.0, italic=False, languageStyle='LTR', name='unnamed TextStim', opacity=1.0, ori=0.0, pos=array([0., 0.]), rgb=UNKNOWN, text='Poprawnie', units='pix', win=Window(...), wrapWidth=500)
55.5663 	EXP 	unnamed TextStim: height = 25.0
55.5663 	EXP 	unnamed TextStim: height = 25.0
55.5663 	EXP 	unnamed TextStim: height = 25.0
55.5663 	EXP 	unnamed TextStim: text = 'n'
57.2933 	DATA 	Keypress: n
57.2952 	EXP 	Created unnamed TextStim = TextStim(__class__=<class 'psychopy.visual.text.TextStim'>, alignHoriz=method-wrapper(...), alignText='center', alignVert=method-wrapper(...), anchorHoriz='center', anchorVert='center', antialias=True, autoDraw=False, autoLog=True, bold=False, color=array([-1, -1, -1]), colorSpace='rgb', contrast=1.0, depth=0, flipHoriz=False, flipVert=False, font='', fontFiles=[], height=50.0, italic=False, languageStyle='LTR', name='unnamed TextStim', opacity=1.0, ori=0.0, pos=array([0., 0.]), rgb=UNKNOWN, text='Poprawnie', units='pix', win=Window(...), wrapWidth=500)
58.2995 	EXP 	unnamed TextStim: height = 25.0
58.2995 	EXP 	unnamed TextStim: height = 25.0
58.2995 	EXP 	unnamed TextStim: height = 25.0
58.2995 	EXP 	unnamed TextStim: text = 'x'
60.0767 	DATA 	Keypress: x
60.0791 	EXP 	Created unnamed TextStim = TextStim(__class__=<class 'psychopy.visual.text.TextStim'>, alignHoriz=method-wrapper(...), alignText='center', alignVert=method-wrapper(...), anchorHoriz='center', anchorVert='center', antialias=True, autoDraw=False, autoLog=True, bold=False, color=array([-1, -1, -1]), colorSpace='rgb', contrast=1.0, depth=0, flipHoriz=False, flipVert=False, font='', fontFiles=[], height=50.0, italic=False, languageStyle='LTR', name='unnamed TextStim', opacity=1.0, ori=0.0, pos=array([0., 0.]), rgb=UNKNOWN, text='Poprawnie', units='pix', win=Window(...), wrapWidth=500)
61.0841 	EXP 	unnamed TextStim: height = 25.0
61.0841 	EXP 	unnamed TextStim: height = 25.0
61.0841 	EXP 	unnamed TextStim: height = 25.0
61.0841 	EXP 	unnamed TextStim: text = 'm'
63.0153 	DATA 	Keypress: m
63.0178 	EXP 	Created unnamed TextStim = TextStim(__class__=<class 'psychopy.visual.text.TextStim'>, alignHoriz=method-wrapper(...), alignText='center', alignVert=method-wrapper(...), anchorHoriz='center', anchorVert='center', antialias=True, autoDraw=False, autoLog=True, bold=False, color=array([-1, -1, -1]), colorSpace='rgb', contrast=1.0, depth=0, flipHoriz=False, flipVert=False, font='', fontFiles=[], height=50.0, italic=False, languageStyle='LTR', name='unnamed TextStim', opacity=1.0, ori=0.0, pos=array([0., 0.]), rgb=UNKNOWN, text='Poprawnie', units='pix', win=Window(...), wrapWidth=500)
64.0334 	EXP 	unnamed TextStim: height = 25.0
64.0334 	EXP 	unnamed TextStim: height = 25.0
64.0334 	EXP 	unnamed TextStim: height = 25.0
64.0334 	EXP 	unnamed TextStim: text = 'x'
67.0003 	DATA 	No keypress (maxWait exceeded)
67.0023 	EXP 	Created unnamed TextStim = TextStim(__class__=<class 'psychopy.visual.text.TextStim'>, alignHoriz=method-wrapper(...), alignText='center', alignVert=method-wrapper(...), anchorHoriz='center', anchorVert='center', antialias=True, autoDraw=False, autoLog=True, bold=False, color=array([-1, -1, -1]), colorSpace='rgb', contrast=1.0, depth=0, flipHoriz=False, flipVert=False, font='', fontFiles=[], height=50.0, italic=False, languageStyle='LTR', name='unnamed TextStim', opacity=1.0, ori=0.0, pos=array([0., 0.]), rgb=UNKNOWN, text='Niepoprawnie', units='pix', win=Window(...), wrapWidth=500)
67.8032 	DATA 	Keypress: x
68.0167 	EXP 	unnamed TextStim: text = 'x'
70.0185 	DATA 	Keypress: x
70.0210 	EXP 	Created unnamed TextStim = TextStim(__class__=<class 'psychopy.visual.text.TextStim'>, alignHoriz=method-wrapper(...), alignText='center', alignVert=method-wrapper(...), anchorHoriz='center', anchorVert='center', antialias=True, autoDraw=False, autoLog=True, bold=False, color=array([-1, -1, -1]), colorSpace='rgb', contrast=1.0, depth=0, flipHoriz=False, flipVert=False, font='', fontFiles=[], height=50.0, italic=False, languageStyle='LTR', name='unnamed TextStim', opacity=1.0, ori=0.0, pos=array([0., 0.]), rgb=UNKNOWN, text='Poprawnie', units='pix', win=Window(...), wrapWidth=500)
71.0336 	EXP 	unnamed TextStim: height = 25.0
71.0336 	EXP 	unnamed TextStim: height = 25.0
71.0336 	EXP 	unnamed TextStim: height = 25.0
71.0336 	EXP 	unnamed TextStim: text = 'n'
72.6233 	DATA 	Keypress: n
72.6257 	EXP 	Created unnamed TextStim = TextStim(__class__=<class 'psychopy.visual.text.TextStim'>, alignHoriz=method-wrapper(...), alignText='center', alignVert=method-wrapper(...), anchorHoriz='center', anchorVert='center', antialias=True, autoDraw=False, autoLog=True, bold=False, color=array([-1, -1, -1]), colorSpace='rgb', contrast=1.0, depth=0, flipHoriz=False, flipVert=False, font='', fontFiles=[], height=50.0, italic=False, languageStyle='LTR', name='unnamed TextStim', opacity=1.0, ori=0.0, pos=array([0., 0.]), rgb=UNKNOWN, text='Poprawnie', units='pix', win=Window(...), wrapWidth=500)
73.6337 	EXP 	unnamed TextStim: height = 25.0
73.6337 	EXP 	unnamed TextStim: height = 25.0
73.6337 	EXP 	unnamed TextStim: height = 25.0
73.6337 	EXP 	unnamed TextStim: text = 'z'
75.6151 	DATA 	Keypress: z
75.6177 	EXP 	Created unnamed TextStim = TextStim(__class__=<class 'psychopy.visual.text.TextStim'>, alignHoriz=method-wrapper(...), alignText='center', alignVert=method-wrapper(...), anchorHoriz='center', anchorVert='center', antialias=True, autoDraw=False, autoLog=True, bold=False, color=array([-1, -1, -1]), colorSpace='rgb', contrast=1.0, depth=0, flipHoriz=False, flipVert=False, font='', fontFiles=[], height=50.0, italic=False, languageStyle='LTR', name='unnamed TextStim', opacity=1.0, ori=0.0, pos=array([0., 0.]), rgb=UNKNOWN, text='Poprawnie', units='pix', win=Window(...), wrapWidth=500)
76.6509 	EXP 	Created unnamed TextStim = TextStim(__class__=<class 'psychopy.visual.text.TextStim'>, alignHoriz=method-wrapper(...), alignText='center', alignVert=method-wrapper(...), anchorHoriz='center', anchorVert='center', antialias=True, autoDraw=False, autoLog=True, bold=False, color=array([-1, -1, -1]), colorSpace='rgb', contrast=1.0, depth=0, flipHoriz=False, flipVert=False, font='', fontFiles=[], height=20.0, italic=False, languageStyle='LTR', name='unnamed TextStim', opacity=1.0, ori=0.0, pos=array([0., 0.]), rgb=UNKNOWN, text=str(...), units='pix', win=Window(...), wrapWidth=1536)
85.4317 	DATA 	Keypress: space
85.4343 	EXP 	unnamed TextStim: text = 'z'
87.9019 	DATA 	Keypress: m
87.9099 	EXP 	Created unnamed TextStim = TextStim(__class__=<class 'psychopy.visual.text.TextStim'>, alignHoriz=method-wrapper(...), alignText='center', alignVert=method-wrapper(...), anchorHoriz='center', anchorVert='center', antialias=True, autoDraw=False, autoLog=True, bold=False, color=array([-1, -1, -1]), colorSpace='rgb', contrast=1.0, depth=0, flipHoriz=False, flipVert=False, font='', fontFiles=[], height=50.0, italic=False, languageStyle='LTR', name='unnamed TextStim', opacity=1.0, ori=0.0, pos=array([0., 0.]), rgb=UNKNOWN, text='Niepoprawnie', units='pix', win=Window(...), wrapWidth=500)
88.9177 	EXP 	unnamed TextStim: text = 'z'
90.8136 	DATA 	Keypress: n
90.8157 	EXP 	Created unnamed TextStim = TextStim(__class__=<class 'psychopy.visual.text.TextStim'>, alignHoriz=method-wrapper(...), alignText='center', alignVert=method-wrapper(...), anchorHoriz='center', anchorVert='center', antialias=True, autoDraw=False, autoLog=True, bold=False, color=array([-1, -1, -1]), colorSpace='rgb', contrast=1.0, depth=0, flipHoriz=False, flipVert=False, font='', fontFiles=[], height=50.0, italic=False, languageStyle='LTR', name='unnamed TextStim', opacity=1.0, ori=0.0, pos=array([0., 0.]), rgb=UNKNOWN, text='Niepoprawnie', units='pix', win=Window(...), wrapWidth=500)
91.8344 	EXP 	unnamed TextStim: height = 25.0
91.8344 	EXP 	unnamed TextStim: height = 25.0
91.8344 	EXP 	unnamed TextStim: height = 25.0
91.8344 	EXP 	unnamed TextStim: text = 'n'
93.8612 	DATA 	Keypress: m
93.8633 	EXP 	Created unnamed TextStim = TextStim(__class__=<class 'psychopy.visual.text.TextStim'>, alignHoriz=method-wrapper(...), alignText='center', alignVert=method-wrapper(...), anchorHoriz='center', anchorVert='center', antialias=True, autoDraw=False, autoLog=True, bold=False, color=array([-1, -1, -1]), colorSpace='rgb', contrast=1.0, depth=0, flipHoriz=False, flipVert=False, font='', fontFiles=[], height=50.0, italic=False, languageStyle='LTR', name='unnamed TextStim', opacity=1.0, ori=0.0, pos=array([0., 0.]), rgb=UNKNOWN, text='Niepoprawnie', units='pix', win=Window(...), wrapWidth=500)
94.8678 	EXP 	unnamed TextStim: height = 25.0
94.8678 	EXP 	unnamed TextStim: height = 25.0
94.8678 	EXP 	unnamed TextStim: height = 25.0
94.8678 	EXP 	unnamed TextStim: text = 'x'
96.6925 	DATA 	Keypress: x
96.6952 	EXP 	Created unnamed TextStim = TextStim(__class__=<class 'psychopy.visual.text.TextStim'>, alignHoriz=method-wrapper(...), alignText='center', alignVert=method-wrapper(...), anchorHoriz='center', anchorVert='center', antialias=True, autoDraw=False, autoLog=True, bold=False, color=array([-1, -1, -1]), colorSpace='rgb', contrast=1.0, depth=0, flipHoriz=False, flipVert=False, font='', fontFiles=[], height=50.0, italic=False, languageStyle='LTR', name='unnamed TextStim', opacity=1.0, ori=0.0, pos=array([0., 0.]), rgb=UNKNOWN, text='Poprawnie', units='pix', win=Window(...), wrapWidth=500)
97.7012 	EXP 	unnamed TextStim: text = 'x'
99.8611 	DATA 	Keypress: x
99.8633 	EXP 	Created unnamed TextStim = TextStim(__class__=<class 'psychopy.visual.text.TextStim'>, alignHoriz=method-wrapper(...), alignText='center', alignVert=method-wrapper(...), anchorHoriz='center', anchorVert='center', antialias=True, autoDraw=False, autoLog=True, bold=False, color=array([-1, -1, -1]), colorSpace='rgb', contrast=1.0, depth=0, flipHoriz=False, flipVert=False, font='', fontFiles=[], height=50.0, italic=False, languageStyle='LTR', name='unnamed TextStim', opacity=1.0, ori=0.0, pos=array([0., 0.]), rgb=UNKNOWN, text='Poprawnie', units='pix', win=Window(...), wrapWidth=500)
100.8677 	EXP 	unnamed TextStim: height = 25.0
100.8677 	EXP 	unnamed TextStim: height = 25.0
100.8677 	EXP 	unnamed TextStim: height = 25.0
100.8677 	EXP 	unnamed TextStim: text = 'm'
102.4554 	DATA 	Keypress: m
102.4575 	EXP 	Created unnamed TextStim = TextStim(__class__=<class 'psychopy.visual.text.TextStim'>, alignHoriz=method-wrapper(...), alignText='center', alignVert=method-wrapper(...), anchorHoriz='center', anchorVert='center', antialias=True, autoDraw=False, autoLog=True, bold=False, color=array([-1, -1, -1]), colorSpace='rgb', contrast=1.0, depth=0, flipHoriz=False, flipVert=False, font='', fontFiles=[], height=50.0, italic=False, languageStyle='LTR', name='unnamed TextStim', opacity=1.0, ori=0.0, pos=array([0., 0.]), rgb=UNKNOWN, text='Poprawnie', units='pix', win=Window(...), wrapWidth=500)
103.4682 	EXP 	unnamed TextStim: height = 25.0
103.4682 	EXP 	unnamed TextStim: height = 25.0
103.4682 	EXP 	unnamed TextStim: height = 25.0
103.4682 	EXP 	unnamed TextStim: text = 'z'
105.0577 	DATA 	Keypress: z
105.0602 	EXP 	Created unnamed TextStim = TextStim(__class__=<class 'psychopy.visual.text.TextStim'>, alignHoriz=method-wrapper(...), alignText='center', alignVert=method-wrapper(...), anchorHoriz='center', anchorVert='center', antialias=True, autoDraw=False, autoLog=True, bold=False, color=array([-1, -1, -1]), colorSpace='rgb', contrast=1.0, depth=0, flipHoriz=False, flipVert=False, font='', fontFiles=[], height=50.0, italic=False, languageStyle='LTR', name='unnamed TextStim', opacity=1.0, ori=0.0, pos=array([0., 0.]), rgb=UNKNOWN, text='Poprawnie', units='pix', win=Window(...), wrapWidth=500)
106.0683 	EXP 	unnamed TextStim: height = 25.0
106.0683 	EXP 	unnamed TextStim: height = 25.0
106.0683 	EXP 	unnamed TextStim: height = 25.0
106.0683 	EXP 	unnamed TextStim: text = 'm'
107.7819 	DATA 	Keypress: m
107.7838 	EXP 	Created unnamed TextStim = TextStim(__class__=<class 'psychopy.visual.text.TextStim'>, alignHoriz=method-wrapper(...), alignText='center', alignVert=method-wrapper(...), anchorHoriz='center', anchorVert='center', antialias=True, autoDraw=False, autoLog=True, bold=False, color=array([-1, -1, -1]), colorSpace='rgb', contrast=1.0, depth=0, flipHoriz=False, flipVert=False, font='', fontFiles=[], height=50.0, italic=False, languageStyle='LTR', name='unnamed TextStim', opacity=1.0, ori=0.0, pos=array([0., 0.]), rgb=UNKNOWN, text='Poprawnie', units='pix', win=Window(...), wrapWidth=500)
108.8016 	EXP 	unnamed TextStim: height = 25.0
108.8016 	EXP 	unnamed TextStim: height = 25.0
108.8016 	EXP 	unnamed TextStim: height = 25.0
108.8016 	EXP 	unnamed TextStim: text = 'n'
110.4000 	DATA 	Keypress: n
110.4024 	EXP 	Created unnamed TextStim = TextStim(__class__=<class 'psychopy.visual.text.TextStim'>, alignHoriz=method-wrapper(...), alignText='center', alignVert=method-wrapper(...), anchorHoriz='center', anchorVert='center', antialias=True, autoDraw=False, autoLog=True, bold=False, color=array([-1, -1, -1]), colorSpace='rgb', contrast=1.0, depth=0, flipHoriz=False, flipVert=False, font='', fontFiles=[], height=50.0, italic=False, languageStyle='LTR', name='unnamed TextStim', opacity=1.0, ori=0.0, pos=array([0., 0.]), rgb=UNKNOWN, text='Poprawnie', units='pix', win=Window(...), wrapWidth=500)
111.4185 	EXP 	unnamed TextStim: height = 25.0
111.4185 	EXP 	unnamed TextStim: height = 25.0
111.4185 	EXP 	unnamed TextStim: height = 25.0
111.4185 	EXP 	unnamed TextStim: text = 'z'
113.3184 	DATA 	Keypress: z
113.3210 	EXP 	Created unnamed TextStim = TextStim(__class__=<class 'psychopy.visual.text.TextStim'>, alignHoriz=method-wrapper(...), alignText='center', alignVert=method-wrapper(...), anchorHoriz='center', anchorVert='center', antialias=True, autoDraw=False, autoLog=True, bold=False, color=array([-1, -1, -1]), colorSpace='rgb', contrast=1.0, depth=0, flipHoriz=False, flipVert=False, font='', fontFiles=[], height=50.0, italic=False, languageStyle='LTR', name='unnamed TextStim', opacity=1.0, ori=0.0, pos=array([0., 0.]), rgb=UNKNOWN, text='Poprawnie', units='pix', win=Window(...), wrapWidth=500)
114.3492 	EXP 	Created unnamed TextStim = TextStim(__class__=<class 'psychopy.visual.text.TextStim'>, alignHoriz=method-wrapper(...), alignText='center', alignVert=method-wrapper(...), anchorHoriz='center', anchorVert='center', antialias=True, autoDraw=False, autoLog=True, bold=False, color=array([-1, -1, -1]), colorSpace='rgb', contrast=1.0, depth=0, flipHoriz=False, flipVert=False, font='', fontFiles=[], height=20.0, italic=False, languageStyle='LTR', name='unnamed TextStim', opacity=1.0, ori=0.0, pos=array([0., 0.]), rgb=UNKNOWN, text=str(...), units='pix', win=Window(...), wrapWidth=1536)
119.9636 	DATA 	Keypress: space
119.9686 	EXP 	unnamed TextStim: text = 'z'
121.8702 	DATA 	Keypress: z
121.8731 	EXP 	unnamed TextStim: height = 25.0
121.8731 	EXP 	unnamed TextStim: height = 25.0
121.8731 	EXP 	unnamed TextStim: height = 25.0
121.8731 	EXP 	unnamed TextStim: text = 'm'
123.2687 	DATA 	Keypress: m
123.2713 	EXP 	unnamed TextStim: height = 25.0
123.2713 	EXP 	unnamed TextStim: height = 25.0
123.2713 	EXP 	unnamed TextStim: height = 25.0
123.2713 	EXP 	unnamed TextStim: text = 'x'
125.3810 	DATA 	Keypress: n
125.3822 	EXP 	unnamed TextStim: text = 'x'
127.1487 	DATA 	Keypress: n
127.1513 	EXP 	unnamed TextStim: height = 25.0
127.1513 	EXP 	unnamed TextStim: height = 25.0
127.1513 	EXP 	unnamed TextStim: height = 25.0
127.1513 	EXP 	unnamed TextStim: text = 'n'
128.6805 	DATA 	Keypress: n
128.6825 	EXP 	unnamed TextStim: height = 25.0
128.6825 	EXP 	unnamed TextStim: height = 25.0
128.6825 	EXP 	unnamed TextStim: height = 25.0
128.6825 	EXP 	unnamed TextStim: text = 'x'
130.8504 	DATA 	Keypress: z
130.9938 	EXP 	Created unnamed ImageStim = ImageStim(__class__=<class 'psychopy.visual.image.ImageStim'>, anchor=('center', 'center'), autoLog=True, color=array([1., 1., 1.]), colorSpace='rgb', contrast=1.0, depth=0, flipHoriz=False, flipVert=False, image='break.jpg', interpolate=True, mask=None, maskParams=None, name='unnamed ImageStim', opacity=1.0, ori=0.0, pos=array([0., 0.]), size=array([1536.,  864.]), texRes=128, units='pix', win=Window(...))
131.8964 	DATA 	Keypress: space
131.9023 	EXP 	unnamed TextStim: height = 25.0
131.9023 	EXP 	unnamed TextStim: height = 25.0
131.9023 	EXP 	unnamed TextStim: height = 25.0
131.9023 	EXP 	unnamed TextStim: text = 'n'
133.4254 	DATA 	Keypress: n
133.4278 	EXP 	unnamed TextStim: height = 25.0
133.4278 	EXP 	unnamed TextStim: height = 25.0
133.4278 	EXP 	unnamed TextStim: height = 25.0
133.4278 	EXP 	unnamed TextStim: text = 'z'
135.4176 	DATA 	Keypress: z
135.4196 	EXP 	unnamed TextStim: height = 25.0
135.4196 	EXP 	unnamed TextStim: height = 25.0
135.4196 	EXP 	unnamed TextStim: height = 25.0
135.4196 	EXP 	unnamed TextStim: text = 'm'
137.2436 	DATA 	Keypress: n
137.2457 	EXP 	unnamed TextStim: height = 25.0
137.2457 	EXP 	unnamed TextStim: height = 25.0
137.2457 	EXP 	unnamed TextStim: height = 25.0
137.2457 	EXP 	unnamed TextStim: text = 'n'
139.6033 	DATA 	Keypress: n
139.6054 	EXP 	unnamed TextStim: height = 25.0
139.6054 	EXP 	unnamed TextStim: height = 25.0
139.6054 	EXP 	unnamed TextStim: height = 25.0
139.6054 	EXP 	unnamed TextStim: text = 'x'
141.3018 	DATA 	Keypress: n
141.3039 	EXP 	unnamed TextStim: height = 25.0
141.3039 	EXP 	unnamed TextStim: height = 25.0
141.3039 	EXP 	unnamed TextStim: height = 25.0
141.3039 	EXP 	unnamed TextStim: text = 'm'
143.3000 	DATA 	Keypress: n
143.4361 	EXP 	Created unnamed ImageStim = ImageStim(__class__=<class 'psychopy.visual.image.ImageStim'>, anchor=('center', 'center'), autoLog=True, color=array([1., 1., 1.]), colorSpace='rgb', contrast=1.0, depth=0, flipHoriz=False, flipVert=False, image='break.jpg', interpolate=True, mask=None, maskParams=None, name='unnamed ImageStim', opacity=1.0, ori=0.0, pos=array([0., 0.]), size=array([1536.,  864.]), texRes=128, units='pix', win=Window(...))
143.9622 	DATA 	Keypress: space
143.9696 	EXP 	unnamed TextStim: height = 25.0
143.9696 	EXP 	unnamed TextStim: height = 25.0
143.9696 	EXP 	unnamed TextStim: height = 25.0
143.9696 	EXP 	unnamed TextStim: text = 'n'
145.7273 	DATA 	Keypress: n
145.7296 	EXP 	unnamed TextStim: height = 25.0
145.7296 	EXP 	unnamed TextStim: height = 25.0
145.7296 	EXP 	unnamed TextStim: height = 25.0
145.7296 	EXP 	unnamed TextStim: text = 'm'
147.4771 	DATA 	Keypress: n
147.4792 	EXP 	unnamed TextStim: height = 25.0
147.4792 	EXP 	unnamed TextStim: height = 25.0
147.4792 	EXP 	unnamed TextStim: height = 25.0
147.4792 	EXP 	unnamed TextStim: text = 'n'
149.2397 	DATA 	Keypress: m
149.2444 	EXP 	unnamed TextStim: height = 25.0
149.2444 	EXP 	unnamed TextStim: height = 25.0
149.2444 	EXP 	unnamed TextStim: height = 25.0
149.2444 	EXP 	unnamed TextStim: text = 'm'
151.1351 	DATA 	Keypress: z
151.1362 	EXP 	unnamed TextStim: text = 'm'
152.7632 	DATA 	Keypress: n
152.7644 	EXP 	unnamed TextStim: text = 'm'
154.1533 	DATA 	Keypress: m
154.2783 	EXP 	Created unnamed ImageStim = ImageStim(__class__=<class 'psychopy.visual.image.ImageStim'>, anchor=('center', 'center'), autoLog=True, color=array([1., 1., 1.]), colorSpace='rgb', contrast=1.0, depth=0, flipHoriz=False, flipVert=False, image='break.jpg', interpolate=True, mask=None, maskParams=None, name='unnamed ImageStim', opacity=1.0, ori=0.0, pos=array([0., 0.]), size=array([1536.,  864.]), texRes=128, units='pix', win=Window(...))
154.7855 	DATA 	Keypress: space
154.8032 	EXP 	unnamed TextStim: text = 'm'
156.8851 	DATA 	Keypress: n
156.8871 	EXP 	unnamed TextStim: height = 25.0
156.8871 	EXP 	unnamed TextStim: height = 25.0
156.8871 	EXP 	unnamed TextStim: height = 25.0
156.8871 	EXP 	unnamed TextStim: text = 'x'
159.4481 	DATA 	Keypress: x
159.4508 	EXP 	unnamed TextStim: text = 'x'
161.0448 	DATA 	Keypress: x
161.0469 	EXP 	unnamed TextStim: height = 25.0
161.0469 	EXP 	unnamed TextStim: height = 25.0
161.0469 	EXP 	unnamed TextStim: height = 25.0
161.0469 	EXP 	unnamed TextStim: text = 'z'
162.3790 	DATA 	Keypress: z
162.3811 	EXP 	unnamed TextStim: height = 25.0
162.3811 	EXP 	unnamed TextStim: height = 25.0
162.3811 	EXP 	unnamed TextStim: height = 25.0
162.3811 	EXP 	unnamed TextStim: text = 'x'
164.5067 	DATA 	Keypress: m
164.5088 	EXP 	unnamed TextStim: height = 25.0
164.5088 	EXP 	unnamed TextStim: height = 25.0
164.5088 	EXP 	unnamed TextStim: height = 25.0
164.5088 	EXP 	unnamed TextStim: text = 'n'
166.0394 	DATA 	Keypress: n
166.1793 	EXP 	Created unnamed ImageStim = ImageStim(__class__=<class 'psychopy.visual.image.ImageStim'>, anchor=('center', 'center'), autoLog=True, color=array([1., 1., 1.]), colorSpace='rgb', contrast=1.0, depth=0, flipHoriz=False, flipVert=False, image='break.jpg', interpolate=True, mask=None, maskParams=None, name='unnamed ImageStim', opacity=1.0, ori=0.0, pos=array([0., 0.]), size=array([1536.,  864.]), texRes=128, units='pix', win=Window(...))
166.7446 	DATA 	Keypress: space
166.7539 	EXP 	unnamed TextStim: height = 25.0
166.7539 	EXP 	unnamed TextStim: height = 25.0
166.7539 	EXP 	unnamed TextStim: height = 25.0
166.7539 	EXP 	unnamed TextStim: text = 'x'
168.5046 	DATA 	Keypress: x
168.5068 	EXP 	unnamed TextStim: height = 25.0
168.5068 	EXP 	unnamed TextStim: height = 25.0
168.5068 	EXP 	unnamed TextStim: height = 25.0
168.5068 	EXP 	unnamed TextStim: text = 'n'
170.1933 	DATA 	Keypress: n
170.1999 	EXP 	unnamed TextStim: height = 25.0
170.1999 	EXP 	unnamed TextStim: height = 25.0
170.1999 	EXP 	unnamed TextStim: height = 25.0
170.1999 	EXP 	unnamed TextStim: text = 'm'
172.7446 	DATA 	Keypress: n
172.7467 	EXP 	unnamed TextStim: height = 25.0
172.7467 	EXP 	unnamed TextStim: height = 25.0
172.7467 	EXP 	unnamed TextStim: height = 25.0
172.7467 	EXP 	unnamed TextStim: text = 'n'
174.8298 	DATA 	Keypress: z
174.8318 	EXP 	unnamed TextStim: height = 25.0
174.8318 	EXP 	unnamed TextStim: height = 25.0
174.8318 	EXP 	unnamed TextStim: height = 25.0
174.8318 	EXP 	unnamed TextStim: text = 'x'
176.8839 	DATA 	Keypress: x
176.8852 	EXP 	unnamed TextStim: text = 'x'
178.8628 	DATA 	Keypress: n
178.9943 	EXP 	Created unnamed ImageStim = ImageStim(__class__=<class 'psychopy.visual.image.ImageStim'>, anchor=('center', 'center'), autoLog=True, color=array([1., 1., 1.]), colorSpace='rgb', contrast=1.0, depth=0, flipHoriz=False, flipVert=False, image='break.jpg', interpolate=True, mask=None, maskParams=None, name='unnamed ImageStim', opacity=1.0, ori=0.0, pos=array([0., 0.]), size=array([1536.,  864.]), texRes=128, units='pix', win=Window(...))
179.5247 	DATA 	Keypress: space
179.5378 	EXP 	unnamed TextStim: height = 25.0
179.5378 	EXP 	unnamed TextStim: height = 25.0
179.5378 	EXP 	unnamed TextStim: height = 25.0
179.5378 	EXP 	unnamed TextStim: text = 'z'
181.3041 	DATA 	Keypress: n
181.3063 	EXP 	unnamed TextStim: height = 25.0
181.3063 	EXP 	unnamed TextStim: height = 25.0
181.3063 	EXP 	unnamed TextStim: height = 25.0
181.3063 	EXP 	unnamed TextStim: text = 'm'
182.0728 	DATA 	Keypress: space
184.0182 	DATA 	Keypress: m
184.0216 	EXP 	unnamed TextStim: height = 25.0
184.0216 	EXP 	unnamed TextStim: height = 25.0
184.0216 	EXP 	unnamed TextStim: height = 25.0
184.0216 	EXP 	unnamed TextStim: text = 'n'
186.3928 	DATA 	Keypress: x
186.3949 	EXP 	unnamed TextStim: height = 25.0
186.3949 	EXP 	unnamed TextStim: height = 25.0
186.3949 	EXP 	unnamed TextStim: height = 25.0
186.3949 	EXP 	unnamed TextStim: text = 'm'
187.7799 	DATA 	Keypress: m
187.7811 	EXP 	unnamed TextStim: text = 'm'
189.1156 	DATA 	Keypress: m
189.1167 	EXP 	unnamed TextStim: text = 'm'
190.3388 	DATA 	Keypress: m
190.4786 	EXP 	Created unnamed ImageStim = ImageStim(__class__=<class 'psychopy.visual.image.ImageStim'>, anchor=('center', 'center'), autoLog=True, color=array([1., 1., 1.]), colorSpace='rgb', contrast=1.0, depth=0, flipHoriz=False, flipVert=False, image='break.jpg', interpolate=True, mask=None, maskParams=None, name='unnamed ImageStim', opacity=1.0, ori=0.0, pos=array([0., 0.]), size=array([1536.,  864.]), texRes=128, units='pix', win=Window(...))
191.1350 	DATA 	Keypress: space
191.1379 	EXP 	unnamed TextStim: height = 25.0
191.1379 	EXP 	unnamed TextStim: height = 25.0
191.1379 	EXP 	unnamed TextStim: height = 25.0
191.1379 	EXP 	unnamed TextStim: text = 'x'
193.3312 	DATA 	Keypress: x
193.3360 	EXP 	unnamed TextStim: height = 25.0
193.3360 	EXP 	unnamed TextStim: height = 25.0
193.3360 	EXP 	unnamed TextStim: height = 25.0
193.3360 	EXP 	unnamed TextStim: text = 'z'
195.4500 	DATA 	Keypress: z
195.4528 	EXP 	unnamed TextStim: text = 'z'
196.8030 	DATA 	Keypress: z
196.8051 	EXP 	unnamed TextStim: height = 25.0
196.8051 	EXP 	unnamed TextStim: height = 25.0
196.8051 	EXP 	unnamed TextStim: height = 25.0
196.8051 	EXP 	unnamed TextStim: text = 'x'
198.7293 	DATA 	Keypress: x
198.7314 	EXP 	unnamed TextStim: height = 25.0
198.7314 	EXP 	unnamed TextStim: height = 25.0
198.7314 	EXP 	unnamed TextStim: height = 25.0
198.7314 	EXP 	unnamed TextStim: text = 'n'
200.3735 	DATA 	Keypress: n
200.3757 	EXP 	unnamed TextStim: height = 25.0
200.3757 	EXP 	unnamed TextStim: height = 25.0
200.3757 	EXP 	unnamed TextStim: height = 25.0
200.3757 	EXP 	unnamed TextStim: text = 'z'
202.0312 	DATA 	Keypress: z
202.1549 	EXP 	Created unnamed ImageStim = ImageStim(__class__=<class 'psychopy.visual.image.ImageStim'>, anchor=('center', 'center'), autoLog=True, color=array([1., 1., 1.]), colorSpace='rgb', contrast=1.0, depth=0, flipHoriz=False, flipVert=False, image='break.jpg', interpolate=True, mask=None, maskParams=None, name='unnamed ImageStim', opacity=1.0, ori=0.0, pos=array([0., 0.]), size=array([1536.,  864.]), texRes=128, units='pix', win=Window(...))
202.9620 	DATA 	Keypress: space
202.9721 	EXP 	unnamed TextStim: height = 25.0
202.9721 	EXP 	unnamed TextStim: height = 25.0
202.9721 	EXP 	unnamed TextStim: height = 25.0
202.9721 	EXP 	unnamed TextStim: text = 'n'
204.5757 	DATA 	Keypress: n
204.5779 	EXP 	unnamed TextStim: height = 25.0
204.5779 	EXP 	unnamed TextStim: height = 25.0
204.5779 	EXP 	unnamed TextStim: height = 25.0
204.5779 	EXP 	unnamed TextStim: text = 'z'
206.3243 	DATA 	Keypress: z
206.3265 	EXP 	unnamed TextStim: height = 25.0
206.3265 	EXP 	unnamed TextStim: height = 25.0
206.3265 	EXP 	unnamed TextStim: height = 25.0
206.3265 	EXP 	unnamed TextStim: text = 'n'
208.0618 	DATA 	Keypress: n
208.0642 	EXP 	unnamed TextStim: height = 25.0
208.0642 	EXP 	unnamed TextStim: height = 25.0
208.0642 	EXP 	unnamed TextStim: height = 25.0
208.0642 	EXP 	unnamed TextStim: text = 'z'
209.6678 	DATA 	Keypress: x
209.6700 	EXP 	unnamed TextStim: height = 25.0
209.6700 	EXP 	unnamed TextStim: height = 25.0
209.6700 	EXP 	unnamed TextStim: height = 25.0
209.6700 	EXP 	unnamed TextStim: text = 'x'
211.6889 	DATA 	Keypress: x
211.6927 	EXP 	unnamed TextStim: height = 25.0
211.6927 	EXP 	unnamed TextStim: height = 25.0
211.6927 	EXP 	unnamed TextStim: height = 25.0
211.6927 	EXP 	unnamed TextStim: text = 'm'
213.2908 	DATA 	Keypress: m
213.4169 	EXP 	Created unnamed ImageStim = ImageStim(__class__=<class 'psychopy.visual.image.ImageStim'>, anchor=('center', 'center'), autoLog=True, color=array([1., 1., 1.]), colorSpace='rgb', contrast=1.0, depth=0, flipHoriz=False, flipVert=False, image='break.jpg', interpolate=True, mask=None, maskParams=None, name='unnamed ImageStim', opacity=1.0, ori=0.0, pos=array([0., 0.]), size=array([1536.,  864.]), texRes=128, units='pix', win=Window(...))
214.2283 	DATA 	Keypress: space
214.2391 	EXP 	unnamed TextStim: height = 25.0
214.2391 	EXP 	unnamed TextStim: height = 25.0
214.2391 	EXP 	unnamed TextStim: height = 25.0
214.2391 	EXP 	unnamed TextStim: text = 'x'
216.2264 	DATA 	Keypress: x
216.2285 	EXP 	unnamed TextStim: height = 25.0
216.2285 	EXP 	unnamed TextStim: height = 25.0
216.2285 	EXP 	unnamed TextStim: height = 25.0
216.2285 	EXP 	unnamed TextStim: text = 'z'
218.0501 	DATA 	Keypress: space
218.8766 	DATA 	Keypress: n
218.8796 	EXP 	unnamed TextStim: height = 25.0
218.8796 	EXP 	unnamed TextStim: height = 25.0
218.8796 	EXP 	unnamed TextStim: height = 25.0
218.8796 	EXP 	unnamed TextStim: text = 'n'
220.3253 	DATA 	Keypress: n
220.3274 	EXP 	unnamed TextStim: height = 25.0
220.3274 	EXP 	unnamed TextStim: height = 25.0
220.3274 	EXP 	unnamed TextStim: height = 25.0
220.3274 	EXP 	unnamed TextStim: text = 'm'
221.7985 	DATA 	Keypress: m
221.8007 	EXP 	unnamed TextStim: height = 25.0
221.8007 	EXP 	unnamed TextStim: height = 25.0
221.8007 	EXP 	unnamed TextStim: height = 25.0
221.8007 	EXP 	unnamed TextStim: text = 'n'
223.4257 	DATA 	Keypress: n
223.4278 	EXP 	unnamed TextStim: height = 25.0
223.4278 	EXP 	unnamed TextStim: height = 25.0
223.4278 	EXP 	unnamed TextStim: height = 25.0
223.4278 	EXP 	unnamed TextStim: text = 'z'
225.0250 	DATA 	Keypress: x
225.1492 	EXP 	Created unnamed ImageStim = ImageStim(__class__=<class 'psychopy.visual.image.ImageStim'>, anchor=('center', 'center'), autoLog=True, color=array([1., 1., 1.]), colorSpace='rgb', contrast=1.0, depth=0, flipHoriz=False, flipVert=False, image='break.jpg', interpolate=True, mask=None, maskParams=None, name='unnamed ImageStim', opacity=1.0, ori=0.0, pos=array([0., 0.]), size=array([1536.,  864.]), texRes=128, units='pix', win=Window(...))
225.7901 	DATA 	Keypress: space
225.8060 	EXP 	unnamed TextStim: height = 25.0
225.8060 	EXP 	unnamed TextStim: height = 25.0
225.8060 	EXP 	unnamed TextStim: height = 25.0
225.8060 	EXP 	unnamed TextStim: text = 'x'
227.8826 	DATA 	Keypress: x
227.8891 	EXP 	unnamed TextStim: height = 25.0
227.8891 	EXP 	unnamed TextStim: height = 25.0
227.8891 	EXP 	unnamed TextStim: height = 25.0
227.8891 	EXP 	unnamed TextStim: text = 'z'
229.8294 	DATA 	Keypress: z
229.8316 	EXP 	unnamed TextStim: text = 'z'
231.2522 	DATA 	Keypress: z
231.2543 	EXP 	unnamed TextStim: height = 25.0
231.2543 	EXP 	unnamed TextStim: height = 25.0
231.2543 	EXP 	unnamed TextStim: height = 25.0
231.2543 	EXP 	unnamed TextStim: text = 'n'
232.9870 	DATA 	Keypress: x
232.9891 	EXP 	unnamed TextStim: height = 25.0
232.9891 	EXP 	unnamed TextStim: height = 25.0
232.9891 	EXP 	unnamed TextStim: height = 25.0
232.9891 	EXP 	unnamed TextStim: text = 'x'
235.0177 	DATA 	Keypress: x
235.0199 	EXP 	unnamed TextStim: height = 25.0
235.0199 	EXP 	unnamed TextStim: height = 25.0
235.0199 	EXP 	unnamed TextStim: height = 25.0
235.0199 	EXP 	unnamed TextStim: text = 'z'
236.9700 	DATA 	Keypress: x
237.0963 	EXP 	Created unnamed ImageStim = ImageStim(__class__=<class 'psychopy.visual.image.ImageStim'>, anchor=('center', 'center'), autoLog=True, color=array([1., 1., 1.]), colorSpace='rgb', contrast=1.0, depth=0, flipHoriz=False, flipVert=False, image='break.jpg', interpolate=True, mask=None, maskParams=None, name='unnamed ImageStim', opacity=1.0, ori=0.0, pos=array([0., 0.]), size=array([1536.,  864.]), texRes=128, units='pix', win=Window(...))
237.6015 	DATA 	Keypress: x
237.9228 	DATA 	Keypress: space
237.9402 	EXP 	unnamed TextStim: height = 25.0
237.9402 	EXP 	unnamed TextStim: height = 25.0
237.9402 	EXP 	unnamed TextStim: height = 25.0
237.9402 	EXP 	unnamed TextStim: text = 'n'
239.4156 	DATA 	Keypress: n
239.4177 	EXP 	unnamed TextStim: height = 25.0
239.4177 	EXP 	unnamed TextStim: height = 25.0
239.4177 	EXP 	unnamed TextStim: height = 25.0
239.4177 	EXP 	unnamed TextStim: text = 'z'
240.9008 	DATA 	Keypress: z
240.9028 	EXP 	unnamed TextStim: height = 25.0
240.9028 	EXP 	unnamed TextStim: height = 25.0
240.9028 	EXP 	unnamed TextStim: height = 25.0
240.9028 	EXP 	unnamed TextStim: text = 'n'
242.2693 	DATA 	Keypress: n
242.2714 	EXP 	unnamed TextStim: height = 25.0
242.2714 	EXP 	unnamed TextStim: height = 25.0
242.2714 	EXP 	unnamed TextStim: height = 25.0
242.2714 	EXP 	unnamed TextStim: text = 'z'
244.4234 	DATA 	Keypress: x
244.4254 	EXP 	unnamed TextStim: height = 25.0
244.4254 	EXP 	unnamed TextStim: height = 25.0
244.4254 	EXP 	unnamed TextStim: height = 25.0
244.4254 	EXP 	unnamed TextStim: text = 'n'
245.8675 	DATA 	Keypress: n
245.8714 	EXP 	unnamed TextStim: height = 25.0
245.8714 	EXP 	unnamed TextStim: height = 25.0
245.8714 	EXP 	unnamed TextStim: height = 25.0
245.8714 	EXP 	unnamed TextStim: text = 'x'
247.7071 	DATA 	Keypress: x
247.8074 	EXP 	Created unnamed ImageStim = ImageStim(__class__=<class 'psychopy.visual.image.ImageStim'>, anchor=('center', 'center'), autoLog=True, color=array([1., 1., 1.]), colorSpace='rgb', contrast=1.0, depth=0, flipHoriz=False, flipVert=False, image='break.jpg', interpolate=True, mask=None, maskParams=None, name='unnamed ImageStim', opacity=1.0, ori=0.0, pos=array([0., 0.]), size=array([1536.,  864.]), texRes=128, units='pix', win=Window(...))
248.3201 	DATA 	Keypress: space
248.3364 	EXP 	Created unnamed TextStim = TextStim(__class__=<class 'psychopy.visual.text.TextStim'>, alignHoriz=method-wrapper(...), alignText='center', alignVert=method-wrapper(...), anchorHoriz='center', anchorVert='center', antialias=True, autoDraw=False, autoLog=True, bold=False, color=array([-1, -1, -1]), colorSpace='rgb', contrast=1.0, depth=0, flipHoriz=False, flipVert=False, font='', fontFiles=[], height=20.0, italic=False, languageStyle='LTR', name='unnamed TextStim', opacity=1.0, ori=0.0, pos=array([0., 0.]), rgb=UNKNOWN, text=str(...), units='pix', win=Window(...), wrapWidth=1536)
258.7113 	DATA 	Keypress: return
258.8043 	EXP 	window1: mouseVisible = True
