9.5212 	WARNING 	User requested fullscreen with size [1536  864], but screen is actually [1920, 1080]. Using actual size
10.9717 	INFO 	FRAME RATE: 60
10.9717 	INFO 	SCREEN RES: odict_values([1536, 864])
11.0286 	EXP 	Created unnamed TextStim = TextStim(__class__=<class 'psychopy.visual.text.TextStim'>, alignHoriz=method-wrapper(...), alignText='center', alignVert=method-wrapper(...), anchorHoriz='center', anchorVert='center', antialias=True, autoDraw=False, autoLog=True, bold=False, color=array([-1, -1, -1]), colorSpace='rgb', contrast=1.0, depth=0, flipHoriz=False, flipVert=False, font='', fontFiles=[], height=100.0, italic=False, languageStyle='LTR', name='unnamed TextStim', opacity=1.0, ori=0.0, pos=array([0., 0.]), rgb=UNKNOWN, text='+', units='pix', win=Window(...), wrapWidth=500)
11.0322 	EXP 	Created unnamed Circle = Circle(__class__=<class 'psychopy.visual.circle.Circle'>, anchor=('center', 'center'), autoDraw=False, autoLog=True, closeShape=True, color=method-wrapper(...), colorSpace='rgb', contrast=None, depth=0, fillColor=array([ 0.09019608, -1.        , -1.        ]), fillColorSpace='rgb', fillRGB=array([ 0.09019608, -1.        , -1.        ]), interpolate=True, lineColor=array([ 0.09019608, -1.        , -1.        ]), lineColorSpace='rgb', lineRGB=array([ 0.09019608, -1.        , -1.        ]), lineWidth=1.5, name='unnamed Circle', opacity=1.0, ori=0.0, pos=array([0., 0.]), size=array([1., 1.]), units='pix', vertices=ndarray(...), win=Window(...))
11.0330 	EXP 	Created unnamed TextStim = TextStim(__class__=<class 'psychopy.visual.text.TextStim'>, alignHoriz=method-wrapper(...), alignText='center', alignVert=method-wrapper(...), anchorHoriz='center', anchorVert='center', antialias=True, autoDraw=False, autoLog=True, bold=False, color=array([-0.17647059, -0.17647059, -0.17647059]), colorSpace='rgb', contrast=1.0, depth=0, flipHoriz=False, flipVert=False, font='', fontFiles=[], height=25, italic=False, languageStyle='LTR', name='unnamed TextStim', opacity=1.0, ori=0.0, pos=array([0., 0.]), rgb=UNKNOWN, text='', units='pix', win=Window(...), wrapWidth=500)
11.0414 	EXP 	Created unnamed ImageStim = ImageStim(__class__=<class 'psychopy.visual.image.ImageStim'>, anchor=('center', 'center'), autoLog=True, color=array([1., 1., 1.]), colorSpace='rgb', contrast=1.0, depth=0, flipHoriz=False, flipVert=False, image='mask4.png', interpolate=False, mask=None, maskParams=None, name='unnamed ImageStim', opacity=1.0, ori=0.0, pos=array([0., 0.]), size=array([25., 25.]), texRes=128, units='pix', win=Window(...))
11.0485 	EXP 	Created unnamed TextStim = TextStim(__class__=<class 'psychopy.visual.text.TextStim'>, alignHoriz=method-wrapper(...), alignText='center', alignVert=method-wrapper(...), anchorHoriz='center', anchorVert='center', antialias=True, autoDraw=False, autoLog=True, bold=False, color=array([-1, -1, -1]), colorSpace='rgb', contrast=1.0, depth=0, flipHoriz=False, flipVert=False, font='', fontFiles=[], height=30.0, italic=False, languageStyle='LTR', name='unnamed TextStim', opacity=1.0, ori=0.0, pos=array([ 100., -300.]), rgb=UNKNOWN, text=str(...), units='pix', win=Window(...), wrapWidth=10000)
11.0529 	EXP 	Created unnamed TextStim = TextStim(__class__=<class 'psychopy.visual.text.TextStim'>, alignHoriz=method-wrapper(...), alignText='center', alignVert=method-wrapper(...), anchorHoriz='center', anchorVert='center', antialias=True, autoDraw=False, autoLog=True, bold=False, color=array([-1, -1, -1]), colorSpace='rgb', contrast=1.0, depth=0, flipHoriz=False, flipVert=False, font='', fontFiles=[], height=30.0, italic=False, languageStyle='LTR', name='unnamed TextStim', opacity=1.0, ori=0.0, pos=array([ 100., -330.]), rgb=UNKNOWN, text=str(...), units='pix', win=Window(...), wrapWidth=10000)
11.0901 	EXP 	Created unnamed TextStim = TextStim(__class__=<class 'psychopy.visual.text.TextStim'>, alignHoriz=method-wrapper(...), alignText='center', alignVert=method-wrapper(...), anchorHoriz='center', anchorVert='center', antialias=True, autoDraw=False, autoLog=True, bold=False, color=array([-1, -1, -1]), colorSpace='rgb', contrast=1.0, depth=0, flipHoriz=False, flipVert=False, font='', fontFiles=[], height=20.0, italic=False, languageStyle='LTR', name='unnamed TextStim', opacity=1.0, ori=0.0, pos=array([0., 0.]), rgb=UNKNOWN, text=str(...), units='pix', win=Window(...), wrapWidth=1536)
39.3918 	DATA 	Keypress: space
39.4045 	EXP 	unnamed TextStim: height = 25.0
39.4045 	EXP 	unnamed TextStim: height = 25.0
39.4045 	EXP 	unnamed TextStim: height = 25.0
39.4045 	EXP 	unnamed TextStim: text = 'm'
40.8723 	DATA 	Keypress: m
40.8824 	EXP 	Created unnamed TextStim = TextStim(__class__=<class 'psychopy.visual.text.TextStim'>, alignHoriz=method-wrapper(...), alignText='center', alignVert=method-wrapper(...), anchorHoriz='center', anchorVert='center', antialias=True, autoDraw=False, autoLog=True, bold=False, color=array([-1, -1, -1]), colorSpace='rgb', contrast=1.0, depth=0, flipHoriz=False, flipVert=False, font='', fontFiles=[], height=50.0, italic=False, languageStyle='LTR', name='unnamed TextStim', opacity=1.0, ori=0.0, pos=array([0., 0.]), rgb=UNKNOWN, text='Poprawnie', units='pix', win=Window(...), wrapWidth=500)
41.9049 	EXP 	unnamed TextStim: height = 25.0
41.9049 	EXP 	unnamed TextStim: height = 25.0
41.9049 	EXP 	unnamed TextStim: height = 25.0
41.9049 	EXP 	unnamed TextStim: text = 'z'
43.9706 	DATA 	Keypress: z
43.9728 	EXP 	Created unnamed TextStim = TextStim(__class__=<class 'psychopy.visual.text.TextStim'>, alignHoriz=method-wrapper(...), alignText='center', alignVert=method-wrapper(...), anchorHoriz='center', anchorVert='center', antialias=True, autoDraw=False, autoLog=True, bold=False, color=array([-1, -1, -1]), colorSpace='rgb', contrast=1.0, depth=0, flipHoriz=False, flipVert=False, font='', fontFiles=[], height=50.0, italic=False, languageStyle='LTR', name='unnamed TextStim', opacity=1.0, ori=0.0, pos=array([0., 0.]), rgb=UNKNOWN, text='Poprawnie', units='pix', win=Window(...), wrapWidth=500)
44.9882 	EXP 	unnamed TextStim: height = 25.0
44.9882 	EXP 	unnamed TextStim: height = 25.0
44.9882 	EXP 	unnamed TextStim: height = 25.0
44.9882 	EXP 	unnamed TextStim: text = 'n'
46.4556 	DATA 	Keypress: x
47.9335 	DATA 	Keypress: n
47.9354 	EXP 	Created unnamed TextStim = TextStim(__class__=<class 'psychopy.visual.text.TextStim'>, alignHoriz=method-wrapper(...), alignText='center', alignVert=method-wrapper(...), anchorHoriz='center', anchorVert='center', antialias=True, autoDraw=False, autoLog=True, bold=False, color=array([-1, -1, -1]), colorSpace='rgb', contrast=1.0, depth=0, flipHoriz=False, flipVert=False, font='', fontFiles=[], height=50.0, italic=False, languageStyle='LTR', name='unnamed TextStim', opacity=1.0, ori=0.0, pos=array([0., 0.]), rgb=UNKNOWN, text='Poprawnie', units='pix', win=Window(...), wrapWidth=500)
48.9391 	EXP 	unnamed TextStim: height = 25.0
48.9391 	EXP 	unnamed TextStim: height = 25.0
48.9391 	EXP 	unnamed TextStim: height = 25.0
48.9391 	EXP 	unnamed TextStim: text = 'z'
50.2891 	DATA 	Keypress: z
50.2938 	EXP 	Created unnamed TextStim = TextStim(__class__=<class 'psychopy.visual.text.TextStim'>, alignHoriz=method-wrapper(...), alignText='center', alignVert=method-wrapper(...), anchorHoriz='center', anchorVert='center', antialias=True, autoDraw=False, autoLog=True, bold=False, color=array([-1, -1, -1]), colorSpace='rgb', contrast=1.0, depth=0, flipHoriz=False, flipVert=False, font='', fontFiles=[], height=50.0, italic=False, languageStyle='LTR', name='unnamed TextStim', opacity=1.0, ori=0.0, pos=array([0., 0.]), rgb=UNKNOWN, text='Poprawnie', units='pix', win=Window(...), wrapWidth=500)
51.3218 	EXP 	unnamed TextStim: text = 'z'
52.7393 	DATA 	Keypress: z
52.7442 	EXP 	Created unnamed TextStim = TextStim(__class__=<class 'psychopy.visual.text.TextStim'>, alignHoriz=method-wrapper(...), alignText='center', alignVert=method-wrapper(...), anchorHoriz='center', anchorVert='center', antialias=True, autoDraw=False, autoLog=True, bold=False, color=array([-1, -1, -1]), colorSpace='rgb', contrast=1.0, depth=0, flipHoriz=False, flipVert=False, font='', fontFiles=[], height=50.0, italic=False, languageStyle='LTR', name='unnamed TextStim', opacity=1.0, ori=0.0, pos=array([0., 0.]), rgb=UNKNOWN, text='Poprawnie', units='pix', win=Window(...), wrapWidth=500)
53.7718 	EXP 	unnamed TextStim: height = 25.0
53.7718 	EXP 	unnamed TextStim: height = 25.0
53.7718 	EXP 	unnamed TextStim: height = 25.0
53.7718 	EXP 	unnamed TextStim: text = 'm'
55.2236 	DATA 	Keypress: m
56.7390 	DATA 	No keypress (maxWait exceeded)
56.7420 	EXP 	Created unnamed TextStim = TextStim(__class__=<class 'psychopy.visual.text.TextStim'>, alignHoriz=method-wrapper(...), alignText='center', alignVert=method-wrapper(...), anchorHoriz='center', anchorVert='center', antialias=True, autoDraw=False, autoLog=True, bold=False, color=array([-1, -1, -1]), colorSpace='rgb', contrast=1.0, depth=0, flipHoriz=False, flipVert=False, font='', fontFiles=[], height=50.0, italic=False, languageStyle='LTR', name='unnamed TextStim', opacity=1.0, ori=0.0, pos=array([0., 0.]), rgb=UNKNOWN, text='Niepoprawnie', units='pix', win=Window(...), wrapWidth=500)
57.7554 	EXP 	unnamed TextStim: text = 'm'
59.4543 	DATA 	Keypress: m
59.4564 	EXP 	Created unnamed TextStim = TextStim(__class__=<class 'psychopy.visual.text.TextStim'>, alignHoriz=method-wrapper(...), alignText='center', alignVert=method-wrapper(...), anchorHoriz='center', anchorVert='center', antialias=True, autoDraw=False, autoLog=True, bold=False, color=array([-1, -1, -1]), colorSpace='rgb', contrast=1.0, depth=0, flipHoriz=False, flipVert=False, font='', fontFiles=[], height=50.0, italic=False, languageStyle='LTR', name='unnamed TextStim', opacity=1.0, ori=0.0, pos=array([0., 0.]), rgb=UNKNOWN, text='Poprawnie', units='pix', win=Window(...), wrapWidth=500)
60.4721 	EXP 	unnamed TextStim: height = 25.0
60.4721 	EXP 	unnamed TextStim: height = 25.0
60.4721 	EXP 	unnamed TextStim: height = 25.0
60.4721 	EXP 	unnamed TextStim: text = 'z'
62.1697 	DATA 	Keypress: z
62.1718 	EXP 	Created unnamed TextStim = TextStim(__class__=<class 'psychopy.visual.text.TextStim'>, alignHoriz=method-wrapper(...), alignText='center', alignVert=method-wrapper(...), anchorHoriz='center', anchorVert='center', antialias=True, autoDraw=False, autoLog=True, bold=False, color=array([-1, -1, -1]), colorSpace='rgb', contrast=1.0, depth=0, flipHoriz=False, flipVert=False, font='', fontFiles=[], height=50.0, italic=False, languageStyle='LTR', name='unnamed TextStim', opacity=1.0, ori=0.0, pos=array([0., 0.]), rgb=UNKNOWN, text='Poprawnie', units='pix', win=Window(...), wrapWidth=500)
63.1890 	EXP 	unnamed TextStim: height = 25.0
63.1890 	EXP 	unnamed TextStim: height = 25.0
63.1890 	EXP 	unnamed TextStim: height = 25.0
63.1890 	EXP 	unnamed TextStim: text = 'n'
64.7682 	DATA 	Keypress: n
64.7702 	EXP 	Created unnamed TextStim = TextStim(__class__=<class 'psychopy.visual.text.TextStim'>, alignHoriz=method-wrapper(...), alignText='center', alignVert=method-wrapper(...), anchorHoriz='center', anchorVert='center', antialias=True, autoDraw=False, autoLog=True, bold=False, color=array([-1, -1, -1]), colorSpace='rgb', contrast=1.0, depth=0, flipHoriz=False, flipVert=False, font='', fontFiles=[], height=50.0, italic=False, languageStyle='LTR', name='unnamed TextStim', opacity=1.0, ori=0.0, pos=array([0., 0.]), rgb=UNKNOWN, text='Poprawnie', units='pix', win=Window(...), wrapWidth=500)
65.7891 	EXP 	unnamed TextStim: height = 25.0
65.7891 	EXP 	unnamed TextStim: height = 25.0
65.7891 	EXP 	unnamed TextStim: height = 25.0
65.7891 	EXP 	unnamed TextStim: text = 'z'
67.5130 	DATA 	Keypress: z
67.5150 	EXP 	Created unnamed TextStim = TextStim(__class__=<class 'psychopy.visual.text.TextStim'>, alignHoriz=method-wrapper(...), alignText='center', alignVert=method-wrapper(...), anchorHoriz='center', anchorVert='center', antialias=True, autoDraw=False, autoLog=True, bold=False, color=array([-1, -1, -1]), colorSpace='rgb', contrast=1.0, depth=0, flipHoriz=False, flipVert=False, font='', fontFiles=[], height=50.0, italic=False, languageStyle='LTR', name='unnamed TextStim', opacity=1.0, ori=0.0, pos=array([0., 0.]), rgb=UNKNOWN, text='Poprawnie', units='pix', win=Window(...), wrapWidth=500)
68.5224 	EXP 	unnamed TextStim: height = 25.0
68.5224 	EXP 	unnamed TextStim: height = 25.0
68.5224 	EXP 	unnamed TextStim: height = 25.0
68.5224 	EXP 	unnamed TextStim: text = 'n'
70.1757 	DATA 	Keypress: n
70.1777 	EXP 	Created unnamed TextStim = TextStim(__class__=<class 'psychopy.visual.text.TextStim'>, alignHoriz=method-wrapper(...), alignText='center', alignVert=method-wrapper(...), anchorHoriz='center', anchorVert='center', antialias=True, autoDraw=False, autoLog=True, bold=False, color=array([-1, -1, -1]), colorSpace='rgb', contrast=1.0, depth=0, flipHoriz=False, flipVert=False, font='', fontFiles=[], height=50.0, italic=False, languageStyle='LTR', name='unnamed TextStim', opacity=1.0, ori=0.0, pos=array([0., 0.]), rgb=UNKNOWN, text='Poprawnie', units='pix', win=Window(...), wrapWidth=500)
71.1892 	EXP 	unnamed TextStim: height = 25.0
71.1892 	EXP 	unnamed TextStim: height = 25.0
71.1892 	EXP 	unnamed TextStim: height = 25.0
71.1892 	EXP 	unnamed TextStim: text = 'z'
72.8297 	DATA 	Keypress: z
72.8317 	EXP 	Created unnamed TextStim = TextStim(__class__=<class 'psychopy.visual.text.TextStim'>, alignHoriz=method-wrapper(...), alignText='center', alignVert=method-wrapper(...), anchorHoriz='center', anchorVert='center', antialias=True, autoDraw=False, autoLog=True, bold=False, color=array([-1, -1, -1]), colorSpace='rgb', contrast=1.0, depth=0, flipHoriz=False, flipVert=False, font='', fontFiles=[], height=50.0, italic=False, languageStyle='LTR', name='unnamed TextStim', opacity=1.0, ori=0.0, pos=array([0., 0.]), rgb=UNKNOWN, text='Poprawnie', units='pix', win=Window(...), wrapWidth=500)
73.8391 	EXP 	unnamed TextStim: text = 'z'
75.4207 	DATA 	Keypress: z
75.4227 	EXP 	Created unnamed TextStim = TextStim(__class__=<class 'psychopy.visual.text.TextStim'>, alignHoriz=method-wrapper(...), alignText='center', alignVert=method-wrapper(...), anchorHoriz='center', anchorVert='center', antialias=True, autoDraw=False, autoLog=True, bold=False, color=array([-1, -1, -1]), colorSpace='rgb', contrast=1.0, depth=0, flipHoriz=False, flipVert=False, font='', fontFiles=[], height=50.0, italic=False, languageStyle='LTR', name='unnamed TextStim', opacity=1.0, ori=0.0, pos=array([0., 0.]), rgb=UNKNOWN, text='Poprawnie', units='pix', win=Window(...), wrapWidth=500)
76.4395 	EXP 	unnamed TextStim: height = 25.0
76.4395 	EXP 	unnamed TextStim: height = 25.0
76.4395 	EXP 	unnamed TextStim: height = 25.0
76.4395 	EXP 	unnamed TextStim: text = 'n'
78.1459 	DATA 	Keypress: n
78.1482 	EXP 	Created unnamed TextStim = TextStim(__class__=<class 'psychopy.visual.text.TextStim'>, alignHoriz=method-wrapper(...), alignText='center', alignVert=method-wrapper(...), anchorHoriz='center', anchorVert='center', antialias=True, autoDraw=False, autoLog=True, bold=False, color=array([-1, -1, -1]), colorSpace='rgb', contrast=1.0, depth=0, flipHoriz=False, flipVert=False, font='', fontFiles=[], height=50.0, italic=False, languageStyle='LTR', name='unnamed TextStim', opacity=1.0, ori=0.0, pos=array([0., 0.]), rgb=UNKNOWN, text='Poprawnie', units='pix', win=Window(...), wrapWidth=500)
79.1561 	EXP 	unnamed TextStim: text = 'n'
80.8182 	DATA 	Keypress: n
80.8202 	EXP 	Created unnamed TextStim = TextStim(__class__=<class 'psychopy.visual.text.TextStim'>, alignHoriz=method-wrapper(...), alignText='center', alignVert=method-wrapper(...), anchorHoriz='center', anchorVert='center', antialias=True, autoDraw=False, autoLog=True, bold=False, color=array([-1, -1, -1]), colorSpace='rgb', contrast=1.0, depth=0, flipHoriz=False, flipVert=False, font='', fontFiles=[], height=50.0, italic=False, languageStyle='LTR', name='unnamed TextStim', opacity=1.0, ori=0.0, pos=array([0., 0.]), rgb=UNKNOWN, text='Poprawnie', units='pix', win=Window(...), wrapWidth=500)
81.8530 	EXP 	Created unnamed TextStim = TextStim(__class__=<class 'psychopy.visual.text.TextStim'>, alignHoriz=method-wrapper(...), alignText='center', alignVert=method-wrapper(...), anchorHoriz='center', anchorVert='center', antialias=True, autoDraw=False, autoLog=True, bold=False, color=array([-1, -1, -1]), colorSpace='rgb', contrast=1.0, depth=0, flipHoriz=False, flipVert=False, font='', fontFiles=[], height=20.0, italic=False, languageStyle='LTR', name='unnamed TextStim', opacity=1.0, ori=0.0, pos=array([0., 0.]), rgb=UNKNOWN, text=str(...), units='pix', win=Window(...), wrapWidth=1536)
90.2484 	DATA 	Keypress: space
90.2563 	EXP 	unnamed TextStim: height = 25.0
90.2563 	EXP 	unnamed TextStim: height = 25.0
90.2563 	EXP 	unnamed TextStim: height = 25.0
90.2563 	EXP 	unnamed TextStim: text = 'm'
91.8184 	DATA 	Keypress: m
91.8245 	EXP 	Created unnamed TextStim = TextStim(__class__=<class 'psychopy.visual.text.TextStim'>, alignHoriz=method-wrapper(...), alignText='center', alignVert=method-wrapper(...), anchorHoriz='center', anchorVert='center', antialias=True, autoDraw=False, autoLog=True, bold=False, color=array([-1, -1, -1]), colorSpace='rgb', contrast=1.0, depth=0, flipHoriz=False, flipVert=False, font='', fontFiles=[], height=50.0, italic=False, languageStyle='LTR', name='unnamed TextStim', opacity=1.0, ori=0.0, pos=array([0., 0.]), rgb=UNKNOWN, text='Poprawnie', units='pix', win=Window(...), wrapWidth=500)
92.8400 	EXP 	unnamed TextStim: text = 'm'
94.1967 	DATA 	Keypress: m
94.1994 	EXP 	Created unnamed TextStim = TextStim(__class__=<class 'psychopy.visual.text.TextStim'>, alignHoriz=method-wrapper(...), alignText='center', alignVert=method-wrapper(...), anchorHoriz='center', anchorVert='center', antialias=True, autoDraw=False, autoLog=True, bold=False, color=array([-1, -1, -1]), colorSpace='rgb', contrast=1.0, depth=0, flipHoriz=False, flipVert=False, font='', fontFiles=[], height=50.0, italic=False, languageStyle='LTR', name='unnamed TextStim', opacity=1.0, ori=0.0, pos=array([0., 0.]), rgb=UNKNOWN, text='Poprawnie', units='pix', win=Window(...), wrapWidth=500)
95.2067 	EXP 	unnamed TextStim: height = 25.0
95.2067 	EXP 	unnamed TextStim: height = 25.0
95.2067 	EXP 	unnamed TextStim: height = 25.0
95.2067 	EXP 	unnamed TextStim: text = 'n'
96.5339 	DATA 	Keypress: n
96.5359 	EXP 	Created unnamed TextStim = TextStim(__class__=<class 'psychopy.visual.text.TextStim'>, alignHoriz=method-wrapper(...), alignText='center', alignVert=method-wrapper(...), anchorHoriz='center', anchorVert='center', antialias=True, autoDraw=False, autoLog=True, bold=False, color=array([-1, -1, -1]), colorSpace='rgb', contrast=1.0, depth=0, flipHoriz=False, flipVert=False, font='', fontFiles=[], height=50.0, italic=False, languageStyle='LTR', name='unnamed TextStim', opacity=1.0, ori=0.0, pos=array([0., 0.]), rgb=UNKNOWN, text='Poprawnie', units='pix', win=Window(...), wrapWidth=500)
97.5402 	EXP 	unnamed TextStim: text = 'n'
98.9978 	DATA 	Keypress: n
98.9998 	EXP 	Created unnamed TextStim = TextStim(__class__=<class 'psychopy.visual.text.TextStim'>, alignHoriz=method-wrapper(...), alignText='center', alignVert=method-wrapper(...), anchorHoriz='center', anchorVert='center', antialias=True, autoDraw=False, autoLog=True, bold=False, color=array([-1, -1, -1]), colorSpace='rgb', contrast=1.0, depth=0, flipHoriz=False, flipVert=False, font='', fontFiles=[], height=50.0, italic=False, languageStyle='LTR', name='unnamed TextStim', opacity=1.0, ori=0.0, pos=array([0., 0.]), rgb=UNKNOWN, text='Poprawnie', units='pix', win=Window(...), wrapWidth=500)
100.0069 	EXP 	unnamed TextStim: height = 25.0
100.0069 	EXP 	unnamed TextStim: height = 25.0
100.0069 	EXP 	unnamed TextStim: height = 25.0
100.0069 	EXP 	unnamed TextStim: text = 'z'
101.2743 	DATA 	Keypress: z
102.7745 	DATA 	No keypress (maxWait exceeded)
102.7776 	EXP 	Created unnamed TextStim = TextStim(__class__=<class 'psychopy.visual.text.TextStim'>, alignHoriz=method-wrapper(...), alignText='center', alignVert=method-wrapper(...), anchorHoriz='center', anchorVert='center', antialias=True, autoDraw=False, autoLog=True, bold=False, color=array([-1, -1, -1]), colorSpace='rgb', contrast=1.0, depth=0, flipHoriz=False, flipVert=False, font='', fontFiles=[], height=50.0, italic=False, languageStyle='LTR', name='unnamed TextStim', opacity=1.0, ori=0.0, pos=array([0., 0.]), rgb=UNKNOWN, text='Niepoprawnie', units='pix', win=Window(...), wrapWidth=500)
103.5791 	DATA 	Keypress: z
103.7904 	EXP 	unnamed TextStim: height = 25.0
103.7904 	EXP 	unnamed TextStim: height = 25.0
103.7904 	EXP 	unnamed TextStim: height = 25.0
103.7904 	EXP 	unnamed TextStim: text = 'm'
105.3902 	DATA 	Keypress: n
105.3927 	EXP 	Created unnamed TextStim = TextStim(__class__=<class 'psychopy.visual.text.TextStim'>, alignHoriz=method-wrapper(...), alignText='center', alignVert=method-wrapper(...), anchorHoriz='center', anchorVert='center', antialias=True, autoDraw=False, autoLog=True, bold=False, color=array([-1, -1, -1]), colorSpace='rgb', contrast=1.0, depth=0, flipHoriz=False, flipVert=False, font='', fontFiles=[], height=50.0, italic=False, languageStyle='LTR', name='unnamed TextStim', opacity=1.0, ori=0.0, pos=array([0., 0.]), rgb=UNKNOWN, text='Niepoprawnie', units='pix', win=Window(...), wrapWidth=500)
106.4071 	EXP 	unnamed TextStim: text = 'm'
107.7844 	DATA 	Keypress: n
107.7864 	EXP 	Created unnamed TextStim = TextStim(__class__=<class 'psychopy.visual.text.TextStim'>, alignHoriz=method-wrapper(...), alignText='center', alignVert=method-wrapper(...), anchorHoriz='center', anchorVert='center', antialias=True, autoDraw=False, autoLog=True, bold=False, color=array([-1, -1, -1]), colorSpace='rgb', contrast=1.0, depth=0, flipHoriz=False, flipVert=False, font='', fontFiles=[], height=50.0, italic=False, languageStyle='LTR', name='unnamed TextStim', opacity=1.0, ori=0.0, pos=array([0., 0.]), rgb=UNKNOWN, text='Niepoprawnie', units='pix', win=Window(...), wrapWidth=500)
108.5883 	DATA 	Keypress: m
108.7904 	EXP 	unnamed TextStim: height = 25.0
108.7904 	EXP 	unnamed TextStim: height = 25.0
108.7904 	EXP 	unnamed TextStim: height = 25.0
108.7904 	EXP 	unnamed TextStim: text = 'z'
110.4228 	DATA 	Keypress: z
110.4249 	EXP 	Created unnamed TextStim = TextStim(__class__=<class 'psychopy.visual.text.TextStim'>, alignHoriz=method-wrapper(...), alignText='center', alignVert=method-wrapper(...), anchorHoriz='center', anchorVert='center', antialias=True, autoDraw=False, autoLog=True, bold=False, color=array([-1, -1, -1]), colorSpace='rgb', contrast=1.0, depth=0, flipHoriz=False, flipVert=False, font='', fontFiles=[], height=50.0, italic=False, languageStyle='LTR', name='unnamed TextStim', opacity=1.0, ori=0.0, pos=array([0., 0.]), rgb=UNKNOWN, text='Poprawnie', units='pix', win=Window(...), wrapWidth=500)
111.4406 	EXP 	unnamed TextStim: height = 25.0
111.4406 	EXP 	unnamed TextStim: height = 25.0
111.4406 	EXP 	unnamed TextStim: height = 25.0
111.4406 	EXP 	unnamed TextStim: text = 'n'
113.0766 	DATA 	Keypress: n
113.0785 	EXP 	Created unnamed TextStim = TextStim(__class__=<class 'psychopy.visual.text.TextStim'>, alignHoriz=method-wrapper(...), alignText='center', alignVert=method-wrapper(...), anchorHoriz='center', anchorVert='center', antialias=True, autoDraw=False, autoLog=True, bold=False, color=array([-1, -1, -1]), colorSpace='rgb', contrast=1.0, depth=0, flipHoriz=False, flipVert=False, font='', fontFiles=[], height=50.0, italic=False, languageStyle='LTR', name='unnamed TextStim', opacity=1.0, ori=0.0, pos=array([0., 0.]), rgb=UNKNOWN, text='Poprawnie', units='pix', win=Window(...), wrapWidth=500)
114.0907 	EXP 	unnamed TextStim: height = 25.0
114.0907 	EXP 	unnamed TextStim: height = 25.0
114.0907 	EXP 	unnamed TextStim: height = 25.0
114.0907 	EXP 	unnamed TextStim: text = 'z'
115.8588 	DATA 	Keypress: z
115.8608 	EXP 	Created unnamed TextStim = TextStim(__class__=<class 'psychopy.visual.text.TextStim'>, alignHoriz=method-wrapper(...), alignText='center', alignVert=method-wrapper(...), anchorHoriz='center', anchorVert='center', antialias=True, autoDraw=False, autoLog=True, bold=False, color=array([-1, -1, -1]), colorSpace='rgb', contrast=1.0, depth=0, flipHoriz=False, flipVert=False, font='', fontFiles=[], height=50.0, italic=False, languageStyle='LTR', name='unnamed TextStim', opacity=1.0, ori=0.0, pos=array([0., 0.]), rgb=UNKNOWN, text='Poprawnie', units='pix', win=Window(...), wrapWidth=500)
116.8863 	EXP 	Created unnamed TextStim = TextStim(__class__=<class 'psychopy.visual.text.TextStim'>, alignHoriz=method-wrapper(...), alignText='center', alignVert=method-wrapper(...), anchorHoriz='center', anchorVert='center', antialias=True, autoDraw=False, autoLog=True, bold=False, color=array([-1, -1, -1]), colorSpace='rgb', contrast=1.0, depth=0, flipHoriz=False, flipVert=False, font='', fontFiles=[], height=20.0, italic=False, languageStyle='LTR', name='unnamed TextStim', opacity=1.0, ori=0.0, pos=array([0., 0.]), rgb=UNKNOWN, text=str(...), units='pix', win=Window(...), wrapWidth=1536)
127.1693 	DATA 	Keypress: space
127.1743 	EXP 	unnamed TextStim: height = 25.0
127.1743 	EXP 	unnamed TextStim: height = 25.0
127.1743 	EXP 	unnamed TextStim: height = 25.0
127.1743 	EXP 	unnamed TextStim: text = 'n'
128.6046 	DATA 	Keypress: n
128.6057 	EXP 	unnamed TextStim: text = 'n'
130.3014 	DATA 	Keypress: m
130.3049 	EXP 	unnamed TextStim: height = 25.0
130.3049 	EXP 	unnamed TextStim: height = 25.0
130.3049 	EXP 	unnamed TextStim: height = 25.0
130.3049 	EXP 	unnamed TextStim: text = 'x'
132.0399 	DATA 	Keypress: z
132.0426 	EXP 	unnamed TextStim: height = 25.0
132.0426 	EXP 	unnamed TextStim: height = 25.0
132.0426 	EXP 	unnamed TextStim: height = 25.0
132.0426 	EXP 	unnamed TextStim: text = 'n'
133.3823 	DATA 	Keypress: n
133.3859 	EXP 	unnamed TextStim: height = 25.0
133.3859 	EXP 	unnamed TextStim: height = 25.0
133.3859 	EXP 	unnamed TextStim: height = 25.0
133.3859 	EXP 	unnamed TextStim: text = 'm'
134.7788 	DATA 	Keypress: m
134.7800 	EXP 	unnamed TextStim: text = 'm'
136.2552 	DATA 	Keypress: m
136.3669 	EXP 	Created unnamed ImageStim = ImageStim(__class__=<class 'psychopy.visual.image.ImageStim'>, anchor=('center', 'center'), autoLog=True, color=array([1., 1., 1.]), colorSpace='rgb', contrast=1.0, depth=0, flipHoriz=False, flipVert=False, image='break.jpg', interpolate=True, mask=None, maskParams=None, name='unnamed ImageStim', opacity=1.0, ori=0.0, pos=array([0., 0.]), size=array([1536.,  864.]), texRes=128, units='pix', win=Window(...))
137.7092 	DATA 	Keypress: space
137.7249 	EXP 	unnamed TextStim: height = 25.0
137.7249 	EXP 	unnamed TextStim: height = 25.0
137.7249 	EXP 	unnamed TextStim: height = 25.0
137.7249 	EXP 	unnamed TextStim: text = 'x'
139.2765 	DATA 	Keypress: m
139.2806 	EXP 	unnamed TextStim: height = 25.0
139.2806 	EXP 	unnamed TextStim: height = 25.0
139.2806 	EXP 	unnamed TextStim: height = 25.0
139.2806 	EXP 	unnamed TextStim: text = 'n'
140.8763 	DATA 	Keypress: n
140.8775 	EXP 	unnamed TextStim: text = 'n'
142.5797 	DATA 	Keypress: n
142.5819 	EXP 	unnamed TextStim: height = 25.0
142.5819 	EXP 	unnamed TextStim: height = 25.0
142.5819 	EXP 	unnamed TextStim: height = 25.0
142.5819 	EXP 	unnamed TextStim: text = 'm'
143.9934 	DATA 	Keypress: m
143.9957 	EXP 	unnamed TextStim: height = 25.0
143.9957 	EXP 	unnamed TextStim: height = 25.0
143.9957 	EXP 	unnamed TextStim: height = 25.0
143.9957 	EXP 	unnamed TextStim: text = 'x'
145.4458 	DATA 	Keypress: z
145.4487 	EXP 	unnamed TextStim: height = 25.0
145.4487 	EXP 	unnamed TextStim: height = 25.0
145.4487 	EXP 	unnamed TextStim: height = 25.0
145.4487 	EXP 	unnamed TextStim: text = 'z'
147.1772 	DATA 	Keypress: x
147.2883 	EXP 	Created unnamed ImageStim = ImageStim(__class__=<class 'psychopy.visual.image.ImageStim'>, anchor=('center', 'center'), autoLog=True, color=array([1., 1., 1.]), colorSpace='rgb', contrast=1.0, depth=0, flipHoriz=False, flipVert=False, image='break.jpg', interpolate=True, mask=None, maskParams=None, name='unnamed ImageStim', opacity=1.0, ori=0.0, pos=array([0., 0.]), size=array([1536.,  864.]), texRes=128, units='pix', win=Window(...))
148.3803 	DATA 	Keypress: space
148.3920 	EXP 	unnamed TextStim: height = 25.0
148.3920 	EXP 	unnamed TextStim: height = 25.0
148.3920 	EXP 	unnamed TextStim: height = 25.0
148.3920 	EXP 	unnamed TextStim: text = 'x'
149.9269 	DATA 	Keypress: x
149.9290 	EXP 	unnamed TextStim: height = 25.0
149.9290 	EXP 	unnamed TextStim: height = 25.0
149.9290 	EXP 	unnamed TextStim: height = 25.0
149.9290 	EXP 	unnamed TextStim: text = 'z'
151.2321 	DATA 	Keypress: z
151.2342 	EXP 	unnamed TextStim: height = 25.0
151.2342 	EXP 	unnamed TextStim: height = 25.0
151.2342 	EXP 	unnamed TextStim: height = 25.0
151.2342 	EXP 	unnamed TextStim: text = 'n'
152.6798 	DATA 	Keypress: m
152.6811 	EXP 	unnamed TextStim: text = 'n'
154.3361 	DATA 	Keypress: m
154.3383 	EXP 	unnamed TextStim: height = 25.0
154.3383 	EXP 	unnamed TextStim: height = 25.0
154.3383 	EXP 	unnamed TextStim: height = 25.0
154.3383 	EXP 	unnamed TextStim: text = 'x'
155.8398 	DATA 	Keypress: m
155.8442 	EXP 	unnamed TextStim: height = 25.0
155.8442 	EXP 	unnamed TextStim: height = 25.0
155.8442 	EXP 	unnamed TextStim: height = 25.0
155.8442 	EXP 	unnamed TextStim: text = 'z'
157.8570 	DATA 	Keypress: n
157.9630 	EXP 	Created unnamed ImageStim = ImageStim(__class__=<class 'psychopy.visual.image.ImageStim'>, anchor=('center', 'center'), autoLog=True, color=array([1., 1., 1.]), colorSpace='rgb', contrast=1.0, depth=0, flipHoriz=False, flipVert=False, image='break.jpg', interpolate=True, mask=None, maskParams=None, name='unnamed ImageStim', opacity=1.0, ori=0.0, pos=array([0., 0.]), size=array([1536.,  864.]), texRes=128, units='pix', win=Window(...))
159.3581 	DATA 	Keypress: space
159.3757 	EXP 	unnamed TextStim: height = 25.0
159.3757 	EXP 	unnamed TextStim: height = 25.0
159.3757 	EXP 	unnamed TextStim: height = 25.0
159.3757 	EXP 	unnamed TextStim: text = 'x'
160.9845 	DATA 	Keypress: m
160.9866 	EXP 	unnamed TextStim: height = 25.0
160.9866 	EXP 	unnamed TextStim: height = 25.0
160.9866 	EXP 	unnamed TextStim: height = 25.0
160.9866 	EXP 	unnamed TextStim: text = 'm'
162.3821 	DATA 	Keypress: m
162.3843 	EXP 	unnamed TextStim: height = 25.0
162.3843 	EXP 	unnamed TextStim: height = 25.0
162.3843 	EXP 	unnamed TextStim: height = 25.0
162.3843 	EXP 	unnamed TextStim: text = 'n'
164.2166 	DATA 	Keypress: n
164.2188 	EXP 	unnamed TextStim: height = 25.0
164.2188 	EXP 	unnamed TextStim: height = 25.0
164.2188 	EXP 	unnamed TextStim: height = 25.0
164.2188 	EXP 	unnamed TextStim: text = 'z'
165.8942 	DATA 	Keypress: n
165.8965 	EXP 	unnamed TextStim: height = 25.0
165.8965 	EXP 	unnamed TextStim: height = 25.0
165.8965 	EXP 	unnamed TextStim: height = 25.0
165.8965 	EXP 	unnamed TextStim: text = 'n'
167.2614 	DATA 	Keypress: n
167.2635 	EXP 	unnamed TextStim: height = 25.0
167.2635 	EXP 	unnamed TextStim: height = 25.0
167.2635 	EXP 	unnamed TextStim: height = 25.0
167.2635 	EXP 	unnamed TextStim: text = 'z'
168.7864 	DATA 	Keypress: z
168.8928 	EXP 	Created unnamed ImageStim = ImageStim(__class__=<class 'psychopy.visual.image.ImageStim'>, anchor=('center', 'center'), autoLog=True, color=array([1., 1., 1.]), colorSpace='rgb', contrast=1.0, depth=0, flipHoriz=False, flipVert=False, image='break.jpg', interpolate=True, mask=None, maskParams=None, name='unnamed ImageStim', opacity=1.0, ori=0.0, pos=array([0., 0.]), size=array([1536.,  864.]), texRes=128, units='pix', win=Window(...))
170.2025 	DATA 	Keypress: space
170.2094 	EXP 	unnamed TextStim: height = 25.0
170.2094 	EXP 	unnamed TextStim: height = 25.0
170.2094 	EXP 	unnamed TextStim: height = 25.0
170.2094 	EXP 	unnamed TextStim: text = 'm'
171.6979 	DATA 	Keypress: m
171.7036 	EXP 	unnamed TextStim: height = 25.0
171.7036 	EXP 	unnamed TextStim: height = 25.0
171.7036 	EXP 	unnamed TextStim: height = 25.0
171.7036 	EXP 	unnamed TextStim: text = 'z'
173.3578 	DATA 	Keypress: z
173.3600 	EXP 	unnamed TextStim: height = 25.0
173.3600 	EXP 	unnamed TextStim: height = 25.0
173.3600 	EXP 	unnamed TextStim: height = 25.0
173.3600 	EXP 	unnamed TextStim: text = 'n'
175.0287 	DATA 	Keypress: n
175.0300 	EXP 	unnamed TextStim: text = 'n'
176.4552 	DATA 	Keypress: m
176.4573 	EXP 	unnamed TextStim: height = 25.0
176.4573 	EXP 	unnamed TextStim: height = 25.0
176.4573 	EXP 	unnamed TextStim: height = 25.0
176.4573 	EXP 	unnamed TextStim: text = 'm'
177.7958 	DATA 	Keypress: m
177.7970 	EXP 	unnamed TextStim: text = 'm'
179.2842 	DATA 	Keypress: m
179.3915 	EXP 	Created unnamed ImageStim = ImageStim(__class__=<class 'psychopy.visual.image.ImageStim'>, anchor=('center', 'center'), autoLog=True, color=array([1., 1., 1.]), colorSpace='rgb', contrast=1.0, depth=0, flipHoriz=False, flipVert=False, image='break.jpg', interpolate=True, mask=None, maskParams=None, name='unnamed ImageStim', opacity=1.0, ori=0.0, pos=array([0., 0.]), size=array([1536.,  864.]), texRes=128, units='pix', win=Window(...))
180.5352 	DATA 	Keypress: space
180.5430 	EXP 	unnamed TextStim: height = 25.0
180.5430 	EXP 	unnamed TextStim: height = 25.0
180.5430 	EXP 	unnamed TextStim: height = 25.0
180.5430 	EXP 	unnamed TextStim: text = 'z'
181.8533 	DATA 	Keypress: z
181.8554 	EXP 	unnamed TextStim: height = 25.0
181.8554 	EXP 	unnamed TextStim: height = 25.0
181.8554 	EXP 	unnamed TextStim: height = 25.0
181.8554 	EXP 	unnamed TextStim: text = 'x'
183.1501 	DATA 	Keypress: x
183.1513 	EXP 	unnamed TextStim: text = 'x'
184.7672 	DATA 	Keypress: x
184.7710 	EXP 	unnamed TextStim: height = 25.0
184.7710 	EXP 	unnamed TextStim: height = 25.0
184.7710 	EXP 	unnamed TextStim: height = 25.0
184.7710 	EXP 	unnamed TextStim: text = 'z'
186.1827 	DATA 	Keypress: z
186.1838 	EXP 	unnamed TextStim: text = 'z'
187.4285 	DATA 	Keypress: z
188.6287 	DATA 	Keypress: z
188.6310 	EXP 	unnamed TextStim: height = 25.0
188.6310 	EXP 	unnamed TextStim: height = 25.0
188.6310 	EXP 	unnamed TextStim: height = 25.0
188.6310 	EXP 	unnamed TextStim: text = 'n'
190.1701 	DATA 	Keypress: m
190.2755 	EXP 	Created unnamed ImageStim = ImageStim(__class__=<class 'psychopy.visual.image.ImageStim'>, anchor=('center', 'center'), autoLog=True, color=array([1., 1., 1.]), colorSpace='rgb', contrast=1.0, depth=0, flipHoriz=False, flipVert=False, image='break.jpg', interpolate=True, mask=None, maskParams=None, name='unnamed ImageStim', opacity=1.0, ori=0.0, pos=array([0., 0.]), size=array([1536.,  864.]), texRes=128, units='pix', win=Window(...))
191.5214 	DATA 	Keypress: space
191.5274 	EXP 	unnamed TextStim: height = 25.0
191.5274 	EXP 	unnamed TextStim: height = 25.0
191.5274 	EXP 	unnamed TextStim: height = 25.0
191.5274 	EXP 	unnamed TextStim: text = 'z'
193.5596 	DATA 	Keypress: z
193.5618 	EXP 	unnamed TextStim: height = 25.0
193.5618 	EXP 	unnamed TextStim: height = 25.0
193.5618 	EXP 	unnamed TextStim: height = 25.0
193.5618 	EXP 	unnamed TextStim: text = 'n'
195.0370 	DATA 	Keypress: n
195.0392 	EXP 	unnamed TextStim: height = 25.0
195.0392 	EXP 	unnamed TextStim: height = 25.0
195.0392 	EXP 	unnamed TextStim: height = 25.0
195.0392 	EXP 	unnamed TextStim: text = 'm'
196.4596 	DATA 	Keypress: m
196.4609 	EXP 	unnamed TextStim: text = 'm'
197.7670 	DATA 	Keypress: n
197.7770 	EXP 	unnamed TextStim: height = 25.0
197.7770 	EXP 	unnamed TextStim: height = 25.0
197.7770 	EXP 	unnamed TextStim: height = 25.0
197.7770 	EXP 	unnamed TextStim: text = 'n'
198.5614 	DATA 	Keypress: m
199.2260 	DATA 	Keypress: n
199.2283 	EXP 	unnamed TextStim: height = 25.0
199.2283 	EXP 	unnamed TextStim: height = 25.0
199.2283 	EXP 	unnamed TextStim: height = 25.0
199.2283 	EXP 	unnamed TextStim: text = 'x'
200.7431 	DATA 	Keypress: z
200.8468 	EXP 	Created unnamed ImageStim = ImageStim(__class__=<class 'psychopy.visual.image.ImageStim'>, anchor=('center', 'center'), autoLog=True, color=array([1., 1., 1.]), colorSpace='rgb', contrast=1.0, depth=0, flipHoriz=False, flipVert=False, image='break.jpg', interpolate=True, mask=None, maskParams=None, name='unnamed ImageStim', opacity=1.0, ori=0.0, pos=array([0., 0.]), size=array([1536.,  864.]), texRes=128, units='pix', win=Window(...))
200.8538 	DATA 	Keypress: x
201.8740 	DATA 	Keypress: space
201.8769 	EXP 	unnamed TextStim: height = 25.0
201.8769 	EXP 	unnamed TextStim: height = 25.0
201.8769 	EXP 	unnamed TextStim: height = 25.0
201.8769 	EXP 	unnamed TextStim: text = 'm'
203.3057 	DATA 	Keypress: m
203.3078 	EXP 	unnamed TextStim: height = 25.0
203.3078 	EXP 	unnamed TextStim: height = 25.0
203.3078 	EXP 	unnamed TextStim: height = 25.0
203.3078 	EXP 	unnamed TextStim: text = 'n'
204.7594 	DATA 	Keypress: n
204.7616 	EXP 	unnamed TextStim: height = 25.0
204.7616 	EXP 	unnamed TextStim: height = 25.0
204.7616 	EXP 	unnamed TextStim: height = 25.0
204.7616 	EXP 	unnamed TextStim: text = 'x'
206.5988 	DATA 	Keypress: x
206.6009 	EXP 	unnamed TextStim: height = 25.0
206.6009 	EXP 	unnamed TextStim: height = 25.0
206.6009 	EXP 	unnamed TextStim: height = 25.0
206.6009 	EXP 	unnamed TextStim: text = 'm'
208.0030 	DATA 	Keypress: m
208.0078 	EXP 	unnamed TextStim: height = 25.0
208.0078 	EXP 	unnamed TextStim: height = 25.0
208.0078 	EXP 	unnamed TextStim: height = 25.0
208.0078 	EXP 	unnamed TextStim: text = 'x'
209.2734 	DATA 	Keypress: n
209.2776 	EXP 	unnamed TextStim: text = 'x'
210.9835 	DATA 	Keypress: z
211.0952 	EXP 	Created unnamed ImageStim = ImageStim(__class__=<class 'psychopy.visual.image.ImageStim'>, anchor=('center', 'center'), autoLog=True, color=array([1., 1., 1.]), colorSpace='rgb', contrast=1.0, depth=0, flipHoriz=False, flipVert=False, image='break.jpg', interpolate=True, mask=None, maskParams=None, name='unnamed ImageStim', opacity=1.0, ori=0.0, pos=array([0., 0.]), size=array([1536.,  864.]), texRes=128, units='pix', win=Window(...))
212.1677 	DATA 	Keypress: space
212.1776 	EXP 	unnamed TextStim: height = 25.0
212.1776 	EXP 	unnamed TextStim: height = 25.0
212.1776 	EXP 	unnamed TextStim: height = 25.0
212.1776 	EXP 	unnamed TextStim: text = 'z'
213.7191 	DATA 	Keypress: m
213.7204 	EXP 	unnamed TextStim: text = 'z'
215.2999 	DATA 	Keypress: n
215.3010 	EXP 	unnamed TextStim: text = 'z'
215.9952 	DATA 	Keypress: z
218.0949 	DATA 	No keypress (maxWait exceeded)
218.0971 	EXP 	unnamed TextStim: height = 25.0
218.0971 	EXP 	unnamed TextStim: height = 25.0
218.0971 	EXP 	unnamed TextStim: height = 25.0
218.0971 	EXP 	unnamed TextStim: text = 'x'
218.2459 	DATA 	Keypress: z
220.8783 	DATA 	No keypress (maxWait exceeded)
220.8805 	EXP 	unnamed TextStim: height = 25.0
220.8805 	EXP 	unnamed TextStim: height = 25.0
220.8805 	EXP 	unnamed TextStim: height = 25.0
220.8805 	EXP 	unnamed TextStim: text = 'm'
222.2887 	DATA 	Keypress: m
222.2908 	EXP 	unnamed TextStim: height = 25.0
222.2908 	EXP 	unnamed TextStim: height = 25.0
222.2908 	EXP 	unnamed TextStim: height = 25.0
222.2908 	EXP 	unnamed TextStim: text = 'z'
223.6952 	DATA 	Keypress: z
223.8087 	EXP 	Created unnamed ImageStim = ImageStim(__class__=<class 'psychopy.visual.image.ImageStim'>, anchor=('center', 'center'), autoLog=True, color=array([1., 1., 1.]), colorSpace='rgb', contrast=1.0, depth=0, flipHoriz=False, flipVert=False, image='break.jpg', interpolate=True, mask=None, maskParams=None, name='unnamed ImageStim', opacity=1.0, ori=0.0, pos=array([0., 0.]), size=array([1536.,  864.]), texRes=128, units='pix', win=Window(...))
224.9102 	DATA 	Keypress: space
224.9280 	EXP 	unnamed TextStim: height = 25.0
224.9280 	EXP 	unnamed TextStim: height = 25.0
224.9280 	EXP 	unnamed TextStim: height = 25.0
224.9280 	EXP 	unnamed TextStim: text = 'm'
226.2290 	DATA 	Keypress: m
226.2311 	EXP 	unnamed TextStim: height = 25.0
226.2311 	EXP 	unnamed TextStim: height = 25.0
226.2311 	EXP 	unnamed TextStim: height = 25.0
226.2311 	EXP 	unnamed TextStim: text = 'z'
227.9175 	DATA 	Keypress: z
227.9195 	EXP 	unnamed TextStim: height = 25.0
227.9195 	EXP 	unnamed TextStim: height = 25.0
227.9195 	EXP 	unnamed TextStim: height = 25.0
227.9195 	EXP 	unnamed TextStim: text = 'x'
229.4357 	DATA 	Keypress: m
229.4412 	EXP 	unnamed TextStim: height = 25.0
229.4412 	EXP 	unnamed TextStim: height = 25.0
229.4412 	EXP 	unnamed TextStim: height = 25.0
229.4412 	EXP 	unnamed TextStim: text = 'n'
231.3326 	DATA 	Keypress: n
231.3347 	EXP 	unnamed TextStim: height = 25.0
231.3347 	EXP 	unnamed TextStim: height = 25.0
231.3347 	EXP 	unnamed TextStim: height = 25.0
231.3347 	EXP 	unnamed TextStim: text = 'x'
232.9866 	DATA 	Keypress: z
232.9889 	EXP 	unnamed TextStim: height = 25.0
232.9889 	EXP 	unnamed TextStim: height = 25.0
232.9889 	EXP 	unnamed TextStim: height = 25.0
232.9889 	EXP 	unnamed TextStim: text = 'm'
234.4356 	DATA 	Keypress: m
234.5393 	EXP 	Created unnamed ImageStim = ImageStim(__class__=<class 'psychopy.visual.image.ImageStim'>, anchor=('center', 'center'), autoLog=True, color=array([1., 1., 1.]), colorSpace='rgb', contrast=1.0, depth=0, flipHoriz=False, flipVert=False, image='break.jpg', interpolate=True, mask=None, maskParams=None, name='unnamed ImageStim', opacity=1.0, ori=0.0, pos=array([0., 0.]), size=array([1536.,  864.]), texRes=128, units='pix', win=Window(...))
235.6134 	DATA 	Keypress: space
235.6284 	EXP 	unnamed TextStim: text = 'm'
237.1066 	DATA 	Keypress: m
237.1077 	EXP 	unnamed TextStim: text = 'm'
238.8112 	DATA 	Keypress: m
238.8134 	EXP 	unnamed TextStim: height = 25.0
238.8134 	EXP 	unnamed TextStim: height = 25.0
238.8134 	EXP 	unnamed TextStim: height = 25.0
238.8134 	EXP 	unnamed TextStim: text = 'x'
240.2880 	DATA 	Keypress: x
240.2891 	EXP 	unnamed TextStim: text = 'x'
241.9940 	DATA 	Keypress: x
241.9962 	EXP 	unnamed TextStim: height = 25.0
241.9962 	EXP 	unnamed TextStim: height = 25.0
241.9962 	EXP 	unnamed TextStim: height = 25.0
241.9962 	EXP 	unnamed TextStim: text = 'n'
243.4848 	DATA 	Keypress: n
243.4870 	EXP 	unnamed TextStim: height = 25.0
243.4870 	EXP 	unnamed TextStim: height = 25.0
243.4870 	EXP 	unnamed TextStim: height = 25.0
243.4870 	EXP 	unnamed TextStim: text = 'm'
244.9899 	DATA 	Keypress: n
245.0938 	EXP 	Created unnamed ImageStim = ImageStim(__class__=<class 'psychopy.visual.image.ImageStim'>, anchor=('center', 'center'), autoLog=True, color=array([1., 1., 1.]), colorSpace='rgb', contrast=1.0, depth=0, flipHoriz=False, flipVert=False, image='break.jpg', interpolate=True, mask=None, maskParams=None, name='unnamed ImageStim', opacity=1.0, ori=0.0, pos=array([0., 0.]), size=array([1536.,  864.]), texRes=128, units='pix', win=Window(...))
246.1381 	DATA 	Keypress: space
246.1557 	EXP 	Created unnamed TextStim = TextStim(__class__=<class 'psychopy.visual.text.TextStim'>, alignHoriz=method-wrapper(...), alignText='center', alignVert=method-wrapper(...), anchorHoriz='center', anchorVert='center', antialias=True, autoDraw=False, autoLog=True, bold=False, color=array([-1, -1, -1]), colorSpace='rgb', contrast=1.0, depth=0, flipHoriz=False, flipVert=False, font='', fontFiles=[], height=20.0, italic=False, languageStyle='LTR', name='unnamed TextStim', opacity=1.0, ori=0.0, pos=array([0., 0.]), rgb=UNKNOWN, text=str(...), units='pix', win=Window(...), wrapWidth=1536)
255.1957 	DATA 	Keypress: return
255.3024 	EXP 	window1: mouseVisible = True
