12.7789 	WARNING 	User requested fullscreen with size [1536  864], but screen is actually [1920, 1080]. Using actual size
14.0695 	INFO 	FRAME RATE: 60
14.0696 	INFO 	SCREEN RES: odict_values([1536, 864])
14.1284 	EXP 	Created unnamed TextStim = TextStim(__class__=<class 'psychopy.visual.text.TextStim'>, alignHoriz=method-wrapper(...), alignText='center', alignVert=method-wrapper(...), anchorHoriz='center', anchorVert='center', antialias=True, autoDraw=False, autoLog=True, bold=False, color=array([-1, -1, -1]), colorSpace='rgb', contrast=1.0, depth=0, flipHoriz=False, flipVert=False, font='', fontFiles=[], height=100.0, italic=False, languageStyle='LTR', name='unnamed TextStim', opacity=1.0, ori=0.0, pos=array([0., 0.]), rgb=UNKNOWN, text='+', units='pix', win=Window(...), wrapWidth=500)
14.1325 	EXP 	Created unnamed Circle = Circle(__class__=<class 'psychopy.visual.circle.Circle'>, anchor=('center', 'center'), autoDraw=False, autoLog=True, closeShape=True, color=method-wrapper(...), colorSpace='rgb', contrast=None, depth=0, fillColor=array([ 0.09019608, -1.        , -1.        ]), fillColorSpace='rgb', fillRGB=array([ 0.09019608, -1.        , -1.        ]), interpolate=True, lineColor=array([ 0.09019608, -1.        , -1.        ]), lineColorSpace='rgb', lineRGB=array([ 0.09019608, -1.        , -1.        ]), lineWidth=1.5, name='unnamed Circle', opacity=1.0, ori=0.0, pos=array([0., 0.]), size=array([1., 1.]), units='pix', vertices=ndarray(...), win=Window(...))
14.1333 	EXP 	Created unnamed TextStim = TextStim(__class__=<class 'psychopy.visual.text.TextStim'>, alignHoriz=method-wrapper(...), alignText='center', alignVert=method-wrapper(...), anchorHoriz='center', anchorVert='center', antialias=True, autoDraw=False, autoLog=True, bold=False, color=array([-0.17647059, -0.17647059, -0.17647059]), colorSpace='rgb', contrast=1.0, depth=0, flipHoriz=False, flipVert=False, font='', fontFiles=[], height=25, italic=False, languageStyle='LTR', name='unnamed TextStim', opacity=1.0, ori=0.0, pos=array([0., 0.]), rgb=UNKNOWN, text='', units='pix', win=Window(...), wrapWidth=500)
14.1415 	EXP 	Created unnamed ImageStim = ImageStim(__class__=<class 'psychopy.visual.image.ImageStim'>, anchor=('center', 'center'), autoLog=True, color=array([1., 1., 1.]), colorSpace='rgb', contrast=1.0, depth=0, flipHoriz=False, flipVert=False, image='mask4.png', interpolate=False, mask=None, maskParams=None, name='unnamed ImageStim', opacity=1.0, ori=0.0, pos=array([0., 0.]), size=array([25., 25.]), texRes=128, units='pix', win=Window(...))
14.1483 	EXP 	Created unnamed TextStim = TextStim(__class__=<class 'psychopy.visual.text.TextStim'>, alignHoriz=method-wrapper(...), alignText='center', alignVert=method-wrapper(...), anchorHoriz='center', anchorVert='center', antialias=True, autoDraw=False, autoLog=True, bold=False, color=array([-1, -1, -1]), colorSpace='rgb', contrast=1.0, depth=0, flipHoriz=False, flipVert=False, font='', fontFiles=[], height=30.0, italic=False, languageStyle='LTR', name='unnamed TextStim', opacity=1.0, ori=0.0, pos=array([ 100., -300.]), rgb=UNKNOWN, text=str(...), units='pix', win=Window(...), wrapWidth=10000)
14.1526 	EXP 	Created unnamed TextStim = TextStim(__class__=<class 'psychopy.visual.text.TextStim'>, alignHoriz=method-wrapper(...), alignText='center', alignVert=method-wrapper(...), anchorHoriz='center', anchorVert='center', antialias=True, autoDraw=False, autoLog=True, bold=False, color=array([-1, -1, -1]), colorSpace='rgb', contrast=1.0, depth=0, flipHoriz=False, flipVert=False, font='', fontFiles=[], height=30.0, italic=False, languageStyle='LTR', name='unnamed TextStim', opacity=1.0, ori=0.0, pos=array([ 100., -330.]), rgb=UNKNOWN, text=str(...), units='pix', win=Window(...), wrapWidth=10000)
14.1884 	EXP 	Created unnamed TextStim = TextStim(__class__=<class 'psychopy.visual.text.TextStim'>, alignHoriz=method-wrapper(...), alignText='center', alignVert=method-wrapper(...), anchorHoriz='center', anchorVert='center', antialias=True, autoDraw=False, autoLog=True, bold=False, color=array([-1, -1, -1]), colorSpace='rgb', contrast=1.0, depth=0, flipHoriz=False, flipVert=False, font='', fontFiles=[], height=20.0, italic=False, languageStyle='LTR', name='unnamed TextStim', opacity=1.0, ori=0.0, pos=array([0., 0.]), rgb=UNKNOWN, text=str(...), units='pix', win=Window(...), wrapWidth=1536)
30.4428 	DATA 	Keypress: space
30.4496 	EXP 	unnamed TextStim: height = 25.0
30.4496 	EXP 	unnamed TextStim: height = 25.0
30.4496 	EXP 	unnamed TextStim: height = 25.0
30.4496 	EXP 	unnamed TextStim: text = 'x'
32.5305 	DATA 	Keypress: x
32.5375 	EXP 	Created unnamed TextStim = TextStim(__class__=<class 'psychopy.visual.text.TextStim'>, alignHoriz=method-wrapper(...), alignText='center', alignVert=method-wrapper(...), anchorHoriz='center', anchorVert='center', antialias=True, autoDraw=False, autoLog=True, bold=False, color=array([-1, -1, -1]), colorSpace='rgb', contrast=1.0, depth=0, flipHoriz=False, flipVert=False, font='', fontFiles=[], height=50.0, italic=False, languageStyle='LTR', name='unnamed TextStim', opacity=1.0, ori=0.0, pos=array([0., 0.]), rgb=UNKNOWN, text='Poprawnie', units='pix', win=Window(...), wrapWidth=500)
33.5499 	EXP 	unnamed TextStim: height = 25.0
33.5499 	EXP 	unnamed TextStim: height = 25.0
33.5499 	EXP 	unnamed TextStim: height = 25.0
33.5499 	EXP 	unnamed TextStim: text = 'z'
35.2828 	DATA 	Keypress: z
35.2850 	EXP 	Created unnamed TextStim = TextStim(__class__=<class 'psychopy.visual.text.TextStim'>, alignHoriz=method-wrapper(...), alignText='center', alignVert=method-wrapper(...), anchorHoriz='center', anchorVert='center', antialias=True, autoDraw=False, autoLog=True, bold=False, color=array([-1, -1, -1]), colorSpace='rgb', contrast=1.0, depth=0, flipHoriz=False, flipVert=False, font='', fontFiles=[], height=50.0, italic=False, languageStyle='LTR', name='unnamed TextStim', opacity=1.0, ori=0.0, pos=array([0., 0.]), rgb=UNKNOWN, text='Poprawnie', units='pix', win=Window(...), wrapWidth=500)
36.3001 	EXP 	unnamed TextStim: text = 'z'
38.0102 	DATA 	Keypress: z
38.0121 	EXP 	Created unnamed TextStim = TextStim(__class__=<class 'psychopy.visual.text.TextStim'>, alignHoriz=method-wrapper(...), alignText='center', alignVert=method-wrapper(...), anchorHoriz='center', anchorVert='center', antialias=True, autoDraw=False, autoLog=True, bold=False, color=array([-1, -1, -1]), colorSpace='rgb', contrast=1.0, depth=0, flipHoriz=False, flipVert=False, font='', fontFiles=[], height=50.0, italic=False, languageStyle='LTR', name='unnamed TextStim', opacity=1.0, ori=0.0, pos=array([0., 0.]), rgb=UNKNOWN, text='Poprawnie', units='pix', win=Window(...), wrapWidth=500)
39.0175 	EXP 	unnamed TextStim: height = 25.0
39.0175 	EXP 	unnamed TextStim: height = 25.0
39.0175 	EXP 	unnamed TextStim: height = 25.0
39.0175 	EXP 	unnamed TextStim: text = 'm'
40.6832 	DATA 	Keypress: m
40.6860 	EXP 	Created unnamed TextStim = TextStim(__class__=<class 'psychopy.visual.text.TextStim'>, alignHoriz=method-wrapper(...), alignText='center', alignVert=method-wrapper(...), anchorHoriz='center', anchorVert='center', antialias=True, autoDraw=False, autoLog=True, bold=False, color=array([-1, -1, -1]), colorSpace='rgb', contrast=1.0, depth=0, flipHoriz=False, flipVert=False, font='', fontFiles=[], height=50.0, italic=False, languageStyle='LTR', name='unnamed TextStim', opacity=1.0, ori=0.0, pos=array([0., 0.]), rgb=UNKNOWN, text='Poprawnie', units='pix', win=Window(...), wrapWidth=500)
41.7003 	EXP 	unnamed TextStim: height = 25.0
41.7003 	EXP 	unnamed TextStim: height = 25.0
41.7003 	EXP 	unnamed TextStim: height = 25.0
41.7003 	EXP 	unnamed TextStim: text = 'z'
43.6832 	DATA 	Keypress: z
43.6853 	EXP 	Created unnamed TextStim = TextStim(__class__=<class 'psychopy.visual.text.TextStim'>, alignHoriz=method-wrapper(...), alignText='center', alignVert=method-wrapper(...), anchorHoriz='center', anchorVert='center', antialias=True, autoDraw=False, autoLog=True, bold=False, color=array([-1, -1, -1]), colorSpace='rgb', contrast=1.0, depth=0, flipHoriz=False, flipVert=False, font='', fontFiles=[], height=50.0, italic=False, languageStyle='LTR', name='unnamed TextStim', opacity=1.0, ori=0.0, pos=array([0., 0.]), rgb=UNKNOWN, text='Poprawnie', units='pix', win=Window(...), wrapWidth=500)
44.7003 	EXP 	unnamed TextStim: text = 'z'
46.2482 	DATA 	Keypress: z
46.2502 	EXP 	Created unnamed TextStim = TextStim(__class__=<class 'psychopy.visual.text.TextStim'>, alignHoriz=method-wrapper(...), alignText='center', alignVert=method-wrapper(...), anchorHoriz='center', anchorVert='center', antialias=True, autoDraw=False, autoLog=True, bold=False, color=array([-1, -1, -1]), colorSpace='rgb', contrast=1.0, depth=0, flipHoriz=False, flipVert=False, font='', fontFiles=[], height=50.0, italic=False, languageStyle='LTR', name='unnamed TextStim', opacity=1.0, ori=0.0, pos=array([0., 0.]), rgb=UNKNOWN, text='Poprawnie', units='pix', win=Window(...), wrapWidth=500)
47.2670 	EXP 	unnamed TextStim: height = 25.0
47.2670 	EXP 	unnamed TextStim: height = 25.0
47.2670 	EXP 	unnamed TextStim: height = 25.0
47.2670 	EXP 	unnamed TextStim: text = 'x'
48.8609 	DATA 	Keypress: z
48.8666 	EXP 	Created unnamed TextStim = TextStim(__class__=<class 'psychopy.visual.text.TextStim'>, alignHoriz=method-wrapper(...), alignText='center', alignVert=method-wrapper(...), anchorHoriz='center', anchorVert='center', antialias=True, autoDraw=False, autoLog=True, bold=False, color=array([-1, -1, -1]), colorSpace='rgb', contrast=1.0, depth=0, flipHoriz=False, flipVert=False, font='', fontFiles=[], height=50.0, italic=False, languageStyle='LTR', name='unnamed TextStim', opacity=1.0, ori=0.0, pos=array([0., 0.]), rgb=UNKNOWN, text='Niepoprawnie', units='pix', win=Window(...), wrapWidth=500)
49.8839 	EXP 	unnamed TextStim: height = 25.0
49.8839 	EXP 	unnamed TextStim: height = 25.0
49.8839 	EXP 	unnamed TextStim: height = 25.0
49.8839 	EXP 	unnamed TextStim: text = 'n'
51.5000 	DATA 	Keypress: n
51.5020 	EXP 	Created unnamed TextStim = TextStim(__class__=<class 'psychopy.visual.text.TextStim'>, alignHoriz=method-wrapper(...), alignText='center', alignVert=method-wrapper(...), anchorHoriz='center', anchorVert='center', antialias=True, autoDraw=False, autoLog=True, bold=False, color=array([-1, -1, -1]), colorSpace='rgb', contrast=1.0, depth=0, flipHoriz=False, flipVert=False, font='', fontFiles=[], height=50.0, italic=False, languageStyle='LTR', name='unnamed TextStim', opacity=1.0, ori=0.0, pos=array([0., 0.]), rgb=UNKNOWN, text='Poprawnie', units='pix', win=Window(...), wrapWidth=500)
52.5174 	EXP 	unnamed TextStim: height = 25.0
52.5174 	EXP 	unnamed TextStim: height = 25.0
52.5174 	EXP 	unnamed TextStim: height = 25.0
52.5174 	EXP 	unnamed TextStim: text = 'x'
54.3913 	DATA 	Keypress: x
54.3933 	EXP 	Created unnamed TextStim = TextStim(__class__=<class 'psychopy.visual.text.TextStim'>, alignHoriz=method-wrapper(...), alignText='center', alignVert=method-wrapper(...), anchorHoriz='center', anchorVert='center', antialias=True, autoDraw=False, autoLog=True, bold=False, color=array([-1, -1, -1]), colorSpace='rgb', contrast=1.0, depth=0, flipHoriz=False, flipVert=False, font='', fontFiles=[], height=50.0, italic=False, languageStyle='LTR', name='unnamed TextStim', opacity=1.0, ori=0.0, pos=array([0., 0.]), rgb=UNKNOWN, text='Poprawnie', units='pix', win=Window(...), wrapWidth=500)
55.4008 	EXP 	unnamed TextStim: text = 'x'
57.0549 	DATA 	Keypress: x
57.0572 	EXP 	Created unnamed TextStim = TextStim(__class__=<class 'psychopy.visual.text.TextStim'>, alignHoriz=method-wrapper(...), alignText='center', alignVert=method-wrapper(...), anchorHoriz='center', anchorVert='center', antialias=True, autoDraw=False, autoLog=True, bold=False, color=array([-1, -1, -1]), colorSpace='rgb', contrast=1.0, depth=0, flipHoriz=False, flipVert=False, font='', fontFiles=[], height=50.0, italic=False, languageStyle='LTR', name='unnamed TextStim', opacity=1.0, ori=0.0, pos=array([0., 0.]), rgb=UNKNOWN, text='Poprawnie', units='pix', win=Window(...), wrapWidth=500)
58.0678 	EXP 	unnamed TextStim: text = 'x'
59.6143 	DATA 	Keypress: x
59.6182 	EXP 	Created unnamed TextStim = TextStim(__class__=<class 'psychopy.visual.text.TextStim'>, alignHoriz=method-wrapper(...), alignText='center', alignVert=method-wrapper(...), anchorHoriz='center', anchorVert='center', antialias=True, autoDraw=False, autoLog=True, bold=False, color=array([-1, -1, -1]), colorSpace='rgb', contrast=1.0, depth=0, flipHoriz=False, flipVert=False, font='', fontFiles=[], height=50.0, italic=False, languageStyle='LTR', name='unnamed TextStim', opacity=1.0, ori=0.0, pos=array([0., 0.]), rgb=UNKNOWN, text='Poprawnie', units='pix', win=Window(...), wrapWidth=500)
60.6344 	EXP 	unnamed TextStim: height = 25.0
60.6344 	EXP 	unnamed TextStim: height = 25.0
60.6344 	EXP 	unnamed TextStim: height = 25.0
60.6344 	EXP 	unnamed TextStim: text = 'm'
62.3693 	DATA 	Keypress: m
62.3715 	EXP 	Created unnamed TextStim = TextStim(__class__=<class 'psychopy.visual.text.TextStim'>, alignHoriz=method-wrapper(...), alignText='center', alignVert=method-wrapper(...), anchorHoriz='center', anchorVert='center', antialias=True, autoDraw=False, autoLog=True, bold=False, color=array([-1, -1, -1]), colorSpace='rgb', contrast=1.0, depth=0, flipHoriz=False, flipVert=False, font='', fontFiles=[], height=50.0, italic=False, languageStyle='LTR', name='unnamed TextStim', opacity=1.0, ori=0.0, pos=array([0., 0.]), rgb=UNKNOWN, text='Poprawnie', units='pix', win=Window(...), wrapWidth=500)
63.3843 	EXP 	unnamed TextStim: text = 'm'
64.7186 	DATA 	Keypress: m
64.7242 	EXP 	Created unnamed TextStim = TextStim(__class__=<class 'psychopy.visual.text.TextStim'>, alignHoriz=method-wrapper(...), alignText='center', alignVert=method-wrapper(...), anchorHoriz='center', anchorVert='center', antialias=True, autoDraw=False, autoLog=True, bold=False, color=array([-1, -1, -1]), colorSpace='rgb', contrast=1.0, depth=0, flipHoriz=False, flipVert=False, font='', fontFiles=[], height=50.0, italic=False, languageStyle='LTR', name='unnamed TextStim', opacity=1.0, ori=0.0, pos=array([0., 0.]), rgb=UNKNOWN, text='Poprawnie', units='pix', win=Window(...), wrapWidth=500)
65.7514 	EXP 	unnamed TextStim: height = 25.0
65.7514 	EXP 	unnamed TextStim: height = 25.0
65.7514 	EXP 	unnamed TextStim: height = 25.0
65.7514 	EXP 	unnamed TextStim: text = 'n'
67.3642 	DATA 	Keypress: n
67.3663 	EXP 	Created unnamed TextStim = TextStim(__class__=<class 'psychopy.visual.text.TextStim'>, alignHoriz=method-wrapper(...), alignText='center', alignVert=method-wrapper(...), anchorHoriz='center', anchorVert='center', antialias=True, autoDraw=False, autoLog=True, bold=False, color=array([-1, -1, -1]), colorSpace='rgb', contrast=1.0, depth=0, flipHoriz=False, flipVert=False, font='', fontFiles=[], height=50.0, italic=False, languageStyle='LTR', name='unnamed TextStim', opacity=1.0, ori=0.0, pos=array([0., 0.]), rgb=UNKNOWN, text='Poprawnie', units='pix', win=Window(...), wrapWidth=500)
68.3846 	EXP 	unnamed TextStim: height = 25.0
68.3846 	EXP 	unnamed TextStim: height = 25.0
68.3846 	EXP 	unnamed TextStim: height = 25.0
68.3846 	EXP 	unnamed TextStim: text = 'm'
69.9400 	DATA 	Keypress: m
69.9422 	EXP 	Created unnamed TextStim = TextStim(__class__=<class 'psychopy.visual.text.TextStim'>, alignHoriz=method-wrapper(...), alignText='center', alignVert=method-wrapper(...), anchorHoriz='center', anchorVert='center', antialias=True, autoDraw=False, autoLog=True, bold=False, color=array([-1, -1, -1]), colorSpace='rgb', contrast=1.0, depth=0, flipHoriz=False, flipVert=False, font='', fontFiles=[], height=50.0, italic=False, languageStyle='LTR', name='unnamed TextStim', opacity=1.0, ori=0.0, pos=array([0., 0.]), rgb=UNKNOWN, text='Poprawnie', units='pix', win=Window(...), wrapWidth=500)
70.9705 	EXP 	Created unnamed TextStim = TextStim(__class__=<class 'psychopy.visual.text.TextStim'>, alignHoriz=method-wrapper(...), alignText='center', alignVert=method-wrapper(...), anchorHoriz='center', anchorVert='center', antialias=True, autoDraw=False, autoLog=True, bold=False, color=array([-1, -1, -1]), colorSpace='rgb', contrast=1.0, depth=0, flipHoriz=False, flipVert=False, font='', fontFiles=[], height=20.0, italic=False, languageStyle='LTR', name='unnamed TextStim', opacity=1.0, ori=0.0, pos=array([0., 0.]), rgb=UNKNOWN, text=str(...), units='pix', win=Window(...), wrapWidth=1536)
80.0006 	DATA 	Keypress: space
80.0183 	EXP 	unnamed TextStim: height = 25.0
80.0183 	EXP 	unnamed TextStim: height = 25.0
80.0183 	EXP 	unnamed TextStim: height = 25.0
80.0183 	EXP 	unnamed TextStim: text = 'x'
81.7760 	DATA 	Keypress: x
81.7823 	EXP 	Created unnamed TextStim = TextStim(__class__=<class 'psychopy.visual.text.TextStim'>, alignHoriz=method-wrapper(...), alignText='center', alignVert=method-wrapper(...), anchorHoriz='center', anchorVert='center', antialias=True, autoDraw=False, autoLog=True, bold=False, color=array([-1, -1, -1]), colorSpace='rgb', contrast=1.0, depth=0, flipHoriz=False, flipVert=False, font='', fontFiles=[], height=50.0, italic=False, languageStyle='LTR', name='unnamed TextStim', opacity=1.0, ori=0.0, pos=array([0., 0.]), rgb=UNKNOWN, text='Poprawnie', units='pix', win=Window(...), wrapWidth=500)
82.7869 	EXP 	unnamed TextStim: height = 25.0
82.7869 	EXP 	unnamed TextStim: height = 25.0
82.7869 	EXP 	unnamed TextStim: height = 25.0
82.7869 	EXP 	unnamed TextStim: text = 'm'
84.5074 	DATA 	Keypress: m
84.5095 	EXP 	Created unnamed TextStim = TextStim(__class__=<class 'psychopy.visual.text.TextStim'>, alignHoriz=method-wrapper(...), alignText='center', alignVert=method-wrapper(...), anchorHoriz='center', anchorVert='center', antialias=True, autoDraw=False, autoLog=True, bold=False, color=array([-1, -1, -1]), colorSpace='rgb', contrast=1.0, depth=0, flipHoriz=False, flipVert=False, font='', fontFiles=[], height=50.0, italic=False, languageStyle='LTR', name='unnamed TextStim', opacity=1.0, ori=0.0, pos=array([0., 0.]), rgb=UNKNOWN, text='Poprawnie', units='pix', win=Window(...), wrapWidth=500)
85.5185 	EXP 	unnamed TextStim: height = 25.0
85.5185 	EXP 	unnamed TextStim: height = 25.0
85.5185 	EXP 	unnamed TextStim: height = 25.0
85.5185 	EXP 	unnamed TextStim: text = 'n'
87.2377 	DATA 	Keypress: n
87.2400 	EXP 	Created unnamed TextStim = TextStim(__class__=<class 'psychopy.visual.text.TextStim'>, alignHoriz=method-wrapper(...), alignText='center', alignVert=method-wrapper(...), anchorHoriz='center', anchorVert='center', antialias=True, autoDraw=False, autoLog=True, bold=False, color=array([-1, -1, -1]), colorSpace='rgb', contrast=1.0, depth=0, flipHoriz=False, flipVert=False, font='', fontFiles=[], height=50.0, italic=False, languageStyle='LTR', name='unnamed TextStim', opacity=1.0, ori=0.0, pos=array([0., 0.]), rgb=UNKNOWN, text='Poprawnie', units='pix', win=Window(...), wrapWidth=500)
88.2522 	EXP 	unnamed TextStim: text = 'n'
89.9144 	DATA 	Keypress: n
89.9167 	EXP 	Created unnamed TextStim = TextStim(__class__=<class 'psychopy.visual.text.TextStim'>, alignHoriz=method-wrapper(...), alignText='center', alignVert=method-wrapper(...), anchorHoriz='center', anchorVert='center', antialias=True, autoDraw=False, autoLog=True, bold=False, color=array([-1, -1, -1]), colorSpace='rgb', contrast=1.0, depth=0, flipHoriz=False, flipVert=False, font='', fontFiles=[], height=50.0, italic=False, languageStyle='LTR', name='unnamed TextStim', opacity=1.0, ori=0.0, pos=array([0., 0.]), rgb=UNKNOWN, text='Poprawnie', units='pix', win=Window(...), wrapWidth=500)
90.9207 	EXP 	unnamed TextStim: height = 25.0
90.9207 	EXP 	unnamed TextStim: height = 25.0
90.9207 	EXP 	unnamed TextStim: height = 25.0
90.9207 	EXP 	unnamed TextStim: text = 'x'
92.7442 	DATA 	Keypress: x
92.7462 	EXP 	Created unnamed TextStim = TextStim(__class__=<class 'psychopy.visual.text.TextStim'>, alignHoriz=method-wrapper(...), alignText='center', alignVert=method-wrapper(...), anchorHoriz='center', anchorVert='center', antialias=True, autoDraw=False, autoLog=True, bold=False, color=array([-1, -1, -1]), colorSpace='rgb', contrast=1.0, depth=0, flipHoriz=False, flipVert=False, font='', fontFiles=[], height=50.0, italic=False, languageStyle='LTR', name='unnamed TextStim', opacity=1.0, ori=0.0, pos=array([0., 0.]), rgb=UNKNOWN, text='Poprawnie', units='pix', win=Window(...), wrapWidth=500)
93.7523 	EXP 	unnamed TextStim: text = 'x'
95.3200 	DATA 	Keypress: x
95.3222 	EXP 	Created unnamed TextStim = TextStim(__class__=<class 'psychopy.visual.text.TextStim'>, alignHoriz=method-wrapper(...), alignText='center', alignVert=method-wrapper(...), anchorHoriz='center', anchorVert='center', antialias=True, autoDraw=False, autoLog=True, bold=False, color=array([-1, -1, -1]), colorSpace='rgb', contrast=1.0, depth=0, flipHoriz=False, flipVert=False, font='', fontFiles=[], height=50.0, italic=False, languageStyle='LTR', name='unnamed TextStim', opacity=1.0, ori=0.0, pos=array([0., 0.]), rgb=UNKNOWN, text='Poprawnie', units='pix', win=Window(...), wrapWidth=500)
96.3357 	EXP 	unnamed TextStim: text = 'x'
97.8178 	DATA 	Keypress: x
97.8198 	EXP 	Created unnamed TextStim = TextStim(__class__=<class 'psychopy.visual.text.TextStim'>, alignHoriz=method-wrapper(...), alignText='center', alignVert=method-wrapper(...), anchorHoriz='center', anchorVert='center', antialias=True, autoDraw=False, autoLog=True, bold=False, color=array([-1, -1, -1]), colorSpace='rgb', contrast=1.0, depth=0, flipHoriz=False, flipVert=False, font='', fontFiles=[], height=50.0, italic=False, languageStyle='LTR', name='unnamed TextStim', opacity=1.0, ori=0.0, pos=array([0., 0.]), rgb=UNKNOWN, text='Poprawnie', units='pix', win=Window(...), wrapWidth=500)
98.8359 	EXP 	unnamed TextStim: height = 25.0
98.8359 	EXP 	unnamed TextStim: height = 25.0
98.8359 	EXP 	unnamed TextStim: height = 25.0
98.8359 	EXP 	unnamed TextStim: text = 'm'
100.4487 	DATA 	Keypress: m
100.4508 	EXP 	Created unnamed TextStim = TextStim(__class__=<class 'psychopy.visual.text.TextStim'>, alignHoriz=method-wrapper(...), alignText='center', alignVert=method-wrapper(...), anchorHoriz='center', anchorVert='center', antialias=True, autoDraw=False, autoLog=True, bold=False, color=array([-1, -1, -1]), colorSpace='rgb', contrast=1.0, depth=0, flipHoriz=False, flipVert=False, font='', fontFiles=[], height=50.0, italic=False, languageStyle='LTR', name='unnamed TextStim', opacity=1.0, ori=0.0, pos=array([0., 0.]), rgb=UNKNOWN, text='Poprawnie', units='pix', win=Window(...), wrapWidth=500)
101.4693 	EXP 	unnamed TextStim: height = 25.0
101.4693 	EXP 	unnamed TextStim: height = 25.0
101.4693 	EXP 	unnamed TextStim: height = 25.0
101.4693 	EXP 	unnamed TextStim: text = 'x'
103.5080 	DATA 	Keypress: x
103.5100 	EXP 	Created unnamed TextStim = TextStim(__class__=<class 'psychopy.visual.text.TextStim'>, alignHoriz=method-wrapper(...), alignText='center', alignVert=method-wrapper(...), anchorHoriz='center', anchorVert='center', antialias=True, autoDraw=False, autoLog=True, bold=False, color=array([-1, -1, -1]), colorSpace='rgb', contrast=1.0, depth=0, flipHoriz=False, flipVert=False, font='', fontFiles=[], height=50.0, italic=False, languageStyle='LTR', name='unnamed TextStim', opacity=1.0, ori=0.0, pos=array([0., 0.]), rgb=UNKNOWN, text='Poprawnie', units='pix', win=Window(...), wrapWidth=500)
104.5194 	EXP 	unnamed TextStim: text = 'x'
106.1560 	DATA 	Keypress: x
106.1580 	EXP 	Created unnamed TextStim = TextStim(__class__=<class 'psychopy.visual.text.TextStim'>, alignHoriz=method-wrapper(...), alignText='center', alignVert=method-wrapper(...), anchorHoriz='center', anchorVert='center', antialias=True, autoDraw=False, autoLog=True, bold=False, color=array([-1, -1, -1]), colorSpace='rgb', contrast=1.0, depth=0, flipHoriz=False, flipVert=False, font='', fontFiles=[], height=50.0, italic=False, languageStyle='LTR', name='unnamed TextStim', opacity=1.0, ori=0.0, pos=array([0., 0.]), rgb=UNKNOWN, text='Poprawnie', units='pix', win=Window(...), wrapWidth=500)
107.1835 	EXP 	Created unnamed TextStim = TextStim(__class__=<class 'psychopy.visual.text.TextStim'>, alignHoriz=method-wrapper(...), alignText='center', alignVert=method-wrapper(...), anchorHoriz='center', anchorVert='center', antialias=True, autoDraw=False, autoLog=True, bold=False, color=array([-1, -1, -1]), colorSpace='rgb', contrast=1.0, depth=0, flipHoriz=False, flipVert=False, font='', fontFiles=[], height=20.0, italic=False, languageStyle='LTR', name='unnamed TextStim', opacity=1.0, ori=0.0, pos=array([0., 0.]), rgb=UNKNOWN, text=str(...), units='pix', win=Window(...), wrapWidth=1536)
110.2673 	DATA 	Keypress: space
110.2710 	EXP 	unnamed TextStim: height = 25.0
110.2710 	EXP 	unnamed TextStim: height = 25.0
110.2710 	EXP 	unnamed TextStim: height = 25.0
110.2710 	EXP 	unnamed TextStim: text = 'm'
111.8215 	DATA 	Keypress: m
111.8248 	EXP 	unnamed TextStim: height = 25.0
111.8248 	EXP 	unnamed TextStim: height = 25.0
111.8248 	EXP 	unnamed TextStim: height = 25.0
111.8248 	EXP 	unnamed TextStim: text = 'n'
113.6035 	DATA 	Keypress: x
113.6062 	EXP 	unnamed TextStim: height = 25.0
113.6062 	EXP 	unnamed TextStim: height = 25.0
113.6062 	EXP 	unnamed TextStim: height = 25.0
113.6062 	EXP 	unnamed TextStim: text = 'm'
115.3000 	DATA 	Keypress: m
115.3030 	EXP 	unnamed TextStim: height = 25.0
115.3030 	EXP 	unnamed TextStim: height = 25.0
115.3030 	EXP 	unnamed TextStim: height = 25.0
115.3030 	EXP 	unnamed TextStim: text = 'z'
117.1004 	DATA 	Keypress: z
117.1025 	EXP 	unnamed TextStim: height = 25.0
117.1025 	EXP 	unnamed TextStim: height = 25.0
117.1025 	EXP 	unnamed TextStim: height = 25.0
117.1025 	EXP 	unnamed TextStim: text = 'm'
118.6669 	DATA 	Keypress: m
118.6693 	EXP 	unnamed TextStim: height = 25.0
118.6693 	EXP 	unnamed TextStim: height = 25.0
118.6693 	EXP 	unnamed TextStim: height = 25.0
118.6693 	EXP 	unnamed TextStim: text = 'n'
120.4414 	DATA 	Keypress: n
120.5653 	EXP 	Created unnamed ImageStim = ImageStim(__class__=<class 'psychopy.visual.image.ImageStim'>, anchor=('center', 'center'), autoLog=True, color=array([1., 1., 1.]), colorSpace='rgb', contrast=1.0, depth=0, flipHoriz=False, flipVert=False, image='break.jpg', interpolate=True, mask=None, maskParams=None, name='unnamed ImageStim', opacity=1.0, ori=0.0, pos=array([0., 0.]), size=array([1536.,  864.]), texRes=128, units='pix', win=Window(...))
121.5243 	DATA 	Keypress: space
121.5366 	EXP 	unnamed TextStim: text = 'n'
123.1045 	DATA 	Keypress: n
123.1083 	EXP 	unnamed TextStim: height = 25.0
123.1083 	EXP 	unnamed TextStim: height = 25.0
123.1083 	EXP 	unnamed TextStim: height = 25.0
123.1083 	EXP 	unnamed TextStim: text = 'z'
125.0901 	DATA 	Keypress: z
125.0913 	EXP 	unnamed TextStim: text = 'z'
126.8544 	DATA 	Keypress: z
126.8566 	EXP 	unnamed TextStim: height = 25.0
126.8566 	EXP 	unnamed TextStim: height = 25.0
126.8566 	EXP 	unnamed TextStim: height = 25.0
126.8566 	EXP 	unnamed TextStim: text = 'n'
128.4192 	DATA 	Keypress: n
128.4203 	EXP 	unnamed TextStim: text = 'n'
129.9366 	DATA 	Keypress: n
129.9397 	EXP 	unnamed TextStim: height = 25.0
129.9397 	EXP 	unnamed TextStim: height = 25.0
129.9397 	EXP 	unnamed TextStim: height = 25.0
129.9397 	EXP 	unnamed TextStim: text = 'x'
131.5289 	DATA 	Keypress: x
131.6499 	EXP 	Created unnamed ImageStim = ImageStim(__class__=<class 'psychopy.visual.image.ImageStim'>, anchor=('center', 'center'), autoLog=True, color=array([1., 1., 1.]), colorSpace='rgb', contrast=1.0, depth=0, flipHoriz=False, flipVert=False, image='break.jpg', interpolate=True, mask=None, maskParams=None, name='unnamed ImageStim', opacity=1.0, ori=0.0, pos=array([0., 0.]), size=array([1536.,  864.]), texRes=128, units='pix', win=Window(...))
132.3664 	DATA 	Keypress: space
132.3700 	EXP 	unnamed TextStim: text = 'x'
134.2953 	DATA 	Keypress: x
134.2976 	EXP 	unnamed TextStim: height = 25.0
134.2976 	EXP 	unnamed TextStim: height = 25.0
134.2976 	EXP 	unnamed TextStim: height = 25.0
134.2976 	EXP 	unnamed TextStim: text = 'z'
136.1864 	DATA 	Keypress: z
136.1880 	EXP 	unnamed TextStim: text = 'z'
137.9253 	DATA 	Keypress: z
137.9277 	EXP 	unnamed TextStim: height = 25.0
137.9277 	EXP 	unnamed TextStim: height = 25.0
137.9277 	EXP 	unnamed TextStim: height = 25.0
137.9277 	EXP 	unnamed TextStim: text = 'm'
139.5547 	DATA 	Keypress: m
139.5569 	EXP 	unnamed TextStim: height = 25.0
139.5569 	EXP 	unnamed TextStim: height = 25.0
139.5569 	EXP 	unnamed TextStim: height = 25.0
139.5569 	EXP 	unnamed TextStim: text = 'x'
141.1648 	DATA 	Keypress: n
141.1670 	EXP 	unnamed TextStim: height = 25.0
141.1670 	EXP 	unnamed TextStim: height = 25.0
141.1670 	EXP 	unnamed TextStim: height = 25.0
141.1670 	EXP 	unnamed TextStim: text = 'z'
143.0410 	DATA 	Keypress: x
143.1631 	EXP 	Created unnamed ImageStim = ImageStim(__class__=<class 'psychopy.visual.image.ImageStim'>, anchor=('center', 'center'), autoLog=True, color=array([1., 1., 1.]), colorSpace='rgb', contrast=1.0, depth=0, flipHoriz=False, flipVert=False, image='break.jpg', interpolate=True, mask=None, maskParams=None, name='unnamed ImageStim', opacity=1.0, ori=0.0, pos=array([0., 0.]), size=array([1536.,  864.]), texRes=128, units='pix', win=Window(...))
143.7407 	DATA 	Keypress: space
143.7539 	EXP 	unnamed TextStim: height = 25.0
143.7539 	EXP 	unnamed TextStim: height = 25.0
143.7539 	EXP 	unnamed TextStim: height = 25.0
143.7539 	EXP 	unnamed TextStim: text = 'x'
146.5046 	DATA 	No keypress (maxWait exceeded)
146.5057 	EXP 	unnamed TextStim: text = 'x'
146.7722 	DATA 	Keypress: x
148.0625 	DATA 	Keypress: x
148.0661 	EXP 	unnamed TextStim: height = 25.0
148.0661 	EXP 	unnamed TextStim: height = 25.0
148.0661 	EXP 	unnamed TextStim: height = 25.0
148.0661 	EXP 	unnamed TextStim: text = 'm'
149.5437 	DATA 	Keypress: m
149.5457 	EXP 	unnamed TextStim: height = 25.0
149.5457 	EXP 	unnamed TextStim: height = 25.0
149.5457 	EXP 	unnamed TextStim: height = 25.0
149.5457 	EXP 	unnamed TextStim: text = 'z'
151.3547 	DATA 	Keypress: z
151.3562 	EXP 	unnamed TextStim: text = 'z'
153.3183 	DATA 	Keypress: z
153.3206 	EXP 	unnamed TextStim: height = 25.0
153.3206 	EXP 	unnamed TextStim: height = 25.0
153.3206 	EXP 	unnamed TextStim: height = 25.0
153.3206 	EXP 	unnamed TextStim: text = 'x'
155.0349 	DATA 	Keypress: m
155.1548 	EXP 	Created unnamed ImageStim = ImageStim(__class__=<class 'psychopy.visual.image.ImageStim'>, anchor=('center', 'center'), autoLog=True, color=array([1., 1., 1.]), colorSpace='rgb', contrast=1.0, depth=0, flipHoriz=False, flipVert=False, image='break.jpg', interpolate=True, mask=None, maskParams=None, name='unnamed ImageStim', opacity=1.0, ori=0.0, pos=array([0., 0.]), size=array([1536.,  864.]), texRes=128, units='pix', win=Window(...))
155.8202 	DATA 	Keypress: space
155.8377 	EXP 	unnamed TextStim: text = 'x'
157.7075 	DATA 	Keypress: x
157.7097 	EXP 	unnamed TextStim: height = 25.0
157.7097 	EXP 	unnamed TextStim: height = 25.0
157.7097 	EXP 	unnamed TextStim: height = 25.0
157.7097 	EXP 	unnamed TextStim: text = 'z'
159.5188 	DATA 	Keypress: z
159.5201 	EXP 	unnamed TextStim: text = 'z'
161.2688 	DATA 	Keypress: z
161.2700 	EXP 	unnamed TextStim: text = 'z'
163.6969 	DATA 	Keypress: x
163.6985 	EXP 	unnamed TextStim: text = 'z'
165.5639 	DATA 	Keypress: z
165.5664 	EXP 	unnamed TextStim: height = 25.0
165.5664 	EXP 	unnamed TextStim: height = 25.0
165.5664 	EXP 	unnamed TextStim: height = 25.0
165.5664 	EXP 	unnamed TextStim: text = 'm'
167.2644 	DATA 	Keypress: m
167.3918 	EXP 	Created unnamed ImageStim = ImageStim(__class__=<class 'psychopy.visual.image.ImageStim'>, anchor=('center', 'center'), autoLog=True, color=array([1., 1., 1.]), colorSpace='rgb', contrast=1.0, depth=0, flipHoriz=False, flipVert=False, image='break.jpg', interpolate=True, mask=None, maskParams=None, name='unnamed ImageStim', opacity=1.0, ori=0.0, pos=array([0., 0.]), size=array([1536.,  864.]), texRes=128, units='pix', win=Window(...))
168.0941 	DATA 	Keypress: space
168.1049 	EXP 	unnamed TextStim: text = 'm'
169.7345 	DATA 	Keypress: m
169.7367 	EXP 	unnamed TextStim: height = 25.0
169.7367 	EXP 	unnamed TextStim: height = 25.0
169.7367 	EXP 	unnamed TextStim: height = 25.0
169.7367 	EXP 	unnamed TextStim: text = 'n'
171.5016 	DATA 	Keypress: n
171.5077 	EXP 	unnamed TextStim: height = 25.0
171.5077 	EXP 	unnamed TextStim: height = 25.0
171.5077 	EXP 	unnamed TextStim: height = 25.0
171.5077 	EXP 	unnamed TextStim: text = 'm'
173.1045 	DATA 	Keypress: m
173.1067 	EXP 	unnamed TextStim: height = 25.0
173.1067 	EXP 	unnamed TextStim: height = 25.0
173.1067 	EXP 	unnamed TextStim: height = 25.0
173.1067 	EXP 	unnamed TextStim: text = 'x'
175.0217 	DATA 	Keypress: x
175.0241 	EXP 	unnamed TextStim: height = 25.0
175.0241 	EXP 	unnamed TextStim: height = 25.0
175.0241 	EXP 	unnamed TextStim: height = 25.0
175.0241 	EXP 	unnamed TextStim: text = 'm'
176.8768 	DATA 	Keypress: z
176.8792 	EXP 	unnamed TextStim: height = 25.0
176.8792 	EXP 	unnamed TextStim: height = 25.0
176.8792 	EXP 	unnamed TextStim: height = 25.0
176.8792 	EXP 	unnamed TextStim: text = 'z'
178.4990 	DATA 	Keypress: m
178.6200 	EXP 	Created unnamed ImageStim = ImageStim(__class__=<class 'psychopy.visual.image.ImageStim'>, anchor=('center', 'center'), autoLog=True, color=array([1., 1., 1.]), colorSpace='rgb', contrast=1.0, depth=0, flipHoriz=False, flipVert=False, image='break.jpg', interpolate=True, mask=None, maskParams=None, name='unnamed ImageStim', opacity=1.0, ori=0.0, pos=array([0., 0.]), size=array([1536.,  864.]), texRes=128, units='pix', win=Window(...))
179.4181 	DATA 	Keypress: space
179.4217 	EXP 	unnamed TextStim: height = 25.0
179.4217 	EXP 	unnamed TextStim: height = 25.0
179.4217 	EXP 	unnamed TextStim: height = 25.0
179.4217 	EXP 	unnamed TextStim: text = 'x'
181.5004 	DATA 	Keypress: z
181.5026 	EXP 	unnamed TextStim: height = 25.0
181.5026 	EXP 	unnamed TextStim: height = 25.0
181.5026 	EXP 	unnamed TextStim: height = 25.0
181.5026 	EXP 	unnamed TextStim: text = 'n'
183.1404 	DATA 	Keypress: m
183.1433 	EXP 	unnamed TextStim: height = 25.0
183.1433 	EXP 	unnamed TextStim: height = 25.0
183.1433 	EXP 	unnamed TextStim: height = 25.0
183.1433 	EXP 	unnamed TextStim: text = 'z'
184.9322 	DATA 	Keypress: x
184.9335 	EXP 	unnamed TextStim: text = 'z'
186.9529 	DATA 	Keypress: m
186.9547 	EXP 	unnamed TextStim: text = 'z'
188.6594 	DATA 	Keypress: z
188.6607 	EXP 	unnamed TextStim: text = 'z'
190.3831 	DATA 	Keypress: z
190.5184 	EXP 	Created unnamed ImageStim = ImageStim(__class__=<class 'psychopy.visual.image.ImageStim'>, anchor=('center', 'center'), autoLog=True, color=array([1., 1., 1.]), colorSpace='rgb', contrast=1.0, depth=0, flipHoriz=False, flipVert=False, image='break.jpg', interpolate=True, mask=None, maskParams=None, name='unnamed ImageStim', opacity=1.0, ori=0.0, pos=array([0., 0.]), size=array([1536.,  864.]), texRes=128, units='pix', win=Window(...))
191.2213 	DATA 	Keypress: space
191.2391 	EXP 	unnamed TextStim: height = 25.0
191.2391 	EXP 	unnamed TextStim: height = 25.0
191.2391 	EXP 	unnamed TextStim: height = 25.0
191.2391 	EXP 	unnamed TextStim: text = 'm'
192.7653 	DATA 	Keypress: m
192.7707 	EXP 	unnamed TextStim: height = 25.0
192.7707 	EXP 	unnamed TextStim: height = 25.0
192.7707 	EXP 	unnamed TextStim: height = 25.0
192.7707 	EXP 	unnamed TextStim: text = 'n'
194.3448 	DATA 	Keypress: m
194.3460 	EXP 	unnamed TextStim: text = 'n'
194.4901 	DATA 	Keypress: n
196.0226 	DATA 	Keypress: z
196.0250 	EXP 	unnamed TextStim: height = 25.0
196.0250 	EXP 	unnamed TextStim: height = 25.0
196.0250 	EXP 	unnamed TextStim: height = 25.0
196.0250 	EXP 	unnamed TextStim: text = 'm'
197.6518 	DATA 	Keypress: z
197.6540 	EXP 	unnamed TextStim: height = 25.0
197.6540 	EXP 	unnamed TextStim: height = 25.0
197.6540 	EXP 	unnamed TextStim: height = 25.0
197.6540 	EXP 	unnamed TextStim: text = 'z'
199.1807 	DATA 	Keypress: z
199.1830 	EXP 	unnamed TextStim: height = 25.0
199.1830 	EXP 	unnamed TextStim: height = 25.0
199.1830 	EXP 	unnamed TextStim: height = 25.0
199.1830 	EXP 	unnamed TextStim: text = 'x'
200.7370 	DATA 	Keypress: x
200.8640 	EXP 	Created unnamed ImageStim = ImageStim(__class__=<class 'psychopy.visual.image.ImageStim'>, anchor=('center', 'center'), autoLog=True, color=array([1., 1., 1.]), colorSpace='rgb', contrast=1.0, depth=0, flipHoriz=False, flipVert=False, image='break.jpg', interpolate=True, mask=None, maskParams=None, name='unnamed ImageStim', opacity=1.0, ori=0.0, pos=array([0., 0.]), size=array([1536.,  864.]), texRes=128, units='pix', win=Window(...))
201.4949 	DATA 	Keypress: space
201.5062 	EXP 	unnamed TextStim: height = 25.0
201.5062 	EXP 	unnamed TextStim: height = 25.0
201.5062 	EXP 	unnamed TextStim: height = 25.0
201.5062 	EXP 	unnamed TextStim: text = 'z'
203.3167 	DATA 	Keypress: z
203.3248 	EXP 	unnamed TextStim: height = 25.0
203.3248 	EXP 	unnamed TextStim: height = 25.0
203.3248 	EXP 	unnamed TextStim: height = 25.0
203.3248 	EXP 	unnamed TextStim: text = 'n'
204.8917 	DATA 	Keypress: m
204.8939 	EXP 	unnamed TextStim: height = 25.0
204.8939 	EXP 	unnamed TextStim: height = 25.0
204.8939 	EXP 	unnamed TextStim: height = 25.0
204.8939 	EXP 	unnamed TextStim: text = 'm'
207.0724 	DATA 	Keypress: m
207.0734 	EXP 	unnamed TextStim: text = 'm'
208.8238 	DATA 	Keypress: m
208.8267 	EXP 	unnamed TextStim: height = 25.0
208.8267 	EXP 	unnamed TextStim: height = 25.0
208.8267 	EXP 	unnamed TextStim: height = 25.0
208.8267 	EXP 	unnamed TextStim: text = 'z'
210.4899 	DATA 	Keypress: z
210.4928 	EXP 	unnamed TextStim: height = 25.0
210.4928 	EXP 	unnamed TextStim: height = 25.0
210.4928 	EXP 	unnamed TextStim: height = 25.0
210.4928 	EXP 	unnamed TextStim: text = 'x'
212.0230 	DATA 	Keypress: x
212.1594 	EXP 	Created unnamed ImageStim = ImageStim(__class__=<class 'psychopy.visual.image.ImageStim'>, anchor=('center', 'center'), autoLog=True, color=array([1., 1., 1.]), colorSpace='rgb', contrast=1.0, depth=0, flipHoriz=False, flipVert=False, image='break.jpg', interpolate=True, mask=None, maskParams=None, name='unnamed ImageStim', opacity=1.0, ori=0.0, pos=array([0., 0.]), size=array([1536.,  864.]), texRes=128, units='pix', win=Window(...))
212.7664 	DATA 	Keypress: space
212.7732 	EXP 	unnamed TextStim: text = 'x'
214.4763 	DATA 	Keypress: x
214.4786 	EXP 	unnamed TextStim: height = 25.0
214.4786 	EXP 	unnamed TextStim: height = 25.0
214.4786 	EXP 	unnamed TextStim: height = 25.0
214.4786 	EXP 	unnamed TextStim: text = 'n'
216.3391 	DATA 	Keypress: m
216.3417 	EXP 	unnamed TextStim: height = 25.0
216.3417 	EXP 	unnamed TextStim: height = 25.0
216.3417 	EXP 	unnamed TextStim: height = 25.0
216.3417 	EXP 	unnamed TextStim: text = 'x'
218.0694 	DATA 	Keypress: x
218.0722 	EXP 	unnamed TextStim: height = 25.0
218.0722 	EXP 	unnamed TextStim: height = 25.0
218.0722 	EXP 	unnamed TextStim: height = 25.0
218.0722 	EXP 	unnamed TextStim: text = 'n'
219.7456 	DATA 	Keypress: m
219.7478 	EXP 	unnamed TextStim: height = 25.0
219.7478 	EXP 	unnamed TextStim: height = 25.0
219.7478 	EXP 	unnamed TextStim: height = 25.0
219.7478 	EXP 	unnamed TextStim: text = 'x'
221.4341 	DATA 	Keypress: x
221.4367 	EXP 	unnamed TextStim: height = 25.0
221.4367 	EXP 	unnamed TextStim: height = 25.0
221.4367 	EXP 	unnamed TextStim: height = 25.0
221.4367 	EXP 	unnamed TextStim: text = 'z'
223.0513 	DATA 	Keypress: z
223.1735 	EXP 	Created unnamed ImageStim = ImageStim(__class__=<class 'psychopy.visual.image.ImageStim'>, anchor=('center', 'center'), autoLog=True, color=array([1., 1., 1.]), colorSpace='rgb', contrast=1.0, depth=0, flipHoriz=False, flipVert=False, image='break.jpg', interpolate=True, mask=None, maskParams=None, name='unnamed ImageStim', opacity=1.0, ori=0.0, pos=array([0., 0.]), size=array([1536.,  864.]), texRes=128, units='pix', win=Window(...))
223.8293 	DATA 	Keypress: space
223.8403 	EXP 	unnamed TextStim: height = 25.0
223.8403 	EXP 	unnamed TextStim: height = 25.0
223.8403 	EXP 	unnamed TextStim: height = 25.0
223.8403 	EXP 	unnamed TextStim: text = 'm'
225.4033 	DATA 	Keypress: m
225.4058 	EXP 	unnamed TextStim: height = 25.0
225.4058 	EXP 	unnamed TextStim: height = 25.0
225.4058 	EXP 	unnamed TextStim: height = 25.0
225.4058 	EXP 	unnamed TextStim: text = 'n'
227.1484 	DATA 	Keypress: n
227.1508 	EXP 	unnamed TextStim: height = 25.0
227.1508 	EXP 	unnamed TextStim: height = 25.0
227.1508 	EXP 	unnamed TextStim: height = 25.0
227.1508 	EXP 	unnamed TextStim: text = 'x'
228.8774 	DATA 	Keypress: x
228.8811 	EXP 	unnamed TextStim: height = 25.0
228.8811 	EXP 	unnamed TextStim: height = 25.0
228.8811 	EXP 	unnamed TextStim: height = 25.0
228.8811 	EXP 	unnamed TextStim: text = 'm'
230.3992 	DATA 	Keypress: m
230.4020 	EXP 	unnamed TextStim: height = 25.0
230.4020 	EXP 	unnamed TextStim: height = 25.0
230.4020 	EXP 	unnamed TextStim: height = 25.0
230.4020 	EXP 	unnamed TextStim: text = 'z'
231.9695 	DATA 	Keypress: z
231.9720 	EXP 	unnamed TextStim: height = 25.0
231.9720 	EXP 	unnamed TextStim: height = 25.0
231.9720 	EXP 	unnamed TextStim: height = 25.0
231.9720 	EXP 	unnamed TextStim: text = 'm'
233.5219 	DATA 	Keypress: m
233.6449 	EXP 	Created unnamed ImageStim = ImageStim(__class__=<class 'psychopy.visual.image.ImageStim'>, anchor=('center', 'center'), autoLog=True, color=array([1., 1., 1.]), colorSpace='rgb', contrast=1.0, depth=0, flipHoriz=False, flipVert=False, image='break.jpg', interpolate=True, mask=None, maskParams=None, name='unnamed ImageStim', opacity=1.0, ori=0.0, pos=array([0., 0.]), size=array([1536.,  864.]), texRes=128, units='pix', win=Window(...))
234.2767 	DATA 	Keypress: space
234.2901 	EXP 	Created unnamed TextStim = TextStim(__class__=<class 'psychopy.visual.text.TextStim'>, alignHoriz=method-wrapper(...), alignText='center', alignVert=method-wrapper(...), anchorHoriz='center', anchorVert='center', antialias=True, autoDraw=False, autoLog=True, bold=False, color=array([-1, -1, -1]), colorSpace='rgb', contrast=1.0, depth=0, flipHoriz=False, flipVert=False, font='', fontFiles=[], height=20.0, italic=False, languageStyle='LTR', name='unnamed TextStim', opacity=1.0, ori=0.0, pos=array([0., 0.]), rgb=UNKNOWN, text=str(...), units='pix', win=Window(...), wrapWidth=1536)
235.6015 	DATA 	Keypress: space
235.6947 	EXP 	window1: mouseVisible = True
