9.8209 	WARNING 	User requested fullscreen with size [1536  864], but screen is actually [1920, 1080]. Using actual size
11.3465 	INFO 	FRAME RATE: 60
11.3466 	INFO 	SCREEN RES: odict_values([1536, 864])
11.3974 	EXP 	Created unnamed TextStim = TextStim(__class__=<class 'psychopy.visual.text.TextStim'>, alignHoriz=method-wrapper(...), alignText='center', alignVert=method-wrapper(...), anchorHoriz='center', anchorVert='center', antialias=True, autoDraw=False, autoLog=True, bold=False, color=array([-1, -1, -1]), colorSpace='rgb', contrast=1.0, depth=0, flipHoriz=False, flipVert=False, font='', fontFiles=[], height=100.0, italic=False, languageStyle='LTR', name='unnamed TextStim', opacity=1.0, ori=0.0, pos=array([0., 0.]), rgb=UNKNOWN, text='+', units='pix', win=Window(...), wrapWidth=500)
11.4020 	EXP 	Created unnamed Circle = Circle(__class__=<class 'psychopy.visual.circle.Circle'>, anchor=('center', 'center'), autoDraw=False, autoLog=True, closeShape=True, color=method-wrapper(...), colorSpace='rgb', contrast=None, depth=0, fillColor=array([ 0.09019608, -1.        , -1.        ]), fillColorSpace='rgb', fillRGB=array([ 0.09019608, -1.        , -1.        ]), interpolate=True, lineColor=array([ 0.09019608, -1.        , -1.        ]), lineColorSpace='rgb', lineRGB=array([ 0.09019608, -1.        , -1.        ]), lineWidth=1.5, name='unnamed Circle', opacity=1.0, ori=0.0, pos=array([0., 0.]), size=array([1., 1.]), units='pix', vertices=ndarray(...), win=Window(...))
11.4028 	EXP 	Created unnamed TextStim = TextStim(__class__=<class 'psychopy.visual.text.TextStim'>, alignHoriz=method-wrapper(...), alignText='center', alignVert=method-wrapper(...), anchorHoriz='center', anchorVert='center', antialias=True, autoDraw=False, autoLog=True, bold=False, color=array([-0.17647059, -0.17647059, -0.17647059]), colorSpace='rgb', contrast=1.0, depth=0, flipHoriz=False, flipVert=False, font='', fontFiles=[], height=25, italic=False, languageStyle='LTR', name='unnamed TextStim', opacity=1.0, ori=0.0, pos=array([0., 0.]), rgb=UNKNOWN, text='', units='pix', win=Window(...), wrapWidth=500)
11.4117 	EXP 	Created unnamed ImageStim = ImageStim(__class__=<class 'psychopy.visual.image.ImageStim'>, anchor=('center', 'center'), autoLog=True, color=array([1., 1., 1.]), colorSpace='rgb', contrast=1.0, depth=0, flipHoriz=False, flipVert=False, image='mask4.png', interpolate=False, mask=None, maskParams=None, name='unnamed ImageStim', opacity=1.0, ori=0.0, pos=array([0., 0.]), size=array([25., 25.]), texRes=128, units='pix', win=Window(...))
11.4194 	EXP 	Created unnamed TextStim = TextStim(__class__=<class 'psychopy.visual.text.TextStim'>, alignHoriz=method-wrapper(...), alignText='center', alignVert=method-wrapper(...), anchorHoriz='center', anchorVert='center', antialias=True, autoDraw=False, autoLog=True, bold=False, color=array([-1, -1, -1]), colorSpace='rgb', contrast=1.0, depth=0, flipHoriz=False, flipVert=False, font='', fontFiles=[], height=30.0, italic=False, languageStyle='LTR', name='unnamed TextStim', opacity=1.0, ori=0.0, pos=array([ 100., -300.]), rgb=UNKNOWN, text=str(...), units='pix', win=Window(...), wrapWidth=10000)
11.4241 	EXP 	Created unnamed TextStim = TextStim(__class__=<class 'psychopy.visual.text.TextStim'>, alignHoriz=method-wrapper(...), alignText='center', alignVert=method-wrapper(...), anchorHoriz='center', anchorVert='center', antialias=True, autoDraw=False, autoLog=True, bold=False, color=array([-1, -1, -1]), colorSpace='rgb', contrast=1.0, depth=0, flipHoriz=False, flipVert=False, font='', fontFiles=[], height=30.0, italic=False, languageStyle='LTR', name='unnamed TextStim', opacity=1.0, ori=0.0, pos=array([ 100., -330.]), rgb=UNKNOWN, text=str(...), units='pix', win=Window(...), wrapWidth=10000)
11.4658 	EXP 	Created unnamed TextStim = TextStim(__class__=<class 'psychopy.visual.text.TextStim'>, alignHoriz=method-wrapper(...), alignText='center', alignVert=method-wrapper(...), anchorHoriz='center', anchorVert='center', antialias=True, autoDraw=False, autoLog=True, bold=False, color=array([-1, -1, -1]), colorSpace='rgb', contrast=1.0, depth=0, flipHoriz=False, flipVert=False, font='', fontFiles=[], height=20.0, italic=False, languageStyle='LTR', name='unnamed TextStim', opacity=1.0, ori=0.0, pos=array([0., 0.]), rgb=UNKNOWN, text=str(...), units='pix', win=Window(...), wrapWidth=1536)
27.4138 	DATA 	Keypress: space
27.4288 	EXP 	unnamed TextStim: height = 25.0
27.4288 	EXP 	unnamed TextStim: height = 25.0
27.4288 	EXP 	unnamed TextStim: height = 25.0
27.4288 	EXP 	unnamed TextStim: text = 'm'
28.9046 	DATA 	Keypress: m
28.9123 	EXP 	Created unnamed TextStim = TextStim(__class__=<class 'psychopy.visual.text.TextStim'>, alignHoriz=method-wrapper(...), alignText='center', alignVert=method-wrapper(...), anchorHoriz='center', anchorVert='center', antialias=True, autoDraw=False, autoLog=True, bold=False, color=array([-1, -1, -1]), colorSpace='rgb', contrast=1.0, depth=0, flipHoriz=False, flipVert=False, font='', fontFiles=[], height=50.0, italic=False, languageStyle='LTR', name='unnamed TextStim', opacity=1.0, ori=0.0, pos=array([0., 0.]), rgb=UNKNOWN, text='Poprawnie', units='pix', win=Window(...), wrapWidth=500)
29.9289 	EXP 	unnamed TextStim: height = 25.0
29.9289 	EXP 	unnamed TextStim: height = 25.0
29.9289 	EXP 	unnamed TextStim: height = 25.0
29.9289 	EXP 	unnamed TextStim: text = 'n'
31.3807 	DATA 	Keypress: n
32.0920 	DATA 	Keypress: n
32.0942 	EXP 	Created unnamed TextStim = TextStim(__class__=<class 'psychopy.visual.text.TextStim'>, alignHoriz=method-wrapper(...), alignText='center', alignVert=method-wrapper(...), anchorHoriz='center', anchorVert='center', antialias=True, autoDraw=False, autoLog=True, bold=False, color=array([-1, -1, -1]), colorSpace='rgb', contrast=1.0, depth=0, flipHoriz=False, flipVert=False, font='', fontFiles=[], height=50.0, italic=False, languageStyle='LTR', name='unnamed TextStim', opacity=1.0, ori=0.0, pos=array([0., 0.]), rgb=UNKNOWN, text='Poprawnie', units='pix', win=Window(...), wrapWidth=500)
33.1124 	EXP 	unnamed TextStim: height = 25.0
33.1124 	EXP 	unnamed TextStim: height = 25.0
33.1124 	EXP 	unnamed TextStim: height = 25.0
33.1124 	EXP 	unnamed TextStim: text = 'z'
34.8050 	DATA 	Keypress: z
34.8073 	EXP 	Created unnamed TextStim = TextStim(__class__=<class 'psychopy.visual.text.TextStim'>, alignHoriz=method-wrapper(...), alignText='center', alignVert=method-wrapper(...), anchorHoriz='center', anchorVert='center', antialias=True, autoDraw=False, autoLog=True, bold=False, color=array([-1, -1, -1]), colorSpace='rgb', contrast=1.0, depth=0, flipHoriz=False, flipVert=False, font='', fontFiles=[], height=50.0, italic=False, languageStyle='LTR', name='unnamed TextStim', opacity=1.0, ori=0.0, pos=array([0., 0.]), rgb=UNKNOWN, text='Poprawnie', units='pix', win=Window(...), wrapWidth=500)
35.8227 	EXP 	unnamed TextStim: height = 25.0
35.8227 	EXP 	unnamed TextStim: height = 25.0
35.8227 	EXP 	unnamed TextStim: height = 25.0
35.8227 	EXP 	unnamed TextStim: text = 'x'
37.1632 	DATA 	Keypress: x
37.1685 	EXP 	Created unnamed TextStim = TextStim(__class__=<class 'psychopy.visual.text.TextStim'>, alignHoriz=method-wrapper(...), alignText='center', alignVert=method-wrapper(...), anchorHoriz='center', anchorVert='center', antialias=True, autoDraw=False, autoLog=True, bold=False, color=array([-1, -1, -1]), colorSpace='rgb', contrast=1.0, depth=0, flipHoriz=False, flipVert=False, font='', fontFiles=[], height=50.0, italic=False, languageStyle='LTR', name='unnamed TextStim', opacity=1.0, ori=0.0, pos=array([0., 0.]), rgb=UNKNOWN, text='Poprawnie', units='pix', win=Window(...), wrapWidth=500)
38.1958 	EXP 	unnamed TextStim: text = 'x'
39.5800 	DATA 	Keypress: m
39.5860 	EXP 	Created unnamed TextStim = TextStim(__class__=<class 'psychopy.visual.text.TextStim'>, alignHoriz=method-wrapper(...), alignText='center', alignVert=method-wrapper(...), anchorHoriz='center', anchorVert='center', antialias=True, autoDraw=False, autoLog=True, bold=False, color=array([-1, -1, -1]), colorSpace='rgb', contrast=1.0, depth=0, flipHoriz=False, flipVert=False, font='', fontFiles=[], height=50.0, italic=False, languageStyle='LTR', name='unnamed TextStim', opacity=1.0, ori=0.0, pos=array([0., 0.]), rgb=UNKNOWN, text='Niepoprawnie', units='pix', win=Window(...), wrapWidth=500)
40.6126 	EXP 	unnamed TextStim: height = 25.0
40.6126 	EXP 	unnamed TextStim: height = 25.0
40.6126 	EXP 	unnamed TextStim: height = 25.0
40.6126 	EXP 	unnamed TextStim: text = 'n'
42.1232 	DATA 	Keypress: n
42.1251 	EXP 	Created unnamed TextStim = TextStim(__class__=<class 'psychopy.visual.text.TextStim'>, alignHoriz=method-wrapper(...), alignText='center', alignVert=method-wrapper(...), anchorHoriz='center', anchorVert='center', antialias=True, autoDraw=False, autoLog=True, bold=False, color=array([-1, -1, -1]), colorSpace='rgb', contrast=1.0, depth=0, flipHoriz=False, flipVert=False, font='', fontFiles=[], height=50.0, italic=False, languageStyle='LTR', name='unnamed TextStim', opacity=1.0, ori=0.0, pos=array([0., 0.]), rgb=UNKNOWN, text='Poprawnie', units='pix', win=Window(...), wrapWidth=500)
43.1292 	EXP 	unnamed TextStim: height = 25.0
43.1292 	EXP 	unnamed TextStim: height = 25.0
43.1292 	EXP 	unnamed TextStim: height = 25.0
43.1292 	EXP 	unnamed TextStim: text = 'z'
44.6163 	DATA 	Keypress: z
44.6187 	EXP 	Created unnamed TextStim = TextStim(__class__=<class 'psychopy.visual.text.TextStim'>, alignHoriz=method-wrapper(...), alignText='center', alignVert=method-wrapper(...), anchorHoriz='center', anchorVert='center', antialias=True, autoDraw=False, autoLog=True, bold=False, color=array([-1, -1, -1]), colorSpace='rgb', contrast=1.0, depth=0, flipHoriz=False, flipVert=False, font='', fontFiles=[], height=50.0, italic=False, languageStyle='LTR', name='unnamed TextStim', opacity=1.0, ori=0.0, pos=array([0., 0.]), rgb=UNKNOWN, text='Poprawnie', units='pix', win=Window(...), wrapWidth=500)
45.6294 	EXP 	unnamed TextStim: height = 25.0
45.6294 	EXP 	unnamed TextStim: height = 25.0
45.6294 	EXP 	unnamed TextStim: height = 25.0
45.6294 	EXP 	unnamed TextStim: text = 'm'
47.2077 	DATA 	Keypress: m
47.2102 	EXP 	Created unnamed TextStim = TextStim(__class__=<class 'psychopy.visual.text.TextStim'>, alignHoriz=method-wrapper(...), alignText='center', alignVert=method-wrapper(...), anchorHoriz='center', anchorVert='center', antialias=True, autoDraw=False, autoLog=True, bold=False, color=array([-1, -1, -1]), colorSpace='rgb', contrast=1.0, depth=0, flipHoriz=False, flipVert=False, font='', fontFiles=[], height=50.0, italic=False, languageStyle='LTR', name='unnamed TextStim', opacity=1.0, ori=0.0, pos=array([0., 0.]), rgb=UNKNOWN, text='Poprawnie', units='pix', win=Window(...), wrapWidth=500)
48.2138 	EXP 	unnamed TextStim: height = 25.0
48.2138 	EXP 	unnamed TextStim: height = 25.0
48.2138 	EXP 	unnamed TextStim: height = 25.0
48.2138 	EXP 	unnamed TextStim: text = 'n'
49.6915 	DATA 	Keypress: n
49.6935 	EXP 	Created unnamed TextStim = TextStim(__class__=<class 'psychopy.visual.text.TextStim'>, alignHoriz=method-wrapper(...), alignText='center', alignVert=method-wrapper(...), anchorHoriz='center', anchorVert='center', antialias=True, autoDraw=False, autoLog=True, bold=False, color=array([-1, -1, -1]), colorSpace='rgb', contrast=1.0, depth=0, flipHoriz=False, flipVert=False, font='', fontFiles=[], height=50.0, italic=False, languageStyle='LTR', name='unnamed TextStim', opacity=1.0, ori=0.0, pos=array([0., 0.]), rgb=UNKNOWN, text='Poprawnie', units='pix', win=Window(...), wrapWidth=500)
50.7129 	EXP 	unnamed TextStim: height = 25.0
50.7129 	EXP 	unnamed TextStim: height = 25.0
50.7129 	EXP 	unnamed TextStim: height = 25.0
50.7129 	EXP 	unnamed TextStim: text = 'm'
52.0471 	DATA 	Keypress: m
52.0521 	EXP 	Created unnamed TextStim = TextStim(__class__=<class 'psychopy.visual.text.TextStim'>, alignHoriz=method-wrapper(...), alignText='center', alignVert=method-wrapper(...), anchorHoriz='center', anchorVert='center', antialias=True, autoDraw=False, autoLog=True, bold=False, color=array([-1, -1, -1]), colorSpace='rgb', contrast=1.0, depth=0, flipHoriz=False, flipVert=False, font='', fontFiles=[], height=50.0, italic=False, languageStyle='LTR', name='unnamed TextStim', opacity=1.0, ori=0.0, pos=array([0., 0.]), rgb=UNKNOWN, text='Poprawnie', units='pix', win=Window(...), wrapWidth=500)
53.0798 	EXP 	unnamed TextStim: height = 25.0
53.0798 	EXP 	unnamed TextStim: height = 25.0
53.0798 	EXP 	unnamed TextStim: height = 25.0
53.0798 	EXP 	unnamed TextStim: text = 'n'
54.5139 	DATA 	Keypress: n
54.5198 	EXP 	Created unnamed TextStim = TextStim(__class__=<class 'psychopy.visual.text.TextStim'>, alignHoriz=method-wrapper(...), alignText='center', alignVert=method-wrapper(...), anchorHoriz='center', anchorVert='center', antialias=True, autoDraw=False, autoLog=True, bold=False, color=array([-1, -1, -1]), colorSpace='rgb', contrast=1.0, depth=0, flipHoriz=False, flipVert=False, font='', fontFiles=[], height=50.0, italic=False, languageStyle='LTR', name='unnamed TextStim', opacity=1.0, ori=0.0, pos=array([0., 0.]), rgb=UNKNOWN, text='Poprawnie', units='pix', win=Window(...), wrapWidth=500)
55.5465 	EXP 	unnamed TextStim: height = 25.0
55.5465 	EXP 	unnamed TextStim: height = 25.0
55.5465 	EXP 	unnamed TextStim: height = 25.0
55.5465 	EXP 	unnamed TextStim: text = 'm'
56.9471 	DATA 	Keypress: m
56.9521 	EXP 	Created unnamed TextStim = TextStim(__class__=<class 'psychopy.visual.text.TextStim'>, alignHoriz=method-wrapper(...), alignText='center', alignVert=method-wrapper(...), anchorHoriz='center', anchorVert='center', antialias=True, autoDraw=False, autoLog=True, bold=False, color=array([-1, -1, -1]), colorSpace='rgb', contrast=1.0, depth=0, flipHoriz=False, flipVert=False, font='', fontFiles=[], height=50.0, italic=False, languageStyle='LTR', name='unnamed TextStim', opacity=1.0, ori=0.0, pos=array([0., 0.]), rgb=UNKNOWN, text='Poprawnie', units='pix', win=Window(...), wrapWidth=500)
57.9800 	EXP 	unnamed TextStim: height = 25.0
57.9800 	EXP 	unnamed TextStim: height = 25.0
57.9800 	EXP 	unnamed TextStim: height = 25.0
57.9800 	EXP 	unnamed TextStim: text = 'z'
59.4141 	DATA 	Keypress: z
59.4192 	EXP 	Created unnamed TextStim = TextStim(__class__=<class 'psychopy.visual.text.TextStim'>, alignHoriz=method-wrapper(...), alignText='center', alignVert=method-wrapper(...), anchorHoriz='center', anchorVert='center', antialias=True, autoDraw=False, autoLog=True, bold=False, color=array([-1, -1, -1]), colorSpace='rgb', contrast=1.0, depth=0, flipHoriz=False, flipVert=False, font='', fontFiles=[], height=50.0, italic=False, languageStyle='LTR', name='unnamed TextStim', opacity=1.0, ori=0.0, pos=array([0., 0.]), rgb=UNKNOWN, text='Poprawnie', units='pix', win=Window(...), wrapWidth=500)
60.4468 	EXP 	unnamed TextStim: text = 'z'
61.9144 	DATA 	Keypress: z
62.9459 	DATA 	Keypress: z
62.9485 	EXP 	Created unnamed TextStim = TextStim(__class__=<class 'psychopy.visual.text.TextStim'>, alignHoriz=method-wrapper(...), alignText='center', alignVert=method-wrapper(...), anchorHoriz='center', anchorVert='center', antialias=True, autoDraw=False, autoLog=True, bold=False, color=array([-1, -1, -1]), colorSpace='rgb', contrast=1.0, depth=0, flipHoriz=False, flipVert=False, font='', fontFiles=[], height=50.0, italic=False, languageStyle='LTR', name='unnamed TextStim', opacity=1.0, ori=0.0, pos=array([0., 0.]), rgb=UNKNOWN, text='Poprawnie', units='pix', win=Window(...), wrapWidth=500)
63.9636 	EXP 	unnamed TextStim: height = 25.0
63.9636 	EXP 	unnamed TextStim: height = 25.0
63.9636 	EXP 	unnamed TextStim: height = 25.0
63.9636 	EXP 	unnamed TextStim: text = 'n'
65.3666 	DATA 	Keypress: n
65.3702 	EXP 	Created unnamed TextStim = TextStim(__class__=<class 'psychopy.visual.text.TextStim'>, alignHoriz=method-wrapper(...), alignText='center', alignVert=method-wrapper(...), anchorHoriz='center', anchorVert='center', antialias=True, autoDraw=False, autoLog=True, bold=False, color=array([-1, -1, -1]), colorSpace='rgb', contrast=1.0, depth=0, flipHoriz=False, flipVert=False, font='', fontFiles=[], height=50.0, italic=False, languageStyle='LTR', name='unnamed TextStim', opacity=1.0, ori=0.0, pos=array([0., 0.]), rgb=UNKNOWN, text='Poprawnie', units='pix', win=Window(...), wrapWidth=500)
66.4101 	EXP 	Created unnamed TextStim = TextStim(__class__=<class 'psychopy.visual.text.TextStim'>, alignHoriz=method-wrapper(...), alignText='center', alignVert=method-wrapper(...), anchorHoriz='center', anchorVert='center', antialias=True, autoDraw=False, autoLog=True, bold=False, color=array([-1, -1, -1]), colorSpace='rgb', contrast=1.0, depth=0, flipHoriz=False, flipVert=False, font='', fontFiles=[], height=20.0, italic=False, languageStyle='LTR', name='unnamed TextStim', opacity=1.0, ori=0.0, pos=array([0., 0.]), rgb=UNKNOWN, text=str(...), units='pix', win=Window(...), wrapWidth=1536)
68.5559 	DATA 	Keypress: space
68.5637 	EXP 	unnamed TextStim: height = 25.0
68.5637 	EXP 	unnamed TextStim: height = 25.0
68.5637 	EXP 	unnamed TextStim: height = 25.0
68.5637 	EXP 	unnamed TextStim: text = 'z'
70.3260 	DATA 	Keypress: z
70.3337 	EXP 	Created unnamed TextStim = TextStim(__class__=<class 'psychopy.visual.text.TextStim'>, alignHoriz=method-wrapper(...), alignText='center', alignVert=method-wrapper(...), anchorHoriz='center', anchorVert='center', antialias=True, autoDraw=False, autoLog=True, bold=False, color=array([-1, -1, -1]), colorSpace='rgb', contrast=1.0, depth=0, flipHoriz=False, flipVert=False, font='', fontFiles=[], height=50.0, italic=False, languageStyle='LTR', name='unnamed TextStim', opacity=1.0, ori=0.0, pos=array([0., 0.]), rgb=UNKNOWN, text='Poprawnie', units='pix', win=Window(...), wrapWidth=500)
71.3471 	EXP 	unnamed TextStim: text = 'z'
73.1147 	DATA 	Keypress: z
73.1172 	EXP 	Created unnamed TextStim = TextStim(__class__=<class 'psychopy.visual.text.TextStim'>, alignHoriz=method-wrapper(...), alignText='center', alignVert=method-wrapper(...), anchorHoriz='center', anchorVert='center', antialias=True, autoDraw=False, autoLog=True, bold=False, color=array([-1, -1, -1]), colorSpace='rgb', contrast=1.0, depth=0, flipHoriz=False, flipVert=False, font='', fontFiles=[], height=50.0, italic=False, languageStyle='LTR', name='unnamed TextStim', opacity=1.0, ori=0.0, pos=array([0., 0.]), rgb=UNKNOWN, text='Poprawnie', units='pix', win=Window(...), wrapWidth=500)
74.1303 	EXP 	unnamed TextStim: height = 25.0
74.1303 	EXP 	unnamed TextStim: height = 25.0
74.1303 	EXP 	unnamed TextStim: height = 25.0
74.1303 	EXP 	unnamed TextStim: text = 'm'
75.6395 	DATA 	Keypress: m
75.6414 	EXP 	Created unnamed TextStim = TextStim(__class__=<class 'psychopy.visual.text.TextStim'>, alignHoriz=method-wrapper(...), alignText='center', alignVert=method-wrapper(...), anchorHoriz='center', anchorVert='center', antialias=True, autoDraw=False, autoLog=True, bold=False, color=array([-1, -1, -1]), colorSpace='rgb', contrast=1.0, depth=0, flipHoriz=False, flipVert=False, font='', fontFiles=[], height=50.0, italic=False, languageStyle='LTR', name='unnamed TextStim', opacity=1.0, ori=0.0, pos=array([0., 0.]), rgb=UNKNOWN, text='Poprawnie', units='pix', win=Window(...), wrapWidth=500)
76.6472 	EXP 	unnamed TextStim: height = 25.0
76.6472 	EXP 	unnamed TextStim: height = 25.0
76.6472 	EXP 	unnamed TextStim: height = 25.0
76.6472 	EXP 	unnamed TextStim: text = 'n'
77.9862 	DATA 	Keypress: n
77.9884 	EXP 	Created unnamed TextStim = TextStim(__class__=<class 'psychopy.visual.text.TextStim'>, alignHoriz=method-wrapper(...), alignText='center', alignVert=method-wrapper(...), anchorHoriz='center', anchorVert='center', antialias=True, autoDraw=False, autoLog=True, bold=False, color=array([-1, -1, -1]), colorSpace='rgb', contrast=1.0, depth=0, flipHoriz=False, flipVert=False, font='', fontFiles=[], height=50.0, italic=False, languageStyle='LTR', name='unnamed TextStim', opacity=1.0, ori=0.0, pos=array([0., 0.]), rgb=UNKNOWN, text='Poprawnie', units='pix', win=Window(...), wrapWidth=500)
78.9974 	EXP 	unnamed TextStim: text = 'n'
80.3833 	DATA 	Keypress: n
80.3853 	EXP 	Created unnamed TextStim = TextStim(__class__=<class 'psychopy.visual.text.TextStim'>, alignHoriz=method-wrapper(...), alignText='center', alignVert=method-wrapper(...), anchorHoriz='center', anchorVert='center', antialias=True, autoDraw=False, autoLog=True, bold=False, color=array([-1, -1, -1]), colorSpace='rgb', contrast=1.0, depth=0, flipHoriz=False, flipVert=False, font='', fontFiles=[], height=50.0, italic=False, languageStyle='LTR', name='unnamed TextStim', opacity=1.0, ori=0.0, pos=array([0., 0.]), rgb=UNKNOWN, text='Poprawnie', units='pix', win=Window(...), wrapWidth=500)
81.3977 	EXP 	unnamed TextStim: height = 25.0
81.3977 	EXP 	unnamed TextStim: height = 25.0
81.3977 	EXP 	unnamed TextStim: height = 25.0
81.3977 	EXP 	unnamed TextStim: text = 'x'
82.6718 	DATA 	Keypress: z
82.6751 	EXP 	Created unnamed TextStim = TextStim(__class__=<class 'psychopy.visual.text.TextStim'>, alignHoriz=method-wrapper(...), alignText='center', alignVert=method-wrapper(...), anchorHoriz='center', anchorVert='center', antialias=True, autoDraw=False, autoLog=True, bold=False, color=array([-1, -1, -1]), colorSpace='rgb', contrast=1.0, depth=0, flipHoriz=False, flipVert=False, font='', fontFiles=[], height=50.0, italic=False, languageStyle='LTR', name='unnamed TextStim', opacity=1.0, ori=0.0, pos=array([0., 0.]), rgb=UNKNOWN, text='Niepoprawnie', units='pix', win=Window(...), wrapWidth=500)
83.6976 	EXP 	unnamed TextStim: text = 'x'
85.6571 	DATA 	Keypress: n
85.6596 	EXP 	Created unnamed TextStim = TextStim(__class__=<class 'psychopy.visual.text.TextStim'>, alignHoriz=method-wrapper(...), alignText='center', alignVert=method-wrapper(...), anchorHoriz='center', anchorVert='center', antialias=True, autoDraw=False, autoLog=True, bold=False, color=array([-1, -1, -1]), colorSpace='rgb', contrast=1.0, depth=0, flipHoriz=False, flipVert=False, font='', fontFiles=[], height=50.0, italic=False, languageStyle='LTR', name='unnamed TextStim', opacity=1.0, ori=0.0, pos=array([0., 0.]), rgb=UNKNOWN, text='Niepoprawnie', units='pix', win=Window(...), wrapWidth=500)
86.6643 	EXP 	unnamed TextStim: text = 'x'
87.9839 	DATA 	Keypress: x
87.9858 	EXP 	Created unnamed TextStim = TextStim(__class__=<class 'psychopy.visual.text.TextStim'>, alignHoriz=method-wrapper(...), alignText='center', alignVert=method-wrapper(...), anchorHoriz='center', anchorVert='center', antialias=True, autoDraw=False, autoLog=True, bold=False, color=array([-1, -1, -1]), colorSpace='rgb', contrast=1.0, depth=0, flipHoriz=False, flipVert=False, font='', fontFiles=[], height=50.0, italic=False, languageStyle='LTR', name='unnamed TextStim', opacity=1.0, ori=0.0, pos=array([0., 0.]), rgb=UNKNOWN, text='Poprawnie', units='pix', win=Window(...), wrapWidth=500)
88.9978 	EXP 	unnamed TextStim: height = 25.0
88.9978 	EXP 	unnamed TextStim: height = 25.0
88.9978 	EXP 	unnamed TextStim: height = 25.0
88.9978 	EXP 	unnamed TextStim: text = 'n'
90.4172 	DATA 	Keypress: n
90.4192 	EXP 	Created unnamed TextStim = TextStim(__class__=<class 'psychopy.visual.text.TextStim'>, alignHoriz=method-wrapper(...), alignText='center', alignVert=method-wrapper(...), anchorHoriz='center', anchorVert='center', antialias=True, autoDraw=False, autoLog=True, bold=False, color=array([-1, -1, -1]), colorSpace='rgb', contrast=1.0, depth=0, flipHoriz=False, flipVert=False, font='', fontFiles=[], height=50.0, italic=False, languageStyle='LTR', name='unnamed TextStim', opacity=1.0, ori=0.0, pos=array([0., 0.]), rgb=UNKNOWN, text='Poprawnie', units='pix', win=Window(...), wrapWidth=500)
91.4313 	EXP 	unnamed TextStim: height = 25.0
91.4313 	EXP 	unnamed TextStim: height = 25.0
91.4313 	EXP 	unnamed TextStim: height = 25.0
91.4313 	EXP 	unnamed TextStim: text = 'z'
93.3210 	DATA 	Keypress: n
93.3236 	EXP 	Created unnamed TextStim = TextStim(__class__=<class 'psychopy.visual.text.TextStim'>, alignHoriz=method-wrapper(...), alignText='center', alignVert=method-wrapper(...), anchorHoriz='center', anchorVert='center', antialias=True, autoDraw=False, autoLog=True, bold=False, color=array([-1, -1, -1]), colorSpace='rgb', contrast=1.0, depth=0, flipHoriz=False, flipVert=False, font='', fontFiles=[], height=50.0, italic=False, languageStyle='LTR', name='unnamed TextStim', opacity=1.0, ori=0.0, pos=array([0., 0.]), rgb=UNKNOWN, text='Niepoprawnie', units='pix', win=Window(...), wrapWidth=500)
94.3490 	EXP 	Created unnamed TextStim = TextStim(__class__=<class 'psychopy.visual.text.TextStim'>, alignHoriz=method-wrapper(...), alignText='center', alignVert=method-wrapper(...), anchorHoriz='center', anchorVert='center', antialias=True, autoDraw=False, autoLog=True, bold=False, color=array([-1, -1, -1]), colorSpace='rgb', contrast=1.0, depth=0, flipHoriz=False, flipVert=False, font='', fontFiles=[], height=20.0, italic=False, languageStyle='LTR', name='unnamed TextStim', opacity=1.0, ori=0.0, pos=array([0., 0.]), rgb=UNKNOWN, text=str(...), units='pix', win=Window(...), wrapWidth=1536)
100.2429 	DATA 	Keypress: space
100.2480 	EXP 	unnamed TextStim: height = 25.0
100.2480 	EXP 	unnamed TextStim: height = 25.0
100.2480 	EXP 	unnamed TextStim: height = 25.0
100.2480 	EXP 	unnamed TextStim: text = 'n'
101.9904 	DATA 	Keypress: z
101.9938 	EXP 	unnamed TextStim: height = 25.0
101.9938 	EXP 	unnamed TextStim: height = 25.0
101.9938 	EXP 	unnamed TextStim: height = 25.0
101.9938 	EXP 	unnamed TextStim: text = 'x'
104.7488 	DATA 	No keypress (maxWait exceeded)
104.7517 	EXP 	unnamed TextStim: height = 25.0
104.7517 	EXP 	unnamed TextStim: height = 25.0
104.7517 	EXP 	unnamed TextStim: height = 25.0
104.7517 	EXP 	unnamed TextStim: text = 'z'
106.4783 	DATA 	Keypress: x
106.4809 	EXP 	unnamed TextStim: height = 25.0
106.4809 	EXP 	unnamed TextStim: height = 25.0
106.4809 	EXP 	unnamed TextStim: height = 25.0
106.4809 	EXP 	unnamed TextStim: text = 'n'
107.8786 	DATA 	Keypress: n
107.8806 	EXP 	unnamed TextStim: height = 25.0
107.8806 	EXP 	unnamed TextStim: height = 25.0
107.8806 	EXP 	unnamed TextStim: height = 25.0
107.8806 	EXP 	unnamed TextStim: text = 'z'
109.4067 	DATA 	Keypress: z
109.4088 	EXP 	unnamed TextStim: height = 25.0
109.4088 	EXP 	unnamed TextStim: height = 25.0
109.4088 	EXP 	unnamed TextStim: height = 25.0
109.4088 	EXP 	unnamed TextStim: text = 'x'
111.1750 	DATA 	Keypress: m
111.3276 	EXP 	Created unnamed ImageStim = ImageStim(__class__=<class 'psychopy.visual.image.ImageStim'>, anchor=('center', 'center'), autoLog=True, color=array([1., 1., 1.]), colorSpace='rgb', contrast=1.0, depth=0, flipHoriz=False, flipVert=False, image='break.jpg', interpolate=True, mask=None, maskParams=None, name='unnamed ImageStim', opacity=1.0, ori=0.0, pos=array([0., 0.]), size=array([1536.,  864.]), texRes=128, units='pix', win=Window(...))
112.3197 	DATA 	Keypress: space
112.3329 	EXP 	unnamed TextStim: text = 'x'
115.1158 	DATA 	No keypress (maxWait exceeded)
115.1182 	EXP 	unnamed TextStim: height = 25.0
115.1182 	EXP 	unnamed TextStim: height = 25.0
115.1182 	EXP 	unnamed TextStim: height = 25.0
115.1182 	EXP 	unnamed TextStim: text = 'n'
116.6718 	DATA 	Keypress: n
116.6740 	EXP 	unnamed TextStim: height = 25.0
116.6740 	EXP 	unnamed TextStim: height = 25.0
116.6740 	EXP 	unnamed TextStim: height = 25.0
116.6740 	EXP 	unnamed TextStim: text = 'x'
118.2668 	DATA 	Keypress: z
118.2680 	EXP 	unnamed TextStim: text = 'x'
121.0326 	DATA 	No keypress (maxWait exceeded)
121.0380 	EXP 	unnamed TextStim: height = 25.0
121.0380 	EXP 	unnamed TextStim: height = 25.0
121.0380 	EXP 	unnamed TextStim: height = 25.0
121.0380 	EXP 	unnamed TextStim: text = 'm'
122.6515 	DATA 	Keypress: m
122.6536 	EXP 	unnamed TextStim: height = 25.0
122.6536 	EXP 	unnamed TextStim: height = 25.0
122.6536 	EXP 	unnamed TextStim: height = 25.0
122.6536 	EXP 	unnamed TextStim: text = 'x'
124.5059 	DATA 	Keypress: n
124.6558 	EXP 	Created unnamed ImageStim = ImageStim(__class__=<class 'psychopy.visual.image.ImageStim'>, anchor=('center', 'center'), autoLog=True, color=array([1., 1., 1.]), colorSpace='rgb', contrast=1.0, depth=0, flipHoriz=False, flipVert=False, image='break.jpg', interpolate=True, mask=None, maskParams=None, name='unnamed ImageStim', opacity=1.0, ori=0.0, pos=array([0., 0.]), size=array([1536.,  864.]), texRes=128, units='pix', win=Window(...))
125.2654 	DATA 	Keypress: space
125.2825 	EXP 	unnamed TextStim: height = 25.0
125.2825 	EXP 	unnamed TextStim: height = 25.0
125.2825 	EXP 	unnamed TextStim: height = 25.0
125.2825 	EXP 	unnamed TextStim: text = 'z'
126.8707 	DATA 	Keypress: z
126.8728 	EXP 	unnamed TextStim: height = 25.0
126.8728 	EXP 	unnamed TextStim: height = 25.0
126.8728 	EXP 	unnamed TextStim: height = 25.0
126.8728 	EXP 	unnamed TextStim: text = 'n'
128.5881 	DATA 	Keypress: n
128.5903 	EXP 	unnamed TextStim: height = 25.0
128.5903 	EXP 	unnamed TextStim: height = 25.0
128.5903 	EXP 	unnamed TextStim: height = 25.0
128.5903 	EXP 	unnamed TextStim: text = 'z'
131.3332 	DATA 	No keypress (maxWait exceeded)
131.3345 	EXP 	unnamed TextStim: text = 'z'
132.8884 	DATA 	Keypress: z
132.8894 	EXP 	unnamed TextStim: text = 'z'
134.5336 	DATA 	Keypress: z
134.5346 	EXP 	unnamed TextStim: text = 'z'
136.1732 	DATA 	Keypress: z
136.3184 	EXP 	Created unnamed ImageStim = ImageStim(__class__=<class 'psychopy.visual.image.ImageStim'>, anchor=('center', 'center'), autoLog=True, color=array([1., 1., 1.]), colorSpace='rgb', contrast=1.0, depth=0, flipHoriz=False, flipVert=False, image='break.jpg', interpolate=True, mask=None, maskParams=None, name='unnamed ImageStim', opacity=1.0, ori=0.0, pos=array([0., 0.]), size=array([1536.,  864.]), texRes=128, units='pix', win=Window(...))
137.0030 	DATA 	Keypress: space
137.0164 	EXP 	unnamed TextStim: height = 25.0
137.0164 	EXP 	unnamed TextStim: height = 25.0
137.0164 	EXP 	unnamed TextStim: height = 25.0
137.0164 	EXP 	unnamed TextStim: text = 'n'
139.7667 	DATA 	No keypress (maxWait exceeded)
139.7688 	EXP 	unnamed TextStim: height = 25.0
139.7688 	EXP 	unnamed TextStim: height = 25.0
139.7688 	EXP 	unnamed TextStim: height = 25.0
139.7688 	EXP 	unnamed TextStim: text = 'm'
141.1967 	DATA 	Keypress: m
141.1987 	EXP 	unnamed TextStim: height = 25.0
141.1987 	EXP 	unnamed TextStim: height = 25.0
141.1987 	EXP 	unnamed TextStim: height = 25.0
141.1987 	EXP 	unnamed TextStim: text = 'n'
143.9669 	DATA 	No keypress (maxWait exceeded)
143.9736 	EXP 	unnamed TextStim: height = 25.0
143.9736 	EXP 	unnamed TextStim: height = 25.0
143.9736 	EXP 	unnamed TextStim: height = 25.0
143.9736 	EXP 	unnamed TextStim: text = 'x'
146.7170 	DATA 	No keypress (maxWait exceeded)
146.7192 	EXP 	unnamed TextStim: height = 25.0
146.7192 	EXP 	unnamed TextStim: height = 25.0
146.7192 	EXP 	unnamed TextStim: height = 25.0
146.7192 	EXP 	unnamed TextStim: text = 'z'
148.2251 	DATA 	Keypress: z
148.2273 	EXP 	unnamed TextStim: height = 25.0
148.2273 	EXP 	unnamed TextStim: height = 25.0
148.2273 	EXP 	unnamed TextStim: height = 25.0
148.2273 	EXP 	unnamed TextStim: text = 'x'
150.0235 	DATA 	Keypress: n
150.1728 	EXP 	Created unnamed ImageStim = ImageStim(__class__=<class 'psychopy.visual.image.ImageStim'>, anchor=('center', 'center'), autoLog=True, color=array([1., 1., 1.]), colorSpace='rgb', contrast=1.0, depth=0, flipHoriz=False, flipVert=False, image='break.jpg', interpolate=True, mask=None, maskParams=None, name='unnamed ImageStim', opacity=1.0, ori=0.0, pos=array([0., 0.]), size=array([1536.,  864.]), texRes=128, units='pix', win=Window(...))
150.8075 	DATA 	Keypress: space
150.8169 	EXP 	unnamed TextStim: height = 25.0
150.8169 	EXP 	unnamed TextStim: height = 25.0
150.8169 	EXP 	unnamed TextStim: height = 25.0
150.8169 	EXP 	unnamed TextStim: text = 'm'
152.3993 	DATA 	Keypress: m
152.4016 	EXP 	unnamed TextStim: height = 25.0
152.4016 	EXP 	unnamed TextStim: height = 25.0
152.4016 	EXP 	unnamed TextStim: height = 25.0
152.4016 	EXP 	unnamed TextStim: text = 'z'
154.1548 	DATA 	Keypress: z
154.1570 	EXP 	unnamed TextStim: height = 25.0
154.1570 	EXP 	unnamed TextStim: height = 25.0
154.1570 	EXP 	unnamed TextStim: height = 25.0
154.1570 	EXP 	unnamed TextStim: text = 'x'
155.9202 	DATA 	Keypress: x
155.9213 	EXP 	unnamed TextStim: text = 'x'
157.4574 	DATA 	Keypress: x
157.4584 	EXP 	unnamed TextStim: text = 'x'
158.9491 	DATA 	Keypress: x
158.9513 	EXP 	unnamed TextStim: height = 25.0
158.9513 	EXP 	unnamed TextStim: height = 25.0
158.9513 	EXP 	unnamed TextStim: height = 25.0
158.9513 	EXP 	unnamed TextStim: text = 'n'
161.0049 	DATA 	Keypress: m
161.1647 	EXP 	Created unnamed ImageStim = ImageStim(__class__=<class 'psychopy.visual.image.ImageStim'>, anchor=('center', 'center'), autoLog=True, color=array([1., 1., 1.]), colorSpace='rgb', contrast=1.0, depth=0, flipHoriz=False, flipVert=False, image='break.jpg', interpolate=True, mask=None, maskParams=None, name='unnamed ImageStim', opacity=1.0, ori=0.0, pos=array([0., 0.]), size=array([1536.,  864.]), texRes=128, units='pix', win=Window(...))
162.2485 	DATA 	Keypress: space
162.2503 	EXP 	unnamed TextStim: text = 'n'
163.7558 	DATA 	Keypress: n
163.7580 	EXP 	unnamed TextStim: height = 25.0
163.7580 	EXP 	unnamed TextStim: height = 25.0
163.7580 	EXP 	unnamed TextStim: height = 25.0
163.7580 	EXP 	unnamed TextStim: text = 'x'
165.7056 	DATA 	Keypress: x
165.7067 	EXP 	unnamed TextStim: text = 'x'
167.2264 	DATA 	Keypress: x
167.2274 	EXP 	unnamed TextStim: text = 'x'
168.7965 	DATA 	Keypress: x
168.7976 	EXP 	unnamed TextStim: text = 'x'
170.3005 	DATA 	Keypress: x
170.3071 	EXP 	unnamed TextStim: height = 25.0
170.3071 	EXP 	unnamed TextStim: height = 25.0
170.3071 	EXP 	unnamed TextStim: height = 25.0
170.3071 	EXP 	unnamed TextStim: text = 'm'
171.7207 	DATA 	Keypress: m
171.8345 	EXP 	Created unnamed ImageStim = ImageStim(__class__=<class 'psychopy.visual.image.ImageStim'>, anchor=('center', 'center'), autoLog=True, color=array([1., 1., 1.]), colorSpace='rgb', contrast=1.0, depth=0, flipHoriz=False, flipVert=False, image='break.jpg', interpolate=True, mask=None, maskParams=None, name='unnamed ImageStim', opacity=1.0, ori=0.0, pos=array([0., 0.]), size=array([1536.,  864.]), texRes=128, units='pix', win=Window(...))
173.1042 	DATA 	Keypress: space
173.1174 	EXP 	unnamed TextStim: height = 25.0
173.1174 	EXP 	unnamed TextStim: height = 25.0
173.1174 	EXP 	unnamed TextStim: height = 25.0
173.1174 	EXP 	unnamed TextStim: text = 'n'
175.9014 	DATA 	No keypress (maxWait exceeded)
175.9024 	EXP 	unnamed TextStim: text = 'n'
178.6849 	DATA 	No keypress (maxWait exceeded)
178.6868 	EXP 	unnamed TextStim: height = 25.0
178.6868 	EXP 	unnamed TextStim: height = 25.0
178.6868 	EXP 	unnamed TextStim: height = 25.0
178.6868 	EXP 	unnamed TextStim: text = 'm'
180.2700 	DATA 	Keypress: m
180.2727 	EXP 	unnamed TextStim: height = 25.0
180.2727 	EXP 	unnamed TextStim: height = 25.0
180.2727 	EXP 	unnamed TextStim: height = 25.0
180.2727 	EXP 	unnamed TextStim: text = 'n'
182.0112 	DATA 	Keypress: n
182.0134 	EXP 	unnamed TextStim: height = 25.0
182.0134 	EXP 	unnamed TextStim: height = 25.0
182.0134 	EXP 	unnamed TextStim: height = 25.0
182.0134 	EXP 	unnamed TextStim: text = 'x'
183.4729 	DATA 	Keypress: x
183.4750 	EXP 	unnamed TextStim: height = 25.0
183.4750 	EXP 	unnamed TextStim: height = 25.0
183.4750 	EXP 	unnamed TextStim: height = 25.0
183.4750 	EXP 	unnamed TextStim: text = 'z'
185.0548 	DATA 	Keypress: z
185.2115 	EXP 	Created unnamed ImageStim = ImageStim(__class__=<class 'psychopy.visual.image.ImageStim'>, anchor=('center', 'center'), autoLog=True, color=array([1., 1., 1.]), colorSpace='rgb', contrast=1.0, depth=0, flipHoriz=False, flipVert=False, image='break.jpg', interpolate=True, mask=None, maskParams=None, name='unnamed ImageStim', opacity=1.0, ori=0.0, pos=array([0., 0.]), size=array([1536.,  864.]), texRes=128, units='pix', win=Window(...))
186.0642 	DATA 	Keypress: space
186.0679 	EXP 	unnamed TextStim: text = 'z'
187.6652 	DATA 	Keypress: z
187.6676 	EXP 	unnamed TextStim: height = 25.0
187.6676 	EXP 	unnamed TextStim: height = 25.0
187.6676 	EXP 	unnamed TextStim: height = 25.0
187.6676 	EXP 	unnamed TextStim: text = 'x'
190.4188 	DATA 	No keypress (maxWait exceeded)
190.4204 	EXP 	unnamed TextStim: text = 'x'
193.2022 	DATA 	No keypress (maxWait exceeded)
193.2047 	EXP 	unnamed TextStim: height = 25.0
193.2047 	EXP 	unnamed TextStim: height = 25.0
193.2047 	EXP 	unnamed TextStim: height = 25.0
193.2047 	EXP 	unnamed TextStim: text = 'n'
194.5927 	DATA 	Keypress: n
194.5938 	EXP 	unnamed TextStim: text = 'n'
196.2590 	DATA 	Keypress: n
196.2657 	EXP 	unnamed TextStim: height = 25.0
196.2657 	EXP 	unnamed TextStim: height = 25.0
196.2657 	EXP 	unnamed TextStim: height = 25.0
196.2657 	EXP 	unnamed TextStim: text = 'z'
197.8698 	DATA 	Keypress: z
198.0323 	EXP 	Created unnamed ImageStim = ImageStim(__class__=<class 'psychopy.visual.image.ImageStim'>, anchor=('center', 'center'), autoLog=True, color=array([1., 1., 1.]), colorSpace='rgb', contrast=1.0, depth=0, flipHoriz=False, flipVert=False, image='break.jpg', interpolate=True, mask=None, maskParams=None, name='unnamed ImageStim', opacity=1.0, ori=0.0, pos=array([0., 0.]), size=array([1536.,  864.]), texRes=128, units='pix', win=Window(...))
199.1467 	DATA 	Keypress: space
199.1521 	EXP 	unnamed TextStim: height = 25.0
199.1521 	EXP 	unnamed TextStim: height = 25.0
199.1521 	EXP 	unnamed TextStim: height = 25.0
199.1521 	EXP 	unnamed TextStim: text = 'n'
201.9025 	DATA 	No keypress (maxWait exceeded)
201.9045 	EXP 	unnamed TextStim: height = 25.0
201.9045 	EXP 	unnamed TextStim: height = 25.0
201.9045 	EXP 	unnamed TextStim: height = 25.0
201.9045 	EXP 	unnamed TextStim: text = 'm'
203.7846 	DATA 	Keypress: m
203.7876 	EXP 	unnamed TextStim: height = 25.0
203.7876 	EXP 	unnamed TextStim: height = 25.0
203.7876 	EXP 	unnamed TextStim: height = 25.0
203.7876 	EXP 	unnamed TextStim: text = 'n'
205.5909 	DATA 	Keypress: n
205.5929 	EXP 	unnamed TextStim: height = 25.0
205.5929 	EXP 	unnamed TextStim: height = 25.0
205.5929 	EXP 	unnamed TextStim: height = 25.0
205.5929 	EXP 	unnamed TextStim: text = 'z'
207.1617 	DATA 	Keypress: z
207.1638 	EXP 	unnamed TextStim: height = 25.0
207.1638 	EXP 	unnamed TextStim: height = 25.0
207.1638 	EXP 	unnamed TextStim: height = 25.0
207.1638 	EXP 	unnamed TextStim: text = 'n'
208.7693 	DATA 	Keypress: n
208.7704 	EXP 	unnamed TextStim: text = 'n'
211.5196 	DATA 	No keypress (maxWait exceeded)
211.6680 	EXP 	Created unnamed ImageStim = ImageStim(__class__=<class 'psychopy.visual.image.ImageStim'>, anchor=('center', 'center'), autoLog=True, color=array([1., 1., 1.]), colorSpace='rgb', contrast=1.0, depth=0, flipHoriz=False, flipVert=False, image='break.jpg', interpolate=True, mask=None, maskParams=None, name='unnamed ImageStim', opacity=1.0, ori=0.0, pos=array([0., 0.]), size=array([1536.,  864.]), texRes=128, units='pix', win=Window(...))
212.3413 	DATA 	Keypress: space
212.3526 	EXP 	unnamed TextStim: height = 25.0
212.3526 	EXP 	unnamed TextStim: height = 25.0
212.3526 	EXP 	unnamed TextStim: height = 25.0
212.3526 	EXP 	unnamed TextStim: text = 'z'
213.7383 	DATA 	Keypress: z
213.7402 	EXP 	unnamed TextStim: height = 25.0
213.7402 	EXP 	unnamed TextStim: height = 25.0
213.7402 	EXP 	unnamed TextStim: height = 25.0
213.7402 	EXP 	unnamed TextStim: text = 'm'
215.3152 	DATA 	Keypress: m
215.3164 	EXP 	unnamed TextStim: text = 'm'
216.7203 	DATA 	Keypress: m
216.7271 	EXP 	unnamed TextStim: height = 25.0
216.7271 	EXP 	unnamed TextStim: height = 25.0
216.7271 	EXP 	unnamed TextStim: height = 25.0
216.7271 	EXP 	unnamed TextStim: text = 'x'
218.5294 	DATA 	Keypress: z
218.5314 	EXP 	unnamed TextStim: height = 25.0
218.5314 	EXP 	unnamed TextStim: height = 25.0
218.5314 	EXP 	unnamed TextStim: height = 25.0
218.5314 	EXP 	unnamed TextStim: text = 'z'
220.0438 	DATA 	Keypress: z
220.0449 	EXP 	unnamed TextStim: text = 'z'
221.5454 	DATA 	Keypress: z
221.6584 	EXP 	Created unnamed ImageStim = ImageStim(__class__=<class 'psychopy.visual.image.ImageStim'>, anchor=('center', 'center'), autoLog=True, color=array([1., 1., 1.]), colorSpace='rgb', contrast=1.0, depth=0, flipHoriz=False, flipVert=False, image='break.jpg', interpolate=True, mask=None, maskParams=None, name='unnamed ImageStim', opacity=1.0, ori=0.0, pos=array([0., 0.]), size=array([1536.,  864.]), texRes=128, units='pix', win=Window(...))
222.2675 	DATA 	Keypress: space
222.2704 	EXP 	unnamed TextStim: height = 25.0
222.2704 	EXP 	unnamed TextStim: height = 25.0
222.2704 	EXP 	unnamed TextStim: height = 25.0
222.2704 	EXP 	unnamed TextStim: text = 'x'
223.6739 	DATA 	Keypress: x
223.6751 	EXP 	unnamed TextStim: text = 'x'
225.2256 	DATA 	Keypress: x
225.2278 	EXP 	unnamed TextStim: height = 25.0
225.2278 	EXP 	unnamed TextStim: height = 25.0
225.2278 	EXP 	unnamed TextStim: height = 25.0
225.2278 	EXP 	unnamed TextStim: text = 'm'
228.0036 	DATA 	No keypress (maxWait exceeded)
228.0056 	EXP 	unnamed TextStim: height = 25.0
228.0056 	EXP 	unnamed TextStim: height = 25.0
228.0056 	EXP 	unnamed TextStim: height = 25.0
228.0056 	EXP 	unnamed TextStim: text = 'n'
229.3811 	DATA 	Keypress: n
229.3823 	EXP 	unnamed TextStim: text = 'n'
232.1203 	DATA 	No keypress (maxWait exceeded)
232.1223 	EXP 	unnamed TextStim: height = 25.0
232.1223 	EXP 	unnamed TextStim: height = 25.0
232.1223 	EXP 	unnamed TextStim: height = 25.0
232.1223 	EXP 	unnamed TextStim: text = 'z'
234.8871 	DATA 	No keypress (maxWait exceeded)
235.0357 	EXP 	Created unnamed ImageStim = ImageStim(__class__=<class 'psychopy.visual.image.ImageStim'>, anchor=('center', 'center'), autoLog=True, color=array([1., 1., 1.]), colorSpace='rgb', contrast=1.0, depth=0, flipHoriz=False, flipVert=False, image='break.jpg', interpolate=True, mask=None, maskParams=None, name='unnamed ImageStim', opacity=1.0, ori=0.0, pos=array([0., 0.]), size=array([1536.,  864.]), texRes=128, units='pix', win=Window(...))
235.5974 	DATA 	Keypress: space
235.6170 	EXP 	Created unnamed TextStim = TextStim(__class__=<class 'psychopy.visual.text.TextStim'>, alignHoriz=method-wrapper(...), alignText='center', alignVert=method-wrapper(...), anchorHoriz='center', anchorVert='center', antialias=True, autoDraw=False, autoLog=True, bold=False, color=array([-1, -1, -1]), colorSpace='rgb', contrast=1.0, depth=0, flipHoriz=False, flipVert=False, font='', fontFiles=[], height=20.0, italic=False, languageStyle='LTR', name='unnamed TextStim', opacity=1.0, ori=0.0, pos=array([0., 0.]), rgb=UNKNOWN, text=str(...), units='pix', win=Window(...), wrapWidth=1536)
248.5906 	DATA 	Keypress: return
248.6782 	EXP 	window1: mouseVisible = True
