10.4740 	WARNING 	User requested fullscreen with size [1536  864], but screen is actually [1920, 1080]. Using actual size
11.9485 	INFO 	FRAME RATE: 60
11.9485 	INFO 	SCREEN RES: odict_values([1536, 864])
12.0065 	EXP 	Created unnamed TextStim = TextStim(__class__=<class 'psychopy.visual.text.TextStim'>, alignHoriz=method-wrapper(...), alignText='center', alignVert=method-wrapper(...), anchorHoriz='center', anchorVert='center', antialias=True, autoDraw=False, autoLog=True, bold=False, color=array([-1, -1, -1]), colorSpace='rgb', contrast=1.0, depth=0, flipHoriz=False, flipVert=False, font='', fontFiles=[], height=100.0, italic=False, languageStyle='LTR', name='unnamed TextStim', opacity=1.0, ori=0.0, pos=array([0., 0.]), rgb=UNKNOWN, text='+', units='pix', win=Window(...), wrapWidth=500)
12.0103 	EXP 	Created unnamed Circle = Circle(__class__=<class 'psychopy.visual.circle.Circle'>, anchor=('center', 'center'), autoDraw=False, autoLog=True, closeShape=True, color=method-wrapper(...), colorSpace='rgb', contrast=None, depth=0, fillColor=array([ 0.09019608, -1.        , -1.        ]), fillColorSpace='rgb', fillRGB=array([ 0.09019608, -1.        , -1.        ]), interpolate=True, lineColor=array([ 0.09019608, -1.        , -1.        ]), lineColorSpace='rgb', lineRGB=array([ 0.09019608, -1.        , -1.        ]), lineWidth=1.5, name='unnamed Circle', opacity=1.0, ori=0.0, pos=array([0., 0.]), size=array([1., 1.]), units='pix', vertices=ndarray(...), win=Window(...))
12.0112 	EXP 	Created unnamed TextStim = TextStim(__class__=<class 'psychopy.visual.text.TextStim'>, alignHoriz=method-wrapper(...), alignText='center', alignVert=method-wrapper(...), anchorHoriz='center', anchorVert='center', antialias=True, autoDraw=False, autoLog=True, bold=False, color=array([-0.17647059, -0.17647059, -0.17647059]), colorSpace='rgb', contrast=1.0, depth=0, flipHoriz=False, flipVert=False, font='', fontFiles=[], height=25, italic=False, languageStyle='LTR', name='unnamed TextStim', opacity=1.0, ori=0.0, pos=array([0., 0.]), rgb=UNKNOWN, text='', units='pix', win=Window(...), wrapWidth=500)
12.0184 	EXP 	Created unnamed ImageStim = ImageStim(__class__=<class 'psychopy.visual.image.ImageStim'>, anchor=('center', 'center'), autoLog=True, color=array([1., 1., 1.]), colorSpace='rgb', contrast=1.0, depth=0, flipHoriz=False, flipVert=False, image='mask4.png', interpolate=False, mask=None, maskParams=None, name='unnamed ImageStim', opacity=1.0, ori=0.0, pos=array([0., 0.]), size=array([25., 25.]), texRes=128, units='pix', win=Window(...))
12.0263 	EXP 	Created unnamed TextStim = TextStim(__class__=<class 'psychopy.visual.text.TextStim'>, alignHoriz=method-wrapper(...), alignText='center', alignVert=method-wrapper(...), anchorHoriz='center', anchorVert='center', antialias=True, autoDraw=False, autoLog=True, bold=False, color=array([-1, -1, -1]), colorSpace='rgb', contrast=1.0, depth=0, flipHoriz=False, flipVert=False, font='', fontFiles=[], height=30.0, italic=False, languageStyle='LTR', name='unnamed TextStim', opacity=1.0, ori=0.0, pos=array([ 100., -300.]), rgb=UNKNOWN, text=str(...), units='pix', win=Window(...), wrapWidth=10000)
12.0310 	EXP 	Created unnamed TextStim = TextStim(__class__=<class 'psychopy.visual.text.TextStim'>, alignHoriz=method-wrapper(...), alignText='center', alignVert=method-wrapper(...), anchorHoriz='center', anchorVert='center', antialias=True, autoDraw=False, autoLog=True, bold=False, color=array([-1, -1, -1]), colorSpace='rgb', contrast=1.0, depth=0, flipHoriz=False, flipVert=False, font='', fontFiles=[], height=30.0, italic=False, languageStyle='LTR', name='unnamed TextStim', opacity=1.0, ori=0.0, pos=array([ 100., -330.]), rgb=UNKNOWN, text=str(...), units='pix', win=Window(...), wrapWidth=10000)
12.0712 	EXP 	Created unnamed TextStim = TextStim(__class__=<class 'psychopy.visual.text.TextStim'>, alignHoriz=method-wrapper(...), alignText='center', alignVert=method-wrapper(...), anchorHoriz='center', anchorVert='center', antialias=True, autoDraw=False, autoLog=True, bold=False, color=array([-1, -1, -1]), colorSpace='rgb', contrast=1.0, depth=0, flipHoriz=False, flipVert=False, font='', fontFiles=[], height=20.0, italic=False, languageStyle='LTR', name='unnamed TextStim', opacity=1.0, ori=0.0, pos=array([0., 0.]), rgb=UNKNOWN, text=str(...), units='pix', win=Window(...), wrapWidth=1536)
46.8321 	DATA 	Keypress: space
46.8485 	EXP 	unnamed TextStim: height = 25.0
46.8485 	EXP 	unnamed TextStim: height = 25.0
46.8485 	EXP 	unnamed TextStim: height = 25.0
46.8485 	EXP 	unnamed TextStim: text = 'x'
48.6593 	DATA 	Keypress: z
48.6679 	EXP 	Created unnamed TextStim = TextStim(__class__=<class 'psychopy.visual.text.TextStim'>, alignHoriz=method-wrapper(...), alignText='center', alignVert=method-wrapper(...), anchorHoriz='center', anchorVert='center', antialias=True, autoDraw=False, autoLog=True, bold=False, color=array([-1, -1, -1]), colorSpace='rgb', contrast=1.0, depth=0, flipHoriz=False, flipVert=False, font='', fontFiles=[], height=50.0, italic=False, languageStyle='LTR', name='unnamed TextStim', opacity=1.0, ori=0.0, pos=array([0., 0.]), rgb=UNKNOWN, text='Niepoprawnie', units='pix', win=Window(...), wrapWidth=500)
49.6819 	EXP 	unnamed TextStim: height = 25.0
49.6819 	EXP 	unnamed TextStim: height = 25.0
49.6819 	EXP 	unnamed TextStim: height = 25.0
49.6819 	EXP 	unnamed TextStim: text = 'n'
51.2328 	DATA 	Keypress: n
51.2370 	EXP 	Created unnamed TextStim = TextStim(__class__=<class 'psychopy.visual.text.TextStim'>, alignHoriz=method-wrapper(...), alignText='center', alignVert=method-wrapper(...), anchorHoriz='center', anchorVert='center', antialias=True, autoDraw=False, autoLog=True, bold=False, color=array([-1, -1, -1]), colorSpace='rgb', contrast=1.0, depth=0, flipHoriz=False, flipVert=False, font='', fontFiles=[], height=50.0, italic=False, languageStyle='LTR', name='unnamed TextStim', opacity=1.0, ori=0.0, pos=array([0., 0.]), rgb=UNKNOWN, text='Poprawnie', units='pix', win=Window(...), wrapWidth=500)
52.2487 	EXP 	unnamed TextStim: height = 25.0
52.2487 	EXP 	unnamed TextStim: height = 25.0
52.2487 	EXP 	unnamed TextStim: height = 25.0
52.2487 	EXP 	unnamed TextStim: text = 'x'
53.7478 	DATA 	Keypress: x
53.7499 	EXP 	Created unnamed TextStim = TextStim(__class__=<class 'psychopy.visual.text.TextStim'>, alignHoriz=method-wrapper(...), alignText='center', alignVert=method-wrapper(...), anchorHoriz='center', anchorVert='center', antialias=True, autoDraw=False, autoLog=True, bold=False, color=array([-1, -1, -1]), colorSpace='rgb', contrast=1.0, depth=0, flipHoriz=False, flipVert=False, font='', fontFiles=[], height=50.0, italic=False, languageStyle='LTR', name='unnamed TextStim', opacity=1.0, ori=0.0, pos=array([0., 0.]), rgb=UNKNOWN, text='Poprawnie', units='pix', win=Window(...), wrapWidth=500)
54.7655 	EXP 	unnamed TextStim: text = 'x'
56.0001 	DATA 	Keypress: z
56.0543 	EXP 	Created unnamed TextStim = TextStim(__class__=<class 'psychopy.visual.text.TextStim'>, alignHoriz=method-wrapper(...), alignText='center', alignVert=method-wrapper(...), anchorHoriz='center', anchorVert='center', antialias=True, autoDraw=False, autoLog=True, bold=False, color=array([-1, -1, -1]), colorSpace='rgb', contrast=1.0, depth=0, flipHoriz=False, flipVert=False, font='', fontFiles=[], height=50.0, italic=False, languageStyle='LTR', name='unnamed TextStim', opacity=1.0, ori=0.0, pos=array([0., 0.]), rgb=UNKNOWN, text='Niepoprawnie', units='pix', win=Window(...), wrapWidth=500)
57.0822 	EXP 	unnamed TextStim: height = 25.0
57.0822 	EXP 	unnamed TextStim: height = 25.0
57.0822 	EXP 	unnamed TextStim: height = 25.0
57.0822 	EXP 	unnamed TextStim: text = 'm'
58.5558 	DATA 	Keypress: m
58.5578 	EXP 	Created unnamed TextStim = TextStim(__class__=<class 'psychopy.visual.text.TextStim'>, alignHoriz=method-wrapper(...), alignText='center', alignVert=method-wrapper(...), anchorHoriz='center', anchorVert='center', antialias=True, autoDraw=False, autoLog=True, bold=False, color=array([-1, -1, -1]), colorSpace='rgb', contrast=1.0, depth=0, flipHoriz=False, flipVert=False, font='', fontFiles=[], height=50.0, italic=False, languageStyle='LTR', name='unnamed TextStim', opacity=1.0, ori=0.0, pos=array([0., 0.]), rgb=UNKNOWN, text='Poprawnie', units='pix', win=Window(...), wrapWidth=500)
59.5823 	EXP 	unnamed TextStim: height = 25.0
59.5823 	EXP 	unnamed TextStim: height = 25.0
59.5823 	EXP 	unnamed TextStim: height = 25.0
59.5823 	EXP 	unnamed TextStim: text = 'z'
61.2743 	DATA 	Keypress: z
61.2763 	EXP 	Created unnamed TextStim = TextStim(__class__=<class 'psychopy.visual.text.TextStim'>, alignHoriz=method-wrapper(...), alignText='center', alignVert=method-wrapper(...), anchorHoriz='center', anchorVert='center', antialias=True, autoDraw=False, autoLog=True, bold=False, color=array([-1, -1, -1]), colorSpace='rgb', contrast=1.0, depth=0, flipHoriz=False, flipVert=False, font='', fontFiles=[], height=50.0, italic=False, languageStyle='LTR', name='unnamed TextStim', opacity=1.0, ori=0.0, pos=array([0., 0.]), rgb=UNKNOWN, text='Poprawnie', units='pix', win=Window(...), wrapWidth=500)
62.2824 	EXP 	unnamed TextStim: text = 'z'
63.7497 	DATA 	Keypress: n
64.3954 	DATA 	Keypress: n
64.3980 	EXP 	Created unnamed TextStim = TextStim(__class__=<class 'psychopy.visual.text.TextStim'>, alignHoriz=method-wrapper(...), alignText='center', alignVert=method-wrapper(...), anchorHoriz='center', anchorVert='center', antialias=True, autoDraw=False, autoLog=True, bold=False, color=array([-1, -1, -1]), colorSpace='rgb', contrast=1.0, depth=0, flipHoriz=False, flipVert=False, font='', fontFiles=[], height=50.0, italic=False, languageStyle='LTR', name='unnamed TextStim', opacity=1.0, ori=0.0, pos=array([0., 0.]), rgb=UNKNOWN, text='Niepoprawnie', units='pix', win=Window(...), wrapWidth=500)
65.4157 	EXP 	unnamed TextStim: height = 25.0
65.4157 	EXP 	unnamed TextStim: height = 25.0
65.4157 	EXP 	unnamed TextStim: height = 25.0
65.4157 	EXP 	unnamed TextStim: text = 'n'
67.1598 	DATA 	Keypress: n
67.1618 	EXP 	Created unnamed TextStim = TextStim(__class__=<class 'psychopy.visual.text.TextStim'>, alignHoriz=method-wrapper(...), alignText='center', alignVert=method-wrapper(...), anchorHoriz='center', anchorVert='center', antialias=True, autoDraw=False, autoLog=True, bold=False, color=array([-1, -1, -1]), colorSpace='rgb', contrast=1.0, depth=0, flipHoriz=False, flipVert=False, font='', fontFiles=[], height=50.0, italic=False, languageStyle='LTR', name='unnamed TextStim', opacity=1.0, ori=0.0, pos=array([0., 0.]), rgb=UNKNOWN, text='Poprawnie', units='pix', win=Window(...), wrapWidth=500)
68.1659 	EXP 	unnamed TextStim: text = 'n'
69.7721 	DATA 	Keypress: n
69.7740 	EXP 	Created unnamed TextStim = TextStim(__class__=<class 'psychopy.visual.text.TextStim'>, alignHoriz=method-wrapper(...), alignText='center', alignVert=method-wrapper(...), anchorHoriz='center', anchorVert='center', antialias=True, autoDraw=False, autoLog=True, bold=False, color=array([-1, -1, -1]), colorSpace='rgb', contrast=1.0, depth=0, flipHoriz=False, flipVert=False, font='', fontFiles=[], height=50.0, italic=False, languageStyle='LTR', name='unnamed TextStim', opacity=1.0, ori=0.0, pos=array([0., 0.]), rgb=UNKNOWN, text='Poprawnie', units='pix', win=Window(...), wrapWidth=500)
70.7826 	EXP 	unnamed TextStim: height = 25.0
70.7826 	EXP 	unnamed TextStim: height = 25.0
70.7826 	EXP 	unnamed TextStim: height = 25.0
70.7826 	EXP 	unnamed TextStim: text = 'z'
72.5064 	DATA 	Keypress: z
72.5086 	EXP 	Created unnamed TextStim = TextStim(__class__=<class 'psychopy.visual.text.TextStim'>, alignHoriz=method-wrapper(...), alignText='center', alignVert=method-wrapper(...), anchorHoriz='center', anchorVert='center', antialias=True, autoDraw=False, autoLog=True, bold=False, color=array([-1, -1, -1]), colorSpace='rgb', contrast=1.0, depth=0, flipHoriz=False, flipVert=False, font='', fontFiles=[], height=50.0, italic=False, languageStyle='LTR', name='unnamed TextStim', opacity=1.0, ori=0.0, pos=array([0., 0.]), rgb=UNKNOWN, text='Poprawnie', units='pix', win=Window(...), wrapWidth=500)
73.5161 	EXP 	unnamed TextStim: text = 'z'
74.9833 	DATA 	Keypress: z
75.4847 	DATA 	Keypress: z
75.4876 	EXP 	Created unnamed TextStim = TextStim(__class__=<class 'psychopy.visual.text.TextStim'>, alignHoriz=method-wrapper(...), alignText='center', alignVert=method-wrapper(...), anchorHoriz='center', anchorVert='center', antialias=True, autoDraw=False, autoLog=True, bold=False, color=array([-1, -1, -1]), colorSpace='rgb', contrast=1.0, depth=0, flipHoriz=False, flipVert=False, font='', fontFiles=[], height=50.0, italic=False, languageStyle='LTR', name='unnamed TextStim', opacity=1.0, ori=0.0, pos=array([0., 0.]), rgb=UNKNOWN, text='Poprawnie', units='pix', win=Window(...), wrapWidth=500)
76.4995 	EXP 	unnamed TextStim: height = 25.0
76.4995 	EXP 	unnamed TextStim: height = 25.0
76.4995 	EXP 	unnamed TextStim: height = 25.0
76.4995 	EXP 	unnamed TextStim: text = 'm'
78.0940 	DATA 	Keypress: m
78.0959 	EXP 	Created unnamed TextStim = TextStim(__class__=<class 'psychopy.visual.text.TextStim'>, alignHoriz=method-wrapper(...), alignText='center', alignVert=method-wrapper(...), anchorHoriz='center', anchorVert='center', antialias=True, autoDraw=False, autoLog=True, bold=False, color=array([-1, -1, -1]), colorSpace='rgb', contrast=1.0, depth=0, flipHoriz=False, flipVert=False, font='', fontFiles=[], height=50.0, italic=False, languageStyle='LTR', name='unnamed TextStim', opacity=1.0, ori=0.0, pos=array([0., 0.]), rgb=UNKNOWN, text='Poprawnie', units='pix', win=Window(...), wrapWidth=500)
79.1005 	EXP 	unnamed TextStim: height = 25.0
79.1005 	EXP 	unnamed TextStim: height = 25.0
79.1005 	EXP 	unnamed TextStim: height = 25.0
79.1005 	EXP 	unnamed TextStim: text = 'n'
80.7824 	DATA 	Keypress: n
80.7850 	EXP 	Created unnamed TextStim = TextStim(__class__=<class 'psychopy.visual.text.TextStim'>, alignHoriz=method-wrapper(...), alignText='center', alignVert=method-wrapper(...), anchorHoriz='center', anchorVert='center', antialias=True, autoDraw=False, autoLog=True, bold=False, color=array([-1, -1, -1]), colorSpace='rgb', contrast=1.0, depth=0, flipHoriz=False, flipVert=False, font='', fontFiles=[], height=50.0, italic=False, languageStyle='LTR', name='unnamed TextStim', opacity=1.0, ori=0.0, pos=array([0., 0.]), rgb=UNKNOWN, text='Poprawnie', units='pix', win=Window(...), wrapWidth=500)
81.7996 	EXP 	unnamed TextStim: text = 'n'
83.3981 	DATA 	Keypress: n
83.4006 	EXP 	Created unnamed TextStim = TextStim(__class__=<class 'psychopy.visual.text.TextStim'>, alignHoriz=method-wrapper(...), alignText='center', alignVert=method-wrapper(...), anchorHoriz='center', anchorVert='center', antialias=True, autoDraw=False, autoLog=True, bold=False, color=array([-1, -1, -1]), colorSpace='rgb', contrast=1.0, depth=0, flipHoriz=False, flipVert=False, font='', fontFiles=[], height=50.0, italic=False, languageStyle='LTR', name='unnamed TextStim', opacity=1.0, ori=0.0, pos=array([0., 0.]), rgb=UNKNOWN, text='Poprawnie', units='pix', win=Window(...), wrapWidth=500)
84.4164 	EXP 	unnamed TextStim: text = 'n'
85.8864 	DATA 	Keypress: n
85.8915 	EXP 	Created unnamed TextStim = TextStim(__class__=<class 'psychopy.visual.text.TextStim'>, alignHoriz=method-wrapper(...), alignText='center', alignVert=method-wrapper(...), anchorHoriz='center', anchorVert='center', antialias=True, autoDraw=False, autoLog=True, bold=False, color=array([-1, -1, -1]), colorSpace='rgb', contrast=1.0, depth=0, flipHoriz=False, flipVert=False, font='', fontFiles=[], height=50.0, italic=False, languageStyle='LTR', name='unnamed TextStim', opacity=1.0, ori=0.0, pos=array([0., 0.]), rgb=UNKNOWN, text='Poprawnie', units='pix', win=Window(...), wrapWidth=500)
86.9328 	EXP 	Created unnamed TextStim = TextStim(__class__=<class 'psychopy.visual.text.TextStim'>, alignHoriz=method-wrapper(...), alignText='center', alignVert=method-wrapper(...), anchorHoriz='center', anchorVert='center', antialias=True, autoDraw=False, autoLog=True, bold=False, color=array([-1, -1, -1]), colorSpace='rgb', contrast=1.0, depth=0, flipHoriz=False, flipVert=False, font='', fontFiles=[], height=20.0, italic=False, languageStyle='LTR', name='unnamed TextStim', opacity=1.0, ori=0.0, pos=array([0., 0.]), rgb=UNKNOWN, text=str(...), units='pix', win=Window(...), wrapWidth=1536)
93.9586 	DATA 	Keypress: return
93.9666 	EXP 	unnamed TextStim: text = 'n'
96.5080 	DATA 	Keypress: n
96.5155 	EXP 	Created unnamed TextStim = TextStim(__class__=<class 'psychopy.visual.text.TextStim'>, alignHoriz=method-wrapper(...), alignText='center', alignVert=method-wrapper(...), anchorHoriz='center', anchorVert='center', antialias=True, autoDraw=False, autoLog=True, bold=False, color=array([-1, -1, -1]), colorSpace='rgb', contrast=1.0, depth=0, flipHoriz=False, flipVert=False, font='', fontFiles=[], height=50.0, italic=False, languageStyle='LTR', name='unnamed TextStim', opacity=1.0, ori=0.0, pos=array([0., 0.]), rgb=UNKNOWN, text='Poprawnie', units='pix', win=Window(...), wrapWidth=500)
97.5336 	EXP 	unnamed TextStim: height = 25.0
97.5336 	EXP 	unnamed TextStim: height = 25.0
97.5336 	EXP 	unnamed TextStim: height = 25.0
97.5336 	EXP 	unnamed TextStim: text = 'x'
99.1990 	DATA 	Keypress: z
99.2024 	EXP 	Created unnamed TextStim = TextStim(__class__=<class 'psychopy.visual.text.TextStim'>, alignHoriz=method-wrapper(...), alignText='center', alignVert=method-wrapper(...), anchorHoriz='center', anchorVert='center', antialias=True, autoDraw=False, autoLog=True, bold=False, color=array([-1, -1, -1]), colorSpace='rgb', contrast=1.0, depth=0, flipHoriz=False, flipVert=False, font='', fontFiles=[], height=50.0, italic=False, languageStyle='LTR', name='unnamed TextStim', opacity=1.0, ori=0.0, pos=array([0., 0.]), rgb=UNKNOWN, text='Niepoprawnie', units='pix', win=Window(...), wrapWidth=500)
100.2170 	EXP 	unnamed TextStim: text = 'x'
102.0301 	DATA 	Keypress: x
102.0326 	EXP 	Created unnamed TextStim = TextStim(__class__=<class 'psychopy.visual.text.TextStim'>, alignHoriz=method-wrapper(...), alignText='center', alignVert=method-wrapper(...), anchorHoriz='center', anchorVert='center', antialias=True, autoDraw=False, autoLog=True, bold=False, color=array([-1, -1, -1]), colorSpace='rgb', contrast=1.0, depth=0, flipHoriz=False, flipVert=False, font='', fontFiles=[], height=50.0, italic=False, languageStyle='LTR', name='unnamed TextStim', opacity=1.0, ori=0.0, pos=array([0., 0.]), rgb=UNKNOWN, text='Poprawnie', units='pix', win=Window(...), wrapWidth=500)
103.0504 	EXP 	unnamed TextStim: height = 25.0
103.0504 	EXP 	unnamed TextStim: height = 25.0
103.0504 	EXP 	unnamed TextStim: height = 25.0
103.0504 	EXP 	unnamed TextStim: text = 'z'
104.5267 	DATA 	Keypress: m
104.5287 	EXP 	Created unnamed TextStim = TextStim(__class__=<class 'psychopy.visual.text.TextStim'>, alignHoriz=method-wrapper(...), alignText='center', alignVert=method-wrapper(...), anchorHoriz='center', anchorVert='center', antialias=True, autoDraw=False, autoLog=True, bold=False, color=array([-1, -1, -1]), colorSpace='rgb', contrast=1.0, depth=0, flipHoriz=False, flipVert=False, font='', fontFiles=[], height=50.0, italic=False, languageStyle='LTR', name='unnamed TextStim', opacity=1.0, ori=0.0, pos=array([0., 0.]), rgb=UNKNOWN, text='Niepoprawnie', units='pix', win=Window(...), wrapWidth=500)
105.5338 	EXP 	unnamed TextStim: height = 25.0
105.5338 	EXP 	unnamed TextStim: height = 25.0
105.5338 	EXP 	unnamed TextStim: height = 25.0
105.5338 	EXP 	unnamed TextStim: text = 'n'
107.3487 	DATA 	Keypress: n
107.3508 	EXP 	Created unnamed TextStim = TextStim(__class__=<class 'psychopy.visual.text.TextStim'>, alignHoriz=method-wrapper(...), alignText='center', alignVert=method-wrapper(...), anchorHoriz='center', anchorVert='center', antialias=True, autoDraw=False, autoLog=True, bold=False, color=array([-1, -1, -1]), colorSpace='rgb', contrast=1.0, depth=0, flipHoriz=False, flipVert=False, font='', fontFiles=[], height=50.0, italic=False, languageStyle='LTR', name='unnamed TextStim', opacity=1.0, ori=0.0, pos=array([0., 0.]), rgb=UNKNOWN, text='Poprawnie', units='pix', win=Window(...), wrapWidth=500)
108.3673 	EXP 	unnamed TextStim: text = 'n'
110.1944 	DATA 	Keypress: z
110.1964 	EXP 	Created unnamed TextStim = TextStim(__class__=<class 'psychopy.visual.text.TextStim'>, alignHoriz=method-wrapper(...), alignText='center', alignVert=method-wrapper(...), anchorHoriz='center', anchorVert='center', antialias=True, autoDraw=False, autoLog=True, bold=False, color=array([-1, -1, -1]), colorSpace='rgb', contrast=1.0, depth=0, flipHoriz=False, flipVert=False, font='', fontFiles=[], height=50.0, italic=False, languageStyle='LTR', name='unnamed TextStim', opacity=1.0, ori=0.0, pos=array([0., 0.]), rgb=UNKNOWN, text='Niepoprawnie', units='pix', win=Window(...), wrapWidth=500)
111.2006 	EXP 	unnamed TextStim: height = 25.0
111.2006 	EXP 	unnamed TextStim: height = 25.0
111.2006 	EXP 	unnamed TextStim: height = 25.0
111.2006 	EXP 	unnamed TextStim: text = 'z'
112.8176 	DATA 	Keypress: n
112.8201 	EXP 	Created unnamed TextStim = TextStim(__class__=<class 'psychopy.visual.text.TextStim'>, alignHoriz=method-wrapper(...), alignText='center', alignVert=method-wrapper(...), anchorHoriz='center', anchorVert='center', antialias=True, autoDraw=False, autoLog=True, bold=False, color=array([-1, -1, -1]), colorSpace='rgb', contrast=1.0, depth=0, flipHoriz=False, flipVert=False, font='', fontFiles=[], height=50.0, italic=False, languageStyle='LTR', name='unnamed TextStim', opacity=1.0, ori=0.0, pos=array([0., 0.]), rgb=UNKNOWN, text='Niepoprawnie', units='pix', win=Window(...), wrapWidth=500)
113.8343 	EXP 	unnamed TextStim: height = 25.0
113.8343 	EXP 	unnamed TextStim: height = 25.0
113.8343 	EXP 	unnamed TextStim: height = 25.0
113.8343 	EXP 	unnamed TextStim: text = 'n'
115.4919 	DATA 	Keypress: n
115.4940 	EXP 	Created unnamed TextStim = TextStim(__class__=<class 'psychopy.visual.text.TextStim'>, alignHoriz=method-wrapper(...), alignText='center', alignVert=method-wrapper(...), anchorHoriz='center', anchorVert='center', antialias=True, autoDraw=False, autoLog=True, bold=False, color=array([-1, -1, -1]), colorSpace='rgb', contrast=1.0, depth=0, flipHoriz=False, flipVert=False, font='', fontFiles=[], height=50.0, italic=False, languageStyle='LTR', name='unnamed TextStim', opacity=1.0, ori=0.0, pos=array([0., 0.]), rgb=UNKNOWN, text='Poprawnie', units='pix', win=Window(...), wrapWidth=500)
116.5010 	EXP 	unnamed TextStim: height = 25.0
116.5010 	EXP 	unnamed TextStim: height = 25.0
116.5010 	EXP 	unnamed TextStim: height = 25.0
116.5010 	EXP 	unnamed TextStim: text = 'm'
117.9258 	DATA 	Keypress: m
117.9279 	EXP 	Created unnamed TextStim = TextStim(__class__=<class 'psychopy.visual.text.TextStim'>, alignHoriz=method-wrapper(...), alignText='center', alignVert=method-wrapper(...), anchorHoriz='center', anchorVert='center', antialias=True, autoDraw=False, autoLog=True, bold=False, color=array([-1, -1, -1]), colorSpace='rgb', contrast=1.0, depth=0, flipHoriz=False, flipVert=False, font='', fontFiles=[], height=50.0, italic=False, languageStyle='LTR', name='unnamed TextStim', opacity=1.0, ori=0.0, pos=array([0., 0.]), rgb=UNKNOWN, text='Poprawnie', units='pix', win=Window(...), wrapWidth=500)
118.9345 	EXP 	unnamed TextStim: height = 25.0
118.9345 	EXP 	unnamed TextStim: height = 25.0
118.9345 	EXP 	unnamed TextStim: height = 25.0
118.9345 	EXP 	unnamed TextStim: text = 'z'
120.7074 	DATA 	Keypress: x
120.7099 	EXP 	Created unnamed TextStim = TextStim(__class__=<class 'psychopy.visual.text.TextStim'>, alignHoriz=method-wrapper(...), alignText='center', alignVert=method-wrapper(...), anchorHoriz='center', anchorVert='center', antialias=True, autoDraw=False, autoLog=True, bold=False, color=array([-1, -1, -1]), colorSpace='rgb', contrast=1.0, depth=0, flipHoriz=False, flipVert=False, font='', fontFiles=[], height=50.0, italic=False, languageStyle='LTR', name='unnamed TextStim', opacity=1.0, ori=0.0, pos=array([0., 0.]), rgb=UNKNOWN, text='Niepoprawnie', units='pix', win=Window(...), wrapWidth=500)
121.7371 	EXP 	Created unnamed TextStim = TextStim(__class__=<class 'psychopy.visual.text.TextStim'>, alignHoriz=method-wrapper(...), alignText='center', alignVert=method-wrapper(...), anchorHoriz='center', anchorVert='center', antialias=True, autoDraw=False, autoLog=True, bold=False, color=array([-1, -1, -1]), colorSpace='rgb', contrast=1.0, depth=0, flipHoriz=False, flipVert=False, font='', fontFiles=[], height=20.0, italic=False, languageStyle='LTR', name='unnamed TextStim', opacity=1.0, ori=0.0, pos=array([0., 0.]), rgb=UNKNOWN, text=str(...), units='pix', win=Window(...), wrapWidth=1536)
127.9969 	DATA 	Keypress: space
128.0014 	EXP 	unnamed TextStim: height = 25.0
128.0014 	EXP 	unnamed TextStim: height = 25.0
128.0014 	EXP 	unnamed TextStim: height = 25.0
128.0014 	EXP 	unnamed TextStim: text = 'm'
130.0149 	DATA 	Keypress: m
130.0160 	EXP 	unnamed TextStim: text = 'm'
131.4290 	DATA 	Keypress: m
131.4303 	EXP 	unnamed TextStim: text = 'm'
133.2117 	DATA 	Keypress: z
133.2142 	EXP 	unnamed TextStim: height = 25.0
133.2142 	EXP 	unnamed TextStim: height = 25.0
133.2142 	EXP 	unnamed TextStim: height = 25.0
133.2142 	EXP 	unnamed TextStim: text = 'z'
135.2931 	DATA 	Keypress: x
135.2956 	EXP 	unnamed TextStim: height = 25.0
135.2956 	EXP 	unnamed TextStim: height = 25.0
135.2956 	EXP 	unnamed TextStim: height = 25.0
135.2956 	EXP 	unnamed TextStim: text = 'n'
136.9288 	DATA 	Keypress: n
136.9310 	EXP 	unnamed TextStim: height = 25.0
136.9310 	EXP 	unnamed TextStim: height = 25.0
136.9310 	EXP 	unnamed TextStim: height = 25.0
136.9310 	EXP 	unnamed TextStim: text = 'z'
138.7936 	DATA 	Keypress: m
138.9383 	EXP 	Created unnamed ImageStim = ImageStim(__class__=<class 'psychopy.visual.image.ImageStim'>, anchor=('center', 'center'), autoLog=True, color=array([1., 1., 1.]), colorSpace='rgb', contrast=1.0, depth=0, flipHoriz=False, flipVert=False, image='break.jpg', interpolate=True, mask=None, maskParams=None, name='unnamed ImageStim', opacity=1.0, ori=0.0, pos=array([0., 0.]), size=array([1536.,  864.]), texRes=128, units='pix', win=Window(...))
140.3425 	DATA 	Keypress: space
140.3518 	EXP 	unnamed TextStim: text = 'z'
141.9083 	DATA 	Keypress: z
141.9095 	EXP 	unnamed TextStim: text = 'z'
143.2908 	DATA 	Keypress: z
143.2928 	EXP 	unnamed TextStim: height = 25.0
143.2928 	EXP 	unnamed TextStim: height = 25.0
143.2928 	EXP 	unnamed TextStim: height = 25.0
143.2928 	EXP 	unnamed TextStim: text = 'n'
144.7836 	DATA 	Keypress: x
144.7847 	EXP 	unnamed TextStim: text = 'n'
146.4595 	DATA 	Keypress: x
146.4607 	EXP 	unnamed TextStim: text = 'n'
148.5852 	DATA 	Keypress: z
148.5863 	EXP 	unnamed TextStim: text = 'n'
150.3948 	DATA 	Keypress: n
150.5458 	EXP 	Created unnamed ImageStim = ImageStim(__class__=<class 'psychopy.visual.image.ImageStim'>, anchor=('center', 'center'), autoLog=True, color=array([1., 1., 1.]), colorSpace='rgb', contrast=1.0, depth=0, flipHoriz=False, flipVert=False, image='break.jpg', interpolate=True, mask=None, maskParams=None, name='unnamed ImageStim', opacity=1.0, ori=0.0, pos=array([0., 0.]), size=array([1536.,  864.]), texRes=128, units='pix', win=Window(...))
151.0987 	DATA 	Keypress: space
151.1062 	EXP 	unnamed TextStim: height = 25.0
151.1062 	EXP 	unnamed TextStim: height = 25.0
151.1062 	EXP 	unnamed TextStim: height = 25.0
151.1062 	EXP 	unnamed TextStim: text = 'x'
152.5877 	DATA 	Keypress: x
152.5902 	EXP 	unnamed TextStim: height = 25.0
152.5902 	EXP 	unnamed TextStim: height = 25.0
152.5902 	EXP 	unnamed TextStim: height = 25.0
152.5902 	EXP 	unnamed TextStim: text = 'n'
154.2650 	DATA 	Keypress: x
154.2671 	EXP 	unnamed TextStim: height = 25.0
154.2671 	EXP 	unnamed TextStim: height = 25.0
154.2671 	EXP 	unnamed TextStim: height = 25.0
154.2671 	EXP 	unnamed TextStim: text = 'm'
155.8308 	DATA 	Keypress: m
155.8322 	EXP 	unnamed TextStim: text = 'm'
157.3279 	DATA 	Keypress: m
157.3291 	EXP 	unnamed TextStim: text = 'm'
158.7065 	DATA 	Keypress: m
158.7085 	EXP 	unnamed TextStim: height = 25.0
158.7085 	EXP 	unnamed TextStim: height = 25.0
158.7085 	EXP 	unnamed TextStim: height = 25.0
158.7085 	EXP 	unnamed TextStim: text = 'z'
160.3927 	DATA 	Keypress: z
160.5102 	EXP 	Created unnamed ImageStim = ImageStim(__class__=<class 'psychopy.visual.image.ImageStim'>, anchor=('center', 'center'), autoLog=True, color=array([1., 1., 1.]), colorSpace='rgb', contrast=1.0, depth=0, flipHoriz=False, flipVert=False, image='break.jpg', interpolate=True, mask=None, maskParams=None, name='unnamed ImageStim', opacity=1.0, ori=0.0, pos=array([0., 0.]), size=array([1536.,  864.]), texRes=128, units='pix', win=Window(...))
161.0390 	DATA 	Keypress: space
161.0526 	EXP 	unnamed TextStim: text = 'z'
162.5709 	DATA 	Keypress: z
162.5730 	EXP 	unnamed TextStim: height = 25.0
162.5730 	EXP 	unnamed TextStim: height = 25.0
162.5730 	EXP 	unnamed TextStim: height = 25.0
162.5730 	EXP 	unnamed TextStim: text = 'x'
164.7788 	DATA 	Keypress: z
164.7800 	EXP 	unnamed TextStim: text = 'x'
166.9559 	DATA 	Keypress: n
166.9570 	EXP 	unnamed TextStim: text = 'x'
168.6902 	DATA 	Keypress: x
168.6914 	EXP 	unnamed TextStim: text = 'x'
170.1970 	DATA 	Keypress: x
170.1992 	EXP 	unnamed TextStim: height = 25.0
170.1992 	EXP 	unnamed TextStim: height = 25.0
170.1992 	EXP 	unnamed TextStim: height = 25.0
170.1992 	EXP 	unnamed TextStim: text = 'n'
171.9278 	DATA 	Keypress: n
172.0784 	EXP 	Created unnamed ImageStim = ImageStim(__class__=<class 'psychopy.visual.image.ImageStim'>, anchor=('center', 'center'), autoLog=True, color=array([1., 1., 1.]), colorSpace='rgb', contrast=1.0, depth=0, flipHoriz=False, flipVert=False, image='break.jpg', interpolate=True, mask=None, maskParams=None, name='unnamed ImageStim', opacity=1.0, ori=0.0, pos=array([0., 0.]), size=array([1536.,  864.]), texRes=128, units='pix', win=Window(...))
172.6858 	DATA 	Keypress: space
172.7031 	EXP 	unnamed TextStim: height = 25.0
172.7031 	EXP 	unnamed TextStim: height = 25.0
172.7031 	EXP 	unnamed TextStim: height = 25.0
172.7031 	EXP 	unnamed TextStim: text = 'x'
174.3288 	DATA 	Keypress: x
174.3353 	EXP 	unnamed TextStim: height = 25.0
174.3353 	EXP 	unnamed TextStim: height = 25.0
174.3353 	EXP 	unnamed TextStim: height = 25.0
174.3353 	EXP 	unnamed TextStim: text = 'z'
175.7824 	DATA 	Keypress: z
175.7844 	EXP 	unnamed TextStim: height = 25.0
175.7844 	EXP 	unnamed TextStim: height = 25.0
175.7844 	EXP 	unnamed TextStim: height = 25.0
175.7844 	EXP 	unnamed TextStim: text = 'm'
177.4910 	DATA 	Keypress: n
177.4933 	EXP 	unnamed TextStim: height = 25.0
177.4933 	EXP 	unnamed TextStim: height = 25.0
177.4933 	EXP 	unnamed TextStim: height = 25.0
177.4933 	EXP 	unnamed TextStim: text = 'z'
178.9342 	DATA 	Keypress: z
178.9353 	EXP 	unnamed TextStim: text = 'z'
180.4836 	DATA 	Keypress: z
180.4858 	EXP 	unnamed TextStim: height = 25.0
180.4858 	EXP 	unnamed TextStim: height = 25.0
180.4858 	EXP 	unnamed TextStim: height = 25.0
180.4858 	EXP 	unnamed TextStim: text = 'x'
182.1112 	DATA 	Keypress: z
182.2329 	EXP 	Created unnamed ImageStim = ImageStim(__class__=<class 'psychopy.visual.image.ImageStim'>, anchor=('center', 'center'), autoLog=True, color=array([1., 1., 1.]), colorSpace='rgb', contrast=1.0, depth=0, flipHoriz=False, flipVert=False, image='break.jpg', interpolate=True, mask=None, maskParams=None, name='unnamed ImageStim', opacity=1.0, ori=0.0, pos=array([0., 0.]), size=array([1536.,  864.]), texRes=128, units='pix', win=Window(...))
182.8360 	DATA 	Keypress: space
182.8533 	EXP 	unnamed TextStim: text = 'x'
184.5179 	DATA 	Keypress: x
184.5200 	EXP 	unnamed TextStim: height = 25.0
184.5200 	EXP 	unnamed TextStim: height = 25.0
184.5200 	EXP 	unnamed TextStim: height = 25.0
184.5200 	EXP 	unnamed TextStim: text = 'm'
186.0776 	DATA 	Keypress: m
186.0804 	EXP 	unnamed TextStim: height = 25.0
186.0804 	EXP 	unnamed TextStim: height = 25.0
186.0804 	EXP 	unnamed TextStim: height = 25.0
186.0804 	EXP 	unnamed TextStim: text = 'n'
187.6979 	DATA 	Keypress: n
187.7001 	EXP 	unnamed TextStim: height = 25.0
187.7001 	EXP 	unnamed TextStim: height = 25.0
187.7001 	EXP 	unnamed TextStim: height = 25.0
187.7001 	EXP 	unnamed TextStim: text = 'z'
189.2632 	DATA 	Keypress: z
189.2646 	EXP 	unnamed TextStim: text = 'z'
190.6740 	DATA 	Keypress: z
190.6761 	EXP 	unnamed TextStim: height = 25.0
190.6761 	EXP 	unnamed TextStim: height = 25.0
190.6761 	EXP 	unnamed TextStim: height = 25.0
190.6761 	EXP 	unnamed TextStim: text = 'm'
192.0189 	DATA 	Keypress: m
192.1606 	EXP 	Created unnamed ImageStim = ImageStim(__class__=<class 'psychopy.visual.image.ImageStim'>, anchor=('center', 'center'), autoLog=True, color=array([1., 1., 1.]), colorSpace='rgb', contrast=1.0, depth=0, flipHoriz=False, flipVert=False, image='break.jpg', interpolate=True, mask=None, maskParams=None, name='unnamed ImageStim', opacity=1.0, ori=0.0, pos=array([0., 0.]), size=array([1536.,  864.]), texRes=128, units='pix', win=Window(...))
192.6813 	DATA 	Keypress: space
192.6872 	EXP 	unnamed TextStim: text = 'm'
194.1360 	DATA 	Keypress: m
194.1425 	EXP 	unnamed TextStim: height = 25.0
194.1425 	EXP 	unnamed TextStim: height = 25.0
194.1425 	EXP 	unnamed TextStim: height = 25.0
194.1425 	EXP 	unnamed TextStim: text = 'n'
195.7562 	DATA 	Keypress: n
195.7581 	EXP 	unnamed TextStim: height = 25.0
195.7581 	EXP 	unnamed TextStim: height = 25.0
195.7581 	EXP 	unnamed TextStim: height = 25.0
195.7581 	EXP 	unnamed TextStim: text = 'm'
197.0986 	DATA 	Keypress: m
197.1008 	EXP 	unnamed TextStim: height = 25.0
197.1008 	EXP 	unnamed TextStim: height = 25.0
197.1008 	EXP 	unnamed TextStim: height = 25.0
197.1008 	EXP 	unnamed TextStim: text = 'z'
199.0758 	DATA 	Keypress: x
199.0779 	EXP 	unnamed TextStim: height = 25.0
199.0779 	EXP 	unnamed TextStim: height = 25.0
199.0779 	EXP 	unnamed TextStim: height = 25.0
199.0779 	EXP 	unnamed TextStim: text = 'n'
200.5497 	DATA 	Keypress: n
200.5517 	EXP 	unnamed TextStim: height = 25.0
200.5517 	EXP 	unnamed TextStim: height = 25.0
200.5517 	EXP 	unnamed TextStim: height = 25.0
200.5517 	EXP 	unnamed TextStim: text = 'm'
201.8337 	DATA 	Keypress: m
201.9586 	EXP 	Created unnamed ImageStim = ImageStim(__class__=<class 'psychopy.visual.image.ImageStim'>, anchor=('center', 'center'), autoLog=True, color=array([1., 1., 1.]), colorSpace='rgb', contrast=1.0, depth=0, flipHoriz=False, flipVert=False, image='break.jpg', interpolate=True, mask=None, maskParams=None, name='unnamed ImageStim', opacity=1.0, ori=0.0, pos=array([0., 0.]), size=array([1536.,  864.]), texRes=128, units='pix', win=Window(...))
202.4998 	DATA 	Keypress: space
202.5040 	EXP 	unnamed TextStim: height = 25.0
202.5040 	EXP 	unnamed TextStim: height = 25.0
202.5040 	EXP 	unnamed TextStim: height = 25.0
202.5040 	EXP 	unnamed TextStim: text = 'z'
204.0302 	DATA 	Keypress: z
204.0322 	EXP 	unnamed TextStim: height = 25.0
204.0322 	EXP 	unnamed TextStim: height = 25.0
204.0322 	EXP 	unnamed TextStim: height = 25.0
204.0322 	EXP 	unnamed TextStim: text = 'm'
205.5070 	DATA 	Keypress: m
205.5082 	EXP 	unnamed TextStim: text = 'm'
207.4105 	DATA 	Keypress: n
207.4128 	EXP 	unnamed TextStim: height = 25.0
207.4128 	EXP 	unnamed TextStim: height = 25.0
207.4128 	EXP 	unnamed TextStim: height = 25.0
207.4128 	EXP 	unnamed TextStim: text = 'z'
208.9975 	DATA 	Keypress: z
208.9996 	EXP 	unnamed TextStim: height = 25.0
208.9996 	EXP 	unnamed TextStim: height = 25.0
208.9996 	EXP 	unnamed TextStim: height = 25.0
208.9996 	EXP 	unnamed TextStim: text = 'n'
210.6005 	DATA 	Keypress: n
210.6052 	EXP 	unnamed TextStim: height = 25.0
210.6052 	EXP 	unnamed TextStim: height = 25.0
210.6052 	EXP 	unnamed TextStim: height = 25.0
210.6052 	EXP 	unnamed TextStim: text = 'm'
212.6357 	DATA 	Keypress: x
212.7772 	EXP 	Created unnamed ImageStim = ImageStim(__class__=<class 'psychopy.visual.image.ImageStim'>, anchor=('center', 'center'), autoLog=True, color=array([1., 1., 1.]), colorSpace='rgb', contrast=1.0, depth=0, flipHoriz=False, flipVert=False, image='break.jpg', interpolate=True, mask=None, maskParams=None, name='unnamed ImageStim', opacity=1.0, ori=0.0, pos=array([0., 0.]), size=array([1536.,  864.]), texRes=128, units='pix', win=Window(...))
213.3290 	DATA 	Keypress: space
213.3382 	EXP 	unnamed TextStim: height = 25.0
213.3382 	EXP 	unnamed TextStim: height = 25.0
213.3382 	EXP 	unnamed TextStim: height = 25.0
213.3382 	EXP 	unnamed TextStim: text = 'x'
214.8368 	DATA 	Keypress: x
214.8389 	EXP 	unnamed TextStim: height = 25.0
214.8389 	EXP 	unnamed TextStim: height = 25.0
214.8389 	EXP 	unnamed TextStim: height = 25.0
214.8389 	EXP 	unnamed TextStim: text = 'm'
216.2628 	DATA 	Keypress: m
216.2649 	EXP 	unnamed TextStim: height = 25.0
216.2649 	EXP 	unnamed TextStim: height = 25.0
216.2649 	EXP 	unnamed TextStim: height = 25.0
216.2649 	EXP 	unnamed TextStim: text = 'x'
217.5762 	DATA 	Keypress: z
217.5773 	EXP 	unnamed TextStim: text = 'x'
219.5003 	DATA 	Keypress: n
219.5024 	EXP 	unnamed TextStim: height = 25.0
219.5024 	EXP 	unnamed TextStim: height = 25.0
219.5024 	EXP 	unnamed TextStim: height = 25.0
219.5024 	EXP 	unnamed TextStim: text = 'm'
221.0195 	DATA 	Keypress: m
221.0206 	EXP 	unnamed TextStim: text = 'm'
222.5544 	DATA 	Keypress: m
222.6795 	EXP 	Created unnamed ImageStim = ImageStim(__class__=<class 'psychopy.visual.image.ImageStim'>, anchor=('center', 'center'), autoLog=True, color=array([1., 1., 1.]), colorSpace='rgb', contrast=1.0, depth=0, flipHoriz=False, flipVert=False, image='break.jpg', interpolate=True, mask=None, maskParams=None, name='unnamed ImageStim', opacity=1.0, ori=0.0, pos=array([0., 0.]), size=array([1536.,  864.]), texRes=128, units='pix', win=Window(...))
223.5177 	DATA 	Keypress: space
223.5217 	EXP 	unnamed TextStim: height = 25.0
223.5217 	EXP 	unnamed TextStim: height = 25.0
223.5217 	EXP 	unnamed TextStim: height = 25.0
223.5217 	EXP 	unnamed TextStim: text = 'z'
225.2505 	DATA 	Keypress: z
225.2525 	EXP 	unnamed TextStim: height = 25.0
225.2525 	EXP 	unnamed TextStim: height = 25.0
225.2525 	EXP 	unnamed TextStim: height = 25.0
225.2525 	EXP 	unnamed TextStim: text = 'm'
226.5892 	DATA 	Keypress: m
226.5903 	EXP 	unnamed TextStim: text = 'm'
228.1313 	DATA 	Keypress: m
228.1333 	EXP 	unnamed TextStim: height = 25.0
228.1333 	EXP 	unnamed TextStim: height = 25.0
228.1333 	EXP 	unnamed TextStim: height = 25.0
228.1333 	EXP 	unnamed TextStim: text = 'x'
230.0145 	DATA 	Keypress: z
230.0209 	EXP 	unnamed TextStim: height = 25.0
230.0209 	EXP 	unnamed TextStim: height = 25.0
230.0209 	EXP 	unnamed TextStim: height = 25.0
230.0209 	EXP 	unnamed TextStim: text = 'm'
231.5042 	DATA 	Keypress: m
231.5063 	EXP 	unnamed TextStim: height = 25.0
231.5063 	EXP 	unnamed TextStim: height = 25.0
231.5063 	EXP 	unnamed TextStim: height = 25.0
231.5063 	EXP 	unnamed TextStim: text = 'x'
233.1056 	DATA 	Keypress: x
233.2340 	EXP 	Created unnamed ImageStim = ImageStim(__class__=<class 'psychopy.visual.image.ImageStim'>, anchor=('center', 'center'), autoLog=True, color=array([1., 1., 1.]), colorSpace='rgb', contrast=1.0, depth=0, flipHoriz=False, flipVert=False, image='break.jpg', interpolate=True, mask=None, maskParams=None, name='unnamed ImageStim', opacity=1.0, ori=0.0, pos=array([0., 0.]), size=array([1536.,  864.]), texRes=128, units='pix', win=Window(...))
233.9847 	DATA 	Keypress: space
233.9887 	EXP 	unnamed TextStim: height = 25.0
233.9887 	EXP 	unnamed TextStim: height = 25.0
233.9887 	EXP 	unnamed TextStim: height = 25.0
233.9887 	EXP 	unnamed TextStim: text = 'z'
235.3270 	DATA 	Keypress: z
235.3292 	EXP 	unnamed TextStim: height = 25.0
235.3292 	EXP 	unnamed TextStim: height = 25.0
235.3292 	EXP 	unnamed TextStim: height = 25.0
235.3292 	EXP 	unnamed TextStim: text = 'n'
236.7334 	DATA 	Keypress: m
236.7355 	EXP 	unnamed TextStim: height = 25.0
236.7355 	EXP 	unnamed TextStim: height = 25.0
236.7355 	EXP 	unnamed TextStim: height = 25.0
236.7355 	EXP 	unnamed TextStim: text = 'm'
238.2483 	DATA 	Keypress: m
238.2503 	EXP 	unnamed TextStim: height = 25.0
238.2503 	EXP 	unnamed TextStim: height = 25.0
238.2503 	EXP 	unnamed TextStim: height = 25.0
238.2503 	EXP 	unnamed TextStim: text = 'z'
239.7526 	DATA 	Keypress: z
239.7548 	EXP 	unnamed TextStim: height = 25.0
239.7548 	EXP 	unnamed TextStim: height = 25.0
239.7548 	EXP 	unnamed TextStim: height = 25.0
239.7548 	EXP 	unnamed TextStim: text = 'n'
241.2817 	DATA 	Keypress: n
241.2838 	EXP 	unnamed TextStim: height = 25.0
241.2838 	EXP 	unnamed TextStim: height = 25.0
241.2838 	EXP 	unnamed TextStim: height = 25.0
241.2838 	EXP 	unnamed TextStim: text = 'x'
242.5062 	DATA 	Keypress: z
242.6408 	EXP 	Created unnamed ImageStim = ImageStim(__class__=<class 'psychopy.visual.image.ImageStim'>, anchor=('center', 'center'), autoLog=True, color=array([1., 1., 1.]), colorSpace='rgb', contrast=1.0, depth=0, flipHoriz=False, flipVert=False, image='break.jpg', interpolate=True, mask=None, maskParams=None, name='unnamed ImageStim', opacity=1.0, ori=0.0, pos=array([0., 0.]), size=array([1536.,  864.]), texRes=128, units='pix', win=Window(...))
243.9265 	DATA 	Keypress: space
243.9463 	EXP 	Created unnamed TextStim = TextStim(__class__=<class 'psychopy.visual.text.TextStim'>, alignHoriz=method-wrapper(...), alignText='center', alignVert=method-wrapper(...), anchorHoriz='center', anchorVert='center', antialias=True, autoDraw=False, autoLog=True, bold=False, color=array([-1, -1, -1]), colorSpace='rgb', contrast=1.0, depth=0, flipHoriz=False, flipVert=False, font='', fontFiles=[], height=20.0, italic=False, languageStyle='LTR', name='unnamed TextStim', opacity=1.0, ori=0.0, pos=array([0., 0.]), rgb=UNKNOWN, text=str(...), units='pix', win=Window(...), wrapWidth=1536)
246.1107 	DATA 	Keypress: return
246.1722 	EXP 	window1: mouseVisible = True
