8.5112 	WARNING 	User requested fullscreen with size [1536  864], but screen is actually [1920, 1080]. Using actual size
9.9948 	INFO 	FRAME RATE: 60
9.9949 	INFO 	SCREEN RES: odict_values([1536, 864])
10.0531 	EXP 	Created unnamed TextStim = TextStim(__class__=<class 'psychopy.visual.text.TextStim'>, alignHoriz=method-wrapper(...), alignText='center', alignVert=method-wrapper(...), anchorHoriz='center', anchorVert='center', antialias=True, autoDraw=False, autoLog=True, bold=False, color=array([-1, -1, -1]), colorSpace='rgb', contrast=1.0, depth=0, flipHoriz=False, flipVert=False, font='', fontFiles=[], height=100.0, italic=False, languageStyle='LTR', name='unnamed TextStim', opacity=1.0, ori=0.0, pos=array([0., 0.]), rgb=UNKNOWN, text='+', units='pix', win=Window(...), wrapWidth=500)
10.0575 	EXP 	Created unnamed Circle = Circle(__class__=<class 'psychopy.visual.circle.Circle'>, anchor=('center', 'center'), autoDraw=False, autoLog=True, closeShape=True, color=method-wrapper(...), colorSpace='rgb', contrast=None, depth=0, fillColor=array([ 0.09019608, -1.        , -1.        ]), fillColorSpace='rgb', fillRGB=array([ 0.09019608, -1.        , -1.        ]), interpolate=True, lineColor=array([ 0.09019608, -1.        , -1.        ]), lineColorSpace='rgb', lineRGB=array([ 0.09019608, -1.        , -1.        ]), lineWidth=1.5, name='unnamed Circle', opacity=1.0, ori=0.0, pos=array([0., 0.]), size=array([1., 1.]), units='pix', vertices=ndarray(...), win=Window(...))
10.0587 	EXP 	Created unnamed TextStim = TextStim(__class__=<class 'psychopy.visual.text.TextStim'>, alignHoriz=method-wrapper(...), alignText='center', alignVert=method-wrapper(...), anchorHoriz='center', anchorVert='center', antialias=True, autoDraw=False, autoLog=True, bold=False, color=array([-0.17647059, -0.17647059, -0.17647059]), colorSpace='rgb', contrast=1.0, depth=0, flipHoriz=False, flipVert=False, font='', fontFiles=[], height=25, italic=False, languageStyle='LTR', name='unnamed TextStim', opacity=1.0, ori=0.0, pos=array([0., 0.]), rgb=UNKNOWN, text='', units='pix', win=Window(...), wrapWidth=500)
10.0671 	EXP 	Created unnamed ImageStim = ImageStim(__class__=<class 'psychopy.visual.image.ImageStim'>, anchor=('center', 'center'), autoLog=True, color=array([1., 1., 1.]), colorSpace='rgb', contrast=1.0, depth=0, flipHoriz=False, flipVert=False, image='mask4.png', interpolate=False, mask=None, maskParams=None, name='unnamed ImageStim', opacity=1.0, ori=0.0, pos=array([0., 0.]), size=array([25., 25.]), texRes=128, units='pix', win=Window(...))
10.0747 	EXP 	Created unnamed TextStim = TextStim(__class__=<class 'psychopy.visual.text.TextStim'>, alignHoriz=method-wrapper(...), alignText='center', alignVert=method-wrapper(...), anchorHoriz='center', anchorVert='center', antialias=True, autoDraw=False, autoLog=True, bold=False, color=array([-1, -1, -1]), colorSpace='rgb', contrast=1.0, depth=0, flipHoriz=False, flipVert=False, font='', fontFiles=[], height=30.0, italic=False, languageStyle='LTR', name='unnamed TextStim', opacity=1.0, ori=0.0, pos=array([ 100., -300.]), rgb=UNKNOWN, text=str(...), units='pix', win=Window(...), wrapWidth=10000)
10.0794 	EXP 	Created unnamed TextStim = TextStim(__class__=<class 'psychopy.visual.text.TextStim'>, alignHoriz=method-wrapper(...), alignText='center', alignVert=method-wrapper(...), anchorHoriz='center', anchorVert='center', antialias=True, autoDraw=False, autoLog=True, bold=False, color=array([-1, -1, -1]), colorSpace='rgb', contrast=1.0, depth=0, flipHoriz=False, flipVert=False, font='', fontFiles=[], height=30.0, italic=False, languageStyle='LTR', name='unnamed TextStim', opacity=1.0, ori=0.0, pos=array([ 100., -330.]), rgb=UNKNOWN, text=str(...), units='pix', win=Window(...), wrapWidth=10000)
10.1187 	EXP 	Created unnamed TextStim = TextStim(__class__=<class 'psychopy.visual.text.TextStim'>, alignHoriz=method-wrapper(...), alignText='center', alignVert=method-wrapper(...), anchorHoriz='center', anchorVert='center', antialias=True, autoDraw=False, autoLog=True, bold=False, color=array([-1, -1, -1]), colorSpace='rgb', contrast=1.0, depth=0, flipHoriz=False, flipVert=False, font='', fontFiles=[], height=20.0, italic=False, languageStyle='LTR', name='unnamed TextStim', opacity=1.0, ori=0.0, pos=array([0., 0.]), rgb=UNKNOWN, text=str(...), units='pix', win=Window(...), wrapWidth=1536)
28.9298 	DATA 	Keypress: space
28.9442 	EXP 	unnamed TextStim: height = 25.0
28.9442 	EXP 	unnamed TextStim: height = 25.0
28.9442 	EXP 	unnamed TextStim: height = 25.0
28.9442 	EXP 	unnamed TextStim: text = 'x'
30.6530 	DATA 	Keypress: m
30.6616 	EXP 	Created unnamed TextStim = TextStim(__class__=<class 'psychopy.visual.text.TextStim'>, alignHoriz=method-wrapper(...), alignText='center', alignVert=method-wrapper(...), anchorHoriz='center', anchorVert='center', antialias=True, autoDraw=False, autoLog=True, bold=False, color=array([-1, -1, -1]), colorSpace='rgb', contrast=1.0, depth=0, flipHoriz=False, flipVert=False, font='', fontFiles=[], height=50.0, italic=False, languageStyle='LTR', name='unnamed TextStim', opacity=1.0, ori=0.0, pos=array([0., 0.]), rgb=UNKNOWN, text='Niepoprawnie', units='pix', win=Window(...), wrapWidth=500)
31.6777 	EXP 	unnamed TextStim: height = 25.0
31.6777 	EXP 	unnamed TextStim: height = 25.0
31.6777 	EXP 	unnamed TextStim: height = 25.0
31.6777 	EXP 	unnamed TextStim: text = 'z'
34.3115 	DATA 	Keypress: z
34.3152 	EXP 	Created unnamed TextStim = TextStim(__class__=<class 'psychopy.visual.text.TextStim'>, alignHoriz=method-wrapper(...), alignText='center', alignVert=method-wrapper(...), anchorHoriz='center', anchorVert='center', antialias=True, autoDraw=False, autoLog=True, bold=False, color=array([-1, -1, -1]), colorSpace='rgb', contrast=1.0, depth=0, flipHoriz=False, flipVert=False, font='', fontFiles=[], height=50.0, italic=False, languageStyle='LTR', name='unnamed TextStim', opacity=1.0, ori=0.0, pos=array([0., 0.]), rgb=UNKNOWN, text='Poprawnie', units='pix', win=Window(...), wrapWidth=500)
35.3278 	EXP 	unnamed TextStim: height = 25.0
35.3278 	EXP 	unnamed TextStim: height = 25.0
35.3278 	EXP 	unnamed TextStim: height = 25.0
35.3278 	EXP 	unnamed TextStim: text = 'n'
37.0330 	DATA 	Keypress: n
37.0352 	EXP 	Created unnamed TextStim = TextStim(__class__=<class 'psychopy.visual.text.TextStim'>, alignHoriz=method-wrapper(...), alignText='center', alignVert=method-wrapper(...), anchorHoriz='center', anchorVert='center', antialias=True, autoDraw=False, autoLog=True, bold=False, color=array([-1, -1, -1]), colorSpace='rgb', contrast=1.0, depth=0, flipHoriz=False, flipVert=False, font='', fontFiles=[], height=50.0, italic=False, languageStyle='LTR', name='unnamed TextStim', opacity=1.0, ori=0.0, pos=array([0., 0.]), rgb=UNKNOWN, text='Poprawnie', units='pix', win=Window(...), wrapWidth=500)
38.0446 	EXP 	unnamed TextStim: height = 25.0
38.0446 	EXP 	unnamed TextStim: height = 25.0
38.0446 	EXP 	unnamed TextStim: height = 25.0
38.0446 	EXP 	unnamed TextStim: text = 'x'
40.0620 	DATA 	Keypress: x
40.0645 	EXP 	Created unnamed TextStim = TextStim(__class__=<class 'psychopy.visual.text.TextStim'>, alignHoriz=method-wrapper(...), alignText='center', alignVert=method-wrapper(...), anchorHoriz='center', anchorVert='center', antialias=True, autoDraw=False, autoLog=True, bold=False, color=array([-1, -1, -1]), colorSpace='rgb', contrast=1.0, depth=0, flipHoriz=False, flipVert=False, font='', fontFiles=[], height=50.0, italic=False, languageStyle='LTR', name='unnamed TextStim', opacity=1.0, ori=0.0, pos=array([0., 0.]), rgb=UNKNOWN, text='Poprawnie', units='pix', win=Window(...), wrapWidth=500)
41.0777 	EXP 	unnamed TextStim: height = 25.0
41.0777 	EXP 	unnamed TextStim: height = 25.0
41.0777 	EXP 	unnamed TextStim: height = 25.0
41.0777 	EXP 	unnamed TextStim: text = 'm'
43.1169 	DATA 	Keypress: m
43.1190 	EXP 	Created unnamed TextStim = TextStim(__class__=<class 'psychopy.visual.text.TextStim'>, alignHoriz=method-wrapper(...), alignText='center', alignVert=method-wrapper(...), anchorHoriz='center', anchorVert='center', antialias=True, autoDraw=False, autoLog=True, bold=False, color=array([-1, -1, -1]), colorSpace='rgb', contrast=1.0, depth=0, flipHoriz=False, flipVert=False, font='', fontFiles=[], height=50.0, italic=False, languageStyle='LTR', name='unnamed TextStim', opacity=1.0, ori=0.0, pos=array([0., 0.]), rgb=UNKNOWN, text='Poprawnie', units='pix', win=Window(...), wrapWidth=500)
44.1281 	EXP 	unnamed TextStim: height = 25.0
44.1281 	EXP 	unnamed TextStim: height = 25.0
44.1281 	EXP 	unnamed TextStim: height = 25.0
44.1281 	EXP 	unnamed TextStim: text = 'n'
45.6480 	DATA 	Keypress: n
45.6504 	EXP 	Created unnamed TextStim = TextStim(__class__=<class 'psychopy.visual.text.TextStim'>, alignHoriz=method-wrapper(...), alignText='center', alignVert=method-wrapper(...), anchorHoriz='center', anchorVert='center', antialias=True, autoDraw=False, autoLog=True, bold=False, color=array([-1, -1, -1]), colorSpace='rgb', contrast=1.0, depth=0, flipHoriz=False, flipVert=False, font='', fontFiles=[], height=50.0, italic=False, languageStyle='LTR', name='unnamed TextStim', opacity=1.0, ori=0.0, pos=array([0., 0.]), rgb=UNKNOWN, text='Poprawnie', units='pix', win=Window(...), wrapWidth=500)
46.6614 	EXP 	unnamed TextStim: height = 25.0
46.6614 	EXP 	unnamed TextStim: height = 25.0
46.6614 	EXP 	unnamed TextStim: height = 25.0
46.6614 	EXP 	unnamed TextStim: text = 'm'
48.0955 	DATA 	Keypress: m
48.1011 	EXP 	Created unnamed TextStim = TextStim(__class__=<class 'psychopy.visual.text.TextStim'>, alignHoriz=method-wrapper(...), alignText='center', alignVert=method-wrapper(...), anchorHoriz='center', anchorVert='center', antialias=True, autoDraw=False, autoLog=True, bold=False, color=array([-1, -1, -1]), colorSpace='rgb', contrast=1.0, depth=0, flipHoriz=False, flipVert=False, font='', fontFiles=[], height=50.0, italic=False, languageStyle='LTR', name='unnamed TextStim', opacity=1.0, ori=0.0, pos=array([0., 0.]), rgb=UNKNOWN, text='Poprawnie', units='pix', win=Window(...), wrapWidth=500)
49.1284 	EXP 	unnamed TextStim: height = 25.0
49.1284 	EXP 	unnamed TextStim: height = 25.0
49.1284 	EXP 	unnamed TextStim: height = 25.0
49.1284 	EXP 	unnamed TextStim: text = 'z'
51.5685 	DATA 	Keypress: z
51.5711 	EXP 	Created unnamed TextStim = TextStim(__class__=<class 'psychopy.visual.text.TextStim'>, alignHoriz=method-wrapper(...), alignText='center', alignVert=method-wrapper(...), anchorHoriz='center', anchorVert='center', antialias=True, autoDraw=False, autoLog=True, bold=False, color=array([-1, -1, -1]), colorSpace='rgb', contrast=1.0, depth=0, flipHoriz=False, flipVert=False, font='', fontFiles=[], height=50.0, italic=False, languageStyle='LTR', name='unnamed TextStim', opacity=1.0, ori=0.0, pos=array([0., 0.]), rgb=UNKNOWN, text='Poprawnie', units='pix', win=Window(...), wrapWidth=500)
52.5783 	EXP 	unnamed TextStim: height = 25.0
52.5783 	EXP 	unnamed TextStim: height = 25.0
52.5783 	EXP 	unnamed TextStim: height = 25.0
52.5783 	EXP 	unnamed TextStim: text = 'n'
55.1197 	DATA 	Keypress: n
55.1219 	EXP 	Created unnamed TextStim = TextStim(__class__=<class 'psychopy.visual.text.TextStim'>, alignHoriz=method-wrapper(...), alignText='center', alignVert=method-wrapper(...), anchorHoriz='center', anchorVert='center', antialias=True, autoDraw=False, autoLog=True, bold=False, color=array([-1, -1, -1]), colorSpace='rgb', contrast=1.0, depth=0, flipHoriz=False, flipVert=False, font='', fontFiles=[], height=50.0, italic=False, languageStyle='LTR', name='unnamed TextStim', opacity=1.0, ori=0.0, pos=array([0., 0.]), rgb=UNKNOWN, text='Poprawnie', units='pix', win=Window(...), wrapWidth=500)
56.1285 	EXP 	unnamed TextStim: height = 25.0
56.1285 	EXP 	unnamed TextStim: height = 25.0
56.1285 	EXP 	unnamed TextStim: height = 25.0
56.1285 	EXP 	unnamed TextStim: text = 'x'
58.1883 	DATA 	Keypress: x
58.1907 	EXP 	Created unnamed TextStim = TextStim(__class__=<class 'psychopy.visual.text.TextStim'>, alignHoriz=method-wrapper(...), alignText='center', alignVert=method-wrapper(...), anchorHoriz='center', anchorVert='center', antialias=True, autoDraw=False, autoLog=True, bold=False, color=array([-1, -1, -1]), colorSpace='rgb', contrast=1.0, depth=0, flipHoriz=False, flipVert=False, font='', fontFiles=[], height=50.0, italic=False, languageStyle='LTR', name='unnamed TextStim', opacity=1.0, ori=0.0, pos=array([0., 0.]), rgb=UNKNOWN, text='Poprawnie', units='pix', win=Window(...), wrapWidth=500)
59.1952 	EXP 	unnamed TextStim: height = 25.0
59.1952 	EXP 	unnamed TextStim: height = 25.0
59.1952 	EXP 	unnamed TextStim: height = 25.0
59.1952 	EXP 	unnamed TextStim: text = 'n'
60.5460 	DATA 	Keypress: n
60.5519 	EXP 	Created unnamed TextStim = TextStim(__class__=<class 'psychopy.visual.text.TextStim'>, alignHoriz=method-wrapper(...), alignText='center', alignVert=method-wrapper(...), anchorHoriz='center', anchorVert='center', antialias=True, autoDraw=False, autoLog=True, bold=False, color=array([-1, -1, -1]), colorSpace='rgb', contrast=1.0, depth=0, flipHoriz=False, flipVert=False, font='', fontFiles=[], height=50.0, italic=False, languageStyle='LTR', name='unnamed TextStim', opacity=1.0, ori=0.0, pos=array([0., 0.]), rgb=UNKNOWN, text='Poprawnie', units='pix', win=Window(...), wrapWidth=500)
61.5787 	EXP 	unnamed TextStim: height = 25.0
61.5787 	EXP 	unnamed TextStim: height = 25.0
61.5787 	EXP 	unnamed TextStim: height = 25.0
61.5787 	EXP 	unnamed TextStim: text = 'm'
63.3905 	DATA 	Keypress: m
63.3926 	EXP 	Created unnamed TextStim = TextStim(__class__=<class 'psychopy.visual.text.TextStim'>, alignHoriz=method-wrapper(...), alignText='center', alignVert=method-wrapper(...), anchorHoriz='center', anchorVert='center', antialias=True, autoDraw=False, autoLog=True, bold=False, color=array([-1, -1, -1]), colorSpace='rgb', contrast=1.0, depth=0, flipHoriz=False, flipVert=False, font='', fontFiles=[], height=50.0, italic=False, languageStyle='LTR', name='unnamed TextStim', opacity=1.0, ori=0.0, pos=array([0., 0.]), rgb=UNKNOWN, text='Poprawnie', units='pix', win=Window(...), wrapWidth=500)
64.3965 	EXP 	unnamed TextStim: height = 25.0
64.3965 	EXP 	unnamed TextStim: height = 25.0
64.3965 	EXP 	unnamed TextStim: height = 25.0
64.3965 	EXP 	unnamed TextStim: text = 'n'
66.0866 	DATA 	Keypress: n
66.0890 	EXP 	Created unnamed TextStim = TextStim(__class__=<class 'psychopy.visual.text.TextStim'>, alignHoriz=method-wrapper(...), alignText='center', alignVert=method-wrapper(...), anchorHoriz='center', anchorVert='center', antialias=True, autoDraw=False, autoLog=True, bold=False, color=array([-1, -1, -1]), colorSpace='rgb', contrast=1.0, depth=0, flipHoriz=False, flipVert=False, font='', fontFiles=[], height=50.0, italic=False, languageStyle='LTR', name='unnamed TextStim', opacity=1.0, ori=0.0, pos=array([0., 0.]), rgb=UNKNOWN, text='Poprawnie', units='pix', win=Window(...), wrapWidth=500)
67.0956 	EXP 	unnamed TextStim: height = 25.0
67.0956 	EXP 	unnamed TextStim: height = 25.0
67.0956 	EXP 	unnamed TextStim: height = 25.0
67.0956 	EXP 	unnamed TextStim: text = 'x'
69.1412 	DATA 	Keypress: x
69.1437 	EXP 	Created unnamed TextStim = TextStim(__class__=<class 'psychopy.visual.text.TextStim'>, alignHoriz=method-wrapper(...), alignText='center', alignVert=method-wrapper(...), anchorHoriz='center', anchorVert='center', antialias=True, autoDraw=False, autoLog=True, bold=False, color=array([-1, -1, -1]), colorSpace='rgb', contrast=1.0, depth=0, flipHoriz=False, flipVert=False, font='', fontFiles=[], height=50.0, italic=False, languageStyle='LTR', name='unnamed TextStim', opacity=1.0, ori=0.0, pos=array([0., 0.]), rgb=UNKNOWN, text='Poprawnie', units='pix', win=Window(...), wrapWidth=500)
70.1624 	EXP 	unnamed TextStim: height = 25.0
70.1624 	EXP 	unnamed TextStim: height = 25.0
70.1624 	EXP 	unnamed TextStim: height = 25.0
70.1624 	EXP 	unnamed TextStim: text = 'n'
71.9659 	DATA 	Keypress: n
71.9679 	EXP 	Created unnamed TextStim = TextStim(__class__=<class 'psychopy.visual.text.TextStim'>, alignHoriz=method-wrapper(...), alignText='center', alignVert=method-wrapper(...), anchorHoriz='center', anchorVert='center', antialias=True, autoDraw=False, autoLog=True, bold=False, color=array([-1, -1, -1]), colorSpace='rgb', contrast=1.0, depth=0, flipHoriz=False, flipVert=False, font='', fontFiles=[], height=50.0, italic=False, languageStyle='LTR', name='unnamed TextStim', opacity=1.0, ori=0.0, pos=array([0., 0.]), rgb=UNKNOWN, text='Poprawnie', units='pix', win=Window(...), wrapWidth=500)
73.0036 	EXP 	Created unnamed TextStim = TextStim(__class__=<class 'psychopy.visual.text.TextStim'>, alignHoriz=method-wrapper(...), alignText='center', alignVert=method-wrapper(...), anchorHoriz='center', anchorVert='center', antialias=True, autoDraw=False, autoLog=True, bold=False, color=array([-1, -1, -1]), colorSpace='rgb', contrast=1.0, depth=0, flipHoriz=False, flipVert=False, font='', fontFiles=[], height=20.0, italic=False, languageStyle='LTR', name='unnamed TextStim', opacity=1.0, ori=0.0, pos=array([0., 0.]), rgb=UNKNOWN, text=str(...), units='pix', win=Window(...), wrapWidth=1536)
79.5229 	DATA 	Keypress: space
79.5291 	EXP 	unnamed TextStim: height = 25.0
79.5291 	EXP 	unnamed TextStim: height = 25.0
79.5291 	EXP 	unnamed TextStim: height = 25.0
79.5291 	EXP 	unnamed TextStim: text = 'x'
81.2373 	DATA 	Keypress: x
81.2433 	EXP 	Created unnamed TextStim = TextStim(__class__=<class 'psychopy.visual.text.TextStim'>, alignHoriz=method-wrapper(...), alignText='center', alignVert=method-wrapper(...), anchorHoriz='center', anchorVert='center', antialias=True, autoDraw=False, autoLog=True, bold=False, color=array([-1, -1, -1]), colorSpace='rgb', contrast=1.0, depth=0, flipHoriz=False, flipVert=False, font='', fontFiles=[], height=50.0, italic=False, languageStyle='LTR', name='unnamed TextStim', opacity=1.0, ori=0.0, pos=array([0., 0.]), rgb=UNKNOWN, text='Poprawnie', units='pix', win=Window(...), wrapWidth=500)
82.2475 	EXP 	unnamed TextStim: height = 25.0
82.2475 	EXP 	unnamed TextStim: height = 25.0
82.2475 	EXP 	unnamed TextStim: height = 25.0
82.2475 	EXP 	unnamed TextStim: text = 'z'
83.7058 	DATA 	Keypress: n
83.7087 	EXP 	Created unnamed TextStim = TextStim(__class__=<class 'psychopy.visual.text.TextStim'>, alignHoriz=method-wrapper(...), alignText='center', alignVert=method-wrapper(...), anchorHoriz='center', anchorVert='center', antialias=True, autoDraw=False, autoLog=True, bold=False, color=array([-1, -1, -1]), colorSpace='rgb', contrast=1.0, depth=0, flipHoriz=False, flipVert=False, font='', fontFiles=[], height=50.0, italic=False, languageStyle='LTR', name='unnamed TextStim', opacity=1.0, ori=0.0, pos=array([0., 0.]), rgb=UNKNOWN, text='Niepoprawnie', units='pix', win=Window(...), wrapWidth=500)
84.7129 	EXP 	unnamed TextStim: height = 25.0
84.7129 	EXP 	unnamed TextStim: height = 25.0
84.7129 	EXP 	unnamed TextStim: height = 25.0
84.7129 	EXP 	unnamed TextStim: text = 'n'
86.1325 	DATA 	Keypress: n
86.1345 	EXP 	Created unnamed TextStim = TextStim(__class__=<class 'psychopy.visual.text.TextStim'>, alignHoriz=method-wrapper(...), alignText='center', alignVert=method-wrapper(...), anchorHoriz='center', anchorVert='center', antialias=True, autoDraw=False, autoLog=True, bold=False, color=array([-1, -1, -1]), colorSpace='rgb', contrast=1.0, depth=0, flipHoriz=False, flipVert=False, font='', fontFiles=[], height=50.0, italic=False, languageStyle='LTR', name='unnamed TextStim', opacity=1.0, ori=0.0, pos=array([0., 0.]), rgb=UNKNOWN, text='Poprawnie', units='pix', win=Window(...), wrapWidth=500)
87.1463 	EXP 	unnamed TextStim: height = 25.0
87.1463 	EXP 	unnamed TextStim: height = 25.0
87.1463 	EXP 	unnamed TextStim: height = 25.0
87.1463 	EXP 	unnamed TextStim: text = 'x'
88.6659 	DATA 	Keypress: x
88.6679 	EXP 	Created unnamed TextStim = TextStim(__class__=<class 'psychopy.visual.text.TextStim'>, alignHoriz=method-wrapper(...), alignText='center', alignVert=method-wrapper(...), anchorHoriz='center', anchorVert='center', antialias=True, autoDraw=False, autoLog=True, bold=False, color=array([-1, -1, -1]), colorSpace='rgb', contrast=1.0, depth=0, flipHoriz=False, flipVert=False, font='', fontFiles=[], height=50.0, italic=False, languageStyle='LTR', name='unnamed TextStim', opacity=1.0, ori=0.0, pos=array([0., 0.]), rgb=UNKNOWN, text='Poprawnie', units='pix', win=Window(...), wrapWidth=500)
89.6797 	EXP 	unnamed TextStim: text = 'x'
91.0212 	DATA 	Keypress: x
91.0231 	EXP 	Created unnamed TextStim = TextStim(__class__=<class 'psychopy.visual.text.TextStim'>, alignHoriz=method-wrapper(...), alignText='center', alignVert=method-wrapper(...), anchorHoriz='center', anchorVert='center', antialias=True, autoDraw=False, autoLog=True, bold=False, color=array([-1, -1, -1]), colorSpace='rgb', contrast=1.0, depth=0, flipHoriz=False, flipVert=False, font='', fontFiles=[], height=50.0, italic=False, languageStyle='LTR', name='unnamed TextStim', opacity=1.0, ori=0.0, pos=array([0., 0.]), rgb=UNKNOWN, text='Poprawnie', units='pix', win=Window(...), wrapWidth=500)
92.0298 	EXP 	unnamed TextStim: height = 25.0
92.0298 	EXP 	unnamed TextStim: height = 25.0
92.0298 	EXP 	unnamed TextStim: height = 25.0
92.0298 	EXP 	unnamed TextStim: text = 'z'
93.4262 	DATA 	Keypress: z
93.4285 	EXP 	Created unnamed TextStim = TextStim(__class__=<class 'psychopy.visual.text.TextStim'>, alignHoriz=method-wrapper(...), alignText='center', alignVert=method-wrapper(...), anchorHoriz='center', anchorVert='center', antialias=True, autoDraw=False, autoLog=True, bold=False, color=array([-1, -1, -1]), colorSpace='rgb', contrast=1.0, depth=0, flipHoriz=False, flipVert=False, font='', fontFiles=[], height=50.0, italic=False, languageStyle='LTR', name='unnamed TextStim', opacity=1.0, ori=0.0, pos=array([0., 0.]), rgb=UNKNOWN, text='Poprawnie', units='pix', win=Window(...), wrapWidth=500)
94.4464 	EXP 	unnamed TextStim: height = 25.0
94.4464 	EXP 	unnamed TextStim: height = 25.0
94.4464 	EXP 	unnamed TextStim: height = 25.0
94.4464 	EXP 	unnamed TextStim: text = 'm'
96.7049 	DATA 	Keypress: m
96.7075 	EXP 	Created unnamed TextStim = TextStim(__class__=<class 'psychopy.visual.text.TextStim'>, alignHoriz=method-wrapper(...), alignText='center', alignVert=method-wrapper(...), anchorHoriz='center', anchorVert='center', antialias=True, autoDraw=False, autoLog=True, bold=False, color=array([-1, -1, -1]), colorSpace='rgb', contrast=1.0, depth=0, flipHoriz=False, flipVert=False, font='', fontFiles=[], height=50.0, italic=False, languageStyle='LTR', name='unnamed TextStim', opacity=1.0, ori=0.0, pos=array([0., 0.]), rgb=UNKNOWN, text='Poprawnie', units='pix', win=Window(...), wrapWidth=500)
97.7134 	EXP 	unnamed TextStim: height = 25.0
97.7134 	EXP 	unnamed TextStim: height = 25.0
97.7134 	EXP 	unnamed TextStim: height = 25.0
97.7134 	EXP 	unnamed TextStim: text = 'n'
99.6901 	DATA 	Keypress: m
99.6922 	EXP 	Created unnamed TextStim = TextStim(__class__=<class 'psychopy.visual.text.TextStim'>, alignHoriz=method-wrapper(...), alignText='center', alignVert=method-wrapper(...), anchorHoriz='center', anchorVert='center', antialias=True, autoDraw=False, autoLog=True, bold=False, color=array([-1, -1, -1]), colorSpace='rgb', contrast=1.0, depth=0, flipHoriz=False, flipVert=False, font='', fontFiles=[], height=50.0, italic=False, languageStyle='LTR', name='unnamed TextStim', opacity=1.0, ori=0.0, pos=array([0., 0.]), rgb=UNKNOWN, text='Niepoprawnie', units='pix', win=Window(...), wrapWidth=500)
100.6967 	EXP 	unnamed TextStim: height = 25.0
100.6967 	EXP 	unnamed TextStim: height = 25.0
100.6967 	EXP 	unnamed TextStim: height = 25.0
100.6967 	EXP 	unnamed TextStim: text = 'x'
102.2840 	DATA 	Keypress: x
102.2861 	EXP 	Created unnamed TextStim = TextStim(__class__=<class 'psychopy.visual.text.TextStim'>, alignHoriz=method-wrapper(...), alignText='center', alignVert=method-wrapper(...), anchorHoriz='center', anchorVert='center', antialias=True, autoDraw=False, autoLog=True, bold=False, color=array([-1, -1, -1]), colorSpace='rgb', contrast=1.0, depth=0, flipHoriz=False, flipVert=False, font='', fontFiles=[], height=50.0, italic=False, languageStyle='LTR', name='unnamed TextStim', opacity=1.0, ori=0.0, pos=array([0., 0.]), rgb=UNKNOWN, text='Poprawnie', units='pix', win=Window(...), wrapWidth=500)
103.2968 	EXP 	unnamed TextStim: text = 'x'
104.8462 	DATA 	Keypress: x
104.8487 	EXP 	Created unnamed TextStim = TextStim(__class__=<class 'psychopy.visual.text.TextStim'>, alignHoriz=method-wrapper(...), alignText='center', alignVert=method-wrapper(...), anchorHoriz='center', anchorVert='center', antialias=True, autoDraw=False, autoLog=True, bold=False, color=array([-1, -1, -1]), colorSpace='rgb', contrast=1.0, depth=0, flipHoriz=False, flipVert=False, font='', fontFiles=[], height=50.0, italic=False, languageStyle='LTR', name='unnamed TextStim', opacity=1.0, ori=0.0, pos=array([0., 0.]), rgb=UNKNOWN, text='Poprawnie', units='pix', win=Window(...), wrapWidth=500)
105.8758 	EXP 	Created unnamed TextStim = TextStim(__class__=<class 'psychopy.visual.text.TextStim'>, alignHoriz=method-wrapper(...), alignText='center', alignVert=method-wrapper(...), anchorHoriz='center', anchorVert='center', antialias=True, autoDraw=False, autoLog=True, bold=False, color=array([-1, -1, -1]), colorSpace='rgb', contrast=1.0, depth=0, flipHoriz=False, flipVert=False, font='', fontFiles=[], height=20.0, italic=False, languageStyle='LTR', name='unnamed TextStim', opacity=1.0, ori=0.0, pos=array([0., 0.]), rgb=UNKNOWN, text=str(...), units='pix', win=Window(...), wrapWidth=1536)
110.9285 	DATA 	Keypress: space
110.9324 	EXP 	unnamed TextStim: height = 25.0
110.9324 	EXP 	unnamed TextStim: height = 25.0
110.9324 	EXP 	unnamed TextStim: height = 25.0
110.9324 	EXP 	unnamed TextStim: text = 'n'
112.8688 	DATA 	Keypress: x
112.8721 	EXP 	unnamed TextStim: height = 25.0
112.8721 	EXP 	unnamed TextStim: height = 25.0
112.8721 	EXP 	unnamed TextStim: height = 25.0
112.8721 	EXP 	unnamed TextStim: text = 'x'
114.8274 	DATA 	Keypress: x
114.8299 	EXP 	unnamed TextStim: height = 25.0
114.8299 	EXP 	unnamed TextStim: height = 25.0
114.8299 	EXP 	unnamed TextStim: height = 25.0
114.8299 	EXP 	unnamed TextStim: text = 'n'
116.9969 	DATA 	Keypress: m
117.0000 	EXP 	unnamed TextStim: height = 25.0
117.0000 	EXP 	unnamed TextStim: height = 25.0
117.0000 	EXP 	unnamed TextStim: height = 25.0
117.0000 	EXP 	unnamed TextStim: text = 'm'
118.5307 	DATA 	Keypress: m
118.5329 	EXP 	unnamed TextStim: height = 25.0
118.5329 	EXP 	unnamed TextStim: height = 25.0
118.5329 	EXP 	unnamed TextStim: height = 25.0
118.5329 	EXP 	unnamed TextStim: text = 'n'
120.8449 	DATA 	Keypress: n
120.8471 	EXP 	unnamed TextStim: height = 25.0
120.8471 	EXP 	unnamed TextStim: height = 25.0
120.8471 	EXP 	unnamed TextStim: height = 25.0
120.8471 	EXP 	unnamed TextStim: text = 'x'
122.7814 	DATA 	Keypress: x
122.9381 	EXP 	Created unnamed ImageStim = ImageStim(__class__=<class 'psychopy.visual.image.ImageStim'>, anchor=('center', 'center'), autoLog=True, color=array([1., 1., 1.]), colorSpace='rgb', contrast=1.0, depth=0, flipHoriz=False, flipVert=False, image='break.jpg', interpolate=True, mask=None, maskParams=None, name='unnamed ImageStim', opacity=1.0, ori=0.0, pos=array([0., 0.]), size=array([1536.,  864.]), texRes=128, units='pix', win=Window(...))
124.0678 	DATA 	Keypress: space
124.0808 	EXP 	unnamed TextStim: text = 'x'
125.6535 	DATA 	Keypress: x
125.6546 	EXP 	unnamed TextStim: text = 'x'
127.5104 	DATA 	Keypress: x
127.5158 	EXP 	unnamed TextStim: height = 25.0
127.5158 	EXP 	unnamed TextStim: height = 25.0
127.5158 	EXP 	unnamed TextStim: height = 25.0
127.5158 	EXP 	unnamed TextStim: text = 'z'
129.1989 	DATA 	Keypress: z
129.2011 	EXP 	unnamed TextStim: height = 25.0
129.2011 	EXP 	unnamed TextStim: height = 25.0
129.2011 	EXP 	unnamed TextStim: height = 25.0
129.2011 	EXP 	unnamed TextStim: text = 'm'
130.7257 	DATA 	Keypress: m
130.7278 	EXP 	unnamed TextStim: height = 25.0
130.7278 	EXP 	unnamed TextStim: height = 25.0
130.7278 	EXP 	unnamed TextStim: height = 25.0
130.7278 	EXP 	unnamed TextStim: text = 'x'
132.8129 	DATA 	Keypress: x
132.8150 	EXP 	unnamed TextStim: height = 25.0
132.8150 	EXP 	unnamed TextStim: height = 25.0
132.8150 	EXP 	unnamed TextStim: height = 25.0
132.8150 	EXP 	unnamed TextStim: text = 'm'
135.0519 	DATA 	Keypress: n
135.2276 	EXP 	Created unnamed ImageStim = ImageStim(__class__=<class 'psychopy.visual.image.ImageStim'>, anchor=('center', 'center'), autoLog=True, color=array([1., 1., 1.]), colorSpace='rgb', contrast=1.0, depth=0, flipHoriz=False, flipVert=False, image='break.jpg', interpolate=True, mask=None, maskParams=None, name='unnamed ImageStim', opacity=1.0, ori=0.0, pos=array([0., 0.]), size=array([1536.,  864.]), texRes=128, units='pix', win=Window(...))
136.1184 	DATA 	Keypress: space
136.1314 	EXP 	unnamed TextStim: height = 25.0
136.1314 	EXP 	unnamed TextStim: height = 25.0
136.1314 	EXP 	unnamed TextStim: height = 25.0
136.1314 	EXP 	unnamed TextStim: text = 'n'
137.9663 	DATA 	Keypress: x
137.9685 	EXP 	unnamed TextStim: height = 25.0
137.9685 	EXP 	unnamed TextStim: height = 25.0
137.9685 	EXP 	unnamed TextStim: height = 25.0
137.9685 	EXP 	unnamed TextStim: text = 'x'
139.6173 	DATA 	Keypress: x
139.6185 	EXP 	unnamed TextStim: text = 'x'
141.1897 	DATA 	Keypress: x
141.1908 	EXP 	unnamed TextStim: text = 'x'
142.8165 	DATA 	Keypress: x
142.8187 	EXP 	unnamed TextStim: height = 25.0
142.8187 	EXP 	unnamed TextStim: height = 25.0
142.8187 	EXP 	unnamed TextStim: height = 25.0
142.8187 	EXP 	unnamed TextStim: text = 'n'
144.6893 	DATA 	Keypress: m
144.6913 	EXP 	unnamed TextStim: height = 25.0
144.6913 	EXP 	unnamed TextStim: height = 25.0
144.6913 	EXP 	unnamed TextStim: height = 25.0
144.6913 	EXP 	unnamed TextStim: text = 'm'
144.7155 	DATA 	Keypress: n
147.0108 	DATA 	Keypress: n
147.1793 	EXP 	Created unnamed ImageStim = ImageStim(__class__=<class 'psychopy.visual.image.ImageStim'>, anchor=('center', 'center'), autoLog=True, color=array([1., 1., 1.]), colorSpace='rgb', contrast=1.0, depth=0, flipHoriz=False, flipVert=False, image='break.jpg', interpolate=True, mask=None, maskParams=None, name='unnamed ImageStim', opacity=1.0, ori=0.0, pos=array([0., 0.]), size=array([1536.,  864.]), texRes=128, units='pix', win=Window(...))
149.0530 	DATA 	Keypress: space
149.0650 	EXP 	unnamed TextStim: text = 'm'
150.6506 	DATA 	Keypress: m
150.6570 	EXP 	unnamed TextStim: height = 25.0
150.6570 	EXP 	unnamed TextStim: height = 25.0
150.6570 	EXP 	unnamed TextStim: height = 25.0
150.6570 	EXP 	unnamed TextStim: text = 'n'
152.0965 	DATA 	Keypress: n
152.0986 	EXP 	unnamed TextStim: height = 25.0
152.0986 	EXP 	unnamed TextStim: height = 25.0
152.0986 	EXP 	unnamed TextStim: height = 25.0
152.0986 	EXP 	unnamed TextStim: text = 'z'
154.0863 	DATA 	Keypress: x
154.0885 	EXP 	unnamed TextStim: height = 25.0
154.0885 	EXP 	unnamed TextStim: height = 25.0
154.0885 	EXP 	unnamed TextStim: height = 25.0
154.0885 	EXP 	unnamed TextStim: text = 'n'
155.8063 	DATA 	Keypress: n
155.8084 	EXP 	unnamed TextStim: height = 25.0
155.8084 	EXP 	unnamed TextStim: height = 25.0
155.8084 	EXP 	unnamed TextStim: height = 25.0
155.8084 	EXP 	unnamed TextStim: text = 'z'
157.6669 	DATA 	Keypress: z
157.6692 	EXP 	unnamed TextStim: height = 25.0
157.6692 	EXP 	unnamed TextStim: height = 25.0
157.6692 	EXP 	unnamed TextStim: height = 25.0
157.6692 	EXP 	unnamed TextStim: text = 'm'
160.1419 	DATA 	Keypress: n
160.2899 	EXP 	Created unnamed ImageStim = ImageStim(__class__=<class 'psychopy.visual.image.ImageStim'>, anchor=('center', 'center'), autoLog=True, color=array([1., 1., 1.]), colorSpace='rgb', contrast=1.0, depth=0, flipHoriz=False, flipVert=False, image='break.jpg', interpolate=True, mask=None, maskParams=None, name='unnamed ImageStim', opacity=1.0, ori=0.0, pos=array([0., 0.]), size=array([1536.,  864.]), texRes=128, units='pix', win=Window(...))
161.1782 	DATA 	Keypress: space
161.1823 	EXP 	unnamed TextStim: text = 'm'
162.6079 	DATA 	Keypress: m
162.6101 	EXP 	unnamed TextStim: height = 25.0
162.6101 	EXP 	unnamed TextStim: height = 25.0
162.6101 	EXP 	unnamed TextStim: height = 25.0
162.6101 	EXP 	unnamed TextStim: text = 'n'
164.0032 	DATA 	Keypress: n
164.0045 	EXP 	unnamed TextStim: text = 'n'
166.7483 	DATA 	Keypress: x
166.7493 	EXP 	unnamed TextStim: text = 'n'
168.1979 	DATA 	Keypress: n
168.2001 	EXP 	unnamed TextStim: height = 25.0
168.2001 	EXP 	unnamed TextStim: height = 25.0
168.2001 	EXP 	unnamed TextStim: height = 25.0
168.2001 	EXP 	unnamed TextStim: text = 'x'
170.2681 	DATA 	Keypress: x
170.2703 	EXP 	unnamed TextStim: height = 25.0
170.2703 	EXP 	unnamed TextStim: height = 25.0
170.2703 	EXP 	unnamed TextStim: height = 25.0
170.2703 	EXP 	unnamed TextStim: text = 'm'
171.7545 	DATA 	Keypress: m
171.9288 	EXP 	Created unnamed ImageStim = ImageStim(__class__=<class 'psychopy.visual.image.ImageStim'>, anchor=('center', 'center'), autoLog=True, color=array([1., 1., 1.]), colorSpace='rgb', contrast=1.0, depth=0, flipHoriz=False, flipVert=False, image='break.jpg', interpolate=True, mask=None, maskParams=None, name='unnamed ImageStim', opacity=1.0, ori=0.0, pos=array([0., 0.]), size=array([1536.,  864.]), texRes=128, units='pix', win=Window(...))
172.8614 	DATA 	Keypress: space
172.8682 	EXP 	unnamed TextStim: height = 25.0
172.8682 	EXP 	unnamed TextStim: height = 25.0
172.8682 	EXP 	unnamed TextStim: height = 25.0
172.8682 	EXP 	unnamed TextStim: text = 'z'
174.6240 	DATA 	Keypress: z
174.6251 	EXP 	unnamed TextStim: text = 'z'
176.0144 	DATA 	Keypress: z
176.0166 	EXP 	unnamed TextStim: height = 25.0
176.0166 	EXP 	unnamed TextStim: height = 25.0
176.0166 	EXP 	unnamed TextStim: height = 25.0
176.0166 	EXP 	unnamed TextStim: text = 'm'
177.5135 	DATA 	Keypress: m
177.5146 	EXP 	unnamed TextStim: text = 'm'
178.9264 	DATA 	Keypress: m
178.9286 	EXP 	unnamed TextStim: height = 25.0
178.9286 	EXP 	unnamed TextStim: height = 25.0
178.9286 	EXP 	unnamed TextStim: height = 25.0
178.9286 	EXP 	unnamed TextStim: text = 'x'
180.4664 	DATA 	Keypress: x
180.4675 	EXP 	unnamed TextStim: text = 'x'
183.1364 	DATA 	Keypress: z
183.2845 	EXP 	Created unnamed ImageStim = ImageStim(__class__=<class 'psychopy.visual.image.ImageStim'>, anchor=('center', 'center'), autoLog=True, color=array([1., 1., 1.]), colorSpace='rgb', contrast=1.0, depth=0, flipHoriz=False, flipVert=False, image='break.jpg', interpolate=True, mask=None, maskParams=None, name='unnamed ImageStim', opacity=1.0, ori=0.0, pos=array([0., 0.]), size=array([1536.,  864.]), texRes=128, units='pix', win=Window(...))
184.1569 	DATA 	Keypress: space
184.1664 	EXP 	unnamed TextStim: height = 25.0
184.1664 	EXP 	unnamed TextStim: height = 25.0
184.1664 	EXP 	unnamed TextStim: height = 25.0
184.1664 	EXP 	unnamed TextStim: text = 'n'
186.6577 	DATA 	Keypress: m
186.6589 	EXP 	unnamed TextStim: text = 'n'
189.0198 	DATA 	Keypress: z
189.0228 	EXP 	unnamed TextStim: height = 25.0
189.0228 	EXP 	unnamed TextStim: height = 25.0
189.0228 	EXP 	unnamed TextStim: height = 25.0
189.0228 	EXP 	unnamed TextStim: text = 'x'
190.7220 	DATA 	Keypress: x
190.7239 	EXP 	unnamed TextStim: height = 25.0
190.7239 	EXP 	unnamed TextStim: height = 25.0
190.7239 	EXP 	unnamed TextStim: height = 25.0
190.7239 	EXP 	unnamed TextStim: text = 'n'
192.7819 	DATA 	Keypress: n
192.7840 	EXP 	unnamed TextStim: height = 25.0
192.7840 	EXP 	unnamed TextStim: height = 25.0
192.7840 	EXP 	unnamed TextStim: height = 25.0
192.7840 	EXP 	unnamed TextStim: text = 'm'
194.2140 	DATA 	Keypress: m
194.2162 	EXP 	unnamed TextStim: height = 25.0
194.2162 	EXP 	unnamed TextStim: height = 25.0
194.2162 	EXP 	unnamed TextStim: height = 25.0
194.2162 	EXP 	unnamed TextStim: text = 'z'
196.3565 	DATA 	Keypress: z
196.5129 	EXP 	Created unnamed ImageStim = ImageStim(__class__=<class 'psychopy.visual.image.ImageStim'>, anchor=('center', 'center'), autoLog=True, color=array([1., 1., 1.]), colorSpace='rgb', contrast=1.0, depth=0, flipHoriz=False, flipVert=False, image='break.jpg', interpolate=True, mask=None, maskParams=None, name='unnamed ImageStim', opacity=1.0, ori=0.0, pos=array([0., 0.]), size=array([1536.,  864.]), texRes=128, units='pix', win=Window(...))
197.3573 	DATA 	Keypress: space
197.3668 	EXP 	unnamed TextStim: height = 25.0
197.3668 	EXP 	unnamed TextStim: height = 25.0
197.3668 	EXP 	unnamed TextStim: height = 25.0
197.3668 	EXP 	unnamed TextStim: text = 'n'
199.8159 	DATA 	Keypress: x
199.8182 	EXP 	unnamed TextStim: height = 25.0
199.8182 	EXP 	unnamed TextStim: height = 25.0
199.8182 	EXP 	unnamed TextStim: height = 25.0
199.8182 	EXP 	unnamed TextStim: text = 'z'
201.4508 	DATA 	Keypress: z
201.4544 	EXP 	unnamed TextStim: height = 25.0
201.4544 	EXP 	unnamed TextStim: height = 25.0
201.4544 	EXP 	unnamed TextStim: height = 25.0
201.4544 	EXP 	unnamed TextStim: text = 'x'
202.9388 	DATA 	Keypress: x
202.9409 	EXP 	unnamed TextStim: height = 25.0
202.9409 	EXP 	unnamed TextStim: height = 25.0
202.9409 	EXP 	unnamed TextStim: height = 25.0
202.9409 	EXP 	unnamed TextStim: text = 'z'
205.1912 	DATA 	Keypress: z
205.1926 	EXP 	unnamed TextStim: text = 'z'
207.2772 	DATA 	Keypress: n
207.2783 	EXP 	unnamed TextStim: text = 'z'
209.5271 	DATA 	Keypress: z
209.6789 	EXP 	Created unnamed ImageStim = ImageStim(__class__=<class 'psychopy.visual.image.ImageStim'>, anchor=('center', 'center'), autoLog=True, color=array([1., 1., 1.]), colorSpace='rgb', contrast=1.0, depth=0, flipHoriz=False, flipVert=False, image='break.jpg', interpolate=True, mask=None, maskParams=None, name='unnamed ImageStim', opacity=1.0, ori=0.0, pos=array([0., 0.]), size=array([1536.,  864.]), texRes=128, units='pix', win=Window(...))
211.7579 	DATA 	Keypress: space
211.7675 	EXP 	unnamed TextStim: height = 25.0
211.7675 	EXP 	unnamed TextStim: height = 25.0
211.7675 	EXP 	unnamed TextStim: height = 25.0
211.7675 	EXP 	unnamed TextStim: text = 'm'
213.4454 	DATA 	Keypress: m
213.4476 	EXP 	unnamed TextStim: height = 25.0
213.4476 	EXP 	unnamed TextStim: height = 25.0
213.4476 	EXP 	unnamed TextStim: height = 25.0
213.4476 	EXP 	unnamed TextStim: text = 'x'
215.1910 	DATA 	Keypress: x
215.1931 	EXP 	unnamed TextStim: height = 25.0
215.1931 	EXP 	unnamed TextStim: height = 25.0
215.1931 	EXP 	unnamed TextStim: height = 25.0
215.1931 	EXP 	unnamed TextStim: text = 'n'
216.9427 	DATA 	Keypress: z
216.9439 	EXP 	unnamed TextStim: text = 'n'
218.4121 	DATA 	Keypress: n
218.4143 	EXP 	unnamed TextStim: height = 25.0
218.4143 	EXP 	unnamed TextStim: height = 25.0
218.4143 	EXP 	unnamed TextStim: height = 25.0
218.4143 	EXP 	unnamed TextStim: text = 'm'
219.7301 	DATA 	Keypress: m
219.7348 	EXP 	unnamed TextStim: height = 25.0
219.7348 	EXP 	unnamed TextStim: height = 25.0
219.7348 	EXP 	unnamed TextStim: height = 25.0
219.7348 	EXP 	unnamed TextStim: text = 'x'
221.1656 	DATA 	Keypress: x
221.2999 	EXP 	Created unnamed ImageStim = ImageStim(__class__=<class 'psychopy.visual.image.ImageStim'>, anchor=('center', 'center'), autoLog=True, color=array([1., 1., 1.]), colorSpace='rgb', contrast=1.0, depth=0, flipHoriz=False, flipVert=False, image='break.jpg', interpolate=True, mask=None, maskParams=None, name='unnamed ImageStim', opacity=1.0, ori=0.0, pos=array([0., 0.]), size=array([1536.,  864.]), texRes=128, units='pix', win=Window(...))
222.6190 	DATA 	Keypress: space
222.6343 	EXP 	unnamed TextStim: height = 25.0
222.6343 	EXP 	unnamed TextStim: height = 25.0
222.6343 	EXP 	unnamed TextStim: height = 25.0
222.6343 	EXP 	unnamed TextStim: text = 'n'
224.0715 	DATA 	Keypress: n
224.0736 	EXP 	unnamed TextStim: height = 25.0
224.0736 	EXP 	unnamed TextStim: height = 25.0
224.0736 	EXP 	unnamed TextStim: height = 25.0
224.0736 	EXP 	unnamed TextStim: text = 'z'
225.8330 	DATA 	Keypress: z
225.8352 	EXP 	unnamed TextStim: height = 25.0
225.8352 	EXP 	unnamed TextStim: height = 25.0
225.8352 	EXP 	unnamed TextStim: height = 25.0
225.8352 	EXP 	unnamed TextStim: text = 'n'
227.4615 	DATA 	Keypress: n
227.4636 	EXP 	unnamed TextStim: height = 25.0
227.4636 	EXP 	unnamed TextStim: height = 25.0
227.4636 	EXP 	unnamed TextStim: height = 25.0
227.4636 	EXP 	unnamed TextStim: text = 'z'
229.3810 	DATA 	Keypress: z
229.3823 	EXP 	unnamed TextStim: text = 'z'
231.1636 	DATA 	Keypress: z
231.1658 	EXP 	unnamed TextStim: height = 25.0
231.1658 	EXP 	unnamed TextStim: height = 25.0
231.1658 	EXP 	unnamed TextStim: height = 25.0
231.1658 	EXP 	unnamed TextStim: text = 'x'
233.0782 	DATA 	Keypress: x
233.2390 	EXP 	Created unnamed ImageStim = ImageStim(__class__=<class 'psychopy.visual.image.ImageStim'>, anchor=('center', 'center'), autoLog=True, color=array([1., 1., 1.]), colorSpace='rgb', contrast=1.0, depth=0, flipHoriz=False, flipVert=False, image='break.jpg', interpolate=True, mask=None, maskParams=None, name='unnamed ImageStim', opacity=1.0, ori=0.0, pos=array([0., 0.]), size=array([1536.,  864.]), texRes=128, units='pix', win=Window(...))
234.0312 	DATA 	Keypress: space
234.0347 	EXP 	unnamed TextStim: height = 25.0
234.0347 	EXP 	unnamed TextStim: height = 25.0
234.0347 	EXP 	unnamed TextStim: height = 25.0
234.0347 	EXP 	unnamed TextStim: text = 'z'
235.7385 	DATA 	Keypress: x
235.7407 	EXP 	unnamed TextStim: height = 25.0
235.7407 	EXP 	unnamed TextStim: height = 25.0
235.7407 	EXP 	unnamed TextStim: height = 25.0
235.7407 	EXP 	unnamed TextStim: text = 'x'
237.3054 	DATA 	Keypress: x
237.3068 	EXP 	unnamed TextStim: text = 'x'
239.1423 	DATA 	Keypress: z
239.1489 	EXP 	unnamed TextStim: height = 25.0
239.1489 	EXP 	unnamed TextStim: height = 25.0
239.1489 	EXP 	unnamed TextStim: height = 25.0
239.1489 	EXP 	unnamed TextStim: text = 'm'
241.8522 	DATA 	No keypress (maxWait exceeded)
241.8544 	EXP 	unnamed TextStim: height = 25.0
241.8544 	EXP 	unnamed TextStim: height = 25.0
241.8544 	EXP 	unnamed TextStim: height = 25.0
241.8544 	EXP 	unnamed TextStim: text = 'x'
244.5857 	DATA 	No keypress (maxWait exceeded)
244.5869 	EXP 	unnamed TextStim: text = 'x'
247.3524 	DATA 	No keypress (maxWait exceeded)
247.5035 	EXP 	Created unnamed ImageStim = ImageStim(__class__=<class 'psychopy.visual.image.ImageStim'>, anchor=('center', 'center'), autoLog=True, color=array([1., 1., 1.]), colorSpace='rgb', contrast=1.0, depth=0, flipHoriz=False, flipVert=False, image='break.jpg', interpolate=True, mask=None, maskParams=None, name='unnamed ImageStim', opacity=1.0, ori=0.0, pos=array([0., 0.]), size=array([1536.,  864.]), texRes=128, units='pix', win=Window(...))
251.4906 	DATA 	Keypress: space
251.5080 	EXP 	Created unnamed TextStim = TextStim(__class__=<class 'psychopy.visual.text.TextStim'>, alignHoriz=method-wrapper(...), alignText='center', alignVert=method-wrapper(...), anchorHoriz='center', anchorVert='center', antialias=True, autoDraw=False, autoLog=True, bold=False, color=array([-1, -1, -1]), colorSpace='rgb', contrast=1.0, depth=0, flipHoriz=False, flipVert=False, font='', fontFiles=[], height=20.0, italic=False, languageStyle='LTR', name='unnamed TextStim', opacity=1.0, ori=0.0, pos=array([0., 0.]), rgb=UNKNOWN, text=str(...), units='pix', win=Window(...), wrapWidth=1536)
260.2163 	DATA 	Keypress: return
260.2969 	EXP 	window1: mouseVisible = True
