13.4674 	WARNING 	User requested fullscreen with size [1536  864], but screen is actually [1920, 1080]. Using actual size
14.9550 	INFO 	FRAME RATE: 60
14.9551 	INFO 	SCREEN RES: odict_values([1536, 864])
15.0157 	EXP 	Created unnamed TextStim = TextStim(__class__=<class 'psychopy.visual.text.TextStim'>, alignHoriz=method-wrapper(...), alignText='center', alignVert=method-wrapper(...), anchorHoriz='center', anchorVert='center', antialias=True, autoDraw=False, autoLog=True, bold=False, color=array([-1, -1, -1]), colorSpace='rgb', contrast=1.0, depth=0, flipHoriz=False, flipVert=False, font='', fontFiles=[], height=100.0, italic=False, languageStyle='LTR', name='unnamed TextStim', opacity=1.0, ori=0.0, pos=array([0., 0.]), rgb=UNKNOWN, text='+', units='pix', win=Window(...), wrapWidth=500)
15.0199 	EXP 	Created unnamed Circle = Circle(__class__=<class 'psychopy.visual.circle.Circle'>, anchor=('center', 'center'), autoDraw=False, autoLog=True, closeShape=True, color=method-wrapper(...), colorSpace='rgb', contrast=None, depth=0, fillColor=array([ 0.09019608, -1.        , -1.        ]), fillColorSpace='rgb', fillRGB=array([ 0.09019608, -1.        , -1.        ]), interpolate=True, lineColor=array([ 0.09019608, -1.        , -1.        ]), lineColorSpace='rgb', lineRGB=array([ 0.09019608, -1.        , -1.        ]), lineWidth=1.5, name='unnamed Circle', opacity=1.0, ori=0.0, pos=array([0., 0.]), size=array([1., 1.]), units='pix', vertices=ndarray(...), win=Window(...))
15.0211 	EXP 	Created unnamed TextStim = TextStim(__class__=<class 'psychopy.visual.text.TextStim'>, alignHoriz=method-wrapper(...), alignText='center', alignVert=method-wrapper(...), anchorHoriz='center', anchorVert='center', antialias=True, autoDraw=False, autoLog=True, bold=False, color=array([-0.17647059, -0.17647059, -0.17647059]), colorSpace='rgb', contrast=1.0, depth=0, flipHoriz=False, flipVert=False, font='', fontFiles=[], height=25, italic=False, languageStyle='LTR', name='unnamed TextStim', opacity=1.0, ori=0.0, pos=array([0., 0.]), rgb=UNKNOWN, text='', units='pix', win=Window(...), wrapWidth=500)
15.0291 	EXP 	Created unnamed ImageStim = ImageStim(__class__=<class 'psychopy.visual.image.ImageStim'>, anchor=('center', 'center'), autoLog=True, color=array([1., 1., 1.]), colorSpace='rgb', contrast=1.0, depth=0, flipHoriz=False, flipVert=False, image='mask4.png', interpolate=False, mask=None, maskParams=None, name='unnamed ImageStim', opacity=1.0, ori=0.0, pos=array([0., 0.]), size=array([25., 25.]), texRes=128, units='pix', win=Window(...))
15.0377 	EXP 	Created unnamed TextStim = TextStim(__class__=<class 'psychopy.visual.text.TextStim'>, alignHoriz=method-wrapper(...), alignText='center', alignVert=method-wrapper(...), anchorHoriz='center', anchorVert='center', antialias=True, autoDraw=False, autoLog=True, bold=False, color=array([-1, -1, -1]), colorSpace='rgb', contrast=1.0, depth=0, flipHoriz=False, flipVert=False, font='', fontFiles=[], height=30.0, italic=False, languageStyle='LTR', name='unnamed TextStim', opacity=1.0, ori=0.0, pos=array([ 100., -300.]), rgb=UNKNOWN, text=str(...), units='pix', win=Window(...), wrapWidth=10000)
15.0426 	EXP 	Created unnamed TextStim = TextStim(__class__=<class 'psychopy.visual.text.TextStim'>, alignHoriz=method-wrapper(...), alignText='center', alignVert=method-wrapper(...), anchorHoriz='center', anchorVert='center', antialias=True, autoDraw=False, autoLog=True, bold=False, color=array([-1, -1, -1]), colorSpace='rgb', contrast=1.0, depth=0, flipHoriz=False, flipVert=False, font='', fontFiles=[], height=30.0, italic=False, languageStyle='LTR', name='unnamed TextStim', opacity=1.0, ori=0.0, pos=array([ 100., -330.]), rgb=UNKNOWN, text=str(...), units='pix', win=Window(...), wrapWidth=10000)
15.0807 	EXP 	Created unnamed TextStim = TextStim(__class__=<class 'psychopy.visual.text.TextStim'>, alignHoriz=method-wrapper(...), alignText='center', alignVert=method-wrapper(...), anchorHoriz='center', anchorVert='center', antialias=True, autoDraw=False, autoLog=True, bold=False, color=array([-1, -1, -1]), colorSpace='rgb', contrast=1.0, depth=0, flipHoriz=False, flipVert=False, font='', fontFiles=[], height=20.0, italic=False, languageStyle='LTR', name='unnamed TextStim', opacity=1.0, ori=0.0, pos=array([0., 0.]), rgb=UNKNOWN, text=str(...), units='pix', win=Window(...), wrapWidth=1536)
31.7128 	DATA 	Keypress: space
31.7207 	EXP 	unnamed TextStim: height = 25.0
31.7207 	EXP 	unnamed TextStim: height = 25.0
31.7207 	EXP 	unnamed TextStim: height = 25.0
31.7207 	EXP 	unnamed TextStim: text = 'x'
33.6042 	DATA 	Keypress: x
33.6130 	EXP 	Created unnamed TextStim = TextStim(__class__=<class 'psychopy.visual.text.TextStim'>, alignHoriz=method-wrapper(...), alignText='center', alignVert=method-wrapper(...), anchorHoriz='center', anchorVert='center', antialias=True, autoDraw=False, autoLog=True, bold=False, color=array([-1, -1, -1]), colorSpace='rgb', contrast=1.0, depth=0, flipHoriz=False, flipVert=False, font='', fontFiles=[], height=50.0, italic=False, languageStyle='LTR', name='unnamed TextStim', opacity=1.0, ori=0.0, pos=array([0., 0.]), rgb=UNKNOWN, text='Poprawnie', units='pix', win=Window(...), wrapWidth=500)
34.6210 	EXP 	unnamed TextStim: height = 25.0
34.6210 	EXP 	unnamed TextStim: height = 25.0
34.6210 	EXP 	unnamed TextStim: height = 25.0
34.6210 	EXP 	unnamed TextStim: text = 'n'
36.1194 	DATA 	Keypress: n
36.1218 	EXP 	Created unnamed TextStim = TextStim(__class__=<class 'psychopy.visual.text.TextStim'>, alignHoriz=method-wrapper(...), alignText='center', alignVert=method-wrapper(...), anchorHoriz='center', anchorVert='center', antialias=True, autoDraw=False, autoLog=True, bold=False, color=array([-1, -1, -1]), colorSpace='rgb', contrast=1.0, depth=0, flipHoriz=False, flipVert=False, font='', fontFiles=[], height=50.0, italic=False, languageStyle='LTR', name='unnamed TextStim', opacity=1.0, ori=0.0, pos=array([0., 0.]), rgb=UNKNOWN, text='Poprawnie', units='pix', win=Window(...), wrapWidth=500)
37.1377 	EXP 	unnamed TextStim: height = 25.0
37.1377 	EXP 	unnamed TextStim: height = 25.0
37.1377 	EXP 	unnamed TextStim: height = 25.0
37.1377 	EXP 	unnamed TextStim: text = 'm'
38.7283 	DATA 	Keypress: m
38.7304 	EXP 	Created unnamed TextStim = TextStim(__class__=<class 'psychopy.visual.text.TextStim'>, alignHoriz=method-wrapper(...), alignText='center', alignVert=method-wrapper(...), anchorHoriz='center', anchorVert='center', antialias=True, autoDraw=False, autoLog=True, bold=False, color=array([-1, -1, -1]), colorSpace='rgb', contrast=1.0, depth=0, flipHoriz=False, flipVert=False, font='', fontFiles=[], height=50.0, italic=False, languageStyle='LTR', name='unnamed TextStim', opacity=1.0, ori=0.0, pos=array([0., 0.]), rgb=UNKNOWN, text='Poprawnie', units='pix', win=Window(...), wrapWidth=500)
39.7378 	EXP 	unnamed TextStim: height = 25.0
39.7378 	EXP 	unnamed TextStim: height = 25.0
39.7378 	EXP 	unnamed TextStim: height = 25.0
39.7378 	EXP 	unnamed TextStim: text = 'z'
41.3399 	DATA 	Keypress: z
41.3422 	EXP 	Created unnamed TextStim = TextStim(__class__=<class 'psychopy.visual.text.TextStim'>, alignHoriz=method-wrapper(...), alignText='center', alignVert=method-wrapper(...), anchorHoriz='center', anchorVert='center', antialias=True, autoDraw=False, autoLog=True, bold=False, color=array([-1, -1, -1]), colorSpace='rgb', contrast=1.0, depth=0, flipHoriz=False, flipVert=False, font='', fontFiles=[], height=50.0, italic=False, languageStyle='LTR', name='unnamed TextStim', opacity=1.0, ori=0.0, pos=array([0., 0.]), rgb=UNKNOWN, text='Poprawnie', units='pix', win=Window(...), wrapWidth=500)
42.3547 	EXP 	unnamed TextStim: height = 25.0
42.3547 	EXP 	unnamed TextStim: height = 25.0
42.3547 	EXP 	unnamed TextStim: height = 25.0
42.3547 	EXP 	unnamed TextStim: text = 'x'
44.0419 	DATA 	Keypress: n
44.0452 	EXP 	Created unnamed TextStim = TextStim(__class__=<class 'psychopy.visual.text.TextStim'>, alignHoriz=method-wrapper(...), alignText='center', alignVert=method-wrapper(...), anchorHoriz='center', anchorVert='center', antialias=True, autoDraw=False, autoLog=True, bold=False, color=array([-1, -1, -1]), colorSpace='rgb', contrast=1.0, depth=0, flipHoriz=False, flipVert=False, font='', fontFiles=[], height=50.0, italic=False, languageStyle='LTR', name='unnamed TextStim', opacity=1.0, ori=0.0, pos=array([0., 0.]), rgb=UNKNOWN, text='Niepoprawnie', units='pix', win=Window(...), wrapWidth=500)
45.0543 	EXP 	unnamed TextStim: height = 25.0
45.0543 	EXP 	unnamed TextStim: height = 25.0
45.0543 	EXP 	unnamed TextStim: height = 25.0
45.0543 	EXP 	unnamed TextStim: text = 'z'
46.4886 	DATA 	Keypress: z
46.4938 	EXP 	Created unnamed TextStim = TextStim(__class__=<class 'psychopy.visual.text.TextStim'>, alignHoriz=method-wrapper(...), alignText='center', alignVert=method-wrapper(...), anchorHoriz='center', anchorVert='center', antialias=True, autoDraw=False, autoLog=True, bold=False, color=array([-1, -1, -1]), colorSpace='rgb', contrast=1.0, depth=0, flipHoriz=False, flipVert=False, font='', fontFiles=[], height=50.0, italic=False, languageStyle='LTR', name='unnamed TextStim', opacity=1.0, ori=0.0, pos=array([0., 0.]), rgb=UNKNOWN, text='Poprawnie', units='pix', win=Window(...), wrapWidth=500)
47.5215 	EXP 	unnamed TextStim: height = 25.0
47.5215 	EXP 	unnamed TextStim: height = 25.0
47.5215 	EXP 	unnamed TextStim: height = 25.0
47.5215 	EXP 	unnamed TextStim: text = 'x'
49.0170 	DATA 	Keypress: x
49.0195 	EXP 	Created unnamed TextStim = TextStim(__class__=<class 'psychopy.visual.text.TextStim'>, alignHoriz=method-wrapper(...), alignText='center', alignVert=method-wrapper(...), anchorHoriz='center', anchorVert='center', antialias=True, autoDraw=False, autoLog=True, bold=False, color=array([-1, -1, -1]), colorSpace='rgb', contrast=1.0, depth=0, flipHoriz=False, flipVert=False, font='', fontFiles=[], height=50.0, italic=False, languageStyle='LTR', name='unnamed TextStim', opacity=1.0, ori=0.0, pos=array([0., 0.]), rgb=UNKNOWN, text='Poprawnie', units='pix', win=Window(...), wrapWidth=500)
50.0382 	EXP 	unnamed TextStim: height = 25.0
50.0382 	EXP 	unnamed TextStim: height = 25.0
50.0382 	EXP 	unnamed TextStim: height = 25.0
50.0382 	EXP 	unnamed TextStim: text = 'z'
51.4389 	DATA 	Keypress: z
51.4439 	EXP 	Created unnamed TextStim = TextStim(__class__=<class 'psychopy.visual.text.TextStim'>, alignHoriz=method-wrapper(...), alignText='center', alignVert=method-wrapper(...), anchorHoriz='center', anchorVert='center', antialias=True, autoDraw=False, autoLog=True, bold=False, color=array([-1, -1, -1]), colorSpace='rgb', contrast=1.0, depth=0, flipHoriz=False, flipVert=False, font='', fontFiles=[], height=50.0, italic=False, languageStyle='LTR', name='unnamed TextStim', opacity=1.0, ori=0.0, pos=array([0., 0.]), rgb=UNKNOWN, text='Poprawnie', units='pix', win=Window(...), wrapWidth=500)
52.4717 	EXP 	unnamed TextStim: height = 25.0
52.4717 	EXP 	unnamed TextStim: height = 25.0
52.4717 	EXP 	unnamed TextStim: height = 25.0
52.4717 	EXP 	unnamed TextStim: text = 'm'
54.0403 	DATA 	Keypress: m
54.0423 	EXP 	Created unnamed TextStim = TextStim(__class__=<class 'psychopy.visual.text.TextStim'>, alignHoriz=method-wrapper(...), alignText='center', alignVert=method-wrapper(...), anchorHoriz='center', anchorVert='center', antialias=True, autoDraw=False, autoLog=True, bold=False, color=array([-1, -1, -1]), colorSpace='rgb', contrast=1.0, depth=0, flipHoriz=False, flipVert=False, font='', fontFiles=[], height=50.0, italic=False, languageStyle='LTR', name='unnamed TextStim', opacity=1.0, ori=0.0, pos=array([0., 0.]), rgb=UNKNOWN, text='Poprawnie', units='pix', win=Window(...), wrapWidth=500)
55.0548 	EXP 	unnamed TextStim: height = 25.0
55.0548 	EXP 	unnamed TextStim: height = 25.0
55.0548 	EXP 	unnamed TextStim: height = 25.0
55.0548 	EXP 	unnamed TextStim: text = 'z'
56.4225 	DATA 	Keypress: z
56.4277 	EXP 	Created unnamed TextStim = TextStim(__class__=<class 'psychopy.visual.text.TextStim'>, alignHoriz=method-wrapper(...), alignText='center', alignVert=method-wrapper(...), anchorHoriz='center', anchorVert='center', antialias=True, autoDraw=False, autoLog=True, bold=False, color=array([-1, -1, -1]), colorSpace='rgb', contrast=1.0, depth=0, flipHoriz=False, flipVert=False, font='', fontFiles=[], height=50.0, italic=False, languageStyle='LTR', name='unnamed TextStim', opacity=1.0, ori=0.0, pos=array([0., 0.]), rgb=UNKNOWN, text='Poprawnie', units='pix', win=Window(...), wrapWidth=500)
57.4552 	EXP 	unnamed TextStim: text = 'z'
59.0049 	DATA 	Keypress: z
59.0076 	EXP 	Created unnamed TextStim = TextStim(__class__=<class 'psychopy.visual.text.TextStim'>, alignHoriz=method-wrapper(...), alignText='center', alignVert=method-wrapper(...), anchorHoriz='center', anchorVert='center', antialias=True, autoDraw=False, autoLog=True, bold=False, color=array([-1, -1, -1]), colorSpace='rgb', contrast=1.0, depth=0, flipHoriz=False, flipVert=False, font='', fontFiles=[], height=50.0, italic=False, languageStyle='LTR', name='unnamed TextStim', opacity=1.0, ori=0.0, pos=array([0., 0.]), rgb=UNKNOWN, text='Poprawnie', units='pix', win=Window(...), wrapWidth=500)
60.0220 	EXP 	unnamed TextStim: height = 25.0
60.0220 	EXP 	unnamed TextStim: height = 25.0
60.0220 	EXP 	unnamed TextStim: height = 25.0
60.0220 	EXP 	unnamed TextStim: text = 'm'
61.4968 	DATA 	Keypress: m
61.4986 	EXP 	Created unnamed TextStim = TextStim(__class__=<class 'psychopy.visual.text.TextStim'>, alignHoriz=method-wrapper(...), alignText='center', alignVert=method-wrapper(...), anchorHoriz='center', anchorVert='center', antialias=True, autoDraw=False, autoLog=True, bold=False, color=array([-1, -1, -1]), colorSpace='rgb', contrast=1.0, depth=0, flipHoriz=False, flipVert=False, font='', fontFiles=[], height=50.0, italic=False, languageStyle='LTR', name='unnamed TextStim', opacity=1.0, ori=0.0, pos=array([0., 0.]), rgb=UNKNOWN, text='Poprawnie', units='pix', win=Window(...), wrapWidth=500)
62.5221 	EXP 	unnamed TextStim: height = 25.0
62.5221 	EXP 	unnamed TextStim: height = 25.0
62.5221 	EXP 	unnamed TextStim: height = 25.0
62.5221 	EXP 	unnamed TextStim: text = 'x'
64.1210 	DATA 	Keypress: x
64.1236 	EXP 	Created unnamed TextStim = TextStim(__class__=<class 'psychopy.visual.text.TextStim'>, alignHoriz=method-wrapper(...), alignText='center', alignVert=method-wrapper(...), anchorHoriz='center', anchorVert='center', antialias=True, autoDraw=False, autoLog=True, bold=False, color=array([-1, -1, -1]), colorSpace='rgb', contrast=1.0, depth=0, flipHoriz=False, flipVert=False, font='', fontFiles=[], height=50.0, italic=False, languageStyle='LTR', name='unnamed TextStim', opacity=1.0, ori=0.0, pos=array([0., 0.]), rgb=UNKNOWN, text='Poprawnie', units='pix', win=Window(...), wrapWidth=500)
65.1388 	EXP 	unnamed TextStim: text = 'x'
66.6155 	DATA 	Keypress: x
66.6181 	EXP 	Created unnamed TextStim = TextStim(__class__=<class 'psychopy.visual.text.TextStim'>, alignHoriz=method-wrapper(...), alignText='center', alignVert=method-wrapper(...), anchorHoriz='center', anchorVert='center', antialias=True, autoDraw=False, autoLog=True, bold=False, color=array([-1, -1, -1]), colorSpace='rgb', contrast=1.0, depth=0, flipHoriz=False, flipVert=False, font='', fontFiles=[], height=50.0, italic=False, languageStyle='LTR', name='unnamed TextStim', opacity=1.0, ori=0.0, pos=array([0., 0.]), rgb=UNKNOWN, text='Poprawnie', units='pix', win=Window(...), wrapWidth=500)
67.6389 	EXP 	unnamed TextStim: height = 25.0
67.6389 	EXP 	unnamed TextStim: height = 25.0
67.6389 	EXP 	unnamed TextStim: height = 25.0
67.6389 	EXP 	unnamed TextStim: text = 'n'
69.2468 	DATA 	Keypress: n
69.2494 	EXP 	Created unnamed TextStim = TextStim(__class__=<class 'psychopy.visual.text.TextStim'>, alignHoriz=method-wrapper(...), alignText='center', alignVert=method-wrapper(...), anchorHoriz='center', anchorVert='center', antialias=True, autoDraw=False, autoLog=True, bold=False, color=array([-1, -1, -1]), colorSpace='rgb', contrast=1.0, depth=0, flipHoriz=False, flipVert=False, font='', fontFiles=[], height=50.0, italic=False, languageStyle='LTR', name='unnamed TextStim', opacity=1.0, ori=0.0, pos=array([0., 0.]), rgb=UNKNOWN, text='Poprawnie', units='pix', win=Window(...), wrapWidth=500)
70.2807 	EXP 	Created unnamed TextStim = TextStim(__class__=<class 'psychopy.visual.text.TextStim'>, alignHoriz=method-wrapper(...), alignText='center', alignVert=method-wrapper(...), anchorHoriz='center', anchorVert='center', antialias=True, autoDraw=False, autoLog=True, bold=False, color=array([-1, -1, -1]), colorSpace='rgb', contrast=1.0, depth=0, flipHoriz=False, flipVert=False, font='', fontFiles=[], height=20.0, italic=False, languageStyle='LTR', name='unnamed TextStim', opacity=1.0, ori=0.0, pos=array([0., 0.]), rgb=UNKNOWN, text=str(...), units='pix', win=Window(...), wrapWidth=1536)
73.7918 	DATA 	Keypress: space
73.8061 	EXP 	unnamed TextStim: height = 25.0
73.8061 	EXP 	unnamed TextStim: height = 25.0
73.8061 	EXP 	unnamed TextStim: height = 25.0
73.8061 	EXP 	unnamed TextStim: text = 'x'
75.2741 	DATA 	Keypress: x
75.2811 	EXP 	Created unnamed TextStim = TextStim(__class__=<class 'psychopy.visual.text.TextStim'>, alignHoriz=method-wrapper(...), alignText='center', alignVert=method-wrapper(...), anchorHoriz='center', anchorVert='center', antialias=True, autoDraw=False, autoLog=True, bold=False, color=array([-1, -1, -1]), colorSpace='rgb', contrast=1.0, depth=0, flipHoriz=False, flipVert=False, font='', fontFiles=[], height=50.0, italic=False, languageStyle='LTR', name='unnamed TextStim', opacity=1.0, ori=0.0, pos=array([0., 0.]), rgb=UNKNOWN, text='Poprawnie', units='pix', win=Window(...), wrapWidth=500)
76.2893 	EXP 	unnamed TextStim: height = 25.0
76.2893 	EXP 	unnamed TextStim: height = 25.0
76.2893 	EXP 	unnamed TextStim: height = 25.0
76.2893 	EXP 	unnamed TextStim: text = 'n'
77.9381 	DATA 	Keypress: n
77.9406 	EXP 	Created unnamed TextStim = TextStim(__class__=<class 'psychopy.visual.text.TextStim'>, alignHoriz=method-wrapper(...), alignText='center', alignVert=method-wrapper(...), anchorHoriz='center', anchorVert='center', antialias=True, autoDraw=False, autoLog=True, bold=False, color=array([-1, -1, -1]), colorSpace='rgb', contrast=1.0, depth=0, flipHoriz=False, flipVert=False, font='', fontFiles=[], height=50.0, italic=False, languageStyle='LTR', name='unnamed TextStim', opacity=1.0, ori=0.0, pos=array([0., 0.]), rgb=UNKNOWN, text='Poprawnie', units='pix', win=Window(...), wrapWidth=500)
78.9559 	EXP 	unnamed TextStim: text = 'n'
80.8202 	DATA 	Keypress: n
80.8222 	EXP 	Created unnamed TextStim = TextStim(__class__=<class 'psychopy.visual.text.TextStim'>, alignHoriz=method-wrapper(...), alignText='center', alignVert=method-wrapper(...), anchorHoriz='center', anchorVert='center', antialias=True, autoDraw=False, autoLog=True, bold=False, color=array([-1, -1, -1]), colorSpace='rgb', contrast=1.0, depth=0, flipHoriz=False, flipVert=False, font='', fontFiles=[], height=50.0, italic=False, languageStyle='LTR', name='unnamed TextStim', opacity=1.0, ori=0.0, pos=array([0., 0.]), rgb=UNKNOWN, text='Poprawnie', units='pix', win=Window(...), wrapWidth=500)
81.8393 	EXP 	unnamed TextStim: text = 'n'
83.7272 	DATA 	Keypress: n
83.7293 	EXP 	Created unnamed TextStim = TextStim(__class__=<class 'psychopy.visual.text.TextStim'>, alignHoriz=method-wrapper(...), alignText='center', alignVert=method-wrapper(...), anchorHoriz='center', anchorVert='center', antialias=True, autoDraw=False, autoLog=True, bold=False, color=array([-1, -1, -1]), colorSpace='rgb', contrast=1.0, depth=0, flipHoriz=False, flipVert=False, font='', fontFiles=[], height=50.0, italic=False, languageStyle='LTR', name='unnamed TextStim', opacity=1.0, ori=0.0, pos=array([0., 0.]), rgb=UNKNOWN, text='Poprawnie', units='pix', win=Window(...), wrapWidth=500)
84.7396 	EXP 	unnamed TextStim: height = 25.0
84.7396 	EXP 	unnamed TextStim: height = 25.0
84.7396 	EXP 	unnamed TextStim: height = 25.0
84.7396 	EXP 	unnamed TextStim: text = 'm'
86.4982 	DATA 	Keypress: m
86.5001 	EXP 	Created unnamed TextStim = TextStim(__class__=<class 'psychopy.visual.text.TextStim'>, alignHoriz=method-wrapper(...), alignText='center', alignVert=method-wrapper(...), anchorHoriz='center', anchorVert='center', antialias=True, autoDraw=False, autoLog=True, bold=False, color=array([-1, -1, -1]), colorSpace='rgb', contrast=1.0, depth=0, flipHoriz=False, flipVert=False, font='', fontFiles=[], height=50.0, italic=False, languageStyle='LTR', name='unnamed TextStim', opacity=1.0, ori=0.0, pos=array([0., 0.]), rgb=UNKNOWN, text='Poprawnie', units='pix', win=Window(...), wrapWidth=500)
87.5063 	EXP 	unnamed TextStim: height = 25.0
87.5063 	EXP 	unnamed TextStim: height = 25.0
87.5063 	EXP 	unnamed TextStim: height = 25.0
87.5063 	EXP 	unnamed TextStim: text = 'z'
89.0916 	DATA 	Keypress: z
89.0943 	EXP 	Created unnamed TextStim = TextStim(__class__=<class 'psychopy.visual.text.TextStim'>, alignHoriz=method-wrapper(...), alignText='center', alignVert=method-wrapper(...), anchorHoriz='center', anchorVert='center', antialias=True, autoDraw=False, autoLog=True, bold=False, color=array([-1, -1, -1]), colorSpace='rgb', contrast=1.0, depth=0, flipHoriz=False, flipVert=False, font='', fontFiles=[], height=50.0, italic=False, languageStyle='LTR', name='unnamed TextStim', opacity=1.0, ori=0.0, pos=array([0., 0.]), rgb=UNKNOWN, text='Poprawnie', units='pix', win=Window(...), wrapWidth=500)
90.1065 	EXP 	unnamed TextStim: height = 25.0
90.1065 	EXP 	unnamed TextStim: height = 25.0
90.1065 	EXP 	unnamed TextStim: height = 25.0
90.1065 	EXP 	unnamed TextStim: text = 'n'
91.7857 	DATA 	Keypress: n
91.7885 	EXP 	Created unnamed TextStim = TextStim(__class__=<class 'psychopy.visual.text.TextStim'>, alignHoriz=method-wrapper(...), alignText='center', alignVert=method-wrapper(...), anchorHoriz='center', anchorVert='center', antialias=True, autoDraw=False, autoLog=True, bold=False, color=array([-1, -1, -1]), colorSpace='rgb', contrast=1.0, depth=0, flipHoriz=False, flipVert=False, font='', fontFiles=[], height=50.0, italic=False, languageStyle='LTR', name='unnamed TextStim', opacity=1.0, ori=0.0, pos=array([0., 0.]), rgb=UNKNOWN, text='Poprawnie', units='pix', win=Window(...), wrapWidth=500)
92.8066 	EXP 	unnamed TextStim: height = 25.0
92.8066 	EXP 	unnamed TextStim: height = 25.0
92.8066 	EXP 	unnamed TextStim: height = 25.0
92.8066 	EXP 	unnamed TextStim: text = 'x'
94.7775 	DATA 	Keypress: x
94.7795 	EXP 	Created unnamed TextStim = TextStim(__class__=<class 'psychopy.visual.text.TextStim'>, alignHoriz=method-wrapper(...), alignText='center', alignVert=method-wrapper(...), anchorHoriz='center', anchorVert='center', antialias=True, autoDraw=False, autoLog=True, bold=False, color=array([-1, -1, -1]), colorSpace='rgb', contrast=1.0, depth=0, flipHoriz=False, flipVert=False, font='', fontFiles=[], height=50.0, italic=False, languageStyle='LTR', name='unnamed TextStim', opacity=1.0, ori=0.0, pos=array([0., 0.]), rgb=UNKNOWN, text='Poprawnie', units='pix', win=Window(...), wrapWidth=500)
95.7899 	EXP 	unnamed TextStim: height = 25.0
95.7899 	EXP 	unnamed TextStim: height = 25.0
95.7899 	EXP 	unnamed TextStim: height = 25.0
95.7899 	EXP 	unnamed TextStim: text = 'm'
97.7209 	DATA 	Keypress: m
97.7230 	EXP 	Created unnamed TextStim = TextStim(__class__=<class 'psychopy.visual.text.TextStim'>, alignHoriz=method-wrapper(...), alignText='center', alignVert=method-wrapper(...), anchorHoriz='center', anchorVert='center', antialias=True, autoDraw=False, autoLog=True, bold=False, color=array([-1, -1, -1]), colorSpace='rgb', contrast=1.0, depth=0, flipHoriz=False, flipVert=False, font='', fontFiles=[], height=50.0, italic=False, languageStyle='LTR', name='unnamed TextStim', opacity=1.0, ori=0.0, pos=array([0., 0.]), rgb=UNKNOWN, text='Poprawnie', units='pix', win=Window(...), wrapWidth=500)
98.7401 	EXP 	unnamed TextStim: height = 25.0
98.7401 	EXP 	unnamed TextStim: height = 25.0
98.7401 	EXP 	unnamed TextStim: height = 25.0
98.7401 	EXP 	unnamed TextStim: text = 'z'
100.3209 	DATA 	Keypress: z
100.3234 	EXP 	Created unnamed TextStim = TextStim(__class__=<class 'psychopy.visual.text.TextStim'>, alignHoriz=method-wrapper(...), alignText='center', alignVert=method-wrapper(...), anchorHoriz='center', anchorVert='center', antialias=True, autoDraw=False, autoLog=True, bold=False, color=array([-1, -1, -1]), colorSpace='rgb', contrast=1.0, depth=0, flipHoriz=False, flipVert=False, font='', fontFiles=[], height=50.0, italic=False, languageStyle='LTR', name='unnamed TextStim', opacity=1.0, ori=0.0, pos=array([0., 0.]), rgb=UNKNOWN, text='Poprawnie', units='pix', win=Window(...), wrapWidth=500)
101.3526 	EXP 	Created unnamed TextStim = TextStim(__class__=<class 'psychopy.visual.text.TextStim'>, alignHoriz=method-wrapper(...), alignText='center', alignVert=method-wrapper(...), anchorHoriz='center', anchorVert='center', antialias=True, autoDraw=False, autoLog=True, bold=False, color=array([-1, -1, -1]), colorSpace='rgb', contrast=1.0, depth=0, flipHoriz=False, flipVert=False, font='', fontFiles=[], height=20.0, italic=False, languageStyle='LTR', name='unnamed TextStim', opacity=1.0, ori=0.0, pos=array([0., 0.]), rgb=UNKNOWN, text=str(...), units='pix', win=Window(...), wrapWidth=1536)
103.4153 	DATA 	Keypress: space
103.4233 	EXP 	unnamed TextStim: text = 'z'
105.0294 	DATA 	Keypress: z
105.0327 	EXP 	unnamed TextStim: height = 25.0
105.0327 	EXP 	unnamed TextStim: height = 25.0
105.0327 	EXP 	unnamed TextStim: height = 25.0
105.0327 	EXP 	unnamed TextStim: text = 'n'
106.5333 	DATA 	Keypress: n
106.5366 	EXP 	unnamed TextStim: height = 25.0
106.5366 	EXP 	unnamed TextStim: height = 25.0
106.5366 	EXP 	unnamed TextStim: height = 25.0
106.5366 	EXP 	unnamed TextStim: text = 'm'
108.1455 	DATA 	Keypress: m
108.1466 	EXP 	unnamed TextStim: text = 'm'
109.6100 	DATA 	Keypress: m
109.6115 	EXP 	unnamed TextStim: text = 'm'
110.9815 	DATA 	Keypress: m
110.9826 	EXP 	unnamed TextStim: text = 'm'
112.4268 	DATA 	Keypress: m
112.5814 	EXP 	Created unnamed ImageStim = ImageStim(__class__=<class 'psychopy.visual.image.ImageStim'>, anchor=('center', 'center'), autoLog=True, color=array([1., 1., 1.]), colorSpace='rgb', contrast=1.0, depth=0, flipHoriz=False, flipVert=False, image='break.jpg', interpolate=True, mask=None, maskParams=None, name='unnamed ImageStim', opacity=1.0, ori=0.0, pos=array([0., 0.]), size=array([1536.,  864.]), texRes=128, units='pix', win=Window(...))
113.5014 	DATA 	Keypress: space
113.5073 	EXP 	unnamed TextStim: text = 'm'
115.7849 	DATA 	Keypress: m
115.7878 	EXP 	unnamed TextStim: height = 25.0
115.7878 	EXP 	unnamed TextStim: height = 25.0
115.7878 	EXP 	unnamed TextStim: height = 25.0
115.7878 	EXP 	unnamed TextStim: text = 'n'
117.2115 	DATA 	Keypress: n
117.2139 	EXP 	unnamed TextStim: height = 25.0
117.2139 	EXP 	unnamed TextStim: height = 25.0
117.2139 	EXP 	unnamed TextStim: height = 25.0
117.2139 	EXP 	unnamed TextStim: text = 'm'
118.4844 	DATA 	Keypress: m
118.4856 	EXP 	unnamed TextStim: text = 'm'
120.0752 	DATA 	Keypress: m
120.0782 	EXP 	unnamed TextStim: height = 25.0
120.0782 	EXP 	unnamed TextStim: height = 25.0
120.0782 	EXP 	unnamed TextStim: height = 25.0
120.0782 	EXP 	unnamed TextStim: text = 'x'
122.0777 	DATA 	Keypress: z
122.0825 	EXP 	unnamed TextStim: height = 25.0
122.0825 	EXP 	unnamed TextStim: height = 25.0
122.0825 	EXP 	unnamed TextStim: height = 25.0
122.0825 	EXP 	unnamed TextStim: text = 'n'
123.5788 	DATA 	Keypress: n
123.7358 	EXP 	Created unnamed ImageStim = ImageStim(__class__=<class 'psychopy.visual.image.ImageStim'>, anchor=('center', 'center'), autoLog=True, color=array([1., 1., 1.]), colorSpace='rgb', contrast=1.0, depth=0, flipHoriz=False, flipVert=False, image='break.jpg', interpolate=True, mask=None, maskParams=None, name='unnamed ImageStim', opacity=1.0, ori=0.0, pos=array([0., 0.]), size=array([1536.,  864.]), texRes=128, units='pix', win=Window(...))
124.7428 	DATA 	Keypress: space
124.7578 	EXP 	unnamed TextStim: height = 25.0
124.7578 	EXP 	unnamed TextStim: height = 25.0
124.7578 	EXP 	unnamed TextStim: height = 25.0
124.7578 	EXP 	unnamed TextStim: text = 'z'
126.4088 	DATA 	Keypress: z
126.4100 	EXP 	unnamed TextStim: text = 'z'
128.0048 	DATA 	Keypress: z
128.0070 	EXP 	unnamed TextStim: height = 25.0
128.0070 	EXP 	unnamed TextStim: height = 25.0
128.0070 	EXP 	unnamed TextStim: height = 25.0
128.0070 	EXP 	unnamed TextStim: text = 'm'
129.4564 	DATA 	Keypress: m
129.4576 	EXP 	unnamed TextStim: text = 'm'
130.9935 	DATA 	Keypress: m
130.9957 	EXP 	unnamed TextStim: height = 25.0
130.9957 	EXP 	unnamed TextStim: height = 25.0
130.9957 	EXP 	unnamed TextStim: height = 25.0
130.9957 	EXP 	unnamed TextStim: text = 'n'
132.7814 	DATA 	Keypress: z
132.7827 	EXP 	unnamed TextStim: text = 'n'
134.6559 	DATA 	Keypress: x
134.7762 	EXP 	Created unnamed ImageStim = ImageStim(__class__=<class 'psychopy.visual.image.ImageStim'>, anchor=('center', 'center'), autoLog=True, color=array([1., 1., 1.]), colorSpace='rgb', contrast=1.0, depth=0, flipHoriz=False, flipVert=False, image='break.jpg', interpolate=True, mask=None, maskParams=None, name='unnamed ImageStim', opacity=1.0, ori=0.0, pos=array([0., 0.]), size=array([1536.,  864.]), texRes=128, units='pix', win=Window(...))
135.9800 	DATA 	Keypress: space
135.9916 	EXP 	unnamed TextStim: height = 25.0
135.9916 	EXP 	unnamed TextStim: height = 25.0
135.9916 	EXP 	unnamed TextStim: height = 25.0
135.9916 	EXP 	unnamed TextStim: text = 'z'
137.5520 	DATA 	Keypress: z
137.5541 	EXP 	unnamed TextStim: height = 25.0
137.5541 	EXP 	unnamed TextStim: height = 25.0
137.5541 	EXP 	unnamed TextStim: height = 25.0
137.5541 	EXP 	unnamed TextStim: text = 'n'
139.4439 	DATA 	Keypress: n
139.4461 	EXP 	unnamed TextStim: height = 25.0
139.4461 	EXP 	unnamed TextStim: height = 25.0
139.4461 	EXP 	unnamed TextStim: height = 25.0
139.4461 	EXP 	unnamed TextStim: text = 'm'
141.0821 	DATA 	Keypress: m
141.0834 	EXP 	unnamed TextStim: text = 'm'
142.5765 	DATA 	Keypress: m
142.5832 	EXP 	unnamed TextStim: height = 25.0
142.5832 	EXP 	unnamed TextStim: height = 25.0
142.5832 	EXP 	unnamed TextStim: height = 25.0
142.5832 	EXP 	unnamed TextStim: text = 'x'
144.6523 	DATA 	Keypress: z
144.6544 	EXP 	unnamed TextStim: height = 25.0
144.6544 	EXP 	unnamed TextStim: height = 25.0
144.6544 	EXP 	unnamed TextStim: height = 25.0
144.6544 	EXP 	unnamed TextStim: text = 'm'
146.2276 	DATA 	Keypress: m
146.3771 	EXP 	Created unnamed ImageStim = ImageStim(__class__=<class 'psychopy.visual.image.ImageStim'>, anchor=('center', 'center'), autoLog=True, color=array([1., 1., 1.]), colorSpace='rgb', contrast=1.0, depth=0, flipHoriz=False, flipVert=False, image='break.jpg', interpolate=True, mask=None, maskParams=None, name='unnamed ImageStim', opacity=1.0, ori=0.0, pos=array([0., 0.]), size=array([1536.,  864.]), texRes=128, units='pix', win=Window(...))
147.1127 	DATA 	Keypress: space
147.1249 	EXP 	unnamed TextStim: height = 25.0
147.1249 	EXP 	unnamed TextStim: height = 25.0
147.1249 	EXP 	unnamed TextStim: height = 25.0
147.1249 	EXP 	unnamed TextStim: text = 'n'
148.9820 	DATA 	Keypress: n
148.9831 	EXP 	unnamed TextStim: text = 'n'
150.5763 	DATA 	Keypress: n
150.5784 	EXP 	unnamed TextStim: height = 25.0
150.5784 	EXP 	unnamed TextStim: height = 25.0
150.5784 	EXP 	unnamed TextStim: height = 25.0
150.5784 	EXP 	unnamed TextStim: text = 'z'
152.4474 	DATA 	Keypress: z
152.4495 	EXP 	unnamed TextStim: height = 25.0
152.4495 	EXP 	unnamed TextStim: height = 25.0
152.4495 	EXP 	unnamed TextStim: height = 25.0
152.4495 	EXP 	unnamed TextStim: text = 'm'
154.0193 	DATA 	Keypress: m
154.0213 	EXP 	unnamed TextStim: height = 25.0
154.0213 	EXP 	unnamed TextStim: height = 25.0
154.0213 	EXP 	unnamed TextStim: height = 25.0
154.0213 	EXP 	unnamed TextStim: text = 'x'
155.5284 	DATA 	Keypress: z
155.5297 	EXP 	unnamed TextStim: text = 'x'
157.4620 	DATA 	Keypress: n
157.6194 	EXP 	Created unnamed ImageStim = ImageStim(__class__=<class 'psychopy.visual.image.ImageStim'>, anchor=('center', 'center'), autoLog=True, color=array([1., 1., 1.]), colorSpace='rgb', contrast=1.0, depth=0, flipHoriz=False, flipVert=False, image='break.jpg', interpolate=True, mask=None, maskParams=None, name='unnamed ImageStim', opacity=1.0, ori=0.0, pos=array([0., 0.]), size=array([1536.,  864.]), texRes=128, units='pix', win=Window(...))
158.3308 	DATA 	Keypress: space
158.3424 	EXP 	unnamed TextStim: height = 25.0
158.3424 	EXP 	unnamed TextStim: height = 25.0
158.3424 	EXP 	unnamed TextStim: height = 25.0
158.3424 	EXP 	unnamed TextStim: text = 'm'
159.9085 	DATA 	Keypress: m
159.9110 	EXP 	unnamed TextStim: height = 25.0
159.9110 	EXP 	unnamed TextStim: height = 25.0
159.9110 	EXP 	unnamed TextStim: height = 25.0
159.9110 	EXP 	unnamed TextStim: text = 'z'
161.3992 	DATA 	Keypress: z
161.4060 	EXP 	unnamed TextStim: height = 25.0
161.4060 	EXP 	unnamed TextStim: height = 25.0
161.4060 	EXP 	unnamed TextStim: height = 25.0
161.4060 	EXP 	unnamed TextStim: text = 'x'
163.2574 	DATA 	Keypress: n
163.2595 	EXP 	unnamed TextStim: height = 25.0
163.2595 	EXP 	unnamed TextStim: height = 25.0
163.2595 	EXP 	unnamed TextStim: height = 25.0
163.2595 	EXP 	unnamed TextStim: text = 'n'
164.8990 	DATA 	Keypress: n
164.9012 	EXP 	unnamed TextStim: height = 25.0
164.9012 	EXP 	unnamed TextStim: height = 25.0
164.9012 	EXP 	unnamed TextStim: height = 25.0
164.9012 	EXP 	unnamed TextStim: text = 'm'
166.3886 	DATA 	Keypress: m
166.3907 	EXP 	unnamed TextStim: height = 25.0
166.3907 	EXP 	unnamed TextStim: height = 25.0
166.3907 	EXP 	unnamed TextStim: height = 25.0
166.3907 	EXP 	unnamed TextStim: text = 'n'
167.9034 	DATA 	Keypress: n
168.0180 	EXP 	Created unnamed ImageStim = ImageStim(__class__=<class 'psychopy.visual.image.ImageStim'>, anchor=('center', 'center'), autoLog=True, color=array([1., 1., 1.]), colorSpace='rgb', contrast=1.0, depth=0, flipHoriz=False, flipVert=False, image='break.jpg', interpolate=True, mask=None, maskParams=None, name='unnamed ImageStim', opacity=1.0, ori=0.0, pos=array([0., 0.]), size=array([1536.,  864.]), texRes=128, units='pix', win=Window(...))
168.7098 	DATA 	Keypress: space
168.7259 	EXP 	unnamed TextStim: height = 25.0
168.7259 	EXP 	unnamed TextStim: height = 25.0
168.7259 	EXP 	unnamed TextStim: height = 25.0
168.7259 	EXP 	unnamed TextStim: text = 'm'
170.1057 	DATA 	Keypress: m
170.1079 	EXP 	unnamed TextStim: height = 25.0
170.1079 	EXP 	unnamed TextStim: height = 25.0
170.1079 	EXP 	unnamed TextStim: height = 25.0
170.1079 	EXP 	unnamed TextStim: text = 'x'
171.7126 	DATA 	Keypress: x
171.7149 	EXP 	unnamed TextStim: height = 25.0
171.7149 	EXP 	unnamed TextStim: height = 25.0
171.7149 	EXP 	unnamed TextStim: height = 25.0
171.7149 	EXP 	unnamed TextStim: text = 'z'
174.4933 	DATA 	No keypress (maxWait exceeded)
174.4955 	EXP 	unnamed TextStim: height = 25.0
174.4955 	EXP 	unnamed TextStim: height = 25.0
174.4955 	EXP 	unnamed TextStim: height = 25.0
174.4955 	EXP 	unnamed TextStim: text = 'x'
174.5944 	DATA 	Keypress: n
176.1393 	DATA 	Keypress: z
176.1415 	EXP 	unnamed TextStim: height = 25.0
176.1415 	EXP 	unnamed TextStim: height = 25.0
176.1415 	EXP 	unnamed TextStim: height = 25.0
176.1415 	EXP 	unnamed TextStim: text = 'n'
177.5478 	DATA 	Keypress: n
177.5526 	EXP 	unnamed TextStim: height = 25.0
177.5526 	EXP 	unnamed TextStim: height = 25.0
177.5526 	EXP 	unnamed TextStim: height = 25.0
177.5526 	EXP 	unnamed TextStim: text = 'z'
179.1247 	DATA 	Keypress: z
179.2614 	EXP 	Created unnamed ImageStim = ImageStim(__class__=<class 'psychopy.visual.image.ImageStim'>, anchor=('center', 'center'), autoLog=True, color=array([1., 1., 1.]), colorSpace='rgb', contrast=1.0, depth=0, flipHoriz=False, flipVert=False, image='break.jpg', interpolate=True, mask=None, maskParams=None, name='unnamed ImageStim', opacity=1.0, ori=0.0, pos=array([0., 0.]), size=array([1536.,  864.]), texRes=128, units='pix', win=Window(...))
180.2583 	DATA 	Keypress: space
180.2610 	EXP 	unnamed TextStim: height = 25.0
180.2610 	EXP 	unnamed TextStim: height = 25.0
180.2610 	EXP 	unnamed TextStim: height = 25.0
180.2610 	EXP 	unnamed TextStim: text = 'm'
181.6649 	DATA 	Keypress: m
181.6662 	EXP 	unnamed TextStim: text = 'm'
183.1027 	DATA 	Keypress: m
183.1047 	EXP 	unnamed TextStim: height = 25.0
183.1047 	EXP 	unnamed TextStim: height = 25.0
183.1047 	EXP 	unnamed TextStim: height = 25.0
183.1047 	EXP 	unnamed TextStim: text = 'x'
184.8887 	DATA 	Keypress: x
184.8910 	EXP 	unnamed TextStim: height = 25.0
184.8910 	EXP 	unnamed TextStim: height = 25.0
184.8910 	EXP 	unnamed TextStim: height = 25.0
184.8910 	EXP 	unnamed TextStim: text = 'z'
186.4364 	DATA 	Keypress: z
186.4376 	EXP 	unnamed TextStim: text = 'z'
188.1172 	DATA 	Keypress: z
188.1194 	EXP 	unnamed TextStim: height = 25.0
188.1194 	EXP 	unnamed TextStim: height = 25.0
188.1194 	EXP 	unnamed TextStim: height = 25.0
188.1194 	EXP 	unnamed TextStim: text = 'x'
189.7603 	DATA 	Keypress: z
189.8891 	EXP 	Created unnamed ImageStim = ImageStim(__class__=<class 'psychopy.visual.image.ImageStim'>, anchor=('center', 'center'), autoLog=True, color=array([1., 1., 1.]), colorSpace='rgb', contrast=1.0, depth=0, flipHoriz=False, flipVert=False, image='break.jpg', interpolate=True, mask=None, maskParams=None, name='unnamed ImageStim', opacity=1.0, ori=0.0, pos=array([0., 0.]), size=array([1536.,  864.]), texRes=128, units='pix', win=Window(...))
190.6437 	DATA 	Keypress: space
190.6604 	EXP 	unnamed TextStim: text = 'x'
192.6177 	DATA 	Keypress: z
192.6204 	EXP 	unnamed TextStim: height = 25.0
192.6204 	EXP 	unnamed TextStim: height = 25.0
192.6204 	EXP 	unnamed TextStim: height = 25.0
192.6204 	EXP 	unnamed TextStim: text = 'n'
194.2037 	DATA 	Keypress: n
194.2058 	EXP 	unnamed TextStim: height = 25.0
194.2058 	EXP 	unnamed TextStim: height = 25.0
194.2058 	EXP 	unnamed TextStim: height = 25.0
194.2058 	EXP 	unnamed TextStim: text = 'z'
195.8272 	DATA 	Keypress: z
195.8294 	EXP 	unnamed TextStim: height = 25.0
195.8294 	EXP 	unnamed TextStim: height = 25.0
195.8294 	EXP 	unnamed TextStim: height = 25.0
195.8294 	EXP 	unnamed TextStim: text = 'n'
197.2731 	DATA 	Keypress: n
197.2798 	EXP 	unnamed TextStim: height = 25.0
197.2798 	EXP 	unnamed TextStim: height = 25.0
197.2798 	EXP 	unnamed TextStim: height = 25.0
197.2798 	EXP 	unnamed TextStim: text = 'x'
199.1490 	DATA 	Keypress: x
199.1503 	EXP 	unnamed TextStim: text = 'x'
200.6250 	DATA 	Keypress: x
200.7633 	EXP 	Created unnamed ImageStim = ImageStim(__class__=<class 'psychopy.visual.image.ImageStim'>, anchor=('center', 'center'), autoLog=True, color=array([1., 1., 1.]), colorSpace='rgb', contrast=1.0, depth=0, flipHoriz=False, flipVert=False, image='break.jpg', interpolate=True, mask=None, maskParams=None, name='unnamed ImageStim', opacity=1.0, ori=0.0, pos=array([0., 0.]), size=array([1536.,  864.]), texRes=128, units='pix', win=Window(...))
201.4322 	DATA 	Keypress: space
201.4438 	EXP 	unnamed TextStim: height = 25.0
201.4438 	EXP 	unnamed TextStim: height = 25.0
201.4438 	EXP 	unnamed TextStim: height = 25.0
201.4438 	EXP 	unnamed TextStim: text = 'm'
202.9581 	DATA 	Keypress: m
202.9603 	EXP 	unnamed TextStim: height = 25.0
202.9603 	EXP 	unnamed TextStim: height = 25.0
202.9603 	EXP 	unnamed TextStim: height = 25.0
202.9603 	EXP 	unnamed TextStim: text = 'x'
204.9067 	DATA 	Keypress: x
204.9090 	EXP 	unnamed TextStim: height = 25.0
204.9090 	EXP 	unnamed TextStim: height = 25.0
204.9090 	EXP 	unnamed TextStim: height = 25.0
204.9090 	EXP 	unnamed TextStim: text = 'n'
206.5661 	DATA 	Keypress: x
206.5684 	EXP 	unnamed TextStim: height = 25.0
206.5684 	EXP 	unnamed TextStim: height = 25.0
206.5684 	EXP 	unnamed TextStim: height = 25.0
206.5684 	EXP 	unnamed TextStim: text = 'z'
208.0342 	DATA 	Keypress: z
208.0364 	EXP 	unnamed TextStim: height = 25.0
208.0364 	EXP 	unnamed TextStim: height = 25.0
208.0364 	EXP 	unnamed TextStim: height = 25.0
208.0364 	EXP 	unnamed TextStim: text = 'x'
209.5521 	DATA 	Keypress: x
209.5599 	EXP 	unnamed TextStim: height = 25.0
209.5599 	EXP 	unnamed TextStim: height = 25.0
209.5599 	EXP 	unnamed TextStim: height = 25.0
209.5599 	EXP 	unnamed TextStim: text = 'z'
211.2420 	DATA 	Keypress: z
211.3675 	EXP 	Created unnamed ImageStim = ImageStim(__class__=<class 'psychopy.visual.image.ImageStim'>, anchor=('center', 'center'), autoLog=True, color=array([1., 1., 1.]), colorSpace='rgb', contrast=1.0, depth=0, flipHoriz=False, flipVert=False, image='break.jpg', interpolate=True, mask=None, maskParams=None, name='unnamed ImageStim', opacity=1.0, ori=0.0, pos=array([0., 0.]), size=array([1536.,  864.]), texRes=128, units='pix', win=Window(...))
212.0721 	DATA 	Keypress: space
212.0777 	EXP 	unnamed TextStim: height = 25.0
212.0777 	EXP 	unnamed TextStim: height = 25.0
212.0777 	EXP 	unnamed TextStim: height = 25.0
212.0777 	EXP 	unnamed TextStim: text = 'x'
213.7517 	DATA 	Keypress: x
213.7529 	EXP 	unnamed TextStim: text = 'x'
215.7212 	DATA 	Keypress: x
215.7279 	EXP 	unnamed TextStim: height = 25.0
215.7279 	EXP 	unnamed TextStim: height = 25.0
215.7279 	EXP 	unnamed TextStim: height = 25.0
215.7279 	EXP 	unnamed TextStim: text = 'n'
218.0831 	DATA 	Keypress: x
218.0854 	EXP 	unnamed TextStim: height = 25.0
218.0854 	EXP 	unnamed TextStim: height = 25.0
218.0854 	EXP 	unnamed TextStim: height = 25.0
218.0854 	EXP 	unnamed TextStim: text = 'x'
219.9668 	DATA 	Keypress: z
219.9691 	EXP 	unnamed TextStim: height = 25.0
219.9691 	EXP 	unnamed TextStim: height = 25.0
219.9691 	EXP 	unnamed TextStim: height = 25.0
219.9691 	EXP 	unnamed TextStim: text = 'm'
221.5642 	DATA 	Keypress: m
221.5664 	EXP 	unnamed TextStim: height = 25.0
221.5664 	EXP 	unnamed TextStim: height = 25.0
221.5664 	EXP 	unnamed TextStim: height = 25.0
221.5664 	EXP 	unnamed TextStim: text = 'z'
223.0270 	DATA 	Keypress: z
223.1735 	EXP 	Created unnamed ImageStim = ImageStim(__class__=<class 'psychopy.visual.image.ImageStim'>, anchor=('center', 'center'), autoLog=True, color=array([1., 1., 1.]), colorSpace='rgb', contrast=1.0, depth=0, flipHoriz=False, flipVert=False, image='break.jpg', interpolate=True, mask=None, maskParams=None, name='unnamed ImageStim', opacity=1.0, ori=0.0, pos=array([0., 0.]), size=array([1536.,  864.]), texRes=128, units='pix', win=Window(...))
223.9618 	DATA 	Keypress: space
223.9765 	EXP 	Created unnamed TextStim = TextStim(__class__=<class 'psychopy.visual.text.TextStim'>, alignHoriz=method-wrapper(...), alignText='center', alignVert=method-wrapper(...), anchorHoriz='center', anchorVert='center', antialias=True, autoDraw=False, autoLog=True, bold=False, color=array([-1, -1, -1]), colorSpace='rgb', contrast=1.0, depth=0, flipHoriz=False, flipVert=False, font='', fontFiles=[], height=20.0, italic=False, languageStyle='LTR', name='unnamed TextStim', opacity=1.0, ori=0.0, pos=array([0., 0.]), rgb=UNKNOWN, text=str(...), units='pix', win=Window(...), wrapWidth=1536)
225.6460 	DATA 	Keypress: space
225.7402 	EXP 	window1: mouseVisible = True
