8.4927 	WARNING 	User requested fullscreen with size [1536  864], but screen is actually [1920, 1080]. Using actual size
9.9799 	INFO 	FRAME RATE: 60
9.9800 	INFO 	SCREEN RES: odict_values([1536, 864])
10.0407 	EXP 	Created unnamed TextStim = TextStim(__class__=<class 'psychopy.visual.text.TextStim'>, alignHoriz=method-wrapper(...), alignText='center', alignVert=method-wrapper(...), anchorHoriz='center', anchorVert='center', antialias=True, autoDraw=False, autoLog=True, bold=False, color=array([-1, -1, -1]), colorSpace='rgb', contrast=1.0, depth=0, flipHoriz=False, flipVert=False, font='', fontFiles=[], height=100.0, italic=False, languageStyle='LTR', name='unnamed TextStim', opacity=1.0, ori=0.0, pos=array([0., 0.]), rgb=UNKNOWN, text='+', units='pix', win=Window(...), wrapWidth=500)
10.0449 	EXP 	Created unnamed Circle = Circle(__class__=<class 'psychopy.visual.circle.Circle'>, anchor=('center', 'center'), autoDraw=False, autoLog=True, closeShape=True, color=method-wrapper(...), colorSpace='rgb', contrast=None, depth=0, fillColor=array([ 0.09019608, -1.        , -1.        ]), fillColorSpace='rgb', fillRGB=array([ 0.09019608, -1.        , -1.        ]), interpolate=True, lineColor=array([ 0.09019608, -1.        , -1.        ]), lineColorSpace='rgb', lineRGB=array([ 0.09019608, -1.        , -1.        ]), lineWidth=1.5, name='unnamed Circle', opacity=1.0, ori=0.0, pos=array([0., 0.]), size=array([1., 1.]), units='pix', vertices=ndarray(...), win=Window(...))
10.0461 	EXP 	Created unnamed TextStim = TextStim(__class__=<class 'psychopy.visual.text.TextStim'>, alignHoriz=method-wrapper(...), alignText='center', alignVert=method-wrapper(...), anchorHoriz='center', anchorVert='center', antialias=True, autoDraw=False, autoLog=True, bold=False, color=array([-0.17647059, -0.17647059, -0.17647059]), colorSpace='rgb', contrast=1.0, depth=0, flipHoriz=False, flipVert=False, font='', fontFiles=[], height=25, italic=False, languageStyle='LTR', name='unnamed TextStim', opacity=1.0, ori=0.0, pos=array([0., 0.]), rgb=UNKNOWN, text='', units='pix', win=Window(...), wrapWidth=500)
10.0539 	EXP 	Created unnamed ImageStim = ImageStim(__class__=<class 'psychopy.visual.image.ImageStim'>, anchor=('center', 'center'), autoLog=True, color=array([1., 1., 1.]), colorSpace='rgb', contrast=1.0, depth=0, flipHoriz=False, flipVert=False, image='mask4.png', interpolate=False, mask=None, maskParams=None, name='unnamed ImageStim', opacity=1.0, ori=0.0, pos=array([0., 0.]), size=array([25., 25.]), texRes=128, units='pix', win=Window(...))
10.0634 	EXP 	Created unnamed TextStim = TextStim(__class__=<class 'psychopy.visual.text.TextStim'>, alignHoriz=method-wrapper(...), alignText='center', alignVert=method-wrapper(...), anchorHoriz='center', anchorVert='center', antialias=True, autoDraw=False, autoLog=True, bold=False, color=array([-1, -1, -1]), colorSpace='rgb', contrast=1.0, depth=0, flipHoriz=False, flipVert=False, font='', fontFiles=[], height=30.0, italic=False, languageStyle='LTR', name='unnamed TextStim', opacity=1.0, ori=0.0, pos=array([ 100., -300.]), rgb=UNKNOWN, text=str(...), units='pix', win=Window(...), wrapWidth=10000)
10.0680 	EXP 	Created unnamed TextStim = TextStim(__class__=<class 'psychopy.visual.text.TextStim'>, alignHoriz=method-wrapper(...), alignText='center', alignVert=method-wrapper(...), anchorHoriz='center', anchorVert='center', antialias=True, autoDraw=False, autoLog=True, bold=False, color=array([-1, -1, -1]), colorSpace='rgb', contrast=1.0, depth=0, flipHoriz=False, flipVert=False, font='', fontFiles=[], height=30.0, italic=False, languageStyle='LTR', name='unnamed TextStim', opacity=1.0, ori=0.0, pos=array([ 100., -330.]), rgb=UNKNOWN, text=str(...), units='pix', win=Window(...), wrapWidth=10000)
10.1149 	EXP 	Created unnamed TextStim = TextStim(__class__=<class 'psychopy.visual.text.TextStim'>, alignHoriz=method-wrapper(...), alignText='center', alignVert=method-wrapper(...), anchorHoriz='center', anchorVert='center', antialias=True, autoDraw=False, autoLog=True, bold=False, color=array([-1, -1, -1]), colorSpace='rgb', contrast=1.0, depth=0, flipHoriz=False, flipVert=False, font='', fontFiles=[], height=20.0, italic=False, languageStyle='LTR', name='unnamed TextStim', opacity=1.0, ori=0.0, pos=array([0., 0.]), rgb=UNKNOWN, text=str(...), units='pix', win=Window(...), wrapWidth=1536)
30.3478 	DATA 	Keypress: space
30.3599 	EXP 	unnamed TextStim: height = 25.0
30.3599 	EXP 	unnamed TextStim: height = 25.0
30.3599 	EXP 	unnamed TextStim: height = 25.0
30.3599 	EXP 	unnamed TextStim: text = 'm'
32.1583 	DATA 	Keypress: m
32.1664 	EXP 	Created unnamed TextStim = TextStim(__class__=<class 'psychopy.visual.text.TextStim'>, alignHoriz=method-wrapper(...), alignText='center', alignVert=method-wrapper(...), anchorHoriz='center', anchorVert='center', antialias=True, autoDraw=False, autoLog=True, bold=False, color=array([-1, -1, -1]), colorSpace='rgb', contrast=1.0, depth=0, flipHoriz=False, flipVert=False, font='', fontFiles=[], height=50.0, italic=False, languageStyle='LTR', name='unnamed TextStim', opacity=1.0, ori=0.0, pos=array([0., 0.]), rgb=UNKNOWN, text='Poprawnie', units='pix', win=Window(...), wrapWidth=500)
33.1769 	EXP 	unnamed TextStim: height = 25.0
33.1769 	EXP 	unnamed TextStim: height = 25.0
33.1769 	EXP 	unnamed TextStim: height = 25.0
33.1769 	EXP 	unnamed TextStim: text = 'x'
35.4716 	DATA 	Keypress: x
35.4735 	EXP 	Created unnamed TextStim = TextStim(__class__=<class 'psychopy.visual.text.TextStim'>, alignHoriz=method-wrapper(...), alignText='center', alignVert=method-wrapper(...), anchorHoriz='center', anchorVert='center', antialias=True, autoDraw=False, autoLog=True, bold=False, color=array([-1, -1, -1]), colorSpace='rgb', contrast=1.0, depth=0, flipHoriz=False, flipVert=False, font='', fontFiles=[], height=50.0, italic=False, languageStyle='LTR', name='unnamed TextStim', opacity=1.0, ori=0.0, pos=array([0., 0.]), rgb=UNKNOWN, text='Poprawnie', units='pix', win=Window(...), wrapWidth=500)
36.4937 	EXP 	unnamed TextStim: height = 25.0
36.4937 	EXP 	unnamed TextStim: height = 25.0
36.4937 	EXP 	unnamed TextStim: height = 25.0
36.4937 	EXP 	unnamed TextStim: text = 'n'
38.5215 	DATA 	Keypress: n
38.5236 	EXP 	Created unnamed TextStim = TextStim(__class__=<class 'psychopy.visual.text.TextStim'>, alignHoriz=method-wrapper(...), alignText='center', alignVert=method-wrapper(...), anchorHoriz='center', anchorVert='center', antialias=True, autoDraw=False, autoLog=True, bold=False, color=array([-1, -1, -1]), colorSpace='rgb', contrast=1.0, depth=0, flipHoriz=False, flipVert=False, font='', fontFiles=[], height=50.0, italic=False, languageStyle='LTR', name='unnamed TextStim', opacity=1.0, ori=0.0, pos=array([0., 0.]), rgb=UNKNOWN, text='Poprawnie', units='pix', win=Window(...), wrapWidth=500)
39.5291 	EXP 	unnamed TextStim: height = 25.0
39.5291 	EXP 	unnamed TextStim: height = 25.0
39.5291 	EXP 	unnamed TextStim: height = 25.0
39.5291 	EXP 	unnamed TextStim: text = 'm'
41.2430 	DATA 	Keypress: m
41.2454 	EXP 	Created unnamed TextStim = TextStim(__class__=<class 'psychopy.visual.text.TextStim'>, alignHoriz=method-wrapper(...), alignText='center', alignVert=method-wrapper(...), anchorHoriz='center', anchorVert='center', antialias=True, autoDraw=False, autoLog=True, bold=False, color=array([-1, -1, -1]), colorSpace='rgb', contrast=1.0, depth=0, flipHoriz=False, flipVert=False, font='', fontFiles=[], height=50.0, italic=False, languageStyle='LTR', name='unnamed TextStim', opacity=1.0, ori=0.0, pos=array([0., 0.]), rgb=UNKNOWN, text='Poprawnie', units='pix', win=Window(...), wrapWidth=500)
42.2606 	EXP 	unnamed TextStim: height = 25.0
42.2606 	EXP 	unnamed TextStim: height = 25.0
42.2606 	EXP 	unnamed TextStim: height = 25.0
42.2606 	EXP 	unnamed TextStim: text = 'z'
44.0329 	DATA 	Keypress: z
44.0348 	EXP 	Created unnamed TextStim = TextStim(__class__=<class 'psychopy.visual.text.TextStim'>, alignHoriz=method-wrapper(...), alignText='center', alignVert=method-wrapper(...), anchorHoriz='center', anchorVert='center', antialias=True, autoDraw=False, autoLog=True, bold=False, color=array([-1, -1, -1]), colorSpace='rgb', contrast=1.0, depth=0, flipHoriz=False, flipVert=False, font='', fontFiles=[], height=50.0, italic=False, languageStyle='LTR', name='unnamed TextStim', opacity=1.0, ori=0.0, pos=array([0., 0.]), rgb=UNKNOWN, text='Poprawnie', units='pix', win=Window(...), wrapWidth=500)
45.0440 	EXP 	unnamed TextStim: height = 25.0
45.0440 	EXP 	unnamed TextStim: height = 25.0
45.0440 	EXP 	unnamed TextStim: height = 25.0
45.0440 	EXP 	unnamed TextStim: text = 'n'
46.4612 	DATA 	Keypress: n
46.4659 	EXP 	Created unnamed TextStim = TextStim(__class__=<class 'psychopy.visual.text.TextStim'>, alignHoriz=method-wrapper(...), alignText='center', alignVert=method-wrapper(...), anchorHoriz='center', anchorVert='center', antialias=True, autoDraw=False, autoLog=True, bold=False, color=array([-1, -1, -1]), colorSpace='rgb', contrast=1.0, depth=0, flipHoriz=False, flipVert=False, font='', fontFiles=[], height=50.0, italic=False, languageStyle='LTR', name='unnamed TextStim', opacity=1.0, ori=0.0, pos=array([0., 0.]), rgb=UNKNOWN, text='Poprawnie', units='pix', win=Window(...), wrapWidth=500)
47.4942 	EXP 	unnamed TextStim: height = 25.0
47.4942 	EXP 	unnamed TextStim: height = 25.0
47.4942 	EXP 	unnamed TextStim: height = 25.0
47.4942 	EXP 	unnamed TextStim: text = 'x'
49.3158 	DATA 	Keypress: x
49.3183 	EXP 	Created unnamed TextStim = TextStim(__class__=<class 'psychopy.visual.text.TextStim'>, alignHoriz=method-wrapper(...), alignText='center', alignVert=method-wrapper(...), anchorHoriz='center', anchorVert='center', antialias=True, autoDraw=False, autoLog=True, bold=False, color=array([-1, -1, -1]), colorSpace='rgb', contrast=1.0, depth=0, flipHoriz=False, flipVert=False, font='', fontFiles=[], height=50.0, italic=False, languageStyle='LTR', name='unnamed TextStim', opacity=1.0, ori=0.0, pos=array([0., 0.]), rgb=UNKNOWN, text='Poprawnie', units='pix', win=Window(...), wrapWidth=500)
50.3275 	EXP 	unnamed TextStim: height = 25.0
50.3275 	EXP 	unnamed TextStim: height = 25.0
50.3275 	EXP 	unnamed TextStim: height = 25.0
50.3275 	EXP 	unnamed TextStim: text = 'm'
51.8220 	DATA 	Keypress: m
51.8245 	EXP 	Created unnamed TextStim = TextStim(__class__=<class 'psychopy.visual.text.TextStim'>, alignHoriz=method-wrapper(...), alignText='center', alignVert=method-wrapper(...), anchorHoriz='center', anchorVert='center', antialias=True, autoDraw=False, autoLog=True, bold=False, color=array([-1, -1, -1]), colorSpace='rgb', contrast=1.0, depth=0, flipHoriz=False, flipVert=False, font='', fontFiles=[], height=50.0, italic=False, languageStyle='LTR', name='unnamed TextStim', opacity=1.0, ori=0.0, pos=array([0., 0.]), rgb=UNKNOWN, text='Poprawnie', units='pix', win=Window(...), wrapWidth=500)
52.8444 	EXP 	unnamed TextStim: height = 25.0
52.8444 	EXP 	unnamed TextStim: height = 25.0
52.8444 	EXP 	unnamed TextStim: height = 25.0
52.8444 	EXP 	unnamed TextStim: text = 'n'
54.2282 	DATA 	Keypress: n
54.2335 	EXP 	Created unnamed TextStim = TextStim(__class__=<class 'psychopy.visual.text.TextStim'>, alignHoriz=method-wrapper(...), alignText='center', alignVert=method-wrapper(...), anchorHoriz='center', anchorVert='center', antialias=True, autoDraw=False, autoLog=True, bold=False, color=array([-1, -1, -1]), colorSpace='rgb', contrast=1.0, depth=0, flipHoriz=False, flipVert=False, font='', fontFiles=[], height=50.0, italic=False, languageStyle='LTR', name='unnamed TextStim', opacity=1.0, ori=0.0, pos=array([0., 0.]), rgb=UNKNOWN, text='Poprawnie', units='pix', win=Window(...), wrapWidth=500)
55.2611 	EXP 	unnamed TextStim: height = 25.0
55.2611 	EXP 	unnamed TextStim: height = 25.0
55.2611 	EXP 	unnamed TextStim: height = 25.0
55.2611 	EXP 	unnamed TextStim: text = 'z'
56.6617 	DATA 	Keypress: z
56.6667 	EXP 	Created unnamed TextStim = TextStim(__class__=<class 'psychopy.visual.text.TextStim'>, alignHoriz=method-wrapper(...), alignText='center', alignVert=method-wrapper(...), anchorHoriz='center', anchorVert='center', antialias=True, autoDraw=False, autoLog=True, bold=False, color=array([-1, -1, -1]), colorSpace='rgb', contrast=1.0, depth=0, flipHoriz=False, flipVert=False, font='', fontFiles=[], height=50.0, italic=False, languageStyle='LTR', name='unnamed TextStim', opacity=1.0, ori=0.0, pos=array([0., 0.]), rgb=UNKNOWN, text='Poprawnie', units='pix', win=Window(...), wrapWidth=500)
57.6946 	EXP 	unnamed TextStim: height = 25.0
57.6946 	EXP 	unnamed TextStim: height = 25.0
57.6946 	EXP 	unnamed TextStim: height = 25.0
57.6946 	EXP 	unnamed TextStim: text = 'm'
59.1784 	DATA 	Keypress: m
60.6786 	DATA 	No keypress (maxWait exceeded)
60.6823 	EXP 	Created unnamed TextStim = TextStim(__class__=<class 'psychopy.visual.text.TextStim'>, alignHoriz=method-wrapper(...), alignText='center', alignVert=method-wrapper(...), anchorHoriz='center', anchorVert='center', antialias=True, autoDraw=False, autoLog=True, bold=False, color=array([-1, -1, -1]), colorSpace='rgb', contrast=1.0, depth=0, flipHoriz=False, flipVert=False, font='', fontFiles=[], height=50.0, italic=False, languageStyle='LTR', name='unnamed TextStim', opacity=1.0, ori=0.0, pos=array([0., 0.]), rgb=UNKNOWN, text='Niepoprawnie', units='pix', win=Window(...), wrapWidth=500)
61.6947 	EXP 	unnamed TextStim: height = 25.0
61.6947 	EXP 	unnamed TextStim: height = 25.0
61.6947 	EXP 	unnamed TextStim: height = 25.0
61.6947 	EXP 	unnamed TextStim: text = 'n'
63.3872 	DATA 	Keypress: n
63.3892 	EXP 	Created unnamed TextStim = TextStim(__class__=<class 'psychopy.visual.text.TextStim'>, alignHoriz=method-wrapper(...), alignText='center', alignVert=method-wrapper(...), anchorHoriz='center', anchorVert='center', antialias=True, autoDraw=False, autoLog=True, bold=False, color=array([-1, -1, -1]), colorSpace='rgb', contrast=1.0, depth=0, flipHoriz=False, flipVert=False, font='', fontFiles=[], height=50.0, italic=False, languageStyle='LTR', name='unnamed TextStim', opacity=1.0, ori=0.0, pos=array([0., 0.]), rgb=UNKNOWN, text='Poprawnie', units='pix', win=Window(...), wrapWidth=500)
64.3944 	EXP 	unnamed TextStim: height = 25.0
64.3944 	EXP 	unnamed TextStim: height = 25.0
64.3944 	EXP 	unnamed TextStim: height = 25.0
64.3944 	EXP 	unnamed TextStim: text = 'z'
65.9074 	DATA 	Keypress: z
65.9098 	EXP 	Created unnamed TextStim = TextStim(__class__=<class 'psychopy.visual.text.TextStim'>, alignHoriz=method-wrapper(...), alignText='center', alignVert=method-wrapper(...), anchorHoriz='center', anchorVert='center', antialias=True, autoDraw=False, autoLog=True, bold=False, color=array([-1, -1, -1]), colorSpace='rgb', contrast=1.0, depth=0, flipHoriz=False, flipVert=False, font='', fontFiles=[], height=50.0, italic=False, languageStyle='LTR', name='unnamed TextStim', opacity=1.0, ori=0.0, pos=array([0., 0.]), rgb=UNKNOWN, text='Poprawnie', units='pix', win=Window(...), wrapWidth=500)
66.9282 	EXP 	unnamed TextStim: height = 25.0
66.9282 	EXP 	unnamed TextStim: height = 25.0
66.9282 	EXP 	unnamed TextStim: height = 25.0
66.9282 	EXP 	unnamed TextStim: text = 'm'
68.9988 	DATA 	Keypress: n
69.0010 	EXP 	Created unnamed TextStim = TextStim(__class__=<class 'psychopy.visual.text.TextStim'>, alignHoriz=method-wrapper(...), alignText='center', alignVert=method-wrapper(...), anchorHoriz='center', anchorVert='center', antialias=True, autoDraw=False, autoLog=True, bold=False, color=array([-1, -1, -1]), colorSpace='rgb', contrast=1.0, depth=0, flipHoriz=False, flipVert=False, font='', fontFiles=[], height=50.0, italic=False, languageStyle='LTR', name='unnamed TextStim', opacity=1.0, ori=0.0, pos=array([0., 0.]), rgb=UNKNOWN, text='Niepoprawnie', units='pix', win=Window(...), wrapWidth=500)
70.0117 	EXP 	unnamed TextStim: text = 'm'
71.4290 	DATA 	Keypress: m
71.4342 	EXP 	Created unnamed TextStim = TextStim(__class__=<class 'psychopy.visual.text.TextStim'>, alignHoriz=method-wrapper(...), alignText='center', alignVert=method-wrapper(...), anchorHoriz='center', anchorVert='center', antialias=True, autoDraw=False, autoLog=True, bold=False, color=array([-1, -1, -1]), colorSpace='rgb', contrast=1.0, depth=0, flipHoriz=False, flipVert=False, font='', fontFiles=[], height=50.0, italic=False, languageStyle='LTR', name='unnamed TextStim', opacity=1.0, ori=0.0, pos=array([0., 0.]), rgb=UNKNOWN, text='Poprawnie', units='pix', win=Window(...), wrapWidth=500)
72.4803 	EXP 	Created unnamed TextStim = TextStim(__class__=<class 'psychopy.visual.text.TextStim'>, alignHoriz=method-wrapper(...), alignText='center', alignVert=method-wrapper(...), anchorHoriz='center', anchorVert='center', antialias=True, autoDraw=False, autoLog=True, bold=False, color=array([-1, -1, -1]), colorSpace='rgb', contrast=1.0, depth=0, flipHoriz=False, flipVert=False, font='', fontFiles=[], height=20.0, italic=False, languageStyle='LTR', name='unnamed TextStim', opacity=1.0, ori=0.0, pos=array([0., 0.]), rgb=UNKNOWN, text=str(...), units='pix', win=Window(...), wrapWidth=1536)
79.7827 	DATA 	Keypress: space
79.7950 	EXP 	unnamed TextStim: height = 25.0
79.7950 	EXP 	unnamed TextStim: height = 25.0
79.7950 	EXP 	unnamed TextStim: height = 25.0
79.7950 	EXP 	unnamed TextStim: text = 'x'
81.5257 	DATA 	Keypress: x
81.5324 	EXP 	Created unnamed TextStim = TextStim(__class__=<class 'psychopy.visual.text.TextStim'>, alignHoriz=method-wrapper(...), alignText='center', alignVert=method-wrapper(...), anchorHoriz='center', anchorVert='center', antialias=True, autoDraw=False, autoLog=True, bold=False, color=array([-1, -1, -1]), colorSpace='rgb', contrast=1.0, depth=0, flipHoriz=False, flipVert=False, font='', fontFiles=[], height=50.0, italic=False, languageStyle='LTR', name='unnamed TextStim', opacity=1.0, ori=0.0, pos=array([0., 0.]), rgb=UNKNOWN, text='Poprawnie', units='pix', win=Window(...), wrapWidth=500)
82.5621 	EXP 	unnamed TextStim: height = 25.0
82.5621 	EXP 	unnamed TextStim: height = 25.0
82.5621 	EXP 	unnamed TextStim: height = 25.0
82.5621 	EXP 	unnamed TextStim: text = 'm'
84.1402 	DATA 	Keypress: m
84.1427 	EXP 	Created unnamed TextStim = TextStim(__class__=<class 'psychopy.visual.text.TextStim'>, alignHoriz=method-wrapper(...), alignText='center', alignVert=method-wrapper(...), anchorHoriz='center', anchorVert='center', antialias=True, autoDraw=False, autoLog=True, bold=False, color=array([-1, -1, -1]), colorSpace='rgb', contrast=1.0, depth=0, flipHoriz=False, flipVert=False, font='', fontFiles=[], height=50.0, italic=False, languageStyle='LTR', name='unnamed TextStim', opacity=1.0, ori=0.0, pos=array([0., 0.]), rgb=UNKNOWN, text='Poprawnie', units='pix', win=Window(...), wrapWidth=500)
85.1623 	EXP 	unnamed TextStim: height = 25.0
85.1623 	EXP 	unnamed TextStim: height = 25.0
85.1623 	EXP 	unnamed TextStim: height = 25.0
85.1623 	EXP 	unnamed TextStim: text = 'z'
86.9000 	DATA 	Keypress: z
86.9019 	EXP 	Created unnamed TextStim = TextStim(__class__=<class 'psychopy.visual.text.TextStim'>, alignHoriz=method-wrapper(...), alignText='center', alignVert=method-wrapper(...), anchorHoriz='center', anchorVert='center', antialias=True, autoDraw=False, autoLog=True, bold=False, color=array([-1, -1, -1]), colorSpace='rgb', contrast=1.0, depth=0, flipHoriz=False, flipVert=False, font='', fontFiles=[], height=50.0, italic=False, languageStyle='LTR', name='unnamed TextStim', opacity=1.0, ori=0.0, pos=array([0., 0.]), rgb=UNKNOWN, text='Poprawnie', units='pix', win=Window(...), wrapWidth=500)
87.9123 	EXP 	unnamed TextStim: height = 25.0
87.9123 	EXP 	unnamed TextStim: height = 25.0
87.9123 	EXP 	unnamed TextStim: height = 25.0
87.9123 	EXP 	unnamed TextStim: text = 'n'
89.4727 	DATA 	Keypress: n
89.4746 	EXP 	Created unnamed TextStim = TextStim(__class__=<class 'psychopy.visual.text.TextStim'>, alignHoriz=method-wrapper(...), alignText='center', alignVert=method-wrapper(...), anchorHoriz='center', anchorVert='center', antialias=True, autoDraw=False, autoLog=True, bold=False, color=array([-1, -1, -1]), colorSpace='rgb', contrast=1.0, depth=0, flipHoriz=False, flipVert=False, font='', fontFiles=[], height=50.0, italic=False, languageStyle='LTR', name='unnamed TextStim', opacity=1.0, ori=0.0, pos=array([0., 0.]), rgb=UNKNOWN, text='Poprawnie', units='pix', win=Window(...), wrapWidth=500)
90.4803 	EXP 	unnamed TextStim: height = 25.0
90.4803 	EXP 	unnamed TextStim: height = 25.0
90.4803 	EXP 	unnamed TextStim: height = 25.0
90.4803 	EXP 	unnamed TextStim: text = 'm'
92.1119 	DATA 	Keypress: m
92.1140 	EXP 	Created unnamed TextStim = TextStim(__class__=<class 'psychopy.visual.text.TextStim'>, alignHoriz=method-wrapper(...), alignText='center', alignVert=method-wrapper(...), anchorHoriz='center', anchorVert='center', antialias=True, autoDraw=False, autoLog=True, bold=False, color=array([-1, -1, -1]), colorSpace='rgb', contrast=1.0, depth=0, flipHoriz=False, flipVert=False, font='', fontFiles=[], height=50.0, italic=False, languageStyle='LTR', name='unnamed TextStim', opacity=1.0, ori=0.0, pos=array([0., 0.]), rgb=UNKNOWN, text='Poprawnie', units='pix', win=Window(...), wrapWidth=500)
93.1292 	EXP 	unnamed TextStim: height = 25.0
93.1292 	EXP 	unnamed TextStim: height = 25.0
93.1292 	EXP 	unnamed TextStim: height = 25.0
93.1292 	EXP 	unnamed TextStim: text = 'x'
95.0157 	DATA 	Keypress: z
95.0190 	EXP 	Created unnamed TextStim = TextStim(__class__=<class 'psychopy.visual.text.TextStim'>, alignHoriz=method-wrapper(...), alignText='center', alignVert=method-wrapper(...), anchorHoriz='center', anchorVert='center', antialias=True, autoDraw=False, autoLog=True, bold=False, color=array([-1, -1, -1]), colorSpace='rgb', contrast=1.0, depth=0, flipHoriz=False, flipVert=False, font='', fontFiles=[], height=50.0, italic=False, languageStyle='LTR', name='unnamed TextStim', opacity=1.0, ori=0.0, pos=array([0., 0.]), rgb=UNKNOWN, text='Niepoprawnie', units='pix', win=Window(...), wrapWidth=500)
96.0293 	EXP 	unnamed TextStim: height = 25.0
96.0293 	EXP 	unnamed TextStim: height = 25.0
96.0293 	EXP 	unnamed TextStim: height = 25.0
96.0293 	EXP 	unnamed TextStim: text = 'n'
98.0344 	DATA 	Keypress: z
98.0369 	EXP 	Created unnamed TextStim = TextStim(__class__=<class 'psychopy.visual.text.TextStim'>, alignHoriz=method-wrapper(...), alignText='center', alignVert=method-wrapper(...), anchorHoriz='center', anchorVert='center', antialias=True, autoDraw=False, autoLog=True, bold=False, color=array([-1, -1, -1]), colorSpace='rgb', contrast=1.0, depth=0, flipHoriz=False, flipVert=False, font='', fontFiles=[], height=50.0, italic=False, languageStyle='LTR', name='unnamed TextStim', opacity=1.0, ori=0.0, pos=array([0., 0.]), rgb=UNKNOWN, text='Niepoprawnie', units='pix', win=Window(...), wrapWidth=500)
99.0461 	EXP 	unnamed TextStim: text = 'n'
101.8131 	DATA 	No keypress (maxWait exceeded)
101.8151 	EXP 	Created unnamed TextStim = TextStim(__class__=<class 'psychopy.visual.text.TextStim'>, alignHoriz=method-wrapper(...), alignText='center', alignVert=method-wrapper(...), anchorHoriz='center', anchorVert='center', antialias=True, autoDraw=False, autoLog=True, bold=False, color=array([-1, -1, -1]), colorSpace='rgb', contrast=1.0, depth=0, flipHoriz=False, flipVert=False, font='', fontFiles=[], height=50.0, italic=False, languageStyle='LTR', name='unnamed TextStim', opacity=1.0, ori=0.0, pos=array([0., 0.]), rgb=UNKNOWN, text='Niepoprawnie', units='pix', win=Window(...), wrapWidth=500)
102.6173 	DATA 	Keypress: z
102.8295 	EXP 	unnamed TextStim: text = 'n'
104.3578 	DATA 	Keypress: n
104.3598 	EXP 	Created unnamed TextStim = TextStim(__class__=<class 'psychopy.visual.text.TextStim'>, alignHoriz=method-wrapper(...), alignText='center', alignVert=method-wrapper(...), anchorHoriz='center', anchorVert='center', antialias=True, autoDraw=False, autoLog=True, bold=False, color=array([-1, -1, -1]), colorSpace='rgb', contrast=1.0, depth=0, flipHoriz=False, flipVert=False, font='', fontFiles=[], height=50.0, italic=False, languageStyle='LTR', name='unnamed TextStim', opacity=1.0, ori=0.0, pos=array([0., 0.]), rgb=UNKNOWN, text='Poprawnie', units='pix', win=Window(...), wrapWidth=500)
105.3642 	EXP 	unnamed TextStim: height = 25.0
105.3642 	EXP 	unnamed TextStim: height = 25.0
105.3642 	EXP 	unnamed TextStim: height = 25.0
105.3642 	EXP 	unnamed TextStim: text = 'z'
106.9750 	DATA 	Keypress: z
106.9773 	EXP 	Created unnamed TextStim = TextStim(__class__=<class 'psychopy.visual.text.TextStim'>, alignHoriz=method-wrapper(...), alignText='center', alignVert=method-wrapper(...), anchorHoriz='center', anchorVert='center', antialias=True, autoDraw=False, autoLog=True, bold=False, color=array([-1, -1, -1]), colorSpace='rgb', contrast=1.0, depth=0, flipHoriz=False, flipVert=False, font='', fontFiles=[], height=50.0, italic=False, languageStyle='LTR', name='unnamed TextStim', opacity=1.0, ori=0.0, pos=array([0., 0.]), rgb=UNKNOWN, text='Poprawnie', units='pix', win=Window(...), wrapWidth=500)
108.0070 	EXP 	Created unnamed TextStim = TextStim(__class__=<class 'psychopy.visual.text.TextStim'>, alignHoriz=method-wrapper(...), alignText='center', alignVert=method-wrapper(...), anchorHoriz='center', anchorVert='center', antialias=True, autoDraw=False, autoLog=True, bold=False, color=array([-1, -1, -1]), colorSpace='rgb', contrast=1.0, depth=0, flipHoriz=False, flipVert=False, font='', fontFiles=[], height=20.0, italic=False, languageStyle='LTR', name='unnamed TextStim', opacity=1.0, ori=0.0, pos=array([0., 0.]), rgb=UNKNOWN, text=str(...), units='pix', win=Window(...), wrapWidth=1536)
116.0417 	DATA 	Keypress: space
116.0467 	EXP 	unnamed TextStim: height = 25.0
116.0467 	EXP 	unnamed TextStim: height = 25.0
116.0467 	EXP 	unnamed TextStim: height = 25.0
116.0467 	EXP 	unnamed TextStim: text = 'x'
117.7035 	DATA 	Keypress: x
117.7073 	EXP 	unnamed TextStim: height = 25.0
117.7073 	EXP 	unnamed TextStim: height = 25.0
117.7073 	EXP 	unnamed TextStim: height = 25.0
117.7073 	EXP 	unnamed TextStim: text = 'z'
119.2728 	DATA 	Keypress: z
119.2761 	EXP 	unnamed TextStim: height = 25.0
119.2761 	EXP 	unnamed TextStim: height = 25.0
119.2761 	EXP 	unnamed TextStim: height = 25.0
119.2761 	EXP 	unnamed TextStim: text = 'n'
121.9461 	DATA 	Keypress: n
121.9493 	EXP 	unnamed TextStim: height = 25.0
121.9493 	EXP 	unnamed TextStim: height = 25.0
121.9493 	EXP 	unnamed TextStim: height = 25.0
121.9493 	EXP 	unnamed TextStim: text = 'x'
123.6206 	DATA 	Keypress: n
123.6233 	EXP 	unnamed TextStim: height = 25.0
123.6233 	EXP 	unnamed TextStim: height = 25.0
123.6233 	EXP 	unnamed TextStim: height = 25.0
123.6233 	EXP 	unnamed TextStim: text = 'z'
125.1610 	DATA 	Keypress: z
125.1644 	EXP 	unnamed TextStim: height = 25.0
125.1644 	EXP 	unnamed TextStim: height = 25.0
125.1644 	EXP 	unnamed TextStim: height = 25.0
125.1644 	EXP 	unnamed TextStim: text = 'm'
126.6414 	DATA 	Keypress: m
126.7972 	EXP 	Created unnamed ImageStim = ImageStim(__class__=<class 'psychopy.visual.image.ImageStim'>, anchor=('center', 'center'), autoLog=True, color=array([1., 1., 1.]), colorSpace='rgb', contrast=1.0, depth=0, flipHoriz=False, flipVert=False, image='break.jpg', interpolate=True, mask=None, maskParams=None, name='unnamed ImageStim', opacity=1.0, ori=0.0, pos=array([0., 0.]), size=array([1536.,  864.]), texRes=128, units='pix', win=Window(...))
137.1397 	DATA 	Keypress: space
137.1475 	EXP 	unnamed TextStim: height = 25.0
137.1475 	EXP 	unnamed TextStim: height = 25.0
137.1475 	EXP 	unnamed TextStim: height = 25.0
137.1475 	EXP 	unnamed TextStim: text = 'x'
139.0457 	DATA 	Keypress: z
139.0485 	EXP 	unnamed TextStim: height = 25.0
139.0485 	EXP 	unnamed TextStim: height = 25.0
139.0485 	EXP 	unnamed TextStim: height = 25.0
139.0485 	EXP 	unnamed TextStim: text = 'm'
140.4174 	DATA 	Keypress: m
140.4201 	EXP 	unnamed TextStim: height = 25.0
140.4201 	EXP 	unnamed TextStim: height = 25.0
140.4201 	EXP 	unnamed TextStim: height = 25.0
140.4201 	EXP 	unnamed TextStim: text = 'n'
141.8166 	DATA 	Keypress: n
141.8192 	EXP 	unnamed TextStim: height = 25.0
141.8192 	EXP 	unnamed TextStim: height = 25.0
141.8192 	EXP 	unnamed TextStim: height = 25.0
141.8192 	EXP 	unnamed TextStim: text = 'm'
143.8373 	DATA 	Keypress: z
143.8400 	EXP 	unnamed TextStim: height = 25.0
143.8400 	EXP 	unnamed TextStim: height = 25.0
143.8400 	EXP 	unnamed TextStim: height = 25.0
143.8400 	EXP 	unnamed TextStim: text = 'n'
145.2819 	DATA 	Keypress: n
145.2845 	EXP 	unnamed TextStim: height = 25.0
145.2845 	EXP 	unnamed TextStim: height = 25.0
145.2845 	EXP 	unnamed TextStim: height = 25.0
145.2845 	EXP 	unnamed TextStim: text = 'x'
147.4589 	DATA 	Keypress: z
147.5892 	EXP 	Created unnamed ImageStim = ImageStim(__class__=<class 'psychopy.visual.image.ImageStim'>, anchor=('center', 'center'), autoLog=True, color=array([1., 1., 1.]), colorSpace='rgb', contrast=1.0, depth=0, flipHoriz=False, flipVert=False, image='break.jpg', interpolate=True, mask=None, maskParams=None, name='unnamed ImageStim', opacity=1.0, ori=0.0, pos=array([0., 0.]), size=array([1536.,  864.]), texRes=128, units='pix', win=Window(...))
152.0554 	DATA 	Keypress: space
152.1110 	EXP 	unnamed TextStim: height = 25.0
152.1110 	EXP 	unnamed TextStim: height = 25.0
152.1110 	EXP 	unnamed TextStim: height = 25.0
152.1110 	EXP 	unnamed TextStim: text = 'm'
153.7726 	DATA 	Keypress: n
153.7755 	EXP 	unnamed TextStim: height = 25.0
153.7755 	EXP 	unnamed TextStim: height = 25.0
153.7755 	EXP 	unnamed TextStim: height = 25.0
153.7755 	EXP 	unnamed TextStim: text = 'x'
155.4725 	DATA 	Keypress: x
155.4752 	EXP 	unnamed TextStim: height = 25.0
155.4752 	EXP 	unnamed TextStim: height = 25.0
155.4752 	EXP 	unnamed TextStim: height = 25.0
155.4752 	EXP 	unnamed TextStim: text = 'm'
157.4283 	DATA 	Keypress: n
157.4300 	EXP 	unnamed TextStim: text = 'm'
158.8727 	DATA 	Keypress: m
158.8777 	EXP 	unnamed TextStim: height = 25.0
158.8777 	EXP 	unnamed TextStim: height = 25.0
158.8777 	EXP 	unnamed TextStim: height = 25.0
158.8777 	EXP 	unnamed TextStim: text = 'x'
160.3806 	DATA 	Keypress: x
160.3823 	EXP 	unnamed TextStim: text = 'x'
162.1479 	DATA 	Keypress: x
162.2812 	EXP 	Created unnamed ImageStim = ImageStim(__class__=<class 'psychopy.visual.image.ImageStim'>, anchor=('center', 'center'), autoLog=True, color=array([1., 1., 1.]), colorSpace='rgb', contrast=1.0, depth=0, flipHoriz=False, flipVert=False, image='break.jpg', interpolate=True, mask=None, maskParams=None, name='unnamed ImageStim', opacity=1.0, ori=0.0, pos=array([0., 0.]), size=array([1536.,  864.]), texRes=128, units='pix', win=Window(...))
163.8512 	DATA 	Keypress: space
163.8652 	EXP 	unnamed TextStim: height = 25.0
163.8652 	EXP 	unnamed TextStim: height = 25.0
163.8652 	EXP 	unnamed TextStim: height = 25.0
163.8652 	EXP 	unnamed TextStim: text = 'm'
166.2703 	DATA 	Keypress: n
166.2720 	EXP 	unnamed TextStim: text = 'm'
167.8564 	DATA 	Keypress: m
167.8608 	EXP 	unnamed TextStim: height = 25.0
167.8608 	EXP 	unnamed TextStim: height = 25.0
167.8608 	EXP 	unnamed TextStim: height = 25.0
167.8608 	EXP 	unnamed TextStim: text = 'n'
169.6735 	DATA 	Keypress: z
169.6762 	EXP 	unnamed TextStim: height = 25.0
169.6762 	EXP 	unnamed TextStim: height = 25.0
169.6762 	EXP 	unnamed TextStim: height = 25.0
169.6762 	EXP 	unnamed TextStim: text = 'z'
171.4528 	DATA 	Keypress: n
171.4545 	EXP 	unnamed TextStim: text = 'z'
173.1838 	DATA 	Keypress: z
173.1863 	EXP 	unnamed TextStim: height = 25.0
173.1863 	EXP 	unnamed TextStim: height = 25.0
173.1863 	EXP 	unnamed TextStim: height = 25.0
173.1863 	EXP 	unnamed TextStim: text = 'n'
174.6336 	DATA 	Keypress: n
174.7814 	EXP 	Created unnamed ImageStim = ImageStim(__class__=<class 'psychopy.visual.image.ImageStim'>, anchor=('center', 'center'), autoLog=True, color=array([1., 1., 1.]), colorSpace='rgb', contrast=1.0, depth=0, flipHoriz=False, flipVert=False, image='break.jpg', interpolate=True, mask=None, maskParams=None, name='unnamed ImageStim', opacity=1.0, ori=0.0, pos=array([0., 0.]), size=array([1536.,  864.]), texRes=128, units='pix', win=Window(...))
179.4361 	DATA 	Keypress: space
179.4825 	EXP 	unnamed TextStim: height = 25.0
179.4825 	EXP 	unnamed TextStim: height = 25.0
179.4825 	EXP 	unnamed TextStim: height = 25.0
179.4825 	EXP 	unnamed TextStim: text = 'm'
181.1202 	DATA 	Keypress: n
181.1219 	EXP 	unnamed TextStim: text = 'm'
182.8544 	DATA 	Keypress: n
182.8572 	EXP 	unnamed TextStim: text = 'm'
184.7356 	DATA 	Keypress: z
184.7374 	EXP 	unnamed TextStim: text = 'm'
186.5088 	DATA 	Keypress: n
186.5115 	EXP 	unnamed TextStim: height = 25.0
186.5115 	EXP 	unnamed TextStim: height = 25.0
186.5115 	EXP 	unnamed TextStim: height = 25.0
186.5115 	EXP 	unnamed TextStim: text = 'n'
188.0306 	DATA 	Keypress: n
188.0379 	EXP 	unnamed TextStim: height = 25.0
188.0379 	EXP 	unnamed TextStim: height = 25.0
188.0379 	EXP 	unnamed TextStim: height = 25.0
188.0379 	EXP 	unnamed TextStim: text = 'm'
189.5242 	DATA 	Keypress: m
189.6626 	EXP 	Created unnamed ImageStim = ImageStim(__class__=<class 'psychopy.visual.image.ImageStim'>, anchor=('center', 'center'), autoLog=True, color=array([1., 1., 1.]), colorSpace='rgb', contrast=1.0, depth=0, flipHoriz=False, flipVert=False, image='break.jpg', interpolate=True, mask=None, maskParams=None, name='unnamed ImageStim', opacity=1.0, ori=0.0, pos=array([0., 0.]), size=array([1536.,  864.]), texRes=128, units='pix', win=Window(...))
196.4895 	DATA 	Keypress: space
196.4998 	EXP 	unnamed TextStim: height = 25.0
196.4998 	EXP 	unnamed TextStim: height = 25.0
196.4998 	EXP 	unnamed TextStim: height = 25.0
196.4998 	EXP 	unnamed TextStim: text = 'n'
198.2608 	DATA 	Keypress: n
198.2636 	EXP 	unnamed TextStim: height = 25.0
198.2636 	EXP 	unnamed TextStim: height = 25.0
198.2636 	EXP 	unnamed TextStim: height = 25.0
198.2636 	EXP 	unnamed TextStim: text = 'm'
199.8782 	DATA 	Keypress: m
199.8809 	EXP 	unnamed TextStim: height = 25.0
199.8809 	EXP 	unnamed TextStim: height = 25.0
199.8809 	EXP 	unnamed TextStim: height = 25.0
199.8809 	EXP 	unnamed TextStim: text = 'n'
201.6536 	DATA 	Keypress: n
201.6563 	EXP 	unnamed TextStim: height = 25.0
201.6563 	EXP 	unnamed TextStim: height = 25.0
201.6563 	EXP 	unnamed TextStim: height = 25.0
201.6563 	EXP 	unnamed TextStim: text = 'm'
203.4101 	DATA 	Keypress: x
203.4129 	EXP 	unnamed TextStim: height = 25.0
203.4129 	EXP 	unnamed TextStim: height = 25.0
203.4129 	EXP 	unnamed TextStim: height = 25.0
203.4129 	EXP 	unnamed TextStim: text = 'n'
204.9142 	DATA 	Keypress: n
204.9169 	EXP 	unnamed TextStim: height = 25.0
204.9169 	EXP 	unnamed TextStim: height = 25.0
204.9169 	EXP 	unnamed TextStim: height = 25.0
204.9169 	EXP 	unnamed TextStim: text = 'm'
206.4334 	DATA 	Keypress: m
206.5728 	EXP 	Created unnamed ImageStim = ImageStim(__class__=<class 'psychopy.visual.image.ImageStim'>, anchor=('center', 'center'), autoLog=True, color=array([1., 1., 1.]), colorSpace='rgb', contrast=1.0, depth=0, flipHoriz=False, flipVert=False, image='break.jpg', interpolate=True, mask=None, maskParams=None, name='unnamed ImageStim', opacity=1.0, ori=0.0, pos=array([0., 0.]), size=array([1536.,  864.]), texRes=128, units='pix', win=Window(...))
207.9219 	DATA 	Keypress: space
207.9336 	EXP 	unnamed TextStim: height = 25.0
207.9336 	EXP 	unnamed TextStim: height = 25.0
207.9336 	EXP 	unnamed TextStim: height = 25.0
207.9336 	EXP 	unnamed TextStim: text = 'n'
209.3820 	DATA 	Keypress: n
209.3892 	EXP 	unnamed TextStim: height = 25.0
209.3892 	EXP 	unnamed TextStim: height = 25.0
209.3892 	EXP 	unnamed TextStim: height = 25.0
209.3892 	EXP 	unnamed TextStim: text = 'z'
211.3519 	DATA 	Keypress: n
211.3546 	EXP 	unnamed TextStim: height = 25.0
211.3546 	EXP 	unnamed TextStim: height = 25.0
211.3546 	EXP 	unnamed TextStim: height = 25.0
211.3546 	EXP 	unnamed TextStim: text = 'm'
212.8596 	DATA 	Keypress: m
212.8623 	EXP 	unnamed TextStim: height = 25.0
212.8623 	EXP 	unnamed TextStim: height = 25.0
212.8623 	EXP 	unnamed TextStim: height = 25.0
212.8623 	EXP 	unnamed TextStim: text = 'z'
214.3999 	DATA 	Keypress: z
214.4024 	EXP 	unnamed TextStim: height = 25.0
214.4024 	EXP 	unnamed TextStim: height = 25.0
214.4024 	EXP 	unnamed TextStim: height = 25.0
214.4024 	EXP 	unnamed TextStim: text = 'm'
215.9452 	DATA 	Keypress: m
216.0221 	EXP 	unnamed TextStim: height = 25.0
216.0221 	EXP 	unnamed TextStim: height = 25.0
216.0221 	EXP 	unnamed TextStim: height = 25.0
216.0221 	EXP 	unnamed TextStim: text = 'n'
217.6224 	DATA 	Keypress: n
217.7236 	EXP 	Created unnamed ImageStim = ImageStim(__class__=<class 'psychopy.visual.image.ImageStim'>, anchor=('center', 'center'), autoLog=True, color=array([1., 1., 1.]), colorSpace='rgb', contrast=1.0, depth=0, flipHoriz=False, flipVert=False, image='break.jpg', interpolate=True, mask=None, maskParams=None, name='unnamed ImageStim', opacity=1.0, ori=0.0, pos=array([0., 0.]), size=array([1536.,  864.]), texRes=128, units='pix', win=Window(...))
219.2896 	DATA 	Keypress: space
219.3005 	EXP 	unnamed TextStim: text = 'n'
221.2118 	DATA 	Keypress: z
221.2135 	EXP 	unnamed TextStim: text = 'n'
222.8019 	DATA 	Keypress: n
222.8045 	EXP 	unnamed TextStim: height = 25.0
222.8045 	EXP 	unnamed TextStim: height = 25.0
222.8045 	EXP 	unnamed TextStim: height = 25.0
222.8045 	EXP 	unnamed TextStim: text = 'x'
224.4713 	DATA 	Keypress: x
224.4740 	EXP 	unnamed TextStim: height = 25.0
224.4740 	EXP 	unnamed TextStim: height = 25.0
224.4740 	EXP 	unnamed TextStim: height = 25.0
224.4740 	EXP 	unnamed TextStim: text = 'm'
226.5730 	DATA 	Keypress: x
226.5759 	EXP 	unnamed TextStim: height = 25.0
226.5759 	EXP 	unnamed TextStim: height = 25.0
226.5759 	EXP 	unnamed TextStim: height = 25.0
226.5759 	EXP 	unnamed TextStim: text = 'x'
228.3281 	DATA 	Keypress: n
228.3307 	EXP 	unnamed TextStim: height = 25.0
228.3307 	EXP 	unnamed TextStim: height = 25.0
228.3307 	EXP 	unnamed TextStim: height = 25.0
228.3307 	EXP 	unnamed TextStim: text = 'm'
230.2528 	DATA 	Keypress: m
230.4002 	EXP 	Created unnamed ImageStim = ImageStim(__class__=<class 'psychopy.visual.image.ImageStim'>, anchor=('center', 'center'), autoLog=True, color=array([1., 1., 1.]), colorSpace='rgb', contrast=1.0, depth=0, flipHoriz=False, flipVert=False, image='break.jpg', interpolate=True, mask=None, maskParams=None, name='unnamed ImageStim', opacity=1.0, ori=0.0, pos=array([0., 0.]), size=array([1536.,  864.]), texRes=128, units='pix', win=Window(...))
234.3004 	DATA 	Keypress: space
234.3178 	EXP 	unnamed TextStim: text = 'm'
235.8050 	DATA 	Keypress: m
235.8068 	EXP 	unnamed TextStim: text = 'm'
237.2019 	DATA 	Keypress: n
237.2045 	EXP 	unnamed TextStim: height = 25.0
237.2045 	EXP 	unnamed TextStim: height = 25.0
237.2045 	EXP 	unnamed TextStim: height = 25.0
237.2045 	EXP 	unnamed TextStim: text = 'n'
238.5525 	DATA 	Keypress: n
238.5542 	EXP 	unnamed TextStim: text = 'n'
240.0860 	DATA 	Keypress: n
240.0887 	EXP 	unnamed TextStim: height = 25.0
240.0887 	EXP 	unnamed TextStim: height = 25.0
240.0887 	EXP 	unnamed TextStim: height = 25.0
240.0887 	EXP 	unnamed TextStim: text = 'm'
241.4239 	DATA 	Keypress: m
241.4255 	EXP 	unnamed TextStim: text = 'm'
243.4432 	DATA 	Keypress: n
243.5527 	EXP 	Created unnamed ImageStim = ImageStim(__class__=<class 'psychopy.visual.image.ImageStim'>, anchor=('center', 'center'), autoLog=True, color=array([1., 1., 1.]), colorSpace='rgb', contrast=1.0, depth=0, flipHoriz=False, flipVert=False, image='break.jpg', interpolate=True, mask=None, maskParams=None, name='unnamed ImageStim', opacity=1.0, ori=0.0, pos=array([0., 0.]), size=array([1536.,  864.]), texRes=128, units='pix', win=Window(...))
249.7586 	DATA 	Keypress: space
249.7685 	EXP 	unnamed TextStim: height = 25.0
249.7685 	EXP 	unnamed TextStim: height = 25.0
249.7685 	EXP 	unnamed TextStim: height = 25.0
249.7685 	EXP 	unnamed TextStim: text = 'z'
251.2290 	DATA 	Keypress: n
251.2315 	EXP 	unnamed TextStim: height = 25.0
251.2315 	EXP 	unnamed TextStim: height = 25.0
251.2315 	EXP 	unnamed TextStim: height = 25.0
251.2315 	EXP 	unnamed TextStim: text = 'm'
252.8372 	DATA 	Keypress: m
252.8399 	EXP 	unnamed TextStim: height = 25.0
252.8399 	EXP 	unnamed TextStim: height = 25.0
252.8399 	EXP 	unnamed TextStim: height = 25.0
252.8399 	EXP 	unnamed TextStim: text = 'n'
254.3248 	DATA 	Keypress: n
254.3274 	EXP 	unnamed TextStim: height = 25.0
254.3274 	EXP 	unnamed TextStim: height = 25.0
254.3274 	EXP 	unnamed TextStim: height = 25.0
254.3274 	EXP 	unnamed TextStim: text = 'm'
255.8447 	DATA 	Keypress: m
255.8465 	EXP 	unnamed TextStim: text = 'm'
257.7070 	DATA 	Keypress: m
257.7097 	EXP 	unnamed TextStim: height = 25.0
257.7097 	EXP 	unnamed TextStim: height = 25.0
257.7097 	EXP 	unnamed TextStim: height = 25.0
257.7097 	EXP 	unnamed TextStim: text = 'z'
259.3133 	DATA 	Keypress: z
259.4377 	EXP 	Created unnamed ImageStim = ImageStim(__class__=<class 'psychopy.visual.image.ImageStim'>, anchor=('center', 'center'), autoLog=True, color=array([1., 1., 1.]), colorSpace='rgb', contrast=1.0, depth=0, flipHoriz=False, flipVert=False, image='break.jpg', interpolate=True, mask=None, maskParams=None, name='unnamed ImageStim', opacity=1.0, ori=0.0, pos=array([0., 0.]), size=array([1536.,  864.]), texRes=128, units='pix', win=Window(...))
264.7493 	DATA 	Keypress: space
264.7582 	EXP 	unnamed TextStim: height = 25.0
264.7582 	EXP 	unnamed TextStim: height = 25.0
264.7582 	EXP 	unnamed TextStim: height = 25.0
264.7582 	EXP 	unnamed TextStim: text = 'n'
266.5836 	DATA 	Keypress: z
266.5864 	EXP 	unnamed TextStim: height = 25.0
266.5864 	EXP 	unnamed TextStim: height = 25.0
266.5864 	EXP 	unnamed TextStim: height = 25.0
266.5864 	EXP 	unnamed TextStim: text = 'z'
268.7131 	DATA 	Keypress: x
268.7159 	EXP 	unnamed TextStim: height = 25.0
268.7159 	EXP 	unnamed TextStim: height = 25.0
268.7159 	EXP 	unnamed TextStim: height = 25.0
268.7159 	EXP 	unnamed TextStim: text = 'n'
270.3552 	DATA 	Keypress: n
270.3579 	EXP 	unnamed TextStim: height = 25.0
270.3579 	EXP 	unnamed TextStim: height = 25.0
270.3579 	EXP 	unnamed TextStim: height = 25.0
270.3579 	EXP 	unnamed TextStim: text = 'x'
271.9831 	DATA 	Keypress: x
271.9858 	EXP 	unnamed TextStim: height = 25.0
271.9858 	EXP 	unnamed TextStim: height = 25.0
271.9858 	EXP 	unnamed TextStim: height = 25.0
271.9858 	EXP 	unnamed TextStim: text = 'z'
273.4622 	DATA 	Keypress: z
273.4649 	EXP 	unnamed TextStim: height = 25.0
273.4649 	EXP 	unnamed TextStim: height = 25.0
273.4649 	EXP 	unnamed TextStim: height = 25.0
273.4649 	EXP 	unnamed TextStim: text = 'n'
275.1232 	DATA 	Keypress: n
275.2645 	EXP 	Created unnamed ImageStim = ImageStim(__class__=<class 'psychopy.visual.image.ImageStim'>, anchor=('center', 'center'), autoLog=True, color=array([1., 1., 1.]), colorSpace='rgb', contrast=1.0, depth=0, flipHoriz=False, flipVert=False, image='break.jpg', interpolate=True, mask=None, maskParams=None, name='unnamed ImageStim', opacity=1.0, ori=0.0, pos=array([0., 0.]), size=array([1536.,  864.]), texRes=128, units='pix', win=Window(...))
278.5468 	DATA 	Keypress: space
278.5662 	EXP 	Created unnamed TextStim = TextStim(__class__=<class 'psychopy.visual.text.TextStim'>, alignHoriz=method-wrapper(...), alignText='center', alignVert=method-wrapper(...), anchorHoriz='center', anchorVert='center', antialias=True, autoDraw=False, autoLog=True, bold=False, color=array([-1, -1, -1]), colorSpace='rgb', contrast=1.0, depth=0, flipHoriz=False, flipVert=False, font='', fontFiles=[], height=20.0, italic=False, languageStyle='LTR', name='unnamed TextStim', opacity=1.0, ori=0.0, pos=array([0., 0.]), rgb=UNKNOWN, text=str(...), units='pix', win=Window(...), wrapWidth=1536)
289.4431 	DATA 	Keypress: return
289.5810 	EXP 	window1: mouseVisible = True
