6.7788 	WARNING 	User requested fullscreen with size [1536  864], but screen is actually [1920, 1080]. Using actual size
8.3036 	INFO 	FRAME RATE: 60
8.3037 	INFO 	SCREEN RES: odict_values([1536, 864])
8.3628 	EXP 	Created unnamed TextStim = TextStim(__class__=<class 'psychopy.visual.text.TextStim'>, alignHoriz=method-wrapper(...), alignText='center', alignVert=method-wrapper(...), anchorHoriz='center', anchorVert='center', antialias=True, autoDraw=False, autoLog=True, bold=False, color=array([-1, -1, -1]), colorSpace='rgb', contrast=1.0, depth=0, flipHoriz=False, flipVert=False, font='', fontFiles=[], height=100.0, italic=False, languageStyle='LTR', name='unnamed TextStim', opacity=1.0, ori=0.0, pos=array([0., 0.]), rgb=UNKNOWN, text='+', units='pix', win=Window(...), wrapWidth=500)
8.3668 	EXP 	Created unnamed Circle = Circle(__class__=<class 'psychopy.visual.circle.Circle'>, anchor=('center', 'center'), autoDraw=False, autoLog=True, closeShape=True, color=method-wrapper(...), colorSpace='rgb', contrast=None, depth=0, fillColor=array([ 0.09019608, -1.        , -1.        ]), fillColorSpace='rgb', fillRGB=array([ 0.09019608, -1.        , -1.        ]), interpolate=True, lineColor=array([ 0.09019608, -1.        , -1.        ]), lineColorSpace='rgb', lineRGB=array([ 0.09019608, -1.        , -1.        ]), lineWidth=1.5, name='unnamed Circle', opacity=1.0, ori=0.0, pos=array([0., 0.]), size=array([1., 1.]), units='pix', vertices=ndarray(...), win=Window(...))
8.3677 	EXP 	Created unnamed TextStim = TextStim(__class__=<class 'psychopy.visual.text.TextStim'>, alignHoriz=method-wrapper(...), alignText='center', alignVert=method-wrapper(...), anchorHoriz='center', anchorVert='center', antialias=True, autoDraw=False, autoLog=True, bold=False, color=array([-0.17647059, -0.17647059, -0.17647059]), colorSpace='rgb', contrast=1.0, depth=0, flipHoriz=False, flipVert=False, font='', fontFiles=[], height=25, italic=False, languageStyle='LTR', name='unnamed TextStim', opacity=1.0, ori=0.0, pos=array([0., 0.]), rgb=UNKNOWN, text='', units='pix', win=Window(...), wrapWidth=500)
8.3763 	EXP 	Created unnamed ImageStim = ImageStim(__class__=<class 'psychopy.visual.image.ImageStim'>, anchor=('center', 'center'), autoLog=True, color=array([1., 1., 1.]), colorSpace='rgb', contrast=1.0, depth=0, flipHoriz=False, flipVert=False, image='mask4.png', interpolate=False, mask=None, maskParams=None, name='unnamed ImageStim', opacity=1.0, ori=0.0, pos=array([0., 0.]), size=array([25., 25.]), texRes=128, units='pix', win=Window(...))
8.3843 	EXP 	Created unnamed TextStim = TextStim(__class__=<class 'psychopy.visual.text.TextStim'>, alignHoriz=method-wrapper(...), alignText='center', alignVert=method-wrapper(...), anchorHoriz='center', anchorVert='center', antialias=True, autoDraw=False, autoLog=True, bold=False, color=array([-1, -1, -1]), colorSpace='rgb', contrast=1.0, depth=0, flipHoriz=False, flipVert=False, font='', fontFiles=[], height=30.0, italic=False, languageStyle='LTR', name='unnamed TextStim', opacity=1.0, ori=0.0, pos=array([ 100., -300.]), rgb=UNKNOWN, text=str(...), units='pix', win=Window(...), wrapWidth=10000)
8.3889 	EXP 	Created unnamed TextStim = TextStim(__class__=<class 'psychopy.visual.text.TextStim'>, alignHoriz=method-wrapper(...), alignText='center', alignVert=method-wrapper(...), anchorHoriz='center', anchorVert='center', antialias=True, autoDraw=False, autoLog=True, bold=False, color=array([-1, -1, -1]), colorSpace='rgb', contrast=1.0, depth=0, flipHoriz=False, flipVert=False, font='', fontFiles=[], height=30.0, italic=False, languageStyle='LTR', name='unnamed TextStim', opacity=1.0, ori=0.0, pos=array([ 100., -330.]), rgb=UNKNOWN, text=str(...), units='pix', win=Window(...), wrapWidth=10000)
8.4300 	EXP 	Created unnamed TextStim = TextStim(__class__=<class 'psychopy.visual.text.TextStim'>, alignHoriz=method-wrapper(...), alignText='center', alignVert=method-wrapper(...), anchorHoriz='center', anchorVert='center', antialias=True, autoDraw=False, autoLog=True, bold=False, color=array([-1, -1, -1]), colorSpace='rgb', contrast=1.0, depth=0, flipHoriz=False, flipVert=False, font='', fontFiles=[], height=20.0, italic=False, languageStyle='LTR', name='unnamed TextStim', opacity=1.0, ori=0.0, pos=array([0., 0.]), rgb=UNKNOWN, text=str(...), units='pix', win=Window(...), wrapWidth=1536)
16.7275 	DATA 	Keypress: space
16.7328 	EXP 	unnamed TextStim: height = 25.0
16.7328 	EXP 	unnamed TextStim: height = 25.0
16.7328 	EXP 	unnamed TextStim: height = 25.0
16.7328 	EXP 	unnamed TextStim: text = 'm'
18.6552 	DATA 	Keypress: m
18.6637 	EXP 	Created unnamed TextStim = TextStim(__class__=<class 'psychopy.visual.text.TextStim'>, alignHoriz=method-wrapper(...), alignText='center', alignVert=method-wrapper(...), anchorHoriz='center', anchorVert='center', antialias=True, autoDraw=False, autoLog=True, bold=False, color=array([-1, -1, -1]), colorSpace='rgb', contrast=1.0, depth=0, flipHoriz=False, flipVert=False, font='', fontFiles=[], height=50.0, italic=False, languageStyle='LTR', name='unnamed TextStim', opacity=1.0, ori=0.0, pos=array([0., 0.]), rgb=UNKNOWN, text='Poprawnie', units='pix', win=Window(...), wrapWidth=500)
19.6798 	EXP 	unnamed TextStim: height = 25.0
19.6798 	EXP 	unnamed TextStim: height = 25.0
19.6798 	EXP 	unnamed TextStim: height = 25.0
19.6798 	EXP 	unnamed TextStim: text = 'n'
21.2306 	DATA 	Keypress: n
21.2329 	EXP 	Created unnamed TextStim = TextStim(__class__=<class 'psychopy.visual.text.TextStim'>, alignHoriz=method-wrapper(...), alignText='center', alignVert=method-wrapper(...), anchorHoriz='center', anchorVert='center', antialias=True, autoDraw=False, autoLog=True, bold=False, color=array([-1, -1, -1]), colorSpace='rgb', contrast=1.0, depth=0, flipHoriz=False, flipVert=False, font='', fontFiles=[], height=50.0, italic=False, languageStyle='LTR', name='unnamed TextStim', opacity=1.0, ori=0.0, pos=array([0., 0.]), rgb=UNKNOWN, text='Poprawnie', units='pix', win=Window(...), wrapWidth=500)
22.2500 	EXP 	unnamed TextStim: height = 25.0
22.2500 	EXP 	unnamed TextStim: height = 25.0
22.2500 	EXP 	unnamed TextStim: height = 25.0
22.2500 	EXP 	unnamed TextStim: text = 'z'
23.8087 	DATA 	Keypress: z
23.8107 	EXP 	Created unnamed TextStim = TextStim(__class__=<class 'psychopy.visual.text.TextStim'>, alignHoriz=method-wrapper(...), alignText='center', alignVert=method-wrapper(...), anchorHoriz='center', anchorVert='center', antialias=True, autoDraw=False, autoLog=True, bold=False, color=array([-1, -1, -1]), colorSpace='rgb', contrast=1.0, depth=0, flipHoriz=False, flipVert=False, font='', fontFiles=[], height=50.0, italic=False, languageStyle='LTR', name='unnamed TextStim', opacity=1.0, ori=0.0, pos=array([0., 0.]), rgb=UNKNOWN, text='Poprawnie', units='pix', win=Window(...), wrapWidth=500)
24.8168 	EXP 	unnamed TextStim: text = 'z'
26.2843 	DATA 	Keypress: z
27.3042 	DATA 	Keypress: z
27.3066 	EXP 	Created unnamed TextStim = TextStim(__class__=<class 'psychopy.visual.text.TextStim'>, alignHoriz=method-wrapper(...), alignText='center', alignVert=method-wrapper(...), anchorHoriz='center', anchorVert='center', antialias=True, autoDraw=False, autoLog=True, bold=False, color=array([-1, -1, -1]), colorSpace='rgb', contrast=1.0, depth=0, flipHoriz=False, flipVert=False, font='', fontFiles=[], height=50.0, italic=False, languageStyle='LTR', name='unnamed TextStim', opacity=1.0, ori=0.0, pos=array([0., 0.]), rgb=UNKNOWN, text='Poprawnie', units='pix', win=Window(...), wrapWidth=500)
28.3169 	EXP 	unnamed TextStim: height = 25.0
28.3169 	EXP 	unnamed TextStim: height = 25.0
28.3169 	EXP 	unnamed TextStim: height = 25.0
28.3169 	EXP 	unnamed TextStim: text = 'n'
29.8404 	DATA 	Keypress: n
29.8424 	EXP 	Created unnamed TextStim = TextStim(__class__=<class 'psychopy.visual.text.TextStim'>, alignHoriz=method-wrapper(...), alignText='center', alignVert=method-wrapper(...), anchorHoriz='center', anchorVert='center', antialias=True, autoDraw=False, autoLog=True, bold=False, color=array([-1, -1, -1]), colorSpace='rgb', contrast=1.0, depth=0, flipHoriz=False, flipVert=False, font='', fontFiles=[], height=50.0, italic=False, languageStyle='LTR', name='unnamed TextStim', opacity=1.0, ori=0.0, pos=array([0., 0.]), rgb=UNKNOWN, text='Poprawnie', units='pix', win=Window(...), wrapWidth=500)
30.8503 	EXP 	unnamed TextStim: height = 25.0
30.8503 	EXP 	unnamed TextStim: height = 25.0
30.8503 	EXP 	unnamed TextStim: height = 25.0
30.8503 	EXP 	unnamed TextStim: text = 'm'
33.0770 	DATA 	Keypress: m
33.0798 	EXP 	Created unnamed TextStim = TextStim(__class__=<class 'psychopy.visual.text.TextStim'>, alignHoriz=method-wrapper(...), alignText='center', alignVert=method-wrapper(...), anchorHoriz='center', anchorVert='center', antialias=True, autoDraw=False, autoLog=True, bold=False, color=array([-1, -1, -1]), colorSpace='rgb', contrast=1.0, depth=0, flipHoriz=False, flipVert=False, font='', fontFiles=[], height=50.0, italic=False, languageStyle='LTR', name='unnamed TextStim', opacity=1.0, ori=0.0, pos=array([0., 0.]), rgb=UNKNOWN, text='Poprawnie', units='pix', win=Window(...), wrapWidth=500)
34.0838 	EXP 	unnamed TextStim: height = 25.0
34.0838 	EXP 	unnamed TextStim: height = 25.0
34.0838 	EXP 	unnamed TextStim: height = 25.0
34.0838 	EXP 	unnamed TextStim: text = 'n'
35.5356 	DATA 	Keypress: n
36.7908 	DATA 	Keypress: n
36.7932 	EXP 	Created unnamed TextStim = TextStim(__class__=<class 'psychopy.visual.text.TextStim'>, alignHoriz=method-wrapper(...), alignText='center', alignVert=method-wrapper(...), anchorHoriz='center', anchorVert='center', antialias=True, autoDraw=False, autoLog=True, bold=False, color=array([-1, -1, -1]), colorSpace='rgb', contrast=1.0, depth=0, flipHoriz=False, flipVert=False, font='', fontFiles=[], height=50.0, italic=False, languageStyle='LTR', name='unnamed TextStim', opacity=1.0, ori=0.0, pos=array([0., 0.]), rgb=UNKNOWN, text='Poprawnie', units='pix', win=Window(...), wrapWidth=500)
37.8006 	EXP 	unnamed TextStim: text = 'n'
39.1346 	DATA 	Keypress: n
39.1399 	EXP 	Created unnamed TextStim = TextStim(__class__=<class 'psychopy.visual.text.TextStim'>, alignHoriz=method-wrapper(...), alignText='center', alignVert=method-wrapper(...), anchorHoriz='center', anchorVert='center', antialias=True, autoDraw=False, autoLog=True, bold=False, color=array([-1, -1, -1]), colorSpace='rgb', contrast=1.0, depth=0, flipHoriz=False, flipVert=False, font='', fontFiles=[], height=50.0, italic=False, languageStyle='LTR', name='unnamed TextStim', opacity=1.0, ori=0.0, pos=array([0., 0.]), rgb=UNKNOWN, text='Poprawnie', units='pix', win=Window(...), wrapWidth=500)
40.1674 	EXP 	unnamed TextStim: height = 25.0
40.1674 	EXP 	unnamed TextStim: height = 25.0
40.1674 	EXP 	unnamed TextStim: height = 25.0
40.1674 	EXP 	unnamed TextStim: text = 'm'
41.6013 	DATA 	Keypress: m
41.6071 	EXP 	Created unnamed TextStim = TextStim(__class__=<class 'psychopy.visual.text.TextStim'>, alignHoriz=method-wrapper(...), alignText='center', alignVert=method-wrapper(...), anchorHoriz='center', anchorVert='center', antialias=True, autoDraw=False, autoLog=True, bold=False, color=array([-1, -1, -1]), colorSpace='rgb', contrast=1.0, depth=0, flipHoriz=False, flipVert=False, font='', fontFiles=[], height=50.0, italic=False, languageStyle='LTR', name='unnamed TextStim', opacity=1.0, ori=0.0, pos=array([0., 0.]), rgb=UNKNOWN, text='Poprawnie', units='pix', win=Window(...), wrapWidth=500)
42.6340 	EXP 	unnamed TextStim: height = 25.0
42.6340 	EXP 	unnamed TextStim: height = 25.0
42.6340 	EXP 	unnamed TextStim: height = 25.0
42.6340 	EXP 	unnamed TextStim: text = 'n'
44.4976 	DATA 	Keypress: n
44.5001 	EXP 	Created unnamed TextStim = TextStim(__class__=<class 'psychopy.visual.text.TextStim'>, alignHoriz=method-wrapper(...), alignText='center', alignVert=method-wrapper(...), anchorHoriz='center', anchorVert='center', antialias=True, autoDraw=False, autoLog=True, bold=False, color=array([-1, -1, -1]), colorSpace='rgb', contrast=1.0, depth=0, flipHoriz=False, flipVert=False, font='', fontFiles=[], height=50.0, italic=False, languageStyle='LTR', name='unnamed TextStim', opacity=1.0, ori=0.0, pos=array([0., 0.]), rgb=UNKNOWN, text='Poprawnie', units='pix', win=Window(...), wrapWidth=500)
45.5176 	EXP 	unnamed TextStim: height = 25.0
45.5176 	EXP 	unnamed TextStim: height = 25.0
45.5176 	EXP 	unnamed TextStim: height = 25.0
45.5176 	EXP 	unnamed TextStim: text = 'm'
47.0490 	DATA 	Keypress: n
47.0529 	EXP 	Created unnamed TextStim = TextStim(__class__=<class 'psychopy.visual.text.TextStim'>, alignHoriz=method-wrapper(...), alignText='center', alignVert=method-wrapper(...), anchorHoriz='center', anchorVert='center', antialias=True, autoDraw=False, autoLog=True, bold=False, color=array([-1, -1, -1]), colorSpace='rgb', contrast=1.0, depth=0, flipHoriz=False, flipVert=False, font='', fontFiles=[], height=50.0, italic=False, languageStyle='LTR', name='unnamed TextStim', opacity=1.0, ori=0.0, pos=array([0., 0.]), rgb=UNKNOWN, text='Niepoprawnie', units='pix', win=Window(...), wrapWidth=500)
48.0677 	EXP 	unnamed TextStim: height = 25.0
48.0677 	EXP 	unnamed TextStim: height = 25.0
48.0677 	EXP 	unnamed TextStim: height = 25.0
48.0677 	EXP 	unnamed TextStim: text = 'z'
49.4183 	DATA 	Keypress: z
49.4233 	EXP 	Created unnamed TextStim = TextStim(__class__=<class 'psychopy.visual.text.TextStim'>, alignHoriz=method-wrapper(...), alignText='center', alignVert=method-wrapper(...), anchorHoriz='center', anchorVert='center', antialias=True, autoDraw=False, autoLog=True, bold=False, color=array([-1, -1, -1]), colorSpace='rgb', contrast=1.0, depth=0, flipHoriz=False, flipVert=False, font='', fontFiles=[], height=50.0, italic=False, languageStyle='LTR', name='unnamed TextStim', opacity=1.0, ori=0.0, pos=array([0., 0.]), rgb=UNKNOWN, text='Poprawnie', units='pix', win=Window(...), wrapWidth=500)
50.4511 	EXP 	unnamed TextStim: height = 25.0
50.4511 	EXP 	unnamed TextStim: height = 25.0
50.4511 	EXP 	unnamed TextStim: height = 25.0
50.4511 	EXP 	unnamed TextStim: text = 'm'
52.1263 	DATA 	Keypress: m
52.1288 	EXP 	Created unnamed TextStim = TextStim(__class__=<class 'psychopy.visual.text.TextStim'>, alignHoriz=method-wrapper(...), alignText='center', alignVert=method-wrapper(...), anchorHoriz='center', anchorVert='center', antialias=True, autoDraw=False, autoLog=True, bold=False, color=array([-1, -1, -1]), colorSpace='rgb', contrast=1.0, depth=0, flipHoriz=False, flipVert=False, font='', fontFiles=[], height=50.0, italic=False, languageStyle='LTR', name='unnamed TextStim', opacity=1.0, ori=0.0, pos=array([0., 0.]), rgb=UNKNOWN, text='Poprawnie', units='pix', win=Window(...), wrapWidth=500)
53.1345 	EXP 	unnamed TextStim: text = 'm'
54.6908 	DATA 	Keypress: m
54.6933 	EXP 	Created unnamed TextStim = TextStim(__class__=<class 'psychopy.visual.text.TextStim'>, alignHoriz=method-wrapper(...), alignText='center', alignVert=method-wrapper(...), anchorHoriz='center', anchorVert='center', antialias=True, autoDraw=False, autoLog=True, bold=False, color=array([-1, -1, -1]), colorSpace='rgb', contrast=1.0, depth=0, flipHoriz=False, flipVert=False, font='', fontFiles=[], height=50.0, italic=False, languageStyle='LTR', name='unnamed TextStim', opacity=1.0, ori=0.0, pos=array([0., 0.]), rgb=UNKNOWN, text='Poprawnie', units='pix', win=Window(...), wrapWidth=500)
55.7013 	EXP 	unnamed TextStim: height = 25.0
55.7013 	EXP 	unnamed TextStim: height = 25.0
55.7013 	EXP 	unnamed TextStim: height = 25.0
55.7013 	EXP 	unnamed TextStim: text = 'x'
57.3458 	DATA 	Keypress: z
57.3484 	EXP 	Created unnamed TextStim = TextStim(__class__=<class 'psychopy.visual.text.TextStim'>, alignHoriz=method-wrapper(...), alignText='center', alignVert=method-wrapper(...), anchorHoriz='center', anchorVert='center', antialias=True, autoDraw=False, autoLog=True, bold=False, color=array([-1, -1, -1]), colorSpace='rgb', contrast=1.0, depth=0, flipHoriz=False, flipVert=False, font='', fontFiles=[], height=50.0, italic=False, languageStyle='LTR', name='unnamed TextStim', opacity=1.0, ori=0.0, pos=array([0., 0.]), rgb=UNKNOWN, text='Niepoprawnie', units='pix', win=Window(...), wrapWidth=500)
58.3796 	EXP 	Created unnamed TextStim = TextStim(__class__=<class 'psychopy.visual.text.TextStim'>, alignHoriz=method-wrapper(...), alignText='center', alignVert=method-wrapper(...), anchorHoriz='center', anchorVert='center', antialias=True, autoDraw=False, autoLog=True, bold=False, color=array([-1, -1, -1]), colorSpace='rgb', contrast=1.0, depth=0, flipHoriz=False, flipVert=False, font='', fontFiles=[], height=20.0, italic=False, languageStyle='LTR', name='unnamed TextStim', opacity=1.0, ori=0.0, pos=array([0., 0.]), rgb=UNKNOWN, text=str(...), units='pix', win=Window(...), wrapWidth=1536)
59.3948 	DATA 	Keypress: space
59.4012 	EXP 	unnamed TextStim: height = 25.0
59.4012 	EXP 	unnamed TextStim: height = 25.0
59.4012 	EXP 	unnamed TextStim: height = 25.0
59.4012 	EXP 	unnamed TextStim: text = 'z'
60.9400 	DATA 	Keypress: z
60.9473 	EXP 	Created unnamed TextStim = TextStim(__class__=<class 'psychopy.visual.text.TextStim'>, alignHoriz=method-wrapper(...), alignText='center', alignVert=method-wrapper(...), anchorHoriz='center', anchorVert='center', antialias=True, autoDraw=False, autoLog=True, bold=False, color=array([-1, -1, -1]), colorSpace='rgb', contrast=1.0, depth=0, flipHoriz=False, flipVert=False, font='', fontFiles=[], height=50.0, italic=False, languageStyle='LTR', name='unnamed TextStim', opacity=1.0, ori=0.0, pos=array([0., 0.]), rgb=UNKNOWN, text='Poprawnie', units='pix', win=Window(...), wrapWidth=500)
61.9514 	EXP 	unnamed TextStim: height = 25.0
61.9514 	EXP 	unnamed TextStim: height = 25.0
61.9514 	EXP 	unnamed TextStim: height = 25.0
61.9514 	EXP 	unnamed TextStim: text = 'n'
63.9365 	DATA 	Keypress: m
63.9400 	EXP 	Created unnamed TextStim = TextStim(__class__=<class 'psychopy.visual.text.TextStim'>, alignHoriz=method-wrapper(...), alignText='center', alignVert=method-wrapper(...), anchorHoriz='center', anchorVert='center', antialias=True, autoDraw=False, autoLog=True, bold=False, color=array([-1, -1, -1]), colorSpace='rgb', contrast=1.0, depth=0, flipHoriz=False, flipVert=False, font='', fontFiles=[], height=50.0, italic=False, languageStyle='LTR', name='unnamed TextStim', opacity=1.0, ori=0.0, pos=array([0., 0.]), rgb=UNKNOWN, text='Niepoprawnie', units='pix', win=Window(...), wrapWidth=500)
64.9514 	EXP 	unnamed TextStim: text = 'n'
66.9583 	DATA 	Keypress: n
66.9605 	EXP 	Created unnamed TextStim = TextStim(__class__=<class 'psychopy.visual.text.TextStim'>, alignHoriz=method-wrapper(...), alignText='center', alignVert=method-wrapper(...), anchorHoriz='center', anchorVert='center', antialias=True, autoDraw=False, autoLog=True, bold=False, color=array([-1, -1, -1]), colorSpace='rgb', contrast=1.0, depth=0, flipHoriz=False, flipVert=False, font='', fontFiles=[], height=50.0, italic=False, languageStyle='LTR', name='unnamed TextStim', opacity=1.0, ori=0.0, pos=array([0., 0.]), rgb=UNKNOWN, text='Poprawnie', units='pix', win=Window(...), wrapWidth=500)
67.9684 	EXP 	unnamed TextStim: text = 'n'
69.4617 	DATA 	Keypress: n
69.4636 	EXP 	Created unnamed TextStim = TextStim(__class__=<class 'psychopy.visual.text.TextStim'>, alignHoriz=method-wrapper(...), alignText='center', alignVert=method-wrapper(...), anchorHoriz='center', anchorVert='center', antialias=True, autoDraw=False, autoLog=True, bold=False, color=array([-1, -1, -1]), colorSpace='rgb', contrast=1.0, depth=0, flipHoriz=False, flipVert=False, font='', fontFiles=[], height=50.0, italic=False, languageStyle='LTR', name='unnamed TextStim', opacity=1.0, ori=0.0, pos=array([0., 0.]), rgb=UNKNOWN, text='Poprawnie', units='pix', win=Window(...), wrapWidth=500)
70.4683 	EXP 	unnamed TextStim: height = 25.0
70.4683 	EXP 	unnamed TextStim: height = 25.0
70.4683 	EXP 	unnamed TextStim: height = 25.0
70.4683 	EXP 	unnamed TextStim: text = 'x'
72.2537 	DATA 	Keypress: z
72.2557 	EXP 	Created unnamed TextStim = TextStim(__class__=<class 'psychopy.visual.text.TextStim'>, alignHoriz=method-wrapper(...), alignText='center', alignVert=method-wrapper(...), anchorHoriz='center', anchorVert='center', antialias=True, autoDraw=False, autoLog=True, bold=False, color=array([-1, -1, -1]), colorSpace='rgb', contrast=1.0, depth=0, flipHoriz=False, flipVert=False, font='', fontFiles=[], height=50.0, italic=False, languageStyle='LTR', name='unnamed TextStim', opacity=1.0, ori=0.0, pos=array([0., 0.]), rgb=UNKNOWN, text='Niepoprawnie', units='pix', win=Window(...), wrapWidth=500)
73.2685 	EXP 	unnamed TextStim: text = 'x'
74.8693 	DATA 	Keypress: x
74.8712 	EXP 	Created unnamed TextStim = TextStim(__class__=<class 'psychopy.visual.text.TextStim'>, alignHoriz=method-wrapper(...), alignText='center', alignVert=method-wrapper(...), anchorHoriz='center', anchorVert='center', antialias=True, autoDraw=False, autoLog=True, bold=False, color=array([-1, -1, -1]), colorSpace='rgb', contrast=1.0, depth=0, flipHoriz=False, flipVert=False, font='', fontFiles=[], height=50.0, italic=False, languageStyle='LTR', name='unnamed TextStim', opacity=1.0, ori=0.0, pos=array([0., 0.]), rgb=UNKNOWN, text='Poprawnie', units='pix', win=Window(...), wrapWidth=500)
75.8853 	EXP 	unnamed TextStim: height = 25.0
75.8853 	EXP 	unnamed TextStim: height = 25.0
75.8853 	EXP 	unnamed TextStim: height = 25.0
75.8853 	EXP 	unnamed TextStim: text = 'z'
77.5568 	DATA 	Keypress: x
77.5592 	EXP 	Created unnamed TextStim = TextStim(__class__=<class 'psychopy.visual.text.TextStim'>, alignHoriz=method-wrapper(...), alignText='center', alignVert=method-wrapper(...), anchorHoriz='center', anchorVert='center', antialias=True, autoDraw=False, autoLog=True, bold=False, color=array([-1, -1, -1]), colorSpace='rgb', contrast=1.0, depth=0, flipHoriz=False, flipVert=False, font='', fontFiles=[], height=50.0, italic=False, languageStyle='LTR', name='unnamed TextStim', opacity=1.0, ori=0.0, pos=array([0., 0.]), rgb=UNKNOWN, text='Niepoprawnie', units='pix', win=Window(...), wrapWidth=500)
78.5688 	EXP 	unnamed TextStim: text = 'z'
80.1408 	DATA 	Keypress: z
80.1428 	EXP 	Created unnamed TextStim = TextStim(__class__=<class 'psychopy.visual.text.TextStim'>, alignHoriz=method-wrapper(...), alignText='center', alignVert=method-wrapper(...), anchorHoriz='center', anchorVert='center', antialias=True, autoDraw=False, autoLog=True, bold=False, color=array([-1, -1, -1]), colorSpace='rgb', contrast=1.0, depth=0, flipHoriz=False, flipVert=False, font='', fontFiles=[], height=50.0, italic=False, languageStyle='LTR', name='unnamed TextStim', opacity=1.0, ori=0.0, pos=array([0., 0.]), rgb=UNKNOWN, text='Poprawnie', units='pix', win=Window(...), wrapWidth=500)
81.1523 	EXP 	unnamed TextStim: height = 25.0
81.1523 	EXP 	unnamed TextStim: height = 25.0
81.1523 	EXP 	unnamed TextStim: height = 25.0
81.1523 	EXP 	unnamed TextStim: text = 'n'
83.6793 	DATA 	Keypress: m
83.6814 	EXP 	Created unnamed TextStim = TextStim(__class__=<class 'psychopy.visual.text.TextStim'>, alignHoriz=method-wrapper(...), alignText='center', alignVert=method-wrapper(...), anchorHoriz='center', anchorVert='center', antialias=True, autoDraw=False, autoLog=True, bold=False, color=array([-1, -1, -1]), colorSpace='rgb', contrast=1.0, depth=0, flipHoriz=False, flipVert=False, font='', fontFiles=[], height=50.0, italic=False, languageStyle='LTR', name='unnamed TextStim', opacity=1.0, ori=0.0, pos=array([0., 0.]), rgb=UNKNOWN, text='Niepoprawnie', units='pix', win=Window(...), wrapWidth=500)
84.6856 	EXP 	unnamed TextStim: height = 25.0
84.6856 	EXP 	unnamed TextStim: height = 25.0
84.6856 	EXP 	unnamed TextStim: height = 25.0
84.6856 	EXP 	unnamed TextStim: text = 'z'
86.3716 	DATA 	Keypress: n
86.3742 	EXP 	Created unnamed TextStim = TextStim(__class__=<class 'psychopy.visual.text.TextStim'>, alignHoriz=method-wrapper(...), alignText='center', alignVert=method-wrapper(...), anchorHoriz='center', anchorVert='center', antialias=True, autoDraw=False, autoLog=True, bold=False, color=array([-1, -1, -1]), colorSpace='rgb', contrast=1.0, depth=0, flipHoriz=False, flipVert=False, font='', fontFiles=[], height=50.0, italic=False, languageStyle='LTR', name='unnamed TextStim', opacity=1.0, ori=0.0, pos=array([0., 0.]), rgb=UNKNOWN, text='Niepoprawnie', units='pix', win=Window(...), wrapWidth=500)
87.4040 	EXP 	Created unnamed TextStim = TextStim(__class__=<class 'psychopy.visual.text.TextStim'>, alignHoriz=method-wrapper(...), alignText='center', alignVert=method-wrapper(...), anchorHoriz='center', anchorVert='center', antialias=True, autoDraw=False, autoLog=True, bold=False, color=array([-1, -1, -1]), colorSpace='rgb', contrast=1.0, depth=0, flipHoriz=False, flipVert=False, font='', fontFiles=[], height=20.0, italic=False, languageStyle='LTR', name='unnamed TextStim', opacity=1.0, ori=0.0, pos=array([0., 0.]), rgb=UNKNOWN, text=str(...), units='pix', win=Window(...), wrapWidth=1536)
90.0643 	DATA 	Keypress: space
90.0692 	EXP 	unnamed TextStim: height = 25.0
90.0692 	EXP 	unnamed TextStim: height = 25.0
90.0692 	EXP 	unnamed TextStim: height = 25.0
90.0692 	EXP 	unnamed TextStim: text = 'm'
91.7649 	DATA 	Keypress: z
91.7684 	EXP 	unnamed TextStim: height = 25.0
91.7684 	EXP 	unnamed TextStim: height = 25.0
91.7684 	EXP 	unnamed TextStim: height = 25.0
91.7684 	EXP 	unnamed TextStim: text = 'z'
93.4488 	DATA 	Keypress: n
93.4516 	EXP 	unnamed TextStim: height = 25.0
93.4516 	EXP 	unnamed TextStim: height = 25.0
93.4516 	EXP 	unnamed TextStim: height = 25.0
93.4516 	EXP 	unnamed TextStim: text = 'n'
94.9358 	DATA 	Keypress: m
94.9370 	EXP 	unnamed TextStim: text = 'n'
96.3317 	DATA 	Keypress: n
96.3329 	EXP 	unnamed TextStim: text = 'n'
97.5946 	DATA 	Keypress: n
97.5975 	EXP 	unnamed TextStim: height = 25.0
97.5975 	EXP 	unnamed TextStim: height = 25.0
97.5975 	EXP 	unnamed TextStim: height = 25.0
97.5975 	EXP 	unnamed TextStim: text = 'x'
99.0336 	DATA 	Keypress: z
99.1770 	EXP 	Created unnamed ImageStim = ImageStim(__class__=<class 'psychopy.visual.image.ImageStim'>, anchor=('center', 'center'), autoLog=True, color=array([1., 1., 1.]), colorSpace='rgb', contrast=1.0, depth=0, flipHoriz=False, flipVert=False, image='break.jpg', interpolate=True, mask=None, maskParams=None, name='unnamed ImageStim', opacity=1.0, ori=0.0, pos=array([0., 0.]), size=array([1536.,  864.]), texRes=128, units='pix', win=Window(...))
101.0549 	DATA 	Keypress: space
101.0696 	EXP 	unnamed TextStim: height = 25.0
101.0696 	EXP 	unnamed TextStim: height = 25.0
101.0696 	EXP 	unnamed TextStim: height = 25.0
101.0696 	EXP 	unnamed TextStim: text = 'm'
103.3410 	DATA 	Keypress: x
103.3433 	EXP 	unnamed TextStim: height = 25.0
103.3433 	EXP 	unnamed TextStim: height = 25.0
103.3433 	EXP 	unnamed TextStim: height = 25.0
103.3433 	EXP 	unnamed TextStim: text = 'z'
104.7605 	DATA 	Keypress: z
104.7618 	EXP 	unnamed TextStim: text = 'z'
106.4361 	DATA 	Keypress: x
106.4382 	EXP 	unnamed TextStim: height = 25.0
106.4382 	EXP 	unnamed TextStim: height = 25.0
106.4382 	EXP 	unnamed TextStim: height = 25.0
106.4382 	EXP 	unnamed TextStim: text = 'x'
107.8768 	DATA 	Keypress: x
107.8790 	EXP 	unnamed TextStim: height = 25.0
107.8790 	EXP 	unnamed TextStim: height = 25.0
107.8790 	EXP 	unnamed TextStim: height = 25.0
107.8790 	EXP 	unnamed TextStim: text = 'z'
109.4991 	DATA 	Keypress: n
109.5012 	EXP 	unnamed TextStim: height = 25.0
109.5012 	EXP 	unnamed TextStim: height = 25.0
109.5012 	EXP 	unnamed TextStim: height = 25.0
109.5012 	EXP 	unnamed TextStim: text = 'm'
110.8440 	DATA 	Keypress: m
110.9546 	EXP 	Created unnamed ImageStim = ImageStim(__class__=<class 'psychopy.visual.image.ImageStim'>, anchor=('center', 'center'), autoLog=True, color=array([1., 1., 1.]), colorSpace='rgb', contrast=1.0, depth=0, flipHoriz=False, flipVert=False, image='break.jpg', interpolate=True, mask=None, maskParams=None, name='unnamed ImageStim', opacity=1.0, ori=0.0, pos=array([0., 0.]), size=array([1536.,  864.]), texRes=128, units='pix', win=Window(...))
111.8121 	DATA 	Keypress: space
111.8198 	EXP 	unnamed TextStim: text = 'm'
113.1811 	DATA 	Keypress: m
113.1821 	EXP 	unnamed TextStim: text = 'm'
114.5809 	DATA 	Keypress: m
114.5830 	EXP 	unnamed TextStim: height = 25.0
114.5830 	EXP 	unnamed TextStim: height = 25.0
114.5830 	EXP 	unnamed TextStim: height = 25.0
114.5830 	EXP 	unnamed TextStim: text = 'z'
116.5777 	DATA 	Keypress: x
116.5831 	EXP 	unnamed TextStim: height = 25.0
116.5831 	EXP 	unnamed TextStim: height = 25.0
116.5831 	EXP 	unnamed TextStim: height = 25.0
116.5831 	EXP 	unnamed TextStim: text = 'n'
118.7614 	DATA 	Keypress: space
119.2290 	DATA 	Keypress: n
119.2312 	EXP 	unnamed TextStim: height = 25.0
119.2312 	EXP 	unnamed TextStim: height = 25.0
119.2312 	EXP 	unnamed TextStim: height = 25.0
119.2312 	EXP 	unnamed TextStim: text = 'z'
120.8575 	DATA 	Keypress: x
120.8587 	EXP 	unnamed TextStim: text = 'z'
122.3813 	DATA 	Keypress: z
122.5150 	EXP 	Created unnamed ImageStim = ImageStim(__class__=<class 'psychopy.visual.image.ImageStim'>, anchor=('center', 'center'), autoLog=True, color=array([1., 1., 1.]), colorSpace='rgb', contrast=1.0, depth=0, flipHoriz=False, flipVert=False, image='break.jpg', interpolate=True, mask=None, maskParams=None, name='unnamed ImageStim', opacity=1.0, ori=0.0, pos=array([0., 0.]), size=array([1536.,  864.]), texRes=128, units='pix', win=Window(...))
123.1868 	DATA 	Keypress: space
123.2039 	EXP 	unnamed TextStim: height = 25.0
123.2039 	EXP 	unnamed TextStim: height = 25.0
123.2039 	EXP 	unnamed TextStim: height = 25.0
123.2039 	EXP 	unnamed TextStim: text = 'x'
124.8797 	DATA 	Keypress: x
124.8807 	EXP 	unnamed TextStim: text = 'x'
126.7789 	DATA 	Keypress: n
126.7801 	EXP 	unnamed TextStim: text = 'x'
128.1114 	DATA 	Keypress: x
128.1134 	EXP 	unnamed TextStim: height = 25.0
128.1134 	EXP 	unnamed TextStim: height = 25.0
128.1134 	EXP 	unnamed TextStim: height = 25.0
128.1134 	EXP 	unnamed TextStim: text = 'z'
129.5963 	DATA 	Keypress: z
129.5974 	EXP 	unnamed TextStim: text = 'z'
131.4394 	DATA 	Keypress: m
131.4416 	EXP 	unnamed TextStim: height = 25.0
131.4416 	EXP 	unnamed TextStim: height = 25.0
131.4416 	EXP 	unnamed TextStim: height = 25.0
131.4416 	EXP 	unnamed TextStim: text = 'n'
133.4168 	DATA 	Keypress: n
133.5516 	EXP 	Created unnamed ImageStim = ImageStim(__class__=<class 'psychopy.visual.image.ImageStim'>, anchor=('center', 'center'), autoLog=True, color=array([1., 1., 1.]), colorSpace='rgb', contrast=1.0, depth=0, flipHoriz=False, flipVert=False, image='break.jpg', interpolate=True, mask=None, maskParams=None, name='unnamed ImageStim', opacity=1.0, ori=0.0, pos=array([0., 0.]), size=array([1536.,  864.]), texRes=128, units='pix', win=Window(...))
134.3114 	DATA 	Keypress: space
134.3208 	EXP 	unnamed TextStim: height = 25.0
134.3208 	EXP 	unnamed TextStim: height = 25.0
134.3208 	EXP 	unnamed TextStim: height = 25.0
134.3208 	EXP 	unnamed TextStim: text = 'x'
136.0010 	DATA 	Keypress: m
136.0033 	EXP 	unnamed TextStim: height = 25.0
136.0033 	EXP 	unnamed TextStim: height = 25.0
136.0033 	EXP 	unnamed TextStim: height = 25.0
136.0033 	EXP 	unnamed TextStim: text = 'm'
137.5943 	DATA 	Keypress: n
137.5954 	EXP 	unnamed TextStim: text = 'm'
139.3193 	DATA 	Keypress: m
139.3204 	EXP 	unnamed TextStim: text = 'm'
141.1209 	DATA 	Keypress: m
141.1222 	EXP 	unnamed TextStim: text = 'm'
143.7309 	DATA 	Keypress: n
143.7360 	EXP 	unnamed TextStim: height = 25.0
143.7360 	EXP 	unnamed TextStim: height = 25.0
143.7360 	EXP 	unnamed TextStim: height = 25.0
143.7360 	EXP 	unnamed TextStim: text = 'x'
145.5188 	DATA 	Keypress: x
145.6573 	EXP 	Created unnamed ImageStim = ImageStim(__class__=<class 'psychopy.visual.image.ImageStim'>, anchor=('center', 'center'), autoLog=True, color=array([1., 1., 1.]), colorSpace='rgb', contrast=1.0, depth=0, flipHoriz=False, flipVert=False, image='break.jpg', interpolate=True, mask=None, maskParams=None, name='unnamed ImageStim', opacity=1.0, ori=0.0, pos=array([0., 0.]), size=array([1536.,  864.]), texRes=128, units='pix', win=Window(...))
146.3322 	DATA 	Keypress: space
146.3379 	EXP 	unnamed TextStim: height = 25.0
146.3379 	EXP 	unnamed TextStim: height = 25.0
146.3379 	EXP 	unnamed TextStim: height = 25.0
146.3379 	EXP 	unnamed TextStim: text = 'z'
148.6156 	DATA 	Keypress: n
148.6166 	EXP 	unnamed TextStim: text = 'z'
150.2180 	DATA 	Keypress: n
150.2202 	EXP 	unnamed TextStim: height = 25.0
150.2202 	EXP 	unnamed TextStim: height = 25.0
150.2202 	EXP 	unnamed TextStim: height = 25.0
150.2202 	EXP 	unnamed TextStim: text = 'n'
151.8295 	DATA 	Keypress: n
151.8317 	EXP 	unnamed TextStim: height = 25.0
151.8317 	EXP 	unnamed TextStim: height = 25.0
151.8317 	EXP 	unnamed TextStim: height = 25.0
151.8317 	EXP 	unnamed TextStim: text = 'z'
153.3090 	DATA 	Keypress: x
153.3104 	EXP 	unnamed TextStim: text = 'z'
155.5263 	DATA 	Keypress: z
155.5283 	EXP 	unnamed TextStim: height = 25.0
155.5283 	EXP 	unnamed TextStim: height = 25.0
155.5283 	EXP 	unnamed TextStim: height = 25.0
155.5283 	EXP 	unnamed TextStim: text = 'x'
157.0692 	DATA 	Keypress: x
157.2103 	EXP 	Created unnamed ImageStim = ImageStim(__class__=<class 'psychopy.visual.image.ImageStim'>, anchor=('center', 'center'), autoLog=True, color=array([1., 1., 1.]), colorSpace='rgb', contrast=1.0, depth=0, flipHoriz=False, flipVert=False, image='break.jpg', interpolate=True, mask=None, maskParams=None, name='unnamed ImageStim', opacity=1.0, ori=0.0, pos=array([0., 0.]), size=array([1536.,  864.]), texRes=128, units='pix', win=Window(...))
157.8568 	DATA 	Keypress: space
157.8718 	EXP 	unnamed TextStim: text = 'x'
159.2750 	DATA 	Keypress: x
159.2770 	EXP 	unnamed TextStim: height = 25.0
159.2770 	EXP 	unnamed TextStim: height = 25.0
159.2770 	EXP 	unnamed TextStim: height = 25.0
159.2770 	EXP 	unnamed TextStim: text = 'z'
160.8250 	DATA 	Keypress: z
160.8272 	EXP 	unnamed TextStim: height = 25.0
160.8272 	EXP 	unnamed TextStim: height = 25.0
160.8272 	EXP 	unnamed TextStim: height = 25.0
160.8272 	EXP 	unnamed TextStim: text = 'x'
163.0238 	DATA 	Keypress: x
163.0259 	EXP 	unnamed TextStim: height = 25.0
163.0259 	EXP 	unnamed TextStim: height = 25.0
163.0259 	EXP 	unnamed TextStim: height = 25.0
163.0259 	EXP 	unnamed TextStim: text = 'z'
164.7320 	DATA 	Keypress: n
164.7332 	EXP 	unnamed TextStim: text = 'z'
166.2411 	DATA 	Keypress: m
166.2477 	EXP 	unnamed TextStim: height = 25.0
166.2477 	EXP 	unnamed TextStim: height = 25.0
166.2477 	EXP 	unnamed TextStim: height = 25.0
166.2477 	EXP 	unnamed TextStim: text = 'x'
168.1045 	DATA 	Keypress: x
168.2331 	EXP 	Created unnamed ImageStim = ImageStim(__class__=<class 'psychopy.visual.image.ImageStim'>, anchor=('center', 'center'), autoLog=True, color=array([1., 1., 1.]), colorSpace='rgb', contrast=1.0, depth=0, flipHoriz=False, flipVert=False, image='break.jpg', interpolate=True, mask=None, maskParams=None, name='unnamed ImageStim', opacity=1.0, ori=0.0, pos=array([0., 0.]), size=array([1536.,  864.]), texRes=128, units='pix', win=Window(...))
168.8109 	DATA 	Keypress: n
169.2558 	DATA 	Keypress: space
169.2720 	EXP 	unnamed TextStim: height = 25.0
169.2720 	EXP 	unnamed TextStim: height = 25.0
169.2720 	EXP 	unnamed TextStim: height = 25.0
169.2720 	EXP 	unnamed TextStim: text = 'm'
171.1847 	DATA 	Keypress: m
171.1860 	EXP 	unnamed TextStim: text = 'm'
172.6444 	DATA 	Keypress: m
172.6464 	EXP 	unnamed TextStim: height = 25.0
172.6464 	EXP 	unnamed TextStim: height = 25.0
172.6464 	EXP 	unnamed TextStim: height = 25.0
172.6464 	EXP 	unnamed TextStim: text = 'z'
174.3843 	DATA 	Keypress: x
174.3866 	EXP 	unnamed TextStim: height = 25.0
174.3866 	EXP 	unnamed TextStim: height = 25.0
174.3866 	EXP 	unnamed TextStim: height = 25.0
174.3866 	EXP 	unnamed TextStim: text = 'x'
176.8659 	DATA 	Keypress: x
176.8679 	EXP 	unnamed TextStim: height = 25.0
176.8679 	EXP 	unnamed TextStim: height = 25.0
176.8679 	EXP 	unnamed TextStim: height = 25.0
176.8679 	EXP 	unnamed TextStim: text = 'z'
178.5027 	DATA 	Keypress: z
178.5048 	EXP 	unnamed TextStim: height = 25.0
178.5048 	EXP 	unnamed TextStim: height = 25.0
178.5048 	EXP 	unnamed TextStim: height = 25.0
178.5048 	EXP 	unnamed TextStim: text = 'x'
179.9401 	DATA 	Keypress: x
180.0690 	EXP 	Created unnamed ImageStim = ImageStim(__class__=<class 'psychopy.visual.image.ImageStim'>, anchor=('center', 'center'), autoLog=True, color=array([1., 1., 1.]), colorSpace='rgb', contrast=1.0, depth=0, flipHoriz=False, flipVert=False, image='break.jpg', interpolate=True, mask=None, maskParams=None, name='unnamed ImageStim', opacity=1.0, ori=0.0, pos=array([0., 0.]), size=array([1536.,  864.]), texRes=128, units='pix', win=Window(...))
180.6752 	DATA 	Keypress: space
180.6895 	EXP 	unnamed TextStim: text = 'x'
182.1260 	DATA 	Keypress: x
182.1282 	EXP 	unnamed TextStim: height = 25.0
182.1282 	EXP 	unnamed TextStim: height = 25.0
182.1282 	EXP 	unnamed TextStim: height = 25.0
182.1282 	EXP 	unnamed TextStim: text = 'n'
184.0406 	DATA 	Keypress: n
184.0419 	EXP 	unnamed TextStim: text = 'n'
185.9806 	DATA 	Keypress: z
185.9828 	EXP 	unnamed TextStim: height = 25.0
185.9828 	EXP 	unnamed TextStim: height = 25.0
185.9828 	EXP 	unnamed TextStim: height = 25.0
185.9828 	EXP 	unnamed TextStim: text = 'm'
187.5987 	DATA 	Keypress: m
187.6039 	EXP 	unnamed TextStim: height = 25.0
187.6039 	EXP 	unnamed TextStim: height = 25.0
187.6039 	EXP 	unnamed TextStim: height = 25.0
187.6039 	EXP 	unnamed TextStim: text = 'x'
189.4208 	DATA 	Keypress: x
189.4228 	EXP 	unnamed TextStim: height = 25.0
189.4228 	EXP 	unnamed TextStim: height = 25.0
189.4228 	EXP 	unnamed TextStim: height = 25.0
189.4228 	EXP 	unnamed TextStim: text = 'm'
191.4913 	DATA 	Keypress: m
191.6092 	EXP 	Created unnamed ImageStim = ImageStim(__class__=<class 'psychopy.visual.image.ImageStim'>, anchor=('center', 'center'), autoLog=True, color=array([1., 1., 1.]), colorSpace='rgb', contrast=1.0, depth=0, flipHoriz=False, flipVert=False, image='break.jpg', interpolate=True, mask=None, maskParams=None, name='unnamed ImageStim', opacity=1.0, ori=0.0, pos=array([0., 0.]), size=array([1536.,  864.]), texRes=128, units='pix', win=Window(...))
192.2170 	DATA 	Keypress: space
192.2232 	EXP 	unnamed TextStim: height = 25.0
192.2232 	EXP 	unnamed TextStim: height = 25.0
192.2232 	EXP 	unnamed TextStim: height = 25.0
192.2232 	EXP 	unnamed TextStim: text = 'x'
194.0662 	DATA 	Keypress: x
194.0684 	EXP 	unnamed TextStim: height = 25.0
194.0684 	EXP 	unnamed TextStim: height = 25.0
194.0684 	EXP 	unnamed TextStim: height = 25.0
194.0684 	EXP 	unnamed TextStim: text = 'm'
195.7022 	DATA 	Keypress: x
195.7043 	EXP 	unnamed TextStim: height = 25.0
195.7043 	EXP 	unnamed TextStim: height = 25.0
195.7043 	EXP 	unnamed TextStim: height = 25.0
195.7043 	EXP 	unnamed TextStim: text = 'x'
197.4340 	DATA 	Keypress: x
197.4362 	EXP 	unnamed TextStim: height = 25.0
197.4362 	EXP 	unnamed TextStim: height = 25.0
197.4362 	EXP 	unnamed TextStim: height = 25.0
197.4362 	EXP 	unnamed TextStim: text = 'n'
198.9556 	DATA 	Keypress: n
198.9577 	EXP 	unnamed TextStim: height = 25.0
198.9577 	EXP 	unnamed TextStim: height = 25.0
198.9577 	EXP 	unnamed TextStim: height = 25.0
198.9577 	EXP 	unnamed TextStim: text = 'z'
200.2885 	DATA 	Keypress: m
200.2906 	EXP 	unnamed TextStim: height = 25.0
200.2906 	EXP 	unnamed TextStim: height = 25.0
200.2906 	EXP 	unnamed TextStim: height = 25.0
200.2906 	EXP 	unnamed TextStim: text = 'n'
201.6821 	DATA 	Keypress: n
201.8032 	EXP 	Created unnamed ImageStim = ImageStim(__class__=<class 'psychopy.visual.image.ImageStim'>, anchor=('center', 'center'), autoLog=True, color=array([1., 1., 1.]), colorSpace='rgb', contrast=1.0, depth=0, flipHoriz=False, flipVert=False, image='break.jpg', interpolate=True, mask=None, maskParams=None, name='unnamed ImageStim', opacity=1.0, ori=0.0, pos=array([0., 0.]), size=array([1536.,  864.]), texRes=128, units='pix', win=Window(...))
202.4377 	DATA 	Keypress: space
202.4437 	EXP 	unnamed TextStim: height = 25.0
202.4437 	EXP 	unnamed TextStim: height = 25.0
202.4437 	EXP 	unnamed TextStim: height = 25.0
202.4437 	EXP 	unnamed TextStim: text = 'z'
204.0236 	DATA 	Keypress: z
204.0248 	EXP 	unnamed TextStim: text = 'z'
206.8240 	DATA 	No keypress (maxWait exceeded)
206.8265 	EXP 	unnamed TextStim: text = 'z'
207.2751 	DATA 	Keypress: z
208.6150 	DATA 	Keypress: n
208.6170 	EXP 	unnamed TextStim: height = 25.0
208.6170 	EXP 	unnamed TextStim: height = 25.0
208.6170 	EXP 	unnamed TextStim: height = 25.0
208.6170 	EXP 	unnamed TextStim: text = 'n'
210.2336 	DATA 	Keypress: n
210.2346 	EXP 	unnamed TextStim: text = 'n'
211.8410 	DATA 	Keypress: n
211.8436 	EXP 	unnamed TextStim: height = 25.0
211.8436 	EXP 	unnamed TextStim: height = 25.0
211.8436 	EXP 	unnamed TextStim: height = 25.0
211.8436 	EXP 	unnamed TextStim: text = 'z'
213.6630 	DATA 	Keypress: z
213.7891 	EXP 	Created unnamed ImageStim = ImageStim(__class__=<class 'psychopy.visual.image.ImageStim'>, anchor=('center', 'center'), autoLog=True, color=array([1., 1., 1.]), colorSpace='rgb', contrast=1.0, depth=0, flipHoriz=False, flipVert=False, image='break.jpg', interpolate=True, mask=None, maskParams=None, name='unnamed ImageStim', opacity=1.0, ori=0.0, pos=array([0., 0.]), size=array([1536.,  864.]), texRes=128, units='pix', win=Window(...))
217.1742 	DATA 	Keypress: space
217.1891 	EXP 	Created unnamed TextStim = TextStim(__class__=<class 'psychopy.visual.text.TextStim'>, alignHoriz=method-wrapper(...), alignText='center', alignVert=method-wrapper(...), anchorHoriz='center', anchorVert='center', antialias=True, autoDraw=False, autoLog=True, bold=False, color=array([-1, -1, -1]), colorSpace='rgb', contrast=1.0, depth=0, flipHoriz=False, flipVert=False, font='', fontFiles=[], height=20.0, italic=False, languageStyle='LTR', name='unnamed TextStim', opacity=1.0, ori=0.0, pos=array([0., 0.]), rgb=UNKNOWN, text=str(...), units='pix', win=Window(...), wrapWidth=1536)
219.2559 	DATA 	Keypress: return
219.3509 	EXP 	window1: mouseVisible = True
