7.0738 	WARNING 	User requested fullscreen with size [1536  864], but screen is actually [1920, 1080]. Using actual size
8.6039 	INFO 	FRAME RATE: 60
8.6039 	INFO 	SCREEN RES: odict_values([1536, 864])
8.6651 	EXP 	Created unnamed TextStim = TextStim(__class__=<class 'psychopy.visual.text.TextStim'>, alignHoriz=method-wrapper(...), alignText='center', alignVert=method-wrapper(...), anchorHoriz='center', anchorVert='center', antialias=True, autoDraw=False, autoLog=True, bold=False, color=array([-1, -1, -1]), colorSpace='rgb', contrast=1.0, depth=0, flipHoriz=False, flipVert=False, font='', fontFiles=[], height=100.0, italic=False, languageStyle='LTR', name='unnamed TextStim', opacity=1.0, ori=0.0, pos=array([0., 0.]), rgb=UNKNOWN, text='+', units='pix', win=Window(...), wrapWidth=500)
8.6697 	EXP 	Created unnamed Circle = Circle(__class__=<class 'psychopy.visual.circle.Circle'>, anchor=('center', 'center'), autoDraw=False, autoLog=True, closeShape=True, color=method-wrapper(...), colorSpace='rgb', contrast=None, depth=0, fillColor=array([ 0.09019608, -1.        , -1.        ]), fillColorSpace='rgb', fillRGB=array([ 0.09019608, -1.        , -1.        ]), interpolate=True, lineColor=array([ 0.09019608, -1.        , -1.        ]), lineColorSpace='rgb', lineRGB=array([ 0.09019608, -1.        , -1.        ]), lineWidth=1.5, name='unnamed Circle', opacity=1.0, ori=0.0, pos=array([0., 0.]), size=array([1., 1.]), units='pix', vertices=ndarray(...), win=Window(...))
8.6710 	EXP 	Created unnamed TextStim = TextStim(__class__=<class 'psychopy.visual.text.TextStim'>, alignHoriz=method-wrapper(...), alignText='center', alignVert=method-wrapper(...), anchorHoriz='center', anchorVert='center', antialias=True, autoDraw=False, autoLog=True, bold=False, color=array([-0.17647059, -0.17647059, -0.17647059]), colorSpace='rgb', contrast=1.0, depth=0, flipHoriz=False, flipVert=False, font='', fontFiles=[], height=25, italic=False, languageStyle='LTR', name='unnamed TextStim', opacity=1.0, ori=0.0, pos=array([0., 0.]), rgb=UNKNOWN, text='', units='pix', win=Window(...), wrapWidth=500)
8.6802 	EXP 	Created unnamed ImageStim = ImageStim(__class__=<class 'psychopy.visual.image.ImageStim'>, anchor=('center', 'center'), autoLog=True, color=array([1., 1., 1.]), colorSpace='rgb', contrast=1.0, depth=0, flipHoriz=False, flipVert=False, image='mask4.png', interpolate=False, mask=None, maskParams=None, name='unnamed ImageStim', opacity=1.0, ori=0.0, pos=array([0., 0.]), size=array([25., 25.]), texRes=128, units='pix', win=Window(...))
8.6894 	EXP 	Created unnamed TextStim = TextStim(__class__=<class 'psychopy.visual.text.TextStim'>, alignHoriz=method-wrapper(...), alignText='center', alignVert=method-wrapper(...), anchorHoriz='center', anchorVert='center', antialias=True, autoDraw=False, autoLog=True, bold=False, color=array([-1, -1, -1]), colorSpace='rgb', contrast=1.0, depth=0, flipHoriz=False, flipVert=False, font='', fontFiles=[], height=30.0, italic=False, languageStyle='LTR', name='unnamed TextStim', opacity=1.0, ori=0.0, pos=array([ 100., -300.]), rgb=UNKNOWN, text=str(...), units='pix', win=Window(...), wrapWidth=10000)
8.6940 	EXP 	Created unnamed TextStim = TextStim(__class__=<class 'psychopy.visual.text.TextStim'>, alignHoriz=method-wrapper(...), alignText='center', alignVert=method-wrapper(...), anchorHoriz='center', anchorVert='center', antialias=True, autoDraw=False, autoLog=True, bold=False, color=array([-1, -1, -1]), colorSpace='rgb', contrast=1.0, depth=0, flipHoriz=False, flipVert=False, font='', fontFiles=[], height=30.0, italic=False, languageStyle='LTR', name='unnamed TextStim', opacity=1.0, ori=0.0, pos=array([ 100., -330.]), rgb=UNKNOWN, text=str(...), units='pix', win=Window(...), wrapWidth=10000)
8.7338 	EXP 	Created unnamed TextStim = TextStim(__class__=<class 'psychopy.visual.text.TextStim'>, alignHoriz=method-wrapper(...), alignText='center', alignVert=method-wrapper(...), anchorHoriz='center', anchorVert='center', antialias=True, autoDraw=False, autoLog=True, bold=False, color=array([-1, -1, -1]), colorSpace='rgb', contrast=1.0, depth=0, flipHoriz=False, flipVert=False, font='', fontFiles=[], height=20.0, italic=False, languageStyle='LTR', name='unnamed TextStim', opacity=1.0, ori=0.0, pos=array([0., 0.]), rgb=UNKNOWN, text=str(...), units='pix', win=Window(...), wrapWidth=1536)
34.4074 	DATA 	Keypress: space
34.4176 	EXP 	unnamed TextStim: height = 25.0
34.4176 	EXP 	unnamed TextStim: height = 25.0
34.4176 	EXP 	unnamed TextStim: height = 25.0
34.4176 	EXP 	unnamed TextStim: text = 'x'
37.2578 	DATA 	Keypress: x
37.2665 	EXP 	Created unnamed TextStim = TextStim(__class__=<class 'psychopy.visual.text.TextStim'>, alignHoriz=method-wrapper(...), alignText='center', alignVert=method-wrapper(...), anchorHoriz='center', anchorVert='center', antialias=True, autoDraw=False, autoLog=True, bold=False, color=array([-1, -1, -1]), colorSpace='rgb', contrast=1.0, depth=0, flipHoriz=False, flipVert=False, font='', fontFiles=[], height=50.0, italic=False, languageStyle='LTR', name='unnamed TextStim', opacity=1.0, ori=0.0, pos=array([0., 0.]), rgb=UNKNOWN, text='Poprawnie', units='pix', win=Window(...), wrapWidth=500)
38.2843 	EXP 	unnamed TextStim: text = 'x'
40.3388 	DATA 	Keypress: x
40.3409 	EXP 	Created unnamed TextStim = TextStim(__class__=<class 'psychopy.visual.text.TextStim'>, alignHoriz=method-wrapper(...), alignText='center', alignVert=method-wrapper(...), anchorHoriz='center', anchorVert='center', antialias=True, autoDraw=False, autoLog=True, bold=False, color=array([-1, -1, -1]), colorSpace='rgb', contrast=1.0, depth=0, flipHoriz=False, flipVert=False, font='', fontFiles=[], height=50.0, italic=False, languageStyle='LTR', name='unnamed TextStim', opacity=1.0, ori=0.0, pos=array([0., 0.]), rgb=UNKNOWN, text='Poprawnie', units='pix', win=Window(...), wrapWidth=500)
41.3513 	EXP 	unnamed TextStim: height = 25.0
41.3513 	EXP 	unnamed TextStim: height = 25.0
41.3513 	EXP 	unnamed TextStim: height = 25.0
41.3513 	EXP 	unnamed TextStim: text = 'n'
43.8655 	DATA 	Keypress: n
43.8677 	EXP 	Created unnamed TextStim = TextStim(__class__=<class 'psychopy.visual.text.TextStim'>, alignHoriz=method-wrapper(...), alignText='center', alignVert=method-wrapper(...), anchorHoriz='center', anchorVert='center', antialias=True, autoDraw=False, autoLog=True, bold=False, color=array([-1, -1, -1]), colorSpace='rgb', contrast=1.0, depth=0, flipHoriz=False, flipVert=False, font='', fontFiles=[], height=50.0, italic=False, languageStyle='LTR', name='unnamed TextStim', opacity=1.0, ori=0.0, pos=array([0., 0.]), rgb=UNKNOWN, text='Poprawnie', units='pix', win=Window(...), wrapWidth=500)
44.8847 	EXP 	unnamed TextStim: text = 'n'
46.3188 	DATA 	Keypress: n
46.3235 	EXP 	Created unnamed TextStim = TextStim(__class__=<class 'psychopy.visual.text.TextStim'>, alignHoriz=method-wrapper(...), alignText='center', alignVert=method-wrapper(...), anchorHoriz='center', anchorVert='center', antialias=True, autoDraw=False, autoLog=True, bold=False, color=array([-1, -1, -1]), colorSpace='rgb', contrast=1.0, depth=0, flipHoriz=False, flipVert=False, font='', fontFiles=[], height=50.0, italic=False, languageStyle='LTR', name='unnamed TextStim', opacity=1.0, ori=0.0, pos=array([0., 0.]), rgb=UNKNOWN, text='Poprawnie', units='pix', win=Window(...), wrapWidth=500)
47.3515 	EXP 	unnamed TextStim: height = 25.0
47.3515 	EXP 	unnamed TextStim: height = 25.0
47.3515 	EXP 	unnamed TextStim: height = 25.0
47.3515 	EXP 	unnamed TextStim: text = 'x'
49.0106 	DATA 	Keypress: x
49.0126 	EXP 	Created unnamed TextStim = TextStim(__class__=<class 'psychopy.visual.text.TextStim'>, alignHoriz=method-wrapper(...), alignText='center', alignVert=method-wrapper(...), anchorHoriz='center', anchorVert='center', antialias=True, autoDraw=False, autoLog=True, bold=False, color=array([-1, -1, -1]), colorSpace='rgb', contrast=1.0, depth=0, flipHoriz=False, flipVert=False, font='', fontFiles=[], height=50.0, italic=False, languageStyle='LTR', name='unnamed TextStim', opacity=1.0, ori=0.0, pos=array([0., 0.]), rgb=UNKNOWN, text='Poprawnie', units='pix', win=Window(...), wrapWidth=500)
50.0180 	EXP 	unnamed TextStim: height = 25.0
50.0180 	EXP 	unnamed TextStim: height = 25.0
50.0180 	EXP 	unnamed TextStim: height = 25.0
50.0180 	EXP 	unnamed TextStim: text = 'm'
51.8397 	DATA 	Keypress: m
51.8422 	EXP 	Created unnamed TextStim = TextStim(__class__=<class 'psychopy.visual.text.TextStim'>, alignHoriz=method-wrapper(...), alignText='center', alignVert=method-wrapper(...), anchorHoriz='center', anchorVert='center', antialias=True, autoDraw=False, autoLog=True, bold=False, color=array([-1, -1, -1]), colorSpace='rgb', contrast=1.0, depth=0, flipHoriz=False, flipVert=False, font='', fontFiles=[], height=50.0, italic=False, languageStyle='LTR', name='unnamed TextStim', opacity=1.0, ori=0.0, pos=array([0., 0.]), rgb=UNKNOWN, text='Poprawnie', units='pix', win=Window(...), wrapWidth=500)
52.8517 	EXP 	unnamed TextStim: height = 25.0
52.8517 	EXP 	unnamed TextStim: height = 25.0
52.8517 	EXP 	unnamed TextStim: height = 25.0
52.8517 	EXP 	unnamed TextStim: text = 'n'
54.3545 	DATA 	Keypress: n
54.3575 	EXP 	Created unnamed TextStim = TextStim(__class__=<class 'psychopy.visual.text.TextStim'>, alignHoriz=method-wrapper(...), alignText='center', alignVert=method-wrapper(...), anchorHoriz='center', anchorVert='center', antialias=True, autoDraw=False, autoLog=True, bold=False, color=array([-1, -1, -1]), colorSpace='rgb', contrast=1.0, depth=0, flipHoriz=False, flipVert=False, font='', fontFiles=[], height=50.0, italic=False, languageStyle='LTR', name='unnamed TextStim', opacity=1.0, ori=0.0, pos=array([0., 0.]), rgb=UNKNOWN, text='Poprawnie', units='pix', win=Window(...), wrapWidth=500)
55.3685 	EXP 	unnamed TextStim: height = 25.0
55.3685 	EXP 	unnamed TextStim: height = 25.0
55.3685 	EXP 	unnamed TextStim: height = 25.0
55.3685 	EXP 	unnamed TextStim: text = 'x'
57.5041 	DATA 	Keypress: x
57.5065 	EXP 	Created unnamed TextStim = TextStim(__class__=<class 'psychopy.visual.text.TextStim'>, alignHoriz=method-wrapper(...), alignText='center', alignVert=method-wrapper(...), anchorHoriz='center', anchorVert='center', antialias=True, autoDraw=False, autoLog=True, bold=False, color=array([-1, -1, -1]), colorSpace='rgb', contrast=1.0, depth=0, flipHoriz=False, flipVert=False, font='', fontFiles=[], height=50.0, italic=False, languageStyle='LTR', name='unnamed TextStim', opacity=1.0, ori=0.0, pos=array([0., 0.]), rgb=UNKNOWN, text='Poprawnie', units='pix', win=Window(...), wrapWidth=500)
58.5185 	EXP 	unnamed TextStim: height = 25.0
58.5185 	EXP 	unnamed TextStim: height = 25.0
58.5185 	EXP 	unnamed TextStim: height = 25.0
58.5185 	EXP 	unnamed TextStim: text = 'n'
60.2471 	DATA 	Keypress: n
60.2492 	EXP 	Created unnamed TextStim = TextStim(__class__=<class 'psychopy.visual.text.TextStim'>, alignHoriz=method-wrapper(...), alignText='center', alignVert=method-wrapper(...), anchorHoriz='center', anchorVert='center', antialias=True, autoDraw=False, autoLog=True, bold=False, color=array([-1, -1, -1]), colorSpace='rgb', contrast=1.0, depth=0, flipHoriz=False, flipVert=False, font='', fontFiles=[], height=50.0, italic=False, languageStyle='LTR', name='unnamed TextStim', opacity=1.0, ori=0.0, pos=array([0., 0.]), rgb=UNKNOWN, text='Poprawnie', units='pix', win=Window(...), wrapWidth=500)
61.2524 	EXP 	unnamed TextStim: height = 25.0
61.2524 	EXP 	unnamed TextStim: height = 25.0
61.2524 	EXP 	unnamed TextStim: height = 25.0
61.2524 	EXP 	unnamed TextStim: text = 'm'
62.7461 	DATA 	Keypress: m
62.7484 	EXP 	Created unnamed TextStim = TextStim(__class__=<class 'psychopy.visual.text.TextStim'>, alignHoriz=method-wrapper(...), alignText='center', alignVert=method-wrapper(...), anchorHoriz='center', anchorVert='center', antialias=True, autoDraw=False, autoLog=True, bold=False, color=array([-1, -1, -1]), colorSpace='rgb', contrast=1.0, depth=0, flipHoriz=False, flipVert=False, font='', fontFiles=[], height=50.0, italic=False, languageStyle='LTR', name='unnamed TextStim', opacity=1.0, ori=0.0, pos=array([0., 0.]), rgb=UNKNOWN, text='Poprawnie', units='pix', win=Window(...), wrapWidth=500)
63.7531 	EXP 	unnamed TextStim: height = 25.0
63.7531 	EXP 	unnamed TextStim: height = 25.0
63.7531 	EXP 	unnamed TextStim: height = 25.0
63.7531 	EXP 	unnamed TextStim: text = 'n'
65.2740 	DATA 	Keypress: n
65.2766 	EXP 	Created unnamed TextStim = TextStim(__class__=<class 'psychopy.visual.text.TextStim'>, alignHoriz=method-wrapper(...), alignText='center', alignVert=method-wrapper(...), anchorHoriz='center', anchorVert='center', antialias=True, autoDraw=False, autoLog=True, bold=False, color=array([-1, -1, -1]), colorSpace='rgb', contrast=1.0, depth=0, flipHoriz=False, flipVert=False, font='', fontFiles=[], height=50.0, italic=False, languageStyle='LTR', name='unnamed TextStim', opacity=1.0, ori=0.0, pos=array([0., 0.]), rgb=UNKNOWN, text='Poprawnie', units='pix', win=Window(...), wrapWidth=500)
66.2856 	EXP 	unnamed TextStim: height = 25.0
66.2856 	EXP 	unnamed TextStim: height = 25.0
66.2856 	EXP 	unnamed TextStim: height = 25.0
66.2856 	EXP 	unnamed TextStim: text = 'm'
67.9207 	DATA 	Keypress: m
67.9227 	EXP 	Created unnamed TextStim = TextStim(__class__=<class 'psychopy.visual.text.TextStim'>, alignHoriz=method-wrapper(...), alignText='center', alignVert=method-wrapper(...), anchorHoriz='center', anchorVert='center', antialias=True, autoDraw=False, autoLog=True, bold=False, color=array([-1, -1, -1]), colorSpace='rgb', contrast=1.0, depth=0, flipHoriz=False, flipVert=False, font='', fontFiles=[], height=50.0, italic=False, languageStyle='LTR', name='unnamed TextStim', opacity=1.0, ori=0.0, pos=array([0., 0.]), rgb=UNKNOWN, text='Poprawnie', units='pix', win=Window(...), wrapWidth=500)
68.9355 	EXP 	unnamed TextStim: height = 25.0
68.9355 	EXP 	unnamed TextStim: height = 25.0
68.9355 	EXP 	unnamed TextStim: height = 25.0
68.9355 	EXP 	unnamed TextStim: text = 'z'
71.0614 	DATA 	Keypress: z
71.0639 	EXP 	Created unnamed TextStim = TextStim(__class__=<class 'psychopy.visual.text.TextStim'>, alignHoriz=method-wrapper(...), alignText='center', alignVert=method-wrapper(...), anchorHoriz='center', anchorVert='center', antialias=True, autoDraw=False, autoLog=True, bold=False, color=array([-1, -1, -1]), colorSpace='rgb', contrast=1.0, depth=0, flipHoriz=False, flipVert=False, font='', fontFiles=[], height=50.0, italic=False, languageStyle='LTR', name='unnamed TextStim', opacity=1.0, ori=0.0, pos=array([0., 0.]), rgb=UNKNOWN, text='Poprawnie', units='pix', win=Window(...), wrapWidth=500)
72.0691 	EXP 	unnamed TextStim: height = 25.0
72.0691 	EXP 	unnamed TextStim: height = 25.0
72.0691 	EXP 	unnamed TextStim: height = 25.0
72.0691 	EXP 	unnamed TextStim: text = 'm'
73.7289 	DATA 	Keypress: m
73.7312 	EXP 	Created unnamed TextStim = TextStim(__class__=<class 'psychopy.visual.text.TextStim'>, alignHoriz=method-wrapper(...), alignText='center', alignVert=method-wrapper(...), anchorHoriz='center', anchorVert='center', antialias=True, autoDraw=False, autoLog=True, bold=False, color=array([-1, -1, -1]), colorSpace='rgb', contrast=1.0, depth=0, flipHoriz=False, flipVert=False, font='', fontFiles=[], height=50.0, italic=False, languageStyle='LTR', name='unnamed TextStim', opacity=1.0, ori=0.0, pos=array([0., 0.]), rgb=UNKNOWN, text='Poprawnie', units='pix', win=Window(...), wrapWidth=500)
74.7359 	EXP 	unnamed TextStim: height = 25.0
74.7359 	EXP 	unnamed TextStim: height = 25.0
74.7359 	EXP 	unnamed TextStim: height = 25.0
74.7359 	EXP 	unnamed TextStim: text = 'z'
76.3384 	DATA 	Keypress: z
76.3410 	EXP 	Created unnamed TextStim = TextStim(__class__=<class 'psychopy.visual.text.TextStim'>, alignHoriz=method-wrapper(...), alignText='center', alignVert=method-wrapper(...), anchorHoriz='center', anchorVert='center', antialias=True, autoDraw=False, autoLog=True, bold=False, color=array([-1, -1, -1]), colorSpace='rgb', contrast=1.0, depth=0, flipHoriz=False, flipVert=False, font='', fontFiles=[], height=50.0, italic=False, languageStyle='LTR', name='unnamed TextStim', opacity=1.0, ori=0.0, pos=array([0., 0.]), rgb=UNKNOWN, text='Poprawnie', units='pix', win=Window(...), wrapWidth=500)
77.3748 	EXP 	Created unnamed TextStim = TextStim(__class__=<class 'psychopy.visual.text.TextStim'>, alignHoriz=method-wrapper(...), alignText='center', alignVert=method-wrapper(...), anchorHoriz='center', anchorVert='center', antialias=True, autoDraw=False, autoLog=True, bold=False, color=array([-1, -1, -1]), colorSpace='rgb', contrast=1.0, depth=0, flipHoriz=False, flipVert=False, font='', fontFiles=[], height=20.0, italic=False, languageStyle='LTR', name='unnamed TextStim', opacity=1.0, ori=0.0, pos=array([0., 0.]), rgb=UNKNOWN, text=str(...), units='pix', win=Window(...), wrapWidth=1536)
80.0573 	DATA 	Keypress: space
80.0695 	EXP 	unnamed TextStim: height = 25.0
80.0695 	EXP 	unnamed TextStim: height = 25.0
80.0695 	EXP 	unnamed TextStim: height = 25.0
80.0695 	EXP 	unnamed TextStim: text = 'n'
81.4125 	DATA 	Keypress: n
81.4196 	EXP 	Created unnamed TextStim = TextStim(__class__=<class 'psychopy.visual.text.TextStim'>, alignHoriz=method-wrapper(...), alignText='center', alignVert=method-wrapper(...), anchorHoriz='center', anchorVert='center', antialias=True, autoDraw=False, autoLog=True, bold=False, color=array([-1, -1, -1]), colorSpace='rgb', contrast=1.0, depth=0, flipHoriz=False, flipVert=False, font='', fontFiles=[], height=50.0, italic=False, languageStyle='LTR', name='unnamed TextStim', opacity=1.0, ori=0.0, pos=array([0., 0.]), rgb=UNKNOWN, text='Poprawnie', units='pix', win=Window(...), wrapWidth=500)
82.4361 	EXP 	unnamed TextStim: height = 25.0
82.4361 	EXP 	unnamed TextStim: height = 25.0
82.4361 	EXP 	unnamed TextStim: height = 25.0
82.4361 	EXP 	unnamed TextStim: text = 'm'
83.7529 	DATA 	Keypress: m
83.7554 	EXP 	Created unnamed TextStim = TextStim(__class__=<class 'psychopy.visual.text.TextStim'>, alignHoriz=method-wrapper(...), alignText='center', alignVert=method-wrapper(...), anchorHoriz='center', anchorVert='center', antialias=True, autoDraw=False, autoLog=True, bold=False, color=array([-1, -1, -1]), colorSpace='rgb', contrast=1.0, depth=0, flipHoriz=False, flipVert=False, font='', fontFiles=[], height=50.0, italic=False, languageStyle='LTR', name='unnamed TextStim', opacity=1.0, ori=0.0, pos=array([0., 0.]), rgb=UNKNOWN, text='Poprawnie', units='pix', win=Window(...), wrapWidth=500)
84.7697 	EXP 	unnamed TextStim: height = 25.0
84.7697 	EXP 	unnamed TextStim: height = 25.0
84.7697 	EXP 	unnamed TextStim: height = 25.0
84.7697 	EXP 	unnamed TextStim: text = 'x'
86.8864 	DATA 	Keypress: x
86.8885 	EXP 	Created unnamed TextStim = TextStim(__class__=<class 'psychopy.visual.text.TextStim'>, alignHoriz=method-wrapper(...), alignText='center', alignVert=method-wrapper(...), anchorHoriz='center', anchorVert='center', antialias=True, autoDraw=False, autoLog=True, bold=False, color=array([-1, -1, -1]), colorSpace='rgb', contrast=1.0, depth=0, flipHoriz=False, flipVert=False, font='', fontFiles=[], height=50.0, italic=False, languageStyle='LTR', name='unnamed TextStim', opacity=1.0, ori=0.0, pos=array([0., 0.]), rgb=UNKNOWN, text='Poprawnie', units='pix', win=Window(...), wrapWidth=500)
87.9033 	EXP 	unnamed TextStim: height = 25.0
87.9033 	EXP 	unnamed TextStim: height = 25.0
87.9033 	EXP 	unnamed TextStim: height = 25.0
87.9033 	EXP 	unnamed TextStim: text = 'n'
89.4046 	DATA 	Keypress: n
89.4066 	EXP 	Created unnamed TextStim = TextStim(__class__=<class 'psychopy.visual.text.TextStim'>, alignHoriz=method-wrapper(...), alignText='center', alignVert=method-wrapper(...), anchorHoriz='center', anchorVert='center', antialias=True, autoDraw=False, autoLog=True, bold=False, color=array([-1, -1, -1]), colorSpace='rgb', contrast=1.0, depth=0, flipHoriz=False, flipVert=False, font='', fontFiles=[], height=50.0, italic=False, languageStyle='LTR', name='unnamed TextStim', opacity=1.0, ori=0.0, pos=array([0., 0.]), rgb=UNKNOWN, text='Poprawnie', units='pix', win=Window(...), wrapWidth=500)
90.4198 	EXP 	unnamed TextStim: height = 25.0
90.4198 	EXP 	unnamed TextStim: height = 25.0
90.4198 	EXP 	unnamed TextStim: height = 25.0
90.4198 	EXP 	unnamed TextStim: text = 'm'
92.3654 	DATA 	Keypress: m
92.3673 	EXP 	Created unnamed TextStim = TextStim(__class__=<class 'psychopy.visual.text.TextStim'>, alignHoriz=method-wrapper(...), alignText='center', alignVert=method-wrapper(...), anchorHoriz='center', anchorVert='center', antialias=True, autoDraw=False, autoLog=True, bold=False, color=array([-1, -1, -1]), colorSpace='rgb', contrast=1.0, depth=0, flipHoriz=False, flipVert=False, font='', fontFiles=[], height=50.0, italic=False, languageStyle='LTR', name='unnamed TextStim', opacity=1.0, ori=0.0, pos=array([0., 0.]), rgb=UNKNOWN, text='Poprawnie', units='pix', win=Window(...), wrapWidth=500)
93.3719 	EXP 	unnamed TextStim: height = 25.0
93.3719 	EXP 	unnamed TextStim: height = 25.0
93.3719 	EXP 	unnamed TextStim: height = 25.0
93.3719 	EXP 	unnamed TextStim: text = 'z'
95.2935 	DATA 	Keypress: z
95.2962 	EXP 	Created unnamed TextStim = TextStim(__class__=<class 'psychopy.visual.text.TextStim'>, alignHoriz=method-wrapper(...), alignText='center', alignVert=method-wrapper(...), anchorHoriz='center', anchorVert='center', antialias=True, autoDraw=False, autoLog=True, bold=False, color=array([-1, -1, -1]), colorSpace='rgb', contrast=1.0, depth=0, flipHoriz=False, flipVert=False, font='', fontFiles=[], height=50.0, italic=False, languageStyle='LTR', name='unnamed TextStim', opacity=1.0, ori=0.0, pos=array([0., 0.]), rgb=UNKNOWN, text='Poprawnie', units='pix', win=Window(...), wrapWidth=500)
96.3035 	EXP 	unnamed TextStim: height = 25.0
96.3035 	EXP 	unnamed TextStim: height = 25.0
96.3035 	EXP 	unnamed TextStim: height = 25.0
96.3035 	EXP 	unnamed TextStim: text = 'n'
97.9156 	DATA 	Keypress: n
97.9184 	EXP 	Created unnamed TextStim = TextStim(__class__=<class 'psychopy.visual.text.TextStim'>, alignHoriz=method-wrapper(...), alignText='center', alignVert=method-wrapper(...), anchorHoriz='center', anchorVert='center', antialias=True, autoDraw=False, autoLog=True, bold=False, color=array([-1, -1, -1]), colorSpace='rgb', contrast=1.0, depth=0, flipHoriz=False, flipVert=False, font='', fontFiles=[], height=50.0, italic=False, languageStyle='LTR', name='unnamed TextStim', opacity=1.0, ori=0.0, pos=array([0., 0.]), rgb=UNKNOWN, text='Poprawnie', units='pix', win=Window(...), wrapWidth=500)
98.9368 	EXP 	unnamed TextStim: text = 'n'
100.6606 	DATA 	Keypress: n
100.6626 	EXP 	Created unnamed TextStim = TextStim(__class__=<class 'psychopy.visual.text.TextStim'>, alignHoriz=method-wrapper(...), alignText='center', alignVert=method-wrapper(...), anchorHoriz='center', anchorVert='center', antialias=True, autoDraw=False, autoLog=True, bold=False, color=array([-1, -1, -1]), colorSpace='rgb', contrast=1.0, depth=0, flipHoriz=False, flipVert=False, font='', fontFiles=[], height=50.0, italic=False, languageStyle='LTR', name='unnamed TextStim', opacity=1.0, ori=0.0, pos=array([0., 0.]), rgb=UNKNOWN, text='Poprawnie', units='pix', win=Window(...), wrapWidth=500)
101.6704 	EXP 	unnamed TextStim: height = 25.0
101.6704 	EXP 	unnamed TextStim: height = 25.0
101.6704 	EXP 	unnamed TextStim: height = 25.0
101.6704 	EXP 	unnamed TextStim: text = 'z'
103.3408 	DATA 	Keypress: z
103.3428 	EXP 	Created unnamed TextStim = TextStim(__class__=<class 'psychopy.visual.text.TextStim'>, alignHoriz=method-wrapper(...), alignText='center', alignVert=method-wrapper(...), anchorHoriz='center', anchorVert='center', antialias=True, autoDraw=False, autoLog=True, bold=False, color=array([-1, -1, -1]), colorSpace='rgb', contrast=1.0, depth=0, flipHoriz=False, flipVert=False, font='', fontFiles=[], height=50.0, italic=False, languageStyle='LTR', name='unnamed TextStim', opacity=1.0, ori=0.0, pos=array([0., 0.]), rgb=UNKNOWN, text='Poprawnie', units='pix', win=Window(...), wrapWidth=500)
104.3537 	EXP 	unnamed TextStim: height = 25.0
104.3537 	EXP 	unnamed TextStim: height = 25.0
104.3537 	EXP 	unnamed TextStim: height = 25.0
104.3537 	EXP 	unnamed TextStim: text = 'x'
106.6597 	DATA 	Keypress: m
106.6642 	EXP 	Created unnamed TextStim = TextStim(__class__=<class 'psychopy.visual.text.TextStim'>, alignHoriz=method-wrapper(...), alignText='center', alignVert=method-wrapper(...), anchorHoriz='center', anchorVert='center', antialias=True, autoDraw=False, autoLog=True, bold=False, color=array([-1, -1, -1]), colorSpace='rgb', contrast=1.0, depth=0, flipHoriz=False, flipVert=False, font='', fontFiles=[], height=50.0, italic=False, languageStyle='LTR', name='unnamed TextStim', opacity=1.0, ori=0.0, pos=array([0., 0.]), rgb=UNKNOWN, text='Niepoprawnie', units='pix', win=Window(...), wrapWidth=500)
107.6928 	EXP 	Created unnamed TextStim = TextStim(__class__=<class 'psychopy.visual.text.TextStim'>, alignHoriz=method-wrapper(...), alignText='center', alignVert=method-wrapper(...), anchorHoriz='center', anchorVert='center', antialias=True, autoDraw=False, autoLog=True, bold=False, color=array([-1, -1, -1]), colorSpace='rgb', contrast=1.0, depth=0, flipHoriz=False, flipVert=False, font='', fontFiles=[], height=20.0, italic=False, languageStyle='LTR', name='unnamed TextStim', opacity=1.0, ori=0.0, pos=array([0., 0.]), rgb=UNKNOWN, text=str(...), units='pix', win=Window(...), wrapWidth=1536)
114.1924 	DATA 	Keypress: space
114.2041 	EXP 	unnamed TextStim: height = 25.0
114.2041 	EXP 	unnamed TextStim: height = 25.0
114.2041 	EXP 	unnamed TextStim: height = 25.0
114.2041 	EXP 	unnamed TextStim: text = 'm'
115.8848 	DATA 	Keypress: m
115.8860 	EXP 	unnamed TextStim: text = 'm'
117.8200 	DATA 	Keypress: n
117.8213 	EXP 	unnamed TextStim: text = 'm'
119.2900 	DATA 	Keypress: m
119.2934 	EXP 	unnamed TextStim: height = 25.0
119.2934 	EXP 	unnamed TextStim: height = 25.0
119.2934 	EXP 	unnamed TextStim: height = 25.0
119.2934 	EXP 	unnamed TextStim: text = 'z'
120.8865 	DATA 	Keypress: z
120.8894 	EXP 	unnamed TextStim: height = 25.0
120.8894 	EXP 	unnamed TextStim: height = 25.0
120.8894 	EXP 	unnamed TextStim: height = 25.0
120.8894 	EXP 	unnamed TextStim: text = 'n'
122.8386 	DATA 	Keypress: x
122.8400 	EXP 	unnamed TextStim: text = 'n'
124.3296 	DATA 	Keypress: n
124.4898 	EXP 	Created unnamed ImageStim = ImageStim(__class__=<class 'psychopy.visual.image.ImageStim'>, anchor=('center', 'center'), autoLog=True, color=array([1., 1., 1.]), colorSpace='rgb', contrast=1.0, depth=0, flipHoriz=False, flipVert=False, image='break.jpg', interpolate=True, mask=None, maskParams=None, name='unnamed ImageStim', opacity=1.0, ori=0.0, pos=array([0., 0.]), size=array([1536.,  864.]), texRes=128, units='pix', win=Window(...))
130.7491 	DATA 	Keypress: space
130.7545 	EXP 	unnamed TextStim: height = 25.0
130.7545 	EXP 	unnamed TextStim: height = 25.0
130.7545 	EXP 	unnamed TextStim: height = 25.0
130.7545 	EXP 	unnamed TextStim: text = 'z'
133.0834 	DATA 	Keypress: z
133.0863 	EXP 	unnamed TextStim: height = 25.0
133.0863 	EXP 	unnamed TextStim: height = 25.0
133.0863 	EXP 	unnamed TextStim: height = 25.0
133.0863 	EXP 	unnamed TextStim: text = 'm'
134.7372 	DATA 	Keypress: m
134.7395 	EXP 	unnamed TextStim: height = 25.0
134.7395 	EXP 	unnamed TextStim: height = 25.0
134.7395 	EXP 	unnamed TextStim: height = 25.0
134.7395 	EXP 	unnamed TextStim: text = 'z'
136.1685 	DATA 	Keypress: z
136.1700 	EXP 	unnamed TextStim: text = 'z'
138.7328 	DATA 	Keypress: n
138.7353 	EXP 	unnamed TextStim: height = 25.0
138.7353 	EXP 	unnamed TextStim: height = 25.0
138.7353 	EXP 	unnamed TextStim: height = 25.0
138.7353 	EXP 	unnamed TextStim: text = 'm'
141.1087 	DATA 	Keypress: x
141.1099 	EXP 	unnamed TextStim: text = 'm'
142.6098 	DATA 	Keypress: m
142.7720 	EXP 	Created unnamed ImageStim = ImageStim(__class__=<class 'psychopy.visual.image.ImageStim'>, anchor=('center', 'center'), autoLog=True, color=array([1., 1., 1.]), colorSpace='rgb', contrast=1.0, depth=0, flipHoriz=False, flipVert=False, image='break.jpg', interpolate=True, mask=None, maskParams=None, name='unnamed ImageStim', opacity=1.0, ori=0.0, pos=array([0., 0.]), size=array([1536.,  864.]), texRes=128, units='pix', win=Window(...))
146.7609 	DATA 	Keypress: space
146.7720 	EXP 	unnamed TextStim: height = 25.0
146.7720 	EXP 	unnamed TextStim: height = 25.0
146.7720 	EXP 	unnamed TextStim: height = 25.0
146.7720 	EXP 	unnamed TextStim: text = 'x'
148.3357 	DATA 	Keypress: z
148.3367 	EXP 	unnamed TextStim: text = 'x'
150.3491 	DATA 	Keypress: x
150.3513 	EXP 	unnamed TextStim: height = 25.0
150.3513 	EXP 	unnamed TextStim: height = 25.0
150.3513 	EXP 	unnamed TextStim: height = 25.0
150.3513 	EXP 	unnamed TextStim: text = 'z'
151.9083 	DATA 	Keypress: z
151.9104 	EXP 	unnamed TextStim: height = 25.0
151.9104 	EXP 	unnamed TextStim: height = 25.0
151.9104 	EXP 	unnamed TextStim: height = 25.0
151.9104 	EXP 	unnamed TextStim: text = 'x'
153.4953 	DATA 	Keypress: x
153.4976 	EXP 	unnamed TextStim: height = 25.0
153.4976 	EXP 	unnamed TextStim: height = 25.0
153.4976 	EXP 	unnamed TextStim: height = 25.0
153.4976 	EXP 	unnamed TextStim: text = 'z'
155.0284 	DATA 	Keypress: z
155.0296 	EXP 	unnamed TextStim: text = 'z'
157.4390 	DATA 	Keypress: n
157.5953 	EXP 	Created unnamed ImageStim = ImageStim(__class__=<class 'psychopy.visual.image.ImageStim'>, anchor=('center', 'center'), autoLog=True, color=array([1., 1., 1.]), colorSpace='rgb', contrast=1.0, depth=0, flipHoriz=False, flipVert=False, image='break.jpg', interpolate=True, mask=None, maskParams=None, name='unnamed ImageStim', opacity=1.0, ori=0.0, pos=array([0., 0.]), size=array([1536.,  864.]), texRes=128, units='pix', win=Window(...))
159.5985 	DATA 	Keypress: space
159.6059 	EXP 	unnamed TextStim: height = 25.0
159.6059 	EXP 	unnamed TextStim: height = 25.0
159.6059 	EXP 	unnamed TextStim: height = 25.0
159.6059 	EXP 	unnamed TextStim: text = 'n'
161.1697 	DATA 	Keypress: n
161.1718 	EXP 	unnamed TextStim: height = 25.0
161.1718 	EXP 	unnamed TextStim: height = 25.0
161.1718 	EXP 	unnamed TextStim: height = 25.0
161.1718 	EXP 	unnamed TextStim: text = 'x'
162.9054 	DATA 	Keypress: m
162.9066 	EXP 	unnamed TextStim: text = 'x'
164.7778 	DATA 	Keypress: x
164.7799 	EXP 	unnamed TextStim: height = 25.0
164.7799 	EXP 	unnamed TextStim: height = 25.0
164.7799 	EXP 	unnamed TextStim: height = 25.0
164.7799 	EXP 	unnamed TextStim: text = 'm'
166.2352 	DATA 	Keypress: m
166.2365 	EXP 	unnamed TextStim: text = 'm'
168.7355 	DATA 	Keypress: x
168.7404 	EXP 	unnamed TextStim: height = 25.0
168.7404 	EXP 	unnamed TextStim: height = 25.0
168.7404 	EXP 	unnamed TextStim: height = 25.0
168.7404 	EXP 	unnamed TextStim: text = 'x'
170.4109 	DATA 	Keypress: x
170.5481 	EXP 	Created unnamed ImageStim = ImageStim(__class__=<class 'psychopy.visual.image.ImageStim'>, anchor=('center', 'center'), autoLog=True, color=array([1., 1., 1.]), colorSpace='rgb', contrast=1.0, depth=0, flipHoriz=False, flipVert=False, image='break.jpg', interpolate=True, mask=None, maskParams=None, name='unnamed ImageStim', opacity=1.0, ori=0.0, pos=array([0., 0.]), size=array([1536.,  864.]), texRes=128, units='pix', win=Window(...))
172.9773 	DATA 	Keypress: space
172.9897 	EXP 	unnamed TextStim: height = 25.0
172.9897 	EXP 	unnamed TextStim: height = 25.0
172.9897 	EXP 	unnamed TextStim: height = 25.0
172.9897 	EXP 	unnamed TextStim: text = 'z'
175.0241 	DATA 	Keypress: m
175.0262 	EXP 	unnamed TextStim: height = 25.0
175.0262 	EXP 	unnamed TextStim: height = 25.0
175.0262 	EXP 	unnamed TextStim: height = 25.0
175.0262 	EXP 	unnamed TextStim: text = 'x'
177.0791 	DATA 	Keypress: x
177.0825 	EXP 	unnamed TextStim: height = 25.0
177.0825 	EXP 	unnamed TextStim: height = 25.0
177.0825 	EXP 	unnamed TextStim: height = 25.0
177.0825 	EXP 	unnamed TextStim: text = 'z'
178.6265 	DATA 	Keypress: z
178.6286 	EXP 	unnamed TextStim: height = 25.0
178.6286 	EXP 	unnamed TextStim: height = 25.0
178.6286 	EXP 	unnamed TextStim: height = 25.0
178.6286 	EXP 	unnamed TextStim: text = 'n'
180.9676 	DATA 	Keypress: n
180.9699 	EXP 	unnamed TextStim: height = 25.0
180.9699 	EXP 	unnamed TextStim: height = 25.0
180.9699 	EXP 	unnamed TextStim: height = 25.0
180.9699 	EXP 	unnamed TextStim: text = 'm'
182.8212 	DATA 	Keypress: m
182.8239 	EXP 	unnamed TextStim: height = 25.0
182.8239 	EXP 	unnamed TextStim: height = 25.0
182.8239 	EXP 	unnamed TextStim: height = 25.0
182.8239 	EXP 	unnamed TextStim: text = 'n'
184.4503 	DATA 	Keypress: n
184.5963 	EXP 	Created unnamed ImageStim = ImageStim(__class__=<class 'psychopy.visual.image.ImageStim'>, anchor=('center', 'center'), autoLog=True, color=array([1., 1., 1.]), colorSpace='rgb', contrast=1.0, depth=0, flipHoriz=False, flipVert=False, image='break.jpg', interpolate=True, mask=None, maskParams=None, name='unnamed ImageStim', opacity=1.0, ori=0.0, pos=array([0., 0.]), size=array([1536.,  864.]), texRes=128, units='pix', win=Window(...))
188.6970 	DATA 	Keypress: space
188.7068 	EXP 	unnamed TextStim: height = 25.0
188.7068 	EXP 	unnamed TextStim: height = 25.0
188.7068 	EXP 	unnamed TextStim: height = 25.0
188.7068 	EXP 	unnamed TextStim: text = 'x'
190.4922 	DATA 	Keypress: x
190.4935 	EXP 	unnamed TextStim: text = 'x'
192.0185 	DATA 	Keypress: x
192.0256 	EXP 	unnamed TextStim: height = 25.0
192.0256 	EXP 	unnamed TextStim: height = 25.0
192.0256 	EXP 	unnamed TextStim: height = 25.0
192.0256 	EXP 	unnamed TextStim: text = 'z'
193.8979 	DATA 	Keypress: z
193.8990 	EXP 	unnamed TextStim: text = 'z'
196.1471 	DATA 	Keypress: x
196.1484 	EXP 	unnamed TextStim: text = 'z'
198.2550 	DATA 	Keypress: x
198.2574 	EXP 	unnamed TextStim: height = 25.0
198.2574 	EXP 	unnamed TextStim: height = 25.0
198.2574 	EXP 	unnamed TextStim: height = 25.0
198.2574 	EXP 	unnamed TextStim: text = 'n'
199.9138 	DATA 	Keypress: n
200.0617 	EXP 	Created unnamed ImageStim = ImageStim(__class__=<class 'psychopy.visual.image.ImageStim'>, anchor=('center', 'center'), autoLog=True, color=array([1., 1., 1.]), colorSpace='rgb', contrast=1.0, depth=0, flipHoriz=False, flipVert=False, image='break.jpg', interpolate=True, mask=None, maskParams=None, name='unnamed ImageStim', opacity=1.0, ori=0.0, pos=array([0., 0.]), size=array([1536.,  864.]), texRes=128, units='pix', win=Window(...))
202.4842 	DATA 	Keypress: space
202.4907 	EXP 	unnamed TextStim: height = 25.0
202.4907 	EXP 	unnamed TextStim: height = 25.0
202.4907 	EXP 	unnamed TextStim: height = 25.0
202.4907 	EXP 	unnamed TextStim: text = 'x'
204.5425 	DATA 	Keypress: x
204.5436 	EXP 	unnamed TextStim: text = 'x'
206.1035 	DATA 	Keypress: x
206.1057 	EXP 	unnamed TextStim: height = 25.0
206.1057 	EXP 	unnamed TextStim: height = 25.0
206.1057 	EXP 	unnamed TextStim: height = 25.0
206.1057 	EXP 	unnamed TextStim: text = 'z'
207.5899 	DATA 	Keypress: z
207.5910 	EXP 	unnamed TextStim: text = 'z'
209.1946 	DATA 	Keypress: z
209.1968 	EXP 	unnamed TextStim: height = 25.0
209.1968 	EXP 	unnamed TextStim: height = 25.0
209.1968 	EXP 	unnamed TextStim: height = 25.0
209.1968 	EXP 	unnamed TextStim: text = 'm'
211.1954 	DATA 	Keypress: n
211.1976 	EXP 	unnamed TextStim: height = 25.0
211.1976 	EXP 	unnamed TextStim: height = 25.0
211.1976 	EXP 	unnamed TextStim: height = 25.0
211.1976 	EXP 	unnamed TextStim: text = 'x'
213.9747 	DATA 	No keypress (maxWait exceeded)
214.1063 	EXP 	Created unnamed ImageStim = ImageStim(__class__=<class 'psychopy.visual.image.ImageStim'>, anchor=('center', 'center'), autoLog=True, color=array([1., 1., 1.]), colorSpace='rgb', contrast=1.0, depth=0, flipHoriz=False, flipVert=False, image='break.jpg', interpolate=True, mask=None, maskParams=None, name='unnamed ImageStim', opacity=1.0, ori=0.0, pos=array([0., 0.]), size=array([1536.,  864.]), texRes=128, units='pix', win=Window(...))
214.1818 	DATA 	Keypress: n
218.6722 	DATA 	Keypress: space
218.6747 	EXP 	unnamed TextStim: text = 'x'
220.7000 	DATA 	Keypress: n
220.7012 	EXP 	unnamed TextStim: text = 'x'
223.3170 	DATA 	Keypress: x
223.3201 	EXP 	unnamed TextStim: height = 25.0
223.3201 	EXP 	unnamed TextStim: height = 25.0
223.3201 	EXP 	unnamed TextStim: height = 25.0
223.3201 	EXP 	unnamed TextStim: text = 'n'
224.8803 	DATA 	Keypress: n
224.8873 	EXP 	unnamed TextStim: height = 25.0
224.8873 	EXP 	unnamed TextStim: height = 25.0
224.8873 	EXP 	unnamed TextStim: height = 25.0
224.8873 	EXP 	unnamed TextStim: text = 'x'
226.8262 	DATA 	Keypress: x
226.8282 	EXP 	unnamed TextStim: height = 25.0
226.8282 	EXP 	unnamed TextStim: height = 25.0
226.8282 	EXP 	unnamed TextStim: height = 25.0
226.8282 	EXP 	unnamed TextStim: text = 'z'
228.2816 	DATA 	Keypress: z
228.2828 	EXP 	unnamed TextStim: text = 'z'
230.2398 	DATA 	Keypress: n
230.3799 	EXP 	Created unnamed ImageStim = ImageStim(__class__=<class 'psychopy.visual.image.ImageStim'>, anchor=('center', 'center'), autoLog=True, color=array([1., 1., 1.]), colorSpace='rgb', contrast=1.0, depth=0, flipHoriz=False, flipVert=False, image='break.jpg', interpolate=True, mask=None, maskParams=None, name='unnamed ImageStim', opacity=1.0, ori=0.0, pos=array([0., 0.]), size=array([1536.,  864.]), texRes=128, units='pix', win=Window(...))
233.3818 	DATA 	Keypress: space
233.3921 	EXP 	unnamed TextStim: height = 25.0
233.3921 	EXP 	unnamed TextStim: height = 25.0
233.3921 	EXP 	unnamed TextStim: height = 25.0
233.3921 	EXP 	unnamed TextStim: text = 'x'
235.0070 	DATA 	Keypress: n
235.0092 	EXP 	unnamed TextStim: height = 25.0
235.0092 	EXP 	unnamed TextStim: height = 25.0
235.0092 	EXP 	unnamed TextStim: height = 25.0
235.0092 	EXP 	unnamed TextStim: text = 'm'
236.5552 	DATA 	Keypress: m
236.5563 	EXP 	unnamed TextStim: text = 'm'
238.0378 	DATA 	Keypress: m
238.0399 	EXP 	unnamed TextStim: height = 25.0
238.0399 	EXP 	unnamed TextStim: height = 25.0
238.0399 	EXP 	unnamed TextStim: height = 25.0
238.0399 	EXP 	unnamed TextStim: text = 'z'
239.8031 	DATA 	Keypress: z
239.8042 	EXP 	unnamed TextStim: text = 'z'
241.4427 	DATA 	Keypress: x
241.4448 	EXP 	unnamed TextStim: height = 25.0
241.4448 	EXP 	unnamed TextStim: height = 25.0
241.4448 	EXP 	unnamed TextStim: height = 25.0
241.4448 	EXP 	unnamed TextStim: text = 'x'
243.2409 	DATA 	Keypress: z
243.3575 	EXP 	Created unnamed ImageStim = ImageStim(__class__=<class 'psychopy.visual.image.ImageStim'>, anchor=('center', 'center'), autoLog=True, color=array([1., 1., 1.]), colorSpace='rgb', contrast=1.0, depth=0, flipHoriz=False, flipVert=False, image='break.jpg', interpolate=True, mask=None, maskParams=None, name='unnamed ImageStim', opacity=1.0, ori=0.0, pos=array([0., 0.]), size=array([1536.,  864.]), texRes=128, units='pix', win=Window(...))
245.9610 	DATA 	Keypress: space
245.9759 	EXP 	unnamed TextStim: height = 25.0
245.9759 	EXP 	unnamed TextStim: height = 25.0
245.9759 	EXP 	unnamed TextStim: height = 25.0
245.9759 	EXP 	unnamed TextStim: text = 'z'
247.3911 	DATA 	Keypress: z
247.3922 	EXP 	unnamed TextStim: text = 'z'
248.9229 	DATA 	Keypress: z
248.9299 	EXP 	unnamed TextStim: height = 25.0
248.9299 	EXP 	unnamed TextStim: height = 25.0
248.9299 	EXP 	unnamed TextStim: height = 25.0
248.9299 	EXP 	unnamed TextStim: text = 'n'
250.9273 	DATA 	Keypress: m
250.9286 	EXP 	unnamed TextStim: text = 'n'
253.7263 	DATA 	No keypress (maxWait exceeded)
253.7285 	EXP 	unnamed TextStim: height = 25.0
253.7285 	EXP 	unnamed TextStim: height = 25.0
253.7285 	EXP 	unnamed TextStim: height = 25.0
253.7285 	EXP 	unnamed TextStim: text = 'x'
255.3900 	DATA 	Keypress: z
255.3923 	EXP 	unnamed TextStim: height = 25.0
255.3923 	EXP 	unnamed TextStim: height = 25.0
255.3923 	EXP 	unnamed TextStim: height = 25.0
255.3923 	EXP 	unnamed TextStim: text = 'm'
257.9391 	DATA 	Keypress: x
258.0918 	EXP 	Created unnamed ImageStim = ImageStim(__class__=<class 'psychopy.visual.image.ImageStim'>, anchor=('center', 'center'), autoLog=True, color=array([1., 1., 1.]), colorSpace='rgb', contrast=1.0, depth=0, flipHoriz=False, flipVert=False, image='break.jpg', interpolate=True, mask=None, maskParams=None, name='unnamed ImageStim', opacity=1.0, ori=0.0, pos=array([0., 0.]), size=array([1536.,  864.]), texRes=128, units='pix', win=Window(...))
260.2800 	DATA 	Keypress: space
260.2930 	EXP 	unnamed TextStim: height = 25.0
260.2930 	EXP 	unnamed TextStim: height = 25.0
260.2930 	EXP 	unnamed TextStim: height = 25.0
260.2930 	EXP 	unnamed TextStim: text = 'z'
261.7309 	DATA 	Keypress: z
261.7319 	EXP 	unnamed TextStim: text = 'z'
263.1349 	DATA 	Keypress: z
263.1371 	EXP 	unnamed TextStim: height = 25.0
263.1371 	EXP 	unnamed TextStim: height = 25.0
263.1371 	EXP 	unnamed TextStim: height = 25.0
263.1371 	EXP 	unnamed TextStim: text = 'm'
264.7358 	DATA 	Keypress: m
264.7381 	EXP 	unnamed TextStim: height = 25.0
264.7381 	EXP 	unnamed TextStim: height = 25.0
264.7381 	EXP 	unnamed TextStim: height = 25.0
264.7381 	EXP 	unnamed TextStim: text = 'n'
266.2839 	DATA 	Keypress: n
266.2864 	EXP 	unnamed TextStim: height = 25.0
266.2864 	EXP 	unnamed TextStim: height = 25.0
266.2864 	EXP 	unnamed TextStim: height = 25.0
266.2864 	EXP 	unnamed TextStim: text = 'x'
268.1756 	DATA 	Keypress: x
268.1777 	EXP 	unnamed TextStim: height = 25.0
268.1777 	EXP 	unnamed TextStim: height = 25.0
268.1777 	EXP 	unnamed TextStim: height = 25.0
268.1777 	EXP 	unnamed TextStim: text = 'z'
269.9039 	DATA 	Keypress: z
270.0280 	EXP 	Created unnamed ImageStim = ImageStim(__class__=<class 'psychopy.visual.image.ImageStim'>, anchor=('center', 'center'), autoLog=True, color=array([1., 1., 1.]), colorSpace='rgb', contrast=1.0, depth=0, flipHoriz=False, flipVert=False, image='break.jpg', interpolate=True, mask=None, maskParams=None, name='unnamed ImageStim', opacity=1.0, ori=0.0, pos=array([0., 0.]), size=array([1536.,  864.]), texRes=128, units='pix', win=Window(...))
272.6186 	DATA 	Keypress: space
272.6388 	EXP 	Created unnamed TextStim = TextStim(__class__=<class 'psychopy.visual.text.TextStim'>, alignHoriz=method-wrapper(...), alignText='center', alignVert=method-wrapper(...), anchorHoriz='center', anchorVert='center', antialias=True, autoDraw=False, autoLog=True, bold=False, color=array([-1, -1, -1]), colorSpace='rgb', contrast=1.0, depth=0, flipHoriz=False, flipVert=False, font='', fontFiles=[], height=20.0, italic=False, languageStyle='LTR', name='unnamed TextStim', opacity=1.0, ori=0.0, pos=array([0., 0.]), rgb=UNKNOWN, text=str(...), units='pix', win=Window(...), wrapWidth=1536)
283.7747 	DATA 	Keypress: space
283.8550 	EXP 	window1: mouseVisible = True
