10.5360 	WARNING 	User requested fullscreen with size [1536  864], but screen is actually [1920, 1080]. Using actual size
11.8172 	INFO 	FRAME RATE: 60
11.8173 	INFO 	SCREEN RES: odict_values([1536, 864])
11.8761 	EXP 	Created unnamed TextStim = TextStim(__class__=<class 'psychopy.visual.text.TextStim'>, alignHoriz=method-wrapper(...), alignText='center', alignVert=method-wrapper(...), anchorHoriz='center', anchorVert='center', antialias=True, autoDraw=False, autoLog=True, bold=False, color=array([-1, -1, -1]), colorSpace='rgb', contrast=1.0, depth=0, flipHoriz=False, flipVert=False, font='', fontFiles=[], height=100.0, italic=False, languageStyle='LTR', name='unnamed TextStim', opacity=1.0, ori=0.0, pos=array([0., 0.]), rgb=UNKNOWN, text='+', units='pix', win=Window(...), wrapWidth=500)
11.8805 	EXP 	Created unnamed Circle = Circle(__class__=<class 'psychopy.visual.circle.Circle'>, anchor=('center', 'center'), autoDraw=False, autoLog=True, closeShape=True, color=method-wrapper(...), colorSpace='rgb', contrast=None, depth=0, fillColor=array([ 0.09019608, -1.        , -1.        ]), fillColorSpace='rgb', fillRGB=array([ 0.09019608, -1.        , -1.        ]), interpolate=True, lineColor=array([ 0.09019608, -1.        , -1.        ]), lineColorSpace='rgb', lineRGB=array([ 0.09019608, -1.        , -1.        ]), lineWidth=1.5, name='unnamed Circle', opacity=1.0, ori=0.0, pos=array([0., 0.]), size=array([1., 1.]), units='pix', vertices=ndarray(...), win=Window(...))
11.8818 	EXP 	Created unnamed TextStim = TextStim(__class__=<class 'psychopy.visual.text.TextStim'>, alignHoriz=method-wrapper(...), alignText='center', alignVert=method-wrapper(...), anchorHoriz='center', anchorVert='center', antialias=True, autoDraw=False, autoLog=True, bold=False, color=array([-0.17647059, -0.17647059, -0.17647059]), colorSpace='rgb', contrast=1.0, depth=0, flipHoriz=False, flipVert=False, font='', fontFiles=[], height=25, italic=False, languageStyle='LTR', name='unnamed TextStim', opacity=1.0, ori=0.0, pos=array([0., 0.]), rgb=UNKNOWN, text='', units='pix', win=Window(...), wrapWidth=500)
11.8910 	EXP 	Created unnamed ImageStim = ImageStim(__class__=<class 'psychopy.visual.image.ImageStim'>, anchor=('center', 'center'), autoLog=True, color=array([1., 1., 1.]), colorSpace='rgb', contrast=1.0, depth=0, flipHoriz=False, flipVert=False, image='mask4.png', interpolate=False, mask=None, maskParams=None, name='unnamed ImageStim', opacity=1.0, ori=0.0, pos=array([0., 0.]), size=array([25., 25.]), texRes=128, units='pix', win=Window(...))
11.9000 	EXP 	Created unnamed TextStim = TextStim(__class__=<class 'psychopy.visual.text.TextStim'>, alignHoriz=method-wrapper(...), alignText='center', alignVert=method-wrapper(...), anchorHoriz='center', anchorVert='center', antialias=True, autoDraw=False, autoLog=True, bold=False, color=array([-1, -1, -1]), colorSpace='rgb', contrast=1.0, depth=0, flipHoriz=False, flipVert=False, font='', fontFiles=[], height=30.0, italic=False, languageStyle='LTR', name='unnamed TextStim', opacity=1.0, ori=0.0, pos=array([ 100., -300.]), rgb=UNKNOWN, text=str(...), units='pix', win=Window(...), wrapWidth=10000)
11.9044 	EXP 	Created unnamed TextStim = TextStim(__class__=<class 'psychopy.visual.text.TextStim'>, alignHoriz=method-wrapper(...), alignText='center', alignVert=method-wrapper(...), anchorHoriz='center', anchorVert='center', antialias=True, autoDraw=False, autoLog=True, bold=False, color=array([-1, -1, -1]), colorSpace='rgb', contrast=1.0, depth=0, flipHoriz=False, flipVert=False, font='', fontFiles=[], height=30.0, italic=False, languageStyle='LTR', name='unnamed TextStim', opacity=1.0, ori=0.0, pos=array([ 100., -330.]), rgb=UNKNOWN, text=str(...), units='pix', win=Window(...), wrapWidth=10000)
11.9479 	EXP 	Created unnamed TextStim = TextStim(__class__=<class 'psychopy.visual.text.TextStim'>, alignHoriz=method-wrapper(...), alignText='center', alignVert=method-wrapper(...), anchorHoriz='center', anchorVert='center', antialias=True, autoDraw=False, autoLog=True, bold=False, color=array([-1, -1, -1]), colorSpace='rgb', contrast=1.0, depth=0, flipHoriz=False, flipVert=False, font='', fontFiles=[], height=20.0, italic=False, languageStyle='LTR', name='unnamed TextStim', opacity=1.0, ori=0.0, pos=array([0., 0.]), rgb=UNKNOWN, text=str(...), units='pix', win=Window(...), wrapWidth=1536)
34.7745 	DATA 	Keypress: space
34.7832 	EXP 	unnamed TextStim: height = 25.0
34.7832 	EXP 	unnamed TextStim: height = 25.0
34.7832 	EXP 	unnamed TextStim: height = 25.0
34.7832 	EXP 	unnamed TextStim: text = 'n'
36.6126 	DATA 	Keypress: n
36.6212 	EXP 	Created unnamed TextStim = TextStim(__class__=<class 'psychopy.visual.text.TextStim'>, alignHoriz=method-wrapper(...), alignText='center', alignVert=method-wrapper(...), anchorHoriz='center', anchorVert='center', antialias=True, autoDraw=False, autoLog=True, bold=False, color=array([-1, -1, -1]), colorSpace='rgb', contrast=1.0, depth=0, flipHoriz=False, flipVert=False, font='', fontFiles=[], height=50.0, italic=False, languageStyle='LTR', name='unnamed TextStim', opacity=1.0, ori=0.0, pos=array([0., 0.]), rgb=UNKNOWN, text='Poprawnie', units='pix', win=Window(...), wrapWidth=500)
37.6335 	EXP 	unnamed TextStim: text = 'n'
39.1872 	DATA 	Keypress: n
39.1892 	EXP 	Created unnamed TextStim = TextStim(__class__=<class 'psychopy.visual.text.TextStim'>, alignHoriz=method-wrapper(...), alignText='center', alignVert=method-wrapper(...), anchorHoriz='center', anchorVert='center', antialias=True, autoDraw=False, autoLog=True, bold=False, color=array([-1, -1, -1]), colorSpace='rgb', contrast=1.0, depth=0, flipHoriz=False, flipVert=False, font='', fontFiles=[], height=50.0, italic=False, languageStyle='LTR', name='unnamed TextStim', opacity=1.0, ori=0.0, pos=array([0., 0.]), rgb=UNKNOWN, text='Poprawnie', units='pix', win=Window(...), wrapWidth=500)
40.2000 	EXP 	unnamed TextStim: height = 25.0
40.2000 	EXP 	unnamed TextStim: height = 25.0
40.2000 	EXP 	unnamed TextStim: height = 25.0
40.2000 	EXP 	unnamed TextStim: text = 'z'
41.4181 	DATA 	Keypress: x
41.4921 	EXP 	Created unnamed TextStim = TextStim(__class__=<class 'psychopy.visual.text.TextStim'>, alignHoriz=method-wrapper(...), alignText='center', alignVert=method-wrapper(...), anchorHoriz='center', anchorVert='center', antialias=True, autoDraw=False, autoLog=True, bold=False, color=array([-1, -1, -1]), colorSpace='rgb', contrast=1.0, depth=0, flipHoriz=False, flipVert=False, font='', fontFiles=[], height=50.0, italic=False, languageStyle='LTR', name='unnamed TextStim', opacity=1.0, ori=0.0, pos=array([0., 0.]), rgb=UNKNOWN, text='Niepoprawnie', units='pix', win=Window(...), wrapWidth=500)
42.5170 	EXP 	unnamed TextStim: height = 25.0
42.5170 	EXP 	unnamed TextStim: height = 25.0
42.5170 	EXP 	unnamed TextStim: height = 25.0
42.5170 	EXP 	unnamed TextStim: text = 'x'
44.0127 	DATA 	Keypress: x
44.0150 	EXP 	Created unnamed TextStim = TextStim(__class__=<class 'psychopy.visual.text.TextStim'>, alignHoriz=method-wrapper(...), alignText='center', alignVert=method-wrapper(...), anchorHoriz='center', anchorVert='center', antialias=True, autoDraw=False, autoLog=True, bold=False, color=array([-1, -1, -1]), colorSpace='rgb', contrast=1.0, depth=0, flipHoriz=False, flipVert=False, font='', fontFiles=[], height=50.0, italic=False, languageStyle='LTR', name='unnamed TextStim', opacity=1.0, ori=0.0, pos=array([0., 0.]), rgb=UNKNOWN, text='Poprawnie', units='pix', win=Window(...), wrapWidth=500)
45.0338 	EXP 	unnamed TextStim: height = 25.0
45.0338 	EXP 	unnamed TextStim: height = 25.0
45.0338 	EXP 	unnamed TextStim: height = 25.0
45.0338 	EXP 	unnamed TextStim: text = 'n'
46.6161 	DATA 	Keypress: n
46.6182 	EXP 	Created unnamed TextStim = TextStim(__class__=<class 'psychopy.visual.text.TextStim'>, alignHoriz=method-wrapper(...), alignText='center', alignVert=method-wrapper(...), anchorHoriz='center', anchorVert='center', antialias=True, autoDraw=False, autoLog=True, bold=False, color=array([-1, -1, -1]), colorSpace='rgb', contrast=1.0, depth=0, flipHoriz=False, flipVert=False, font='', fontFiles=[], height=50.0, italic=False, languageStyle='LTR', name='unnamed TextStim', opacity=1.0, ori=0.0, pos=array([0., 0.]), rgb=UNKNOWN, text='Poprawnie', units='pix', win=Window(...), wrapWidth=500)
47.6338 	EXP 	unnamed TextStim: text = 'n'
49.0177 	DATA 	Keypress: n
49.0226 	EXP 	Created unnamed TextStim = TextStim(__class__=<class 'psychopy.visual.text.TextStim'>, alignHoriz=method-wrapper(...), alignText='center', alignVert=method-wrapper(...), anchorHoriz='center', anchorVert='center', antialias=True, autoDraw=False, autoLog=True, bold=False, color=array([-1, -1, -1]), colorSpace='rgb', contrast=1.0, depth=0, flipHoriz=False, flipVert=False, font='', fontFiles=[], height=50.0, italic=False, languageStyle='LTR', name='unnamed TextStim', opacity=1.0, ori=0.0, pos=array([0., 0.]), rgb=UNKNOWN, text='Poprawnie', units='pix', win=Window(...), wrapWidth=500)
50.0505 	EXP 	unnamed TextStim: height = 25.0
50.0505 	EXP 	unnamed TextStim: height = 25.0
50.0505 	EXP 	unnamed TextStim: height = 25.0
50.0505 	EXP 	unnamed TextStim: text = 'z'
51.4681 	DATA 	Keypress: n
51.4738 	EXP 	Created unnamed TextStim = TextStim(__class__=<class 'psychopy.visual.text.TextStim'>, alignHoriz=method-wrapper(...), alignText='center', alignVert=method-wrapper(...), anchorHoriz='center', anchorVert='center', antialias=True, autoDraw=False, autoLog=True, bold=False, color=array([-1, -1, -1]), colorSpace='rgb', contrast=1.0, depth=0, flipHoriz=False, flipVert=False, font='', fontFiles=[], height=50.0, italic=False, languageStyle='LTR', name='unnamed TextStim', opacity=1.0, ori=0.0, pos=array([0., 0.]), rgb=UNKNOWN, text='Niepoprawnie', units='pix', win=Window(...), wrapWidth=500)
52.5006 	EXP 	unnamed TextStim: text = 'z'
54.1271 	DATA 	Keypress: z
54.1296 	EXP 	Created unnamed TextStim = TextStim(__class__=<class 'psychopy.visual.text.TextStim'>, alignHoriz=method-wrapper(...), alignText='center', alignVert=method-wrapper(...), anchorHoriz='center', anchorVert='center', antialias=True, autoDraw=False, autoLog=True, bold=False, color=array([-1, -1, -1]), colorSpace='rgb', contrast=1.0, depth=0, flipHoriz=False, flipVert=False, font='', fontFiles=[], height=50.0, italic=False, languageStyle='LTR', name='unnamed TextStim', opacity=1.0, ori=0.0, pos=array([0., 0.]), rgb=UNKNOWN, text='Poprawnie', units='pix', win=Window(...), wrapWidth=500)
55.1341 	EXP 	unnamed TextStim: height = 25.0
55.1341 	EXP 	unnamed TextStim: height = 25.0
55.1341 	EXP 	unnamed TextStim: height = 25.0
55.1341 	EXP 	unnamed TextStim: text = 'n'
56.6545 	DATA 	Keypress: n
56.6565 	EXP 	Created unnamed TextStim = TextStim(__class__=<class 'psychopy.visual.text.TextStim'>, alignHoriz=method-wrapper(...), alignText='center', alignVert=method-wrapper(...), anchorHoriz='center', anchorVert='center', antialias=True, autoDraw=False, autoLog=True, bold=False, color=array([-1, -1, -1]), colorSpace='rgb', contrast=1.0, depth=0, flipHoriz=False, flipVert=False, font='', fontFiles=[], height=50.0, italic=False, languageStyle='LTR', name='unnamed TextStim', opacity=1.0, ori=0.0, pos=array([0., 0.]), rgb=UNKNOWN, text='Poprawnie', units='pix', win=Window(...), wrapWidth=500)
57.6675 	EXP 	unnamed TextStim: height = 25.0
57.6675 	EXP 	unnamed TextStim: height = 25.0
57.6675 	EXP 	unnamed TextStim: height = 25.0
57.6675 	EXP 	unnamed TextStim: text = 'm'
59.4558 	DATA 	Keypress: m
59.4583 	EXP 	Created unnamed TextStim = TextStim(__class__=<class 'psychopy.visual.text.TextStim'>, alignHoriz=method-wrapper(...), alignText='center', alignVert=method-wrapper(...), anchorHoriz='center', anchorVert='center', antialias=True, autoDraw=False, autoLog=True, bold=False, color=array([-1, -1, -1]), colorSpace='rgb', contrast=1.0, depth=0, flipHoriz=False, flipVert=False, font='', fontFiles=[], height=50.0, italic=False, languageStyle='LTR', name='unnamed TextStim', opacity=1.0, ori=0.0, pos=array([0., 0.]), rgb=UNKNOWN, text='Poprawnie', units='pix', win=Window(...), wrapWidth=500)
60.4676 	EXP 	unnamed TextStim: height = 25.0
60.4676 	EXP 	unnamed TextStim: height = 25.0
60.4676 	EXP 	unnamed TextStim: height = 25.0
60.4676 	EXP 	unnamed TextStim: text = 'n'
62.0692 	DATA 	Keypress: n
62.0717 	EXP 	Created unnamed TextStim = TextStim(__class__=<class 'psychopy.visual.text.TextStim'>, alignHoriz=method-wrapper(...), alignText='center', alignVert=method-wrapper(...), anchorHoriz='center', anchorVert='center', antialias=True, autoDraw=False, autoLog=True, bold=False, color=array([-1, -1, -1]), colorSpace='rgb', contrast=1.0, depth=0, flipHoriz=False, flipVert=False, font='', fontFiles=[], height=50.0, italic=False, languageStyle='LTR', name='unnamed TextStim', opacity=1.0, ori=0.0, pos=array([0., 0.]), rgb=UNKNOWN, text='Poprawnie', units='pix', win=Window(...), wrapWidth=500)
63.0844 	EXP 	unnamed TextStim: height = 25.0
63.0844 	EXP 	unnamed TextStim: height = 25.0
63.0844 	EXP 	unnamed TextStim: height = 25.0
63.0844 	EXP 	unnamed TextStim: text = 'z'
64.7260 	DATA 	Keypress: z
64.7281 	EXP 	Created unnamed TextStim = TextStim(__class__=<class 'psychopy.visual.text.TextStim'>, alignHoriz=method-wrapper(...), alignText='center', alignVert=method-wrapper(...), anchorHoriz='center', anchorVert='center', antialias=True, autoDraw=False, autoLog=True, bold=False, color=array([-1, -1, -1]), colorSpace='rgb', contrast=1.0, depth=0, flipHoriz=False, flipVert=False, font='', fontFiles=[], height=50.0, italic=False, languageStyle='LTR', name='unnamed TextStim', opacity=1.0, ori=0.0, pos=array([0., 0.]), rgb=UNKNOWN, text='Poprawnie', units='pix', win=Window(...), wrapWidth=500)
65.7345 	EXP 	unnamed TextStim: text = 'z'
67.4047 	DATA 	Keypress: z
67.4073 	EXP 	Created unnamed TextStim = TextStim(__class__=<class 'psychopy.visual.text.TextStim'>, alignHoriz=method-wrapper(...), alignText='center', alignVert=method-wrapper(...), anchorHoriz='center', anchorVert='center', antialias=True, autoDraw=False, autoLog=True, bold=False, color=array([-1, -1, -1]), colorSpace='rgb', contrast=1.0, depth=0, flipHoriz=False, flipVert=False, font='', fontFiles=[], height=50.0, italic=False, languageStyle='LTR', name='unnamed TextStim', opacity=1.0, ori=0.0, pos=array([0., 0.]), rgb=UNKNOWN, text='Poprawnie', units='pix', win=Window(...), wrapWidth=500)
68.4180 	EXP 	unnamed TextStim: height = 25.0
68.4180 	EXP 	unnamed TextStim: height = 25.0
68.4180 	EXP 	unnamed TextStim: height = 25.0
68.4180 	EXP 	unnamed TextStim: text = 'm'
69.9027 	DATA 	Keypress: n
69.9054 	EXP 	Created unnamed TextStim = TextStim(__class__=<class 'psychopy.visual.text.TextStim'>, alignHoriz=method-wrapper(...), alignText='center', alignVert=method-wrapper(...), anchorHoriz='center', anchorVert='center', antialias=True, autoDraw=False, autoLog=True, bold=False, color=array([-1, -1, -1]), colorSpace='rgb', contrast=1.0, depth=0, flipHoriz=False, flipVert=False, font='', fontFiles=[], height=50.0, italic=False, languageStyle='LTR', name='unnamed TextStim', opacity=1.0, ori=0.0, pos=array([0., 0.]), rgb=UNKNOWN, text='Niepoprawnie', units='pix', win=Window(...), wrapWidth=500)
70.9180 	EXP 	unnamed TextStim: text = 'm'
72.3854 	DATA 	Keypress: m
73.7072 	DATA 	Keypress: m
73.7094 	EXP 	Created unnamed TextStim = TextStim(__class__=<class 'psychopy.visual.text.TextStim'>, alignHoriz=method-wrapper(...), alignText='center', alignVert=method-wrapper(...), anchorHoriz='center', anchorVert='center', antialias=True, autoDraw=False, autoLog=True, bold=False, color=array([-1, -1, -1]), colorSpace='rgb', contrast=1.0, depth=0, flipHoriz=False, flipVert=False, font='', fontFiles=[], height=50.0, italic=False, languageStyle='LTR', name='unnamed TextStim', opacity=1.0, ori=0.0, pos=array([0., 0.]), rgb=UNKNOWN, text='Poprawnie', units='pix', win=Window(...), wrapWidth=500)
74.7425 	EXP 	Created unnamed TextStim = TextStim(__class__=<class 'psychopy.visual.text.TextStim'>, alignHoriz=method-wrapper(...), alignText='center', alignVert=method-wrapper(...), anchorHoriz='center', anchorVert='center', antialias=True, autoDraw=False, autoLog=True, bold=False, color=array([-1, -1, -1]), colorSpace='rgb', contrast=1.0, depth=0, flipHoriz=False, flipVert=False, font='', fontFiles=[], height=20.0, italic=False, languageStyle='LTR', name='unnamed TextStim', opacity=1.0, ori=0.0, pos=array([0., 0.]), rgb=UNKNOWN, text=str(...), units='pix', win=Window(...), wrapWidth=1536)
89.2116 	DATA 	Keypress: space
89.2185 	EXP 	unnamed TextStim: height = 25.0
89.2185 	EXP 	unnamed TextStim: height = 25.0
89.2185 	EXP 	unnamed TextStim: height = 25.0
89.2185 	EXP 	unnamed TextStim: text = 'x'
90.7234 	DATA 	Keypress: z
90.7309 	EXP 	Created unnamed TextStim = TextStim(__class__=<class 'psychopy.visual.text.TextStim'>, alignHoriz=method-wrapper(...), alignText='center', alignVert=method-wrapper(...), anchorHoriz='center', anchorVert='center', antialias=True, autoDraw=False, autoLog=True, bold=False, color=array([-1, -1, -1]), colorSpace='rgb', contrast=1.0, depth=0, flipHoriz=False, flipVert=False, font='', fontFiles=[], height=50.0, italic=False, languageStyle='LTR', name='unnamed TextStim', opacity=1.0, ori=0.0, pos=array([0., 0.]), rgb=UNKNOWN, text='Niepoprawnie', units='pix', win=Window(...), wrapWidth=500)
91.7356 	EXP 	unnamed TextStim: text = 'x'
93.3705 	DATA 	Keypress: x
93.3743 	EXP 	Created unnamed TextStim = TextStim(__class__=<class 'psychopy.visual.text.TextStim'>, alignHoriz=method-wrapper(...), alignText='center', alignVert=method-wrapper(...), anchorHoriz='center', anchorVert='center', antialias=True, autoDraw=False, autoLog=True, bold=False, color=array([-1, -1, -1]), colorSpace='rgb', contrast=1.0, depth=0, flipHoriz=False, flipVert=False, font='', fontFiles=[], height=50.0, italic=False, languageStyle='LTR', name='unnamed TextStim', opacity=1.0, ori=0.0, pos=array([0., 0.]), rgb=UNKNOWN, text='Poprawnie', units='pix', win=Window(...), wrapWidth=500)
94.3857 	EXP 	unnamed TextStim: height = 25.0
94.3857 	EXP 	unnamed TextStim: height = 25.0
94.3857 	EXP 	unnamed TextStim: height = 25.0
94.3857 	EXP 	unnamed TextStim: text = 'z'
97.1527 	DATA 	No keypress (maxWait exceeded)
97.1547 	EXP 	Created unnamed TextStim = TextStim(__class__=<class 'psychopy.visual.text.TextStim'>, alignHoriz=method-wrapper(...), alignText='center', alignVert=method-wrapper(...), anchorHoriz='center', anchorVert='center', antialias=True, autoDraw=False, autoLog=True, bold=False, color=array([-1, -1, -1]), colorSpace='rgb', contrast=1.0, depth=0, flipHoriz=False, flipVert=False, font='', fontFiles=[], height=50.0, italic=False, languageStyle='LTR', name='unnamed TextStim', opacity=1.0, ori=0.0, pos=array([0., 0.]), rgb=UNKNOWN, text='Niepoprawnie', units='pix', win=Window(...), wrapWidth=500)
98.1691 	EXP 	unnamed TextStim: height = 25.0
98.1691 	EXP 	unnamed TextStim: height = 25.0
98.1691 	EXP 	unnamed TextStim: height = 25.0
98.1691 	EXP 	unnamed TextStim: text = 'm'
99.6576 	DATA 	Keypress: m
99.6595 	EXP 	Created unnamed TextStim = TextStim(__class__=<class 'psychopy.visual.text.TextStim'>, alignHoriz=method-wrapper(...), alignText='center', alignVert=method-wrapper(...), anchorHoriz='center', anchorVert='center', antialias=True, autoDraw=False, autoLog=True, bold=False, color=array([-1, -1, -1]), colorSpace='rgb', contrast=1.0, depth=0, flipHoriz=False, flipVert=False, font='', fontFiles=[], height=50.0, italic=False, languageStyle='LTR', name='unnamed TextStim', opacity=1.0, ori=0.0, pos=array([0., 0.]), rgb=UNKNOWN, text='Poprawnie', units='pix', win=Window(...), wrapWidth=500)
100.6692 	EXP 	unnamed TextStim: text = 'm'
102.1059 	DATA 	Keypress: m
102.1082 	EXP 	Created unnamed TextStim = TextStim(__class__=<class 'psychopy.visual.text.TextStim'>, alignHoriz=method-wrapper(...), alignText='center', alignVert=method-wrapper(...), anchorHoriz='center', anchorVert='center', antialias=True, autoDraw=False, autoLog=True, bold=False, color=array([-1, -1, -1]), colorSpace='rgb', contrast=1.0, depth=0, flipHoriz=False, flipVert=False, font='', fontFiles=[], height=50.0, italic=False, languageStyle='LTR', name='unnamed TextStim', opacity=1.0, ori=0.0, pos=array([0., 0.]), rgb=UNKNOWN, text='Poprawnie', units='pix', win=Window(...), wrapWidth=500)
103.1192 	EXP 	unnamed TextStim: text = 'm'
104.2866 	DATA 	Keypress: n
104.2919 	EXP 	Created unnamed TextStim = TextStim(__class__=<class 'psychopy.visual.text.TextStim'>, alignHoriz=method-wrapper(...), alignText='center', alignVert=method-wrapper(...), anchorHoriz='center', anchorVert='center', antialias=True, autoDraw=False, autoLog=True, bold=False, color=array([-1, -1, -1]), colorSpace='rgb', contrast=1.0, depth=0, flipHoriz=False, flipVert=False, font='', fontFiles=[], height=50.0, italic=False, languageStyle='LTR', name='unnamed TextStim', opacity=1.0, ori=0.0, pos=array([0., 0.]), rgb=UNKNOWN, text='Niepoprawnie', units='pix', win=Window(...), wrapWidth=500)
105.3194 	EXP 	unnamed TextStim: height = 25.0
105.3194 	EXP 	unnamed TextStim: height = 25.0
105.3194 	EXP 	unnamed TextStim: height = 25.0
105.3194 	EXP 	unnamed TextStim: text = 'n'
106.7695 	DATA 	Keypress: n
106.7720 	EXP 	Created unnamed TextStim = TextStim(__class__=<class 'psychopy.visual.text.TextStim'>, alignHoriz=method-wrapper(...), alignText='center', alignVert=method-wrapper(...), anchorHoriz='center', anchorVert='center', antialias=True, autoDraw=False, autoLog=True, bold=False, color=array([-1, -1, -1]), colorSpace='rgb', contrast=1.0, depth=0, flipHoriz=False, flipVert=False, font='', fontFiles=[], height=50.0, italic=False, languageStyle='LTR', name='unnamed TextStim', opacity=1.0, ori=0.0, pos=array([0., 0.]), rgb=UNKNOWN, text='Poprawnie', units='pix', win=Window(...), wrapWidth=500)
107.7861 	EXP 	unnamed TextStim: height = 25.0
107.7861 	EXP 	unnamed TextStim: height = 25.0
107.7861 	EXP 	unnamed TextStim: height = 25.0
107.7861 	EXP 	unnamed TextStim: text = 'z'
109.2722 	DATA 	Keypress: z
109.2746 	EXP 	Created unnamed TextStim = TextStim(__class__=<class 'psychopy.visual.text.TextStim'>, alignHoriz=method-wrapper(...), alignText='center', alignVert=method-wrapper(...), anchorHoriz='center', anchorVert='center', antialias=True, autoDraw=False, autoLog=True, bold=False, color=array([-1, -1, -1]), colorSpace='rgb', contrast=1.0, depth=0, flipHoriz=False, flipVert=False, font='', fontFiles=[], height=50.0, italic=False, languageStyle='LTR', name='unnamed TextStim', opacity=1.0, ori=0.0, pos=array([0., 0.]), rgb=UNKNOWN, text='Poprawnie', units='pix', win=Window(...), wrapWidth=500)
110.2863 	EXP 	unnamed TextStim: height = 25.0
110.2863 	EXP 	unnamed TextStim: height = 25.0
110.2863 	EXP 	unnamed TextStim: height = 25.0
110.2863 	EXP 	unnamed TextStim: text = 'n'
112.2903 	DATA 	Keypress: z
112.2924 	EXP 	Created unnamed TextStim = TextStim(__class__=<class 'psychopy.visual.text.TextStim'>, alignHoriz=method-wrapper(...), alignText='center', alignVert=method-wrapper(...), anchorHoriz='center', anchorVert='center', antialias=True, autoDraw=False, autoLog=True, bold=False, color=array([-1, -1, -1]), colorSpace='rgb', contrast=1.0, depth=0, flipHoriz=False, flipVert=False, font='', fontFiles=[], height=50.0, italic=False, languageStyle='LTR', name='unnamed TextStim', opacity=1.0, ori=0.0, pos=array([0., 0.]), rgb=UNKNOWN, text='Niepoprawnie', units='pix', win=Window(...), wrapWidth=500)
113.3028 	EXP 	unnamed TextStim: text = 'n'
114.6439 	DATA 	Keypress: n
114.6458 	EXP 	Created unnamed TextStim = TextStim(__class__=<class 'psychopy.visual.text.TextStim'>, alignHoriz=method-wrapper(...), alignText='center', alignVert=method-wrapper(...), anchorHoriz='center', anchorVert='center', antialias=True, autoDraw=False, autoLog=True, bold=False, color=array([-1, -1, -1]), colorSpace='rgb', contrast=1.0, depth=0, flipHoriz=False, flipVert=False, font='', fontFiles=[], height=50.0, italic=False, languageStyle='LTR', name='unnamed TextStim', opacity=1.0, ori=0.0, pos=array([0., 0.]), rgb=UNKNOWN, text='Poprawnie', units='pix', win=Window(...), wrapWidth=500)
115.6744 	EXP 	Created unnamed TextStim = TextStim(__class__=<class 'psychopy.visual.text.TextStim'>, alignHoriz=method-wrapper(...), alignText='center', alignVert=method-wrapper(...), anchorHoriz='center', anchorVert='center', antialias=True, autoDraw=False, autoLog=True, bold=False, color=array([-1, -1, -1]), colorSpace='rgb', contrast=1.0, depth=0, flipHoriz=False, flipVert=False, font='', fontFiles=[], height=20.0, italic=False, languageStyle='LTR', name='unnamed TextStim', opacity=1.0, ori=0.0, pos=array([0., 0.]), rgb=UNKNOWN, text=str(...), units='pix', win=Window(...), wrapWidth=1536)
130.0442 	DATA 	Keypress: space
130.0534 	EXP 	unnamed TextStim: height = 25.0
130.0534 	EXP 	unnamed TextStim: height = 25.0
130.0534 	EXP 	unnamed TextStim: height = 25.0
130.0534 	EXP 	unnamed TextStim: text = 'z'
131.7289 	DATA 	Keypress: z
131.7324 	EXP 	unnamed TextStim: height = 25.0
131.7324 	EXP 	unnamed TextStim: height = 25.0
131.7324 	EXP 	unnamed TextStim: height = 25.0
131.7324 	EXP 	unnamed TextStim: text = 'x'
133.7601 	DATA 	Keypress: n
133.7628 	EXP 	unnamed TextStim: height = 25.0
133.7628 	EXP 	unnamed TextStim: height = 25.0
133.7628 	EXP 	unnamed TextStim: height = 25.0
133.7628 	EXP 	unnamed TextStim: text = 'z'
136.3161 	DATA 	Keypress: n
136.3191 	EXP 	unnamed TextStim: height = 25.0
136.3191 	EXP 	unnamed TextStim: height = 25.0
136.3191 	EXP 	unnamed TextStim: height = 25.0
136.3191 	EXP 	unnamed TextStim: text = 'n'
137.7963 	DATA 	Keypress: n
137.7986 	EXP 	unnamed TextStim: height = 25.0
137.7986 	EXP 	unnamed TextStim: height = 25.0
137.7986 	EXP 	unnamed TextStim: height = 25.0
137.7986 	EXP 	unnamed TextStim: text = 'z'
139.6038 	DATA 	Keypress: z
139.6071 	EXP 	unnamed TextStim: height = 25.0
139.6071 	EXP 	unnamed TextStim: height = 25.0
139.6071 	EXP 	unnamed TextStim: height = 25.0
139.6071 	EXP 	unnamed TextStim: text = 'm'
141.2687 	DATA 	Keypress: m
141.4375 	EXP 	Created unnamed ImageStim = ImageStim(__class__=<class 'psychopy.visual.image.ImageStim'>, anchor=('center', 'center'), autoLog=True, color=array([1., 1., 1.]), colorSpace='rgb', contrast=1.0, depth=0, flipHoriz=False, flipVert=False, image='break.jpg', interpolate=True, mask=None, maskParams=None, name='unnamed ImageStim', opacity=1.0, ori=0.0, pos=array([0., 0.]), size=array([1536.,  864.]), texRes=128, units='pix', win=Window(...))
152.3789 	DATA 	Keypress: space
152.3875 	EXP 	unnamed TextStim: height = 25.0
152.3875 	EXP 	unnamed TextStim: height = 25.0
152.3875 	EXP 	unnamed TextStim: height = 25.0
152.3875 	EXP 	unnamed TextStim: text = 'x'
154.6118 	DATA 	Keypress: x
154.6130 	EXP 	unnamed TextStim: text = 'x'
156.0310 	DATA 	Keypress: x
156.0334 	EXP 	unnamed TextStim: height = 25.0
156.0334 	EXP 	unnamed TextStim: height = 25.0
156.0334 	EXP 	unnamed TextStim: height = 25.0
156.0334 	EXP 	unnamed TextStim: text = 'm'
157.5554 	DATA 	Keypress: m
157.5566 	EXP 	unnamed TextStim: text = 'm'
158.8521 	DATA 	Keypress: m
158.8532 	EXP 	unnamed TextStim: text = 'm'
160.5811 	DATA 	Keypress: n
160.5833 	EXP 	unnamed TextStim: height = 25.0
160.5833 	EXP 	unnamed TextStim: height = 25.0
160.5833 	EXP 	unnamed TextStim: height = 25.0
160.5833 	EXP 	unnamed TextStim: text = 'z'
162.2712 	DATA 	Keypress: n
162.3955 	EXP 	Created unnamed ImageStim = ImageStim(__class__=<class 'psychopy.visual.image.ImageStim'>, anchor=('center', 'center'), autoLog=True, color=array([1., 1., 1.]), colorSpace='rgb', contrast=1.0, depth=0, flipHoriz=False, flipVert=False, image='break.jpg', interpolate=True, mask=None, maskParams=None, name='unnamed ImageStim', opacity=1.0, ori=0.0, pos=array([0., 0.]), size=array([1536.,  864.]), texRes=128, units='pix', win=Window(...))
166.8383 	DATA 	Keypress: space
166.8550 	EXP 	unnamed TextStim: text = 'z'
168.6899 	DATA 	Keypress: z
168.6921 	EXP 	unnamed TextStim: height = 25.0
168.6921 	EXP 	unnamed TextStim: height = 25.0
168.6921 	EXP 	unnamed TextStim: height = 25.0
168.6921 	EXP 	unnamed TextStim: text = 'n'
170.3060 	DATA 	Keypress: n
170.3082 	EXP 	unnamed TextStim: height = 25.0
170.3082 	EXP 	unnamed TextStim: height = 25.0
170.3082 	EXP 	unnamed TextStim: height = 25.0
170.3082 	EXP 	unnamed TextStim: text = 'x'
172.0199 	DATA 	Keypress: x
172.0224 	EXP 	unnamed TextStim: height = 25.0
172.0224 	EXP 	unnamed TextStim: height = 25.0
172.0224 	EXP 	unnamed TextStim: height = 25.0
172.0224 	EXP 	unnamed TextStim: text = 'z'
173.4655 	DATA 	Keypress: z
173.4676 	EXP 	unnamed TextStim: height = 25.0
173.4676 	EXP 	unnamed TextStim: height = 25.0
173.4676 	EXP 	unnamed TextStim: height = 25.0
173.4676 	EXP 	unnamed TextStim: text = 'n'
175.0775 	DATA 	Keypress: z
175.0797 	EXP 	unnamed TextStim: height = 25.0
175.0797 	EXP 	unnamed TextStim: height = 25.0
175.0797 	EXP 	unnamed TextStim: height = 25.0
175.0797 	EXP 	unnamed TextStim: text = 'z'
176.3823 	DATA 	Keypress: z
176.4970 	EXP 	Created unnamed ImageStim = ImageStim(__class__=<class 'psychopy.visual.image.ImageStim'>, anchor=('center', 'center'), autoLog=True, color=array([1., 1., 1.]), colorSpace='rgb', contrast=1.0, depth=0, flipHoriz=False, flipVert=False, image='break.jpg', interpolate=True, mask=None, maskParams=None, name='unnamed ImageStim', opacity=1.0, ori=0.0, pos=array([0., 0.]), size=array([1536.,  864.]), texRes=128, units='pix', win=Window(...))
192.3440 	DATA 	Keypress: space
192.3561 	EXP 	unnamed TextStim: height = 25.0
192.3561 	EXP 	unnamed TextStim: height = 25.0
192.3561 	EXP 	unnamed TextStim: height = 25.0
192.3561 	EXP 	unnamed TextStim: text = 'n'
193.8773 	DATA 	Keypress: n
193.8799 	EXP 	unnamed TextStim: height = 25.0
193.8799 	EXP 	unnamed TextStim: height = 25.0
193.8799 	EXP 	unnamed TextStim: height = 25.0
193.8799 	EXP 	unnamed TextStim: text = 'm'
195.1682 	DATA 	Keypress: m
195.1693 	EXP 	unnamed TextStim: text = 'm'
196.4931 	DATA 	Keypress: m
196.4942 	EXP 	unnamed TextStim: text = 'm'
197.7735 	DATA 	Keypress: m
199.2736 	DATA 	No keypress (maxWait exceeded)
199.2758 	EXP 	unnamed TextStim: height = 25.0
199.2758 	EXP 	unnamed TextStim: height = 25.0
199.2758 	EXP 	unnamed TextStim: height = 25.0
199.2758 	EXP 	unnamed TextStim: text = 'z'
200.7491 	DATA 	Keypress: z
200.7513 	EXP 	unnamed TextStim: height = 25.0
200.7513 	EXP 	unnamed TextStim: height = 25.0
200.7513 	EXP 	unnamed TextStim: height = 25.0
200.7513 	EXP 	unnamed TextStim: text = 'n'
202.4134 	DATA 	Keypress: x
202.5647 	EXP 	Created unnamed ImageStim = ImageStim(__class__=<class 'psychopy.visual.image.ImageStim'>, anchor=('center', 'center'), autoLog=True, color=array([1., 1., 1.]), colorSpace='rgb', contrast=1.0, depth=0, flipHoriz=False, flipVert=False, image='break.jpg', interpolate=True, mask=None, maskParams=None, name='unnamed ImageStim', opacity=1.0, ori=0.0, pos=array([0., 0.]), size=array([1536.,  864.]), texRes=128, units='pix', win=Window(...))
206.1370 	DATA 	Keypress: space
206.1397 	EXP 	unnamed TextStim: text = 'n'
207.8005 	DATA 	Keypress: n
207.8017 	EXP 	unnamed TextStim: text = 'n'
209.4232 	DATA 	Keypress: z
209.4255 	EXP 	unnamed TextStim: height = 25.0
209.4255 	EXP 	unnamed TextStim: height = 25.0
209.4255 	EXP 	unnamed TextStim: height = 25.0
209.4255 	EXP 	unnamed TextStim: text = 'x'
211.4129 	DATA 	Keypress: x
211.4158 	EXP 	unnamed TextStim: height = 25.0
211.4158 	EXP 	unnamed TextStim: height = 25.0
211.4158 	EXP 	unnamed TextStim: height = 25.0
211.4158 	EXP 	unnamed TextStim: text = 'n'
213.4488 	DATA 	Keypress: z
213.4500 	EXP 	unnamed TextStim: text = 'n'
215.0143 	DATA 	Keypress: n
215.0165 	EXP 	unnamed TextStim: height = 25.0
215.0165 	EXP 	unnamed TextStim: height = 25.0
215.0165 	EXP 	unnamed TextStim: height = 25.0
215.0165 	EXP 	unnamed TextStim: text = 'x'
216.6223 	DATA 	Keypress: z
216.7603 	EXP 	Created unnamed ImageStim = ImageStim(__class__=<class 'psychopy.visual.image.ImageStim'>, anchor=('center', 'center'), autoLog=True, color=array([1., 1., 1.]), colorSpace='rgb', contrast=1.0, depth=0, flipHoriz=False, flipVert=False, image='break.jpg', interpolate=True, mask=None, maskParams=None, name='unnamed ImageStim', opacity=1.0, ori=0.0, pos=array([0., 0.]), size=array([1536.,  864.]), texRes=128, units='pix', win=Window(...))
218.9756 	DATA 	Keypress: space
218.9904 	EXP 	unnamed TextStim: height = 25.0
218.9904 	EXP 	unnamed TextStim: height = 25.0
218.9904 	EXP 	unnamed TextStim: height = 25.0
218.9904 	EXP 	unnamed TextStim: text = 'n'
220.8149 	DATA 	Keypress: m
220.8170 	EXP 	unnamed TextStim: height = 25.0
220.8170 	EXP 	unnamed TextStim: height = 25.0
220.8170 	EXP 	unnamed TextStim: height = 25.0
220.8170 	EXP 	unnamed TextStim: text = 'x'
222.4744 	DATA 	Keypress: m
222.4766 	EXP 	unnamed TextStim: height = 25.0
222.4766 	EXP 	unnamed TextStim: height = 25.0
222.4766 	EXP 	unnamed TextStim: height = 25.0
222.4766 	EXP 	unnamed TextStim: text = 'z'
223.7591 	DATA 	Keypress: z
225.2742 	DATA 	No keypress (maxWait exceeded)
225.2764 	EXP 	unnamed TextStim: height = 25.0
225.2764 	EXP 	unnamed TextStim: height = 25.0
225.2764 	EXP 	unnamed TextStim: height = 25.0
225.2764 	EXP 	unnamed TextStim: text = 'x'
225.6253 	DATA 	Keypress: z
227.9932 	DATA 	Keypress: x
227.9943 	EXP 	unnamed TextStim: text = 'x'
229.7121 	DATA 	Keypress: n
229.7144 	EXP 	unnamed TextStim: height = 25.0
229.7144 	EXP 	unnamed TextStim: height = 25.0
229.7144 	EXP 	unnamed TextStim: height = 25.0
229.7144 	EXP 	unnamed TextStim: text = 'z'
231.2696 	DATA 	Keypress: n
231.4101 	EXP 	Created unnamed ImageStim = ImageStim(__class__=<class 'psychopy.visual.image.ImageStim'>, anchor=('center', 'center'), autoLog=True, color=array([1., 1., 1.]), colorSpace='rgb', contrast=1.0, depth=0, flipHoriz=False, flipVert=False, image='break.jpg', interpolate=True, mask=None, maskParams=None, name='unnamed ImageStim', opacity=1.0, ori=0.0, pos=array([0., 0.]), size=array([1536.,  864.]), texRes=128, units='pix', win=Window(...))
233.9044 	DATA 	Keypress: space
233.9073 	EXP 	unnamed TextStim: height = 25.0
233.9073 	EXP 	unnamed TextStim: height = 25.0
233.9073 	EXP 	unnamed TextStim: height = 25.0
233.9073 	EXP 	unnamed TextStim: text = 'n'
235.5417 	DATA 	Keypress: n
235.5438 	EXP 	unnamed TextStim: height = 25.0
235.5438 	EXP 	unnamed TextStim: height = 25.0
235.5438 	EXP 	unnamed TextStim: height = 25.0
235.5438 	EXP 	unnamed TextStim: text = 'x'
237.1652 	DATA 	Keypress: z
237.1674 	EXP 	unnamed TextStim: height = 25.0
237.1674 	EXP 	unnamed TextStim: height = 25.0
237.1674 	EXP 	unnamed TextStim: height = 25.0
237.1674 	EXP 	unnamed TextStim: text = 'm'
238.7400 	DATA 	Keypress: m
238.7422 	EXP 	unnamed TextStim: height = 25.0
238.7422 	EXP 	unnamed TextStim: height = 25.0
238.7422 	EXP 	unnamed TextStim: height = 25.0
238.7422 	EXP 	unnamed TextStim: text = 'n'
240.2216 	DATA 	Keypress: m
240.2263 	EXP 	unnamed TextStim: height = 25.0
240.2263 	EXP 	unnamed TextStim: height = 25.0
240.2263 	EXP 	unnamed TextStim: height = 25.0
240.2263 	EXP 	unnamed TextStim: text = 'm'
241.5083 	DATA 	Keypress: m
241.5247 	EXP 	unnamed TextStim: height = 25.0
241.5247 	EXP 	unnamed TextStim: height = 25.0
241.5247 	EXP 	unnamed TextStim: height = 25.0
241.5247 	EXP 	unnamed TextStim: text = 'z'
242.8832 	DATA 	Keypress: z
243.0150 	EXP 	Created unnamed ImageStim = ImageStim(__class__=<class 'psychopy.visual.image.ImageStim'>, anchor=('center', 'center'), autoLog=True, color=array([1., 1., 1.]), colorSpace='rgb', contrast=1.0, depth=0, flipHoriz=False, flipVert=False, image='break.jpg', interpolate=True, mask=None, maskParams=None, name='unnamed ImageStim', opacity=1.0, ori=0.0, pos=array([0., 0.]), size=array([1536.,  864.]), texRes=128, units='pix', win=Window(...))
250.9939 	DATA 	Keypress: space
251.0082 	EXP 	unnamed TextStim: height = 25.0
251.0082 	EXP 	unnamed TextStim: height = 25.0
251.0082 	EXP 	unnamed TextStim: height = 25.0
251.0082 	EXP 	unnamed TextStim: text = 'm'
252.6620 	DATA 	Keypress: m
252.6643 	EXP 	unnamed TextStim: height = 25.0
252.6643 	EXP 	unnamed TextStim: height = 25.0
252.6643 	EXP 	unnamed TextStim: height = 25.0
252.6643 	EXP 	unnamed TextStim: text = 'n'
253.9589 	DATA 	Keypress: z
255.3447 	DATA 	Keypress: n
255.3466 	EXP 	unnamed TextStim: text = 'n'
256.7261 	DATA 	Keypress: n
256.7273 	EXP 	unnamed TextStim: text = 'n'
258.0926 	DATA 	Keypress: n
258.0948 	EXP 	unnamed TextStim: height = 25.0
258.0948 	EXP 	unnamed TextStim: height = 25.0
258.0948 	EXP 	unnamed TextStim: height = 25.0
258.0948 	EXP 	unnamed TextStim: text = 'm'
259.5115 	DATA 	Keypress: m
259.5137 	EXP 	unnamed TextStim: height = 25.0
259.5137 	EXP 	unnamed TextStim: height = 25.0
259.5137 	EXP 	unnamed TextStim: height = 25.0
259.5137 	EXP 	unnamed TextStim: text = 'z'
261.2423 	DATA 	Keypress: m
261.3652 	EXP 	Created unnamed ImageStim = ImageStim(__class__=<class 'psychopy.visual.image.ImageStim'>, anchor=('center', 'center'), autoLog=True, color=array([1., 1., 1.]), colorSpace='rgb', contrast=1.0, depth=0, flipHoriz=False, flipVert=False, image='break.jpg', interpolate=True, mask=None, maskParams=None, name='unnamed ImageStim', opacity=1.0, ori=0.0, pos=array([0., 0.]), size=array([1536.,  864.]), texRes=128, units='pix', win=Window(...))
267.3653 	DATA 	Keypress: space
267.3753 	EXP 	unnamed TextStim: height = 25.0
267.3753 	EXP 	unnamed TextStim: height = 25.0
267.3753 	EXP 	unnamed TextStim: height = 25.0
267.3753 	EXP 	unnamed TextStim: text = 'x'
269.3053 	DATA 	Keypress: z
269.3065 	EXP 	unnamed TextStim: text = 'x'
270.8598 	DATA 	Keypress: x
270.8620 	EXP 	unnamed TextStim: height = 25.0
270.8620 	EXP 	unnamed TextStim: height = 25.0
270.8620 	EXP 	unnamed TextStim: height = 25.0
270.8620 	EXP 	unnamed TextStim: text = 'm'
272.5821 	DATA 	Keypress: n
272.5832 	EXP 	unnamed TextStim: text = 'm'
274.1958 	DATA 	Keypress: n
274.2025 	EXP 	unnamed TextStim: height = 25.0
274.2025 	EXP 	unnamed TextStim: height = 25.0
274.2025 	EXP 	unnamed TextStim: height = 25.0
274.2025 	EXP 	unnamed TextStim: text = 'z'
275.7613 	DATA 	Keypress: z
275.7624 	EXP 	unnamed TextStim: text = 'z'
277.1153 	DATA 	Keypress: n
277.2363 	EXP 	Created unnamed ImageStim = ImageStim(__class__=<class 'psychopy.visual.image.ImageStim'>, anchor=('center', 'center'), autoLog=True, color=array([1., 1., 1.]), colorSpace='rgb', contrast=1.0, depth=0, flipHoriz=False, flipVert=False, image='break.jpg', interpolate=True, mask=None, maskParams=None, name='unnamed ImageStim', opacity=1.0, ori=0.0, pos=array([0., 0.]), size=array([1536.,  864.]), texRes=128, units='pix', win=Window(...))
279.2772 	DATA 	Keypress: space
279.2926 	EXP 	unnamed TextStim: height = 25.0
279.2926 	EXP 	unnamed TextStim: height = 25.0
279.2926 	EXP 	unnamed TextStim: height = 25.0
279.2926 	EXP 	unnamed TextStim: text = 'm'
280.9982 	DATA 	Keypress: m
281.0005 	EXP 	unnamed TextStim: height = 25.0
281.0005 	EXP 	unnamed TextStim: height = 25.0
281.0005 	EXP 	unnamed TextStim: height = 25.0
281.0005 	EXP 	unnamed TextStim: text = 'x'
282.3279 	DATA 	Keypress: z
282.3291 	EXP 	unnamed TextStim: text = 'x'
284.4519 	DATA 	Keypress: x
284.4541 	EXP 	unnamed TextStim: height = 25.0
284.4541 	EXP 	unnamed TextStim: height = 25.0
284.4541 	EXP 	unnamed TextStim: height = 25.0
284.4541 	EXP 	unnamed TextStim: text = 'n'
285.9119 	DATA 	Keypress: n
285.9131 	EXP 	unnamed TextStim: text = 'n'
287.2103 	DATA 	Keypress: n
288.6395 	DATA 	Keypress: n
288.6417 	EXP 	unnamed TextStim: height = 25.0
288.6417 	EXP 	unnamed TextStim: height = 25.0
288.6417 	EXP 	unnamed TextStim: height = 25.0
288.6417 	EXP 	unnamed TextStim: text = 'x'
290.3010 	DATA 	Keypress: x
290.4482 	EXP 	Created unnamed ImageStim = ImageStim(__class__=<class 'psychopy.visual.image.ImageStim'>, anchor=('center', 'center'), autoLog=True, color=array([1., 1., 1.]), colorSpace='rgb', contrast=1.0, depth=0, flipHoriz=False, flipVert=False, image='break.jpg', interpolate=True, mask=None, maskParams=None, name='unnamed ImageStim', opacity=1.0, ori=0.0, pos=array([0., 0.]), size=array([1536.,  864.]), texRes=128, units='pix', win=Window(...))
294.0001 	DATA 	Keypress: space
294.0096 	EXP 	unnamed TextStim: text = 'x'
295.8462 	DATA 	Keypress: n
295.8483 	EXP 	unnamed TextStim: text = 'x'
297.4972 	DATA 	Keypress: x
297.4983 	EXP 	unnamed TextStim: text = 'x'
298.7785 	DATA 	Keypress: x
299.9312 	DATA 	Keypress: x
299.9334 	EXP 	unnamed TextStim: height = 25.0
299.9334 	EXP 	unnamed TextStim: height = 25.0
299.9334 	EXP 	unnamed TextStim: height = 25.0
299.9334 	EXP 	unnamed TextStim: text = 'z'
301.3755 	DATA 	Keypress: z
301.3778 	EXP 	unnamed TextStim: height = 25.0
301.3778 	EXP 	unnamed TextStim: height = 25.0
301.3778 	EXP 	unnamed TextStim: height = 25.0
301.3778 	EXP 	unnamed TextStim: text = 'm'
303.3291 	DATA 	Keypress: m
303.3361 	EXP 	unnamed TextStim: height = 25.0
303.3361 	EXP 	unnamed TextStim: height = 25.0
303.3361 	EXP 	unnamed TextStim: height = 25.0
303.3361 	EXP 	unnamed TextStim: text = 'z'
304.7997 	DATA 	Keypress: z
304.9444 	EXP 	Created unnamed ImageStim = ImageStim(__class__=<class 'psychopy.visual.image.ImageStim'>, anchor=('center', 'center'), autoLog=True, color=array([1., 1., 1.]), colorSpace='rgb', contrast=1.0, depth=0, flipHoriz=False, flipVert=False, image='break.jpg', interpolate=True, mask=None, maskParams=None, name='unnamed ImageStim', opacity=1.0, ori=0.0, pos=array([0., 0.]), size=array([1536.,  864.]), texRes=128, units='pix', win=Window(...))
309.7006 	DATA 	Keypress: space
309.7186 	EXP 	Created unnamed TextStim = TextStim(__class__=<class 'psychopy.visual.text.TextStim'>, alignHoriz=method-wrapper(...), alignText='center', alignVert=method-wrapper(...), anchorHoriz='center', anchorVert='center', antialias=True, autoDraw=False, autoLog=True, bold=False, color=array([-1, -1, -1]), colorSpace='rgb', contrast=1.0, depth=0, flipHoriz=False, flipVert=False, font='', fontFiles=[], height=20.0, italic=False, languageStyle='LTR', name='unnamed TextStim', opacity=1.0, ori=0.0, pos=array([0., 0.]), rgb=UNKNOWN, text=str(...), units='pix', win=Window(...), wrapWidth=1536)
313.0281 	DATA 	Keypress: space
313.1278 	EXP 	window1: mouseVisible = True
