12.5325 	WARNING 	User requested fullscreen with size [1536  864], but screen is actually [1920, 1080]. Using actual size
14.0620 	INFO 	FRAME RATE: 60
14.0620 	INFO 	SCREEN RES: odict_values([1536, 864])
14.1219 	EXP 	Created unnamed TextStim = TextStim(__class__=<class 'psychopy.visual.text.TextStim'>, alignHoriz=method-wrapper(...), alignText='center', alignVert=method-wrapper(...), anchorHoriz='center', anchorVert='center', antialias=True, autoDraw=False, autoLog=True, bold=False, color=array([-1, -1, -1]), colorSpace='rgb', contrast=1.0, depth=0, flipHoriz=False, flipVert=False, font='', fontFiles=[], height=100.0, italic=False, languageStyle='LTR', name='unnamed TextStim', opacity=1.0, ori=0.0, pos=array([0., 0.]), rgb=UNKNOWN, text='+', units='pix', win=Window(...), wrapWidth=500)
14.1259 	EXP 	Created unnamed Circle = Circle(__class__=<class 'psychopy.visual.circle.Circle'>, anchor=('center', 'center'), autoDraw=False, autoLog=True, closeShape=True, color=method-wrapper(...), colorSpace='rgb', contrast=None, depth=0, fillColor=array([ 0.09019608, -1.        , -1.        ]), fillColorSpace='rgb', fillRGB=array([ 0.09019608, -1.        , -1.        ]), interpolate=True, lineColor=array([ 0.09019608, -1.        , -1.        ]), lineColorSpace='rgb', lineRGB=array([ 0.09019608, -1.        , -1.        ]), lineWidth=1.5, name='unnamed Circle', opacity=1.0, ori=0.0, pos=array([0., 0.]), size=array([1., 1.]), units='pix', vertices=ndarray(...), win=Window(...))
14.1271 	EXP 	Created unnamed TextStim = TextStim(__class__=<class 'psychopy.visual.text.TextStim'>, alignHoriz=method-wrapper(...), alignText='center', alignVert=method-wrapper(...), anchorHoriz='center', anchorVert='center', antialias=True, autoDraw=False, autoLog=True, bold=False, color=array([-0.17647059, -0.17647059, -0.17647059]), colorSpace='rgb', contrast=1.0, depth=0, flipHoriz=False, flipVert=False, font='', fontFiles=[], height=25, italic=False, languageStyle='LTR', name='unnamed TextStim', opacity=1.0, ori=0.0, pos=array([0., 0.]), rgb=UNKNOWN, text='', units='pix', win=Window(...), wrapWidth=500)
14.1361 	EXP 	Created unnamed ImageStim = ImageStim(__class__=<class 'psychopy.visual.image.ImageStim'>, anchor=('center', 'center'), autoLog=True, color=array([1., 1., 1.]), colorSpace='rgb', contrast=1.0, depth=0, flipHoriz=False, flipVert=False, image='mask4.png', interpolate=False, mask=None, maskParams=None, name='unnamed ImageStim', opacity=1.0, ori=0.0, pos=array([0., 0.]), size=array([25., 25.]), texRes=128, units='pix', win=Window(...))
14.1437 	EXP 	Created unnamed TextStim = TextStim(__class__=<class 'psychopy.visual.text.TextStim'>, alignHoriz=method-wrapper(...), alignText='center', alignVert=method-wrapper(...), anchorHoriz='center', anchorVert='center', antialias=True, autoDraw=False, autoLog=True, bold=False, color=array([-1, -1, -1]), colorSpace='rgb', contrast=1.0, depth=0, flipHoriz=False, flipVert=False, font='', fontFiles=[], height=30.0, italic=False, languageStyle='LTR', name='unnamed TextStim', opacity=1.0, ori=0.0, pos=array([ 100., -300.]), rgb=UNKNOWN, text=str(...), units='pix', win=Window(...), wrapWidth=10000)
14.1483 	EXP 	Created unnamed TextStim = TextStim(__class__=<class 'psychopy.visual.text.TextStim'>, alignHoriz=method-wrapper(...), alignText='center', alignVert=method-wrapper(...), anchorHoriz='center', anchorVert='center', antialias=True, autoDraw=False, autoLog=True, bold=False, color=array([-1, -1, -1]), colorSpace='rgb', contrast=1.0, depth=0, flipHoriz=False, flipVert=False, font='', fontFiles=[], height=30.0, italic=False, languageStyle='LTR', name='unnamed TextStim', opacity=1.0, ori=0.0, pos=array([ 100., -330.]), rgb=UNKNOWN, text=str(...), units='pix', win=Window(...), wrapWidth=10000)
14.1872 	EXP 	Created unnamed TextStim = TextStim(__class__=<class 'psychopy.visual.text.TextStim'>, alignHoriz=method-wrapper(...), alignText='center', alignVert=method-wrapper(...), anchorHoriz='center', anchorVert='center', antialias=True, autoDraw=False, autoLog=True, bold=False, color=array([-1, -1, -1]), colorSpace='rgb', contrast=1.0, depth=0, flipHoriz=False, flipVert=False, font='', fontFiles=[], height=20.0, italic=False, languageStyle='LTR', name='unnamed TextStim', opacity=1.0, ori=0.0, pos=array([0., 0.]), rgb=UNKNOWN, text=str(...), units='pix', win=Window(...), wrapWidth=1536)
44.7818 	DATA 	Keypress: space
44.7951 	EXP 	unnamed TextStim: height = 25.0
44.7951 	EXP 	unnamed TextStim: height = 25.0
44.7951 	EXP 	unnamed TextStim: height = 25.0
44.7951 	EXP 	unnamed TextStim: text = 'm'
47.0552 	DATA 	Keypress: m
47.0640 	EXP 	Created unnamed TextStim = TextStim(__class__=<class 'psychopy.visual.text.TextStim'>, alignHoriz=method-wrapper(...), alignText='center', alignVert=method-wrapper(...), anchorHoriz='center', anchorVert='center', antialias=True, autoDraw=False, autoLog=True, bold=False, color=array([-1, -1, -1]), colorSpace='rgb', contrast=1.0, depth=0, flipHoriz=False, flipVert=False, font='', fontFiles=[], height=50.0, italic=False, languageStyle='LTR', name='unnamed TextStim', opacity=1.0, ori=0.0, pos=array([0., 0.]), rgb=UNKNOWN, text='Poprawnie', units='pix', win=Window(...), wrapWidth=500)
48.0786 	EXP 	unnamed TextStim: text = 'm'
49.9042 	DATA 	Keypress: m
49.9070 	EXP 	Created unnamed TextStim = TextStim(__class__=<class 'psychopy.visual.text.TextStim'>, alignHoriz=method-wrapper(...), alignText='center', alignVert=method-wrapper(...), anchorHoriz='center', anchorVert='center', antialias=True, autoDraw=False, autoLog=True, bold=False, color=array([-1, -1, -1]), colorSpace='rgb', contrast=1.0, depth=0, flipHoriz=False, flipVert=False, font='', fontFiles=[], height=50.0, italic=False, languageStyle='LTR', name='unnamed TextStim', opacity=1.0, ori=0.0, pos=array([0., 0.]), rgb=UNKNOWN, text='Poprawnie', units='pix', win=Window(...), wrapWidth=500)
50.9123 	EXP 	unnamed TextStim: height = 25.0
50.9123 	EXP 	unnamed TextStim: height = 25.0
50.9123 	EXP 	unnamed TextStim: height = 25.0
50.9123 	EXP 	unnamed TextStim: text = 'x'
53.3946 	DATA 	Keypress: x
53.3967 	EXP 	Created unnamed TextStim = TextStim(__class__=<class 'psychopy.visual.text.TextStim'>, alignHoriz=method-wrapper(...), alignText='center', alignVert=method-wrapper(...), anchorHoriz='center', anchorVert='center', antialias=True, autoDraw=False, autoLog=True, bold=False, color=array([-1, -1, -1]), colorSpace='rgb', contrast=1.0, depth=0, flipHoriz=False, flipVert=False, font='', fontFiles=[], height=50.0, italic=False, languageStyle='LTR', name='unnamed TextStim', opacity=1.0, ori=0.0, pos=array([0., 0.]), rgb=UNKNOWN, text='Poprawnie', units='pix', win=Window(...), wrapWidth=500)
54.4122 	EXP 	unnamed TextStim: text = 'x'
56.7993 	DATA 	Keypress: z
56.8026 	EXP 	Created unnamed TextStim = TextStim(__class__=<class 'psychopy.visual.text.TextStim'>, alignHoriz=method-wrapper(...), alignText='center', alignVert=method-wrapper(...), anchorHoriz='center', anchorVert='center', antialias=True, autoDraw=False, autoLog=True, bold=False, color=array([-1, -1, -1]), colorSpace='rgb', contrast=1.0, depth=0, flipHoriz=False, flipVert=False, font='', fontFiles=[], height=50.0, italic=False, languageStyle='LTR', name='unnamed TextStim', opacity=1.0, ori=0.0, pos=array([0., 0.]), rgb=UNKNOWN, text='Niepoprawnie', units='pix', win=Window(...), wrapWidth=500)
57.8122 	EXP 	unnamed TextStim: height = 25.0
57.8122 	EXP 	unnamed TextStim: height = 25.0
57.8122 	EXP 	unnamed TextStim: height = 25.0
57.8122 	EXP 	unnamed TextStim: text = 'n'
59.6010 	DATA 	Keypress: n
59.6030 	EXP 	Created unnamed TextStim = TextStim(__class__=<class 'psychopy.visual.text.TextStim'>, alignHoriz=method-wrapper(...), alignText='center', alignVert=method-wrapper(...), anchorHoriz='center', anchorVert='center', antialias=True, autoDraw=False, autoLog=True, bold=False, color=array([-1, -1, -1]), colorSpace='rgb', contrast=1.0, depth=0, flipHoriz=False, flipVert=False, font='', fontFiles=[], height=50.0, italic=False, languageStyle='LTR', name='unnamed TextStim', opacity=1.0, ori=0.0, pos=array([0., 0.]), rgb=UNKNOWN, text='Poprawnie', units='pix', win=Window(...), wrapWidth=500)
60.6122 	EXP 	unnamed TextStim: text = 'n'
62.2698 	DATA 	Keypress: n
62.2723 	EXP 	Created unnamed TextStim = TextStim(__class__=<class 'psychopy.visual.text.TextStim'>, alignHoriz=method-wrapper(...), alignText='center', alignVert=method-wrapper(...), anchorHoriz='center', anchorVert='center', antialias=True, autoDraw=False, autoLog=True, bold=False, color=array([-1, -1, -1]), colorSpace='rgb', contrast=1.0, depth=0, flipHoriz=False, flipVert=False, font='', fontFiles=[], height=50.0, italic=False, languageStyle='LTR', name='unnamed TextStim', opacity=1.0, ori=0.0, pos=array([0., 0.]), rgb=UNKNOWN, text='Poprawnie', units='pix', win=Window(...), wrapWidth=500)
63.2792 	EXP 	unnamed TextStim: text = 'n'
64.8239 	DATA 	Keypress: n
64.8261 	EXP 	Created unnamed TextStim = TextStim(__class__=<class 'psychopy.visual.text.TextStim'>, alignHoriz=method-wrapper(...), alignText='center', alignVert=method-wrapper(...), anchorHoriz='center', anchorVert='center', antialias=True, autoDraw=False, autoLog=True, bold=False, color=array([-1, -1, -1]), colorSpace='rgb', contrast=1.0, depth=0, flipHoriz=False, flipVert=False, font='', fontFiles=[], height=50.0, italic=False, languageStyle='LTR', name='unnamed TextStim', opacity=1.0, ori=0.0, pos=array([0., 0.]), rgb=UNKNOWN, text='Poprawnie', units='pix', win=Window(...), wrapWidth=500)
65.8302 	EXP 	unnamed TextStim: height = 25.0
65.8302 	EXP 	unnamed TextStim: height = 25.0
65.8302 	EXP 	unnamed TextStim: height = 25.0
65.8302 	EXP 	unnamed TextStim: text = 'x'
68.2793 	DATA 	Keypress: x
68.2818 	EXP 	Created unnamed TextStim = TextStim(__class__=<class 'psychopy.visual.text.TextStim'>, alignHoriz=method-wrapper(...), alignText='center', alignVert=method-wrapper(...), anchorHoriz='center', anchorVert='center', antialias=True, autoDraw=False, autoLog=True, bold=False, color=array([-1, -1, -1]), colorSpace='rgb', contrast=1.0, depth=0, flipHoriz=False, flipVert=False, font='', fontFiles=[], height=50.0, italic=False, languageStyle='LTR', name='unnamed TextStim', opacity=1.0, ori=0.0, pos=array([0., 0.]), rgb=UNKNOWN, text='Poprawnie', units='pix', win=Window(...), wrapWidth=500)
69.2961 	EXP 	unnamed TextStim: height = 25.0
69.2961 	EXP 	unnamed TextStim: height = 25.0
69.2961 	EXP 	unnamed TextStim: height = 25.0
69.2961 	EXP 	unnamed TextStim: text = 'n'
70.9588 	DATA 	Keypress: n
70.9607 	EXP 	Created unnamed TextStim = TextStim(__class__=<class 'psychopy.visual.text.TextStim'>, alignHoriz=method-wrapper(...), alignText='center', alignVert=method-wrapper(...), anchorHoriz='center', anchorVert='center', antialias=True, autoDraw=False, autoLog=True, bold=False, color=array([-1, -1, -1]), colorSpace='rgb', contrast=1.0, depth=0, flipHoriz=False, flipVert=False, font='', fontFiles=[], height=50.0, italic=False, languageStyle='LTR', name='unnamed TextStim', opacity=1.0, ori=0.0, pos=array([0., 0.]), rgb=UNKNOWN, text='Poprawnie', units='pix', win=Window(...), wrapWidth=500)
71.9794 	EXP 	unnamed TextStim: height = 25.0
71.9794 	EXP 	unnamed TextStim: height = 25.0
71.9794 	EXP 	unnamed TextStim: height = 25.0
71.9794 	EXP 	unnamed TextStim: text = 'x'
74.1571 	DATA 	Keypress: x
74.1595 	EXP 	Created unnamed TextStim = TextStim(__class__=<class 'psychopy.visual.text.TextStim'>, alignHoriz=method-wrapper(...), alignText='center', alignVert=method-wrapper(...), anchorHoriz='center', anchorVert='center', antialias=True, autoDraw=False, autoLog=True, bold=False, color=array([-1, -1, -1]), colorSpace='rgb', contrast=1.0, depth=0, flipHoriz=False, flipVert=False, font='', fontFiles=[], height=50.0, italic=False, languageStyle='LTR', name='unnamed TextStim', opacity=1.0, ori=0.0, pos=array([0., 0.]), rgb=UNKNOWN, text='Poprawnie', units='pix', win=Window(...), wrapWidth=500)
75.1627 	EXP 	unnamed TextStim: text = 'x'
77.0255 	DATA 	Keypress: x
77.0280 	EXP 	Created unnamed TextStim = TextStim(__class__=<class 'psychopy.visual.text.TextStim'>, alignHoriz=method-wrapper(...), alignText='center', alignVert=method-wrapper(...), anchorHoriz='center', anchorVert='center', antialias=True, autoDraw=False, autoLog=True, bold=False, color=array([-1, -1, -1]), colorSpace='rgb', contrast=1.0, depth=0, flipHoriz=False, flipVert=False, font='', fontFiles=[], height=50.0, italic=False, languageStyle='LTR', name='unnamed TextStim', opacity=1.0, ori=0.0, pos=array([0., 0.]), rgb=UNKNOWN, text='Poprawnie', units='pix', win=Window(...), wrapWidth=500)
78.0464 	EXP 	unnamed TextStim: height = 25.0
78.0464 	EXP 	unnamed TextStim: height = 25.0
78.0464 	EXP 	unnamed TextStim: height = 25.0
78.0464 	EXP 	unnamed TextStim: text = 'z'
79.9733 	DATA 	Keypress: z
79.9754 	EXP 	Created unnamed TextStim = TextStim(__class__=<class 'psychopy.visual.text.TextStim'>, alignHoriz=method-wrapper(...), alignText='center', alignVert=method-wrapper(...), anchorHoriz='center', anchorVert='center', antialias=True, autoDraw=False, autoLog=True, bold=False, color=array([-1, -1, -1]), colorSpace='rgb', contrast=1.0, depth=0, flipHoriz=False, flipVert=False, font='', fontFiles=[], height=50.0, italic=False, languageStyle='LTR', name='unnamed TextStim', opacity=1.0, ori=0.0, pos=array([0., 0.]), rgb=UNKNOWN, text='Poprawnie', units='pix', win=Window(...), wrapWidth=500)
80.9798 	EXP 	unnamed TextStim: text = 'z'
82.4807 	DATA 	Keypress: z
82.4830 	EXP 	Created unnamed TextStim = TextStim(__class__=<class 'psychopy.visual.text.TextStim'>, alignHoriz=method-wrapper(...), alignText='center', alignVert=method-wrapper(...), anchorHoriz='center', anchorVert='center', antialias=True, autoDraw=False, autoLog=True, bold=False, color=array([-1, -1, -1]), colorSpace='rgb', contrast=1.0, depth=0, flipHoriz=False, flipVert=False, font='', fontFiles=[], height=50.0, italic=False, languageStyle='LTR', name='unnamed TextStim', opacity=1.0, ori=0.0, pos=array([0., 0.]), rgb=UNKNOWN, text='Poprawnie', units='pix', win=Window(...), wrapWidth=500)
83.4966 	EXP 	unnamed TextStim: height = 25.0
83.4966 	EXP 	unnamed TextStim: height = 25.0
83.4966 	EXP 	unnamed TextStim: height = 25.0
83.4966 	EXP 	unnamed TextStim: text = 'n'
85.2624 	DATA 	Keypress: n
85.2651 	EXP 	Created unnamed TextStim = TextStim(__class__=<class 'psychopy.visual.text.TextStim'>, alignHoriz=method-wrapper(...), alignText='center', alignVert=method-wrapper(...), anchorHoriz='center', anchorVert='center', antialias=True, autoDraw=False, autoLog=True, bold=False, color=array([-1, -1, -1]), colorSpace='rgb', contrast=1.0, depth=0, flipHoriz=False, flipVert=False, font='', fontFiles=[], height=50.0, italic=False, languageStyle='LTR', name='unnamed TextStim', opacity=1.0, ori=0.0, pos=array([0., 0.]), rgb=UNKNOWN, text='Poprawnie', units='pix', win=Window(...), wrapWidth=500)
86.2798 	EXP 	unnamed TextStim: height = 25.0
86.2798 	EXP 	unnamed TextStim: height = 25.0
86.2798 	EXP 	unnamed TextStim: height = 25.0
86.2798 	EXP 	unnamed TextStim: text = 'x'
88.0514 	DATA 	Keypress: x
88.0539 	EXP 	Created unnamed TextStim = TextStim(__class__=<class 'psychopy.visual.text.TextStim'>, alignHoriz=method-wrapper(...), alignText='center', alignVert=method-wrapper(...), anchorHoriz='center', anchorVert='center', antialias=True, autoDraw=False, autoLog=True, bold=False, color=array([-1, -1, -1]), colorSpace='rgb', contrast=1.0, depth=0, flipHoriz=False, flipVert=False, font='', fontFiles=[], height=50.0, italic=False, languageStyle='LTR', name='unnamed TextStim', opacity=1.0, ori=0.0, pos=array([0., 0.]), rgb=UNKNOWN, text='Poprawnie', units='pix', win=Window(...), wrapWidth=500)
89.0893 	EXP 	Created unnamed TextStim = TextStim(__class__=<class 'psychopy.visual.text.TextStim'>, alignHoriz=method-wrapper(...), alignText='center', alignVert=method-wrapper(...), anchorHoriz='center', anchorVert='center', antialias=True, autoDraw=False, autoLog=True, bold=False, color=array([-1, -1, -1]), colorSpace='rgb', contrast=1.0, depth=0, flipHoriz=False, flipVert=False, font='', fontFiles=[], height=20.0, italic=False, languageStyle='LTR', name='unnamed TextStim', opacity=1.0, ori=0.0, pos=array([0., 0.]), rgb=UNKNOWN, text=str(...), units='pix', win=Window(...), wrapWidth=1536)
105.3691 	DATA 	Keypress: space
105.3804 	EXP 	unnamed TextStim: height = 25.0
105.3804 	EXP 	unnamed TextStim: height = 25.0
105.3804 	EXP 	unnamed TextStim: height = 25.0
105.3804 	EXP 	unnamed TextStim: text = 'm'
107.3086 	DATA 	Keypress: m
107.3156 	EXP 	Created unnamed TextStim = TextStim(__class__=<class 'psychopy.visual.text.TextStim'>, alignHoriz=method-wrapper(...), alignText='center', alignVert=method-wrapper(...), anchorHoriz='center', anchorVert='center', antialias=True, autoDraw=False, autoLog=True, bold=False, color=array([-1, -1, -1]), colorSpace='rgb', contrast=1.0, depth=0, flipHoriz=False, flipVert=False, font='', fontFiles=[], height=50.0, italic=False, languageStyle='LTR', name='unnamed TextStim', opacity=1.0, ori=0.0, pos=array([0., 0.]), rgb=UNKNOWN, text='Poprawnie', units='pix', win=Window(...), wrapWidth=500)
108.3308 	EXP 	unnamed TextStim: height = 25.0
108.3308 	EXP 	unnamed TextStim: height = 25.0
108.3308 	EXP 	unnamed TextStim: height = 25.0
108.3308 	EXP 	unnamed TextStim: text = 'n'
109.9763 	DATA 	Keypress: n
109.9789 	EXP 	Created unnamed TextStim = TextStim(__class__=<class 'psychopy.visual.text.TextStim'>, alignHoriz=method-wrapper(...), alignText='center', alignVert=method-wrapper(...), anchorHoriz='center', anchorVert='center', antialias=True, autoDraw=False, autoLog=True, bold=False, color=array([-1, -1, -1]), colorSpace='rgb', contrast=1.0, depth=0, flipHoriz=False, flipVert=False, font='', fontFiles=[], height=50.0, italic=False, languageStyle='LTR', name='unnamed TextStim', opacity=1.0, ori=0.0, pos=array([0., 0.]), rgb=UNKNOWN, text='Poprawnie', units='pix', win=Window(...), wrapWidth=500)
110.9977 	EXP 	unnamed TextStim: text = 'n'
112.6405 	DATA 	Keypress: n
112.6426 	EXP 	Created unnamed TextStim = TextStim(__class__=<class 'psychopy.visual.text.TextStim'>, alignHoriz=method-wrapper(...), alignText='center', alignVert=method-wrapper(...), anchorHoriz='center', anchorVert='center', antialias=True, autoDraw=False, autoLog=True, bold=False, color=array([-1, -1, -1]), colorSpace='rgb', contrast=1.0, depth=0, flipHoriz=False, flipVert=False, font='', fontFiles=[], height=50.0, italic=False, languageStyle='LTR', name='unnamed TextStim', opacity=1.0, ori=0.0, pos=array([0., 0.]), rgb=UNKNOWN, text='Poprawnie', units='pix', win=Window(...), wrapWidth=500)
113.6476 	EXP 	unnamed TextStim: height = 25.0
113.6476 	EXP 	unnamed TextStim: height = 25.0
113.6476 	EXP 	unnamed TextStim: height = 25.0
113.6476 	EXP 	unnamed TextStim: text = 'z'
115.3338 	DATA 	Keypress: z
115.3359 	EXP 	Created unnamed TextStim = TextStim(__class__=<class 'psychopy.visual.text.TextStim'>, alignHoriz=method-wrapper(...), alignText='center', alignVert=method-wrapper(...), anchorHoriz='center', anchorVert='center', antialias=True, autoDraw=False, autoLog=True, bold=False, color=array([-1, -1, -1]), colorSpace='rgb', contrast=1.0, depth=0, flipHoriz=False, flipVert=False, font='', fontFiles=[], height=50.0, italic=False, languageStyle='LTR', name='unnamed TextStim', opacity=1.0, ori=0.0, pos=array([0., 0.]), rgb=UNKNOWN, text='Poprawnie', units='pix', win=Window(...), wrapWidth=500)
116.3478 	EXP 	unnamed TextStim: height = 25.0
116.3478 	EXP 	unnamed TextStim: height = 25.0
116.3478 	EXP 	unnamed TextStim: height = 25.0
116.3478 	EXP 	unnamed TextStim: text = 'n'
118.0304 	DATA 	Keypress: n
118.0325 	EXP 	Created unnamed TextStim = TextStim(__class__=<class 'psychopy.visual.text.TextStim'>, alignHoriz=method-wrapper(...), alignText='center', alignVert=method-wrapper(...), anchorHoriz='center', anchorVert='center', antialias=True, autoDraw=False, autoLog=True, bold=False, color=array([-1, -1, -1]), colorSpace='rgb', contrast=1.0, depth=0, flipHoriz=False, flipVert=False, font='', fontFiles=[], height=50.0, italic=False, languageStyle='LTR', name='unnamed TextStim', opacity=1.0, ori=0.0, pos=array([0., 0.]), rgb=UNKNOWN, text='Poprawnie', units='pix', win=Window(...), wrapWidth=500)
119.0479 	EXP 	unnamed TextStim: height = 25.0
119.0479 	EXP 	unnamed TextStim: height = 25.0
119.0479 	EXP 	unnamed TextStim: height = 25.0
119.0479 	EXP 	unnamed TextStim: text = 'x'
120.7226 	DATA 	Keypress: x
120.7252 	EXP 	Created unnamed TextStim = TextStim(__class__=<class 'psychopy.visual.text.TextStim'>, alignHoriz=method-wrapper(...), alignText='center', alignVert=method-wrapper(...), anchorHoriz='center', anchorVert='center', antialias=True, autoDraw=False, autoLog=True, bold=False, color=array([-1, -1, -1]), colorSpace='rgb', contrast=1.0, depth=0, flipHoriz=False, flipVert=False, font='', fontFiles=[], height=50.0, italic=False, languageStyle='LTR', name='unnamed TextStim', opacity=1.0, ori=0.0, pos=array([0., 0.]), rgb=UNKNOWN, text='Poprawnie', units='pix', win=Window(...), wrapWidth=500)
121.7313 	EXP 	unnamed TextStim: text = 'x'
123.3262 	DATA 	Keypress: x
123.3288 	EXP 	Created unnamed TextStim = TextStim(__class__=<class 'psychopy.visual.text.TextStim'>, alignHoriz=method-wrapper(...), alignText='center', alignVert=method-wrapper(...), anchorHoriz='center', anchorVert='center', antialias=True, autoDraw=False, autoLog=True, bold=False, color=array([-1, -1, -1]), colorSpace='rgb', contrast=1.0, depth=0, flipHoriz=False, flipVert=False, font='', fontFiles=[], height=50.0, italic=False, languageStyle='LTR', name='unnamed TextStim', opacity=1.0, ori=0.0, pos=array([0., 0.]), rgb=UNKNOWN, text='Poprawnie', units='pix', win=Window(...), wrapWidth=500)
124.3323 	EXP 	unnamed TextStim: height = 25.0
124.3323 	EXP 	unnamed TextStim: height = 25.0
124.3323 	EXP 	unnamed TextStim: height = 25.0
124.3323 	EXP 	unnamed TextStim: text = 'n'
125.9554 	DATA 	Keypress: n
125.9575 	EXP 	Created unnamed TextStim = TextStim(__class__=<class 'psychopy.visual.text.TextStim'>, alignHoriz=method-wrapper(...), alignText='center', alignVert=method-wrapper(...), anchorHoriz='center', anchorVert='center', antialias=True, autoDraw=False, autoLog=True, bold=False, color=array([-1, -1, -1]), colorSpace='rgb', contrast=1.0, depth=0, flipHoriz=False, flipVert=False, font='', fontFiles=[], height=50.0, italic=False, languageStyle='LTR', name='unnamed TextStim', opacity=1.0, ori=0.0, pos=array([0., 0.]), rgb=UNKNOWN, text='Poprawnie', units='pix', win=Window(...), wrapWidth=500)
126.9647 	EXP 	unnamed TextStim: text = 'n'
128.4344 	DATA 	Keypress: n
128.4365 	EXP 	Created unnamed TextStim = TextStim(__class__=<class 'psychopy.visual.text.TextStim'>, alignHoriz=method-wrapper(...), alignText='center', alignVert=method-wrapper(...), anchorHoriz='center', anchorVert='center', antialias=True, autoDraw=False, autoLog=True, bold=False, color=array([-1, -1, -1]), colorSpace='rgb', contrast=1.0, depth=0, flipHoriz=False, flipVert=False, font='', fontFiles=[], height=50.0, italic=False, languageStyle='LTR', name='unnamed TextStim', opacity=1.0, ori=0.0, pos=array([0., 0.]), rgb=UNKNOWN, text='Poprawnie', units='pix', win=Window(...), wrapWidth=500)
129.4483 	EXP 	unnamed TextStim: height = 25.0
129.4483 	EXP 	unnamed TextStim: height = 25.0
129.4483 	EXP 	unnamed TextStim: height = 25.0
129.4483 	EXP 	unnamed TextStim: text = 'm'
130.8087 	DATA 	Keypress: m
130.8113 	EXP 	Created unnamed TextStim = TextStim(__class__=<class 'psychopy.visual.text.TextStim'>, alignHoriz=method-wrapper(...), alignText='center', alignVert=method-wrapper(...), anchorHoriz='center', anchorVert='center', antialias=True, autoDraw=False, autoLog=True, bold=False, color=array([-1, -1, -1]), colorSpace='rgb', contrast=1.0, depth=0, flipHoriz=False, flipVert=False, font='', fontFiles=[], height=50.0, italic=False, languageStyle='LTR', name='unnamed TextStim', opacity=1.0, ori=0.0, pos=array([0., 0.]), rgb=UNKNOWN, text='Poprawnie', units='pix', win=Window(...), wrapWidth=500)
131.8389 	EXP 	Created unnamed TextStim = TextStim(__class__=<class 'psychopy.visual.text.TextStim'>, alignHoriz=method-wrapper(...), alignText='center', alignVert=method-wrapper(...), anchorHoriz='center', anchorVert='center', antialias=True, autoDraw=False, autoLog=True, bold=False, color=array([-1, -1, -1]), colorSpace='rgb', contrast=1.0, depth=0, flipHoriz=False, flipVert=False, font='', fontFiles=[], height=20.0, italic=False, languageStyle='LTR', name='unnamed TextStim', opacity=1.0, ori=0.0, pos=array([0., 0.]), rgb=UNKNOWN, text=str(...), units='pix', win=Window(...), wrapWidth=1536)
141.9014 	DATA 	Keypress: space
141.9152 	EXP 	unnamed TextStim: height = 25.0
141.9152 	EXP 	unnamed TextStim: height = 25.0
141.9152 	EXP 	unnamed TextStim: height = 25.0
141.9152 	EXP 	unnamed TextStim: text = 'n'
143.7291 	DATA 	Keypress: n
143.7324 	EXP 	unnamed TextStim: height = 25.0
143.7324 	EXP 	unnamed TextStim: height = 25.0
143.7324 	EXP 	unnamed TextStim: height = 25.0
143.7324 	EXP 	unnamed TextStim: text = 'm'
145.2487 	DATA 	Keypress: m
145.2519 	EXP 	unnamed TextStim: height = 25.0
145.2519 	EXP 	unnamed TextStim: height = 25.0
145.2519 	EXP 	unnamed TextStim: height = 25.0
145.2519 	EXP 	unnamed TextStim: text = 'x'
147.9825 	DATA 	No keypress (maxWait exceeded)
147.9837 	EXP 	unnamed TextStim: text = 'x'
150.5264 	DATA 	Keypress: n
150.5295 	EXP 	unnamed TextStim: height = 25.0
150.5295 	EXP 	unnamed TextStim: height = 25.0
150.5295 	EXP 	unnamed TextStim: height = 25.0
150.5295 	EXP 	unnamed TextStim: text = 'z'
152.0662 	DATA 	Keypress: z
152.0685 	EXP 	unnamed TextStim: height = 25.0
152.0685 	EXP 	unnamed TextStim: height = 25.0
152.0685 	EXP 	unnamed TextStim: height = 25.0
152.0685 	EXP 	unnamed TextStim: text = 'x'
153.8357 	DATA 	Keypress: m
153.9854 	EXP 	Created unnamed ImageStim = ImageStim(__class__=<class 'psychopy.visual.image.ImageStim'>, anchor=('center', 'center'), autoLog=True, color=array([1., 1., 1.]), colorSpace='rgb', contrast=1.0, depth=0, flipHoriz=False, flipVert=False, image='break.jpg', interpolate=True, mask=None, maskParams=None, name='unnamed ImageStim', opacity=1.0, ori=0.0, pos=array([0., 0.]), size=array([1536.,  864.]), texRes=128, units='pix', win=Window(...))
170.4295 	DATA 	Keypress: space
170.4331 	EXP 	unnamed TextStim: text = 'x'
172.1821 	DATA 	Keypress: n
172.1845 	EXP 	unnamed TextStim: height = 25.0
172.1845 	EXP 	unnamed TextStim: height = 25.0
172.1845 	EXP 	unnamed TextStim: height = 25.0
172.1845 	EXP 	unnamed TextStim: text = 'z'
173.7949 	DATA 	Keypress: z
173.7983 	EXP 	unnamed TextStim: height = 25.0
173.7983 	EXP 	unnamed TextStim: height = 25.0
173.7983 	EXP 	unnamed TextStim: height = 25.0
173.7983 	EXP 	unnamed TextStim: text = 'x'
175.3744 	DATA 	Keypress: m
175.3772 	EXP 	unnamed TextStim: height = 25.0
175.3772 	EXP 	unnamed TextStim: height = 25.0
175.3772 	EXP 	unnamed TextStim: height = 25.0
175.3772 	EXP 	unnamed TextStim: text = 'n'
177.0471 	DATA 	Keypress: n
177.0493 	EXP 	unnamed TextStim: height = 25.0
177.0493 	EXP 	unnamed TextStim: height = 25.0
177.0493 	EXP 	unnamed TextStim: height = 25.0
177.0493 	EXP 	unnamed TextStim: text = 'z'
178.5271 	DATA 	Keypress: z
178.5293 	EXP 	unnamed TextStim: height = 25.0
178.5293 	EXP 	unnamed TextStim: height = 25.0
178.5293 	EXP 	unnamed TextStim: height = 25.0
178.5293 	EXP 	unnamed TextStim: text = 'm'
180.0843 	DATA 	Keypress: m
180.1882 	EXP 	Created unnamed ImageStim = ImageStim(__class__=<class 'psychopy.visual.image.ImageStim'>, anchor=('center', 'center'), autoLog=True, color=array([1., 1., 1.]), colorSpace='rgb', contrast=1.0, depth=0, flipHoriz=False, flipVert=False, image='break.jpg', interpolate=True, mask=None, maskParams=None, name='unnamed ImageStim', opacity=1.0, ori=0.0, pos=array([0., 0.]), size=array([1536.,  864.]), texRes=128, units='pix', win=Window(...))
181.3337 	DATA 	Keypress: space
181.3503 	EXP 	unnamed TextStim: text = 'm'
183.3151 	DATA 	Keypress: z
183.3172 	EXP 	unnamed TextStim: height = 25.0
183.3172 	EXP 	unnamed TextStim: height = 25.0
183.3172 	EXP 	unnamed TextStim: height = 25.0
183.3172 	EXP 	unnamed TextStim: text = 'x'
184.8984 	DATA 	Keypress: x
184.9007 	EXP 	unnamed TextStim: height = 25.0
184.9007 	EXP 	unnamed TextStim: height = 25.0
184.9007 	EXP 	unnamed TextStim: height = 25.0
184.9007 	EXP 	unnamed TextStim: text = 'n'
186.6696 	DATA 	Keypress: x
186.6717 	EXP 	unnamed TextStim: height = 25.0
186.6717 	EXP 	unnamed TextStim: height = 25.0
186.6717 	EXP 	unnamed TextStim: height = 25.0
186.6717 	EXP 	unnamed TextStim: text = 'm'
188.1607 	DATA 	Keypress: m
188.1630 	EXP 	unnamed TextStim: height = 25.0
188.1630 	EXP 	unnamed TextStim: height = 25.0
188.1630 	EXP 	unnamed TextStim: height = 25.0
188.1630 	EXP 	unnamed TextStim: text = 'z'
189.6300 	DATA 	Keypress: z
189.6312 	EXP 	unnamed TextStim: text = 'z'
191.1584 	DATA 	Keypress: z
191.2726 	EXP 	Created unnamed ImageStim = ImageStim(__class__=<class 'psychopy.visual.image.ImageStim'>, anchor=('center', 'center'), autoLog=True, color=array([1., 1., 1.]), colorSpace='rgb', contrast=1.0, depth=0, flipHoriz=False, flipVert=False, image='break.jpg', interpolate=True, mask=None, maskParams=None, name='unnamed ImageStim', opacity=1.0, ori=0.0, pos=array([0., 0.]), size=array([1536.,  864.]), texRes=128, units='pix', win=Window(...))
192.3256 	DATA 	Keypress: space
192.3337 	EXP 	unnamed TextStim: height = 25.0
192.3337 	EXP 	unnamed TextStim: height = 25.0
192.3337 	EXP 	unnamed TextStim: height = 25.0
192.3337 	EXP 	unnamed TextStim: text = 'm'
193.8844 	DATA 	Keypress: m
193.8856 	EXP 	unnamed TextStim: text = 'm'
195.3351 	DATA 	Keypress: m
195.3373 	EXP 	unnamed TextStim: height = 25.0
195.3373 	EXP 	unnamed TextStim: height = 25.0
195.3373 	EXP 	unnamed TextStim: height = 25.0
195.3373 	EXP 	unnamed TextStim: text = 'n'
196.7137 	DATA 	Keypress: n
196.7158 	EXP 	unnamed TextStim: height = 25.0
196.7158 	EXP 	unnamed TextStim: height = 25.0
196.7158 	EXP 	unnamed TextStim: height = 25.0
196.7158 	EXP 	unnamed TextStim: text = 'z'
198.4270 	DATA 	Keypress: z
198.4292 	EXP 	unnamed TextStim: height = 25.0
198.4292 	EXP 	unnamed TextStim: height = 25.0
198.4292 	EXP 	unnamed TextStim: height = 25.0
198.4292 	EXP 	unnamed TextStim: text = 'm'
200.4012 	DATA 	Keypress: m
200.4023 	EXP 	unnamed TextStim: text = 'm'
202.0150 	DATA 	Keypress: m
202.1174 	EXP 	Created unnamed ImageStim = ImageStim(__class__=<class 'psychopy.visual.image.ImageStim'>, anchor=('center', 'center'), autoLog=True, color=array([1., 1., 1.]), colorSpace='rgb', contrast=1.0, depth=0, flipHoriz=False, flipVert=False, image='break.jpg', interpolate=True, mask=None, maskParams=None, name='unnamed ImageStim', opacity=1.0, ori=0.0, pos=array([0., 0.]), size=array([1536.,  864.]), texRes=128, units='pix', win=Window(...))
212.0712 	DATA 	Keypress: space
212.0847 	EXP 	unnamed TextStim: height = 25.0
212.0847 	EXP 	unnamed TextStim: height = 25.0
212.0847 	EXP 	unnamed TextStim: height = 25.0
212.0847 	EXP 	unnamed TextStim: text = 'z'
213.6922 	DATA 	Keypress: z
213.6944 	EXP 	unnamed TextStim: height = 25.0
213.6944 	EXP 	unnamed TextStim: height = 25.0
213.6944 	EXP 	unnamed TextStim: height = 25.0
213.6944 	EXP 	unnamed TextStim: text = 'm'
216.4019 	DATA 	No keypress (maxWait exceeded)
216.4058 	EXP 	unnamed TextStim: height = 25.0
216.4058 	EXP 	unnamed TextStim: height = 25.0
216.4058 	EXP 	unnamed TextStim: height = 25.0
216.4058 	EXP 	unnamed TextStim: text = 'n'
217.8212 	DATA 	Keypress: m
217.8223 	EXP 	unnamed TextStim: text = 'n'
219.5162 	DATA 	Keypress: z
219.5184 	EXP 	unnamed TextStim: height = 25.0
219.5184 	EXP 	unnamed TextStim: height = 25.0
219.5184 	EXP 	unnamed TextStim: height = 25.0
219.5184 	EXP 	unnamed TextStim: text = 'm'
221.1167 	DATA 	Keypress: n
221.1200 	EXP 	unnamed TextStim: height = 25.0
221.1200 	EXP 	unnamed TextStim: height = 25.0
221.1200 	EXP 	unnamed TextStim: height = 25.0
221.1200 	EXP 	unnamed TextStim: text = 'n'
222.7893 	DATA 	Keypress: z
222.9300 	EXP 	Created unnamed ImageStim = ImageStim(__class__=<class 'psychopy.visual.image.ImageStim'>, anchor=('center', 'center'), autoLog=True, color=array([1., 1., 1.]), colorSpace='rgb', contrast=1.0, depth=0, flipHoriz=False, flipVert=False, image='break.jpg', interpolate=True, mask=None, maskParams=None, name='unnamed ImageStim', opacity=1.0, ori=0.0, pos=array([0., 0.]), size=array([1536.,  864.]), texRes=128, units='pix', win=Window(...))
223.8758 	DATA 	Keypress: space
223.8851 	EXP 	unnamed TextStim: text = 'n'
225.4851 	DATA 	Keypress: n
225.4874 	EXP 	unnamed TextStim: height = 25.0
225.4874 	EXP 	unnamed TextStim: height = 25.0
225.4874 	EXP 	unnamed TextStim: height = 25.0
225.4874 	EXP 	unnamed TextStim: text = 'x'
227.1446 	DATA 	Keypress: z
227.1470 	EXP 	unnamed TextStim: height = 25.0
227.1470 	EXP 	unnamed TextStim: height = 25.0
227.1470 	EXP 	unnamed TextStim: height = 25.0
227.1470 	EXP 	unnamed TextStim: text = 'm'
228.7216 	DATA 	Keypress: m
228.7228 	EXP 	unnamed TextStim: text = 'm'
230.2387 	DATA 	Keypress: m
230.2410 	EXP 	unnamed TextStim: height = 25.0
230.2410 	EXP 	unnamed TextStim: height = 25.0
230.2410 	EXP 	unnamed TextStim: height = 25.0
230.2410 	EXP 	unnamed TextStim: text = 'n'
231.9026 	DATA 	Keypress: n
231.9048 	EXP 	unnamed TextStim: height = 25.0
231.9048 	EXP 	unnamed TextStim: height = 25.0
231.9048 	EXP 	unnamed TextStim: height = 25.0
231.9048 	EXP 	unnamed TextStim: text = 'm'
233.3599 	DATA 	Keypress: m
233.4790 	EXP 	Created unnamed ImageStim = ImageStim(__class__=<class 'psychopy.visual.image.ImageStim'>, anchor=('center', 'center'), autoLog=True, color=array([1., 1., 1.]), colorSpace='rgb', contrast=1.0, depth=0, flipHoriz=False, flipVert=False, image='break.jpg', interpolate=True, mask=None, maskParams=None, name='unnamed ImageStim', opacity=1.0, ori=0.0, pos=array([0., 0.]), size=array([1536.,  864.]), texRes=128, units='pix', win=Window(...))
234.3111 	DATA 	Keypress: space
234.3185 	EXP 	unnamed TextStim: text = 'm'
235.8329 	DATA 	Keypress: m
235.8351 	EXP 	unnamed TextStim: height = 25.0
235.8351 	EXP 	unnamed TextStim: height = 25.0
235.8351 	EXP 	unnamed TextStim: height = 25.0
235.8351 	EXP 	unnamed TextStim: text = 'z'
237.5193 	DATA 	Keypress: z
237.5215 	EXP 	unnamed TextStim: height = 25.0
237.5215 	EXP 	unnamed TextStim: height = 25.0
237.5215 	EXP 	unnamed TextStim: height = 25.0
237.5215 	EXP 	unnamed TextStim: text = 'n'
239.1453 	DATA 	Keypress: n
239.1465 	EXP 	unnamed TextStim: text = 'n'
240.6988 	DATA 	Keypress: n
240.7032 	EXP 	unnamed TextStim: height = 25.0
240.7032 	EXP 	unnamed TextStim: height = 25.0
240.7032 	EXP 	unnamed TextStim: height = 25.0
240.7032 	EXP 	unnamed TextStim: text = 'm'
242.8004 	DATA 	Keypress: z
242.8026 	EXP 	unnamed TextStim: height = 25.0
242.8026 	EXP 	unnamed TextStim: height = 25.0
242.8026 	EXP 	unnamed TextStim: height = 25.0
242.8026 	EXP 	unnamed TextStim: text = 'n'
244.5557 	DATA 	Keypress: n
244.6932 	EXP 	Created unnamed ImageStim = ImageStim(__class__=<class 'psychopy.visual.image.ImageStim'>, anchor=('center', 'center'), autoLog=True, color=array([1., 1., 1.]), colorSpace='rgb', contrast=1.0, depth=0, flipHoriz=False, flipVert=False, image='break.jpg', interpolate=True, mask=None, maskParams=None, name='unnamed ImageStim', opacity=1.0, ori=0.0, pos=array([0., 0.]), size=array([1536.,  864.]), texRes=128, units='pix', win=Window(...))
245.5781 	DATA 	Keypress: space
245.5861 	EXP 	unnamed TextStim: height = 25.0
245.5861 	EXP 	unnamed TextStim: height = 25.0
245.5861 	EXP 	unnamed TextStim: height = 25.0
245.5861 	EXP 	unnamed TextStim: text = 'm'
247.1024 	DATA 	Keypress: m
247.1047 	EXP 	unnamed TextStim: height = 25.0
247.1047 	EXP 	unnamed TextStim: height = 25.0
247.1047 	EXP 	unnamed TextStim: height = 25.0
247.1047 	EXP 	unnamed TextStim: text = 'z'
248.7259 	DATA 	Keypress: z
248.7270 	EXP 	unnamed TextStim: text = 'z'
250.4928 	DATA 	Keypress: z
250.4950 	EXP 	unnamed TextStim: height = 25.0
250.4950 	EXP 	unnamed TextStim: height = 25.0
250.4950 	EXP 	unnamed TextStim: height = 25.0
250.4950 	EXP 	unnamed TextStim: text = 'x'
252.6911 	DATA 	Keypress: n
252.6935 	EXP 	unnamed TextStim: height = 25.0
252.6935 	EXP 	unnamed TextStim: height = 25.0
252.6935 	EXP 	unnamed TextStim: height = 25.0
252.6935 	EXP 	unnamed TextStim: text = 'n'
254.5186 	DATA 	Keypress: n
254.5208 	EXP 	unnamed TextStim: height = 25.0
254.5208 	EXP 	unnamed TextStim: height = 25.0
254.5208 	EXP 	unnamed TextStim: height = 25.0
254.5208 	EXP 	unnamed TextStim: text = 'z'
256.0809 	DATA 	Keypress: z
256.2188 	EXP 	Created unnamed ImageStim = ImageStim(__class__=<class 'psychopy.visual.image.ImageStim'>, anchor=('center', 'center'), autoLog=True, color=array([1., 1., 1.]), colorSpace='rgb', contrast=1.0, depth=0, flipHoriz=False, flipVert=False, image='break.jpg', interpolate=True, mask=None, maskParams=None, name='unnamed ImageStim', opacity=1.0, ori=0.0, pos=array([0., 0.]), size=array([1536.,  864.]), texRes=128, units='pix', win=Window(...))
256.9607 	DATA 	Keypress: space
256.9697 	EXP 	unnamed TextStim: height = 25.0
256.9697 	EXP 	unnamed TextStim: height = 25.0
256.9697 	EXP 	unnamed TextStim: height = 25.0
256.9697 	EXP 	unnamed TextStim: text = 'm'
258.4455 	DATA 	Keypress: m
258.4496 	EXP 	unnamed TextStim: height = 25.0
258.4496 	EXP 	unnamed TextStim: height = 25.0
258.4496 	EXP 	unnamed TextStim: height = 25.0
258.4496 	EXP 	unnamed TextStim: text = 'n'
259.9301 	DATA 	Keypress: n
259.9313 	EXP 	unnamed TextStim: text = 'n'
261.5027 	DATA 	Keypress: z
261.5050 	EXP 	unnamed TextStim: height = 25.0
261.5050 	EXP 	unnamed TextStim: height = 25.0
261.5050 	EXP 	unnamed TextStim: height = 25.0
261.5050 	EXP 	unnamed TextStim: text = 'x'
262.8452 	DATA 	Keypress: x
262.8463 	EXP 	unnamed TextStim: text = 'x'
264.3649 	DATA 	Keypress: z
264.3670 	EXP 	unnamed TextStim: height = 25.0
264.3670 	EXP 	unnamed TextStim: height = 25.0
264.3670 	EXP 	unnamed TextStim: height = 25.0
264.3670 	EXP 	unnamed TextStim: text = 'z'
265.7781 	DATA 	Keypress: z
265.8906 	EXP 	Created unnamed ImageStim = ImageStim(__class__=<class 'psychopy.visual.image.ImageStim'>, anchor=('center', 'center'), autoLog=True, color=array([1., 1., 1.]), colorSpace='rgb', contrast=1.0, depth=0, flipHoriz=False, flipVert=False, image='break.jpg', interpolate=True, mask=None, maskParams=None, name='unnamed ImageStim', opacity=1.0, ori=0.0, pos=array([0., 0.]), size=array([1536.,  864.]), texRes=128, units='pix', win=Window(...))
276.6354 	DATA 	Keypress: space
276.6371 	EXP 	unnamed TextStim: text = 'z'
278.1748 	DATA 	Keypress: z
278.1771 	EXP 	unnamed TextStim: height = 25.0
278.1771 	EXP 	unnamed TextStim: height = 25.0
278.1771 	EXP 	unnamed TextStim: height = 25.0
278.1771 	EXP 	unnamed TextStim: text = 'x'
280.3043 	DATA 	Keypress: x
280.3067 	EXP 	unnamed TextStim: height = 25.0
280.3067 	EXP 	unnamed TextStim: height = 25.0
280.3067 	EXP 	unnamed TextStim: height = 25.0
280.3067 	EXP 	unnamed TextStim: text = 'm'
281.7390 	DATA 	Keypress: z
281.7413 	EXP 	unnamed TextStim: height = 25.0
281.7413 	EXP 	unnamed TextStim: height = 25.0
281.7413 	EXP 	unnamed TextStim: height = 25.0
281.7413 	EXP 	unnamed TextStim: text = 'z'
283.2463 	DATA 	Keypress: z
283.2485 	EXP 	unnamed TextStim: height = 25.0
283.2485 	EXP 	unnamed TextStim: height = 25.0
283.2485 	EXP 	unnamed TextStim: height = 25.0
283.2485 	EXP 	unnamed TextStim: text = 'm'
284.8266 	DATA 	Keypress: n
284.8289 	EXP 	unnamed TextStim: height = 25.0
284.8289 	EXP 	unnamed TextStim: height = 25.0
284.8289 	EXP 	unnamed TextStim: height = 25.0
284.8289 	EXP 	unnamed TextStim: text = 'z'
286.3853 	DATA 	Keypress: m
286.5001 	EXP 	Created unnamed ImageStim = ImageStim(__class__=<class 'psychopy.visual.image.ImageStim'>, anchor=('center', 'center'), autoLog=True, color=array([1., 1., 1.]), colorSpace='rgb', contrast=1.0, depth=0, flipHoriz=False, flipVert=False, image='break.jpg', interpolate=True, mask=None, maskParams=None, name='unnamed ImageStim', opacity=1.0, ori=0.0, pos=array([0., 0.]), size=array([1536.,  864.]), texRes=128, units='pix', win=Window(...))
287.5772 	DATA 	Keypress: space
287.5873 	EXP 	unnamed TextStim: height = 25.0
287.5873 	EXP 	unnamed TextStim: height = 25.0
287.5873 	EXP 	unnamed TextStim: height = 25.0
287.5873 	EXP 	unnamed TextStim: text = 'x'
289.1490 	DATA 	Keypress: z
289.1513 	EXP 	unnamed TextStim: height = 25.0
289.1513 	EXP 	unnamed TextStim: height = 25.0
289.1513 	EXP 	unnamed TextStim: height = 25.0
289.1513 	EXP 	unnamed TextStim: text = 'n'
290.8169 	DATA 	Keypress: z
290.8191 	EXP 	unnamed TextStim: height = 25.0
290.8191 	EXP 	unnamed TextStim: height = 25.0
290.8191 	EXP 	unnamed TextStim: height = 25.0
290.8191 	EXP 	unnamed TextStim: text = 'z'
292.3467 	DATA 	Keypress: z
292.3479 	EXP 	unnamed TextStim: text = 'z'
293.8323 	DATA 	Keypress: z
293.8345 	EXP 	unnamed TextStim: height = 25.0
293.8345 	EXP 	unnamed TextStim: height = 25.0
293.8345 	EXP 	unnamed TextStim: height = 25.0
293.8345 	EXP 	unnamed TextStim: text = 'n'
295.3062 	DATA 	Keypress: n
295.3085 	EXP 	unnamed TextStim: height = 25.0
295.3085 	EXP 	unnamed TextStim: height = 25.0
295.3085 	EXP 	unnamed TextStim: height = 25.0
295.3085 	EXP 	unnamed TextStim: text = 'z'
296.8359 	DATA 	Keypress: z
296.9404 	EXP 	Created unnamed ImageStim = ImageStim(__class__=<class 'psychopy.visual.image.ImageStim'>, anchor=('center', 'center'), autoLog=True, color=array([1., 1., 1.]), colorSpace='rgb', contrast=1.0, depth=0, flipHoriz=False, flipVert=False, image='break.jpg', interpolate=True, mask=None, maskParams=None, name='unnamed ImageStim', opacity=1.0, ori=0.0, pos=array([0., 0.]), size=array([1536.,  864.]), texRes=128, units='pix', win=Window(...))
297.8424 	DATA 	Keypress: space
297.8613 	EXP 	Created unnamed TextStim = TextStim(__class__=<class 'psychopy.visual.text.TextStim'>, alignHoriz=method-wrapper(...), alignText='center', alignVert=method-wrapper(...), anchorHoriz='center', anchorVert='center', antialias=True, autoDraw=False, autoLog=True, bold=False, color=array([-1, -1, -1]), colorSpace='rgb', contrast=1.0, depth=0, flipHoriz=False, flipVert=False, font='', fontFiles=[], height=20.0, italic=False, languageStyle='LTR', name='unnamed TextStim', opacity=1.0, ori=0.0, pos=array([0., 0.]), rgb=UNKNOWN, text=str(...), units='pix', win=Window(...), wrapWidth=1536)
365.4829 	DATA 	Keypress: return
365.5658 	EXP 	window1: mouseVisible = True
