8.8240 	WARNING 	User requested fullscreen with size [1536  864], but screen is actually [1920, 1080]. Using actual size
10.3180 	INFO 	FRAME RATE: 60
10.3180 	INFO 	SCREEN RES: odict_values([1536, 864])
10.3782 	EXP 	Created unnamed TextStim = TextStim(__class__=<class 'psychopy.visual.text.TextStim'>, alignHoriz=method-wrapper(...), alignText='center', alignVert=method-wrapper(...), anchorHoriz='center', anchorVert='center', antialias=True, autoDraw=False, autoLog=True, bold=False, color=array([-1, -1, -1]), colorSpace='rgb', contrast=1.0, depth=0, flipHoriz=False, flipVert=False, font='', fontFiles=[], height=100.0, italic=False, languageStyle='LTR', name='unnamed TextStim', opacity=1.0, ori=0.0, pos=array([0., 0.]), rgb=UNKNOWN, text='+', units='pix', win=Window(...), wrapWidth=500)
10.3819 	EXP 	Created unnamed Circle = Circle(__class__=<class 'psychopy.visual.circle.Circle'>, anchor=('center', 'center'), autoDraw=False, autoLog=True, closeShape=True, color=method-wrapper(...), colorSpace='rgb', contrast=None, depth=0, fillColor=array([ 0.09019608, -1.        , -1.        ]), fillColorSpace='rgb', fillRGB=array([ 0.09019608, -1.        , -1.        ]), interpolate=True, lineColor=array([ 0.09019608, -1.        , -1.        ]), lineColorSpace='rgb', lineRGB=array([ 0.09019608, -1.        , -1.        ]), lineWidth=1.5, name='unnamed Circle', opacity=1.0, ori=0.0, pos=array([0., 0.]), size=array([1., 1.]), units='pix', vertices=ndarray(...), win=Window(...))
10.3829 	EXP 	Created unnamed TextStim = TextStim(__class__=<class 'psychopy.visual.text.TextStim'>, alignHoriz=method-wrapper(...), alignText='center', alignVert=method-wrapper(...), anchorHoriz='center', anchorVert='center', antialias=True, autoDraw=False, autoLog=True, bold=False, color=array([-0.17647059, -0.17647059, -0.17647059]), colorSpace='rgb', contrast=1.0, depth=0, flipHoriz=False, flipVert=False, font='', fontFiles=[], height=25, italic=False, languageStyle='LTR', name='unnamed TextStim', opacity=1.0, ori=0.0, pos=array([0., 0.]), rgb=UNKNOWN, text='', units='pix', win=Window(...), wrapWidth=500)
10.3952 	EXP 	Created unnamed ImageStim = ImageStim(__class__=<class 'psychopy.visual.image.ImageStim'>, anchor=('center', 'center'), autoLog=True, color=array([1., 1., 1.]), colorSpace='rgb', contrast=1.0, depth=0, flipHoriz=False, flipVert=False, image='mask4.png', interpolate=False, mask=None, maskParams=None, name='unnamed ImageStim', opacity=1.0, ori=0.0, pos=array([0., 0.]), size=array([25., 25.]), texRes=128, units='pix', win=Window(...))
10.4027 	EXP 	Created unnamed TextStim = TextStim(__class__=<class 'psychopy.visual.text.TextStim'>, alignHoriz=method-wrapper(...), alignText='center', alignVert=method-wrapper(...), anchorHoriz='center', anchorVert='center', antialias=True, autoDraw=False, autoLog=True, bold=False, color=array([-1, -1, -1]), colorSpace='rgb', contrast=1.0, depth=0, flipHoriz=False, flipVert=False, font='', fontFiles=[], height=30.0, italic=False, languageStyle='LTR', name='unnamed TextStim', opacity=1.0, ori=0.0, pos=array([ 100., -300.]), rgb=UNKNOWN, text=str(...), units='pix', win=Window(...), wrapWidth=10000)
10.4073 	EXP 	Created unnamed TextStim = TextStim(__class__=<class 'psychopy.visual.text.TextStim'>, alignHoriz=method-wrapper(...), alignText='center', alignVert=method-wrapper(...), anchorHoriz='center', anchorVert='center', antialias=True, autoDraw=False, autoLog=True, bold=False, color=array([-1, -1, -1]), colorSpace='rgb', contrast=1.0, depth=0, flipHoriz=False, flipVert=False, font='', fontFiles=[], height=30.0, italic=False, languageStyle='LTR', name='unnamed TextStim', opacity=1.0, ori=0.0, pos=array([ 100., -330.]), rgb=UNKNOWN, text=str(...), units='pix', win=Window(...), wrapWidth=10000)
10.4468 	EXP 	Created unnamed TextStim = TextStim(__class__=<class 'psychopy.visual.text.TextStim'>, alignHoriz=method-wrapper(...), alignText='center', alignVert=method-wrapper(...), anchorHoriz='center', anchorVert='center', antialias=True, autoDraw=False, autoLog=True, bold=False, color=array([-1, -1, -1]), colorSpace='rgb', contrast=1.0, depth=0, flipHoriz=False, flipVert=False, font='', fontFiles=[], height=20.0, italic=False, languageStyle='LTR', name='unnamed TextStim', opacity=1.0, ori=0.0, pos=array([0., 0.]), rgb=UNKNOWN, text=str(...), units='pix', win=Window(...), wrapWidth=1536)
27.5779 	DATA 	Keypress: space
27.5835 	EXP 	unnamed TextStim: height = 25.0
27.5835 	EXP 	unnamed TextStim: height = 25.0
27.5835 	EXP 	unnamed TextStim: height = 25.0
27.5835 	EXP 	unnamed TextStim: text = 'm'
30.0026 	DATA 	Keypress: m
30.0110 	EXP 	Created unnamed TextStim = TextStim(__class__=<class 'psychopy.visual.text.TextStim'>, alignHoriz=method-wrapper(...), alignText='center', alignVert=method-wrapper(...), anchorHoriz='center', anchorVert='center', antialias=True, autoDraw=False, autoLog=True, bold=False, color=array([-1, -1, -1]), colorSpace='rgb', contrast=1.0, depth=0, flipHoriz=False, flipVert=False, font='', fontFiles=[], height=50.0, italic=False, languageStyle='LTR', name='unnamed TextStim', opacity=1.0, ori=0.0, pos=array([0., 0.]), rgb=UNKNOWN, text='Poprawnie', units='pix', win=Window(...), wrapWidth=500)
31.0173 	EXP 	unnamed TextStim: height = 25.0
31.0173 	EXP 	unnamed TextStim: height = 25.0
31.0173 	EXP 	unnamed TextStim: height = 25.0
31.0173 	EXP 	unnamed TextStim: text = 'n'
32.6192 	DATA 	Keypress: n
32.6215 	EXP 	Created unnamed TextStim = TextStim(__class__=<class 'psychopy.visual.text.TextStim'>, alignHoriz=method-wrapper(...), alignText='center', alignVert=method-wrapper(...), anchorHoriz='center', anchorVert='center', antialias=True, autoDraw=False, autoLog=True, bold=False, color=array([-1, -1, -1]), colorSpace='rgb', contrast=1.0, depth=0, flipHoriz=False, flipVert=False, font='', fontFiles=[], height=50.0, italic=False, languageStyle='LTR', name='unnamed TextStim', opacity=1.0, ori=0.0, pos=array([0., 0.]), rgb=UNKNOWN, text='Poprawnie', units='pix', win=Window(...), wrapWidth=500)
33.6340 	EXP 	unnamed TextStim: height = 25.0
33.6340 	EXP 	unnamed TextStim: height = 25.0
33.6340 	EXP 	unnamed TextStim: height = 25.0
33.6340 	EXP 	unnamed TextStim: text = 'x'
35.7672 	DATA 	Keypress: z
35.7709 	EXP 	Created unnamed TextStim = TextStim(__class__=<class 'psychopy.visual.text.TextStim'>, alignHoriz=method-wrapper(...), alignText='center', alignVert=method-wrapper(...), anchorHoriz='center', anchorVert='center', antialias=True, autoDraw=False, autoLog=True, bold=False, color=array([-1, -1, -1]), colorSpace='rgb', contrast=1.0, depth=0, flipHoriz=False, flipVert=False, font='', fontFiles=[], height=50.0, italic=False, languageStyle='LTR', name='unnamed TextStim', opacity=1.0, ori=0.0, pos=array([0., 0.]), rgb=UNKNOWN, text='Niepoprawnie', units='pix', win=Window(...), wrapWidth=500)
36.5724 	DATA 	Keypress: x
36.7841 	EXP 	unnamed TextStim: height = 25.0
36.7841 	EXP 	unnamed TextStim: height = 25.0
36.7841 	EXP 	unnamed TextStim: height = 25.0
36.7841 	EXP 	unnamed TextStim: text = 'm'
38.3410 	DATA 	Keypress: m
38.3434 	EXP 	Created unnamed TextStim = TextStim(__class__=<class 'psychopy.visual.text.TextStim'>, alignHoriz=method-wrapper(...), alignText='center', alignVert=method-wrapper(...), anchorHoriz='center', anchorVert='center', antialias=True, autoDraw=False, autoLog=True, bold=False, color=array([-1, -1, -1]), colorSpace='rgb', contrast=1.0, depth=0, flipHoriz=False, flipVert=False, font='', fontFiles=[], height=50.0, italic=False, languageStyle='LTR', name='unnamed TextStim', opacity=1.0, ori=0.0, pos=array([0., 0.]), rgb=UNKNOWN, text='Poprawnie', units='pix', win=Window(...), wrapWidth=500)
39.3508 	EXP 	unnamed TextStim: height = 25.0
39.3508 	EXP 	unnamed TextStim: height = 25.0
39.3508 	EXP 	unnamed TextStim: height = 25.0
39.3508 	EXP 	unnamed TextStim: text = 'z'
41.6828 	DATA 	Keypress: x
41.6849 	EXP 	Created unnamed TextStim = TextStim(__class__=<class 'psychopy.visual.text.TextStim'>, alignHoriz=method-wrapper(...), alignText='center', alignVert=method-wrapper(...), anchorHoriz='center', anchorVert='center', antialias=True, autoDraw=False, autoLog=True, bold=False, color=array([-1, -1, -1]), colorSpace='rgb', contrast=1.0, depth=0, flipHoriz=False, flipVert=False, font='', fontFiles=[], height=50.0, italic=False, languageStyle='LTR', name='unnamed TextStim', opacity=1.0, ori=0.0, pos=array([0., 0.]), rgb=UNKNOWN, text='Niepoprawnie', units='pix', win=Window(...), wrapWidth=500)
42.4874 	DATA 	Keypress: z
42.7010 	EXP 	unnamed TextStim: height = 25.0
42.7010 	EXP 	unnamed TextStim: height = 25.0
42.7010 	EXP 	unnamed TextStim: height = 25.0
42.7010 	EXP 	unnamed TextStim: text = 'm'
44.3360 	DATA 	Keypress: m
44.3384 	EXP 	Created unnamed TextStim = TextStim(__class__=<class 'psychopy.visual.text.TextStim'>, alignHoriz=method-wrapper(...), alignText='center', alignVert=method-wrapper(...), anchorHoriz='center', anchorVert='center', antialias=True, autoDraw=False, autoLog=True, bold=False, color=array([-1, -1, -1]), colorSpace='rgb', contrast=1.0, depth=0, flipHoriz=False, flipVert=False, font='', fontFiles=[], height=50.0, italic=False, languageStyle='LTR', name='unnamed TextStim', opacity=1.0, ori=0.0, pos=array([0., 0.]), rgb=UNKNOWN, text='Poprawnie', units='pix', win=Window(...), wrapWidth=500)
45.3509 	EXP 	unnamed TextStim: height = 25.0
45.3509 	EXP 	unnamed TextStim: height = 25.0
45.3509 	EXP 	unnamed TextStim: height = 25.0
45.3509 	EXP 	unnamed TextStim: text = 'x'
47.2854 	DATA 	Keypress: x
47.2880 	EXP 	Created unnamed TextStim = TextStim(__class__=<class 'psychopy.visual.text.TextStim'>, alignHoriz=method-wrapper(...), alignText='center', alignVert=method-wrapper(...), anchorHoriz='center', anchorVert='center', antialias=True, autoDraw=False, autoLog=True, bold=False, color=array([-1, -1, -1]), colorSpace='rgb', contrast=1.0, depth=0, flipHoriz=False, flipVert=False, font='', fontFiles=[], height=50.0, italic=False, languageStyle='LTR', name='unnamed TextStim', opacity=1.0, ori=0.0, pos=array([0., 0.]), rgb=UNKNOWN, text='Poprawnie', units='pix', win=Window(...), wrapWidth=500)
48.3011 	EXP 	unnamed TextStim: height = 25.0
48.3011 	EXP 	unnamed TextStim: height = 25.0
48.3011 	EXP 	unnamed TextStim: height = 25.0
48.3011 	EXP 	unnamed TextStim: text = 'n'
49.9796 	DATA 	Keypress: n
49.9816 	EXP 	Created unnamed TextStim = TextStim(__class__=<class 'psychopy.visual.text.TextStim'>, alignHoriz=method-wrapper(...), alignText='center', alignVert=method-wrapper(...), anchorHoriz='center', anchorVert='center', antialias=True, autoDraw=False, autoLog=True, bold=False, color=array([-1, -1, -1]), colorSpace='rgb', contrast=1.0, depth=0, flipHoriz=False, flipVert=False, font='', fontFiles=[], height=50.0, italic=False, languageStyle='LTR', name='unnamed TextStim', opacity=1.0, ori=0.0, pos=array([0., 0.]), rgb=UNKNOWN, text='Poprawnie', units='pix', win=Window(...), wrapWidth=500)
50.9849 	EXP 	unnamed TextStim: height = 25.0
50.9849 	EXP 	unnamed TextStim: height = 25.0
50.9849 	EXP 	unnamed TextStim: height = 25.0
50.9849 	EXP 	unnamed TextStim: text = 'm'
52.4521 	DATA 	Keypress: m
53.8485 	DATA 	Keypress: m
53.8509 	EXP 	Created unnamed TextStim = TextStim(__class__=<class 'psychopy.visual.text.TextStim'>, alignHoriz=method-wrapper(...), alignText='center', alignVert=method-wrapper(...), anchorHoriz='center', anchorVert='center', antialias=True, autoDraw=False, autoLog=True, bold=False, color=array([-1, -1, -1]), colorSpace='rgb', contrast=1.0, depth=0, flipHoriz=False, flipVert=False, font='', fontFiles=[], height=50.0, italic=False, languageStyle='LTR', name='unnamed TextStim', opacity=1.0, ori=0.0, pos=array([0., 0.]), rgb=UNKNOWN, text='Poprawnie', units='pix', win=Window(...), wrapWidth=500)
54.8680 	EXP 	unnamed TextStim: height = 25.0
54.8680 	EXP 	unnamed TextStim: height = 25.0
54.8680 	EXP 	unnamed TextStim: height = 25.0
54.8680 	EXP 	unnamed TextStim: text = 'z'
56.4828 	DATA 	Keypress: z
56.4849 	EXP 	Created unnamed TextStim = TextStim(__class__=<class 'psychopy.visual.text.TextStim'>, alignHoriz=method-wrapper(...), alignText='center', alignVert=method-wrapper(...), anchorHoriz='center', anchorVert='center', antialias=True, autoDraw=False, autoLog=True, bold=False, color=array([-1, -1, -1]), colorSpace='rgb', contrast=1.0, depth=0, flipHoriz=False, flipVert=False, font='', fontFiles=[], height=50.0, italic=False, languageStyle='LTR', name='unnamed TextStim', opacity=1.0, ori=0.0, pos=array([0., 0.]), rgb=UNKNOWN, text='Poprawnie', units='pix', win=Window(...), wrapWidth=500)
57.5016 	EXP 	unnamed TextStim: height = 25.0
57.5016 	EXP 	unnamed TextStim: height = 25.0
57.5016 	EXP 	unnamed TextStim: height = 25.0
57.5016 	EXP 	unnamed TextStim: text = 'x'
59.0845 	DATA 	Keypress: x
59.0870 	EXP 	Created unnamed TextStim = TextStim(__class__=<class 'psychopy.visual.text.TextStim'>, alignHoriz=method-wrapper(...), alignText='center', alignVert=method-wrapper(...), anchorHoriz='center', anchorVert='center', antialias=True, autoDraw=False, autoLog=True, bold=False, color=array([-1, -1, -1]), colorSpace='rgb', contrast=1.0, depth=0, flipHoriz=False, flipVert=False, font='', fontFiles=[], height=50.0, italic=False, languageStyle='LTR', name='unnamed TextStim', opacity=1.0, ori=0.0, pos=array([0., 0.]), rgb=UNKNOWN, text='Poprawnie', units='pix', win=Window(...), wrapWidth=500)
60.1015 	EXP 	unnamed TextStim: height = 25.0
60.1015 	EXP 	unnamed TextStim: height = 25.0
60.1015 	EXP 	unnamed TextStim: height = 25.0
60.1015 	EXP 	unnamed TextStim: text = 'z'
62.3058 	DATA 	Keypress: x
62.3080 	EXP 	Created unnamed TextStim = TextStim(__class__=<class 'psychopy.visual.text.TextStim'>, alignHoriz=method-wrapper(...), alignText='center', alignVert=method-wrapper(...), anchorHoriz='center', anchorVert='center', antialias=True, autoDraw=False, autoLog=True, bold=False, color=array([-1, -1, -1]), colorSpace='rgb', contrast=1.0, depth=0, flipHoriz=False, flipVert=False, font='', fontFiles=[], height=50.0, italic=False, languageStyle='LTR', name='unnamed TextStim', opacity=1.0, ori=0.0, pos=array([0., 0.]), rgb=UNKNOWN, text='Niepoprawnie', units='pix', win=Window(...), wrapWidth=500)
63.3185 	EXP 	unnamed TextStim: text = 'z'
64.9881 	DATA 	Keypress: z
64.9909 	EXP 	Created unnamed TextStim = TextStim(__class__=<class 'psychopy.visual.text.TextStim'>, alignHoriz=method-wrapper(...), alignText='center', alignVert=method-wrapper(...), anchorHoriz='center', anchorVert='center', antialias=True, autoDraw=False, autoLog=True, bold=False, color=array([-1, -1, -1]), colorSpace='rgb', contrast=1.0, depth=0, flipHoriz=False, flipVert=False, font='', fontFiles=[], height=50.0, italic=False, languageStyle='LTR', name='unnamed TextStim', opacity=1.0, ori=0.0, pos=array([0., 0.]), rgb=UNKNOWN, text='Poprawnie', units='pix', win=Window(...), wrapWidth=500)
66.0019 	EXP 	unnamed TextStim: text = 'z'
67.5351 	DATA 	Keypress: z
67.5375 	EXP 	Created unnamed TextStim = TextStim(__class__=<class 'psychopy.visual.text.TextStim'>, alignHoriz=method-wrapper(...), alignText='center', alignVert=method-wrapper(...), anchorHoriz='center', anchorVert='center', antialias=True, autoDraw=False, autoLog=True, bold=False, color=array([-1, -1, -1]), colorSpace='rgb', contrast=1.0, depth=0, flipHoriz=False, flipVert=False, font='', fontFiles=[], height=50.0, italic=False, languageStyle='LTR', name='unnamed TextStim', opacity=1.0, ori=0.0, pos=array([0., 0.]), rgb=UNKNOWN, text='Poprawnie', units='pix', win=Window(...), wrapWidth=500)
68.5521 	EXP 	unnamed TextStim: height = 25.0
68.5521 	EXP 	unnamed TextStim: height = 25.0
68.5521 	EXP 	unnamed TextStim: height = 25.0
68.5521 	EXP 	unnamed TextStim: text = 'x'
70.3027 	DATA 	Keypress: x
70.3053 	EXP 	Created unnamed TextStim = TextStim(__class__=<class 'psychopy.visual.text.TextStim'>, alignHoriz=method-wrapper(...), alignText='center', alignVert=method-wrapper(...), anchorHoriz='center', anchorVert='center', antialias=True, autoDraw=False, autoLog=True, bold=False, color=array([-1, -1, -1]), colorSpace='rgb', contrast=1.0, depth=0, flipHoriz=False, flipVert=False, font='', fontFiles=[], height=50.0, italic=False, languageStyle='LTR', name='unnamed TextStim', opacity=1.0, ori=0.0, pos=array([0., 0.]), rgb=UNKNOWN, text='Poprawnie', units='pix', win=Window(...), wrapWidth=500)
71.3377 	EXP 	Created unnamed TextStim = TextStim(__class__=<class 'psychopy.visual.text.TextStim'>, alignHoriz=method-wrapper(...), alignText='center', alignVert=method-wrapper(...), anchorHoriz='center', anchorVert='center', antialias=True, autoDraw=False, autoLog=True, bold=False, color=array([-1, -1, -1]), colorSpace='rgb', contrast=1.0, depth=0, flipHoriz=False, flipVert=False, font='', fontFiles=[], height=20.0, italic=False, languageStyle='LTR', name='unnamed TextStim', opacity=1.0, ori=0.0, pos=array([0., 0.]), rgb=UNKNOWN, text=str(...), units='pix', win=Window(...), wrapWidth=1536)
73.0322 	DATA 	Keypress: space
73.0363 	EXP 	unnamed TextStim: height = 25.0
73.0363 	EXP 	unnamed TextStim: height = 25.0
73.0363 	EXP 	unnamed TextStim: height = 25.0
73.0363 	EXP 	unnamed TextStim: text = 'm'
75.8024 	DATA 	No keypress (maxWait exceeded)
75.8091 	EXP 	Created unnamed TextStim = TextStim(__class__=<class 'psychopy.visual.text.TextStim'>, alignHoriz=method-wrapper(...), alignText='center', alignVert=method-wrapper(...), anchorHoriz='center', anchorVert='center', antialias=True, autoDraw=False, autoLog=True, bold=False, color=array([-1, -1, -1]), colorSpace='rgb', contrast=1.0, depth=0, flipHoriz=False, flipVert=False, font='', fontFiles=[], height=50.0, italic=False, languageStyle='LTR', name='unnamed TextStim', opacity=1.0, ori=0.0, pos=array([0., 0.]), rgb=UNKNOWN, text='Niepoprawnie', units='pix', win=Window(...), wrapWidth=500)
76.6104 	DATA 	Keypress: n
76.8190 	EXP 	unnamed TextStim: text = 'm'
78.2472 	DATA 	Keypress: m
78.2507 	EXP 	Created unnamed TextStim = TextStim(__class__=<class 'psychopy.visual.text.TextStim'>, alignHoriz=method-wrapper(...), alignText='center', alignVert=method-wrapper(...), anchorHoriz='center', anchorVert='center', antialias=True, autoDraw=False, autoLog=True, bold=False, color=array([-1, -1, -1]), colorSpace='rgb', contrast=1.0, depth=0, flipHoriz=False, flipVert=False, font='', fontFiles=[], height=50.0, italic=False, languageStyle='LTR', name='unnamed TextStim', opacity=1.0, ori=0.0, pos=array([0., 0.]), rgb=UNKNOWN, text='Poprawnie', units='pix', win=Window(...), wrapWidth=500)
79.2691 	EXP 	unnamed TextStim: height = 25.0
79.2691 	EXP 	unnamed TextStim: height = 25.0
79.2691 	EXP 	unnamed TextStim: height = 25.0
79.2691 	EXP 	unnamed TextStim: text = 'x'
80.9575 	DATA 	Keypress: x
80.9596 	EXP 	Created unnamed TextStim = TextStim(__class__=<class 'psychopy.visual.text.TextStim'>, alignHoriz=method-wrapper(...), alignText='center', alignVert=method-wrapper(...), anchorHoriz='center', anchorVert='center', antialias=True, autoDraw=False, autoLog=True, bold=False, color=array([-1, -1, -1]), colorSpace='rgb', contrast=1.0, depth=0, flipHoriz=False, flipVert=False, font='', fontFiles=[], height=50.0, italic=False, languageStyle='LTR', name='unnamed TextStim', opacity=1.0, ori=0.0, pos=array([0., 0.]), rgb=UNKNOWN, text='Poprawnie', units='pix', win=Window(...), wrapWidth=500)
81.9690 	EXP 	unnamed TextStim: height = 25.0
81.9690 	EXP 	unnamed TextStim: height = 25.0
81.9690 	EXP 	unnamed TextStim: height = 25.0
81.9690 	EXP 	unnamed TextStim: text = 'z'
83.5336 	DATA 	Keypress: z
83.5356 	EXP 	Created unnamed TextStim = TextStim(__class__=<class 'psychopy.visual.text.TextStim'>, alignHoriz=method-wrapper(...), alignText='center', alignVert=method-wrapper(...), anchorHoriz='center', anchorVert='center', antialias=True, autoDraw=False, autoLog=True, bold=False, color=array([-1, -1, -1]), colorSpace='rgb', contrast=1.0, depth=0, flipHoriz=False, flipVert=False, font='', fontFiles=[], height=50.0, italic=False, languageStyle='LTR', name='unnamed TextStim', opacity=1.0, ori=0.0, pos=array([0., 0.]), rgb=UNKNOWN, text='Poprawnie', units='pix', win=Window(...), wrapWidth=500)
84.5525 	EXP 	unnamed TextStim: text = 'z'
86.3592 	DATA 	Keypress: x
86.3613 	EXP 	Created unnamed TextStim = TextStim(__class__=<class 'psychopy.visual.text.TextStim'>, alignHoriz=method-wrapper(...), alignText='center', alignVert=method-wrapper(...), anchorHoriz='center', anchorVert='center', antialias=True, autoDraw=False, autoLog=True, bold=False, color=array([-1, -1, -1]), colorSpace='rgb', contrast=1.0, depth=0, flipHoriz=False, flipVert=False, font='', fontFiles=[], height=50.0, italic=False, languageStyle='LTR', name='unnamed TextStim', opacity=1.0, ori=0.0, pos=array([0., 0.]), rgb=UNKNOWN, text='Niepoprawnie', units='pix', win=Window(...), wrapWidth=500)
87.3694 	EXP 	unnamed TextStim: height = 25.0
87.3694 	EXP 	unnamed TextStim: height = 25.0
87.3694 	EXP 	unnamed TextStim: height = 25.0
87.3694 	EXP 	unnamed TextStim: text = 'x'
88.9129 	DATA 	Keypress: n
88.9149 	EXP 	Created unnamed TextStim = TextStim(__class__=<class 'psychopy.visual.text.TextStim'>, alignHoriz=method-wrapper(...), alignText='center', alignVert=method-wrapper(...), anchorHoriz='center', anchorVert='center', antialias=True, autoDraw=False, autoLog=True, bold=False, color=array([-1, -1, -1]), colorSpace='rgb', contrast=1.0, depth=0, flipHoriz=False, flipVert=False, font='', fontFiles=[], height=50.0, italic=False, languageStyle='LTR', name='unnamed TextStim', opacity=1.0, ori=0.0, pos=array([0., 0.]), rgb=UNKNOWN, text='Niepoprawnie', units='pix', win=Window(...), wrapWidth=500)
89.9193 	EXP 	unnamed TextStim: height = 25.0
89.9193 	EXP 	unnamed TextStim: height = 25.0
89.9193 	EXP 	unnamed TextStim: height = 25.0
89.9193 	EXP 	unnamed TextStim: text = 'n'
91.3590 	DATA 	Keypress: n
91.3615 	EXP 	Created unnamed TextStim = TextStim(__class__=<class 'psychopy.visual.text.TextStim'>, alignHoriz=method-wrapper(...), alignText='center', alignVert=method-wrapper(...), anchorHoriz='center', anchorVert='center', antialias=True, autoDraw=False, autoLog=True, bold=False, color=array([-1, -1, -1]), colorSpace='rgb', contrast=1.0, depth=0, flipHoriz=False, flipVert=False, font='', fontFiles=[], height=50.0, italic=False, languageStyle='LTR', name='unnamed TextStim', opacity=1.0, ori=0.0, pos=array([0., 0.]), rgb=UNKNOWN, text='Poprawnie', units='pix', win=Window(...), wrapWidth=500)
92.3695 	EXP 	unnamed TextStim: height = 25.0
92.3695 	EXP 	unnamed TextStim: height = 25.0
92.3695 	EXP 	unnamed TextStim: height = 25.0
92.3695 	EXP 	unnamed TextStim: text = 'x'
94.1063 	DATA 	Keypress: x
94.1083 	EXP 	Created unnamed TextStim = TextStim(__class__=<class 'psychopy.visual.text.TextStim'>, alignHoriz=method-wrapper(...), alignText='center', alignVert=method-wrapper(...), anchorHoriz='center', anchorVert='center', antialias=True, autoDraw=False, autoLog=True, bold=False, color=array([-1, -1, -1]), colorSpace='rgb', contrast=1.0, depth=0, flipHoriz=False, flipVert=False, font='', fontFiles=[], height=50.0, italic=False, languageStyle='LTR', name='unnamed TextStim', opacity=1.0, ori=0.0, pos=array([0., 0.]), rgb=UNKNOWN, text='Poprawnie', units='pix', win=Window(...), wrapWidth=500)
95.1195 	EXP 	unnamed TextStim: height = 25.0
95.1195 	EXP 	unnamed TextStim: height = 25.0
95.1195 	EXP 	unnamed TextStim: height = 25.0
95.1195 	EXP 	unnamed TextStim: text = 'm'
96.7904 	DATA 	Keypress: n
96.7929 	EXP 	Created unnamed TextStim = TextStim(__class__=<class 'psychopy.visual.text.TextStim'>, alignHoriz=method-wrapper(...), alignText='center', alignVert=method-wrapper(...), anchorHoriz='center', anchorVert='center', antialias=True, autoDraw=False, autoLog=True, bold=False, color=array([-1, -1, -1]), colorSpace='rgb', contrast=1.0, depth=0, flipHoriz=False, flipVert=False, font='', fontFiles=[], height=50.0, italic=False, languageStyle='LTR', name='unnamed TextStim', opacity=1.0, ori=0.0, pos=array([0., 0.]), rgb=UNKNOWN, text='Niepoprawnie', units='pix', win=Window(...), wrapWidth=500)
97.8031 	EXP 	unnamed TextStim: height = 25.0
97.8031 	EXP 	unnamed TextStim: height = 25.0
97.8031 	EXP 	unnamed TextStim: height = 25.0
97.8031 	EXP 	unnamed TextStim: text = 'n'
99.2323 	DATA 	Keypress: n
99.2347 	EXP 	Created unnamed TextStim = TextStim(__class__=<class 'psychopy.visual.text.TextStim'>, alignHoriz=method-wrapper(...), alignText='center', alignVert=method-wrapper(...), anchorHoriz='center', anchorVert='center', antialias=True, autoDraw=False, autoLog=True, bold=False, color=array([-1, -1, -1]), colorSpace='rgb', contrast=1.0, depth=0, flipHoriz=False, flipVert=False, font='', fontFiles=[], height=50.0, italic=False, languageStyle='LTR', name='unnamed TextStim', opacity=1.0, ori=0.0, pos=array([0., 0.]), rgb=UNKNOWN, text='Poprawnie', units='pix', win=Window(...), wrapWidth=500)
100.2650 	EXP 	Created unnamed TextStim = TextStim(__class__=<class 'psychopy.visual.text.TextStim'>, alignHoriz=method-wrapper(...), alignText='center', alignVert=method-wrapper(...), anchorHoriz='center', anchorVert='center', antialias=True, autoDraw=False, autoLog=True, bold=False, color=array([-1, -1, -1]), colorSpace='rgb', contrast=1.0, depth=0, flipHoriz=False, flipVert=False, font='', fontFiles=[], height=20.0, italic=False, languageStyle='LTR', name='unnamed TextStim', opacity=1.0, ori=0.0, pos=array([0., 0.]), rgb=UNKNOWN, text=str(...), units='pix', win=Window(...), wrapWidth=1536)
104.3297 	DATA 	Keypress: space
104.3365 	EXP 	unnamed TextStim: text = 'n'
106.4710 	DATA 	Keypress: n
106.4744 	EXP 	unnamed TextStim: height = 25.0
106.4744 	EXP 	unnamed TextStim: height = 25.0
106.4744 	EXP 	unnamed TextStim: height = 25.0
106.4744 	EXP 	unnamed TextStim: text = 'x'
108.2087 	DATA 	Keypress: n
108.2120 	EXP 	unnamed TextStim: height = 25.0
108.2120 	EXP 	unnamed TextStim: height = 25.0
108.2120 	EXP 	unnamed TextStim: height = 25.0
108.2120 	EXP 	unnamed TextStim: text = 'm'
109.6275 	DATA 	Keypress: m
109.6304 	EXP 	unnamed TextStim: height = 25.0
109.6304 	EXP 	unnamed TextStim: height = 25.0
109.6304 	EXP 	unnamed TextStim: height = 25.0
109.6304 	EXP 	unnamed TextStim: text = 'z'
111.1353 	DATA 	Keypress: z
111.1379 	EXP 	unnamed TextStim: height = 25.0
111.1379 	EXP 	unnamed TextStim: height = 25.0
111.1379 	EXP 	unnamed TextStim: height = 25.0
111.1379 	EXP 	unnamed TextStim: text = 'x'
112.8615 	DATA 	Keypress: x
112.8645 	EXP 	unnamed TextStim: height = 25.0
112.8645 	EXP 	unnamed TextStim: height = 25.0
112.8645 	EXP 	unnamed TextStim: height = 25.0
112.8645 	EXP 	unnamed TextStim: text = 'n'
114.3607 	DATA 	Keypress: n
114.5169 	EXP 	Created unnamed ImageStim = ImageStim(__class__=<class 'psychopy.visual.image.ImageStim'>, anchor=('center', 'center'), autoLog=True, color=array([1., 1., 1.]), colorSpace='rgb', contrast=1.0, depth=0, flipHoriz=False, flipVert=False, image='break.jpg', interpolate=True, mask=None, maskParams=None, name='unnamed ImageStim', opacity=1.0, ori=0.0, pos=array([0., 0.]), size=array([1536.,  864.]), texRes=128, units='pix', win=Window(...))
115.7404 	DATA 	Keypress: space
115.7535 	EXP 	unnamed TextStim: height = 25.0
115.7535 	EXP 	unnamed TextStim: height = 25.0
115.7535 	EXP 	unnamed TextStim: height = 25.0
115.7535 	EXP 	unnamed TextStim: text = 'z'
117.3273 	DATA 	Keypress: m
117.3297 	EXP 	unnamed TextStim: height = 25.0
117.3297 	EXP 	unnamed TextStim: height = 25.0
117.3297 	EXP 	unnamed TextStim: height = 25.0
117.3297 	EXP 	unnamed TextStim: text = 'm'
118.8063 	DATA 	Keypress: m
118.8084 	EXP 	unnamed TextStim: height = 25.0
118.8084 	EXP 	unnamed TextStim: height = 25.0
118.8084 	EXP 	unnamed TextStim: height = 25.0
118.8084 	EXP 	unnamed TextStim: text = 'n'
120.0478 	DATA 	Keypress: n
120.0539 	EXP 	unnamed TextStim: height = 25.0
120.0539 	EXP 	unnamed TextStim: height = 25.0
120.0539 	EXP 	unnamed TextStim: height = 25.0
120.0539 	EXP 	unnamed TextStim: text = 'm'
121.5577 	DATA 	Keypress: n
121.5622 	EXP 	unnamed TextStim: height = 25.0
121.5622 	EXP 	unnamed TextStim: height = 25.0
121.5622 	EXP 	unnamed TextStim: height = 25.0
121.5622 	EXP 	unnamed TextStim: text = 'x'
123.4569 	DATA 	Keypress: z
123.4589 	EXP 	unnamed TextStim: height = 25.0
123.4589 	EXP 	unnamed TextStim: height = 25.0
123.4589 	EXP 	unnamed TextStim: height = 25.0
123.4589 	EXP 	unnamed TextStim: text = 'm'
124.8715 	DATA 	Keypress: m
124.9911 	EXP 	Created unnamed ImageStim = ImageStim(__class__=<class 'psychopy.visual.image.ImageStim'>, anchor=('center', 'center'), autoLog=True, color=array([1., 1., 1.]), colorSpace='rgb', contrast=1.0, depth=0, flipHoriz=False, flipVert=False, image='break.jpg', interpolate=True, mask=None, maskParams=None, name='unnamed ImageStim', opacity=1.0, ori=0.0, pos=array([0., 0.]), size=array([1536.,  864.]), texRes=128, units='pix', win=Window(...))
126.0448 	DATA 	Keypress: space
126.0542 	EXP 	unnamed TextStim: height = 25.0
126.0542 	EXP 	unnamed TextStim: height = 25.0
126.0542 	EXP 	unnamed TextStim: height = 25.0
126.0542 	EXP 	unnamed TextStim: text = 'n'
127.3731 	DATA 	Keypress: n
127.3754 	EXP 	unnamed TextStim: height = 25.0
127.3754 	EXP 	unnamed TextStim: height = 25.0
127.3754 	EXP 	unnamed TextStim: height = 25.0
127.3754 	EXP 	unnamed TextStim: text = 'z'
129.8996 	DATA 	Keypress: x
129.9008 	EXP 	unnamed TextStim: text = 'z'
132.1556 	DATA 	Keypress: z
132.1577 	EXP 	unnamed TextStim: height = 25.0
132.1577 	EXP 	unnamed TextStim: height = 25.0
132.1577 	EXP 	unnamed TextStim: height = 25.0
132.1577 	EXP 	unnamed TextStim: text = 'm'
133.6745 	DATA 	Keypress: n
133.6756 	EXP 	unnamed TextStim: text = 'm'
135.7429 	DATA 	Keypress: m
135.7440 	EXP 	unnamed TextStim: text = 'm'
137.6080 	DATA 	Keypress: n
137.7634 	EXP 	Created unnamed ImageStim = ImageStim(__class__=<class 'psychopy.visual.image.ImageStim'>, anchor=('center', 'center'), autoLog=True, color=array([1., 1., 1.]), colorSpace='rgb', contrast=1.0, depth=0, flipHoriz=False, flipVert=False, image='break.jpg', interpolate=True, mask=None, maskParams=None, name='unnamed ImageStim', opacity=1.0, ori=0.0, pos=array([0., 0.]), size=array([1536.,  864.]), texRes=128, units='pix', win=Window(...))
138.6955 	DATA 	Keypress: space
138.7045 	EXP 	unnamed TextStim: height = 25.0
138.7045 	EXP 	unnamed TextStim: height = 25.0
138.7045 	EXP 	unnamed TextStim: height = 25.0
138.7045 	EXP 	unnamed TextStim: text = 'x'
140.7232 	DATA 	Keypress: n
140.7253 	EXP 	unnamed TextStim: height = 25.0
140.7253 	EXP 	unnamed TextStim: height = 25.0
140.7253 	EXP 	unnamed TextStim: height = 25.0
140.7253 	EXP 	unnamed TextStim: text = 'n'
142.0593 	DATA 	Keypress: n
142.0614 	EXP 	unnamed TextStim: height = 25.0
142.0614 	EXP 	unnamed TextStim: height = 25.0
142.0614 	EXP 	unnamed TextStim: height = 25.0
142.0614 	EXP 	unnamed TextStim: text = 'z'
143.7145 	DATA 	Keypress: x
143.7214 	EXP 	unnamed TextStim: height = 25.0
143.7214 	EXP 	unnamed TextStim: height = 25.0
143.7214 	EXP 	unnamed TextStim: height = 25.0
143.7214 	EXP 	unnamed TextStim: text = 'x'
145.3200 	DATA 	Keypress: x
145.3221 	EXP 	unnamed TextStim: height = 25.0
145.3221 	EXP 	unnamed TextStim: height = 25.0
145.3221 	EXP 	unnamed TextStim: height = 25.0
145.3221 	EXP 	unnamed TextStim: text = 'z'
146.7703 	DATA 	Keypress: z
146.7728 	EXP 	unnamed TextStim: height = 25.0
146.7728 	EXP 	unnamed TextStim: height = 25.0
146.7728 	EXP 	unnamed TextStim: height = 25.0
146.7728 	EXP 	unnamed TextStim: text = 'm'
148.4267 	DATA 	Keypress: n
148.5353 	EXP 	Created unnamed ImageStim = ImageStim(__class__=<class 'psychopy.visual.image.ImageStim'>, anchor=('center', 'center'), autoLog=True, color=array([1., 1., 1.]), colorSpace='rgb', contrast=1.0, depth=0, flipHoriz=False, flipVert=False, image='break.jpg', interpolate=True, mask=None, maskParams=None, name='unnamed ImageStim', opacity=1.0, ori=0.0, pos=array([0., 0.]), size=array([1536.,  864.]), texRes=128, units='pix', win=Window(...))
149.4740 	DATA 	Keypress: space
149.4883 	EXP 	unnamed TextStim: height = 25.0
149.4883 	EXP 	unnamed TextStim: height = 25.0
149.4883 	EXP 	unnamed TextStim: height = 25.0
149.4883 	EXP 	unnamed TextStim: text = 'n'
151.5839 	DATA 	Keypress: n
151.5852 	EXP 	unnamed TextStim: text = 'n'
153.0167 	DATA 	Keypress: n
153.0189 	EXP 	unnamed TextStim: height = 25.0
153.0189 	EXP 	unnamed TextStim: height = 25.0
153.0189 	EXP 	unnamed TextStim: height = 25.0
153.0189 	EXP 	unnamed TextStim: text = 'm'
154.5446 	DATA 	Keypress: n
154.5466 	EXP 	unnamed TextStim: height = 25.0
154.5466 	EXP 	unnamed TextStim: height = 25.0
154.5466 	EXP 	unnamed TextStim: height = 25.0
154.5466 	EXP 	unnamed TextStim: text = 'n'
156.0866 	DATA 	Keypress: n
156.0888 	EXP 	unnamed TextStim: height = 25.0
156.0888 	EXP 	unnamed TextStim: height = 25.0
156.0888 	EXP 	unnamed TextStim: height = 25.0
156.0888 	EXP 	unnamed TextStim: text = 'z'
158.2052 	DATA 	Keypress: n
158.2066 	EXP 	unnamed TextStim: text = 'z'
159.9483 	DATA 	Keypress: x
160.0856 	EXP 	Created unnamed ImageStim = ImageStim(__class__=<class 'psychopy.visual.image.ImageStim'>, anchor=('center', 'center'), autoLog=True, color=array([1., 1., 1.]), colorSpace='rgb', contrast=1.0, depth=0, flipHoriz=False, flipVert=False, image='break.jpg', interpolate=True, mask=None, maskParams=None, name='unnamed ImageStim', opacity=1.0, ori=0.0, pos=array([0., 0.]), size=array([1536.,  864.]), texRes=128, units='pix', win=Window(...))
160.8883 	DATA 	Keypress: space
160.9053 	EXP 	unnamed TextStim: height = 25.0
160.9053 	EXP 	unnamed TextStim: height = 25.0
160.9053 	EXP 	unnamed TextStim: height = 25.0
160.9053 	EXP 	unnamed TextStim: text = 'x'
163.0562 	DATA 	Keypress: z
163.0573 	EXP 	unnamed TextStim: text = 'x'
165.0252 	DATA 	Keypress: x
165.0276 	EXP 	unnamed TextStim: text = 'x'
166.8353 	DATA 	Keypress: x
166.8420 	EXP 	unnamed TextStim: height = 25.0
166.8420 	EXP 	unnamed TextStim: height = 25.0
166.8420 	EXP 	unnamed TextStim: height = 25.0
166.8420 	EXP 	unnamed TextStim: text = 'm'
168.5547 	DATA 	Keypress: m
168.5569 	EXP 	unnamed TextStim: height = 25.0
168.5569 	EXP 	unnamed TextStim: height = 25.0
168.5569 	EXP 	unnamed TextStim: height = 25.0
168.5569 	EXP 	unnamed TextStim: text = 'z'
170.2804 	DATA 	Keypress: n
170.2826 	EXP 	unnamed TextStim: height = 25.0
170.2826 	EXP 	unnamed TextStim: height = 25.0
170.2826 	EXP 	unnamed TextStim: height = 25.0
170.2826 	EXP 	unnamed TextStim: text = 'm'
171.6983 	DATA 	Keypress: m
171.8316 	EXP 	Created unnamed ImageStim = ImageStim(__class__=<class 'psychopy.visual.image.ImageStim'>, anchor=('center', 'center'), autoLog=True, color=array([1., 1., 1.]), colorSpace='rgb', contrast=1.0, depth=0, flipHoriz=False, flipVert=False, image='break.jpg', interpolate=True, mask=None, maskParams=None, name='unnamed ImageStim', opacity=1.0, ori=0.0, pos=array([0., 0.]), size=array([1536.,  864.]), texRes=128, units='pix', win=Window(...))
172.6925 	DATA 	Keypress: space
172.7060 	EXP 	unnamed TextStim: height = 25.0
172.7060 	EXP 	unnamed TextStim: height = 25.0
172.7060 	EXP 	unnamed TextStim: height = 25.0
172.7060 	EXP 	unnamed TextStim: text = 'n'
174.1126 	DATA 	Keypress: n
174.1148 	EXP 	unnamed TextStim: height = 25.0
174.1148 	EXP 	unnamed TextStim: height = 25.0
174.1148 	EXP 	unnamed TextStim: height = 25.0
174.1148 	EXP 	unnamed TextStim: text = 'm'
175.9432 	DATA 	Keypress: x
175.9454 	EXP 	unnamed TextStim: height = 25.0
175.9454 	EXP 	unnamed TextStim: height = 25.0
175.9454 	EXP 	unnamed TextStim: height = 25.0
175.9454 	EXP 	unnamed TextStim: text = 'x'
177.6187 	DATA 	Keypress: x
177.6208 	EXP 	unnamed TextStim: height = 25.0
177.6208 	EXP 	unnamed TextStim: height = 25.0
177.6208 	EXP 	unnamed TextStim: height = 25.0
177.6208 	EXP 	unnamed TextStim: text = 'z'
179.3380 	DATA 	Keypress: n
179.3392 	EXP 	unnamed TextStim: text = 'z'
180.9647 	DATA 	Keypress: z
180.9668 	EXP 	unnamed TextStim: height = 25.0
180.9668 	EXP 	unnamed TextStim: height = 25.0
180.9668 	EXP 	unnamed TextStim: height = 25.0
180.9668 	EXP 	unnamed TextStim: text = 'm'
182.7331 	DATA 	Keypress: n
182.8629 	EXP 	Created unnamed ImageStim = ImageStim(__class__=<class 'psychopy.visual.image.ImageStim'>, anchor=('center', 'center'), autoLog=True, color=array([1., 1., 1.]), colorSpace='rgb', contrast=1.0, depth=0, flipHoriz=False, flipVert=False, image='break.jpg', interpolate=True, mask=None, maskParams=None, name='unnamed ImageStim', opacity=1.0, ori=0.0, pos=array([0., 0.]), size=array([1536.,  864.]), texRes=128, units='pix', win=Window(...))
183.7173 	DATA 	Keypress: space
183.7255 	EXP 	unnamed TextStim: height = 25.0
183.7255 	EXP 	unnamed TextStim: height = 25.0
183.7255 	EXP 	unnamed TextStim: height = 25.0
183.7255 	EXP 	unnamed TextStim: text = 'z'
185.3264 	DATA 	Keypress: x
185.3275 	EXP 	unnamed TextStim: text = 'z'
186.8407 	DATA 	Keypress: z
186.8429 	EXP 	unnamed TextStim: height = 25.0
186.8429 	EXP 	unnamed TextStim: height = 25.0
186.8429 	EXP 	unnamed TextStim: height = 25.0
186.8429 	EXP 	unnamed TextStim: text = 'm'
188.4754 	DATA 	Keypress: m
188.4776 	EXP 	unnamed TextStim: height = 25.0
188.4776 	EXP 	unnamed TextStim: height = 25.0
188.4776 	EXP 	unnamed TextStim: height = 25.0
188.4776 	EXP 	unnamed TextStim: text = 'n'
191.1470 	DATA 	Keypress: z
191.1492 	EXP 	unnamed TextStim: height = 25.0
191.1492 	EXP 	unnamed TextStim: height = 25.0
191.1492 	EXP 	unnamed TextStim: height = 25.0
191.1492 	EXP 	unnamed TextStim: text = 'z'
193.0553 	DATA 	Keypress: x
193.0581 	EXP 	unnamed TextStim: height = 25.0
193.0581 	EXP 	unnamed TextStim: height = 25.0
193.0581 	EXP 	unnamed TextStim: height = 25.0
193.0581 	EXP 	unnamed TextStim: text = 'm'
195.1659 	DATA 	Keypress: m
195.3091 	EXP 	Created unnamed ImageStim = ImageStim(__class__=<class 'psychopy.visual.image.ImageStim'>, anchor=('center', 'center'), autoLog=True, color=array([1., 1., 1.]), colorSpace='rgb', contrast=1.0, depth=0, flipHoriz=False, flipVert=False, image='break.jpg', interpolate=True, mask=None, maskParams=None, name='unnamed ImageStim', opacity=1.0, ori=0.0, pos=array([0., 0.]), size=array([1536.,  864.]), texRes=128, units='pix', win=Window(...))
196.2193 	DATA 	Keypress: space
196.2232 	EXP 	unnamed TextStim: height = 25.0
196.2232 	EXP 	unnamed TextStim: height = 25.0
196.2232 	EXP 	unnamed TextStim: height = 25.0
196.2232 	EXP 	unnamed TextStim: text = 'n'
198.7304 	DATA 	Keypress: z
198.7326 	EXP 	unnamed TextStim: height = 25.0
198.7326 	EXP 	unnamed TextStim: height = 25.0
198.7326 	EXP 	unnamed TextStim: height = 25.0
198.7326 	EXP 	unnamed TextStim: text = 'z'
200.2187 	DATA 	Keypress: z
200.2222 	EXP 	unnamed TextStim: height = 25.0
200.2222 	EXP 	unnamed TextStim: height = 25.0
200.2222 	EXP 	unnamed TextStim: height = 25.0
200.2222 	EXP 	unnamed TextStim: text = 'm'
201.9080 	DATA 	Keypress: m
201.9101 	EXP 	unnamed TextStim: height = 25.0
201.9101 	EXP 	unnamed TextStim: height = 25.0
201.9101 	EXP 	unnamed TextStim: height = 25.0
201.9101 	EXP 	unnamed TextStim: text = 'x'
203.6236 	DATA 	Keypress: x
203.6282 	EXP 	unnamed TextStim: height = 25.0
203.6282 	EXP 	unnamed TextStim: height = 25.0
203.6282 	EXP 	unnamed TextStim: height = 25.0
203.6282 	EXP 	unnamed TextStim: text = 'z'
205.2588 	DATA 	Keypress: z
205.2612 	EXP 	unnamed TextStim: height = 25.0
205.2612 	EXP 	unnamed TextStim: height = 25.0
205.2612 	EXP 	unnamed TextStim: height = 25.0
205.2612 	EXP 	unnamed TextStim: text = 'x'
207.1774 	DATA 	Keypress: n
207.3105 	EXP 	Created unnamed ImageStim = ImageStim(__class__=<class 'psychopy.visual.image.ImageStim'>, anchor=('center', 'center'), autoLog=True, color=array([1., 1., 1.]), colorSpace='rgb', contrast=1.0, depth=0, flipHoriz=False, flipVert=False, image='break.jpg', interpolate=True, mask=None, maskParams=None, name='unnamed ImageStim', opacity=1.0, ori=0.0, pos=array([0., 0.]), size=array([1536.,  864.]), texRes=128, units='pix', win=Window(...))
208.2355 	DATA 	Keypress: space
208.2403 	EXP 	unnamed TextStim: height = 25.0
208.2403 	EXP 	unnamed TextStim: height = 25.0
208.2403 	EXP 	unnamed TextStim: height = 25.0
208.2403 	EXP 	unnamed TextStim: text = 'z'
209.9906 	DATA 	Keypress: n
209.9929 	EXP 	unnamed TextStim: height = 25.0
209.9929 	EXP 	unnamed TextStim: height = 25.0
209.9929 	EXP 	unnamed TextStim: height = 25.0
209.9929 	EXP 	unnamed TextStim: text = 'm'
211.4623 	DATA 	Keypress: m
211.4645 	EXP 	unnamed TextStim: height = 25.0
211.4645 	EXP 	unnamed TextStim: height = 25.0
211.4645 	EXP 	unnamed TextStim: height = 25.0
211.4645 	EXP 	unnamed TextStim: text = 'n'
213.2469 	DATA 	Keypress: m
213.2481 	EXP 	unnamed TextStim: text = 'n'
214.7350 	DATA 	Keypress: n
214.7362 	EXP 	unnamed TextStim: text = 'n'
216.5508 	DATA 	Keypress: m
216.5530 	EXP 	unnamed TextStim: height = 25.0
216.5530 	EXP 	unnamed TextStim: height = 25.0
216.5530 	EXP 	unnamed TextStim: height = 25.0
216.5530 	EXP 	unnamed TextStim: text = 'z'
218.3316 	DATA 	Keypress: n
218.4637 	EXP 	Created unnamed ImageStim = ImageStim(__class__=<class 'psychopy.visual.image.ImageStim'>, anchor=('center', 'center'), autoLog=True, color=array([1., 1., 1.]), colorSpace='rgb', contrast=1.0, depth=0, flipHoriz=False, flipVert=False, image='break.jpg', interpolate=True, mask=None, maskParams=None, name='unnamed ImageStim', opacity=1.0, ori=0.0, pos=array([0., 0.]), size=array([1536.,  864.]), texRes=128, units='pix', win=Window(...))
219.1872 	DATA 	Keypress: space
219.1909 	EXP 	unnamed TextStim: height = 25.0
219.1909 	EXP 	unnamed TextStim: height = 25.0
219.1909 	EXP 	unnamed TextStim: height = 25.0
219.1909 	EXP 	unnamed TextStim: text = 'x'
221.4857 	DATA 	Keypress: z
221.4868 	EXP 	unnamed TextStim: text = 'x'
222.9790 	DATA 	Keypress: x
222.9812 	EXP 	unnamed TextStim: height = 25.0
222.9812 	EXP 	unnamed TextStim: height = 25.0
222.9812 	EXP 	unnamed TextStim: height = 25.0
222.9812 	EXP 	unnamed TextStim: text = 'n'
224.4314 	DATA 	Keypress: n
224.4380 	EXP 	unnamed TextStim: height = 25.0
224.4380 	EXP 	unnamed TextStim: height = 25.0
224.4380 	EXP 	unnamed TextStim: height = 25.0
224.4380 	EXP 	unnamed TextStim: text = 'z'
226.4412 	DATA 	Keypress: m
226.4433 	EXP 	unnamed TextStim: height = 25.0
226.4433 	EXP 	unnamed TextStim: height = 25.0
226.4433 	EXP 	unnamed TextStim: height = 25.0
226.4433 	EXP 	unnamed TextStim: text = 'm'
228.8266 	DATA 	Keypress: x
228.8288 	EXP 	unnamed TextStim: height = 25.0
228.8288 	EXP 	unnamed TextStim: height = 25.0
228.8288 	EXP 	unnamed TextStim: height = 25.0
228.8288 	EXP 	unnamed TextStim: text = 'z'
230.9691 	DATA 	Keypress: z
231.1118 	EXP 	Created unnamed ImageStim = ImageStim(__class__=<class 'psychopy.visual.image.ImageStim'>, anchor=('center', 'center'), autoLog=True, color=array([1., 1., 1.]), colorSpace='rgb', contrast=1.0, depth=0, flipHoriz=False, flipVert=False, image='break.jpg', interpolate=True, mask=None, maskParams=None, name='unnamed ImageStim', opacity=1.0, ori=0.0, pos=array([0., 0.]), size=array([1536.,  864.]), texRes=128, units='pix', win=Window(...))
231.9022 	DATA 	Keypress: space
231.9180 	EXP 	Created unnamed TextStim = TextStim(__class__=<class 'psychopy.visual.text.TextStim'>, alignHoriz=method-wrapper(...), alignText='center', alignVert=method-wrapper(...), anchorHoriz='center', anchorVert='center', antialias=True, autoDraw=False, autoLog=True, bold=False, color=array([-1, -1, -1]), colorSpace='rgb', contrast=1.0, depth=0, flipHoriz=False, flipVert=False, font='', fontFiles=[], height=20.0, italic=False, languageStyle='LTR', name='unnamed TextStim', opacity=1.0, ori=0.0, pos=array([0., 0.]), rgb=UNKNOWN, text=str(...), units='pix', win=Window(...), wrapWidth=1536)
233.2892 	DATA 	Keypress: space
233.3705 	EXP 	window1: mouseVisible = True
