10.4973 	WARNING 	User requested fullscreen with size [1536  864], but screen is actually [1920, 1080]. Using actual size
11.7661 	INFO 	FRAME RATE: 60
11.7661 	INFO 	SCREEN RES: odict_values([1536, 864])
11.8293 	EXP 	Created unnamed TextStim = TextStim(__class__=<class 'psychopy.visual.text.TextStim'>, alignHoriz=method-wrapper(...), alignText='center', alignVert=method-wrapper(...), anchorHoriz='center', anchorVert='center', antialias=True, autoDraw=False, autoLog=True, bold=False, color=array([-1, -1, -1]), colorSpace='rgb', contrast=1.0, depth=0, flipHoriz=False, flipVert=False, font='', fontFiles=[], height=100.0, italic=False, languageStyle='LTR', name='unnamed TextStim', opacity=1.0, ori=0.0, pos=array([0., 0.]), rgb=UNKNOWN, text='+', units='pix', win=Window(...), wrapWidth=500)
11.8332 	EXP 	Created unnamed Circle = Circle(__class__=<class 'psychopy.visual.circle.Circle'>, anchor=('center', 'center'), autoDraw=False, autoLog=True, closeShape=True, color=method-wrapper(...), colorSpace='rgb', contrast=None, depth=0, fillColor=array([ 0.09019608, -1.        , -1.        ]), fillColorSpace='rgb', fillRGB=array([ 0.09019608, -1.        , -1.        ]), interpolate=True, lineColor=array([ 0.09019608, -1.        , -1.        ]), lineColorSpace='rgb', lineRGB=array([ 0.09019608, -1.        , -1.        ]), lineWidth=1.5, name='unnamed Circle', opacity=1.0, ori=0.0, pos=array([0., 0.]), size=array([1., 1.]), units='pix', vertices=ndarray(...), win=Window(...))
11.8341 	EXP 	Created unnamed TextStim = TextStim(__class__=<class 'psychopy.visual.text.TextStim'>, alignHoriz=method-wrapper(...), alignText='center', alignVert=method-wrapper(...), anchorHoriz='center', anchorVert='center', antialias=True, autoDraw=False, autoLog=True, bold=False, color=array([-0.17647059, -0.17647059, -0.17647059]), colorSpace='rgb', contrast=1.0, depth=0, flipHoriz=False, flipVert=False, font='', fontFiles=[], height=25, italic=False, languageStyle='LTR', name='unnamed TextStim', opacity=1.0, ori=0.0, pos=array([0., 0.]), rgb=UNKNOWN, text='', units='pix', win=Window(...), wrapWidth=500)
11.8422 	EXP 	Created unnamed ImageStim = ImageStim(__class__=<class 'psychopy.visual.image.ImageStim'>, anchor=('center', 'center'), autoLog=True, color=array([1., 1., 1.]), colorSpace='rgb', contrast=1.0, depth=0, flipHoriz=False, flipVert=False, image='mask4.png', interpolate=False, mask=None, maskParams=None, name='unnamed ImageStim', opacity=1.0, ori=0.0, pos=array([0., 0.]), size=array([25., 25.]), texRes=128, units='pix', win=Window(...))
11.8502 	EXP 	Created unnamed TextStim = TextStim(__class__=<class 'psychopy.visual.text.TextStim'>, alignHoriz=method-wrapper(...), alignText='center', alignVert=method-wrapper(...), anchorHoriz='center', anchorVert='center', antialias=True, autoDraw=False, autoLog=True, bold=False, color=array([-1, -1, -1]), colorSpace='rgb', contrast=1.0, depth=0, flipHoriz=False, flipVert=False, font='', fontFiles=[], height=30.0, italic=False, languageStyle='LTR', name='unnamed TextStim', opacity=1.0, ori=0.0, pos=array([ 100., -300.]), rgb=UNKNOWN, text=str(...), units='pix', win=Window(...), wrapWidth=10000)
11.8552 	EXP 	Created unnamed TextStim = TextStim(__class__=<class 'psychopy.visual.text.TextStim'>, alignHoriz=method-wrapper(...), alignText='center', alignVert=method-wrapper(...), anchorHoriz='center', anchorVert='center', antialias=True, autoDraw=False, autoLog=True, bold=False, color=array([-1, -1, -1]), colorSpace='rgb', contrast=1.0, depth=0, flipHoriz=False, flipVert=False, font='', fontFiles=[], height=30.0, italic=False, languageStyle='LTR', name='unnamed TextStim', opacity=1.0, ori=0.0, pos=array([ 100., -330.]), rgb=UNKNOWN, text=str(...), units='pix', win=Window(...), wrapWidth=10000)
11.8961 	EXP 	Created unnamed TextStim = TextStim(__class__=<class 'psychopy.visual.text.TextStim'>, alignHoriz=method-wrapper(...), alignText='center', alignVert=method-wrapper(...), anchorHoriz='center', anchorVert='center', antialias=True, autoDraw=False, autoLog=True, bold=False, color=array([-1, -1, -1]), colorSpace='rgb', contrast=1.0, depth=0, flipHoriz=False, flipVert=False, font='', fontFiles=[], height=20.0, italic=False, languageStyle='LTR', name='unnamed TextStim', opacity=1.0, ori=0.0, pos=array([0., 0.]), rgb=UNKNOWN, text=str(...), units='pix', win=Window(...), wrapWidth=1536)
43.9658 	DATA 	Keypress: space
43.9826 	EXP 	unnamed TextStim: height = 25.0
43.9826 	EXP 	unnamed TextStim: height = 25.0
43.9826 	EXP 	unnamed TextStim: height = 25.0
43.9826 	EXP 	unnamed TextStim: text = 'z'
46.2736 	DATA 	Keypress: z
46.2824 	EXP 	Created unnamed TextStim = TextStim(__class__=<class 'psychopy.visual.text.TextStim'>, alignHoriz=method-wrapper(...), alignText='center', alignVert=method-wrapper(...), anchorHoriz='center', anchorVert='center', antialias=True, autoDraw=False, autoLog=True, bold=False, color=array([-1, -1, -1]), colorSpace='rgb', contrast=1.0, depth=0, flipHoriz=False, flipVert=False, font='', fontFiles=[], height=50.0, italic=False, languageStyle='LTR', name='unnamed TextStim', opacity=1.0, ori=0.0, pos=array([0., 0.]), rgb=UNKNOWN, text='Poprawnie', units='pix', win=Window(...), wrapWidth=500)
47.2994 	EXP 	unnamed TextStim: height = 25.0
47.2994 	EXP 	unnamed TextStim: height = 25.0
47.2994 	EXP 	unnamed TextStim: height = 25.0
47.2994 	EXP 	unnamed TextStim: text = 'n'
49.7626 	DATA 	Keypress: n
49.7647 	EXP 	Created unnamed TextStim = TextStim(__class__=<class 'psychopy.visual.text.TextStim'>, alignHoriz=method-wrapper(...), alignText='center', alignVert=method-wrapper(...), anchorHoriz='center', anchorVert='center', antialias=True, autoDraw=False, autoLog=True, bold=False, color=array([-1, -1, -1]), colorSpace='rgb', contrast=1.0, depth=0, flipHoriz=False, flipVert=False, font='', fontFiles=[], height=50.0, italic=False, languageStyle='LTR', name='unnamed TextStim', opacity=1.0, ori=0.0, pos=array([0., 0.]), rgb=UNKNOWN, text='Poprawnie', units='pix', win=Window(...), wrapWidth=500)
50.7829 	EXP 	unnamed TextStim: height = 25.0
50.7829 	EXP 	unnamed TextStim: height = 25.0
50.7829 	EXP 	unnamed TextStim: height = 25.0
50.7829 	EXP 	unnamed TextStim: text = 'x'
52.6715 	DATA 	Keypress: x
52.6739 	EXP 	Created unnamed TextStim = TextStim(__class__=<class 'psychopy.visual.text.TextStim'>, alignHoriz=method-wrapper(...), alignText='center', alignVert=method-wrapper(...), anchorHoriz='center', anchorVert='center', antialias=True, autoDraw=False, autoLog=True, bold=False, color=array([-1, -1, -1]), colorSpace='rgb', contrast=1.0, depth=0, flipHoriz=False, flipVert=False, font='', fontFiles=[], height=50.0, italic=False, languageStyle='LTR', name='unnamed TextStim', opacity=1.0, ori=0.0, pos=array([0., 0.]), rgb=UNKNOWN, text='Poprawnie', units='pix', win=Window(...), wrapWidth=500)
53.6830 	EXP 	unnamed TextStim: height = 25.0
53.6830 	EXP 	unnamed TextStim: height = 25.0
53.6830 	EXP 	unnamed TextStim: height = 25.0
53.6830 	EXP 	unnamed TextStim: text = 'z'
55.2431 	DATA 	Keypress: z
55.2455 	EXP 	Created unnamed TextStim = TextStim(__class__=<class 'psychopy.visual.text.TextStim'>, alignHoriz=method-wrapper(...), alignText='center', alignVert=method-wrapper(...), anchorHoriz='center', anchorVert='center', antialias=True, autoDraw=False, autoLog=True, bold=False, color=array([-1, -1, -1]), colorSpace='rgb', contrast=1.0, depth=0, flipHoriz=False, flipVert=False, font='', fontFiles=[], height=50.0, italic=False, languageStyle='LTR', name='unnamed TextStim', opacity=1.0, ori=0.0, pos=array([0., 0.]), rgb=UNKNOWN, text='Poprawnie', units='pix', win=Window(...), wrapWidth=500)
56.2494 	EXP 	unnamed TextStim: height = 25.0
56.2494 	EXP 	unnamed TextStim: height = 25.0
56.2494 	EXP 	unnamed TextStim: height = 25.0
56.2494 	EXP 	unnamed TextStim: text = 'n'
57.6173 	DATA 	Keypress: x
57.6236 	EXP 	Created unnamed TextStim = TextStim(__class__=<class 'psychopy.visual.text.TextStim'>, alignHoriz=method-wrapper(...), alignText='center', alignVert=method-wrapper(...), anchorHoriz='center', anchorVert='center', antialias=True, autoDraw=False, autoLog=True, bold=False, color=array([-1, -1, -1]), colorSpace='rgb', contrast=1.0, depth=0, flipHoriz=False, flipVert=False, font='', fontFiles=[], height=50.0, italic=False, languageStyle='LTR', name='unnamed TextStim', opacity=1.0, ori=0.0, pos=array([0., 0.]), rgb=UNKNOWN, text='Niepoprawnie', units='pix', win=Window(...), wrapWidth=500)
58.6498 	EXP 	unnamed TextStim: height = 25.0
58.6498 	EXP 	unnamed TextStim: height = 25.0
58.6498 	EXP 	unnamed TextStim: height = 25.0
58.6498 	EXP 	unnamed TextStim: text = 'z'
60.6781 	DATA 	Keypress: z
60.6804 	EXP 	Created unnamed TextStim = TextStim(__class__=<class 'psychopy.visual.text.TextStim'>, alignHoriz=method-wrapper(...), alignText='center', alignVert=method-wrapper(...), anchorHoriz='center', anchorVert='center', antialias=True, autoDraw=False, autoLog=True, bold=False, color=array([-1, -1, -1]), colorSpace='rgb', contrast=1.0, depth=0, flipHoriz=False, flipVert=False, font='', fontFiles=[], height=50.0, italic=False, languageStyle='LTR', name='unnamed TextStim', opacity=1.0, ori=0.0, pos=array([0., 0.]), rgb=UNKNOWN, text='Poprawnie', units='pix', win=Window(...), wrapWidth=500)
61.6999 	EXP 	unnamed TextStim: height = 25.0
61.6999 	EXP 	unnamed TextStim: height = 25.0
61.6999 	EXP 	unnamed TextStim: height = 25.0
61.6999 	EXP 	unnamed TextStim: text = 'n'
63.4937 	DATA 	Keypress: x
63.4962 	EXP 	Created unnamed TextStim = TextStim(__class__=<class 'psychopy.visual.text.TextStim'>, alignHoriz=method-wrapper(...), alignText='center', alignVert=method-wrapper(...), anchorHoriz='center', anchorVert='center', antialias=True, autoDraw=False, autoLog=True, bold=False, color=array([-1, -1, -1]), colorSpace='rgb', contrast=1.0, depth=0, flipHoriz=False, flipVert=False, font='', fontFiles=[], height=50.0, italic=False, languageStyle='LTR', name='unnamed TextStim', opacity=1.0, ori=0.0, pos=array([0., 0.]), rgb=UNKNOWN, text='Niepoprawnie', units='pix', win=Window(...), wrapWidth=500)
64.4997 	EXP 	unnamed TextStim: text = 'n'
65.9342 	DATA 	Keypress: n
65.9382 	EXP 	Created unnamed TextStim = TextStim(__class__=<class 'psychopy.visual.text.TextStim'>, alignHoriz=method-wrapper(...), alignText='center', alignVert=method-wrapper(...), anchorHoriz='center', anchorVert='center', antialias=True, autoDraw=False, autoLog=True, bold=False, color=array([-1, -1, -1]), colorSpace='rgb', contrast=1.0, depth=0, flipHoriz=False, flipVert=False, font='', fontFiles=[], height=50.0, italic=False, languageStyle='LTR', name='unnamed TextStim', opacity=1.0, ori=0.0, pos=array([0., 0.]), rgb=UNKNOWN, text='Poprawnie', units='pix', win=Window(...), wrapWidth=500)
66.9668 	EXP 	unnamed TextStim: height = 25.0
66.9668 	EXP 	unnamed TextStim: height = 25.0
66.9668 	EXP 	unnamed TextStim: height = 25.0
66.9668 	EXP 	unnamed TextStim: text = 'x'
69.0208 	DATA 	Keypress: x
69.0229 	EXP 	Created unnamed TextStim = TextStim(__class__=<class 'psychopy.visual.text.TextStim'>, alignHoriz=method-wrapper(...), alignText='center', alignVert=method-wrapper(...), anchorHoriz='center', anchorVert='center', antialias=True, autoDraw=False, autoLog=True, bold=False, color=array([-1, -1, -1]), colorSpace='rgb', contrast=1.0, depth=0, flipHoriz=False, flipVert=False, font='', fontFiles=[], height=50.0, italic=False, languageStyle='LTR', name='unnamed TextStim', opacity=1.0, ori=0.0, pos=array([0., 0.]), rgb=UNKNOWN, text='Poprawnie', units='pix', win=Window(...), wrapWidth=500)
70.0335 	EXP 	unnamed TextStim: height = 25.0
70.0335 	EXP 	unnamed TextStim: height = 25.0
70.0335 	EXP 	unnamed TextStim: height = 25.0
70.0335 	EXP 	unnamed TextStim: text = 'm'
71.8562 	DATA 	Keypress: m
71.8588 	EXP 	Created unnamed TextStim = TextStim(__class__=<class 'psychopy.visual.text.TextStim'>, alignHoriz=method-wrapper(...), alignText='center', alignVert=method-wrapper(...), anchorHoriz='center', anchorVert='center', antialias=True, autoDraw=False, autoLog=True, bold=False, color=array([-1, -1, -1]), colorSpace='rgb', contrast=1.0, depth=0, flipHoriz=False, flipVert=False, font='', fontFiles=[], height=50.0, italic=False, languageStyle='LTR', name='unnamed TextStim', opacity=1.0, ori=0.0, pos=array([0., 0.]), rgb=UNKNOWN, text='Poprawnie', units='pix', win=Window(...), wrapWidth=500)
72.8670 	EXP 	unnamed TextStim: text = 'm'
74.7268 	DATA 	Keypress: m
74.7292 	EXP 	Created unnamed TextStim = TextStim(__class__=<class 'psychopy.visual.text.TextStim'>, alignHoriz=method-wrapper(...), alignText='center', alignVert=method-wrapper(...), anchorHoriz='center', anchorVert='center', antialias=True, autoDraw=False, autoLog=True, bold=False, color=array([-1, -1, -1]), colorSpace='rgb', contrast=1.0, depth=0, flipHoriz=False, flipVert=False, font='', fontFiles=[], height=50.0, italic=False, languageStyle='LTR', name='unnamed TextStim', opacity=1.0, ori=0.0, pos=array([0., 0.]), rgb=UNKNOWN, text='Poprawnie', units='pix', win=Window(...), wrapWidth=500)
75.7338 	EXP 	unnamed TextStim: height = 25.0
75.7338 	EXP 	unnamed TextStim: height = 25.0
75.7338 	EXP 	unnamed TextStim: height = 25.0
75.7338 	EXP 	unnamed TextStim: text = 'z'
77.6865 	DATA 	Keypress: z
77.6884 	EXP 	Created unnamed TextStim = TextStim(__class__=<class 'psychopy.visual.text.TextStim'>, alignHoriz=method-wrapper(...), alignText='center', alignVert=method-wrapper(...), anchorHoriz='center', anchorVert='center', antialias=True, autoDraw=False, autoLog=True, bold=False, color=array([-1, -1, -1]), colorSpace='rgb', contrast=1.0, depth=0, flipHoriz=False, flipVert=False, font='', fontFiles=[], height=50.0, italic=False, languageStyle='LTR', name='unnamed TextStim', opacity=1.0, ori=0.0, pos=array([0., 0.]), rgb=UNKNOWN, text='Poprawnie', units='pix', win=Window(...), wrapWidth=500)
78.7005 	EXP 	unnamed TextStim: height = 25.0
78.7005 	EXP 	unnamed TextStim: height = 25.0
78.7005 	EXP 	unnamed TextStim: height = 25.0
78.7005 	EXP 	unnamed TextStim: text = 'x'
80.6389 	DATA 	Keypress: x
80.6413 	EXP 	Created unnamed TextStim = TextStim(__class__=<class 'psychopy.visual.text.TextStim'>, alignHoriz=method-wrapper(...), alignText='center', alignVert=method-wrapper(...), anchorHoriz='center', anchorVert='center', antialias=True, autoDraw=False, autoLog=True, bold=False, color=array([-1, -1, -1]), colorSpace='rgb', contrast=1.0, depth=0, flipHoriz=False, flipVert=False, font='', fontFiles=[], height=50.0, italic=False, languageStyle='LTR', name='unnamed TextStim', opacity=1.0, ori=0.0, pos=array([0., 0.]), rgb=UNKNOWN, text='Poprawnie', units='pix', win=Window(...), wrapWidth=500)
81.6507 	EXP 	unnamed TextStim: height = 25.0
81.6507 	EXP 	unnamed TextStim: height = 25.0
81.6507 	EXP 	unnamed TextStim: height = 25.0
81.6507 	EXP 	unnamed TextStim: text = 'm'
84.0011 	DATA 	Keypress: m
84.0037 	EXP 	Created unnamed TextStim = TextStim(__class__=<class 'psychopy.visual.text.TextStim'>, alignHoriz=method-wrapper(...), alignText='center', alignVert=method-wrapper(...), anchorHoriz='center', anchorVert='center', antialias=True, autoDraw=False, autoLog=True, bold=False, color=array([-1, -1, -1]), colorSpace='rgb', contrast=1.0, depth=0, flipHoriz=False, flipVert=False, font='', fontFiles=[], height=50.0, italic=False, languageStyle='LTR', name='unnamed TextStim', opacity=1.0, ori=0.0, pos=array([0., 0.]), rgb=UNKNOWN, text='Poprawnie', units='pix', win=Window(...), wrapWidth=500)
85.0173 	EXP 	unnamed TextStim: height = 25.0
85.0173 	EXP 	unnamed TextStim: height = 25.0
85.0173 	EXP 	unnamed TextStim: height = 25.0
85.0173 	EXP 	unnamed TextStim: text = 'z'
87.1942 	DATA 	Keypress: z
87.1963 	EXP 	Created unnamed TextStim = TextStim(__class__=<class 'psychopy.visual.text.TextStim'>, alignHoriz=method-wrapper(...), alignText='center', alignVert=method-wrapper(...), anchorHoriz='center', anchorVert='center', antialias=True, autoDraw=False, autoLog=True, bold=False, color=array([-1, -1, -1]), colorSpace='rgb', contrast=1.0, depth=0, flipHoriz=False, flipVert=False, font='', fontFiles=[], height=50.0, italic=False, languageStyle='LTR', name='unnamed TextStim', opacity=1.0, ori=0.0, pos=array([0., 0.]), rgb=UNKNOWN, text='Poprawnie', units='pix', win=Window(...), wrapWidth=500)
88.2301 	EXP 	Created unnamed TextStim = TextStim(__class__=<class 'psychopy.visual.text.TextStim'>, alignHoriz=method-wrapper(...), alignText='center', alignVert=method-wrapper(...), anchorHoriz='center', anchorVert='center', antialias=True, autoDraw=False, autoLog=True, bold=False, color=array([-1, -1, -1]), colorSpace='rgb', contrast=1.0, depth=0, flipHoriz=False, flipVert=False, font='', fontFiles=[], height=20.0, italic=False, languageStyle='LTR', name='unnamed TextStim', opacity=1.0, ori=0.0, pos=array([0., 0.]), rgb=UNKNOWN, text=str(...), units='pix', win=Window(...), wrapWidth=1536)
107.0472 	DATA 	Keypress: space
107.0525 	EXP 	unnamed TextStim: height = 25.0
107.0525 	EXP 	unnamed TextStim: height = 25.0
107.0525 	EXP 	unnamed TextStim: height = 25.0
107.0525 	EXP 	unnamed TextStim: text = 'x'
109.0723 	DATA 	Keypress: x
109.0790 	EXP 	Created unnamed TextStim = TextStim(__class__=<class 'psychopy.visual.text.TextStim'>, alignHoriz=method-wrapper(...), alignText='center', alignVert=method-wrapper(...), anchorHoriz='center', anchorVert='center', antialias=True, autoDraw=False, autoLog=True, bold=False, color=array([-1, -1, -1]), colorSpace='rgb', contrast=1.0, depth=0, flipHoriz=False, flipVert=False, font='', fontFiles=[], height=50.0, italic=False, languageStyle='LTR', name='unnamed TextStim', opacity=1.0, ori=0.0, pos=array([0., 0.]), rgb=UNKNOWN, text='Poprawnie', units='pix', win=Window(...), wrapWidth=500)
110.0850 	EXP 	unnamed TextStim: height = 25.0
110.0850 	EXP 	unnamed TextStim: height = 25.0
110.0850 	EXP 	unnamed TextStim: height = 25.0
110.0850 	EXP 	unnamed TextStim: text = 'm'
112.0331 	DATA 	Keypress: m
112.0357 	EXP 	Created unnamed TextStim = TextStim(__class__=<class 'psychopy.visual.text.TextStim'>, alignHoriz=method-wrapper(...), alignText='center', alignVert=method-wrapper(...), anchorHoriz='center', anchorVert='center', antialias=True, autoDraw=False, autoLog=True, bold=False, color=array([-1, -1, -1]), colorSpace='rgb', contrast=1.0, depth=0, flipHoriz=False, flipVert=False, font='', fontFiles=[], height=50.0, italic=False, languageStyle='LTR', name='unnamed TextStim', opacity=1.0, ori=0.0, pos=array([0., 0.]), rgb=UNKNOWN, text='Poprawnie', units='pix', win=Window(...), wrapWidth=500)
113.0518 	EXP 	unnamed TextStim: height = 25.0
113.0518 	EXP 	unnamed TextStim: height = 25.0
113.0518 	EXP 	unnamed TextStim: height = 25.0
113.0518 	EXP 	unnamed TextStim: text = 'x'
114.9404 	DATA 	Keypress: x
114.9425 	EXP 	Created unnamed TextStim = TextStim(__class__=<class 'psychopy.visual.text.TextStim'>, alignHoriz=method-wrapper(...), alignText='center', alignVert=method-wrapper(...), anchorHoriz='center', anchorVert='center', antialias=True, autoDraw=False, autoLog=True, bold=False, color=array([-1, -1, -1]), colorSpace='rgb', contrast=1.0, depth=0, flipHoriz=False, flipVert=False, font='', fontFiles=[], height=50.0, italic=False, languageStyle='LTR', name='unnamed TextStim', opacity=1.0, ori=0.0, pos=array([0., 0.]), rgb=UNKNOWN, text='Poprawnie', units='pix', win=Window(...), wrapWidth=500)
115.9519 	EXP 	unnamed TextStim: text = 'x'
117.6231 	DATA 	Keypress: x
117.6250 	EXP 	Created unnamed TextStim = TextStim(__class__=<class 'psychopy.visual.text.TextStim'>, alignHoriz=method-wrapper(...), alignText='center', alignVert=method-wrapper(...), anchorHoriz='center', anchorVert='center', antialias=True, autoDraw=False, autoLog=True, bold=False, color=array([-1, -1, -1]), colorSpace='rgb', contrast=1.0, depth=0, flipHoriz=False, flipVert=False, font='', fontFiles=[], height=50.0, italic=False, languageStyle='LTR', name='unnamed TextStim', opacity=1.0, ori=0.0, pos=array([0., 0.]), rgb=UNKNOWN, text='Poprawnie', units='pix', win=Window(...), wrapWidth=500)
118.6352 	EXP 	unnamed TextStim: height = 25.0
118.6352 	EXP 	unnamed TextStim: height = 25.0
118.6352 	EXP 	unnamed TextStim: height = 25.0
118.6352 	EXP 	unnamed TextStim: text = 'z'
120.4463 	DATA 	Keypress: z
120.4485 	EXP 	Created unnamed TextStim = TextStim(__class__=<class 'psychopy.visual.text.TextStim'>, alignHoriz=method-wrapper(...), alignText='center', alignVert=method-wrapper(...), anchorHoriz='center', anchorVert='center', antialias=True, autoDraw=False, autoLog=True, bold=False, color=array([-1, -1, -1]), colorSpace='rgb', contrast=1.0, depth=0, flipHoriz=False, flipVert=False, font='', fontFiles=[], height=50.0, italic=False, languageStyle='LTR', name='unnamed TextStim', opacity=1.0, ori=0.0, pos=array([0., 0.]), rgb=UNKNOWN, text='Poprawnie', units='pix', win=Window(...), wrapWidth=500)
121.4527 	EXP 	unnamed TextStim: height = 25.0
121.4527 	EXP 	unnamed TextStim: height = 25.0
121.4527 	EXP 	unnamed TextStim: height = 25.0
121.4527 	EXP 	unnamed TextStim: text = 'x'
123.4158 	DATA 	Keypress: n
123.4196 	EXP 	Created unnamed TextStim = TextStim(__class__=<class 'psychopy.visual.text.TextStim'>, alignHoriz=method-wrapper(...), alignText='center', alignVert=method-wrapper(...), anchorHoriz='center', anchorVert='center', antialias=True, autoDraw=False, autoLog=True, bold=False, color=array([-1, -1, -1]), colorSpace='rgb', contrast=1.0, depth=0, flipHoriz=False, flipVert=False, font='', fontFiles=[], height=50.0, italic=False, languageStyle='LTR', name='unnamed TextStim', opacity=1.0, ori=0.0, pos=array([0., 0.]), rgb=UNKNOWN, text='Niepoprawnie', units='pix', win=Window(...), wrapWidth=500)
124.4356 	EXP 	unnamed TextStim: text = 'x'
126.2493 	DATA 	Keypress: x
126.2515 	EXP 	Created unnamed TextStim = TextStim(__class__=<class 'psychopy.visual.text.TextStim'>, alignHoriz=method-wrapper(...), alignText='center', alignVert=method-wrapper(...), anchorHoriz='center', anchorVert='center', antialias=True, autoDraw=False, autoLog=True, bold=False, color=array([-1, -1, -1]), colorSpace='rgb', contrast=1.0, depth=0, flipHoriz=False, flipVert=False, font='', fontFiles=[], height=50.0, italic=False, languageStyle='LTR', name='unnamed TextStim', opacity=1.0, ori=0.0, pos=array([0., 0.]), rgb=UNKNOWN, text='Poprawnie', units='pix', win=Window(...), wrapWidth=500)
127.2690 	EXP 	unnamed TextStim: height = 25.0
127.2690 	EXP 	unnamed TextStim: height = 25.0
127.2690 	EXP 	unnamed TextStim: height = 25.0
127.2690 	EXP 	unnamed TextStim: text = 'z'
128.9637 	DATA 	Keypress: z
128.9658 	EXP 	Created unnamed TextStim = TextStim(__class__=<class 'psychopy.visual.text.TextStim'>, alignHoriz=method-wrapper(...), alignText='center', alignVert=method-wrapper(...), anchorHoriz='center', anchorVert='center', antialias=True, autoDraw=False, autoLog=True, bold=False, color=array([-1, -1, -1]), colorSpace='rgb', contrast=1.0, depth=0, flipHoriz=False, flipVert=False, font='', fontFiles=[], height=50.0, italic=False, languageStyle='LTR', name='unnamed TextStim', opacity=1.0, ori=0.0, pos=array([0., 0.]), rgb=UNKNOWN, text='Poprawnie', units='pix', win=Window(...), wrapWidth=500)
129.9699 	EXP 	unnamed TextStim: height = 25.0
129.9699 	EXP 	unnamed TextStim: height = 25.0
129.9699 	EXP 	unnamed TextStim: height = 25.0
129.9699 	EXP 	unnamed TextStim: text = 'x'
131.9619 	DATA 	Keypress: n
131.9644 	EXP 	Created unnamed TextStim = TextStim(__class__=<class 'psychopy.visual.text.TextStim'>, alignHoriz=method-wrapper(...), alignText='center', alignVert=method-wrapper(...), anchorHoriz='center', anchorVert='center', antialias=True, autoDraw=False, autoLog=True, bold=False, color=array([-1, -1, -1]), colorSpace='rgb', contrast=1.0, depth=0, flipHoriz=False, flipVert=False, font='', fontFiles=[], height=50.0, italic=False, languageStyle='LTR', name='unnamed TextStim', opacity=1.0, ori=0.0, pos=array([0., 0.]), rgb=UNKNOWN, text='Niepoprawnie', units='pix', win=Window(...), wrapWidth=500)
132.9689 	EXP 	unnamed TextStim: text = 'x'
134.7683 	DATA 	Keypress: x
134.7709 	EXP 	Created unnamed TextStim = TextStim(__class__=<class 'psychopy.visual.text.TextStim'>, alignHoriz=method-wrapper(...), alignText='center', alignVert=method-wrapper(...), anchorHoriz='center', anchorVert='center', antialias=True, autoDraw=False, autoLog=True, bold=False, color=array([-1, -1, -1]), colorSpace='rgb', contrast=1.0, depth=0, flipHoriz=False, flipVert=False, font='', fontFiles=[], height=50.0, italic=False, languageStyle='LTR', name='unnamed TextStim', opacity=1.0, ori=0.0, pos=array([0., 0.]), rgb=UNKNOWN, text='Poprawnie', units='pix', win=Window(...), wrapWidth=500)
135.7988 	EXP 	Created unnamed TextStim = TextStim(__class__=<class 'psychopy.visual.text.TextStim'>, alignHoriz=method-wrapper(...), alignText='center', alignVert=method-wrapper(...), anchorHoriz='center', anchorVert='center', antialias=True, autoDraw=False, autoLog=True, bold=False, color=array([-1, -1, -1]), colorSpace='rgb', contrast=1.0, depth=0, flipHoriz=False, flipVert=False, font='', fontFiles=[], height=20.0, italic=False, languageStyle='LTR', name='unnamed TextStim', opacity=1.0, ori=0.0, pos=array([0., 0.]), rgb=UNKNOWN, text=str(...), units='pix', win=Window(...), wrapWidth=1536)
143.2861 	DATA 	Keypress: space
143.3027 	EXP 	unnamed TextStim: text = 'x'
145.0145 	DATA 	Keypress: x
145.0177 	EXP 	unnamed TextStim: height = 25.0
145.0177 	EXP 	unnamed TextStim: height = 25.0
145.0177 	EXP 	unnamed TextStim: height = 25.0
145.0177 	EXP 	unnamed TextStim: text = 'z'
146.8525 	DATA 	Keypress: m
146.8537 	EXP 	unnamed TextStim: text = 'z'
148.5277 	DATA 	Keypress: m
148.5288 	EXP 	unnamed TextStim: text = 'z'
150.1724 	DATA 	Keypress: n
150.1736 	EXP 	unnamed TextStim: text = 'z'
152.0475 	DATA 	Keypress: z
152.0509 	EXP 	unnamed TextStim: height = 25.0
152.0509 	EXP 	unnamed TextStim: height = 25.0
152.0509 	EXP 	unnamed TextStim: height = 25.0
152.0509 	EXP 	unnamed TextStim: text = 'n'
153.9018 	DATA 	Keypress: n
154.0505 	EXP 	Created unnamed ImageStim = ImageStim(__class__=<class 'psychopy.visual.image.ImageStim'>, anchor=('center', 'center'), autoLog=True, color=array([1., 1., 1.]), colorSpace='rgb', contrast=1.0, depth=0, flipHoriz=False, flipVert=False, image='break.jpg', interpolate=True, mask=None, maskParams=None, name='unnamed ImageStim', opacity=1.0, ori=0.0, pos=array([0., 0.]), size=array([1536.,  864.]), texRes=128, units='pix', win=Window(...))
155.6027 	DATA 	Keypress: space
155.6199 	EXP 	unnamed TextStim: height = 25.0
155.6199 	EXP 	unnamed TextStim: height = 25.0
155.6199 	EXP 	unnamed TextStim: height = 25.0
155.6199 	EXP 	unnamed TextStim: text = 'x'
157.3350 	DATA 	Keypress: m
157.3380 	EXP 	unnamed TextStim: height = 25.0
157.3380 	EXP 	unnamed TextStim: height = 25.0
157.3380 	EXP 	unnamed TextStim: height = 25.0
157.3380 	EXP 	unnamed TextStim: text = 'm'
159.1473 	DATA 	Keypress: n
159.1495 	EXP 	unnamed TextStim: height = 25.0
159.1495 	EXP 	unnamed TextStim: height = 25.0
159.1495 	EXP 	unnamed TextStim: height = 25.0
159.1495 	EXP 	unnamed TextStim: text = 'n'
160.9400 	DATA 	Keypress: n
160.9451 	EXP 	unnamed TextStim: height = 25.0
160.9451 	EXP 	unnamed TextStim: height = 25.0
160.9451 	EXP 	unnamed TextStim: height = 25.0
160.9451 	EXP 	unnamed TextStim: text = 'z'
162.6354 	DATA 	Keypress: z
162.6376 	EXP 	unnamed TextStim: height = 25.0
162.6376 	EXP 	unnamed TextStim: height = 25.0
162.6376 	EXP 	unnamed TextStim: height = 25.0
162.6376 	EXP 	unnamed TextStim: text = 'x'
164.4671 	DATA 	Keypress: x
164.4693 	EXP 	unnamed TextStim: height = 25.0
164.4693 	EXP 	unnamed TextStim: height = 25.0
164.4693 	EXP 	unnamed TextStim: height = 25.0
164.4693 	EXP 	unnamed TextStim: text = 'm'
166.6923 	DATA 	Keypress: n
166.8441 	EXP 	Created unnamed ImageStim = ImageStim(__class__=<class 'psychopy.visual.image.ImageStim'>, anchor=('center', 'center'), autoLog=True, color=array([1., 1., 1.]), colorSpace='rgb', contrast=1.0, depth=0, flipHoriz=False, flipVert=False, image='break.jpg', interpolate=True, mask=None, maskParams=None, name='unnamed ImageStim', opacity=1.0, ori=0.0, pos=array([0., 0.]), size=array([1536.,  864.]), texRes=128, units='pix', win=Window(...))
168.1200 	DATA 	Keypress: space
168.1369 	EXP 	unnamed TextStim: text = 'm'
170.0937 	DATA 	Keypress: m
170.0957 	EXP 	unnamed TextStim: height = 25.0
170.0957 	EXP 	unnamed TextStim: height = 25.0
170.0957 	EXP 	unnamed TextStim: height = 25.0
170.0957 	EXP 	unnamed TextStim: text = 'x'
171.8718 	DATA 	Keypress: x
171.8739 	EXP 	unnamed TextStim: height = 25.0
171.8739 	EXP 	unnamed TextStim: height = 25.0
171.8739 	EXP 	unnamed TextStim: height = 25.0
171.8739 	EXP 	unnamed TextStim: text = 'm'
173.9901 	DATA 	Keypress: z
173.9924 	EXP 	unnamed TextStim: height = 25.0
173.9924 	EXP 	unnamed TextStim: height = 25.0
173.9924 	EXP 	unnamed TextStim: height = 25.0
173.9924 	EXP 	unnamed TextStim: text = 'z'
175.9891 	DATA 	Keypress: n
175.9903 	EXP 	unnamed TextStim: text = 'z'
178.4254 	DATA 	Keypress: m
178.4274 	EXP 	unnamed TextStim: height = 25.0
178.4274 	EXP 	unnamed TextStim: height = 25.0
178.4274 	EXP 	unnamed TextStim: height = 25.0
178.4274 	EXP 	unnamed TextStim: text = 'm'
180.4250 	DATA 	Keypress: m
180.5926 	EXP 	Created unnamed ImageStim = ImageStim(__class__=<class 'psychopy.visual.image.ImageStim'>, anchor=('center', 'center'), autoLog=True, color=array([1., 1., 1.]), colorSpace='rgb', contrast=1.0, depth=0, flipHoriz=False, flipVert=False, image='break.jpg', interpolate=True, mask=None, maskParams=None, name='unnamed ImageStim', opacity=1.0, ori=0.0, pos=array([0., 0.]), size=array([1536.,  864.]), texRes=128, units='pix', win=Window(...))
181.7172 	DATA 	Keypress: space
181.7209 	EXP 	unnamed TextStim: height = 25.0
181.7209 	EXP 	unnamed TextStim: height = 25.0
181.7209 	EXP 	unnamed TextStim: height = 25.0
181.7209 	EXP 	unnamed TextStim: text = 'n'
183.5513 	DATA 	Keypress: n
183.5582 	EXP 	unnamed TextStim: height = 25.0
183.5582 	EXP 	unnamed TextStim: height = 25.0
183.5582 	EXP 	unnamed TextStim: height = 25.0
183.5582 	EXP 	unnamed TextStim: text = 'm'
185.1480 	DATA 	Keypress: m
185.1501 	EXP 	unnamed TextStim: height = 25.0
185.1501 	EXP 	unnamed TextStim: height = 25.0
185.1501 	EXP 	unnamed TextStim: height = 25.0
185.1501 	EXP 	unnamed TextStim: text = 'x'
186.8410 	DATA 	Keypress: x
186.8421 	EXP 	unnamed TextStim: text = 'x'
188.6644 	DATA 	Keypress: z
188.6656 	EXP 	unnamed TextStim: text = 'x'
191.1324 	DATA 	Keypress: z
191.1348 	EXP 	unnamed TextStim: height = 25.0
191.1348 	EXP 	unnamed TextStim: height = 25.0
191.1348 	EXP 	unnamed TextStim: height = 25.0
191.1348 	EXP 	unnamed TextStim: text = 'z'
192.7850 	DATA 	Keypress: z
192.9147 	EXP 	Created unnamed ImageStim = ImageStim(__class__=<class 'psychopy.visual.image.ImageStim'>, anchor=('center', 'center'), autoLog=True, color=array([1., 1., 1.]), colorSpace='rgb', contrast=1.0, depth=0, flipHoriz=False, flipVert=False, image='break.jpg', interpolate=True, mask=None, maskParams=None, name='unnamed ImageStim', opacity=1.0, ori=0.0, pos=array([0., 0.]), size=array([1536.,  864.]), texRes=128, units='pix', win=Window(...))
193.9380 	DATA 	Keypress: space
193.9547 	EXP 	unnamed TextStim: height = 25.0
193.9547 	EXP 	unnamed TextStim: height = 25.0
193.9547 	EXP 	unnamed TextStim: height = 25.0
193.9547 	EXP 	unnamed TextStim: text = 'm'
196.2990 	DATA 	Keypress: m
196.3001 	EXP 	unnamed TextStim: text = 'm'
198.2339 	DATA 	Keypress: m
198.2377 	EXP 	unnamed TextStim: height = 25.0
198.2377 	EXP 	unnamed TextStim: height = 25.0
198.2377 	EXP 	unnamed TextStim: height = 25.0
198.2377 	EXP 	unnamed TextStim: text = 'n'
199.9811 	DATA 	Keypress: n
199.9823 	EXP 	unnamed TextStim: text = 'n'
202.3685 	DATA 	Keypress: z
202.3697 	EXP 	unnamed TextStim: text = 'n'
204.0423 	DATA 	Keypress: x
204.0446 	EXP 	unnamed TextStim: height = 25.0
204.0446 	EXP 	unnamed TextStim: height = 25.0
204.0446 	EXP 	unnamed TextStim: height = 25.0
204.0446 	EXP 	unnamed TextStim: text = 'z'
206.2147 	DATA 	Keypress: x
206.3571 	EXP 	Created unnamed ImageStim = ImageStim(__class__=<class 'psychopy.visual.image.ImageStim'>, anchor=('center', 'center'), autoLog=True, color=array([1., 1., 1.]), colorSpace='rgb', contrast=1.0, depth=0, flipHoriz=False, flipVert=False, image='break.jpg', interpolate=True, mask=None, maskParams=None, name='unnamed ImageStim', opacity=1.0, ori=0.0, pos=array([0., 0.]), size=array([1536.,  864.]), texRes=128, units='pix', win=Window(...))
213.5439 	DATA 	Keypress: space
213.5555 	EXP 	unnamed TextStim: text = 'z'
216.1259 	DATA 	Keypress: x
216.1281 	EXP 	unnamed TextStim: height = 25.0
216.1281 	EXP 	unnamed TextStim: height = 25.0
216.1281 	EXP 	unnamed TextStim: height = 25.0
216.1281 	EXP 	unnamed TextStim: text = 'm'
217.9791 	DATA 	Keypress: m
217.9868 	EXP 	unnamed TextStim: height = 25.0
217.9868 	EXP 	unnamed TextStim: height = 25.0
217.9868 	EXP 	unnamed TextStim: height = 25.0
217.9868 	EXP 	unnamed TextStim: text = 'x'
220.4167 	DATA 	Keypress: z
220.4179 	EXP 	unnamed TextStim: text = 'x'
222.1853 	DATA 	Keypress: x
222.1864 	EXP 	unnamed TextStim: text = 'x'
223.9653 	DATA 	Keypress: x
223.9664 	EXP 	unnamed TextStim: text = 'x'
226.1267 	DATA 	Keypress: n
226.2678 	EXP 	Created unnamed ImageStim = ImageStim(__class__=<class 'psychopy.visual.image.ImageStim'>, anchor=('center', 'center'), autoLog=True, color=array([1., 1., 1.]), colorSpace='rgb', contrast=1.0, depth=0, flipHoriz=False, flipVert=False, image='break.jpg', interpolate=True, mask=None, maskParams=None, name='unnamed ImageStim', opacity=1.0, ori=0.0, pos=array([0., 0.]), size=array([1536.,  864.]), texRes=128, units='pix', win=Window(...))
227.2369 	DATA 	Keypress: space
227.2396 	EXP 	unnamed TextStim: height = 25.0
227.2396 	EXP 	unnamed TextStim: height = 25.0
227.2396 	EXP 	unnamed TextStim: height = 25.0
227.2396 	EXP 	unnamed TextStim: text = 'n'
229.4003 	DATA 	Keypress: z
229.4025 	EXP 	unnamed TextStim: height = 25.0
229.4025 	EXP 	unnamed TextStim: height = 25.0
229.4025 	EXP 	unnamed TextStim: height = 25.0
229.4025 	EXP 	unnamed TextStim: text = 'z'
231.1827 	DATA 	Keypress: z
231.1848 	EXP 	unnamed TextStim: height = 25.0
231.1848 	EXP 	unnamed TextStim: height = 25.0
231.1848 	EXP 	unnamed TextStim: height = 25.0
231.1848 	EXP 	unnamed TextStim: text = 'x'
232.8994 	DATA 	Keypress: x
232.9016 	EXP 	unnamed TextStim: height = 25.0
232.9016 	EXP 	unnamed TextStim: height = 25.0
232.9016 	EXP 	unnamed TextStim: height = 25.0
232.9016 	EXP 	unnamed TextStim: text = 'm'
234.9992 	DATA 	Keypress: m
235.0013 	EXP 	unnamed TextStim: height = 25.0
235.0013 	EXP 	unnamed TextStim: height = 25.0
235.0013 	EXP 	unnamed TextStim: height = 25.0
235.0013 	EXP 	unnamed TextStim: text = 'z'
236.8088 	DATA 	Keypress: z
236.8111 	EXP 	unnamed TextStim: height = 25.0
236.8111 	EXP 	unnamed TextStim: height = 25.0
236.8111 	EXP 	unnamed TextStim: height = 25.0
236.8111 	EXP 	unnamed TextStim: text = 'm'
239.1280 	DATA 	Keypress: m
239.2688 	EXP 	Created unnamed ImageStim = ImageStim(__class__=<class 'psychopy.visual.image.ImageStim'>, anchor=('center', 'center'), autoLog=True, color=array([1., 1., 1.]), colorSpace='rgb', contrast=1.0, depth=0, flipHoriz=False, flipVert=False, image='break.jpg', interpolate=True, mask=None, maskParams=None, name='unnamed ImageStim', opacity=1.0, ori=0.0, pos=array([0., 0.]), size=array([1536.,  864.]), texRes=128, units='pix', win=Window(...))
240.1452 	DATA 	Keypress: space
240.1563 	EXP 	unnamed TextStim: height = 25.0
240.1563 	EXP 	unnamed TextStim: height = 25.0
240.1563 	EXP 	unnamed TextStim: height = 25.0
240.1563 	EXP 	unnamed TextStim: text = 'z'
241.9053 	DATA 	Keypress: z
241.9122 	EXP 	unnamed TextStim: height = 25.0
241.9122 	EXP 	unnamed TextStim: height = 25.0
241.9122 	EXP 	unnamed TextStim: height = 25.0
241.9122 	EXP 	unnamed TextStim: text = 'm'
243.7127 	DATA 	Keypress: m
243.7138 	EXP 	unnamed TextStim: text = 'm'
246.4370 	DATA 	Keypress: z
246.4393 	EXP 	unnamed TextStim: height = 25.0
246.4393 	EXP 	unnamed TextStim: height = 25.0
246.4393 	EXP 	unnamed TextStim: height = 25.0
246.4393 	EXP 	unnamed TextStim: text = 'z'
248.7194 	DATA 	Keypress: m
248.7215 	EXP 	unnamed TextStim: height = 25.0
248.7215 	EXP 	unnamed TextStim: height = 25.0
248.7215 	EXP 	unnamed TextStim: height = 25.0
248.7215 	EXP 	unnamed TextStim: text = 'x'
250.6719 	DATA 	Keypress: n
250.6730 	EXP 	unnamed TextStim: text = 'x'
252.5758 	DATA 	Keypress: x
252.7246 	EXP 	Created unnamed ImageStim = ImageStim(__class__=<class 'psychopy.visual.image.ImageStim'>, anchor=('center', 'center'), autoLog=True, color=array([1., 1., 1.]), colorSpace='rgb', contrast=1.0, depth=0, flipHoriz=False, flipVert=False, image='break.jpg', interpolate=True, mask=None, maskParams=None, name='unnamed ImageStim', opacity=1.0, ori=0.0, pos=array([0., 0.]), size=array([1536.,  864.]), texRes=128, units='pix', win=Window(...))
253.6914 	DATA 	Keypress: space
253.7070 	EXP 	unnamed TextStim: text = 'x'
255.8661 	DATA 	Keypress: m
255.8683 	EXP 	unnamed TextStim: height = 25.0
255.8683 	EXP 	unnamed TextStim: height = 25.0
255.8683 	EXP 	unnamed TextStim: height = 25.0
255.8683 	EXP 	unnamed TextStim: text = 'n'
257.7495 	DATA 	Keypress: n
257.7529 	EXP 	unnamed TextStim: height = 25.0
257.7529 	EXP 	unnamed TextStim: height = 25.0
257.7529 	EXP 	unnamed TextStim: height = 25.0
257.7529 	EXP 	unnamed TextStim: text = 'm'
259.4514 	DATA 	Keypress: m
259.4535 	EXP 	unnamed TextStim: height = 25.0
259.4535 	EXP 	unnamed TextStim: height = 25.0
259.4535 	EXP 	unnamed TextStim: height = 25.0
259.4535 	EXP 	unnamed TextStim: text = 'n'
261.1152 	DATA 	Keypress: n
261.1164 	EXP 	unnamed TextStim: text = 'n'
263.4039 	DATA 	Keypress: z
263.4051 	EXP 	unnamed TextStim: text = 'n'
265.1623 	DATA 	Keypress: n
265.2848 	EXP 	Created unnamed ImageStim = ImageStim(__class__=<class 'psychopy.visual.image.ImageStim'>, anchor=('center', 'center'), autoLog=True, color=array([1., 1., 1.]), colorSpace='rgb', contrast=1.0, depth=0, flipHoriz=False, flipVert=False, image='break.jpg', interpolate=True, mask=None, maskParams=None, name='unnamed ImageStim', opacity=1.0, ori=0.0, pos=array([0., 0.]), size=array([1536.,  864.]), texRes=128, units='pix', win=Window(...))
266.1505 	DATA 	Keypress: space
266.1570 	EXP 	unnamed TextStim: height = 25.0
266.1570 	EXP 	unnamed TextStim: height = 25.0
266.1570 	EXP 	unnamed TextStim: height = 25.0
266.1570 	EXP 	unnamed TextStim: text = 'z'
268.3478 	DATA 	Keypress: z
268.3545 	EXP 	unnamed TextStim: height = 25.0
268.3545 	EXP 	unnamed TextStim: height = 25.0
268.3545 	EXP 	unnamed TextStim: height = 25.0
268.3545 	EXP 	unnamed TextStim: text = 'x'
270.4594 	DATA 	Keypress: m
270.4623 	EXP 	unnamed TextStim: text = 'x'
272.3523 	DATA 	Keypress: x
272.3544 	EXP 	unnamed TextStim: height = 25.0
272.3544 	EXP 	unnamed TextStim: height = 25.0
272.3544 	EXP 	unnamed TextStim: height = 25.0
272.3544 	EXP 	unnamed TextStim: text = 'z'
274.5883 	DATA 	Keypress: z
274.5904 	EXP 	unnamed TextStim: height = 25.0
274.5904 	EXP 	unnamed TextStim: height = 25.0
274.5904 	EXP 	unnamed TextStim: height = 25.0
274.5904 	EXP 	unnamed TextStim: text = 'm'
276.4244 	DATA 	Keypress: m
276.4266 	EXP 	unnamed TextStim: height = 25.0
276.4266 	EXP 	unnamed TextStim: height = 25.0
276.4266 	EXP 	unnamed TextStim: height = 25.0
276.4266 	EXP 	unnamed TextStim: text = 'n'
278.8690 	DATA 	Keypress: m
279.0142 	EXP 	Created unnamed ImageStim = ImageStim(__class__=<class 'psychopy.visual.image.ImageStim'>, anchor=('center', 'center'), autoLog=True, color=array([1., 1., 1.]), colorSpace='rgb', contrast=1.0, depth=0, flipHoriz=False, flipVert=False, image='break.jpg', interpolate=True, mask=None, maskParams=None, name='unnamed ImageStim', opacity=1.0, ori=0.0, pos=array([0., 0.]), size=array([1536.,  864.]), texRes=128, units='pix', win=Window(...))
279.8818 	DATA 	Keypress: space
279.8911 	EXP 	unnamed TextStim: height = 25.0
279.8911 	EXP 	unnamed TextStim: height = 25.0
279.8911 	EXP 	unnamed TextStim: height = 25.0
279.8911 	EXP 	unnamed TextStim: text = 'x'
282.0907 	DATA 	Keypress: x
282.0931 	EXP 	unnamed TextStim: height = 25.0
282.0931 	EXP 	unnamed TextStim: height = 25.0
282.0931 	EXP 	unnamed TextStim: height = 25.0
282.0931 	EXP 	unnamed TextStim: text = 'm'
283.8297 	DATA 	Keypress: m
283.8309 	EXP 	unnamed TextStim: text = 'm'
285.4700 	DATA 	Keypress: n
285.4720 	EXP 	unnamed TextStim: height = 25.0
285.4720 	EXP 	unnamed TextStim: height = 25.0
285.4720 	EXP 	unnamed TextStim: height = 25.0
285.4720 	EXP 	unnamed TextStim: text = 'n'
287.3374 	DATA 	Keypress: n
287.3386 	EXP 	unnamed TextStim: text = 'n'
289.3700 	DATA 	Keypress: n
289.3721 	EXP 	unnamed TextStim: height = 25.0
289.3721 	EXP 	unnamed TextStim: height = 25.0
289.3721 	EXP 	unnamed TextStim: height = 25.0
289.3721 	EXP 	unnamed TextStim: text = 'm'
291.0809 	DATA 	Keypress: m
291.2346 	EXP 	Created unnamed ImageStim = ImageStim(__class__=<class 'psychopy.visual.image.ImageStim'>, anchor=('center', 'center'), autoLog=True, color=array([1., 1., 1.]), colorSpace='rgb', contrast=1.0, depth=0, flipHoriz=False, flipVert=False, image='break.jpg', interpolate=True, mask=None, maskParams=None, name='unnamed ImageStim', opacity=1.0, ori=0.0, pos=array([0., 0.]), size=array([1536.,  864.]), texRes=128, units='pix', win=Window(...))
292.1410 	DATA 	Keypress: space
292.1616 	EXP 	Created unnamed TextStim = TextStim(__class__=<class 'psychopy.visual.text.TextStim'>, alignHoriz=method-wrapper(...), alignText='center', alignVert=method-wrapper(...), anchorHoriz='center', anchorVert='center', antialias=True, autoDraw=False, autoLog=True, bold=False, color=array([-1, -1, -1]), colorSpace='rgb', contrast=1.0, depth=0, flipHoriz=False, flipVert=False, font='', fontFiles=[], height=20.0, italic=False, languageStyle='LTR', name='unnamed TextStim', opacity=1.0, ori=0.0, pos=array([0., 0.]), rgb=UNKNOWN, text=str(...), units='pix', win=Window(...), wrapWidth=1536)
299.5649 	DATA 	Keypress: return
299.6538 	EXP 	window1: mouseVisible = True
