13.8034 	WARNING 	User requested fullscreen with size [1536  864], but screen is actually [1920, 1080]. Using actual size
15.3150 	INFO 	FRAME RATE: 60
15.3150 	INFO 	SCREEN RES: odict_values([1536, 864])
15.3760 	EXP 	Created unnamed TextStim = TextStim(__class__=<class 'psychopy.visual.text.TextStim'>, alignHoriz=method-wrapper(...), alignText='center', alignVert=method-wrapper(...), anchorHoriz='center', anchorVert='center', antialias=True, autoDraw=False, autoLog=True, bold=False, color=array([-1, -1, -1]), colorSpace='rgb', contrast=1.0, depth=0, flipHoriz=False, flipVert=False, font='', fontFiles=[], height=100.0, italic=False, languageStyle='LTR', name='unnamed TextStim', opacity=1.0, ori=0.0, pos=array([0., 0.]), rgb=UNKNOWN, text='+', units='pix', win=Window(...), wrapWidth=500)
15.3797 	EXP 	Created unnamed Circle = Circle(__class__=<class 'psychopy.visual.circle.Circle'>, anchor=('center', 'center'), autoDraw=False, autoLog=True, closeShape=True, color=method-wrapper(...), colorSpace='rgb', contrast=None, depth=0, fillColor=array([ 0.09019608, -1.        , -1.        ]), fillColorSpace='rgb', fillRGB=array([ 0.09019608, -1.        , -1.        ]), interpolate=True, lineColor=array([ 0.09019608, -1.        , -1.        ]), lineColorSpace='rgb', lineRGB=array([ 0.09019608, -1.        , -1.        ]), lineWidth=1.5, name='unnamed Circle', opacity=1.0, ori=0.0, pos=array([0., 0.]), size=array([1., 1.]), units='pix', vertices=ndarray(...), win=Window(...))
15.3807 	EXP 	Created unnamed TextStim = TextStim(__class__=<class 'psychopy.visual.text.TextStim'>, alignHoriz=method-wrapper(...), alignText='center', alignVert=method-wrapper(...), anchorHoriz='center', anchorVert='center', antialias=True, autoDraw=False, autoLog=True, bold=False, color=array([-0.17647059, -0.17647059, -0.17647059]), colorSpace='rgb', contrast=1.0, depth=0, flipHoriz=False, flipVert=False, font='', fontFiles=[], height=25, italic=False, languageStyle='LTR', name='unnamed TextStim', opacity=1.0, ori=0.0, pos=array([0., 0.]), rgb=UNKNOWN, text='', units='pix', win=Window(...), wrapWidth=500)
15.3881 	EXP 	Created unnamed ImageStim = ImageStim(__class__=<class 'psychopy.visual.image.ImageStim'>, anchor=('center', 'center'), autoLog=True, color=array([1., 1., 1.]), colorSpace='rgb', contrast=1.0, depth=0, flipHoriz=False, flipVert=False, image='mask4.png', interpolate=False, mask=None, maskParams=None, name='unnamed ImageStim', opacity=1.0, ori=0.0, pos=array([0., 0.]), size=array([25., 25.]), texRes=128, units='pix', win=Window(...))
15.3961 	EXP 	Created unnamed TextStim = TextStim(__class__=<class 'psychopy.visual.text.TextStim'>, alignHoriz=method-wrapper(...), alignText='center', alignVert=method-wrapper(...), anchorHoriz='center', anchorVert='center', antialias=True, autoDraw=False, autoLog=True, bold=False, color=array([-1, -1, -1]), colorSpace='rgb', contrast=1.0, depth=0, flipHoriz=False, flipVert=False, font='', fontFiles=[], height=30.0, italic=False, languageStyle='LTR', name='unnamed TextStim', opacity=1.0, ori=0.0, pos=array([ 100., -300.]), rgb=UNKNOWN, text=str(...), units='pix', win=Window(...), wrapWidth=10000)
15.4007 	EXP 	Created unnamed TextStim = TextStim(__class__=<class 'psychopy.visual.text.TextStim'>, alignHoriz=method-wrapper(...), alignText='center', alignVert=method-wrapper(...), anchorHoriz='center', anchorVert='center', antialias=True, autoDraw=False, autoLog=True, bold=False, color=array([-1, -1, -1]), colorSpace='rgb', contrast=1.0, depth=0, flipHoriz=False, flipVert=False, font='', fontFiles=[], height=30.0, italic=False, languageStyle='LTR', name='unnamed TextStim', opacity=1.0, ori=0.0, pos=array([ 100., -330.]), rgb=UNKNOWN, text=str(...), units='pix', win=Window(...), wrapWidth=10000)
15.4387 	EXP 	Created unnamed TextStim = TextStim(__class__=<class 'psychopy.visual.text.TextStim'>, alignHoriz=method-wrapper(...), alignText='center', alignVert=method-wrapper(...), anchorHoriz='center', anchorVert='center', antialias=True, autoDraw=False, autoLog=True, bold=False, color=array([-1, -1, -1]), colorSpace='rgb', contrast=1.0, depth=0, flipHoriz=False, flipVert=False, font='', fontFiles=[], height=20.0, italic=False, languageStyle='LTR', name='unnamed TextStim', opacity=1.0, ori=0.0, pos=array([0., 0.]), rgb=UNKNOWN, text=str(...), units='pix', win=Window(...), wrapWidth=1536)
29.2883 	DATA 	Keypress: space
29.2971 	EXP 	unnamed TextStim: height = 25.0
29.2971 	EXP 	unnamed TextStim: height = 25.0
29.2971 	EXP 	unnamed TextStim: height = 25.0
29.2971 	EXP 	unnamed TextStim: text = 'z'
30.9695 	DATA 	Keypress: lshift
32.0859 	DATA 	Keypress: z
32.0944 	EXP 	Created unnamed TextStim = TextStim(__class__=<class 'psychopy.visual.text.TextStim'>, alignHoriz=method-wrapper(...), alignText='center', alignVert=method-wrapper(...), anchorHoriz='center', anchorVert='center', antialias=True, autoDraw=False, autoLog=True, bold=False, color=array([-1, -1, -1]), colorSpace='rgb', contrast=1.0, depth=0, flipHoriz=False, flipVert=False, font='', fontFiles=[], height=50.0, italic=False, languageStyle='LTR', name='unnamed TextStim', opacity=1.0, ori=0.0, pos=array([0., 0.]), rgb=UNKNOWN, text='Poprawnie', units='pix', win=Window(...), wrapWidth=500)
33.0989 	EXP 	unnamed TextStim: height = 25.0
33.0989 	EXP 	unnamed TextStim: height = 25.0
33.0989 	EXP 	unnamed TextStim: height = 25.0
33.0989 	EXP 	unnamed TextStim: text = 'n'
35.1012 	DATA 	Keypress: n
35.1033 	EXP 	Created unnamed TextStim = TextStim(__class__=<class 'psychopy.visual.text.TextStim'>, alignHoriz=method-wrapper(...), alignText='center', alignVert=method-wrapper(...), anchorHoriz='center', anchorVert='center', antialias=True, autoDraw=False, autoLog=True, bold=False, color=array([-1, -1, -1]), colorSpace='rgb', contrast=1.0, depth=0, flipHoriz=False, flipVert=False, font='', fontFiles=[], height=50.0, italic=False, languageStyle='LTR', name='unnamed TextStim', opacity=1.0, ori=0.0, pos=array([0., 0.]), rgb=UNKNOWN, text='Poprawnie', units='pix', win=Window(...), wrapWidth=500)
36.1143 	EXP 	unnamed TextStim: height = 25.0
36.1143 	EXP 	unnamed TextStim: height = 25.0
36.1143 	EXP 	unnamed TextStim: height = 25.0
36.1143 	EXP 	unnamed TextStim: text = 'm'
37.5817 	DATA 	Keypress: m
38.1057 	DATA 	Keypress: m
38.1077 	EXP 	Created unnamed TextStim = TextStim(__class__=<class 'psychopy.visual.text.TextStim'>, alignHoriz=method-wrapper(...), alignText='center', alignVert=method-wrapper(...), anchorHoriz='center', anchorVert='center', antialias=True, autoDraw=False, autoLog=True, bold=False, color=array([-1, -1, -1]), colorSpace='rgb', contrast=1.0, depth=0, flipHoriz=False, flipVert=False, font='', fontFiles=[], height=50.0, italic=False, languageStyle='LTR', name='unnamed TextStim', opacity=1.0, ori=0.0, pos=array([0., 0.]), rgb=UNKNOWN, text='Poprawnie', units='pix', win=Window(...), wrapWidth=500)
39.1145 	EXP 	unnamed TextStim: height = 25.0
39.1145 	EXP 	unnamed TextStim: height = 25.0
39.1145 	EXP 	unnamed TextStim: height = 25.0
39.1145 	EXP 	unnamed TextStim: text = 'n'
40.7421 	DATA 	Keypress: m
40.7460 	EXP 	Created unnamed TextStim = TextStim(__class__=<class 'psychopy.visual.text.TextStim'>, alignHoriz=method-wrapper(...), alignText='center', alignVert=method-wrapper(...), anchorHoriz='center', anchorVert='center', antialias=True, autoDraw=False, autoLog=True, bold=False, color=array([-1, -1, -1]), colorSpace='rgb', contrast=1.0, depth=0, flipHoriz=False, flipVert=False, font='', fontFiles=[], height=50.0, italic=False, languageStyle='LTR', name='unnamed TextStim', opacity=1.0, ori=0.0, pos=array([0., 0.]), rgb=UNKNOWN, text='Niepoprawnie', units='pix', win=Window(...), wrapWidth=500)
41.7646 	EXP 	unnamed TextStim: text = 'n'
43.2164 	DATA 	Keypress: n
43.8410 	DATA 	Keypress: n
43.8431 	EXP 	Created unnamed TextStim = TextStim(__class__=<class 'psychopy.visual.text.TextStim'>, alignHoriz=method-wrapper(...), alignText='center', alignVert=method-wrapper(...), anchorHoriz='center', anchorVert='center', antialias=True, autoDraw=False, autoLog=True, bold=False, color=array([-1, -1, -1]), colorSpace='rgb', contrast=1.0, depth=0, flipHoriz=False, flipVert=False, font='', fontFiles=[], height=50.0, italic=False, languageStyle='LTR', name='unnamed TextStim', opacity=1.0, ori=0.0, pos=array([0., 0.]), rgb=UNKNOWN, text='Poprawnie', units='pix', win=Window(...), wrapWidth=500)
44.8478 	EXP 	unnamed TextStim: height = 25.0
44.8478 	EXP 	unnamed TextStim: height = 25.0
44.8478 	EXP 	unnamed TextStim: height = 25.0
44.8478 	EXP 	unnamed TextStim: text = 'm'
46.2653 	DATA 	Keypress: m
46.2704 	EXP 	Created unnamed TextStim = TextStim(__class__=<class 'psychopy.visual.text.TextStim'>, alignHoriz=method-wrapper(...), alignText='center', alignVert=method-wrapper(...), anchorHoriz='center', anchorVert='center', antialias=True, autoDraw=False, autoLog=True, bold=False, color=array([-1, -1, -1]), colorSpace='rgb', contrast=1.0, depth=0, flipHoriz=False, flipVert=False, font='', fontFiles=[], height=50.0, italic=False, languageStyle='LTR', name='unnamed TextStim', opacity=1.0, ori=0.0, pos=array([0., 0.]), rgb=UNKNOWN, text='Poprawnie', units='pix', win=Window(...), wrapWidth=500)
47.2980 	EXP 	unnamed TextStim: height = 25.0
47.2980 	EXP 	unnamed TextStim: height = 25.0
47.2980 	EXP 	unnamed TextStim: height = 25.0
47.2980 	EXP 	unnamed TextStim: text = 'x'
48.9270 	DATA 	Keypress: x
48.9299 	EXP 	Created unnamed TextStim = TextStim(__class__=<class 'psychopy.visual.text.TextStim'>, alignHoriz=method-wrapper(...), alignText='center', alignVert=method-wrapper(...), anchorHoriz='center', anchorVert='center', antialias=True, autoDraw=False, autoLog=True, bold=False, color=array([-1, -1, -1]), colorSpace='rgb', contrast=1.0, depth=0, flipHoriz=False, flipVert=False, font='', fontFiles=[], height=50.0, italic=False, languageStyle='LTR', name='unnamed TextStim', opacity=1.0, ori=0.0, pos=array([0., 0.]), rgb=UNKNOWN, text='Poprawnie', units='pix', win=Window(...), wrapWidth=500)
49.9481 	EXP 	unnamed TextStim: height = 25.0
49.9481 	EXP 	unnamed TextStim: height = 25.0
49.9481 	EXP 	unnamed TextStim: height = 25.0
49.9481 	EXP 	unnamed TextStim: text = 'z'
51.3822 	DATA 	Keypress: z
51.3875 	EXP 	Created unnamed TextStim = TextStim(__class__=<class 'psychopy.visual.text.TextStim'>, alignHoriz=method-wrapper(...), alignText='center', alignVert=method-wrapper(...), anchorHoriz='center', anchorVert='center', antialias=True, autoDraw=False, autoLog=True, bold=False, color=array([-1, -1, -1]), colorSpace='rgb', contrast=1.0, depth=0, flipHoriz=False, flipVert=False, font='', fontFiles=[], height=50.0, italic=False, languageStyle='LTR', name='unnamed TextStim', opacity=1.0, ori=0.0, pos=array([0., 0.]), rgb=UNKNOWN, text='Poprawnie', units='pix', win=Window(...), wrapWidth=500)
52.4149 	EXP 	unnamed TextStim: height = 25.0
52.4149 	EXP 	unnamed TextStim: height = 25.0
52.4149 	EXP 	unnamed TextStim: height = 25.0
52.4149 	EXP 	unnamed TextStim: text = 'n'
53.8323 	DATA 	Keypress: x
53.8375 	EXP 	Created unnamed TextStim = TextStim(__class__=<class 'psychopy.visual.text.TextStim'>, alignHoriz=method-wrapper(...), alignText='center', alignVert=method-wrapper(...), anchorHoriz='center', anchorVert='center', antialias=True, autoDraw=False, autoLog=True, bold=False, color=array([-1, -1, -1]), colorSpace='rgb', contrast=1.0, depth=0, flipHoriz=False, flipVert=False, font='', fontFiles=[], height=50.0, italic=False, languageStyle='LTR', name='unnamed TextStim', opacity=1.0, ori=0.0, pos=array([0., 0.]), rgb=UNKNOWN, text='Niepoprawnie', units='pix', win=Window(...), wrapWidth=500)
54.8650 	EXP 	unnamed TextStim: text = 'n'
56.2990 	DATA 	Keypress: n
56.3041 	EXP 	Created unnamed TextStim = TextStim(__class__=<class 'psychopy.visual.text.TextStim'>, alignHoriz=method-wrapper(...), alignText='center', alignVert=method-wrapper(...), anchorHoriz='center', anchorVert='center', antialias=True, autoDraw=False, autoLog=True, bold=False, color=array([-1, -1, -1]), colorSpace='rgb', contrast=1.0, depth=0, flipHoriz=False, flipVert=False, font='', fontFiles=[], height=50.0, italic=False, languageStyle='LTR', name='unnamed TextStim', opacity=1.0, ori=0.0, pos=array([0., 0.]), rgb=UNKNOWN, text='Poprawnie', units='pix', win=Window(...), wrapWidth=500)
57.3319 	EXP 	unnamed TextStim: height = 25.0
57.3319 	EXP 	unnamed TextStim: height = 25.0
57.3319 	EXP 	unnamed TextStim: height = 25.0
57.3319 	EXP 	unnamed TextStim: text = 'x'
59.9574 	DATA 	Keypress: z
59.9600 	EXP 	Created unnamed TextStim = TextStim(__class__=<class 'psychopy.visual.text.TextStim'>, alignHoriz=method-wrapper(...), alignText='center', alignVert=method-wrapper(...), anchorHoriz='center', anchorVert='center', antialias=True, autoDraw=False, autoLog=True, bold=False, color=array([-1, -1, -1]), colorSpace='rgb', contrast=1.0, depth=0, flipHoriz=False, flipVert=False, font='', fontFiles=[], height=50.0, italic=False, languageStyle='LTR', name='unnamed TextStim', opacity=1.0, ori=0.0, pos=array([0., 0.]), rgb=UNKNOWN, text='Niepoprawnie', units='pix', win=Window(...), wrapWidth=500)
60.9652 	EXP 	unnamed TextStim: text = 'x'
62.9545 	DATA 	Keypress: x
62.9565 	EXP 	Created unnamed TextStim = TextStim(__class__=<class 'psychopy.visual.text.TextStim'>, alignHoriz=method-wrapper(...), alignText='center', alignVert=method-wrapper(...), anchorHoriz='center', anchorVert='center', antialias=True, autoDraw=False, autoLog=True, bold=False, color=array([-1, -1, -1]), colorSpace='rgb', contrast=1.0, depth=0, flipHoriz=False, flipVert=False, font='', fontFiles=[], height=50.0, italic=False, languageStyle='LTR', name='unnamed TextStim', opacity=1.0, ori=0.0, pos=array([0., 0.]), rgb=UNKNOWN, text='Poprawnie', units='pix', win=Window(...), wrapWidth=500)
63.9654 	EXP 	unnamed TextStim: text = 'x'
65.6553 	DATA 	Keypress: x
65.6573 	EXP 	Created unnamed TextStim = TextStim(__class__=<class 'psychopy.visual.text.TextStim'>, alignHoriz=method-wrapper(...), alignText='center', alignVert=method-wrapper(...), anchorHoriz='center', anchorVert='center', antialias=True, autoDraw=False, autoLog=True, bold=False, color=array([-1, -1, -1]), colorSpace='rgb', contrast=1.0, depth=0, flipHoriz=False, flipVert=False, font='', fontFiles=[], height=50.0, italic=False, languageStyle='LTR', name='unnamed TextStim', opacity=1.0, ori=0.0, pos=array([0., 0.]), rgb=UNKNOWN, text='Poprawnie', units='pix', win=Window(...), wrapWidth=500)
66.6654 	EXP 	unnamed TextStim: height = 25.0
66.6654 	EXP 	unnamed TextStim: height = 25.0
66.6654 	EXP 	unnamed TextStim: height = 25.0
66.6654 	EXP 	unnamed TextStim: text = 'n'
68.3445 	DATA 	Keypress: n
68.3470 	EXP 	Created unnamed TextStim = TextStim(__class__=<class 'psychopy.visual.text.TextStim'>, alignHoriz=method-wrapper(...), alignText='center', alignVert=method-wrapper(...), anchorHoriz='center', anchorVert='center', antialias=True, autoDraw=False, autoLog=True, bold=False, color=array([-1, -1, -1]), colorSpace='rgb', contrast=1.0, depth=0, flipHoriz=False, flipVert=False, font='', fontFiles=[], height=50.0, italic=False, languageStyle='LTR', name='unnamed TextStim', opacity=1.0, ori=0.0, pos=array([0., 0.]), rgb=UNKNOWN, text='Poprawnie', units='pix', win=Window(...), wrapWidth=500)
69.3656 	EXP 	unnamed TextStim: height = 25.0
69.3656 	EXP 	unnamed TextStim: height = 25.0
69.3656 	EXP 	unnamed TextStim: height = 25.0
69.3656 	EXP 	unnamed TextStim: text = 'z'
71.4154 	DATA 	Keypress: z
71.4178 	EXP 	Created unnamed TextStim = TextStim(__class__=<class 'psychopy.visual.text.TextStim'>, alignHoriz=method-wrapper(...), alignText='center', alignVert=method-wrapper(...), anchorHoriz='center', anchorVert='center', antialias=True, autoDraw=False, autoLog=True, bold=False, color=array([-1, -1, -1]), colorSpace='rgb', contrast=1.0, depth=0, flipHoriz=False, flipVert=False, font='', fontFiles=[], height=50.0, italic=False, languageStyle='LTR', name='unnamed TextStim', opacity=1.0, ori=0.0, pos=array([0., 0.]), rgb=UNKNOWN, text='Poprawnie', units='pix', win=Window(...), wrapWidth=500)
72.4496 	EXP 	Created unnamed TextStim = TextStim(__class__=<class 'psychopy.visual.text.TextStim'>, alignHoriz=method-wrapper(...), alignText='center', alignVert=method-wrapper(...), anchorHoriz='center', anchorVert='center', antialias=True, autoDraw=False, autoLog=True, bold=False, color=array([-1, -1, -1]), colorSpace='rgb', contrast=1.0, depth=0, flipHoriz=False, flipVert=False, font='', fontFiles=[], height=20.0, italic=False, languageStyle='LTR', name='unnamed TextStim', opacity=1.0, ori=0.0, pos=array([0., 0.]), rgb=UNKNOWN, text=str(...), units='pix', win=Window(...), wrapWidth=1536)
80.9778 	DATA 	Keypress: space
80.9826 	EXP 	unnamed TextStim: height = 25.0
80.9826 	EXP 	unnamed TextStim: height = 25.0
80.9826 	EXP 	unnamed TextStim: height = 25.0
80.9826 	EXP 	unnamed TextStim: text = 'n'
82.7954 	DATA 	Keypress: n
82.8044 	EXP 	Created unnamed TextStim = TextStim(__class__=<class 'psychopy.visual.text.TextStim'>, alignHoriz=method-wrapper(...), alignText='center', alignVert=method-wrapper(...), anchorHoriz='center', anchorVert='center', antialias=True, autoDraw=False, autoLog=True, bold=False, color=array([-1, -1, -1]), colorSpace='rgb', contrast=1.0, depth=0, flipHoriz=False, flipVert=False, font='', fontFiles=[], height=50.0, italic=False, languageStyle='LTR', name='unnamed TextStim', opacity=1.0, ori=0.0, pos=array([0., 0.]), rgb=UNKNOWN, text='Poprawnie', units='pix', win=Window(...), wrapWidth=500)
83.8162 	EXP 	unnamed TextStim: height = 25.0
83.8162 	EXP 	unnamed TextStim: height = 25.0
83.8162 	EXP 	unnamed TextStim: height = 25.0
83.8162 	EXP 	unnamed TextStim: text = 'z'
85.5965 	DATA 	Keypress: z
85.5989 	EXP 	Created unnamed TextStim = TextStim(__class__=<class 'psychopy.visual.text.TextStim'>, alignHoriz=method-wrapper(...), alignText='center', alignVert=method-wrapper(...), anchorHoriz='center', anchorVert='center', antialias=True, autoDraw=False, autoLog=True, bold=False, color=array([-1, -1, -1]), colorSpace='rgb', contrast=1.0, depth=0, flipHoriz=False, flipVert=False, font='', fontFiles=[], height=50.0, italic=False, languageStyle='LTR', name='unnamed TextStim', opacity=1.0, ori=0.0, pos=array([0., 0.]), rgb=UNKNOWN, text='Poprawnie', units='pix', win=Window(...), wrapWidth=500)
86.6162 	EXP 	unnamed TextStim: height = 25.0
86.6162 	EXP 	unnamed TextStim: height = 25.0
86.6162 	EXP 	unnamed TextStim: height = 25.0
86.6162 	EXP 	unnamed TextStim: text = 'n'
88.2644 	DATA 	Keypress: n
88.2665 	EXP 	Created unnamed TextStim = TextStim(__class__=<class 'psychopy.visual.text.TextStim'>, alignHoriz=method-wrapper(...), alignText='center', alignVert=method-wrapper(...), anchorHoriz='center', anchorVert='center', antialias=True, autoDraw=False, autoLog=True, bold=False, color=array([-1, -1, -1]), colorSpace='rgb', contrast=1.0, depth=0, flipHoriz=False, flipVert=False, font='', fontFiles=[], height=50.0, italic=False, languageStyle='LTR', name='unnamed TextStim', opacity=1.0, ori=0.0, pos=array([0., 0.]), rgb=UNKNOWN, text='Poprawnie', units='pix', win=Window(...), wrapWidth=500)
89.2831 	EXP 	unnamed TextStim: height = 25.0
89.2831 	EXP 	unnamed TextStim: height = 25.0
89.2831 	EXP 	unnamed TextStim: height = 25.0
89.2831 	EXP 	unnamed TextStim: text = 'x'
90.9184 	DATA 	Keypress: x
90.9206 	EXP 	Created unnamed TextStim = TextStim(__class__=<class 'psychopy.visual.text.TextStim'>, alignHoriz=method-wrapper(...), alignText='center', alignVert=method-wrapper(...), anchorHoriz='center', anchorVert='center', antialias=True, autoDraw=False, autoLog=True, bold=False, color=array([-1, -1, -1]), colorSpace='rgb', contrast=1.0, depth=0, flipHoriz=False, flipVert=False, font='', fontFiles=[], height=50.0, italic=False, languageStyle='LTR', name='unnamed TextStim', opacity=1.0, ori=0.0, pos=array([0., 0.]), rgb=UNKNOWN, text='Poprawnie', units='pix', win=Window(...), wrapWidth=500)
91.9331 	EXP 	unnamed TextStim: height = 25.0
91.9331 	EXP 	unnamed TextStim: height = 25.0
91.9331 	EXP 	unnamed TextStim: height = 25.0
91.9331 	EXP 	unnamed TextStim: text = 'n'
93.7707 	DATA 	Keypress: z
93.7736 	EXP 	Created unnamed TextStim = TextStim(__class__=<class 'psychopy.visual.text.TextStim'>, alignHoriz=method-wrapper(...), alignText='center', alignVert=method-wrapper(...), anchorHoriz='center', anchorVert='center', antialias=True, autoDraw=False, autoLog=True, bold=False, color=array([-1, -1, -1]), colorSpace='rgb', contrast=1.0, depth=0, flipHoriz=False, flipVert=False, font='', fontFiles=[], height=50.0, italic=False, languageStyle='LTR', name='unnamed TextStim', opacity=1.0, ori=0.0, pos=array([0., 0.]), rgb=UNKNOWN, text='Niepoprawnie', units='pix', win=Window(...), wrapWidth=500)
94.7832 	EXP 	unnamed TextStim: text = 'n'
96.3774 	DATA 	Keypress: n
96.3798 	EXP 	Created unnamed TextStim = TextStim(__class__=<class 'psychopy.visual.text.TextStim'>, alignHoriz=method-wrapper(...), alignText='center', alignVert=method-wrapper(...), anchorHoriz='center', anchorVert='center', antialias=True, autoDraw=False, autoLog=True, bold=False, color=array([-1, -1, -1]), colorSpace='rgb', contrast=1.0, depth=0, flipHoriz=False, flipVert=False, font='', fontFiles=[], height=50.0, italic=False, languageStyle='LTR', name='unnamed TextStim', opacity=1.0, ori=0.0, pos=array([0., 0.]), rgb=UNKNOWN, text='Poprawnie', units='pix', win=Window(...), wrapWidth=500)
97.3844 	EXP 	unnamed TextStim: height = 25.0
97.3844 	EXP 	unnamed TextStim: height = 25.0
97.3844 	EXP 	unnamed TextStim: height = 25.0
97.3844 	EXP 	unnamed TextStim: text = 'm'
99.0967 	DATA 	Keypress: m
99.0991 	EXP 	Created unnamed TextStim = TextStim(__class__=<class 'psychopy.visual.text.TextStim'>, alignHoriz=method-wrapper(...), alignText='center', alignVert=method-wrapper(...), anchorHoriz='center', anchorVert='center', antialias=True, autoDraw=False, autoLog=True, bold=False, color=array([-1, -1, -1]), colorSpace='rgb', contrast=1.0, depth=0, flipHoriz=False, flipVert=False, font='', fontFiles=[], height=50.0, italic=False, languageStyle='LTR', name='unnamed TextStim', opacity=1.0, ori=0.0, pos=array([0., 0.]), rgb=UNKNOWN, text='Poprawnie', units='pix', win=Window(...), wrapWidth=500)
100.1167 	EXP 	unnamed TextStim: height = 25.0
100.1167 	EXP 	unnamed TextStim: height = 25.0
100.1167 	EXP 	unnamed TextStim: height = 25.0
100.1167 	EXP 	unnamed TextStim: text = 'z'
101.6332 	DATA 	Keypress: z
101.6352 	EXP 	Created unnamed TextStim = TextStim(__class__=<class 'psychopy.visual.text.TextStim'>, alignHoriz=method-wrapper(...), alignText='center', alignVert=method-wrapper(...), anchorHoriz='center', anchorVert='center', antialias=True, autoDraw=False, autoLog=True, bold=False, color=array([-1, -1, -1]), colorSpace='rgb', contrast=1.0, depth=0, flipHoriz=False, flipVert=False, font='', fontFiles=[], height=50.0, italic=False, languageStyle='LTR', name='unnamed TextStim', opacity=1.0, ori=0.0, pos=array([0., 0.]), rgb=UNKNOWN, text='Poprawnie', units='pix', win=Window(...), wrapWidth=500)
102.6501 	EXP 	unnamed TextStim: height = 25.0
102.6501 	EXP 	unnamed TextStim: height = 25.0
102.6501 	EXP 	unnamed TextStim: height = 25.0
102.6501 	EXP 	unnamed TextStim: text = 'n'
104.2275 	DATA 	Keypress: n
104.2300 	EXP 	Created unnamed TextStim = TextStim(__class__=<class 'psychopy.visual.text.TextStim'>, alignHoriz=method-wrapper(...), alignText='center', alignVert=method-wrapper(...), anchorHoriz='center', anchorVert='center', antialias=True, autoDraw=False, autoLog=True, bold=False, color=array([-1, -1, -1]), colorSpace='rgb', contrast=1.0, depth=0, flipHoriz=False, flipVert=False, font='', fontFiles=[], height=50.0, italic=False, languageStyle='LTR', name='unnamed TextStim', opacity=1.0, ori=0.0, pos=array([0., 0.]), rgb=UNKNOWN, text='Poprawnie', units='pix', win=Window(...), wrapWidth=500)
105.2333 	EXP 	unnamed TextStim: text = 'n'
106.6971 	DATA 	Keypress: n
106.6998 	EXP 	Created unnamed TextStim = TextStim(__class__=<class 'psychopy.visual.text.TextStim'>, alignHoriz=method-wrapper(...), alignText='center', alignVert=method-wrapper(...), anchorHoriz='center', anchorVert='center', antialias=True, autoDraw=False, autoLog=True, bold=False, color=array([-1, -1, -1]), colorSpace='rgb', contrast=1.0, depth=0, flipHoriz=False, flipVert=False, font='', fontFiles=[], height=50.0, italic=False, languageStyle='LTR', name='unnamed TextStim', opacity=1.0, ori=0.0, pos=array([0., 0.]), rgb=UNKNOWN, text='Poprawnie', units='pix', win=Window(...), wrapWidth=500)
107.7248 	EXP 	Created unnamed TextStim = TextStim(__class__=<class 'psychopy.visual.text.TextStim'>, alignHoriz=method-wrapper(...), alignText='center', alignVert=method-wrapper(...), anchorHoriz='center', anchorVert='center', antialias=True, autoDraw=False, autoLog=True, bold=False, color=array([-1, -1, -1]), colorSpace='rgb', contrast=1.0, depth=0, flipHoriz=False, flipVert=False, font='', fontFiles=[], height=20.0, italic=False, languageStyle='LTR', name='unnamed TextStim', opacity=1.0, ori=0.0, pos=array([0., 0.]), rgb=UNKNOWN, text=str(...), units='pix', win=Window(...), wrapWidth=1536)
111.5053 	DATA 	Keypress: space
111.5169 	EXP 	unnamed TextStim: height = 25.0
111.5169 	EXP 	unnamed TextStim: height = 25.0
111.5169 	EXP 	unnamed TextStim: height = 25.0
111.5169 	EXP 	unnamed TextStim: text = 'm'
112.9980 	DATA 	Keypress: m
113.0014 	EXP 	unnamed TextStim: height = 25.0
113.0014 	EXP 	unnamed TextStim: height = 25.0
113.0014 	EXP 	unnamed TextStim: height = 25.0
113.0014 	EXP 	unnamed TextStim: text = 'n'
114.4808 	DATA 	Keypress: n
114.4835 	EXP 	unnamed TextStim: height = 25.0
114.4835 	EXP 	unnamed TextStim: height = 25.0
114.4835 	EXP 	unnamed TextStim: height = 25.0
114.4835 	EXP 	unnamed TextStim: text = 'x'
116.0308 	DATA 	Keypress: x
116.0333 	EXP 	unnamed TextStim: height = 25.0
116.0333 	EXP 	unnamed TextStim: height = 25.0
116.0333 	EXP 	unnamed TextStim: height = 25.0
116.0333 	EXP 	unnamed TextStim: text = 'm'
117.8163 	DATA 	Keypress: z
117.8194 	EXP 	unnamed TextStim: height = 25.0
117.8194 	EXP 	unnamed TextStim: height = 25.0
117.8194 	EXP 	unnamed TextStim: height = 25.0
117.8194 	EXP 	unnamed TextStim: text = 'z'
119.3110 	DATA 	Keypress: z
119.3121 	EXP 	unnamed TextStim: text = 'z'
120.7416 	DATA 	Keypress: z
120.8850 	EXP 	Created unnamed ImageStim = ImageStim(__class__=<class 'psychopy.visual.image.ImageStim'>, anchor=('center', 'center'), autoLog=True, color=array([1., 1., 1.]), colorSpace='rgb', contrast=1.0, depth=0, flipHoriz=False, flipVert=False, image='break.jpg', interpolate=True, mask=None, maskParams=None, name='unnamed ImageStim', opacity=1.0, ori=0.0, pos=array([0., 0.]), size=array([1536.,  864.]), texRes=128, units='pix', win=Window(...))
122.0135 	DATA 	Keypress: space
122.0174 	EXP 	unnamed TextStim: height = 25.0
122.0174 	EXP 	unnamed TextStim: height = 25.0
122.0174 	EXP 	unnamed TextStim: height = 25.0
122.0174 	EXP 	unnamed TextStim: text = 'n'
123.6720 	DATA 	Keypress: n
123.6742 	EXP 	unnamed TextStim: height = 25.0
123.6742 	EXP 	unnamed TextStim: height = 25.0
123.6742 	EXP 	unnamed TextStim: height = 25.0
123.6742 	EXP 	unnamed TextStim: text = 'x'
125.2372 	DATA 	Keypress: z
125.2384 	EXP 	unnamed TextStim: text = 'x'
127.0852 	DATA 	Keypress: z
127.0874 	EXP 	unnamed TextStim: height = 25.0
127.0874 	EXP 	unnamed TextStim: height = 25.0
127.0874 	EXP 	unnamed TextStim: height = 25.0
127.0874 	EXP 	unnamed TextStim: text = 'm'
128.6743 	DATA 	Keypress: m
128.6763 	EXP 	unnamed TextStim: height = 25.0
128.6763 	EXP 	unnamed TextStim: height = 25.0
128.6763 	EXP 	unnamed TextStim: height = 25.0
128.6763 	EXP 	unnamed TextStim: text = 'x'
130.4177 	DATA 	Keypress: x
130.4199 	EXP 	unnamed TextStim: height = 25.0
130.4199 	EXP 	unnamed TextStim: height = 25.0
130.4199 	EXP 	unnamed TextStim: height = 25.0
130.4199 	EXP 	unnamed TextStim: text = 'z'
132.1255 	DATA 	Keypress: z
132.2688 	EXP 	Created unnamed ImageStim = ImageStim(__class__=<class 'psychopy.visual.image.ImageStim'>, anchor=('center', 'center'), autoLog=True, color=array([1., 1., 1.]), colorSpace='rgb', contrast=1.0, depth=0, flipHoriz=False, flipVert=False, image='break.jpg', interpolate=True, mask=None, maskParams=None, name='unnamed ImageStim', opacity=1.0, ori=0.0, pos=array([0., 0.]), size=array([1536.,  864.]), texRes=128, units='pix', win=Window(...))
133.1771 	DATA 	Keypress: space
133.1844 	EXP 	unnamed TextStim: height = 25.0
133.1844 	EXP 	unnamed TextStim: height = 25.0
133.1844 	EXP 	unnamed TextStim: height = 25.0
133.1844 	EXP 	unnamed TextStim: text = 'm'
134.7737 	DATA 	Keypress: lshift
134.8001 	DATA 	Keypress: m
134.8042 	EXP 	unnamed TextStim: height = 25.0
134.8042 	EXP 	unnamed TextStim: height = 25.0
134.8042 	EXP 	unnamed TextStim: height = 25.0
134.8042 	EXP 	unnamed TextStim: text = 'z'
136.6651 	DATA 	Keypress: z
136.6673 	EXP 	unnamed TextStim: height = 25.0
136.6673 	EXP 	unnamed TextStim: height = 25.0
136.6673 	EXP 	unnamed TextStim: height = 25.0
136.6673 	EXP 	unnamed TextStim: text = 'm'
138.2530 	DATA 	Keypress: m
138.2552 	EXP 	unnamed TextStim: height = 25.0
138.2552 	EXP 	unnamed TextStim: height = 25.0
138.2552 	EXP 	unnamed TextStim: height = 25.0
138.2552 	EXP 	unnamed TextStim: text = 'n'
139.7236 	DATA 	Keypress: n
139.7248 	EXP 	unnamed TextStim: text = 'n'
141.3720 	DATA 	Keypress: z
141.3740 	EXP 	unnamed TextStim: height = 25.0
141.3740 	EXP 	unnamed TextStim: height = 25.0
141.3740 	EXP 	unnamed TextStim: height = 25.0
141.3740 	EXP 	unnamed TextStim: text = 'x'
142.8032 	DATA 	Keypress: x
142.9141 	EXP 	Created unnamed ImageStim = ImageStim(__class__=<class 'psychopy.visual.image.ImageStim'>, anchor=('center', 'center'), autoLog=True, color=array([1., 1., 1.]), colorSpace='rgb', contrast=1.0, depth=0, flipHoriz=False, flipVert=False, image='break.jpg', interpolate=True, mask=None, maskParams=None, name='unnamed ImageStim', opacity=1.0, ori=0.0, pos=array([0., 0.]), size=array([1536.,  864.]), texRes=128, units='pix', win=Window(...))
143.7224 	DATA 	Keypress: space
143.7350 	EXP 	unnamed TextStim: text = 'x'
145.5495 	DATA 	Keypress: z
145.5508 	EXP 	unnamed TextStim: text = 'x'
147.3415 	DATA 	Keypress: x
147.3437 	EXP 	unnamed TextStim: height = 25.0
147.3437 	EXP 	unnamed TextStim: height = 25.0
147.3437 	EXP 	unnamed TextStim: height = 25.0
147.3437 	EXP 	unnamed TextStim: text = 'n'
149.7824 	DATA 	Keypress: n
149.7846 	EXP 	unnamed TextStim: height = 25.0
149.7846 	EXP 	unnamed TextStim: height = 25.0
149.7846 	EXP 	unnamed TextStim: height = 25.0
149.7846 	EXP 	unnamed TextStim: text = 'z'
151.3409 	DATA 	Keypress: z
151.3421 	EXP 	unnamed TextStim: text = 'z'
152.9444 	DATA 	Keypress: z
152.9466 	EXP 	unnamed TextStim: height = 25.0
152.9466 	EXP 	unnamed TextStim: height = 25.0
152.9466 	EXP 	unnamed TextStim: height = 25.0
152.9466 	EXP 	unnamed TextStim: text = 'x'
154.8784 	DATA 	Keypress: z
155.0138 	EXP 	Created unnamed ImageStim = ImageStim(__class__=<class 'psychopy.visual.image.ImageStim'>, anchor=('center', 'center'), autoLog=True, color=array([1., 1., 1.]), colorSpace='rgb', contrast=1.0, depth=0, flipHoriz=False, flipVert=False, image='break.jpg', interpolate=True, mask=None, maskParams=None, name='unnamed ImageStim', opacity=1.0, ori=0.0, pos=array([0., 0.]), size=array([1536.,  864.]), texRes=128, units='pix', win=Window(...))
155.7101 	DATA 	Keypress: space
155.7187 	EXP 	unnamed TextStim: height = 25.0
155.7187 	EXP 	unnamed TextStim: height = 25.0
155.7187 	EXP 	unnamed TextStim: height = 25.0
155.7187 	EXP 	unnamed TextStim: text = 'n'
157.5296 	DATA 	Keypress: n
157.5308 	EXP 	unnamed TextStim: text = 'n'
159.1043 	DATA 	Keypress: n
159.1064 	EXP 	unnamed TextStim: height = 25.0
159.1064 	EXP 	unnamed TextStim: height = 25.0
159.1064 	EXP 	unnamed TextStim: height = 25.0
159.1064 	EXP 	unnamed TextStim: text = 'z'
160.7540 	DATA 	Keypress: z
160.7561 	EXP 	unnamed TextStim: height = 25.0
160.7561 	EXP 	unnamed TextStim: height = 25.0
160.7561 	EXP 	unnamed TextStim: height = 25.0
160.7561 	EXP 	unnamed TextStim: text = 'n'
162.3404 	DATA 	Keypress: n
162.3427 	EXP 	unnamed TextStim: height = 25.0
162.3427 	EXP 	unnamed TextStim: height = 25.0
162.3427 	EXP 	unnamed TextStim: height = 25.0
162.3427 	EXP 	unnamed TextStim: text = 'x'
163.9415 	DATA 	Keypress: x
163.9436 	EXP 	unnamed TextStim: height = 25.0
163.9436 	EXP 	unnamed TextStim: height = 25.0
163.9436 	EXP 	unnamed TextStim: height = 25.0
163.9436 	EXP 	unnamed TextStim: text = 'z'
165.6112 	DATA 	Keypress: z
165.7153 	EXP 	Created unnamed ImageStim = ImageStim(__class__=<class 'psychopy.visual.image.ImageStim'>, anchor=('center', 'center'), autoLog=True, color=array([1., 1., 1.]), colorSpace='rgb', contrast=1.0, depth=0, flipHoriz=False, flipVert=False, image='break.jpg', interpolate=True, mask=None, maskParams=None, name='unnamed ImageStim', opacity=1.0, ori=0.0, pos=array([0., 0.]), size=array([1536.,  864.]), texRes=128, units='pix', win=Window(...))
166.4894 	DATA 	Keypress: space
166.5026 	EXP 	unnamed TextStim: height = 25.0
166.5026 	EXP 	unnamed TextStim: height = 25.0
166.5026 	EXP 	unnamed TextStim: height = 25.0
166.5026 	EXP 	unnamed TextStim: text = 'm'
168.2212 	DATA 	Keypress: n
168.2233 	EXP 	unnamed TextStim: height = 25.0
168.2233 	EXP 	unnamed TextStim: height = 25.0
168.2233 	EXP 	unnamed TextStim: height = 25.0
168.2233 	EXP 	unnamed TextStim: text = 'z'
170.0273 	DATA 	Keypress: z
170.0296 	EXP 	unnamed TextStim: height = 25.0
170.0296 	EXP 	unnamed TextStim: height = 25.0
170.0296 	EXP 	unnamed TextStim: height = 25.0
170.0296 	EXP 	unnamed TextStim: text = 'm'
171.6442 	DATA 	Keypress: m
171.6464 	EXP 	unnamed TextStim: height = 25.0
171.6464 	EXP 	unnamed TextStim: height = 25.0
171.6464 	EXP 	unnamed TextStim: height = 25.0
171.6464 	EXP 	unnamed TextStim: text = 'n'
173.5238 	DATA 	Keypress: z
173.5270 	EXP 	unnamed TextStim: height = 25.0
173.5270 	EXP 	unnamed TextStim: height = 25.0
173.5270 	EXP 	unnamed TextStim: height = 25.0
173.5270 	EXP 	unnamed TextStim: text = 'm'
173.6203 	DATA 	Keypress: z
175.1175 	DATA 	Keypress: m
175.1196 	EXP 	unnamed TextStim: height = 25.0
175.1196 	EXP 	unnamed TextStim: height = 25.0
175.1196 	EXP 	unnamed TextStim: height = 25.0
175.1196 	EXP 	unnamed TextStim: text = 'z'
176.6620 	DATA 	Keypress: z
176.7963 	EXP 	Created unnamed ImageStim = ImageStim(__class__=<class 'psychopy.visual.image.ImageStim'>, anchor=('center', 'center'), autoLog=True, color=array([1., 1., 1.]), colorSpace='rgb', contrast=1.0, depth=0, flipHoriz=False, flipVert=False, image='break.jpg', interpolate=True, mask=None, maskParams=None, name='unnamed ImageStim', opacity=1.0, ori=0.0, pos=array([0., 0.]), size=array([1536.,  864.]), texRes=128, units='pix', win=Window(...))
177.4783 	DATA 	Keypress: space
177.4863 	EXP 	unnamed TextStim: text = 'z'
178.9100 	DATA 	Keypress: z
178.9112 	EXP 	unnamed TextStim: text = 'z'
180.6048 	DATA 	Keypress: z
180.6070 	EXP 	unnamed TextStim: height = 25.0
180.6070 	EXP 	unnamed TextStim: height = 25.0
180.6070 	EXP 	unnamed TextStim: height = 25.0
180.6070 	EXP 	unnamed TextStim: text = 'x'
182.0993 	DATA 	Keypress: x
182.1014 	EXP 	unnamed TextStim: height = 25.0
182.1014 	EXP 	unnamed TextStim: height = 25.0
182.1014 	EXP 	unnamed TextStim: height = 25.0
182.1014 	EXP 	unnamed TextStim: text = 'm'
183.6839 	DATA 	Keypress: m
183.6862 	EXP 	unnamed TextStim: height = 25.0
183.6862 	EXP 	unnamed TextStim: height = 25.0
183.6862 	EXP 	unnamed TextStim: height = 25.0
183.6862 	EXP 	unnamed TextStim: text = 'n'
185.4493 	DATA 	Keypress: n
185.4515 	EXP 	unnamed TextStim: height = 25.0
185.4515 	EXP 	unnamed TextStim: height = 25.0
185.4515 	EXP 	unnamed TextStim: height = 25.0
185.4515 	EXP 	unnamed TextStim: text = 'z'
186.9519 	DATA 	Keypress: z
187.0638 	EXP 	Created unnamed ImageStim = ImageStim(__class__=<class 'psychopy.visual.image.ImageStim'>, anchor=('center', 'center'), autoLog=True, color=array([1., 1., 1.]), colorSpace='rgb', contrast=1.0, depth=0, flipHoriz=False, flipVert=False, image='break.jpg', interpolate=True, mask=None, maskParams=None, name='unnamed ImageStim', opacity=1.0, ori=0.0, pos=array([0., 0.]), size=array([1536.,  864.]), texRes=128, units='pix', win=Window(...))
187.7207 	DATA 	Keypress: space
187.7365 	EXP 	unnamed TextStim: height = 25.0
187.7365 	EXP 	unnamed TextStim: height = 25.0
187.7365 	EXP 	unnamed TextStim: height = 25.0
187.7365 	EXP 	unnamed TextStim: text = 'm'
189.2602 	DATA 	Keypress: m
189.2624 	EXP 	unnamed TextStim: height = 25.0
189.2624 	EXP 	unnamed TextStim: height = 25.0
189.2624 	EXP 	unnamed TextStim: height = 25.0
189.2624 	EXP 	unnamed TextStim: text = 'x'
190.7999 	DATA 	Keypress: z
190.8040 	EXP 	unnamed TextStim: height = 25.0
190.8040 	EXP 	unnamed TextStim: height = 25.0
190.8040 	EXP 	unnamed TextStim: height = 25.0
190.8040 	EXP 	unnamed TextStim: text = 'n'
192.6177 	DATA 	Keypress: n
192.6190 	EXP 	unnamed TextStim: text = 'n'
194.1110 	DATA 	Keypress: n
194.1132 	EXP 	unnamed TextStim: height = 25.0
194.1132 	EXP 	unnamed TextStim: height = 25.0
194.1132 	EXP 	unnamed TextStim: height = 25.0
194.1132 	EXP 	unnamed TextStim: text = 'x'
195.9473 	DATA 	Keypress: z
195.9487 	EXP 	unnamed TextStim: text = 'x'
198.5706 	DATA 	Keypress: z
198.6987 	EXP 	Created unnamed ImageStim = ImageStim(__class__=<class 'psychopy.visual.image.ImageStim'>, anchor=('center', 'center'), autoLog=True, color=array([1., 1., 1.]), colorSpace='rgb', contrast=1.0, depth=0, flipHoriz=False, flipVert=False, image='break.jpg', interpolate=True, mask=None, maskParams=None, name='unnamed ImageStim', opacity=1.0, ori=0.0, pos=array([0., 0.]), size=array([1536.,  864.]), texRes=128, units='pix', win=Window(...))
199.4332 	DATA 	Keypress: space
199.4371 	EXP 	unnamed TextStim: height = 25.0
199.4371 	EXP 	unnamed TextStim: height = 25.0
199.4371 	EXP 	unnamed TextStim: height = 25.0
199.4371 	EXP 	unnamed TextStim: text = 'n'
201.1582 	DATA 	Keypress: n
201.1605 	EXP 	unnamed TextStim: height = 25.0
201.1605 	EXP 	unnamed TextStim: height = 25.0
201.1605 	EXP 	unnamed TextStim: height = 25.0
201.1605 	EXP 	unnamed TextStim: text = 'm'
202.8392 	DATA 	Keypress: m
202.8420 	EXP 	unnamed TextStim: height = 25.0
202.8420 	EXP 	unnamed TextStim: height = 25.0
202.8420 	EXP 	unnamed TextStim: height = 25.0
202.8420 	EXP 	unnamed TextStim: text = 'x'
204.4948 	DATA 	Keypress: z
204.4961 	EXP 	unnamed TextStim: text = 'x'
206.1489 	DATA 	Keypress: x
206.1510 	EXP 	unnamed TextStim: height = 25.0
206.1510 	EXP 	unnamed TextStim: height = 25.0
206.1510 	EXP 	unnamed TextStim: height = 25.0
206.1510 	EXP 	unnamed TextStim: text = 'n'
207.6593 	DATA 	Keypress: x
207.6615 	EXP 	unnamed TextStim: height = 25.0
207.6615 	EXP 	unnamed TextStim: height = 25.0
207.6615 	EXP 	unnamed TextStim: height = 25.0
207.6615 	EXP 	unnamed TextStim: text = 'x'
209.2543 	DATA 	Keypress: z
209.3654 	EXP 	Created unnamed ImageStim = ImageStim(__class__=<class 'psychopy.visual.image.ImageStim'>, anchor=('center', 'center'), autoLog=True, color=array([1., 1., 1.]), colorSpace='rgb', contrast=1.0, depth=0, flipHoriz=False, flipVert=False, image='break.jpg', interpolate=True, mask=None, maskParams=None, name='unnamed ImageStim', opacity=1.0, ori=0.0, pos=array([0., 0.]), size=array([1536.,  864.]), texRes=128, units='pix', win=Window(...))
210.0588 	DATA 	Keypress: space
210.0708 	EXP 	unnamed TextStim: height = 25.0
210.0708 	EXP 	unnamed TextStim: height = 25.0
210.0708 	EXP 	unnamed TextStim: height = 25.0
210.0708 	EXP 	unnamed TextStim: text = 'm'
211.6091 	DATA 	Keypress: m
211.6131 	EXP 	unnamed TextStim: height = 25.0
211.6131 	EXP 	unnamed TextStim: height = 25.0
211.6131 	EXP 	unnamed TextStim: height = 25.0
211.6131 	EXP 	unnamed TextStim: text = 'x'
213.3095 	DATA 	Keypress: z
213.3108 	EXP 	unnamed TextStim: text = 'x'
215.0161 	DATA 	Keypress: z
215.0184 	EXP 	unnamed TextStim: height = 25.0
215.0184 	EXP 	unnamed TextStim: height = 25.0
215.0184 	EXP 	unnamed TextStim: height = 25.0
215.0184 	EXP 	unnamed TextStim: text = 'n'
216.9432 	DATA 	Keypress: n
216.9453 	EXP 	unnamed TextStim: height = 25.0
216.9453 	EXP 	unnamed TextStim: height = 25.0
216.9453 	EXP 	unnamed TextStim: height = 25.0
216.9453 	EXP 	unnamed TextStim: text = 'z'
218.7342 	DATA 	Keypress: z
218.7364 	EXP 	unnamed TextStim: height = 25.0
218.7364 	EXP 	unnamed TextStim: height = 25.0
218.7364 	EXP 	unnamed TextStim: height = 25.0
218.7364 	EXP 	unnamed TextStim: text = 'x'
221.4382 	DATA 	No keypress (maxWait exceeded)
221.5640 	EXP 	Created unnamed ImageStim = ImageStim(__class__=<class 'psychopy.visual.image.ImageStim'>, anchor=('center', 'center'), autoLog=True, color=array([1., 1., 1.]), colorSpace='rgb', contrast=1.0, depth=0, flipHoriz=False, flipVert=False, image='break.jpg', interpolate=True, mask=None, maskParams=None, name='unnamed ImageStim', opacity=1.0, ori=0.0, pos=array([0., 0.]), size=array([1536.,  864.]), texRes=128, units='pix', win=Window(...))
221.5714 	DATA 	Keypress: x
222.2727 	DATA 	Keypress: space
222.2877 	EXP 	unnamed TextStim: height = 25.0
222.2877 	EXP 	unnamed TextStim: height = 25.0
222.2877 	EXP 	unnamed TextStim: height = 25.0
222.2877 	EXP 	unnamed TextStim: text = 'm'
223.7761 	DATA 	Keypress: m
223.7783 	EXP 	unnamed TextStim: height = 25.0
223.7783 	EXP 	unnamed TextStim: height = 25.0
223.7783 	EXP 	unnamed TextStim: height = 25.0
223.7783 	EXP 	unnamed TextStim: text = 'z'
225.4674 	DATA 	Keypress: n
225.4730 	EXP 	unnamed TextStim: height = 25.0
225.4730 	EXP 	unnamed TextStim: height = 25.0
225.4730 	EXP 	unnamed TextStim: height = 25.0
225.4730 	EXP 	unnamed TextStim: text = 'm'
227.1369 	DATA 	Keypress: m
227.1380 	EXP 	unnamed TextStim: text = 'm'
228.6323 	DATA 	Keypress: m
228.6344 	EXP 	unnamed TextStim: height = 25.0
228.6344 	EXP 	unnamed TextStim: height = 25.0
228.6344 	EXP 	unnamed TextStim: height = 25.0
228.6344 	EXP 	unnamed TextStim: text = 'z'
230.1298 	DATA 	Keypress: z
230.1310 	EXP 	unnamed TextStim: text = 'z'
231.8057 	DATA 	Keypress: z
231.9201 	EXP 	Created unnamed ImageStim = ImageStim(__class__=<class 'psychopy.visual.image.ImageStim'>, anchor=('center', 'center'), autoLog=True, color=array([1., 1., 1.]), colorSpace='rgb', contrast=1.0, depth=0, flipHoriz=False, flipVert=False, image='break.jpg', interpolate=True, mask=None, maskParams=None, name='unnamed ImageStim', opacity=1.0, ori=0.0, pos=array([0., 0.]), size=array([1536.,  864.]), texRes=128, units='pix', win=Window(...))
232.5397 	DATA 	Keypress: space
232.5562 	EXP 	Created unnamed TextStim = TextStim(__class__=<class 'psychopy.visual.text.TextStim'>, alignHoriz=method-wrapper(...), alignText='center', alignVert=method-wrapper(...), anchorHoriz='center', anchorVert='center', antialias=True, autoDraw=False, autoLog=True, bold=False, color=array([-1, -1, -1]), colorSpace='rgb', contrast=1.0, depth=0, flipHoriz=False, flipVert=False, font='', fontFiles=[], height=20.0, italic=False, languageStyle='LTR', name='unnamed TextStim', opacity=1.0, ori=0.0, pos=array([0., 0.]), rgb=UNKNOWN, text=str(...), units='pix', win=Window(...), wrapWidth=1536)
234.1591 	DATA 	Keypress: return
234.2450 	EXP 	window1: mouseVisible = True
