10.3551 	WARNING 	User requested fullscreen with size [1536  864], but screen is actually [1920, 1080]. Using actual size
11.8497 	INFO 	FRAME RATE: 60
11.8497 	INFO 	SCREEN RES: odict_values([1536, 864])
11.9075 	EXP 	Created unnamed TextStim = TextStim(__class__=<class 'psychopy.visual.text.TextStim'>, alignHoriz=method-wrapper(...), alignText='center', alignVert=method-wrapper(...), anchorHoriz='center', anchorVert='center', antialias=True, autoDraw=False, autoLog=True, bold=False, color=array([-1, -1, -1]), colorSpace='rgb', contrast=1.0, depth=0, flipHoriz=False, flipVert=False, font='', fontFiles=[], height=100.0, italic=False, languageStyle='LTR', name='unnamed TextStim', opacity=1.0, ori=0.0, pos=array([0., 0.]), rgb=UNKNOWN, text='+', units='pix', win=Window(...), wrapWidth=500)
11.9121 	EXP 	Created unnamed Circle = Circle(__class__=<class 'psychopy.visual.circle.Circle'>, anchor=('center', 'center'), autoDraw=False, autoLog=True, closeShape=True, color=method-wrapper(...), colorSpace='rgb', contrast=None, depth=0, fillColor=array([ 0.09019608, -1.        , -1.        ]), fillColorSpace='rgb', fillRGB=array([ 0.09019608, -1.        , -1.        ]), interpolate=True, lineColor=array([ 0.09019608, -1.        , -1.        ]), lineColorSpace='rgb', lineRGB=array([ 0.09019608, -1.        , -1.        ]), lineWidth=1.5, name='unnamed Circle', opacity=1.0, ori=0.0, pos=array([0., 0.]), size=array([1., 1.]), units='pix', vertices=ndarray(...), win=Window(...))
11.9134 	EXP 	Created unnamed TextStim = TextStim(__class__=<class 'psychopy.visual.text.TextStim'>, alignHoriz=method-wrapper(...), alignText='center', alignVert=method-wrapper(...), anchorHoriz='center', anchorVert='center', antialias=True, autoDraw=False, autoLog=True, bold=False, color=array([-0.17647059, -0.17647059, -0.17647059]), colorSpace='rgb', contrast=1.0, depth=0, flipHoriz=False, flipVert=False, font='', fontFiles=[], height=25, italic=False, languageStyle='LTR', name='unnamed TextStim', opacity=1.0, ori=0.0, pos=array([0., 0.]), rgb=UNKNOWN, text='', units='pix', win=Window(...), wrapWidth=500)
11.9221 	EXP 	Created unnamed ImageStim = ImageStim(__class__=<class 'psychopy.visual.image.ImageStim'>, anchor=('center', 'center'), autoLog=True, color=array([1., 1., 1.]), colorSpace='rgb', contrast=1.0, depth=0, flipHoriz=False, flipVert=False, image='mask4.png', interpolate=False, mask=None, maskParams=None, name='unnamed ImageStim', opacity=1.0, ori=0.0, pos=array([0., 0.]), size=array([25., 25.]), texRes=128, units='pix', win=Window(...))
11.9322 	EXP 	Created unnamed TextStim = TextStim(__class__=<class 'psychopy.visual.text.TextStim'>, alignHoriz=method-wrapper(...), alignText='center', alignVert=method-wrapper(...), anchorHoriz='center', anchorVert='center', antialias=True, autoDraw=False, autoLog=True, bold=False, color=array([-1, -1, -1]), colorSpace='rgb', contrast=1.0, depth=0, flipHoriz=False, flipVert=False, font='', fontFiles=[], height=30.0, italic=False, languageStyle='LTR', name='unnamed TextStim', opacity=1.0, ori=0.0, pos=array([ 100., -300.]), rgb=UNKNOWN, text=str(...), units='pix', win=Window(...), wrapWidth=10000)
11.9367 	EXP 	Created unnamed TextStim = TextStim(__class__=<class 'psychopy.visual.text.TextStim'>, alignHoriz=method-wrapper(...), alignText='center', alignVert=method-wrapper(...), anchorHoriz='center', anchorVert='center', antialias=True, autoDraw=False, autoLog=True, bold=False, color=array([-1, -1, -1]), colorSpace='rgb', contrast=1.0, depth=0, flipHoriz=False, flipVert=False, font='', fontFiles=[], height=30.0, italic=False, languageStyle='LTR', name='unnamed TextStim', opacity=1.0, ori=0.0, pos=array([ 100., -330.]), rgb=UNKNOWN, text=str(...), units='pix', win=Window(...), wrapWidth=10000)
11.9766 	EXP 	Created unnamed TextStim = TextStim(__class__=<class 'psychopy.visual.text.TextStim'>, alignHoriz=method-wrapper(...), alignText='center', alignVert=method-wrapper(...), anchorHoriz='center', anchorVert='center', antialias=True, autoDraw=False, autoLog=True, bold=False, color=array([-1, -1, -1]), colorSpace='rgb', contrast=1.0, depth=0, flipHoriz=False, flipVert=False, font='', fontFiles=[], height=20.0, italic=False, languageStyle='LTR', name='unnamed TextStim', opacity=1.0, ori=0.0, pos=array([0., 0.]), rgb=UNKNOWN, text=str(...), units='pix', win=Window(...), wrapWidth=1536)
81.7735 	DATA 	Keypress: space
81.7840 	EXP 	unnamed TextStim: height = 25.0
81.7840 	EXP 	unnamed TextStim: height = 25.0
81.7840 	EXP 	unnamed TextStim: height = 25.0
81.7840 	EXP 	unnamed TextStim: text = 'm'
84.2975 	DATA 	Keypress: m
84.3071 	EXP 	Created unnamed TextStim = TextStim(__class__=<class 'psychopy.visual.text.TextStim'>, alignHoriz=method-wrapper(...), alignText='center', alignVert=method-wrapper(...), anchorHoriz='center', anchorVert='center', antialias=True, autoDraw=False, autoLog=True, bold=False, color=array([-1, -1, -1]), colorSpace='rgb', contrast=1.0, depth=0, flipHoriz=False, flipVert=False, font='', fontFiles=[], height=50.0, italic=False, languageStyle='LTR', name='unnamed TextStim', opacity=1.0, ori=0.0, pos=array([0., 0.]), rgb=UNKNOWN, text='Poprawnie', units='pix', win=Window(...), wrapWidth=500)
85.3174 	EXP 	unnamed TextStim: height = 25.0
85.3174 	EXP 	unnamed TextStim: height = 25.0
85.3174 	EXP 	unnamed TextStim: height = 25.0
85.3174 	EXP 	unnamed TextStim: text = 'n'
87.0339 	DATA 	Keypress: n
87.0363 	EXP 	Created unnamed TextStim = TextStim(__class__=<class 'psychopy.visual.text.TextStim'>, alignHoriz=method-wrapper(...), alignText='center', alignVert=method-wrapper(...), anchorHoriz='center', anchorVert='center', antialias=True, autoDraw=False, autoLog=True, bold=False, color=array([-1, -1, -1]), colorSpace='rgb', contrast=1.0, depth=0, flipHoriz=False, flipVert=False, font='', fontFiles=[], height=50.0, italic=False, languageStyle='LTR', name='unnamed TextStim', opacity=1.0, ori=0.0, pos=array([0., 0.]), rgb=UNKNOWN, text='Poprawnie', units='pix', win=Window(...), wrapWidth=500)
88.0512 	EXP 	unnamed TextStim: text = 'n'
89.6301 	DATA 	Keypress: n
89.6323 	EXP 	Created unnamed TextStim = TextStim(__class__=<class 'psychopy.visual.text.TextStim'>, alignHoriz=method-wrapper(...), alignText='center', alignVert=method-wrapper(...), anchorHoriz='center', anchorVert='center', antialias=True, autoDraw=False, autoLog=True, bold=False, color=array([-1, -1, -1]), colorSpace='rgb', contrast=1.0, depth=0, flipHoriz=False, flipVert=False, font='', fontFiles=[], height=50.0, italic=False, languageStyle='LTR', name='unnamed TextStim', opacity=1.0, ori=0.0, pos=array([0., 0.]), rgb=UNKNOWN, text='Poprawnie', units='pix', win=Window(...), wrapWidth=500)
90.6511 	EXP 	unnamed TextStim: height = 25.0
90.6511 	EXP 	unnamed TextStim: height = 25.0
90.6511 	EXP 	unnamed TextStim: height = 25.0
90.6511 	EXP 	unnamed TextStim: text = 'z'
92.1952 	DATA 	Keypress: z
92.1976 	EXP 	Created unnamed TextStim = TextStim(__class__=<class 'psychopy.visual.text.TextStim'>, alignHoriz=method-wrapper(...), alignText='center', alignVert=method-wrapper(...), anchorHoriz='center', anchorVert='center', antialias=True, autoDraw=False, autoLog=True, bold=False, color=array([-1, -1, -1]), colorSpace='rgb', contrast=1.0, depth=0, flipHoriz=False, flipVert=False, font='', fontFiles=[], height=50.0, italic=False, languageStyle='LTR', name='unnamed TextStim', opacity=1.0, ori=0.0, pos=array([0., 0.]), rgb=UNKNOWN, text='Poprawnie', units='pix', win=Window(...), wrapWidth=500)
93.2019 	EXP 	unnamed TextStim: height = 25.0
93.2019 	EXP 	unnamed TextStim: height = 25.0
93.2019 	EXP 	unnamed TextStim: height = 25.0
93.2019 	EXP 	unnamed TextStim: text = 'm'
94.6189 	DATA 	Keypress: x
94.6251 	EXP 	Created unnamed TextStim = TextStim(__class__=<class 'psychopy.visual.text.TextStim'>, alignHoriz=method-wrapper(...), alignText='center', alignVert=method-wrapper(...), anchorHoriz='center', anchorVert='center', antialias=True, autoDraw=False, autoLog=True, bold=False, color=array([-1, -1, -1]), colorSpace='rgb', contrast=1.0, depth=0, flipHoriz=False, flipVert=False, font='', fontFiles=[], height=50.0, italic=False, languageStyle='LTR', name='unnamed TextStim', opacity=1.0, ori=0.0, pos=array([0., 0.]), rgb=UNKNOWN, text='Niepoprawnie', units='pix', win=Window(...), wrapWidth=500)
95.6513 	EXP 	unnamed TextStim: height = 25.0
95.6513 	EXP 	unnamed TextStim: height = 25.0
95.6513 	EXP 	unnamed TextStim: height = 25.0
95.6513 	EXP 	unnamed TextStim: text = 'n'
97.2455 	DATA 	Keypress: n
97.2480 	EXP 	Created unnamed TextStim = TextStim(__class__=<class 'psychopy.visual.text.TextStim'>, alignHoriz=method-wrapper(...), alignText='center', alignVert=method-wrapper(...), anchorHoriz='center', anchorVert='center', antialias=True, autoDraw=False, autoLog=True, bold=False, color=array([-1, -1, -1]), colorSpace='rgb', contrast=1.0, depth=0, flipHoriz=False, flipVert=False, font='', fontFiles=[], height=50.0, italic=False, languageStyle='LTR', name='unnamed TextStim', opacity=1.0, ori=0.0, pos=array([0., 0.]), rgb=UNKNOWN, text='Poprawnie', units='pix', win=Window(...), wrapWidth=500)
98.2613 	EXP 	unnamed TextStim: height = 25.0
98.2613 	EXP 	unnamed TextStim: height = 25.0
98.2613 	EXP 	unnamed TextStim: height = 25.0
98.2613 	EXP 	unnamed TextStim: text = 'm'
99.9526 	DATA 	Keypress: m
99.9553 	EXP 	Created unnamed TextStim = TextStim(__class__=<class 'psychopy.visual.text.TextStim'>, alignHoriz=method-wrapper(...), alignText='center', alignVert=method-wrapper(...), anchorHoriz='center', anchorVert='center', antialias=True, autoDraw=False, autoLog=True, bold=False, color=array([-1, -1, -1]), colorSpace='rgb', contrast=1.0, depth=0, flipHoriz=False, flipVert=False, font='', fontFiles=[], height=50.0, italic=False, languageStyle='LTR', name='unnamed TextStim', opacity=1.0, ori=0.0, pos=array([0., 0.]), rgb=UNKNOWN, text='Poprawnie', units='pix', win=Window(...), wrapWidth=500)
100.9680 	EXP 	unnamed TextStim: height = 25.0
100.9680 	EXP 	unnamed TextStim: height = 25.0
100.9680 	EXP 	unnamed TextStim: height = 25.0
100.9680 	EXP 	unnamed TextStim: text = 'n'
102.5029 	DATA 	Keypress: n
102.5054 	EXP 	Created unnamed TextStim = TextStim(__class__=<class 'psychopy.visual.text.TextStim'>, alignHoriz=method-wrapper(...), alignText='center', alignVert=method-wrapper(...), anchorHoriz='center', anchorVert='center', antialias=True, autoDraw=False, autoLog=True, bold=False, color=array([-1, -1, -1]), colorSpace='rgb', contrast=1.0, depth=0, flipHoriz=False, flipVert=False, font='', fontFiles=[], height=50.0, italic=False, languageStyle='LTR', name='unnamed TextStim', opacity=1.0, ori=0.0, pos=array([0., 0.]), rgb=UNKNOWN, text='Poprawnie', units='pix', win=Window(...), wrapWidth=500)
103.5182 	EXP 	unnamed TextStim: height = 25.0
103.5182 	EXP 	unnamed TextStim: height = 25.0
103.5182 	EXP 	unnamed TextStim: height = 25.0
103.5182 	EXP 	unnamed TextStim: text = 'x'
105.0796 	DATA 	Keypress: x
105.0816 	EXP 	Created unnamed TextStim = TextStim(__class__=<class 'psychopy.visual.text.TextStim'>, alignHoriz=method-wrapper(...), alignText='center', alignVert=method-wrapper(...), anchorHoriz='center', anchorVert='center', antialias=True, autoDraw=False, autoLog=True, bold=False, color=array([-1, -1, -1]), colorSpace='rgb', contrast=1.0, depth=0, flipHoriz=False, flipVert=False, font='', fontFiles=[], height=50.0, italic=False, languageStyle='LTR', name='unnamed TextStim', opacity=1.0, ori=0.0, pos=array([0., 0.]), rgb=UNKNOWN, text='Poprawnie', units='pix', win=Window(...), wrapWidth=500)
106.1014 	EXP 	unnamed TextStim: height = 25.0
106.1014 	EXP 	unnamed TextStim: height = 25.0
106.1014 	EXP 	unnamed TextStim: height = 25.0
106.1014 	EXP 	unnamed TextStim: text = 'z'
107.5940 	DATA 	Keypress: z
107.5966 	EXP 	Created unnamed TextStim = TextStim(__class__=<class 'psychopy.visual.text.TextStim'>, alignHoriz=method-wrapper(...), alignText='center', alignVert=method-wrapper(...), anchorHoriz='center', anchorVert='center', antialias=True, autoDraw=False, autoLog=True, bold=False, color=array([-1, -1, -1]), colorSpace='rgb', contrast=1.0, depth=0, flipHoriz=False, flipVert=False, font='', fontFiles=[], height=50.0, italic=False, languageStyle='LTR', name='unnamed TextStim', opacity=1.0, ori=0.0, pos=array([0., 0.]), rgb=UNKNOWN, text='Poprawnie', units='pix', win=Window(...), wrapWidth=500)
108.6016 	EXP 	unnamed TextStim: height = 25.0
108.6016 	EXP 	unnamed TextStim: height = 25.0
108.6016 	EXP 	unnamed TextStim: height = 25.0
108.6016 	EXP 	unnamed TextStim: text = 'x'
110.3339 	DATA 	Keypress: x
110.3366 	EXP 	Created unnamed TextStim = TextStim(__class__=<class 'psychopy.visual.text.TextStim'>, alignHoriz=method-wrapper(...), alignText='center', alignVert=method-wrapper(...), anchorHoriz='center', anchorVert='center', antialias=True, autoDraw=False, autoLog=True, bold=False, color=array([-1, -1, -1]), colorSpace='rgb', contrast=1.0, depth=0, flipHoriz=False, flipVert=False, font='', fontFiles=[], height=50.0, italic=False, languageStyle='LTR', name='unnamed TextStim', opacity=1.0, ori=0.0, pos=array([0., 0.]), rgb=UNKNOWN, text='Poprawnie', units='pix', win=Window(...), wrapWidth=500)
111.3516 	EXP 	unnamed TextStim: height = 25.0
111.3516 	EXP 	unnamed TextStim: height = 25.0
111.3516 	EXP 	unnamed TextStim: height = 25.0
111.3516 	EXP 	unnamed TextStim: text = 'n'
112.8872 	DATA 	Keypress: n
112.8894 	EXP 	Created unnamed TextStim = TextStim(__class__=<class 'psychopy.visual.text.TextStim'>, alignHoriz=method-wrapper(...), alignText='center', alignVert=method-wrapper(...), anchorHoriz='center', anchorVert='center', antialias=True, autoDraw=False, autoLog=True, bold=False, color=array([-1, -1, -1]), colorSpace='rgb', contrast=1.0, depth=0, flipHoriz=False, flipVert=False, font='', fontFiles=[], height=50.0, italic=False, languageStyle='LTR', name='unnamed TextStim', opacity=1.0, ori=0.0, pos=array([0., 0.]), rgb=UNKNOWN, text='Poprawnie', units='pix', win=Window(...), wrapWidth=500)
113.9023 	EXP 	unnamed TextStim: height = 25.0
113.9023 	EXP 	unnamed TextStim: height = 25.0
113.9023 	EXP 	unnamed TextStim: height = 25.0
113.9023 	EXP 	unnamed TextStim: text = 'x'
115.3942 	DATA 	Keypress: x
115.3969 	EXP 	Created unnamed TextStim = TextStim(__class__=<class 'psychopy.visual.text.TextStim'>, alignHoriz=method-wrapper(...), alignText='center', alignVert=method-wrapper(...), anchorHoriz='center', anchorVert='center', antialias=True, autoDraw=False, autoLog=True, bold=False, color=array([-1, -1, -1]), colorSpace='rgb', contrast=1.0, depth=0, flipHoriz=False, flipVert=False, font='', fontFiles=[], height=50.0, italic=False, languageStyle='LTR', name='unnamed TextStim', opacity=1.0, ori=0.0, pos=array([0., 0.]), rgb=UNKNOWN, text='Poprawnie', units='pix', win=Window(...), wrapWidth=500)
116.4020 	EXP 	unnamed TextStim: text = 'x'
117.7693 	DATA 	Keypress: x
117.7746 	EXP 	Created unnamed TextStim = TextStim(__class__=<class 'psychopy.visual.text.TextStim'>, alignHoriz=method-wrapper(...), alignText='center', alignVert=method-wrapper(...), anchorHoriz='center', anchorVert='center', antialias=True, autoDraw=False, autoLog=True, bold=False, color=array([-1, -1, -1]), colorSpace='rgb', contrast=1.0, depth=0, flipHoriz=False, flipVert=False, font='', fontFiles=[], height=50.0, italic=False, languageStyle='LTR', name='unnamed TextStim', opacity=1.0, ori=0.0, pos=array([0., 0.]), rgb=UNKNOWN, text='Poprawnie', units='pix', win=Window(...), wrapWidth=500)
118.8020 	EXP 	unnamed TextStim: text = 'x'
120.3732 	DATA 	Keypress: x
120.3759 	EXP 	Created unnamed TextStim = TextStim(__class__=<class 'psychopy.visual.text.TextStim'>, alignHoriz=method-wrapper(...), alignText='center', alignVert=method-wrapper(...), anchorHoriz='center', anchorVert='center', antialias=True, autoDraw=False, autoLog=True, bold=False, color=array([-1, -1, -1]), colorSpace='rgb', contrast=1.0, depth=0, flipHoriz=False, flipVert=False, font='', fontFiles=[], height=50.0, italic=False, languageStyle='LTR', name='unnamed TextStim', opacity=1.0, ori=0.0, pos=array([0., 0.]), rgb=UNKNOWN, text='Poprawnie', units='pix', win=Window(...), wrapWidth=500)
121.4118 	EXP 	Created unnamed TextStim = TextStim(__class__=<class 'psychopy.visual.text.TextStim'>, alignHoriz=method-wrapper(...), alignText='center', alignVert=method-wrapper(...), anchorHoriz='center', anchorVert='center', antialias=True, autoDraw=False, autoLog=True, bold=False, color=array([-1, -1, -1]), colorSpace='rgb', contrast=1.0, depth=0, flipHoriz=False, flipVert=False, font='', fontFiles=[], height=20.0, italic=False, languageStyle='LTR', name='unnamed TextStim', opacity=1.0, ori=0.0, pos=array([0., 0.]), rgb=UNKNOWN, text=str(...), units='pix', win=Window(...), wrapWidth=1536)
122.1045 	DATA 	Mouse: Left button down, pos=(851,617)
122.3168 	DATA 	Mouse:  Left button up, pos=(851,617)
123.8867 	DATA 	Mouse: Left button down, pos=(851,617)
124.1068 	DATA 	Mouse:  Left button up, pos=(851,617)
137.0121 	DATA 	Keypress: space
137.0189 	EXP 	unnamed TextStim: height = 25.0
137.0189 	EXP 	unnamed TextStim: height = 25.0
137.0189 	EXP 	unnamed TextStim: height = 25.0
137.0189 	EXP 	unnamed TextStim: text = 'z'
138.4246 	DATA 	Keypress: z
138.4319 	EXP 	Created unnamed TextStim = TextStim(__class__=<class 'psychopy.visual.text.TextStim'>, alignHoriz=method-wrapper(...), alignText='center', alignVert=method-wrapper(...), anchorHoriz='center', anchorVert='center', antialias=True, autoDraw=False, autoLog=True, bold=False, color=array([-1, -1, -1]), colorSpace='rgb', contrast=1.0, depth=0, flipHoriz=False, flipVert=False, font='', fontFiles=[], height=50.0, italic=False, languageStyle='LTR', name='unnamed TextStim', opacity=1.0, ori=0.0, pos=array([0., 0.]), rgb=UNKNOWN, text='Poprawnie', units='pix', win=Window(...), wrapWidth=500)
139.4367 	EXP 	unnamed TextStim: height = 25.0
139.4367 	EXP 	unnamed TextStim: height = 25.0
139.4367 	EXP 	unnamed TextStim: height = 25.0
139.4367 	EXP 	unnamed TextStim: text = 'm'
140.9572 	DATA 	Keypress: m
140.9599 	EXP 	Created unnamed TextStim = TextStim(__class__=<class 'psychopy.visual.text.TextStim'>, alignHoriz=method-wrapper(...), alignText='center', alignVert=method-wrapper(...), anchorHoriz='center', anchorVert='center', antialias=True, autoDraw=False, autoLog=True, bold=False, color=array([-1, -1, -1]), colorSpace='rgb', contrast=1.0, depth=0, flipHoriz=False, flipVert=False, font='', fontFiles=[], height=50.0, italic=False, languageStyle='LTR', name='unnamed TextStim', opacity=1.0, ori=0.0, pos=array([0., 0.]), rgb=UNKNOWN, text='Poprawnie', units='pix', win=Window(...), wrapWidth=500)
141.9696 	EXP 	unnamed TextStim: height = 25.0
141.9696 	EXP 	unnamed TextStim: height = 25.0
141.9696 	EXP 	unnamed TextStim: height = 25.0
141.9696 	EXP 	unnamed TextStim: text = 'x'
143.6746 	DATA 	Keypress: n
143.6780 	EXP 	Created unnamed TextStim = TextStim(__class__=<class 'psychopy.visual.text.TextStim'>, alignHoriz=method-wrapper(...), alignText='center', alignVert=method-wrapper(...), anchorHoriz='center', anchorVert='center', antialias=True, autoDraw=False, autoLog=True, bold=False, color=array([-1, -1, -1]), colorSpace='rgb', contrast=1.0, depth=0, flipHoriz=False, flipVert=False, font='', fontFiles=[], height=50.0, italic=False, languageStyle='LTR', name='unnamed TextStim', opacity=1.0, ori=0.0, pos=array([0., 0.]), rgb=UNKNOWN, text='Niepoprawnie', units='pix', win=Window(...), wrapWidth=500)
144.6863 	EXP 	unnamed TextStim: height = 25.0
144.6863 	EXP 	unnamed TextStim: height = 25.0
144.6863 	EXP 	unnamed TextStim: height = 25.0
144.6863 	EXP 	unnamed TextStim: text = 'm'
145.9856 	DATA 	Keypress: m
145.9878 	EXP 	Created unnamed TextStim = TextStim(__class__=<class 'psychopy.visual.text.TextStim'>, alignHoriz=method-wrapper(...), alignText='center', alignVert=method-wrapper(...), anchorHoriz='center', anchorVert='center', antialias=True, autoDraw=False, autoLog=True, bold=False, color=array([-1, -1, -1]), colorSpace='rgb', contrast=1.0, depth=0, flipHoriz=False, flipVert=False, font='', fontFiles=[], height=50.0, italic=False, languageStyle='LTR', name='unnamed TextStim', opacity=1.0, ori=0.0, pos=array([0., 0.]), rgb=UNKNOWN, text='Poprawnie', units='pix', win=Window(...), wrapWidth=500)
147.0031 	EXP 	unnamed TextStim: height = 25.0
147.0031 	EXP 	unnamed TextStim: height = 25.0
147.0031 	EXP 	unnamed TextStim: height = 25.0
147.0031 	EXP 	unnamed TextStim: text = 'z'
148.5487 	DATA 	Keypress: z
148.5507 	EXP 	Created unnamed TextStim = TextStim(__class__=<class 'psychopy.visual.text.TextStim'>, alignHoriz=method-wrapper(...), alignText='center', alignVert=method-wrapper(...), anchorHoriz='center', anchorVert='center', antialias=True, autoDraw=False, autoLog=True, bold=False, color=array([-1, -1, -1]), colorSpace='rgb', contrast=1.0, depth=0, flipHoriz=False, flipVert=False, font='', fontFiles=[], height=50.0, italic=False, languageStyle='LTR', name='unnamed TextStim', opacity=1.0, ori=0.0, pos=array([0., 0.]), rgb=UNKNOWN, text='Poprawnie', units='pix', win=Window(...), wrapWidth=500)
149.5701 	EXP 	unnamed TextStim: text = 'z'
150.9163 	DATA 	Keypress: z
150.9183 	EXP 	Created unnamed TextStim = TextStim(__class__=<class 'psychopy.visual.text.TextStim'>, alignHoriz=method-wrapper(...), alignText='center', alignVert=method-wrapper(...), anchorHoriz='center', anchorVert='center', antialias=True, autoDraw=False, autoLog=True, bold=False, color=array([-1, -1, -1]), colorSpace='rgb', contrast=1.0, depth=0, flipHoriz=False, flipVert=False, font='', fontFiles=[], height=50.0, italic=False, languageStyle='LTR', name='unnamed TextStim', opacity=1.0, ori=0.0, pos=array([0., 0.]), rgb=UNKNOWN, text='Poprawnie', units='pix', win=Window(...), wrapWidth=500)
151.9367 	EXP 	unnamed TextStim: height = 25.0
151.9367 	EXP 	unnamed TextStim: height = 25.0
151.9367 	EXP 	unnamed TextStim: height = 25.0
151.9367 	EXP 	unnamed TextStim: text = 'm'
153.3361 	DATA 	Keypress: m
153.3387 	EXP 	Created unnamed TextStim = TextStim(__class__=<class 'psychopy.visual.text.TextStim'>, alignHoriz=method-wrapper(...), alignText='center', alignVert=method-wrapper(...), anchorHoriz='center', anchorVert='center', antialias=True, autoDraw=False, autoLog=True, bold=False, color=array([-1, -1, -1]), colorSpace='rgb', contrast=1.0, depth=0, flipHoriz=False, flipVert=False, font='', fontFiles=[], height=50.0, italic=False, languageStyle='LTR', name='unnamed TextStim', opacity=1.0, ori=0.0, pos=array([0., 0.]), rgb=UNKNOWN, text='Poprawnie', units='pix', win=Window(...), wrapWidth=500)
154.3533 	EXP 	unnamed TextStim: text = 'm'
155.5875 	DATA 	Keypress: m
155.5925 	EXP 	Created unnamed TextStim = TextStim(__class__=<class 'psychopy.visual.text.TextStim'>, alignHoriz=method-wrapper(...), alignText='center', alignVert=method-wrapper(...), anchorHoriz='center', anchorVert='center', antialias=True, autoDraw=False, autoLog=True, bold=False, color=array([-1, -1, -1]), colorSpace='rgb', contrast=1.0, depth=0, flipHoriz=False, flipVert=False, font='', fontFiles=[], height=50.0, italic=False, languageStyle='LTR', name='unnamed TextStim', opacity=1.0, ori=0.0, pos=array([0., 0.]), rgb=UNKNOWN, text='Poprawnie', units='pix', win=Window(...), wrapWidth=500)
156.6201 	EXP 	unnamed TextStim: height = 25.0
156.6201 	EXP 	unnamed TextStim: height = 25.0
156.6201 	EXP 	unnamed TextStim: height = 25.0
156.6201 	EXP 	unnamed TextStim: text = 'z'
158.0340 	DATA 	Keypress: z
158.0361 	EXP 	Created unnamed TextStim = TextStim(__class__=<class 'psychopy.visual.text.TextStim'>, alignHoriz=method-wrapper(...), alignText='center', alignVert=method-wrapper(...), anchorHoriz='center', anchorVert='center', antialias=True, autoDraw=False, autoLog=True, bold=False, color=array([-1, -1, -1]), colorSpace='rgb', contrast=1.0, depth=0, flipHoriz=False, flipVert=False, font='', fontFiles=[], height=50.0, italic=False, languageStyle='LTR', name='unnamed TextStim', opacity=1.0, ori=0.0, pos=array([0., 0.]), rgb=UNKNOWN, text='Poprawnie', units='pix', win=Window(...), wrapWidth=500)
159.0533 	EXP 	unnamed TextStim: text = 'z'
160.3700 	DATA 	Keypress: z
160.3725 	EXP 	Created unnamed TextStim = TextStim(__class__=<class 'psychopy.visual.text.TextStim'>, alignHoriz=method-wrapper(...), alignText='center', alignVert=method-wrapper(...), anchorHoriz='center', anchorVert='center', antialias=True, autoDraw=False, autoLog=True, bold=False, color=array([-1, -1, -1]), colorSpace='rgb', contrast=1.0, depth=0, flipHoriz=False, flipVert=False, font='', fontFiles=[], height=50.0, italic=False, languageStyle='LTR', name='unnamed TextStim', opacity=1.0, ori=0.0, pos=array([0., 0.]), rgb=UNKNOWN, text='Poprawnie', units='pix', win=Window(...), wrapWidth=500)
161.4008 	EXP 	Created unnamed TextStim = TextStim(__class__=<class 'psychopy.visual.text.TextStim'>, alignHoriz=method-wrapper(...), alignText='center', alignVert=method-wrapper(...), anchorHoriz='center', anchorVert='center', antialias=True, autoDraw=False, autoLog=True, bold=False, color=array([-1, -1, -1]), colorSpace='rgb', contrast=1.0, depth=0, flipHoriz=False, flipVert=False, font='', fontFiles=[], height=20.0, italic=False, languageStyle='LTR', name='unnamed TextStim', opacity=1.0, ori=0.0, pos=array([0., 0.]), rgb=UNKNOWN, text=str(...), units='pix', win=Window(...), wrapWidth=1536)
168.9191 	DATA 	Keypress: space
168.9219 	EXP 	unnamed TextStim: text = 'z'
170.4521 	DATA 	Keypress: z
170.4554 	EXP 	unnamed TextStim: height = 25.0
170.4554 	EXP 	unnamed TextStim: height = 25.0
170.4554 	EXP 	unnamed TextStim: height = 25.0
170.4554 	EXP 	unnamed TextStim: text = 'x'
172.2867 	DATA 	Keypress: z
172.2902 	EXP 	unnamed TextStim: height = 25.0
172.2902 	EXP 	unnamed TextStim: height = 25.0
172.2902 	EXP 	unnamed TextStim: height = 25.0
172.2902 	EXP 	unnamed TextStim: text = 'z'
173.5046 	DATA 	Keypress: z
174.4730 	DATA 	Keypress: z
174.4746 	EXP 	unnamed TextStim: text = 'z'
175.9156 	DATA 	Keypress: z
175.9186 	EXP 	unnamed TextStim: height = 25.0
175.9186 	EXP 	unnamed TextStim: height = 25.0
175.9186 	EXP 	unnamed TextStim: height = 25.0
175.9186 	EXP 	unnamed TextStim: text = 'n'
177.7875 	DATA 	Keypress: z
177.7906 	EXP 	unnamed TextStim: height = 25.0
177.7906 	EXP 	unnamed TextStim: height = 25.0
177.7906 	EXP 	unnamed TextStim: height = 25.0
177.7906 	EXP 	unnamed TextStim: text = 'm'
179.3476 	DATA 	Keypress: n
179.5206 	EXP 	Created unnamed ImageStim = ImageStim(__class__=<class 'psychopy.visual.image.ImageStim'>, anchor=('center', 'center'), autoLog=True, color=array([1., 1., 1.]), colorSpace='rgb', contrast=1.0, depth=0, flipHoriz=False, flipVert=False, image='break.jpg', interpolate=True, mask=None, maskParams=None, name='unnamed ImageStim', opacity=1.0, ori=0.0, pos=array([0., 0.]), size=array([1536.,  864.]), texRes=128, units='pix', win=Window(...))
179.5309 	DATA 	Keypress: m
180.7821 	DATA 	Keypress: space
180.7874 	EXP 	unnamed TextStim: height = 25.0
180.7874 	EXP 	unnamed TextStim: height = 25.0
180.7874 	EXP 	unnamed TextStim: height = 25.0
180.7874 	EXP 	unnamed TextStim: text = 'x'
182.6187 	DATA 	Keypress: z
182.6209 	EXP 	unnamed TextStim: height = 25.0
182.6209 	EXP 	unnamed TextStim: height = 25.0
182.6209 	EXP 	unnamed TextStim: height = 25.0
182.6209 	EXP 	unnamed TextStim: text = 'z'
184.2098 	DATA 	Keypress: z
184.2113 	EXP 	unnamed TextStim: text = 'z'
185.7595 	DATA 	Keypress: z
185.7616 	EXP 	unnamed TextStim: height = 25.0
185.7616 	EXP 	unnamed TextStim: height = 25.0
185.7616 	EXP 	unnamed TextStim: height = 25.0
185.7616 	EXP 	unnamed TextStim: text = 'x'
187.3616 	DATA 	Keypress: n
187.3637 	EXP 	unnamed TextStim: height = 25.0
187.3637 	EXP 	unnamed TextStim: height = 25.0
187.3637 	EXP 	unnamed TextStim: height = 25.0
187.3637 	EXP 	unnamed TextStim: text = 'n'
189.2083 	DATA 	Keypress: x
189.2096 	EXP 	unnamed TextStim: text = 'n'
191.2430 	DATA 	Keypress: z
191.4495 	EXP 	Created unnamed ImageStim = ImageStim(__class__=<class 'psychopy.visual.image.ImageStim'>, anchor=('center', 'center'), autoLog=True, color=array([1., 1., 1.]), colorSpace='rgb', contrast=1.0, depth=0, flipHoriz=False, flipVert=False, image='break.jpg', interpolate=True, mask=None, maskParams=None, name='unnamed ImageStim', opacity=1.0, ori=0.0, pos=array([0., 0.]), size=array([1536.,  864.]), texRes=128, units='pix', win=Window(...))
192.4266 	DATA 	Keypress: space
192.4380 	EXP 	unnamed TextStim: text = 'n'
194.4704 	DATA 	Keypress: z
194.4728 	EXP 	unnamed TextStim: height = 25.0
194.4728 	EXP 	unnamed TextStim: height = 25.0
194.4728 	EXP 	unnamed TextStim: height = 25.0
194.4728 	EXP 	unnamed TextStim: text = 'z'
195.7815 	DATA 	Keypress: z
195.7839 	EXP 	unnamed TextStim: height = 25.0
195.7839 	EXP 	unnamed TextStim: height = 25.0
195.7839 	EXP 	unnamed TextStim: height = 25.0
195.7839 	EXP 	unnamed TextStim: text = 'm'
197.3378 	DATA 	Keypress: m
197.3391 	EXP 	unnamed TextStim: text = 'm'
198.9865 	DATA 	Keypress: n
198.9887 	EXP 	unnamed TextStim: height = 25.0
198.9887 	EXP 	unnamed TextStim: height = 25.0
198.9887 	EXP 	unnamed TextStim: height = 25.0
198.9887 	EXP 	unnamed TextStim: text = 'x'
200.5360 	DATA 	Keypress: x
200.5381 	EXP 	unnamed TextStim: height = 25.0
200.5381 	EXP 	unnamed TextStim: height = 25.0
200.5381 	EXP 	unnamed TextStim: height = 25.0
200.5381 	EXP 	unnamed TextStim: text = 'm'
201.8828 	DATA 	Keypress: m
202.0583 	EXP 	Created unnamed ImageStim = ImageStim(__class__=<class 'psychopy.visual.image.ImageStim'>, anchor=('center', 'center'), autoLog=True, color=array([1., 1., 1.]), colorSpace='rgb', contrast=1.0, depth=0, flipHoriz=False, flipVert=False, image='break.jpg', interpolate=True, mask=None, maskParams=None, name='unnamed ImageStim', opacity=1.0, ori=0.0, pos=array([0., 0.]), size=array([1536.,  864.]), texRes=128, units='pix', win=Window(...))
202.7359 	DATA 	Keypress: space
202.7386 	EXP 	unnamed TextStim: height = 25.0
202.7386 	EXP 	unnamed TextStim: height = 25.0
202.7386 	EXP 	unnamed TextStim: height = 25.0
202.7386 	EXP 	unnamed TextStim: text = 'n'
204.3678 	DATA 	Keypress: n
204.3700 	EXP 	unnamed TextStim: height = 25.0
204.3700 	EXP 	unnamed TextStim: height = 25.0
204.3700 	EXP 	unnamed TextStim: height = 25.0
204.3700 	EXP 	unnamed TextStim: text = 'm'
205.8250 	DATA 	Keypress: m
205.8272 	EXP 	unnamed TextStim: height = 25.0
205.8272 	EXP 	unnamed TextStim: height = 25.0
205.8272 	EXP 	unnamed TextStim: height = 25.0
205.8272 	EXP 	unnamed TextStim: text = 'n'
207.1914 	DATA 	Keypress: n
207.1936 	EXP 	unnamed TextStim: height = 25.0
207.1936 	EXP 	unnamed TextStim: height = 25.0
207.1936 	EXP 	unnamed TextStim: height = 25.0
207.1936 	EXP 	unnamed TextStim: text = 'x'
208.8165 	DATA 	Keypress: n
208.8178 	EXP 	unnamed TextStim: text = 'x'
210.3314 	DATA 	Keypress: x
210.3364 	EXP 	unnamed TextStim: height = 25.0
210.3364 	EXP 	unnamed TextStim: height = 25.0
210.3364 	EXP 	unnamed TextStim: height = 25.0
210.3364 	EXP 	unnamed TextStim: text = 'm'
211.7619 	DATA 	Keypress: m
211.8946 	EXP 	Created unnamed ImageStim = ImageStim(__class__=<class 'psychopy.visual.image.ImageStim'>, anchor=('center', 'center'), autoLog=True, color=array([1., 1., 1.]), colorSpace='rgb', contrast=1.0, depth=0, flipHoriz=False, flipVert=False, image='break.jpg', interpolate=True, mask=None, maskParams=None, name='unnamed ImageStim', opacity=1.0, ori=0.0, pos=array([0., 0.]), size=array([1536.,  864.]), texRes=128, units='pix', win=Window(...))
212.4567 	DATA 	Keypress: space
212.4718 	EXP 	unnamed TextStim: text = 'm'
213.8320 	DATA 	Keypress: m
213.8341 	EXP 	unnamed TextStim: height = 25.0
213.8341 	EXP 	unnamed TextStim: height = 25.0
213.8341 	EXP 	unnamed TextStim: height = 25.0
213.8341 	EXP 	unnamed TextStim: text = 'n'
215.1956 	DATA 	Keypress: n
215.1967 	EXP 	unnamed TextStim: text = 'n'
216.7766 	DATA 	Keypress: n
216.7789 	EXP 	unnamed TextStim: height = 25.0
216.7789 	EXP 	unnamed TextStim: height = 25.0
216.7789 	EXP 	unnamed TextStim: height = 25.0
216.7789 	EXP 	unnamed TextStim: text = 'x'
218.1090 	DATA 	Keypress: x
218.1101 	EXP 	unnamed TextStim: text = 'x'
219.5304 	DATA 	Keypress: x
219.5316 	EXP 	unnamed TextStim: text = 'x'
220.9240 	DATA 	Keypress: x
221.0569 	EXP 	Created unnamed ImageStim = ImageStim(__class__=<class 'psychopy.visual.image.ImageStim'>, anchor=('center', 'center'), autoLog=True, color=array([1., 1., 1.]), colorSpace='rgb', contrast=1.0, depth=0, flipHoriz=False, flipVert=False, image='break.jpg', interpolate=True, mask=None, maskParams=None, name='unnamed ImageStim', opacity=1.0, ori=0.0, pos=array([0., 0.]), size=array([1536.,  864.]), texRes=128, units='pix', win=Window(...))
221.7039 	DATA 	Keypress: space
221.7055 	EXP 	unnamed TextStim: text = 'x'
223.1921 	DATA 	Keypress: x
223.1944 	EXP 	unnamed TextStim: height = 25.0
223.1944 	EXP 	unnamed TextStim: height = 25.0
223.1944 	EXP 	unnamed TextStim: height = 25.0
223.1944 	EXP 	unnamed TextStim: text = 'n'
224.5648 	DATA 	Keypress: n
224.5659 	EXP 	unnamed TextStim: text = 'n'
226.2785 	DATA 	Keypress: n
226.2809 	EXP 	unnamed TextStim: height = 25.0
226.2809 	EXP 	unnamed TextStim: height = 25.0
226.2809 	EXP 	unnamed TextStim: height = 25.0
226.2809 	EXP 	unnamed TextStim: text = 'm'
227.3728 	DATA 	Keypress: x
227.3893 	EXP 	unnamed TextStim: height = 25.0
227.3893 	EXP 	unnamed TextStim: height = 25.0
227.3893 	EXP 	unnamed TextStim: height = 25.0
227.3893 	EXP 	unnamed TextStim: text = 'z'
228.9044 	DATA 	Keypress: x
228.9058 	EXP 	unnamed TextStim: text = 'z'
230.1397 	DATA 	Keypress: z
230.2767 	EXP 	Created unnamed ImageStim = ImageStim(__class__=<class 'psychopy.visual.image.ImageStim'>, anchor=('center', 'center'), autoLog=True, color=array([1., 1., 1.]), colorSpace='rgb', contrast=1.0, depth=0, flipHoriz=False, flipVert=False, image='break.jpg', interpolate=True, mask=None, maskParams=None, name='unnamed ImageStim', opacity=1.0, ori=0.0, pos=array([0., 0.]), size=array([1536.,  864.]), texRes=128, units='pix', win=Window(...))
230.9095 	DATA 	Keypress: space
230.9228 	EXP 	unnamed TextStim: text = 'z'
232.2259 	DATA 	Keypress: z
232.2271 	EXP 	unnamed TextStim: text = 'z'
233.4064 	DATA 	Keypress: z
233.4228 	EXP 	unnamed TextStim: height = 25.0
233.4228 	EXP 	unnamed TextStim: height = 25.0
233.4228 	EXP 	unnamed TextStim: height = 25.0
233.4228 	EXP 	unnamed TextStim: text = 'm'
234.6234 	DATA 	Keypress: z
234.6395 	EXP 	unnamed TextStim: height = 25.0
234.6395 	EXP 	unnamed TextStim: height = 25.0
234.6395 	EXP 	unnamed TextStim: height = 25.0
234.6395 	EXP 	unnamed TextStim: text = 'n'
236.5449 	DATA 	Keypress: x
236.5472 	EXP 	unnamed TextStim: height = 25.0
236.5472 	EXP 	unnamed TextStim: height = 25.0
236.5472 	EXP 	unnamed TextStim: height = 25.0
236.5472 	EXP 	unnamed TextStim: text = 'x'
237.9741 	DATA 	Keypress: x
237.9765 	EXP 	unnamed TextStim: height = 25.0
237.9765 	EXP 	unnamed TextStim: height = 25.0
237.9765 	EXP 	unnamed TextStim: height = 25.0
237.9765 	EXP 	unnamed TextStim: text = 'm'
239.6196 	DATA 	Keypress: m
239.7463 	EXP 	Created unnamed ImageStim = ImageStim(__class__=<class 'psychopy.visual.image.ImageStim'>, anchor=('center', 'center'), autoLog=True, color=array([1., 1., 1.]), colorSpace='rgb', contrast=1.0, depth=0, flipHoriz=False, flipVert=False, image='break.jpg', interpolate=True, mask=None, maskParams=None, name='unnamed ImageStim', opacity=1.0, ori=0.0, pos=array([0., 0.]), size=array([1536.,  864.]), texRes=128, units='pix', win=Window(...))
240.3630 	DATA 	Keypress: space
240.3729 	EXP 	unnamed TextStim: height = 25.0
240.3729 	EXP 	unnamed TextStim: height = 25.0
240.3729 	EXP 	unnamed TextStim: height = 25.0
240.3729 	EXP 	unnamed TextStim: text = 'x'
242.3217 	DATA 	Keypress: n
242.3243 	EXP 	unnamed TextStim: height = 25.0
242.3243 	EXP 	unnamed TextStim: height = 25.0
242.3243 	EXP 	unnamed TextStim: height = 25.0
242.3243 	EXP 	unnamed TextStim: text = 'm'
243.7688 	DATA 	Keypress: m
243.7712 	EXP 	unnamed TextStim: height = 25.0
243.7712 	EXP 	unnamed TextStim: height = 25.0
243.7712 	EXP 	unnamed TextStim: height = 25.0
243.7712 	EXP 	unnamed TextStim: text = 'x'
245.2766 	DATA 	Keypress: x
245.2790 	EXP 	unnamed TextStim: height = 25.0
245.2790 	EXP 	unnamed TextStim: height = 25.0
245.2790 	EXP 	unnamed TextStim: height = 25.0
245.2790 	EXP 	unnamed TextStim: text = 'z'
246.6526 	DATA 	Keypress: z
246.6548 	EXP 	unnamed TextStim: height = 25.0
246.6548 	EXP 	unnamed TextStim: height = 25.0
246.6548 	EXP 	unnamed TextStim: height = 25.0
246.6548 	EXP 	unnamed TextStim: text = 'n'
248.0399 	DATA 	Keypress: n
248.0412 	EXP 	unnamed TextStim: text = 'n'
249.3582 	DATA 	Keypress: n
249.4944 	EXP 	Created unnamed ImageStim = ImageStim(__class__=<class 'psychopy.visual.image.ImageStim'>, anchor=('center', 'center'), autoLog=True, color=array([1., 1., 1.]), colorSpace='rgb', contrast=1.0, depth=0, flipHoriz=False, flipVert=False, image='break.jpg', interpolate=True, mask=None, maskParams=None, name='unnamed ImageStim', opacity=1.0, ori=0.0, pos=array([0., 0.]), size=array([1536.,  864.]), texRes=128, units='pix', win=Window(...))
250.1637 	DATA 	Keypress: space
250.1734 	EXP 	unnamed TextStim: height = 25.0
250.1734 	EXP 	unnamed TextStim: height = 25.0
250.1734 	EXP 	unnamed TextStim: height = 25.0
250.1734 	EXP 	unnamed TextStim: text = 'm'
252.4575 	DATA 	Keypress: n
252.4600 	EXP 	unnamed TextStim: height = 25.0
252.4600 	EXP 	unnamed TextStim: height = 25.0
252.4600 	EXP 	unnamed TextStim: height = 25.0
252.4600 	EXP 	unnamed TextStim: text = 'x'
254.0359 	DATA 	Keypress: x
254.0380 	EXP 	unnamed TextStim: height = 25.0
254.0380 	EXP 	unnamed TextStim: height = 25.0
254.0380 	EXP 	unnamed TextStim: height = 25.0
254.0380 	EXP 	unnamed TextStim: text = 'm'
255.3277 	DATA 	Keypress: m
255.3288 	EXP 	unnamed TextStim: text = 'm'
257.2235 	DATA 	Keypress: n
257.2256 	EXP 	unnamed TextStim: height = 25.0
257.2256 	EXP 	unnamed TextStim: height = 25.0
257.2256 	EXP 	unnamed TextStim: height = 25.0
257.2256 	EXP 	unnamed TextStim: text = 'n'
258.6835 	DATA 	Keypress: n
258.6856 	EXP 	unnamed TextStim: height = 25.0
258.6856 	EXP 	unnamed TextStim: height = 25.0
258.6856 	EXP 	unnamed TextStim: height = 25.0
258.6856 	EXP 	unnamed TextStim: text = 'm'
259.9935 	DATA 	Keypress: m
260.1200 	EXP 	Created unnamed ImageStim = ImageStim(__class__=<class 'psychopy.visual.image.ImageStim'>, anchor=('center', 'center'), autoLog=True, color=array([1., 1., 1.]), colorSpace='rgb', contrast=1.0, depth=0, flipHoriz=False, flipVert=False, image='break.jpg', interpolate=True, mask=None, maskParams=None, name='unnamed ImageStim', opacity=1.0, ori=0.0, pos=array([0., 0.]), size=array([1536.,  864.]), texRes=128, units='pix', win=Window(...))
261.2962 	DATA 	Keypress: space
261.3072 	EXP 	unnamed TextStim: height = 25.0
261.3072 	EXP 	unnamed TextStim: height = 25.0
261.3072 	EXP 	unnamed TextStim: height = 25.0
261.3072 	EXP 	unnamed TextStim: text = 'n'
262.7929 	DATA 	Keypress: n
262.7954 	EXP 	unnamed TextStim: height = 25.0
262.7954 	EXP 	unnamed TextStim: height = 25.0
262.7954 	EXP 	unnamed TextStim: height = 25.0
262.7954 	EXP 	unnamed TextStim: text = 'z'
264.2052 	DATA 	Keypress: z
264.2076 	EXP 	unnamed TextStim: height = 25.0
264.2076 	EXP 	unnamed TextStim: height = 25.0
264.2076 	EXP 	unnamed TextStim: height = 25.0
264.2076 	EXP 	unnamed TextStim: text = 'm'
265.6500 	DATA 	Keypress: m
265.6511 	EXP 	unnamed TextStim: text = 'm'
267.2589 	DATA 	Keypress: x
267.2610 	EXP 	unnamed TextStim: height = 25.0
267.2610 	EXP 	unnamed TextStim: height = 25.0
267.2610 	EXP 	unnamed TextStim: height = 25.0
267.2610 	EXP 	unnamed TextStim: text = 'x'
268.9092 	DATA 	Keypress: x
268.9140 	EXP 	unnamed TextStim: height = 25.0
268.9140 	EXP 	unnamed TextStim: height = 25.0
268.9140 	EXP 	unnamed TextStim: height = 25.0
268.9140 	EXP 	unnamed TextStim: text = 'm'
270.2370 	DATA 	Keypress: n
270.3722 	EXP 	Created unnamed ImageStim = ImageStim(__class__=<class 'psychopy.visual.image.ImageStim'>, anchor=('center', 'center'), autoLog=True, color=array([1., 1., 1.]), colorSpace='rgb', contrast=1.0, depth=0, flipHoriz=False, flipVert=False, image='break.jpg', interpolate=True, mask=None, maskParams=None, name='unnamed ImageStim', opacity=1.0, ori=0.0, pos=array([0., 0.]), size=array([1536.,  864.]), texRes=128, units='pix', win=Window(...))
270.9867 	DATA 	Keypress: space
270.9905 	EXP 	unnamed TextStim: height = 25.0
270.9905 	EXP 	unnamed TextStim: height = 25.0
270.9905 	EXP 	unnamed TextStim: height = 25.0
270.9905 	EXP 	unnamed TextStim: text = 'n'
272.4924 	DATA 	Keypress: n
272.4935 	EXP 	unnamed TextStim: text = 'n'
274.6777 	DATA 	Keypress: n
274.6799 	EXP 	unnamed TextStim: height = 25.0
274.6799 	EXP 	unnamed TextStim: height = 25.0
274.6799 	EXP 	unnamed TextStim: height = 25.0
274.6799 	EXP 	unnamed TextStim: text = 'x'
277.4647 	DATA 	Keypress: x
277.4671 	EXP 	unnamed TextStim: height = 25.0
277.4671 	EXP 	unnamed TextStim: height = 25.0
277.4671 	EXP 	unnamed TextStim: height = 25.0
277.4671 	EXP 	unnamed TextStim: text = 'z'
278.9903 	DATA 	Keypress: z
278.9914 	EXP 	unnamed TextStim: text = 'z'
280.4704 	DATA 	Keypress: z
280.4725 	EXP 	unnamed TextStim: height = 25.0
280.4725 	EXP 	unnamed TextStim: height = 25.0
280.4725 	EXP 	unnamed TextStim: height = 25.0
280.4725 	EXP 	unnamed TextStim: text = 'm'
281.8781 	DATA 	Keypress: m
282.0602 	EXP 	Created unnamed ImageStim = ImageStim(__class__=<class 'psychopy.visual.image.ImageStim'>, anchor=('center', 'center'), autoLog=True, color=array([1., 1., 1.]), colorSpace='rgb', contrast=1.0, depth=0, flipHoriz=False, flipVert=False, image='break.jpg', interpolate=True, mask=None, maskParams=None, name='unnamed ImageStim', opacity=1.0, ori=0.0, pos=array([0., 0.]), size=array([1536.,  864.]), texRes=128, units='pix', win=Window(...))
282.5987 	DATA 	Keypress: space
282.6193 	EXP 	Created unnamed TextStim = TextStim(__class__=<class 'psychopy.visual.text.TextStim'>, alignHoriz=method-wrapper(...), alignText='center', alignVert=method-wrapper(...), anchorHoriz='center', anchorVert='center', antialias=True, autoDraw=False, autoLog=True, bold=False, color=array([-1, -1, -1]), colorSpace='rgb', contrast=1.0, depth=0, flipHoriz=False, flipVert=False, font='', fontFiles=[], height=20.0, italic=False, languageStyle='LTR', name='unnamed TextStim', opacity=1.0, ori=0.0, pos=array([0., 0.]), rgb=UNKNOWN, text=str(...), units='pix', win=Window(...), wrapWidth=1536)
301.3532 	DATA 	Keypress: escape
302.2621 	DATA 	Keypress: space
302.3472 	EXP 	window1: mouseVisible = True
