29.4289 	WARNING 	User requested fullscreen with size [1536  864], but screen is actually [1920, 1080]. Using actual size
30.9526 	INFO 	FRAME RATE: 60
30.9526 	INFO 	SCREEN RES: odict_values([1536, 864])
31.0127 	EXP 	Created unnamed TextStim = TextStim(__class__=<class 'psychopy.visual.text.TextStim'>, alignHoriz=method-wrapper(...), alignText='center', alignVert=method-wrapper(...), anchorHoriz='center', anchorVert='center', antialias=True, autoDraw=False, autoLog=True, bold=False, color=array([-1, -1, -1]), colorSpace='rgb', contrast=1.0, depth=0, flipHoriz=False, flipVert=False, font='', fontFiles=[], height=100.0, italic=False, languageStyle='LTR', name='unnamed TextStim', opacity=1.0, ori=0.0, pos=array([0., 0.]), rgb=UNKNOWN, text='+', units='pix', win=Window(...), wrapWidth=500)
31.0167 	EXP 	Created unnamed Circle = Circle(__class__=<class 'psychopy.visual.circle.Circle'>, anchor=('center', 'center'), autoDraw=False, autoLog=True, closeShape=True, color=method-wrapper(...), colorSpace='rgb', contrast=None, depth=0, fillColor=array([ 0.09019608, -1.        , -1.        ]), fillColorSpace='rgb', fillRGB=array([ 0.09019608, -1.        , -1.        ]), interpolate=True, lineColor=array([ 0.09019608, -1.        , -1.        ]), lineColorSpace='rgb', lineRGB=array([ 0.09019608, -1.        , -1.        ]), lineWidth=1.5, name='unnamed Circle', opacity=1.0, ori=0.0, pos=array([0., 0.]), size=array([1., 1.]), units='pix', vertices=ndarray(...), win=Window(...))
31.0177 	EXP 	Created unnamed TextStim = TextStim(__class__=<class 'psychopy.visual.text.TextStim'>, alignHoriz=method-wrapper(...), alignText='center', alignVert=method-wrapper(...), anchorHoriz='center', anchorVert='center', antialias=True, autoDraw=False, autoLog=True, bold=False, color=array([-0.17647059, -0.17647059, -0.17647059]), colorSpace='rgb', contrast=1.0, depth=0, flipHoriz=False, flipVert=False, font='', fontFiles=[], height=25, italic=False, languageStyle='LTR', name='unnamed TextStim', opacity=1.0, ori=0.0, pos=array([0., 0.]), rgb=UNKNOWN, text='', units='pix', win=Window(...), wrapWidth=500)
31.0266 	EXP 	Created unnamed ImageStim = ImageStim(__class__=<class 'psychopy.visual.image.ImageStim'>, anchor=('center', 'center'), autoLog=True, color=array([1., 1., 1.]), colorSpace='rgb', contrast=1.0, depth=0, flipHoriz=False, flipVert=False, image='mask4.png', interpolate=False, mask=None, maskParams=None, name='unnamed ImageStim', opacity=1.0, ori=0.0, pos=array([0., 0.]), size=array([25., 25.]), texRes=128, units='pix', win=Window(...))
31.0343 	EXP 	Created unnamed TextStim = TextStim(__class__=<class 'psychopy.visual.text.TextStim'>, alignHoriz=method-wrapper(...), alignText='center', alignVert=method-wrapper(...), anchorHoriz='center', anchorVert='center', antialias=True, autoDraw=False, autoLog=True, bold=False, color=array([-1, -1, -1]), colorSpace='rgb', contrast=1.0, depth=0, flipHoriz=False, flipVert=False, font='', fontFiles=[], height=30.0, italic=False, languageStyle='LTR', name='unnamed TextStim', opacity=1.0, ori=0.0, pos=array([ 100., -300.]), rgb=UNKNOWN, text=str(...), units='pix', win=Window(...), wrapWidth=10000)
31.0392 	EXP 	Created unnamed TextStim = TextStim(__class__=<class 'psychopy.visual.text.TextStim'>, alignHoriz=method-wrapper(...), alignText='center', alignVert=method-wrapper(...), anchorHoriz='center', anchorVert='center', antialias=True, autoDraw=False, autoLog=True, bold=False, color=array([-1, -1, -1]), colorSpace='rgb', contrast=1.0, depth=0, flipHoriz=False, flipVert=False, font='', fontFiles=[], height=30.0, italic=False, languageStyle='LTR', name='unnamed TextStim', opacity=1.0, ori=0.0, pos=array([ 100., -330.]), rgb=UNKNOWN, text=str(...), units='pix', win=Window(...), wrapWidth=10000)
31.0779 	EXP 	Created unnamed TextStim = TextStim(__class__=<class 'psychopy.visual.text.TextStim'>, alignHoriz=method-wrapper(...), alignText='center', alignVert=method-wrapper(...), anchorHoriz='center', anchorVert='center', antialias=True, autoDraw=False, autoLog=True, bold=False, color=array([-1, -1, -1]), colorSpace='rgb', contrast=1.0, depth=0, flipHoriz=False, flipVert=False, font='', fontFiles=[], height=20.0, italic=False, languageStyle='LTR', name='unnamed TextStim', opacity=1.0, ori=0.0, pos=array([0., 0.]), rgb=UNKNOWN, text=str(...), units='pix', win=Window(...), wrapWidth=1536)
32.4746 	DATA 	Keypress: space
32.4819 	EXP 	unnamed TextStim: height = 25.0
32.4819 	EXP 	unnamed TextStim: height = 25.0
32.4819 	EXP 	unnamed TextStim: height = 25.0
32.4819 	EXP 	unnamed TextStim: text = 'm'
34.7598 	DATA 	Keypress: z
34.7695 	EXP 	Created unnamed TextStim = TextStim(__class__=<class 'psychopy.visual.text.TextStim'>, alignHoriz=method-wrapper(...), alignText='center', alignVert=method-wrapper(...), anchorHoriz='center', anchorVert='center', antialias=True, autoDraw=False, autoLog=True, bold=False, color=array([-1, -1, -1]), colorSpace='rgb', contrast=1.0, depth=0, flipHoriz=False, flipVert=False, font='', fontFiles=[], height=50.0, italic=False, languageStyle='LTR', name='unnamed TextStim', opacity=1.0, ori=0.0, pos=array([0., 0.]), rgb=UNKNOWN, text='Niepoprawnie', units='pix', win=Window(...), wrapWidth=500)
35.7821 	EXP 	unnamed TextStim: height = 25.0
35.7821 	EXP 	unnamed TextStim: height = 25.0
35.7821 	EXP 	unnamed TextStim: height = 25.0
35.7821 	EXP 	unnamed TextStim: text = 'n'
37.7334 	DATA 	Keypress: n
37.7366 	EXP 	Created unnamed TextStim = TextStim(__class__=<class 'psychopy.visual.text.TextStim'>, alignHoriz=method-wrapper(...), alignText='center', alignVert=method-wrapper(...), anchorHoriz='center', anchorVert='center', antialias=True, autoDraw=False, autoLog=True, bold=False, color=array([-1, -1, -1]), colorSpace='rgb', contrast=1.0, depth=0, flipHoriz=False, flipVert=False, font='', fontFiles=[], height=50.0, italic=False, languageStyle='LTR', name='unnamed TextStim', opacity=1.0, ori=0.0, pos=array([0., 0.]), rgb=UNKNOWN, text='Poprawnie', units='pix', win=Window(...), wrapWidth=500)
38.7488 	EXP 	unnamed TextStim: height = 25.0
38.7488 	EXP 	unnamed TextStim: height = 25.0
38.7488 	EXP 	unnamed TextStim: height = 25.0
38.7488 	EXP 	unnamed TextStim: text = 'x'
40.3503 	DATA 	Keypress: x
40.3523 	EXP 	Created unnamed TextStim = TextStim(__class__=<class 'psychopy.visual.text.TextStim'>, alignHoriz=method-wrapper(...), alignText='center', alignVert=method-wrapper(...), anchorHoriz='center', anchorVert='center', antialias=True, autoDraw=False, autoLog=True, bold=False, color=array([-1, -1, -1]), colorSpace='rgb', contrast=1.0, depth=0, flipHoriz=False, flipVert=False, font='', fontFiles=[], height=50.0, italic=False, languageStyle='LTR', name='unnamed TextStim', opacity=1.0, ori=0.0, pos=array([0., 0.]), rgb=UNKNOWN, text='Poprawnie', units='pix', win=Window(...), wrapWidth=500)
41.3655 	EXP 	unnamed TextStim: height = 25.0
41.3655 	EXP 	unnamed TextStim: height = 25.0
41.3655 	EXP 	unnamed TextStim: height = 25.0
41.3655 	EXP 	unnamed TextStim: text = 'z'
42.6003 	DATA 	Keypress: z
42.6540 	EXP 	Created unnamed TextStim = TextStim(__class__=<class 'psychopy.visual.text.TextStim'>, alignHoriz=method-wrapper(...), alignText='center', alignVert=method-wrapper(...), anchorHoriz='center', anchorVert='center', antialias=True, autoDraw=False, autoLog=True, bold=False, color=array([-1, -1, -1]), colorSpace='rgb', contrast=1.0, depth=0, flipHoriz=False, flipVert=False, font='', fontFiles=[], height=50.0, italic=False, languageStyle='LTR', name='unnamed TextStim', opacity=1.0, ori=0.0, pos=array([0., 0.]), rgb=UNKNOWN, text='Poprawnie', units='pix', win=Window(...), wrapWidth=500)
43.6823 	EXP 	unnamed TextStim: height = 25.0
43.6823 	EXP 	unnamed TextStim: height = 25.0
43.6823 	EXP 	unnamed TextStim: height = 25.0
43.6823 	EXP 	unnamed TextStim: text = 'n'
45.4530 	DATA 	Keypress: x
45.4550 	EXP 	Created unnamed TextStim = TextStim(__class__=<class 'psychopy.visual.text.TextStim'>, alignHoriz=method-wrapper(...), alignText='center', alignVert=method-wrapper(...), anchorHoriz='center', anchorVert='center', antialias=True, autoDraw=False, autoLog=True, bold=False, color=array([-1, -1, -1]), colorSpace='rgb', contrast=1.0, depth=0, flipHoriz=False, flipVert=False, font='', fontFiles=[], height=50.0, italic=False, languageStyle='LTR', name='unnamed TextStim', opacity=1.0, ori=0.0, pos=array([0., 0.]), rgb=UNKNOWN, text='Niepoprawnie', units='pix', win=Window(...), wrapWidth=500)
46.2568 	DATA 	Keypress: n
46.4658 	EXP 	unnamed TextStim: height = 25.0
46.4658 	EXP 	unnamed TextStim: height = 25.0
46.4658 	EXP 	unnamed TextStim: height = 25.0
46.4658 	EXP 	unnamed TextStim: text = 'z'
48.1261 	DATA 	Keypress: m
48.1282 	EXP 	Created unnamed TextStim = TextStim(__class__=<class 'psychopy.visual.text.TextStim'>, alignHoriz=method-wrapper(...), alignText='center', alignVert=method-wrapper(...), anchorHoriz='center', anchorVert='center', antialias=True, autoDraw=False, autoLog=True, bold=False, color=array([-1, -1, -1]), colorSpace='rgb', contrast=1.0, depth=0, flipHoriz=False, flipVert=False, font='', fontFiles=[], height=50.0, italic=False, languageStyle='LTR', name='unnamed TextStim', opacity=1.0, ori=0.0, pos=array([0., 0.]), rgb=UNKNOWN, text='Niepoprawnie', units='pix', win=Window(...), wrapWidth=500)
49.1322 	EXP 	unnamed TextStim: height = 25.0
49.1322 	EXP 	unnamed TextStim: height = 25.0
49.1322 	EXP 	unnamed TextStim: height = 25.0
49.1322 	EXP 	unnamed TextStim: text = 'n'
51.3302 	DATA 	Keypress: n
51.3328 	EXP 	Created unnamed TextStim = TextStim(__class__=<class 'psychopy.visual.text.TextStim'>, alignHoriz=method-wrapper(...), alignText='center', alignVert=method-wrapper(...), anchorHoriz='center', anchorVert='center', antialias=True, autoDraw=False, autoLog=True, bold=False, color=array([-1, -1, -1]), colorSpace='rgb', contrast=1.0, depth=0, flipHoriz=False, flipVert=False, font='', fontFiles=[], height=50.0, italic=False, languageStyle='LTR', name='unnamed TextStim', opacity=1.0, ori=0.0, pos=array([0., 0.]), rgb=UNKNOWN, text='Poprawnie', units='pix', win=Window(...), wrapWidth=500)
52.3494 	EXP 	unnamed TextStim: height = 25.0
52.3494 	EXP 	unnamed TextStim: height = 25.0
52.3494 	EXP 	unnamed TextStim: height = 25.0
52.3494 	EXP 	unnamed TextStim: text = 'x'
54.3319 	DATA 	Keypress: x
54.3340 	EXP 	Created unnamed TextStim = TextStim(__class__=<class 'psychopy.visual.text.TextStim'>, alignHoriz=method-wrapper(...), alignText='center', alignVert=method-wrapper(...), anchorHoriz='center', anchorVert='center', antialias=True, autoDraw=False, autoLog=True, bold=False, color=array([-1, -1, -1]), colorSpace='rgb', contrast=1.0, depth=0, flipHoriz=False, flipVert=False, font='', fontFiles=[], height=50.0, italic=False, languageStyle='LTR', name='unnamed TextStim', opacity=1.0, ori=0.0, pos=array([0., 0.]), rgb=UNKNOWN, text='Poprawnie', units='pix', win=Window(...), wrapWidth=500)
55.3495 	EXP 	unnamed TextStim: height = 25.0
55.3495 	EXP 	unnamed TextStim: height = 25.0
55.3495 	EXP 	unnamed TextStim: height = 25.0
55.3495 	EXP 	unnamed TextStim: text = 'z'
57.1329 	DATA 	Keypress: m
57.1350 	EXP 	Created unnamed TextStim = TextStim(__class__=<class 'psychopy.visual.text.TextStim'>, alignHoriz=method-wrapper(...), alignText='center', alignVert=method-wrapper(...), anchorHoriz='center', anchorVert='center', antialias=True, autoDraw=False, autoLog=True, bold=False, color=array([-1, -1, -1]), colorSpace='rgb', contrast=1.0, depth=0, flipHoriz=False, flipVert=False, font='', fontFiles=[], height=50.0, italic=False, languageStyle='LTR', name='unnamed TextStim', opacity=1.0, ori=0.0, pos=array([0., 0.]), rgb=UNKNOWN, text='Niepoprawnie', units='pix', win=Window(...), wrapWidth=500)
58.1495 	EXP 	unnamed TextStim: height = 25.0
58.1495 	EXP 	unnamed TextStim: height = 25.0
58.1495 	EXP 	unnamed TextStim: height = 25.0
58.1495 	EXP 	unnamed TextStim: text = 'n'
59.7821 	DATA 	Keypress: n
59.7846 	EXP 	Created unnamed TextStim = TextStim(__class__=<class 'psychopy.visual.text.TextStim'>, alignHoriz=method-wrapper(...), alignText='center', alignVert=method-wrapper(...), anchorHoriz='center', anchorVert='center', antialias=True, autoDraw=False, autoLog=True, bold=False, color=array([-1, -1, -1]), colorSpace='rgb', contrast=1.0, depth=0, flipHoriz=False, flipVert=False, font='', fontFiles=[], height=50.0, italic=False, languageStyle='LTR', name='unnamed TextStim', opacity=1.0, ori=0.0, pos=array([0., 0.]), rgb=UNKNOWN, text='Poprawnie', units='pix', win=Window(...), wrapWidth=500)
60.7997 	EXP 	unnamed TextStim: height = 25.0
60.7997 	EXP 	unnamed TextStim: height = 25.0
60.7997 	EXP 	unnamed TextStim: height = 25.0
60.7997 	EXP 	unnamed TextStim: text = 'm'
62.5454 	DATA 	Keypress: m
62.5478 	EXP 	Created unnamed TextStim = TextStim(__class__=<class 'psychopy.visual.text.TextStim'>, alignHoriz=method-wrapper(...), alignText='center', alignVert=method-wrapper(...), anchorHoriz='center', anchorVert='center', antialias=True, autoDraw=False, autoLog=True, bold=False, color=array([-1, -1, -1]), colorSpace='rgb', contrast=1.0, depth=0, flipHoriz=False, flipVert=False, font='', fontFiles=[], height=50.0, italic=False, languageStyle='LTR', name='unnamed TextStim', opacity=1.0, ori=0.0, pos=array([0., 0.]), rgb=UNKNOWN, text='Poprawnie', units='pix', win=Window(...), wrapWidth=500)
63.5664 	EXP 	unnamed TextStim: height = 25.0
63.5664 	EXP 	unnamed TextStim: height = 25.0
63.5664 	EXP 	unnamed TextStim: height = 25.0
63.5664 	EXP 	unnamed TextStim: text = 'n'
65.6788 	DATA 	Keypress: n
65.6808 	EXP 	Created unnamed TextStim = TextStim(__class__=<class 'psychopy.visual.text.TextStim'>, alignHoriz=method-wrapper(...), alignText='center', alignVert=method-wrapper(...), anchorHoriz='center', anchorVert='center', antialias=True, autoDraw=False, autoLog=True, bold=False, color=array([-1, -1, -1]), colorSpace='rgb', contrast=1.0, depth=0, flipHoriz=False, flipVert=False, font='', fontFiles=[], height=50.0, italic=False, languageStyle='LTR', name='unnamed TextStim', opacity=1.0, ori=0.0, pos=array([0., 0.]), rgb=UNKNOWN, text='Poprawnie', units='pix', win=Window(...), wrapWidth=500)
66.6998 	EXP 	unnamed TextStim: height = 25.0
66.6998 	EXP 	unnamed TextStim: height = 25.0
66.6998 	EXP 	unnamed TextStim: height = 25.0
66.6998 	EXP 	unnamed TextStim: text = 'x'
68.4129 	DATA 	Keypress: x
68.4159 	EXP 	Created unnamed TextStim = TextStim(__class__=<class 'psychopy.visual.text.TextStim'>, alignHoriz=method-wrapper(...), alignText='center', alignVert=method-wrapper(...), anchorHoriz='center', anchorVert='center', antialias=True, autoDraw=False, autoLog=True, bold=False, color=array([-1, -1, -1]), colorSpace='rgb', contrast=1.0, depth=0, flipHoriz=False, flipVert=False, font='', fontFiles=[], height=50.0, italic=False, languageStyle='LTR', name='unnamed TextStim', opacity=1.0, ori=0.0, pos=array([0., 0.]), rgb=UNKNOWN, text='Poprawnie', units='pix', win=Window(...), wrapWidth=500)
69.4334 	EXP 	unnamed TextStim: height = 25.0
69.4334 	EXP 	unnamed TextStim: height = 25.0
69.4334 	EXP 	unnamed TextStim: height = 25.0
69.4334 	EXP 	unnamed TextStim: text = 'z'
71.1090 	DATA 	Keypress: z
71.1117 	EXP 	Created unnamed TextStim = TextStim(__class__=<class 'psychopy.visual.text.TextStim'>, alignHoriz=method-wrapper(...), alignText='center', alignVert=method-wrapper(...), anchorHoriz='center', anchorVert='center', antialias=True, autoDraw=False, autoLog=True, bold=False, color=array([-1, -1, -1]), colorSpace='rgb', contrast=1.0, depth=0, flipHoriz=False, flipVert=False, font='', fontFiles=[], height=50.0, italic=False, languageStyle='LTR', name='unnamed TextStim', opacity=1.0, ori=0.0, pos=array([0., 0.]), rgb=UNKNOWN, text='Poprawnie', units='pix', win=Window(...), wrapWidth=500)
72.1168 	EXP 	unnamed TextStim: text = 'z'
73.6917 	DATA 	Keypress: z
73.6938 	EXP 	Created unnamed TextStim = TextStim(__class__=<class 'psychopy.visual.text.TextStim'>, alignHoriz=method-wrapper(...), alignText='center', alignVert=method-wrapper(...), anchorHoriz='center', anchorVert='center', antialias=True, autoDraw=False, autoLog=True, bold=False, color=array([-1, -1, -1]), colorSpace='rgb', contrast=1.0, depth=0, flipHoriz=False, flipVert=False, font='', fontFiles=[], height=50.0, italic=False, languageStyle='LTR', name='unnamed TextStim', opacity=1.0, ori=0.0, pos=array([0., 0.]), rgb=UNKNOWN, text='Poprawnie', units='pix', win=Window(...), wrapWidth=500)
74.7248 	EXP 	Created unnamed TextStim = TextStim(__class__=<class 'psychopy.visual.text.TextStim'>, alignHoriz=method-wrapper(...), alignText='center', alignVert=method-wrapper(...), anchorHoriz='center', anchorVert='center', antialias=True, autoDraw=False, autoLog=True, bold=False, color=array([-1, -1, -1]), colorSpace='rgb', contrast=1.0, depth=0, flipHoriz=False, flipVert=False, font='', fontFiles=[], height=20.0, italic=False, languageStyle='LTR', name='unnamed TextStim', opacity=1.0, ori=0.0, pos=array([0., 0.]), rgb=UNKNOWN, text=str(...), units='pix', win=Window(...), wrapWidth=1536)
84.1825 	DATA 	Keypress: space
84.1875 	EXP 	unnamed TextStim: height = 25.0
84.1875 	EXP 	unnamed TextStim: height = 25.0
84.1875 	EXP 	unnamed TextStim: height = 25.0
84.1875 	EXP 	unnamed TextStim: text = 'x'
86.9509 	DATA 	No keypress (maxWait exceeded)
86.9587 	EXP 	Created unnamed TextStim = TextStim(__class__=<class 'psychopy.visual.text.TextStim'>, alignHoriz=method-wrapper(...), alignText='center', alignVert=method-wrapper(...), anchorHoriz='center', anchorVert='center', antialias=True, autoDraw=False, autoLog=True, bold=False, color=array([-1, -1, -1]), colorSpace='rgb', contrast=1.0, depth=0, flipHoriz=False, flipVert=False, font='', fontFiles=[], height=50.0, italic=False, languageStyle='LTR', name='unnamed TextStim', opacity=1.0, ori=0.0, pos=array([0., 0.]), rgb=UNKNOWN, text='Niepoprawnie', units='pix', win=Window(...), wrapWidth=500)
87.9674 	EXP 	unnamed TextStim: text = 'x'
89.7325 	DATA 	Keypress: x
89.7362 	EXP 	Created unnamed TextStim = TextStim(__class__=<class 'psychopy.visual.text.TextStim'>, alignHoriz=method-wrapper(...), alignText='center', alignVert=method-wrapper(...), anchorHoriz='center', anchorVert='center', antialias=True, autoDraw=False, autoLog=True, bold=False, color=array([-1, -1, -1]), colorSpace='rgb', contrast=1.0, depth=0, flipHoriz=False, flipVert=False, font='', fontFiles=[], height=50.0, italic=False, languageStyle='LTR', name='unnamed TextStim', opacity=1.0, ori=0.0, pos=array([0., 0.]), rgb=UNKNOWN, text='Poprawnie', units='pix', win=Window(...), wrapWidth=500)
90.7508 	EXP 	unnamed TextStim: height = 25.0
90.7508 	EXP 	unnamed TextStim: height = 25.0
90.7508 	EXP 	unnamed TextStim: height = 25.0
90.7508 	EXP 	unnamed TextStim: text = 'm'
92.9572 	DATA 	Keypress: z
92.9592 	EXP 	Created unnamed TextStim = TextStim(__class__=<class 'psychopy.visual.text.TextStim'>, alignHoriz=method-wrapper(...), alignText='center', alignVert=method-wrapper(...), anchorHoriz='center', anchorVert='center', antialias=True, autoDraw=False, autoLog=True, bold=False, color=array([-1, -1, -1]), colorSpace='rgb', contrast=1.0, depth=0, flipHoriz=False, flipVert=False, font='', fontFiles=[], height=50.0, italic=False, languageStyle='LTR', name='unnamed TextStim', opacity=1.0, ori=0.0, pos=array([0., 0.]), rgb=UNKNOWN, text='Niepoprawnie', units='pix', win=Window(...), wrapWidth=500)
93.9676 	EXP 	unnamed TextStim: text = 'm'
95.5257 	DATA 	Keypress: m
95.5276 	EXP 	Created unnamed TextStim = TextStim(__class__=<class 'psychopy.visual.text.TextStim'>, alignHoriz=method-wrapper(...), alignText='center', alignVert=method-wrapper(...), anchorHoriz='center', anchorVert='center', antialias=True, autoDraw=False, autoLog=True, bold=False, color=array([-1, -1, -1]), colorSpace='rgb', contrast=1.0, depth=0, flipHoriz=False, flipVert=False, font='', fontFiles=[], height=50.0, italic=False, languageStyle='LTR', name='unnamed TextStim', opacity=1.0, ori=0.0, pos=array([0., 0.]), rgb=UNKNOWN, text='Poprawnie', units='pix', win=Window(...), wrapWidth=500)
96.5344 	EXP 	unnamed TextStim: height = 25.0
96.5344 	EXP 	unnamed TextStim: height = 25.0
96.5344 	EXP 	unnamed TextStim: height = 25.0
96.5344 	EXP 	unnamed TextStim: text = 'n'
98.2016 	DATA 	Keypress: z
98.2036 	EXP 	Created unnamed TextStim = TextStim(__class__=<class 'psychopy.visual.text.TextStim'>, alignHoriz=method-wrapper(...), alignText='center', alignVert=method-wrapper(...), anchorHoriz='center', anchorVert='center', antialias=True, autoDraw=False, autoLog=True, bold=False, color=array([-1, -1, -1]), colorSpace='rgb', contrast=1.0, depth=0, flipHoriz=False, flipVert=False, font='', fontFiles=[], height=50.0, italic=False, languageStyle='LTR', name='unnamed TextStim', opacity=1.0, ori=0.0, pos=array([0., 0.]), rgb=UNKNOWN, text='Niepoprawnie', units='pix', win=Window(...), wrapWidth=500)
99.2177 	EXP 	unnamed TextStim: text = 'n'
100.9700 	DATA 	Keypress: n
100.9721 	EXP 	Created unnamed TextStim = TextStim(__class__=<class 'psychopy.visual.text.TextStim'>, alignHoriz=method-wrapper(...), alignText='center', alignVert=method-wrapper(...), anchorHoriz='center', anchorVert='center', antialias=True, autoDraw=False, autoLog=True, bold=False, color=array([-1, -1, -1]), colorSpace='rgb', contrast=1.0, depth=0, flipHoriz=False, flipVert=False, font='', fontFiles=[], height=50.0, italic=False, languageStyle='LTR', name='unnamed TextStim', opacity=1.0, ori=0.0, pos=array([0., 0.]), rgb=UNKNOWN, text='Poprawnie', units='pix', win=Window(...), wrapWidth=500)
101.9846 	EXP 	unnamed TextStim: height = 25.0
101.9846 	EXP 	unnamed TextStim: height = 25.0
101.9846 	EXP 	unnamed TextStim: height = 25.0
101.9846 	EXP 	unnamed TextStim: text = 'z'
103.6828 	DATA 	Keypress: z
103.6853 	EXP 	Created unnamed TextStim = TextStim(__class__=<class 'psychopy.visual.text.TextStim'>, alignHoriz=method-wrapper(...), alignText='center', alignVert=method-wrapper(...), anchorHoriz='center', anchorVert='center', antialias=True, autoDraw=False, autoLog=True, bold=False, color=array([-1, -1, -1]), colorSpace='rgb', contrast=1.0, depth=0, flipHoriz=False, flipVert=False, font='', fontFiles=[], height=50.0, italic=False, languageStyle='LTR', name='unnamed TextStim', opacity=1.0, ori=0.0, pos=array([0., 0.]), rgb=UNKNOWN, text='Poprawnie', units='pix', win=Window(...), wrapWidth=500)
104.7013 	EXP 	unnamed TextStim: text = 'z'
106.1434 	DATA 	Keypress: z
106.1453 	EXP 	Created unnamed TextStim = TextStim(__class__=<class 'psychopy.visual.text.TextStim'>, alignHoriz=method-wrapper(...), alignText='center', alignVert=method-wrapper(...), anchorHoriz='center', anchorVert='center', antialias=True, autoDraw=False, autoLog=True, bold=False, color=array([-1, -1, -1]), colorSpace='rgb', contrast=1.0, depth=0, flipHoriz=False, flipVert=False, font='', fontFiles=[], height=50.0, italic=False, languageStyle='LTR', name='unnamed TextStim', opacity=1.0, ori=0.0, pos=array([0., 0.]), rgb=UNKNOWN, text='Poprawnie', units='pix', win=Window(...), wrapWidth=500)
107.1515 	EXP 	unnamed TextStim: height = 25.0
107.1515 	EXP 	unnamed TextStim: height = 25.0
107.1515 	EXP 	unnamed TextStim: height = 25.0
107.1515 	EXP 	unnamed TextStim: text = 'm'
108.9294 	DATA 	Keypress: m
108.9313 	EXP 	Created unnamed TextStim = TextStim(__class__=<class 'psychopy.visual.text.TextStim'>, alignHoriz=method-wrapper(...), alignText='center', alignVert=method-wrapper(...), anchorHoriz='center', anchorVert='center', antialias=True, autoDraw=False, autoLog=True, bold=False, color=array([-1, -1, -1]), colorSpace='rgb', contrast=1.0, depth=0, flipHoriz=False, flipVert=False, font='', fontFiles=[], height=50.0, italic=False, languageStyle='LTR', name='unnamed TextStim', opacity=1.0, ori=0.0, pos=array([0., 0.]), rgb=UNKNOWN, text='Poprawnie', units='pix', win=Window(...), wrapWidth=500)
109.9347 	EXP 	unnamed TextStim: text = 'm'
111.3321 	DATA 	Keypress: m
111.3342 	EXP 	Created unnamed TextStim = TextStim(__class__=<class 'psychopy.visual.text.TextStim'>, alignHoriz=method-wrapper(...), alignText='center', alignVert=method-wrapper(...), anchorHoriz='center', anchorVert='center', antialias=True, autoDraw=False, autoLog=True, bold=False, color=array([-1, -1, -1]), colorSpace='rgb', contrast=1.0, depth=0, flipHoriz=False, flipVert=False, font='', fontFiles=[], height=50.0, italic=False, languageStyle='LTR', name='unnamed TextStim', opacity=1.0, ori=0.0, pos=array([0., 0.]), rgb=UNKNOWN, text='Poprawnie', units='pix', win=Window(...), wrapWidth=500)
112.3621 	EXP 	Created unnamed TextStim = TextStim(__class__=<class 'psychopy.visual.text.TextStim'>, alignHoriz=method-wrapper(...), alignText='center', alignVert=method-wrapper(...), anchorHoriz='center', anchorVert='center', antialias=True, autoDraw=False, autoLog=True, bold=False, color=array([-1, -1, -1]), colorSpace='rgb', contrast=1.0, depth=0, flipHoriz=False, flipVert=False, font='', fontFiles=[], height=20.0, italic=False, languageStyle='LTR', name='unnamed TextStim', opacity=1.0, ori=0.0, pos=array([0., 0.]), rgb=UNKNOWN, text=str(...), units='pix', win=Window(...), wrapWidth=1536)
113.2907 	DATA 	Keypress: space
113.3017 	EXP 	unnamed TextStim: height = 25.0
113.3017 	EXP 	unnamed TextStim: height = 25.0
113.3017 	EXP 	unnamed TextStim: height = 25.0
113.3017 	EXP 	unnamed TextStim: text = 'n'
114.9310 	DATA 	Keypress: m
114.9345 	EXP 	unnamed TextStim: height = 25.0
114.9345 	EXP 	unnamed TextStim: height = 25.0
114.9345 	EXP 	unnamed TextStim: height = 25.0
114.9345 	EXP 	unnamed TextStim: text = 'z'
116.3533 	DATA 	Keypress: z
116.3545 	EXP 	unnamed TextStim: text = 'z'
117.5870 	DATA 	Keypress: z
118.6008 	DATA 	Keypress: z
118.6037 	EXP 	unnamed TextStim: height = 25.0
118.6037 	EXP 	unnamed TextStim: height = 25.0
118.6037 	EXP 	unnamed TextStim: height = 25.0
118.6037 	EXP 	unnamed TextStim: text = 'm'
119.9966 	DATA 	Keypress: m
119.9976 	EXP 	unnamed TextStim: text = 'm'
121.6692 	DATA 	Keypress: n
121.6717 	EXP 	unnamed TextStim: height = 25.0
121.6717 	EXP 	unnamed TextStim: height = 25.0
121.6717 	EXP 	unnamed TextStim: height = 25.0
121.6717 	EXP 	unnamed TextStim: text = 'n'
123.3062 	DATA 	Keypress: x
123.4670 	EXP 	Created unnamed ImageStim = ImageStim(__class__=<class 'psychopy.visual.image.ImageStim'>, anchor=('center', 'center'), autoLog=True, color=array([1., 1., 1.]), colorSpace='rgb', contrast=1.0, depth=0, flipHoriz=False, flipVert=False, image='break.jpg', interpolate=True, mask=None, maskParams=None, name='unnamed ImageStim', opacity=1.0, ori=0.0, pos=array([0., 0.]), size=array([1536.,  864.]), texRes=128, units='pix', win=Window(...))
123.4773 	DATA 	Keypress: z
124.2294 	DATA 	Keypress: space
124.2352 	EXP 	unnamed TextStim: height = 25.0
124.2352 	EXP 	unnamed TextStim: height = 25.0
124.2352 	EXP 	unnamed TextStim: height = 25.0
124.2352 	EXP 	unnamed TextStim: text = 'x'
125.8240 	DATA 	Keypress: x
125.8261 	EXP 	unnamed TextStim: height = 25.0
125.8261 	EXP 	unnamed TextStim: height = 25.0
125.8261 	EXP 	unnamed TextStim: height = 25.0
125.8261 	EXP 	unnamed TextStim: text = 'z'
126.9861 	DATA 	Keypress: space
127.4704 	DATA 	Keypress: n
127.4715 	EXP 	unnamed TextStim: text = 'z'
127.7537 	DATA 	Keypress: x
127.8368 	DATA 	Keypress: z
128.2700 	DATA 	Keypress: space
128.7527 	DATA 	Keypress: z
128.7548 	EXP 	unnamed TextStim: height = 25.0
128.7548 	EXP 	unnamed TextStim: height = 25.0
128.7548 	EXP 	unnamed TextStim: height = 25.0
128.7548 	EXP 	unnamed TextStim: text = 'm'
129.3697 	DATA 	Keypress: space
129.9029 	DATA 	Keypress: z
129.9190 	EXP 	unnamed TextStim: height = 25.0
129.9190 	EXP 	unnamed TextStim: height = 25.0
129.9190 	EXP 	unnamed TextStim: height = 25.0
129.9190 	EXP 	unnamed TextStim: text = 'x'
130.0540 	DATA 	Keypress: m
130.7039 	DATA 	Keypress: space
131.2445 	DATA 	Keypress: z
131.2467 	EXP 	unnamed TextStim: height = 25.0
131.2467 	EXP 	unnamed TextStim: height = 25.0
131.2467 	EXP 	unnamed TextStim: height = 25.0
131.2467 	EXP 	unnamed TextStim: text = 'n'
131.9372 	DATA 	Keypress: space
132.4864 	DATA 	Keypress: x
133.2135 	DATA 	Keypress: space
133.9865 	DATA 	No keypress (maxWait exceeded)
134.1447 	EXP 	Created unnamed ImageStim = ImageStim(__class__=<class 'psychopy.visual.image.ImageStim'>, anchor=('center', 'center'), autoLog=True, color=array([1., 1., 1.]), colorSpace='rgb', contrast=1.0, depth=0, flipHoriz=False, flipVert=False, image='break.jpg', interpolate=True, mask=None, maskParams=None, name='unnamed ImageStim', opacity=1.0, ori=0.0, pos=array([0., 0.]), size=array([1536.,  864.]), texRes=128, units='pix', win=Window(...))
134.1638 	DATA 	Keypress: z
134.6853 	DATA 	Keypress: space
134.7023 	EXP 	unnamed TextStim: height = 25.0
134.7023 	EXP 	unnamed TextStim: height = 25.0
134.7023 	EXP 	unnamed TextStim: height = 25.0
134.7023 	EXP 	unnamed TextStim: text = 'm'
135.7367 	DATA 	Keypress: n
135.8194 	EXP 	unnamed TextStim: height = 25.0
135.8194 	EXP 	unnamed TextStim: height = 25.0
135.8194 	EXP 	unnamed TextStim: height = 25.0
135.8194 	EXP 	unnamed TextStim: text = 'z'
136.0872 	DATA 	Keypress: m
137.2896 	DATA 	Keypress: z
137.2918 	EXP 	unnamed TextStim: height = 25.0
137.2918 	EXP 	unnamed TextStim: height = 25.0
137.2918 	EXP 	unnamed TextStim: height = 25.0
137.2918 	EXP 	unnamed TextStim: text = 'x'
138.6936 	DATA 	Keypress: z
138.6963 	EXP 	unnamed TextStim: text = 'x'
140.0692 	DATA 	Keypress: n
140.0714 	EXP 	unnamed TextStim: height = 25.0
140.0714 	EXP 	unnamed TextStim: height = 25.0
140.0714 	EXP 	unnamed TextStim: height = 25.0
140.0714 	EXP 	unnamed TextStim: text = 'z'
141.7136 	DATA 	Keypress: z
141.7158 	EXP 	unnamed TextStim: height = 25.0
141.7158 	EXP 	unnamed TextStim: height = 25.0
141.7158 	EXP 	unnamed TextStim: height = 25.0
141.7158 	EXP 	unnamed TextStim: text = 'm'
143.1922 	DATA 	Keypress: m
143.3206 	EXP 	Created unnamed ImageStim = ImageStim(__class__=<class 'psychopy.visual.image.ImageStim'>, anchor=('center', 'center'), autoLog=True, color=array([1., 1., 1.]), colorSpace='rgb', contrast=1.0, depth=0, flipHoriz=False, flipVert=False, image='break.jpg', interpolate=True, mask=None, maskParams=None, name='unnamed ImageStim', opacity=1.0, ori=0.0, pos=array([0., 0.]), size=array([1536.,  864.]), texRes=128, units='pix', win=Window(...))
144.0628 	DATA 	Keypress: space
144.0695 	EXP 	unnamed TextStim: text = 'm'
145.4968 	DATA 	Keypress: x
145.4989 	EXP 	unnamed TextStim: height = 25.0
145.4989 	EXP 	unnamed TextStim: height = 25.0
145.4989 	EXP 	unnamed TextStim: height = 25.0
145.4989 	EXP 	unnamed TextStim: text = 'x'
146.7989 	DATA 	Keypress: x
146.8056 	EXP 	unnamed TextStim: height = 25.0
146.8056 	EXP 	unnamed TextStim: height = 25.0
146.8056 	EXP 	unnamed TextStim: height = 25.0
146.8056 	EXP 	unnamed TextStim: text = 'z'
148.2455 	DATA 	Keypress: z
148.2476 	EXP 	unnamed TextStim: height = 25.0
148.2476 	EXP 	unnamed TextStim: height = 25.0
148.2476 	EXP 	unnamed TextStim: height = 25.0
148.2476 	EXP 	unnamed TextStim: text = 'n'
149.7985 	DATA 	Keypress: n
149.8006 	EXP 	unnamed TextStim: height = 25.0
149.8006 	EXP 	unnamed TextStim: height = 25.0
149.8006 	EXP 	unnamed TextStim: height = 25.0
149.8006 	EXP 	unnamed TextStim: text = 'm'
151.2680 	DATA 	Keypress: m
151.2704 	EXP 	unnamed TextStim: height = 25.0
151.2704 	EXP 	unnamed TextStim: height = 25.0
151.2704 	EXP 	unnamed TextStim: height = 25.0
151.2704 	EXP 	unnamed TextStim: text = 'z'
152.8851 	DATA 	Keypress: n
153.0125 	EXP 	Created unnamed ImageStim = ImageStim(__class__=<class 'psychopy.visual.image.ImageStim'>, anchor=('center', 'center'), autoLog=True, color=array([1., 1., 1.]), colorSpace='rgb', contrast=1.0, depth=0, flipHoriz=False, flipVert=False, image='break.jpg', interpolate=True, mask=None, maskParams=None, name='unnamed ImageStim', opacity=1.0, ori=0.0, pos=array([0., 0.]), size=array([1536.,  864.]), texRes=128, units='pix', win=Window(...))
153.7636 	DATA 	Keypress: space
153.7697 	EXP 	unnamed TextStim: height = 25.0
153.7697 	EXP 	unnamed TextStim: height = 25.0
153.7697 	EXP 	unnamed TextStim: height = 25.0
153.7697 	EXP 	unnamed TextStim: text = 'm'
155.5271 	DATA 	Keypress: n
155.5292 	EXP 	unnamed TextStim: height = 25.0
155.5292 	EXP 	unnamed TextStim: height = 25.0
155.5292 	EXP 	unnamed TextStim: height = 25.0
155.5292 	EXP 	unnamed TextStim: text = 'z'
156.9976 	DATA 	Keypress: x
156.9998 	EXP 	unnamed TextStim: height = 25.0
156.9998 	EXP 	unnamed TextStim: height = 25.0
156.9998 	EXP 	unnamed TextStim: height = 25.0
156.9998 	EXP 	unnamed TextStim: text = 'x'
158.4583 	DATA 	Keypress: m
158.4604 	EXP 	unnamed TextStim: height = 25.0
158.4604 	EXP 	unnamed TextStim: height = 25.0
158.4604 	EXP 	unnamed TextStim: height = 25.0
158.4604 	EXP 	unnamed TextStim: text = 'm'
159.9029 	DATA 	Keypress: z
159.9051 	EXP 	unnamed TextStim: height = 25.0
159.9051 	EXP 	unnamed TextStim: height = 25.0
159.9051 	EXP 	unnamed TextStim: height = 25.0
159.9051 	EXP 	unnamed TextStim: text = 'z'
161.5435 	DATA 	Keypress: n
161.5480 	EXP 	unnamed TextStim: height = 25.0
161.5480 	EXP 	unnamed TextStim: height = 25.0
161.5480 	EXP 	unnamed TextStim: height = 25.0
161.5480 	EXP 	unnamed TextStim: text = 'n'
163.1828 	DATA 	Keypress: z
163.3067 	EXP 	Created unnamed ImageStim = ImageStim(__class__=<class 'psychopy.visual.image.ImageStim'>, anchor=('center', 'center'), autoLog=True, color=array([1., 1., 1.]), colorSpace='rgb', contrast=1.0, depth=0, flipHoriz=False, flipVert=False, image='break.jpg', interpolate=True, mask=None, maskParams=None, name='unnamed ImageStim', opacity=1.0, ori=0.0, pos=array([0., 0.]), size=array([1536.,  864.]), texRes=128, units='pix', win=Window(...))
163.9882 	DATA 	Keypress: space
164.0035 	EXP 	unnamed TextStim: height = 25.0
164.0035 	EXP 	unnamed TextStim: height = 25.0
164.0035 	EXP 	unnamed TextStim: height = 25.0
164.0035 	EXP 	unnamed TextStim: text = 'x'
165.5172 	DATA 	Keypress: m
165.5183 	EXP 	unnamed TextStim: text = 'x'
167.4191 	DATA 	Keypress: z
167.4213 	EXP 	unnamed TextStim: height = 25.0
167.4213 	EXP 	unnamed TextStim: height = 25.0
167.4213 	EXP 	unnamed TextStim: height = 25.0
167.4213 	EXP 	unnamed TextStim: text = 'm'
168.8591 	DATA 	Keypress: m
168.8613 	EXP 	unnamed TextStim: height = 25.0
168.8613 	EXP 	unnamed TextStim: height = 25.0
168.8613 	EXP 	unnamed TextStim: height = 25.0
168.8613 	EXP 	unnamed TextStim: text = 'x'
170.3743 	DATA 	Keypress: x
170.3764 	EXP 	unnamed TextStim: height = 25.0
170.3764 	EXP 	unnamed TextStim: height = 25.0
170.3764 	EXP 	unnamed TextStim: height = 25.0
170.3764 	EXP 	unnamed TextStim: text = 'n'
171.9112 	DATA 	Keypress: n
171.9123 	EXP 	unnamed TextStim: text = 'n'
173.4575 	DATA 	Keypress: z
173.5842 	EXP 	Created unnamed ImageStim = ImageStim(__class__=<class 'psychopy.visual.image.ImageStim'>, anchor=('center', 'center'), autoLog=True, color=array([1., 1., 1.]), colorSpace='rgb', contrast=1.0, depth=0, flipHoriz=False, flipVert=False, image='break.jpg', interpolate=True, mask=None, maskParams=None, name='unnamed ImageStim', opacity=1.0, ori=0.0, pos=array([0., 0.]), size=array([1536.,  864.]), texRes=128, units='pix', win=Window(...))
174.2474 	DATA 	Keypress: space
174.2539 	EXP 	unnamed TextStim: height = 25.0
174.2539 	EXP 	unnamed TextStim: height = 25.0
174.2539 	EXP 	unnamed TextStim: height = 25.0
174.2539 	EXP 	unnamed TextStim: text = 'z'
175.8840 	DATA 	Keypress: x
175.8862 	EXP 	unnamed TextStim: height = 25.0
175.8862 	EXP 	unnamed TextStim: height = 25.0
175.8862 	EXP 	unnamed TextStim: height = 25.0
175.8862 	EXP 	unnamed TextStim: text = 'm'
177.1226 	DATA 	Keypress: m
178.2414 	DATA 	Keypress: m
178.2438 	EXP 	unnamed TextStim: height = 25.0
178.2438 	EXP 	unnamed TextStim: height = 25.0
178.2438 	EXP 	unnamed TextStim: height = 25.0
178.2438 	EXP 	unnamed TextStim: text = 'n'
179.5598 	DATA 	Keypress: n
179.5610 	EXP 	unnamed TextStim: text = 'n'
180.8595 	DATA 	Keypress: n
180.8716 	EXP 	unnamed TextStim: height = 25.0
180.8716 	EXP 	unnamed TextStim: height = 25.0
180.8716 	EXP 	unnamed TextStim: height = 25.0
180.8716 	EXP 	unnamed TextStim: text = 'm'
182.2205 	DATA 	Keypress: z
182.2216 	EXP 	unnamed TextStim: text = 'm'
183.4893 	DATA 	Keypress: n
183.6692 	DATA 	Keypress: m
183.7929 	EXP 	Created unnamed ImageStim = ImageStim(__class__=<class 'psychopy.visual.image.ImageStim'>, anchor=('center', 'center'), autoLog=True, color=array([1., 1., 1.]), colorSpace='rgb', contrast=1.0, depth=0, flipHoriz=False, flipVert=False, image='break.jpg', interpolate=True, mask=None, maskParams=None, name='unnamed ImageStim', opacity=1.0, ori=0.0, pos=array([0., 0.]), size=array([1536.,  864.]), texRes=128, units='pix', win=Window(...))
184.5586 	DATA 	Keypress: space
184.5710 	EXP 	unnamed TextStim: text = 'm'
185.8727 	DATA 	Keypress: m
185.8747 	EXP 	unnamed TextStim: height = 25.0
185.8747 	EXP 	unnamed TextStim: height = 25.0
185.8747 	EXP 	unnamed TextStim: height = 25.0
185.8747 	EXP 	unnamed TextStim: text = 'z'
187.3534 	DATA 	Keypress: z
187.3547 	EXP 	unnamed TextStim: text = 'z'
188.6865 	DATA 	Keypress: z
188.6885 	EXP 	unnamed TextStim: height = 25.0
188.6885 	EXP 	unnamed TextStim: height = 25.0
188.6885 	EXP 	unnamed TextStim: height = 25.0
188.6885 	EXP 	unnamed TextStim: text = 'x'
190.3139 	DATA 	Keypress: n
190.3153 	EXP 	unnamed TextStim: text = 'x'
191.7768 	DATA 	Keypress: z
191.7791 	EXP 	unnamed TextStim: height = 25.0
191.7791 	EXP 	unnamed TextStim: height = 25.0
191.7791 	EXP 	unnamed TextStim: height = 25.0
191.7791 	EXP 	unnamed TextStim: text = 'm'
191.8225 	DATA 	Keypress: x
193.2783 	DATA 	Keypress: m
193.3935 	EXP 	Created unnamed ImageStim = ImageStim(__class__=<class 'psychopy.visual.image.ImageStim'>, anchor=('center', 'center'), autoLog=True, color=array([1., 1., 1.]), colorSpace='rgb', contrast=1.0, depth=0, flipHoriz=False, flipVert=False, image='break.jpg', interpolate=True, mask=None, maskParams=None, name='unnamed ImageStim', opacity=1.0, ori=0.0, pos=array([0., 0.]), size=array([1536.,  864.]), texRes=128, units='pix', win=Window(...))
194.0747 	DATA 	Keypress: space
194.0879 	EXP 	unnamed TextStim: height = 25.0
194.0879 	EXP 	unnamed TextStim: height = 25.0
194.0879 	EXP 	unnamed TextStim: height = 25.0
194.0879 	EXP 	unnamed TextStim: text = 'x'
195.9124 	DATA 	Keypress: z
195.9146 	EXP 	unnamed TextStim: height = 25.0
195.9146 	EXP 	unnamed TextStim: height = 25.0
195.9146 	EXP 	unnamed TextStim: height = 25.0
195.9146 	EXP 	unnamed TextStim: text = 'z'
197.3540 	DATA 	Keypress: m
197.3561 	EXP 	unnamed TextStim: height = 25.0
197.3561 	EXP 	unnamed TextStim: height = 25.0
197.3561 	EXP 	unnamed TextStim: height = 25.0
197.3561 	EXP 	unnamed TextStim: text = 'x'
198.6736 	DATA 	Keypress: z
198.6747 	EXP 	unnamed TextStim: text = 'x'
200.1180 	DATA 	Keypress: x
200.1248 	EXP 	unnamed TextStim: height = 25.0
200.1248 	EXP 	unnamed TextStim: height = 25.0
200.1248 	EXP 	unnamed TextStim: height = 25.0
200.1248 	EXP 	unnamed TextStim: text = 'n'
201.6536 	DATA 	Keypress: n
201.6557 	EXP 	unnamed TextStim: height = 25.0
201.6557 	EXP 	unnamed TextStim: height = 25.0
201.6557 	EXP 	unnamed TextStim: height = 25.0
201.6557 	EXP 	unnamed TextStim: text = 'm'
203.0820 	DATA 	Keypress: m
203.2102 	EXP 	Created unnamed ImageStim = ImageStim(__class__=<class 'psychopy.visual.image.ImageStim'>, anchor=('center', 'center'), autoLog=True, color=array([1., 1., 1.]), colorSpace='rgb', contrast=1.0, depth=0, flipHoriz=False, flipVert=False, image='break.jpg', interpolate=True, mask=None, maskParams=None, name='unnamed ImageStim', opacity=1.0, ori=0.0, pos=array([0., 0.]), size=array([1536.,  864.]), texRes=128, units='pix', win=Window(...))
203.8858 	DATA 	Keypress: space
203.8881 	EXP 	unnamed TextStim: text = 'm'
205.5045 	DATA 	Keypress: x
205.5056 	EXP 	unnamed TextStim: text = 'm'
206.7570 	DATA 	Keypress: n
206.8985 	DATA 	Keypress: m
206.9006 	EXP 	unnamed TextStim: height = 25.0
206.9006 	EXP 	unnamed TextStim: height = 25.0
206.9006 	EXP 	unnamed TextStim: height = 25.0
206.9006 	EXP 	unnamed TextStim: text = 'z'
208.2837 	DATA 	Keypress: z
208.2859 	EXP 	unnamed TextStim: height = 25.0
208.2859 	EXP 	unnamed TextStim: height = 25.0
208.2859 	EXP 	unnamed TextStim: height = 25.0
208.2859 	EXP 	unnamed TextStim: text = 'n'
209.7787 	DATA 	Keypress: n
209.7798 	EXP 	unnamed TextStim: text = 'n'
211.3766 	DATA 	Keypress: n
211.3788 	EXP 	unnamed TextStim: height = 25.0
211.3788 	EXP 	unnamed TextStim: height = 25.0
211.3788 	EXP 	unnamed TextStim: height = 25.0
211.3788 	EXP 	unnamed TextStim: text = 'z'
212.3068 	DATA 	Mouse: Left button down, pos=(842,609)
212.5394 	DATA 	Mouse:  Left button up, pos=(842,609)
212.7419 	DATA 	Keypress: z
212.8564 	EXP 	Created unnamed ImageStim = ImageStim(__class__=<class 'psychopy.visual.image.ImageStim'>, anchor=('center', 'center'), autoLog=True, color=array([1., 1., 1.]), colorSpace='rgb', contrast=1.0, depth=0, flipHoriz=False, flipVert=False, image='break.jpg', interpolate=True, mask=None, maskParams=None, name='unnamed ImageStim', opacity=1.0, ori=0.0, pos=array([0., 0.]), size=array([1536.,  864.]), texRes=128, units='pix', win=Window(...))
213.5166 	DATA 	Keypress: space
213.5220 	EXP 	unnamed TextStim: height = 25.0
213.5220 	EXP 	unnamed TextStim: height = 25.0
213.5220 	EXP 	unnamed TextStim: height = 25.0
213.5220 	EXP 	unnamed TextStim: text = 'n'
214.8884 	DATA 	Keypress: z
214.8895 	EXP 	unnamed TextStim: text = 'n'
216.1394 	DATA 	Keypress: m
216.1557 	EXP 	unnamed TextStim: height = 25.0
216.1557 	EXP 	unnamed TextStim: height = 25.0
216.1557 	EXP 	unnamed TextStim: height = 25.0
216.1557 	EXP 	unnamed TextStim: text = 'm'
217.1236 	DATA 	Keypress: n
217.2389 	EXP 	unnamed TextStim: height = 25.0
217.2389 	EXP 	unnamed TextStim: height = 25.0
217.2389 	EXP 	unnamed TextStim: height = 25.0
217.2389 	EXP 	unnamed TextStim: text = 'x'
218.8682 	DATA 	Keypress: n
218.8693 	EXP 	unnamed TextStim: text = 'x'
220.3453 	DATA 	Keypress: x
220.3476 	EXP 	unnamed TextStim: height = 25.0
220.3476 	EXP 	unnamed TextStim: height = 25.0
220.3476 	EXP 	unnamed TextStim: height = 25.0
220.3476 	EXP 	unnamed TextStim: text = 'm'
221.7473 	DATA 	Keypress: m
221.8591 	EXP 	Created unnamed ImageStim = ImageStim(__class__=<class 'psychopy.visual.image.ImageStim'>, anchor=('center', 'center'), autoLog=True, color=array([1., 1., 1.]), colorSpace='rgb', contrast=1.0, depth=0, flipHoriz=False, flipVert=False, image='break.jpg', interpolate=True, mask=None, maskParams=None, name='unnamed ImageStim', opacity=1.0, ori=0.0, pos=array([0., 0.]), size=array([1536.,  864.]), texRes=128, units='pix', win=Window(...))
222.4731 	DATA 	Keypress: space
222.4885 	EXP 	Created unnamed TextStim = TextStim(__class__=<class 'psychopy.visual.text.TextStim'>, alignHoriz=method-wrapper(...), alignText='center', alignVert=method-wrapper(...), anchorHoriz='center', anchorVert='center', antialias=True, autoDraw=False, autoLog=True, bold=False, color=array([-1, -1, -1]), colorSpace='rgb', contrast=1.0, depth=0, flipHoriz=False, flipVert=False, font='', fontFiles=[], height=20.0, italic=False, languageStyle='LTR', name='unnamed TextStim', opacity=1.0, ori=0.0, pos=array([0., 0.]), rgb=UNKNOWN, text=str(...), units='pix', win=Window(...), wrapWidth=1536)
239.0112 	DATA 	Keypress: return
239.0990 	EXP 	window1: mouseVisible = True
