9.3338 	WARNING 	User requested fullscreen with size [1536  864], but screen is actually [1920, 1080]. Using actual size
10.5974 	INFO 	FRAME RATE: 60
10.5974 	INFO 	SCREEN RES: odict_values([1536, 864])
10.6642 	EXP 	Created unnamed TextStim = TextStim(__class__=<class 'psychopy.visual.text.TextStim'>, alignHoriz=method-wrapper(...), alignText='center', alignVert=method-wrapper(...), anchorHoriz='center', anchorVert='center', antialias=True, autoDraw=False, autoLog=True, bold=False, color=array([-1, -1, -1]), colorSpace='rgb', contrast=1.0, depth=0, flipHoriz=False, flipVert=False, font='', fontFiles=[], height=100.0, italic=False, languageStyle='LTR', name='unnamed TextStim', opacity=1.0, ori=0.0, pos=array([0., 0.]), rgb=UNKNOWN, text='+', units='pix', win=Window(...), wrapWidth=500)
10.6680 	EXP 	Created unnamed Circle = Circle(__class__=<class 'psychopy.visual.circle.Circle'>, anchor=('center', 'center'), autoDraw=False, autoLog=True, closeShape=True, color=method-wrapper(...), colorSpace='rgb', contrast=None, depth=0, fillColor=array([ 0.09019608, -1.        , -1.        ]), fillColorSpace='rgb', fillRGB=array([ 0.09019608, -1.        , -1.        ]), interpolate=True, lineColor=array([ 0.09019608, -1.        , -1.        ]), lineColorSpace='rgb', lineRGB=array([ 0.09019608, -1.        , -1.        ]), lineWidth=1.5, name='unnamed Circle', opacity=1.0, ori=0.0, pos=array([0., 0.]), size=array([1., 1.]), units='pix', vertices=ndarray(...), win=Window(...))
10.6689 	EXP 	Created unnamed TextStim = TextStim(__class__=<class 'psychopy.visual.text.TextStim'>, alignHoriz=method-wrapper(...), alignText='center', alignVert=method-wrapper(...), anchorHoriz='center', anchorVert='center', antialias=True, autoDraw=False, autoLog=True, bold=False, color=array([-0.17647059, -0.17647059, -0.17647059]), colorSpace='rgb', contrast=1.0, depth=0, flipHoriz=False, flipVert=False, font='', fontFiles=[], height=25, italic=False, languageStyle='LTR', name='unnamed TextStim', opacity=1.0, ori=0.0, pos=array([0., 0.]), rgb=UNKNOWN, text='', units='pix', win=Window(...), wrapWidth=500)
10.6778 	EXP 	Created unnamed ImageStim = ImageStim(__class__=<class 'psychopy.visual.image.ImageStim'>, anchor=('center', 'center'), autoLog=True, color=array([1., 1., 1.]), colorSpace='rgb', contrast=1.0, depth=0, flipHoriz=False, flipVert=False, image='mask4.png', interpolate=False, mask=None, maskParams=None, name='unnamed ImageStim', opacity=1.0, ori=0.0, pos=array([0., 0.]), size=array([25., 25.]), texRes=128, units='pix', win=Window(...))
10.6854 	EXP 	Created unnamed TextStim = TextStim(__class__=<class 'psychopy.visual.text.TextStim'>, alignHoriz=method-wrapper(...), alignText='center', alignVert=method-wrapper(...), anchorHoriz='center', anchorVert='center', antialias=True, autoDraw=False, autoLog=True, bold=False, color=array([-1, -1, -1]), colorSpace='rgb', contrast=1.0, depth=0, flipHoriz=False, flipVert=False, font='', fontFiles=[], height=30.0, italic=False, languageStyle='LTR', name='unnamed TextStim', opacity=1.0, ori=0.0, pos=array([ 100., -300.]), rgb=UNKNOWN, text=str(...), units='pix', win=Window(...), wrapWidth=10000)
10.6900 	EXP 	Created unnamed TextStim = TextStim(__class__=<class 'psychopy.visual.text.TextStim'>, alignHoriz=method-wrapper(...), alignText='center', alignVert=method-wrapper(...), anchorHoriz='center', anchorVert='center', antialias=True, autoDraw=False, autoLog=True, bold=False, color=array([-1, -1, -1]), colorSpace='rgb', contrast=1.0, depth=0, flipHoriz=False, flipVert=False, font='', fontFiles=[], height=30.0, italic=False, languageStyle='LTR', name='unnamed TextStim', opacity=1.0, ori=0.0, pos=array([ 100., -330.]), rgb=UNKNOWN, text=str(...), units='pix', win=Window(...), wrapWidth=10000)
10.7301 	EXP 	Created unnamed TextStim = TextStim(__class__=<class 'psychopy.visual.text.TextStim'>, alignHoriz=method-wrapper(...), alignText='center', alignVert=method-wrapper(...), anchorHoriz='center', anchorVert='center', antialias=True, autoDraw=False, autoLog=True, bold=False, color=array([-1, -1, -1]), colorSpace='rgb', contrast=1.0, depth=0, flipHoriz=False, flipVert=False, font='', fontFiles=[], height=20.0, italic=False, languageStyle='LTR', name='unnamed TextStim', opacity=1.0, ori=0.0, pos=array([0., 0.]), rgb=UNKNOWN, text=str(...), units='pix', win=Window(...), wrapWidth=1536)
24.0221 	DATA 	Keypress: space
24.0293 	EXP 	unnamed TextStim: height = 25.0
24.0293 	EXP 	unnamed TextStim: height = 25.0
24.0293 	EXP 	unnamed TextStim: height = 25.0
24.0293 	EXP 	unnamed TextStim: text = 'n'
26.5448 	DATA 	Keypress: n
26.5535 	EXP 	Created unnamed TextStim = TextStim(__class__=<class 'psychopy.visual.text.TextStim'>, alignHoriz=method-wrapper(...), alignText='center', alignVert=method-wrapper(...), anchorHoriz='center', anchorVert='center', antialias=True, autoDraw=False, autoLog=True, bold=False, color=array([-1, -1, -1]), colorSpace='rgb', contrast=1.0, depth=0, flipHoriz=False, flipVert=False, font='', fontFiles=[], height=50.0, italic=False, languageStyle='LTR', name='unnamed TextStim', opacity=1.0, ori=0.0, pos=array([0., 0.]), rgb=UNKNOWN, text='Poprawnie', units='pix', win=Window(...), wrapWidth=500)
27.5631 	EXP 	unnamed TextStim: text = 'n'
29.1058 	DATA 	Keypress: z
29.1091 	EXP 	Created unnamed TextStim = TextStim(__class__=<class 'psychopy.visual.text.TextStim'>, alignHoriz=method-wrapper(...), alignText='center', alignVert=method-wrapper(...), anchorHoriz='center', anchorVert='center', antialias=True, autoDraw=False, autoLog=True, bold=False, color=array([-1, -1, -1]), colorSpace='rgb', contrast=1.0, depth=0, flipHoriz=False, flipVert=False, font='', fontFiles=[], height=50.0, italic=False, languageStyle='LTR', name='unnamed TextStim', opacity=1.0, ori=0.0, pos=array([0., 0.]), rgb=UNKNOWN, text='Niepoprawnie', units='pix', win=Window(...), wrapWidth=500)
30.1133 	EXP 	unnamed TextStim: height = 25.0
30.1133 	EXP 	unnamed TextStim: height = 25.0
30.1133 	EXP 	unnamed TextStim: height = 25.0
30.1133 	EXP 	unnamed TextStim: text = 'x'
31.6146 	DATA 	Keypress: x
31.6166 	EXP 	Created unnamed TextStim = TextStim(__class__=<class 'psychopy.visual.text.TextStim'>, alignHoriz=method-wrapper(...), alignText='center', alignVert=method-wrapper(...), anchorHoriz='center', anchorVert='center', antialias=True, autoDraw=False, autoLog=True, bold=False, color=array([-1, -1, -1]), colorSpace='rgb', contrast=1.0, depth=0, flipHoriz=False, flipVert=False, font='', fontFiles=[], height=50.0, italic=False, languageStyle='LTR', name='unnamed TextStim', opacity=1.0, ori=0.0, pos=array([0., 0.]), rgb=UNKNOWN, text='Poprawnie', units='pix', win=Window(...), wrapWidth=500)
32.6303 	EXP 	unnamed TextStim: height = 25.0
32.6303 	EXP 	unnamed TextStim: height = 25.0
32.6303 	EXP 	unnamed TextStim: height = 25.0
32.6303 	EXP 	unnamed TextStim: text = 'm'
34.2689 	DATA 	Keypress: m
34.2716 	EXP 	Created unnamed TextStim = TextStim(__class__=<class 'psychopy.visual.text.TextStim'>, alignHoriz=method-wrapper(...), alignText='center', alignVert=method-wrapper(...), anchorHoriz='center', anchorVert='center', antialias=True, autoDraw=False, autoLog=True, bold=False, color=array([-1, -1, -1]), colorSpace='rgb', contrast=1.0, depth=0, flipHoriz=False, flipVert=False, font='', fontFiles=[], height=50.0, italic=False, languageStyle='LTR', name='unnamed TextStim', opacity=1.0, ori=0.0, pos=array([0., 0.]), rgb=UNKNOWN, text='Poprawnie', units='pix', win=Window(...), wrapWidth=500)
35.2801 	EXP 	unnamed TextStim: height = 25.0
35.2801 	EXP 	unnamed TextStim: height = 25.0
35.2801 	EXP 	unnamed TextStim: height = 25.0
35.2801 	EXP 	unnamed TextStim: text = 'z'
36.7317 	DATA 	Keypress: z
37.4152 	DATA 	Keypress: z
37.4175 	EXP 	Created unnamed TextStim = TextStim(__class__=<class 'psychopy.visual.text.TextStim'>, alignHoriz=method-wrapper(...), alignText='center', alignVert=method-wrapper(...), anchorHoriz='center', anchorVert='center', antialias=True, autoDraw=False, autoLog=True, bold=False, color=array([-1, -1, -1]), colorSpace='rgb', contrast=1.0, depth=0, flipHoriz=False, flipVert=False, font='', fontFiles=[], height=50.0, italic=False, languageStyle='LTR', name='unnamed TextStim', opacity=1.0, ori=0.0, pos=array([0., 0.]), rgb=UNKNOWN, text='Poprawnie', units='pix', win=Window(...), wrapWidth=500)
38.4302 	EXP 	unnamed TextStim: height = 25.0
38.4302 	EXP 	unnamed TextStim: height = 25.0
38.4302 	EXP 	unnamed TextStim: height = 25.0
38.4302 	EXP 	unnamed TextStim: text = 'm'
40.0916 	DATA 	Keypress: m
40.0941 	EXP 	Created unnamed TextStim = TextStim(__class__=<class 'psychopy.visual.text.TextStim'>, alignHoriz=method-wrapper(...), alignText='center', alignVert=method-wrapper(...), anchorHoriz='center', anchorVert='center', antialias=True, autoDraw=False, autoLog=True, bold=False, color=array([-1, -1, -1]), colorSpace='rgb', contrast=1.0, depth=0, flipHoriz=False, flipVert=False, font='', fontFiles=[], height=50.0, italic=False, languageStyle='LTR', name='unnamed TextStim', opacity=1.0, ori=0.0, pos=array([0., 0.]), rgb=UNKNOWN, text='Poprawnie', units='pix', win=Window(...), wrapWidth=500)
41.0980 	EXP 	unnamed TextStim: height = 25.0
41.0980 	EXP 	unnamed TextStim: height = 25.0
41.0980 	EXP 	unnamed TextStim: height = 25.0
41.0980 	EXP 	unnamed TextStim: text = 'x'
42.4977 	DATA 	Keypress: z
42.5032 	EXP 	Created unnamed TextStim = TextStim(__class__=<class 'psychopy.visual.text.TextStim'>, alignHoriz=method-wrapper(...), alignText='center', alignVert=method-wrapper(...), anchorHoriz='center', anchorVert='center', antialias=True, autoDraw=False, autoLog=True, bold=False, color=array([-1, -1, -1]), colorSpace='rgb', contrast=1.0, depth=0, flipHoriz=False, flipVert=False, font='', fontFiles=[], height=50.0, italic=False, languageStyle='LTR', name='unnamed TextStim', opacity=1.0, ori=0.0, pos=array([0., 0.]), rgb=UNKNOWN, text='Niepoprawnie', units='pix', win=Window(...), wrapWidth=500)
43.5304 	EXP 	unnamed TextStim: height = 25.0
43.5304 	EXP 	unnamed TextStim: height = 25.0
43.5304 	EXP 	unnamed TextStim: height = 25.0
43.5304 	EXP 	unnamed TextStim: text = 'm'
45.2293 	DATA 	Keypress: n
45.2319 	EXP 	Created unnamed TextStim = TextStim(__class__=<class 'psychopy.visual.text.TextStim'>, alignHoriz=method-wrapper(...), alignText='center', alignVert=method-wrapper(...), anchorHoriz='center', anchorVert='center', antialias=True, autoDraw=False, autoLog=True, bold=False, color=array([-1, -1, -1]), colorSpace='rgb', contrast=1.0, depth=0, flipHoriz=False, flipVert=False, font='', fontFiles=[], height=50.0, italic=False, languageStyle='LTR', name='unnamed TextStim', opacity=1.0, ori=0.0, pos=array([0., 0.]), rgb=UNKNOWN, text='Niepoprawnie', units='pix', win=Window(...), wrapWidth=500)
46.2471 	EXP 	unnamed TextStim: text = 'm'
47.5978 	DATA 	Keypress: z
47.6028 	EXP 	Created unnamed TextStim = TextStim(__class__=<class 'psychopy.visual.text.TextStim'>, alignHoriz=method-wrapper(...), alignText='center', alignVert=method-wrapper(...), anchorHoriz='center', anchorVert='center', antialias=True, autoDraw=False, autoLog=True, bold=False, color=array([-1, -1, -1]), colorSpace='rgb', contrast=1.0, depth=0, flipHoriz=False, flipVert=False, font='', fontFiles=[], height=50.0, italic=False, languageStyle='LTR', name='unnamed TextStim', opacity=1.0, ori=0.0, pos=array([0., 0.]), rgb=UNKNOWN, text='Niepoprawnie', units='pix', win=Window(...), wrapWidth=500)
48.6307 	EXP 	unnamed TextStim: text = 'm'
49.8986 	DATA 	Keypress: z
49.9192 	EXP 	Created unnamed TextStim = TextStim(__class__=<class 'psychopy.visual.text.TextStim'>, alignHoriz=method-wrapper(...), alignText='center', alignVert=method-wrapper(...), anchorHoriz='center', anchorVert='center', antialias=True, autoDraw=False, autoLog=True, bold=False, color=array([-1, -1, -1]), colorSpace='rgb', contrast=1.0, depth=0, flipHoriz=False, flipVert=False, font='', fontFiles=[], height=50.0, italic=False, languageStyle='LTR', name='unnamed TextStim', opacity=1.0, ori=0.0, pos=array([0., 0.]), rgb=UNKNOWN, text='Niepoprawnie', units='pix', win=Window(...), wrapWidth=500)
50.9473 	EXP 	unnamed TextStim: height = 25.0
50.9473 	EXP 	unnamed TextStim: height = 25.0
50.9473 	EXP 	unnamed TextStim: height = 25.0
50.9473 	EXP 	unnamed TextStim: text = 'z'
52.4413 	DATA 	Keypress: z
52.4436 	EXP 	Created unnamed TextStim = TextStim(__class__=<class 'psychopy.visual.text.TextStim'>, alignHoriz=method-wrapper(...), alignText='center', alignVert=method-wrapper(...), anchorHoriz='center', anchorVert='center', antialias=True, autoDraw=False, autoLog=True, bold=False, color=array([-1, -1, -1]), colorSpace='rgb', contrast=1.0, depth=0, flipHoriz=False, flipVert=False, font='', fontFiles=[], height=50.0, italic=False, languageStyle='LTR', name='unnamed TextStim', opacity=1.0, ori=0.0, pos=array([0., 0.]), rgb=UNKNOWN, text='Poprawnie', units='pix', win=Window(...), wrapWidth=500)
53.4475 	EXP 	unnamed TextStim: text = 'z'
54.7648 	DATA 	Keypress: z
54.7696 	EXP 	Created unnamed TextStim = TextStim(__class__=<class 'psychopy.visual.text.TextStim'>, alignHoriz=method-wrapper(...), alignText='center', alignVert=method-wrapper(...), anchorHoriz='center', anchorVert='center', antialias=True, autoDraw=False, autoLog=True, bold=False, color=array([-1, -1, -1]), colorSpace='rgb', contrast=1.0, depth=0, flipHoriz=False, flipVert=False, font='', fontFiles=[], height=50.0, italic=False, languageStyle='LTR', name='unnamed TextStim', opacity=1.0, ori=0.0, pos=array([0., 0.]), rgb=UNKNOWN, text='Poprawnie', units='pix', win=Window(...), wrapWidth=500)
55.7976 	EXP 	unnamed TextStim: height = 25.0
55.7976 	EXP 	unnamed TextStim: height = 25.0
55.7976 	EXP 	unnamed TextStim: height = 25.0
55.7976 	EXP 	unnamed TextStim: text = 'm'
57.1819 	DATA 	Keypress: m
57.1872 	EXP 	Created unnamed TextStim = TextStim(__class__=<class 'psychopy.visual.text.TextStim'>, alignHoriz=method-wrapper(...), alignText='center', alignVert=method-wrapper(...), anchorHoriz='center', anchorVert='center', antialias=True, autoDraw=False, autoLog=True, bold=False, color=array([-1, -1, -1]), colorSpace='rgb', contrast=1.0, depth=0, flipHoriz=False, flipVert=False, font='', fontFiles=[], height=50.0, italic=False, languageStyle='LTR', name='unnamed TextStim', opacity=1.0, ori=0.0, pos=array([0., 0.]), rgb=UNKNOWN, text='Poprawnie', units='pix', win=Window(...), wrapWidth=500)
58.2141 	EXP 	unnamed TextStim: text = 'm'
59.4157 	DATA 	Keypress: z
59.5034 	EXP 	Created unnamed TextStim = TextStim(__class__=<class 'psychopy.visual.text.TextStim'>, alignHoriz=method-wrapper(...), alignText='center', alignVert=method-wrapper(...), anchorHoriz='center', anchorVert='center', antialias=True, autoDraw=False, autoLog=True, bold=False, color=array([-1, -1, -1]), colorSpace='rgb', contrast=1.0, depth=0, flipHoriz=False, flipVert=False, font='', fontFiles=[], height=50.0, italic=False, languageStyle='LTR', name='unnamed TextStim', opacity=1.0, ori=0.0, pos=array([0., 0.]), rgb=UNKNOWN, text='Niepoprawnie', units='pix', win=Window(...), wrapWidth=500)
60.3157 	DATA 	Keypress: m
60.5310 	EXP 	unnamed TextStim: height = 25.0
60.5310 	EXP 	unnamed TextStim: height = 25.0
60.5310 	EXP 	unnamed TextStim: height = 25.0
60.5310 	EXP 	unnamed TextStim: text = 'x'
61.9650 	DATA 	Keypress: z
61.9701 	EXP 	Created unnamed TextStim = TextStim(__class__=<class 'psychopy.visual.text.TextStim'>, alignHoriz=method-wrapper(...), alignText='center', alignVert=method-wrapper(...), anchorHoriz='center', anchorVert='center', antialias=True, autoDraw=False, autoLog=True, bold=False, color=array([-1, -1, -1]), colorSpace='rgb', contrast=1.0, depth=0, flipHoriz=False, flipVert=False, font='', fontFiles=[], height=50.0, italic=False, languageStyle='LTR', name='unnamed TextStim', opacity=1.0, ori=0.0, pos=array([0., 0.]), rgb=UNKNOWN, text='Niepoprawnie', units='pix', win=Window(...), wrapWidth=500)
63.0144 	EXP 	Created unnamed TextStim = TextStim(__class__=<class 'psychopy.visual.text.TextStim'>, alignHoriz=method-wrapper(...), alignText='center', alignVert=method-wrapper(...), anchorHoriz='center', anchorVert='center', antialias=True, autoDraw=False, autoLog=True, bold=False, color=array([-1, -1, -1]), colorSpace='rgb', contrast=1.0, depth=0, flipHoriz=False, flipVert=False, font='', fontFiles=[], height=20.0, italic=False, languageStyle='LTR', name='unnamed TextStim', opacity=1.0, ori=0.0, pos=array([0., 0.]), rgb=UNKNOWN, text=str(...), units='pix', win=Window(...), wrapWidth=1536)
64.2416 	DATA 	Keypress: space
64.2480 	EXP 	unnamed TextStim: height = 25.0
64.2480 	EXP 	unnamed TextStim: height = 25.0
64.2480 	EXP 	unnamed TextStim: height = 25.0
64.2480 	EXP 	unnamed TextStim: text = 'z'
65.7610 	DATA 	Keypress: z
65.7671 	EXP 	Created unnamed TextStim = TextStim(__class__=<class 'psychopy.visual.text.TextStim'>, alignHoriz=method-wrapper(...), alignText='center', alignVert=method-wrapper(...), anchorHoriz='center', anchorVert='center', antialias=True, autoDraw=False, autoLog=True, bold=False, color=array([-1, -1, -1]), colorSpace='rgb', contrast=1.0, depth=0, flipHoriz=False, flipVert=False, font='', fontFiles=[], height=50.0, italic=False, languageStyle='LTR', name='unnamed TextStim', opacity=1.0, ori=0.0, pos=array([0., 0.]), rgb=UNKNOWN, text='Poprawnie', units='pix', win=Window(...), wrapWidth=500)
66.7813 	EXP 	unnamed TextStim: height = 25.0
66.7813 	EXP 	unnamed TextStim: height = 25.0
66.7813 	EXP 	unnamed TextStim: height = 25.0
66.7813 	EXP 	unnamed TextStim: text = 'n'
67.9987 	DATA 	Keypress: z
68.0050 	EXP 	Created unnamed TextStim = TextStim(__class__=<class 'psychopy.visual.text.TextStim'>, alignHoriz=method-wrapper(...), alignText='center', alignVert=method-wrapper(...), anchorHoriz='center', anchorVert='center', antialias=True, autoDraw=False, autoLog=True, bold=False, color=array([-1, -1, -1]), colorSpace='rgb', contrast=1.0, depth=0, flipHoriz=False, flipVert=False, font='', fontFiles=[], height=50.0, italic=False, languageStyle='LTR', name='unnamed TextStim', opacity=1.0, ori=0.0, pos=array([0., 0.]), rgb=UNKNOWN, text='Niepoprawnie', units='pix', win=Window(...), wrapWidth=500)
69.0313 	EXP 	unnamed TextStim: text = 'n'
71.6885 	DATA 	Keypress: x
71.6905 	EXP 	Created unnamed TextStim = TextStim(__class__=<class 'psychopy.visual.text.TextStim'>, alignHoriz=method-wrapper(...), alignText='center', alignVert=method-wrapper(...), anchorHoriz='center', anchorVert='center', antialias=True, autoDraw=False, autoLog=True, bold=False, color=array([-1, -1, -1]), colorSpace='rgb', contrast=1.0, depth=0, flipHoriz=False, flipVert=False, font='', fontFiles=[], height=50.0, italic=False, languageStyle='LTR', name='unnamed TextStim', opacity=1.0, ori=0.0, pos=array([0., 0.]), rgb=UNKNOWN, text='Niepoprawnie', units='pix', win=Window(...), wrapWidth=500)
72.6979 	EXP 	unnamed TextStim: height = 25.0
72.6979 	EXP 	unnamed TextStim: height = 25.0
72.6979 	EXP 	unnamed TextStim: height = 25.0
72.6979 	EXP 	unnamed TextStim: text = 'x'
73.9653 	DATA 	Keypress: m
74.9082 	DATA 	Keypress: m
74.9105 	EXP 	Created unnamed TextStim = TextStim(__class__=<class 'psychopy.visual.text.TextStim'>, alignHoriz=method-wrapper(...), alignText='center', alignVert=method-wrapper(...), anchorHoriz='center', anchorVert='center', antialias=True, autoDraw=False, autoLog=True, bold=False, color=array([-1, -1, -1]), colorSpace='rgb', contrast=1.0, depth=0, flipHoriz=False, flipVert=False, font='', fontFiles=[], height=50.0, italic=False, languageStyle='LTR', name='unnamed TextStim', opacity=1.0, ori=0.0, pos=array([0., 0.]), rgb=UNKNOWN, text='Niepoprawnie', units='pix', win=Window(...), wrapWidth=500)
75.7127 	DATA 	Keypress: n
75.9152 	EXP 	unnamed TextStim: height = 25.0
75.9152 	EXP 	unnamed TextStim: height = 25.0
75.9152 	EXP 	unnamed TextStim: height = 25.0
75.9152 	EXP 	unnamed TextStim: text = 'n'
77.4750 	DATA 	Keypress: z
77.4771 	EXP 	Created unnamed TextStim = TextStim(__class__=<class 'psychopy.visual.text.TextStim'>, alignHoriz=method-wrapper(...), alignText='center', alignVert=method-wrapper(...), anchorHoriz='center', anchorVert='center', antialias=True, autoDraw=False, autoLog=True, bold=False, color=array([-1, -1, -1]), colorSpace='rgb', contrast=1.0, depth=0, flipHoriz=False, flipVert=False, font='', fontFiles=[], height=50.0, italic=False, languageStyle='LTR', name='unnamed TextStim', opacity=1.0, ori=0.0, pos=array([0., 0.]), rgb=UNKNOWN, text='Niepoprawnie', units='pix', win=Window(...), wrapWidth=500)
78.4814 	EXP 	unnamed TextStim: height = 25.0
78.4814 	EXP 	unnamed TextStim: height = 25.0
78.4814 	EXP 	unnamed TextStim: height = 25.0
78.4814 	EXP 	unnamed TextStim: text = 'z'
79.8943 	DATA 	Keypress: x
79.8969 	EXP 	Created unnamed TextStim = TextStim(__class__=<class 'psychopy.visual.text.TextStim'>, alignHoriz=method-wrapper(...), alignText='center', alignVert=method-wrapper(...), anchorHoriz='center', anchorVert='center', antialias=True, autoDraw=False, autoLog=True, bold=False, color=array([-1, -1, -1]), colorSpace='rgb', contrast=1.0, depth=0, flipHoriz=False, flipVert=False, font='', fontFiles=[], height=50.0, italic=False, languageStyle='LTR', name='unnamed TextStim', opacity=1.0, ori=0.0, pos=array([0., 0.]), rgb=UNKNOWN, text='Niepoprawnie', units='pix', win=Window(...), wrapWidth=500)
80.9152 	EXP 	unnamed TextStim: height = 25.0
80.9152 	EXP 	unnamed TextStim: height = 25.0
80.9152 	EXP 	unnamed TextStim: height = 25.0
80.9152 	EXP 	unnamed TextStim: text = 'x'
82.4779 	DATA 	Keypress: z
82.4805 	EXP 	Created unnamed TextStim = TextStim(__class__=<class 'psychopy.visual.text.TextStim'>, alignHoriz=method-wrapper(...), alignText='center', alignVert=method-wrapper(...), anchorHoriz='center', anchorVert='center', antialias=True, autoDraw=False, autoLog=True, bold=False, color=array([-1, -1, -1]), colorSpace='rgb', contrast=1.0, depth=0, flipHoriz=False, flipVert=False, font='', fontFiles=[], height=50.0, italic=False, languageStyle='LTR', name='unnamed TextStim', opacity=1.0, ori=0.0, pos=array([0., 0.]), rgb=UNKNOWN, text='Niepoprawnie', units='pix', win=Window(...), wrapWidth=500)
83.4986 	EXP 	unnamed TextStim: height = 25.0
83.4986 	EXP 	unnamed TextStim: height = 25.0
83.4986 	EXP 	unnamed TextStim: height = 25.0
83.4986 	EXP 	unnamed TextStim: text = 'm'
84.8780 	DATA 	Keypress: n
84.8807 	EXP 	Created unnamed TextStim = TextStim(__class__=<class 'psychopy.visual.text.TextStim'>, alignHoriz=method-wrapper(...), alignText='center', alignVert=method-wrapper(...), anchorHoriz='center', anchorVert='center', antialias=True, autoDraw=False, autoLog=True, bold=False, color=array([-1, -1, -1]), colorSpace='rgb', contrast=1.0, depth=0, flipHoriz=False, flipVert=False, font='', fontFiles=[], height=50.0, italic=False, languageStyle='LTR', name='unnamed TextStim', opacity=1.0, ori=0.0, pos=array([0., 0.]), rgb=UNKNOWN, text='Niepoprawnie', units='pix', win=Window(...), wrapWidth=500)
85.8986 	EXP 	unnamed TextStim: height = 25.0
85.8986 	EXP 	unnamed TextStim: height = 25.0
85.8986 	EXP 	unnamed TextStim: height = 25.0
85.8986 	EXP 	unnamed TextStim: text = 'n'
87.1780 	DATA 	Keypress: m
87.1801 	EXP 	Created unnamed TextStim = TextStim(__class__=<class 'psychopy.visual.text.TextStim'>, alignHoriz=method-wrapper(...), alignText='center', alignVert=method-wrapper(...), anchorHoriz='center', anchorVert='center', antialias=True, autoDraw=False, autoLog=True, bold=False, color=array([-1, -1, -1]), colorSpace='rgb', contrast=1.0, depth=0, flipHoriz=False, flipVert=False, font='', fontFiles=[], height=50.0, italic=False, languageStyle='LTR', name='unnamed TextStim', opacity=1.0, ori=0.0, pos=array([0., 0.]), rgb=UNKNOWN, text='Niepoprawnie', units='pix', win=Window(...), wrapWidth=500)
88.1986 	EXP 	unnamed TextStim: height = 25.0
88.1986 	EXP 	unnamed TextStim: height = 25.0
88.1986 	EXP 	unnamed TextStim: height = 25.0
88.1986 	EXP 	unnamed TextStim: text = 'm'
90.1904 	DATA 	Keypress: m
90.1927 	EXP 	Created unnamed TextStim = TextStim(__class__=<class 'psychopy.visual.text.TextStim'>, alignHoriz=method-wrapper(...), alignText='center', alignVert=method-wrapper(...), anchorHoriz='center', anchorVert='center', antialias=True, autoDraw=False, autoLog=True, bold=False, color=array([-1, -1, -1]), colorSpace='rgb', contrast=1.0, depth=0, flipHoriz=False, flipVert=False, font='', fontFiles=[], height=50.0, italic=False, languageStyle='LTR', name='unnamed TextStim', opacity=1.0, ori=0.0, pos=array([0., 0.]), rgb=UNKNOWN, text='Poprawnie', units='pix', win=Window(...), wrapWidth=500)
91.2207 	EXP 	Created unnamed TextStim = TextStim(__class__=<class 'psychopy.visual.text.TextStim'>, alignHoriz=method-wrapper(...), alignText='center', alignVert=method-wrapper(...), anchorHoriz='center', anchorVert='center', antialias=True, autoDraw=False, autoLog=True, bold=False, color=array([-1, -1, -1]), colorSpace='rgb', contrast=1.0, depth=0, flipHoriz=False, flipVert=False, font='', fontFiles=[], height=20.0, italic=False, languageStyle='LTR', name='unnamed TextStim', opacity=1.0, ori=0.0, pos=array([0., 0.]), rgb=UNKNOWN, text=str(...), units='pix', win=Window(...), wrapWidth=1536)
96.9710 	DATA 	Keypress: space
96.9821 	EXP 	unnamed TextStim: height = 25.0
96.9821 	EXP 	unnamed TextStim: height = 25.0
96.9821 	EXP 	unnamed TextStim: height = 25.0
96.9821 	EXP 	unnamed TextStim: text = 'z'
98.4061 	DATA 	Keypress: z
98.4093 	EXP 	unnamed TextStim: height = 25.0
98.4093 	EXP 	unnamed TextStim: height = 25.0
98.4093 	EXP 	unnamed TextStim: height = 25.0
98.4093 	EXP 	unnamed TextStim: text = 'x'
99.0665 	DATA 	Keypress: z
100.4056 	DATA 	Keypress: m
100.4086 	EXP 	unnamed TextStim: height = 25.0
100.4086 	EXP 	unnamed TextStim: height = 25.0
100.4086 	EXP 	unnamed TextStim: height = 25.0
100.4086 	EXP 	unnamed TextStim: text = 'n'
102.2000 	DATA 	Keypress: x
102.2024 	EXP 	unnamed TextStim: height = 25.0
102.2024 	EXP 	unnamed TextStim: height = 25.0
102.2024 	EXP 	unnamed TextStim: height = 25.0
102.2024 	EXP 	unnamed TextStim: text = 'x'
104.7485 	DATA 	Keypress: m
104.7513 	EXP 	unnamed TextStim: height = 25.0
104.7513 	EXP 	unnamed TextStim: height = 25.0
104.7513 	EXP 	unnamed TextStim: height = 25.0
104.7513 	EXP 	unnamed TextStim: text = 'z'
106.5024 	DATA 	Keypress: z
106.5054 	EXP 	unnamed TextStim: height = 25.0
106.5054 	EXP 	unnamed TextStim: height = 25.0
106.5054 	EXP 	unnamed TextStim: height = 25.0
106.5054 	EXP 	unnamed TextStim: text = 'm'
107.9251 	DATA 	Keypress: m
108.0855 	EXP 	Created unnamed ImageStim = ImageStim(__class__=<class 'psychopy.visual.image.ImageStim'>, anchor=('center', 'center'), autoLog=True, color=array([1., 1., 1.]), colorSpace='rgb', contrast=1.0, depth=0, flipHoriz=False, flipVert=False, image='break.jpg', interpolate=True, mask=None, maskParams=None, name='unnamed ImageStim', opacity=1.0, ori=0.0, pos=array([0., 0.]), size=array([1536.,  864.]), texRes=128, units='pix', win=Window(...))
110.2224 	DATA 	Keypress: space
110.2329 	EXP 	unnamed TextStim: height = 25.0
110.2329 	EXP 	unnamed TextStim: height = 25.0
110.2329 	EXP 	unnamed TextStim: height = 25.0
110.2329 	EXP 	unnamed TextStim: text = 'n'
111.7002 	DATA 	Keypress: z
111.7022 	EXP 	unnamed TextStim: height = 25.0
111.7022 	EXP 	unnamed TextStim: height = 25.0
111.7022 	EXP 	unnamed TextStim: height = 25.0
111.7022 	EXP 	unnamed TextStim: text = 'z'
113.4481 	DATA 	Keypress: z
113.4502 	EXP 	unnamed TextStim: height = 25.0
113.4502 	EXP 	unnamed TextStim: height = 25.0
113.4502 	EXP 	unnamed TextStim: height = 25.0
113.4502 	EXP 	unnamed TextStim: text = 'x'
115.4534 	DATA 	Keypress: x
115.4546 	EXP 	unnamed TextStim: text = 'x'
117.1866 	DATA 	Keypress: x
117.1889 	EXP 	unnamed TextStim: height = 25.0
117.1889 	EXP 	unnamed TextStim: height = 25.0
117.1889 	EXP 	unnamed TextStim: height = 25.0
117.1889 	EXP 	unnamed TextStim: text = 'm'
119.0626 	DATA 	Keypress: m
119.0638 	EXP 	unnamed TextStim: text = 'm'
120.6629 	DATA 	Keypress: m
120.8181 	EXP 	Created unnamed ImageStim = ImageStim(__class__=<class 'psychopy.visual.image.ImageStim'>, anchor=('center', 'center'), autoLog=True, color=array([1., 1., 1.]), colorSpace='rgb', contrast=1.0, depth=0, flipHoriz=False, flipVert=False, image='break.jpg', interpolate=True, mask=None, maskParams=None, name='unnamed ImageStim', opacity=1.0, ori=0.0, pos=array([0., 0.]), size=array([1536.,  864.]), texRes=128, units='pix', win=Window(...))
123.2031 	DATA 	Keypress: space
123.2167 	EXP 	unnamed TextStim: height = 25.0
123.2167 	EXP 	unnamed TextStim: height = 25.0
123.2167 	EXP 	unnamed TextStim: height = 25.0
123.2167 	EXP 	unnamed TextStim: text = 'n'
125.7965 	DATA 	Keypress: n
125.7978 	EXP 	unnamed TextStim: text = 'n'
127.8247 	DATA 	Keypress: x
127.8286 	EXP 	unnamed TextStim: height = 25.0
127.8286 	EXP 	unnamed TextStim: height = 25.0
127.8286 	EXP 	unnamed TextStim: height = 25.0
127.8286 	EXP 	unnamed TextStim: text = 'm'
129.6996 	DATA 	Keypress: m
129.7018 	EXP 	unnamed TextStim: height = 25.0
129.7018 	EXP 	unnamed TextStim: height = 25.0
129.7018 	EXP 	unnamed TextStim: height = 25.0
129.7018 	EXP 	unnamed TextStim: text = 'x'
131.3232 	DATA 	Keypress: z
131.3257 	EXP 	unnamed TextStim: height = 25.0
131.3257 	EXP 	unnamed TextStim: height = 25.0
131.3257 	EXP 	unnamed TextStim: height = 25.0
131.3257 	EXP 	unnamed TextStim: text = 'n'
133.5028 	DATA 	Keypress: n
133.5050 	EXP 	unnamed TextStim: height = 25.0
133.5050 	EXP 	unnamed TextStim: height = 25.0
133.5050 	EXP 	unnamed TextStim: height = 25.0
133.5050 	EXP 	unnamed TextStim: text = 'm'
135.8174 	DATA 	Keypress: m
136.0005 	EXP 	Created unnamed ImageStim = ImageStim(__class__=<class 'psychopy.visual.image.ImageStim'>, anchor=('center', 'center'), autoLog=True, color=array([1., 1., 1.]), colorSpace='rgb', contrast=1.0, depth=0, flipHoriz=False, flipVert=False, image='break.jpg', interpolate=True, mask=None, maskParams=None, name='unnamed ImageStim', opacity=1.0, ori=0.0, pos=array([0., 0.]), size=array([1536.,  864.]), texRes=128, units='pix', win=Window(...))
140.3592 	DATA 	Keypress: space
140.3672 	EXP 	unnamed TextStim: height = 25.0
140.3672 	EXP 	unnamed TextStim: height = 25.0
140.3672 	EXP 	unnamed TextStim: height = 25.0
140.3672 	EXP 	unnamed TextStim: text = 'n'
142.2236 	DATA 	Keypress: n
142.2262 	EXP 	unnamed TextStim: height = 25.0
142.2262 	EXP 	unnamed TextStim: height = 25.0
142.2262 	EXP 	unnamed TextStim: height = 25.0
142.2262 	EXP 	unnamed TextStim: text = 'x'
144.2201 	DATA 	Keypress: n
144.2223 	EXP 	unnamed TextStim: height = 25.0
144.2223 	EXP 	unnamed TextStim: height = 25.0
144.2223 	EXP 	unnamed TextStim: height = 25.0
144.2223 	EXP 	unnamed TextStim: text = 'n'
146.2742 	DATA 	Keypress: z
146.2765 	EXP 	unnamed TextStim: height = 25.0
146.2765 	EXP 	unnamed TextStim: height = 25.0
146.2765 	EXP 	unnamed TextStim: height = 25.0
146.2765 	EXP 	unnamed TextStim: text = 'x'
148.0736 	DATA 	Keypress: z
148.0748 	EXP 	unnamed TextStim: text = 'x'
149.5849 	DATA 	Keypress: z
149.5860 	EXP 	unnamed TextStim: text = 'x'
151.8231 	DATA 	Keypress: n
151.9699 	EXP 	Created unnamed ImageStim = ImageStim(__class__=<class 'psychopy.visual.image.ImageStim'>, anchor=('center', 'center'), autoLog=True, color=array([1., 1., 1.]), colorSpace='rgb', contrast=1.0, depth=0, flipHoriz=False, flipVert=False, image='break.jpg', interpolate=True, mask=None, maskParams=None, name='unnamed ImageStim', opacity=1.0, ori=0.0, pos=array([0., 0.]), size=array([1536.,  864.]), texRes=128, units='pix', win=Window(...))
155.0152 	DATA 	Keypress: space
155.0182 	EXP 	unnamed TextStim: height = 25.0
155.0182 	EXP 	unnamed TextStim: height = 25.0
155.0182 	EXP 	unnamed TextStim: height = 25.0
155.0182 	EXP 	unnamed TextStim: text = 'n'
157.2042 	DATA 	Keypress: z
157.2053 	EXP 	unnamed TextStim: text = 'n'
159.8453 	DATA 	Keypress: x
159.8489 	EXP 	unnamed TextStim: height = 25.0
159.8489 	EXP 	unnamed TextStim: height = 25.0
159.8489 	EXP 	unnamed TextStim: height = 25.0
159.8489 	EXP 	unnamed TextStim: text = 'm'
161.8387 	DATA 	Keypress: m
161.8409 	EXP 	unnamed TextStim: height = 25.0
161.8409 	EXP 	unnamed TextStim: height = 25.0
161.8409 	EXP 	unnamed TextStim: height = 25.0
161.8409 	EXP 	unnamed TextStim: text = 'n'
163.6188 	DATA 	Keypress: n
163.6201 	EXP 	unnamed TextStim: text = 'n'
166.4018 	DATA 	No keypress (maxWait exceeded)
166.4028 	EXP 	unnamed TextStim: text = 'n'
166.4352 	DATA 	Keypress: z
169.1522 	DATA 	No keypress (maxWait exceeded)
169.2969 	EXP 	Created unnamed ImageStim = ImageStim(__class__=<class 'psychopy.visual.image.ImageStim'>, anchor=('center', 'center'), autoLog=True, color=array([1., 1., 1.]), colorSpace='rgb', contrast=1.0, depth=0, flipHoriz=False, flipVert=False, image='break.jpg', interpolate=True, mask=None, maskParams=None, name='unnamed ImageStim', opacity=1.0, ori=0.0, pos=array([0., 0.]), size=array([1536.,  864.]), texRes=128, units='pix', win=Window(...))
170.6729 	DATA 	Keypress: space
170.6848 	EXP 	unnamed TextStim: height = 25.0
170.6848 	EXP 	unnamed TextStim: height = 25.0
170.6848 	EXP 	unnamed TextStim: height = 25.0
170.6848 	EXP 	unnamed TextStim: text = 'x'
172.2445 	DATA 	Keypress: n
172.2467 	EXP 	unnamed TextStim: height = 25.0
172.2467 	EXP 	unnamed TextStim: height = 25.0
172.2467 	EXP 	unnamed TextStim: height = 25.0
172.2467 	EXP 	unnamed TextStim: text = 'm'
173.8767 	DATA 	Keypress: z
173.8788 	EXP 	unnamed TextStim: height = 25.0
173.8788 	EXP 	unnamed TextStim: height = 25.0
173.8788 	EXP 	unnamed TextStim: height = 25.0
173.8788 	EXP 	unnamed TextStim: text = 'x'
175.7611 	DATA 	Keypress: z
175.7632 	EXP 	unnamed TextStim: height = 25.0
175.7632 	EXP 	unnamed TextStim: height = 25.0
175.7632 	EXP 	unnamed TextStim: height = 25.0
175.7632 	EXP 	unnamed TextStim: text = 'n'
177.7189 	DATA 	Keypress: n
177.7211 	EXP 	unnamed TextStim: height = 25.0
177.7211 	EXP 	unnamed TextStim: height = 25.0
177.7211 	EXP 	unnamed TextStim: height = 25.0
177.7211 	EXP 	unnamed TextStim: text = 'z'
179.6886 	DATA 	Keypress: x
179.6935 	EXP 	unnamed TextStim: height = 25.0
179.6935 	EXP 	unnamed TextStim: height = 25.0
179.6935 	EXP 	unnamed TextStim: height = 25.0
179.6935 	EXP 	unnamed TextStim: text = 'x'
181.5168 	DATA 	Keypress: n
181.6611 	EXP 	Created unnamed ImageStim = ImageStim(__class__=<class 'psychopy.visual.image.ImageStim'>, anchor=('center', 'center'), autoLog=True, color=array([1., 1., 1.]), colorSpace='rgb', contrast=1.0, depth=0, flipHoriz=False, flipVert=False, image='break.jpg', interpolate=True, mask=None, maskParams=None, name='unnamed ImageStim', opacity=1.0, ori=0.0, pos=array([0., 0.]), size=array([1536.,  864.]), texRes=128, units='pix', win=Window(...))
184.0517 	DATA 	Keypress: space
184.0689 	EXP 	unnamed TextStim: height = 25.0
184.0689 	EXP 	unnamed TextStim: height = 25.0
184.0689 	EXP 	unnamed TextStim: height = 25.0
184.0689 	EXP 	unnamed TextStim: text = 'm'
185.5531 	DATA 	Keypress: m
185.5552 	EXP 	unnamed TextStim: height = 25.0
185.5552 	EXP 	unnamed TextStim: height = 25.0
185.5552 	EXP 	unnamed TextStim: height = 25.0
185.5552 	EXP 	unnamed TextStim: text = 'z'
187.1507 	DATA 	Keypress: z
187.1519 	EXP 	unnamed TextStim: text = 'z'
189.0578 	DATA 	Keypress: x
189.0589 	EXP 	unnamed TextStim: text = 'z'
190.3910 	DATA 	Keypress: z
190.3932 	EXP 	unnamed TextStim: height = 25.0
190.3932 	EXP 	unnamed TextStim: height = 25.0
190.3932 	EXP 	unnamed TextStim: height = 25.0
190.3932 	EXP 	unnamed TextStim: text = 'n'
192.0763 	DATA 	Keypress: x
192.0784 	EXP 	unnamed TextStim: height = 25.0
192.0784 	EXP 	unnamed TextStim: height = 25.0
192.0784 	EXP 	unnamed TextStim: height = 25.0
192.0784 	EXP 	unnamed TextStim: text = 'm'
193.6820 	DATA 	Keypress: n
193.7954 	EXP 	Created unnamed ImageStim = ImageStim(__class__=<class 'psychopy.visual.image.ImageStim'>, anchor=('center', 'center'), autoLog=True, color=array([1., 1., 1.]), colorSpace='rgb', contrast=1.0, depth=0, flipHoriz=False, flipVert=False, image='break.jpg', interpolate=True, mask=None, maskParams=None, name='unnamed ImageStim', opacity=1.0, ori=0.0, pos=array([0., 0.]), size=array([1536.,  864.]), texRes=128, units='pix', win=Window(...))
195.0438 	DATA 	Keypress: space
195.0527 	EXP 	unnamed TextStim: height = 25.0
195.0527 	EXP 	unnamed TextStim: height = 25.0
195.0527 	EXP 	unnamed TextStim: height = 25.0
195.0527 	EXP 	unnamed TextStim: text = 'z'
196.8706 	DATA 	Keypress: z
196.8727 	EXP 	unnamed TextStim: height = 25.0
196.8727 	EXP 	unnamed TextStim: height = 25.0
196.8727 	EXP 	unnamed TextStim: height = 25.0
196.8727 	EXP 	unnamed TextStim: text = 'n'
198.5556 	DATA 	Keypress: z
198.5577 	EXP 	unnamed TextStim: height = 25.0
198.5577 	EXP 	unnamed TextStim: height = 25.0
198.5577 	EXP 	unnamed TextStim: height = 25.0
198.5577 	EXP 	unnamed TextStim: text = 'm'
200.0506 	DATA 	Keypress: m
200.0518 	EXP 	unnamed TextStim: text = 'm'
202.1568 	DATA 	Keypress: m
202.1644 	EXP 	unnamed TextStim: height = 25.0
202.1644 	EXP 	unnamed TextStim: height = 25.0
202.1644 	EXP 	unnamed TextStim: height = 25.0
202.1644 	EXP 	unnamed TextStim: text = 'z'
204.0628 	DATA 	Keypress: z
204.0639 	EXP 	unnamed TextStim: text = 'z'
205.4838 	DATA 	Keypress: x
205.6380 	EXP 	Created unnamed ImageStim = ImageStim(__class__=<class 'psychopy.visual.image.ImageStim'>, anchor=('center', 'center'), autoLog=True, color=array([1., 1., 1.]), colorSpace='rgb', contrast=1.0, depth=0, flipHoriz=False, flipVert=False, image='break.jpg', interpolate=True, mask=None, maskParams=None, name='unnamed ImageStim', opacity=1.0, ori=0.0, pos=array([0., 0.]), size=array([1536.,  864.]), texRes=128, units='pix', win=Window(...))
234.8786 	DATA 	Keypress: space
234.8875 	EXP 	unnamed TextStim: height = 25.0
234.8875 	EXP 	unnamed TextStim: height = 25.0
234.8875 	EXP 	unnamed TextStim: height = 25.0
234.8875 	EXP 	unnamed TextStim: text = 'x'
236.2386 	DATA 	Keypress: z
236.2408 	EXP 	unnamed TextStim: height = 25.0
236.2408 	EXP 	unnamed TextStim: height = 25.0
236.2408 	EXP 	unnamed TextStim: height = 25.0
236.2408 	EXP 	unnamed TextStim: text = 'n'
237.8489 	DATA 	Keypress: m
237.8501 	EXP 	unnamed TextStim: text = 'n'
239.3708 	DATA 	Keypress: x
239.3731 	EXP 	unnamed TextStim: height = 25.0
239.3731 	EXP 	unnamed TextStim: height = 25.0
239.3731 	EXP 	unnamed TextStim: height = 25.0
239.3731 	EXP 	unnamed TextStim: text = 'z'
240.9106 	DATA 	Keypress: z
240.9127 	EXP 	unnamed TextStim: height = 25.0
240.9127 	EXP 	unnamed TextStim: height = 25.0
240.9127 	EXP 	unnamed TextStim: height = 25.0
240.9127 	EXP 	unnamed TextStim: text = 'm'
242.7745 	DATA 	Keypress: n
242.7767 	EXP 	unnamed TextStim: height = 25.0
242.7767 	EXP 	unnamed TextStim: height = 25.0
242.7767 	EXP 	unnamed TextStim: height = 25.0
242.7767 	EXP 	unnamed TextStim: text = 'n'
244.5667 	DATA 	Keypress: n
244.6814 	EXP 	Created unnamed ImageStim = ImageStim(__class__=<class 'psychopy.visual.image.ImageStim'>, anchor=('center', 'center'), autoLog=True, color=array([1., 1., 1.]), colorSpace='rgb', contrast=1.0, depth=0, flipHoriz=False, flipVert=False, image='break.jpg', interpolate=True, mask=None, maskParams=None, name='unnamed ImageStim', opacity=1.0, ori=0.0, pos=array([0., 0.]), size=array([1536.,  864.]), texRes=128, units='pix', win=Window(...))
253.1810 	DATA 	Keypress: space
253.1880 	EXP 	unnamed TextStim: height = 25.0
253.1880 	EXP 	unnamed TextStim: height = 25.0
253.1880 	EXP 	unnamed TextStim: height = 25.0
253.1880 	EXP 	unnamed TextStim: text = 'm'
254.8363 	DATA 	Keypress: m
254.8377 	EXP 	unnamed TextStim: text = 'm'
256.3256 	DATA 	Keypress: n
256.3282 	EXP 	unnamed TextStim: height = 25.0
256.3282 	EXP 	unnamed TextStim: height = 25.0
256.3282 	EXP 	unnamed TextStim: height = 25.0
256.3282 	EXP 	unnamed TextStim: text = 'z'
257.8036 	DATA 	Keypress: z
257.8102 	EXP 	unnamed TextStim: height = 25.0
257.8102 	EXP 	unnamed TextStim: height = 25.0
257.8102 	EXP 	unnamed TextStim: height = 25.0
257.8102 	EXP 	unnamed TextStim: text = 'n'
260.0196 	DATA 	Keypress: n
260.0217 	EXP 	unnamed TextStim: height = 25.0
260.0217 	EXP 	unnamed TextStim: height = 25.0
260.0217 	EXP 	unnamed TextStim: height = 25.0
260.0217 	EXP 	unnamed TextStim: text = 'z'
261.4590 	DATA 	Keypress: z
261.4613 	EXP 	unnamed TextStim: height = 25.0
261.4613 	EXP 	unnamed TextStim: height = 25.0
261.4613 	EXP 	unnamed TextStim: height = 25.0
261.4613 	EXP 	unnamed TextStim: text = 'm'
263.0136 	DATA 	Keypress: m
263.1249 	EXP 	Created unnamed ImageStim = ImageStim(__class__=<class 'psychopy.visual.image.ImageStim'>, anchor=('center', 'center'), autoLog=True, color=array([1., 1., 1.]), colorSpace='rgb', contrast=1.0, depth=0, flipHoriz=False, flipVert=False, image='break.jpg', interpolate=True, mask=None, maskParams=None, name='unnamed ImageStim', opacity=1.0, ori=0.0, pos=array([0., 0.]), size=array([1536.,  864.]), texRes=128, units='pix', win=Window(...))
267.9984 	DATA 	Keypress: space
268.0053 	EXP 	unnamed TextStim: text = 'm'
269.5658 	DATA 	Keypress: m
269.5672 	EXP 	unnamed TextStim: text = 'm'
271.0720 	DATA 	Keypress: n
271.0743 	EXP 	unnamed TextStim: height = 25.0
271.0743 	EXP 	unnamed TextStim: height = 25.0
271.0743 	EXP 	unnamed TextStim: height = 25.0
271.0743 	EXP 	unnamed TextStim: text = 'n'
272.6090 	DATA 	Keypress: z
272.6112 	EXP 	unnamed TextStim: height = 25.0
272.6112 	EXP 	unnamed TextStim: height = 25.0
272.6112 	EXP 	unnamed TextStim: height = 25.0
272.6112 	EXP 	unnamed TextStim: text = 'z'
273.8577 	DATA 	Keypress: x
273.8724 	EXP 	unnamed TextStim: height = 25.0
273.8724 	EXP 	unnamed TextStim: height = 25.0
273.8724 	EXP 	unnamed TextStim: height = 25.0
273.8724 	EXP 	unnamed TextStim: text = 'm'
275.6848 	DATA 	Keypress: n
275.6870 	EXP 	unnamed TextStim: height = 25.0
275.6870 	EXP 	unnamed TextStim: height = 25.0
275.6870 	EXP 	unnamed TextStim: height = 25.0
275.6870 	EXP 	unnamed TextStim: text = 'n'
277.1860 	DATA 	Keypress: m
277.2983 	EXP 	Created unnamed ImageStim = ImageStim(__class__=<class 'psychopy.visual.image.ImageStim'>, anchor=('center', 'center'), autoLog=True, color=array([1., 1., 1.]), colorSpace='rgb', contrast=1.0, depth=0, flipHoriz=False, flipVert=False, image='break.jpg', interpolate=True, mask=None, maskParams=None, name='unnamed ImageStim', opacity=1.0, ori=0.0, pos=array([0., 0.]), size=array([1536.,  864.]), texRes=128, units='pix', win=Window(...))
278.1956 	DATA 	Keypress: space
278.2157 	EXP 	Created unnamed TextStim = TextStim(__class__=<class 'psychopy.visual.text.TextStim'>, alignHoriz=method-wrapper(...), alignText='center', alignVert=method-wrapper(...), anchorHoriz='center', anchorVert='center', antialias=True, autoDraw=False, autoLog=True, bold=False, color=array([-1, -1, -1]), colorSpace='rgb', contrast=1.0, depth=0, flipHoriz=False, flipVert=False, font='', fontFiles=[], height=20.0, italic=False, languageStyle='LTR', name='unnamed TextStim', opacity=1.0, ori=0.0, pos=array([0., 0.]), rgb=UNKNOWN, text=str(...), units='pix', win=Window(...), wrapWidth=1536)
279.2250 	DATA 	Keypress: space
279.3367 	EXP 	window1: mouseVisible = True
