17.4451 	WARNING 	User requested fullscreen with size [1536  864], but screen is actually [1920, 1080]. Using actual size
18.9600 	INFO 	FRAME RATE: 60
18.9600 	INFO 	SCREEN RES: odict_values([1536, 864])
19.0207 	EXP 	Created unnamed TextStim = TextStim(__class__=<class 'psychopy.visual.text.TextStim'>, alignHoriz=method-wrapper(...), alignText='center', alignVert=method-wrapper(...), anchorHoriz='center', anchorVert='center', antialias=True, autoDraw=False, autoLog=True, bold=False, color=array([-1, -1, -1]), colorSpace='rgb', contrast=1.0, depth=0, flipHoriz=False, flipVert=False, font='', fontFiles=[], height=100.0, italic=False, languageStyle='LTR', name='unnamed TextStim', opacity=1.0, ori=0.0, pos=array([0., 0.]), rgb=UNKNOWN, text='+', units='pix', win=Window(...), wrapWidth=500)
19.0247 	EXP 	Created unnamed Circle = Circle(__class__=<class 'psychopy.visual.circle.Circle'>, anchor=('center', 'center'), autoDraw=False, autoLog=True, closeShape=True, color=method-wrapper(...), colorSpace='rgb', contrast=None, depth=0, fillColor=array([ 0.09019608, -1.        , -1.        ]), fillColorSpace='rgb', fillRGB=array([ 0.09019608, -1.        , -1.        ]), interpolate=True, lineColor=array([ 0.09019608, -1.        , -1.        ]), lineColorSpace='rgb', lineRGB=array([ 0.09019608, -1.        , -1.        ]), lineWidth=1.5, name='unnamed Circle', opacity=1.0, ori=0.0, pos=array([0., 0.]), size=array([1., 1.]), units='pix', vertices=ndarray(...), win=Window(...))
19.0257 	EXP 	Created unnamed TextStim = TextStim(__class__=<class 'psychopy.visual.text.TextStim'>, alignHoriz=method-wrapper(...), alignText='center', alignVert=method-wrapper(...), anchorHoriz='center', anchorVert='center', antialias=True, autoDraw=False, autoLog=True, bold=False, color=array([-0.17647059, -0.17647059, -0.17647059]), colorSpace='rgb', contrast=1.0, depth=0, flipHoriz=False, flipVert=False, font='', fontFiles=[], height=25, italic=False, languageStyle='LTR', name='unnamed TextStim', opacity=1.0, ori=0.0, pos=array([0., 0.]), rgb=UNKNOWN, text='', units='pix', win=Window(...), wrapWidth=500)
19.0338 	EXP 	Created unnamed ImageStim = ImageStim(__class__=<class 'psychopy.visual.image.ImageStim'>, anchor=('center', 'center'), autoLog=True, color=array([1., 1., 1.]), colorSpace='rgb', contrast=1.0, depth=0, flipHoriz=False, flipVert=False, image='mask4.png', interpolate=False, mask=None, maskParams=None, name='unnamed ImageStim', opacity=1.0, ori=0.0, pos=array([0., 0.]), size=array([25., 25.]), texRes=128, units='pix', win=Window(...))
19.0417 	EXP 	Created unnamed TextStim = TextStim(__class__=<class 'psychopy.visual.text.TextStim'>, alignHoriz=method-wrapper(...), alignText='center', alignVert=method-wrapper(...), anchorHoriz='center', anchorVert='center', antialias=True, autoDraw=False, autoLog=True, bold=False, color=array([-1, -1, -1]), colorSpace='rgb', contrast=1.0, depth=0, flipHoriz=False, flipVert=False, font='', fontFiles=[], height=30.0, italic=False, languageStyle='LTR', name='unnamed TextStim', opacity=1.0, ori=0.0, pos=array([ 100., -300.]), rgb=UNKNOWN, text=str(...), units='pix', win=Window(...), wrapWidth=10000)
19.0465 	EXP 	Created unnamed TextStim = TextStim(__class__=<class 'psychopy.visual.text.TextStim'>, alignHoriz=method-wrapper(...), alignText='center', alignVert=method-wrapper(...), anchorHoriz='center', anchorVert='center', antialias=True, autoDraw=False, autoLog=True, bold=False, color=array([-1, -1, -1]), colorSpace='rgb', contrast=1.0, depth=0, flipHoriz=False, flipVert=False, font='', fontFiles=[], height=30.0, italic=False, languageStyle='LTR', name='unnamed TextStim', opacity=1.0, ori=0.0, pos=array([ 100., -330.]), rgb=UNKNOWN, text=str(...), units='pix', win=Window(...), wrapWidth=10000)
19.0869 	EXP 	Created unnamed TextStim = TextStim(__class__=<class 'psychopy.visual.text.TextStim'>, alignHoriz=method-wrapper(...), alignText='center', alignVert=method-wrapper(...), anchorHoriz='center', anchorVert='center', antialias=True, autoDraw=False, autoLog=True, bold=False, color=array([-1, -1, -1]), colorSpace='rgb', contrast=1.0, depth=0, flipHoriz=False, flipVert=False, font='', fontFiles=[], height=20.0, italic=False, languageStyle='LTR', name='unnamed TextStim', opacity=1.0, ori=0.0, pos=array([0., 0.]), rgb=UNKNOWN, text=str(...), units='pix', win=Window(...), wrapWidth=1536)
36.5136 	DATA 	Keypress: space
36.5244 	EXP 	unnamed TextStim: height = 25.0
36.5244 	EXP 	unnamed TextStim: height = 25.0
36.5244 	EXP 	unnamed TextStim: height = 25.0
36.5244 	EXP 	unnamed TextStim: text = 'm'
38.8590 	DATA 	Keypress: m
38.8672 	EXP 	Created unnamed TextStim = TextStim(__class__=<class 'psychopy.visual.text.TextStim'>, alignHoriz=method-wrapper(...), alignText='center', alignVert=method-wrapper(...), anchorHoriz='center', anchorVert='center', antialias=True, autoDraw=False, autoLog=True, bold=False, color=array([-1, -1, -1]), colorSpace='rgb', contrast=1.0, depth=0, flipHoriz=False, flipVert=False, font='', fontFiles=[], height=50.0, italic=False, languageStyle='LTR', name='unnamed TextStim', opacity=1.0, ori=0.0, pos=array([0., 0.]), rgb=UNKNOWN, text='Poprawnie', units='pix', win=Window(...), wrapWidth=500)
39.8744 	EXP 	unnamed TextStim: height = 25.0
39.8744 	EXP 	unnamed TextStim: height = 25.0
39.8744 	EXP 	unnamed TextStim: height = 25.0
39.8744 	EXP 	unnamed TextStim: text = 'n'
41.7031 	DATA 	Keypress: n
41.7053 	EXP 	Created unnamed TextStim = TextStim(__class__=<class 'psychopy.visual.text.TextStim'>, alignHoriz=method-wrapper(...), alignText='center', alignVert=method-wrapper(...), anchorHoriz='center', anchorVert='center', antialias=True, autoDraw=False, autoLog=True, bold=False, color=array([-1, -1, -1]), colorSpace='rgb', contrast=1.0, depth=0, flipHoriz=False, flipVert=False, font='', fontFiles=[], height=50.0, italic=False, languageStyle='LTR', name='unnamed TextStim', opacity=1.0, ori=0.0, pos=array([0., 0.]), rgb=UNKNOWN, text='Poprawnie', units='pix', win=Window(...), wrapWidth=500)
42.7094 	EXP 	unnamed TextStim: height = 25.0
42.7094 	EXP 	unnamed TextStim: height = 25.0
42.7094 	EXP 	unnamed TextStim: height = 25.0
42.7094 	EXP 	unnamed TextStim: text = 'm'
44.6005 	DATA 	Keypress: m
44.6025 	EXP 	Created unnamed TextStim = TextStim(__class__=<class 'psychopy.visual.text.TextStim'>, alignHoriz=method-wrapper(...), alignText='center', alignVert=method-wrapper(...), anchorHoriz='center', anchorVert='center', antialias=True, autoDraw=False, autoLog=True, bold=False, color=array([-1, -1, -1]), colorSpace='rgb', contrast=1.0, depth=0, flipHoriz=False, flipVert=False, font='', fontFiles=[], height=50.0, italic=False, languageStyle='LTR', name='unnamed TextStim', opacity=1.0, ori=0.0, pos=array([0., 0.]), rgb=UNKNOWN, text='Poprawnie', units='pix', win=Window(...), wrapWidth=500)
45.6080 	EXP 	unnamed TextStim: text = 'm'
47.2056 	DATA 	Keypress: m
47.2079 	EXP 	Created unnamed TextStim = TextStim(__class__=<class 'psychopy.visual.text.TextStim'>, alignHoriz=method-wrapper(...), alignText='center', alignVert=method-wrapper(...), anchorHoriz='center', anchorVert='center', antialias=True, autoDraw=False, autoLog=True, bold=False, color=array([-1, -1, -1]), colorSpace='rgb', contrast=1.0, depth=0, flipHoriz=False, flipVert=False, font='', fontFiles=[], height=50.0, italic=False, languageStyle='LTR', name='unnamed TextStim', opacity=1.0, ori=0.0, pos=array([0., 0.]), rgb=UNKNOWN, text='Poprawnie', units='pix', win=Window(...), wrapWidth=500)
48.2249 	EXP 	unnamed TextStim: height = 25.0
48.2249 	EXP 	unnamed TextStim: height = 25.0
48.2249 	EXP 	unnamed TextStim: height = 25.0
48.2249 	EXP 	unnamed TextStim: text = 'n'
49.9108 	DATA 	Keypress: n
49.9128 	EXP 	Created unnamed TextStim = TextStim(__class__=<class 'psychopy.visual.text.TextStim'>, alignHoriz=method-wrapper(...), alignText='center', alignVert=method-wrapper(...), anchorHoriz='center', anchorVert='center', antialias=True, autoDraw=False, autoLog=True, bold=False, color=array([-1, -1, -1]), colorSpace='rgb', contrast=1.0, depth=0, flipHoriz=False, flipVert=False, font='', fontFiles=[], height=50.0, italic=False, languageStyle='LTR', name='unnamed TextStim', opacity=1.0, ori=0.0, pos=array([0., 0.]), rgb=UNKNOWN, text='Poprawnie', units='pix', win=Window(...), wrapWidth=500)
50.9249 	EXP 	unnamed TextStim: height = 25.0
50.9249 	EXP 	unnamed TextStim: height = 25.0
50.9249 	EXP 	unnamed TextStim: height = 25.0
50.9249 	EXP 	unnamed TextStim: text = 'm'
52.6459 	DATA 	Keypress: m
52.6483 	EXP 	Created unnamed TextStim = TextStim(__class__=<class 'psychopy.visual.text.TextStim'>, alignHoriz=method-wrapper(...), alignText='center', alignVert=method-wrapper(...), anchorHoriz='center', anchorVert='center', antialias=True, autoDraw=False, autoLog=True, bold=False, color=array([-1, -1, -1]), colorSpace='rgb', contrast=1.0, depth=0, flipHoriz=False, flipVert=False, font='', fontFiles=[], height=50.0, italic=False, languageStyle='LTR', name='unnamed TextStim', opacity=1.0, ori=0.0, pos=array([0., 0.]), rgb=UNKNOWN, text='Poprawnie', units='pix', win=Window(...), wrapWidth=500)
53.6585 	EXP 	unnamed TextStim: height = 25.0
53.6585 	EXP 	unnamed TextStim: height = 25.0
53.6585 	EXP 	unnamed TextStim: height = 25.0
53.6585 	EXP 	unnamed TextStim: text = 'z'
55.3917 	DATA 	Keypress: z
55.3943 	EXP 	Created unnamed TextStim = TextStim(__class__=<class 'psychopy.visual.text.TextStim'>, alignHoriz=method-wrapper(...), alignText='center', alignVert=method-wrapper(...), anchorHoriz='center', anchorVert='center', antialias=True, autoDraw=False, autoLog=True, bold=False, color=array([-1, -1, -1]), colorSpace='rgb', contrast=1.0, depth=0, flipHoriz=False, flipVert=False, font='', fontFiles=[], height=50.0, italic=False, languageStyle='LTR', name='unnamed TextStim', opacity=1.0, ori=0.0, pos=array([0., 0.]), rgb=UNKNOWN, text='Poprawnie', units='pix', win=Window(...), wrapWidth=500)
56.4086 	EXP 	unnamed TextStim: text = 'z'
57.8427 	DATA 	Keypress: z
57.8477 	EXP 	Created unnamed TextStim = TextStim(__class__=<class 'psychopy.visual.text.TextStim'>, alignHoriz=method-wrapper(...), alignText='center', alignVert=method-wrapper(...), anchorHoriz='center', anchorVert='center', antialias=True, autoDraw=False, autoLog=True, bold=False, color=array([-1, -1, -1]), colorSpace='rgb', contrast=1.0, depth=0, flipHoriz=False, flipVert=False, font='', fontFiles=[], height=50.0, italic=False, languageStyle='LTR', name='unnamed TextStim', opacity=1.0, ori=0.0, pos=array([0., 0.]), rgb=UNKNOWN, text='Poprawnie', units='pix', win=Window(...), wrapWidth=500)
58.8753 	EXP 	unnamed TextStim: text = 'z'
60.6341 	DATA 	Keypress: z
60.6362 	EXP 	Created unnamed TextStim = TextStim(__class__=<class 'psychopy.visual.text.TextStim'>, alignHoriz=method-wrapper(...), alignText='center', alignVert=method-wrapper(...), anchorHoriz='center', anchorVert='center', antialias=True, autoDraw=False, autoLog=True, bold=False, color=array([-1, -1, -1]), colorSpace='rgb', contrast=1.0, depth=0, flipHoriz=False, flipVert=False, font='', fontFiles=[], height=50.0, italic=False, languageStyle='LTR', name='unnamed TextStim', opacity=1.0, ori=0.0, pos=array([0., 0.]), rgb=UNKNOWN, text='Poprawnie', units='pix', win=Window(...), wrapWidth=500)
61.6421 	EXP 	unnamed TextStim: height = 25.0
61.6421 	EXP 	unnamed TextStim: height = 25.0
61.6421 	EXP 	unnamed TextStim: height = 25.0
61.6421 	EXP 	unnamed TextStim: text = 'm'
63.3403 	DATA 	Keypress: m
63.3424 	EXP 	Created unnamed TextStim = TextStim(__class__=<class 'psychopy.visual.text.TextStim'>, alignHoriz=method-wrapper(...), alignText='center', alignVert=method-wrapper(...), anchorHoriz='center', anchorVert='center', antialias=True, autoDraw=False, autoLog=True, bold=False, color=array([-1, -1, -1]), colorSpace='rgb', contrast=1.0, depth=0, flipHoriz=False, flipVert=False, font='', fontFiles=[], height=50.0, italic=False, languageStyle='LTR', name='unnamed TextStim', opacity=1.0, ori=0.0, pos=array([0., 0.]), rgb=UNKNOWN, text='Poprawnie', units='pix', win=Window(...), wrapWidth=500)
64.3590 	EXP 	unnamed TextStim: text = 'm'
65.9079 	DATA 	Keypress: m
65.9105 	EXP 	Created unnamed TextStim = TextStim(__class__=<class 'psychopy.visual.text.TextStim'>, alignHoriz=method-wrapper(...), alignText='center', alignVert=method-wrapper(...), anchorHoriz='center', anchorVert='center', antialias=True, autoDraw=False, autoLog=True, bold=False, color=array([-1, -1, -1]), colorSpace='rgb', contrast=1.0, depth=0, flipHoriz=False, flipVert=False, font='', fontFiles=[], height=50.0, italic=False, languageStyle='LTR', name='unnamed TextStim', opacity=1.0, ori=0.0, pos=array([0., 0.]), rgb=UNKNOWN, text='Poprawnie', units='pix', win=Window(...), wrapWidth=500)
66.9256 	EXP 	unnamed TextStim: text = 'm'
68.4949 	DATA 	Keypress: m
68.4968 	EXP 	Created unnamed TextStim = TextStim(__class__=<class 'psychopy.visual.text.TextStim'>, alignHoriz=method-wrapper(...), alignText='center', alignVert=method-wrapper(...), anchorHoriz='center', anchorVert='center', antialias=True, autoDraw=False, autoLog=True, bold=False, color=array([-1, -1, -1]), colorSpace='rgb', contrast=1.0, depth=0, flipHoriz=False, flipVert=False, font='', fontFiles=[], height=50.0, italic=False, languageStyle='LTR', name='unnamed TextStim', opacity=1.0, ori=0.0, pos=array([0., 0.]), rgb=UNKNOWN, text='Poprawnie', units='pix', win=Window(...), wrapWidth=500)
69.5090 	EXP 	unnamed TextStim: height = 25.0
69.5090 	EXP 	unnamed TextStim: height = 25.0
69.5090 	EXP 	unnamed TextStim: height = 25.0
69.5090 	EXP 	unnamed TextStim: text = 'n'
71.1688 	DATA 	Keypress: n
71.1712 	EXP 	Created unnamed TextStim = TextStim(__class__=<class 'psychopy.visual.text.TextStim'>, alignHoriz=method-wrapper(...), alignText='center', alignVert=method-wrapper(...), anchorHoriz='center', anchorVert='center', antialias=True, autoDraw=False, autoLog=True, bold=False, color=array([-1, -1, -1]), colorSpace='rgb', contrast=1.0, depth=0, flipHoriz=False, flipVert=False, font='', fontFiles=[], height=50.0, italic=False, languageStyle='LTR', name='unnamed TextStim', opacity=1.0, ori=0.0, pos=array([0., 0.]), rgb=UNKNOWN, text='Poprawnie', units='pix', win=Window(...), wrapWidth=500)
72.1756 	EXP 	unnamed TextStim: height = 25.0
72.1756 	EXP 	unnamed TextStim: height = 25.0
72.1756 	EXP 	unnamed TextStim: height = 25.0
72.1756 	EXP 	unnamed TextStim: text = 'm'
73.9105 	DATA 	Keypress: m
73.9131 	EXP 	Created unnamed TextStim = TextStim(__class__=<class 'psychopy.visual.text.TextStim'>, alignHoriz=method-wrapper(...), alignText='center', alignVert=method-wrapper(...), anchorHoriz='center', anchorVert='center', antialias=True, autoDraw=False, autoLog=True, bold=False, color=array([-1, -1, -1]), colorSpace='rgb', contrast=1.0, depth=0, flipHoriz=False, flipVert=False, font='', fontFiles=[], height=50.0, italic=False, languageStyle='LTR', name='unnamed TextStim', opacity=1.0, ori=0.0, pos=array([0., 0.]), rgb=UNKNOWN, text='Poprawnie', units='pix', win=Window(...), wrapWidth=500)
74.9258 	EXP 	unnamed TextStim: text = 'm'
76.4855 	DATA 	Keypress: m
76.4877 	EXP 	Created unnamed TextStim = TextStim(__class__=<class 'psychopy.visual.text.TextStim'>, alignHoriz=method-wrapper(...), alignText='center', alignVert=method-wrapper(...), anchorHoriz='center', anchorVert='center', antialias=True, autoDraw=False, autoLog=True, bold=False, color=array([-1, -1, -1]), colorSpace='rgb', contrast=1.0, depth=0, flipHoriz=False, flipVert=False, font='', fontFiles=[], height=50.0, italic=False, languageStyle='LTR', name='unnamed TextStim', opacity=1.0, ori=0.0, pos=array([0., 0.]), rgb=UNKNOWN, text='Poprawnie', units='pix', win=Window(...), wrapWidth=500)
77.5187 	EXP 	Created unnamed TextStim = TextStim(__class__=<class 'psychopy.visual.text.TextStim'>, alignHoriz=method-wrapper(...), alignText='center', alignVert=method-wrapper(...), anchorHoriz='center', anchorVert='center', antialias=True, autoDraw=False, autoLog=True, bold=False, color=array([-1, -1, -1]), colorSpace='rgb', contrast=1.0, depth=0, flipHoriz=False, flipVert=False, font='', fontFiles=[], height=20.0, italic=False, languageStyle='LTR', name='unnamed TextStim', opacity=1.0, ori=0.0, pos=array([0., 0.]), rgb=UNKNOWN, text=str(...), units='pix', win=Window(...), wrapWidth=1536)
79.8406 	DATA 	Keypress: space
79.8448 	EXP 	unnamed TextStim: height = 25.0
79.8448 	EXP 	unnamed TextStim: height = 25.0
79.8448 	EXP 	unnamed TextStim: height = 25.0
79.8448 	EXP 	unnamed TextStim: text = 'x'
81.5403 	DATA 	Keypress: n
81.5478 	EXP 	Created unnamed TextStim = TextStim(__class__=<class 'psychopy.visual.text.TextStim'>, alignHoriz=method-wrapper(...), alignText='center', alignVert=method-wrapper(...), anchorHoriz='center', anchorVert='center', antialias=True, autoDraw=False, autoLog=True, bold=False, color=array([-1, -1, -1]), colorSpace='rgb', contrast=1.0, depth=0, flipHoriz=False, flipVert=False, font='', fontFiles=[], height=50.0, italic=False, languageStyle='LTR', name='unnamed TextStim', opacity=1.0, ori=0.0, pos=array([0., 0.]), rgb=UNKNOWN, text='Niepoprawnie', units='pix', win=Window(...), wrapWidth=500)
82.5595 	EXP 	unnamed TextStim: text = 'x'
84.4303 	DATA 	Keypress: x
84.4337 	EXP 	Created unnamed TextStim = TextStim(__class__=<class 'psychopy.visual.text.TextStim'>, alignHoriz=method-wrapper(...), alignText='center', alignVert=method-wrapper(...), anchorHoriz='center', anchorVert='center', antialias=True, autoDraw=False, autoLog=True, bold=False, color=array([-1, -1, -1]), colorSpace='rgb', contrast=1.0, depth=0, flipHoriz=False, flipVert=False, font='', fontFiles=[], height=50.0, italic=False, languageStyle='LTR', name='unnamed TextStim', opacity=1.0, ori=0.0, pos=array([0., 0.]), rgb=UNKNOWN, text='Poprawnie', units='pix', win=Window(...), wrapWidth=500)
85.4430 	EXP 	unnamed TextStim: height = 25.0
85.4430 	EXP 	unnamed TextStim: height = 25.0
85.4430 	EXP 	unnamed TextStim: height = 25.0
85.4430 	EXP 	unnamed TextStim: text = 'z'
87.2077 	DATA 	Keypress: m
87.2098 	EXP 	Created unnamed TextStim = TextStim(__class__=<class 'psychopy.visual.text.TextStim'>, alignHoriz=method-wrapper(...), alignText='center', alignVert=method-wrapper(...), anchorHoriz='center', anchorVert='center', antialias=True, autoDraw=False, autoLog=True, bold=False, color=array([-1, -1, -1]), colorSpace='rgb', contrast=1.0, depth=0, flipHoriz=False, flipVert=False, font='', fontFiles=[], height=50.0, italic=False, languageStyle='LTR', name='unnamed TextStim', opacity=1.0, ori=0.0, pos=array([0., 0.]), rgb=UNKNOWN, text='Niepoprawnie', units='pix', win=Window(...), wrapWidth=500)
88.2264 	EXP 	unnamed TextStim: height = 25.0
88.2264 	EXP 	unnamed TextStim: height = 25.0
88.2264 	EXP 	unnamed TextStim: height = 25.0
88.2264 	EXP 	unnamed TextStim: text = 'n'
89.8554 	DATA 	Keypress: n
89.8574 	EXP 	Created unnamed TextStim = TextStim(__class__=<class 'psychopy.visual.text.TextStim'>, alignHoriz=method-wrapper(...), alignText='center', alignVert=method-wrapper(...), anchorHoriz='center', anchorVert='center', antialias=True, autoDraw=False, autoLog=True, bold=False, color=array([-1, -1, -1]), colorSpace='rgb', contrast=1.0, depth=0, flipHoriz=False, flipVert=False, font='', fontFiles=[], height=50.0, italic=False, languageStyle='LTR', name='unnamed TextStim', opacity=1.0, ori=0.0, pos=array([0., 0.]), rgb=UNKNOWN, text='Poprawnie', units='pix', win=Window(...), wrapWidth=500)
90.8613 	EXP 	unnamed TextStim: height = 25.0
90.8613 	EXP 	unnamed TextStim: height = 25.0
90.8613 	EXP 	unnamed TextStim: height = 25.0
90.8613 	EXP 	unnamed TextStim: text = 'm'
92.4810 	DATA 	Keypress: n
92.4833 	EXP 	Created unnamed TextStim = TextStim(__class__=<class 'psychopy.visual.text.TextStim'>, alignHoriz=method-wrapper(...), alignText='center', alignVert=method-wrapper(...), anchorHoriz='center', anchorVert='center', antialias=True, autoDraw=False, autoLog=True, bold=False, color=array([-1, -1, -1]), colorSpace='rgb', contrast=1.0, depth=0, flipHoriz=False, flipVert=False, font='', fontFiles=[], height=50.0, italic=False, languageStyle='LTR', name='unnamed TextStim', opacity=1.0, ori=0.0, pos=array([0., 0.]), rgb=UNKNOWN, text='Niepoprawnie', units='pix', win=Window(...), wrapWidth=500)
93.4933 	EXP 	unnamed TextStim: height = 25.0
93.4933 	EXP 	unnamed TextStim: height = 25.0
93.4933 	EXP 	unnamed TextStim: height = 25.0
93.4933 	EXP 	unnamed TextStim: text = 'x'
95.4493 	DATA 	Keypress: x
95.4519 	EXP 	Created unnamed TextStim = TextStim(__class__=<class 'psychopy.visual.text.TextStim'>, alignHoriz=method-wrapper(...), alignText='center', alignVert=method-wrapper(...), anchorHoriz='center', anchorVert='center', antialias=True, autoDraw=False, autoLog=True, bold=False, color=array([-1, -1, -1]), colorSpace='rgb', contrast=1.0, depth=0, flipHoriz=False, flipVert=False, font='', fontFiles=[], height=50.0, italic=False, languageStyle='LTR', name='unnamed TextStim', opacity=1.0, ori=0.0, pos=array([0., 0.]), rgb=UNKNOWN, text='Poprawnie', units='pix', win=Window(...), wrapWidth=500)
96.4601 	EXP 	unnamed TextStim: height = 25.0
96.4601 	EXP 	unnamed TextStim: height = 25.0
96.4601 	EXP 	unnamed TextStim: height = 25.0
96.4601 	EXP 	unnamed TextStim: text = 'n'
98.0803 	DATA 	Keypress: x
98.0828 	EXP 	Created unnamed TextStim = TextStim(__class__=<class 'psychopy.visual.text.TextStim'>, alignHoriz=method-wrapper(...), alignText='center', alignVert=method-wrapper(...), anchorHoriz='center', anchorVert='center', antialias=True, autoDraw=False, autoLog=True, bold=False, color=array([-1, -1, -1]), colorSpace='rgb', contrast=1.0, depth=0, flipHoriz=False, flipVert=False, font='', fontFiles=[], height=50.0, italic=False, languageStyle='LTR', name='unnamed TextStim', opacity=1.0, ori=0.0, pos=array([0., 0.]), rgb=UNKNOWN, text='Niepoprawnie', units='pix', win=Window(...), wrapWidth=500)
99.0934 	EXP 	unnamed TextStim: text = 'n'
100.9453 	DATA 	Keypress: n
100.9473 	EXP 	Created unnamed TextStim = TextStim(__class__=<class 'psychopy.visual.text.TextStim'>, alignHoriz=method-wrapper(...), alignText='center', alignVert=method-wrapper(...), anchorHoriz='center', anchorVert='center', antialias=True, autoDraw=False, autoLog=True, bold=False, color=array([-1, -1, -1]), colorSpace='rgb', contrast=1.0, depth=0, flipHoriz=False, flipVert=False, font='', fontFiles=[], height=50.0, italic=False, languageStyle='LTR', name='unnamed TextStim', opacity=1.0, ori=0.0, pos=array([0., 0.]), rgb=UNKNOWN, text='Poprawnie', units='pix', win=Window(...), wrapWidth=500)
101.9602 	EXP 	unnamed TextStim: text = 'n'
103.5114 	DATA 	Keypress: n
103.5136 	EXP 	Created unnamed TextStim = TextStim(__class__=<class 'psychopy.visual.text.TextStim'>, alignHoriz=method-wrapper(...), alignText='center', alignVert=method-wrapper(...), anchorHoriz='center', anchorVert='center', antialias=True, autoDraw=False, autoLog=True, bold=False, color=array([-1, -1, -1]), colorSpace='rgb', contrast=1.0, depth=0, flipHoriz=False, flipVert=False, font='', fontFiles=[], height=50.0, italic=False, languageStyle='LTR', name='unnamed TextStim', opacity=1.0, ori=0.0, pos=array([0., 0.]), rgb=UNKNOWN, text='Poprawnie', units='pix', win=Window(...), wrapWidth=500)
104.5270 	EXP 	unnamed TextStim: height = 25.0
104.5270 	EXP 	unnamed TextStim: height = 25.0
104.5270 	EXP 	unnamed TextStim: height = 25.0
104.5270 	EXP 	unnamed TextStim: text = 'x'
106.2866 	DATA 	Keypress: x
106.2894 	EXP 	Created unnamed TextStim = TextStim(__class__=<class 'psychopy.visual.text.TextStim'>, alignHoriz=method-wrapper(...), alignText='center', alignVert=method-wrapper(...), anchorHoriz='center', anchorVert='center', antialias=True, autoDraw=False, autoLog=True, bold=False, color=array([-1, -1, -1]), colorSpace='rgb', contrast=1.0, depth=0, flipHoriz=False, flipVert=False, font='', fontFiles=[], height=50.0, italic=False, languageStyle='LTR', name='unnamed TextStim', opacity=1.0, ori=0.0, pos=array([0., 0.]), rgb=UNKNOWN, text='Poprawnie', units='pix', win=Window(...), wrapWidth=500)
107.3207 	EXP 	Created unnamed TextStim = TextStim(__class__=<class 'psychopy.visual.text.TextStim'>, alignHoriz=method-wrapper(...), alignText='center', alignVert=method-wrapper(...), anchorHoriz='center', anchorVert='center', antialias=True, autoDraw=False, autoLog=True, bold=False, color=array([-1, -1, -1]), colorSpace='rgb', contrast=1.0, depth=0, flipHoriz=False, flipVert=False, font='', fontFiles=[], height=20.0, italic=False, languageStyle='LTR', name='unnamed TextStim', opacity=1.0, ori=0.0, pos=array([0., 0.]), rgb=UNKNOWN, text=str(...), units='pix', win=Window(...), wrapWidth=1536)
109.5792 	DATA 	Keypress: space
109.5937 	EXP 	unnamed TextStim: height = 25.0
109.5937 	EXP 	unnamed TextStim: height = 25.0
109.5937 	EXP 	unnamed TextStim: height = 25.0
109.5937 	EXP 	unnamed TextStim: text = 'n'
111.3758 	DATA 	Keypress: n
111.3801 	EXP 	unnamed TextStim: height = 25.0
111.3801 	EXP 	unnamed TextStim: height = 25.0
111.3801 	EXP 	unnamed TextStim: height = 25.0
111.3801 	EXP 	unnamed TextStim: text = 'z'
113.3251 	DATA 	Keypress: z
113.3262 	EXP 	unnamed TextStim: text = 'z'
115.3180 	DATA 	Keypress: n
115.3206 	EXP 	unnamed TextStim: height = 25.0
115.3206 	EXP 	unnamed TextStim: height = 25.0
115.3206 	EXP 	unnamed TextStim: height = 25.0
115.3206 	EXP 	unnamed TextStim: text = 'n'
116.8639 	DATA 	Keypress: n
116.8661 	EXP 	unnamed TextStim: height = 25.0
116.8661 	EXP 	unnamed TextStim: height = 25.0
116.8661 	EXP 	unnamed TextStim: height = 25.0
116.8661 	EXP 	unnamed TextStim: text = 'z'
118.8735 	DATA 	Keypress: m
118.8757 	EXP 	unnamed TextStim: height = 25.0
118.8757 	EXP 	unnamed TextStim: height = 25.0
118.8757 	EXP 	unnamed TextStim: height = 25.0
118.8757 	EXP 	unnamed TextStim: text = 'n'
120.7053 	DATA 	Keypress: m
120.8636 	EXP 	Created unnamed ImageStim = ImageStim(__class__=<class 'psychopy.visual.image.ImageStim'>, anchor=('center', 'center'), autoLog=True, color=array([1., 1., 1.]), colorSpace='rgb', contrast=1.0, depth=0, flipHoriz=False, flipVert=False, image='break.jpg', interpolate=True, mask=None, maskParams=None, name='unnamed ImageStim', opacity=1.0, ori=0.0, pos=array([0., 0.]), size=array([1536.,  864.]), texRes=128, units='pix', win=Window(...))
122.2675 	DATA 	Keypress: space
122.2776 	EXP 	unnamed TextStim: text = 'n'
123.9135 	DATA 	Keypress: n
123.9164 	EXP 	unnamed TextStim: height = 25.0
123.9164 	EXP 	unnamed TextStim: height = 25.0
123.9164 	EXP 	unnamed TextStim: height = 25.0
123.9164 	EXP 	unnamed TextStim: text = 'x'
125.8128 	DATA 	Keypress: x
125.8140 	EXP 	unnamed TextStim: text = 'x'
127.5229 	DATA 	Keypress: x
127.5275 	EXP 	unnamed TextStim: height = 25.0
127.5275 	EXP 	unnamed TextStim: height = 25.0
127.5275 	EXP 	unnamed TextStim: height = 25.0
127.5275 	EXP 	unnamed TextStim: text = 'z'
129.4568 	DATA 	Keypress: m
129.4590 	EXP 	unnamed TextStim: height = 25.0
129.4590 	EXP 	unnamed TextStim: height = 25.0
129.4590 	EXP 	unnamed TextStim: height = 25.0
129.4590 	EXP 	unnamed TextStim: text = 'n'
131.1318 	DATA 	Keypress: x
131.1341 	EXP 	unnamed TextStim: height = 25.0
131.1341 	EXP 	unnamed TextStim: height = 25.0
131.1341 	EXP 	unnamed TextStim: height = 25.0
131.1341 	EXP 	unnamed TextStim: text = 'x'
133.4310 	DATA 	Keypress: n
133.5796 	EXP 	Created unnamed ImageStim = ImageStim(__class__=<class 'psychopy.visual.image.ImageStim'>, anchor=('center', 'center'), autoLog=True, color=array([1., 1., 1.]), colorSpace='rgb', contrast=1.0, depth=0, flipHoriz=False, flipVert=False, image='break.jpg', interpolate=True, mask=None, maskParams=None, name='unnamed ImageStim', opacity=1.0, ori=0.0, pos=array([0., 0.]), size=array([1536.,  864.]), texRes=128, units='pix', win=Window(...))
134.7597 	DATA 	Keypress: space
134.7613 	EXP 	unnamed TextStim: text = 'x'
136.6682 	DATA 	Keypress: m
136.6694 	EXP 	unnamed TextStim: text = 'x'
138.4874 	DATA 	Keypress: x
138.4896 	EXP 	unnamed TextStim: height = 25.0
138.4896 	EXP 	unnamed TextStim: height = 25.0
138.4896 	EXP 	unnamed TextStim: height = 25.0
138.4896 	EXP 	unnamed TextStim: text = 'z'
141.0990 	DATA 	Keypress: m
141.1013 	EXP 	unnamed TextStim: height = 25.0
141.1013 	EXP 	unnamed TextStim: height = 25.0
141.1013 	EXP 	unnamed TextStim: height = 25.0
141.1013 	EXP 	unnamed TextStim: text = 'n'
142.8963 	DATA 	Keypress: n
142.8983 	EXP 	unnamed TextStim: height = 25.0
142.8983 	EXP 	unnamed TextStim: height = 25.0
142.8983 	EXP 	unnamed TextStim: height = 25.0
142.8983 	EXP 	unnamed TextStim: text = 'x'
144.9507 	DATA 	Keypress: x
144.9536 	EXP 	unnamed TextStim: height = 25.0
144.9536 	EXP 	unnamed TextStim: height = 25.0
144.9536 	EXP 	unnamed TextStim: height = 25.0
144.9536 	EXP 	unnamed TextStim: text = 'm'
147.0076 	DATA 	Keypress: m
147.1519 	EXP 	Created unnamed ImageStim = ImageStim(__class__=<class 'psychopy.visual.image.ImageStim'>, anchor=('center', 'center'), autoLog=True, color=array([1., 1., 1.]), colorSpace='rgb', contrast=1.0, depth=0, flipHoriz=False, flipVert=False, image='break.jpg', interpolate=True, mask=None, maskParams=None, name='unnamed ImageStim', opacity=1.0, ori=0.0, pos=array([0., 0.]), size=array([1536.,  864.]), texRes=128, units='pix', win=Window(...))
148.2010 	DATA 	Keypress: space
148.2118 	EXP 	unnamed TextStim: height = 25.0
148.2118 	EXP 	unnamed TextStim: height = 25.0
148.2118 	EXP 	unnamed TextStim: height = 25.0
148.2118 	EXP 	unnamed TextStim: text = 'n'
149.8108 	DATA 	Keypress: n
149.8132 	EXP 	unnamed TextStim: height = 25.0
149.8132 	EXP 	unnamed TextStim: height = 25.0
149.8132 	EXP 	unnamed TextStim: height = 25.0
149.8132 	EXP 	unnamed TextStim: text = 'm'
151.3890 	DATA 	Keypress: m
151.3914 	EXP 	unnamed TextStim: height = 25.0
151.3914 	EXP 	unnamed TextStim: height = 25.0
151.3914 	EXP 	unnamed TextStim: height = 25.0
151.3914 	EXP 	unnamed TextStim: text = 'n'
152.8923 	DATA 	Keypress: n
152.8945 	EXP 	unnamed TextStim: height = 25.0
152.8945 	EXP 	unnamed TextStim: height = 25.0
152.8945 	EXP 	unnamed TextStim: height = 25.0
152.8945 	EXP 	unnamed TextStim: text = 'z'
155.0002 	DATA 	Keypress: n
155.0014 	EXP 	unnamed TextStim: text = 'z'
157.2581 	DATA 	Keypress: x
157.2603 	EXP 	unnamed TextStim: height = 25.0
157.2603 	EXP 	unnamed TextStim: height = 25.0
157.2603 	EXP 	unnamed TextStim: height = 25.0
157.2603 	EXP 	unnamed TextStim: text = 'n'
158.8929 	DATA 	Keypress: n
159.0466 	EXP 	Created unnamed ImageStim = ImageStim(__class__=<class 'psychopy.visual.image.ImageStim'>, anchor=('center', 'center'), autoLog=True, color=array([1., 1., 1.]), colorSpace='rgb', contrast=1.0, depth=0, flipHoriz=False, flipVert=False, image='break.jpg', interpolate=True, mask=None, maskParams=None, name='unnamed ImageStim', opacity=1.0, ori=0.0, pos=array([0., 0.]), size=array([1536.,  864.]), texRes=128, units='pix', win=Window(...))
160.4588 	DATA 	Keypress: space
160.4622 	EXP 	unnamed TextStim: height = 25.0
160.4622 	EXP 	unnamed TextStim: height = 25.0
160.4622 	EXP 	unnamed TextStim: height = 25.0
160.4622 	EXP 	unnamed TextStim: text = 'm'
162.4185 	DATA 	Keypress: n
162.4208 	EXP 	unnamed TextStim: height = 25.0
162.4208 	EXP 	unnamed TextStim: height = 25.0
162.4208 	EXP 	unnamed TextStim: height = 25.0
162.4208 	EXP 	unnamed TextStim: text = 'n'
163.9248 	DATA 	Keypress: n
163.9271 	EXP 	unnamed TextStim: height = 25.0
163.9271 	EXP 	unnamed TextStim: height = 25.0
163.9271 	EXP 	unnamed TextStim: height = 25.0
163.9271 	EXP 	unnamed TextStim: text = 'x'
165.7239 	DATA 	Keypress: x
165.7261 	EXP 	unnamed TextStim: height = 25.0
165.7261 	EXP 	unnamed TextStim: height = 25.0
165.7261 	EXP 	unnamed TextStim: height = 25.0
165.7261 	EXP 	unnamed TextStim: text = 'm'
167.6057 	DATA 	Keypress: m
167.6102 	EXP 	unnamed TextStim: height = 25.0
167.6102 	EXP 	unnamed TextStim: height = 25.0
167.6102 	EXP 	unnamed TextStim: height = 25.0
167.6102 	EXP 	unnamed TextStim: text = 'n'
169.5433 	DATA 	Keypress: m
169.5455 	EXP 	unnamed TextStim: height = 25.0
169.5455 	EXP 	unnamed TextStim: height = 25.0
169.5455 	EXP 	unnamed TextStim: height = 25.0
169.5455 	EXP 	unnamed TextStim: text = 'm'
171.1353 	DATA 	Keypress: m
171.2951 	EXP 	Created unnamed ImageStim = ImageStim(__class__=<class 'psychopy.visual.image.ImageStim'>, anchor=('center', 'center'), autoLog=True, color=array([1., 1., 1.]), colorSpace='rgb', contrast=1.0, depth=0, flipHoriz=False, flipVert=False, image='break.jpg', interpolate=True, mask=None, maskParams=None, name='unnamed ImageStim', opacity=1.0, ori=0.0, pos=array([0., 0.]), size=array([1536.,  864.]), texRes=128, units='pix', win=Window(...))
174.9523 	DATA 	Keypress: space
174.9627 	EXP 	unnamed TextStim: height = 25.0
174.9627 	EXP 	unnamed TextStim: height = 25.0
174.9627 	EXP 	unnamed TextStim: height = 25.0
174.9627 	EXP 	unnamed TextStim: text = 'x'
176.8262 	DATA 	Keypress: x
176.8275 	EXP 	unnamed TextStim: text = 'x'
178.5691 	DATA 	Keypress: m
178.5714 	EXP 	unnamed TextStim: height = 25.0
178.5714 	EXP 	unnamed TextStim: height = 25.0
178.5714 	EXP 	unnamed TextStim: height = 25.0
178.5714 	EXP 	unnamed TextStim: text = 'n'
180.6378 	DATA 	Keypress: m
180.6389 	EXP 	unnamed TextStim: text = 'n'
182.3212 	DATA 	Keypress: n
182.3234 	EXP 	unnamed TextStim: height = 25.0
182.3234 	EXP 	unnamed TextStim: height = 25.0
182.3234 	EXP 	unnamed TextStim: height = 25.0
182.3234 	EXP 	unnamed TextStim: text = 'z'
184.0369 	DATA 	Keypress: m
184.0390 	EXP 	unnamed TextStim: height = 25.0
184.0390 	EXP 	unnamed TextStim: height = 25.0
184.0390 	EXP 	unnamed TextStim: height = 25.0
184.0390 	EXP 	unnamed TextStim: text = 'n'
185.5622 	DATA 	Keypress: n
185.7119 	EXP 	Created unnamed ImageStim = ImageStim(__class__=<class 'psychopy.visual.image.ImageStim'>, anchor=('center', 'center'), autoLog=True, color=array([1., 1., 1.]), colorSpace='rgb', contrast=1.0, depth=0, flipHoriz=False, flipVert=False, image='break.jpg', interpolate=True, mask=None, maskParams=None, name='unnamed ImageStim', opacity=1.0, ori=0.0, pos=array([0., 0.]), size=array([1536.,  864.]), texRes=128, units='pix', win=Window(...))
186.9005 	DATA 	Keypress: space
186.9131 	EXP 	unnamed TextStim: height = 25.0
186.9131 	EXP 	unnamed TextStim: height = 25.0
186.9131 	EXP 	unnamed TextStim: height = 25.0
186.9131 	EXP 	unnamed TextStim: text = 'm'
188.5656 	DATA 	Keypress: m
188.5678 	EXP 	unnamed TextStim: height = 25.0
188.5678 	EXP 	unnamed TextStim: height = 25.0
188.5678 	EXP 	unnamed TextStim: height = 25.0
188.5678 	EXP 	unnamed TextStim: text = 'x'
190.2607 	DATA 	Keypress: m
190.2697 	EXP 	unnamed TextStim: height = 25.0
190.2697 	EXP 	unnamed TextStim: height = 25.0
190.2697 	EXP 	unnamed TextStim: height = 25.0
190.2697 	EXP 	unnamed TextStim: text = 'm'
191.7422 	DATA 	Keypress: m
191.7444 	EXP 	unnamed TextStim: height = 25.0
191.7444 	EXP 	unnamed TextStim: height = 25.0
191.7444 	EXP 	unnamed TextStim: height = 25.0
191.7444 	EXP 	unnamed TextStim: text = 'n'
194.4550 	DATA 	Keypress: space
194.5305 	DATA 	No keypress (maxWait exceeded)
194.5316 	EXP 	unnamed TextStim: text = 'n'
196.4091 	DATA 	Keypress: m
196.4104 	EXP 	unnamed TextStim: text = 'n'
198.0545 	DATA 	Keypress: m
198.1927 	EXP 	Created unnamed ImageStim = ImageStim(__class__=<class 'psychopy.visual.image.ImageStim'>, anchor=('center', 'center'), autoLog=True, color=array([1., 1., 1.]), colorSpace='rgb', contrast=1.0, depth=0, flipHoriz=False, flipVert=False, image='break.jpg', interpolate=True, mask=None, maskParams=None, name='unnamed ImageStim', opacity=1.0, ori=0.0, pos=array([0., 0.]), size=array([1536.,  864.]), texRes=128, units='pix', win=Window(...))
199.4333 	DATA 	Keypress: space
199.4468 	EXP 	unnamed TextStim: height = 25.0
199.4468 	EXP 	unnamed TextStim: height = 25.0
199.4468 	EXP 	unnamed TextStim: height = 25.0
199.4468 	EXP 	unnamed TextStim: text = 'x'
201.2221 	DATA 	Keypress: x
201.2243 	EXP 	unnamed TextStim: height = 25.0
201.2243 	EXP 	unnamed TextStim: height = 25.0
201.2243 	EXP 	unnamed TextStim: height = 25.0
201.2243 	EXP 	unnamed TextStim: text = 'm'
203.3311 	DATA 	Keypress: x
203.3333 	EXP 	unnamed TextStim: height = 25.0
203.3333 	EXP 	unnamed TextStim: height = 25.0
203.3333 	EXP 	unnamed TextStim: height = 25.0
203.3333 	EXP 	unnamed TextStim: text = 'x'
205.6073 	DATA 	Keypress: z
205.6094 	EXP 	unnamed TextStim: height = 25.0
205.6094 	EXP 	unnamed TextStim: height = 25.0
205.6094 	EXP 	unnamed TextStim: height = 25.0
205.6094 	EXP 	unnamed TextStim: text = 'n'
207.5730 	DATA 	Keypress: z
207.5753 	EXP 	unnamed TextStim: height = 25.0
207.5753 	EXP 	unnamed TextStim: height = 25.0
207.5753 	EXP 	unnamed TextStim: height = 25.0
207.5753 	EXP 	unnamed TextStim: text = 'z'
209.1147 	DATA 	Keypress: z
209.1159 	EXP 	unnamed TextStim: text = 'z'
210.7630 	DATA 	Keypress: z
210.8979 	EXP 	Created unnamed ImageStim = ImageStim(__class__=<class 'psychopy.visual.image.ImageStim'>, anchor=('center', 'center'), autoLog=True, color=array([1., 1., 1.]), colorSpace='rgb', contrast=1.0, depth=0, flipHoriz=False, flipVert=False, image='break.jpg', interpolate=True, mask=None, maskParams=None, name='unnamed ImageStim', opacity=1.0, ori=0.0, pos=array([0., 0.]), size=array([1536.,  864.]), texRes=128, units='pix', win=Window(...))
212.1727 	DATA 	Keypress: space
212.1807 	EXP 	unnamed TextStim: height = 25.0
212.1807 	EXP 	unnamed TextStim: height = 25.0
212.1807 	EXP 	unnamed TextStim: height = 25.0
212.1807 	EXP 	unnamed TextStim: text = 'n'
214.4401 	DATA 	Keypress: n
214.4469 	EXP 	unnamed TextStim: height = 25.0
214.4469 	EXP 	unnamed TextStim: height = 25.0
214.4469 	EXP 	unnamed TextStim: height = 25.0
214.4469 	EXP 	unnamed TextStim: text = 'm'
216.3910 	DATA 	Keypress: z
216.3946 	EXP 	unnamed TextStim: height = 25.0
216.3946 	EXP 	unnamed TextStim: height = 25.0
216.3946 	EXP 	unnamed TextStim: height = 25.0
216.3946 	EXP 	unnamed TextStim: text = 'z'
218.0747 	DATA 	Keypress: z
218.0760 	EXP 	unnamed TextStim: text = 'z'
219.6876 	DATA 	Keypress: z
219.6897 	EXP 	unnamed TextStim: height = 25.0
219.6897 	EXP 	unnamed TextStim: height = 25.0
219.6897 	EXP 	unnamed TextStim: height = 25.0
219.6897 	EXP 	unnamed TextStim: text = 'm'
221.4692 	DATA 	Keypress: m
221.4716 	EXP 	unnamed TextStim: height = 25.0
221.4716 	EXP 	unnamed TextStim: height = 25.0
221.4716 	EXP 	unnamed TextStim: height = 25.0
221.4716 	EXP 	unnamed TextStim: text = 'z'
223.2771 	DATA 	Keypress: z
223.4247 	EXP 	Created unnamed ImageStim = ImageStim(__class__=<class 'psychopy.visual.image.ImageStim'>, anchor=('center', 'center'), autoLog=True, color=array([1., 1., 1.]), colorSpace='rgb', contrast=1.0, depth=0, flipHoriz=False, flipVert=False, image='break.jpg', interpolate=True, mask=None, maskParams=None, name='unnamed ImageStim', opacity=1.0, ori=0.0, pos=array([0., 0.]), size=array([1536.,  864.]), texRes=128, units='pix', win=Window(...))
224.5435 	DATA 	Keypress: space
224.5477 	EXP 	unnamed TextStim: text = 'z'
226.3650 	DATA 	Keypress: z
226.3671 	EXP 	unnamed TextStim: height = 25.0
226.3671 	EXP 	unnamed TextStim: height = 25.0
226.3671 	EXP 	unnamed TextStim: height = 25.0
226.3671 	EXP 	unnamed TextStim: text = 'm'
228.0914 	DATA 	Keypress: m
228.0927 	EXP 	unnamed TextStim: text = 'm'
229.7027 	DATA 	Keypress: m
229.7052 	EXP 	unnamed TextStim: height = 25.0
229.7052 	EXP 	unnamed TextStim: height = 25.0
229.7052 	EXP 	unnamed TextStim: height = 25.0
229.7052 	EXP 	unnamed TextStim: text = 'x'
231.4826 	DATA 	Keypress: x
231.4848 	EXP 	unnamed TextStim: height = 25.0
231.4848 	EXP 	unnamed TextStim: height = 25.0
231.4848 	EXP 	unnamed TextStim: height = 25.0
231.4848 	EXP 	unnamed TextStim: text = 'm'
233.5323 	DATA 	Keypress: m
233.5335 	EXP 	unnamed TextStim: text = 'm'
235.4066 	DATA 	Keypress: n
235.5437 	EXP 	Created unnamed ImageStim = ImageStim(__class__=<class 'psychopy.visual.image.ImageStim'>, anchor=('center', 'center'), autoLog=True, color=array([1., 1., 1.]), colorSpace='rgb', contrast=1.0, depth=0, flipHoriz=False, flipVert=False, image='break.jpg', interpolate=True, mask=None, maskParams=None, name='unnamed ImageStim', opacity=1.0, ori=0.0, pos=array([0., 0.]), size=array([1536.,  864.]), texRes=128, units='pix', win=Window(...))
236.6089 	DATA 	Keypress: space
236.6167 	EXP 	unnamed TextStim: height = 25.0
236.6167 	EXP 	unnamed TextStim: height = 25.0
236.6167 	EXP 	unnamed TextStim: height = 25.0
236.6167 	EXP 	unnamed TextStim: text = 'n'
238.0478 	DATA 	Keypress: n
238.0490 	EXP 	unnamed TextStim: text = 'n'
239.4968 	DATA 	Keypress: n
239.4990 	EXP 	unnamed TextStim: height = 25.0
239.4990 	EXP 	unnamed TextStim: height = 25.0
239.4990 	EXP 	unnamed TextStim: height = 25.0
239.4990 	EXP 	unnamed TextStim: text = 'x'
241.0767 	DATA 	Keypress: x
241.0780 	EXP 	unnamed TextStim: text = 'x'
243.1317 	DATA 	Keypress: x
243.1339 	EXP 	unnamed TextStim: height = 25.0
243.1339 	EXP 	unnamed TextStim: height = 25.0
243.1339 	EXP 	unnamed TextStim: height = 25.0
243.1339 	EXP 	unnamed TextStim: text = 'n'
243.2500 	DATA 	Keypress: z
245.2061 	DATA 	Keypress: n
245.2072 	EXP 	unnamed TextStim: text = 'n'
246.8776 	DATA 	Keypress: n
247.0136 	EXP 	Created unnamed ImageStim = ImageStim(__class__=<class 'psychopy.visual.image.ImageStim'>, anchor=('center', 'center'), autoLog=True, color=array([1., 1., 1.]), colorSpace='rgb', contrast=1.0, depth=0, flipHoriz=False, flipVert=False, image='break.jpg', interpolate=True, mask=None, maskParams=None, name='unnamed ImageStim', opacity=1.0, ori=0.0, pos=array([0., 0.]), size=array([1536.,  864.]), texRes=128, units='pix', win=Window(...))
248.1180 	DATA 	Keypress: space
248.1322 	EXP 	Created unnamed TextStim = TextStim(__class__=<class 'psychopy.visual.text.TextStim'>, alignHoriz=method-wrapper(...), alignText='center', alignVert=method-wrapper(...), anchorHoriz='center', anchorVert='center', antialias=True, autoDraw=False, autoLog=True, bold=False, color=array([-1, -1, -1]), colorSpace='rgb', contrast=1.0, depth=0, flipHoriz=False, flipVert=False, font='', fontFiles=[], height=20.0, italic=False, languageStyle='LTR', name='unnamed TextStim', opacity=1.0, ori=0.0, pos=array([0., 0.]), rgb=UNKNOWN, text=str(...), units='pix', win=Window(...), wrapWidth=1536)
249.7989 	DATA 	Keypress: return
249.8924 	EXP 	window1: mouseVisible = True
