29.0490 	WARNING 	User requested fullscreen with size [1536  864], but screen is actually [1920, 1080]. Using actual size
30.3767 	INFO 	FRAME RATE: 60
30.3767 	INFO 	SCREEN RES: odict_values([1536, 864])
30.4345 	EXP 	Created unnamed TextStim = TextStim(__class__=<class 'psychopy.visual.text.TextStim'>, alignHoriz=method-wrapper(...), alignText='center', alignVert=method-wrapper(...), anchorHoriz='center', anchorVert='center', antialias=True, autoDraw=False, autoLog=True, bold=False, color=array([-1, -1, -1]), colorSpace='rgb', contrast=1.0, depth=0, flipHoriz=False, flipVert=False, font='', fontFiles=[], height=100.0, italic=False, languageStyle='LTR', name='unnamed TextStim', opacity=1.0, ori=0.0, pos=array([0., 0.]), rgb=UNKNOWN, text='+', units='pix', win=Window(...), wrapWidth=500)
30.4385 	EXP 	Created unnamed Circle = Circle(__class__=<class 'psychopy.visual.circle.Circle'>, anchor=('center', 'center'), autoDraw=False, autoLog=True, closeShape=True, color=method-wrapper(...), colorSpace='rgb', contrast=None, depth=0, fillColor=array([ 0.09019608, -1.        , -1.        ]), fillColorSpace='rgb', fillRGB=array([ 0.09019608, -1.        , -1.        ]), interpolate=True, lineColor=array([ 0.09019608, -1.        , -1.        ]), lineColorSpace='rgb', lineRGB=array([ 0.09019608, -1.        , -1.        ]), lineWidth=1.5, name='unnamed Circle', opacity=1.0, ori=0.0, pos=array([0., 0.]), size=array([1., 1.]), units='pix', vertices=ndarray(...), win=Window(...))
30.4394 	EXP 	Created unnamed TextStim = TextStim(__class__=<class 'psychopy.visual.text.TextStim'>, alignHoriz=method-wrapper(...), alignText='center', alignVert=method-wrapper(...), anchorHoriz='center', anchorVert='center', antialias=True, autoDraw=False, autoLog=True, bold=False, color=array([-0.17647059, -0.17647059, -0.17647059]), colorSpace='rgb', contrast=1.0, depth=0, flipHoriz=False, flipVert=False, font='', fontFiles=[], height=25, italic=False, languageStyle='LTR', name='unnamed TextStim', opacity=1.0, ori=0.0, pos=array([0., 0.]), rgb=UNKNOWN, text='', units='pix', win=Window(...), wrapWidth=500)
30.4470 	EXP 	Created unnamed ImageStim = ImageStim(__class__=<class 'psychopy.visual.image.ImageStim'>, anchor=('center', 'center'), autoLog=True, color=array([1., 1., 1.]), colorSpace='rgb', contrast=1.0, depth=0, flipHoriz=False, flipVert=False, image='mask4.png', interpolate=False, mask=None, maskParams=None, name='unnamed ImageStim', opacity=1.0, ori=0.0, pos=array([0., 0.]), size=array([25., 25.]), texRes=128, units='pix', win=Window(...))
30.4547 	EXP 	Created unnamed TextStim = TextStim(__class__=<class 'psychopy.visual.text.TextStim'>, alignHoriz=method-wrapper(...), alignText='center', alignVert=method-wrapper(...), anchorHoriz='center', anchorVert='center', antialias=True, autoDraw=False, autoLog=True, bold=False, color=array([-1, -1, -1]), colorSpace='rgb', contrast=1.0, depth=0, flipHoriz=False, flipVert=False, font='', fontFiles=[], height=30.0, italic=False, languageStyle='LTR', name='unnamed TextStim', opacity=1.0, ori=0.0, pos=array([ 100., -300.]), rgb=UNKNOWN, text=str(...), units='pix', win=Window(...), wrapWidth=10000)
30.4594 	EXP 	Created unnamed TextStim = TextStim(__class__=<class 'psychopy.visual.text.TextStim'>, alignHoriz=method-wrapper(...), alignText='center', alignVert=method-wrapper(...), anchorHoriz='center', anchorVert='center', antialias=True, autoDraw=False, autoLog=True, bold=False, color=array([-1, -1, -1]), colorSpace='rgb', contrast=1.0, depth=0, flipHoriz=False, flipVert=False, font='', fontFiles=[], height=30.0, italic=False, languageStyle='LTR', name='unnamed TextStim', opacity=1.0, ori=0.0, pos=array([ 100., -330.]), rgb=UNKNOWN, text=str(...), units='pix', win=Window(...), wrapWidth=10000)
30.4998 	EXP 	Created unnamed TextStim = TextStim(__class__=<class 'psychopy.visual.text.TextStim'>, alignHoriz=method-wrapper(...), alignText='center', alignVert=method-wrapper(...), anchorHoriz='center', anchorVert='center', antialias=True, autoDraw=False, autoLog=True, bold=False, color=array([-1, -1, -1]), colorSpace='rgb', contrast=1.0, depth=0, flipHoriz=False, flipVert=False, font='', fontFiles=[], height=20.0, italic=False, languageStyle='LTR', name='unnamed TextStim', opacity=1.0, ori=0.0, pos=array([0., 0.]), rgb=UNKNOWN, text=str(...), units='pix', win=Window(...), wrapWidth=1536)
62.7034 	DATA 	Keypress: space
62.7094 	EXP 	unnamed TextStim: height = 25.0
62.7094 	EXP 	unnamed TextStim: height = 25.0
62.7094 	EXP 	unnamed TextStim: height = 25.0
62.7094 	EXP 	unnamed TextStim: text = 'x'
64.9002 	DATA 	Keypress: x
64.9092 	EXP 	Created unnamed TextStim = TextStim(__class__=<class 'psychopy.visual.text.TextStim'>, alignHoriz=method-wrapper(...), alignText='center', alignVert=method-wrapper(...), anchorHoriz='center', anchorVert='center', antialias=True, autoDraw=False, autoLog=True, bold=False, color=array([-1, -1, -1]), colorSpace='rgb', contrast=1.0, depth=0, flipHoriz=False, flipVert=False, font='', fontFiles=[], height=50.0, italic=False, languageStyle='LTR', name='unnamed TextStim', opacity=1.0, ori=0.0, pos=array([0., 0.]), rgb=UNKNOWN, text='Poprawnie', units='pix', win=Window(...), wrapWidth=500)
65.9264 	EXP 	unnamed TextStim: height = 25.0
65.9264 	EXP 	unnamed TextStim: height = 25.0
65.9264 	EXP 	unnamed TextStim: height = 25.0
65.9264 	EXP 	unnamed TextStim: text = 'n'
67.9356 	DATA 	Keypress: n
67.9377 	EXP 	Created unnamed TextStim = TextStim(__class__=<class 'psychopy.visual.text.TextStim'>, alignHoriz=method-wrapper(...), alignText='center', alignVert=method-wrapper(...), anchorHoriz='center', anchorVert='center', antialias=True, autoDraw=False, autoLog=True, bold=False, color=array([-1, -1, -1]), colorSpace='rgb', contrast=1.0, depth=0, flipHoriz=False, flipVert=False, font='', fontFiles=[], height=50.0, italic=False, languageStyle='LTR', name='unnamed TextStim', opacity=1.0, ori=0.0, pos=array([0., 0.]), rgb=UNKNOWN, text='Poprawnie', units='pix', win=Window(...), wrapWidth=500)
68.9431 	EXP 	unnamed TextStim: height = 25.0
68.9431 	EXP 	unnamed TextStim: height = 25.0
68.9431 	EXP 	unnamed TextStim: height = 25.0
68.9431 	EXP 	unnamed TextStim: text = 'm'
70.4787 	DATA 	Keypress: m
70.4806 	EXP 	Created unnamed TextStim = TextStim(__class__=<class 'psychopy.visual.text.TextStim'>, alignHoriz=method-wrapper(...), alignText='center', alignVert=method-wrapper(...), anchorHoriz='center', anchorVert='center', antialias=True, autoDraw=False, autoLog=True, bold=False, color=array([-1, -1, -1]), colorSpace='rgb', contrast=1.0, depth=0, flipHoriz=False, flipVert=False, font='', fontFiles=[], height=50.0, italic=False, languageStyle='LTR', name='unnamed TextStim', opacity=1.0, ori=0.0, pos=array([0., 0.]), rgb=UNKNOWN, text='Poprawnie', units='pix', win=Window(...), wrapWidth=500)
71.4933 	EXP 	unnamed TextStim: height = 25.0
71.4933 	EXP 	unnamed TextStim: height = 25.0
71.4933 	EXP 	unnamed TextStim: height = 25.0
71.4933 	EXP 	unnamed TextStim: text = 'n'
73.1259 	DATA 	Keypress: n
73.1286 	EXP 	Created unnamed TextStim = TextStim(__class__=<class 'psychopy.visual.text.TextStim'>, alignHoriz=method-wrapper(...), alignText='center', alignVert=method-wrapper(...), anchorHoriz='center', anchorVert='center', antialias=True, autoDraw=False, autoLog=True, bold=False, color=array([-1, -1, -1]), colorSpace='rgb', contrast=1.0, depth=0, flipHoriz=False, flipVert=False, font='', fontFiles=[], height=50.0, italic=False, languageStyle='LTR', name='unnamed TextStim', opacity=1.0, ori=0.0, pos=array([0., 0.]), rgb=UNKNOWN, text='Poprawnie', units='pix', win=Window(...), wrapWidth=500)
74.1436 	EXP 	unnamed TextStim: height = 25.0
74.1436 	EXP 	unnamed TextStim: height = 25.0
74.1436 	EXP 	unnamed TextStim: height = 25.0
74.1436 	EXP 	unnamed TextStim: text = 'm'
75.6584 	DATA 	Keypress: m
75.6603 	EXP 	Created unnamed TextStim = TextStim(__class__=<class 'psychopy.visual.text.TextStim'>, alignHoriz=method-wrapper(...), alignText='center', alignVert=method-wrapper(...), anchorHoriz='center', anchorVert='center', antialias=True, autoDraw=False, autoLog=True, bold=False, color=array([-1, -1, -1]), colorSpace='rgb', contrast=1.0, depth=0, flipHoriz=False, flipVert=False, font='', fontFiles=[], height=50.0, italic=False, languageStyle='LTR', name='unnamed TextStim', opacity=1.0, ori=0.0, pos=array([0., 0.]), rgb=UNKNOWN, text='Poprawnie', units='pix', win=Window(...), wrapWidth=500)
76.6769 	EXP 	unnamed TextStim: height = 25.0
76.6769 	EXP 	unnamed TextStim: height = 25.0
76.6769 	EXP 	unnamed TextStim: height = 25.0
76.6769 	EXP 	unnamed TextStim: text = 'n'
77.9448 	DATA 	Keypress: n
77.9662 	EXP 	Created unnamed TextStim = TextStim(__class__=<class 'psychopy.visual.text.TextStim'>, alignHoriz=method-wrapper(...), alignText='center', alignVert=method-wrapper(...), anchorHoriz='center', anchorVert='center', antialias=True, autoDraw=False, autoLog=True, bold=False, color=array([-1, -1, -1]), colorSpace='rgb', contrast=1.0, depth=0, flipHoriz=False, flipVert=False, font='', fontFiles=[], height=50.0, italic=False, languageStyle='LTR', name='unnamed TextStim', opacity=1.0, ori=0.0, pos=array([0., 0.]), rgb=UNKNOWN, text='Poprawnie', units='pix', win=Window(...), wrapWidth=500)
78.9937 	EXP 	unnamed TextStim: height = 25.0
78.9937 	EXP 	unnamed TextStim: height = 25.0
78.9937 	EXP 	unnamed TextStim: height = 25.0
78.9937 	EXP 	unnamed TextStim: text = 'z'
80.7787 	DATA 	Keypress: x
80.7829 	EXP 	Created unnamed TextStim = TextStim(__class__=<class 'psychopy.visual.text.TextStim'>, alignHoriz=method-wrapper(...), alignText='center', alignVert=method-wrapper(...), anchorHoriz='center', anchorVert='center', antialias=True, autoDraw=False, autoLog=True, bold=False, color=array([-1, -1, -1]), colorSpace='rgb', contrast=1.0, depth=0, flipHoriz=False, flipVert=False, font='', fontFiles=[], height=50.0, italic=False, languageStyle='LTR', name='unnamed TextStim', opacity=1.0, ori=0.0, pos=array([0., 0.]), rgb=UNKNOWN, text='Niepoprawnie', units='pix', win=Window(...), wrapWidth=500)
81.7938 	EXP 	unnamed TextStim: text = 'z'
83.3645 	DATA 	Keypress: x
83.3669 	EXP 	Created unnamed TextStim = TextStim(__class__=<class 'psychopy.visual.text.TextStim'>, alignHoriz=method-wrapper(...), alignText='center', alignVert=method-wrapper(...), anchorHoriz='center', anchorVert='center', antialias=True, autoDraw=False, autoLog=True, bold=False, color=array([-1, -1, -1]), colorSpace='rgb', contrast=1.0, depth=0, flipHoriz=False, flipVert=False, font='', fontFiles=[], height=50.0, italic=False, languageStyle='LTR', name='unnamed TextStim', opacity=1.0, ori=0.0, pos=array([0., 0.]), rgb=UNKNOWN, text='Niepoprawnie', units='pix', win=Window(...), wrapWidth=500)
84.3772 	EXP 	unnamed TextStim: height = 25.0
84.3772 	EXP 	unnamed TextStim: height = 25.0
84.3772 	EXP 	unnamed TextStim: height = 25.0
84.3772 	EXP 	unnamed TextStim: text = 'm'
86.0228 	DATA 	Keypress: m
86.0253 	EXP 	Created unnamed TextStim = TextStim(__class__=<class 'psychopy.visual.text.TextStim'>, alignHoriz=method-wrapper(...), alignText='center', alignVert=method-wrapper(...), anchorHoriz='center', anchorVert='center', antialias=True, autoDraw=False, autoLog=True, bold=False, color=array([-1, -1, -1]), colorSpace='rgb', contrast=1.0, depth=0, flipHoriz=False, flipVert=False, font='', fontFiles=[], height=50.0, italic=False, languageStyle='LTR', name='unnamed TextStim', opacity=1.0, ori=0.0, pos=array([0., 0.]), rgb=UNKNOWN, text='Poprawnie', units='pix', win=Window(...), wrapWidth=500)
87.0439 	EXP 	unnamed TextStim: height = 25.0
87.0439 	EXP 	unnamed TextStim: height = 25.0
87.0439 	EXP 	unnamed TextStim: height = 25.0
87.0439 	EXP 	unnamed TextStim: text = 'z'
89.0636 	DATA 	Keypress: z
89.0660 	EXP 	Created unnamed TextStim = TextStim(__class__=<class 'psychopy.visual.text.TextStim'>, alignHoriz=method-wrapper(...), alignText='center', alignVert=method-wrapper(...), anchorHoriz='center', anchorVert='center', antialias=True, autoDraw=False, autoLog=True, bold=False, color=array([-1, -1, -1]), colorSpace='rgb', contrast=1.0, depth=0, flipHoriz=False, flipVert=False, font='', fontFiles=[], height=50.0, italic=False, languageStyle='LTR', name='unnamed TextStim', opacity=1.0, ori=0.0, pos=array([0., 0.]), rgb=UNKNOWN, text='Poprawnie', units='pix', win=Window(...), wrapWidth=500)
90.0772 	EXP 	unnamed TextStim: height = 25.0
90.0772 	EXP 	unnamed TextStim: height = 25.0
90.0772 	EXP 	unnamed TextStim: height = 25.0
90.0772 	EXP 	unnamed TextStim: text = 'x'
91.8058 	DATA 	Keypress: x
91.8082 	EXP 	Created unnamed TextStim = TextStim(__class__=<class 'psychopy.visual.text.TextStim'>, alignHoriz=method-wrapper(...), alignText='center', alignVert=method-wrapper(...), anchorHoriz='center', anchorVert='center', antialias=True, autoDraw=False, autoLog=True, bold=False, color=array([-1, -1, -1]), colorSpace='rgb', contrast=1.0, depth=0, flipHoriz=False, flipVert=False, font='', fontFiles=[], height=50.0, italic=False, languageStyle='LTR', name='unnamed TextStim', opacity=1.0, ori=0.0, pos=array([0., 0.]), rgb=UNKNOWN, text='Poprawnie', units='pix', win=Window(...), wrapWidth=500)
92.8121 	EXP 	unnamed TextStim: height = 25.0
92.8121 	EXP 	unnamed TextStim: height = 25.0
92.8121 	EXP 	unnamed TextStim: height = 25.0
92.8121 	EXP 	unnamed TextStim: text = 'z'
95.1891 	DATA 	Keypress: z
95.1910 	EXP 	Created unnamed TextStim = TextStim(__class__=<class 'psychopy.visual.text.TextStim'>, alignHoriz=method-wrapper(...), alignText='center', alignVert=method-wrapper(...), anchorHoriz='center', anchorVert='center', antialias=True, autoDraw=False, autoLog=True, bold=False, color=array([-1, -1, -1]), colorSpace='rgb', contrast=1.0, depth=0, flipHoriz=False, flipVert=False, font='', fontFiles=[], height=50.0, italic=False, languageStyle='LTR', name='unnamed TextStim', opacity=1.0, ori=0.0, pos=array([0., 0.]), rgb=UNKNOWN, text='Poprawnie', units='pix', win=Window(...), wrapWidth=500)
96.1948 	EXP 	unnamed TextStim: height = 25.0
96.1948 	EXP 	unnamed TextStim: height = 25.0
96.1948 	EXP 	unnamed TextStim: height = 25.0
96.1948 	EXP 	unnamed TextStim: text = 'm'
97.9475 	DATA 	Keypress: m
97.9500 	EXP 	Created unnamed TextStim = TextStim(__class__=<class 'psychopy.visual.text.TextStim'>, alignHoriz=method-wrapper(...), alignText='center', alignVert=method-wrapper(...), anchorHoriz='center', anchorVert='center', antialias=True, autoDraw=False, autoLog=True, bold=False, color=array([-1, -1, -1]), colorSpace='rgb', contrast=1.0, depth=0, flipHoriz=False, flipVert=False, font='', fontFiles=[], height=50.0, italic=False, languageStyle='LTR', name='unnamed TextStim', opacity=1.0, ori=0.0, pos=array([0., 0.]), rgb=UNKNOWN, text='Poprawnie', units='pix', win=Window(...), wrapWidth=500)
98.9610 	EXP 	unnamed TextStim: text = 'm'
100.6765 	DATA 	Keypress: m
100.6794 	EXP 	Created unnamed TextStim = TextStim(__class__=<class 'psychopy.visual.text.TextStim'>, alignHoriz=method-wrapper(...), alignText='center', alignVert=method-wrapper(...), anchorHoriz='center', anchorVert='center', antialias=True, autoDraw=False, autoLog=True, bold=False, color=array([-1, -1, -1]), colorSpace='rgb', contrast=1.0, depth=0, flipHoriz=False, flipVert=False, font='', fontFiles=[], height=50.0, italic=False, languageStyle='LTR', name='unnamed TextStim', opacity=1.0, ori=0.0, pos=array([0., 0.]), rgb=UNKNOWN, text='Poprawnie', units='pix', win=Window(...), wrapWidth=500)
101.6945 	EXP 	unnamed TextStim: height = 25.0
101.6945 	EXP 	unnamed TextStim: height = 25.0
101.6945 	EXP 	unnamed TextStim: height = 25.0
101.6945 	EXP 	unnamed TextStim: text = 'x'
103.7842 	DATA 	Keypress: x
103.7867 	EXP 	Created unnamed TextStim = TextStim(__class__=<class 'psychopy.visual.text.TextStim'>, alignHoriz=method-wrapper(...), alignText='center', alignVert=method-wrapper(...), anchorHoriz='center', anchorVert='center', antialias=True, autoDraw=False, autoLog=True, bold=False, color=array([-1, -1, -1]), colorSpace='rgb', contrast=1.0, depth=0, flipHoriz=False, flipVert=False, font='', fontFiles=[], height=50.0, italic=False, languageStyle='LTR', name='unnamed TextStim', opacity=1.0, ori=0.0, pos=array([0., 0.]), rgb=UNKNOWN, text='Poprawnie', units='pix', win=Window(...), wrapWidth=500)
104.8168 	EXP 	Created unnamed TextStim = TextStim(__class__=<class 'psychopy.visual.text.TextStim'>, alignHoriz=method-wrapper(...), alignText='center', alignVert=method-wrapper(...), anchorHoriz='center', anchorVert='center', antialias=True, autoDraw=False, autoLog=True, bold=False, color=array([-1, -1, -1]), colorSpace='rgb', contrast=1.0, depth=0, flipHoriz=False, flipVert=False, font='', fontFiles=[], height=20.0, italic=False, languageStyle='LTR', name='unnamed TextStim', opacity=1.0, ori=0.0, pos=array([0., 0.]), rgb=UNKNOWN, text=str(...), units='pix', win=Window(...), wrapWidth=1536)
119.8947 	DATA 	Keypress: space
119.9119 	EXP 	unnamed TextStim: height = 25.0
119.9119 	EXP 	unnamed TextStim: height = 25.0
119.9119 	EXP 	unnamed TextStim: height = 25.0
119.9119 	EXP 	unnamed TextStim: text = 'n'
121.7281 	DATA 	Keypress: n
121.7359 	EXP 	Created unnamed TextStim = TextStim(__class__=<class 'psychopy.visual.text.TextStim'>, alignHoriz=method-wrapper(...), alignText='center', alignVert=method-wrapper(...), anchorHoriz='center', anchorVert='center', antialias=True, autoDraw=False, autoLog=True, bold=False, color=array([-1, -1, -1]), colorSpace='rgb', contrast=1.0, depth=0, flipHoriz=False, flipVert=False, font='', fontFiles=[], height=50.0, italic=False, languageStyle='LTR', name='unnamed TextStim', opacity=1.0, ori=0.0, pos=array([0., 0.]), rgb=UNKNOWN, text='Poprawnie', units='pix', win=Window(...), wrapWidth=500)
122.7452 	EXP 	unnamed TextStim: text = 'n'
124.2858 	DATA 	Keypress: n
124.2883 	EXP 	Created unnamed TextStim = TextStim(__class__=<class 'psychopy.visual.text.TextStim'>, alignHoriz=method-wrapper(...), alignText='center', alignVert=method-wrapper(...), anchorHoriz='center', anchorVert='center', antialias=True, autoDraw=False, autoLog=True, bold=False, color=array([-1, -1, -1]), colorSpace='rgb', contrast=1.0, depth=0, flipHoriz=False, flipVert=False, font='', fontFiles=[], height=50.0, italic=False, languageStyle='LTR', name='unnamed TextStim', opacity=1.0, ori=0.0, pos=array([0., 0.]), rgb=UNKNOWN, text='Poprawnie', units='pix', win=Window(...), wrapWidth=500)
125.2951 	EXP 	unnamed TextStim: height = 25.0
125.2951 	EXP 	unnamed TextStim: height = 25.0
125.2951 	EXP 	unnamed TextStim: height = 25.0
125.2951 	EXP 	unnamed TextStim: text = 'z'
127.0980 	DATA 	Keypress: x
127.1011 	EXP 	Created unnamed TextStim = TextStim(__class__=<class 'psychopy.visual.text.TextStim'>, alignHoriz=method-wrapper(...), alignText='center', alignVert=method-wrapper(...), anchorHoriz='center', anchorVert='center', antialias=True, autoDraw=False, autoLog=True, bold=False, color=array([-1, -1, -1]), colorSpace='rgb', contrast=1.0, depth=0, flipHoriz=False, flipVert=False, font='', fontFiles=[], height=50.0, italic=False, languageStyle='LTR', name='unnamed TextStim', opacity=1.0, ori=0.0, pos=array([0., 0.]), rgb=UNKNOWN, text='Niepoprawnie', units='pix', win=Window(...), wrapWidth=500)
128.1119 	EXP 	unnamed TextStim: text = 'z'
129.8538 	DATA 	Keypress: z
129.8558 	EXP 	Created unnamed TextStim = TextStim(__class__=<class 'psychopy.visual.text.TextStim'>, alignHoriz=method-wrapper(...), alignText='center', alignVert=method-wrapper(...), anchorHoriz='center', anchorVert='center', antialias=True, autoDraw=False, autoLog=True, bold=False, color=array([-1, -1, -1]), colorSpace='rgb', contrast=1.0, depth=0, flipHoriz=False, flipVert=False, font='', fontFiles=[], height=50.0, italic=False, languageStyle='LTR', name='unnamed TextStim', opacity=1.0, ori=0.0, pos=array([0., 0.]), rgb=UNKNOWN, text='Poprawnie', units='pix', win=Window(...), wrapWidth=500)
130.8623 	EXP 	unnamed TextStim: height = 25.0
130.8623 	EXP 	unnamed TextStim: height = 25.0
130.8623 	EXP 	unnamed TextStim: height = 25.0
130.8623 	EXP 	unnamed TextStim: text = 'x'
132.5359 	DATA 	Keypress: x
132.5379 	EXP 	Created unnamed TextStim = TextStim(__class__=<class 'psychopy.visual.text.TextStim'>, alignHoriz=method-wrapper(...), alignText='center', alignVert=method-wrapper(...), anchorHoriz='center', anchorVert='center', antialias=True, autoDraw=False, autoLog=True, bold=False, color=array([-1, -1, -1]), colorSpace='rgb', contrast=1.0, depth=0, flipHoriz=False, flipVert=False, font='', fontFiles=[], height=50.0, italic=False, languageStyle='LTR', name='unnamed TextStim', opacity=1.0, ori=0.0, pos=array([0., 0.]), rgb=UNKNOWN, text='Poprawnie', units='pix', win=Window(...), wrapWidth=500)
133.5456 	EXP 	unnamed TextStim: height = 25.0
133.5456 	EXP 	unnamed TextStim: height = 25.0
133.5456 	EXP 	unnamed TextStim: height = 25.0
133.5456 	EXP 	unnamed TextStim: text = 'm'
135.2828 	DATA 	Keypress: m
135.2854 	EXP 	Created unnamed TextStim = TextStim(__class__=<class 'psychopy.visual.text.TextStim'>, alignHoriz=method-wrapper(...), alignText='center', alignVert=method-wrapper(...), anchorHoriz='center', anchorVert='center', antialias=True, autoDraw=False, autoLog=True, bold=False, color=array([-1, -1, -1]), colorSpace='rgb', contrast=1.0, depth=0, flipHoriz=False, flipVert=False, font='', fontFiles=[], height=50.0, italic=False, languageStyle='LTR', name='unnamed TextStim', opacity=1.0, ori=0.0, pos=array([0., 0.]), rgb=UNKNOWN, text='Poprawnie', units='pix', win=Window(...), wrapWidth=500)
136.2958 	EXP 	unnamed TextStim: height = 25.0
136.2958 	EXP 	unnamed TextStim: height = 25.0
136.2958 	EXP 	unnamed TextStim: height = 25.0
136.2958 	EXP 	unnamed TextStim: text = 'z'
137.8326 	DATA 	Keypress: x
137.8353 	EXP 	Created unnamed TextStim = TextStim(__class__=<class 'psychopy.visual.text.TextStim'>, alignHoriz=method-wrapper(...), alignText='center', alignVert=method-wrapper(...), anchorHoriz='center', anchorVert='center', antialias=True, autoDraw=False, autoLog=True, bold=False, color=array([-1, -1, -1]), colorSpace='rgb', contrast=1.0, depth=0, flipHoriz=False, flipVert=False, font='', fontFiles=[], height=50.0, italic=False, languageStyle='LTR', name='unnamed TextStim', opacity=1.0, ori=0.0, pos=array([0., 0.]), rgb=UNKNOWN, text='Niepoprawnie', units='pix', win=Window(...), wrapWidth=500)
138.8458 	EXP 	unnamed TextStim: height = 25.0
138.8458 	EXP 	unnamed TextStim: height = 25.0
138.8458 	EXP 	unnamed TextStim: height = 25.0
138.8458 	EXP 	unnamed TextStim: text = 'x'
140.7496 	DATA 	Keypress: x
140.7517 	EXP 	Created unnamed TextStim = TextStim(__class__=<class 'psychopy.visual.text.TextStim'>, alignHoriz=method-wrapper(...), alignText='center', alignVert=method-wrapper(...), anchorHoriz='center', anchorVert='center', antialias=True, autoDraw=False, autoLog=True, bold=False, color=array([-1, -1, -1]), colorSpace='rgb', contrast=1.0, depth=0, flipHoriz=False, flipVert=False, font='', fontFiles=[], height=50.0, italic=False, languageStyle='LTR', name='unnamed TextStim', opacity=1.0, ori=0.0, pos=array([0., 0.]), rgb=UNKNOWN, text='Poprawnie', units='pix', win=Window(...), wrapWidth=500)
141.7624 	EXP 	unnamed TextStim: height = 25.0
141.7624 	EXP 	unnamed TextStim: height = 25.0
141.7624 	EXP 	unnamed TextStim: height = 25.0
141.7624 	EXP 	unnamed TextStim: text = 'z'
143.5245 	DATA 	Keypress: z
143.5265 	EXP 	Created unnamed TextStim = TextStim(__class__=<class 'psychopy.visual.text.TextStim'>, alignHoriz=method-wrapper(...), alignText='center', alignVert=method-wrapper(...), anchorHoriz='center', anchorVert='center', antialias=True, autoDraw=False, autoLog=True, bold=False, color=array([-1, -1, -1]), colorSpace='rgb', contrast=1.0, depth=0, flipHoriz=False, flipVert=False, font='', fontFiles=[], height=50.0, italic=False, languageStyle='LTR', name='unnamed TextStim', opacity=1.0, ori=0.0, pos=array([0., 0.]), rgb=UNKNOWN, text='Poprawnie', units='pix', win=Window(...), wrapWidth=500)
144.5305 	EXP 	unnamed TextStim: height = 25.0
144.5305 	EXP 	unnamed TextStim: height = 25.0
144.5305 	EXP 	unnamed TextStim: height = 25.0
144.5305 	EXP 	unnamed TextStim: text = 'n'
146.1648 	DATA 	Keypress: n
146.1675 	EXP 	Created unnamed TextStim = TextStim(__class__=<class 'psychopy.visual.text.TextStim'>, alignHoriz=method-wrapper(...), alignText='center', alignVert=method-wrapper(...), anchorHoriz='center', anchorVert='center', antialias=True, autoDraw=False, autoLog=True, bold=False, color=array([-1, -1, -1]), colorSpace='rgb', contrast=1.0, depth=0, flipHoriz=False, flipVert=False, font='', fontFiles=[], height=50.0, italic=False, languageStyle='LTR', name='unnamed TextStim', opacity=1.0, ori=0.0, pos=array([0., 0.]), rgb=UNKNOWN, text='Poprawnie', units='pix', win=Window(...), wrapWidth=500)
147.1935 	EXP 	Created unnamed TextStim = TextStim(__class__=<class 'psychopy.visual.text.TextStim'>, alignHoriz=method-wrapper(...), alignText='center', alignVert=method-wrapper(...), anchorHoriz='center', anchorVert='center', antialias=True, autoDraw=False, autoLog=True, bold=False, color=array([-1, -1, -1]), colorSpace='rgb', contrast=1.0, depth=0, flipHoriz=False, flipVert=False, font='', fontFiles=[], height=20.0, italic=False, languageStyle='LTR', name='unnamed TextStim', opacity=1.0, ori=0.0, pos=array([0., 0.]), rgb=UNKNOWN, text=str(...), units='pix', win=Window(...), wrapWidth=1536)
154.8539 	DATA 	Keypress: space
154.8630 	EXP 	unnamed TextStim: height = 25.0
154.8630 	EXP 	unnamed TextStim: height = 25.0
154.8630 	EXP 	unnamed TextStim: height = 25.0
154.8630 	EXP 	unnamed TextStim: text = 'z'
156.2987 	DATA 	Keypress: n
156.2998 	EXP 	unnamed TextStim: text = 'z'
159.0300 	DATA 	No keypress (maxWait exceeded)
159.0336 	EXP 	unnamed TextStim: height = 25.0
159.0336 	EXP 	unnamed TextStim: height = 25.0
159.0336 	EXP 	unnamed TextStim: height = 25.0
159.0336 	EXP 	unnamed TextStim: text = 'n'
160.7297 	DATA 	Keypress: m
160.7322 	EXP 	unnamed TextStim: height = 25.0
160.7322 	EXP 	unnamed TextStim: height = 25.0
160.7322 	EXP 	unnamed TextStim: height = 25.0
160.7322 	EXP 	unnamed TextStim: text = 'z'
162.5127 	DATA 	Keypress: z
162.5139 	EXP 	unnamed TextStim: text = 'z'
165.2469 	DATA 	No keypress (maxWait exceeded)
165.2491 	EXP 	unnamed TextStim: height = 25.0
165.2491 	EXP 	unnamed TextStim: height = 25.0
165.2491 	EXP 	unnamed TextStim: height = 25.0
165.2491 	EXP 	unnamed TextStim: text = 'n'
166.9238 	DATA 	Keypress: n
167.0825 	EXP 	Created unnamed ImageStim = ImageStim(__class__=<class 'psychopy.visual.image.ImageStim'>, anchor=('center', 'center'), autoLog=True, color=array([1., 1., 1.]), colorSpace='rgb', contrast=1.0, depth=0, flipHoriz=False, flipVert=False, image='break.jpg', interpolate=True, mask=None, maskParams=None, name='unnamed ImageStim', opacity=1.0, ori=0.0, pos=array([0., 0.]), size=array([1536.,  864.]), texRes=128, units='pix', win=Window(...))
169.9387 	DATA 	Keypress: space
169.9469 	EXP 	unnamed TextStim: height = 25.0
169.9469 	EXP 	unnamed TextStim: height = 25.0
169.9469 	EXP 	unnamed TextStim: height = 25.0
169.9469 	EXP 	unnamed TextStim: text = 'x'
171.6537 	DATA 	Keypress: x
171.6567 	EXP 	unnamed TextStim: height = 25.0
171.6567 	EXP 	unnamed TextStim: height = 25.0
171.6567 	EXP 	unnamed TextStim: height = 25.0
171.6567 	EXP 	unnamed TextStim: text = 'm'
173.1425 	DATA 	Keypress: m
173.1436 	EXP 	unnamed TextStim: text = 'm'
174.5656 	DATA 	Keypress: m
174.5667 	EXP 	unnamed TextStim: text = 'm'
176.0567 	DATA 	Keypress: m
176.0579 	EXP 	unnamed TextStim: text = 'm'
177.4512 	DATA 	Keypress: m
177.4561 	EXP 	unnamed TextStim: height = 25.0
177.4561 	EXP 	unnamed TextStim: height = 25.0
177.4561 	EXP 	unnamed TextStim: height = 25.0
177.4561 	EXP 	unnamed TextStim: text = 'x'
178.8991 	DATA 	Keypress: n
179.0278 	EXP 	Created unnamed ImageStim = ImageStim(__class__=<class 'psychopy.visual.image.ImageStim'>, anchor=('center', 'center'), autoLog=True, color=array([1., 1., 1.]), colorSpace='rgb', contrast=1.0, depth=0, flipHoriz=False, flipVert=False, image='break.jpg', interpolate=True, mask=None, maskParams=None, name='unnamed ImageStim', opacity=1.0, ori=0.0, pos=array([0., 0.]), size=array([1536.,  864.]), texRes=128, units='pix', win=Window(...))
180.1988 	DATA 	Keypress: space
180.2138 	EXP 	unnamed TextStim: text = 'x'
181.9259 	DATA 	Keypress: x
181.9282 	EXP 	unnamed TextStim: height = 25.0
181.9282 	EXP 	unnamed TextStim: height = 25.0
181.9282 	EXP 	unnamed TextStim: height = 25.0
181.9282 	EXP 	unnamed TextStim: text = 'm'
183.3100 	DATA 	Keypress: m
183.3123 	EXP 	unnamed TextStim: height = 25.0
183.3123 	EXP 	unnamed TextStim: height = 25.0
183.3123 	EXP 	unnamed TextStim: height = 25.0
183.3123 	EXP 	unnamed TextStim: text = 'z'
184.9636 	DATA 	Keypress: x
184.9660 	EXP 	unnamed TextStim: height = 25.0
184.9660 	EXP 	unnamed TextStim: height = 25.0
184.9660 	EXP 	unnamed TextStim: height = 25.0
184.9660 	EXP 	unnamed TextStim: text = 'm'
186.6767 	DATA 	Keypress: z
186.6789 	EXP 	unnamed TextStim: height = 25.0
186.6789 	EXP 	unnamed TextStim: height = 25.0
186.6789 	EXP 	unnamed TextStim: height = 25.0
186.6789 	EXP 	unnamed TextStim: text = 'z'
188.5361 	DATA 	Keypress: z
188.5383 	EXP 	unnamed TextStim: height = 25.0
188.5383 	EXP 	unnamed TextStim: height = 25.0
188.5383 	EXP 	unnamed TextStim: height = 25.0
188.5383 	EXP 	unnamed TextStim: text = 'n'
190.2510 	DATA 	Keypress: z
190.3851 	EXP 	Created unnamed ImageStim = ImageStim(__class__=<class 'psychopy.visual.image.ImageStim'>, anchor=('center', 'center'), autoLog=True, color=array([1., 1., 1.]), colorSpace='rgb', contrast=1.0, depth=0, flipHoriz=False, flipVert=False, image='break.jpg', interpolate=True, mask=None, maskParams=None, name='unnamed ImageStim', opacity=1.0, ori=0.0, pos=array([0., 0.]), size=array([1536.,  864.]), texRes=128, units='pix', win=Window(...))
191.3806 	DATA 	Keypress: space
191.3978 	EXP 	unnamed TextStim: height = 25.0
191.3978 	EXP 	unnamed TextStim: height = 25.0
191.3978 	EXP 	unnamed TextStim: height = 25.0
191.3978 	EXP 	unnamed TextStim: text = 'm'
192.8963 	DATA 	Keypress: m
192.8985 	EXP 	unnamed TextStim: height = 25.0
192.8985 	EXP 	unnamed TextStim: height = 25.0
192.8985 	EXP 	unnamed TextStim: height = 25.0
192.8985 	EXP 	unnamed TextStim: text = 'z'
194.6172 	DATA 	Keypress: x
194.6186 	EXP 	unnamed TextStim: text = 'z'
196.3449 	DATA 	Keypress: z
196.3517 	EXP 	unnamed TextStim: height = 25.0
196.3517 	EXP 	unnamed TextStim: height = 25.0
196.3517 	EXP 	unnamed TextStim: height = 25.0
196.3517 	EXP 	unnamed TextStim: text = 'x'
197.9662 	DATA 	Keypress: x
197.9683 	EXP 	unnamed TextStim: height = 25.0
197.9683 	EXP 	unnamed TextStim: height = 25.0
197.9683 	EXP 	unnamed TextStim: height = 25.0
197.9683 	EXP 	unnamed TextStim: text = 'm'
199.7732 	DATA 	Keypress: m
199.7753 	EXP 	unnamed TextStim: height = 25.0
199.7753 	EXP 	unnamed TextStim: height = 25.0
199.7753 	EXP 	unnamed TextStim: height = 25.0
199.7753 	EXP 	unnamed TextStim: text = 'x'
201.3481 	DATA 	Keypress: n
201.4929 	EXP 	Created unnamed ImageStim = ImageStim(__class__=<class 'psychopy.visual.image.ImageStim'>, anchor=('center', 'center'), autoLog=True, color=array([1., 1., 1.]), colorSpace='rgb', contrast=1.0, depth=0, flipHoriz=False, flipVert=False, image='break.jpg', interpolate=True, mask=None, maskParams=None, name='unnamed ImageStim', opacity=1.0, ori=0.0, pos=array([0., 0.]), size=array([1536.,  864.]), texRes=128, units='pix', win=Window(...))
202.2866 	DATA 	Keypress: space
202.2979 	EXP 	unnamed TextStim: height = 25.0
202.2979 	EXP 	unnamed TextStim: height = 25.0
202.2979 	EXP 	unnamed TextStim: height = 25.0
202.2979 	EXP 	unnamed TextStim: text = 'm'
203.8472 	DATA 	Keypress: m
203.8496 	EXP 	unnamed TextStim: height = 25.0
203.8496 	EXP 	unnamed TextStim: height = 25.0
203.8496 	EXP 	unnamed TextStim: height = 25.0
203.8496 	EXP 	unnamed TextStim: text = 'z'
205.4995 	DATA 	Keypress: z
205.5016 	EXP 	unnamed TextStim: height = 25.0
205.5016 	EXP 	unnamed TextStim: height = 25.0
205.5016 	EXP 	unnamed TextStim: height = 25.0
205.5016 	EXP 	unnamed TextStim: text = 'm'
207.1567 	DATA 	Keypress: m
207.1589 	EXP 	unnamed TextStim: height = 25.0
207.1589 	EXP 	unnamed TextStim: height = 25.0
207.1589 	EXP 	unnamed TextStim: height = 25.0
207.1589 	EXP 	unnamed TextStim: text = 'z'
209.0018 	DATA 	Keypress: m
209.0038 	EXP 	unnamed TextStim: height = 25.0
209.0038 	EXP 	unnamed TextStim: height = 25.0
209.0038 	EXP 	unnamed TextStim: height = 25.0
209.0038 	EXP 	unnamed TextStim: text = 'n'
210.8023 	DATA 	Keypress: n
210.8043 	EXP 	unnamed TextStim: height = 25.0
210.8043 	EXP 	unnamed TextStim: height = 25.0
210.8043 	EXP 	unnamed TextStim: height = 25.0
210.8043 	EXP 	unnamed TextStim: text = 'z'
212.2955 	DATA 	Keypress: n
212.4225 	EXP 	Created unnamed ImageStim = ImageStim(__class__=<class 'psychopy.visual.image.ImageStim'>, anchor=('center', 'center'), autoLog=True, color=array([1., 1., 1.]), colorSpace='rgb', contrast=1.0, depth=0, flipHoriz=False, flipVert=False, image='break.jpg', interpolate=True, mask=None, maskParams=None, name='unnamed ImageStim', opacity=1.0, ori=0.0, pos=array([0., 0.]), size=array([1536.,  864.]), texRes=128, units='pix', win=Window(...))
213.3497 	DATA 	Keypress: space
213.3650 	EXP 	unnamed TextStim: height = 25.0
213.3650 	EXP 	unnamed TextStim: height = 25.0
213.3650 	EXP 	unnamed TextStim: height = 25.0
213.3650 	EXP 	unnamed TextStim: text = 'n'
214.6384 	DATA 	Keypress: n
214.6485 	EXP 	unnamed TextStim: height = 25.0
214.6485 	EXP 	unnamed TextStim: height = 25.0
214.6485 	EXP 	unnamed TextStim: height = 25.0
214.6485 	EXP 	unnamed TextStim: text = 'm'
216.0806 	DATA 	Keypress: m
216.0828 	EXP 	unnamed TextStim: height = 25.0
216.0828 	EXP 	unnamed TextStim: height = 25.0
216.0828 	EXP 	unnamed TextStim: height = 25.0
216.0828 	EXP 	unnamed TextStim: text = 'n'
217.7298 	DATA 	Keypress: n
217.7332 	EXP 	unnamed TextStim: height = 25.0
217.7332 	EXP 	unnamed TextStim: height = 25.0
217.7332 	EXP 	unnamed TextStim: height = 25.0
217.7332 	EXP 	unnamed TextStim: text = 'x'
219.3661 	DATA 	Keypress: n
219.3674 	EXP 	unnamed TextStim: text = 'x'
221.0887 	DATA 	Keypress: z
221.0909 	EXP 	unnamed TextStim: height = 25.0
221.0909 	EXP 	unnamed TextStim: height = 25.0
221.0909 	EXP 	unnamed TextStim: height = 25.0
221.0909 	EXP 	unnamed TextStim: text = 'z'
222.5984 	DATA 	Keypress: z
222.7102 	EXP 	Created unnamed ImageStim = ImageStim(__class__=<class 'psychopy.visual.image.ImageStim'>, anchor=('center', 'center'), autoLog=True, color=array([1., 1., 1.]), colorSpace='rgb', contrast=1.0, depth=0, flipHoriz=False, flipVert=False, image='break.jpg', interpolate=True, mask=None, maskParams=None, name='unnamed ImageStim', opacity=1.0, ori=0.0, pos=array([0., 0.]), size=array([1536.,  864.]), texRes=128, units='pix', win=Window(...))
223.5401 	DATA 	Keypress: space
223.5487 	EXP 	unnamed TextStim: height = 25.0
223.5487 	EXP 	unnamed TextStim: height = 25.0
223.5487 	EXP 	unnamed TextStim: height = 25.0
223.5487 	EXP 	unnamed TextStim: text = 'n'
225.0961 	DATA 	Keypress: n
225.0974 	EXP 	unnamed TextStim: text = 'n'
226.6235 	DATA 	Keypress: n
226.6256 	EXP 	unnamed TextStim: height = 25.0
226.6256 	EXP 	unnamed TextStim: height = 25.0
226.6256 	EXP 	unnamed TextStim: height = 25.0
226.6256 	EXP 	unnamed TextStim: text = 'm'
228.0231 	DATA 	Keypress: m
228.0243 	EXP 	unnamed TextStim: text = 'm'
229.4868 	DATA 	Keypress: m
229.4889 	EXP 	unnamed TextStim: height = 25.0
229.4889 	EXP 	unnamed TextStim: height = 25.0
229.4889 	EXP 	unnamed TextStim: height = 25.0
229.4889 	EXP 	unnamed TextStim: text = 'n'
230.9304 	DATA 	Keypress: n
230.9350 	EXP 	unnamed TextStim: height = 25.0
230.9350 	EXP 	unnamed TextStim: height = 25.0
230.9350 	EXP 	unnamed TextStim: height = 25.0
230.9350 	EXP 	unnamed TextStim: text = 'z'
232.2242 	DATA 	Keypress: n
232.3443 	EXP 	Created unnamed ImageStim = ImageStim(__class__=<class 'psychopy.visual.image.ImageStim'>, anchor=('center', 'center'), autoLog=True, color=array([1., 1., 1.]), colorSpace='rgb', contrast=1.0, depth=0, flipHoriz=False, flipVert=False, image='break.jpg', interpolate=True, mask=None, maskParams=None, name='unnamed ImageStim', opacity=1.0, ori=0.0, pos=array([0., 0.]), size=array([1536.,  864.]), texRes=128, units='pix', win=Window(...))
233.2633 	DATA 	Keypress: space
233.2661 	EXP 	unnamed TextStim: height = 25.0
233.2661 	EXP 	unnamed TextStim: height = 25.0
233.2661 	EXP 	unnamed TextStim: height = 25.0
233.2661 	EXP 	unnamed TextStim: text = 'x'
234.9340 	DATA 	Keypress: z
234.9362 	EXP 	unnamed TextStim: height = 25.0
234.9362 	EXP 	unnamed TextStim: height = 25.0
234.9362 	EXP 	unnamed TextStim: height = 25.0
234.9362 	EXP 	unnamed TextStim: text = 'n'
236.4807 	DATA 	Keypress: n
236.4820 	EXP 	unnamed TextStim: text = 'n'
237.9315 	DATA 	Keypress: n
237.9337 	EXP 	unnamed TextStim: height = 25.0
237.9337 	EXP 	unnamed TextStim: height = 25.0
237.9337 	EXP 	unnamed TextStim: height = 25.0
237.9337 	EXP 	unnamed TextStim: text = 'z'
239.4994 	DATA 	Keypress: z
239.5016 	EXP 	unnamed TextStim: height = 25.0
239.5016 	EXP 	unnamed TextStim: height = 25.0
239.5016 	EXP 	unnamed TextStim: height = 25.0
239.5016 	EXP 	unnamed TextStim: text = 'x'
241.1125 	DATA 	Keypress: x
241.1147 	EXP 	unnamed TextStim: height = 25.0
241.1147 	EXP 	unnamed TextStim: height = 25.0
241.1147 	EXP 	unnamed TextStim: height = 25.0
241.1147 	EXP 	unnamed TextStim: text = 'n'
242.5628 	DATA 	Keypress: n
242.6918 	EXP 	Created unnamed ImageStim = ImageStim(__class__=<class 'psychopy.visual.image.ImageStim'>, anchor=('center', 'center'), autoLog=True, color=array([1., 1., 1.]), colorSpace='rgb', contrast=1.0, depth=0, flipHoriz=False, flipVert=False, image='break.jpg', interpolate=True, mask=None, maskParams=None, name='unnamed ImageStim', opacity=1.0, ori=0.0, pos=array([0., 0.]), size=array([1536.,  864.]), texRes=128, units='pix', win=Window(...))
243.5564 	DATA 	Keypress: space
243.5660 	EXP 	unnamed TextStim: height = 25.0
243.5660 	EXP 	unnamed TextStim: height = 25.0
243.5660 	EXP 	unnamed TextStim: height = 25.0
243.5660 	EXP 	unnamed TextStim: text = 'm'
244.9130 	DATA 	Keypress: m
244.9141 	EXP 	unnamed TextStim: text = 'm'
246.7463 	DATA 	Keypress: m
246.7485 	EXP 	unnamed TextStim: height = 25.0
246.7485 	EXP 	unnamed TextStim: height = 25.0
246.7485 	EXP 	unnamed TextStim: height = 25.0
246.7485 	EXP 	unnamed TextStim: text = 'x'
248.4509 	DATA 	Keypress: z
248.4577 	EXP 	unnamed TextStim: height = 25.0
248.4577 	EXP 	unnamed TextStim: height = 25.0
248.4577 	EXP 	unnamed TextStim: height = 25.0
248.4577 	EXP 	unnamed TextStim: text = 'n'
250.0325 	DATA 	Keypress: n
250.0349 	EXP 	unnamed TextStim: height = 25.0
250.0349 	EXP 	unnamed TextStim: height = 25.0
250.0349 	EXP 	unnamed TextStim: height = 25.0
250.0349 	EXP 	unnamed TextStim: text = 'x'
252.0340 	DATA 	Keypress: x
252.0362 	EXP 	unnamed TextStim: height = 25.0
252.0362 	EXP 	unnamed TextStim: height = 25.0
252.0362 	EXP 	unnamed TextStim: height = 25.0
252.0362 	EXP 	unnamed TextStim: text = 'm'
253.7469 	DATA 	Keypress: z
253.8865 	EXP 	Created unnamed ImageStim = ImageStim(__class__=<class 'psychopy.visual.image.ImageStim'>, anchor=('center', 'center'), autoLog=True, color=array([1., 1., 1.]), colorSpace='rgb', contrast=1.0, depth=0, flipHoriz=False, flipVert=False, image='break.jpg', interpolate=True, mask=None, maskParams=None, name='unnamed ImageStim', opacity=1.0, ori=0.0, pos=array([0., 0.]), size=array([1536.,  864.]), texRes=128, units='pix', win=Window(...))
254.7842 	DATA 	Keypress: space
254.7999 	EXP 	unnamed TextStim: text = 'm'
256.1675 	DATA 	Keypress: m
256.1687 	EXP 	unnamed TextStim: text = 'm'
257.5961 	DATA 	Keypress: m
257.5982 	EXP 	unnamed TextStim: height = 25.0
257.5982 	EXP 	unnamed TextStim: height = 25.0
257.5982 	EXP 	unnamed TextStim: height = 25.0
257.5982 	EXP 	unnamed TextStim: text = 'x'
259.3835 	DATA 	Keypress: n
259.3856 	EXP 	unnamed TextStim: height = 25.0
259.3856 	EXP 	unnamed TextStim: height = 25.0
259.3856 	EXP 	unnamed TextStim: height = 25.0
259.3856 	EXP 	unnamed TextStim: text = 'n'
261.0352 	DATA 	Keypress: n
261.0364 	EXP 	unnamed TextStim: text = 'n'
262.4093 	DATA 	Keypress: n
262.4114 	EXP 	unnamed TextStim: height = 25.0
262.4114 	EXP 	unnamed TextStim: height = 25.0
262.4114 	EXP 	unnamed TextStim: height = 25.0
262.4114 	EXP 	unnamed TextStim: text = 'z'
263.9793 	DATA 	Keypress: z
264.0906 	EXP 	Created unnamed ImageStim = ImageStim(__class__=<class 'psychopy.visual.image.ImageStim'>, anchor=('center', 'center'), autoLog=True, color=array([1., 1., 1.]), colorSpace='rgb', contrast=1.0, depth=0, flipHoriz=False, flipVert=False, image='break.jpg', interpolate=True, mask=None, maskParams=None, name='unnamed ImageStim', opacity=1.0, ori=0.0, pos=array([0., 0.]), size=array([1536.,  864.]), texRes=128, units='pix', win=Window(...))
264.8529 	DATA 	Keypress: space
264.8668 	EXP 	unnamed TextStim: height = 25.0
264.8668 	EXP 	unnamed TextStim: height = 25.0
264.8668 	EXP 	unnamed TextStim: height = 25.0
264.8668 	EXP 	unnamed TextStim: text = 'n'
266.2416 	DATA 	Keypress: n
266.2438 	EXP 	unnamed TextStim: height = 25.0
266.2438 	EXP 	unnamed TextStim: height = 25.0
266.2438 	EXP 	unnamed TextStim: height = 25.0
266.2438 	EXP 	unnamed TextStim: text = 'x'
268.0815 	DATA 	Keypress: x
268.0882 	EXP 	unnamed TextStim: height = 25.0
268.0882 	EXP 	unnamed TextStim: height = 25.0
268.0882 	EXP 	unnamed TextStim: height = 25.0
268.0882 	EXP 	unnamed TextStim: text = 'm'
269.4725 	DATA 	Keypress: n
269.4745 	EXP 	unnamed TextStim: height = 25.0
269.4745 	EXP 	unnamed TextStim: height = 25.0
269.4745 	EXP 	unnamed TextStim: height = 25.0
269.4745 	EXP 	unnamed TextStim: text = 'n'
270.8900 	DATA 	Keypress: n
270.8920 	EXP 	unnamed TextStim: height = 25.0
270.8920 	EXP 	unnamed TextStim: height = 25.0
270.8920 	EXP 	unnamed TextStim: height = 25.0
270.8920 	EXP 	unnamed TextStim: text = 'x'
272.5770 	DATA 	Keypress: z
272.5791 	EXP 	unnamed TextStim: height = 25.0
272.5791 	EXP 	unnamed TextStim: height = 25.0
272.5791 	EXP 	unnamed TextStim: height = 25.0
272.5791 	EXP 	unnamed TextStim: text = 'z'
274.1875 	DATA 	Keypress: z
274.2963 	EXP 	Created unnamed ImageStim = ImageStim(__class__=<class 'psychopy.visual.image.ImageStim'>, anchor=('center', 'center'), autoLog=True, color=array([1., 1., 1.]), colorSpace='rgb', contrast=1.0, depth=0, flipHoriz=False, flipVert=False, image='break.jpg', interpolate=True, mask=None, maskParams=None, name='unnamed ImageStim', opacity=1.0, ori=0.0, pos=array([0., 0.]), size=array([1536.,  864.]), texRes=128, units='pix', win=Window(...))
275.0578 	DATA 	Keypress: space
275.0749 	EXP 	Created unnamed TextStim = TextStim(__class__=<class 'psychopy.visual.text.TextStim'>, alignHoriz=method-wrapper(...), alignText='center', alignVert=method-wrapper(...), anchorHoriz='center', anchorVert='center', antialias=True, autoDraw=False, autoLog=True, bold=False, color=array([-1, -1, -1]), colorSpace='rgb', contrast=1.0, depth=0, flipHoriz=False, flipVert=False, font='', fontFiles=[], height=20.0, italic=False, languageStyle='LTR', name='unnamed TextStim', opacity=1.0, ori=0.0, pos=array([0., 0.]), rgb=UNKNOWN, text=str(...), units='pix', win=Window(...), wrapWidth=1536)
290.7740 	DATA 	Keypress: space
290.8657 	EXP 	window1: mouseVisible = True
