7.6222 	WARNING 	User requested fullscreen with size [1536  864], but screen is actually [1920, 1080]. Using actual size
8.8793 	INFO 	FRAME RATE: 60
8.8793 	INFO 	SCREEN RES: odict_values([1536, 864])
8.9366 	EXP 	Created unnamed TextStim = TextStim(__class__=<class 'psychopy.visual.text.TextStim'>, alignHoriz=method-wrapper(...), alignText='center', alignVert=method-wrapper(...), anchorHoriz='center', anchorVert='center', antialias=True, autoDraw=False, autoLog=True, bold=False, color=array([-1, -1, -1]), colorSpace='rgb', contrast=1.0, depth=0, flipHoriz=False, flipVert=False, font='', fontFiles=[], height=100.0, italic=False, languageStyle='LTR', name='unnamed TextStim', opacity=1.0, ori=0.0, pos=array([0., 0.]), rgb=UNKNOWN, text='+', units='pix', win=Window(...), wrapWidth=500)
8.9414 	EXP 	Created unnamed Circle = Circle(__class__=<class 'psychopy.visual.circle.Circle'>, anchor=('center', 'center'), autoDraw=False, autoLog=True, closeShape=True, color=method-wrapper(...), colorSpace='rgb', contrast=None, depth=0, fillColor=array([ 0.09019608, -1.        , -1.        ]), fillColorSpace='rgb', fillRGB=array([ 0.09019608, -1.        , -1.        ]), interpolate=True, lineColor=array([ 0.09019608, -1.        , -1.        ]), lineColorSpace='rgb', lineRGB=array([ 0.09019608, -1.        , -1.        ]), lineWidth=1.5, name='unnamed Circle', opacity=1.0, ori=0.0, pos=array([0., 0.]), size=array([1., 1.]), units='pix', vertices=ndarray(...), win=Window(...))
8.9422 	EXP 	Created unnamed TextStim = TextStim(__class__=<class 'psychopy.visual.text.TextStim'>, alignHoriz=method-wrapper(...), alignText='center', alignVert=method-wrapper(...), anchorHoriz='center', anchorVert='center', antialias=True, autoDraw=False, autoLog=True, bold=False, color=array([-0.17647059, -0.17647059, -0.17647059]), colorSpace='rgb', contrast=1.0, depth=0, flipHoriz=False, flipVert=False, font='', fontFiles=[], height=25, italic=False, languageStyle='LTR', name='unnamed TextStim', opacity=1.0, ori=0.0, pos=array([0., 0.]), rgb=UNKNOWN, text='', units='pix', win=Window(...), wrapWidth=500)
8.9510 	EXP 	Created unnamed ImageStim = ImageStim(__class__=<class 'psychopy.visual.image.ImageStim'>, anchor=('center', 'center'), autoLog=True, color=array([1., 1., 1.]), colorSpace='rgb', contrast=1.0, depth=0, flipHoriz=False, flipVert=False, image='mask4.png', interpolate=False, mask=None, maskParams=None, name='unnamed ImageStim', opacity=1.0, ori=0.0, pos=array([0., 0.]), size=array([25., 25.]), texRes=128, units='pix', win=Window(...))
8.9580 	EXP 	Created unnamed TextStim = TextStim(__class__=<class 'psychopy.visual.text.TextStim'>, alignHoriz=method-wrapper(...), alignText='center', alignVert=method-wrapper(...), anchorHoriz='center', anchorVert='center', antialias=True, autoDraw=False, autoLog=True, bold=False, color=array([-1, -1, -1]), colorSpace='rgb', contrast=1.0, depth=0, flipHoriz=False, flipVert=False, font='', fontFiles=[], height=30.0, italic=False, languageStyle='LTR', name='unnamed TextStim', opacity=1.0, ori=0.0, pos=array([ 100., -300.]), rgb=UNKNOWN, text=str(...), units='pix', win=Window(...), wrapWidth=10000)
8.9624 	EXP 	Created unnamed TextStim = TextStim(__class__=<class 'psychopy.visual.text.TextStim'>, alignHoriz=method-wrapper(...), alignText='center', alignVert=method-wrapper(...), anchorHoriz='center', anchorVert='center', antialias=True, autoDraw=False, autoLog=True, bold=False, color=array([-1, -1, -1]), colorSpace='rgb', contrast=1.0, depth=0, flipHoriz=False, flipVert=False, font='', fontFiles=[], height=30.0, italic=False, languageStyle='LTR', name='unnamed TextStim', opacity=1.0, ori=0.0, pos=array([ 100., -330.]), rgb=UNKNOWN, text=str(...), units='pix', win=Window(...), wrapWidth=10000)
8.9988 	EXP 	Created unnamed TextStim = TextStim(__class__=<class 'psychopy.visual.text.TextStim'>, alignHoriz=method-wrapper(...), alignText='center', alignVert=method-wrapper(...), anchorHoriz='center', anchorVert='center', antialias=True, autoDraw=False, autoLog=True, bold=False, color=array([-1, -1, -1]), colorSpace='rgb', contrast=1.0, depth=0, flipHoriz=False, flipVert=False, font='', fontFiles=[], height=20.0, italic=False, languageStyle='LTR', name='unnamed TextStim', opacity=1.0, ori=0.0, pos=array([0., 0.]), rgb=UNKNOWN, text=str(...), units='pix', win=Window(...), wrapWidth=1536)
38.2997 	DATA 	Keypress: space
38.3123 	EXP 	unnamed TextStim: height = 25.0
38.3123 	EXP 	unnamed TextStim: height = 25.0
38.3123 	EXP 	unnamed TextStim: height = 25.0
38.3123 	EXP 	unnamed TextStim: text = 'm'
40.5681 	DATA 	Keypress: m
40.5751 	EXP 	Created unnamed TextStim = TextStim(__class__=<class 'psychopy.visual.text.TextStim'>, alignHoriz=method-wrapper(...), alignText='center', alignVert=method-wrapper(...), anchorHoriz='center', anchorVert='center', antialias=True, autoDraw=False, autoLog=True, bold=False, color=array([-1, -1, -1]), colorSpace='rgb', contrast=1.0, depth=0, flipHoriz=False, flipVert=False, font='', fontFiles=[], height=50.0, italic=False, languageStyle='LTR', name='unnamed TextStim', opacity=1.0, ori=0.0, pos=array([0., 0.]), rgb=UNKNOWN, text='Poprawnie', units='pix', win=Window(...), wrapWidth=500)
41.5796 	EXP 	unnamed TextStim: height = 25.0
41.5796 	EXP 	unnamed TextStim: height = 25.0
41.5796 	EXP 	unnamed TextStim: height = 25.0
41.5796 	EXP 	unnamed TextStim: text = 'x'
43.1517 	DATA 	Keypress: n
43.1546 	EXP 	Created unnamed TextStim = TextStim(__class__=<class 'psychopy.visual.text.TextStim'>, alignHoriz=method-wrapper(...), alignText='center', alignVert=method-wrapper(...), anchorHoriz='center', anchorVert='center', antialias=True, autoDraw=False, autoLog=True, bold=False, color=array([-1, -1, -1]), colorSpace='rgb', contrast=1.0, depth=0, flipHoriz=False, flipVert=False, font='', fontFiles=[], height=50.0, italic=False, languageStyle='LTR', name='unnamed TextStim', opacity=1.0, ori=0.0, pos=array([0., 0.]), rgb=UNKNOWN, text='Niepoprawnie', units='pix', win=Window(...), wrapWidth=500)
44.1624 	EXP 	unnamed TextStim: height = 25.0
44.1624 	EXP 	unnamed TextStim: height = 25.0
44.1624 	EXP 	unnamed TextStim: height = 25.0
44.1624 	EXP 	unnamed TextStim: text = 'z'
45.4967 	DATA 	Keypress: z
45.5015 	EXP 	Created unnamed TextStim = TextStim(__class__=<class 'psychopy.visual.text.TextStim'>, alignHoriz=method-wrapper(...), alignText='center', alignVert=method-wrapper(...), anchorHoriz='center', anchorVert='center', antialias=True, autoDraw=False, autoLog=True, bold=False, color=array([-1, -1, -1]), colorSpace='rgb', contrast=1.0, depth=0, flipHoriz=False, flipVert=False, font='', fontFiles=[], height=50.0, italic=False, languageStyle='LTR', name='unnamed TextStim', opacity=1.0, ori=0.0, pos=array([0., 0.]), rgb=UNKNOWN, text='Poprawnie', units='pix', win=Window(...), wrapWidth=500)
46.5293 	EXP 	unnamed TextStim: height = 25.0
46.5293 	EXP 	unnamed TextStim: height = 25.0
46.5293 	EXP 	unnamed TextStim: height = 25.0
46.5293 	EXP 	unnamed TextStim: text = 'x'
48.3905 	DATA 	Keypress: x
48.3926 	EXP 	Created unnamed TextStim = TextStim(__class__=<class 'psychopy.visual.text.TextStim'>, alignHoriz=method-wrapper(...), alignText='center', alignVert=method-wrapper(...), anchorHoriz='center', anchorVert='center', antialias=True, autoDraw=False, autoLog=True, bold=False, color=array([-1, -1, -1]), colorSpace='rgb', contrast=1.0, depth=0, flipHoriz=False, flipVert=False, font='', fontFiles=[], height=50.0, italic=False, languageStyle='LTR', name='unnamed TextStim', opacity=1.0, ori=0.0, pos=array([0., 0.]), rgb=UNKNOWN, text='Poprawnie', units='pix', win=Window(...), wrapWidth=500)
49.3971 	EXP 	unnamed TextStim: height = 25.0
49.3971 	EXP 	unnamed TextStim: height = 25.0
49.3971 	EXP 	unnamed TextStim: height = 25.0
49.3971 	EXP 	unnamed TextStim: text = 'm'
51.6310 	DATA 	Keypress: m
51.6329 	EXP 	Created unnamed TextStim = TextStim(__class__=<class 'psychopy.visual.text.TextStim'>, alignHoriz=method-wrapper(...), alignText='center', alignVert=method-wrapper(...), anchorHoriz='center', anchorVert='center', antialias=True, autoDraw=False, autoLog=True, bold=False, color=array([-1, -1, -1]), colorSpace='rgb', contrast=1.0, depth=0, flipHoriz=False, flipVert=False, font='', fontFiles=[], height=50.0, italic=False, languageStyle='LTR', name='unnamed TextStim', opacity=1.0, ori=0.0, pos=array([0., 0.]), rgb=UNKNOWN, text='Poprawnie', units='pix', win=Window(...), wrapWidth=500)
52.6460 	EXP 	unnamed TextStim: height = 25.0
52.6460 	EXP 	unnamed TextStim: height = 25.0
52.6460 	EXP 	unnamed TextStim: height = 25.0
52.6460 	EXP 	unnamed TextStim: text = 'z'
54.7926 	DATA 	Keypress: z
54.7946 	EXP 	Created unnamed TextStim = TextStim(__class__=<class 'psychopy.visual.text.TextStim'>, alignHoriz=method-wrapper(...), alignText='center', alignVert=method-wrapper(...), anchorHoriz='center', anchorVert='center', antialias=True, autoDraw=False, autoLog=True, bold=False, color=array([-1, -1, -1]), colorSpace='rgb', contrast=1.0, depth=0, flipHoriz=False, flipVert=False, font='', fontFiles=[], height=50.0, italic=False, languageStyle='LTR', name='unnamed TextStim', opacity=1.0, ori=0.0, pos=array([0., 0.]), rgb=UNKNOWN, text='Poprawnie', units='pix', win=Window(...), wrapWidth=500)
55.8129 	EXP 	unnamed TextStim: height = 25.0
55.8129 	EXP 	unnamed TextStim: height = 25.0
55.8129 	EXP 	unnamed TextStim: height = 25.0
55.8129 	EXP 	unnamed TextStim: text = 'x'
57.3838 	DATA 	Keypress: x
57.3858 	EXP 	Created unnamed TextStim = TextStim(__class__=<class 'psychopy.visual.text.TextStim'>, alignHoriz=method-wrapper(...), alignText='center', alignVert=method-wrapper(...), anchorHoriz='center', anchorVert='center', antialias=True, autoDraw=False, autoLog=True, bold=False, color=array([-1, -1, -1]), colorSpace='rgb', contrast=1.0, depth=0, flipHoriz=False, flipVert=False, font='', fontFiles=[], height=50.0, italic=False, languageStyle='LTR', name='unnamed TextStim', opacity=1.0, ori=0.0, pos=array([0., 0.]), rgb=UNKNOWN, text='Poprawnie', units='pix', win=Window(...), wrapWidth=500)
58.3963 	EXP 	unnamed TextStim: height = 25.0
58.3963 	EXP 	unnamed TextStim: height = 25.0
58.3963 	EXP 	unnamed TextStim: height = 25.0
58.3963 	EXP 	unnamed TextStim: text = 'z'
60.0346 	DATA 	Keypress: z
60.0366 	EXP 	Created unnamed TextStim = TextStim(__class__=<class 'psychopy.visual.text.TextStim'>, alignHoriz=method-wrapper(...), alignText='center', alignVert=method-wrapper(...), anchorHoriz='center', anchorVert='center', antialias=True, autoDraw=False, autoLog=True, bold=False, color=array([-1, -1, -1]), colorSpace='rgb', contrast=1.0, depth=0, flipHoriz=False, flipVert=False, font='', fontFiles=[], height=50.0, italic=False, languageStyle='LTR', name='unnamed TextStim', opacity=1.0, ori=0.0, pos=array([0., 0.]), rgb=UNKNOWN, text='Poprawnie', units='pix', win=Window(...), wrapWidth=500)
61.0464 	EXP 	unnamed TextStim: height = 25.0
61.0464 	EXP 	unnamed TextStim: height = 25.0
61.0464 	EXP 	unnamed TextStim: height = 25.0
61.0464 	EXP 	unnamed TextStim: text = 'x'
64.0134 	DATA 	No keypress (maxWait exceeded)
64.0155 	EXP 	Created unnamed TextStim = TextStim(__class__=<class 'psychopy.visual.text.TextStim'>, alignHoriz=method-wrapper(...), alignText='center', alignVert=method-wrapper(...), anchorHoriz='center', anchorVert='center', antialias=True, autoDraw=False, autoLog=True, bold=False, color=array([-1, -1, -1]), colorSpace='rgb', contrast=1.0, depth=0, flipHoriz=False, flipVert=False, font='', fontFiles=[], height=50.0, italic=False, languageStyle='LTR', name='unnamed TextStim', opacity=1.0, ori=0.0, pos=array([0., 0.]), rgb=UNKNOWN, text='Niepoprawnie', units='pix', win=Window(...), wrapWidth=500)
64.8165 	DATA 	Keypress: x
65.0300 	EXP 	unnamed TextStim: text = 'x'
66.5327 	DATA 	Keypress: x
66.5345 	EXP 	Created unnamed TextStim = TextStim(__class__=<class 'psychopy.visual.text.TextStim'>, alignHoriz=method-wrapper(...), alignText='center', alignVert=method-wrapper(...), anchorHoriz='center', anchorVert='center', antialias=True, autoDraw=False, autoLog=True, bold=False, color=array([-1, -1, -1]), colorSpace='rgb', contrast=1.0, depth=0, flipHoriz=False, flipVert=False, font='', fontFiles=[], height=50.0, italic=False, languageStyle='LTR', name='unnamed TextStim', opacity=1.0, ori=0.0, pos=array([0., 0.]), rgb=UNKNOWN, text='Poprawnie', units='pix', win=Window(...), wrapWidth=500)
67.5467 	EXP 	unnamed TextStim: height = 25.0
67.5467 	EXP 	unnamed TextStim: height = 25.0
67.5467 	EXP 	unnamed TextStim: height = 25.0
67.5467 	EXP 	unnamed TextStim: text = 'n'
69.1028 	DATA 	Keypress: n
69.1047 	EXP 	Created unnamed TextStim = TextStim(__class__=<class 'psychopy.visual.text.TextStim'>, alignHoriz=method-wrapper(...), alignText='center', alignVert=method-wrapper(...), anchorHoriz='center', anchorVert='center', antialias=True, autoDraw=False, autoLog=True, bold=False, color=array([-1, -1, -1]), colorSpace='rgb', contrast=1.0, depth=0, flipHoriz=False, flipVert=False, font='', fontFiles=[], height=50.0, italic=False, languageStyle='LTR', name='unnamed TextStim', opacity=1.0, ori=0.0, pos=array([0., 0.]), rgb=UNKNOWN, text='Poprawnie', units='pix', win=Window(...), wrapWidth=500)
70.1133 	EXP 	unnamed TextStim: height = 25.0
70.1133 	EXP 	unnamed TextStim: height = 25.0
70.1133 	EXP 	unnamed TextStim: height = 25.0
70.1133 	EXP 	unnamed TextStim: text = 'm'
71.5652 	DATA 	Keypress: m
72.7510 	DATA 	Keypress: m
72.7530 	EXP 	Created unnamed TextStim = TextStim(__class__=<class 'psychopy.visual.text.TextStim'>, alignHoriz=method-wrapper(...), alignText='center', alignVert=method-wrapper(...), anchorHoriz='center', anchorVert='center', antialias=True, autoDraw=False, autoLog=True, bold=False, color=array([-1, -1, -1]), colorSpace='rgb', contrast=1.0, depth=0, flipHoriz=False, flipVert=False, font='', fontFiles=[], height=50.0, italic=False, languageStyle='LTR', name='unnamed TextStim', opacity=1.0, ori=0.0, pos=array([0., 0.]), rgb=UNKNOWN, text='Poprawnie', units='pix', win=Window(...), wrapWidth=500)
73.7636 	EXP 	unnamed TextStim: height = 25.0
73.7636 	EXP 	unnamed TextStim: height = 25.0
73.7636 	EXP 	unnamed TextStim: height = 25.0
73.7636 	EXP 	unnamed TextStim: text = 'z'
75.1977 	DATA 	Keypress: z
75.2024 	EXP 	Created unnamed TextStim = TextStim(__class__=<class 'psychopy.visual.text.TextStim'>, alignHoriz=method-wrapper(...), alignText='center', alignVert=method-wrapper(...), anchorHoriz='center', anchorVert='center', antialias=True, autoDraw=False, autoLog=True, bold=False, color=array([-1, -1, -1]), colorSpace='rgb', contrast=1.0, depth=0, flipHoriz=False, flipVert=False, font='', fontFiles=[], height=50.0, italic=False, languageStyle='LTR', name='unnamed TextStim', opacity=1.0, ori=0.0, pos=array([0., 0.]), rgb=UNKNOWN, text='Poprawnie', units='pix', win=Window(...), wrapWidth=500)
76.2303 	EXP 	unnamed TextStim: height = 25.0
76.2303 	EXP 	unnamed TextStim: height = 25.0
76.2303 	EXP 	unnamed TextStim: height = 25.0
76.2303 	EXP 	unnamed TextStim: text = 'm'
77.9964 	DATA 	Keypress: m
77.9984 	EXP 	Created unnamed TextStim = TextStim(__class__=<class 'psychopy.visual.text.TextStim'>, alignHoriz=method-wrapper(...), alignText='center', alignVert=method-wrapper(...), anchorHoriz='center', anchorVert='center', antialias=True, autoDraw=False, autoLog=True, bold=False, color=array([-1, -1, -1]), colorSpace='rgb', contrast=1.0, depth=0, flipHoriz=False, flipVert=False, font='', fontFiles=[], height=50.0, italic=False, languageStyle='LTR', name='unnamed TextStim', opacity=1.0, ori=0.0, pos=array([0., 0.]), rgb=UNKNOWN, text='Poprawnie', units='pix', win=Window(...), wrapWidth=500)
79.0137 	EXP 	unnamed TextStim: height = 25.0
79.0137 	EXP 	unnamed TextStim: height = 25.0
79.0137 	EXP 	unnamed TextStim: height = 25.0
79.0137 	EXP 	unnamed TextStim: text = 'n'
80.8819 	DATA 	Keypress: n
80.8838 	EXP 	Created unnamed TextStim = TextStim(__class__=<class 'psychopy.visual.text.TextStim'>, alignHoriz=method-wrapper(...), alignText='center', alignVert=method-wrapper(...), anchorHoriz='center', anchorVert='center', antialias=True, autoDraw=False, autoLog=True, bold=False, color=array([-1, -1, -1]), colorSpace='rgb', contrast=1.0, depth=0, flipHoriz=False, flipVert=False, font='', fontFiles=[], height=50.0, italic=False, languageStyle='LTR', name='unnamed TextStim', opacity=1.0, ori=0.0, pos=array([0., 0.]), rgb=UNKNOWN, text='Poprawnie', units='pix', win=Window(...), wrapWidth=500)
81.9156 	EXP 	Created unnamed TextStim = TextStim(__class__=<class 'psychopy.visual.text.TextStim'>, alignHoriz=method-wrapper(...), alignText='center', alignVert=method-wrapper(...), anchorHoriz='center', anchorVert='center', antialias=True, autoDraw=False, autoLog=True, bold=False, color=array([-1, -1, -1]), colorSpace='rgb', contrast=1.0, depth=0, flipHoriz=False, flipVert=False, font='', fontFiles=[], height=20.0, italic=False, languageStyle='LTR', name='unnamed TextStim', opacity=1.0, ori=0.0, pos=array([0., 0.]), rgb=UNKNOWN, text=str(...), units='pix', win=Window(...), wrapWidth=1536)
86.6002 	DATA 	Keypress: space
86.6138 	EXP 	unnamed TextStim: text = 'n'
88.1185 	DATA 	Keypress: n
88.1246 	EXP 	Created unnamed TextStim = TextStim(__class__=<class 'psychopy.visual.text.TextStim'>, alignHoriz=method-wrapper(...), alignText='center', alignVert=method-wrapper(...), anchorHoriz='center', anchorVert='center', antialias=True, autoDraw=False, autoLog=True, bold=False, color=array([-1, -1, -1]), colorSpace='rgb', contrast=1.0, depth=0, flipHoriz=False, flipVert=False, font='', fontFiles=[], height=50.0, italic=False, languageStyle='LTR', name='unnamed TextStim', opacity=1.0, ori=0.0, pos=array([0., 0.]), rgb=UNKNOWN, text='Poprawnie', units='pix', win=Window(...), wrapWidth=500)
89.1308 	EXP 	unnamed TextStim: height = 25.0
89.1308 	EXP 	unnamed TextStim: height = 25.0
89.1308 	EXP 	unnamed TextStim: height = 25.0
89.1308 	EXP 	unnamed TextStim: text = 'm'
90.5884 	DATA 	Keypress: m
90.5904 	EXP 	Created unnamed TextStim = TextStim(__class__=<class 'psychopy.visual.text.TextStim'>, alignHoriz=method-wrapper(...), alignText='center', alignVert=method-wrapper(...), anchorHoriz='center', anchorVert='center', antialias=True, autoDraw=False, autoLog=True, bold=False, color=array([-1, -1, -1]), colorSpace='rgb', contrast=1.0, depth=0, flipHoriz=False, flipVert=False, font='', fontFiles=[], height=50.0, italic=False, languageStyle='LTR', name='unnamed TextStim', opacity=1.0, ori=0.0, pos=array([0., 0.]), rgb=UNKNOWN, text='Poprawnie', units='pix', win=Window(...), wrapWidth=500)
91.5976 	EXP 	unnamed TextStim: height = 25.0
91.5976 	EXP 	unnamed TextStim: height = 25.0
91.5976 	EXP 	unnamed TextStim: height = 25.0
91.5976 	EXP 	unnamed TextStim: text = 'n'
93.1059 	DATA 	Keypress: n
93.1080 	EXP 	Created unnamed TextStim = TextStim(__class__=<class 'psychopy.visual.text.TextStim'>, alignHoriz=method-wrapper(...), alignText='center', alignVert=method-wrapper(...), anchorHoriz='center', anchorVert='center', antialias=True, autoDraw=False, autoLog=True, bold=False, color=array([-1, -1, -1]), colorSpace='rgb', contrast=1.0, depth=0, flipHoriz=False, flipVert=False, font='', fontFiles=[], height=50.0, italic=False, languageStyle='LTR', name='unnamed TextStim', opacity=1.0, ori=0.0, pos=array([0., 0.]), rgb=UNKNOWN, text='Poprawnie', units='pix', win=Window(...), wrapWidth=500)
94.1143 	EXP 	unnamed TextStim: height = 25.0
94.1143 	EXP 	unnamed TextStim: height = 25.0
94.1143 	EXP 	unnamed TextStim: height = 25.0
94.1143 	EXP 	unnamed TextStim: text = 'z'
95.4353 	DATA 	Keypress: z
95.4371 	EXP 	Created unnamed TextStim = TextStim(__class__=<class 'psychopy.visual.text.TextStim'>, alignHoriz=method-wrapper(...), alignText='center', alignVert=method-wrapper(...), anchorHoriz='center', anchorVert='center', antialias=True, autoDraw=False, autoLog=True, bold=False, color=array([-1, -1, -1]), colorSpace='rgb', contrast=1.0, depth=0, flipHoriz=False, flipVert=False, font='', fontFiles=[], height=50.0, italic=False, languageStyle='LTR', name='unnamed TextStim', opacity=1.0, ori=0.0, pos=array([0., 0.]), rgb=UNKNOWN, text='Poprawnie', units='pix', win=Window(...), wrapWidth=500)
96.4477 	EXP 	unnamed TextStim: height = 25.0
96.4477 	EXP 	unnamed TextStim: height = 25.0
96.4477 	EXP 	unnamed TextStim: height = 25.0
96.4477 	EXP 	unnamed TextStim: text = 'x'
98.4835 	DATA 	Keypress: x
98.4854 	EXP 	Created unnamed TextStim = TextStim(__class__=<class 'psychopy.visual.text.TextStim'>, alignHoriz=method-wrapper(...), alignText='center', alignVert=method-wrapper(...), anchorHoriz='center', anchorVert='center', antialias=True, autoDraw=False, autoLog=True, bold=False, color=array([-1, -1, -1]), colorSpace='rgb', contrast=1.0, depth=0, flipHoriz=False, flipVert=False, font='', fontFiles=[], height=50.0, italic=False, languageStyle='LTR', name='unnamed TextStim', opacity=1.0, ori=0.0, pos=array([0., 0.]), rgb=UNKNOWN, text='Poprawnie', units='pix', win=Window(...), wrapWidth=500)
99.4977 	EXP 	unnamed TextStim: height = 25.0
99.4977 	EXP 	unnamed TextStim: height = 25.0
99.4977 	EXP 	unnamed TextStim: height = 25.0
99.4977 	EXP 	unnamed TextStim: text = 'z'
100.9860 	DATA 	Keypress: z
100.9879 	EXP 	Created unnamed TextStim = TextStim(__class__=<class 'psychopy.visual.text.TextStim'>, alignHoriz=method-wrapper(...), alignText='center', alignVert=method-wrapper(...), anchorHoriz='center', anchorVert='center', antialias=True, autoDraw=False, autoLog=True, bold=False, color=array([-1, -1, -1]), colorSpace='rgb', contrast=1.0, depth=0, flipHoriz=False, flipVert=False, font='', fontFiles=[], height=50.0, italic=False, languageStyle='LTR', name='unnamed TextStim', opacity=1.0, ori=0.0, pos=array([0., 0.]), rgb=UNKNOWN, text='Poprawnie', units='pix', win=Window(...), wrapWidth=500)
101.9980 	EXP 	unnamed TextStim: height = 25.0
101.9980 	EXP 	unnamed TextStim: height = 25.0
101.9980 	EXP 	unnamed TextStim: height = 25.0
101.9980 	EXP 	unnamed TextStim: text = 'm'
103.7951 	DATA 	Keypress: m
103.7973 	EXP 	Created unnamed TextStim = TextStim(__class__=<class 'psychopy.visual.text.TextStim'>, alignHoriz=method-wrapper(...), alignText='center', alignVert=method-wrapper(...), anchorHoriz='center', anchorVert='center', antialias=True, autoDraw=False, autoLog=True, bold=False, color=array([-1, -1, -1]), colorSpace='rgb', contrast=1.0, depth=0, flipHoriz=False, flipVert=False, font='', fontFiles=[], height=50.0, italic=False, languageStyle='LTR', name='unnamed TextStim', opacity=1.0, ori=0.0, pos=array([0., 0.]), rgb=UNKNOWN, text='Poprawnie', units='pix', win=Window(...), wrapWidth=500)
104.8146 	EXP 	unnamed TextStim: text = 'm'
106.2939 	DATA 	Keypress: m
106.2958 	EXP 	Created unnamed TextStim = TextStim(__class__=<class 'psychopy.visual.text.TextStim'>, alignHoriz=method-wrapper(...), alignText='center', alignVert=method-wrapper(...), anchorHoriz='center', anchorVert='center', antialias=True, autoDraw=False, autoLog=True, bold=False, color=array([-1, -1, -1]), colorSpace='rgb', contrast=1.0, depth=0, flipHoriz=False, flipVert=False, font='', fontFiles=[], height=50.0, italic=False, languageStyle='LTR', name='unnamed TextStim', opacity=1.0, ori=0.0, pos=array([0., 0.]), rgb=UNKNOWN, text='Poprawnie', units='pix', win=Window(...), wrapWidth=500)
107.3148 	EXP 	unnamed TextStim: height = 25.0
107.3148 	EXP 	unnamed TextStim: height = 25.0
107.3148 	EXP 	unnamed TextStim: height = 25.0
107.3148 	EXP 	unnamed TextStim: text = 'x'
108.9501 	DATA 	Keypress: x
108.9520 	EXP 	Created unnamed TextStim = TextStim(__class__=<class 'psychopy.visual.text.TextStim'>, alignHoriz=method-wrapper(...), alignText='center', alignVert=method-wrapper(...), anchorHoriz='center', anchorVert='center', antialias=True, autoDraw=False, autoLog=True, bold=False, color=array([-1, -1, -1]), colorSpace='rgb', contrast=1.0, depth=0, flipHoriz=False, flipVert=False, font='', fontFiles=[], height=50.0, italic=False, languageStyle='LTR', name='unnamed TextStim', opacity=1.0, ori=0.0, pos=array([0., 0.]), rgb=UNKNOWN, text='Poprawnie', units='pix', win=Window(...), wrapWidth=500)
109.9649 	EXP 	unnamed TextStim: text = 'x'
111.7582 	DATA 	Keypress: m
111.7611 	EXP 	Created unnamed TextStim = TextStim(__class__=<class 'psychopy.visual.text.TextStim'>, alignHoriz=method-wrapper(...), alignText='center', alignVert=method-wrapper(...), anchorHoriz='center', anchorVert='center', antialias=True, autoDraw=False, autoLog=True, bold=False, color=array([-1, -1, -1]), colorSpace='rgb', contrast=1.0, depth=0, flipHoriz=False, flipVert=False, font='', fontFiles=[], height=50.0, italic=False, languageStyle='LTR', name='unnamed TextStim', opacity=1.0, ori=0.0, pos=array([0., 0.]), rgb=UNKNOWN, text='Niepoprawnie', units='pix', win=Window(...), wrapWidth=500)
112.7876 	EXP 	Created unnamed TextStim = TextStim(__class__=<class 'psychopy.visual.text.TextStim'>, alignHoriz=method-wrapper(...), alignText='center', alignVert=method-wrapper(...), anchorHoriz='center', anchorVert='center', antialias=True, autoDraw=False, autoLog=True, bold=False, color=array([-1, -1, -1]), colorSpace='rgb', contrast=1.0, depth=0, flipHoriz=False, flipVert=False, font='', fontFiles=[], height=20.0, italic=False, languageStyle='LTR', name='unnamed TextStim', opacity=1.0, ori=0.0, pos=array([0., 0.]), rgb=UNKNOWN, text=str(...), units='pix', win=Window(...), wrapWidth=1536)
133.7000 	DATA 	Keypress: space
133.7156 	EXP 	unnamed TextStim: height = 25.0
133.7156 	EXP 	unnamed TextStim: height = 25.0
133.7156 	EXP 	unnamed TextStim: height = 25.0
133.7156 	EXP 	unnamed TextStim: text = 'm'
135.7618 	DATA 	Keypress: comma
136.4496 	DATA 	No keypress (maxWait exceeded)
136.4508 	EXP 	unnamed TextStim: text = 'm'
138.5984 	DATA 	Keypress: z
138.6012 	EXP 	unnamed TextStim: height = 25.0
138.6012 	EXP 	unnamed TextStim: height = 25.0
138.6012 	EXP 	unnamed TextStim: height = 25.0
138.6012 	EXP 	unnamed TextStim: text = 'x'
141.1952 	DATA 	Keypress: z
141.1978 	EXP 	unnamed TextStim: height = 25.0
141.1978 	EXP 	unnamed TextStim: height = 25.0
141.1978 	EXP 	unnamed TextStim: height = 25.0
141.1978 	EXP 	unnamed TextStim: text = 'n'
142.6805 	DATA 	Keypress: m
142.6830 	EXP 	unnamed TextStim: height = 25.0
142.6830 	EXP 	unnamed TextStim: height = 25.0
142.6830 	EXP 	unnamed TextStim: height = 25.0
142.6830 	EXP 	unnamed TextStim: text = 'z'
145.3997 	DATA 	No keypress (maxWait exceeded)
145.4011 	EXP 	unnamed TextStim: text = 'z'
145.4507 	DATA 	Keypress: x
147.1100 	DATA 	Keypress: z
147.2224 	EXP 	Created unnamed ImageStim = ImageStim(__class__=<class 'psychopy.visual.image.ImageStim'>, anchor=('center', 'center'), autoLog=True, color=array([1., 1., 1.]), colorSpace='rgb', contrast=1.0, depth=0, flipHoriz=False, flipVert=False, image='break.jpg', interpolate=True, mask=None, maskParams=None, name='unnamed ImageStim', opacity=1.0, ori=0.0, pos=array([0., 0.]), size=array([1536.,  864.]), texRes=128, units='pix', win=Window(...))
167.4601 	DATA 	Keypress: space
167.4669 	EXP 	unnamed TextStim: text = 'z'
169.1818 	DATA 	Keypress: x
169.1829 	EXP 	unnamed TextStim: text = 'z'
170.5031 	DATA 	Keypress: z
170.5053 	EXP 	unnamed TextStim: height = 25.0
170.5053 	EXP 	unnamed TextStim: height = 25.0
170.5053 	EXP 	unnamed TextStim: height = 25.0
170.5053 	EXP 	unnamed TextStim: text = 'x'
171.9398 	DATA 	Keypress: x
171.9420 	EXP 	unnamed TextStim: height = 25.0
171.9420 	EXP 	unnamed TextStim: height = 25.0
171.9420 	EXP 	unnamed TextStim: height = 25.0
171.9420 	EXP 	unnamed TextStim: text = 'n'
174.4694 	DATA 	Keypress: n
174.4715 	EXP 	unnamed TextStim: height = 25.0
174.4715 	EXP 	unnamed TextStim: height = 25.0
174.4715 	EXP 	unnamed TextStim: height = 25.0
174.4715 	EXP 	unnamed TextStim: text = 'x'
175.9873 	DATA 	Keypress: x
175.9920 	EXP 	unnamed TextStim: height = 25.0
175.9920 	EXP 	unnamed TextStim: height = 25.0
175.9920 	EXP 	unnamed TextStim: height = 25.0
175.9920 	EXP 	unnamed TextStim: text = 'n'
177.9641 	DATA 	Keypress: n
178.0747 	EXP 	Created unnamed ImageStim = ImageStim(__class__=<class 'psychopy.visual.image.ImageStim'>, anchor=('center', 'center'), autoLog=True, color=array([1., 1., 1.]), colorSpace='rgb', contrast=1.0, depth=0, flipHoriz=False, flipVert=False, image='break.jpg', interpolate=True, mask=None, maskParams=None, name='unnamed ImageStim', opacity=1.0, ori=0.0, pos=array([0., 0.]), size=array([1536.,  864.]), texRes=128, units='pix', win=Window(...))
186.0196 	DATA 	Keypress: space
186.0343 	EXP 	unnamed TextStim: text = 'n'
188.3647 	DATA 	Keypress: x
188.3667 	EXP 	unnamed TextStim: height = 25.0
188.3667 	EXP 	unnamed TextStim: height = 25.0
188.3667 	EXP 	unnamed TextStim: height = 25.0
188.3667 	EXP 	unnamed TextStim: text = 'x'
189.7826 	DATA 	Keypress: x
189.7847 	EXP 	unnamed TextStim: height = 25.0
189.7847 	EXP 	unnamed TextStim: height = 25.0
189.7847 	EXP 	unnamed TextStim: height = 25.0
189.7847 	EXP 	unnamed TextStim: text = 'z'
191.7769 	DATA 	Keypress: z
191.7790 	EXP 	unnamed TextStim: height = 25.0
191.7790 	EXP 	unnamed TextStim: height = 25.0
191.7790 	EXP 	unnamed TextStim: height = 25.0
191.7790 	EXP 	unnamed TextStim: text = 'm'
193.8796 	DATA 	Keypress: m
193.8818 	EXP 	unnamed TextStim: height = 25.0
193.8818 	EXP 	unnamed TextStim: height = 25.0
193.8818 	EXP 	unnamed TextStim: height = 25.0
193.8818 	EXP 	unnamed TextStim: text = 'z'
195.2886 	DATA 	Keypress: z
195.2908 	EXP 	unnamed TextStim: height = 25.0
195.2908 	EXP 	unnamed TextStim: height = 25.0
195.2908 	EXP 	unnamed TextStim: height = 25.0
195.2908 	EXP 	unnamed TextStim: text = 'm'
197.0843 	DATA 	Keypress: x
197.1934 	EXP 	Created unnamed ImageStim = ImageStim(__class__=<class 'psychopy.visual.image.ImageStim'>, anchor=('center', 'center'), autoLog=True, color=array([1., 1., 1.]), colorSpace='rgb', contrast=1.0, depth=0, flipHoriz=False, flipVert=False, image='break.jpg', interpolate=True, mask=None, maskParams=None, name='unnamed ImageStim', opacity=1.0, ori=0.0, pos=array([0., 0.]), size=array([1536.,  864.]), texRes=128, units='pix', win=Window(...))
198.6608 	DATA 	Keypress: space
198.6678 	EXP 	unnamed TextStim: text = 'm'
201.0788 	DATA 	Keypress: n
201.0800 	EXP 	unnamed TextStim: text = 'm'
202.6025 	DATA 	Keypress: m
202.6047 	EXP 	unnamed TextStim: height = 25.0
202.6047 	EXP 	unnamed TextStim: height = 25.0
202.6047 	EXP 	unnamed TextStim: height = 25.0
202.6047 	EXP 	unnamed TextStim: text = 'z'
204.2022 	DATA 	Keypress: z
204.2034 	EXP 	unnamed TextStim: text = 'z'
206.1918 	DATA 	Keypress: x
206.1974 	EXP 	unnamed TextStim: height = 25.0
206.1974 	EXP 	unnamed TextStim: height = 25.0
206.1974 	EXP 	unnamed TextStim: height = 25.0
206.1974 	EXP 	unnamed TextStim: text = 'n'
208.5797 	DATA 	Keypress: z
208.5810 	EXP 	unnamed TextStim: text = 'n'
210.1850 	DATA 	Keypress: n
210.2929 	EXP 	Created unnamed ImageStim = ImageStim(__class__=<class 'psychopy.visual.image.ImageStim'>, anchor=('center', 'center'), autoLog=True, color=array([1., 1., 1.]), colorSpace='rgb', contrast=1.0, depth=0, flipHoriz=False, flipVert=False, image='break.jpg', interpolate=True, mask=None, maskParams=None, name='unnamed ImageStim', opacity=1.0, ori=0.0, pos=array([0., 0.]), size=array([1536.,  864.]), texRes=128, units='pix', win=Window(...))
211.0517 	DATA 	Keypress: space
211.0684 	EXP 	unnamed TextStim: height = 25.0
211.0684 	EXP 	unnamed TextStim: height = 25.0
211.0684 	EXP 	unnamed TextStim: height = 25.0
211.0684 	EXP 	unnamed TextStim: text = 'z'
213.0021 	DATA 	Keypress: x
213.0033 	EXP 	unnamed TextStim: text = 'z'
214.3772 	DATA 	Keypress: z
214.3795 	EXP 	unnamed TextStim: height = 25.0
214.3795 	EXP 	unnamed TextStim: height = 25.0
214.3795 	EXP 	unnamed TextStim: height = 25.0
214.3795 	EXP 	unnamed TextStim: text = 'x'
215.9815 	DATA 	Keypress: x
215.9835 	EXP 	unnamed TextStim: height = 25.0
215.9835 	EXP 	unnamed TextStim: height = 25.0
215.9835 	EXP 	unnamed TextStim: height = 25.0
215.9835 	EXP 	unnamed TextStim: text = 'n'
217.9803 	DATA 	Keypress: m
217.9814 	EXP 	unnamed TextStim: text = 'n'
219.8300 	DATA 	Keypress: x
219.8321 	EXP 	unnamed TextStim: height = 25.0
219.8321 	EXP 	unnamed TextStim: height = 25.0
219.8321 	EXP 	unnamed TextStim: height = 25.0
219.8321 	EXP 	unnamed TextStim: text = 'm'
221.9665 	DATA 	Keypress: m
222.0714 	EXP 	Created unnamed ImageStim = ImageStim(__class__=<class 'psychopy.visual.image.ImageStim'>, anchor=('center', 'center'), autoLog=True, color=array([1., 1., 1.]), colorSpace='rgb', contrast=1.0, depth=0, flipHoriz=False, flipVert=False, image='break.jpg', interpolate=True, mask=None, maskParams=None, name='unnamed ImageStim', opacity=1.0, ori=0.0, pos=array([0., 0.]), size=array([1536.,  864.]), texRes=128, units='pix', win=Window(...))
222.7750 	DATA 	Keypress: space
222.7855 	EXP 	unnamed TextStim: text = 'm'
225.5360 	DATA 	No keypress (maxWait exceeded)
225.5371 	EXP 	unnamed TextStim: text = 'm'
227.2230 	DATA 	Keypress: m
227.2253 	EXP 	unnamed TextStim: height = 25.0
227.2253 	EXP 	unnamed TextStim: height = 25.0
227.2253 	EXP 	unnamed TextStim: height = 25.0
227.2253 	EXP 	unnamed TextStim: text = 'n'
228.8284 	DATA 	Keypress: m
228.8305 	EXP 	unnamed TextStim: height = 25.0
228.8305 	EXP 	unnamed TextStim: height = 25.0
228.8305 	EXP 	unnamed TextStim: height = 25.0
228.8305 	EXP 	unnamed TextStim: text = 'z'
230.2684 	DATA 	Keypress: z
230.2697 	EXP 	unnamed TextStim: text = 'z'
231.6605 	DATA 	Keypress: z
231.6659 	EXP 	unnamed TextStim: height = 25.0
231.6659 	EXP 	unnamed TextStim: height = 25.0
231.6659 	EXP 	unnamed TextStim: height = 25.0
231.6659 	EXP 	unnamed TextStim: text = 'n'
233.4424 	DATA 	Keypress: x
233.5498 	EXP 	Created unnamed ImageStim = ImageStim(__class__=<class 'psychopy.visual.image.ImageStim'>, anchor=('center', 'center'), autoLog=True, color=array([1., 1., 1.]), colorSpace='rgb', contrast=1.0, depth=0, flipHoriz=False, flipVert=False, image='break.jpg', interpolate=True, mask=None, maskParams=None, name='unnamed ImageStim', opacity=1.0, ori=0.0, pos=array([0., 0.]), size=array([1536.,  864.]), texRes=128, units='pix', win=Window(...))
243.1001 	DATA 	Keypress: space
243.1029 	EXP 	unnamed TextStim: text = 'n'
244.7139 	DATA 	Keypress: m
244.7160 	EXP 	unnamed TextStim: height = 25.0
244.7160 	EXP 	unnamed TextStim: height = 25.0
244.7160 	EXP 	unnamed TextStim: height = 25.0
244.7160 	EXP 	unnamed TextStim: text = 'x'
246.1167 	DATA 	Keypress: x
246.1189 	EXP 	unnamed TextStim: height = 25.0
246.1189 	EXP 	unnamed TextStim: height = 25.0
246.1189 	EXP 	unnamed TextStim: height = 25.0
246.1189 	EXP 	unnamed TextStim: text = 'z'
247.8947 	DATA 	Keypress: z
247.8969 	EXP 	unnamed TextStim: height = 25.0
247.8969 	EXP 	unnamed TextStim: height = 25.0
247.8969 	EXP 	unnamed TextStim: height = 25.0
247.8969 	EXP 	unnamed TextStim: text = 'm'
249.6322 	DATA 	Keypress: m
249.6344 	EXP 	unnamed TextStim: height = 25.0
249.6344 	EXP 	unnamed TextStim: height = 25.0
249.6344 	EXP 	unnamed TextStim: height = 25.0
249.6344 	EXP 	unnamed TextStim: text = 'n'
251.0149 	DATA 	Keypress: n
251.0170 	EXP 	unnamed TextStim: height = 25.0
251.0170 	EXP 	unnamed TextStim: height = 25.0
251.0170 	EXP 	unnamed TextStim: height = 25.0
251.0170 	EXP 	unnamed TextStim: text = 'm'
252.3998 	DATA 	Keypress: m
252.5056 	EXP 	Created unnamed ImageStim = ImageStim(__class__=<class 'psychopy.visual.image.ImageStim'>, anchor=('center', 'center'), autoLog=True, color=array([1., 1., 1.]), colorSpace='rgb', contrast=1.0, depth=0, flipHoriz=False, flipVert=False, image='break.jpg', interpolate=True, mask=None, maskParams=None, name='unnamed ImageStim', opacity=1.0, ori=0.0, pos=array([0., 0.]), size=array([1536.,  864.]), texRes=128, units='pix', win=Window(...))
254.4751 	DATA 	Keypress: space
254.4867 	EXP 	unnamed TextStim: text = 'm'
256.3534 	DATA 	Keypress: n
256.3556 	EXP 	unnamed TextStim: height = 25.0
256.3556 	EXP 	unnamed TextStim: height = 25.0
256.3556 	EXP 	unnamed TextStim: height = 25.0
256.3556 	EXP 	unnamed TextStim: text = 'z'
257.8632 	DATA 	Keypress: z
257.8644 	EXP 	unnamed TextStim: text = 'z'
259.8959 	DATA 	Keypress: n
259.8981 	EXP 	unnamed TextStim: height = 25.0
259.8981 	EXP 	unnamed TextStim: height = 25.0
259.8981 	EXP 	unnamed TextStim: height = 25.0
259.8981 	EXP 	unnamed TextStim: text = 'x'
261.3946 	DATA 	Keypress: x
261.3958 	EXP 	unnamed TextStim: text = 'x'
263.0649 	DATA 	Keypress: z
263.0661 	EXP 	unnamed TextStim: text = 'x'
264.6584 	DATA 	Keypress: n
264.7714 	EXP 	Created unnamed ImageStim = ImageStim(__class__=<class 'psychopy.visual.image.ImageStim'>, anchor=('center', 'center'), autoLog=True, color=array([1., 1., 1.]), colorSpace='rgb', contrast=1.0, depth=0, flipHoriz=False, flipVert=False, image='break.jpg', interpolate=True, mask=None, maskParams=None, name='unnamed ImageStim', opacity=1.0, ori=0.0, pos=array([0., 0.]), size=array([1536.,  864.]), texRes=128, units='pix', win=Window(...))
265.5606 	DATA 	Keypress: space
265.5702 	EXP 	unnamed TextStim: height = 25.0
265.5702 	EXP 	unnamed TextStim: height = 25.0
265.5702 	EXP 	unnamed TextStim: height = 25.0
265.5702 	EXP 	unnamed TextStim: text = 'm'
267.1053 	DATA 	Keypress: m
267.1075 	EXP 	unnamed TextStim: height = 25.0
267.1075 	EXP 	unnamed TextStim: height = 25.0
267.1075 	EXP 	unnamed TextStim: height = 25.0
267.1075 	EXP 	unnamed TextStim: text = 'z'
268.4828 	DATA 	Keypress: z
268.4849 	EXP 	unnamed TextStim: height = 25.0
268.4849 	EXP 	unnamed TextStim: height = 25.0
268.4849 	EXP 	unnamed TextStim: height = 25.0
268.4849 	EXP 	unnamed TextStim: text = 'x'
270.2181 	DATA 	Keypress: x
270.2203 	EXP 	unnamed TextStim: height = 25.0
270.2203 	EXP 	unnamed TextStim: height = 25.0
270.2203 	EXP 	unnamed TextStim: height = 25.0
270.2203 	EXP 	unnamed TextStim: text = 'm'
272.0253 	DATA 	Keypress: n
272.0265 	EXP 	unnamed TextStim: text = 'm'
273.4162 	DATA 	Keypress: m
273.4184 	EXP 	unnamed TextStim: height = 25.0
273.4184 	EXP 	unnamed TextStim: height = 25.0
273.4184 	EXP 	unnamed TextStim: height = 25.0
273.4184 	EXP 	unnamed TextStim: text = 'x'
275.1271 	DATA 	Keypress: x
275.2335 	EXP 	Created unnamed ImageStim = ImageStim(__class__=<class 'psychopy.visual.image.ImageStim'>, anchor=('center', 'center'), autoLog=True, color=array([1., 1., 1.]), colorSpace='rgb', contrast=1.0, depth=0, flipHoriz=False, flipVert=False, image='break.jpg', interpolate=True, mask=None, maskParams=None, name='unnamed ImageStim', opacity=1.0, ori=0.0, pos=array([0., 0.]), size=array([1536.,  864.]), texRes=128, units='pix', win=Window(...))
275.9717 	DATA 	Keypress: space
275.9875 	EXP 	unnamed TextStim: height = 25.0
275.9875 	EXP 	unnamed TextStim: height = 25.0
275.9875 	EXP 	unnamed TextStim: height = 25.0
275.9875 	EXP 	unnamed TextStim: text = 'n'
277.4072 	DATA 	Keypress: n
277.4094 	EXP 	unnamed TextStim: height = 25.0
277.4094 	EXP 	unnamed TextStim: height = 25.0
277.4094 	EXP 	unnamed TextStim: height = 25.0
277.4094 	EXP 	unnamed TextStim: text = 'z'
279.2860 	DATA 	Keypress: x
279.2883 	EXP 	unnamed TextStim: height = 25.0
279.2883 	EXP 	unnamed TextStim: height = 25.0
279.2883 	EXP 	unnamed TextStim: height = 25.0
279.2883 	EXP 	unnamed TextStim: text = 'n'
281.0315 	DATA 	Keypress: m
281.0326 	EXP 	unnamed TextStim: text = 'n'
282.5079 	DATA 	Keypress: n
282.5091 	EXP 	unnamed TextStim: text = 'n'
283.9281 	DATA 	Keypress: n
283.9330 	EXP 	unnamed TextStim: height = 25.0
283.9330 	EXP 	unnamed TextStim: height = 25.0
283.9330 	EXP 	unnamed TextStim: height = 25.0
283.9330 	EXP 	unnamed TextStim: text = 'm'
285.2825 	DATA 	Keypress: m
285.3872 	EXP 	Created unnamed ImageStim = ImageStim(__class__=<class 'psychopy.visual.image.ImageStim'>, anchor=('center', 'center'), autoLog=True, color=array([1., 1., 1.]), colorSpace='rgb', contrast=1.0, depth=0, flipHoriz=False, flipVert=False, image='break.jpg', interpolate=True, mask=None, maskParams=None, name='unnamed ImageStim', opacity=1.0, ori=0.0, pos=array([0., 0.]), size=array([1536.,  864.]), texRes=128, units='pix', win=Window(...))
286.5193 	DATA 	Keypress: space
286.5209 	EXP 	unnamed TextStim: text = 'm'
289.3090 	DATA 	Keypress: x
289.3113 	EXP 	unnamed TextStim: height = 25.0
289.3113 	EXP 	unnamed TextStim: height = 25.0
289.3113 	EXP 	unnamed TextStim: height = 25.0
289.3113 	EXP 	unnamed TextStim: text = 'n'
292.0716 	DATA 	No keypress (maxWait exceeded)
292.0738 	EXP 	unnamed TextStim: height = 25.0
292.0738 	EXP 	unnamed TextStim: height = 25.0
292.0738 	EXP 	unnamed TextStim: height = 25.0
292.0738 	EXP 	unnamed TextStim: text = 'z'
293.7190 	DATA 	Keypress: z
293.7212 	EXP 	unnamed TextStim: height = 25.0
293.7212 	EXP 	unnamed TextStim: height = 25.0
293.7212 	EXP 	unnamed TextStim: height = 25.0
293.7212 	EXP 	unnamed TextStim: text = 'm'
296.4885 	DATA 	No keypress (maxWait exceeded)
296.4898 	EXP 	unnamed TextStim: text = 'm'
298.0310 	DATA 	Keypress: m
298.0331 	EXP 	unnamed TextStim: height = 25.0
298.0331 	EXP 	unnamed TextStim: height = 25.0
298.0331 	EXP 	unnamed TextStim: height = 25.0
298.0331 	EXP 	unnamed TextStim: text = 'x'
299.6578 	DATA 	Keypress: x
299.7674 	EXP 	Created unnamed ImageStim = ImageStim(__class__=<class 'psychopy.visual.image.ImageStim'>, anchor=('center', 'center'), autoLog=True, color=array([1., 1., 1.]), colorSpace='rgb', contrast=1.0, depth=0, flipHoriz=False, flipVert=False, image='break.jpg', interpolate=True, mask=None, maskParams=None, name='unnamed ImageStim', opacity=1.0, ori=0.0, pos=array([0., 0.]), size=array([1536.,  864.]), texRes=128, units='pix', win=Window(...))
323.7514 	DATA 	Keypress: space
323.7689 	EXP 	Created unnamed TextStim = TextStim(__class__=<class 'psychopy.visual.text.TextStim'>, alignHoriz=method-wrapper(...), alignText='center', alignVert=method-wrapper(...), anchorHoriz='center', anchorVert='center', antialias=True, autoDraw=False, autoLog=True, bold=False, color=array([-1, -1, -1]), colorSpace='rgb', contrast=1.0, depth=0, flipHoriz=False, flipVert=False, font='', fontFiles=[], height=20.0, italic=False, languageStyle='LTR', name='unnamed TextStim', opacity=1.0, ori=0.0, pos=array([0., 0.]), rgb=UNKNOWN, text=str(...), units='pix', win=Window(...), wrapWidth=1536)
353.0035 	DATA 	Keypress: return
353.1004 	EXP 	window1: mouseVisible = True
