6.6927 	WARNING 	User requested fullscreen with size [1536  864], but screen is actually [1920, 1080]. Using actual size
8.1819 	INFO 	FRAME RATE: 60
8.1819 	INFO 	SCREEN RES: odict_values([1536, 864])
8.2460 	EXP 	Created unnamed TextStim = TextStim(__class__=<class 'psychopy.visual.text.TextStim'>, alignHoriz=method-wrapper(...), alignText='center', alignVert=method-wrapper(...), anchorHoriz='center', anchorVert='center', antialias=True, autoDraw=False, autoLog=True, bold=False, color=array([-1, -1, -1]), colorSpace='rgb', contrast=1.0, depth=0, flipHoriz=False, flipVert=False, font='', fontFiles=[], height=100.0, italic=False, languageStyle='LTR', name='unnamed TextStim', opacity=1.0, ori=0.0, pos=array([0., 0.]), rgb=UNKNOWN, text='+', units='pix', win=Window(...), wrapWidth=500)
8.2498 	EXP 	Created unnamed Circle = Circle(__class__=<class 'psychopy.visual.circle.Circle'>, anchor=('center', 'center'), autoDraw=False, autoLog=True, closeShape=True, color=method-wrapper(...), colorSpace='rgb', contrast=None, depth=0, fillColor=array([ 0.09019608, -1.        , -1.        ]), fillColorSpace='rgb', fillRGB=array([ 0.09019608, -1.        , -1.        ]), interpolate=True, lineColor=array([ 0.09019608, -1.        , -1.        ]), lineColorSpace='rgb', lineRGB=array([ 0.09019608, -1.        , -1.        ]), lineWidth=1.5, name='unnamed Circle', opacity=1.0, ori=0.0, pos=array([0., 0.]), size=array([1., 1.]), units='pix', vertices=ndarray(...), win=Window(...))
8.2508 	EXP 	Created unnamed TextStim = TextStim(__class__=<class 'psychopy.visual.text.TextStim'>, alignHoriz=method-wrapper(...), alignText='center', alignVert=method-wrapper(...), anchorHoriz='center', anchorVert='center', antialias=True, autoDraw=False, autoLog=True, bold=False, color=array([-0.17647059, -0.17647059, -0.17647059]), colorSpace='rgb', contrast=1.0, depth=0, flipHoriz=False, flipVert=False, font='', fontFiles=[], height=25, italic=False, languageStyle='LTR', name='unnamed TextStim', opacity=1.0, ori=0.0, pos=array([0., 0.]), rgb=UNKNOWN, text='', units='pix', win=Window(...), wrapWidth=500)
8.2594 	EXP 	Created unnamed ImageStim = ImageStim(__class__=<class 'psychopy.visual.image.ImageStim'>, anchor=('center', 'center'), autoLog=True, color=array([1., 1., 1.]), colorSpace='rgb', contrast=1.0, depth=0, flipHoriz=False, flipVert=False, image='mask4.png', interpolate=False, mask=None, maskParams=None, name='unnamed ImageStim', opacity=1.0, ori=0.0, pos=array([0., 0.]), size=array([25., 25.]), texRes=128, units='pix', win=Window(...))
8.2672 	EXP 	Created unnamed TextStim = TextStim(__class__=<class 'psychopy.visual.text.TextStim'>, alignHoriz=method-wrapper(...), alignText='center', alignVert=method-wrapper(...), anchorHoriz='center', anchorVert='center', antialias=True, autoDraw=False, autoLog=True, bold=False, color=array([-1, -1, -1]), colorSpace='rgb', contrast=1.0, depth=0, flipHoriz=False, flipVert=False, font='', fontFiles=[], height=30.0, italic=False, languageStyle='LTR', name='unnamed TextStim', opacity=1.0, ori=0.0, pos=array([ 100., -300.]), rgb=UNKNOWN, text=str(...), units='pix', win=Window(...), wrapWidth=10000)
8.2718 	EXP 	Created unnamed TextStim = TextStim(__class__=<class 'psychopy.visual.text.TextStim'>, alignHoriz=method-wrapper(...), alignText='center', alignVert=method-wrapper(...), anchorHoriz='center', anchorVert='center', antialias=True, autoDraw=False, autoLog=True, bold=False, color=array([-1, -1, -1]), colorSpace='rgb', contrast=1.0, depth=0, flipHoriz=False, flipVert=False, font='', fontFiles=[], height=30.0, italic=False, languageStyle='LTR', name='unnamed TextStim', opacity=1.0, ori=0.0, pos=array([ 100., -330.]), rgb=UNKNOWN, text=str(...), units='pix', win=Window(...), wrapWidth=10000)
8.3103 	EXP 	Created unnamed TextStim = TextStim(__class__=<class 'psychopy.visual.text.TextStim'>, alignHoriz=method-wrapper(...), alignText='center', alignVert=method-wrapper(...), anchorHoriz='center', anchorVert='center', antialias=True, autoDraw=False, autoLog=True, bold=False, color=array([-1, -1, -1]), colorSpace='rgb', contrast=1.0, depth=0, flipHoriz=False, flipVert=False, font='', fontFiles=[], height=20.0, italic=False, languageStyle='LTR', name='unnamed TextStim', opacity=1.0, ori=0.0, pos=array([0., 0.]), rgb=UNKNOWN, text=str(...), units='pix', win=Window(...), wrapWidth=1536)
30.3288 	DATA 	Keypress: space
30.3338 	EXP 	unnamed TextStim: height = 25.0
30.3338 	EXP 	unnamed TextStim: height = 25.0
30.3338 	EXP 	unnamed TextStim: height = 25.0
30.3338 	EXP 	unnamed TextStim: text = 'm'
32.8998 	DATA 	Mouse: Left button down, pos=(892,630)
33.0986 	DATA 	Keypress: m
33.1065 	EXP 	Created unnamed TextStim = TextStim(__class__=<class 'psychopy.visual.text.TextStim'>, alignHoriz=method-wrapper(...), alignText='center', alignVert=method-wrapper(...), anchorHoriz='center', anchorVert='center', antialias=True, autoDraw=False, autoLog=True, bold=False, color=array([-1, -1, -1]), colorSpace='rgb', contrast=1.0, depth=0, flipHoriz=False, flipVert=False, font='', fontFiles=[], height=50.0, italic=False, languageStyle='LTR', name='unnamed TextStim', opacity=1.0, ori=0.0, pos=array([0., 0.]), rgb=UNKNOWN, text='Poprawnie', units='pix', win=Window(...), wrapWidth=500)
33.9080 	DATA 	Mouse:  Left button up, pos=(892,630)
34.1146 	EXP 	unnamed TextStim: height = 25.0
34.1146 	EXP 	unnamed TextStim: height = 25.0
34.1146 	EXP 	unnamed TextStim: height = 25.0
34.1146 	EXP 	unnamed TextStim: text = 'x'
36.3421 	DATA 	Keypress: x
36.3446 	EXP 	Created unnamed TextStim = TextStim(__class__=<class 'psychopy.visual.text.TextStim'>, alignHoriz=method-wrapper(...), alignText='center', alignVert=method-wrapper(...), anchorHoriz='center', anchorVert='center', antialias=True, autoDraw=False, autoLog=True, bold=False, color=array([-1, -1, -1]), colorSpace='rgb', contrast=1.0, depth=0, flipHoriz=False, flipVert=False, font='', fontFiles=[], height=50.0, italic=False, languageStyle='LTR', name='unnamed TextStim', opacity=1.0, ori=0.0, pos=array([0., 0.]), rgb=UNKNOWN, text='Poprawnie', units='pix', win=Window(...), wrapWidth=500)
37.3480 	EXP 	unnamed TextStim: text = 'x'
39.4699 	DATA 	Keypress: x
39.4718 	EXP 	Created unnamed TextStim = TextStim(__class__=<class 'psychopy.visual.text.TextStim'>, alignHoriz=method-wrapper(...), alignText='center', alignVert=method-wrapper(...), anchorHoriz='center', anchorVert='center', antialias=True, autoDraw=False, autoLog=True, bold=False, color=array([-1, -1, -1]), colorSpace='rgb', contrast=1.0, depth=0, flipHoriz=False, flipVert=False, font='', fontFiles=[], height=50.0, italic=False, languageStyle='LTR', name='unnamed TextStim', opacity=1.0, ori=0.0, pos=array([0., 0.]), rgb=UNKNOWN, text='Poprawnie', units='pix', win=Window(...), wrapWidth=500)
40.4817 	EXP 	unnamed TextStim: text = 'x'
42.1398 	DATA 	Keypress: x
42.1421 	EXP 	Created unnamed TextStim = TextStim(__class__=<class 'psychopy.visual.text.TextStim'>, alignHoriz=method-wrapper(...), alignText='center', alignVert=method-wrapper(...), anchorHoriz='center', anchorVert='center', antialias=True, autoDraw=False, autoLog=True, bold=False, color=array([-1, -1, -1]), colorSpace='rgb', contrast=1.0, depth=0, flipHoriz=False, flipVert=False, font='', fontFiles=[], height=50.0, italic=False, languageStyle='LTR', name='unnamed TextStim', opacity=1.0, ori=0.0, pos=array([0., 0.]), rgb=UNKNOWN, text='Poprawnie', units='pix', win=Window(...), wrapWidth=500)
43.1486 	EXP 	unnamed TextStim: text = 'x'
44.7421 	DATA 	Keypress: x
44.7440 	EXP 	Created unnamed TextStim = TextStim(__class__=<class 'psychopy.visual.text.TextStim'>, alignHoriz=method-wrapper(...), alignText='center', alignVert=method-wrapper(...), anchorHoriz='center', anchorVert='center', antialias=True, autoDraw=False, autoLog=True, bold=False, color=array([-1, -1, -1]), colorSpace='rgb', contrast=1.0, depth=0, flipHoriz=False, flipVert=False, font='', fontFiles=[], height=50.0, italic=False, languageStyle='LTR', name='unnamed TextStim', opacity=1.0, ori=0.0, pos=array([0., 0.]), rgb=UNKNOWN, text='Poprawnie', units='pix', win=Window(...), wrapWidth=500)
45.7485 	EXP 	unnamed TextStim: text = 'x'
47.2391 	DATA 	Keypress: x
47.2410 	EXP 	Created unnamed TextStim = TextStim(__class__=<class 'psychopy.visual.text.TextStim'>, alignHoriz=method-wrapper(...), alignText='center', alignVert=method-wrapper(...), anchorHoriz='center', anchorVert='center', antialias=True, autoDraw=False, autoLog=True, bold=False, color=array([-1, -1, -1]), colorSpace='rgb', contrast=1.0, depth=0, flipHoriz=False, flipVert=False, font='', fontFiles=[], height=50.0, italic=False, languageStyle='LTR', name='unnamed TextStim', opacity=1.0, ori=0.0, pos=array([0., 0.]), rgb=UNKNOWN, text='Poprawnie', units='pix', win=Window(...), wrapWidth=500)
48.2486 	EXP 	unnamed TextStim: height = 25.0
48.2486 	EXP 	unnamed TextStim: height = 25.0
48.2486 	EXP 	unnamed TextStim: height = 25.0
48.2486 	EXP 	unnamed TextStim: text = 'n'
50.2168 	DATA 	Keypress: n
50.2192 	EXP 	Created unnamed TextStim = TextStim(__class__=<class 'psychopy.visual.text.TextStim'>, alignHoriz=method-wrapper(...), alignText='center', alignVert=method-wrapper(...), anchorHoriz='center', anchorVert='center', antialias=True, autoDraw=False, autoLog=True, bold=False, color=array([-1, -1, -1]), colorSpace='rgb', contrast=1.0, depth=0, flipHoriz=False, flipVert=False, font='', fontFiles=[], height=50.0, italic=False, languageStyle='LTR', name='unnamed TextStim', opacity=1.0, ori=0.0, pos=array([0., 0.]), rgb=UNKNOWN, text='Poprawnie', units='pix', win=Window(...), wrapWidth=500)
51.2320 	EXP 	unnamed TextStim: height = 25.0
51.2320 	EXP 	unnamed TextStim: height = 25.0
51.2320 	EXP 	unnamed TextStim: height = 25.0
51.2320 	EXP 	unnamed TextStim: text = 'm'
53.4591 	DATA 	Keypress: m
53.4611 	EXP 	Created unnamed TextStim = TextStim(__class__=<class 'psychopy.visual.text.TextStim'>, alignHoriz=method-wrapper(...), alignText='center', alignVert=method-wrapper(...), anchorHoriz='center', anchorVert='center', antialias=True, autoDraw=False, autoLog=True, bold=False, color=array([-1, -1, -1]), colorSpace='rgb', contrast=1.0, depth=0, flipHoriz=False, flipVert=False, font='', fontFiles=[], height=50.0, italic=False, languageStyle='LTR', name='unnamed TextStim', opacity=1.0, ori=0.0, pos=array([0., 0.]), rgb=UNKNOWN, text='Poprawnie', units='pix', win=Window(...), wrapWidth=500)
54.4652 	EXP 	unnamed TextStim: text = 'm'
56.1069 	DATA 	Keypress: m
56.1090 	EXP 	Created unnamed TextStim = TextStim(__class__=<class 'psychopy.visual.text.TextStim'>, alignHoriz=method-wrapper(...), alignText='center', alignVert=method-wrapper(...), anchorHoriz='center', anchorVert='center', antialias=True, autoDraw=False, autoLog=True, bold=False, color=array([-1, -1, -1]), colorSpace='rgb', contrast=1.0, depth=0, flipHoriz=False, flipVert=False, font='', fontFiles=[], height=50.0, italic=False, languageStyle='LTR', name='unnamed TextStim', opacity=1.0, ori=0.0, pos=array([0., 0.]), rgb=UNKNOWN, text='Poprawnie', units='pix', win=Window(...), wrapWidth=500)
57.1324 	EXP 	unnamed TextStim: text = 'm'
58.5330 	DATA 	Keypress: m
58.5380 	EXP 	Created unnamed TextStim = TextStim(__class__=<class 'psychopy.visual.text.TextStim'>, alignHoriz=method-wrapper(...), alignText='center', alignVert=method-wrapper(...), anchorHoriz='center', anchorVert='center', antialias=True, autoDraw=False, autoLog=True, bold=False, color=array([-1, -1, -1]), colorSpace='rgb', contrast=1.0, depth=0, flipHoriz=False, flipVert=False, font='', fontFiles=[], height=50.0, italic=False, languageStyle='LTR', name='unnamed TextStim', opacity=1.0, ori=0.0, pos=array([0., 0.]), rgb=UNKNOWN, text='Poprawnie', units='pix', win=Window(...), wrapWidth=500)
59.5657 	EXP 	unnamed TextStim: height = 25.0
59.5657 	EXP 	unnamed TextStim: height = 25.0
59.5657 	EXP 	unnamed TextStim: height = 25.0
59.5657 	EXP 	unnamed TextStim: text = 'x'
61.3542 	DATA 	Keypress: x
61.3567 	EXP 	Created unnamed TextStim = TextStim(__class__=<class 'psychopy.visual.text.TextStim'>, alignHoriz=method-wrapper(...), alignText='center', alignVert=method-wrapper(...), anchorHoriz='center', anchorVert='center', antialias=True, autoDraw=False, autoLog=True, bold=False, color=array([-1, -1, -1]), colorSpace='rgb', contrast=1.0, depth=0, flipHoriz=False, flipVert=False, font='', fontFiles=[], height=50.0, italic=False, languageStyle='LTR', name='unnamed TextStim', opacity=1.0, ori=0.0, pos=array([0., 0.]), rgb=UNKNOWN, text='Poprawnie', units='pix', win=Window(...), wrapWidth=500)
62.3827 	EXP 	unnamed TextStim: height = 25.0
62.3827 	EXP 	unnamed TextStim: height = 25.0
62.3827 	EXP 	unnamed TextStim: height = 25.0
62.3827 	EXP 	unnamed TextStim: text = 'm'
64.3555 	DATA 	Keypress: m
64.3581 	EXP 	Created unnamed TextStim = TextStim(__class__=<class 'psychopy.visual.text.TextStim'>, alignHoriz=method-wrapper(...), alignText='center', alignVert=method-wrapper(...), anchorHoriz='center', anchorVert='center', antialias=True, autoDraw=False, autoLog=True, bold=False, color=array([-1, -1, -1]), colorSpace='rgb', contrast=1.0, depth=0, flipHoriz=False, flipVert=False, font='', fontFiles=[], height=50.0, italic=False, languageStyle='LTR', name='unnamed TextStim', opacity=1.0, ori=0.0, pos=array([0., 0.]), rgb=UNKNOWN, text='Poprawnie', units='pix', win=Window(...), wrapWidth=500)
65.3659 	EXP 	unnamed TextStim: height = 25.0
65.3659 	EXP 	unnamed TextStim: height = 25.0
65.3659 	EXP 	unnamed TextStim: height = 25.0
65.3659 	EXP 	unnamed TextStim: text = 'n'
67.3798 	DATA 	Keypress: n
67.3825 	EXP 	Created unnamed TextStim = TextStim(__class__=<class 'psychopy.visual.text.TextStim'>, alignHoriz=method-wrapper(...), alignText='center', alignVert=method-wrapper(...), anchorHoriz='center', anchorVert='center', antialias=True, autoDraw=False, autoLog=True, bold=False, color=array([-1, -1, -1]), colorSpace='rgb', contrast=1.0, depth=0, flipHoriz=False, flipVert=False, font='', fontFiles=[], height=50.0, italic=False, languageStyle='LTR', name='unnamed TextStim', opacity=1.0, ori=0.0, pos=array([0., 0.]), rgb=UNKNOWN, text='Poprawnie', units='pix', win=Window(...), wrapWidth=500)
68.3996 	EXP 	unnamed TextStim: text = 'n'
70.2812 	DATA 	Keypress: n
70.2838 	EXP 	Created unnamed TextStim = TextStim(__class__=<class 'psychopy.visual.text.TextStim'>, alignHoriz=method-wrapper(...), alignText='center', alignVert=method-wrapper(...), anchorHoriz='center', anchorVert='center', antialias=True, autoDraw=False, autoLog=True, bold=False, color=array([-1, -1, -1]), colorSpace='rgb', contrast=1.0, depth=0, flipHoriz=False, flipVert=False, font='', fontFiles=[], height=50.0, italic=False, languageStyle='LTR', name='unnamed TextStim', opacity=1.0, ori=0.0, pos=array([0., 0.]), rgb=UNKNOWN, text='Poprawnie', units='pix', win=Window(...), wrapWidth=500)
71.2995 	EXP 	unnamed TextStim: height = 25.0
71.2995 	EXP 	unnamed TextStim: height = 25.0
71.2995 	EXP 	unnamed TextStim: height = 25.0
71.2995 	EXP 	unnamed TextStim: text = 'x'
73.3262 	DATA 	Keypress: x
73.3282 	EXP 	Created unnamed TextStim = TextStim(__class__=<class 'psychopy.visual.text.TextStim'>, alignHoriz=method-wrapper(...), alignText='center', alignVert=method-wrapper(...), anchorHoriz='center', anchorVert='center', antialias=True, autoDraw=False, autoLog=True, bold=False, color=array([-1, -1, -1]), colorSpace='rgb', contrast=1.0, depth=0, flipHoriz=False, flipVert=False, font='', fontFiles=[], height=50.0, italic=False, languageStyle='LTR', name='unnamed TextStim', opacity=1.0, ori=0.0, pos=array([0., 0.]), rgb=UNKNOWN, text='Poprawnie', units='pix', win=Window(...), wrapWidth=500)
74.3624 	EXP 	Created unnamed TextStim = TextStim(__class__=<class 'psychopy.visual.text.TextStim'>, alignHoriz=method-wrapper(...), alignText='center', alignVert=method-wrapper(...), anchorHoriz='center', anchorVert='center', antialias=True, autoDraw=False, autoLog=True, bold=False, color=array([-1, -1, -1]), colorSpace='rgb', contrast=1.0, depth=0, flipHoriz=False, flipVert=False, font='', fontFiles=[], height=20.0, italic=False, languageStyle='LTR', name='unnamed TextStim', opacity=1.0, ori=0.0, pos=array([0., 0.]), rgb=UNKNOWN, text=str(...), units='pix', win=Window(...), wrapWidth=1536)
79.4843 	DATA 	Keypress: space
79.4997 	EXP 	unnamed TextStim: height = 25.0
79.4997 	EXP 	unnamed TextStim: height = 25.0
79.4997 	EXP 	unnamed TextStim: height = 25.0
79.4997 	EXP 	unnamed TextStim: text = 'z'
81.0085 	DATA 	Keypress: n
81.0154 	EXP 	Created unnamed TextStim = TextStim(__class__=<class 'psychopy.visual.text.TextStim'>, alignHoriz=method-wrapper(...), alignText='center', alignVert=method-wrapper(...), anchorHoriz='center', anchorVert='center', antialias=True, autoDraw=False, autoLog=True, bold=False, color=array([-1, -1, -1]), colorSpace='rgb', contrast=1.0, depth=0, flipHoriz=False, flipVert=False, font='', fontFiles=[], height=50.0, italic=False, languageStyle='LTR', name='unnamed TextStim', opacity=1.0, ori=0.0, pos=array([0., 0.]), rgb=UNKNOWN, text='Niepoprawnie', units='pix', win=Window(...), wrapWidth=500)
82.0332 	EXP 	unnamed TextStim: text = 'z'
83.7311 	DATA 	Keypress: z
83.7348 	EXP 	Created unnamed TextStim = TextStim(__class__=<class 'psychopy.visual.text.TextStim'>, alignHoriz=method-wrapper(...), alignText='center', alignVert=method-wrapper(...), anchorHoriz='center', anchorVert='center', antialias=True, autoDraw=False, autoLog=True, bold=False, color=array([-1, -1, -1]), colorSpace='rgb', contrast=1.0, depth=0, flipHoriz=False, flipVert=False, font='', fontFiles=[], height=50.0, italic=False, languageStyle='LTR', name='unnamed TextStim', opacity=1.0, ori=0.0, pos=array([0., 0.]), rgb=UNKNOWN, text='Poprawnie', units='pix', win=Window(...), wrapWidth=500)
84.7500 	EXP 	unnamed TextStim: height = 25.0
84.7500 	EXP 	unnamed TextStim: height = 25.0
84.7500 	EXP 	unnamed TextStim: height = 25.0
84.7500 	EXP 	unnamed TextStim: text = 'n'
86.6497 	DATA 	Keypress: n
86.6519 	EXP 	Created unnamed TextStim = TextStim(__class__=<class 'psychopy.visual.text.TextStim'>, alignHoriz=method-wrapper(...), alignText='center', alignVert=method-wrapper(...), anchorHoriz='center', anchorVert='center', antialias=True, autoDraw=False, autoLog=True, bold=False, color=array([-1, -1, -1]), colorSpace='rgb', contrast=1.0, depth=0, flipHoriz=False, flipVert=False, font='', fontFiles=[], height=50.0, italic=False, languageStyle='LTR', name='unnamed TextStim', opacity=1.0, ori=0.0, pos=array([0., 0.]), rgb=UNKNOWN, text='Poprawnie', units='pix', win=Window(...), wrapWidth=500)
87.6668 	EXP 	unnamed TextStim: height = 25.0
87.6668 	EXP 	unnamed TextStim: height = 25.0
87.6668 	EXP 	unnamed TextStim: height = 25.0
87.6668 	EXP 	unnamed TextStim: text = 'm'
89.6493 	DATA 	Keypress: m
89.6515 	EXP 	Created unnamed TextStim = TextStim(__class__=<class 'psychopy.visual.text.TextStim'>, alignHoriz=method-wrapper(...), alignText='center', alignVert=method-wrapper(...), anchorHoriz='center', anchorVert='center', antialias=True, autoDraw=False, autoLog=True, bold=False, color=array([-1, -1, -1]), colorSpace='rgb', contrast=1.0, depth=0, flipHoriz=False, flipVert=False, font='', fontFiles=[], height=50.0, italic=False, languageStyle='LTR', name='unnamed TextStim', opacity=1.0, ori=0.0, pos=array([0., 0.]), rgb=UNKNOWN, text='Poprawnie', units='pix', win=Window(...), wrapWidth=500)
90.6668 	EXP 	unnamed TextStim: height = 25.0
90.6668 	EXP 	unnamed TextStim: height = 25.0
90.6668 	EXP 	unnamed TextStim: height = 25.0
90.6668 	EXP 	unnamed TextStim: text = 'n'
92.4327 	DATA 	Keypress: n
92.4351 	EXP 	Created unnamed TextStim = TextStim(__class__=<class 'psychopy.visual.text.TextStim'>, alignHoriz=method-wrapper(...), alignText='center', alignVert=method-wrapper(...), anchorHoriz='center', anchorVert='center', antialias=True, autoDraw=False, autoLog=True, bold=False, color=array([-1, -1, -1]), colorSpace='rgb', contrast=1.0, depth=0, flipHoriz=False, flipVert=False, font='', fontFiles=[], height=50.0, italic=False, languageStyle='LTR', name='unnamed TextStim', opacity=1.0, ori=0.0, pos=array([0., 0.]), rgb=UNKNOWN, text='Poprawnie', units='pix', win=Window(...), wrapWidth=500)
93.4503 	EXP 	unnamed TextStim: text = 'n'
94.9500 	DATA 	Keypress: n
94.9525 	EXP 	Created unnamed TextStim = TextStim(__class__=<class 'psychopy.visual.text.TextStim'>, alignHoriz=method-wrapper(...), alignText='center', alignVert=method-wrapper(...), anchorHoriz='center', anchorVert='center', antialias=True, autoDraw=False, autoLog=True, bold=False, color=array([-1, -1, -1]), colorSpace='rgb', contrast=1.0, depth=0, flipHoriz=False, flipVert=False, font='', fontFiles=[], height=50.0, italic=False, languageStyle='LTR', name='unnamed TextStim', opacity=1.0, ori=0.0, pos=array([0., 0.]), rgb=UNKNOWN, text='Poprawnie', units='pix', win=Window(...), wrapWidth=500)
95.9671 	EXP 	unnamed TextStim: height = 25.0
95.9671 	EXP 	unnamed TextStim: height = 25.0
95.9671 	EXP 	unnamed TextStim: height = 25.0
95.9671 	EXP 	unnamed TextStim: text = 'm'
97.8061 	DATA 	Keypress: m
97.8086 	EXP 	Created unnamed TextStim = TextStim(__class__=<class 'psychopy.visual.text.TextStim'>, alignHoriz=method-wrapper(...), alignText='center', alignVert=method-wrapper(...), anchorHoriz='center', anchorVert='center', antialias=True, autoDraw=False, autoLog=True, bold=False, color=array([-1, -1, -1]), colorSpace='rgb', contrast=1.0, depth=0, flipHoriz=False, flipVert=False, font='', fontFiles=[], height=50.0, italic=False, languageStyle='LTR', name='unnamed TextStim', opacity=1.0, ori=0.0, pos=array([0., 0.]), rgb=UNKNOWN, text='Poprawnie', units='pix', win=Window(...), wrapWidth=500)
98.8173 	EXP 	unnamed TextStim: height = 25.0
98.8173 	EXP 	unnamed TextStim: height = 25.0
98.8173 	EXP 	unnamed TextStim: height = 25.0
98.8173 	EXP 	unnamed TextStim: text = 'x'
100.6133 	DATA 	Keypress: n
100.6157 	EXP 	Created unnamed TextStim = TextStim(__class__=<class 'psychopy.visual.text.TextStim'>, alignHoriz=method-wrapper(...), alignText='center', alignVert=method-wrapper(...), anchorHoriz='center', anchorVert='center', antialias=True, autoDraw=False, autoLog=True, bold=False, color=array([-1, -1, -1]), colorSpace='rgb', contrast=1.0, depth=0, flipHoriz=False, flipVert=False, font='', fontFiles=[], height=50.0, italic=False, languageStyle='LTR', name='unnamed TextStim', opacity=1.0, ori=0.0, pos=array([0., 0.]), rgb=UNKNOWN, text='Niepoprawnie', units='pix', win=Window(...), wrapWidth=500)
101.6339 	EXP 	unnamed TextStim: height = 25.0
101.6339 	EXP 	unnamed TextStim: height = 25.0
101.6339 	EXP 	unnamed TextStim: height = 25.0
101.6339 	EXP 	unnamed TextStim: text = 'z'
103.4641 	DATA 	Keypress: z
103.4665 	EXP 	Created unnamed TextStim = TextStim(__class__=<class 'psychopy.visual.text.TextStim'>, alignHoriz=method-wrapper(...), alignText='center', alignVert=method-wrapper(...), anchorHoriz='center', anchorVert='center', antialias=True, autoDraw=False, autoLog=True, bold=False, color=array([-1, -1, -1]), colorSpace='rgb', contrast=1.0, depth=0, flipHoriz=False, flipVert=False, font='', fontFiles=[], height=50.0, italic=False, languageStyle='LTR', name='unnamed TextStim', opacity=1.0, ori=0.0, pos=array([0., 0.]), rgb=UNKNOWN, text='Poprawnie', units='pix', win=Window(...), wrapWidth=500)
104.4839 	EXP 	unnamed TextStim: height = 25.0
104.4839 	EXP 	unnamed TextStim: height = 25.0
104.4839 	EXP 	unnamed TextStim: height = 25.0
104.4839 	EXP 	unnamed TextStim: text = 'm'
106.2192 	DATA 	Keypress: m
106.2219 	EXP 	Created unnamed TextStim = TextStim(__class__=<class 'psychopy.visual.text.TextStim'>, alignHoriz=method-wrapper(...), alignText='center', alignVert=method-wrapper(...), anchorHoriz='center', anchorVert='center', antialias=True, autoDraw=False, autoLog=True, bold=False, color=array([-1, -1, -1]), colorSpace='rgb', contrast=1.0, depth=0, flipHoriz=False, flipVert=False, font='', fontFiles=[], height=50.0, italic=False, languageStyle='LTR', name='unnamed TextStim', opacity=1.0, ori=0.0, pos=array([0., 0.]), rgb=UNKNOWN, text='Poprawnie', units='pix', win=Window(...), wrapWidth=500)
107.2487 	EXP 	Created unnamed TextStim = TextStim(__class__=<class 'psychopy.visual.text.TextStim'>, alignHoriz=method-wrapper(...), alignText='center', alignVert=method-wrapper(...), anchorHoriz='center', anchorVert='center', antialias=True, autoDraw=False, autoLog=True, bold=False, color=array([-1, -1, -1]), colorSpace='rgb', contrast=1.0, depth=0, flipHoriz=False, flipVert=False, font='', fontFiles=[], height=20.0, italic=False, languageStyle='LTR', name='unnamed TextStim', opacity=1.0, ori=0.0, pos=array([0., 0.]), rgb=UNKNOWN, text=str(...), units='pix', win=Window(...), wrapWidth=1536)
112.3442 	DATA 	Keypress: space
112.3509 	EXP 	unnamed TextStim: height = 25.0
112.3509 	EXP 	unnamed TextStim: height = 25.0
112.3509 	EXP 	unnamed TextStim: height = 25.0
112.3509 	EXP 	unnamed TextStim: text = 'n'
114.1355 	DATA 	Keypress: n
114.1388 	EXP 	unnamed TextStim: height = 25.0
114.1388 	EXP 	unnamed TextStim: height = 25.0
114.1388 	EXP 	unnamed TextStim: height = 25.0
114.1388 	EXP 	unnamed TextStim: text = 'm'
115.9053 	DATA 	Keypress: m
115.9066 	EXP 	unnamed TextStim: text = 'm'
117.4607 	DATA 	Keypress: m
117.4618 	EXP 	unnamed TextStim: text = 'm'
118.9158 	DATA 	Keypress: m
118.9169 	EXP 	unnamed TextStim: text = 'm'
120.7579 	DATA 	Keypress: m
120.7605 	EXP 	unnamed TextStim: height = 25.0
120.7605 	EXP 	unnamed TextStim: height = 25.0
120.7605 	EXP 	unnamed TextStim: height = 25.0
120.7605 	EXP 	unnamed TextStim: text = 'n'
122.3937 	DATA 	Keypress: n
122.5459 	EXP 	Created unnamed ImageStim = ImageStim(__class__=<class 'psychopy.visual.image.ImageStim'>, anchor=('center', 'center'), autoLog=True, color=array([1., 1., 1.]), colorSpace='rgb', contrast=1.0, depth=0, flipHoriz=False, flipVert=False, image='break.jpg', interpolate=True, mask=None, maskParams=None, name='unnamed ImageStim', opacity=1.0, ori=0.0, pos=array([0., 0.]), size=array([1536.,  864.]), texRes=128, units='pix', win=Window(...))
123.4620 	DATA 	Keypress: space
123.4681 	EXP 	unnamed TextStim: text = 'n'
125.1010 	DATA 	Keypress: n
125.1034 	EXP 	unnamed TextStim: height = 25.0
125.1034 	EXP 	unnamed TextStim: height = 25.0
125.1034 	EXP 	unnamed TextStim: height = 25.0
125.1034 	EXP 	unnamed TextStim: text = 'm'
126.7432 	DATA 	Keypress: m
126.7473 	EXP 	unnamed TextStim: height = 25.0
126.7473 	EXP 	unnamed TextStim: height = 25.0
126.7473 	EXP 	unnamed TextStim: height = 25.0
126.7473 	EXP 	unnamed TextStim: text = 'z'
128.4247 	DATA 	Keypress: z
128.4270 	EXP 	unnamed TextStim: height = 25.0
128.4270 	EXP 	unnamed TextStim: height = 25.0
128.4270 	EXP 	unnamed TextStim: height = 25.0
128.4270 	EXP 	unnamed TextStim: text = 'n'
130.0560 	DATA 	Keypress: n
130.0572 	EXP 	unnamed TextStim: text = 'n'
131.5133 	DATA 	Keypress: n
131.5162 	EXP 	unnamed TextStim: height = 25.0
131.5162 	EXP 	unnamed TextStim: height = 25.0
131.5162 	EXP 	unnamed TextStim: height = 25.0
131.5162 	EXP 	unnamed TextStim: text = 'x'
133.0036 	DATA 	Keypress: n
133.1197 	EXP 	Created unnamed ImageStim = ImageStim(__class__=<class 'psychopy.visual.image.ImageStim'>, anchor=('center', 'center'), autoLog=True, color=array([1., 1., 1.]), colorSpace='rgb', contrast=1.0, depth=0, flipHoriz=False, flipVert=False, image='break.jpg', interpolate=True, mask=None, maskParams=None, name='unnamed ImageStim', opacity=1.0, ori=0.0, pos=array([0., 0.]), size=array([1536.,  864.]), texRes=128, units='pix', win=Window(...))
134.0268 	DATA 	Keypress: space
134.0352 	EXP 	unnamed TextStim: height = 25.0
134.0352 	EXP 	unnamed TextStim: height = 25.0
134.0352 	EXP 	unnamed TextStim: height = 25.0
134.0352 	EXP 	unnamed TextStim: text = 'n'
135.6621 	DATA 	Keypress: z
135.6642 	EXP 	unnamed TextStim: text = 'n'
137.3010 	DATA 	Keypress: z
137.3023 	EXP 	unnamed TextStim: text = 'n'
138.8332 	DATA 	Keypress: n
138.8358 	EXP 	unnamed TextStim: height = 25.0
138.8358 	EXP 	unnamed TextStim: height = 25.0
138.8358 	EXP 	unnamed TextStim: height = 25.0
138.8358 	EXP 	unnamed TextStim: text = 'm'
140.3730 	DATA 	Keypress: m
140.3751 	EXP 	unnamed TextStim: height = 25.0
140.3751 	EXP 	unnamed TextStim: height = 25.0
140.3751 	EXP 	unnamed TextStim: height = 25.0
140.3751 	EXP 	unnamed TextStim: text = 'x'
142.1791 	DATA 	Keypress: x
142.1814 	EXP 	unnamed TextStim: height = 25.0
142.1814 	EXP 	unnamed TextStim: height = 25.0
142.1814 	EXP 	unnamed TextStim: height = 25.0
142.1814 	EXP 	unnamed TextStim: text = 'z'
143.9747 	DATA 	Keypress: z
144.0937 	EXP 	Created unnamed ImageStim = ImageStim(__class__=<class 'psychopy.visual.image.ImageStim'>, anchor=('center', 'center'), autoLog=True, color=array([1., 1., 1.]), colorSpace='rgb', contrast=1.0, depth=0, flipHoriz=False, flipVert=False, image='break.jpg', interpolate=True, mask=None, maskParams=None, name='unnamed ImageStim', opacity=1.0, ori=0.0, pos=array([0., 0.]), size=array([1536.,  864.]), texRes=128, units='pix', win=Window(...))
145.0628 	DATA 	Keypress: space
145.0686 	EXP 	unnamed TextStim: height = 25.0
145.0686 	EXP 	unnamed TextStim: height = 25.0
145.0686 	EXP 	unnamed TextStim: height = 25.0
145.0686 	EXP 	unnamed TextStim: text = 'x'
146.8675 	DATA 	Keypress: x
146.8687 	EXP 	unnamed TextStim: text = 'x'
148.4297 	DATA 	Keypress: x
148.4319 	EXP 	unnamed TextStim: height = 25.0
148.4319 	EXP 	unnamed TextStim: height = 25.0
148.4319 	EXP 	unnamed TextStim: height = 25.0
148.4319 	EXP 	unnamed TextStim: text = 'z'
150.1058 	DATA 	Keypress: z
150.1083 	EXP 	unnamed TextStim: height = 25.0
150.1083 	EXP 	unnamed TextStim: height = 25.0
150.1083 	EXP 	unnamed TextStim: height = 25.0
150.1083 	EXP 	unnamed TextStim: text = 'm'
151.7426 	DATA 	Keypress: n
151.7449 	EXP 	unnamed TextStim: height = 25.0
151.7449 	EXP 	unnamed TextStim: height = 25.0
151.7449 	EXP 	unnamed TextStim: height = 25.0
151.7449 	EXP 	unnamed TextStim: text = 'z'
153.4810 	DATA 	Keypress: z
153.4832 	EXP 	unnamed TextStim: height = 25.0
153.4832 	EXP 	unnamed TextStim: height = 25.0
153.4832 	EXP 	unnamed TextStim: height = 25.0
153.4832 	EXP 	unnamed TextStim: text = 'x'
154.9259 	DATA 	Keypress: z
155.0309 	EXP 	Created unnamed ImageStim = ImageStim(__class__=<class 'psychopy.visual.image.ImageStim'>, anchor=('center', 'center'), autoLog=True, color=array([1., 1., 1.]), colorSpace='rgb', contrast=1.0, depth=0, flipHoriz=False, flipVert=False, image='break.jpg', interpolate=True, mask=None, maskParams=None, name='unnamed ImageStim', opacity=1.0, ori=0.0, pos=array([0., 0.]), size=array([1536.,  864.]), texRes=128, units='pix', win=Window(...))
155.9934 	DATA 	Keypress: space
156.0024 	EXP 	unnamed TextStim: height = 25.0
156.0024 	EXP 	unnamed TextStim: height = 25.0
156.0024 	EXP 	unnamed TextStim: height = 25.0
156.0024 	EXP 	unnamed TextStim: text = 'z'
157.9036 	DATA 	Keypress: z
157.9060 	EXP 	unnamed TextStim: height = 25.0
157.9060 	EXP 	unnamed TextStim: height = 25.0
157.9060 	EXP 	unnamed TextStim: height = 25.0
157.9060 	EXP 	unnamed TextStim: text = 'n'
159.5913 	DATA 	Keypress: n
159.5937 	EXP 	unnamed TextStim: height = 25.0
159.5937 	EXP 	unnamed TextStim: height = 25.0
159.5937 	EXP 	unnamed TextStim: height = 25.0
159.5937 	EXP 	unnamed TextStim: text = 'm'
161.1314 	DATA 	Keypress: m
161.1336 	EXP 	unnamed TextStim: height = 25.0
161.1336 	EXP 	unnamed TextStim: height = 25.0
161.1336 	EXP 	unnamed TextStim: height = 25.0
161.1336 	EXP 	unnamed TextStim: text = 'z'
162.6464 	DATA 	Keypress: z
162.6476 	EXP 	unnamed TextStim: text = 'z'
164.1456 	DATA 	Keypress: z
164.1497 	EXP 	unnamed TextStim: height = 25.0
164.1497 	EXP 	unnamed TextStim: height = 25.0
164.1497 	EXP 	unnamed TextStim: height = 25.0
164.1497 	EXP 	unnamed TextStim: text = 'm'
165.7469 	DATA 	Keypress: n
165.8635 	EXP 	Created unnamed ImageStim = ImageStim(__class__=<class 'psychopy.visual.image.ImageStim'>, anchor=('center', 'center'), autoLog=True, color=array([1., 1., 1.]), colorSpace='rgb', contrast=1.0, depth=0, flipHoriz=False, flipVert=False, image='break.jpg', interpolate=True, mask=None, maskParams=None, name='unnamed ImageStim', opacity=1.0, ori=0.0, pos=array([0., 0.]), size=array([1536.,  864.]), texRes=128, units='pix', win=Window(...))
166.6524 	DATA 	Keypress: space
166.6695 	EXP 	unnamed TextStim: height = 25.0
166.6695 	EXP 	unnamed TextStim: height = 25.0
166.6695 	EXP 	unnamed TextStim: height = 25.0
166.6695 	EXP 	unnamed TextStim: text = 'z'
168.4465 	DATA 	Keypress: z
168.4488 	EXP 	unnamed TextStim: height = 25.0
168.4488 	EXP 	unnamed TextStim: height = 25.0
168.4488 	EXP 	unnamed TextStim: height = 25.0
168.4488 	EXP 	unnamed TextStim: text = 'x'
170.2339 	DATA 	Keypress: n
170.2351 	EXP 	unnamed TextStim: text = 'x'
171.9578 	DATA 	Keypress: n
171.9600 	EXP 	unnamed TextStim: height = 25.0
171.9600 	EXP 	unnamed TextStim: height = 25.0
171.9600 	EXP 	unnamed TextStim: height = 25.0
171.9600 	EXP 	unnamed TextStim: text = 'z'
173.6486 	DATA 	Keypress: n
173.6507 	EXP 	unnamed TextStim: height = 25.0
173.6507 	EXP 	unnamed TextStim: height = 25.0
173.6507 	EXP 	unnamed TextStim: height = 25.0
173.6507 	EXP 	unnamed TextStim: text = 'n'
175.0799 	DATA 	Keypress: n
175.0822 	EXP 	unnamed TextStim: height = 25.0
175.0822 	EXP 	unnamed TextStim: height = 25.0
175.0822 	EXP 	unnamed TextStim: height = 25.0
175.0822 	EXP 	unnamed TextStim: text = 'z'
176.6991 	DATA 	Keypress: z
176.8378 	EXP 	Created unnamed ImageStim = ImageStim(__class__=<class 'psychopy.visual.image.ImageStim'>, anchor=('center', 'center'), autoLog=True, color=array([1., 1., 1.]), colorSpace='rgb', contrast=1.0, depth=0, flipHoriz=False, flipVert=False, image='break.jpg', interpolate=True, mask=None, maskParams=None, name='unnamed ImageStim', opacity=1.0, ori=0.0, pos=array([0., 0.]), size=array([1536.,  864.]), texRes=128, units='pix', win=Window(...))
177.8425 	DATA 	Keypress: space
177.8534 	EXP 	unnamed TextStim: height = 25.0
177.8534 	EXP 	unnamed TextStim: height = 25.0
177.8534 	EXP 	unnamed TextStim: height = 25.0
177.8534 	EXP 	unnamed TextStim: text = 'n'
179.6798 	DATA 	Keypress: z
179.6820 	EXP 	unnamed TextStim: height = 25.0
179.6820 	EXP 	unnamed TextStim: height = 25.0
179.6820 	EXP 	unnamed TextStim: height = 25.0
179.6820 	EXP 	unnamed TextStim: text = 'm'
181.2285 	DATA 	Keypress: n
181.2329 	EXP 	unnamed TextStim: height = 25.0
181.2329 	EXP 	unnamed TextStim: height = 25.0
181.2329 	EXP 	unnamed TextStim: height = 25.0
181.2329 	EXP 	unnamed TextStim: text = 'x'
183.2316 	DATA 	Keypress: x
183.2338 	EXP 	unnamed TextStim: height = 25.0
183.2338 	EXP 	unnamed TextStim: height = 25.0
183.2338 	EXP 	unnamed TextStim: height = 25.0
183.2338 	EXP 	unnamed TextStim: text = 'n'
184.9522 	DATA 	Keypress: z
184.9534 	EXP 	unnamed TextStim: text = 'n'
186.8308 	DATA 	Keypress: z
186.8331 	EXP 	unnamed TextStim: height = 25.0
186.8331 	EXP 	unnamed TextStim: height = 25.0
186.8331 	EXP 	unnamed TextStim: height = 25.0
186.8331 	EXP 	unnamed TextStim: text = 'x'
188.6287 	DATA 	Keypress: x
188.7639 	EXP 	Created unnamed ImageStim = ImageStim(__class__=<class 'psychopy.visual.image.ImageStim'>, anchor=('center', 'center'), autoLog=True, color=array([1., 1., 1.]), colorSpace='rgb', contrast=1.0, depth=0, flipHoriz=False, flipVert=False, image='break.jpg', interpolate=True, mask=None, maskParams=None, name='unnamed ImageStim', opacity=1.0, ori=0.0, pos=array([0., 0.]), size=array([1536.,  864.]), texRes=128, units='pix', win=Window(...))
189.5166 	DATA 	Keypress: space
189.5206 	EXP 	unnamed TextStim: height = 25.0
189.5206 	EXP 	unnamed TextStim: height = 25.0
189.5206 	EXP 	unnamed TextStim: height = 25.0
189.5206 	EXP 	unnamed TextStim: text = 'z'
191.1631 	DATA 	Keypress: x
191.1654 	EXP 	unnamed TextStim: height = 25.0
191.1654 	EXP 	unnamed TextStim: height = 25.0
191.1654 	EXP 	unnamed TextStim: height = 25.0
191.1654 	EXP 	unnamed TextStim: text = 'x'
192.6721 	DATA 	Keypress: z
192.6744 	EXP 	unnamed TextStim: height = 25.0
192.6744 	EXP 	unnamed TextStim: height = 25.0
192.6744 	EXP 	unnamed TextStim: height = 25.0
192.6744 	EXP 	unnamed TextStim: text = 'n'
194.0774 	DATA 	Keypress: z
194.0786 	EXP 	unnamed TextStim: text = 'n'
195.4480 	DATA 	Keypress: z
195.4501 	EXP 	unnamed TextStim: height = 25.0
195.4501 	EXP 	unnamed TextStim: height = 25.0
195.4501 	EXP 	unnamed TextStim: height = 25.0
195.4501 	EXP 	unnamed TextStim: text = 'z'
196.9292 	DATA 	Keypress: z
196.9314 	EXP 	unnamed TextStim: height = 25.0
196.9314 	EXP 	unnamed TextStim: height = 25.0
196.9314 	EXP 	unnamed TextStim: height = 25.0
196.9314 	EXP 	unnamed TextStim: text = 'x'
198.7262 	DATA 	Keypress: x
198.8453 	EXP 	Created unnamed ImageStim = ImageStim(__class__=<class 'psychopy.visual.image.ImageStim'>, anchor=('center', 'center'), autoLog=True, color=array([1., 1., 1.]), colorSpace='rgb', contrast=1.0, depth=0, flipHoriz=False, flipVert=False, image='break.jpg', interpolate=True, mask=None, maskParams=None, name='unnamed ImageStim', opacity=1.0, ori=0.0, pos=array([0., 0.]), size=array([1536.,  864.]), texRes=128, units='pix', win=Window(...))
199.6554 	DATA 	Keypress: space
199.6708 	EXP 	unnamed TextStim: height = 25.0
199.6708 	EXP 	unnamed TextStim: height = 25.0
199.6708 	EXP 	unnamed TextStim: height = 25.0
199.6708 	EXP 	unnamed TextStim: text = 'm'
201.2925 	DATA 	Keypress: z
201.2937 	EXP 	unnamed TextStim: text = 'm'
203.0672 	DATA 	Keypress: m
203.0694 	EXP 	unnamed TextStim: height = 25.0
203.0694 	EXP 	unnamed TextStim: height = 25.0
203.0694 	EXP 	unnamed TextStim: height = 25.0
203.0694 	EXP 	unnamed TextStim: text = 'z'
204.8156 	DATA 	Keypress: z
204.8178 	EXP 	unnamed TextStim: height = 25.0
204.8178 	EXP 	unnamed TextStim: height = 25.0
204.8178 	EXP 	unnamed TextStim: height = 25.0
204.8178 	EXP 	unnamed TextStim: text = 'm'
206.6837 	DATA 	Keypress: m
206.6861 	EXP 	unnamed TextStim: height = 25.0
206.6861 	EXP 	unnamed TextStim: height = 25.0
206.6861 	EXP 	unnamed TextStim: height = 25.0
206.6861 	EXP 	unnamed TextStim: text = 'n'
208.3572 	DATA 	Keypress: n
208.3594 	EXP 	unnamed TextStim: height = 25.0
208.3594 	EXP 	unnamed TextStim: height = 25.0
208.3594 	EXP 	unnamed TextStim: height = 25.0
208.3594 	EXP 	unnamed TextStim: text = 'm'
209.9637 	DATA 	Keypress: z
210.1064 	EXP 	Created unnamed ImageStim = ImageStim(__class__=<class 'psychopy.visual.image.ImageStim'>, anchor=('center', 'center'), autoLog=True, color=array([1., 1., 1.]), colorSpace='rgb', contrast=1.0, depth=0, flipHoriz=False, flipVert=False, image='break.jpg', interpolate=True, mask=None, maskParams=None, name='unnamed ImageStim', opacity=1.0, ori=0.0, pos=array([0., 0.]), size=array([1536.,  864.]), texRes=128, units='pix', win=Window(...))
210.9546 	DATA 	Keypress: space
210.9711 	EXP 	unnamed TextStim: height = 25.0
210.9711 	EXP 	unnamed TextStim: height = 25.0
210.9711 	EXP 	unnamed TextStim: height = 25.0
210.9711 	EXP 	unnamed TextStim: text = 'x'
212.7525 	DATA 	Keypress: x
212.7546 	EXP 	unnamed TextStim: height = 25.0
212.7546 	EXP 	unnamed TextStim: height = 25.0
212.7546 	EXP 	unnamed TextStim: height = 25.0
212.7546 	EXP 	unnamed TextStim: text = 'n'
214.3575 	DATA 	Keypress: n
214.3597 	EXP 	unnamed TextStim: height = 25.0
214.3597 	EXP 	unnamed TextStim: height = 25.0
214.3597 	EXP 	unnamed TextStim: height = 25.0
214.3597 	EXP 	unnamed TextStim: text = 'z'
215.8058 	DATA 	Keypress: z
215.8079 	EXP 	unnamed TextStim: height = 25.0
215.8079 	EXP 	unnamed TextStim: height = 25.0
215.8079 	EXP 	unnamed TextStim: height = 25.0
215.8079 	EXP 	unnamed TextStim: text = 'x'
217.5839 	DATA 	Keypress: n
217.5874 	EXP 	unnamed TextStim: height = 25.0
217.5874 	EXP 	unnamed TextStim: height = 25.0
217.5874 	EXP 	unnamed TextStim: height = 25.0
217.5874 	EXP 	unnamed TextStim: text = 'z'
219.3302 	DATA 	Keypress: z
219.3325 	EXP 	unnamed TextStim: height = 25.0
219.3325 	EXP 	unnamed TextStim: height = 25.0
219.3325 	EXP 	unnamed TextStim: height = 25.0
219.3325 	EXP 	unnamed TextStim: text = 'n'
220.9387 	DATA 	Keypress: n
221.0766 	EXP 	Created unnamed ImageStim = ImageStim(__class__=<class 'psychopy.visual.image.ImageStim'>, anchor=('center', 'center'), autoLog=True, color=array([1., 1., 1.]), colorSpace='rgb', contrast=1.0, depth=0, flipHoriz=False, flipVert=False, image='break.jpg', interpolate=True, mask=None, maskParams=None, name='unnamed ImageStim', opacity=1.0, ori=0.0, pos=array([0., 0.]), size=array([1536.,  864.]), texRes=128, units='pix', win=Window(...))
221.8001 	DATA 	Keypress: space
221.8049 	EXP 	unnamed TextStim: height = 25.0
221.8049 	EXP 	unnamed TextStim: height = 25.0
221.8049 	EXP 	unnamed TextStim: height = 25.0
221.8049 	EXP 	unnamed TextStim: text = 'z'
223.6464 	DATA 	Keypress: z
223.6488 	EXP 	unnamed TextStim: height = 25.0
223.6488 	EXP 	unnamed TextStim: height = 25.0
223.6488 	EXP 	unnamed TextStim: height = 25.0
223.6488 	EXP 	unnamed TextStim: text = 'x'
225.6420 	DATA 	Keypress: z
225.6441 	EXP 	unnamed TextStim: height = 25.0
225.6441 	EXP 	unnamed TextStim: height = 25.0
225.6441 	EXP 	unnamed TextStim: height = 25.0
225.6441 	EXP 	unnamed TextStim: text = 'n'
227.3005 	DATA 	Keypress: n
227.3026 	EXP 	unnamed TextStim: height = 25.0
227.3026 	EXP 	unnamed TextStim: height = 25.0
227.3026 	EXP 	unnamed TextStim: height = 25.0
227.3026 	EXP 	unnamed TextStim: text = 'm'
228.8534 	DATA 	Keypress: m
228.8546 	EXP 	unnamed TextStim: text = 'm'
230.6600 	DATA 	Keypress: n
230.6611 	EXP 	unnamed TextStim: text = 'm'
232.3238 	DATA 	Keypress: m
232.4667 	EXP 	Created unnamed ImageStim = ImageStim(__class__=<class 'psychopy.visual.image.ImageStim'>, anchor=('center', 'center'), autoLog=True, color=array([1., 1., 1.]), colorSpace='rgb', contrast=1.0, depth=0, flipHoriz=False, flipVert=False, image='break.jpg', interpolate=True, mask=None, maskParams=None, name='unnamed ImageStim', opacity=1.0, ori=0.0, pos=array([0., 0.]), size=array([1536.,  864.]), texRes=128, units='pix', win=Window(...))
233.2555 	DATA 	Keypress: space
233.2735 	EXP 	Created unnamed TextStim = TextStim(__class__=<class 'psychopy.visual.text.TextStim'>, alignHoriz=method-wrapper(...), alignText='center', alignVert=method-wrapper(...), anchorHoriz='center', anchorVert='center', antialias=True, autoDraw=False, autoLog=True, bold=False, color=array([-1, -1, -1]), colorSpace='rgb', contrast=1.0, depth=0, flipHoriz=False, flipVert=False, font='', fontFiles=[], height=20.0, italic=False, languageStyle='LTR', name='unnamed TextStim', opacity=1.0, ori=0.0, pos=array([0., 0.]), rgb=UNKNOWN, text=str(...), units='pix', win=Window(...), wrapWidth=1536)
252.1731 	DATA 	Keypress: return
252.2611 	EXP 	window1: mouseVisible = True
