11.4295 	WARNING 	User requested fullscreen with size [1536  864], but screen is actually [1920, 1080]. Using actual size
12.7138 	INFO 	FRAME RATE: 60
12.7138 	INFO 	SCREEN RES: odict_values([1536, 864])
12.7734 	EXP 	Created unnamed TextStim = TextStim(__class__=<class 'psychopy.visual.text.TextStim'>, alignHoriz=method-wrapper(...), alignText='center', alignVert=method-wrapper(...), anchorHoriz='center', anchorVert='center', antialias=True, autoDraw=False, autoLog=True, bold=False, color=array([-1, -1, -1]), colorSpace='rgb', contrast=1.0, depth=0, flipHoriz=False, flipVert=False, font='', fontFiles=[], height=100.0, italic=False, languageStyle='LTR', name='unnamed TextStim', opacity=1.0, ori=0.0, pos=array([0., 0.]), rgb=UNKNOWN, text='+', units='pix', win=Window(...), wrapWidth=500)
12.7775 	EXP 	Created unnamed Circle = Circle(__class__=<class 'psychopy.visual.circle.Circle'>, anchor=('center', 'center'), autoDraw=False, autoLog=True, closeShape=True, color=method-wrapper(...), colorSpace='rgb', contrast=None, depth=0, fillColor=array([ 0.09019608, -1.        , -1.        ]), fillColorSpace='rgb', fillRGB=array([ 0.09019608, -1.        , -1.        ]), interpolate=True, lineColor=array([ 0.09019608, -1.        , -1.        ]), lineColorSpace='rgb', lineRGB=array([ 0.09019608, -1.        , -1.        ]), lineWidth=1.5, name='unnamed Circle', opacity=1.0, ori=0.0, pos=array([0., 0.]), size=array([1., 1.]), units='pix', vertices=ndarray(...), win=Window(...))
12.7783 	EXP 	Created unnamed TextStim = TextStim(__class__=<class 'psychopy.visual.text.TextStim'>, alignHoriz=method-wrapper(...), alignText='center', alignVert=method-wrapper(...), anchorHoriz='center', anchorVert='center', antialias=True, autoDraw=False, autoLog=True, bold=False, color=array([-0.17647059, -0.17647059, -0.17647059]), colorSpace='rgb', contrast=1.0, depth=0, flipHoriz=False, flipVert=False, font='', fontFiles=[], height=25, italic=False, languageStyle='LTR', name='unnamed TextStim', opacity=1.0, ori=0.0, pos=array([0., 0.]), rgb=UNKNOWN, text='', units='pix', win=Window(...), wrapWidth=500)
12.7872 	EXP 	Created unnamed ImageStim = ImageStim(__class__=<class 'psychopy.visual.image.ImageStim'>, anchor=('center', 'center'), autoLog=True, color=array([1., 1., 1.]), colorSpace='rgb', contrast=1.0, depth=0, flipHoriz=False, flipVert=False, image='mask4.png', interpolate=False, mask=None, maskParams=None, name='unnamed ImageStim', opacity=1.0, ori=0.0, pos=array([0., 0.]), size=array([25., 25.]), texRes=128, units='pix', win=Window(...))
12.7941 	EXP 	Created unnamed TextStim = TextStim(__class__=<class 'psychopy.visual.text.TextStim'>, alignHoriz=method-wrapper(...), alignText='center', alignVert=method-wrapper(...), anchorHoriz='center', anchorVert='center', antialias=True, autoDraw=False, autoLog=True, bold=False, color=array([-1, -1, -1]), colorSpace='rgb', contrast=1.0, depth=0, flipHoriz=False, flipVert=False, font='', fontFiles=[], height=30.0, italic=False, languageStyle='LTR', name='unnamed TextStim', opacity=1.0, ori=0.0, pos=array([ 100., -300.]), rgb=UNKNOWN, text=str(...), units='pix', win=Window(...), wrapWidth=10000)
12.7986 	EXP 	Created unnamed TextStim = TextStim(__class__=<class 'psychopy.visual.text.TextStim'>, alignHoriz=method-wrapper(...), alignText='center', alignVert=method-wrapper(...), anchorHoriz='center', anchorVert='center', antialias=True, autoDraw=False, autoLog=True, bold=False, color=array([-1, -1, -1]), colorSpace='rgb', contrast=1.0, depth=0, flipHoriz=False, flipVert=False, font='', fontFiles=[], height=30.0, italic=False, languageStyle='LTR', name='unnamed TextStim', opacity=1.0, ori=0.0, pos=array([ 100., -330.]), rgb=UNKNOWN, text=str(...), units='pix', win=Window(...), wrapWidth=10000)
12.8360 	EXP 	Created unnamed TextStim = TextStim(__class__=<class 'psychopy.visual.text.TextStim'>, alignHoriz=method-wrapper(...), alignText='center', alignVert=method-wrapper(...), anchorHoriz='center', anchorVert='center', antialias=True, autoDraw=False, autoLog=True, bold=False, color=array([-1, -1, -1]), colorSpace='rgb', contrast=1.0, depth=0, flipHoriz=False, flipVert=False, font='', fontFiles=[], height=20.0, italic=False, languageStyle='LTR', name='unnamed TextStim', opacity=1.0, ori=0.0, pos=array([0., 0.]), rgb=UNKNOWN, text=str(...), units='pix', win=Window(...), wrapWidth=1536)
18.0103 	DATA 	Keypress: space
18.0155 	EXP 	unnamed TextStim: height = 25.0
18.0155 	EXP 	unnamed TextStim: height = 25.0
18.0155 	EXP 	unnamed TextStim: height = 25.0
18.0155 	EXP 	unnamed TextStim: text = 'n'
20.1139 	DATA 	Keypress: n
20.1211 	EXP 	Created unnamed TextStim = TextStim(__class__=<class 'psychopy.visual.text.TextStim'>, alignHoriz=method-wrapper(...), alignText='center', alignVert=method-wrapper(...), anchorHoriz='center', anchorVert='center', antialias=True, autoDraw=False, autoLog=True, bold=False, color=array([-1, -1, -1]), colorSpace='rgb', contrast=1.0, depth=0, flipHoriz=False, flipVert=False, font='', fontFiles=[], height=50.0, italic=False, languageStyle='LTR', name='unnamed TextStim', opacity=1.0, ori=0.0, pos=array([0., 0.]), rgb=UNKNOWN, text='Poprawnie', units='pix', win=Window(...), wrapWidth=500)
21.1293 	EXP 	unnamed TextStim: height = 25.0
21.1293 	EXP 	unnamed TextStim: height = 25.0
21.1293 	EXP 	unnamed TextStim: height = 25.0
21.1293 	EXP 	unnamed TextStim: text = 'x'
22.4802 	DATA 	Keypress: m
22.4884 	EXP 	Created unnamed TextStim = TextStim(__class__=<class 'psychopy.visual.text.TextStim'>, alignHoriz=method-wrapper(...), alignText='center', alignVert=method-wrapper(...), anchorHoriz='center', anchorVert='center', antialias=True, autoDraw=False, autoLog=True, bold=False, color=array([-1, -1, -1]), colorSpace='rgb', contrast=1.0, depth=0, flipHoriz=False, flipVert=False, font='', fontFiles=[], height=50.0, italic=False, languageStyle='LTR', name='unnamed TextStim', opacity=1.0, ori=0.0, pos=array([0., 0.]), rgb=UNKNOWN, text='Niepoprawnie', units='pix', win=Window(...), wrapWidth=500)
23.5126 	EXP 	unnamed TextStim: height = 25.0
23.5126 	EXP 	unnamed TextStim: height = 25.0
23.5126 	EXP 	unnamed TextStim: height = 25.0
23.5126 	EXP 	unnamed TextStim: text = 'z'
25.1492 	DATA 	Keypress: z
25.1524 	EXP 	Created unnamed TextStim = TextStim(__class__=<class 'psychopy.visual.text.TextStim'>, alignHoriz=method-wrapper(...), alignText='center', alignVert=method-wrapper(...), anchorHoriz='center', anchorVert='center', antialias=True, autoDraw=False, autoLog=True, bold=False, color=array([-1, -1, -1]), colorSpace='rgb', contrast=1.0, depth=0, flipHoriz=False, flipVert=False, font='', fontFiles=[], height=50.0, italic=False, languageStyle='LTR', name='unnamed TextStim', opacity=1.0, ori=0.0, pos=array([0., 0.]), rgb=UNKNOWN, text='Poprawnie', units='pix', win=Window(...), wrapWidth=500)
26.1628 	EXP 	unnamed TextStim: height = 25.0
26.1628 	EXP 	unnamed TextStim: height = 25.0
26.1628 	EXP 	unnamed TextStim: height = 25.0
26.1628 	EXP 	unnamed TextStim: text = 'n'
27.8893 	DATA 	Keypress: n
27.8915 	EXP 	Created unnamed TextStim = TextStim(__class__=<class 'psychopy.visual.text.TextStim'>, alignHoriz=method-wrapper(...), alignText='center', alignVert=method-wrapper(...), anchorHoriz='center', anchorVert='center', antialias=True, autoDraw=False, autoLog=True, bold=False, color=array([-1, -1, -1]), colorSpace='rgb', contrast=1.0, depth=0, flipHoriz=False, flipVert=False, font='', fontFiles=[], height=50.0, italic=False, languageStyle='LTR', name='unnamed TextStim', opacity=1.0, ori=0.0, pos=array([0., 0.]), rgb=UNKNOWN, text='Poprawnie', units='pix', win=Window(...), wrapWidth=500)
28.8962 	EXP 	unnamed TextStim: text = 'n'
30.2141 	DATA 	Keypress: n
30.2193 	EXP 	Created unnamed TextStim = TextStim(__class__=<class 'psychopy.visual.text.TextStim'>, alignHoriz=method-wrapper(...), alignText='center', alignVert=method-wrapper(...), anchorHoriz='center', anchorVert='center', antialias=True, autoDraw=False, autoLog=True, bold=False, color=array([-1, -1, -1]), colorSpace='rgb', contrast=1.0, depth=0, flipHoriz=False, flipVert=False, font='', fontFiles=[], height=50.0, italic=False, languageStyle='LTR', name='unnamed TextStim', opacity=1.0, ori=0.0, pos=array([0., 0.]), rgb=UNKNOWN, text='Poprawnie', units='pix', win=Window(...), wrapWidth=500)
31.2464 	EXP 	unnamed TextStim: height = 25.0
31.2464 	EXP 	unnamed TextStim: height = 25.0
31.2464 	EXP 	unnamed TextStim: height = 25.0
31.2464 	EXP 	unnamed TextStim: text = 'z'
32.6307 	DATA 	Keypress: m
32.6368 	EXP 	Created unnamed TextStim = TextStim(__class__=<class 'psychopy.visual.text.TextStim'>, alignHoriz=method-wrapper(...), alignText='center', alignVert=method-wrapper(...), anchorHoriz='center', anchorVert='center', antialias=True, autoDraw=False, autoLog=True, bold=False, color=array([-1, -1, -1]), colorSpace='rgb', contrast=1.0, depth=0, flipHoriz=False, flipVert=False, font='', fontFiles=[], height=50.0, italic=False, languageStyle='LTR', name='unnamed TextStim', opacity=1.0, ori=0.0, pos=array([0., 0.]), rgb=UNKNOWN, text='Niepoprawnie', units='pix', win=Window(...), wrapWidth=500)
33.6631 	EXP 	unnamed TextStim: height = 25.0
33.6631 	EXP 	unnamed TextStim: height = 25.0
33.6631 	EXP 	unnamed TextStim: height = 25.0
33.6631 	EXP 	unnamed TextStim: text = 'n'
35.3110 	DATA 	Keypress: n
35.3131 	EXP 	Created unnamed TextStim = TextStim(__class__=<class 'psychopy.visual.text.TextStim'>, alignHoriz=method-wrapper(...), alignText='center', alignVert=method-wrapper(...), anchorHoriz='center', anchorVert='center', antialias=True, autoDraw=False, autoLog=True, bold=False, color=array([-1, -1, -1]), colorSpace='rgb', contrast=1.0, depth=0, flipHoriz=False, flipVert=False, font='', fontFiles=[], height=50.0, italic=False, languageStyle='LTR', name='unnamed TextStim', opacity=1.0, ori=0.0, pos=array([0., 0.]), rgb=UNKNOWN, text='Poprawnie', units='pix', win=Window(...), wrapWidth=500)
36.3297 	EXP 	unnamed TextStim: height = 25.0
36.3297 	EXP 	unnamed TextStim: height = 25.0
36.3297 	EXP 	unnamed TextStim: height = 25.0
36.3297 	EXP 	unnamed TextStim: text = 'x'
38.3852 	DATA 	Keypress: x
38.3873 	EXP 	Created unnamed TextStim = TextStim(__class__=<class 'psychopy.visual.text.TextStim'>, alignHoriz=method-wrapper(...), alignText='center', alignVert=method-wrapper(...), anchorHoriz='center', anchorVert='center', antialias=True, autoDraw=False, autoLog=True, bold=False, color=array([-1, -1, -1]), colorSpace='rgb', contrast=1.0, depth=0, flipHoriz=False, flipVert=False, font='', fontFiles=[], height=50.0, italic=False, languageStyle='LTR', name='unnamed TextStim', opacity=1.0, ori=0.0, pos=array([0., 0.]), rgb=UNKNOWN, text='Poprawnie', units='pix', win=Window(...), wrapWidth=500)
39.3967 	EXP 	unnamed TextStim: height = 25.0
39.3967 	EXP 	unnamed TextStim: height = 25.0
39.3967 	EXP 	unnamed TextStim: height = 25.0
39.3967 	EXP 	unnamed TextStim: text = 'z'
40.9568 	DATA 	Keypress: z
40.9590 	EXP 	Created unnamed TextStim = TextStim(__class__=<class 'psychopy.visual.text.TextStim'>, alignHoriz=method-wrapper(...), alignText='center', alignVert=method-wrapper(...), anchorHoriz='center', anchorVert='center', antialias=True, autoDraw=False, autoLog=True, bold=False, color=array([-1, -1, -1]), colorSpace='rgb', contrast=1.0, depth=0, flipHoriz=False, flipVert=False, font='', fontFiles=[], height=50.0, italic=False, languageStyle='LTR', name='unnamed TextStim', opacity=1.0, ori=0.0, pos=array([0., 0.]), rgb=UNKNOWN, text='Poprawnie', units='pix', win=Window(...), wrapWidth=500)
41.9633 	EXP 	unnamed TextStim: height = 25.0
41.9633 	EXP 	unnamed TextStim: height = 25.0
41.9633 	EXP 	unnamed TextStim: height = 25.0
41.9633 	EXP 	unnamed TextStim: text = 'x'
43.3142 	DATA 	Keypress: x
43.3207 	EXP 	Created unnamed TextStim = TextStim(__class__=<class 'psychopy.visual.text.TextStim'>, alignHoriz=method-wrapper(...), alignText='center', alignVert=method-wrapper(...), anchorHoriz='center', anchorVert='center', antialias=True, autoDraw=False, autoLog=True, bold=False, color=array([-1, -1, -1]), colorSpace='rgb', contrast=1.0, depth=0, flipHoriz=False, flipVert=False, font='', fontFiles=[], height=50.0, italic=False, languageStyle='LTR', name='unnamed TextStim', opacity=1.0, ori=0.0, pos=array([0., 0.]), rgb=UNKNOWN, text='Poprawnie', units='pix', win=Window(...), wrapWidth=500)
44.3469 	EXP 	unnamed TextStim: height = 25.0
44.3469 	EXP 	unnamed TextStim: height = 25.0
44.3469 	EXP 	unnamed TextStim: height = 25.0
44.3469 	EXP 	unnamed TextStim: text = 'm'
46.0133 	DATA 	Keypress: n
46.0155 	EXP 	Created unnamed TextStim = TextStim(__class__=<class 'psychopy.visual.text.TextStim'>, alignHoriz=method-wrapper(...), alignText='center', alignVert=method-wrapper(...), anchorHoriz='center', anchorVert='center', antialias=True, autoDraw=False, autoLog=True, bold=False, color=array([-1, -1, -1]), colorSpace='rgb', contrast=1.0, depth=0, flipHoriz=False, flipVert=False, font='', fontFiles=[], height=50.0, italic=False, languageStyle='LTR', name='unnamed TextStim', opacity=1.0, ori=0.0, pos=array([0., 0.]), rgb=UNKNOWN, text='Niepoprawnie', units='pix', win=Window(...), wrapWidth=500)
46.8170 	DATA 	Keypress: m
47.0302 	EXP 	unnamed TextStim: height = 25.0
47.0302 	EXP 	unnamed TextStim: height = 25.0
47.0302 	EXP 	unnamed TextStim: height = 25.0
47.0302 	EXP 	unnamed TextStim: text = 'n'
48.4980 	DATA 	Keypress: n
49.2582 	DATA 	Keypress: n
49.2603 	EXP 	Created unnamed TextStim = TextStim(__class__=<class 'psychopy.visual.text.TextStim'>, alignHoriz=method-wrapper(...), alignText='center', alignVert=method-wrapper(...), anchorHoriz='center', anchorVert='center', antialias=True, autoDraw=False, autoLog=True, bold=False, color=array([-1, -1, -1]), colorSpace='rgb', contrast=1.0, depth=0, flipHoriz=False, flipVert=False, font='', fontFiles=[], height=50.0, italic=False, languageStyle='LTR', name='unnamed TextStim', opacity=1.0, ori=0.0, pos=array([0., 0.]), rgb=UNKNOWN, text='Poprawnie', units='pix', win=Window(...), wrapWidth=500)
50.2635 	EXP 	unnamed TextStim: text = 'n'
51.5813 	DATA 	Keypress: n
51.5868 	EXP 	Created unnamed TextStim = TextStim(__class__=<class 'psychopy.visual.text.TextStim'>, alignHoriz=method-wrapper(...), alignText='center', alignVert=method-wrapper(...), anchorHoriz='center', anchorVert='center', antialias=True, autoDraw=False, autoLog=True, bold=False, color=array([-1, -1, -1]), colorSpace='rgb', contrast=1.0, depth=0, flipHoriz=False, flipVert=False, font='', fontFiles=[], height=50.0, italic=False, languageStyle='LTR', name='unnamed TextStim', opacity=1.0, ori=0.0, pos=array([0., 0.]), rgb=UNKNOWN, text='Poprawnie', units='pix', win=Window(...), wrapWidth=500)
52.6138 	EXP 	unnamed TextStim: height = 25.0
52.6138 	EXP 	unnamed TextStim: height = 25.0
52.6138 	EXP 	unnamed TextStim: height = 25.0
52.6138 	EXP 	unnamed TextStim: text = 'x'
54.2953 	DATA 	Keypress: x
54.2977 	EXP 	Created unnamed TextStim = TextStim(__class__=<class 'psychopy.visual.text.TextStim'>, alignHoriz=method-wrapper(...), alignText='center', alignVert=method-wrapper(...), anchorHoriz='center', anchorVert='center', antialias=True, autoDraw=False, autoLog=True, bold=False, color=array([-1, -1, -1]), colorSpace='rgb', contrast=1.0, depth=0, flipHoriz=False, flipVert=False, font='', fontFiles=[], height=50.0, italic=False, languageStyle='LTR', name='unnamed TextStim', opacity=1.0, ori=0.0, pos=array([0., 0.]), rgb=UNKNOWN, text='Poprawnie', units='pix', win=Window(...), wrapWidth=500)
55.3139 	EXP 	unnamed TextStim: height = 25.0
55.3139 	EXP 	unnamed TextStim: height = 25.0
55.3139 	EXP 	unnamed TextStim: height = 25.0
55.3139 	EXP 	unnamed TextStim: text = 'n'
57.0375 	DATA 	Keypress: x
57.0405 	EXP 	Created unnamed TextStim = TextStim(__class__=<class 'psychopy.visual.text.TextStim'>, alignHoriz=method-wrapper(...), alignText='center', alignVert=method-wrapper(...), anchorHoriz='center', anchorVert='center', antialias=True, autoDraw=False, autoLog=True, bold=False, color=array([-1, -1, -1]), colorSpace='rgb', contrast=1.0, depth=0, flipHoriz=False, flipVert=False, font='', fontFiles=[], height=50.0, italic=False, languageStyle='LTR', name='unnamed TextStim', opacity=1.0, ori=0.0, pos=array([0., 0.]), rgb=UNKNOWN, text='Niepoprawnie', units='pix', win=Window(...), wrapWidth=500)
58.0714 	EXP 	Created unnamed TextStim = TextStim(__class__=<class 'psychopy.visual.text.TextStim'>, alignHoriz=method-wrapper(...), alignText='center', alignVert=method-wrapper(...), anchorHoriz='center', anchorVert='center', antialias=True, autoDraw=False, autoLog=True, bold=False, color=array([-1, -1, -1]), colorSpace='rgb', contrast=1.0, depth=0, flipHoriz=False, flipVert=False, font='', fontFiles=[], height=20.0, italic=False, languageStyle='LTR', name='unnamed TextStim', opacity=1.0, ori=0.0, pos=array([0., 0.]), rgb=UNKNOWN, text=str(...), units='pix', win=Window(...), wrapWidth=1536)
58.6784 	DATA 	Keypress: space
58.6824 	EXP 	unnamed TextStim: height = 25.0
58.6824 	EXP 	unnamed TextStim: height = 25.0
58.6824 	EXP 	unnamed TextStim: height = 25.0
58.6824 	EXP 	unnamed TextStim: text = 'm'
60.1990 	DATA 	Keypress: z
60.2054 	EXP 	Created unnamed TextStim = TextStim(__class__=<class 'psychopy.visual.text.TextStim'>, alignHoriz=method-wrapper(...), alignText='center', alignVert=method-wrapper(...), anchorHoriz='center', anchorVert='center', antialias=True, autoDraw=False, autoLog=True, bold=False, color=array([-1, -1, -1]), colorSpace='rgb', contrast=1.0, depth=0, flipHoriz=False, flipVert=False, font='', fontFiles=[], height=50.0, italic=False, languageStyle='LTR', name='unnamed TextStim', opacity=1.0, ori=0.0, pos=array([0., 0.]), rgb=UNKNOWN, text='Niepoprawnie', units='pix', win=Window(...), wrapWidth=500)
61.0074 	DATA 	Keypress: m
61.2142 	EXP 	unnamed TextStim: height = 25.0
61.2142 	EXP 	unnamed TextStim: height = 25.0
61.2142 	EXP 	unnamed TextStim: height = 25.0
61.2142 	EXP 	unnamed TextStim: text = 'x'
62.5401 	DATA 	Keypress: m
62.5437 	EXP 	Created unnamed TextStim = TextStim(__class__=<class 'psychopy.visual.text.TextStim'>, alignHoriz=method-wrapper(...), alignText='center', alignVert=method-wrapper(...), anchorHoriz='center', anchorVert='center', antialias=True, autoDraw=False, autoLog=True, bold=False, color=array([-1, -1, -1]), colorSpace='rgb', contrast=1.0, depth=0, flipHoriz=False, flipVert=False, font='', fontFiles=[], height=50.0, italic=False, languageStyle='LTR', name='unnamed TextStim', opacity=1.0, ori=0.0, pos=array([0., 0.]), rgb=UNKNOWN, text='Niepoprawnie', units='pix', win=Window(...), wrapWidth=500)
63.5484 	EXP 	unnamed TextStim: height = 25.0
63.5484 	EXP 	unnamed TextStim: height = 25.0
63.5484 	EXP 	unnamed TextStim: height = 25.0
63.5484 	EXP 	unnamed TextStim: text = 'n'
65.0151 	DATA 	Keypress: n
65.0182 	EXP 	Created unnamed TextStim = TextStim(__class__=<class 'psychopy.visual.text.TextStim'>, alignHoriz=method-wrapper(...), alignText='center', alignVert=method-wrapper(...), anchorHoriz='center', anchorVert='center', antialias=True, autoDraw=False, autoLog=True, bold=False, color=array([-1, -1, -1]), colorSpace='rgb', contrast=1.0, depth=0, flipHoriz=False, flipVert=False, font='', fontFiles=[], height=50.0, italic=False, languageStyle='LTR', name='unnamed TextStim', opacity=1.0, ori=0.0, pos=array([0., 0.]), rgb=UNKNOWN, text='Poprawnie', units='pix', win=Window(...), wrapWidth=500)
66.0309 	EXP 	unnamed TextStim: text = 'n'
67.5639 	DATA 	Keypress: n
67.5661 	EXP 	Created unnamed TextStim = TextStim(__class__=<class 'psychopy.visual.text.TextStim'>, alignHoriz=method-wrapper(...), alignText='center', alignVert=method-wrapper(...), anchorHoriz='center', anchorVert='center', antialias=True, autoDraw=False, autoLog=True, bold=False, color=array([-1, -1, -1]), colorSpace='rgb', contrast=1.0, depth=0, flipHoriz=False, flipVert=False, font='', fontFiles=[], height=50.0, italic=False, languageStyle='LTR', name='unnamed TextStim', opacity=1.0, ori=0.0, pos=array([0., 0.]), rgb=UNKNOWN, text='Poprawnie', units='pix', win=Window(...), wrapWidth=500)
68.5812 	EXP 	unnamed TextStim: height = 25.0
68.5812 	EXP 	unnamed TextStim: height = 25.0
68.5812 	EXP 	unnamed TextStim: height = 25.0
68.5812 	EXP 	unnamed TextStim: text = 'z'
70.3732 	DATA 	Keypress: z
70.3753 	EXP 	Created unnamed TextStim = TextStim(__class__=<class 'psychopy.visual.text.TextStim'>, alignHoriz=method-wrapper(...), alignText='center', alignVert=method-wrapper(...), anchorHoriz='center', anchorVert='center', antialias=True, autoDraw=False, autoLog=True, bold=False, color=array([-1, -1, -1]), colorSpace='rgb', contrast=1.0, depth=0, flipHoriz=False, flipVert=False, font='', fontFiles=[], height=50.0, italic=False, languageStyle='LTR', name='unnamed TextStim', opacity=1.0, ori=0.0, pos=array([0., 0.]), rgb=UNKNOWN, text='Poprawnie', units='pix', win=Window(...), wrapWidth=500)
71.3810 	EXP 	unnamed TextStim: height = 25.0
71.3810 	EXP 	unnamed TextStim: height = 25.0
71.3810 	EXP 	unnamed TextStim: height = 25.0
71.3810 	EXP 	unnamed TextStim: text = 'x'
73.3083 	DATA 	Keypress: z
73.3109 	EXP 	Created unnamed TextStim = TextStim(__class__=<class 'psychopy.visual.text.TextStim'>, alignHoriz=method-wrapper(...), alignText='center', alignVert=method-wrapper(...), anchorHoriz='center', anchorVert='center', antialias=True, autoDraw=False, autoLog=True, bold=False, color=array([-1, -1, -1]), colorSpace='rgb', contrast=1.0, depth=0, flipHoriz=False, flipVert=False, font='', fontFiles=[], height=50.0, italic=False, languageStyle='LTR', name='unnamed TextStim', opacity=1.0, ori=0.0, pos=array([0., 0.]), rgb=UNKNOWN, text='Niepoprawnie', units='pix', win=Window(...), wrapWidth=500)
74.3147 	EXP 	unnamed TextStim: text = 'x'
75.7303 	DATA 	Keypress: x
75.7324 	EXP 	Created unnamed TextStim = TextStim(__class__=<class 'psychopy.visual.text.TextStim'>, alignHoriz=method-wrapper(...), alignText='center', alignVert=method-wrapper(...), anchorHoriz='center', anchorVert='center', antialias=True, autoDraw=False, autoLog=True, bold=False, color=array([-1, -1, -1]), colorSpace='rgb', contrast=1.0, depth=0, flipHoriz=False, flipVert=False, font='', fontFiles=[], height=50.0, italic=False, languageStyle='LTR', name='unnamed TextStim', opacity=1.0, ori=0.0, pos=array([0., 0.]), rgb=UNKNOWN, text='Poprawnie', units='pix', win=Window(...), wrapWidth=500)
76.7481 	EXP 	unnamed TextStim: height = 25.0
76.7481 	EXP 	unnamed TextStim: height = 25.0
76.7481 	EXP 	unnamed TextStim: height = 25.0
76.7481 	EXP 	unnamed TextStim: text = 'm'
78.6836 	DATA 	Keypress: m
78.6856 	EXP 	Created unnamed TextStim = TextStim(__class__=<class 'psychopy.visual.text.TextStim'>, alignHoriz=method-wrapper(...), alignText='center', alignVert=method-wrapper(...), anchorHoriz='center', anchorVert='center', antialias=True, autoDraw=False, autoLog=True, bold=False, color=array([-1, -1, -1]), colorSpace='rgb', contrast=1.0, depth=0, flipHoriz=False, flipVert=False, font='', fontFiles=[], height=50.0, italic=False, languageStyle='LTR', name='unnamed TextStim', opacity=1.0, ori=0.0, pos=array([0., 0.]), rgb=UNKNOWN, text='Poprawnie', units='pix', win=Window(...), wrapWidth=500)
79.6982 	EXP 	unnamed TextStim: height = 25.0
79.6982 	EXP 	unnamed TextStim: height = 25.0
79.6982 	EXP 	unnamed TextStim: height = 25.0
79.6982 	EXP 	unnamed TextStim: text = 'n'
82.1609 	DATA 	Keypress: z
82.1632 	EXP 	Created unnamed TextStim = TextStim(__class__=<class 'psychopy.visual.text.TextStim'>, alignHoriz=method-wrapper(...), alignText='center', alignVert=method-wrapper(...), anchorHoriz='center', anchorVert='center', antialias=True, autoDraw=False, autoLog=True, bold=False, color=array([-1, -1, -1]), colorSpace='rgb', contrast=1.0, depth=0, flipHoriz=False, flipVert=False, font='', fontFiles=[], height=50.0, italic=False, languageStyle='LTR', name='unnamed TextStim', opacity=1.0, ori=0.0, pos=array([0., 0.]), rgb=UNKNOWN, text='Niepoprawnie', units='pix', win=Window(...), wrapWidth=500)
83.1815 	EXP 	unnamed TextStim: height = 25.0
83.1815 	EXP 	unnamed TextStim: height = 25.0
83.1815 	EXP 	unnamed TextStim: height = 25.0
83.1815 	EXP 	unnamed TextStim: text = 'z'
85.1664 	DATA 	Keypress: z
85.1689 	EXP 	Created unnamed TextStim = TextStim(__class__=<class 'psychopy.visual.text.TextStim'>, alignHoriz=method-wrapper(...), alignText='center', alignVert=method-wrapper(...), anchorHoriz='center', anchorVert='center', antialias=True, autoDraw=False, autoLog=True, bold=False, color=array([-1, -1, -1]), colorSpace='rgb', contrast=1.0, depth=0, flipHoriz=False, flipVert=False, font='', fontFiles=[], height=50.0, italic=False, languageStyle='LTR', name='unnamed TextStim', opacity=1.0, ori=0.0, pos=array([0., 0.]), rgb=UNKNOWN, text='Poprawnie', units='pix', win=Window(...), wrapWidth=500)
86.1948 	EXP 	Created unnamed TextStim = TextStim(__class__=<class 'psychopy.visual.text.TextStim'>, alignHoriz=method-wrapper(...), alignText='center', alignVert=method-wrapper(...), anchorHoriz='center', anchorVert='center', antialias=True, autoDraw=False, autoLog=True, bold=False, color=array([-1, -1, -1]), colorSpace='rgb', contrast=1.0, depth=0, flipHoriz=False, flipVert=False, font='', fontFiles=[], height=20.0, italic=False, languageStyle='LTR', name='unnamed TextStim', opacity=1.0, ori=0.0, pos=array([0., 0.]), rgb=UNKNOWN, text=str(...), units='pix', win=Window(...), wrapWidth=1536)
87.6649 	DATA 	Keypress: space
87.6818 	EXP 	unnamed TextStim: height = 25.0
87.6818 	EXP 	unnamed TextStim: height = 25.0
87.6818 	EXP 	unnamed TextStim: height = 25.0
87.6818 	EXP 	unnamed TextStim: text = 'm'
90.4489 	DATA 	No keypress (maxWait exceeded)
90.4502 	EXP 	unnamed TextStim: text = 'm'
92.0174 	DATA 	Keypress: m
92.0186 	EXP 	unnamed TextStim: text = 'm'
93.2328 	DATA 	Keypress: m
94.7331 	DATA 	No keypress (maxWait exceeded)
94.7364 	EXP 	unnamed TextStim: height = 25.0
94.7364 	EXP 	unnamed TextStim: height = 25.0
94.7364 	EXP 	unnamed TextStim: height = 25.0
94.7364 	EXP 	unnamed TextStim: text = 'x'
95.1504 	DATA 	Keypress: m
96.5540 	DATA 	Keypress: m
96.5570 	EXP 	unnamed TextStim: height = 25.0
96.5570 	EXP 	unnamed TextStim: height = 25.0
96.5570 	EXP 	unnamed TextStim: height = 25.0
96.5570 	EXP 	unnamed TextStim: text = 'z'
97.9087 	DATA 	Keypress: n
97.9113 	EXP 	unnamed TextStim: height = 25.0
97.9113 	EXP 	unnamed TextStim: height = 25.0
97.9113 	EXP 	unnamed TextStim: height = 25.0
97.9113 	EXP 	unnamed TextStim: text = 'x'
99.5763 	DATA 	Keypress: z
99.6933 	EXP 	Created unnamed ImageStim = ImageStim(__class__=<class 'psychopy.visual.image.ImageStim'>, anchor=('center', 'center'), autoLog=True, color=array([1., 1., 1.]), colorSpace='rgb', contrast=1.0, depth=0, flipHoriz=False, flipVert=False, image='break.jpg', interpolate=True, mask=None, maskParams=None, name='unnamed ImageStim', opacity=1.0, ori=0.0, pos=array([0., 0.]), size=array([1536.,  864.]), texRes=128, units='pix', win=Window(...))
100.3067 	DATA 	Keypress: space
100.3155 	EXP 	unnamed TextStim: height = 25.0
100.3155 	EXP 	unnamed TextStim: height = 25.0
100.3155 	EXP 	unnamed TextStim: height = 25.0
100.3155 	EXP 	unnamed TextStim: text = 'm'
101.6751 	DATA 	Keypress: m
101.6808 	EXP 	unnamed TextStim: height = 25.0
101.6808 	EXP 	unnamed TextStim: height = 25.0
101.6808 	EXP 	unnamed TextStim: height = 25.0
101.6808 	EXP 	unnamed TextStim: text = 'n'
103.0612 	DATA 	Keypress: m
103.0636 	EXP 	unnamed TextStim: height = 25.0
103.0636 	EXP 	unnamed TextStim: height = 25.0
103.0636 	EXP 	unnamed TextStim: height = 25.0
103.0636 	EXP 	unnamed TextStim: text = 'x'
104.2001 	DATA 	Keypress: z
104.2159 	EXP 	unnamed TextStim: height = 25.0
104.2159 	EXP 	unnamed TextStim: height = 25.0
104.2159 	EXP 	unnamed TextStim: height = 25.0
104.2159 	EXP 	unnamed TextStim: text = 'n'
105.2507 	DATA 	Keypress: m
105.2991 	EXP 	unnamed TextStim: height = 25.0
105.2991 	EXP 	unnamed TextStim: height = 25.0
105.2991 	EXP 	unnamed TextStim: height = 25.0
105.2991 	EXP 	unnamed TextStim: text = 'm'
106.1339 	DATA 	Keypress: z
106.2172 	DATA 	Keypress: m
106.3656 	EXP 	unnamed TextStim: height = 25.0
106.3656 	EXP 	unnamed TextStim: height = 25.0
106.3656 	EXP 	unnamed TextStim: height = 25.0
106.3656 	EXP 	unnamed TextStim: text = 'n'
107.2000 	DATA 	Keypress: m
108.2497 	DATA 	Keypress: m
108.3576 	EXP 	Created unnamed ImageStim = ImageStim(__class__=<class 'psychopy.visual.image.ImageStim'>, anchor=('center', 'center'), autoLog=True, color=array([1., 1., 1.]), colorSpace='rgb', contrast=1.0, depth=0, flipHoriz=False, flipVert=False, image='break.jpg', interpolate=True, mask=None, maskParams=None, name='unnamed ImageStim', opacity=1.0, ori=0.0, pos=array([0., 0.]), size=array([1536.,  864.]), texRes=128, units='pix', win=Window(...))
108.9235 	DATA 	Keypress: space
108.9326 	EXP 	unnamed TextStim: height = 25.0
108.9326 	EXP 	unnamed TextStim: height = 25.0
108.9326 	EXP 	unnamed TextStim: height = 25.0
108.9326 	EXP 	unnamed TextStim: text = 'z'
109.3674 	DATA 	Keypress: m
110.2179 	DATA 	Keypress: m
111.5805 	DATA 	Keypress: space
111.7331 	DATA 	No keypress (maxWait exceeded)
111.7446 	EXP 	unnamed TextStim: height = 25.0
111.7446 	EXP 	unnamed TextStim: height = 25.0
111.7446 	EXP 	unnamed TextStim: height = 25.0
111.7446 	EXP 	unnamed TextStim: text = 'x'
111.8676 	DATA 	Keypress: m
112.8336 	DATA 	Keypress: m
112.8496 	EXP 	unnamed TextStim: height = 25.0
112.8496 	EXP 	unnamed TextStim: height = 25.0
112.8496 	EXP 	unnamed TextStim: height = 25.0
112.8496 	EXP 	unnamed TextStim: text = 'z'
112.9843 	DATA 	Keypress: n
113.8845 	DATA 	Keypress: m
113.9662 	EXP 	unnamed TextStim: height = 25.0
113.9662 	EXP 	unnamed TextStim: height = 25.0
113.9662 	EXP 	unnamed TextStim: height = 25.0
113.9662 	EXP 	unnamed TextStim: text = 'n'
114.9511 	DATA 	Keypress: z
115.0662 	EXP 	unnamed TextStim: height = 25.0
115.0662 	EXP 	unnamed TextStim: height = 25.0
115.0662 	EXP 	unnamed TextStim: height = 25.0
115.0662 	EXP 	unnamed TextStim: text = 'm'
115.8674 	DATA 	Keypress: n
117.6568 	DATA 	Keypress: space
117.8668 	DATA 	No keypress (maxWait exceeded)
117.8680 	EXP 	unnamed TextStim: text = 'm'
117.9844 	DATA 	Keypress: m
119.2349 	DATA 	Keypress: m
119.3461 	EXP 	Created unnamed ImageStim = ImageStim(__class__=<class 'psychopy.visual.image.ImageStim'>, anchor=('center', 'center'), autoLog=True, color=array([1., 1., 1.]), colorSpace='rgb', contrast=1.0, depth=0, flipHoriz=False, flipVert=False, image='break.jpg', interpolate=True, mask=None, maskParams=None, name='unnamed ImageStim', opacity=1.0, ori=0.0, pos=array([0., 0.]), size=array([1536.,  864.]), texRes=128, units='pix', win=Window(...))
119.7971 	DATA 	Keypress: space
119.8001 	EXP 	unnamed TextStim: height = 25.0
119.8001 	EXP 	unnamed TextStim: height = 25.0
119.8001 	EXP 	unnamed TextStim: height = 25.0
119.8001 	EXP 	unnamed TextStim: text = 'x'
121.2264 	DATA 	Keypress: n
121.2287 	EXP 	unnamed TextStim: height = 25.0
121.2287 	EXP 	unnamed TextStim: height = 25.0
121.2287 	EXP 	unnamed TextStim: height = 25.0
121.2287 	EXP 	unnamed TextStim: text = 'n'
121.4346 	DATA 	Keypress: z
122.4341 	DATA 	Keypress: x
122.4499 	EXP 	unnamed TextStim: text = 'n'
123.2847 	DATA 	Keypress: space
124.3320 	DATA 	Keypress: space
124.6496 	DATA 	Keypress: m
124.6534 	EXP 	unnamed TextStim: height = 25.0
124.6534 	EXP 	unnamed TextStim: height = 25.0
124.6534 	EXP 	unnamed TextStim: height = 25.0
124.6534 	EXP 	unnamed TextStim: text = 'x'
125.2341 	DATA 	Keypress: space
125.9342 	DATA 	Keypress: n
125.9501 	EXP 	unnamed TextStim: height = 25.0
125.9501 	EXP 	unnamed TextStim: height = 25.0
125.9501 	EXP 	unnamed TextStim: height = 25.0
125.9501 	EXP 	unnamed TextStim: text = 'z'
126.8847 	DATA 	Keypress: z
126.9015 	DATA 	Keypress: m
127.0501 	EXP 	unnamed TextStim: height = 25.0
127.0501 	EXP 	unnamed TextStim: height = 25.0
127.0501 	EXP 	unnamed TextStim: height = 25.0
127.0501 	EXP 	unnamed TextStim: text = 'm'
128.1685 	DATA 	Keypress: space
128.2009 	DATA 	Keypress: x
128.3180 	EXP 	Created unnamed ImageStim = ImageStim(__class__=<class 'psychopy.visual.image.ImageStim'>, anchor=('center', 'center'), autoLog=True, color=array([1., 1., 1.]), colorSpace='rgb', contrast=1.0, depth=0, flipHoriz=False, flipVert=False, image='break.jpg', interpolate=True, mask=None, maskParams=None, name='unnamed ImageStim', opacity=1.0, ori=0.0, pos=array([0., 0.]), size=array([1536.,  864.]), texRes=128, units='pix', win=Window(...))
128.4878 	DATA 	Keypress: m
128.7961 	DATA 	Keypress: space
128.7999 	EXP 	unnamed TextStim: text = 'm'
130.0848 	DATA 	Keypress: m
130.1002 	EXP 	unnamed TextStim: height = 25.0
130.1002 	EXP 	unnamed TextStim: height = 25.0
130.1002 	EXP 	unnamed TextStim: height = 25.0
130.1002 	EXP 	unnamed TextStim: text = 'z'
131.4343 	DATA 	Keypress: z
131.4422 	EXP 	unnamed TextStim: height = 25.0
131.4422 	EXP 	unnamed TextStim: height = 25.0
131.4422 	EXP 	unnamed TextStim: height = 25.0
131.4422 	EXP 	unnamed TextStim: text = 'x'
132.2013 	DATA 	Keypress: space
133.0246 	DATA 	Keypress: m
133.0280 	EXP 	unnamed TextStim: height = 25.0
133.0280 	EXP 	unnamed TextStim: height = 25.0
133.0280 	EXP 	unnamed TextStim: height = 25.0
133.0280 	EXP 	unnamed TextStim: text = 'n'
133.1684 	DATA 	Keypress: n
133.8518 	DATA 	Keypress: space
134.5866 	DATA 	Keypress: m
134.5878 	EXP 	unnamed TextStim: text = 'n'
135.7012 	DATA 	Keypress: n
135.7172 	EXP 	unnamed TextStim: height = 25.0
135.7172 	EXP 	unnamed TextStim: height = 25.0
135.7172 	EXP 	unnamed TextStim: height = 25.0
135.7172 	EXP 	unnamed TextStim: text = 'x'
137.4110 	DATA 	Keypress: x
137.5195 	EXP 	Created unnamed ImageStim = ImageStim(__class__=<class 'psychopy.visual.image.ImageStim'>, anchor=('center', 'center'), autoLog=True, color=array([1., 1., 1.]), colorSpace='rgb', contrast=1.0, depth=0, flipHoriz=False, flipVert=False, image='break.jpg', interpolate=True, mask=None, maskParams=None, name='unnamed ImageStim', opacity=1.0, ori=0.0, pos=array([0., 0.]), size=array([1536.,  864.]), texRes=128, units='pix', win=Window(...))
137.8415 	DATA 	Keypress: space
137.8505 	EXP 	unnamed TextStim: text = 'x'
139.1702 	DATA 	Keypress: x
139.1727 	EXP 	unnamed TextStim: height = 25.0
139.1727 	EXP 	unnamed TextStim: height = 25.0
139.1727 	EXP 	unnamed TextStim: height = 25.0
139.1727 	EXP 	unnamed TextStim: text = 'n'
140.5994 	DATA 	Keypress: m
140.6018 	EXP 	unnamed TextStim: height = 25.0
140.6018 	EXP 	unnamed TextStim: height = 25.0
140.6018 	EXP 	unnamed TextStim: height = 25.0
140.6018 	EXP 	unnamed TextStim: text = 'm'
141.9292 	DATA 	Keypress: n
141.9313 	EXP 	unnamed TextStim: height = 25.0
141.9313 	EXP 	unnamed TextStim: height = 25.0
141.9313 	EXP 	unnamed TextStim: height = 25.0
141.9313 	EXP 	unnamed TextStim: text = 'x'
143.0681 	DATA 	Keypress: z
143.0838 	EXP 	unnamed TextStim: height = 25.0
143.0838 	EXP 	unnamed TextStim: height = 25.0
143.0838 	EXP 	unnamed TextStim: height = 25.0
143.0838 	EXP 	unnamed TextStim: text = 'z'
144.4349 	DATA 	Keypress: z
144.4382 	EXP 	unnamed TextStim: height = 25.0
144.4382 	EXP 	unnamed TextStim: height = 25.0
144.4382 	EXP 	unnamed TextStim: height = 25.0
144.4382 	EXP 	unnamed TextStim: text = 'x'
145.7027 	DATA 	Keypress: x
146.7095 	DATA 	Keypress: space
147.1814 	DATA 	Keypress: x
147.2911 	EXP 	Created unnamed ImageStim = ImageStim(__class__=<class 'psychopy.visual.image.ImageStim'>, anchor=('center', 'center'), autoLog=True, color=array([1., 1., 1.]), colorSpace='rgb', contrast=1.0, depth=0, flipHoriz=False, flipVert=False, image='break.jpg', interpolate=True, mask=None, maskParams=None, name='unnamed ImageStim', opacity=1.0, ori=0.0, pos=array([0., 0.]), size=array([1536.,  864.]), texRes=128, units='pix', win=Window(...))
147.8515 	DATA 	Keypress: space
147.8675 	EXP 	unnamed TextStim: height = 25.0
147.8675 	EXP 	unnamed TextStim: height = 25.0
147.8675 	EXP 	unnamed TextStim: height = 25.0
147.8675 	EXP 	unnamed TextStim: text = 'n'
149.4123 	DATA 	Keypress: z
149.4147 	EXP 	unnamed TextStim: height = 25.0
149.4147 	EXP 	unnamed TextStim: height = 25.0
149.4147 	EXP 	unnamed TextStim: height = 25.0
149.4147 	EXP 	unnamed TextStim: text = 'z'
150.0351 	DATA 	Keypress: space
150.6528 	DATA 	Keypress: x
151.7406 	DATA 	Keypress: space
152.1683 	DATA 	No keypress (maxWait exceeded)
152.1714 	EXP 	unnamed TextStim: height = 25.0
152.1714 	EXP 	unnamed TextStim: height = 25.0
152.1714 	EXP 	unnamed TextStim: height = 25.0
152.1714 	EXP 	unnamed TextStim: text = 'm'
152.2689 	DATA 	Keypress: space
153.5819 	DATA 	Keypress: z
153.5841 	EXP 	unnamed TextStim: height = 25.0
153.5841 	EXP 	unnamed TextStim: height = 25.0
153.5841 	EXP 	unnamed TextStim: height = 25.0
153.5841 	EXP 	unnamed TextStim: text = 'x'
155.1791 	DATA 	Keypress: x
155.1803 	EXP 	unnamed TextStim: text = 'x'
156.5148 	DATA 	Keypress: x
156.5170 	EXP 	unnamed TextStim: height = 25.0
156.5170 	EXP 	unnamed TextStim: height = 25.0
156.5170 	EXP 	unnamed TextStim: height = 25.0
156.5170 	EXP 	unnamed TextStim: text = 'z'
157.8155 	DATA 	Keypress: z
157.9274 	EXP 	Created unnamed ImageStim = ImageStim(__class__=<class 'psychopy.visual.image.ImageStim'>, anchor=('center', 'center'), autoLog=True, color=array([1., 1., 1.]), colorSpace='rgb', contrast=1.0, depth=0, flipHoriz=False, flipVert=False, image='break.jpg', interpolate=True, mask=None, maskParams=None, name='unnamed ImageStim', opacity=1.0, ori=0.0, pos=array([0., 0.]), size=array([1536.,  864.]), texRes=128, units='pix', win=Window(...))
158.3290 	DATA 	Keypress: space
158.3344 	EXP 	unnamed TextStim: height = 25.0
158.3344 	EXP 	unnamed TextStim: height = 25.0
158.3344 	EXP 	unnamed TextStim: height = 25.0
158.3344 	EXP 	unnamed TextStim: text = 'x'
159.6906 	DATA 	Keypress: x
159.6934 	EXP 	unnamed TextStim: height = 25.0
159.6934 	EXP 	unnamed TextStim: height = 25.0
159.6934 	EXP 	unnamed TextStim: height = 25.0
159.6934 	EXP 	unnamed TextStim: text = 'n'
161.1595 	DATA 	Keypress: m
161.1617 	EXP 	unnamed TextStim: height = 25.0
161.1617 	EXP 	unnamed TextStim: height = 25.0
161.1617 	EXP 	unnamed TextStim: height = 25.0
161.1617 	EXP 	unnamed TextStim: text = 'm'
161.7688 	DATA 	Keypress: n
162.5325 	DATA 	Keypress: m
162.5353 	EXP 	unnamed TextStim: height = 25.0
162.5353 	EXP 	unnamed TextStim: height = 25.0
162.5353 	EXP 	unnamed TextStim: height = 25.0
162.5353 	EXP 	unnamed TextStim: text = 'n'
163.8876 	DATA 	Keypress: n
163.8923 	EXP 	unnamed TextStim: height = 25.0
163.8923 	EXP 	unnamed TextStim: height = 25.0
163.8923 	EXP 	unnamed TextStim: height = 25.0
163.8923 	EXP 	unnamed TextStim: text = 'm'
165.0857 	DATA 	Keypress: m
165.1017 	EXP 	unnamed TextStim: height = 25.0
165.1017 	EXP 	unnamed TextStim: height = 25.0
165.1017 	EXP 	unnamed TextStim: height = 25.0
165.1017 	EXP 	unnamed TextStim: text = 'x'
166.5966 	DATA 	Keypress: x
166.7076 	EXP 	Created unnamed ImageStim = ImageStim(__class__=<class 'psychopy.visual.image.ImageStim'>, anchor=('center', 'center'), autoLog=True, color=array([1., 1., 1.]), colorSpace='rgb', contrast=1.0, depth=0, flipHoriz=False, flipVert=False, image='break.jpg', interpolate=True, mask=None, maskParams=None, name='unnamed ImageStim', opacity=1.0, ori=0.0, pos=array([0., 0.]), size=array([1536.,  864.]), texRes=128, units='pix', win=Window(...))
167.1645 	DATA 	Keypress: space
167.1679 	EXP 	unnamed TextStim: text = 'x'
168.6056 	DATA 	Keypress: x
168.6085 	EXP 	unnamed TextStim: height = 25.0
168.6085 	EXP 	unnamed TextStim: height = 25.0
168.6085 	EXP 	unnamed TextStim: height = 25.0
168.6085 	EXP 	unnamed TextStim: text = 'm'
169.8705 	DATA 	Keypress: z
169.8848 	EXP 	unnamed TextStim: height = 25.0
169.8848 	EXP 	unnamed TextStim: height = 25.0
169.8848 	EXP 	unnamed TextStim: height = 25.0
169.8848 	EXP 	unnamed TextStim: text = 'z'
171.1718 	DATA 	Keypress: n
171.1753 	EXP 	unnamed TextStim: height = 25.0
171.1753 	EXP 	unnamed TextStim: height = 25.0
171.1753 	EXP 	unnamed TextStim: height = 25.0
171.1753 	EXP 	unnamed TextStim: text = 'x'
172.2196 	DATA 	Keypress: m
172.2515 	EXP 	unnamed TextStim: text = 'x'
172.7034 	DATA 	Keypress: x
173.7759 	DATA 	Keypress: m
173.7783 	EXP 	unnamed TextStim: height = 25.0
173.7783 	EXP 	unnamed TextStim: height = 25.0
173.7783 	EXP 	unnamed TextStim: height = 25.0
173.7783 	EXP 	unnamed TextStim: text = 'n'
174.3360 	DATA 	Keypress: x
175.5032 	DATA 	Keypress: x
175.6138 	EXP 	Created unnamed ImageStim = ImageStim(__class__=<class 'psychopy.visual.image.ImageStim'>, anchor=('center', 'center'), autoLog=True, color=array([1., 1., 1.]), colorSpace='rgb', contrast=1.0, depth=0, flipHoriz=False, flipVert=False, image='break.jpg', interpolate=True, mask=None, maskParams=None, name='unnamed ImageStim', opacity=1.0, ori=0.0, pos=array([0., 0.]), size=array([1536.,  864.]), texRes=128, units='pix', win=Window(...))
176.0870 	DATA 	Keypress: space
176.1016 	EXP 	unnamed TextStim: height = 25.0
176.1016 	EXP 	unnamed TextStim: height = 25.0
176.1016 	EXP 	unnamed TextStim: height = 25.0
176.1016 	EXP 	unnamed TextStim: text = 'z'
177.6681 	DATA 	Keypress: z
177.6696 	EXP 	unnamed TextStim: text = 'z'
178.2691 	DATA 	Keypress: space
179.0151 	DATA 	Keypress: z
179.0183 	EXP 	unnamed TextStim: height = 25.0
179.0183 	EXP 	unnamed TextStim: height = 25.0
179.0183 	EXP 	unnamed TextStim: height = 25.0
179.0183 	EXP 	unnamed TextStim: text = 'm'
180.5606 	DATA 	Keypress: x
180.5682 	EXP 	unnamed TextStim: height = 25.0
180.5682 	EXP 	unnamed TextStim: height = 25.0
180.5682 	EXP 	unnamed TextStim: height = 25.0
180.5682 	EXP 	unnamed TextStim: text = 'x'
182.1158 	DATA 	Keypress: x
182.1176 	EXP 	unnamed TextStim: text = 'x'
183.2526 	DATA 	Keypress: z
183.2691 	EXP 	unnamed TextStim: text = 'x'
184.7776 	DATA 	Keypress: m
184.8894 	EXP 	Created unnamed ImageStim = ImageStim(__class__=<class 'psychopy.visual.image.ImageStim'>, anchor=('center', 'center'), autoLog=True, color=array([1., 1., 1.]), colorSpace='rgb', contrast=1.0, depth=0, flipHoriz=False, flipVert=False, image='break.jpg', interpolate=True, mask=None, maskParams=None, name='unnamed ImageStim', opacity=1.0, ori=0.0, pos=array([0., 0.]), size=array([1536.,  864.]), texRes=128, units='pix', win=Window(...))
185.5322 	DATA 	Keypress: space
185.5355 	EXP 	unnamed TextStim: text = 'x'
187.4108 	DATA 	Keypress: x
187.4135 	EXP 	unnamed TextStim: height = 25.0
187.4135 	EXP 	unnamed TextStim: height = 25.0
187.4135 	EXP 	unnamed TextStim: height = 25.0
187.4135 	EXP 	unnamed TextStim: text = 'n'
189.2217 	DATA 	Keypress: n
189.2240 	EXP 	unnamed TextStim: height = 25.0
189.2240 	EXP 	unnamed TextStim: height = 25.0
189.2240 	EXP 	unnamed TextStim: height = 25.0
189.2240 	EXP 	unnamed TextStim: text = 'x'
190.7035 	DATA 	Keypress: x
190.7048 	EXP 	unnamed TextStim: text = 'x'
192.2227 	DATA 	Keypress: x
192.2251 	EXP 	unnamed TextStim: height = 25.0
192.2251 	EXP 	unnamed TextStim: height = 25.0
192.2251 	EXP 	unnamed TextStim: height = 25.0
192.2251 	EXP 	unnamed TextStim: text = 'z'
193.6626 	DATA 	Keypress: z
193.6649 	EXP 	unnamed TextStim: height = 25.0
193.6649 	EXP 	unnamed TextStim: height = 25.0
193.6649 	EXP 	unnamed TextStim: height = 25.0
193.6649 	EXP 	unnamed TextStim: text = 'x'
195.0588 	DATA 	Keypress: x
195.1663 	EXP 	Created unnamed ImageStim = ImageStim(__class__=<class 'psychopy.visual.image.ImageStim'>, anchor=('center', 'center'), autoLog=True, color=array([1., 1., 1.]), colorSpace='rgb', contrast=1.0, depth=0, flipHoriz=False, flipVert=False, image='break.jpg', interpolate=True, mask=None, maskParams=None, name='unnamed ImageStim', opacity=1.0, ori=0.0, pos=array([0., 0.]), size=array([1536.,  864.]), texRes=128, units='pix', win=Window(...))
195.7312 	DATA 	Keypress: space
195.7509 	EXP 	Created unnamed TextStim = TextStim(__class__=<class 'psychopy.visual.text.TextStim'>, alignHoriz=method-wrapper(...), alignText='center', alignVert=method-wrapper(...), anchorHoriz='center', anchorVert='center', antialias=True, autoDraw=False, autoLog=True, bold=False, color=array([-1, -1, -1]), colorSpace='rgb', contrast=1.0, depth=0, flipHoriz=False, flipVert=False, font='', fontFiles=[], height=20.0, italic=False, languageStyle='LTR', name='unnamed TextStim', opacity=1.0, ori=0.0, pos=array([0., 0.]), rgb=UNKNOWN, text=str(...), units='pix', win=Window(...), wrapWidth=1536)
197.1379 	DATA 	Keypress: space
197.2456 	EXP 	window1: mouseVisible = True
