16.6965 	WARNING 	User requested fullscreen with size [1536  864], but screen is actually [1920, 1080]. Using actual size
18.2042 	INFO 	FRAME RATE: 60
18.2043 	INFO 	SCREEN RES: odict_values([1536, 864])
18.2710 	EXP 	Created unnamed TextStim = TextStim(__class__=<class 'psychopy.visual.text.TextStim'>, alignHoriz=method-wrapper(...), alignText='center', alignVert=method-wrapper(...), anchorHoriz='center', anchorVert='center', antialias=True, autoDraw=False, autoLog=True, bold=False, color=array([-1, -1, -1]), colorSpace='rgb', contrast=1.0, depth=0, flipHoriz=False, flipVert=False, font='', fontFiles=[], height=100.0, italic=False, languageStyle='LTR', name='unnamed TextStim', opacity=1.0, ori=0.0, pos=array([0., 0.]), rgb=UNKNOWN, text='+', units='pix', win=Window(...), wrapWidth=500)
18.2758 	EXP 	Created unnamed Circle = Circle(__class__=<class 'psychopy.visual.circle.Circle'>, anchor=('center', 'center'), autoDraw=False, autoLog=True, closeShape=True, color=method-wrapper(...), colorSpace='rgb', contrast=None, depth=0, fillColor=array([ 0.09019608, -1.        , -1.        ]), fillColorSpace='rgb', fillRGB=array([ 0.09019608, -1.        , -1.        ]), interpolate=True, lineColor=array([ 0.09019608, -1.        , -1.        ]), lineColorSpace='rgb', lineRGB=array([ 0.09019608, -1.        , -1.        ]), lineWidth=1.5, name='unnamed Circle', opacity=1.0, ori=0.0, pos=array([0., 0.]), size=array([1., 1.]), units='pix', vertices=ndarray(...), win=Window(...))
18.2770 	EXP 	Created unnamed TextStim = TextStim(__class__=<class 'psychopy.visual.text.TextStim'>, alignHoriz=method-wrapper(...), alignText='center', alignVert=method-wrapper(...), anchorHoriz='center', anchorVert='center', antialias=True, autoDraw=False, autoLog=True, bold=False, color=array([-0.17647059, -0.17647059, -0.17647059]), colorSpace='rgb', contrast=1.0, depth=0, flipHoriz=False, flipVert=False, font='', fontFiles=[], height=25, italic=False, languageStyle='LTR', name='unnamed TextStim', opacity=1.0, ori=0.0, pos=array([0., 0.]), rgb=UNKNOWN, text='', units='pix', win=Window(...), wrapWidth=500)
18.2868 	EXP 	Created unnamed ImageStim = ImageStim(__class__=<class 'psychopy.visual.image.ImageStim'>, anchor=('center', 'center'), autoLog=True, color=array([1., 1., 1.]), colorSpace='rgb', contrast=1.0, depth=0, flipHoriz=False, flipVert=False, image='mask4.png', interpolate=False, mask=None, maskParams=None, name='unnamed ImageStim', opacity=1.0, ori=0.0, pos=array([0., 0.]), size=array([25., 25.]), texRes=128, units='pix', win=Window(...))
18.2957 	EXP 	Created unnamed TextStim = TextStim(__class__=<class 'psychopy.visual.text.TextStim'>, alignHoriz=method-wrapper(...), alignText='center', alignVert=method-wrapper(...), anchorHoriz='center', anchorVert='center', antialias=True, autoDraw=False, autoLog=True, bold=False, color=array([-1, -1, -1]), colorSpace='rgb', contrast=1.0, depth=0, flipHoriz=False, flipVert=False, font='', fontFiles=[], height=30.0, italic=False, languageStyle='LTR', name='unnamed TextStim', opacity=1.0, ori=0.0, pos=array([ 100., -300.]), rgb=UNKNOWN, text=str(...), units='pix', win=Window(...), wrapWidth=10000)
18.3008 	EXP 	Created unnamed TextStim = TextStim(__class__=<class 'psychopy.visual.text.TextStim'>, alignHoriz=method-wrapper(...), alignText='center', alignVert=method-wrapper(...), anchorHoriz='center', anchorVert='center', antialias=True, autoDraw=False, autoLog=True, bold=False, color=array([-1, -1, -1]), colorSpace='rgb', contrast=1.0, depth=0, flipHoriz=False, flipVert=False, font='', fontFiles=[], height=30.0, italic=False, languageStyle='LTR', name='unnamed TextStim', opacity=1.0, ori=0.0, pos=array([ 100., -330.]), rgb=UNKNOWN, text=str(...), units='pix', win=Window(...), wrapWidth=10000)
18.3421 	EXP 	Created unnamed TextStim = TextStim(__class__=<class 'psychopy.visual.text.TextStim'>, alignHoriz=method-wrapper(...), alignText='center', alignVert=method-wrapper(...), anchorHoriz='center', anchorVert='center', antialias=True, autoDraw=False, autoLog=True, bold=False, color=array([-1, -1, -1]), colorSpace='rgb', contrast=1.0, depth=0, flipHoriz=False, flipVert=False, font='', fontFiles=[], height=20.0, italic=False, languageStyle='LTR', name='unnamed TextStim', opacity=1.0, ori=0.0, pos=array([0., 0.]), rgb=UNKNOWN, text=str(...), units='pix', win=Window(...), wrapWidth=1536)
40.2267 	DATA 	Keypress: space
40.2348 	EXP 	unnamed TextStim: height = 25.0
40.2348 	EXP 	unnamed TextStim: height = 25.0
40.2348 	EXP 	unnamed TextStim: height = 25.0
40.2348 	EXP 	unnamed TextStim: text = 'z'
41.7244 	DATA 	Keypress: z
41.7337 	EXP 	Created unnamed TextStim = TextStim(__class__=<class 'psychopy.visual.text.TextStim'>, alignHoriz=method-wrapper(...), alignText='center', alignVert=method-wrapper(...), anchorHoriz='center', anchorVert='center', antialias=True, autoDraw=False, autoLog=True, bold=False, color=array([-1, -1, -1]), colorSpace='rgb', contrast=1.0, depth=0, flipHoriz=False, flipVert=False, font='', fontFiles=[], height=50.0, italic=False, languageStyle='LTR', name='unnamed TextStim', opacity=1.0, ori=0.0, pos=array([0., 0.]), rgb=UNKNOWN, text='Poprawnie', units='pix', win=Window(...), wrapWidth=500)
42.7520 	EXP 	unnamed TextStim: height = 25.0
42.7520 	EXP 	unnamed TextStim: height = 25.0
42.7520 	EXP 	unnamed TextStim: height = 25.0
42.7520 	EXP 	unnamed TextStim: text = 'm'
44.3437 	DATA 	Keypress: m
44.3461 	EXP 	Created unnamed TextStim = TextStim(__class__=<class 'psychopy.visual.text.TextStim'>, alignHoriz=method-wrapper(...), alignText='center', alignVert=method-wrapper(...), anchorHoriz='center', anchorVert='center', antialias=True, autoDraw=False, autoLog=True, bold=False, color=array([-1, -1, -1]), colorSpace='rgb', contrast=1.0, depth=0, flipHoriz=False, flipVert=False, font='', fontFiles=[], height=50.0, italic=False, languageStyle='LTR', name='unnamed TextStim', opacity=1.0, ori=0.0, pos=array([0., 0.]), rgb=UNKNOWN, text='Poprawnie', units='pix', win=Window(...), wrapWidth=500)
45.3520 	EXP 	unnamed TextStim: text = 'm'
46.6528 	DATA 	Keypress: m
46.6582 	EXP 	Created unnamed TextStim = TextStim(__class__=<class 'psychopy.visual.text.TextStim'>, alignHoriz=method-wrapper(...), alignText='center', alignVert=method-wrapper(...), anchorHoriz='center', anchorVert='center', antialias=True, autoDraw=False, autoLog=True, bold=False, color=array([-1, -1, -1]), colorSpace='rgb', contrast=1.0, depth=0, flipHoriz=False, flipVert=False, font='', fontFiles=[], height=50.0, italic=False, languageStyle='LTR', name='unnamed TextStim', opacity=1.0, ori=0.0, pos=array([0., 0.]), rgb=UNKNOWN, text='Poprawnie', units='pix', win=Window(...), wrapWidth=500)
47.6854 	EXP 	unnamed TextStim: height = 25.0
47.6854 	EXP 	unnamed TextStim: height = 25.0
47.6854 	EXP 	unnamed TextStim: height = 25.0
47.6854 	EXP 	unnamed TextStim: text = 'x'
49.4752 	DATA 	Keypress: x
49.4774 	EXP 	Created unnamed TextStim = TextStim(__class__=<class 'psychopy.visual.text.TextStim'>, alignHoriz=method-wrapper(...), alignText='center', alignVert=method-wrapper(...), anchorHoriz='center', anchorVert='center', antialias=True, autoDraw=False, autoLog=True, bold=False, color=array([-1, -1, -1]), colorSpace='rgb', contrast=1.0, depth=0, flipHoriz=False, flipVert=False, font='', fontFiles=[], height=50.0, italic=False, languageStyle='LTR', name='unnamed TextStim', opacity=1.0, ori=0.0, pos=array([0., 0.]), rgb=UNKNOWN, text='Poprawnie', units='pix', win=Window(...), wrapWidth=500)
50.4855 	EXP 	unnamed TextStim: height = 25.0
50.4855 	EXP 	unnamed TextStim: height = 25.0
50.4855 	EXP 	unnamed TextStim: height = 25.0
50.4855 	EXP 	unnamed TextStim: text = 'z'
51.9529 	DATA 	Keypress: z
52.7936 	DATA 	Keypress: z
52.7958 	EXP 	Created unnamed TextStim = TextStim(__class__=<class 'psychopy.visual.text.TextStim'>, alignHoriz=method-wrapper(...), alignText='center', alignVert=method-wrapper(...), anchorHoriz='center', anchorVert='center', antialias=True, autoDraw=False, autoLog=True, bold=False, color=array([-1, -1, -1]), colorSpace='rgb', contrast=1.0, depth=0, flipHoriz=False, flipVert=False, font='', fontFiles=[], height=50.0, italic=False, languageStyle='LTR', name='unnamed TextStim', opacity=1.0, ori=0.0, pos=array([0., 0.]), rgb=UNKNOWN, text='Poprawnie', units='pix', win=Window(...), wrapWidth=500)
53.8023 	EXP 	unnamed TextStim: text = 'z'
55.2540 	DATA 	Keypress: z
56.7693 	DATA 	No keypress (maxWait exceeded)
56.7726 	EXP 	Created unnamed TextStim = TextStim(__class__=<class 'psychopy.visual.text.TextStim'>, alignHoriz=method-wrapper(...), alignText='center', alignVert=method-wrapper(...), anchorHoriz='center', anchorVert='center', antialias=True, autoDraw=False, autoLog=True, bold=False, color=array([-1, -1, -1]), colorSpace='rgb', contrast=1.0, depth=0, flipHoriz=False, flipVert=False, font='', fontFiles=[], height=50.0, italic=False, languageStyle='LTR', name='unnamed TextStim', opacity=1.0, ori=0.0, pos=array([0., 0.]), rgb=UNKNOWN, text='Niepoprawnie', units='pix', win=Window(...), wrapWidth=500)
57.7856 	EXP 	unnamed TextStim: text = 'z'
59.1699 	DATA 	Keypress: z
59.1750 	EXP 	Created unnamed TextStim = TextStim(__class__=<class 'psychopy.visual.text.TextStim'>, alignHoriz=method-wrapper(...), alignText='center', alignVert=method-wrapper(...), anchorHoriz='center', anchorVert='center', antialias=True, autoDraw=False, autoLog=True, bold=False, color=array([-1, -1, -1]), colorSpace='rgb', contrast=1.0, depth=0, flipHoriz=False, flipVert=False, font='', fontFiles=[], height=50.0, italic=False, languageStyle='LTR', name='unnamed TextStim', opacity=1.0, ori=0.0, pos=array([0., 0.]), rgb=UNKNOWN, text='Poprawnie', units='pix', win=Window(...), wrapWidth=500)
60.2026 	EXP 	unnamed TextStim: text = 'z'
61.7081 	DATA 	Keypress: z
61.7106 	EXP 	Created unnamed TextStim = TextStim(__class__=<class 'psychopy.visual.text.TextStim'>, alignHoriz=method-wrapper(...), alignText='center', alignVert=method-wrapper(...), anchorHoriz='center', anchorVert='center', antialias=True, autoDraw=False, autoLog=True, bold=False, color=array([-1, -1, -1]), colorSpace='rgb', contrast=1.0, depth=0, flipHoriz=False, flipVert=False, font='', fontFiles=[], height=50.0, italic=False, languageStyle='LTR', name='unnamed TextStim', opacity=1.0, ori=0.0, pos=array([0., 0.]), rgb=UNKNOWN, text='Poprawnie', units='pix', win=Window(...), wrapWidth=500)
62.7196 	EXP 	unnamed TextStim: height = 25.0
62.7196 	EXP 	unnamed TextStim: height = 25.0
62.7196 	EXP 	unnamed TextStim: height = 25.0
62.7196 	EXP 	unnamed TextStim: text = 'n'
64.3428 	DATA 	Keypress: n
64.3448 	EXP 	Created unnamed TextStim = TextStim(__class__=<class 'psychopy.visual.text.TextStim'>, alignHoriz=method-wrapper(...), alignText='center', alignVert=method-wrapper(...), anchorHoriz='center', anchorVert='center', antialias=True, autoDraw=False, autoLog=True, bold=False, color=array([-1, -1, -1]), colorSpace='rgb', contrast=1.0, depth=0, flipHoriz=False, flipVert=False, font='', fontFiles=[], height=50.0, italic=False, languageStyle='LTR', name='unnamed TextStim', opacity=1.0, ori=0.0, pos=array([0., 0.]), rgb=UNKNOWN, text='Poprawnie', units='pix', win=Window(...), wrapWidth=500)
65.3528 	EXP 	unnamed TextStim: height = 25.0
65.3528 	EXP 	unnamed TextStim: height = 25.0
65.3528 	EXP 	unnamed TextStim: height = 25.0
65.3528 	EXP 	unnamed TextStim: text = 'm'
66.9527 	DATA 	Keypress: m
66.9550 	EXP 	Created unnamed TextStim = TextStim(__class__=<class 'psychopy.visual.text.TextStim'>, alignHoriz=method-wrapper(...), alignText='center', alignVert=method-wrapper(...), anchorHoriz='center', anchorVert='center', antialias=True, autoDraw=False, autoLog=True, bold=False, color=array([-1, -1, -1]), colorSpace='rgb', contrast=1.0, depth=0, flipHoriz=False, flipVert=False, font='', fontFiles=[], height=50.0, italic=False, languageStyle='LTR', name='unnamed TextStim', opacity=1.0, ori=0.0, pos=array([0., 0.]), rgb=UNKNOWN, text='Poprawnie', units='pix', win=Window(...), wrapWidth=500)
67.9697 	EXP 	unnamed TextStim: height = 25.0
67.9697 	EXP 	unnamed TextStim: height = 25.0
67.9697 	EXP 	unnamed TextStim: height = 25.0
67.9697 	EXP 	unnamed TextStim: text = 'z'
69.4520 	DATA 	Keypress: z
69.4546 	EXP 	Created unnamed TextStim = TextStim(__class__=<class 'psychopy.visual.text.TextStim'>, alignHoriz=method-wrapper(...), alignText='center', alignVert=method-wrapper(...), anchorHoriz='center', anchorVert='center', antialias=True, autoDraw=False, autoLog=True, bold=False, color=array([-1, -1, -1]), colorSpace='rgb', contrast=1.0, depth=0, flipHoriz=False, flipVert=False, font='', fontFiles=[], height=50.0, italic=False, languageStyle='LTR', name='unnamed TextStim', opacity=1.0, ori=0.0, pos=array([0., 0.]), rgb=UNKNOWN, text='Poprawnie', units='pix', win=Window(...), wrapWidth=500)
70.4696 	EXP 	unnamed TextStim: height = 25.0
70.4696 	EXP 	unnamed TextStim: height = 25.0
70.4696 	EXP 	unnamed TextStim: height = 25.0
70.4696 	EXP 	unnamed TextStim: text = 'n'
71.9921 	DATA 	Keypress: n
71.9941 	EXP 	Created unnamed TextStim = TextStim(__class__=<class 'psychopy.visual.text.TextStim'>, alignHoriz=method-wrapper(...), alignText='center', alignVert=method-wrapper(...), anchorHoriz='center', anchorVert='center', antialias=True, autoDraw=False, autoLog=True, bold=False, color=array([-1, -1, -1]), colorSpace='rgb', contrast=1.0, depth=0, flipHoriz=False, flipVert=False, font='', fontFiles=[], height=50.0, italic=False, languageStyle='LTR', name='unnamed TextStim', opacity=1.0, ori=0.0, pos=array([0., 0.]), rgb=UNKNOWN, text='Poprawnie', units='pix', win=Window(...), wrapWidth=500)
73.0030 	EXP 	unnamed TextStim: height = 25.0
73.0030 	EXP 	unnamed TextStim: height = 25.0
73.0030 	EXP 	unnamed TextStim: height = 25.0
73.0030 	EXP 	unnamed TextStim: text = 'z'
74.7082 	DATA 	Keypress: z
74.7109 	EXP 	Created unnamed TextStim = TextStim(__class__=<class 'psychopy.visual.text.TextStim'>, alignHoriz=method-wrapper(...), alignText='center', alignVert=method-wrapper(...), anchorHoriz='center', anchorVert='center', antialias=True, autoDraw=False, autoLog=True, bold=False, color=array([-1, -1, -1]), colorSpace='rgb', contrast=1.0, depth=0, flipHoriz=False, flipVert=False, font='', fontFiles=[], height=50.0, italic=False, languageStyle='LTR', name='unnamed TextStim', opacity=1.0, ori=0.0, pos=array([0., 0.]), rgb=UNKNOWN, text='Poprawnie', units='pix', win=Window(...), wrapWidth=500)
75.7198 	EXP 	unnamed TextStim: text = 'z'
77.1204 	DATA 	Keypress: z
77.1257 	EXP 	Created unnamed TextStim = TextStim(__class__=<class 'psychopy.visual.text.TextStim'>, alignHoriz=method-wrapper(...), alignText='center', alignVert=method-wrapper(...), anchorHoriz='center', anchorVert='center', antialias=True, autoDraw=False, autoLog=True, bold=False, color=array([-1, -1, -1]), colorSpace='rgb', contrast=1.0, depth=0, flipHoriz=False, flipVert=False, font='', fontFiles=[], height=50.0, italic=False, languageStyle='LTR', name='unnamed TextStim', opacity=1.0, ori=0.0, pos=array([0., 0.]), rgb=UNKNOWN, text='Poprawnie', units='pix', win=Window(...), wrapWidth=500)
78.1532 	EXP 	unnamed TextStim: text = 'z'
79.5204 	DATA 	Keypress: z
79.5250 	EXP 	Created unnamed TextStim = TextStim(__class__=<class 'psychopy.visual.text.TextStim'>, alignHoriz=method-wrapper(...), alignText='center', alignVert=method-wrapper(...), anchorHoriz='center', anchorVert='center', antialias=True, autoDraw=False, autoLog=True, bold=False, color=array([-1, -1, -1]), colorSpace='rgb', contrast=1.0, depth=0, flipHoriz=False, flipVert=False, font='', fontFiles=[], height=50.0, italic=False, languageStyle='LTR', name='unnamed TextStim', opacity=1.0, ori=0.0, pos=array([0., 0.]), rgb=UNKNOWN, text='Poprawnie', units='pix', win=Window(...), wrapWidth=500)
80.5710 	EXP 	Created unnamed TextStim = TextStim(__class__=<class 'psychopy.visual.text.TextStim'>, alignHoriz=method-wrapper(...), alignText='center', alignVert=method-wrapper(...), anchorHoriz='center', anchorVert='center', antialias=True, autoDraw=False, autoLog=True, bold=False, color=array([-1, -1, -1]), colorSpace='rgb', contrast=1.0, depth=0, flipHoriz=False, flipVert=False, font='', fontFiles=[], height=20.0, italic=False, languageStyle='LTR', name='unnamed TextStim', opacity=1.0, ori=0.0, pos=array([0., 0.]), rgb=UNKNOWN, text=str(...), units='pix', win=Window(...), wrapWidth=1536)
90.5691 	DATA 	Keypress: space
90.5868 	EXP 	unnamed TextStim: height = 25.0
90.5868 	EXP 	unnamed TextStim: height = 25.0
90.5868 	EXP 	unnamed TextStim: height = 25.0
90.5868 	EXP 	unnamed TextStim: text = 'x'
91.9380 	DATA 	Keypress: z
91.9454 	EXP 	Created unnamed TextStim = TextStim(__class__=<class 'psychopy.visual.text.TextStim'>, alignHoriz=method-wrapper(...), alignText='center', alignVert=method-wrapper(...), anchorHoriz='center', anchorVert='center', antialias=True, autoDraw=False, autoLog=True, bold=False, color=array([-1, -1, -1]), colorSpace='rgb', contrast=1.0, depth=0, flipHoriz=False, flipVert=False, font='', fontFiles=[], height=50.0, italic=False, languageStyle='LTR', name='unnamed TextStim', opacity=1.0, ori=0.0, pos=array([0., 0.]), rgb=UNKNOWN, text='Niepoprawnie', units='pix', win=Window(...), wrapWidth=500)
92.9536 	EXP 	unnamed TextStim: height = 25.0
92.9536 	EXP 	unnamed TextStim: height = 25.0
92.9536 	EXP 	unnamed TextStim: height = 25.0
92.9536 	EXP 	unnamed TextStim: text = 'z'
94.6200 	DATA 	Keypress: x
94.6227 	EXP 	Created unnamed TextStim = TextStim(__class__=<class 'psychopy.visual.text.TextStim'>, alignHoriz=method-wrapper(...), alignText='center', alignVert=method-wrapper(...), anchorHoriz='center', anchorVert='center', antialias=True, autoDraw=False, autoLog=True, bold=False, color=array([-1, -1, -1]), colorSpace='rgb', contrast=1.0, depth=0, flipHoriz=False, flipVert=False, font='', fontFiles=[], height=50.0, italic=False, languageStyle='LTR', name='unnamed TextStim', opacity=1.0, ori=0.0, pos=array([0., 0.]), rgb=UNKNOWN, text='Niepoprawnie', units='pix', win=Window(...), wrapWidth=500)
95.6370 	EXP 	unnamed TextStim: height = 25.0
95.6370 	EXP 	unnamed TextStim: height = 25.0
95.6370 	EXP 	unnamed TextStim: height = 25.0
95.6370 	EXP 	unnamed TextStim: text = 'm'
97.1502 	DATA 	Keypress: m
97.1531 	EXP 	Created unnamed TextStim = TextStim(__class__=<class 'psychopy.visual.text.TextStim'>, alignHoriz=method-wrapper(...), alignText='center', alignVert=method-wrapper(...), anchorHoriz='center', anchorVert='center', antialias=True, autoDraw=False, autoLog=True, bold=False, color=array([-1, -1, -1]), colorSpace='rgb', contrast=1.0, depth=0, flipHoriz=False, flipVert=False, font='', fontFiles=[], height=50.0, italic=False, languageStyle='LTR', name='unnamed TextStim', opacity=1.0, ori=0.0, pos=array([0., 0.]), rgb=UNKNOWN, text='Poprawnie', units='pix', win=Window(...), wrapWidth=500)
98.1706 	EXP 	unnamed TextStim: height = 25.0
98.1706 	EXP 	unnamed TextStim: height = 25.0
98.1706 	EXP 	unnamed TextStim: height = 25.0
98.1706 	EXP 	unnamed TextStim: text = 'x'
99.6951 	DATA 	Keypress: x
99.6974 	EXP 	Created unnamed TextStim = TextStim(__class__=<class 'psychopy.visual.text.TextStim'>, alignHoriz=method-wrapper(...), alignText='center', alignVert=method-wrapper(...), anchorHoriz='center', anchorVert='center', antialias=True, autoDraw=False, autoLog=True, bold=False, color=array([-1, -1, -1]), colorSpace='rgb', contrast=1.0, depth=0, flipHoriz=False, flipVert=False, font='', fontFiles=[], height=50.0, italic=False, languageStyle='LTR', name='unnamed TextStim', opacity=1.0, ori=0.0, pos=array([0., 0.]), rgb=UNKNOWN, text='Poprawnie', units='pix', win=Window(...), wrapWidth=500)
100.7039 	EXP 	unnamed TextStim: height = 25.0
100.7039 	EXP 	unnamed TextStim: height = 25.0
100.7039 	EXP 	unnamed TextStim: height = 25.0
100.7039 	EXP 	unnamed TextStim: text = 'z'
102.2569 	DATA 	Keypress: z
102.2590 	EXP 	Created unnamed TextStim = TextStim(__class__=<class 'psychopy.visual.text.TextStim'>, alignHoriz=method-wrapper(...), alignText='center', alignVert=method-wrapper(...), anchorHoriz='center', anchorVert='center', antialias=True, autoDraw=False, autoLog=True, bold=False, color=array([-1, -1, -1]), colorSpace='rgb', contrast=1.0, depth=0, flipHoriz=False, flipVert=False, font='', fontFiles=[], height=50.0, italic=False, languageStyle='LTR', name='unnamed TextStim', opacity=1.0, ori=0.0, pos=array([0., 0.]), rgb=UNKNOWN, text='Poprawnie', units='pix', win=Window(...), wrapWidth=500)
103.2708 	EXP 	unnamed TextStim: height = 25.0
103.2708 	EXP 	unnamed TextStim: height = 25.0
103.2708 	EXP 	unnamed TextStim: height = 25.0
103.2708 	EXP 	unnamed TextStim: text = 'm'
104.7915 	DATA 	Keypress: m
104.7937 	EXP 	Created unnamed TextStim = TextStim(__class__=<class 'psychopy.visual.text.TextStim'>, alignHoriz=method-wrapper(...), alignText='center', alignVert=method-wrapper(...), anchorHoriz='center', anchorVert='center', antialias=True, autoDraw=False, autoLog=True, bold=False, color=array([-1, -1, -1]), colorSpace='rgb', contrast=1.0, depth=0, flipHoriz=False, flipVert=False, font='', fontFiles=[], height=50.0, italic=False, languageStyle='LTR', name='unnamed TextStim', opacity=1.0, ori=0.0, pos=array([0., 0.]), rgb=UNKNOWN, text='Poprawnie', units='pix', win=Window(...), wrapWidth=500)
105.8042 	EXP 	unnamed TextStim: height = 25.0
105.8042 	EXP 	unnamed TextStim: height = 25.0
105.8042 	EXP 	unnamed TextStim: height = 25.0
105.8042 	EXP 	unnamed TextStim: text = 'z'
107.4140 	DATA 	Keypress: z
107.4166 	EXP 	Created unnamed TextStim = TextStim(__class__=<class 'psychopy.visual.text.TextStim'>, alignHoriz=method-wrapper(...), alignText='center', alignVert=method-wrapper(...), anchorHoriz='center', anchorVert='center', antialias=True, autoDraw=False, autoLog=True, bold=False, color=array([-1, -1, -1]), colorSpace='rgb', contrast=1.0, depth=0, flipHoriz=False, flipVert=False, font='', fontFiles=[], height=50.0, italic=False, languageStyle='LTR', name='unnamed TextStim', opacity=1.0, ori=0.0, pos=array([0., 0.]), rgb=UNKNOWN, text='Poprawnie', units='pix', win=Window(...), wrapWidth=500)
108.4209 	EXP 	unnamed TextStim: height = 25.0
108.4209 	EXP 	unnamed TextStim: height = 25.0
108.4209 	EXP 	unnamed TextStim: height = 25.0
108.4209 	EXP 	unnamed TextStim: text = 'm'
110.1372 	DATA 	Keypress: m
110.1400 	EXP 	Created unnamed TextStim = TextStim(__class__=<class 'psychopy.visual.text.TextStim'>, alignHoriz=method-wrapper(...), alignText='center', alignVert=method-wrapper(...), anchorHoriz='center', anchorVert='center', antialias=True, autoDraw=False, autoLog=True, bold=False, color=array([-1, -1, -1]), colorSpace='rgb', contrast=1.0, depth=0, flipHoriz=False, flipVert=False, font='', fontFiles=[], height=50.0, italic=False, languageStyle='LTR', name='unnamed TextStim', opacity=1.0, ori=0.0, pos=array([0., 0.]), rgb=UNKNOWN, text='Poprawnie', units='pix', win=Window(...), wrapWidth=500)
111.1543 	EXP 	unnamed TextStim: height = 25.0
111.1543 	EXP 	unnamed TextStim: height = 25.0
111.1543 	EXP 	unnamed TextStim: height = 25.0
111.1543 	EXP 	unnamed TextStim: text = 'n'
112.7029 	DATA 	Keypress: n
112.7052 	EXP 	Created unnamed TextStim = TextStim(__class__=<class 'psychopy.visual.text.TextStim'>, alignHoriz=method-wrapper(...), alignText='center', alignVert=method-wrapper(...), anchorHoriz='center', anchorVert='center', antialias=True, autoDraw=False, autoLog=True, bold=False, color=array([-1, -1, -1]), colorSpace='rgb', contrast=1.0, depth=0, flipHoriz=False, flipVert=False, font='', fontFiles=[], height=50.0, italic=False, languageStyle='LTR', name='unnamed TextStim', opacity=1.0, ori=0.0, pos=array([0., 0.]), rgb=UNKNOWN, text='Poprawnie', units='pix', win=Window(...), wrapWidth=500)
113.7212 	EXP 	unnamed TextStim: height = 25.0
113.7212 	EXP 	unnamed TextStim: height = 25.0
113.7212 	EXP 	unnamed TextStim: height = 25.0
113.7212 	EXP 	unnamed TextStim: text = 'z'
115.1986 	DATA 	Keypress: z
115.2009 	EXP 	Created unnamed TextStim = TextStim(__class__=<class 'psychopy.visual.text.TextStim'>, alignHoriz=method-wrapper(...), alignText='center', alignVert=method-wrapper(...), anchorHoriz='center', anchorVert='center', antialias=True, autoDraw=False, autoLog=True, bold=False, color=array([-1, -1, -1]), colorSpace='rgb', contrast=1.0, depth=0, flipHoriz=False, flipVert=False, font='', fontFiles=[], height=50.0, italic=False, languageStyle='LTR', name='unnamed TextStim', opacity=1.0, ori=0.0, pos=array([0., 0.]), rgb=UNKNOWN, text='Poprawnie', units='pix', win=Window(...), wrapWidth=500)
116.2289 	EXP 	Created unnamed TextStim = TextStim(__class__=<class 'psychopy.visual.text.TextStim'>, alignHoriz=method-wrapper(...), alignText='center', alignVert=method-wrapper(...), anchorHoriz='center', anchorVert='center', antialias=True, autoDraw=False, autoLog=True, bold=False, color=array([-1, -1, -1]), colorSpace='rgb', contrast=1.0, depth=0, flipHoriz=False, flipVert=False, font='', fontFiles=[], height=20.0, italic=False, languageStyle='LTR', name='unnamed TextStim', opacity=1.0, ori=0.0, pos=array([0., 0.]), rgb=UNKNOWN, text=str(...), units='pix', win=Window(...), wrapWidth=1536)
122.6801 	DATA 	Keypress: space
122.6882 	EXP 	unnamed TextStim: height = 25.0
122.6882 	EXP 	unnamed TextStim: height = 25.0
122.6882 	EXP 	unnamed TextStim: height = 25.0
122.6882 	EXP 	unnamed TextStim: text = 'm'
124.1783 	DATA 	Keypress: m
124.1814 	EXP 	unnamed TextStim: height = 25.0
124.1814 	EXP 	unnamed TextStim: height = 25.0
124.1814 	EXP 	unnamed TextStim: height = 25.0
124.1814 	EXP 	unnamed TextStim: text = 'z'
126.2456 	DATA 	Keypress: z
126.2486 	EXP 	unnamed TextStim: height = 25.0
126.2486 	EXP 	unnamed TextStim: height = 25.0
126.2486 	EXP 	unnamed TextStim: height = 25.0
126.2486 	EXP 	unnamed TextStim: text = 'n'
128.2955 	DATA 	Keypress: n
128.2983 	EXP 	unnamed TextStim: height = 25.0
128.2983 	EXP 	unnamed TextStim: height = 25.0
128.2983 	EXP 	unnamed TextStim: height = 25.0
128.2983 	EXP 	unnamed TextStim: text = 'm'
129.8022 	DATA 	Keypress: m
129.8043 	EXP 	unnamed TextStim: height = 25.0
129.8043 	EXP 	unnamed TextStim: height = 25.0
129.8043 	EXP 	unnamed TextStim: height = 25.0
129.8043 	EXP 	unnamed TextStim: text = 'n'
131.3718 	DATA 	Keypress: n
131.3747 	EXP 	unnamed TextStim: height = 25.0
131.3747 	EXP 	unnamed TextStim: height = 25.0
131.3747 	EXP 	unnamed TextStim: height = 25.0
131.3747 	EXP 	unnamed TextStim: text = 'x'
134.1390 	DATA 	No keypress (maxWait exceeded)
134.2867 	EXP 	Created unnamed ImageStim = ImageStim(__class__=<class 'psychopy.visual.image.ImageStim'>, anchor=('center', 'center'), autoLog=True, color=array([1., 1., 1.]), colorSpace='rgb', contrast=1.0, depth=0, flipHoriz=False, flipVert=False, image='break.jpg', interpolate=True, mask=None, maskParams=None, name='unnamed ImageStim', opacity=1.0, ori=0.0, pos=array([0., 0.]), size=array([1536.,  864.]), texRes=128, units='pix', win=Window(...))
135.2006 	DATA 	Keypress: space
135.2052 	EXP 	unnamed TextStim: height = 25.0
135.2052 	EXP 	unnamed TextStim: height = 25.0
135.2052 	EXP 	unnamed TextStim: height = 25.0
135.2052 	EXP 	unnamed TextStim: text = 'n'
136.9148 	DATA 	Keypress: z
136.9171 	EXP 	unnamed TextStim: height = 25.0
136.9171 	EXP 	unnamed TextStim: height = 25.0
136.9171 	EXP 	unnamed TextStim: height = 25.0
136.9171 	EXP 	unnamed TextStim: text = 'z'
138.3031 	DATA 	Keypress: z
138.3052 	EXP 	unnamed TextStim: height = 25.0
138.3052 	EXP 	unnamed TextStim: height = 25.0
138.3052 	EXP 	unnamed TextStim: height = 25.0
138.3052 	EXP 	unnamed TextStim: text = 'm'
139.9057 	DATA 	Keypress: m
139.9069 	EXP 	unnamed TextStim: text = 'm'
141.4919 	DATA 	Keypress: m
141.4941 	EXP 	unnamed TextStim: height = 25.0
141.4941 	EXP 	unnamed TextStim: height = 25.0
141.4941 	EXP 	unnamed TextStim: height = 25.0
141.4941 	EXP 	unnamed TextStim: text = 'x'
143.3392 	DATA 	Keypress: z
143.3413 	EXP 	unnamed TextStim: height = 25.0
143.3413 	EXP 	unnamed TextStim: height = 25.0
143.3413 	EXP 	unnamed TextStim: height = 25.0
143.3413 	EXP 	unnamed TextStim: text = 'n'
144.8888 	DATA 	Keypress: n
145.0105 	EXP 	Created unnamed ImageStim = ImageStim(__class__=<class 'psychopy.visual.image.ImageStim'>, anchor=('center', 'center'), autoLog=True, color=array([1., 1., 1.]), colorSpace='rgb', contrast=1.0, depth=0, flipHoriz=False, flipVert=False, image='break.jpg', interpolate=True, mask=None, maskParams=None, name='unnamed ImageStim', opacity=1.0, ori=0.0, pos=array([0., 0.]), size=array([1536.,  864.]), texRes=128, units='pix', win=Window(...))
145.5998 	DATA 	Keypress: space
145.6078 	EXP 	unnamed TextStim: height = 25.0
145.6078 	EXP 	unnamed TextStim: height = 25.0
145.6078 	EXP 	unnamed TextStim: height = 25.0
145.6078 	EXP 	unnamed TextStim: text = 'x'
147.5279 	DATA 	Keypress: x
147.5301 	EXP 	unnamed TextStim: height = 25.0
147.5301 	EXP 	unnamed TextStim: height = 25.0
147.5301 	EXP 	unnamed TextStim: height = 25.0
147.5301 	EXP 	unnamed TextStim: text = 'm'
149.0131 	DATA 	Keypress: m
149.0157 	EXP 	unnamed TextStim: height = 25.0
149.0157 	EXP 	unnamed TextStim: height = 25.0
149.0157 	EXP 	unnamed TextStim: height = 25.0
149.0157 	EXP 	unnamed TextStim: text = 'z'
150.6594 	DATA 	Keypress: z
150.6616 	EXP 	unnamed TextStim: height = 25.0
150.6616 	EXP 	unnamed TextStim: height = 25.0
150.6616 	EXP 	unnamed TextStim: height = 25.0
150.6616 	EXP 	unnamed TextStim: text = 'x'
152.5336 	DATA 	Keypress: x
152.5357 	EXP 	unnamed TextStim: height = 25.0
152.5357 	EXP 	unnamed TextStim: height = 25.0
152.5357 	EXP 	unnamed TextStim: height = 25.0
152.5357 	EXP 	unnamed TextStim: text = 'z'
154.3124 	DATA 	Keypress: z
154.3146 	EXP 	unnamed TextStim: height = 25.0
154.3146 	EXP 	unnamed TextStim: height = 25.0
154.3146 	EXP 	unnamed TextStim: height = 25.0
154.3146 	EXP 	unnamed TextStim: text = 'm'
155.7732 	DATA 	Keypress: m
155.9170 	EXP 	Created unnamed ImageStim = ImageStim(__class__=<class 'psychopy.visual.image.ImageStim'>, anchor=('center', 'center'), autoLog=True, color=array([1., 1., 1.]), colorSpace='rgb', contrast=1.0, depth=0, flipHoriz=False, flipVert=False, image='break.jpg', interpolate=True, mask=None, maskParams=None, name='unnamed ImageStim', opacity=1.0, ori=0.0, pos=array([0., 0.]), size=array([1536.,  864.]), texRes=128, units='pix', win=Window(...))
157.9250 	DATA 	Keypress: space
157.9394 	EXP 	unnamed TextStim: height = 25.0
157.9394 	EXP 	unnamed TextStim: height = 25.0
157.9394 	EXP 	unnamed TextStim: height = 25.0
157.9394 	EXP 	unnamed TextStim: text = 'z'
159.6842 	DATA 	Keypress: z
159.6856 	EXP 	unnamed TextStim: text = 'z'
161.3145 	DATA 	Keypress: z
161.3168 	EXP 	unnamed TextStim: height = 25.0
161.3168 	EXP 	unnamed TextStim: height = 25.0
161.3168 	EXP 	unnamed TextStim: height = 25.0
161.3168 	EXP 	unnamed TextStim: text = 'x'
163.8934 	DATA 	Keypress: space
164.0231 	DATA 	No keypress (maxWait exceeded)
164.0253 	EXP 	unnamed TextStim: height = 25.0
164.0253 	EXP 	unnamed TextStim: height = 25.0
164.0253 	EXP 	unnamed TextStim: height = 25.0
164.0253 	EXP 	unnamed TextStim: text = 'n'
165.4645 	DATA 	Keypress: m
165.4657 	EXP 	unnamed TextStim: text = 'n'
166.7471 	DATA 	Keypress: n
166.7517 	EXP 	unnamed TextStim: height = 25.0
166.7517 	EXP 	unnamed TextStim: height = 25.0
166.7517 	EXP 	unnamed TextStim: height = 25.0
166.7517 	EXP 	unnamed TextStim: text = 'z'
168.3457 	DATA 	Keypress: z
168.4925 	EXP 	Created unnamed ImageStim = ImageStim(__class__=<class 'psychopy.visual.image.ImageStim'>, anchor=('center', 'center'), autoLog=True, color=array([1., 1., 1.]), colorSpace='rgb', contrast=1.0, depth=0, flipHoriz=False, flipVert=False, image='break.jpg', interpolate=True, mask=None, maskParams=None, name='unnamed ImageStim', opacity=1.0, ori=0.0, pos=array([0., 0.]), size=array([1536.,  864.]), texRes=128, units='pix', win=Window(...))
173.3992 	DATA 	Keypress: space
173.4066 	EXP 	unnamed TextStim: height = 25.0
173.4066 	EXP 	unnamed TextStim: height = 25.0
173.4066 	EXP 	unnamed TextStim: height = 25.0
173.4066 	EXP 	unnamed TextStim: text = 'n'
175.2158 	DATA 	Keypress: z
175.2180 	EXP 	unnamed TextStim: height = 25.0
175.2180 	EXP 	unnamed TextStim: height = 25.0
175.2180 	EXP 	unnamed TextStim: height = 25.0
175.2180 	EXP 	unnamed TextStim: text = 'z'
176.5966 	DATA 	Keypress: z
176.5988 	EXP 	unnamed TextStim: height = 25.0
176.5988 	EXP 	unnamed TextStim: height = 25.0
176.5988 	EXP 	unnamed TextStim: height = 25.0
176.5988 	EXP 	unnamed TextStim: text = 'n'
177.9453 	DATA 	Keypress: n
177.9473 	EXP 	unnamed TextStim: height = 25.0
177.9473 	EXP 	unnamed TextStim: height = 25.0
177.9473 	EXP 	unnamed TextStim: height = 25.0
177.9473 	EXP 	unnamed TextStim: text = 'x'
180.0266 	DATA 	Keypress: x
180.0277 	EXP 	unnamed TextStim: text = 'x'
182.7907 	DATA 	No keypress (maxWait exceeded)
182.7930 	EXP 	unnamed TextStim: height = 25.0
182.7930 	EXP 	unnamed TextStim: height = 25.0
182.7930 	EXP 	unnamed TextStim: height = 25.0
182.7930 	EXP 	unnamed TextStim: text = 'z'
184.1706 	DATA 	Keypress: z
184.3246 	EXP 	Created unnamed ImageStim = ImageStim(__class__=<class 'psychopy.visual.image.ImageStim'>, anchor=('center', 'center'), autoLog=True, color=array([1., 1., 1.]), colorSpace='rgb', contrast=1.0, depth=0, flipHoriz=False, flipVert=False, image='break.jpg', interpolate=True, mask=None, maskParams=None, name='unnamed ImageStim', opacity=1.0, ori=0.0, pos=array([0., 0.]), size=array([1536.,  864.]), texRes=128, units='pix', win=Window(...))
185.1356 	DATA 	Keypress: space
185.1405 	EXP 	unnamed TextStim: height = 25.0
185.1405 	EXP 	unnamed TextStim: height = 25.0
185.1405 	EXP 	unnamed TextStim: height = 25.0
185.1405 	EXP 	unnamed TextStim: text = 'n'
187.8742 	DATA 	No keypress (maxWait exceeded)
187.8763 	EXP 	unnamed TextStim: height = 25.0
187.8763 	EXP 	unnamed TextStim: height = 25.0
187.8763 	EXP 	unnamed TextStim: height = 25.0
187.8763 	EXP 	unnamed TextStim: text = 'x'
187.9078 	DATA 	Keypress: n
189.5941 	DATA 	Keypress: x
189.6022 	EXP 	unnamed TextStim: height = 25.0
189.6022 	EXP 	unnamed TextStim: height = 25.0
189.6022 	EXP 	unnamed TextStim: height = 25.0
189.6022 	EXP 	unnamed TextStim: text = 'm'
191.1379 	DATA 	Keypress: m
191.1401 	EXP 	unnamed TextStim: height = 25.0
191.1401 	EXP 	unnamed TextStim: height = 25.0
191.1401 	EXP 	unnamed TextStim: height = 25.0
191.1401 	EXP 	unnamed TextStim: text = 'z'
192.6590 	DATA 	Keypress: z
192.6602 	EXP 	unnamed TextStim: text = 'z'
194.3107 	DATA 	Keypress: z
194.3129 	EXP 	unnamed TextStim: height = 25.0
194.3129 	EXP 	unnamed TextStim: height = 25.0
194.3129 	EXP 	unnamed TextStim: height = 25.0
194.3129 	EXP 	unnamed TextStim: text = 'n'
195.7873 	DATA 	Keypress: n
195.9283 	EXP 	Created unnamed ImageStim = ImageStim(__class__=<class 'psychopy.visual.image.ImageStim'>, anchor=('center', 'center'), autoLog=True, color=array([1., 1., 1.]), colorSpace='rgb', contrast=1.0, depth=0, flipHoriz=False, flipVert=False, image='break.jpg', interpolate=True, mask=None, maskParams=None, name='unnamed ImageStim', opacity=1.0, ori=0.0, pos=array([0., 0.]), size=array([1536.,  864.]), texRes=128, units='pix', win=Window(...))
196.4614 	DATA 	Keypress: space
196.4739 	EXP 	unnamed TextStim: height = 25.0
196.4739 	EXP 	unnamed TextStim: height = 25.0
196.4739 	EXP 	unnamed TextStim: height = 25.0
196.4739 	EXP 	unnamed TextStim: text = 'x'
199.2080 	DATA 	No keypress (maxWait exceeded)
199.2102 	EXP 	unnamed TextStim: height = 25.0
199.2102 	EXP 	unnamed TextStim: height = 25.0
199.2102 	EXP 	unnamed TextStim: height = 25.0
199.2102 	EXP 	unnamed TextStim: text = 'm'
201.9081 	DATA 	No keypress (maxWait exceeded)
201.9116 	EXP 	unnamed TextStim: height = 25.0
201.9116 	EXP 	unnamed TextStim: height = 25.0
201.9116 	EXP 	unnamed TextStim: height = 25.0
201.9116 	EXP 	unnamed TextStim: text = 'x'
203.5040 	DATA 	Keypress: z
203.5061 	EXP 	unnamed TextStim: height = 25.0
203.5061 	EXP 	unnamed TextStim: height = 25.0
203.5061 	EXP 	unnamed TextStim: height = 25.0
203.5061 	EXP 	unnamed TextStim: text = 'm'
205.1660 	DATA 	Keypress: m
205.1681 	EXP 	unnamed TextStim: height = 25.0
205.1681 	EXP 	unnamed TextStim: height = 25.0
205.1681 	EXP 	unnamed TextStim: height = 25.0
205.1681 	EXP 	unnamed TextStim: text = 'n'
207.3257 	DATA 	Keypress: x
207.3277 	EXP 	unnamed TextStim: height = 25.0
207.3277 	EXP 	unnamed TextStim: height = 25.0
207.3277 	EXP 	unnamed TextStim: height = 25.0
207.3277 	EXP 	unnamed TextStim: text = 'x'
208.8563 	DATA 	Keypress: z
209.0019 	EXP 	Created unnamed ImageStim = ImageStim(__class__=<class 'psychopy.visual.image.ImageStim'>, anchor=('center', 'center'), autoLog=True, color=array([1., 1., 1.]), colorSpace='rgb', contrast=1.0, depth=0, flipHoriz=False, flipVert=False, image='break.jpg', interpolate=True, mask=None, maskParams=None, name='unnamed ImageStim', opacity=1.0, ori=0.0, pos=array([0., 0.]), size=array([1536.,  864.]), texRes=128, units='pix', win=Window(...))
209.5963 	DATA 	Keypress: space
209.6080 	EXP 	unnamed TextStim: height = 25.0
209.6080 	EXP 	unnamed TextStim: height = 25.0
209.6080 	EXP 	unnamed TextStim: height = 25.0
209.6080 	EXP 	unnamed TextStim: text = 'm'
211.1778 	DATA 	Keypress: m
211.1798 	EXP 	unnamed TextStim: height = 25.0
211.1798 	EXP 	unnamed TextStim: height = 25.0
211.1798 	EXP 	unnamed TextStim: height = 25.0
211.1798 	EXP 	unnamed TextStim: text = 'x'
212.7216 	DATA 	Keypress: z
212.7229 	EXP 	unnamed TextStim: text = 'x'
214.2230 	DATA 	Keypress: x
214.2252 	EXP 	unnamed TextStim: height = 25.0
214.2252 	EXP 	unnamed TextStim: height = 25.0
214.2252 	EXP 	unnamed TextStim: height = 25.0
214.2252 	EXP 	unnamed TextStim: text = 'm'
215.6842 	DATA 	Keypress: m
215.6863 	EXP 	unnamed TextStim: height = 25.0
215.6863 	EXP 	unnamed TextStim: height = 25.0
215.6863 	EXP 	unnamed TextStim: height = 25.0
215.6863 	EXP 	unnamed TextStim: text = 'x'
218.4086 	DATA 	No keypress (maxWait exceeded)
218.4110 	EXP 	unnamed TextStim: height = 25.0
218.4110 	EXP 	unnamed TextStim: height = 25.0
218.4110 	EXP 	unnamed TextStim: height = 25.0
218.4110 	EXP 	unnamed TextStim: text = 'n'
219.9391 	DATA 	Keypress: n
220.1093 	EXP 	Created unnamed ImageStim = ImageStim(__class__=<class 'psychopy.visual.image.ImageStim'>, anchor=('center', 'center'), autoLog=True, color=array([1., 1., 1.]), colorSpace='rgb', contrast=1.0, depth=0, flipHoriz=False, flipVert=False, image='break.jpg', interpolate=True, mask=None, maskParams=None, name='unnamed ImageStim', opacity=1.0, ori=0.0, pos=array([0., 0.]), size=array([1536.,  864.]), texRes=128, units='pix', win=Window(...))
230.0637 	DATA 	Keypress: space
230.0755 	EXP 	unnamed TextStim: height = 25.0
230.0755 	EXP 	unnamed TextStim: height = 25.0
230.0755 	EXP 	unnamed TextStim: height = 25.0
230.0755 	EXP 	unnamed TextStim: text = 'x'
232.3150 	DATA 	Keypress: n
232.3170 	EXP 	unnamed TextStim: height = 25.0
232.3170 	EXP 	unnamed TextStim: height = 25.0
232.3170 	EXP 	unnamed TextStim: height = 25.0
232.3170 	EXP 	unnamed TextStim: text = 'm'
233.7202 	DATA 	Keypress: m
233.7227 	EXP 	unnamed TextStim: height = 25.0
233.7227 	EXP 	unnamed TextStim: height = 25.0
233.7227 	EXP 	unnamed TextStim: height = 25.0
233.7227 	EXP 	unnamed TextStim: text = 'n'
235.5417 	DATA 	Keypress: n
235.5438 	EXP 	unnamed TextStim: height = 25.0
235.5438 	EXP 	unnamed TextStim: height = 25.0
235.5438 	EXP 	unnamed TextStim: height = 25.0
235.5438 	EXP 	unnamed TextStim: text = 'z'
236.9149 	DATA 	Keypress: z
236.9160 	EXP 	unnamed TextStim: text = 'z'
238.8326 	DATA 	Keypress: x
238.8373 	EXP 	unnamed TextStim: height = 25.0
238.8373 	EXP 	unnamed TextStim: height = 25.0
238.8373 	EXP 	unnamed TextStim: height = 25.0
238.8373 	EXP 	unnamed TextStim: text = 'x'
240.3711 	DATA 	Keypress: m
240.5071 	EXP 	Created unnamed ImageStim = ImageStim(__class__=<class 'psychopy.visual.image.ImageStim'>, anchor=('center', 'center'), autoLog=True, color=array([1., 1., 1.]), colorSpace='rgb', contrast=1.0, depth=0, flipHoriz=False, flipVert=False, image='break.jpg', interpolate=True, mask=None, maskParams=None, name='unnamed ImageStim', opacity=1.0, ori=0.0, pos=array([0., 0.]), size=array([1536.,  864.]), texRes=128, units='pix', win=Window(...))
241.1110 	DATA 	Keypress: space
241.1257 	EXP 	unnamed TextStim: height = 25.0
241.1257 	EXP 	unnamed TextStim: height = 25.0
241.1257 	EXP 	unnamed TextStim: height = 25.0
241.1257 	EXP 	unnamed TextStim: text = 'm'
242.7362 	DATA 	Keypress: m
242.7383 	EXP 	unnamed TextStim: height = 25.0
242.7383 	EXP 	unnamed TextStim: height = 25.0
242.7383 	EXP 	unnamed TextStim: height = 25.0
242.7383 	EXP 	unnamed TextStim: text = 'z'
244.1835 	DATA 	Keypress: z
244.1856 	EXP 	unnamed TextStim: height = 25.0
244.1856 	EXP 	unnamed TextStim: height = 25.0
244.1856 	EXP 	unnamed TextStim: height = 25.0
244.1856 	EXP 	unnamed TextStim: text = 'm'
245.8092 	DATA 	Keypress: m
245.8113 	EXP 	unnamed TextStim: height = 25.0
245.8113 	EXP 	unnamed TextStim: height = 25.0
245.8113 	EXP 	unnamed TextStim: height = 25.0
245.8113 	EXP 	unnamed TextStim: text = 'n'
247.2441 	DATA 	Keypress: n
247.2463 	EXP 	unnamed TextStim: height = 25.0
247.2463 	EXP 	unnamed TextStim: height = 25.0
247.2463 	EXP 	unnamed TextStim: height = 25.0
247.2463 	EXP 	unnamed TextStim: text = 'z'
249.1052 	DATA 	Keypress: z
249.1072 	EXP 	unnamed TextStim: height = 25.0
249.1072 	EXP 	unnamed TextStim: height = 25.0
249.1072 	EXP 	unnamed TextStim: height = 25.0
249.1072 	EXP 	unnamed TextStim: text = 'm'
250.5345 	DATA 	Keypress: m
250.6568 	EXP 	Created unnamed ImageStim = ImageStim(__class__=<class 'psychopy.visual.image.ImageStim'>, anchor=('center', 'center'), autoLog=True, color=array([1., 1., 1.]), colorSpace='rgb', contrast=1.0, depth=0, flipHoriz=False, flipVert=False, image='break.jpg', interpolate=True, mask=None, maskParams=None, name='unnamed ImageStim', opacity=1.0, ori=0.0, pos=array([0., 0.]), size=array([1536.,  864.]), texRes=128, units='pix', win=Window(...))
251.1584 	DATA 	Keypress: space
251.1760 	EXP 	unnamed TextStim: height = 25.0
251.1760 	EXP 	unnamed TextStim: height = 25.0
251.1760 	EXP 	unnamed TextStim: height = 25.0
251.1760 	EXP 	unnamed TextStim: text = 'x'
252.8592 	DATA 	Keypress: x
252.8663 	EXP 	unnamed TextStim: height = 25.0
252.8663 	EXP 	unnamed TextStim: height = 25.0
252.8663 	EXP 	unnamed TextStim: height = 25.0
252.8663 	EXP 	unnamed TextStim: text = 'z'
255.6101 	DATA 	No keypress (maxWait exceeded)
255.6133 	EXP 	unnamed TextStim: height = 25.0
255.6133 	EXP 	unnamed TextStim: height = 25.0
255.6133 	EXP 	unnamed TextStim: height = 25.0
255.6133 	EXP 	unnamed TextStim: text = 'm'
255.6435 	DATA 	Keypress: space
258.3267 	DATA 	No keypress (maxWait exceeded)
258.3289 	EXP 	unnamed TextStim: height = 25.0
258.3289 	EXP 	unnamed TextStim: height = 25.0
258.3289 	EXP 	unnamed TextStim: height = 25.0
258.3289 	EXP 	unnamed TextStim: text = 'z'
260.5782 	DATA 	Keypress: x
260.5795 	EXP 	unnamed TextStim: text = 'z'
262.3435 	DATA 	Keypress: z
262.3447 	EXP 	unnamed TextStim: text = 'z'
263.8484 	DATA 	Keypress: z
263.9853 	EXP 	Created unnamed ImageStim = ImageStim(__class__=<class 'psychopy.visual.image.ImageStim'>, anchor=('center', 'center'), autoLog=True, color=array([1., 1., 1.]), colorSpace='rgb', contrast=1.0, depth=0, flipHoriz=False, flipVert=False, image='break.jpg', interpolate=True, mask=None, maskParams=None, name='unnamed ImageStim', opacity=1.0, ori=0.0, pos=array([0., 0.]), size=array([1536.,  864.]), texRes=128, units='pix', win=Window(...))
266.0303 	DATA 	Keypress: space
266.0468 	EXP 	Created unnamed TextStim = TextStim(__class__=<class 'psychopy.visual.text.TextStim'>, alignHoriz=method-wrapper(...), alignText='center', alignVert=method-wrapper(...), anchorHoriz='center', anchorVert='center', antialias=True, autoDraw=False, autoLog=True, bold=False, color=array([-1, -1, -1]), colorSpace='rgb', contrast=1.0, depth=0, flipHoriz=False, flipVert=False, font='', fontFiles=[], height=20.0, italic=False, languageStyle='LTR', name='unnamed TextStim', opacity=1.0, ori=0.0, pos=array([0., 0.]), rgb=UNKNOWN, text=str(...), units='pix', win=Window(...), wrapWidth=1536)
268.1647 	DATA 	Keypress: space
268.2589 	EXP 	window1: mouseVisible = True
