8.1679 	WARNING 	User requested fullscreen with size [1536  864], but screen is actually [1920, 1080]. Using actual size
9.4330 	INFO 	FRAME RATE: 60
9.4331 	INFO 	SCREEN RES: odict_values([1536, 864])
9.4898 	EXP 	Created unnamed TextStim = TextStim(__class__=<class 'psychopy.visual.text.TextStim'>, alignHoriz=method-wrapper(...), alignText='center', alignVert=method-wrapper(...), anchorHoriz='center', anchorVert='center', antialias=True, autoDraw=False, autoLog=True, bold=False, color=array([-1, -1, -1]), colorSpace='rgb', contrast=1.0, depth=0, flipHoriz=False, flipVert=False, font='', fontFiles=[], height=100.0, italic=False, languageStyle='LTR', name='unnamed TextStim', opacity=1.0, ori=0.0, pos=array([0., 0.]), rgb=UNKNOWN, text='+', units='pix', win=Window(...), wrapWidth=500)
9.4939 	EXP 	Created unnamed Circle = Circle(__class__=<class 'psychopy.visual.circle.Circle'>, anchor=('center', 'center'), autoDraw=False, autoLog=True, closeShape=True, color=method-wrapper(...), colorSpace='rgb', contrast=None, depth=0, fillColor=array([ 0.09019608, -1.        , -1.        ]), fillColorSpace='rgb', fillRGB=array([ 0.09019608, -1.        , -1.        ]), interpolate=True, lineColor=array([ 0.09019608, -1.        , -1.        ]), lineColorSpace='rgb', lineRGB=array([ 0.09019608, -1.        , -1.        ]), lineWidth=1.5, name='unnamed Circle', opacity=1.0, ori=0.0, pos=array([0., 0.]), size=array([1., 1.]), units='pix', vertices=ndarray(...), win=Window(...))
9.4947 	EXP 	Created unnamed TextStim = TextStim(__class__=<class 'psychopy.visual.text.TextStim'>, alignHoriz=method-wrapper(...), alignText='center', alignVert=method-wrapper(...), anchorHoriz='center', anchorVert='center', antialias=True, autoDraw=False, autoLog=True, bold=False, color=array([-0.17647059, -0.17647059, -0.17647059]), colorSpace='rgb', contrast=1.0, depth=0, flipHoriz=False, flipVert=False, font='', fontFiles=[], height=25, italic=False, languageStyle='LTR', name='unnamed TextStim', opacity=1.0, ori=0.0, pos=array([0., 0.]), rgb=UNKNOWN, text='', units='pix', win=Window(...), wrapWidth=500)
9.5031 	EXP 	Created unnamed ImageStim = ImageStim(__class__=<class 'psychopy.visual.image.ImageStim'>, anchor=('center', 'center'), autoLog=True, color=array([1., 1., 1.]), colorSpace='rgb', contrast=1.0, depth=0, flipHoriz=False, flipVert=False, image='mask4.png', interpolate=False, mask=None, maskParams=None, name='unnamed ImageStim', opacity=1.0, ori=0.0, pos=array([0., 0.]), size=array([25., 25.]), texRes=128, units='pix', win=Window(...))
9.5100 	EXP 	Created unnamed TextStim = TextStim(__class__=<class 'psychopy.visual.text.TextStim'>, alignHoriz=method-wrapper(...), alignText='center', alignVert=method-wrapper(...), anchorHoriz='center', anchorVert='center', antialias=True, autoDraw=False, autoLog=True, bold=False, color=array([-1, -1, -1]), colorSpace='rgb', contrast=1.0, depth=0, flipHoriz=False, flipVert=False, font='', fontFiles=[], height=30.0, italic=False, languageStyle='LTR', name='unnamed TextStim', opacity=1.0, ori=0.0, pos=array([ 100., -300.]), rgb=UNKNOWN, text=str(...), units='pix', win=Window(...), wrapWidth=10000)
9.5142 	EXP 	Created unnamed TextStim = TextStim(__class__=<class 'psychopy.visual.text.TextStim'>, alignHoriz=method-wrapper(...), alignText='center', alignVert=method-wrapper(...), anchorHoriz='center', anchorVert='center', antialias=True, autoDraw=False, autoLog=True, bold=False, color=array([-1, -1, -1]), colorSpace='rgb', contrast=1.0, depth=0, flipHoriz=False, flipVert=False, font='', fontFiles=[], height=30.0, italic=False, languageStyle='LTR', name='unnamed TextStim', opacity=1.0, ori=0.0, pos=array([ 100., -330.]), rgb=UNKNOWN, text=str(...), units='pix', win=Window(...), wrapWidth=10000)
9.5508 	EXP 	Created unnamed TextStim = TextStim(__class__=<class 'psychopy.visual.text.TextStim'>, alignHoriz=method-wrapper(...), alignText='center', alignVert=method-wrapper(...), anchorHoriz='center', anchorVert='center', antialias=True, autoDraw=False, autoLog=True, bold=False, color=array([-1, -1, -1]), colorSpace='rgb', contrast=1.0, depth=0, flipHoriz=False, flipVert=False, font='', fontFiles=[], height=20.0, italic=False, languageStyle='LTR', name='unnamed TextStim', opacity=1.0, ori=0.0, pos=array([0., 0.]), rgb=UNKNOWN, text=str(...), units='pix', win=Window(...), wrapWidth=1536)
32.1282 	DATA 	Keypress: space
32.1329 	EXP 	unnamed TextStim: height = 25.0
32.1329 	EXP 	unnamed TextStim: height = 25.0
32.1329 	EXP 	unnamed TextStim: height = 25.0
32.1329 	EXP 	unnamed TextStim: text = 'n'
33.9358 	DATA 	Keypress: n
33.9438 	EXP 	Created unnamed TextStim = TextStim(__class__=<class 'psychopy.visual.text.TextStim'>, alignHoriz=method-wrapper(...), alignText='center', alignVert=method-wrapper(...), anchorHoriz='center', anchorVert='center', antialias=True, autoDraw=False, autoLog=True, bold=False, color=array([-1, -1, -1]), colorSpace='rgb', contrast=1.0, depth=0, flipHoriz=False, flipVert=False, font='', fontFiles=[], height=50.0, italic=False, languageStyle='LTR', name='unnamed TextStim', opacity=1.0, ori=0.0, pos=array([0., 0.]), rgb=UNKNOWN, text='Poprawnie', units='pix', win=Window(...), wrapWidth=500)
34.9491 	EXP 	unnamed TextStim: text = 'n'
36.3669 	DATA 	Keypress: n
36.3720 	EXP 	Created unnamed TextStim = TextStim(__class__=<class 'psychopy.visual.text.TextStim'>, alignHoriz=method-wrapper(...), alignText='center', alignVert=method-wrapper(...), anchorHoriz='center', anchorVert='center', antialias=True, autoDraw=False, autoLog=True, bold=False, color=array([-1, -1, -1]), colorSpace='rgb', contrast=1.0, depth=0, flipHoriz=False, flipVert=False, font='', fontFiles=[], height=50.0, italic=False, languageStyle='LTR', name='unnamed TextStim', opacity=1.0, ori=0.0, pos=array([0., 0.]), rgb=UNKNOWN, text='Poprawnie', units='pix', win=Window(...), wrapWidth=500)
37.3991 	EXP 	unnamed TextStim: height = 25.0
37.3991 	EXP 	unnamed TextStim: height = 25.0
37.3991 	EXP 	unnamed TextStim: height = 25.0
37.3991 	EXP 	unnamed TextStim: text = 'm'
38.9527 	DATA 	Keypress: m
38.9548 	EXP 	Created unnamed TextStim = TextStim(__class__=<class 'psychopy.visual.text.TextStim'>, alignHoriz=method-wrapper(...), alignText='center', alignVert=method-wrapper(...), anchorHoriz='center', anchorVert='center', antialias=True, autoDraw=False, autoLog=True, bold=False, color=array([-1, -1, -1]), colorSpace='rgb', contrast=1.0, depth=0, flipHoriz=False, flipVert=False, font='', fontFiles=[], height=50.0, italic=False, languageStyle='LTR', name='unnamed TextStim', opacity=1.0, ori=0.0, pos=array([0., 0.]), rgb=UNKNOWN, text='Poprawnie', units='pix', win=Window(...), wrapWidth=500)
39.9827 	EXP 	unnamed TextStim: text = 'm'
41.4854 	DATA 	Keypress: m
41.4875 	EXP 	Created unnamed TextStim = TextStim(__class__=<class 'psychopy.visual.text.TextStim'>, alignHoriz=method-wrapper(...), alignText='center', alignVert=method-wrapper(...), anchorHoriz='center', anchorVert='center', antialias=True, autoDraw=False, autoLog=True, bold=False, color=array([-1, -1, -1]), colorSpace='rgb', contrast=1.0, depth=0, flipHoriz=False, flipVert=False, font='', fontFiles=[], height=50.0, italic=False, languageStyle='LTR', name='unnamed TextStim', opacity=1.0, ori=0.0, pos=array([0., 0.]), rgb=UNKNOWN, text='Poprawnie', units='pix', win=Window(...), wrapWidth=500)
42.4993 	EXP 	unnamed TextStim: height = 25.0
42.4993 	EXP 	unnamed TextStim: height = 25.0
42.4993 	EXP 	unnamed TextStim: height = 25.0
42.4993 	EXP 	unnamed TextStim: text = 'n'
43.9514 	DATA 	Keypress: n
45.4663 	DATA 	No keypress (maxWait exceeded)
45.4698 	EXP 	Created unnamed TextStim = TextStim(__class__=<class 'psychopy.visual.text.TextStim'>, alignHoriz=method-wrapper(...), alignText='center', alignVert=method-wrapper(...), anchorHoriz='center', anchorVert='center', antialias=True, autoDraw=False, autoLog=True, bold=False, color=array([-1, -1, -1]), colorSpace='rgb', contrast=1.0, depth=0, flipHoriz=False, flipVert=False, font='', fontFiles=[], height=50.0, italic=False, languageStyle='LTR', name='unnamed TextStim', opacity=1.0, ori=0.0, pos=array([0., 0.]), rgb=UNKNOWN, text='Niepoprawnie', units='pix', win=Window(...), wrapWidth=500)
46.4829 	EXP 	unnamed TextStim: height = 25.0
46.4829 	EXP 	unnamed TextStim: height = 25.0
46.4829 	EXP 	unnamed TextStim: height = 25.0
46.4829 	EXP 	unnamed TextStim: text = 'z'
48.3845 	DATA 	Keypress: z
48.3870 	EXP 	Created unnamed TextStim = TextStim(__class__=<class 'psychopy.visual.text.TextStim'>, alignHoriz=method-wrapper(...), alignText='center', alignVert=method-wrapper(...), anchorHoriz='center', anchorVert='center', antialias=True, autoDraw=False, autoLog=True, bold=False, color=array([-1, -1, -1]), colorSpace='rgb', contrast=1.0, depth=0, flipHoriz=False, flipVert=False, font='', fontFiles=[], height=50.0, italic=False, languageStyle='LTR', name='unnamed TextStim', opacity=1.0, ori=0.0, pos=array([0., 0.]), rgb=UNKNOWN, text='Poprawnie', units='pix', win=Window(...), wrapWidth=500)
49.3997 	EXP 	unnamed TextStim: height = 25.0
49.3997 	EXP 	unnamed TextStim: height = 25.0
49.3997 	EXP 	unnamed TextStim: height = 25.0
49.3997 	EXP 	unnamed TextStim: text = 'n'
51.0919 	DATA 	Keypress: n
51.0940 	EXP 	Created unnamed TextStim = TextStim(__class__=<class 'psychopy.visual.text.TextStim'>, alignHoriz=method-wrapper(...), alignText='center', alignVert=method-wrapper(...), anchorHoriz='center', anchorVert='center', antialias=True, autoDraw=False, autoLog=True, bold=False, color=array([-1, -1, -1]), colorSpace='rgb', contrast=1.0, depth=0, flipHoriz=False, flipVert=False, font='', fontFiles=[], height=50.0, italic=False, languageStyle='LTR', name='unnamed TextStim', opacity=1.0, ori=0.0, pos=array([0., 0.]), rgb=UNKNOWN, text='Poprawnie', units='pix', win=Window(...), wrapWidth=500)
52.0996 	EXP 	unnamed TextStim: text = 'n'
53.7708 	DATA 	Keypress: n
53.7731 	EXP 	Created unnamed TextStim = TextStim(__class__=<class 'psychopy.visual.text.TextStim'>, alignHoriz=method-wrapper(...), alignText='center', alignVert=method-wrapper(...), anchorHoriz='center', anchorVert='center', antialias=True, autoDraw=False, autoLog=True, bold=False, color=array([-1, -1, -1]), colorSpace='rgb', contrast=1.0, depth=0, flipHoriz=False, flipVert=False, font='', fontFiles=[], height=50.0, italic=False, languageStyle='LTR', name='unnamed TextStim', opacity=1.0, ori=0.0, pos=array([0., 0.]), rgb=UNKNOWN, text='Poprawnie', units='pix', win=Window(...), wrapWidth=500)
54.7832 	EXP 	unnamed TextStim: text = 'n'
56.4225 	DATA 	Keypress: n
56.4246 	EXP 	Created unnamed TextStim = TextStim(__class__=<class 'psychopy.visual.text.TextStim'>, alignHoriz=method-wrapper(...), alignText='center', alignVert=method-wrapper(...), anchorHoriz='center', anchorVert='center', antialias=True, autoDraw=False, autoLog=True, bold=False, color=array([-1, -1, -1]), colorSpace='rgb', contrast=1.0, depth=0, flipHoriz=False, flipVert=False, font='', fontFiles=[], height=50.0, italic=False, languageStyle='LTR', name='unnamed TextStim', opacity=1.0, ori=0.0, pos=array([0., 0.]), rgb=UNKNOWN, text='Poprawnie', units='pix', win=Window(...), wrapWidth=500)
57.4334 	EXP 	unnamed TextStim: height = 25.0
57.4334 	EXP 	unnamed TextStim: height = 25.0
57.4334 	EXP 	unnamed TextStim: height = 25.0
57.4334 	EXP 	unnamed TextStim: text = 'x'
59.0973 	DATA 	Keypress: x
59.0994 	EXP 	Created unnamed TextStim = TextStim(__class__=<class 'psychopy.visual.text.TextStim'>, alignHoriz=method-wrapper(...), alignText='center', alignVert=method-wrapper(...), anchorHoriz='center', anchorVert='center', antialias=True, autoDraw=False, autoLog=True, bold=False, color=array([-1, -1, -1]), colorSpace='rgb', contrast=1.0, depth=0, flipHoriz=False, flipVert=False, font='', fontFiles=[], height=50.0, italic=False, languageStyle='LTR', name='unnamed TextStim', opacity=1.0, ori=0.0, pos=array([0., 0.]), rgb=UNKNOWN, text='Poprawnie', units='pix', win=Window(...), wrapWidth=500)
60.1168 	EXP 	unnamed TextStim: height = 25.0
60.1168 	EXP 	unnamed TextStim: height = 25.0
60.1168 	EXP 	unnamed TextStim: height = 25.0
60.1168 	EXP 	unnamed TextStim: text = 'm'
61.5977 	DATA 	Keypress: n
61.5998 	EXP 	Created unnamed TextStim = TextStim(__class__=<class 'psychopy.visual.text.TextStim'>, alignHoriz=method-wrapper(...), alignText='center', alignVert=method-wrapper(...), anchorHoriz='center', anchorVert='center', antialias=True, autoDraw=False, autoLog=True, bold=False, color=array([-1, -1, -1]), colorSpace='rgb', contrast=1.0, depth=0, flipHoriz=False, flipVert=False, font='', fontFiles=[], height=50.0, italic=False, languageStyle='LTR', name='unnamed TextStim', opacity=1.0, ori=0.0, pos=array([0., 0.]), rgb=UNKNOWN, text='Niepoprawnie', units='pix', win=Window(...), wrapWidth=500)
62.6169 	EXP 	unnamed TextStim: height = 25.0
62.6169 	EXP 	unnamed TextStim: height = 25.0
62.6169 	EXP 	unnamed TextStim: height = 25.0
62.6169 	EXP 	unnamed TextStim: text = 'x'
64.2331 	DATA 	Keypress: x
64.2351 	EXP 	Created unnamed TextStim = TextStim(__class__=<class 'psychopy.visual.text.TextStim'>, alignHoriz=method-wrapper(...), alignText='center', alignVert=method-wrapper(...), anchorHoriz='center', anchorVert='center', antialias=True, autoDraw=False, autoLog=True, bold=False, color=array([-1, -1, -1]), colorSpace='rgb', contrast=1.0, depth=0, flipHoriz=False, flipVert=False, font='', fontFiles=[], height=50.0, italic=False, languageStyle='LTR', name='unnamed TextStim', opacity=1.0, ori=0.0, pos=array([0., 0.]), rgb=UNKNOWN, text='Poprawnie', units='pix', win=Window(...), wrapWidth=500)
65.2502 	EXP 	unnamed TextStim: height = 25.0
65.2502 	EXP 	unnamed TextStim: height = 25.0
65.2502 	EXP 	unnamed TextStim: height = 25.0
65.2502 	EXP 	unnamed TextStim: text = 'm'
66.8185 	DATA 	Keypress: m
66.8209 	EXP 	Created unnamed TextStim = TextStim(__class__=<class 'psychopy.visual.text.TextStim'>, alignHoriz=method-wrapper(...), alignText='center', alignVert=method-wrapper(...), anchorHoriz='center', anchorVert='center', antialias=True, autoDraw=False, autoLog=True, bold=False, color=array([-1, -1, -1]), colorSpace='rgb', contrast=1.0, depth=0, flipHoriz=False, flipVert=False, font='', fontFiles=[], height=50.0, italic=False, languageStyle='LTR', name='unnamed TextStim', opacity=1.0, ori=0.0, pos=array([0., 0.]), rgb=UNKNOWN, text='Poprawnie', units='pix', win=Window(...), wrapWidth=500)
67.8337 	EXP 	unnamed TextStim: height = 25.0
67.8337 	EXP 	unnamed TextStim: height = 25.0
67.8337 	EXP 	unnamed TextStim: height = 25.0
67.8337 	EXP 	unnamed TextStim: text = 'z'
69.4829 	DATA 	Keypress: z
69.4856 	EXP 	Created unnamed TextStim = TextStim(__class__=<class 'psychopy.visual.text.TextStim'>, alignHoriz=method-wrapper(...), alignText='center', alignVert=method-wrapper(...), anchorHoriz='center', anchorVert='center', antialias=True, autoDraw=False, autoLog=True, bold=False, color=array([-1, -1, -1]), colorSpace='rgb', contrast=1.0, depth=0, flipHoriz=False, flipVert=False, font='', fontFiles=[], height=50.0, italic=False, languageStyle='LTR', name='unnamed TextStim', opacity=1.0, ori=0.0, pos=array([0., 0.]), rgb=UNKNOWN, text='Poprawnie', units='pix', win=Window(...), wrapWidth=500)
70.5008 	EXP 	unnamed TextStim: height = 25.0
70.5008 	EXP 	unnamed TextStim: height = 25.0
70.5008 	EXP 	unnamed TextStim: height = 25.0
70.5008 	EXP 	unnamed TextStim: text = 'm'
71.9524 	DATA 	Keypress: m
72.7263 	DATA 	Keypress: m
72.7287 	EXP 	Created unnamed TextStim = TextStim(__class__=<class 'psychopy.visual.text.TextStim'>, alignHoriz=method-wrapper(...), alignText='center', alignVert=method-wrapper(...), anchorHoriz='center', anchorVert='center', antialias=True, autoDraw=False, autoLog=True, bold=False, color=array([-1, -1, -1]), colorSpace='rgb', contrast=1.0, depth=0, flipHoriz=False, flipVert=False, font='', fontFiles=[], height=50.0, italic=False, languageStyle='LTR', name='unnamed TextStim', opacity=1.0, ori=0.0, pos=array([0., 0.]), rgb=UNKNOWN, text='Poprawnie', units='pix', win=Window(...), wrapWidth=500)
73.7586 	EXP 	Created unnamed TextStim = TextStim(__class__=<class 'psychopy.visual.text.TextStim'>, alignHoriz=method-wrapper(...), alignText='center', alignVert=method-wrapper(...), anchorHoriz='center', anchorVert='center', antialias=True, autoDraw=False, autoLog=True, bold=False, color=array([-1, -1, -1]), colorSpace='rgb', contrast=1.0, depth=0, flipHoriz=False, flipVert=False, font='', fontFiles=[], height=20.0, italic=False, languageStyle='LTR', name='unnamed TextStim', opacity=1.0, ori=0.0, pos=array([0., 0.]), rgb=UNKNOWN, text=str(...), units='pix', win=Window(...), wrapWidth=1536)
87.5345 	DATA 	Keypress: space
87.5510 	EXP 	unnamed TextStim: height = 25.0
87.5510 	EXP 	unnamed TextStim: height = 25.0
87.5510 	EXP 	unnamed TextStim: height = 25.0
87.5510 	EXP 	unnamed TextStim: text = 'x'
90.0071 	DATA 	Keypress: x
90.0139 	EXP 	Created unnamed TextStim = TextStim(__class__=<class 'psychopy.visual.text.TextStim'>, alignHoriz=method-wrapper(...), alignText='center', alignVert=method-wrapper(...), anchorHoriz='center', anchorVert='center', antialias=True, autoDraw=False, autoLog=True, bold=False, color=array([-1, -1, -1]), colorSpace='rgb', contrast=1.0, depth=0, flipHoriz=False, flipVert=False, font='', fontFiles=[], height=50.0, italic=False, languageStyle='LTR', name='unnamed TextStim', opacity=1.0, ori=0.0, pos=array([0., 0.]), rgb=UNKNOWN, text='Poprawnie', units='pix', win=Window(...), wrapWidth=500)
91.0184 	EXP 	unnamed TextStim: height = 25.0
91.0184 	EXP 	unnamed TextStim: height = 25.0
91.0184 	EXP 	unnamed TextStim: height = 25.0
91.0184 	EXP 	unnamed TextStim: text = 'z'
92.7909 	DATA 	Keypress: z
92.7935 	EXP 	Created unnamed TextStim = TextStim(__class__=<class 'psychopy.visual.text.TextStim'>, alignHoriz=method-wrapper(...), alignText='center', alignVert=method-wrapper(...), anchorHoriz='center', anchorVert='center', antialias=True, autoDraw=False, autoLog=True, bold=False, color=array([-1, -1, -1]), colorSpace='rgb', contrast=1.0, depth=0, flipHoriz=False, flipVert=False, font='', fontFiles=[], height=50.0, italic=False, languageStyle='LTR', name='unnamed TextStim', opacity=1.0, ori=0.0, pos=array([0., 0.]), rgb=UNKNOWN, text='Poprawnie', units='pix', win=Window(...), wrapWidth=500)
93.8013 	EXP 	unnamed TextStim: height = 25.0
93.8013 	EXP 	unnamed TextStim: height = 25.0
93.8013 	EXP 	unnamed TextStim: height = 25.0
93.8013 	EXP 	unnamed TextStim: text = 'm'
95.3088 	DATA 	Keypress: m
95.3112 	EXP 	Created unnamed TextStim = TextStim(__class__=<class 'psychopy.visual.text.TextStim'>, alignHoriz=method-wrapper(...), alignText='center', alignVert=method-wrapper(...), anchorHoriz='center', anchorVert='center', antialias=True, autoDraw=False, autoLog=True, bold=False, color=array([-1, -1, -1]), colorSpace='rgb', contrast=1.0, depth=0, flipHoriz=False, flipVert=False, font='', fontFiles=[], height=50.0, italic=False, languageStyle='LTR', name='unnamed TextStim', opacity=1.0, ori=0.0, pos=array([0., 0.]), rgb=UNKNOWN, text='Poprawnie', units='pix', win=Window(...), wrapWidth=500)
96.3181 	EXP 	unnamed TextStim: height = 25.0
96.3181 	EXP 	unnamed TextStim: height = 25.0
96.3181 	EXP 	unnamed TextStim: height = 25.0
96.3181 	EXP 	unnamed TextStim: text = 'n'
97.9629 	DATA 	Keypress: n
97.9651 	EXP 	Created unnamed TextStim = TextStim(__class__=<class 'psychopy.visual.text.TextStim'>, alignHoriz=method-wrapper(...), alignText='center', alignVert=method-wrapper(...), anchorHoriz='center', anchorVert='center', antialias=True, autoDraw=False, autoLog=True, bold=False, color=array([-1, -1, -1]), colorSpace='rgb', contrast=1.0, depth=0, flipHoriz=False, flipVert=False, font='', fontFiles=[], height=50.0, italic=False, languageStyle='LTR', name='unnamed TextStim', opacity=1.0, ori=0.0, pos=array([0., 0.]), rgb=UNKNOWN, text='Poprawnie', units='pix', win=Window(...), wrapWidth=500)
98.9681 	EXP 	unnamed TextStim: text = 'n'
100.4897 	DATA 	Keypress: n
100.4918 	EXP 	Created unnamed TextStim = TextStim(__class__=<class 'psychopy.visual.text.TextStim'>, alignHoriz=method-wrapper(...), alignText='center', alignVert=method-wrapper(...), anchorHoriz='center', anchorVert='center', antialias=True, autoDraw=False, autoLog=True, bold=False, color=array([-1, -1, -1]), colorSpace='rgb', contrast=1.0, depth=0, flipHoriz=False, flipVert=False, font='', fontFiles=[], height=50.0, italic=False, languageStyle='LTR', name='unnamed TextStim', opacity=1.0, ori=0.0, pos=array([0., 0.]), rgb=UNKNOWN, text='Poprawnie', units='pix', win=Window(...), wrapWidth=500)
101.5017 	EXP 	unnamed TextStim: text = 'n'
103.9642 	DATA 	Keypress: m
103.9673 	EXP 	Created unnamed TextStim = TextStim(__class__=<class 'psychopy.visual.text.TextStim'>, alignHoriz=method-wrapper(...), alignText='center', alignVert=method-wrapper(...), anchorHoriz='center', anchorVert='center', antialias=True, autoDraw=False, autoLog=True, bold=False, color=array([-1, -1, -1]), colorSpace='rgb', contrast=1.0, depth=0, flipHoriz=False, flipVert=False, font='', fontFiles=[], height=50.0, italic=False, languageStyle='LTR', name='unnamed TextStim', opacity=1.0, ori=0.0, pos=array([0., 0.]), rgb=UNKNOWN, text='Niepoprawnie', units='pix', win=Window(...), wrapWidth=500)
104.9851 	EXP 	unnamed TextStim: height = 25.0
104.9851 	EXP 	unnamed TextStim: height = 25.0
104.9851 	EXP 	unnamed TextStim: height = 25.0
104.9851 	EXP 	unnamed TextStim: text = 'm'
106.5607 	DATA 	Keypress: m
106.5628 	EXP 	Created unnamed TextStim = TextStim(__class__=<class 'psychopy.visual.text.TextStim'>, alignHoriz=method-wrapper(...), alignText='center', alignVert=method-wrapper(...), anchorHoriz='center', anchorVert='center', antialias=True, autoDraw=False, autoLog=True, bold=False, color=array([-1, -1, -1]), colorSpace='rgb', contrast=1.0, depth=0, flipHoriz=False, flipVert=False, font='', fontFiles=[], height=50.0, italic=False, languageStyle='LTR', name='unnamed TextStim', opacity=1.0, ori=0.0, pos=array([0., 0.]), rgb=UNKNOWN, text='Poprawnie', units='pix', win=Window(...), wrapWidth=500)
107.5686 	EXP 	unnamed TextStim: height = 25.0
107.5686 	EXP 	unnamed TextStim: height = 25.0
107.5686 	EXP 	unnamed TextStim: height = 25.0
107.5686 	EXP 	unnamed TextStim: text = 'n'
109.3589 	DATA 	Keypress: n
109.3611 	EXP 	Created unnamed TextStim = TextStim(__class__=<class 'psychopy.visual.text.TextStim'>, alignHoriz=method-wrapper(...), alignText='center', alignVert=method-wrapper(...), anchorHoriz='center', anchorVert='center', antialias=True, autoDraw=False, autoLog=True, bold=False, color=array([-1, -1, -1]), colorSpace='rgb', contrast=1.0, depth=0, flipHoriz=False, flipVert=False, font='', fontFiles=[], height=50.0, italic=False, languageStyle='LTR', name='unnamed TextStim', opacity=1.0, ori=0.0, pos=array([0., 0.]), rgb=UNKNOWN, text='Poprawnie', units='pix', win=Window(...), wrapWidth=500)
110.3687 	EXP 	unnamed TextStim: height = 25.0
110.3687 	EXP 	unnamed TextStim: height = 25.0
110.3687 	EXP 	unnamed TextStim: height = 25.0
110.3687 	EXP 	unnamed TextStim: text = 'z'
112.6778 	DATA 	Keypress: z
112.6817 	EXP 	Created unnamed TextStim = TextStim(__class__=<class 'psychopy.visual.text.TextStim'>, alignHoriz=method-wrapper(...), alignText='center', alignVert=method-wrapper(...), anchorHoriz='center', anchorVert='center', antialias=True, autoDraw=False, autoLog=True, bold=False, color=array([-1, -1, -1]), colorSpace='rgb', contrast=1.0, depth=0, flipHoriz=False, flipVert=False, font='', fontFiles=[], height=50.0, italic=False, languageStyle='LTR', name='unnamed TextStim', opacity=1.0, ori=0.0, pos=array([0., 0.]), rgb=UNKNOWN, text='Poprawnie', units='pix', win=Window(...), wrapWidth=500)
113.6858 	EXP 	unnamed TextStim: height = 25.0
113.6858 	EXP 	unnamed TextStim: height = 25.0
113.6858 	EXP 	unnamed TextStim: height = 25.0
113.6858 	EXP 	unnamed TextStim: text = 'm'
115.2729 	DATA 	Keypress: n
115.2770 	EXP 	Created unnamed TextStim = TextStim(__class__=<class 'psychopy.visual.text.TextStim'>, alignHoriz=method-wrapper(...), alignText='center', alignVert=method-wrapper(...), anchorHoriz='center', anchorVert='center', antialias=True, autoDraw=False, autoLog=True, bold=False, color=array([-1, -1, -1]), colorSpace='rgb', contrast=1.0, depth=0, flipHoriz=False, flipVert=False, font='', fontFiles=[], height=50.0, italic=False, languageStyle='LTR', name='unnamed TextStim', opacity=1.0, ori=0.0, pos=array([0., 0.]), rgb=UNKNOWN, text='Niepoprawnie', units='pix', win=Window(...), wrapWidth=500)
116.3015 	EXP 	Created unnamed TextStim = TextStim(__class__=<class 'psychopy.visual.text.TextStim'>, alignHoriz=method-wrapper(...), alignText='center', alignVert=method-wrapper(...), anchorHoriz='center', anchorVert='center', antialias=True, autoDraw=False, autoLog=True, bold=False, color=array([-1, -1, -1]), colorSpace='rgb', contrast=1.0, depth=0, flipHoriz=False, flipVert=False, font='', fontFiles=[], height=20.0, italic=False, languageStyle='LTR', name='unnamed TextStim', opacity=1.0, ori=0.0, pos=array([0., 0.]), rgb=UNKNOWN, text=str(...), units='pix', win=Window(...), wrapWidth=1536)
130.5165 	DATA 	Keypress: space
130.5207 	EXP 	unnamed TextStim: height = 25.0
130.5207 	EXP 	unnamed TextStim: height = 25.0
130.5207 	EXP 	unnamed TextStim: height = 25.0
130.5207 	EXP 	unnamed TextStim: text = 'n'
132.0683 	DATA 	Keypress: n
132.0695 	EXP 	unnamed TextStim: text = 'n'
133.5814 	DATA 	Keypress: n
133.5848 	EXP 	unnamed TextStim: height = 25.0
133.5848 	EXP 	unnamed TextStim: height = 25.0
133.5848 	EXP 	unnamed TextStim: height = 25.0
133.5848 	EXP 	unnamed TextStim: text = 'z'
136.0723 	DATA 	Keypress: z
136.0749 	EXP 	unnamed TextStim: height = 25.0
136.0749 	EXP 	unnamed TextStim: height = 25.0
136.0749 	EXP 	unnamed TextStim: height = 25.0
136.0749 	EXP 	unnamed TextStim: text = 'n'
138.8199 	DATA 	No keypress (maxWait exceeded)
138.8222 	EXP 	unnamed TextStim: height = 25.0
138.8222 	EXP 	unnamed TextStim: height = 25.0
138.8222 	EXP 	unnamed TextStim: height = 25.0
138.8222 	EXP 	unnamed TextStim: text = 'z'
140.6081 	DATA 	Keypress: z
140.6093 	EXP 	unnamed TextStim: text = 'z'
142.0350 	DATA 	Keypress: z
142.1558 	EXP 	Created unnamed ImageStim = ImageStim(__class__=<class 'psychopy.visual.image.ImageStim'>, anchor=('center', 'center'), autoLog=True, color=array([1., 1., 1.]), colorSpace='rgb', contrast=1.0, depth=0, flipHoriz=False, flipVert=False, image='break.jpg', interpolate=True, mask=None, maskParams=None, name='unnamed ImageStim', opacity=1.0, ori=0.0, pos=array([0., 0.]), size=array([1536.,  864.]), texRes=128, units='pix', win=Window(...))
145.2869 	DATA 	Keypress: space
145.3035 	EXP 	unnamed TextStim: text = 'z'
147.9540 	DATA 	Keypress: n
147.9573 	EXP 	unnamed TextStim: height = 25.0
147.9573 	EXP 	unnamed TextStim: height = 25.0
147.9573 	EXP 	unnamed TextStim: height = 25.0
147.9573 	EXP 	unnamed TextStim: text = 'n'
149.6395 	DATA 	Keypress: n
149.6435 	EXP 	unnamed TextStim: height = 25.0
149.6435 	EXP 	unnamed TextStim: height = 25.0
149.6435 	EXP 	unnamed TextStim: height = 25.0
149.6435 	EXP 	unnamed TextStim: text = 'm'
150.9554 	DATA 	Keypress: m
150.9575 	EXP 	unnamed TextStim: height = 25.0
150.9575 	EXP 	unnamed TextStim: height = 25.0
150.9575 	EXP 	unnamed TextStim: height = 25.0
150.9575 	EXP 	unnamed TextStim: text = 'n'
152.2267 	DATA 	Keypress: n
152.2287 	EXP 	unnamed TextStim: height = 25.0
152.2287 	EXP 	unnamed TextStim: height = 25.0
152.2287 	EXP 	unnamed TextStim: height = 25.0
152.2287 	EXP 	unnamed TextStim: text = 'z'
153.4645 	DATA 	Keypress: n
153.4704 	EXP 	unnamed TextStim: text = 'z'
154.9085 	DATA 	Keypress: z
155.0400 	EXP 	Created unnamed ImageStim = ImageStim(__class__=<class 'psychopy.visual.image.ImageStim'>, anchor=('center', 'center'), autoLog=True, color=array([1., 1., 1.]), colorSpace='rgb', contrast=1.0, depth=0, flipHoriz=False, flipVert=False, image='break.jpg', interpolate=True, mask=None, maskParams=None, name='unnamed ImageStim', opacity=1.0, ori=0.0, pos=array([0., 0.]), size=array([1536.,  864.]), texRes=128, units='pix', win=Window(...))
161.5729 	DATA 	Keypress: space
161.5874 	EXP 	unnamed TextStim: height = 25.0
161.5874 	EXP 	unnamed TextStim: height = 25.0
161.5874 	EXP 	unnamed TextStim: height = 25.0
161.5874 	EXP 	unnamed TextStim: text = 'x'
163.4671 	DATA 	Keypress: x
163.4698 	EXP 	unnamed TextStim: height = 25.0
163.4698 	EXP 	unnamed TextStim: height = 25.0
163.4698 	EXP 	unnamed TextStim: height = 25.0
163.4698 	EXP 	unnamed TextStim: text = 'm'
165.1733 	DATA 	Keypress: m
165.1748 	EXP 	unnamed TextStim: text = 'm'
166.4811 	DATA 	Keypress: m
166.4836 	EXP 	unnamed TextStim: height = 25.0
166.4836 	EXP 	unnamed TextStim: height = 25.0
166.4836 	EXP 	unnamed TextStim: height = 25.0
166.4836 	EXP 	unnamed TextStim: text = 'x'
167.9748 	DATA 	Keypress: x
167.9770 	EXP 	unnamed TextStim: height = 25.0
167.9770 	EXP 	unnamed TextStim: height = 25.0
167.9770 	EXP 	unnamed TextStim: height = 25.0
167.9770 	EXP 	unnamed TextStim: text = 'n'
169.3901 	DATA 	Keypress: n
169.3925 	EXP 	unnamed TextStim: height = 25.0
169.3925 	EXP 	unnamed TextStim: height = 25.0
169.3925 	EXP 	unnamed TextStim: height = 25.0
169.3925 	EXP 	unnamed TextStim: text = 'm'
172.1545 	DATA 	No keypress (maxWait exceeded)
172.2659 	EXP 	Created unnamed ImageStim = ImageStim(__class__=<class 'psychopy.visual.image.ImageStim'>, anchor=('center', 'center'), autoLog=True, color=array([1., 1., 1.]), colorSpace='rgb', contrast=1.0, depth=0, flipHoriz=False, flipVert=False, image='break.jpg', interpolate=True, mask=None, maskParams=None, name='unnamed ImageStim', opacity=1.0, ori=0.0, pos=array([0., 0.]), size=array([1536.,  864.]), texRes=128, units='pix', win=Window(...))
175.6974 	DATA 	Keypress: space
175.7043 	EXP 	unnamed TextStim: height = 25.0
175.7043 	EXP 	unnamed TextStim: height = 25.0
175.7043 	EXP 	unnamed TextStim: height = 25.0
175.7043 	EXP 	unnamed TextStim: text = 'n'
177.1647 	DATA 	Keypress: n
177.1659 	EXP 	unnamed TextStim: text = 'n'
178.5962 	DATA 	Keypress: n
178.5986 	EXP 	unnamed TextStim: height = 25.0
178.5986 	EXP 	unnamed TextStim: height = 25.0
178.5986 	EXP 	unnamed TextStim: height = 25.0
178.5986 	EXP 	unnamed TextStim: text = 'z'
180.1300 	DATA 	Keypress: z
180.1323 	EXP 	unnamed TextStim: height = 25.0
180.1323 	EXP 	unnamed TextStim: height = 25.0
180.1323 	EXP 	unnamed TextStim: height = 25.0
180.1323 	EXP 	unnamed TextStim: text = 'm'
181.6731 	DATA 	Keypress: n
181.6772 	EXP 	unnamed TextStim: height = 25.0
181.6772 	EXP 	unnamed TextStim: height = 25.0
181.6772 	EXP 	unnamed TextStim: height = 25.0
181.6772 	EXP 	unnamed TextStim: text = 'x'
183.7444 	DATA 	Keypress: m
183.7472 	EXP 	unnamed TextStim: height = 25.0
183.7472 	EXP 	unnamed TextStim: height = 25.0
183.7472 	EXP 	unnamed TextStim: height = 25.0
183.7472 	EXP 	unnamed TextStim: text = 'z'
185.1140 	DATA 	Keypress: z
185.2279 	EXP 	Created unnamed ImageStim = ImageStim(__class__=<class 'psychopy.visual.image.ImageStim'>, anchor=('center', 'center'), autoLog=True, color=array([1., 1., 1.]), colorSpace='rgb', contrast=1.0, depth=0, flipHoriz=False, flipVert=False, image='break.jpg', interpolate=True, mask=None, maskParams=None, name='unnamed ImageStim', opacity=1.0, ori=0.0, pos=array([0., 0.]), size=array([1536.,  864.]), texRes=128, units='pix', win=Window(...))
189.1053 	DATA 	Keypress: space
189.1216 	EXP 	unnamed TextStim: height = 25.0
189.1216 	EXP 	unnamed TextStim: height = 25.0
189.1216 	EXP 	unnamed TextStim: height = 25.0
189.1216 	EXP 	unnamed TextStim: text = 'm'
190.6831 	DATA 	Keypress: m
190.6844 	EXP 	unnamed TextStim: text = 'm'
192.1590 	DATA 	Keypress: n
192.1603 	EXP 	unnamed TextStim: text = 'm'
193.6979 	DATA 	Keypress: n
193.7005 	EXP 	unnamed TextStim: height = 25.0
193.7005 	EXP 	unnamed TextStim: height = 25.0
193.7005 	EXP 	unnamed TextStim: height = 25.0
193.7005 	EXP 	unnamed TextStim: text = 'n'
195.2167 	DATA 	Keypress: n
195.2195 	EXP 	unnamed TextStim: height = 25.0
195.2195 	EXP 	unnamed TextStim: height = 25.0
195.2195 	EXP 	unnamed TextStim: height = 25.0
195.2195 	EXP 	unnamed TextStim: text = 'z'
197.9017 	DATA 	Keypress: z
197.9043 	EXP 	unnamed TextStim: height = 25.0
197.9043 	EXP 	unnamed TextStim: height = 25.0
197.9043 	EXP 	unnamed TextStim: height = 25.0
197.9043 	EXP 	unnamed TextStim: text = 'm'
199.3839 	DATA 	Keypress: m
199.5087 	EXP 	Created unnamed ImageStim = ImageStim(__class__=<class 'psychopy.visual.image.ImageStim'>, anchor=('center', 'center'), autoLog=True, color=array([1., 1., 1.]), colorSpace='rgb', contrast=1.0, depth=0, flipHoriz=False, flipVert=False, image='break.jpg', interpolate=True, mask=None, maskParams=None, name='unnamed ImageStim', opacity=1.0, ori=0.0, pos=array([0., 0.]), size=array([1536.,  864.]), texRes=128, units='pix', win=Window(...))
201.9639 	DATA 	Keypress: space
201.9722 	EXP 	unnamed TextStim: height = 25.0
201.9722 	EXP 	unnamed TextStim: height = 25.0
201.9722 	EXP 	unnamed TextStim: height = 25.0
201.9722 	EXP 	unnamed TextStim: text = 'z'
203.5334 	DATA 	Keypress: z
203.5356 	EXP 	unnamed TextStim: height = 25.0
203.5356 	EXP 	unnamed TextStim: height = 25.0
203.5356 	EXP 	unnamed TextStim: height = 25.0
203.5356 	EXP 	unnamed TextStim: text = 'n'
205.0684 	DATA 	Keypress: n
205.0739 	EXP 	unnamed TextStim: height = 25.0
205.0739 	EXP 	unnamed TextStim: height = 25.0
205.0739 	EXP 	unnamed TextStim: height = 25.0
205.0739 	EXP 	unnamed TextStim: text = 'z'
206.7109 	DATA 	Keypress: z
206.7132 	EXP 	unnamed TextStim: height = 25.0
206.7132 	EXP 	unnamed TextStim: height = 25.0
206.7132 	EXP 	unnamed TextStim: height = 25.0
206.7132 	EXP 	unnamed TextStim: text = 'm'
208.1709 	DATA 	Keypress: m
208.1722 	EXP 	unnamed TextStim: text = 'm'
209.6438 	DATA 	Keypress: m
209.6460 	EXP 	unnamed TextStim: height = 25.0
209.6460 	EXP 	unnamed TextStim: height = 25.0
209.6460 	EXP 	unnamed TextStim: height = 25.0
209.6460 	EXP 	unnamed TextStim: text = 'n'
210.9508 	DATA 	Keypress: n
211.0574 	EXP 	Created unnamed ImageStim = ImageStim(__class__=<class 'psychopy.visual.image.ImageStim'>, anchor=('center', 'center'), autoLog=True, color=array([1., 1., 1.]), colorSpace='rgb', contrast=1.0, depth=0, flipHoriz=False, flipVert=False, image='break.jpg', interpolate=True, mask=None, maskParams=None, name='unnamed ImageStim', opacity=1.0, ori=0.0, pos=array([0., 0.]), size=array([1536.,  864.]), texRes=128, units='pix', win=Window(...))
213.5913 	DATA 	Keypress: space
213.6059 	EXP 	unnamed TextStim: height = 25.0
213.6059 	EXP 	unnamed TextStim: height = 25.0
213.6059 	EXP 	unnamed TextStim: height = 25.0
213.6059 	EXP 	unnamed TextStim: text = 'm'
216.2791 	DATA 	Keypress: n
216.2814 	EXP 	unnamed TextStim: height = 25.0
216.2814 	EXP 	unnamed TextStim: height = 25.0
216.2814 	EXP 	unnamed TextStim: height = 25.0
216.2814 	EXP 	unnamed TextStim: text = 'n'
217.8566 	DATA 	Keypress: n
217.8603 	EXP 	unnamed TextStim: height = 25.0
217.8603 	EXP 	unnamed TextStim: height = 25.0
217.8603 	EXP 	unnamed TextStim: height = 25.0
217.8603 	EXP 	unnamed TextStim: text = 'z'
219.3253 	DATA 	Keypress: z
219.3275 	EXP 	unnamed TextStim: height = 25.0
219.3275 	EXP 	unnamed TextStim: height = 25.0
219.3275 	EXP 	unnamed TextStim: height = 25.0
219.3275 	EXP 	unnamed TextStim: text = 'n'
221.5520 	DATA 	Keypress: n
221.5557 	EXP 	unnamed TextStim: height = 25.0
221.5557 	EXP 	unnamed TextStim: height = 25.0
221.5557 	EXP 	unnamed TextStim: height = 25.0
221.5557 	EXP 	unnamed TextStim: text = 'm'
223.0146 	DATA 	Keypress: m
223.0167 	EXP 	unnamed TextStim: height = 25.0
223.0167 	EXP 	unnamed TextStim: height = 25.0
223.0167 	EXP 	unnamed TextStim: height = 25.0
223.0167 	EXP 	unnamed TextStim: text = 'z'
225.3409 	DATA 	Keypress: x
225.4999 	EXP 	Created unnamed ImageStim = ImageStim(__class__=<class 'psychopy.visual.image.ImageStim'>, anchor=('center', 'center'), autoLog=True, color=array([1., 1., 1.]), colorSpace='rgb', contrast=1.0, depth=0, flipHoriz=False, flipVert=False, image='break.jpg', interpolate=True, mask=None, maskParams=None, name='unnamed ImageStim', opacity=1.0, ori=0.0, pos=array([0., 0.]), size=array([1536.,  864.]), texRes=128, units='pix', win=Window(...))
228.0091 	DATA 	Keypress: space
228.0229 	EXP 	unnamed TextStim: height = 25.0
228.0229 	EXP 	unnamed TextStim: height = 25.0
228.0229 	EXP 	unnamed TextStim: height = 25.0
228.0229 	EXP 	unnamed TextStim: text = 'm'
229.5384 	DATA 	Keypress: m
229.5396 	EXP 	unnamed TextStim: text = 'm'
231.0870 	DATA 	Keypress: m
231.0895 	EXP 	unnamed TextStim: height = 25.0
231.0895 	EXP 	unnamed TextStim: height = 25.0
231.0895 	EXP 	unnamed TextStim: height = 25.0
231.0895 	EXP 	unnamed TextStim: text = 'z'
233.7724 	DATA 	Keypress: n
233.7750 	EXP 	unnamed TextStim: height = 25.0
233.7750 	EXP 	unnamed TextStim: height = 25.0
233.7750 	EXP 	unnamed TextStim: height = 25.0
233.7750 	EXP 	unnamed TextStim: text = 'm'
235.6689 	DATA 	Keypress: n
235.6701 	EXP 	unnamed TextStim: text = 'm'
237.0089 	DATA 	Keypress: m
237.0113 	EXP 	unnamed TextStim: height = 25.0
237.0113 	EXP 	unnamed TextStim: height = 25.0
237.0113 	EXP 	unnamed TextStim: height = 25.0
237.0113 	EXP 	unnamed TextStim: text = 'z'
239.7573 	DATA 	No keypress (maxWait exceeded)
239.8725 	EXP 	Created unnamed ImageStim = ImageStim(__class__=<class 'psychopy.visual.image.ImageStim'>, anchor=('center', 'center'), autoLog=True, color=array([1., 1., 1.]), colorSpace='rgb', contrast=1.0, depth=0, flipHoriz=False, flipVert=False, image='break.jpg', interpolate=True, mask=None, maskParams=None, name='unnamed ImageStim', opacity=1.0, ori=0.0, pos=array([0., 0.]), size=array([1536.,  864.]), texRes=128, units='pix', win=Window(...))
242.9774 	DATA 	Keypress: space
242.9902 	EXP 	unnamed TextStim: height = 25.0
242.9902 	EXP 	unnamed TextStim: height = 25.0
242.9902 	EXP 	unnamed TextStim: height = 25.0
242.9902 	EXP 	unnamed TextStim: text = 'n'
244.5274 	DATA 	Keypress: n
244.5296 	EXP 	unnamed TextStim: height = 25.0
244.5296 	EXP 	unnamed TextStim: height = 25.0
244.5296 	EXP 	unnamed TextStim: height = 25.0
244.5296 	EXP 	unnamed TextStim: text = 'm'
245.8803 	DATA 	Keypress: m
245.8835 	EXP 	unnamed TextStim: height = 25.0
245.8835 	EXP 	unnamed TextStim: height = 25.0
245.8835 	EXP 	unnamed TextStim: height = 25.0
245.8835 	EXP 	unnamed TextStim: text = 'n'
247.3347 	DATA 	Keypress: n
247.3370 	EXP 	unnamed TextStim: height = 25.0
247.3370 	EXP 	unnamed TextStim: height = 25.0
247.3370 	EXP 	unnamed TextStim: height = 25.0
247.3370 	EXP 	unnamed TextStim: text = 'z'
248.6700 	DATA 	Keypress: z
248.6713 	EXP 	unnamed TextStim: text = 'z'
250.5341 	DATA 	Keypress: z
250.5383 	EXP 	unnamed TextStim: height = 25.0
250.5383 	EXP 	unnamed TextStim: height = 25.0
250.5383 	EXP 	unnamed TextStim: height = 25.0
250.5383 	EXP 	unnamed TextStim: text = 'x'
252.2160 	DATA 	Keypress: x
252.3388 	EXP 	Created unnamed ImageStim = ImageStim(__class__=<class 'psychopy.visual.image.ImageStim'>, anchor=('center', 'center'), autoLog=True, color=array([1., 1., 1.]), colorSpace='rgb', contrast=1.0, depth=0, flipHoriz=False, flipVert=False, image='break.jpg', interpolate=True, mask=None, maskParams=None, name='unnamed ImageStim', opacity=1.0, ori=0.0, pos=array([0., 0.]), size=array([1536.,  864.]), texRes=128, units='pix', win=Window(...))
255.3311 	DATA 	Keypress: space
255.3405 	EXP 	unnamed TextStim: height = 25.0
255.3405 	EXP 	unnamed TextStim: height = 25.0
255.3405 	EXP 	unnamed TextStim: height = 25.0
255.3405 	EXP 	unnamed TextStim: text = 'n'
256.8402 	DATA 	Keypress: n
256.8426 	EXP 	unnamed TextStim: height = 25.0
256.8426 	EXP 	unnamed TextStim: height = 25.0
256.8426 	EXP 	unnamed TextStim: height = 25.0
256.8426 	EXP 	unnamed TextStim: text = 'm'
258.2186 	DATA 	Keypress: m
258.2208 	EXP 	unnamed TextStim: height = 25.0
258.2208 	EXP 	unnamed TextStim: height = 25.0
258.2208 	EXP 	unnamed TextStim: height = 25.0
258.2208 	EXP 	unnamed TextStim: text = 'n'
260.5508 	DATA 	Keypress: n
260.5530 	EXP 	unnamed TextStim: height = 25.0
260.5530 	EXP 	unnamed TextStim: height = 25.0
260.5530 	EXP 	unnamed TextStim: height = 25.0
260.5530 	EXP 	unnamed TextStim: text = 'm'
261.9939 	DATA 	Keypress: m
261.9950 	EXP 	unnamed TextStim: text = 'm'
263.4986 	DATA 	Keypress: n
263.5010 	EXP 	unnamed TextStim: height = 25.0
263.5010 	EXP 	unnamed TextStim: height = 25.0
263.5010 	EXP 	unnamed TextStim: height = 25.0
263.5010 	EXP 	unnamed TextStim: text = 'z'
265.2308 	DATA 	Keypress: z
265.3440 	EXP 	Created unnamed ImageStim = ImageStim(__class__=<class 'psychopy.visual.image.ImageStim'>, anchor=('center', 'center'), autoLog=True, color=array([1., 1., 1.]), colorSpace='rgb', contrast=1.0, depth=0, flipHoriz=False, flipVert=False, image='break.jpg', interpolate=True, mask=None, maskParams=None, name='unnamed ImageStim', opacity=1.0, ori=0.0, pos=array([0., 0.]), size=array([1536.,  864.]), texRes=128, units='pix', win=Window(...))
268.7977 	DATA 	Keypress: space
268.8079 	EXP 	unnamed TextStim: height = 25.0
268.8079 	EXP 	unnamed TextStim: height = 25.0
268.8079 	EXP 	unnamed TextStim: height = 25.0
268.8079 	EXP 	unnamed TextStim: text = 'm'
270.2282 	DATA 	Keypress: m
270.2303 	EXP 	unnamed TextStim: height = 25.0
270.2303 	EXP 	unnamed TextStim: height = 25.0
270.2303 	EXP 	unnamed TextStim: height = 25.0
270.2303 	EXP 	unnamed TextStim: text = 'n'
271.6547 	DATA 	Keypress: n
271.6617 	EXP 	unnamed TextStim: height = 25.0
271.6617 	EXP 	unnamed TextStim: height = 25.0
271.6617 	EXP 	unnamed TextStim: height = 25.0
271.6617 	EXP 	unnamed TextStim: text = 'z'
273.2629 	DATA 	Keypress: n
273.2651 	EXP 	unnamed TextStim: height = 25.0
273.2651 	EXP 	unnamed TextStim: height = 25.0
273.2651 	EXP 	unnamed TextStim: height = 25.0
273.2651 	EXP 	unnamed TextStim: text = 'n'
274.8095 	DATA 	Keypress: n
274.8118 	EXP 	unnamed TextStim: height = 25.0
274.8118 	EXP 	unnamed TextStim: height = 25.0
274.8118 	EXP 	unnamed TextStim: height = 25.0
274.8118 	EXP 	unnamed TextStim: text = 'x'
276.5836 	DATA 	Keypress: x
276.5859 	EXP 	unnamed TextStim: height = 25.0
276.5859 	EXP 	unnamed TextStim: height = 25.0
276.5859 	EXP 	unnamed TextStim: height = 25.0
276.5859 	EXP 	unnamed TextStim: text = 'm'
278.9436 	DATA 	Keypress: n
279.0641 	EXP 	Created unnamed ImageStim = ImageStim(__class__=<class 'psychopy.visual.image.ImageStim'>, anchor=('center', 'center'), autoLog=True, color=array([1., 1., 1.]), colorSpace='rgb', contrast=1.0, depth=0, flipHoriz=False, flipVert=False, image='break.jpg', interpolate=True, mask=None, maskParams=None, name='unnamed ImageStim', opacity=1.0, ori=0.0, pos=array([0., 0.]), size=array([1536.,  864.]), texRes=128, units='pix', win=Window(...))
286.8402 	DATA 	Keypress: space
286.8555 	EXP 	Created unnamed TextStim = TextStim(__class__=<class 'psychopy.visual.text.TextStim'>, alignHoriz=method-wrapper(...), alignText='center', alignVert=method-wrapper(...), anchorHoriz='center', anchorVert='center', antialias=True, autoDraw=False, autoLog=True, bold=False, color=array([-1, -1, -1]), colorSpace='rgb', contrast=1.0, depth=0, flipHoriz=False, flipVert=False, font='', fontFiles=[], height=20.0, italic=False, languageStyle='LTR', name='unnamed TextStim', opacity=1.0, ori=0.0, pos=array([0., 0.]), rgb=UNKNOWN, text=str(...), units='pix', win=Window(...), wrapWidth=1536)
289.5302 	DATA 	Keypress: space
289.6425 	EXP 	window1: mouseVisible = True
