8.6981 	WARNING 	User requested fullscreen with size [1536  864], but screen is actually [1920, 1080]. Using actual size
10.1889 	INFO 	FRAME RATE: 60
10.1889 	INFO 	SCREEN RES: odict_values([1536, 864])
10.2492 	EXP 	Created unnamed TextStim = TextStim(__class__=<class 'psychopy.visual.text.TextStim'>, alignHoriz=method-wrapper(...), alignText='center', alignVert=method-wrapper(...), anchorHoriz='center', anchorVert='center', antialias=True, autoDraw=False, autoLog=True, bold=False, color=array([-1, -1, -1]), colorSpace='rgb', contrast=1.0, depth=0, flipHoriz=False, flipVert=False, font='', fontFiles=[], height=100.0, italic=False, languageStyle='LTR', name='unnamed TextStim', opacity=1.0, ori=0.0, pos=array([0., 0.]), rgb=UNKNOWN, text='+', units='pix', win=Window(...), wrapWidth=500)
10.2536 	EXP 	Created unnamed Circle = Circle(__class__=<class 'psychopy.visual.circle.Circle'>, anchor=('center', 'center'), autoDraw=False, autoLog=True, closeShape=True, color=method-wrapper(...), colorSpace='rgb', contrast=None, depth=0, fillColor=array([ 0.09019608, -1.        , -1.        ]), fillColorSpace='rgb', fillRGB=array([ 0.09019608, -1.        , -1.        ]), interpolate=True, lineColor=array([ 0.09019608, -1.        , -1.        ]), lineColorSpace='rgb', lineRGB=array([ 0.09019608, -1.        , -1.        ]), lineWidth=1.5, name='unnamed Circle', opacity=1.0, ori=0.0, pos=array([0., 0.]), size=array([1., 1.]), units='pix', vertices=ndarray(...), win=Window(...))
10.2548 	EXP 	Created unnamed TextStim = TextStim(__class__=<class 'psychopy.visual.text.TextStim'>, alignHoriz=method-wrapper(...), alignText='center', alignVert=method-wrapper(...), anchorHoriz='center', anchorVert='center', antialias=True, autoDraw=False, autoLog=True, bold=False, color=array([-0.17647059, -0.17647059, -0.17647059]), colorSpace='rgb', contrast=1.0, depth=0, flipHoriz=False, flipVert=False, font='', fontFiles=[], height=25, italic=False, languageStyle='LTR', name='unnamed TextStim', opacity=1.0, ori=0.0, pos=array([0., 0.]), rgb=UNKNOWN, text='', units='pix', win=Window(...), wrapWidth=500)
10.2642 	EXP 	Created unnamed ImageStim = ImageStim(__class__=<class 'psychopy.visual.image.ImageStim'>, anchor=('center', 'center'), autoLog=True, color=array([1., 1., 1.]), colorSpace='rgb', contrast=1.0, depth=0, flipHoriz=False, flipVert=False, image='mask4.png', interpolate=False, mask=None, maskParams=None, name='unnamed ImageStim', opacity=1.0, ori=0.0, pos=array([0., 0.]), size=array([25., 25.]), texRes=128, units='pix', win=Window(...))
10.2729 	EXP 	Created unnamed TextStim = TextStim(__class__=<class 'psychopy.visual.text.TextStim'>, alignHoriz=method-wrapper(...), alignText='center', alignVert=method-wrapper(...), anchorHoriz='center', anchorVert='center', antialias=True, autoDraw=False, autoLog=True, bold=False, color=array([-1, -1, -1]), colorSpace='rgb', contrast=1.0, depth=0, flipHoriz=False, flipVert=False, font='', fontFiles=[], height=30.0, italic=False, languageStyle='LTR', name='unnamed TextStim', opacity=1.0, ori=0.0, pos=array([ 100., -300.]), rgb=UNKNOWN, text=str(...), units='pix', win=Window(...), wrapWidth=10000)
10.2775 	EXP 	Created unnamed TextStim = TextStim(__class__=<class 'psychopy.visual.text.TextStim'>, alignHoriz=method-wrapper(...), alignText='center', alignVert=method-wrapper(...), anchorHoriz='center', anchorVert='center', antialias=True, autoDraw=False, autoLog=True, bold=False, color=array([-1, -1, -1]), colorSpace='rgb', contrast=1.0, depth=0, flipHoriz=False, flipVert=False, font='', fontFiles=[], height=30.0, italic=False, languageStyle='LTR', name='unnamed TextStim', opacity=1.0, ori=0.0, pos=array([ 100., -330.]), rgb=UNKNOWN, text=str(...), units='pix', win=Window(...), wrapWidth=10000)
10.3189 	EXP 	Created unnamed TextStim = TextStim(__class__=<class 'psychopy.visual.text.TextStim'>, alignHoriz=method-wrapper(...), alignText='center', alignVert=method-wrapper(...), anchorHoriz='center', anchorVert='center', antialias=True, autoDraw=False, autoLog=True, bold=False, color=array([-1, -1, -1]), colorSpace='rgb', contrast=1.0, depth=0, flipHoriz=False, flipVert=False, font='', fontFiles=[], height=20.0, italic=False, languageStyle='LTR', name='unnamed TextStim', opacity=1.0, ori=0.0, pos=array([0., 0.]), rgb=UNKNOWN, text=str(...), units='pix', win=Window(...), wrapWidth=1536)
16.5239 	DATA 	Keypress: space
16.5350 	EXP 	unnamed TextStim: height = 25.0
16.5350 	EXP 	unnamed TextStim: height = 25.0
16.5350 	EXP 	unnamed TextStim: height = 25.0
16.5350 	EXP 	unnamed TextStim: text = 'n'
18.1275 	DATA 	Keypress: n
18.1365 	EXP 	Created unnamed TextStim = TextStim(__class__=<class 'psychopy.visual.text.TextStim'>, alignHoriz=method-wrapper(...), alignText='center', alignVert=method-wrapper(...), anchorHoriz='center', anchorVert='center', antialias=True, autoDraw=False, autoLog=True, bold=False, color=array([-1, -1, -1]), colorSpace='rgb', contrast=1.0, depth=0, flipHoriz=False, flipVert=False, font='', fontFiles=[], height=50.0, italic=False, languageStyle='LTR', name='unnamed TextStim', opacity=1.0, ori=0.0, pos=array([0., 0.]), rgb=UNKNOWN, text='Poprawnie', units='pix', win=Window(...), wrapWidth=500)
19.1521 	EXP 	unnamed TextStim: text = 'n'
20.5028 	DATA 	Keypress: n
20.5077 	EXP 	Created unnamed TextStim = TextStim(__class__=<class 'psychopy.visual.text.TextStim'>, alignHoriz=method-wrapper(...), alignText='center', alignVert=method-wrapper(...), anchorHoriz='center', anchorVert='center', antialias=True, autoDraw=False, autoLog=True, bold=False, color=array([-1, -1, -1]), colorSpace='rgb', contrast=1.0, depth=0, flipHoriz=False, flipVert=False, font='', fontFiles=[], height=50.0, italic=False, languageStyle='LTR', name='unnamed TextStim', opacity=1.0, ori=0.0, pos=array([0., 0.]), rgb=UNKNOWN, text='Poprawnie', units='pix', win=Window(...), wrapWidth=500)
21.5355 	EXP 	unnamed TextStim: height = 25.0
21.5355 	EXP 	unnamed TextStim: height = 25.0
21.5355 	EXP 	unnamed TextStim: height = 25.0
21.5355 	EXP 	unnamed TextStim: text = 'z'
22.9871 	DATA 	Keypress: z
24.5025 	DATA 	No keypress (maxWait exceeded)
24.5060 	EXP 	Created unnamed TextStim = TextStim(__class__=<class 'psychopy.visual.text.TextStim'>, alignHoriz=method-wrapper(...), alignText='center', alignVert=method-wrapper(...), anchorHoriz='center', anchorVert='center', antialias=True, autoDraw=False, autoLog=True, bold=False, color=array([-1, -1, -1]), colorSpace='rgb', contrast=1.0, depth=0, flipHoriz=False, flipVert=False, font='', fontFiles=[], height=50.0, italic=False, languageStyle='LTR', name='unnamed TextStim', opacity=1.0, ori=0.0, pos=array([0., 0.]), rgb=UNKNOWN, text='Niepoprawnie', units='pix', win=Window(...), wrapWidth=500)
25.5190 	EXP 	unnamed TextStim: text = 'z'
26.9203 	DATA 	Keypress: z
26.9250 	EXP 	Created unnamed TextStim = TextStim(__class__=<class 'psychopy.visual.text.TextStim'>, alignHoriz=method-wrapper(...), alignText='center', alignVert=method-wrapper(...), anchorHoriz='center', anchorVert='center', antialias=True, autoDraw=False, autoLog=True, bold=False, color=array([-1, -1, -1]), colorSpace='rgb', contrast=1.0, depth=0, flipHoriz=False, flipVert=False, font='', fontFiles=[], height=50.0, italic=False, languageStyle='LTR', name='unnamed TextStim', opacity=1.0, ori=0.0, pos=array([0., 0.]), rgb=UNKNOWN, text='Poprawnie', units='pix', win=Window(...), wrapWidth=500)
27.9523 	EXP 	unnamed TextStim: text = 'z'
29.2531 	DATA 	Keypress: z
29.2583 	EXP 	Created unnamed TextStim = TextStim(__class__=<class 'psychopy.visual.text.TextStim'>, alignHoriz=method-wrapper(...), alignText='center', alignVert=method-wrapper(...), anchorHoriz='center', anchorVert='center', antialias=True, autoDraw=False, autoLog=True, bold=False, color=array([-1, -1, -1]), colorSpace='rgb', contrast=1.0, depth=0, flipHoriz=False, flipVert=False, font='', fontFiles=[], height=50.0, italic=False, languageStyle='LTR', name='unnamed TextStim', opacity=1.0, ori=0.0, pos=array([0., 0.]), rgb=UNKNOWN, text='Poprawnie', units='pix', win=Window(...), wrapWidth=500)
30.2859 	EXP 	unnamed TextStim: height = 25.0
30.2859 	EXP 	unnamed TextStim: height = 25.0
30.2859 	EXP 	unnamed TextStim: height = 25.0
30.2859 	EXP 	unnamed TextStim: text = 'n'
31.5698 	DATA 	Keypress: z
31.5749 	EXP 	Created unnamed TextStim = TextStim(__class__=<class 'psychopy.visual.text.TextStim'>, alignHoriz=method-wrapper(...), alignText='center', alignVert=method-wrapper(...), anchorHoriz='center', anchorVert='center', antialias=True, autoDraw=False, autoLog=True, bold=False, color=array([-1, -1, -1]), colorSpace='rgb', contrast=1.0, depth=0, flipHoriz=False, flipVert=False, font='', fontFiles=[], height=50.0, italic=False, languageStyle='LTR', name='unnamed TextStim', opacity=1.0, ori=0.0, pos=array([0., 0.]), rgb=UNKNOWN, text='Niepoprawnie', units='pix', win=Window(...), wrapWidth=500)
32.6027 	EXP 	unnamed TextStim: text = 'n'
34.0721 	DATA 	Keypress: n
34.0779 	EXP 	Created unnamed TextStim = TextStim(__class__=<class 'psychopy.visual.text.TextStim'>, alignHoriz=method-wrapper(...), alignText='center', alignVert=method-wrapper(...), anchorHoriz='center', anchorVert='center', antialias=True, autoDraw=False, autoLog=True, bold=False, color=array([-1, -1, -1]), colorSpace='rgb', contrast=1.0, depth=0, flipHoriz=False, flipVert=False, font='', fontFiles=[], height=50.0, italic=False, languageStyle='LTR', name='unnamed TextStim', opacity=1.0, ori=0.0, pos=array([0., 0.]), rgb=UNKNOWN, text='Poprawnie', units='pix', win=Window(...), wrapWidth=500)
35.1027 	EXP 	unnamed TextStim: height = 25.0
35.1027 	EXP 	unnamed TextStim: height = 25.0
35.1027 	EXP 	unnamed TextStim: height = 25.0
35.1027 	EXP 	unnamed TextStim: text = 'x'
36.8390 	DATA 	Keypress: x
36.8417 	EXP 	Created unnamed TextStim = TextStim(__class__=<class 'psychopy.visual.text.TextStim'>, alignHoriz=method-wrapper(...), alignText='center', alignVert=method-wrapper(...), anchorHoriz='center', anchorVert='center', antialias=True, autoDraw=False, autoLog=True, bold=False, color=array([-1, -1, -1]), colorSpace='rgb', contrast=1.0, depth=0, flipHoriz=False, flipVert=False, font='', fontFiles=[], height=50.0, italic=False, languageStyle='LTR', name='unnamed TextStim', opacity=1.0, ori=0.0, pos=array([0., 0.]), rgb=UNKNOWN, text='Poprawnie', units='pix', win=Window(...), wrapWidth=500)
37.8529 	EXP 	unnamed TextStim: height = 25.0
37.8529 	EXP 	unnamed TextStim: height = 25.0
37.8529 	EXP 	unnamed TextStim: height = 25.0
37.8529 	EXP 	unnamed TextStim: text = 'z'
40.3289 	DATA 	Keypress: x
40.3310 	EXP 	Created unnamed TextStim = TextStim(__class__=<class 'psychopy.visual.text.TextStim'>, alignHoriz=method-wrapper(...), alignText='center', alignVert=method-wrapper(...), anchorHoriz='center', anchorVert='center', antialias=True, autoDraw=False, autoLog=True, bold=False, color=array([-1, -1, -1]), colorSpace='rgb', contrast=1.0, depth=0, flipHoriz=False, flipVert=False, font='', fontFiles=[], height=50.0, italic=False, languageStyle='LTR', name='unnamed TextStim', opacity=1.0, ori=0.0, pos=array([0., 0.]), rgb=UNKNOWN, text='Niepoprawnie', units='pix', win=Window(...), wrapWidth=500)
41.3361 	EXP 	unnamed TextStim: height = 25.0
41.3361 	EXP 	unnamed TextStim: height = 25.0
41.3361 	EXP 	unnamed TextStim: height = 25.0
41.3361 	EXP 	unnamed TextStim: text = 'x'
43.0626 	DATA 	Keypress: z
43.0654 	EXP 	Created unnamed TextStim = TextStim(__class__=<class 'psychopy.visual.text.TextStim'>, alignHoriz=method-wrapper(...), alignText='center', alignVert=method-wrapper(...), anchorHoriz='center', anchorVert='center', antialias=True, autoDraw=False, autoLog=True, bold=False, color=array([-1, -1, -1]), colorSpace='rgb', contrast=1.0, depth=0, flipHoriz=False, flipVert=False, font='', fontFiles=[], height=50.0, italic=False, languageStyle='LTR', name='unnamed TextStim', opacity=1.0, ori=0.0, pos=array([0., 0.]), rgb=UNKNOWN, text='Niepoprawnie', units='pix', win=Window(...), wrapWidth=500)
44.0710 	EXP 	unnamed TextStim: height = 25.0
44.0710 	EXP 	unnamed TextStim: height = 25.0
44.0710 	EXP 	unnamed TextStim: height = 25.0
44.0710 	EXP 	unnamed TextStim: text = 'm'
46.1815 	DATA 	Keypress: m
46.1841 	EXP 	Created unnamed TextStim = TextStim(__class__=<class 'psychopy.visual.text.TextStim'>, alignHoriz=method-wrapper(...), alignText='center', alignVert=method-wrapper(...), anchorHoriz='center', anchorVert='center', antialias=True, autoDraw=False, autoLog=True, bold=False, color=array([-1, -1, -1]), colorSpace='rgb', contrast=1.0, depth=0, flipHoriz=False, flipVert=False, font='', fontFiles=[], height=50.0, italic=False, languageStyle='LTR', name='unnamed TextStim', opacity=1.0, ori=0.0, pos=array([0., 0.]), rgb=UNKNOWN, text='Poprawnie', units='pix', win=Window(...), wrapWidth=500)
47.2031 	EXP 	unnamed TextStim: text = 'm'
48.8539 	DATA 	Keypress: m
48.8560 	EXP 	Created unnamed TextStim = TextStim(__class__=<class 'psychopy.visual.text.TextStim'>, alignHoriz=method-wrapper(...), alignText='center', alignVert=method-wrapper(...), anchorHoriz='center', anchorVert='center', antialias=True, autoDraw=False, autoLog=True, bold=False, color=array([-1, -1, -1]), colorSpace='rgb', contrast=1.0, depth=0, flipHoriz=False, flipVert=False, font='', fontFiles=[], height=50.0, italic=False, languageStyle='LTR', name='unnamed TextStim', opacity=1.0, ori=0.0, pos=array([0., 0.]), rgb=UNKNOWN, text='Poprawnie', units='pix', win=Window(...), wrapWidth=500)
49.8700 	EXP 	unnamed TextStim: text = 'm'
51.4340 	DATA 	Keypress: m
51.4362 	EXP 	Created unnamed TextStim = TextStim(__class__=<class 'psychopy.visual.text.TextStim'>, alignHoriz=method-wrapper(...), alignText='center', alignVert=method-wrapper(...), anchorHoriz='center', anchorVert='center', antialias=True, autoDraw=False, autoLog=True, bold=False, color=array([-1, -1, -1]), colorSpace='rgb', contrast=1.0, depth=0, flipHoriz=False, flipVert=False, font='', fontFiles=[], height=50.0, italic=False, languageStyle='LTR', name='unnamed TextStim', opacity=1.0, ori=0.0, pos=array([0., 0.]), rgb=UNKNOWN, text='Poprawnie', units='pix', win=Window(...), wrapWidth=500)
52.4535 	EXP 	unnamed TextStim: height = 25.0
52.4535 	EXP 	unnamed TextStim: height = 25.0
52.4535 	EXP 	unnamed TextStim: height = 25.0
52.4535 	EXP 	unnamed TextStim: text = 'n'
54.0512 	DATA 	Keypress: n
54.0538 	EXP 	Created unnamed TextStim = TextStim(__class__=<class 'psychopy.visual.text.TextStim'>, alignHoriz=method-wrapper(...), alignText='center', alignVert=method-wrapper(...), anchorHoriz='center', anchorVert='center', antialias=True, autoDraw=False, autoLog=True, bold=False, color=array([-1, -1, -1]), colorSpace='rgb', contrast=1.0, depth=0, flipHoriz=False, flipVert=False, font='', fontFiles=[], height=50.0, italic=False, languageStyle='LTR', name='unnamed TextStim', opacity=1.0, ori=0.0, pos=array([0., 0.]), rgb=UNKNOWN, text='Poprawnie', units='pix', win=Window(...), wrapWidth=500)
55.0700 	EXP 	unnamed TextStim: text = 'n'
56.8184 	DATA 	Keypress: n
56.8208 	EXP 	Created unnamed TextStim = TextStim(__class__=<class 'psychopy.visual.text.TextStim'>, alignHoriz=method-wrapper(...), alignText='center', alignVert=method-wrapper(...), anchorHoriz='center', anchorVert='center', antialias=True, autoDraw=False, autoLog=True, bold=False, color=array([-1, -1, -1]), colorSpace='rgb', contrast=1.0, depth=0, flipHoriz=False, flipVert=False, font='', fontFiles=[], height=50.0, italic=False, languageStyle='LTR', name='unnamed TextStim', opacity=1.0, ori=0.0, pos=array([0., 0.]), rgb=UNKNOWN, text='Poprawnie', units='pix', win=Window(...), wrapWidth=500)
57.8551 	EXP 	Created unnamed TextStim = TextStim(__class__=<class 'psychopy.visual.text.TextStim'>, alignHoriz=method-wrapper(...), alignText='center', alignVert=method-wrapper(...), anchorHoriz='center', anchorVert='center', antialias=True, autoDraw=False, autoLog=True, bold=False, color=array([-1, -1, -1]), colorSpace='rgb', contrast=1.0, depth=0, flipHoriz=False, flipVert=False, font='', fontFiles=[], height=20.0, italic=False, languageStyle='LTR', name='unnamed TextStim', opacity=1.0, ori=0.0, pos=array([0., 0.]), rgb=UNKNOWN, text=str(...), units='pix', win=Window(...), wrapWidth=1536)
70.4999 	DATA 	Keypress: space
70.5039 	EXP 	unnamed TextStim: text = 'n'
72.3026 	DATA 	Keypress: comma
73.2711 	DATA 	No keypress (maxWait exceeded)
73.2784 	EXP 	Created unnamed TextStim = TextStim(__class__=<class 'psychopy.visual.text.TextStim'>, alignHoriz=method-wrapper(...), alignText='center', alignVert=method-wrapper(...), anchorHoriz='center', anchorVert='center', antialias=True, autoDraw=False, autoLog=True, bold=False, color=array([-1, -1, -1]), colorSpace='rgb', contrast=1.0, depth=0, flipHoriz=False, flipVert=False, font='', fontFiles=[], height=50.0, italic=False, languageStyle='LTR', name='unnamed TextStim', opacity=1.0, ori=0.0, pos=array([0., 0.]), rgb=UNKNOWN, text='Niepoprawnie', units='pix', win=Window(...), wrapWidth=500)
74.0801 	DATA 	Keypress: m
74.2878 	EXP 	unnamed TextStim: height = 25.0
74.2878 	EXP 	unnamed TextStim: height = 25.0
74.2878 	EXP 	unnamed TextStim: height = 25.0
74.2878 	EXP 	unnamed TextStim: text = 'z'
75.9642 	DATA 	Keypress: z
75.9682 	EXP 	Created unnamed TextStim = TextStim(__class__=<class 'psychopy.visual.text.TextStim'>, alignHoriz=method-wrapper(...), alignText='center', alignVert=method-wrapper(...), anchorHoriz='center', anchorVert='center', antialias=True, autoDraw=False, autoLog=True, bold=False, color=array([-1, -1, -1]), colorSpace='rgb', contrast=1.0, depth=0, flipHoriz=False, flipVert=False, font='', fontFiles=[], height=50.0, italic=False, languageStyle='LTR', name='unnamed TextStim', opacity=1.0, ori=0.0, pos=array([0., 0.]), rgb=UNKNOWN, text='Poprawnie', units='pix', win=Window(...), wrapWidth=500)
76.9725 	EXP 	unnamed TextStim: height = 25.0
76.9725 	EXP 	unnamed TextStim: height = 25.0
76.9725 	EXP 	unnamed TextStim: height = 25.0
76.9725 	EXP 	unnamed TextStim: text = 'n'
78.2983 	DATA 	Keypress: n
78.3008 	EXP 	Created unnamed TextStim = TextStim(__class__=<class 'psychopy.visual.text.TextStim'>, alignHoriz=method-wrapper(...), alignText='center', alignVert=method-wrapper(...), anchorHoriz='center', anchorVert='center', antialias=True, autoDraw=False, autoLog=True, bold=False, color=array([-1, -1, -1]), colorSpace='rgb', contrast=1.0, depth=0, flipHoriz=False, flipVert=False, font='', fontFiles=[], height=50.0, italic=False, languageStyle='LTR', name='unnamed TextStim', opacity=1.0, ori=0.0, pos=array([0., 0.]), rgb=UNKNOWN, text='Poprawnie', units='pix', win=Window(...), wrapWidth=500)
79.3058 	EXP 	unnamed TextStim: height = 25.0
79.3058 	EXP 	unnamed TextStim: height = 25.0
79.3058 	EXP 	unnamed TextStim: height = 25.0
79.3058 	EXP 	unnamed TextStim: text = 'x'
80.8636 	DATA 	Keypress: n
80.8657 	EXP 	Created unnamed TextStim = TextStim(__class__=<class 'psychopy.visual.text.TextStim'>, alignHoriz=method-wrapper(...), alignText='center', alignVert=method-wrapper(...), anchorHoriz='center', anchorVert='center', antialias=True, autoDraw=False, autoLog=True, bold=False, color=array([-1, -1, -1]), colorSpace='rgb', contrast=1.0, depth=0, flipHoriz=False, flipVert=False, font='', fontFiles=[], height=50.0, italic=False, languageStyle='LTR', name='unnamed TextStim', opacity=1.0, ori=0.0, pos=array([0., 0.]), rgb=UNKNOWN, text='Niepoprawnie', units='pix', win=Window(...), wrapWidth=500)
81.8710 	EXP 	unnamed TextStim: height = 25.0
81.8710 	EXP 	unnamed TextStim: height = 25.0
81.8710 	EXP 	unnamed TextStim: height = 25.0
81.8710 	EXP 	unnamed TextStim: text = 'n'
83.3206 	DATA 	Keypress: n
83.3227 	EXP 	Created unnamed TextStim = TextStim(__class__=<class 'psychopy.visual.text.TextStim'>, alignHoriz=method-wrapper(...), alignText='center', alignVert=method-wrapper(...), anchorHoriz='center', anchorVert='center', antialias=True, autoDraw=False, autoLog=True, bold=False, color=array([-1, -1, -1]), colorSpace='rgb', contrast=1.0, depth=0, flipHoriz=False, flipVert=False, font='', fontFiles=[], height=50.0, italic=False, languageStyle='LTR', name='unnamed TextStim', opacity=1.0, ori=0.0, pos=array([0., 0.]), rgb=UNKNOWN, text='Poprawnie', units='pix', win=Window(...), wrapWidth=500)
84.3379 	EXP 	unnamed TextStim: height = 25.0
84.3379 	EXP 	unnamed TextStim: height = 25.0
84.3379 	EXP 	unnamed TextStim: height = 25.0
84.3379 	EXP 	unnamed TextStim: text = 'z'
85.7450 	DATA 	Keypress: n
85.7474 	EXP 	Created unnamed TextStim = TextStim(__class__=<class 'psychopy.visual.text.TextStim'>, alignHoriz=method-wrapper(...), alignText='center', alignVert=method-wrapper(...), anchorHoriz='center', anchorVert='center', antialias=True, autoDraw=False, autoLog=True, bold=False, color=array([-1, -1, -1]), colorSpace='rgb', contrast=1.0, depth=0, flipHoriz=False, flipVert=False, font='', fontFiles=[], height=50.0, italic=False, languageStyle='LTR', name='unnamed TextStim', opacity=1.0, ori=0.0, pos=array([0., 0.]), rgb=UNKNOWN, text='Niepoprawnie', units='pix', win=Window(...), wrapWidth=500)
86.7547 	EXP 	unnamed TextStim: height = 25.0
86.7547 	EXP 	unnamed TextStim: height = 25.0
86.7547 	EXP 	unnamed TextStim: height = 25.0
86.7547 	EXP 	unnamed TextStim: text = 'n'
87.3893 	DATA 	Keypress: x
88.5090 	DATA 	Keypress: x
88.5116 	EXP 	Created unnamed TextStim = TextStim(__class__=<class 'psychopy.visual.text.TextStim'>, alignHoriz=method-wrapper(...), alignText='center', alignVert=method-wrapper(...), anchorHoriz='center', anchorVert='center', antialias=True, autoDraw=False, autoLog=True, bold=False, color=array([-1, -1, -1]), colorSpace='rgb', contrast=1.0, depth=0, flipHoriz=False, flipVert=False, font='', fontFiles=[], height=50.0, italic=False, languageStyle='LTR', name='unnamed TextStim', opacity=1.0, ori=0.0, pos=array([0., 0.]), rgb=UNKNOWN, text='Niepoprawnie', units='pix', win=Window(...), wrapWidth=500)
89.5214 	EXP 	unnamed TextStim: height = 25.0
89.5214 	EXP 	unnamed TextStim: height = 25.0
89.5214 	EXP 	unnamed TextStim: height = 25.0
89.5214 	EXP 	unnamed TextStim: text = 'z'
90.2728 	DATA 	Keypress: z
92.2885 	DATA 	No keypress (maxWait exceeded)
92.2915 	EXP 	Created unnamed TextStim = TextStim(__class__=<class 'psychopy.visual.text.TextStim'>, alignHoriz=method-wrapper(...), alignText='center', alignVert=method-wrapper(...), anchorHoriz='center', anchorVert='center', antialias=True, autoDraw=False, autoLog=True, bold=False, color=array([-1, -1, -1]), colorSpace='rgb', contrast=1.0, depth=0, flipHoriz=False, flipVert=False, font='', fontFiles=[], height=50.0, italic=False, languageStyle='LTR', name='unnamed TextStim', opacity=1.0, ori=0.0, pos=array([0., 0.]), rgb=UNKNOWN, text='Niepoprawnie', units='pix', win=Window(...), wrapWidth=500)
93.3050 	EXP 	unnamed TextStim: height = 25.0
93.3050 	EXP 	unnamed TextStim: height = 25.0
93.3050 	EXP 	unnamed TextStim: height = 25.0
93.3050 	EXP 	unnamed TextStim: text = 'm'
94.8898 	DATA 	Keypress: m
94.8921 	EXP 	Created unnamed TextStim = TextStim(__class__=<class 'psychopy.visual.text.TextStim'>, alignHoriz=method-wrapper(...), alignText='center', alignVert=method-wrapper(...), anchorHoriz='center', anchorVert='center', antialias=True, autoDraw=False, autoLog=True, bold=False, color=array([-1, -1, -1]), colorSpace='rgb', contrast=1.0, depth=0, flipHoriz=False, flipVert=False, font='', fontFiles=[], height=50.0, italic=False, languageStyle='LTR', name='unnamed TextStim', opacity=1.0, ori=0.0, pos=array([0., 0.]), rgb=UNKNOWN, text='Poprawnie', units='pix', win=Window(...), wrapWidth=500)
95.9049 	EXP 	unnamed TextStim: text = 'm'
98.6722 	DATA 	No keypress (maxWait exceeded)
98.6748 	EXP 	Created unnamed TextStim = TextStim(__class__=<class 'psychopy.visual.text.TextStim'>, alignHoriz=method-wrapper(...), alignText='center', alignVert=method-wrapper(...), anchorHoriz='center', anchorVert='center', antialias=True, autoDraw=False, autoLog=True, bold=False, color=array([-1, -1, -1]), colorSpace='rgb', contrast=1.0, depth=0, flipHoriz=False, flipVert=False, font='', fontFiles=[], height=50.0, italic=False, languageStyle='LTR', name='unnamed TextStim', opacity=1.0, ori=0.0, pos=array([0., 0.]), rgb=UNKNOWN, text='Niepoprawnie', units='pix', win=Window(...), wrapWidth=500)
99.7034 	EXP 	Created unnamed TextStim = TextStim(__class__=<class 'psychopy.visual.text.TextStim'>, alignHoriz=method-wrapper(...), alignText='center', alignVert=method-wrapper(...), anchorHoriz='center', anchorVert='center', antialias=True, autoDraw=False, autoLog=True, bold=False, color=array([-1, -1, -1]), colorSpace='rgb', contrast=1.0, depth=0, flipHoriz=False, flipVert=False, font='', fontFiles=[], height=20.0, italic=False, languageStyle='LTR', name='unnamed TextStim', opacity=1.0, ori=0.0, pos=array([0., 0.]), rgb=UNKNOWN, text=str(...), units='pix', win=Window(...), wrapWidth=1536)
103.8953 	DATA 	Keypress: space
103.9053 	EXP 	unnamed TextStim: height = 25.0
103.9053 	EXP 	unnamed TextStim: height = 25.0
103.9053 	EXP 	unnamed TextStim: height = 25.0
103.9053 	EXP 	unnamed TextStim: text = 'x'
106.4534 	DATA 	Keypress: n
106.4560 	EXP 	unnamed TextStim: height = 25.0
106.4560 	EXP 	unnamed TextStim: height = 25.0
106.4560 	EXP 	unnamed TextStim: height = 25.0
106.4560 	EXP 	unnamed TextStim: text = 'n'
108.0012 	DATA 	Keypress: n
108.0033 	EXP 	unnamed TextStim: height = 25.0
108.0033 	EXP 	unnamed TextStim: height = 25.0
108.0033 	EXP 	unnamed TextStim: height = 25.0
108.0033 	EXP 	unnamed TextStim: text = 'x'
109.3481 	DATA 	Keypress: m
109.3510 	EXP 	unnamed TextStim: height = 25.0
109.3510 	EXP 	unnamed TextStim: height = 25.0
109.3510 	EXP 	unnamed TextStim: height = 25.0
109.3510 	EXP 	unnamed TextStim: text = 'm'
110.8325 	DATA 	Keypress: n
110.8354 	EXP 	unnamed TextStim: height = 25.0
110.8354 	EXP 	unnamed TextStim: height = 25.0
110.8354 	EXP 	unnamed TextStim: height = 25.0
110.8354 	EXP 	unnamed TextStim: text = 'z'
112.2624 	DATA 	Keypress: n
112.2655 	EXP 	unnamed TextStim: height = 25.0
112.2655 	EXP 	unnamed TextStim: height = 25.0
112.2655 	EXP 	unnamed TextStim: height = 25.0
112.2655 	EXP 	unnamed TextStim: text = 'm'
113.7853 	DATA 	Keypress: z
113.9849 	EXP 	Created unnamed ImageStim = ImageStim(__class__=<class 'psychopy.visual.image.ImageStim'>, anchor=('center', 'center'), autoLog=True, color=array([1., 1., 1.]), colorSpace='rgb', contrast=1.0, depth=0, flipHoriz=False, flipVert=False, image='break.jpg', interpolate=True, mask=None, maskParams=None, name='unnamed ImageStim', opacity=1.0, ori=0.0, pos=array([0., 0.]), size=array([1536.,  864.]), texRes=128, units='pix', win=Window(...))
114.8963 	DATA 	Keypress: n
115.3779 	DATA 	Keypress: space
115.3892 	EXP 	unnamed TextStim: height = 25.0
115.3892 	EXP 	unnamed TextStim: height = 25.0
115.3892 	EXP 	unnamed TextStim: height = 25.0
115.3892 	EXP 	unnamed TextStim: text = 'x'
117.5234 	DATA 	Keypress: x
117.5249 	EXP 	unnamed TextStim: text = 'x'
119.0613 	DATA 	Keypress: z
119.0635 	EXP 	unnamed TextStim: height = 25.0
119.0635 	EXP 	unnamed TextStim: height = 25.0
119.0635 	EXP 	unnamed TextStim: height = 25.0
119.0635 	EXP 	unnamed TextStim: text = 'm'
119.6733 	DATA 	Keypress: space
120.4868 	DATA 	Keypress: m
120.4890 	EXP 	unnamed TextStim: height = 25.0
120.4890 	EXP 	unnamed TextStim: height = 25.0
120.4890 	EXP 	unnamed TextStim: height = 25.0
120.4890 	EXP 	unnamed TextStim: text = 'x'
121.0903 	DATA 	Keypress: z
122.2840 	DATA 	Keypress: n
122.2863 	EXP 	unnamed TextStim: height = 25.0
122.2863 	EXP 	unnamed TextStim: height = 25.0
122.2863 	EXP 	unnamed TextStim: height = 25.0
122.2863 	EXP 	unnamed TextStim: text = 'n'
123.8119 	DATA 	Keypress: x
123.8130 	EXP 	unnamed TextStim: text = 'n'
125.0398 	DATA 	Keypress: m
125.1851 	EXP 	Created unnamed ImageStim = ImageStim(__class__=<class 'psychopy.visual.image.ImageStim'>, anchor=('center', 'center'), autoLog=True, color=array([1., 1., 1.]), colorSpace='rgb', contrast=1.0, depth=0, flipHoriz=False, flipVert=False, image='break.jpg', interpolate=True, mask=None, maskParams=None, name='unnamed ImageStim', opacity=1.0, ori=0.0, pos=array([0., 0.]), size=array([1536.,  864.]), texRes=128, units='pix', win=Window(...))
125.8734 	DATA 	Keypress: n
126.1999 	DATA 	Keypress: space
126.2062 	EXP 	unnamed TextStim: height = 25.0
126.2062 	EXP 	unnamed TextStim: height = 25.0
126.2062 	EXP 	unnamed TextStim: height = 25.0
126.2062 	EXP 	unnamed TextStim: text = 'm'
127.6128 	DATA 	Keypress: m
127.6197 	EXP 	unnamed TextStim: height = 25.0
127.6197 	EXP 	unnamed TextStim: height = 25.0
127.6197 	EXP 	unnamed TextStim: height = 25.0
127.6197 	EXP 	unnamed TextStim: text = 'x'
128.8236 	DATA 	Keypress: n
128.8397 	EXP 	unnamed TextStim: height = 25.0
128.8397 	EXP 	unnamed TextStim: height = 25.0
128.8397 	EXP 	unnamed TextStim: height = 25.0
128.8397 	EXP 	unnamed TextStim: text = 'm'
130.0070 	DATA 	Keypress: m
130.0232 	EXP 	unnamed TextStim: height = 25.0
130.0232 	EXP 	unnamed TextStim: height = 25.0
130.0232 	EXP 	unnamed TextStim: height = 25.0
130.0232 	EXP 	unnamed TextStim: text = 'n'
131.2237 	DATA 	Keypress: x
131.2397 	EXP 	unnamed TextStim: text = 'n'
133.9899 	DATA 	No keypress (maxWait exceeded)
133.9922 	EXP 	unnamed TextStim: height = 25.0
133.9922 	EXP 	unnamed TextStim: height = 25.0
133.9922 	EXP 	unnamed TextStim: height = 25.0
133.9922 	EXP 	unnamed TextStim: text = 'z'
135.4070 	DATA 	Keypress: n
135.5443 	EXP 	Created unnamed ImageStim = ImageStim(__class__=<class 'psychopy.visual.image.ImageStim'>, anchor=('center', 'center'), autoLog=True, color=array([1., 1., 1.]), colorSpace='rgb', contrast=1.0, depth=0, flipHoriz=False, flipVert=False, image='break.jpg', interpolate=True, mask=None, maskParams=None, name='unnamed ImageStim', opacity=1.0, ori=0.0, pos=array([0., 0.]), size=array([1536.,  864.]), texRes=128, units='pix', win=Window(...))
136.2655 	DATA 	Keypress: space
136.2732 	EXP 	unnamed TextStim: text = 'z'
137.8751 	DATA 	Keypress: m
137.8773 	EXP 	unnamed TextStim: height = 25.0
137.8773 	EXP 	unnamed TextStim: height = 25.0
137.8773 	EXP 	unnamed TextStim: height = 25.0
137.8773 	EXP 	unnamed TextStim: text = 'n'
139.3668 	DATA 	Keypress: n
139.3691 	EXP 	unnamed TextStim: height = 25.0
139.3691 	EXP 	unnamed TextStim: height = 25.0
139.3691 	EXP 	unnamed TextStim: height = 25.0
139.3691 	EXP 	unnamed TextStim: text = 'z'
140.6781 	DATA 	Keypress: m
140.6803 	EXP 	unnamed TextStim: height = 25.0
140.6803 	EXP 	unnamed TextStim: height = 25.0
140.6803 	EXP 	unnamed TextStim: height = 25.0
140.6803 	EXP 	unnamed TextStim: text = 'n'
142.3091 	DATA 	Keypress: z
142.3112 	EXP 	unnamed TextStim: height = 25.0
142.3112 	EXP 	unnamed TextStim: height = 25.0
142.3112 	EXP 	unnamed TextStim: height = 25.0
142.3112 	EXP 	unnamed TextStim: text = 'z'
143.7033 	DATA 	Keypress: m
143.7045 	EXP 	unnamed TextStim: text = 'z'
146.4905 	DATA 	No keypress (maxWait exceeded)
146.6713 	EXP 	Created unnamed ImageStim = ImageStim(__class__=<class 'psychopy.visual.image.ImageStim'>, anchor=('center', 'center'), autoLog=True, color=array([1., 1., 1.]), colorSpace='rgb', contrast=1.0, depth=0, flipHoriz=False, flipVert=False, image='break.jpg', interpolate=True, mask=None, maskParams=None, name='unnamed ImageStim', opacity=1.0, ori=0.0, pos=array([0., 0.]), size=array([1536.,  864.]), texRes=128, units='pix', win=Window(...))
146.7262 	DATA 	Keypress: m
147.5475 	DATA 	Keypress: space
147.5568 	EXP 	unnamed TextStim: height = 25.0
147.5568 	EXP 	unnamed TextStim: height = 25.0
147.5568 	EXP 	unnamed TextStim: height = 25.0
147.5568 	EXP 	unnamed TextStim: text = 'x'
148.8078 	DATA 	Keypress: m
148.8239 	EXP 	unnamed TextStim: text = 'x'
150.7855 	DATA 	Keypress: m
150.7867 	EXP 	unnamed TextStim: text = 'x'
153.3217 	DATA 	Keypress: m
153.3239 	EXP 	unnamed TextStim: height = 25.0
153.3239 	EXP 	unnamed TextStim: height = 25.0
153.3239 	EXP 	unnamed TextStim: height = 25.0
153.3239 	EXP 	unnamed TextStim: text = 'z'
154.8786 	DATA 	Keypress: n
154.8798 	EXP 	unnamed TextStim: text = 'z'
156.3180 	DATA 	Keypress: m
156.3201 	EXP 	unnamed TextStim: height = 25.0
156.3201 	EXP 	unnamed TextStim: height = 25.0
156.3201 	EXP 	unnamed TextStim: height = 25.0
156.3201 	EXP 	unnamed TextStim: text = 'm'
157.5746 	DATA 	Keypress: m
157.7556 	EXP 	Created unnamed ImageStim = ImageStim(__class__=<class 'psychopy.visual.image.ImageStim'>, anchor=('center', 'center'), autoLog=True, color=array([1., 1., 1.]), colorSpace='rgb', contrast=1.0, depth=0, flipHoriz=False, flipVert=False, image='break.jpg', interpolate=True, mask=None, maskParams=None, name='unnamed ImageStim', opacity=1.0, ori=0.0, pos=array([0., 0.]), size=array([1536.,  864.]), texRes=128, units='pix', win=Window(...))
158.6278 	DATA 	Keypress: space
158.6406 	EXP 	unnamed TextStim: text = 'm'
160.0397 	DATA 	Keypress: n
160.0420 	EXP 	unnamed TextStim: height = 25.0
160.0420 	EXP 	unnamed TextStim: height = 25.0
160.0420 	EXP 	unnamed TextStim: height = 25.0
160.0420 	EXP 	unnamed TextStim: text = 'n'
161.3130 	DATA 	Keypress: m
161.3242 	EXP 	unnamed TextStim: height = 25.0
161.3242 	EXP 	unnamed TextStim: height = 25.0
161.3242 	EXP 	unnamed TextStim: height = 25.0
161.3242 	EXP 	unnamed TextStim: text = 'm'
162.6823 	DATA 	Keypress: m
162.6845 	EXP 	unnamed TextStim: text = 'm'
165.4412 	DATA 	No keypress (maxWait exceeded)
165.4436 	EXP 	unnamed TextStim: height = 25.0
165.4436 	EXP 	unnamed TextStim: height = 25.0
165.4436 	EXP 	unnamed TextStim: height = 25.0
165.4436 	EXP 	unnamed TextStim: text = 'x'
167.2839 	DATA 	Keypress: x
167.2864 	EXP 	unnamed TextStim: height = 25.0
167.2864 	EXP 	unnamed TextStim: height = 25.0
167.2864 	EXP 	unnamed TextStim: height = 25.0
167.2864 	EXP 	unnamed TextStim: text = 'z'
168.9833 	DATA 	Keypress: m
169.1772 	EXP 	Created unnamed ImageStim = ImageStim(__class__=<class 'psychopy.visual.image.ImageStim'>, anchor=('center', 'center'), autoLog=True, color=array([1., 1., 1.]), colorSpace='rgb', contrast=1.0, depth=0, flipHoriz=False, flipVert=False, image='break.jpg', interpolate=True, mask=None, maskParams=None, name='unnamed ImageStim', opacity=1.0, ori=0.0, pos=array([0., 0.]), size=array([1536.,  864.]), texRes=128, units='pix', win=Window(...))
169.1778 	DATA 	Keypress: x
169.9492 	DATA 	Keypress: space
169.9576 	EXP 	unnamed TextStim: text = 'z'
171.1252 	DATA 	Keypress: z
171.1410 	EXP 	unnamed TextStim: height = 25.0
171.1410 	EXP 	unnamed TextStim: height = 25.0
171.1410 	EXP 	unnamed TextStim: height = 25.0
171.1410 	EXP 	unnamed TextStim: text = 'x'
172.0599 	DATA 	Keypress: n
172.2914 	EXP 	unnamed TextStim: text = 'x'
175.1083 	DATA 	No keypress (maxWait exceeded)
175.1121 	EXP 	unnamed TextStim: height = 25.0
175.1121 	EXP 	unnamed TextStim: height = 25.0
175.1121 	EXP 	unnamed TextStim: height = 25.0
175.1121 	EXP 	unnamed TextStim: text = 'z'
177.0974 	DATA 	Keypress: n
177.0996 	EXP 	unnamed TextStim: height = 25.0
177.0996 	EXP 	unnamed TextStim: height = 25.0
177.0996 	EXP 	unnamed TextStim: height = 25.0
177.0996 	EXP 	unnamed TextStim: text = 'n'
178.2421 	DATA 	Keypress: x
178.2582 	EXP 	unnamed TextStim: height = 25.0
178.2582 	EXP 	unnamed TextStim: height = 25.0
178.2582 	EXP 	unnamed TextStim: height = 25.0
178.2582 	EXP 	unnamed TextStim: text = 'm'
179.8288 	DATA 	Keypress: m
179.9543 	EXP 	Created unnamed ImageStim = ImageStim(__class__=<class 'psychopy.visual.image.ImageStim'>, anchor=('center', 'center'), autoLog=True, color=array([1., 1., 1.]), colorSpace='rgb', contrast=1.0, depth=0, flipHoriz=False, flipVert=False, image='break.jpg', interpolate=True, mask=None, maskParams=None, name='unnamed ImageStim', opacity=1.0, ori=0.0, pos=array([0., 0.]), size=array([1536.,  864.]), texRes=128, units='pix', win=Window(...))
180.7238 	DATA 	Keypress: space
180.7413 	EXP 	unnamed TextStim: height = 25.0
180.7413 	EXP 	unnamed TextStim: height = 25.0
180.7413 	EXP 	unnamed TextStim: height = 25.0
180.7413 	EXP 	unnamed TextStim: text = 'x'
182.4627 	DATA 	Keypress: m
182.4648 	EXP 	unnamed TextStim: height = 25.0
182.4648 	EXP 	unnamed TextStim: height = 25.0
182.4648 	EXP 	unnamed TextStim: height = 25.0
182.4648 	EXP 	unnamed TextStim: text = 'm'
183.9535 	DATA 	Keypress: m
183.9557 	EXP 	unnamed TextStim: height = 25.0
183.9557 	EXP 	unnamed TextStim: height = 25.0
183.9557 	EXP 	unnamed TextStim: height = 25.0
183.9557 	EXP 	unnamed TextStim: text = 'n'
185.3790 	DATA 	Keypress: m
185.3813 	EXP 	unnamed TextStim: height = 25.0
185.3813 	EXP 	unnamed TextStim: height = 25.0
185.3813 	EXP 	unnamed TextStim: height = 25.0
185.3813 	EXP 	unnamed TextStim: text = 'm'
188.1755 	DATA 	No keypress (maxWait exceeded)
188.1780 	EXP 	unnamed TextStim: height = 25.0
188.1780 	EXP 	unnamed TextStim: height = 25.0
188.1780 	EXP 	unnamed TextStim: height = 25.0
188.1780 	EXP 	unnamed TextStim: text = 'n'
188.7090 	DATA 	Keypress: m
189.6511 	DATA 	Keypress: m
189.6557 	EXP 	unnamed TextStim: height = 25.0
189.6557 	EXP 	unnamed TextStim: height = 25.0
189.6557 	EXP 	unnamed TextStim: height = 25.0
189.6557 	EXP 	unnamed TextStim: text = 'x'
191.5519 	DATA 	Keypress: x
191.7223 	EXP 	Created unnamed ImageStim = ImageStim(__class__=<class 'psychopy.visual.image.ImageStim'>, anchor=('center', 'center'), autoLog=True, color=array([1., 1., 1.]), colorSpace='rgb', contrast=1.0, depth=0, flipHoriz=False, flipVert=False, image='break.jpg', interpolate=True, mask=None, maskParams=None, name='unnamed ImageStim', opacity=1.0, ori=0.0, pos=array([0., 0.]), size=array([1536.,  864.]), texRes=128, units='pix', win=Window(...))
192.4378 	DATA 	Keypress: m
192.6745 	DATA 	Keypress: space
192.6921 	EXP 	unnamed TextStim: height = 25.0
192.6921 	EXP 	unnamed TextStim: height = 25.0
192.6921 	EXP 	unnamed TextStim: height = 25.0
192.6921 	EXP 	unnamed TextStim: text = 'z'
195.5091 	DATA 	No keypress (maxWait exceeded)
195.5113 	EXP 	unnamed TextStim: height = 25.0
195.5113 	EXP 	unnamed TextStim: height = 25.0
195.5113 	EXP 	unnamed TextStim: height = 25.0
195.5113 	EXP 	unnamed TextStim: text = 'x'
198.3257 	DATA 	No keypress (maxWait exceeded)
198.3270 	EXP 	unnamed TextStim: text = 'x'
200.1407 	DATA 	Keypress: m
200.1429 	EXP 	unnamed TextStim: height = 25.0
200.1429 	EXP 	unnamed TextStim: height = 25.0
200.1429 	EXP 	unnamed TextStim: height = 25.0
200.1429 	EXP 	unnamed TextStim: text = 'z'
202.3304 	DATA 	Keypress: m
202.3315 	EXP 	unnamed TextStim: text = 'z'
204.0516 	DATA 	Keypress: z
204.0528 	EXP 	unnamed TextStim: text = 'z'
205.5525 	DATA 	Keypress: z
205.7189 	EXP 	Created unnamed ImageStim = ImageStim(__class__=<class 'psychopy.visual.image.ImageStim'>, anchor=('center', 'center'), autoLog=True, color=array([1., 1., 1.]), colorSpace='rgb', contrast=1.0, depth=0, flipHoriz=False, flipVert=False, image='break.jpg', interpolate=True, mask=None, maskParams=None, name='unnamed ImageStim', opacity=1.0, ori=0.0, pos=array([0., 0.]), size=array([1536.,  864.]), texRes=128, units='pix', win=Window(...))
206.5423 	DATA 	Keypress: z
207.0835 	DATA 	Keypress: space
207.0924 	EXP 	unnamed TextStim: height = 25.0
207.0924 	EXP 	unnamed TextStim: height = 25.0
207.0924 	EXP 	unnamed TextStim: height = 25.0
207.0924 	EXP 	unnamed TextStim: text = 'm'
208.9084 	DATA 	Keypress: m
208.9107 	EXP 	unnamed TextStim: height = 25.0
208.9107 	EXP 	unnamed TextStim: height = 25.0
208.9107 	EXP 	unnamed TextStim: height = 25.0
208.9107 	EXP 	unnamed TextStim: text = 'x'
209.2100 	DATA 	Mouse: wheel shift=(0,0), pos=(819,618)
209.6436 	DATA 	Mouse: wheel shift=(0,0), pos=(819,618)
210.5802 	DATA 	Keypress: m
210.5824 	EXP 	unnamed TextStim: height = 25.0
210.5824 	EXP 	unnamed TextStim: height = 25.0
210.5824 	EXP 	unnamed TextStim: height = 25.0
210.5824 	EXP 	unnamed TextStim: text = 'n'
211.7106 	DATA 	Mouse: wheel shift=(0,0), pos=(819,618)
211.8932 	DATA 	Mouse: wheel shift=(0,0), pos=(819,618)
212.1013 	DATA 	Mouse: wheel shift=(0,0), pos=(819,618)
212.2534 	DATA 	Mouse: wheel shift=(0,0), pos=(819,618)
212.3403 	DATA 	Keypress: m
212.3470 	EXP 	unnamed TextStim: height = 25.0
212.3470 	EXP 	unnamed TextStim: height = 25.0
212.3470 	EXP 	unnamed TextStim: height = 25.0
212.3470 	EXP 	unnamed TextStim: text = 'x'
214.1173 	DATA 	Keypress: x
214.1186 	EXP 	unnamed TextStim: text = 'x'
215.7557 	DATA 	Keypress: m
215.7580 	EXP 	unnamed TextStim: height = 25.0
215.7580 	EXP 	unnamed TextStim: height = 25.0
215.7580 	EXP 	unnamed TextStim: height = 25.0
215.7580 	EXP 	unnamed TextStim: text = 'n'
216.2933 	DATA 	Keypress: x
217.4555 	DATA 	Keypress: x
217.6311 	EXP 	Created unnamed ImageStim = ImageStim(__class__=<class 'psychopy.visual.image.ImageStim'>, anchor=('center', 'center'), autoLog=True, color=array([1., 1., 1.]), colorSpace='rgb', contrast=1.0, depth=0, flipHoriz=False, flipVert=False, image='break.jpg', interpolate=True, mask=None, maskParams=None, name='unnamed ImageStim', opacity=1.0, ori=0.0, pos=array([0., 0.]), size=array([1536.,  864.]), texRes=128, units='pix', win=Window(...))
218.2716 	DATA 	Keypress: x
218.5941 	DATA 	Keypress: space
218.6094 	EXP 	unnamed TextStim: height = 25.0
218.6094 	EXP 	unnamed TextStim: height = 25.0
218.6094 	EXP 	unnamed TextStim: height = 25.0
218.6094 	EXP 	unnamed TextStim: text = 'm'
219.4104 	DATA 	Keypress: space
220.9906 	DATA 	Keypress: space
221.3765 	DATA 	No keypress (maxWait exceeded)
221.3777 	EXP 	unnamed TextStim: text = 'm'
221.4103 	DATA 	Keypress: x
223.1164 	DATA 	Keypress: m
223.1187 	EXP 	unnamed TextStim: height = 25.0
223.1187 	EXP 	unnamed TextStim: height = 25.0
223.1187 	EXP 	unnamed TextStim: height = 25.0
223.1187 	EXP 	unnamed TextStim: text = 'x'
224.6982 	DATA 	Keypress: z
224.7003 	EXP 	unnamed TextStim: height = 25.0
224.7003 	EXP 	unnamed TextStim: height = 25.0
224.7003 	EXP 	unnamed TextStim: height = 25.0
224.7003 	EXP 	unnamed TextStim: text = 'n'
226.3800 	DATA 	Keypress: n
226.3884 	EXP 	unnamed TextStim: height = 25.0
226.3884 	EXP 	unnamed TextStim: height = 25.0
226.3884 	EXP 	unnamed TextStim: height = 25.0
226.3884 	EXP 	unnamed TextStim: text = 'm'
227.9534 	DATA 	Keypress: m
227.9546 	EXP 	unnamed TextStim: text = 'm'
229.2512 	DATA 	Keypress: m
229.4461 	EXP 	Created unnamed ImageStim = ImageStim(__class__=<class 'psychopy.visual.image.ImageStim'>, anchor=('center', 'center'), autoLog=True, color=array([1., 1., 1.]), colorSpace='rgb', contrast=1.0, depth=0, flipHoriz=False, flipVert=False, image='break.jpg', interpolate=True, mask=None, maskParams=None, name='unnamed ImageStim', opacity=1.0, ori=0.0, pos=array([0., 0.]), size=array([1536.,  864.]), texRes=128, units='pix', win=Window(...))
230.3155 	DATA 	Keypress: space
230.3362 	EXP 	Created unnamed TextStim = TextStim(__class__=<class 'psychopy.visual.text.TextStim'>, alignHoriz=method-wrapper(...), alignText='center', alignVert=method-wrapper(...), anchorHoriz='center', anchorVert='center', antialias=True, autoDraw=False, autoLog=True, bold=False, color=array([-1, -1, -1]), colorSpace='rgb', contrast=1.0, depth=0, flipHoriz=False, flipVert=False, font='', fontFiles=[], height=20.0, italic=False, languageStyle='LTR', name='unnamed TextStim', opacity=1.0, ori=0.0, pos=array([0., 0.]), rgb=UNKNOWN, text=str(...), units='pix', win=Window(...), wrapWidth=1536)
242.5595 	DATA 	Keypress: return
242.6528 	EXP 	window1: mouseVisible = True
