5.9746 	WARNING 	User requested fullscreen with size [1536  864], but screen is actually [1920, 1080]. Using actual size
7.2376 	INFO 	FRAME RATE: 60
7.2376 	INFO 	SCREEN RES: odict_values([1536, 864])
7.2952 	EXP 	Created unnamed TextStim = TextStim(__class__=<class 'psychopy.visual.text.TextStim'>, alignHoriz=method-wrapper(...), alignText='center', alignVert=method-wrapper(...), anchorHoriz='center', anchorVert='center', antialias=True, autoDraw=False, autoLog=True, bold=False, color=array([-1, -1, -1]), colorSpace='rgb', contrast=1.0, depth=0, flipHoriz=False, flipVert=False, font='', fontFiles=[], height=100.0, italic=False, languageStyle='LTR', name='unnamed TextStim', opacity=1.0, ori=0.0, pos=array([0., 0.]), rgb=UNKNOWN, text='+', units='pix', win=Window(...), wrapWidth=500)
7.2989 	EXP 	Created unnamed Circle = Circle(__class__=<class 'psychopy.visual.circle.Circle'>, anchor=('center', 'center'), autoDraw=False, autoLog=True, closeShape=True, color=method-wrapper(...), colorSpace='rgb', contrast=None, depth=0, fillColor=array([ 0.09019608, -1.        , -1.        ]), fillColorSpace='rgb', fillRGB=array([ 0.09019608, -1.        , -1.        ]), interpolate=True, lineColor=array([ 0.09019608, -1.        , -1.        ]), lineColorSpace='rgb', lineRGB=array([ 0.09019608, -1.        , -1.        ]), lineWidth=1.5, name='unnamed Circle', opacity=1.0, ori=0.0, pos=array([0., 0.]), size=array([1., 1.]), units='pix', vertices=ndarray(...), win=Window(...))
7.2997 	EXP 	Created unnamed TextStim = TextStim(__class__=<class 'psychopy.visual.text.TextStim'>, alignHoriz=method-wrapper(...), alignText='center', alignVert=method-wrapper(...), anchorHoriz='center', anchorVert='center', antialias=True, autoDraw=False, autoLog=True, bold=False, color=array([-0.17647059, -0.17647059, -0.17647059]), colorSpace='rgb', contrast=1.0, depth=0, flipHoriz=False, flipVert=False, font='', fontFiles=[], height=25, italic=False, languageStyle='LTR', name='unnamed TextStim', opacity=1.0, ori=0.0, pos=array([0., 0.]), rgb=UNKNOWN, text='', units='pix', win=Window(...), wrapWidth=500)
7.3081 	EXP 	Created unnamed ImageStim = ImageStim(__class__=<class 'psychopy.visual.image.ImageStim'>, anchor=('center', 'center'), autoLog=True, color=array([1., 1., 1.]), colorSpace='rgb', contrast=1.0, depth=0, flipHoriz=False, flipVert=False, image='mask4.png', interpolate=False, mask=None, maskParams=None, name='unnamed ImageStim', opacity=1.0, ori=0.0, pos=array([0., 0.]), size=array([25., 25.]), texRes=128, units='pix', win=Window(...))
7.3160 	EXP 	Created unnamed TextStim = TextStim(__class__=<class 'psychopy.visual.text.TextStim'>, alignHoriz=method-wrapper(...), alignText='center', alignVert=method-wrapper(...), anchorHoriz='center', anchorVert='center', antialias=True, autoDraw=False, autoLog=True, bold=False, color=array([-1, -1, -1]), colorSpace='rgb', contrast=1.0, depth=0, flipHoriz=False, flipVert=False, font='', fontFiles=[], height=30.0, italic=False, languageStyle='LTR', name='unnamed TextStim', opacity=1.0, ori=0.0, pos=array([ 100., -300.]), rgb=UNKNOWN, text=str(...), units='pix', win=Window(...), wrapWidth=10000)
7.3206 	EXP 	Created unnamed TextStim = TextStim(__class__=<class 'psychopy.visual.text.TextStim'>, alignHoriz=method-wrapper(...), alignText='center', alignVert=method-wrapper(...), anchorHoriz='center', anchorVert='center', antialias=True, autoDraw=False, autoLog=True, bold=False, color=array([-1, -1, -1]), colorSpace='rgb', contrast=1.0, depth=0, flipHoriz=False, flipVert=False, font='', fontFiles=[], height=30.0, italic=False, languageStyle='LTR', name='unnamed TextStim', opacity=1.0, ori=0.0, pos=array([ 100., -330.]), rgb=UNKNOWN, text=str(...), units='pix', win=Window(...), wrapWidth=10000)
7.3589 	EXP 	Created unnamed TextStim = TextStim(__class__=<class 'psychopy.visual.text.TextStim'>, alignHoriz=method-wrapper(...), alignText='center', alignVert=method-wrapper(...), anchorHoriz='center', anchorVert='center', antialias=True, autoDraw=False, autoLog=True, bold=False, color=array([-1, -1, -1]), colorSpace='rgb', contrast=1.0, depth=0, flipHoriz=False, flipVert=False, font='', fontFiles=[], height=20.0, italic=False, languageStyle='LTR', name='unnamed TextStim', opacity=1.0, ori=0.0, pos=array([0., 0.]), rgb=UNKNOWN, text=str(...), units='pix', win=Window(...), wrapWidth=1536)
57.5711 	DATA 	Keypress: space
57.5880 	EXP 	unnamed TextStim: height = 25.0
57.5880 	EXP 	unnamed TextStim: height = 25.0
57.5880 	EXP 	unnamed TextStim: height = 25.0
57.5880 	EXP 	unnamed TextStim: text = 'x'
59.8168 	DATA 	Keypress: x
59.8254 	EXP 	Created unnamed TextStim = TextStim(__class__=<class 'psychopy.visual.text.TextStim'>, alignHoriz=method-wrapper(...), alignText='center', alignVert=method-wrapper(...), anchorHoriz='center', anchorVert='center', antialias=True, autoDraw=False, autoLog=True, bold=False, color=array([-1, -1, -1]), colorSpace='rgb', contrast=1.0, depth=0, flipHoriz=False, flipVert=False, font='', fontFiles=[], height=50.0, italic=False, languageStyle='LTR', name='unnamed TextStim', opacity=1.0, ori=0.0, pos=array([0., 0.]), rgb=UNKNOWN, text='Poprawnie', units='pix', win=Window(...), wrapWidth=500)
60.8381 	EXP 	unnamed TextStim: height = 25.0
60.8381 	EXP 	unnamed TextStim: height = 25.0
60.8381 	EXP 	unnamed TextStim: height = 25.0
60.8381 	EXP 	unnamed TextStim: text = 'm'
62.8605 	DATA 	Keypress: m
62.8626 	EXP 	Created unnamed TextStim = TextStim(__class__=<class 'psychopy.visual.text.TextStim'>, alignHoriz=method-wrapper(...), alignText='center', alignVert=method-wrapper(...), anchorHoriz='center', anchorVert='center', antialias=True, autoDraw=False, autoLog=True, bold=False, color=array([-1, -1, -1]), colorSpace='rgb', contrast=1.0, depth=0, flipHoriz=False, flipVert=False, font='', fontFiles=[], height=50.0, italic=False, languageStyle='LTR', name='unnamed TextStim', opacity=1.0, ori=0.0, pos=array([0., 0.]), rgb=UNKNOWN, text='Poprawnie', units='pix', win=Window(...), wrapWidth=500)
63.8716 	EXP 	unnamed TextStim: text = 'm'
65.8923 	DATA 	Keypress: m
65.8942 	EXP 	Created unnamed TextStim = TextStim(__class__=<class 'psychopy.visual.text.TextStim'>, alignHoriz=method-wrapper(...), alignText='center', alignVert=method-wrapper(...), anchorHoriz='center', anchorVert='center', antialias=True, autoDraw=False, autoLog=True, bold=False, color=array([-1, -1, -1]), colorSpace='rgb', contrast=1.0, depth=0, flipHoriz=False, flipVert=False, font='', fontFiles=[], height=50.0, italic=False, languageStyle='LTR', name='unnamed TextStim', opacity=1.0, ori=0.0, pos=array([0., 0.]), rgb=UNKNOWN, text='Poprawnie', units='pix', win=Window(...), wrapWidth=500)
66.9051 	EXP 	unnamed TextStim: height = 25.0
66.9051 	EXP 	unnamed TextStim: height = 25.0
66.9051 	EXP 	unnamed TextStim: height = 25.0
66.9051 	EXP 	unnamed TextStim: text = 'x'
68.9260 	DATA 	Keypress: x
68.9284 	EXP 	Created unnamed TextStim = TextStim(__class__=<class 'psychopy.visual.text.TextStim'>, alignHoriz=method-wrapper(...), alignText='center', alignVert=method-wrapper(...), anchorHoriz='center', anchorVert='center', antialias=True, autoDraw=False, autoLog=True, bold=False, color=array([-1, -1, -1]), colorSpace='rgb', contrast=1.0, depth=0, flipHoriz=False, flipVert=False, font='', fontFiles=[], height=50.0, italic=False, languageStyle='LTR', name='unnamed TextStim', opacity=1.0, ori=0.0, pos=array([0., 0.]), rgb=UNKNOWN, text='Poprawnie', units='pix', win=Window(...), wrapWidth=500)
69.9386 	EXP 	unnamed TextStim: height = 25.0
69.9386 	EXP 	unnamed TextStim: height = 25.0
69.9386 	EXP 	unnamed TextStim: height = 25.0
69.9386 	EXP 	unnamed TextStim: text = 'm'
71.8288 	DATA 	Keypress: m
71.8307 	EXP 	Created unnamed TextStim = TextStim(__class__=<class 'psychopy.visual.text.TextStim'>, alignHoriz=method-wrapper(...), alignText='center', alignVert=method-wrapper(...), anchorHoriz='center', anchorVert='center', antialias=True, autoDraw=False, autoLog=True, bold=False, color=array([-1, -1, -1]), colorSpace='rgb', contrast=1.0, depth=0, flipHoriz=False, flipVert=False, font='', fontFiles=[], height=50.0, italic=False, languageStyle='LTR', name='unnamed TextStim', opacity=1.0, ori=0.0, pos=array([0., 0.]), rgb=UNKNOWN, text='Poprawnie', units='pix', win=Window(...), wrapWidth=500)
72.8387 	EXP 	unnamed TextStim: height = 25.0
72.8387 	EXP 	unnamed TextStim: height = 25.0
72.8387 	EXP 	unnamed TextStim: height = 25.0
72.8387 	EXP 	unnamed TextStim: text = 'z'
74.8849 	DATA 	Keypress: z
74.8873 	EXP 	Created unnamed TextStim = TextStim(__class__=<class 'psychopy.visual.text.TextStim'>, alignHoriz=method-wrapper(...), alignText='center', alignVert=method-wrapper(...), anchorHoriz='center', anchorVert='center', antialias=True, autoDraw=False, autoLog=True, bold=False, color=array([-1, -1, -1]), colorSpace='rgb', contrast=1.0, depth=0, flipHoriz=False, flipVert=False, font='', fontFiles=[], height=50.0, italic=False, languageStyle='LTR', name='unnamed TextStim', opacity=1.0, ori=0.0, pos=array([0., 0.]), rgb=UNKNOWN, text='Poprawnie', units='pix', win=Window(...), wrapWidth=500)
75.9055 	EXP 	unnamed TextStim: height = 25.0
75.9055 	EXP 	unnamed TextStim: height = 25.0
75.9055 	EXP 	unnamed TextStim: height = 25.0
75.9055 	EXP 	unnamed TextStim: text = 'x'
78.0944 	DATA 	Keypress: x
78.0969 	EXP 	Created unnamed TextStim = TextStim(__class__=<class 'psychopy.visual.text.TextStim'>, alignHoriz=method-wrapper(...), alignText='center', alignVert=method-wrapper(...), anchorHoriz='center', anchorVert='center', antialias=True, autoDraw=False, autoLog=True, bold=False, color=array([-1, -1, -1]), colorSpace='rgb', contrast=1.0, depth=0, flipHoriz=False, flipVert=False, font='', fontFiles=[], height=50.0, italic=False, languageStyle='LTR', name='unnamed TextStim', opacity=1.0, ori=0.0, pos=array([0., 0.]), rgb=UNKNOWN, text='Poprawnie', units='pix', win=Window(...), wrapWidth=500)
79.1056 	EXP 	unnamed TextStim: height = 25.0
79.1056 	EXP 	unnamed TextStim: height = 25.0
79.1056 	EXP 	unnamed TextStim: height = 25.0
79.1056 	EXP 	unnamed TextStim: text = 'z'
81.1788 	DATA 	Keypress: z
81.1808 	EXP 	Created unnamed TextStim = TextStim(__class__=<class 'psychopy.visual.text.TextStim'>, alignHoriz=method-wrapper(...), alignText='center', alignVert=method-wrapper(...), anchorHoriz='center', anchorVert='center', antialias=True, autoDraw=False, autoLog=True, bold=False, color=array([-1, -1, -1]), colorSpace='rgb', contrast=1.0, depth=0, flipHoriz=False, flipVert=False, font='', fontFiles=[], height=50.0, italic=False, languageStyle='LTR', name='unnamed TextStim', opacity=1.0, ori=0.0, pos=array([0., 0.]), rgb=UNKNOWN, text='Poprawnie', units='pix', win=Window(...), wrapWidth=500)
82.1890 	EXP 	unnamed TextStim: height = 25.0
82.1890 	EXP 	unnamed TextStim: height = 25.0
82.1890 	EXP 	unnamed TextStim: height = 25.0
82.1890 	EXP 	unnamed TextStim: text = 'm'
84.1082 	DATA 	Keypress: m
84.1102 	EXP 	Created unnamed TextStim = TextStim(__class__=<class 'psychopy.visual.text.TextStim'>, alignHoriz=method-wrapper(...), alignText='center', alignVert=method-wrapper(...), anchorHoriz='center', anchorVert='center', antialias=True, autoDraw=False, autoLog=True, bold=False, color=array([-1, -1, -1]), colorSpace='rgb', contrast=1.0, depth=0, flipHoriz=False, flipVert=False, font='', fontFiles=[], height=50.0, italic=False, languageStyle='LTR', name='unnamed TextStim', opacity=1.0, ori=0.0, pos=array([0., 0.]), rgb=UNKNOWN, text='Poprawnie', units='pix', win=Window(...), wrapWidth=500)
85.1225 	EXP 	unnamed TextStim: height = 25.0
85.1225 	EXP 	unnamed TextStim: height = 25.0
85.1225 	EXP 	unnamed TextStim: height = 25.0
85.1225 	EXP 	unnamed TextStim: text = 'x'
87.0790 	DATA 	Keypress: x
87.0816 	EXP 	Created unnamed TextStim = TextStim(__class__=<class 'psychopy.visual.text.TextStim'>, alignHoriz=method-wrapper(...), alignText='center', alignVert=method-wrapper(...), anchorHoriz='center', anchorVert='center', antialias=True, autoDraw=False, autoLog=True, bold=False, color=array([-1, -1, -1]), colorSpace='rgb', contrast=1.0, depth=0, flipHoriz=False, flipVert=False, font='', fontFiles=[], height=50.0, italic=False, languageStyle='LTR', name='unnamed TextStim', opacity=1.0, ori=0.0, pos=array([0., 0.]), rgb=UNKNOWN, text='Poprawnie', units='pix', win=Window(...), wrapWidth=500)
88.0891 	EXP 	unnamed TextStim: height = 25.0
88.0891 	EXP 	unnamed TextStim: height = 25.0
88.0891 	EXP 	unnamed TextStim: height = 25.0
88.0891 	EXP 	unnamed TextStim: text = 'n'
90.1530 	DATA 	Keypress: n
90.1555 	EXP 	Created unnamed TextStim = TextStim(__class__=<class 'psychopy.visual.text.TextStim'>, alignHoriz=method-wrapper(...), alignText='center', alignVert=method-wrapper(...), anchorHoriz='center', anchorVert='center', antialias=True, autoDraw=False, autoLog=True, bold=False, color=array([-1, -1, -1]), colorSpace='rgb', contrast=1.0, depth=0, flipHoriz=False, flipVert=False, font='', fontFiles=[], height=50.0, italic=False, languageStyle='LTR', name='unnamed TextStim', opacity=1.0, ori=0.0, pos=array([0., 0.]), rgb=UNKNOWN, text='Poprawnie', units='pix', win=Window(...), wrapWidth=500)
91.1728 	EXP 	unnamed TextStim: height = 25.0
91.1728 	EXP 	unnamed TextStim: height = 25.0
91.1728 	EXP 	unnamed TextStim: height = 25.0
91.1728 	EXP 	unnamed TextStim: text = 'z'
93.0726 	DATA 	Keypress: z
93.0745 	EXP 	Created unnamed TextStim = TextStim(__class__=<class 'psychopy.visual.text.TextStim'>, alignHoriz=method-wrapper(...), alignText='center', alignVert=method-wrapper(...), anchorHoriz='center', anchorVert='center', antialias=True, autoDraw=False, autoLog=True, bold=False, color=array([-1, -1, -1]), colorSpace='rgb', contrast=1.0, depth=0, flipHoriz=False, flipVert=False, font='', fontFiles=[], height=50.0, italic=False, languageStyle='LTR', name='unnamed TextStim', opacity=1.0, ori=0.0, pos=array([0., 0.]), rgb=UNKNOWN, text='Poprawnie', units='pix', win=Window(...), wrapWidth=500)
94.0894 	EXP 	unnamed TextStim: text = 'z'
96.1982 	DATA 	Keypress: z
96.2007 	EXP 	Created unnamed TextStim = TextStim(__class__=<class 'psychopy.visual.text.TextStim'>, alignHoriz=method-wrapper(...), alignText='center', alignVert=method-wrapper(...), anchorHoriz='center', anchorVert='center', antialias=True, autoDraw=False, autoLog=True, bold=False, color=array([-1, -1, -1]), colorSpace='rgb', contrast=1.0, depth=0, flipHoriz=False, flipVert=False, font='', fontFiles=[], height=50.0, italic=False, languageStyle='LTR', name='unnamed TextStim', opacity=1.0, ori=0.0, pos=array([0., 0.]), rgb=UNKNOWN, text='Poprawnie', units='pix', win=Window(...), wrapWidth=500)
97.2063 	EXP 	unnamed TextStim: height = 25.0
97.2063 	EXP 	unnamed TextStim: height = 25.0
97.2063 	EXP 	unnamed TextStim: height = 25.0
97.2063 	EXP 	unnamed TextStim: text = 'n'
99.0131 	DATA 	Keypress: n
99.0151 	EXP 	Created unnamed TextStim = TextStim(__class__=<class 'psychopy.visual.text.TextStim'>, alignHoriz=method-wrapper(...), alignText='center', alignVert=method-wrapper(...), anchorHoriz='center', anchorVert='center', antialias=True, autoDraw=False, autoLog=True, bold=False, color=array([-1, -1, -1]), colorSpace='rgb', contrast=1.0, depth=0, flipHoriz=False, flipVert=False, font='', fontFiles=[], height=50.0, italic=False, languageStyle='LTR', name='unnamed TextStim', opacity=1.0, ori=0.0, pos=array([0., 0.]), rgb=UNKNOWN, text='Poprawnie', units='pix', win=Window(...), wrapWidth=500)
100.0231 	EXP 	unnamed TextStim: text = 'n'
101.8904 	DATA 	Keypress: n
101.8923 	EXP 	Created unnamed TextStim = TextStim(__class__=<class 'psychopy.visual.text.TextStim'>, alignHoriz=method-wrapper(...), alignText='center', alignVert=method-wrapper(...), anchorHoriz='center', anchorVert='center', antialias=True, autoDraw=False, autoLog=True, bold=False, color=array([-1, -1, -1]), colorSpace='rgb', contrast=1.0, depth=0, flipHoriz=False, flipVert=False, font='', fontFiles=[], height=50.0, italic=False, languageStyle='LTR', name='unnamed TextStim', opacity=1.0, ori=0.0, pos=array([0., 0.]), rgb=UNKNOWN, text='Poprawnie', units='pix', win=Window(...), wrapWidth=500)
102.9243 	EXP 	Created unnamed TextStim = TextStim(__class__=<class 'psychopy.visual.text.TextStim'>, alignHoriz=method-wrapper(...), alignText='center', alignVert=method-wrapper(...), anchorHoriz='center', anchorVert='center', antialias=True, autoDraw=False, autoLog=True, bold=False, color=array([-1, -1, -1]), colorSpace='rgb', contrast=1.0, depth=0, flipHoriz=False, flipVert=False, font='', fontFiles=[], height=20.0, italic=False, languageStyle='LTR', name='unnamed TextStim', opacity=1.0, ori=0.0, pos=array([0., 0.]), rgb=UNKNOWN, text=str(...), units='pix', win=Window(...), wrapWidth=1536)
116.9508 	DATA 	Keypress: space
116.9567 	EXP 	unnamed TextStim: height = 25.0
116.9567 	EXP 	unnamed TextStim: height = 25.0
116.9567 	EXP 	unnamed TextStim: height = 25.0
116.9567 	EXP 	unnamed TextStim: text = 'm'
118.8054 	DATA 	Keypress: m
118.8129 	EXP 	Created unnamed TextStim = TextStim(__class__=<class 'psychopy.visual.text.TextStim'>, alignHoriz=method-wrapper(...), alignText='center', alignVert=method-wrapper(...), anchorHoriz='center', anchorVert='center', antialias=True, autoDraw=False, autoLog=True, bold=False, color=array([-1, -1, -1]), colorSpace='rgb', contrast=1.0, depth=0, flipHoriz=False, flipVert=False, font='', fontFiles=[], height=50.0, italic=False, languageStyle='LTR', name='unnamed TextStim', opacity=1.0, ori=0.0, pos=array([0., 0.]), rgb=UNKNOWN, text='Poprawnie', units='pix', win=Window(...), wrapWidth=500)
119.8238 	EXP 	unnamed TextStim: height = 25.0
119.8238 	EXP 	unnamed TextStim: height = 25.0
119.8238 	EXP 	unnamed TextStim: height = 25.0
119.8238 	EXP 	unnamed TextStim: text = 'x'
121.7500 	DATA 	Keypress: x
121.7524 	EXP 	Created unnamed TextStim = TextStim(__class__=<class 'psychopy.visual.text.TextStim'>, alignHoriz=method-wrapper(...), alignText='center', alignVert=method-wrapper(...), anchorHoriz='center', anchorVert='center', antialias=True, autoDraw=False, autoLog=True, bold=False, color=array([-1, -1, -1]), colorSpace='rgb', contrast=1.0, depth=0, flipHoriz=False, flipVert=False, font='', fontFiles=[], height=50.0, italic=False, languageStyle='LTR', name='unnamed TextStim', opacity=1.0, ori=0.0, pos=array([0., 0.]), rgb=UNKNOWN, text='Poprawnie', units='pix', win=Window(...), wrapWidth=500)
122.7573 	EXP 	unnamed TextStim: text = 'x'
124.9137 	DATA 	Keypress: x
124.9156 	EXP 	Created unnamed TextStim = TextStim(__class__=<class 'psychopy.visual.text.TextStim'>, alignHoriz=method-wrapper(...), alignText='center', alignVert=method-wrapper(...), anchorHoriz='center', anchorVert='center', antialias=True, autoDraw=False, autoLog=True, bold=False, color=array([-1, -1, -1]), colorSpace='rgb', contrast=1.0, depth=0, flipHoriz=False, flipVert=False, font='', fontFiles=[], height=50.0, italic=False, languageStyle='LTR', name='unnamed TextStim', opacity=1.0, ori=0.0, pos=array([0., 0.]), rgb=UNKNOWN, text='Poprawnie', units='pix', win=Window(...), wrapWidth=500)
125.9241 	EXP 	unnamed TextStim: text = 'x'
127.7907 	DATA 	Keypress: x
127.7927 	EXP 	Created unnamed TextStim = TextStim(__class__=<class 'psychopy.visual.text.TextStim'>, alignHoriz=method-wrapper(...), alignText='center', alignVert=method-wrapper(...), anchorHoriz='center', anchorVert='center', antialias=True, autoDraw=False, autoLog=True, bold=False, color=array([-1, -1, -1]), colorSpace='rgb', contrast=1.0, depth=0, flipHoriz=False, flipVert=False, font='', fontFiles=[], height=50.0, italic=False, languageStyle='LTR', name='unnamed TextStim', opacity=1.0, ori=0.0, pos=array([0., 0.]), rgb=UNKNOWN, text='Poprawnie', units='pix', win=Window(...), wrapWidth=500)
128.8074 	EXP 	unnamed TextStim: text = 'x'
130.5266 	DATA 	Keypress: m
130.5300 	EXP 	Created unnamed TextStim = TextStim(__class__=<class 'psychopy.visual.text.TextStim'>, alignHoriz=method-wrapper(...), alignText='center', alignVert=method-wrapper(...), anchorHoriz='center', anchorVert='center', antialias=True, autoDraw=False, autoLog=True, bold=False, color=array([-1, -1, -1]), colorSpace='rgb', contrast=1.0, depth=0, flipHoriz=False, flipVert=False, font='', fontFiles=[], height=50.0, italic=False, languageStyle='LTR', name='unnamed TextStim', opacity=1.0, ori=0.0, pos=array([0., 0.]), rgb=UNKNOWN, text='Niepoprawnie', units='pix', win=Window(...), wrapWidth=500)
131.5409 	EXP 	unnamed TextStim: height = 25.0
131.5409 	EXP 	unnamed TextStim: height = 25.0
131.5409 	EXP 	unnamed TextStim: height = 25.0
131.5409 	EXP 	unnamed TextStim: text = 'm'
133.5138 	DATA 	Keypress: m
133.5163 	EXP 	Created unnamed TextStim = TextStim(__class__=<class 'psychopy.visual.text.TextStim'>, alignHoriz=method-wrapper(...), alignText='center', alignVert=method-wrapper(...), anchorHoriz='center', anchorVert='center', antialias=True, autoDraw=False, autoLog=True, bold=False, color=array([-1, -1, -1]), colorSpace='rgb', contrast=1.0, depth=0, flipHoriz=False, flipVert=False, font='', fontFiles=[], height=50.0, italic=False, languageStyle='LTR', name='unnamed TextStim', opacity=1.0, ori=0.0, pos=array([0., 0.]), rgb=UNKNOWN, text='Poprawnie', units='pix', win=Window(...), wrapWidth=500)
134.5245 	EXP 	unnamed TextStim: text = 'm'
136.4226 	DATA 	Keypress: m
136.4250 	EXP 	Created unnamed TextStim = TextStim(__class__=<class 'psychopy.visual.text.TextStim'>, alignHoriz=method-wrapper(...), alignText='center', alignVert=method-wrapper(...), anchorHoriz='center', anchorVert='center', antialias=True, autoDraw=False, autoLog=True, bold=False, color=array([-1, -1, -1]), colorSpace='rgb', contrast=1.0, depth=0, flipHoriz=False, flipVert=False, font='', fontFiles=[], height=50.0, italic=False, languageStyle='LTR', name='unnamed TextStim', opacity=1.0, ori=0.0, pos=array([0., 0.]), rgb=UNKNOWN, text='Poprawnie', units='pix', win=Window(...), wrapWidth=500)
137.4412 	EXP 	unnamed TextStim: height = 25.0
137.4412 	EXP 	unnamed TextStim: height = 25.0
137.4412 	EXP 	unnamed TextStim: height = 25.0
137.4412 	EXP 	unnamed TextStim: text = 'x'
139.1837 	DATA 	Keypress: x
139.1857 	EXP 	Created unnamed TextStim = TextStim(__class__=<class 'psychopy.visual.text.TextStim'>, alignHoriz=method-wrapper(...), alignText='center', alignVert=method-wrapper(...), anchorHoriz='center', anchorVert='center', antialias=True, autoDraw=False, autoLog=True, bold=False, color=array([-1, -1, -1]), colorSpace='rgb', contrast=1.0, depth=0, flipHoriz=False, flipVert=False, font='', fontFiles=[], height=50.0, italic=False, languageStyle='LTR', name='unnamed TextStim', opacity=1.0, ori=0.0, pos=array([0., 0.]), rgb=UNKNOWN, text='Poprawnie', units='pix', win=Window(...), wrapWidth=500)
140.1911 	EXP 	unnamed TextStim: height = 25.0
140.1911 	EXP 	unnamed TextStim: height = 25.0
140.1911 	EXP 	unnamed TextStim: height = 25.0
140.1911 	EXP 	unnamed TextStim: text = 'm'
141.8221 	DATA 	Keypress: m
141.8245 	EXP 	Created unnamed TextStim = TextStim(__class__=<class 'psychopy.visual.text.TextStim'>, alignHoriz=method-wrapper(...), alignText='center', alignVert=method-wrapper(...), anchorHoriz='center', anchorVert='center', antialias=True, autoDraw=False, autoLog=True, bold=False, color=array([-1, -1, -1]), colorSpace='rgb', contrast=1.0, depth=0, flipHoriz=False, flipVert=False, font='', fontFiles=[], height=50.0, italic=False, languageStyle='LTR', name='unnamed TextStim', opacity=1.0, ori=0.0, pos=array([0., 0.]), rgb=UNKNOWN, text='Poprawnie', units='pix', win=Window(...), wrapWidth=500)
142.8413 	EXP 	unnamed TextStim: text = 'm'
144.2049 	DATA 	Keypress: m
144.2072 	EXP 	Created unnamed TextStim = TextStim(__class__=<class 'psychopy.visual.text.TextStim'>, alignHoriz=method-wrapper(...), alignText='center', alignVert=method-wrapper(...), anchorHoriz='center', anchorVert='center', antialias=True, autoDraw=False, autoLog=True, bold=False, color=array([-1, -1, -1]), colorSpace='rgb', contrast=1.0, depth=0, flipHoriz=False, flipVert=False, font='', fontFiles=[], height=50.0, italic=False, languageStyle='LTR', name='unnamed TextStim', opacity=1.0, ori=0.0, pos=array([0., 0.]), rgb=UNKNOWN, text='Poprawnie', units='pix', win=Window(...), wrapWidth=500)
145.2352 	EXP 	Created unnamed TextStim = TextStim(__class__=<class 'psychopy.visual.text.TextStim'>, alignHoriz=method-wrapper(...), alignText='center', alignVert=method-wrapper(...), anchorHoriz='center', anchorVert='center', antialias=True, autoDraw=False, autoLog=True, bold=False, color=array([-1, -1, -1]), colorSpace='rgb', contrast=1.0, depth=0, flipHoriz=False, flipVert=False, font='', fontFiles=[], height=20.0, italic=False, languageStyle='LTR', name='unnamed TextStim', opacity=1.0, ori=0.0, pos=array([0., 0.]), rgb=UNKNOWN, text=str(...), units='pix', win=Window(...), wrapWidth=1536)
157.8817 	DATA 	Keypress: space
157.8919 	EXP 	unnamed TextStim: height = 25.0
157.8919 	EXP 	unnamed TextStim: height = 25.0
157.8919 	EXP 	unnamed TextStim: height = 25.0
157.8919 	EXP 	unnamed TextStim: text = 'n'
159.6043 	DATA 	Keypress: n
159.6076 	EXP 	unnamed TextStim: height = 25.0
159.6076 	EXP 	unnamed TextStim: height = 25.0
159.6076 	EXP 	unnamed TextStim: height = 25.0
159.6076 	EXP 	unnamed TextStim: text = 'm'
161.0829 	DATA 	Keypress: m
161.0854 	EXP 	unnamed TextStim: height = 25.0
161.0854 	EXP 	unnamed TextStim: height = 25.0
161.0854 	EXP 	unnamed TextStim: height = 25.0
161.0854 	EXP 	unnamed TextStim: text = 'n'
162.6086 	DATA 	Keypress: z
162.6096 	EXP 	unnamed TextStim: text = 'n'
164.4782 	DATA 	Keypress: n
164.4811 	EXP 	unnamed TextStim: height = 25.0
164.4811 	EXP 	unnamed TextStim: height = 25.0
164.4811 	EXP 	unnamed TextStim: height = 25.0
164.4811 	EXP 	unnamed TextStim: text = 'x'
166.2205 	DATA 	Keypress: x
166.2216 	EXP 	unnamed TextStim: text = 'x'
167.8960 	DATA 	Keypress: m
168.0437 	EXP 	Created unnamed ImageStim = ImageStim(__class__=<class 'psychopy.visual.image.ImageStim'>, anchor=('center', 'center'), autoLog=True, color=array([1., 1., 1.]), colorSpace='rgb', contrast=1.0, depth=0, flipHoriz=False, flipVert=False, image='break.jpg', interpolate=True, mask=None, maskParams=None, name='unnamed ImageStim', opacity=1.0, ori=0.0, pos=array([0., 0.]), size=array([1536.,  864.]), texRes=128, units='pix', win=Window(...))
169.3668 	DATA 	Keypress: space
169.3755 	EXP 	unnamed TextStim: text = 'x'
171.3977 	DATA 	Keypress: m
171.4000 	EXP 	unnamed TextStim: height = 25.0
171.4000 	EXP 	unnamed TextStim: height = 25.0
171.4000 	EXP 	unnamed TextStim: height = 25.0
171.4000 	EXP 	unnamed TextStim: text = 'm'
173.0065 	DATA 	Keypress: z
173.0076 	EXP 	unnamed TextStim: text = 'm'
175.4539 	DATA 	Keypress: m
175.4592 	EXP 	unnamed TextStim: height = 25.0
175.4592 	EXP 	unnamed TextStim: height = 25.0
175.4592 	EXP 	unnamed TextStim: height = 25.0
175.4592 	EXP 	unnamed TextStim: text = 'z'
178.2131 	DATA 	Keypress: z
178.2152 	EXP 	unnamed TextStim: height = 25.0
178.2152 	EXP 	unnamed TextStim: height = 25.0
178.2152 	EXP 	unnamed TextStim: height = 25.0
178.2152 	EXP 	unnamed TextStim: text = 'm'
179.8411 	DATA 	Keypress: m
179.8433 	EXP 	unnamed TextStim: height = 25.0
179.8433 	EXP 	unnamed TextStim: height = 25.0
179.8433 	EXP 	unnamed TextStim: height = 25.0
179.8433 	EXP 	unnamed TextStim: text = 'n'
181.4839 	DATA 	Keypress: n
181.6238 	EXP 	Created unnamed ImageStim = ImageStim(__class__=<class 'psychopy.visual.image.ImageStim'>, anchor=('center', 'center'), autoLog=True, color=array([1., 1., 1.]), colorSpace='rgb', contrast=1.0, depth=0, flipHoriz=False, flipVert=False, image='break.jpg', interpolate=True, mask=None, maskParams=None, name='unnamed ImageStim', opacity=1.0, ori=0.0, pos=array([0., 0.]), size=array([1536.,  864.]), texRes=128, units='pix', win=Window(...))
183.3560 	DATA 	Keypress: space
183.3594 	EXP 	unnamed TextStim: height = 25.0
183.3594 	EXP 	unnamed TextStim: height = 25.0
183.3594 	EXP 	unnamed TextStim: height = 25.0
183.3594 	EXP 	unnamed TextStim: text = 'z'
185.1938 	DATA 	Keypress: z
185.1959 	EXP 	unnamed TextStim: height = 25.0
185.1959 	EXP 	unnamed TextStim: height = 25.0
185.1959 	EXP 	unnamed TextStim: height = 25.0
185.1959 	EXP 	unnamed TextStim: text = 'm'
186.8270 	DATA 	Keypress: m
186.8291 	EXP 	unnamed TextStim: height = 25.0
186.8291 	EXP 	unnamed TextStim: height = 25.0
186.8291 	EXP 	unnamed TextStim: height = 25.0
186.8291 	EXP 	unnamed TextStim: text = 'n'
188.1769 	DATA 	Keypress: x
188.1790 	EXP 	unnamed TextStim: height = 25.0
188.1790 	EXP 	unnamed TextStim: height = 25.0
188.1790 	EXP 	unnamed TextStim: height = 25.0
188.1790 	EXP 	unnamed TextStim: text = 'x'
188.8272 	DATA 	Keypress: x
189.8824 	DATA 	Keypress: n
189.8845 	EXP 	unnamed TextStim: height = 25.0
189.8845 	EXP 	unnamed TextStim: height = 25.0
189.8845 	EXP 	unnamed TextStim: height = 25.0
189.8845 	EXP 	unnamed TextStim: text = 'z'
192.4519 	DATA 	Keypress: z
192.4540 	EXP 	unnamed TextStim: height = 25.0
192.4540 	EXP 	unnamed TextStim: height = 25.0
192.4540 	EXP 	unnamed TextStim: height = 25.0
192.4540 	EXP 	unnamed TextStim: text = 'n'
194.1650 	DATA 	Keypress: n
194.3095 	EXP 	Created unnamed ImageStim = ImageStim(__class__=<class 'psychopy.visual.image.ImageStim'>, anchor=('center', 'center'), autoLog=True, color=array([1., 1., 1.]), colorSpace='rgb', contrast=1.0, depth=0, flipHoriz=False, flipVert=False, image='break.jpg', interpolate=True, mask=None, maskParams=None, name='unnamed ImageStim', opacity=1.0, ori=0.0, pos=array([0., 0.]), size=array([1536.,  864.]), texRes=128, units='pix', win=Window(...))
195.8355 	DATA 	Keypress: space
195.8432 	EXP 	unnamed TextStim: height = 25.0
195.8432 	EXP 	unnamed TextStim: height = 25.0
195.8432 	EXP 	unnamed TextStim: height = 25.0
195.8432 	EXP 	unnamed TextStim: text = 'x'
197.6536 	DATA 	Keypress: z
197.6557 	EXP 	unnamed TextStim: height = 25.0
197.6557 	EXP 	unnamed TextStim: height = 25.0
197.6557 	EXP 	unnamed TextStim: height = 25.0
197.6557 	EXP 	unnamed TextStim: text = 'm'
199.3494 	DATA 	Keypress: m
199.3506 	EXP 	unnamed TextStim: text = 'm'
201.1778 	DATA 	Keypress: z
201.1799 	EXP 	unnamed TextStim: height = 25.0
201.1799 	EXP 	unnamed TextStim: height = 25.0
201.1799 	EXP 	unnamed TextStim: height = 25.0
201.1799 	EXP 	unnamed TextStim: text = 'x'
203.4642 	DATA 	Keypress: x
203.4667 	EXP 	unnamed TextStim: height = 25.0
203.4667 	EXP 	unnamed TextStim: height = 25.0
203.4667 	EXP 	unnamed TextStim: height = 25.0
203.4667 	EXP 	unnamed TextStim: text = 'n'
205.0872 	DATA 	Keypress: n
205.0893 	EXP 	unnamed TextStim: height = 25.0
205.0893 	EXP 	unnamed TextStim: height = 25.0
205.0893 	EXP 	unnamed TextStim: height = 25.0
205.0893 	EXP 	unnamed TextStim: text = 'z'
206.8931 	DATA 	Keypress: z
207.0337 	EXP 	Created unnamed ImageStim = ImageStim(__class__=<class 'psychopy.visual.image.ImageStim'>, anchor=('center', 'center'), autoLog=True, color=array([1., 1., 1.]), colorSpace='rgb', contrast=1.0, depth=0, flipHoriz=False, flipVert=False, image='break.jpg', interpolate=True, mask=None, maskParams=None, name='unnamed ImageStim', opacity=1.0, ori=0.0, pos=array([0., 0.]), size=array([1536.,  864.]), texRes=128, units='pix', win=Window(...))
207.7132 	DATA 	Keypress: space
207.7270 	EXP 	unnamed TextStim: height = 25.0
207.7270 	EXP 	unnamed TextStim: height = 25.0
207.7270 	EXP 	unnamed TextStim: height = 25.0
207.7270 	EXP 	unnamed TextStim: text = 'm'
209.1234 	DATA 	Keypress: m
209.1256 	EXP 	unnamed TextStim: height = 25.0
209.1256 	EXP 	unnamed TextStim: height = 25.0
209.1256 	EXP 	unnamed TextStim: height = 25.0
209.1256 	EXP 	unnamed TextStim: text = 'n'
210.6308 	DATA 	Keypress: n
210.6319 	EXP 	unnamed TextStim: text = 'n'
212.2868 	DATA 	Keypress: z
212.2890 	EXP 	unnamed TextStim: height = 25.0
212.2890 	EXP 	unnamed TextStim: height = 25.0
212.2890 	EXP 	unnamed TextStim: height = 25.0
212.2890 	EXP 	unnamed TextStim: text = 'z'
214.0585 	DATA 	Keypress: z
214.0631 	EXP 	unnamed TextStim: height = 25.0
214.0631 	EXP 	unnamed TextStim: height = 25.0
214.0631 	EXP 	unnamed TextStim: height = 25.0
214.0631 	EXP 	unnamed TextStim: text = 'x'
216.2665 	DATA 	Keypress: x
216.2679 	EXP 	unnamed TextStim: text = 'x'
218.5522 	DATA 	Keypress: x
218.6999 	EXP 	Created unnamed ImageStim = ImageStim(__class__=<class 'psychopy.visual.image.ImageStim'>, anchor=('center', 'center'), autoLog=True, color=array([1., 1., 1.]), colorSpace='rgb', contrast=1.0, depth=0, flipHoriz=False, flipVert=False, image='break.jpg', interpolate=True, mask=None, maskParams=None, name='unnamed ImageStim', opacity=1.0, ori=0.0, pos=array([0., 0.]), size=array([1536.,  864.]), texRes=128, units='pix', win=Window(...))
219.5571 	DATA 	Keypress: space
219.5610 	EXP 	unnamed TextStim: height = 25.0
219.5610 	EXP 	unnamed TextStim: height = 25.0
219.5610 	EXP 	unnamed TextStim: height = 25.0
219.5610 	EXP 	unnamed TextStim: text = 'm'
221.2074 	DATA 	Keypress: z
221.2095 	EXP 	unnamed TextStim: height = 25.0
221.2095 	EXP 	unnamed TextStim: height = 25.0
221.2095 	EXP 	unnamed TextStim: height = 25.0
221.2095 	EXP 	unnamed TextStim: text = 'x'
222.7826 	DATA 	Keypress: n
222.7848 	EXP 	unnamed TextStim: height = 25.0
222.7848 	EXP 	unnamed TextStim: height = 25.0
222.7848 	EXP 	unnamed TextStim: height = 25.0
222.7848 	EXP 	unnamed TextStim: text = 'n'
225.1023 	DATA 	Keypress: x
225.1045 	EXP 	unnamed TextStim: height = 25.0
225.1045 	EXP 	unnamed TextStim: height = 25.0
225.1045 	EXP 	unnamed TextStim: height = 25.0
225.1045 	EXP 	unnamed TextStim: text = 'z'
227.3251 	DATA 	Keypress: z
227.3272 	EXP 	unnamed TextStim: height = 25.0
227.3272 	EXP 	unnamed TextStim: height = 25.0
227.3272 	EXP 	unnamed TextStim: height = 25.0
227.3272 	EXP 	unnamed TextStim: text = 'x'
229.1857 	DATA 	Keypress: x
229.1883 	EXP 	unnamed TextStim: height = 25.0
229.1883 	EXP 	unnamed TextStim: height = 25.0
229.1883 	EXP 	unnamed TextStim: height = 25.0
229.1883 	EXP 	unnamed TextStim: text = 'z'
231.0640 	DATA 	Keypress: m
231.2061 	EXP 	Created unnamed ImageStim = ImageStim(__class__=<class 'psychopy.visual.image.ImageStim'>, anchor=('center', 'center'), autoLog=True, color=array([1., 1., 1.]), colorSpace='rgb', contrast=1.0, depth=0, flipHoriz=False, flipVert=False, image='break.jpg', interpolate=True, mask=None, maskParams=None, name='unnamed ImageStim', opacity=1.0, ori=0.0, pos=array([0., 0.]), size=array([1536.,  864.]), texRes=128, units='pix', win=Window(...))
231.9509 	DATA 	Keypress: space
231.9615 	EXP 	unnamed TextStim: height = 25.0
231.9615 	EXP 	unnamed TextStim: height = 25.0
231.9615 	EXP 	unnamed TextStim: height = 25.0
231.9615 	EXP 	unnamed TextStim: text = 'n'
233.8077 	DATA 	Keypress: z
233.8145 	EXP 	unnamed TextStim: height = 25.0
233.8145 	EXP 	unnamed TextStim: height = 25.0
233.8145 	EXP 	unnamed TextStim: height = 25.0
233.8145 	EXP 	unnamed TextStim: text = 'x'
235.9161 	DATA 	Keypress: x
235.9183 	EXP 	unnamed TextStim: height = 25.0
235.9183 	EXP 	unnamed TextStim: height = 25.0
235.9183 	EXP 	unnamed TextStim: height = 25.0
235.9183 	EXP 	unnamed TextStim: text = 'n'
237.7356 	DATA 	Keypress: x
237.7368 	EXP 	unnamed TextStim: text = 'n'
239.4501 	DATA 	Keypress: n
239.4522 	EXP 	unnamed TextStim: height = 25.0
239.4522 	EXP 	unnamed TextStim: height = 25.0
239.4522 	EXP 	unnamed TextStim: height = 25.0
239.4522 	EXP 	unnamed TextStim: text = 'x'
241.5587 	DATA 	Keypress: z
241.5609 	EXP 	unnamed TextStim: height = 25.0
241.5609 	EXP 	unnamed TextStim: height = 25.0
241.5609 	EXP 	unnamed TextStim: height = 25.0
241.5609 	EXP 	unnamed TextStim: text = 'm'
243.2781 	DATA 	Keypress: m
243.4123 	EXP 	Created unnamed ImageStim = ImageStim(__class__=<class 'psychopy.visual.image.ImageStim'>, anchor=('center', 'center'), autoLog=True, color=array([1., 1., 1.]), colorSpace='rgb', contrast=1.0, depth=0, flipHoriz=False, flipVert=False, image='break.jpg', interpolate=True, mask=None, maskParams=None, name='unnamed ImageStim', opacity=1.0, ori=0.0, pos=array([0., 0.]), size=array([1536.,  864.]), texRes=128, units='pix', win=Window(...))
244.2090 	DATA 	Keypress: space
244.2117 	EXP 	unnamed TextStim: height = 25.0
244.2117 	EXP 	unnamed TextStim: height = 25.0
244.2117 	EXP 	unnamed TextStim: height = 25.0
244.2117 	EXP 	unnamed TextStim: text = 'n'
245.9743 	DATA 	Keypress: z
245.9764 	EXP 	unnamed TextStim: height = 25.0
245.9764 	EXP 	unnamed TextStim: height = 25.0
245.9764 	EXP 	unnamed TextStim: height = 25.0
245.9764 	EXP 	unnamed TextStim: text = 'm'
248.0022 	DATA 	Keypress: m
248.0044 	EXP 	unnamed TextStim: height = 25.0
248.0044 	EXP 	unnamed TextStim: height = 25.0
248.0044 	EXP 	unnamed TextStim: height = 25.0
248.0044 	EXP 	unnamed TextStim: text = 'x'
249.7070 	DATA 	Keypress: x
249.7081 	EXP 	unnamed TextStim: text = 'x'
251.4266 	DATA 	Keypress: z
251.4276 	EXP 	unnamed TextStim: text = 'x'
253.2509 	DATA 	Keypress: x
253.2530 	EXP 	unnamed TextStim: height = 25.0
253.2530 	EXP 	unnamed TextStim: height = 25.0
253.2530 	EXP 	unnamed TextStim: height = 25.0
253.2530 	EXP 	unnamed TextStim: text = 'm'
255.0779 	DATA 	Keypress: m
255.2134 	EXP 	Created unnamed ImageStim = ImageStim(__class__=<class 'psychopy.visual.image.ImageStim'>, anchor=('center', 'center'), autoLog=True, color=array([1., 1., 1.]), colorSpace='rgb', contrast=1.0, depth=0, flipHoriz=False, flipVert=False, image='break.jpg', interpolate=True, mask=None, maskParams=None, name='unnamed ImageStim', opacity=1.0, ori=0.0, pos=array([0., 0.]), size=array([1536.,  864.]), texRes=128, units='pix', win=Window(...))
258.6093 	DATA 	Keypress: space
258.6125 	EXP 	unnamed TextStim: text = 'm'
260.7519 	DATA 	Keypress: z
260.7531 	EXP 	unnamed TextStim: text = 'm'
262.8937 	DATA 	Keypress: m
262.9012 	EXP 	unnamed TextStim: height = 25.0
262.9012 	EXP 	unnamed TextStim: height = 25.0
262.9012 	EXP 	unnamed TextStim: height = 25.0
262.9012 	EXP 	unnamed TextStim: text = 'z'
264.8708 	DATA 	Keypress: z
264.8728 	EXP 	unnamed TextStim: height = 25.0
264.8728 	EXP 	unnamed TextStim: height = 25.0
264.8728 	EXP 	unnamed TextStim: height = 25.0
264.8728 	EXP 	unnamed TextStim: text = 'm'
266.6740 	DATA 	Keypress: m
266.6761 	EXP 	unnamed TextStim: height = 25.0
266.6761 	EXP 	unnamed TextStim: height = 25.0
266.6761 	EXP 	unnamed TextStim: height = 25.0
266.6761 	EXP 	unnamed TextStim: text = 'n'
268.4596 	DATA 	Keypress: z
268.4618 	EXP 	unnamed TextStim: height = 25.0
268.4618 	EXP 	unnamed TextStim: height = 25.0
268.4618 	EXP 	unnamed TextStim: height = 25.0
268.4618 	EXP 	unnamed TextStim: text = 'x'
270.4072 	DATA 	Keypress: x
270.5469 	EXP 	Created unnamed ImageStim = ImageStim(__class__=<class 'psychopy.visual.image.ImageStim'>, anchor=('center', 'center'), autoLog=True, color=array([1., 1., 1.]), colorSpace='rgb', contrast=1.0, depth=0, flipHoriz=False, flipVert=False, image='break.jpg', interpolate=True, mask=None, maskParams=None, name='unnamed ImageStim', opacity=1.0, ori=0.0, pos=array([0., 0.]), size=array([1536.,  864.]), texRes=128, units='pix', win=Window(...))
271.3483 	DATA 	Keypress: space
271.3630 	EXP 	unnamed TextStim: height = 25.0
271.3630 	EXP 	unnamed TextStim: height = 25.0
271.3630 	EXP 	unnamed TextStim: height = 25.0
271.3630 	EXP 	unnamed TextStim: text = 'z'
273.1103 	DATA 	Keypress: z
273.1124 	EXP 	unnamed TextStim: height = 25.0
273.1124 	EXP 	unnamed TextStim: height = 25.0
273.1124 	EXP 	unnamed TextStim: height = 25.0
273.1124 	EXP 	unnamed TextStim: text = 'x'
275.2271 	DATA 	Keypress: x
275.2293 	EXP 	unnamed TextStim: height = 25.0
275.2293 	EXP 	unnamed TextStim: height = 25.0
275.2293 	EXP 	unnamed TextStim: height = 25.0
275.2293 	EXP 	unnamed TextStim: text = 'z'
276.9063 	DATA 	Keypress: m
276.9074 	EXP 	unnamed TextStim: text = 'z'
279.0294 	DATA 	Keypress: z
279.0316 	EXP 	unnamed TextStim: height = 25.0
279.0316 	EXP 	unnamed TextStim: height = 25.0
279.0316 	EXP 	unnamed TextStim: height = 25.0
279.0316 	EXP 	unnamed TextStim: text = 'x'
280.8477 	DATA 	Keypress: x
280.8498 	EXP 	unnamed TextStim: height = 25.0
280.8498 	EXP 	unnamed TextStim: height = 25.0
280.8498 	EXP 	unnamed TextStim: height = 25.0
280.8498 	EXP 	unnamed TextStim: text = 'n'
282.5994 	DATA 	Keypress: n
282.7414 	EXP 	Created unnamed ImageStim = ImageStim(__class__=<class 'psychopy.visual.image.ImageStim'>, anchor=('center', 'center'), autoLog=True, color=array([1., 1., 1.]), colorSpace='rgb', contrast=1.0, depth=0, flipHoriz=False, flipVert=False, image='break.jpg', interpolate=True, mask=None, maskParams=None, name='unnamed ImageStim', opacity=1.0, ori=0.0, pos=array([0., 0.]), size=array([1536.,  864.]), texRes=128, units='pix', win=Window(...))
283.5103 	DATA 	Keypress: space
283.5135 	EXP 	unnamed TextStim: text = 'n'
285.5281 	DATA 	Keypress: n
285.5346 	EXP 	unnamed TextStim: height = 25.0
285.5346 	EXP 	unnamed TextStim: height = 25.0
285.5346 	EXP 	unnamed TextStim: height = 25.0
285.5346 	EXP 	unnamed TextStim: text = 'x'
287.4272 	DATA 	Keypress: x
287.4293 	EXP 	unnamed TextStim: height = 25.0
287.4293 	EXP 	unnamed TextStim: height = 25.0
287.4293 	EXP 	unnamed TextStim: height = 25.0
287.4293 	EXP 	unnamed TextStim: text = 'n'
289.1518 	DATA 	Keypress: n
289.1540 	EXP 	unnamed TextStim: height = 25.0
289.1540 	EXP 	unnamed TextStim: height = 25.0
289.1540 	EXP 	unnamed TextStim: height = 25.0
289.1540 	EXP 	unnamed TextStim: text = 'm'
291.6608 	DATA 	Keypress: z
291.6629 	EXP 	unnamed TextStim: height = 25.0
291.6629 	EXP 	unnamed TextStim: height = 25.0
291.6629 	EXP 	unnamed TextStim: height = 25.0
291.6629 	EXP 	unnamed TextStim: text = 'x'
293.7113 	DATA 	Keypress: x
293.7125 	EXP 	unnamed TextStim: text = 'x'
295.4082 	DATA 	Keypress: m
295.5487 	EXP 	Created unnamed ImageStim = ImageStim(__class__=<class 'psychopy.visual.image.ImageStim'>, anchor=('center', 'center'), autoLog=True, color=array([1., 1., 1.]), colorSpace='rgb', contrast=1.0, depth=0, flipHoriz=False, flipVert=False, image='break.jpg', interpolate=True, mask=None, maskParams=None, name='unnamed ImageStim', opacity=1.0, ori=0.0, pos=array([0., 0.]), size=array([1536.,  864.]), texRes=128, units='pix', win=Window(...))
296.1893 	DATA 	Keypress: space
296.2066 	EXP 	Created unnamed TextStim = TextStim(__class__=<class 'psychopy.visual.text.TextStim'>, alignHoriz=method-wrapper(...), alignText='center', alignVert=method-wrapper(...), anchorHoriz='center', anchorVert='center', antialias=True, autoDraw=False, autoLog=True, bold=False, color=array([-1, -1, -1]), colorSpace='rgb', contrast=1.0, depth=0, flipHoriz=False, flipVert=False, font='', fontFiles=[], height=20.0, italic=False, languageStyle='LTR', name='unnamed TextStim', opacity=1.0, ori=0.0, pos=array([0., 0.]), rgb=UNKNOWN, text=str(...), units='pix', win=Window(...), wrapWidth=1536)
329.2545 	DATA 	Keypress: space
329.3450 	EXP 	window1: mouseVisible = True
