6.6798 	WARNING 	User requested fullscreen with size [1536  864], but screen is actually [1920, 1080]. Using actual size
7.9644 	INFO 	FRAME RATE: 60
7.9645 	INFO 	SCREEN RES: odict_values([1536, 864])
8.0225 	EXP 	Created unnamed TextStim = TextStim(__class__=<class 'psychopy.visual.text.TextStim'>, alignHoriz=method-wrapper(...), alignText='center', alignVert=method-wrapper(...), anchorHoriz='center', anchorVert='center', antialias=True, autoDraw=False, autoLog=True, bold=False, color=array([-1, -1, -1]), colorSpace='rgb', contrast=1.0, depth=0, flipHoriz=False, flipVert=False, font='', fontFiles=[], height=100.0, italic=False, languageStyle='LTR', name='unnamed TextStim', opacity=1.0, ori=0.0, pos=array([0., 0.]), rgb=UNKNOWN, text='+', units='pix', win=Window(...), wrapWidth=500)
8.0261 	EXP 	Created unnamed Circle = Circle(__class__=<class 'psychopy.visual.circle.Circle'>, anchor=('center', 'center'), autoDraw=False, autoLog=True, closeShape=True, color=method-wrapper(...), colorSpace='rgb', contrast=None, depth=0, fillColor=array([ 0.09019608, -1.        , -1.        ]), fillColorSpace='rgb', fillRGB=array([ 0.09019608, -1.        , -1.        ]), interpolate=True, lineColor=array([ 0.09019608, -1.        , -1.        ]), lineColorSpace='rgb', lineRGB=array([ 0.09019608, -1.        , -1.        ]), lineWidth=1.5, name='unnamed Circle', opacity=1.0, ori=0.0, pos=array([0., 0.]), size=array([1., 1.]), units='pix', vertices=ndarray(...), win=Window(...))
8.0268 	EXP 	Created unnamed TextStim = TextStim(__class__=<class 'psychopy.visual.text.TextStim'>, alignHoriz=method-wrapper(...), alignText='center', alignVert=method-wrapper(...), anchorHoriz='center', anchorVert='center', antialias=True, autoDraw=False, autoLog=True, bold=False, color=array([-0.17647059, -0.17647059, -0.17647059]), colorSpace='rgb', contrast=1.0, depth=0, flipHoriz=False, flipVert=False, font='', fontFiles=[], height=25, italic=False, languageStyle='LTR', name='unnamed TextStim', opacity=1.0, ori=0.0, pos=array([0., 0.]), rgb=UNKNOWN, text='', units='pix', win=Window(...), wrapWidth=500)
8.0352 	EXP 	Created unnamed ImageStim = ImageStim(__class__=<class 'psychopy.visual.image.ImageStim'>, anchor=('center', 'center'), autoLog=True, color=array([1., 1., 1.]), colorSpace='rgb', contrast=1.0, depth=0, flipHoriz=False, flipVert=False, image='mask4.png', interpolate=False, mask=None, maskParams=None, name='unnamed ImageStim', opacity=1.0, ori=0.0, pos=array([0., 0.]), size=array([25., 25.]), texRes=128, units='pix', win=Window(...))
8.0427 	EXP 	Created unnamed TextStim = TextStim(__class__=<class 'psychopy.visual.text.TextStim'>, alignHoriz=method-wrapper(...), alignText='center', alignVert=method-wrapper(...), anchorHoriz='center', anchorVert='center', antialias=True, autoDraw=False, autoLog=True, bold=False, color=array([-1, -1, -1]), colorSpace='rgb', contrast=1.0, depth=0, flipHoriz=False, flipVert=False, font='', fontFiles=[], height=30.0, italic=False, languageStyle='LTR', name='unnamed TextStim', opacity=1.0, ori=0.0, pos=array([ 100., -300.]), rgb=UNKNOWN, text=str(...), units='pix', win=Window(...), wrapWidth=10000)
8.0472 	EXP 	Created unnamed TextStim = TextStim(__class__=<class 'psychopy.visual.text.TextStim'>, alignHoriz=method-wrapper(...), alignText='center', alignVert=method-wrapper(...), anchorHoriz='center', anchorVert='center', antialias=True, autoDraw=False, autoLog=True, bold=False, color=array([-1, -1, -1]), colorSpace='rgb', contrast=1.0, depth=0, flipHoriz=False, flipVert=False, font='', fontFiles=[], height=30.0, italic=False, languageStyle='LTR', name='unnamed TextStim', opacity=1.0, ori=0.0, pos=array([ 100., -330.]), rgb=UNKNOWN, text=str(...), units='pix', win=Window(...), wrapWidth=10000)
8.0836 	EXP 	Created unnamed TextStim = TextStim(__class__=<class 'psychopy.visual.text.TextStim'>, alignHoriz=method-wrapper(...), alignText='center', alignVert=method-wrapper(...), anchorHoriz='center', anchorVert='center', antialias=True, autoDraw=False, autoLog=True, bold=False, color=array([-1, -1, -1]), colorSpace='rgb', contrast=1.0, depth=0, flipHoriz=False, flipVert=False, font='', fontFiles=[], height=20.0, italic=False, languageStyle='LTR', name='unnamed TextStim', opacity=1.0, ori=0.0, pos=array([0., 0.]), rgb=UNKNOWN, text=str(...), units='pix', win=Window(...), wrapWidth=1536)
36.0855 	DATA 	Keypress: space
36.0971 	EXP 	unnamed TextStim: height = 25.0
36.0971 	EXP 	unnamed TextStim: height = 25.0
36.0971 	EXP 	unnamed TextStim: height = 25.0
36.0971 	EXP 	unnamed TextStim: text = 'm'
37.5496 	DATA 	Keypress: m
38.4059 	DATA 	Keypress: m
38.4129 	EXP 	Created unnamed TextStim = TextStim(__class__=<class 'psychopy.visual.text.TextStim'>, alignHoriz=method-wrapper(...), alignText='center', alignVert=method-wrapper(...), anchorHoriz='center', anchorVert='center', antialias=True, autoDraw=False, autoLog=True, bold=False, color=array([-1, -1, -1]), colorSpace='rgb', contrast=1.0, depth=0, flipHoriz=False, flipVert=False, font='', fontFiles=[], height=50.0, italic=False, languageStyle='LTR', name='unnamed TextStim', opacity=1.0, ori=0.0, pos=array([0., 0.]), rgb=UNKNOWN, text='Poprawnie', units='pix', win=Window(...), wrapWidth=500)
39.4308 	EXP 	unnamed TextStim: height = 25.0
39.4308 	EXP 	unnamed TextStim: height = 25.0
39.4308 	EXP 	unnamed TextStim: height = 25.0
39.4308 	EXP 	unnamed TextStim: text = 'z'
41.0039 	DATA 	Keypress: z
41.0058 	EXP 	Created unnamed TextStim = TextStim(__class__=<class 'psychopy.visual.text.TextStim'>, alignHoriz=method-wrapper(...), alignText='center', alignVert=method-wrapper(...), anchorHoriz='center', anchorVert='center', antialias=True, autoDraw=False, autoLog=True, bold=False, color=array([-1, -1, -1]), colorSpace='rgb', contrast=1.0, depth=0, flipHoriz=False, flipVert=False, font='', fontFiles=[], height=50.0, italic=False, languageStyle='LTR', name='unnamed TextStim', opacity=1.0, ori=0.0, pos=array([0., 0.]), rgb=UNKNOWN, text='Poprawnie', units='pix', win=Window(...), wrapWidth=500)
41.9144 	DATA 	Mouse: Left button down, pos=(837,617)
42.0142 	EXP 	unnamed TextStim: text = 'z'
42.1321 	DATA 	Mouse:  Left button up, pos=(837,617)
43.3818 	DATA 	Keypress: z
43.3867 	EXP 	Created unnamed TextStim = TextStim(__class__=<class 'psychopy.visual.text.TextStim'>, alignHoriz=method-wrapper(...), alignText='center', alignVert=method-wrapper(...), anchorHoriz='center', anchorVert='center', antialias=True, autoDraw=False, autoLog=True, bold=False, color=array([-1, -1, -1]), colorSpace='rgb', contrast=1.0, depth=0, flipHoriz=False, flipVert=False, font='', fontFiles=[], height=50.0, italic=False, languageStyle='LTR', name='unnamed TextStim', opacity=1.0, ori=0.0, pos=array([0., 0.]), rgb=UNKNOWN, text='Poprawnie', units='pix', win=Window(...), wrapWidth=500)
44.4143 	EXP 	unnamed TextStim: height = 25.0
44.4143 	EXP 	unnamed TextStim: height = 25.0
44.4143 	EXP 	unnamed TextStim: height = 25.0
44.4143 	EXP 	unnamed TextStim: text = 'm'
45.5990 	DATA 	Keypress: m
45.7028 	EXP 	Created unnamed TextStim = TextStim(__class__=<class 'psychopy.visual.text.TextStim'>, alignHoriz=method-wrapper(...), alignText='center', alignVert=method-wrapper(...), anchorHoriz='center', anchorVert='center', antialias=True, autoDraw=False, autoLog=True, bold=False, color=array([-1, -1, -1]), colorSpace='rgb', contrast=1.0, depth=0, flipHoriz=False, flipVert=False, font='', fontFiles=[], height=50.0, italic=False, languageStyle='LTR', name='unnamed TextStim', opacity=1.0, ori=0.0, pos=array([0., 0.]), rgb=UNKNOWN, text='Poprawnie', units='pix', win=Window(...), wrapWidth=500)
46.7311 	EXP 	unnamed TextStim: height = 25.0
46.7311 	EXP 	unnamed TextStim: height = 25.0
46.7311 	EXP 	unnamed TextStim: height = 25.0
46.7311 	EXP 	unnamed TextStim: text = 'n'
47.8659 	DATA 	Keypress: z
48.0206 	EXP 	Created unnamed TextStim = TextStim(__class__=<class 'psychopy.visual.text.TextStim'>, alignHoriz=method-wrapper(...), alignText='center', alignVert=method-wrapper(...), anchorHoriz='center', anchorVert='center', antialias=True, autoDraw=False, autoLog=True, bold=False, color=array([-1, -1, -1]), colorSpace='rgb', contrast=1.0, depth=0, flipHoriz=False, flipVert=False, font='', fontFiles=[], height=50.0, italic=False, languageStyle='LTR', name='unnamed TextStim', opacity=1.0, ori=0.0, pos=array([0., 0.]), rgb=UNKNOWN, text='Niepoprawnie', units='pix', win=Window(...), wrapWidth=500)
48.8313 	DATA 	Keypress: n
49.0479 	EXP 	unnamed TextStim: text = 'n'
50.2993 	DATA 	Keypress: n
50.3366 	EXP 	Created unnamed TextStim = TextStim(__class__=<class 'psychopy.visual.text.TextStim'>, alignHoriz=method-wrapper(...), alignText='center', alignVert=method-wrapper(...), anchorHoriz='center', anchorVert='center', antialias=True, autoDraw=False, autoLog=True, bold=False, color=array([-1, -1, -1]), colorSpace='rgb', contrast=1.0, depth=0, flipHoriz=False, flipVert=False, font='', fontFiles=[], height=50.0, italic=False, languageStyle='LTR', name='unnamed TextStim', opacity=1.0, ori=0.0, pos=array([0., 0.]), rgb=UNKNOWN, text='Poprawnie', units='pix', win=Window(...), wrapWidth=500)
51.3647 	EXP 	unnamed TextStim: text = 'n'
52.7821 	DATA 	Keypress: m
52.7868 	EXP 	Created unnamed TextStim = TextStim(__class__=<class 'psychopy.visual.text.TextStim'>, alignHoriz=method-wrapper(...), alignText='center', alignVert=method-wrapper(...), anchorHoriz='center', anchorVert='center', antialias=True, autoDraw=False, autoLog=True, bold=False, color=array([-1, -1, -1]), colorSpace='rgb', contrast=1.0, depth=0, flipHoriz=False, flipVert=False, font='', fontFiles=[], height=50.0, italic=False, languageStyle='LTR', name='unnamed TextStim', opacity=1.0, ori=0.0, pos=array([0., 0.]), rgb=UNKNOWN, text='Niepoprawnie', units='pix', win=Window(...), wrapWidth=500)
53.8146 	EXP 	unnamed TextStim: height = 25.0
53.8146 	EXP 	unnamed TextStim: height = 25.0
53.8146 	EXP 	unnamed TextStim: height = 25.0
53.8146 	EXP 	unnamed TextStim: text = 'z'
54.9994 	DATA 	Keypress: n
55.1038 	EXP 	Created unnamed TextStim = TextStim(__class__=<class 'psychopy.visual.text.TextStim'>, alignHoriz=method-wrapper(...), alignText='center', alignVert=method-wrapper(...), anchorHoriz='center', anchorVert='center', antialias=True, autoDraw=False, autoLog=True, bold=False, color=array([-1, -1, -1]), colorSpace='rgb', contrast=1.0, depth=0, flipHoriz=False, flipVert=False, font='', fontFiles=[], height=50.0, italic=False, languageStyle='LTR', name='unnamed TextStim', opacity=1.0, ori=0.0, pos=array([0., 0.]), rgb=UNKNOWN, text='Niepoprawnie', units='pix', win=Window(...), wrapWidth=500)
56.1313 	EXP 	unnamed TextStim: height = 25.0
56.1313 	EXP 	unnamed TextStim: height = 25.0
56.1313 	EXP 	unnamed TextStim: height = 25.0
56.1313 	EXP 	unnamed TextStim: text = 'm'
57.6083 	DATA 	Keypress: m
57.6106 	EXP 	Created unnamed TextStim = TextStim(__class__=<class 'psychopy.visual.text.TextStim'>, alignHoriz=method-wrapper(...), alignText='center', alignVert=method-wrapper(...), anchorHoriz='center', anchorVert='center', antialias=True, autoDraw=False, autoLog=True, bold=False, color=array([-1, -1, -1]), colorSpace='rgb', contrast=1.0, depth=0, flipHoriz=False, flipVert=False, font='', fontFiles=[], height=50.0, italic=False, languageStyle='LTR', name='unnamed TextStim', opacity=1.0, ori=0.0, pos=array([0., 0.]), rgb=UNKNOWN, text='Poprawnie', units='pix', win=Window(...), wrapWidth=500)
58.6314 	EXP 	unnamed TextStim: height = 25.0
58.6314 	EXP 	unnamed TextStim: height = 25.0
58.6314 	EXP 	unnamed TextStim: height = 25.0
58.6314 	EXP 	unnamed TextStim: text = 'z'
59.8661 	DATA 	Keypress: m
59.9198 	EXP 	Created unnamed TextStim = TextStim(__class__=<class 'psychopy.visual.text.TextStim'>, alignHoriz=method-wrapper(...), alignText='center', alignVert=method-wrapper(...), anchorHoriz='center', anchorVert='center', antialias=True, autoDraw=False, autoLog=True, bold=False, color=array([-1, -1, -1]), colorSpace='rgb', contrast=1.0, depth=0, flipHoriz=False, flipVert=False, font='', fontFiles=[], height=50.0, italic=False, languageStyle='LTR', name='unnamed TextStim', opacity=1.0, ori=0.0, pos=array([0., 0.]), rgb=UNKNOWN, text='Niepoprawnie', units='pix', win=Window(...), wrapWidth=500)
60.7320 	DATA 	Keypress: z
60.9483 	EXP 	unnamed TextStim: text = 'z'
62.3823 	DATA 	Keypress: z
62.3871 	EXP 	Created unnamed TextStim = TextStim(__class__=<class 'psychopy.visual.text.TextStim'>, alignHoriz=method-wrapper(...), alignText='center', alignVert=method-wrapper(...), anchorHoriz='center', anchorVert='center', antialias=True, autoDraw=False, autoLog=True, bold=False, color=array([-1, -1, -1]), colorSpace='rgb', contrast=1.0, depth=0, flipHoriz=False, flipVert=False, font='', fontFiles=[], height=50.0, italic=False, languageStyle='LTR', name='unnamed TextStim', opacity=1.0, ori=0.0, pos=array([0., 0.]), rgb=UNKNOWN, text='Poprawnie', units='pix', win=Window(...), wrapWidth=500)
63.4150 	EXP 	unnamed TextStim: height = 25.0
63.4150 	EXP 	unnamed TextStim: height = 25.0
63.4150 	EXP 	unnamed TextStim: height = 25.0
63.4150 	EXP 	unnamed TextStim: text = 'n'
64.8669 	DATA 	Keypress: z
64.9982 	DATA 	Keypress: m
65.0003 	EXP 	Created unnamed TextStim = TextStim(__class__=<class 'psychopy.visual.text.TextStim'>, alignHoriz=method-wrapper(...), alignText='center', alignVert=method-wrapper(...), anchorHoriz='center', anchorVert='center', antialias=True, autoDraw=False, autoLog=True, bold=False, color=array([-1, -1, -1]), colorSpace='rgb', contrast=1.0, depth=0, flipHoriz=False, flipVert=False, font='', fontFiles=[], height=50.0, italic=False, languageStyle='LTR', name='unnamed TextStim', opacity=1.0, ori=0.0, pos=array([0., 0.]), rgb=UNKNOWN, text='Niepoprawnie', units='pix', win=Window(...), wrapWidth=500)
66.0151 	EXP 	unnamed TextStim: height = 25.0
66.0151 	EXP 	unnamed TextStim: height = 25.0
66.0151 	EXP 	unnamed TextStim: height = 25.0
66.0151 	EXP 	unnamed TextStim: text = 'x'
67.8790 	DATA 	Keypress: z
67.8809 	EXP 	Created unnamed TextStim = TextStim(__class__=<class 'psychopy.visual.text.TextStim'>, alignHoriz=method-wrapper(...), alignText='center', alignVert=method-wrapper(...), anchorHoriz='center', anchorVert='center', antialias=True, autoDraw=False, autoLog=True, bold=False, color=array([-1, -1, -1]), colorSpace='rgb', contrast=1.0, depth=0, flipHoriz=False, flipVert=False, font='', fontFiles=[], height=50.0, italic=False, languageStyle='LTR', name='unnamed TextStim', opacity=1.0, ori=0.0, pos=array([0., 0.]), rgb=UNKNOWN, text='Niepoprawnie', units='pix', win=Window(...), wrapWidth=500)
68.8985 	EXP 	unnamed TextStim: height = 25.0
68.8985 	EXP 	unnamed TextStim: height = 25.0
68.8985 	EXP 	unnamed TextStim: height = 25.0
68.8985 	EXP 	unnamed TextStim: text = 'm'
70.3504 	DATA 	Keypress: m
71.1577 	DATA 	Keypress: m
71.1597 	EXP 	Created unnamed TextStim = TextStim(__class__=<class 'psychopy.visual.text.TextStim'>, alignHoriz=method-wrapper(...), alignText='center', alignVert=method-wrapper(...), anchorHoriz='center', anchorVert='center', antialias=True, autoDraw=False, autoLog=True, bold=False, color=array([-1, -1, -1]), colorSpace='rgb', contrast=1.0, depth=0, flipHoriz=False, flipVert=False, font='', fontFiles=[], height=50.0, italic=False, languageStyle='LTR', name='unnamed TextStim', opacity=1.0, ori=0.0, pos=array([0., 0.]), rgb=UNKNOWN, text='Poprawnie', units='pix', win=Window(...), wrapWidth=500)
72.1653 	EXP 	unnamed TextStim: height = 25.0
72.1653 	EXP 	unnamed TextStim: height = 25.0
72.1653 	EXP 	unnamed TextStim: height = 25.0
72.1653 	EXP 	unnamed TextStim: text = 'n'
74.3042 	DATA 	Keypress: n
74.3063 	EXP 	Created unnamed TextStim = TextStim(__class__=<class 'psychopy.visual.text.TextStim'>, alignHoriz=method-wrapper(...), alignText='center', alignVert=method-wrapper(...), anchorHoriz='center', anchorVert='center', antialias=True, autoDraw=False, autoLog=True, bold=False, color=array([-1, -1, -1]), colorSpace='rgb', contrast=1.0, depth=0, flipHoriz=False, flipVert=False, font='', fontFiles=[], height=50.0, italic=False, languageStyle='LTR', name='unnamed TextStim', opacity=1.0, ori=0.0, pos=array([0., 0.]), rgb=UNKNOWN, text='Poprawnie', units='pix', win=Window(...), wrapWidth=500)
75.3376 	EXP 	Created unnamed TextStim = TextStim(__class__=<class 'psychopy.visual.text.TextStim'>, alignHoriz=method-wrapper(...), alignText='center', alignVert=method-wrapper(...), anchorHoriz='center', anchorVert='center', antialias=True, autoDraw=False, autoLog=True, bold=False, color=array([-1, -1, -1]), colorSpace='rgb', contrast=1.0, depth=0, flipHoriz=False, flipVert=False, font='', fontFiles=[], height=20.0, italic=False, languageStyle='LTR', name='unnamed TextStim', opacity=1.0, ori=0.0, pos=array([0., 0.]), rgb=UNKNOWN, text=str(...), units='pix', win=Window(...), wrapWidth=1536)
77.9505 	DATA 	Mouse: Left button down, pos=(837,617)
78.1669 	DATA 	Mouse:  Left button up, pos=(837,617)
78.4761 	DATA 	Mouse: Left button down, pos=(837,617)
78.6917 	DATA 	Mouse:  Left button up, pos=(837,617)
78.7999 	DATA 	Mouse: Left button down, pos=(837,617)
79.0267 	DATA 	Mouse:  Left button up, pos=(837,617)
81.7086 	DATA 	Keypress: space
81.7154 	EXP 	unnamed TextStim: height = 25.0
81.7154 	EXP 	unnamed TextStim: height = 25.0
81.7154 	EXP 	unnamed TextStim: height = 25.0
81.7154 	EXP 	unnamed TextStim: text = 'z'
83.1369 	DATA 	Keypress: z
83.1430 	EXP 	Created unnamed TextStim = TextStim(__class__=<class 'psychopy.visual.text.TextStim'>, alignHoriz=method-wrapper(...), alignText='center', alignVert=method-wrapper(...), anchorHoriz='center', anchorVert='center', antialias=True, autoDraw=False, autoLog=True, bold=False, color=array([-1, -1, -1]), colorSpace='rgb', contrast=1.0, depth=0, flipHoriz=False, flipVert=False, font='', fontFiles=[], height=50.0, italic=False, languageStyle='LTR', name='unnamed TextStim', opacity=1.0, ori=0.0, pos=array([0., 0.]), rgb=UNKNOWN, text='Poprawnie', units='pix', win=Window(...), wrapWidth=500)
83.9448 	DATA 	Keypress: n
84.1491 	EXP 	unnamed TextStim: text = 'z'
85.3833 	DATA 	Keypress: z
85.3886 	EXP 	Created unnamed TextStim = TextStim(__class__=<class 'psychopy.visual.text.TextStim'>, alignHoriz=method-wrapper(...), alignText='center', alignVert=method-wrapper(...), anchorHoriz='center', anchorVert='center', antialias=True, autoDraw=False, autoLog=True, bold=False, color=array([-1, -1, -1]), colorSpace='rgb', contrast=1.0, depth=0, flipHoriz=False, flipVert=False, font='', fontFiles=[], height=50.0, italic=False, languageStyle='LTR', name='unnamed TextStim', opacity=1.0, ori=0.0, pos=array([0., 0.]), rgb=UNKNOWN, text='Poprawnie', units='pix', win=Window(...), wrapWidth=500)
86.4158 	EXP 	unnamed TextStim: height = 25.0
86.4158 	EXP 	unnamed TextStim: height = 25.0
86.4158 	EXP 	unnamed TextStim: height = 25.0
86.4158 	EXP 	unnamed TextStim: text = 'x'
87.7632 	DATA 	Keypress: z
87.7662 	EXP 	Created unnamed TextStim = TextStim(__class__=<class 'psychopy.visual.text.TextStim'>, alignHoriz=method-wrapper(...), alignText='center', alignVert=method-wrapper(...), anchorHoriz='center', anchorVert='center', antialias=True, autoDraw=False, autoLog=True, bold=False, color=array([-1, -1, -1]), colorSpace='rgb', contrast=1.0, depth=0, flipHoriz=False, flipVert=False, font='', fontFiles=[], height=50.0, italic=False, languageStyle='LTR', name='unnamed TextStim', opacity=1.0, ori=0.0, pos=array([0., 0.]), rgb=UNKNOWN, text='Niepoprawnie', units='pix', win=Window(...), wrapWidth=500)
88.7826 	EXP 	unnamed TextStim: height = 25.0
88.7826 	EXP 	unnamed TextStim: height = 25.0
88.7826 	EXP 	unnamed TextStim: height = 25.0
88.7826 	EXP 	unnamed TextStim: text = 'n'
90.1775 	DATA 	Keypress: x
90.1796 	EXP 	Created unnamed TextStim = TextStim(__class__=<class 'psychopy.visual.text.TextStim'>, alignHoriz=method-wrapper(...), alignText='center', alignVert=method-wrapper(...), anchorHoriz='center', anchorVert='center', antialias=True, autoDraw=False, autoLog=True, bold=False, color=array([-1, -1, -1]), colorSpace='rgb', contrast=1.0, depth=0, flipHoriz=False, flipVert=False, font='', fontFiles=[], height=50.0, italic=False, languageStyle='LTR', name='unnamed TextStim', opacity=1.0, ori=0.0, pos=array([0., 0.]), rgb=UNKNOWN, text='Niepoprawnie', units='pix', win=Window(...), wrapWidth=500)
90.9811 	DATA 	Keypress: n
91.1836 	EXP 	unnamed TextStim: height = 25.0
91.1836 	EXP 	unnamed TextStim: height = 25.0
91.1836 	EXP 	unnamed TextStim: height = 25.0
91.1836 	EXP 	unnamed TextStim: text = 'x'
92.5290 	DATA 	Keypress: z
92.5310 	EXP 	Created unnamed TextStim = TextStim(__class__=<class 'psychopy.visual.text.TextStim'>, alignHoriz=method-wrapper(...), alignText='center', alignVert=method-wrapper(...), anchorHoriz='center', anchorVert='center', antialias=True, autoDraw=False, autoLog=True, bold=False, color=array([-1, -1, -1]), colorSpace='rgb', contrast=1.0, depth=0, flipHoriz=False, flipVert=False, font='', fontFiles=[], height=50.0, italic=False, languageStyle='LTR', name='unnamed TextStim', opacity=1.0, ori=0.0, pos=array([0., 0.]), rgb=UNKNOWN, text='Niepoprawnie', units='pix', win=Window(...), wrapWidth=500)
93.5494 	EXP 	unnamed TextStim: text = 'x'
95.8534 	DATA 	Keypress: z
95.8559 	EXP 	Created unnamed TextStim = TextStim(__class__=<class 'psychopy.visual.text.TextStim'>, alignHoriz=method-wrapper(...), alignText='center', alignVert=method-wrapper(...), anchorHoriz='center', anchorVert='center', antialias=True, autoDraw=False, autoLog=True, bold=False, color=array([-1, -1, -1]), colorSpace='rgb', contrast=1.0, depth=0, flipHoriz=False, flipVert=False, font='', fontFiles=[], height=50.0, italic=False, languageStyle='LTR', name='unnamed TextStim', opacity=1.0, ori=0.0, pos=array([0., 0.]), rgb=UNKNOWN, text='Niepoprawnie', units='pix', win=Window(...), wrapWidth=500)
96.8661 	EXP 	unnamed TextStim: height = 25.0
96.8661 	EXP 	unnamed TextStim: height = 25.0
96.8661 	EXP 	unnamed TextStim: height = 25.0
96.8661 	EXP 	unnamed TextStim: text = 'z'
98.4007 	DATA 	Keypress: z
98.4026 	EXP 	Created unnamed TextStim = TextStim(__class__=<class 'psychopy.visual.text.TextStim'>, alignHoriz=method-wrapper(...), alignText='center', alignVert=method-wrapper(...), anchorHoriz='center', anchorVert='center', antialias=True, autoDraw=False, autoLog=True, bold=False, color=array([-1, -1, -1]), colorSpace='rgb', contrast=1.0, depth=0, flipHoriz=False, flipVert=False, font='', fontFiles=[], height=50.0, italic=False, languageStyle='LTR', name='unnamed TextStim', opacity=1.0, ori=0.0, pos=array([0., 0.]), rgb=UNKNOWN, text='Poprawnie', units='pix', win=Window(...), wrapWidth=500)
99.4163 	EXP 	unnamed TextStim: text = 'z'
100.9379 	DATA 	Keypress: z
100.9399 	EXP 	Created unnamed TextStim = TextStim(__class__=<class 'psychopy.visual.text.TextStim'>, alignHoriz=method-wrapper(...), alignText='center', alignVert=method-wrapper(...), anchorHoriz='center', anchorVert='center', antialias=True, autoDraw=False, autoLog=True, bold=False, color=array([-1, -1, -1]), colorSpace='rgb', contrast=1.0, depth=0, flipHoriz=False, flipVert=False, font='', fontFiles=[], height=50.0, italic=False, languageStyle='LTR', name='unnamed TextStim', opacity=1.0, ori=0.0, pos=array([0., 0.]), rgb=UNKNOWN, text='Poprawnie', units='pix', win=Window(...), wrapWidth=500)
101.9495 	EXP 	unnamed TextStim: height = 25.0
101.9495 	EXP 	unnamed TextStim: height = 25.0
101.9495 	EXP 	unnamed TextStim: height = 25.0
101.9495 	EXP 	unnamed TextStim: text = 'x'
103.2934 	DATA 	Keypress: x
103.2953 	EXP 	Created unnamed TextStim = TextStim(__class__=<class 'psychopy.visual.text.TextStim'>, alignHoriz=method-wrapper(...), alignText='center', alignVert=method-wrapper(...), anchorHoriz='center', anchorVert='center', antialias=True, autoDraw=False, autoLog=True, bold=False, color=array([-1, -1, -1]), colorSpace='rgb', contrast=1.0, depth=0, flipHoriz=False, flipVert=False, font='', fontFiles=[], height=50.0, italic=False, languageStyle='LTR', name='unnamed TextStim', opacity=1.0, ori=0.0, pos=array([0., 0.]), rgb=UNKNOWN, text='Poprawnie', units='pix', win=Window(...), wrapWidth=500)
104.2996 	EXP 	unnamed TextStim: height = 25.0
104.2996 	EXP 	unnamed TextStim: height = 25.0
104.2996 	EXP 	unnamed TextStim: height = 25.0
104.2996 	EXP 	unnamed TextStim: text = 'n'
105.9605 	DATA 	Keypress: z
105.9628 	EXP 	Created unnamed TextStim = TextStim(__class__=<class 'psychopy.visual.text.TextStim'>, alignHoriz=method-wrapper(...), alignText='center', alignVert=method-wrapper(...), anchorHoriz='center', anchorVert='center', antialias=True, autoDraw=False, autoLog=True, bold=False, color=array([-1, -1, -1]), colorSpace='rgb', contrast=1.0, depth=0, flipHoriz=False, flipVert=False, font='', fontFiles=[], height=50.0, italic=False, languageStyle='LTR', name='unnamed TextStim', opacity=1.0, ori=0.0, pos=array([0., 0.]), rgb=UNKNOWN, text='Niepoprawnie', units='pix', win=Window(...), wrapWidth=500)
106.9867 	EXP 	Created unnamed TextStim = TextStim(__class__=<class 'psychopy.visual.text.TextStim'>, alignHoriz=method-wrapper(...), alignText='center', alignVert=method-wrapper(...), anchorHoriz='center', anchorVert='center', antialias=True, autoDraw=False, autoLog=True, bold=False, color=array([-1, -1, -1]), colorSpace='rgb', contrast=1.0, depth=0, flipHoriz=False, flipVert=False, font='', fontFiles=[], height=20.0, italic=False, languageStyle='LTR', name='unnamed TextStim', opacity=1.0, ori=0.0, pos=array([0., 0.]), rgb=UNKNOWN, text=str(...), units='pix', win=Window(...), wrapWidth=1536)
113.4055 	DATA 	Keypress: space
113.4166 	EXP 	unnamed TextStim: height = 25.0
113.4166 	EXP 	unnamed TextStim: height = 25.0
113.4166 	EXP 	unnamed TextStim: height = 25.0
113.4166 	EXP 	unnamed TextStim: text = 'z'
114.6353 	DATA 	Keypress: z
115.3108 	DATA 	Keypress: z
115.3142 	EXP 	unnamed TextStim: height = 25.0
115.3142 	EXP 	unnamed TextStim: height = 25.0
115.3142 	EXP 	unnamed TextStim: height = 25.0
115.3142 	EXP 	unnamed TextStim: text = 'm'
116.7899 	DATA 	Keypress: z
116.7911 	EXP 	unnamed TextStim: text = 'm'
118.0325 	DATA 	Keypress: m
118.0352 	EXP 	unnamed TextStim: height = 25.0
118.0352 	EXP 	unnamed TextStim: height = 25.0
118.0352 	EXP 	unnamed TextStim: height = 25.0
118.0352 	EXP 	unnamed TextStim: text = 'z'
119.8230 	DATA 	Keypress: z
119.8259 	EXP 	unnamed TextStim: height = 25.0
119.8259 	EXP 	unnamed TextStim: height = 25.0
119.8259 	EXP 	unnamed TextStim: height = 25.0
119.8259 	EXP 	unnamed TextStim: text = 'x'
121.1754 	DATA 	Keypress: z
121.1765 	EXP 	unnamed TextStim: text = 'x'
122.5973 	DATA 	Keypress: x
122.7154 	EXP 	Created unnamed ImageStim = ImageStim(__class__=<class 'psychopy.visual.image.ImageStim'>, anchor=('center', 'center'), autoLog=True, color=array([1., 1., 1.]), colorSpace='rgb', contrast=1.0, depth=0, flipHoriz=False, flipVert=False, image='break.jpg', interpolate=True, mask=None, maskParams=None, name='unnamed ImageStim', opacity=1.0, ori=0.0, pos=array([0., 0.]), size=array([1536.,  864.]), texRes=128, units='pix', win=Window(...))
125.3636 	DATA 	Keypress: space
125.3686 	EXP 	unnamed TextStim: height = 25.0
125.3686 	EXP 	unnamed TextStim: height = 25.0
125.3686 	EXP 	unnamed TextStim: height = 25.0
125.3686 	EXP 	unnamed TextStim: text = 'z'
126.4680 	DATA 	Keypress: z
126.4841 	EXP 	unnamed TextStim: height = 25.0
126.4841 	EXP 	unnamed TextStim: height = 25.0
126.4841 	EXP 	unnamed TextStim: height = 25.0
126.4841 	EXP 	unnamed TextStim: text = 'n'
127.2853 	DATA 	Keypress: z
127.5341 	EXP 	unnamed TextStim: height = 25.0
127.5341 	EXP 	unnamed TextStim: height = 25.0
127.5341 	EXP 	unnamed TextStim: height = 25.0
127.5341 	EXP 	unnamed TextStim: text = 'x'
129.0067 	DATA 	Keypress: z
129.0079 	EXP 	unnamed TextStim: text = 'x'
131.7509 	DATA 	No keypress (maxWait exceeded)
131.7521 	EXP 	unnamed TextStim: text = 'x'
133.0454 	DATA 	Keypress: m
133.0466 	EXP 	unnamed TextStim: text = 'x'
133.7347 	DATA 	Keypress: m
135.1737 	DATA 	Keypress: z
135.2811 	EXP 	Created unnamed ImageStim = ImageStim(__class__=<class 'psychopy.visual.image.ImageStim'>, anchor=('center', 'center'), autoLog=True, color=array([1., 1., 1.]), colorSpace='rgb', contrast=1.0, depth=0, flipHoriz=False, flipVert=False, image='break.jpg', interpolate=True, mask=None, maskParams=None, name='unnamed ImageStim', opacity=1.0, ori=0.0, pos=array([0., 0.]), size=array([1536.,  864.]), texRes=128, units='pix', win=Window(...))
136.1737 	DATA 	Keypress: space
136.1844 	EXP 	unnamed TextStim: text = 'x'
138.0895 	DATA 	Keypress: n
138.0916 	EXP 	unnamed TextStim: height = 25.0
138.0916 	EXP 	unnamed TextStim: height = 25.0
138.0916 	EXP 	unnamed TextStim: height = 25.0
138.0916 	EXP 	unnamed TextStim: text = 'n'
139.5268 	DATA 	Keypress: n
139.5291 	EXP 	unnamed TextStim: height = 25.0
139.5291 	EXP 	unnamed TextStim: height = 25.0
139.5291 	EXP 	unnamed TextStim: height = 25.0
139.5291 	EXP 	unnamed TextStim: text = 'z'
139.6194 	DATA 	Keypress: m
141.0352 	DATA 	Keypress: z
141.0373 	EXP 	unnamed TextStim: height = 25.0
141.0373 	EXP 	unnamed TextStim: height = 25.0
141.0373 	EXP 	unnamed TextStim: height = 25.0
141.0373 	EXP 	unnamed TextStim: text = 'm'
142.3136 	DATA 	Keypress: m
142.3158 	EXP 	unnamed TextStim: height = 25.0
142.3158 	EXP 	unnamed TextStim: height = 25.0
142.3158 	EXP 	unnamed TextStim: height = 25.0
142.3158 	EXP 	unnamed TextStim: text = 'x'
142.8188 	DATA 	Keypress: m
143.8502 	DATA 	Keypress: z
143.8524 	EXP 	unnamed TextStim: height = 25.0
143.8524 	EXP 	unnamed TextStim: height = 25.0
143.8524 	EXP 	unnamed TextStim: height = 25.0
143.8524 	EXP 	unnamed TextStim: text = 'm'
145.1316 	DATA 	Keypress: z
145.2376 	EXP 	Created unnamed ImageStim = ImageStim(__class__=<class 'psychopy.visual.image.ImageStim'>, anchor=('center', 'center'), autoLog=True, color=array([1., 1., 1.]), colorSpace='rgb', contrast=1.0, depth=0, flipHoriz=False, flipVert=False, image='break.jpg', interpolate=True, mask=None, maskParams=None, name='unnamed ImageStim', opacity=1.0, ori=0.0, pos=array([0., 0.]), size=array([1536.,  864.]), texRes=128, units='pix', win=Window(...))
145.9847 	DATA 	Keypress: space
146.0015 	EXP 	unnamed TextStim: height = 25.0
146.0015 	EXP 	unnamed TextStim: height = 25.0
146.0015 	EXP 	unnamed TextStim: height = 25.0
146.0015 	EXP 	unnamed TextStim: text = 'n'
147.3765 	DATA 	Keypress: z
147.3786 	EXP 	unnamed TextStim: height = 25.0
147.3786 	EXP 	unnamed TextStim: height = 25.0
147.3786 	EXP 	unnamed TextStim: height = 25.0
147.3786 	EXP 	unnamed TextStim: text = 'z'
148.5854 	DATA 	Keypress: z
148.6016 	EXP 	unnamed TextStim: height = 25.0
148.6016 	EXP 	unnamed TextStim: height = 25.0
148.6016 	EXP 	unnamed TextStim: height = 25.0
148.6016 	EXP 	unnamed TextStim: text = 'x'
149.8522 	DATA 	Keypress: z
149.8682 	EXP 	unnamed TextStim: height = 25.0
149.8682 	EXP 	unnamed TextStim: height = 25.0
149.8682 	EXP 	unnamed TextStim: height = 25.0
149.8682 	EXP 	unnamed TextStim: text = 'm'
150.0694 	DATA 	Keypress: x
151.1023 	DATA 	Keypress: x
151.1184 	EXP 	unnamed TextStim: height = 25.0
151.1184 	EXP 	unnamed TextStim: height = 25.0
151.1184 	EXP 	unnamed TextStim: height = 25.0
151.1184 	EXP 	unnamed TextStim: text = 'x'
151.3028 	DATA 	Keypress: m
152.4480 	DATA 	Keypress: x
152.4501 	EXP 	unnamed TextStim: height = 25.0
152.4501 	EXP 	unnamed TextStim: height = 25.0
152.4501 	EXP 	unnamed TextStim: height = 25.0
152.4501 	EXP 	unnamed TextStim: text = 'm'
153.6703 	DATA 	Keypress: m
154.7521 	DATA 	Keypress: m
154.8539 	EXP 	Created unnamed ImageStim = ImageStim(__class__=<class 'psychopy.visual.image.ImageStim'>, anchor=('center', 'center'), autoLog=True, color=array([1., 1., 1.]), colorSpace='rgb', contrast=1.0, depth=0, flipHoriz=False, flipVert=False, image='break.jpg', interpolate=True, mask=None, maskParams=None, name='unnamed ImageStim', opacity=1.0, ori=0.0, pos=array([0., 0.]), size=array([1536.,  864.]), texRes=128, units='pix', win=Window(...))
155.7278 	DATA 	Keypress: space
155.7350 	EXP 	unnamed TextStim: text = 'm'
157.0144 	DATA 	Keypress: m
157.0183 	EXP 	unnamed TextStim: height = 25.0
157.0183 	EXP 	unnamed TextStim: height = 25.0
157.0183 	EXP 	unnamed TextStim: height = 25.0
157.0183 	EXP 	unnamed TextStim: text = 'x'
158.4043 	DATA 	Keypress: x
158.4057 	EXP 	unnamed TextStim: text = 'x'
159.7658 	DATA 	Keypress: x
159.7687 	EXP 	unnamed TextStim: text = 'x'
161.4349 	DATA 	Keypress: m
161.4371 	EXP 	unnamed TextStim: height = 25.0
161.4371 	EXP 	unnamed TextStim: height = 25.0
161.4371 	EXP 	unnamed TextStim: height = 25.0
161.4371 	EXP 	unnamed TextStim: text = 'n'
162.7028 	DATA 	Keypress: x
162.7185 	EXP 	unnamed TextStim: height = 25.0
162.7185 	EXP 	unnamed TextStim: height = 25.0
162.7185 	EXP 	unnamed TextStim: height = 25.0
162.7185 	EXP 	unnamed TextStim: text = 'x'
164.0225 	DATA 	Keypress: x
164.1289 	EXP 	Created unnamed ImageStim = ImageStim(__class__=<class 'psychopy.visual.image.ImageStim'>, anchor=('center', 'center'), autoLog=True, color=array([1., 1., 1.]), colorSpace='rgb', contrast=1.0, depth=0, flipHoriz=False, flipVert=False, image='break.jpg', interpolate=True, mask=None, maskParams=None, name='unnamed ImageStim', opacity=1.0, ori=0.0, pos=array([0., 0.]), size=array([1536.,  864.]), texRes=128, units='pix', win=Window(...))
165.0586 	DATA 	Keypress: space
165.0687 	EXP 	unnamed TextStim: height = 25.0
165.0687 	EXP 	unnamed TextStim: height = 25.0
165.0687 	EXP 	unnamed TextStim: height = 25.0
165.0687 	EXP 	unnamed TextStim: text = 'z'
166.4417 	DATA 	Keypress: m
166.4428 	EXP 	unnamed TextStim: text = 'z'
168.8370 	DATA 	Keypress: n
168.8393 	EXP 	unnamed TextStim: height = 25.0
168.8393 	EXP 	unnamed TextStim: height = 25.0
168.8393 	EXP 	unnamed TextStim: height = 25.0
168.8393 	EXP 	unnamed TextStim: text = 'm'
170.1902 	DATA 	Keypress: m
170.1924 	EXP 	unnamed TextStim: height = 25.0
170.1924 	EXP 	unnamed TextStim: height = 25.0
170.1924 	EXP 	unnamed TextStim: height = 25.0
170.1924 	EXP 	unnamed TextStim: text = 'n'
171.6200 	DATA 	Keypress: x
171.6223 	EXP 	unnamed TextStim: height = 25.0
171.6223 	EXP 	unnamed TextStim: height = 25.0
171.6223 	EXP 	unnamed TextStim: height = 25.0
171.6223 	EXP 	unnamed TextStim: text = 'x'
171.8034 	DATA 	Keypress: n
172.9621 	DATA 	Keypress: x
172.9643 	EXP 	unnamed TextStim: height = 25.0
172.9643 	EXP 	unnamed TextStim: height = 25.0
172.9643 	EXP 	unnamed TextStim: height = 25.0
172.9643 	EXP 	unnamed TextStim: text = 'm'
174.1865 	DATA 	Keypress: m
174.2981 	EXP 	Created unnamed ImageStim = ImageStim(__class__=<class 'psychopy.visual.image.ImageStim'>, anchor=('center', 'center'), autoLog=True, color=array([1., 1., 1.]), colorSpace='rgb', contrast=1.0, depth=0, flipHoriz=False, flipVert=False, image='break.jpg', interpolate=True, mask=None, maskParams=None, name='unnamed ImageStim', opacity=1.0, ori=0.0, pos=array([0., 0.]), size=array([1536.,  864.]), texRes=128, units='pix', win=Window(...))
176.3608 	DATA 	Keypress: space
176.3691 	EXP 	unnamed TextStim: height = 25.0
176.3691 	EXP 	unnamed TextStim: height = 25.0
176.3691 	EXP 	unnamed TextStim: height = 25.0
176.3691 	EXP 	unnamed TextStim: text = 'x'
179.1529 	DATA 	No keypress (maxWait exceeded)
179.1540 	EXP 	unnamed TextStim: text = 'x'
179.2870 	DATA 	Keypress: m
180.5079 	DATA 	Keypress: x
180.5092 	EXP 	unnamed TextStim: text = 'x'
181.9620 	DATA 	Keypress: m
181.9641 	EXP 	unnamed TextStim: height = 25.0
181.9641 	EXP 	unnamed TextStim: height = 25.0
181.9641 	EXP 	unnamed TextStim: height = 25.0
181.9641 	EXP 	unnamed TextStim: text = 'n'
184.5033 	DATA 	Keypress: n
184.5045 	EXP 	unnamed TextStim: text = 'n'
185.9785 	DATA 	Keypress: m
185.9844 	EXP 	unnamed TextStim: height = 25.0
185.9844 	EXP 	unnamed TextStim: height = 25.0
185.9844 	EXP 	unnamed TextStim: height = 25.0
185.9844 	EXP 	unnamed TextStim: text = 'm'
187.3905 	DATA 	Keypress: m
187.4990 	EXP 	Created unnamed ImageStim = ImageStim(__class__=<class 'psychopy.visual.image.ImageStim'>, anchor=('center', 'center'), autoLog=True, color=array([1., 1., 1.]), colorSpace='rgb', contrast=1.0, depth=0, flipHoriz=False, flipVert=False, image='break.jpg', interpolate=True, mask=None, maskParams=None, name='unnamed ImageStim', opacity=1.0, ori=0.0, pos=array([0., 0.]), size=array([1536.,  864.]), texRes=128, units='pix', win=Window(...))
188.3065 	DATA 	Keypress: space
188.3195 	EXP 	unnamed TextStim: height = 25.0
188.3195 	EXP 	unnamed TextStim: height = 25.0
188.3195 	EXP 	unnamed TextStim: height = 25.0
188.3195 	EXP 	unnamed TextStim: text = 'n'
189.8179 	DATA 	Keypress: n
189.8203 	EXP 	unnamed TextStim: height = 25.0
189.8203 	EXP 	unnamed TextStim: height = 25.0
189.8203 	EXP 	unnamed TextStim: height = 25.0
189.8203 	EXP 	unnamed TextStim: text = 'z'
191.3886 	DATA 	Keypress: n
191.3907 	EXP 	unnamed TextStim: height = 25.0
191.3907 	EXP 	unnamed TextStim: height = 25.0
191.3907 	EXP 	unnamed TextStim: height = 25.0
191.3907 	EXP 	unnamed TextStim: text = 'x'
191.5542 	DATA 	Keypress: z
192.8981 	DATA 	Keypress: z
192.9004 	EXP 	unnamed TextStim: height = 25.0
192.9004 	EXP 	unnamed TextStim: height = 25.0
192.9004 	EXP 	unnamed TextStim: height = 25.0
192.9004 	EXP 	unnamed TextStim: text = 'm'
195.6534 	DATA 	No keypress (maxWait exceeded)
195.6556 	EXP 	unnamed TextStim: height = 25.0
195.6556 	EXP 	unnamed TextStim: height = 25.0
195.6556 	EXP 	unnamed TextStim: height = 25.0
195.6556 	EXP 	unnamed TextStim: text = 'x'
196.8043 	DATA 	Keypress: n
196.8199 	EXP 	unnamed TextStim: height = 25.0
196.8199 	EXP 	unnamed TextStim: height = 25.0
196.8199 	EXP 	unnamed TextStim: height = 25.0
196.8199 	EXP 	unnamed TextStim: text = 'n'
196.8878 	DATA 	Keypress: x
197.7209 	DATA 	Keypress: x
198.0442 	EXP 	Created unnamed ImageStim = ImageStim(__class__=<class 'psychopy.visual.image.ImageStim'>, anchor=('center', 'center'), autoLog=True, color=array([1., 1., 1.]), colorSpace='rgb', contrast=1.0, depth=0, flipHoriz=False, flipVert=False, image='break.jpg', interpolate=True, mask=None, maskParams=None, name='unnamed ImageStim', opacity=1.0, ori=0.0, pos=array([0., 0.]), size=array([1536.,  864.]), texRes=128, units='pix', win=Window(...))
198.8538 	DATA 	Keypress: space
198.8700 	EXP 	unnamed TextStim: height = 25.0
198.8700 	EXP 	unnamed TextStim: height = 25.0
198.8700 	EXP 	unnamed TextStim: height = 25.0
198.8700 	EXP 	unnamed TextStim: text = 'x'
200.1709 	DATA 	Keypress: x
201.6711 	DATA 	No keypress (maxWait exceeded)
201.6780 	EXP 	unnamed TextStim: height = 25.0
201.6780 	EXP 	unnamed TextStim: height = 25.0
201.6780 	EXP 	unnamed TextStim: height = 25.0
201.6780 	EXP 	unnamed TextStim: text = 'z'
201.8711 	DATA 	Keypress: x
202.9880 	DATA 	Mouse: Left button down, pos=(766,639)
203.1574 	DATA 	Keypress: z
203.1586 	EXP 	unnamed TextStim: text = 'z'
203.2047 	DATA 	Mouse:  Left button up, pos=(766,639)
204.6466 	DATA 	Keypress: m
204.6487 	EXP 	unnamed TextStim: height = 25.0
204.6487 	EXP 	unnamed TextStim: height = 25.0
204.6487 	EXP 	unnamed TextStim: height = 25.0
204.6487 	EXP 	unnamed TextStim: text = 'n'
206.0048 	DATA 	Keypress: m
206.0070 	EXP 	unnamed TextStim: height = 25.0
206.0070 	EXP 	unnamed TextStim: height = 25.0
206.0070 	EXP 	unnamed TextStim: height = 25.0
206.0070 	EXP 	unnamed TextStim: text = 'z'
206.3049 	DATA 	Keypress: m
206.8380 	DATA 	Keypress: x
207.0548 	DATA 	Keypress: x
207.1370 	EXP 	unnamed TextStim: height = 25.0
207.1370 	EXP 	unnamed TextStim: height = 25.0
207.1370 	EXP 	unnamed TextStim: height = 25.0
207.1370 	EXP 	unnamed TextStim: text = 'n'
208.3876 	DATA 	Keypress: n
208.5033 	EXP 	Created unnamed ImageStim = ImageStim(__class__=<class 'psychopy.visual.image.ImageStim'>, anchor=('center', 'center'), autoLog=True, color=array([1., 1., 1.]), colorSpace='rgb', contrast=1.0, depth=0, flipHoriz=False, flipVert=False, image='break.jpg', interpolate=True, mask=None, maskParams=None, name='unnamed ImageStim', opacity=1.0, ori=0.0, pos=array([0., 0.]), size=array([1536.,  864.]), texRes=128, units='pix', win=Window(...))
209.2438 	DATA 	Keypress: space
209.2536 	EXP 	unnamed TextStim: height = 25.0
209.2536 	EXP 	unnamed TextStim: height = 25.0
209.2536 	EXP 	unnamed TextStim: height = 25.0
209.2536 	EXP 	unnamed TextStim: text = 'm'
210.7232 	DATA 	Keypress: m
210.7254 	EXP 	unnamed TextStim: height = 25.0
210.7254 	EXP 	unnamed TextStim: height = 25.0
210.7254 	EXP 	unnamed TextStim: height = 25.0
210.7254 	EXP 	unnamed TextStim: text = 'x'
211.9961 	DATA 	Keypress: z
212.0038 	EXP 	unnamed TextStim: text = 'x'
212.1217 	DATA 	Keypress: x
212.3217 	DATA 	Keypress: x
213.1218 	DATA 	Keypress: x
213.1540 	EXP 	unnamed TextStim: height = 25.0
213.1540 	EXP 	unnamed TextStim: height = 25.0
213.1540 	EXP 	unnamed TextStim: height = 25.0
213.1540 	EXP 	unnamed TextStim: text = 'z'
214.2386 	DATA 	Keypress: z
214.2706 	EXP 	unnamed TextStim: height = 25.0
214.2706 	EXP 	unnamed TextStim: height = 25.0
214.2706 	EXP 	unnamed TextStim: height = 25.0
214.2706 	EXP 	unnamed TextStim: text = 'm'
215.7450 	DATA 	Keypress: z
215.7475 	EXP 	unnamed TextStim: height = 25.0
215.7475 	EXP 	unnamed TextStim: height = 25.0
215.7475 	EXP 	unnamed TextStim: height = 25.0
215.7475 	EXP 	unnamed TextStim: text = 'n'
216.5885 	DATA 	Keypress: x
216.9687 	EXP 	Created unnamed ImageStim = ImageStim(__class__=<class 'psychopy.visual.image.ImageStim'>, anchor=('center', 'center'), autoLog=True, color=array([1., 1., 1.]), colorSpace='rgb', contrast=1.0, depth=0, flipHoriz=False, flipVert=False, image='break.jpg', interpolate=True, mask=None, maskParams=None, name='unnamed ImageStim', opacity=1.0, ori=0.0, pos=array([0., 0.]), size=array([1536.,  864.]), texRes=128, units='pix', win=Window(...))
217.8770 	DATA 	Keypress: space
217.8870 	EXP 	unnamed TextStim: height = 25.0
217.8870 	EXP 	unnamed TextStim: height = 25.0
217.8870 	EXP 	unnamed TextStim: height = 25.0
217.8870 	EXP 	unnamed TextStim: text = 'x'
220.4676 	DATA 	Keypress: n
220.4703 	EXP 	unnamed TextStim: height = 25.0
220.4703 	EXP 	unnamed TextStim: height = 25.0
220.4703 	EXP 	unnamed TextStim: height = 25.0
220.4703 	EXP 	unnamed TextStim: text = 'n'
221.0380 	DATA 	Keypress: n
221.7713 	DATA 	Keypress: x
221.9142 	DATA 	Keypress: n
221.9179 	EXP 	unnamed TextStim: height = 25.0
221.9179 	EXP 	unnamed TextStim: height = 25.0
221.9179 	EXP 	unnamed TextStim: height = 25.0
221.9179 	EXP 	unnamed TextStim: text = 'z'
223.2148 	DATA 	Keypress: n
223.2171 	EXP 	unnamed TextStim: height = 25.0
223.2171 	EXP 	unnamed TextStim: height = 25.0
223.2171 	EXP 	unnamed TextStim: height = 25.0
223.2171 	EXP 	unnamed TextStim: text = 'n'
224.8085 	DATA 	Keypress: n
224.8108 	EXP 	unnamed TextStim: height = 25.0
224.8108 	EXP 	unnamed TextStim: height = 25.0
224.8108 	EXP 	unnamed TextStim: height = 25.0
224.8108 	EXP 	unnamed TextStim: text = 'x'
225.9383 	DATA 	Keypress: m
225.9543 	EXP 	unnamed TextStim: height = 25.0
225.9543 	EXP 	unnamed TextStim: height = 25.0
225.9543 	EXP 	unnamed TextStim: height = 25.0
225.9543 	EXP 	unnamed TextStim: text = 'n'
226.8721 	DATA 	Keypress: x
227.1671 	EXP 	Created unnamed ImageStim = ImageStim(__class__=<class 'psychopy.visual.image.ImageStim'>, anchor=('center', 'center'), autoLog=True, color=array([1., 1., 1.]), colorSpace='rgb', contrast=1.0, depth=0, flipHoriz=False, flipVert=False, image='break.jpg', interpolate=True, mask=None, maskParams=None, name='unnamed ImageStim', opacity=1.0, ori=0.0, pos=array([0., 0.]), size=array([1536.,  864.]), texRes=128, units='pix', win=Window(...))
227.3675 	DATA 	Keypress: n
227.8626 	DATA 	Keypress: space
227.8787 	EXP 	Created unnamed TextStim = TextStim(__class__=<class 'psychopy.visual.text.TextStim'>, alignHoriz=method-wrapper(...), alignText='center', alignVert=method-wrapper(...), anchorHoriz='center', anchorVert='center', antialias=True, autoDraw=False, autoLog=True, bold=False, color=array([-1, -1, -1]), colorSpace='rgb', contrast=1.0, depth=0, flipHoriz=False, flipVert=False, font='', fontFiles=[], height=20.0, italic=False, languageStyle='LTR', name='unnamed TextStim', opacity=1.0, ori=0.0, pos=array([0., 0.]), rgb=UNKNOWN, text=str(...), units='pix', win=Window(...), wrapWidth=1536)
239.8028 	DATA 	Keypress: return
239.9149 	EXP 	window1: mouseVisible = True
