12.5527 	WARNING 	User requested fullscreen with size [1536  864], but screen is actually [1920, 1080]. Using actual size
13.8378 	INFO 	FRAME RATE: 60
13.8379 	INFO 	SCREEN RES: odict_values([1536, 864])
13.8991 	EXP 	Created unnamed TextStim = TextStim(__class__=<class 'psychopy.visual.text.TextStim'>, alignHoriz=method-wrapper(...), alignText='center', alignVert=method-wrapper(...), anchorHoriz='center', anchorVert='center', antialias=True, autoDraw=False, autoLog=True, bold=False, color=array([-1, -1, -1]), colorSpace='rgb', contrast=1.0, depth=0, flipHoriz=False, flipVert=False, font='', fontFiles=[], height=100.0, italic=False, languageStyle='LTR', name='unnamed TextStim', opacity=1.0, ori=0.0, pos=array([0., 0.]), rgb=UNKNOWN, text='+', units='pix', win=Window(...), wrapWidth=500)
13.9029 	EXP 	Created unnamed Circle = Circle(__class__=<class 'psychopy.visual.circle.Circle'>, anchor=('center', 'center'), autoDraw=False, autoLog=True, closeShape=True, color=method-wrapper(...), colorSpace='rgb', contrast=None, depth=0, fillColor=array([ 0.09019608, -1.        , -1.        ]), fillColorSpace='rgb', fillRGB=array([ 0.09019608, -1.        , -1.        ]), interpolate=True, lineColor=array([ 0.09019608, -1.        , -1.        ]), lineColorSpace='rgb', lineRGB=array([ 0.09019608, -1.        , -1.        ]), lineWidth=1.5, name='unnamed Circle', opacity=1.0, ori=0.0, pos=array([0., 0.]), size=array([1., 1.]), units='pix', vertices=ndarray(...), win=Window(...))
13.9037 	EXP 	Created unnamed TextStim = TextStim(__class__=<class 'psychopy.visual.text.TextStim'>, alignHoriz=method-wrapper(...), alignText='center', alignVert=method-wrapper(...), anchorHoriz='center', anchorVert='center', antialias=True, autoDraw=False, autoLog=True, bold=False, color=array([-0.17647059, -0.17647059, -0.17647059]), colorSpace='rgb', contrast=1.0, depth=0, flipHoriz=False, flipVert=False, font='', fontFiles=[], height=25, italic=False, languageStyle='LTR', name='unnamed TextStim', opacity=1.0, ori=0.0, pos=array([0., 0.]), rgb=UNKNOWN, text='', units='pix', win=Window(...), wrapWidth=500)
13.9124 	EXP 	Created unnamed ImageStim = ImageStim(__class__=<class 'psychopy.visual.image.ImageStim'>, anchor=('center', 'center'), autoLog=True, color=array([1., 1., 1.]), colorSpace='rgb', contrast=1.0, depth=0, flipHoriz=False, flipVert=False, image='mask4.png', interpolate=False, mask=None, maskParams=None, name='unnamed ImageStim', opacity=1.0, ori=0.0, pos=array([0., 0.]), size=array([25., 25.]), texRes=128, units='pix', win=Window(...))
13.9198 	EXP 	Created unnamed TextStim = TextStim(__class__=<class 'psychopy.visual.text.TextStim'>, alignHoriz=method-wrapper(...), alignText='center', alignVert=method-wrapper(...), anchorHoriz='center', anchorVert='center', antialias=True, autoDraw=False, autoLog=True, bold=False, color=array([-1, -1, -1]), colorSpace='rgb', contrast=1.0, depth=0, flipHoriz=False, flipVert=False, font='', fontFiles=[], height=30.0, italic=False, languageStyle='LTR', name='unnamed TextStim', opacity=1.0, ori=0.0, pos=array([ 100., -300.]), rgb=UNKNOWN, text=str(...), units='pix', win=Window(...), wrapWidth=10000)
13.9249 	EXP 	Created unnamed TextStim = TextStim(__class__=<class 'psychopy.visual.text.TextStim'>, alignHoriz=method-wrapper(...), alignText='center', alignVert=method-wrapper(...), anchorHoriz='center', anchorVert='center', antialias=True, autoDraw=False, autoLog=True, bold=False, color=array([-1, -1, -1]), colorSpace='rgb', contrast=1.0, depth=0, flipHoriz=False, flipVert=False, font='', fontFiles=[], height=30.0, italic=False, languageStyle='LTR', name='unnamed TextStim', opacity=1.0, ori=0.0, pos=array([ 100., -330.]), rgb=UNKNOWN, text=str(...), units='pix', win=Window(...), wrapWidth=10000)
13.9618 	EXP 	Created unnamed TextStim = TextStim(__class__=<class 'psychopy.visual.text.TextStim'>, alignHoriz=method-wrapper(...), alignText='center', alignVert=method-wrapper(...), anchorHoriz='center', anchorVert='center', antialias=True, autoDraw=False, autoLog=True, bold=False, color=array([-1, -1, -1]), colorSpace='rgb', contrast=1.0, depth=0, flipHoriz=False, flipVert=False, font='', fontFiles=[], height=20.0, italic=False, languageStyle='LTR', name='unnamed TextStim', opacity=1.0, ori=0.0, pos=array([0., 0.]), rgb=UNKNOWN, text=str(...), units='pix', win=Window(...), wrapWidth=1536)
40.0624 	DATA 	Keypress: space
40.0703 	EXP 	unnamed TextStim: height = 25.0
40.0703 	EXP 	unnamed TextStim: height = 25.0
40.0703 	EXP 	unnamed TextStim: height = 25.0
40.0703 	EXP 	unnamed TextStim: text = 'n'
41.5528 	DATA 	Keypress: n
41.5598 	EXP 	Created unnamed TextStim = TextStim(__class__=<class 'psychopy.visual.text.TextStim'>, alignHoriz=method-wrapper(...), alignText='center', alignVert=method-wrapper(...), anchorHoriz='center', anchorVert='center', antialias=True, autoDraw=False, autoLog=True, bold=False, color=array([-1, -1, -1]), colorSpace='rgb', contrast=1.0, depth=0, flipHoriz=False, flipVert=False, font='', fontFiles=[], height=50.0, italic=False, languageStyle='LTR', name='unnamed TextStim', opacity=1.0, ori=0.0, pos=array([0., 0.]), rgb=UNKNOWN, text='Poprawnie', units='pix', win=Window(...), wrapWidth=500)
42.5707 	EXP 	unnamed TextStim: text = 'n'
44.0051 	DATA 	Keypress: n
44.0100 	EXP 	Created unnamed TextStim = TextStim(__class__=<class 'psychopy.visual.text.TextStim'>, alignHoriz=method-wrapper(...), alignText='center', alignVert=method-wrapper(...), anchorHoriz='center', anchorVert='center', antialias=True, autoDraw=False, autoLog=True, bold=False, color=array([-1, -1, -1]), colorSpace='rgb', contrast=1.0, depth=0, flipHoriz=False, flipVert=False, font='', fontFiles=[], height=50.0, italic=False, languageStyle='LTR', name='unnamed TextStim', opacity=1.0, ori=0.0, pos=array([0., 0.]), rgb=UNKNOWN, text='Poprawnie', units='pix', win=Window(...), wrapWidth=500)
45.0373 	EXP 	unnamed TextStim: text = 'n'
46.5050 	DATA 	Keypress: n
47.2892 	DATA 	Keypress: n
47.2928 	EXP 	Created unnamed TextStim = TextStim(__class__=<class 'psychopy.visual.text.TextStim'>, alignHoriz=method-wrapper(...), alignText='center', alignVert=method-wrapper(...), anchorHoriz='center', anchorVert='center', antialias=True, autoDraw=False, autoLog=True, bold=False, color=array([-1, -1, -1]), colorSpace='rgb', contrast=1.0, depth=0, flipHoriz=False, flipVert=False, font='', fontFiles=[], height=50.0, italic=False, languageStyle='LTR', name='unnamed TextStim', opacity=1.0, ori=0.0, pos=array([0., 0.]), rgb=UNKNOWN, text='Poprawnie', units='pix', win=Window(...), wrapWidth=500)
48.3043 	EXP 	unnamed TextStim: height = 25.0
48.3043 	EXP 	unnamed TextStim: height = 25.0
48.3043 	EXP 	unnamed TextStim: height = 25.0
48.3043 	EXP 	unnamed TextStim: text = 'x'
49.8202 	DATA 	Keypress: x
49.8223 	EXP 	Created unnamed TextStim = TextStim(__class__=<class 'psychopy.visual.text.TextStim'>, alignHoriz=method-wrapper(...), alignText='center', alignVert=method-wrapper(...), anchorHoriz='center', anchorVert='center', antialias=True, autoDraw=False, autoLog=True, bold=False, color=array([-1, -1, -1]), colorSpace='rgb', contrast=1.0, depth=0, flipHoriz=False, flipVert=False, font='', fontFiles=[], height=50.0, italic=False, languageStyle='LTR', name='unnamed TextStim', opacity=1.0, ori=0.0, pos=array([0., 0.]), rgb=UNKNOWN, text='Poprawnie', units='pix', win=Window(...), wrapWidth=500)
50.8377 	EXP 	unnamed TextStim: height = 25.0
50.8377 	EXP 	unnamed TextStim: height = 25.0
50.8377 	EXP 	unnamed TextStim: height = 25.0
50.8377 	EXP 	unnamed TextStim: text = 'z'
52.4141 	DATA 	Keypress: z
52.4210 	EXP 	Created unnamed TextStim = TextStim(__class__=<class 'psychopy.visual.text.TextStim'>, alignHoriz=method-wrapper(...), alignText='center', alignVert=method-wrapper(...), anchorHoriz='center', anchorVert='center', antialias=True, autoDraw=False, autoLog=True, bold=False, color=array([-1, -1, -1]), colorSpace='rgb', contrast=1.0, depth=0, flipHoriz=False, flipVert=False, font='', fontFiles=[], height=50.0, italic=False, languageStyle='LTR', name='unnamed TextStim', opacity=1.0, ori=0.0, pos=array([0., 0.]), rgb=UNKNOWN, text='Poprawnie', units='pix', win=Window(...), wrapWidth=500)
53.4376 	EXP 	unnamed TextStim: height = 25.0
53.4376 	EXP 	unnamed TextStim: height = 25.0
53.4376 	EXP 	unnamed TextStim: height = 25.0
53.4376 	EXP 	unnamed TextStim: text = 'm'
54.9279 	DATA 	Keypress: m
54.9300 	EXP 	Created unnamed TextStim = TextStim(__class__=<class 'psychopy.visual.text.TextStim'>, alignHoriz=method-wrapper(...), alignText='center', alignVert=method-wrapper(...), anchorHoriz='center', anchorVert='center', antialias=True, autoDraw=False, autoLog=True, bold=False, color=array([-1, -1, -1]), colorSpace='rgb', contrast=1.0, depth=0, flipHoriz=False, flipVert=False, font='', fontFiles=[], height=50.0, italic=False, languageStyle='LTR', name='unnamed TextStim', opacity=1.0, ori=0.0, pos=array([0., 0.]), rgb=UNKNOWN, text='Poprawnie', units='pix', win=Window(...), wrapWidth=500)
55.9379 	EXP 	unnamed TextStim: text = 'm'
57.4054 	DATA 	Keypress: m
58.1581 	DATA 	Keypress: m
58.1601 	EXP 	Created unnamed TextStim = TextStim(__class__=<class 'psychopy.visual.text.TextStim'>, alignHoriz=method-wrapper(...), alignText='center', alignVert=method-wrapper(...), anchorHoriz='center', anchorVert='center', antialias=True, autoDraw=False, autoLog=True, bold=False, color=array([-1, -1, -1]), colorSpace='rgb', contrast=1.0, depth=0, flipHoriz=False, flipVert=False, font='', fontFiles=[], height=50.0, italic=False, languageStyle='LTR', name='unnamed TextStim', opacity=1.0, ori=0.0, pos=array([0., 0.]), rgb=UNKNOWN, text='Poprawnie', units='pix', win=Window(...), wrapWidth=500)
59.1713 	EXP 	unnamed TextStim: height = 25.0
59.1713 	EXP 	unnamed TextStim: height = 25.0
59.1713 	EXP 	unnamed TextStim: height = 25.0
59.1713 	EXP 	unnamed TextStim: text = 'z'
61.0110 	DATA 	Keypress: z
61.0130 	EXP 	Created unnamed TextStim = TextStim(__class__=<class 'psychopy.visual.text.TextStim'>, alignHoriz=method-wrapper(...), alignText='center', alignVert=method-wrapper(...), anchorHoriz='center', anchorVert='center', antialias=True, autoDraw=False, autoLog=True, bold=False, color=array([-1, -1, -1]), colorSpace='rgb', contrast=1.0, depth=0, flipHoriz=False, flipVert=False, font='', fontFiles=[], height=50.0, italic=False, languageStyle='LTR', name='unnamed TextStim', opacity=1.0, ori=0.0, pos=array([0., 0.]), rgb=UNKNOWN, text='Poprawnie', units='pix', win=Window(...), wrapWidth=500)
62.0215 	EXP 	unnamed TextStim: text = 'z'
64.9884 	DATA 	No keypress (maxWait exceeded)
64.9917 	EXP 	Created unnamed TextStim = TextStim(__class__=<class 'psychopy.visual.text.TextStim'>, alignHoriz=method-wrapper(...), alignText='center', alignVert=method-wrapper(...), anchorHoriz='center', anchorVert='center', antialias=True, autoDraw=False, autoLog=True, bold=False, color=array([-1, -1, -1]), colorSpace='rgb', contrast=1.0, depth=0, flipHoriz=False, flipVert=False, font='', fontFiles=[], height=50.0, italic=False, languageStyle='LTR', name='unnamed TextStim', opacity=1.0, ori=0.0, pos=array([0., 0.]), rgb=UNKNOWN, text='Niepoprawnie', units='pix', win=Window(...), wrapWidth=500)
65.7934 	DATA 	Keypress: z
66.0050 	EXP 	unnamed TextStim: text = 'z'
67.2228 	DATA 	Keypress: z
67.2936 	EXP 	Created unnamed TextStim = TextStim(__class__=<class 'psychopy.visual.text.TextStim'>, alignHoriz=method-wrapper(...), alignText='center', alignVert=method-wrapper(...), anchorHoriz='center', anchorVert='center', antialias=True, autoDraw=False, autoLog=True, bold=False, color=array([-1, -1, -1]), colorSpace='rgb', contrast=1.0, depth=0, flipHoriz=False, flipVert=False, font='', fontFiles=[], height=50.0, italic=False, languageStyle='LTR', name='unnamed TextStim', opacity=1.0, ori=0.0, pos=array([0., 0.]), rgb=UNKNOWN, text='Poprawnie', units='pix', win=Window(...), wrapWidth=500)
68.3217 	EXP 	unnamed TextStim: height = 25.0
68.3217 	EXP 	unnamed TextStim: height = 25.0
68.3217 	EXP 	unnamed TextStim: height = 25.0
68.3217 	EXP 	unnamed TextStim: text = 'x'
69.3064 	DATA 	Keypress: x
69.3731 	DATA 	Keypress: z
69.6106 	EXP 	Created unnamed TextStim = TextStim(__class__=<class 'psychopy.visual.text.TextStim'>, alignHoriz=method-wrapper(...), alignText='center', alignVert=method-wrapper(...), anchorHoriz='center', anchorVert='center', antialias=True, autoDraw=False, autoLog=True, bold=False, color=array([-1, -1, -1]), colorSpace='rgb', contrast=1.0, depth=0, flipHoriz=False, flipVert=False, font='', fontFiles=[], height=50.0, italic=False, languageStyle='LTR', name='unnamed TextStim', opacity=1.0, ori=0.0, pos=array([0., 0.]), rgb=UNKNOWN, text='Poprawnie', units='pix', win=Window(...), wrapWidth=500)
70.6385 	EXP 	unnamed TextStim: text = 'x'
72.5559 	DATA 	Keypress: n
72.5581 	EXP 	Created unnamed TextStim = TextStim(__class__=<class 'psychopy.visual.text.TextStim'>, alignHoriz=method-wrapper(...), alignText='center', alignVert=method-wrapper(...), anchorHoriz='center', anchorVert='center', antialias=True, autoDraw=False, autoLog=True, bold=False, color=array([-1, -1, -1]), colorSpace='rgb', contrast=1.0, depth=0, flipHoriz=False, flipVert=False, font='', fontFiles=[], height=50.0, italic=False, languageStyle='LTR', name='unnamed TextStim', opacity=1.0, ori=0.0, pos=array([0., 0.]), rgb=UNKNOWN, text='Niepoprawnie', units='pix', win=Window(...), wrapWidth=500)
73.3596 	DATA 	Keypress: m
73.5718 	EXP 	unnamed TextStim: height = 25.0
73.5718 	EXP 	unnamed TextStim: height = 25.0
73.5718 	EXP 	unnamed TextStim: height = 25.0
73.5718 	EXP 	unnamed TextStim: text = 'm'
75.2056 	DATA 	Keypress: n
75.2077 	EXP 	Created unnamed TextStim = TextStim(__class__=<class 'psychopy.visual.text.TextStim'>, alignHoriz=method-wrapper(...), alignText='center', alignVert=method-wrapper(...), anchorHoriz='center', anchorVert='center', antialias=True, autoDraw=False, autoLog=True, bold=False, color=array([-1, -1, -1]), colorSpace='rgb', contrast=1.0, depth=0, flipHoriz=False, flipVert=False, font='', fontFiles=[], height=50.0, italic=False, languageStyle='LTR', name='unnamed TextStim', opacity=1.0, ori=0.0, pos=array([0., 0.]), rgb=UNKNOWN, text='Niepoprawnie', units='pix', win=Window(...), wrapWidth=500)
76.0095 	DATA 	Keypress: m
76.2220 	EXP 	unnamed TextStim: height = 25.0
76.2220 	EXP 	unnamed TextStim: height = 25.0
76.2220 	EXP 	unnamed TextStim: height = 25.0
76.2220 	EXP 	unnamed TextStim: text = 'z'
77.9463 	DATA 	Keypress: z
77.9484 	EXP 	Created unnamed TextStim = TextStim(__class__=<class 'psychopy.visual.text.TextStim'>, alignHoriz=method-wrapper(...), alignText='center', alignVert=method-wrapper(...), anchorHoriz='center', anchorVert='center', antialias=True, autoDraw=False, autoLog=True, bold=False, color=array([-1, -1, -1]), colorSpace='rgb', contrast=1.0, depth=0, flipHoriz=False, flipVert=False, font='', fontFiles=[], height=50.0, italic=False, languageStyle='LTR', name='unnamed TextStim', opacity=1.0, ori=0.0, pos=array([0., 0.]), rgb=UNKNOWN, text='Poprawnie', units='pix', win=Window(...), wrapWidth=500)
78.7502 	DATA 	Keypress: x
78.9554 	EXP 	unnamed TextStim: text = 'z'
80.2729 	DATA 	Keypress: z
80.2780 	EXP 	Created unnamed TextStim = TextStim(__class__=<class 'psychopy.visual.text.TextStim'>, alignHoriz=method-wrapper(...), alignText='center', alignVert=method-wrapper(...), anchorHoriz='center', anchorVert='center', antialias=True, autoDraw=False, autoLog=True, bold=False, color=array([-1, -1, -1]), colorSpace='rgb', contrast=1.0, depth=0, flipHoriz=False, flipVert=False, font='', fontFiles=[], height=50.0, italic=False, languageStyle='LTR', name='unnamed TextStim', opacity=1.0, ori=0.0, pos=array([0., 0.]), rgb=UNKNOWN, text='Poprawnie', units='pix', win=Window(...), wrapWidth=500)
81.0890 	DATA 	Keypress: x
81.3169 	EXP 	Created unnamed TextStim = TextStim(__class__=<class 'psychopy.visual.text.TextStim'>, alignHoriz=method-wrapper(...), alignText='center', alignVert=method-wrapper(...), anchorHoriz='center', anchorVert='center', antialias=True, autoDraw=False, autoLog=True, bold=False, color=array([-1, -1, -1]), colorSpace='rgb', contrast=1.0, depth=0, flipHoriz=False, flipVert=False, font='', fontFiles=[], height=20.0, italic=False, languageStyle='LTR', name='unnamed TextStim', opacity=1.0, ori=0.0, pos=array([0., 0.]), rgb=UNKNOWN, text=str(...), units='pix', win=Window(...), wrapWidth=1536)
87.2630 	DATA 	Keypress: space
87.2722 	EXP 	unnamed TextStim: height = 25.0
87.2722 	EXP 	unnamed TextStim: height = 25.0
87.2722 	EXP 	unnamed TextStim: height = 25.0
87.2722 	EXP 	unnamed TextStim: text = 'm'
88.8687 	DATA 	Keypress: m
88.8753 	EXP 	Created unnamed TextStim = TextStim(__class__=<class 'psychopy.visual.text.TextStim'>, alignHoriz=method-wrapper(...), alignText='center', alignVert=method-wrapper(...), anchorHoriz='center', anchorVert='center', antialias=True, autoDraw=False, autoLog=True, bold=False, color=array([-1, -1, -1]), colorSpace='rgb', contrast=1.0, depth=0, flipHoriz=False, flipVert=False, font='', fontFiles=[], height=50.0, italic=False, languageStyle='LTR', name='unnamed TextStim', opacity=1.0, ori=0.0, pos=array([0., 0.]), rgb=UNKNOWN, text='Poprawnie', units='pix', win=Window(...), wrapWidth=500)
89.8892 	EXP 	unnamed TextStim: height = 25.0
89.8892 	EXP 	unnamed TextStim: height = 25.0
89.8892 	EXP 	unnamed TextStim: height = 25.0
89.8892 	EXP 	unnamed TextStim: text = 'x'
91.5309 	DATA 	Keypress: n
91.5339 	EXP 	Created unnamed TextStim = TextStim(__class__=<class 'psychopy.visual.text.TextStim'>, alignHoriz=method-wrapper(...), alignText='center', alignVert=method-wrapper(...), anchorHoriz='center', anchorVert='center', antialias=True, autoDraw=False, autoLog=True, bold=False, color=array([-1, -1, -1]), colorSpace='rgb', contrast=1.0, depth=0, flipHoriz=False, flipVert=False, font='', fontFiles=[], height=50.0, italic=False, languageStyle='LTR', name='unnamed TextStim', opacity=1.0, ori=0.0, pos=array([0., 0.]), rgb=UNKNOWN, text='Niepoprawnie', units='pix', win=Window(...), wrapWidth=500)
92.5392 	EXP 	unnamed TextStim: height = 25.0
92.5392 	EXP 	unnamed TextStim: height = 25.0
92.5392 	EXP 	unnamed TextStim: height = 25.0
92.5392 	EXP 	unnamed TextStim: text = 'm'
93.9173 	DATA 	Keypress: m
93.9192 	EXP 	Created unnamed TextStim = TextStim(__class__=<class 'psychopy.visual.text.TextStim'>, alignHoriz=method-wrapper(...), alignText='center', alignVert=method-wrapper(...), anchorHoriz='center', anchorVert='center', antialias=True, autoDraw=False, autoLog=True, bold=False, color=array([-1, -1, -1]), colorSpace='rgb', contrast=1.0, depth=0, flipHoriz=False, flipVert=False, font='', fontFiles=[], height=50.0, italic=False, languageStyle='LTR', name='unnamed TextStim', opacity=1.0, ori=0.0, pos=array([0., 0.]), rgb=UNKNOWN, text='Poprawnie', units='pix', win=Window(...), wrapWidth=500)
94.9229 	EXP 	unnamed TextStim: height = 25.0
94.9229 	EXP 	unnamed TextStim: height = 25.0
94.9229 	EXP 	unnamed TextStim: height = 25.0
94.9229 	EXP 	unnamed TextStim: text = 'n'
96.2962 	DATA 	Keypress: n
96.2981 	EXP 	Created unnamed TextStim = TextStim(__class__=<class 'psychopy.visual.text.TextStim'>, alignHoriz=method-wrapper(...), alignText='center', alignVert=method-wrapper(...), anchorHoriz='center', anchorVert='center', antialias=True, autoDraw=False, autoLog=True, bold=False, color=array([-1, -1, -1]), colorSpace='rgb', contrast=1.0, depth=0, flipHoriz=False, flipVert=False, font='', fontFiles=[], height=50.0, italic=False, languageStyle='LTR', name='unnamed TextStim', opacity=1.0, ori=0.0, pos=array([0., 0.]), rgb=UNKNOWN, text='Poprawnie', units='pix', win=Window(...), wrapWidth=500)
97.3061 	EXP 	unnamed TextStim: height = 25.0
97.3061 	EXP 	unnamed TextStim: height = 25.0
97.3061 	EXP 	unnamed TextStim: height = 25.0
97.3061 	EXP 	unnamed TextStim: text = 'x'
98.8715 	DATA 	Keypress: x
98.8738 	EXP 	Created unnamed TextStim = TextStim(__class__=<class 'psychopy.visual.text.TextStim'>, alignHoriz=method-wrapper(...), alignText='center', alignVert=method-wrapper(...), anchorHoriz='center', anchorVert='center', antialias=True, autoDraw=False, autoLog=True, bold=False, color=array([-1, -1, -1]), colorSpace='rgb', contrast=1.0, depth=0, flipHoriz=False, flipVert=False, font='', fontFiles=[], height=50.0, italic=False, languageStyle='LTR', name='unnamed TextStim', opacity=1.0, ori=0.0, pos=array([0., 0.]), rgb=UNKNOWN, text='Poprawnie', units='pix', win=Window(...), wrapWidth=500)
99.8894 	EXP 	unnamed TextStim: height = 25.0
99.8894 	EXP 	unnamed TextStim: height = 25.0
99.8894 	EXP 	unnamed TextStim: height = 25.0
99.8894 	EXP 	unnamed TextStim: text = 'm'
101.6598 	DATA 	Keypress: z
101.6618 	EXP 	Created unnamed TextStim = TextStim(__class__=<class 'psychopy.visual.text.TextStim'>, alignHoriz=method-wrapper(...), alignText='center', alignVert=method-wrapper(...), anchorHoriz='center', anchorVert='center', antialias=True, autoDraw=False, autoLog=True, bold=False, color=array([-1, -1, -1]), colorSpace='rgb', contrast=1.0, depth=0, flipHoriz=False, flipVert=False, font='', fontFiles=[], height=50.0, italic=False, languageStyle='LTR', name='unnamed TextStim', opacity=1.0, ori=0.0, pos=array([0., 0.]), rgb=UNKNOWN, text='Niepoprawnie', units='pix', win=Window(...), wrapWidth=500)
102.6729 	EXP 	unnamed TextStim: height = 25.0
102.6729 	EXP 	unnamed TextStim: height = 25.0
102.6729 	EXP 	unnamed TextStim: height = 25.0
102.6729 	EXP 	unnamed TextStim: text = 'x'
104.3424 	DATA 	Keypress: x
104.3444 	EXP 	Created unnamed TextStim = TextStim(__class__=<class 'psychopy.visual.text.TextStim'>, alignHoriz=method-wrapper(...), alignText='center', alignVert=method-wrapper(...), anchorHoriz='center', anchorVert='center', antialias=True, autoDraw=False, autoLog=True, bold=False, color=array([-1, -1, -1]), colorSpace='rgb', contrast=1.0, depth=0, flipHoriz=False, flipVert=False, font='', fontFiles=[], height=50.0, italic=False, languageStyle='LTR', name='unnamed TextStim', opacity=1.0, ori=0.0, pos=array([0., 0.]), rgb=UNKNOWN, text='Poprawnie', units='pix', win=Window(...), wrapWidth=500)
105.3564 	EXP 	unnamed TextStim: text = 'x'
106.7362 	DATA 	Keypress: x
106.7382 	EXP 	Created unnamed TextStim = TextStim(__class__=<class 'psychopy.visual.text.TextStim'>, alignHoriz=method-wrapper(...), alignText='center', alignVert=method-wrapper(...), anchorHoriz='center', anchorVert='center', antialias=True, autoDraw=False, autoLog=True, bold=False, color=array([-1, -1, -1]), colorSpace='rgb', contrast=1.0, depth=0, flipHoriz=False, flipVert=False, font='', fontFiles=[], height=50.0, italic=False, languageStyle='LTR', name='unnamed TextStim', opacity=1.0, ori=0.0, pos=array([0., 0.]), rgb=UNKNOWN, text='Poprawnie', units='pix', win=Window(...), wrapWidth=500)
107.7564 	EXP 	unnamed TextStim: height = 25.0
107.7564 	EXP 	unnamed TextStim: height = 25.0
107.7564 	EXP 	unnamed TextStim: height = 25.0
107.7564 	EXP 	unnamed TextStim: text = 'n'
109.3773 	DATA 	Keypress: n
109.3792 	EXP 	Created unnamed TextStim = TextStim(__class__=<class 'psychopy.visual.text.TextStim'>, alignHoriz=method-wrapper(...), alignText='center', alignVert=method-wrapper(...), anchorHoriz='center', anchorVert='center', antialias=True, autoDraw=False, autoLog=True, bold=False, color=array([-1, -1, -1]), colorSpace='rgb', contrast=1.0, depth=0, flipHoriz=False, flipVert=False, font='', fontFiles=[], height=50.0, italic=False, languageStyle='LTR', name='unnamed TextStim', opacity=1.0, ori=0.0, pos=array([0., 0.]), rgb=UNKNOWN, text='Poprawnie', units='pix', win=Window(...), wrapWidth=500)
110.3898 	EXP 	unnamed TextStim: height = 25.0
110.3898 	EXP 	unnamed TextStim: height = 25.0
110.3898 	EXP 	unnamed TextStim: height = 25.0
110.3898 	EXP 	unnamed TextStim: text = 'm'
111.8358 	DATA 	Keypress: m
111.8378 	EXP 	Created unnamed TextStim = TextStim(__class__=<class 'psychopy.visual.text.TextStim'>, alignHoriz=method-wrapper(...), alignText='center', alignVert=method-wrapper(...), anchorHoriz='center', anchorVert='center', antialias=True, autoDraw=False, autoLog=True, bold=False, color=array([-1, -1, -1]), colorSpace='rgb', contrast=1.0, depth=0, flipHoriz=False, flipVert=False, font='', fontFiles=[], height=50.0, italic=False, languageStyle='LTR', name='unnamed TextStim', opacity=1.0, ori=0.0, pos=array([0., 0.]), rgb=UNKNOWN, text='Poprawnie', units='pix', win=Window(...), wrapWidth=500)
112.8636 	EXP 	Created unnamed TextStim = TextStim(__class__=<class 'psychopy.visual.text.TextStim'>, alignHoriz=method-wrapper(...), alignText='center', alignVert=method-wrapper(...), anchorHoriz='center', anchorVert='center', antialias=True, autoDraw=False, autoLog=True, bold=False, color=array([-1, -1, -1]), colorSpace='rgb', contrast=1.0, depth=0, flipHoriz=False, flipVert=False, font='', fontFiles=[], height=20.0, italic=False, languageStyle='LTR', name='unnamed TextStim', opacity=1.0, ori=0.0, pos=array([0., 0.]), rgb=UNKNOWN, text=str(...), units='pix', win=Window(...), wrapWidth=1536)
115.3059 	DATA 	Keypress: space
115.3234 	EXP 	unnamed TextStim: height = 25.0
115.3234 	EXP 	unnamed TextStim: height = 25.0
115.3234 	EXP 	unnamed TextStim: height = 25.0
115.3234 	EXP 	unnamed TextStim: text = 'z'
116.7496 	DATA 	Keypress: z
116.7529 	EXP 	unnamed TextStim: height = 25.0
116.7529 	EXP 	unnamed TextStim: height = 25.0
116.7529 	EXP 	unnamed TextStim: height = 25.0
116.7529 	EXP 	unnamed TextStim: text = 'x'
118.0939 	DATA 	Keypress: x
118.0963 	EXP 	unnamed TextStim: height = 25.0
118.0963 	EXP 	unnamed TextStim: height = 25.0
118.0963 	EXP 	unnamed TextStim: height = 25.0
118.0963 	EXP 	unnamed TextStim: text = 'z'
119.5301 	DATA 	Keypress: z
119.5323 	EXP 	unnamed TextStim: height = 25.0
119.5323 	EXP 	unnamed TextStim: height = 25.0
119.5323 	EXP 	unnamed TextStim: height = 25.0
119.5323 	EXP 	unnamed TextStim: text = 'x'
120.7419 	DATA 	Keypress: x
122.0970 	DATA 	Keypress: x
122.0981 	EXP 	unnamed TextStim: text = 'x'
123.7151 	DATA 	Keypress: n
123.7180 	EXP 	unnamed TextStim: height = 25.0
123.7180 	EXP 	unnamed TextStim: height = 25.0
123.7180 	EXP 	unnamed TextStim: height = 25.0
123.7180 	EXP 	unnamed TextStim: text = 'n'
124.9878 	DATA 	Keypress: n
125.1043 	EXP 	Created unnamed ImageStim = ImageStim(__class__=<class 'psychopy.visual.image.ImageStim'>, anchor=('center', 'center'), autoLog=True, color=array([1., 1., 1.]), colorSpace='rgb', contrast=1.0, depth=0, flipHoriz=False, flipVert=False, image='break.jpg', interpolate=True, mask=None, maskParams=None, name='unnamed ImageStim', opacity=1.0, ori=0.0, pos=array([0., 0.]), size=array([1536.,  864.]), texRes=128, units='pix', win=Window(...))
125.7920 	DATA 	Keypress: space
125.8069 	EXP 	unnamed TextStim: height = 25.0
125.8069 	EXP 	unnamed TextStim: height = 25.0
125.8069 	EXP 	unnamed TextStim: height = 25.0
125.8069 	EXP 	unnamed TextStim: text = 'z'
127.1632 	DATA 	Keypress: z
127.1661 	EXP 	unnamed TextStim: height = 25.0
127.1661 	EXP 	unnamed TextStim: height = 25.0
127.1661 	EXP 	unnamed TextStim: height = 25.0
127.1661 	EXP 	unnamed TextStim: text = 'm'
128.8113 	DATA 	Keypress: n
128.8137 	EXP 	unnamed TextStim: height = 25.0
128.8137 	EXP 	unnamed TextStim: height = 25.0
128.8137 	EXP 	unnamed TextStim: height = 25.0
128.8137 	EXP 	unnamed TextStim: text = 'n'
130.0736 	DATA 	Keypress: n
130.0748 	EXP 	unnamed TextStim: text = 'n'
131.7505 	DATA 	Keypress: n
131.7527 	EXP 	unnamed TextStim: height = 25.0
131.7527 	EXP 	unnamed TextStim: height = 25.0
131.7527 	EXP 	unnamed TextStim: height = 25.0
131.7527 	EXP 	unnamed TextStim: text = 'z'
133.5078 	DATA 	Keypress: m
133.5100 	EXP 	unnamed TextStim: height = 25.0
133.5100 	EXP 	unnamed TextStim: height = 25.0
133.5100 	EXP 	unnamed TextStim: height = 25.0
133.5100 	EXP 	unnamed TextStim: text = 'n'
135.5790 	DATA 	Keypress: x
135.6883 	EXP 	Created unnamed ImageStim = ImageStim(__class__=<class 'psychopy.visual.image.ImageStim'>, anchor=('center', 'center'), autoLog=True, color=array([1., 1., 1.]), colorSpace='rgb', contrast=1.0, depth=0, flipHoriz=False, flipVert=False, image='break.jpg', interpolate=True, mask=None, maskParams=None, name='unnamed ImageStim', opacity=1.0, ori=0.0, pos=array([0., 0.]), size=array([1536.,  864.]), texRes=128, units='pix', win=Window(...))
136.3671 	DATA 	Keypress: space
136.3739 	EXP 	unnamed TextStim: height = 25.0
136.3739 	EXP 	unnamed TextStim: height = 25.0
136.3739 	EXP 	unnamed TextStim: height = 25.0
136.3739 	EXP 	unnamed TextStim: text = 'm'
137.6896 	DATA 	Keypress: m
137.6908 	EXP 	unnamed TextStim: text = 'm'
139.2395 	DATA 	Keypress: n
139.2406 	EXP 	unnamed TextStim: text = 'm'
141.2235 	DATA 	Keypress: z
141.2248 	EXP 	unnamed TextStim: text = 'm'
142.5577 	DATA 	Keypress: m
142.5597 	EXP 	unnamed TextStim: height = 25.0
142.5597 	EXP 	unnamed TextStim: height = 25.0
142.5597 	EXP 	unnamed TextStim: height = 25.0
142.5597 	EXP 	unnamed TextStim: text = 'z'
144.1831 	DATA 	Keypress: n
144.1853 	EXP 	unnamed TextStim: height = 25.0
144.1853 	EXP 	unnamed TextStim: height = 25.0
144.1853 	EXP 	unnamed TextStim: height = 25.0
144.1853 	EXP 	unnamed TextStim: text = 'x'
145.6838 	DATA 	Keypress: x
145.7931 	EXP 	Created unnamed ImageStim = ImageStim(__class__=<class 'psychopy.visual.image.ImageStim'>, anchor=('center', 'center'), autoLog=True, color=array([1., 1., 1.]), colorSpace='rgb', contrast=1.0, depth=0, flipHoriz=False, flipVert=False, image='break.jpg', interpolate=True, mask=None, maskParams=None, name='unnamed ImageStim', opacity=1.0, ori=0.0, pos=array([0., 0.]), size=array([1536.,  864.]), texRes=128, units='pix', win=Window(...))
146.3844 	DATA 	Keypress: space
146.3911 	EXP 	unnamed TextStim: height = 25.0
146.3911 	EXP 	unnamed TextStim: height = 25.0
146.3911 	EXP 	unnamed TextStim: height = 25.0
146.3911 	EXP 	unnamed TextStim: text = 'm'
147.5920 	DATA 	Keypress: m
147.6079 	EXP 	unnamed TextStim: text = 'm'
148.9242 	DATA 	Keypress: m
148.9266 	EXP 	unnamed TextStim: height = 25.0
148.9266 	EXP 	unnamed TextStim: height = 25.0
148.9266 	EXP 	unnamed TextStim: height = 25.0
148.9266 	EXP 	unnamed TextStim: text = 'n'
150.3726 	DATA 	Keypress: n
150.3746 	EXP 	unnamed TextStim: height = 25.0
150.3746 	EXP 	unnamed TextStim: height = 25.0
150.3746 	EXP 	unnamed TextStim: height = 25.0
150.3746 	EXP 	unnamed TextStim: text = 'z'
151.9167 	DATA 	Keypress: z
151.9179 	EXP 	unnamed TextStim: text = 'z'
153.2054 	DATA 	Keypress: z
153.2066 	EXP 	unnamed TextStim: text = 'z'
154.5093 	DATA 	Keypress: z
154.6174 	EXP 	Created unnamed ImageStim = ImageStim(__class__=<class 'psychopy.visual.image.ImageStim'>, anchor=('center', 'center'), autoLog=True, color=array([1., 1., 1.]), colorSpace='rgb', contrast=1.0, depth=0, flipHoriz=False, flipVert=False, image='break.jpg', interpolate=True, mask=None, maskParams=None, name='unnamed ImageStim', opacity=1.0, ori=0.0, pos=array([0., 0.]), size=array([1536.,  864.]), texRes=128, units='pix', win=Window(...))
155.2180 	DATA 	Keypress: space
155.2248 	EXP 	unnamed TextStim: height = 25.0
155.2248 	EXP 	unnamed TextStim: height = 25.0
155.2248 	EXP 	unnamed TextStim: height = 25.0
155.2248 	EXP 	unnamed TextStim: text = 'm'
156.6241 	DATA 	Keypress: m
156.6263 	EXP 	unnamed TextStim: height = 25.0
156.6263 	EXP 	unnamed TextStim: height = 25.0
156.6263 	EXP 	unnamed TextStim: height = 25.0
156.6263 	EXP 	unnamed TextStim: text = 'z'
158.3004 	DATA 	Keypress: x
158.3026 	EXP 	unnamed TextStim: height = 25.0
158.3026 	EXP 	unnamed TextStim: height = 25.0
158.3026 	EXP 	unnamed TextStim: height = 25.0
158.3026 	EXP 	unnamed TextStim: text = 'm'
159.6151 	DATA 	Keypress: m
159.6172 	EXP 	unnamed TextStim: height = 25.0
159.6172 	EXP 	unnamed TextStim: height = 25.0
159.6172 	EXP 	unnamed TextStim: height = 25.0
159.6172 	EXP 	unnamed TextStim: text = 'n'
160.8435 	DATA 	Keypress: z
161.1012 	DATA 	Keypress: n
161.1034 	EXP 	unnamed TextStim: height = 25.0
161.1034 	EXP 	unnamed TextStim: height = 25.0
161.1034 	EXP 	unnamed TextStim: height = 25.0
161.1034 	EXP 	unnamed TextStim: text = 'm'
162.4640 	DATA 	Keypress: m
162.4682 	EXP 	unnamed TextStim: height = 25.0
162.4682 	EXP 	unnamed TextStim: height = 25.0
162.4682 	EXP 	unnamed TextStim: height = 25.0
162.4682 	EXP 	unnamed TextStim: text = 'x'
163.6985 	DATA 	Keypress: n
163.8099 	EXP 	Created unnamed ImageStim = ImageStim(__class__=<class 'psychopy.visual.image.ImageStim'>, anchor=('center', 'center'), autoLog=True, color=array([1., 1., 1.]), colorSpace='rgb', contrast=1.0, depth=0, flipHoriz=False, flipVert=False, image='break.jpg', interpolate=True, mask=None, maskParams=None, name='unnamed ImageStim', opacity=1.0, ori=0.0, pos=array([0., 0.]), size=array([1536.,  864.]), texRes=128, units='pix', win=Window(...))
164.3999 	DATA 	Keypress: space
164.4082 	EXP 	unnamed TextStim: text = 'x'
165.8546 	DATA 	Keypress: x
165.8569 	EXP 	unnamed TextStim: height = 25.0
165.8569 	EXP 	unnamed TextStim: height = 25.0
165.8569 	EXP 	unnamed TextStim: height = 25.0
165.8569 	EXP 	unnamed TextStim: text = 'z'
167.1102 	DATA 	Keypress: z
168.5581 	DATA 	Keypress: z
168.5610 	EXP 	unnamed TextStim: height = 25.0
168.5610 	EXP 	unnamed TextStim: height = 25.0
168.5610 	EXP 	unnamed TextStim: height = 25.0
168.5610 	EXP 	unnamed TextStim: text = 'm'
169.9338 	DATA 	Keypress: x
169.9359 	EXP 	unnamed TextStim: height = 25.0
169.9359 	EXP 	unnamed TextStim: height = 25.0
169.9359 	EXP 	unnamed TextStim: height = 25.0
169.9359 	EXP 	unnamed TextStim: text = 'n'
170.1101 	DATA 	Keypress: m
171.5543 	DATA 	Keypress: n
171.5566 	EXP 	unnamed TextStim: height = 25.0
171.5566 	EXP 	unnamed TextStim: height = 25.0
171.5566 	EXP 	unnamed TextStim: height = 25.0
171.5566 	EXP 	unnamed TextStim: text = 'z'
172.8917 	DATA 	Keypress: z
172.8938 	EXP 	unnamed TextStim: height = 25.0
172.8938 	EXP 	unnamed TextStim: height = 25.0
172.8938 	EXP 	unnamed TextStim: height = 25.0
172.8938 	EXP 	unnamed TextStim: text = 'x'
174.3811 	DATA 	Keypress: n
174.4921 	EXP 	Created unnamed ImageStim = ImageStim(__class__=<class 'psychopy.visual.image.ImageStim'>, anchor=('center', 'center'), autoLog=True, color=array([1., 1., 1.]), colorSpace='rgb', contrast=1.0, depth=0, flipHoriz=False, flipVert=False, image='break.jpg', interpolate=True, mask=None, maskParams=None, name='unnamed ImageStim', opacity=1.0, ori=0.0, pos=array([0., 0.]), size=array([1536.,  864.]), texRes=128, units='pix', win=Window(...))
175.2281 	DATA 	Keypress: space
175.2422 	EXP 	unnamed TextStim: height = 25.0
175.2422 	EXP 	unnamed TextStim: height = 25.0
175.2422 	EXP 	unnamed TextStim: height = 25.0
175.2422 	EXP 	unnamed TextStim: text = 'm'
176.6283 	DATA 	Keypress: m
176.6308 	EXP 	unnamed TextStim: height = 25.0
176.6308 	EXP 	unnamed TextStim: height = 25.0
176.6308 	EXP 	unnamed TextStim: height = 25.0
176.6308 	EXP 	unnamed TextStim: text = 'x'
178.2592 	DATA 	Keypress: x
178.2653 	EXP 	unnamed TextStim: height = 25.0
178.2653 	EXP 	unnamed TextStim: height = 25.0
178.2653 	EXP 	unnamed TextStim: height = 25.0
178.2653 	EXP 	unnamed TextStim: text = 'z'
179.7106 	DATA 	Keypress: z
179.7128 	EXP 	unnamed TextStim: height = 25.0
179.7128 	EXP 	unnamed TextStim: height = 25.0
179.7128 	EXP 	unnamed TextStim: height = 25.0
179.7128 	EXP 	unnamed TextStim: text = 'x'
181.5622 	DATA 	Keypress: z
181.5645 	EXP 	unnamed TextStim: height = 25.0
181.5645 	EXP 	unnamed TextStim: height = 25.0
181.5645 	EXP 	unnamed TextStim: height = 25.0
181.5645 	EXP 	unnamed TextStim: text = 'n'
182.9106 	DATA 	Keypress: n
182.9130 	EXP 	unnamed TextStim: height = 25.0
182.9130 	EXP 	unnamed TextStim: height = 25.0
182.9130 	EXP 	unnamed TextStim: height = 25.0
182.9130 	EXP 	unnamed TextStim: text = 'z'
184.9116 	DATA 	Keypress: z
185.0213 	EXP 	Created unnamed ImageStim = ImageStim(__class__=<class 'psychopy.visual.image.ImageStim'>, anchor=('center', 'center'), autoLog=True, color=array([1., 1., 1.]), colorSpace='rgb', contrast=1.0, depth=0, flipHoriz=False, flipVert=False, image='break.jpg', interpolate=True, mask=None, maskParams=None, name='unnamed ImageStim', opacity=1.0, ori=0.0, pos=array([0., 0.]), size=array([1536.,  864.]), texRes=128, units='pix', win=Window(...))
185.5865 	DATA 	Keypress: space
185.5923 	EXP 	unnamed TextStim: height = 25.0
185.5923 	EXP 	unnamed TextStim: height = 25.0
185.5923 	EXP 	unnamed TextStim: height = 25.0
185.5923 	EXP 	unnamed TextStim: text = 'x'
187.2581 	DATA 	Keypress: n
187.2593 	EXP 	unnamed TextStim: text = 'x'
188.7023 	DATA 	Keypress: z
188.7045 	EXP 	unnamed TextStim: height = 25.0
188.7045 	EXP 	unnamed TextStim: height = 25.0
188.7045 	EXP 	unnamed TextStim: height = 25.0
188.7045 	EXP 	unnamed TextStim: text = 'z'
190.2473 	DATA 	Keypress: z
190.2495 	EXP 	unnamed TextStim: height = 25.0
190.2495 	EXP 	unnamed TextStim: height = 25.0
190.2495 	EXP 	unnamed TextStim: height = 25.0
190.2495 	EXP 	unnamed TextStim: text = 'm'
191.6249 	DATA 	Keypress: m
191.6271 	EXP 	unnamed TextStim: height = 25.0
191.6271 	EXP 	unnamed TextStim: height = 25.0
191.6271 	EXP 	unnamed TextStim: height = 25.0
191.6271 	EXP 	unnamed TextStim: text = 'x'
193.0821 	DATA 	Keypress: z
193.0843 	EXP 	unnamed TextStim: height = 25.0
193.0843 	EXP 	unnamed TextStim: height = 25.0
193.0843 	EXP 	unnamed TextStim: height = 25.0
193.0843 	EXP 	unnamed TextStim: text = 'z'
194.4332 	DATA 	Keypress: m
194.5447 	EXP 	Created unnamed ImageStim = ImageStim(__class__=<class 'psychopy.visual.image.ImageStim'>, anchor=('center', 'center'), autoLog=True, color=array([1., 1., 1.]), colorSpace='rgb', contrast=1.0, depth=0, flipHoriz=False, flipVert=False, image='break.jpg', interpolate=True, mask=None, maskParams=None, name='unnamed ImageStim', opacity=1.0, ori=0.0, pos=array([0., 0.]), size=array([1536.,  864.]), texRes=128, units='pix', win=Window(...))
195.2714 	DATA 	Keypress: n
195.6905 	DATA 	Keypress: space
195.6971 	EXP 	unnamed TextStim: height = 25.0
195.6971 	EXP 	unnamed TextStim: height = 25.0
195.6971 	EXP 	unnamed TextStim: height = 25.0
195.6971 	EXP 	unnamed TextStim: text = 'n'
197.0104 	DATA 	Keypress: z
197.4402 	DATA 	Keypress: n
197.4425 	EXP 	unnamed TextStim: height = 25.0
197.4425 	EXP 	unnamed TextStim: height = 25.0
197.4425 	EXP 	unnamed TextStim: height = 25.0
197.4425 	EXP 	unnamed TextStim: text = 'x'
199.1615 	DATA 	Keypress: x
199.1627 	EXP 	unnamed TextStim: text = 'x'
200.4349 	DATA 	Keypress: x
200.4431 	EXP 	unnamed TextStim: height = 25.0
200.4431 	EXP 	unnamed TextStim: height = 25.0
200.4431 	EXP 	unnamed TextStim: height = 25.0
200.4431 	EXP 	unnamed TextStim: text = 'n'
201.8429 	DATA 	Keypress: n
201.8451 	EXP 	unnamed TextStim: height = 25.0
201.8451 	EXP 	unnamed TextStim: height = 25.0
201.8451 	EXP 	unnamed TextStim: height = 25.0
201.8451 	EXP 	unnamed TextStim: text = 'm'
203.1734 	DATA 	Keypress: m
203.1756 	EXP 	unnamed TextStim: height = 25.0
203.1756 	EXP 	unnamed TextStim: height = 25.0
203.1756 	EXP 	unnamed TextStim: height = 25.0
203.1756 	EXP 	unnamed TextStim: text = 'n'
204.9033 	DATA 	Keypress: z
205.0136 	EXP 	Created unnamed ImageStim = ImageStim(__class__=<class 'psychopy.visual.image.ImageStim'>, anchor=('center', 'center'), autoLog=True, color=array([1., 1., 1.]), colorSpace='rgb', contrast=1.0, depth=0, flipHoriz=False, flipVert=False, image='break.jpg', interpolate=True, mask=None, maskParams=None, name='unnamed ImageStim', opacity=1.0, ori=0.0, pos=array([0., 0.]), size=array([1536.,  864.]), texRes=128, units='pix', win=Window(...))
205.6344 	DATA 	Keypress: space
205.6432 	EXP 	unnamed TextStim: height = 25.0
205.6432 	EXP 	unnamed TextStim: height = 25.0
205.6432 	EXP 	unnamed TextStim: height = 25.0
205.6432 	EXP 	unnamed TextStim: text = 'z'
207.5817 	DATA 	Keypress: n
207.5839 	EXP 	unnamed TextStim: height = 25.0
207.5839 	EXP 	unnamed TextStim: height = 25.0
207.5839 	EXP 	unnamed TextStim: height = 25.0
207.5839 	EXP 	unnamed TextStim: text = 'm'
208.8941 	DATA 	Keypress: m
209.7121 	DATA 	Keypress: m
209.7143 	EXP 	unnamed TextStim: text = 'm'
210.9779 	DATA 	Keypress: m
210.9936 	EXP 	unnamed TextStim: height = 25.0
210.9936 	EXP 	unnamed TextStim: height = 25.0
210.9936 	EXP 	unnamed TextStim: height = 25.0
210.9936 	EXP 	unnamed TextStim: text = 'x'
211.6775 	DATA 	Keypress: m
212.5537 	DATA 	Keypress: n
212.5558 	EXP 	unnamed TextStim: height = 25.0
212.5558 	EXP 	unnamed TextStim: height = 25.0
212.5558 	EXP 	unnamed TextStim: height = 25.0
212.5558 	EXP 	unnamed TextStim: text = 'm'
214.1096 	DATA 	Keypress: x
214.1140 	EXP 	unnamed TextStim: height = 25.0
214.1140 	EXP 	unnamed TextStim: height = 25.0
214.1140 	EXP 	unnamed TextStim: height = 25.0
214.1140 	EXP 	unnamed TextStim: text = 'x'
215.7749 	DATA 	Keypress: x
215.8886 	EXP 	Created unnamed ImageStim = ImageStim(__class__=<class 'psychopy.visual.image.ImageStim'>, anchor=('center', 'center'), autoLog=True, color=array([1., 1., 1.]), colorSpace='rgb', contrast=1.0, depth=0, flipHoriz=False, flipVert=False, image='break.jpg', interpolate=True, mask=None, maskParams=None, name='unnamed ImageStim', opacity=1.0, ori=0.0, pos=array([0., 0.]), size=array([1536.,  864.]), texRes=128, units='pix', win=Window(...))
216.4406 	DATA 	Keypress: space
216.4434 	EXP 	unnamed TextStim: text = 'x'
217.7277 	DATA 	Keypress: m
217.7438 	EXP 	unnamed TextStim: height = 25.0
217.7438 	EXP 	unnamed TextStim: height = 25.0
217.7438 	EXP 	unnamed TextStim: height = 25.0
217.7438 	EXP 	unnamed TextStim: text = 'n'
219.1394 	DATA 	Keypress: n
219.1415 	EXP 	unnamed TextStim: height = 25.0
219.1415 	EXP 	unnamed TextStim: height = 25.0
219.1415 	EXP 	unnamed TextStim: height = 25.0
219.1415 	EXP 	unnamed TextStim: text = 'x'
220.5738 	DATA 	Keypress: x
220.5774 	EXP 	unnamed TextStim: height = 25.0
220.5774 	EXP 	unnamed TextStim: height = 25.0
220.5774 	EXP 	unnamed TextStim: height = 25.0
220.5774 	EXP 	unnamed TextStim: text = 'm'
221.9374 	DATA 	Keypress: z
221.9396 	EXP 	unnamed TextStim: height = 25.0
221.9396 	EXP 	unnamed TextStim: height = 25.0
221.9396 	EXP 	unnamed TextStim: height = 25.0
221.9396 	EXP 	unnamed TextStim: text = 'z'
223.5459 	DATA 	Keypress: n
223.5480 	EXP 	unnamed TextStim: height = 25.0
223.5480 	EXP 	unnamed TextStim: height = 25.0
223.5480 	EXP 	unnamed TextStim: height = 25.0
223.5480 	EXP 	unnamed TextStim: text = 'x'
225.0922 	DATA 	Keypress: x
225.2048 	EXP 	Created unnamed ImageStim = ImageStim(__class__=<class 'psychopy.visual.image.ImageStim'>, anchor=('center', 'center'), autoLog=True, color=array([1., 1., 1.]), colorSpace='rgb', contrast=1.0, depth=0, flipHoriz=False, flipVert=False, image='break.jpg', interpolate=True, mask=None, maskParams=None, name='unnamed ImageStim', opacity=1.0, ori=0.0, pos=array([0., 0.]), size=array([1536.,  864.]), texRes=128, units='pix', win=Window(...))
225.7967 	DATA 	Keypress: space
225.8149 	EXP 	Created unnamed TextStim = TextStim(__class__=<class 'psychopy.visual.text.TextStim'>, alignHoriz=method-wrapper(...), alignText='center', alignVert=method-wrapper(...), anchorHoriz='center', anchorVert='center', antialias=True, autoDraw=False, autoLog=True, bold=False, color=array([-1, -1, -1]), colorSpace='rgb', contrast=1.0, depth=0, flipHoriz=False, flipVert=False, font='', fontFiles=[], height=20.0, italic=False, languageStyle='LTR', name='unnamed TextStim', opacity=1.0, ori=0.0, pos=array([0., 0.]), rgb=UNKNOWN, text=str(...), units='pix', win=Window(...), wrapWidth=1536)
226.8995 	DATA 	Keypress: space
227.0066 	EXP 	window1: mouseVisible = True
