8.4499 	WARNING 	User requested fullscreen with size [1536  864], but screen is actually [1920, 1080]. Using actual size
9.9782 	INFO 	FRAME RATE: 60
9.9783 	INFO 	SCREEN RES: odict_values([1536, 864])
10.0376 	EXP 	Created unnamed TextStim = TextStim(__class__=<class 'psychopy.visual.text.TextStim'>, alignHoriz=method-wrapper(...), alignText='center', alignVert=method-wrapper(...), anchorHoriz='center', anchorVert='center', antialias=True, autoDraw=False, autoLog=True, bold=False, color=array([-1, -1, -1]), colorSpace='rgb', contrast=1.0, depth=0, flipHoriz=False, flipVert=False, font='', fontFiles=[], height=100.0, italic=False, languageStyle='LTR', name='unnamed TextStim', opacity=1.0, ori=0.0, pos=array([0., 0.]), rgb=UNKNOWN, text='+', units='pix', win=Window(...), wrapWidth=500)
10.0420 	EXP 	Created unnamed Circle = Circle(__class__=<class 'psychopy.visual.circle.Circle'>, anchor=('center', 'center'), autoDraw=False, autoLog=True, closeShape=True, color=method-wrapper(...), colorSpace='rgb', contrast=None, depth=0, fillColor=array([ 0.09019608, -1.        , -1.        ]), fillColorSpace='rgb', fillRGB=array([ 0.09019608, -1.        , -1.        ]), interpolate=True, lineColor=array([ 0.09019608, -1.        , -1.        ]), lineColorSpace='rgb', lineRGB=array([ 0.09019608, -1.        , -1.        ]), lineWidth=1.5, name='unnamed Circle', opacity=1.0, ori=0.0, pos=array([0., 0.]), size=array([1., 1.]), units='pix', vertices=ndarray(...), win=Window(...))
10.0431 	EXP 	Created unnamed TextStim = TextStim(__class__=<class 'psychopy.visual.text.TextStim'>, alignHoriz=method-wrapper(...), alignText='center', alignVert=method-wrapper(...), anchorHoriz='center', anchorVert='center', antialias=True, autoDraw=False, autoLog=True, bold=False, color=array([-0.17647059, -0.17647059, -0.17647059]), colorSpace='rgb', contrast=1.0, depth=0, flipHoriz=False, flipVert=False, font='', fontFiles=[], height=25, italic=False, languageStyle='LTR', name='unnamed TextStim', opacity=1.0, ori=0.0, pos=array([0., 0.]), rgb=UNKNOWN, text='', units='pix', win=Window(...), wrapWidth=500)
10.0521 	EXP 	Created unnamed ImageStim = ImageStim(__class__=<class 'psychopy.visual.image.ImageStim'>, anchor=('center', 'center'), autoLog=True, color=array([1., 1., 1.]), colorSpace='rgb', contrast=1.0, depth=0, flipHoriz=False, flipVert=False, image='mask4.png', interpolate=False, mask=None, maskParams=None, name='unnamed ImageStim', opacity=1.0, ori=0.0, pos=array([0., 0.]), size=array([25., 25.]), texRes=128, units='pix', win=Window(...))
10.0608 	EXP 	Created unnamed TextStim = TextStim(__class__=<class 'psychopy.visual.text.TextStim'>, alignHoriz=method-wrapper(...), alignText='center', alignVert=method-wrapper(...), anchorHoriz='center', anchorVert='center', antialias=True, autoDraw=False, autoLog=True, bold=False, color=array([-1, -1, -1]), colorSpace='rgb', contrast=1.0, depth=0, flipHoriz=False, flipVert=False, font='', fontFiles=[], height=30.0, italic=False, languageStyle='LTR', name='unnamed TextStim', opacity=1.0, ori=0.0, pos=array([ 100., -300.]), rgb=UNKNOWN, text=str(...), units='pix', win=Window(...), wrapWidth=10000)
10.0660 	EXP 	Created unnamed TextStim = TextStim(__class__=<class 'psychopy.visual.text.TextStim'>, alignHoriz=method-wrapper(...), alignText='center', alignVert=method-wrapper(...), anchorHoriz='center', anchorVert='center', antialias=True, autoDraw=False, autoLog=True, bold=False, color=array([-1, -1, -1]), colorSpace='rgb', contrast=1.0, depth=0, flipHoriz=False, flipVert=False, font='', fontFiles=[], height=30.0, italic=False, languageStyle='LTR', name='unnamed TextStim', opacity=1.0, ori=0.0, pos=array([ 100., -330.]), rgb=UNKNOWN, text=str(...), units='pix', win=Window(...), wrapWidth=10000)
10.1047 	EXP 	Created unnamed TextStim = TextStim(__class__=<class 'psychopy.visual.text.TextStim'>, alignHoriz=method-wrapper(...), alignText='center', alignVert=method-wrapper(...), anchorHoriz='center', anchorVert='center', antialias=True, autoDraw=False, autoLog=True, bold=False, color=array([-1, -1, -1]), colorSpace='rgb', contrast=1.0, depth=0, flipHoriz=False, flipVert=False, font='', fontFiles=[], height=20.0, italic=False, languageStyle='LTR', name='unnamed TextStim', opacity=1.0, ori=0.0, pos=array([0., 0.]), rgb=UNKNOWN, text=str(...), units='pix', win=Window(...), wrapWidth=1536)
31.6308 	DATA 	Keypress: space
31.6442 	EXP 	unnamed TextStim: height = 25.0
31.6442 	EXP 	unnamed TextStim: height = 25.0
31.6442 	EXP 	unnamed TextStim: height = 25.0
31.6442 	EXP 	unnamed TextStim: text = 'x'
33.8330 	DATA 	Keypress: x
33.8415 	EXP 	Created unnamed TextStim = TextStim(__class__=<class 'psychopy.visual.text.TextStim'>, alignHoriz=method-wrapper(...), alignText='center', alignVert=method-wrapper(...), anchorHoriz='center', anchorVert='center', antialias=True, autoDraw=False, autoLog=True, bold=False, color=array([-1, -1, -1]), colorSpace='rgb', contrast=1.0, depth=0, flipHoriz=False, flipVert=False, font='', fontFiles=[], height=50.0, italic=False, languageStyle='LTR', name='unnamed TextStim', opacity=1.0, ori=0.0, pos=array([0., 0.]), rgb=UNKNOWN, text='Poprawnie', units='pix', win=Window(...), wrapWidth=500)
34.8611 	EXP 	unnamed TextStim: text = 'x'
36.3290 	DATA 	Keypress: x
36.3339 	EXP 	Created unnamed TextStim = TextStim(__class__=<class 'psychopy.visual.text.TextStim'>, alignHoriz=method-wrapper(...), alignText='center', alignVert=method-wrapper(...), anchorHoriz='center', anchorVert='center', antialias=True, autoDraw=False, autoLog=True, bold=False, color=array([-1, -1, -1]), colorSpace='rgb', contrast=1.0, depth=0, flipHoriz=False, flipVert=False, font='', fontFiles=[], height=50.0, italic=False, languageStyle='LTR', name='unnamed TextStim', opacity=1.0, ori=0.0, pos=array([0., 0.]), rgb=UNKNOWN, text='Poprawnie', units='pix', win=Window(...), wrapWidth=500)
37.3612 	EXP 	unnamed TextStim: text = 'x'
38.7952 	DATA 	Keypress: x
38.8006 	EXP 	Created unnamed TextStim = TextStim(__class__=<class 'psychopy.visual.text.TextStim'>, alignHoriz=method-wrapper(...), alignText='center', alignVert=method-wrapper(...), anchorHoriz='center', anchorVert='center', antialias=True, autoDraw=False, autoLog=True, bold=False, color=array([-1, -1, -1]), colorSpace='rgb', contrast=1.0, depth=0, flipHoriz=False, flipVert=False, font='', fontFiles=[], height=50.0, italic=False, languageStyle='LTR', name='unnamed TextStim', opacity=1.0, ori=0.0, pos=array([0., 0.]), rgb=UNKNOWN, text='Poprawnie', units='pix', win=Window(...), wrapWidth=500)
39.8278 	EXP 	unnamed TextStim: height = 25.0
39.8278 	EXP 	unnamed TextStim: height = 25.0
39.8278 	EXP 	unnamed TextStim: height = 25.0
39.8278 	EXP 	unnamed TextStim: text = 'n'
42.3862 	DATA 	Keypress: n
42.3883 	EXP 	Created unnamed TextStim = TextStim(__class__=<class 'psychopy.visual.text.TextStim'>, alignHoriz=method-wrapper(...), alignText='center', alignVert=method-wrapper(...), anchorHoriz='center', anchorVert='center', antialias=True, autoDraw=False, autoLog=True, bold=False, color=array([-1, -1, -1]), colorSpace='rgb', contrast=1.0, depth=0, flipHoriz=False, flipVert=False, font='', fontFiles=[], height=50.0, italic=False, languageStyle='LTR', name='unnamed TextStim', opacity=1.0, ori=0.0, pos=array([0., 0.]), rgb=UNKNOWN, text='Poprawnie', units='pix', win=Window(...), wrapWidth=500)
43.4113 	EXP 	unnamed TextStim: height = 25.0
43.4113 	EXP 	unnamed TextStim: height = 25.0
43.4113 	EXP 	unnamed TextStim: height = 25.0
43.4113 	EXP 	unnamed TextStim: text = 'x'
45.0626 	DATA 	Keypress: x
45.0645 	EXP 	Created unnamed TextStim = TextStim(__class__=<class 'psychopy.visual.text.TextStim'>, alignHoriz=method-wrapper(...), alignText='center', alignVert=method-wrapper(...), anchorHoriz='center', anchorVert='center', antialias=True, autoDraw=False, autoLog=True, bold=False, color=array([-1, -1, -1]), colorSpace='rgb', contrast=1.0, depth=0, flipHoriz=False, flipVert=False, font='', fontFiles=[], height=50.0, italic=False, languageStyle='LTR', name='unnamed TextStim', opacity=1.0, ori=0.0, pos=array([0., 0.]), rgb=UNKNOWN, text='Poprawnie', units='pix', win=Window(...), wrapWidth=500)
46.0781 	EXP 	unnamed TextStim: height = 25.0
46.0781 	EXP 	unnamed TextStim: height = 25.0
46.0781 	EXP 	unnamed TextStim: height = 25.0
46.0781 	EXP 	unnamed TextStim: text = 'z'
47.5997 	DATA 	Keypress: x
47.6036 	EXP 	Created unnamed TextStim = TextStim(__class__=<class 'psychopy.visual.text.TextStim'>, alignHoriz=method-wrapper(...), alignText='center', alignVert=method-wrapper(...), anchorHoriz='center', anchorVert='center', antialias=True, autoDraw=False, autoLog=True, bold=False, color=array([-1, -1, -1]), colorSpace='rgb', contrast=1.0, depth=0, flipHoriz=False, flipVert=False, font='', fontFiles=[], height=50.0, italic=False, languageStyle='LTR', name='unnamed TextStim', opacity=1.0, ori=0.0, pos=array([0., 0.]), rgb=UNKNOWN, text='Niepoprawnie', units='pix', win=Window(...), wrapWidth=500)
48.6115 	EXP 	unnamed TextStim: text = 'z'
49.9130 	DATA 	Keypress: z
49.9184 	EXP 	Created unnamed TextStim = TextStim(__class__=<class 'psychopy.visual.text.TextStim'>, alignHoriz=method-wrapper(...), alignText='center', alignVert=method-wrapper(...), anchorHoriz='center', anchorVert='center', antialias=True, autoDraw=False, autoLog=True, bold=False, color=array([-1, -1, -1]), colorSpace='rgb', contrast=1.0, depth=0, flipHoriz=False, flipVert=False, font='', fontFiles=[], height=50.0, italic=False, languageStyle='LTR', name='unnamed TextStim', opacity=1.0, ori=0.0, pos=array([0., 0.]), rgb=UNKNOWN, text='Poprawnie', units='pix', win=Window(...), wrapWidth=500)
50.9449 	EXP 	unnamed TextStim: height = 25.0
50.9449 	EXP 	unnamed TextStim: height = 25.0
50.9449 	EXP 	unnamed TextStim: height = 25.0
50.9449 	EXP 	unnamed TextStim: text = 'n'
52.6906 	DATA 	Keypress: n
52.6932 	EXP 	Created unnamed TextStim = TextStim(__class__=<class 'psychopy.visual.text.TextStim'>, alignHoriz=method-wrapper(...), alignText='center', alignVert=method-wrapper(...), anchorHoriz='center', anchorVert='center', antialias=True, autoDraw=False, autoLog=True, bold=False, color=array([-1, -1, -1]), colorSpace='rgb', contrast=1.0, depth=0, flipHoriz=False, flipVert=False, font='', fontFiles=[], height=50.0, italic=False, languageStyle='LTR', name='unnamed TextStim', opacity=1.0, ori=0.0, pos=array([0., 0.]), rgb=UNKNOWN, text='Poprawnie', units='pix', win=Window(...), wrapWidth=500)
53.7117 	EXP 	unnamed TextStim: text = 'n'
55.1961 	DATA 	Keypress: n
55.1979 	EXP 	Created unnamed TextStim = TextStim(__class__=<class 'psychopy.visual.text.TextStim'>, alignHoriz=method-wrapper(...), alignText='center', alignVert=method-wrapper(...), anchorHoriz='center', anchorVert='center', antialias=True, autoDraw=False, autoLog=True, bold=False, color=array([-1, -1, -1]), colorSpace='rgb', contrast=1.0, depth=0, flipHoriz=False, flipVert=False, font='', fontFiles=[], height=50.0, italic=False, languageStyle='LTR', name='unnamed TextStim', opacity=1.0, ori=0.0, pos=array([0., 0.]), rgb=UNKNOWN, text='Poprawnie', units='pix', win=Window(...), wrapWidth=500)
56.2118 	EXP 	unnamed TextStim: text = 'n'
57.6789 	DATA 	Keypress: n
59.1790 	DATA 	No keypress (maxWait exceeded)
59.1809 	EXP 	Created unnamed TextStim = TextStim(__class__=<class 'psychopy.visual.text.TextStim'>, alignHoriz=method-wrapper(...), alignText='center', alignVert=method-wrapper(...), anchorHoriz='center', anchorVert='center', antialias=True, autoDraw=False, autoLog=True, bold=False, color=array([-1, -1, -1]), colorSpace='rgb', contrast=1.0, depth=0, flipHoriz=False, flipVert=False, font='', fontFiles=[], height=50.0, italic=False, languageStyle='LTR', name='unnamed TextStim', opacity=1.0, ori=0.0, pos=array([0., 0.]), rgb=UNKNOWN, text='Niepoprawnie', units='pix', win=Window(...), wrapWidth=500)
60.1953 	EXP 	unnamed TextStim: height = 25.0
60.1953 	EXP 	unnamed TextStim: height = 25.0
60.1953 	EXP 	unnamed TextStim: height = 25.0
60.1953 	EXP 	unnamed TextStim: text = 'z'
61.6628 	DATA 	Keypress: z
62.7854 	DATA 	Keypress: z
62.7874 	EXP 	Created unnamed TextStim = TextStim(__class__=<class 'psychopy.visual.text.TextStim'>, alignHoriz=method-wrapper(...), alignText='center', alignVert=method-wrapper(...), anchorHoriz='center', anchorVert='center', antialias=True, autoDraw=False, autoLog=True, bold=False, color=array([-1, -1, -1]), colorSpace='rgb', contrast=1.0, depth=0, flipHoriz=False, flipVert=False, font='', fontFiles=[], height=50.0, italic=False, languageStyle='LTR', name='unnamed TextStim', opacity=1.0, ori=0.0, pos=array([0., 0.]), rgb=UNKNOWN, text='Poprawnie', units='pix', win=Window(...), wrapWidth=500)
63.7955 	EXP 	unnamed TextStim: height = 25.0
63.7955 	EXP 	unnamed TextStim: height = 25.0
63.7955 	EXP 	unnamed TextStim: height = 25.0
63.7955 	EXP 	unnamed TextStim: text = 'm'
65.8708 	DATA 	Keypress: m
65.8730 	EXP 	Created unnamed TextStim = TextStim(__class__=<class 'psychopy.visual.text.TextStim'>, alignHoriz=method-wrapper(...), alignText='center', alignVert=method-wrapper(...), anchorHoriz='center', anchorVert='center', antialias=True, autoDraw=False, autoLog=True, bold=False, color=array([-1, -1, -1]), colorSpace='rgb', contrast=1.0, depth=0, flipHoriz=False, flipVert=False, font='', fontFiles=[], height=50.0, italic=False, languageStyle='LTR', name='unnamed TextStim', opacity=1.0, ori=0.0, pos=array([0., 0.]), rgb=UNKNOWN, text='Poprawnie', units='pix', win=Window(...), wrapWidth=500)
66.8790 	EXP 	unnamed TextStim: text = 'm'
68.4189 	DATA 	Keypress: m
68.4213 	EXP 	Created unnamed TextStim = TextStim(__class__=<class 'psychopy.visual.text.TextStim'>, alignHoriz=method-wrapper(...), alignText='center', alignVert=method-wrapper(...), anchorHoriz='center', anchorVert='center', antialias=True, autoDraw=False, autoLog=True, bold=False, color=array([-1, -1, -1]), colorSpace='rgb', contrast=1.0, depth=0, flipHoriz=False, flipVert=False, font='', fontFiles=[], height=50.0, italic=False, languageStyle='LTR', name='unnamed TextStim', opacity=1.0, ori=0.0, pos=array([0., 0.]), rgb=UNKNOWN, text='Poprawnie', units='pix', win=Window(...), wrapWidth=500)
69.4290 	EXP 	unnamed TextStim: text = 'm'
70.9811 	DATA 	Keypress: m
70.9838 	EXP 	Created unnamed TextStim = TextStim(__class__=<class 'psychopy.visual.text.TextStim'>, alignHoriz=method-wrapper(...), alignText='center', alignVert=method-wrapper(...), anchorHoriz='center', anchorVert='center', antialias=True, autoDraw=False, autoLog=True, bold=False, color=array([-1, -1, -1]), colorSpace='rgb', contrast=1.0, depth=0, flipHoriz=False, flipVert=False, font='', fontFiles=[], height=50.0, italic=False, languageStyle='LTR', name='unnamed TextStim', opacity=1.0, ori=0.0, pos=array([0., 0.]), rgb=UNKNOWN, text='Poprawnie', units='pix', win=Window(...), wrapWidth=500)
71.9956 	EXP 	unnamed TextStim: height = 25.0
71.9956 	EXP 	unnamed TextStim: height = 25.0
71.9956 	EXP 	unnamed TextStim: height = 25.0
71.9956 	EXP 	unnamed TextStim: text = 'n'
73.6579 	DATA 	Keypress: n
73.6603 	EXP 	Created unnamed TextStim = TextStim(__class__=<class 'psychopy.visual.text.TextStim'>, alignHoriz=method-wrapper(...), alignText='center', alignVert=method-wrapper(...), anchorHoriz='center', anchorVert='center', antialias=True, autoDraw=False, autoLog=True, bold=False, color=array([-1, -1, -1]), colorSpace='rgb', contrast=1.0, depth=0, flipHoriz=False, flipVert=False, font='', fontFiles=[], height=50.0, italic=False, languageStyle='LTR', name='unnamed TextStim', opacity=1.0, ori=0.0, pos=array([0., 0.]), rgb=UNKNOWN, text='Poprawnie', units='pix', win=Window(...), wrapWidth=500)
74.6923 	EXP 	Created unnamed TextStim = TextStim(__class__=<class 'psychopy.visual.text.TextStim'>, alignHoriz=method-wrapper(...), alignText='center', alignVert=method-wrapper(...), anchorHoriz='center', anchorVert='center', antialias=True, autoDraw=False, autoLog=True, bold=False, color=array([-1, -1, -1]), colorSpace='rgb', contrast=1.0, depth=0, flipHoriz=False, flipVert=False, font='', fontFiles=[], height=20.0, italic=False, languageStyle='LTR', name='unnamed TextStim', opacity=1.0, ori=0.0, pos=array([0., 0.]), rgb=UNKNOWN, text=str(...), units='pix', win=Window(...), wrapWidth=1536)
86.5175 	DATA 	Keypress: space
86.5294 	EXP 	unnamed TextStim: height = 25.0
86.5294 	EXP 	unnamed TextStim: height = 25.0
86.5294 	EXP 	unnamed TextStim: height = 25.0
86.5294 	EXP 	unnamed TextStim: text = 'm'
88.1804 	DATA 	Keypress: m
88.1870 	EXP 	Created unnamed TextStim = TextStim(__class__=<class 'psychopy.visual.text.TextStim'>, alignHoriz=method-wrapper(...), alignText='center', alignVert=method-wrapper(...), anchorHoriz='center', anchorVert='center', antialias=True, autoDraw=False, autoLog=True, bold=False, color=array([-1, -1, -1]), colorSpace='rgb', contrast=1.0, depth=0, flipHoriz=False, flipVert=False, font='', fontFiles=[], height=50.0, italic=False, languageStyle='LTR', name='unnamed TextStim', opacity=1.0, ori=0.0, pos=array([0., 0.]), rgb=UNKNOWN, text='Poprawnie', units='pix', win=Window(...), wrapWidth=500)
89.1964 	EXP 	unnamed TextStim: height = 25.0
89.1964 	EXP 	unnamed TextStim: height = 25.0
89.1964 	EXP 	unnamed TextStim: height = 25.0
89.1964 	EXP 	unnamed TextStim: text = 'x'
91.4328 	DATA 	Keypress: n
91.4367 	EXP 	Created unnamed TextStim = TextStim(__class__=<class 'psychopy.visual.text.TextStim'>, alignHoriz=method-wrapper(...), alignText='center', alignVert=method-wrapper(...), anchorHoriz='center', anchorVert='center', antialias=True, autoDraw=False, autoLog=True, bold=False, color=array([-1, -1, -1]), colorSpace='rgb', contrast=1.0, depth=0, flipHoriz=False, flipVert=False, font='', fontFiles=[], height=50.0, italic=False, languageStyle='LTR', name='unnamed TextStim', opacity=1.0, ori=0.0, pos=array([0., 0.]), rgb=UNKNOWN, text='Niepoprawnie', units='pix', win=Window(...), wrapWidth=500)
92.4465 	EXP 	unnamed TextStim: height = 25.0
92.4465 	EXP 	unnamed TextStim: height = 25.0
92.4465 	EXP 	unnamed TextStim: height = 25.0
92.4465 	EXP 	unnamed TextStim: text = 'n'
94.0414 	DATA 	Keypress: n
94.0434 	EXP 	Created unnamed TextStim = TextStim(__class__=<class 'psychopy.visual.text.TextStim'>, alignHoriz=method-wrapper(...), alignText='center', alignVert=method-wrapper(...), anchorHoriz='center', anchorVert='center', antialias=True, autoDraw=False, autoLog=True, bold=False, color=array([-1, -1, -1]), colorSpace='rgb', contrast=1.0, depth=0, flipHoriz=False, flipVert=False, font='', fontFiles=[], height=50.0, italic=False, languageStyle='LTR', name='unnamed TextStim', opacity=1.0, ori=0.0, pos=array([0., 0.]), rgb=UNKNOWN, text='Poprawnie', units='pix', win=Window(...), wrapWidth=500)
95.0480 	EXP 	unnamed TextStim: height = 25.0
95.0480 	EXP 	unnamed TextStim: height = 25.0
95.0480 	EXP 	unnamed TextStim: height = 25.0
95.0480 	EXP 	unnamed TextStim: text = 'z'
96.6478 	DATA 	Keypress: z
96.6498 	EXP 	Created unnamed TextStim = TextStim(__class__=<class 'psychopy.visual.text.TextStim'>, alignHoriz=method-wrapper(...), alignText='center', alignVert=method-wrapper(...), anchorHoriz='center', anchorVert='center', antialias=True, autoDraw=False, autoLog=True, bold=False, color=array([-1, -1, -1]), colorSpace='rgb', contrast=1.0, depth=0, flipHoriz=False, flipVert=False, font='', fontFiles=[], height=50.0, italic=False, languageStyle='LTR', name='unnamed TextStim', opacity=1.0, ori=0.0, pos=array([0., 0.]), rgb=UNKNOWN, text='Poprawnie', units='pix', win=Window(...), wrapWidth=500)
97.6634 	EXP 	unnamed TextStim: height = 25.0
97.6634 	EXP 	unnamed TextStim: height = 25.0
97.6634 	EXP 	unnamed TextStim: height = 25.0
97.6634 	EXP 	unnamed TextStim: text = 'x'
99.1617 	DATA 	Keypress: z
99.1637 	EXP 	Created unnamed TextStim = TextStim(__class__=<class 'psychopy.visual.text.TextStim'>, alignHoriz=method-wrapper(...), alignText='center', alignVert=method-wrapper(...), anchorHoriz='center', anchorVert='center', antialias=True, autoDraw=False, autoLog=True, bold=False, color=array([-1, -1, -1]), colorSpace='rgb', contrast=1.0, depth=0, flipHoriz=False, flipVert=False, font='', fontFiles=[], height=50.0, italic=False, languageStyle='LTR', name='unnamed TextStim', opacity=1.0, ori=0.0, pos=array([0., 0.]), rgb=UNKNOWN, text='Niepoprawnie', units='pix', win=Window(...), wrapWidth=500)
100.1801 	EXP 	unnamed TextStim: height = 25.0
100.1801 	EXP 	unnamed TextStim: height = 25.0
100.1801 	EXP 	unnamed TextStim: height = 25.0
100.1801 	EXP 	unnamed TextStim: text = 'n'
102.9107 	DATA 	Keypress: n
102.9133 	EXP 	Created unnamed TextStim = TextStim(__class__=<class 'psychopy.visual.text.TextStim'>, alignHoriz=method-wrapper(...), alignText='center', alignVert=method-wrapper(...), anchorHoriz='center', anchorVert='center', antialias=True, autoDraw=False, autoLog=True, bold=False, color=array([-1, -1, -1]), colorSpace='rgb', contrast=1.0, depth=0, flipHoriz=False, flipVert=False, font='', fontFiles=[], height=50.0, italic=False, languageStyle='LTR', name='unnamed TextStim', opacity=1.0, ori=0.0, pos=array([0., 0.]), rgb=UNKNOWN, text='Poprawnie', units='pix', win=Window(...), wrapWidth=500)
103.9303 	EXP 	unnamed TextStim: height = 25.0
103.9303 	EXP 	unnamed TextStim: height = 25.0
103.9303 	EXP 	unnamed TextStim: height = 25.0
103.9303 	EXP 	unnamed TextStim: text = 'z'
106.0132 	DATA 	Keypress: z
106.0159 	EXP 	Created unnamed TextStim = TextStim(__class__=<class 'psychopy.visual.text.TextStim'>, alignHoriz=method-wrapper(...), alignText='center', alignVert=method-wrapper(...), anchorHoriz='center', anchorVert='center', antialias=True, autoDraw=False, autoLog=True, bold=False, color=array([-1, -1, -1]), colorSpace='rgb', contrast=1.0, depth=0, flipHoriz=False, flipVert=False, font='', fontFiles=[], height=50.0, italic=False, languageStyle='LTR', name='unnamed TextStim', opacity=1.0, ori=0.0, pos=array([0., 0.]), rgb=UNKNOWN, text='Poprawnie', units='pix', win=Window(...), wrapWidth=500)
107.0305 	EXP 	unnamed TextStim: height = 25.0
107.0305 	EXP 	unnamed TextStim: height = 25.0
107.0305 	EXP 	unnamed TextStim: height = 25.0
107.0305 	EXP 	unnamed TextStim: text = 'x'
109.3646 	DATA 	Keypress: z
109.3669 	EXP 	Created unnamed TextStim = TextStim(__class__=<class 'psychopy.visual.text.TextStim'>, alignHoriz=method-wrapper(...), alignText='center', alignVert=method-wrapper(...), anchorHoriz='center', anchorVert='center', antialias=True, autoDraw=False, autoLog=True, bold=False, color=array([-1, -1, -1]), colorSpace='rgb', contrast=1.0, depth=0, flipHoriz=False, flipVert=False, font='', fontFiles=[], height=50.0, italic=False, languageStyle='LTR', name='unnamed TextStim', opacity=1.0, ori=0.0, pos=array([0., 0.]), rgb=UNKNOWN, text='Niepoprawnie', units='pix', win=Window(...), wrapWidth=500)
110.3806 	EXP 	unnamed TextStim: height = 25.0
110.3806 	EXP 	unnamed TextStim: height = 25.0
110.3806 	EXP 	unnamed TextStim: height = 25.0
110.3806 	EXP 	unnamed TextStim: text = 'z'
111.7660 	DATA 	Keypress: z
111.7684 	EXP 	Created unnamed TextStim = TextStim(__class__=<class 'psychopy.visual.text.TextStim'>, alignHoriz=method-wrapper(...), alignText='center', alignVert=method-wrapper(...), anchorHoriz='center', anchorVert='center', antialias=True, autoDraw=False, autoLog=True, bold=False, color=array([-1, -1, -1]), colorSpace='rgb', contrast=1.0, depth=0, flipHoriz=False, flipVert=False, font='', fontFiles=[], height=50.0, italic=False, languageStyle='LTR', name='unnamed TextStim', opacity=1.0, ori=0.0, pos=array([0., 0.]), rgb=UNKNOWN, text='Poprawnie', units='pix', win=Window(...), wrapWidth=500)
112.7806 	EXP 	unnamed TextStim: height = 25.0
112.7806 	EXP 	unnamed TextStim: height = 25.0
112.7806 	EXP 	unnamed TextStim: height = 25.0
112.7806 	EXP 	unnamed TextStim: text = 'x'
115.0886 	DATA 	Keypress: z
115.0910 	EXP 	Created unnamed TextStim = TextStim(__class__=<class 'psychopy.visual.text.TextStim'>, alignHoriz=method-wrapper(...), alignText='center', alignVert=method-wrapper(...), anchorHoriz='center', anchorVert='center', antialias=True, autoDraw=False, autoLog=True, bold=False, color=array([-1, -1, -1]), colorSpace='rgb', contrast=1.0, depth=0, flipHoriz=False, flipVert=False, font='', fontFiles=[], height=50.0, italic=False, languageStyle='LTR', name='unnamed TextStim', opacity=1.0, ori=0.0, pos=array([0., 0.]), rgb=UNKNOWN, text='Niepoprawnie', units='pix', win=Window(...), wrapWidth=500)
116.1196 	EXP 	Created unnamed TextStim = TextStim(__class__=<class 'psychopy.visual.text.TextStim'>, alignHoriz=method-wrapper(...), alignText='center', alignVert=method-wrapper(...), anchorHoriz='center', anchorVert='center', antialias=True, autoDraw=False, autoLog=True, bold=False, color=array([-1, -1, -1]), colorSpace='rgb', contrast=1.0, depth=0, flipHoriz=False, flipVert=False, font='', fontFiles=[], height=20.0, italic=False, languageStyle='LTR', name='unnamed TextStim', opacity=1.0, ori=0.0, pos=array([0., 0.]), rgb=UNKNOWN, text=str(...), units='pix', win=Window(...), wrapWidth=1536)
122.0961 	DATA 	Keypress: return
122.0982 	EXP 	unnamed TextStim: text = 'x'
124.3365 	DATA 	Keypress: m
124.3399 	EXP 	unnamed TextStim: height = 25.0
124.3399 	EXP 	unnamed TextStim: height = 25.0
124.3399 	EXP 	unnamed TextStim: height = 25.0
124.3399 	EXP 	unnamed TextStim: text = 'n'
126.5454 	DATA 	Keypress: z
126.5488 	EXP 	unnamed TextStim: height = 25.0
126.5488 	EXP 	unnamed TextStim: height = 25.0
126.5488 	EXP 	unnamed TextStim: height = 25.0
126.5488 	EXP 	unnamed TextStim: text = 'x'
128.6948 	DATA 	Keypress: n
128.6960 	EXP 	unnamed TextStim: text = 'x'
130.2586 	DATA 	Keypress: z
130.2616 	EXP 	unnamed TextStim: height = 25.0
130.2616 	EXP 	unnamed TextStim: height = 25.0
130.2616 	EXP 	unnamed TextStim: height = 25.0
130.2616 	EXP 	unnamed TextStim: text = 'm'
132.4312 	DATA 	Keypress: m
132.4342 	EXP 	unnamed TextStim: height = 25.0
132.4342 	EXP 	unnamed TextStim: height = 25.0
132.4342 	EXP 	unnamed TextStim: height = 25.0
132.4342 	EXP 	unnamed TextStim: text = 'z'
134.7387 	DATA 	Keypress: x
134.8874 	EXP 	Created unnamed ImageStim = ImageStim(__class__=<class 'psychopy.visual.image.ImageStim'>, anchor=('center', 'center'), autoLog=True, color=array([1., 1., 1.]), colorSpace='rgb', contrast=1.0, depth=0, flipHoriz=False, flipVert=False, image='break.jpg', interpolate=True, mask=None, maskParams=None, name='unnamed ImageStim', opacity=1.0, ori=0.0, pos=array([0., 0.]), size=array([1536.,  864.]), texRes=128, units='pix', win=Window(...))
137.3184 	DATA 	Keypress: space
137.3315 	EXP 	unnamed TextStim: height = 25.0
137.3315 	EXP 	unnamed TextStim: height = 25.0
137.3315 	EXP 	unnamed TextStim: height = 25.0
137.3315 	EXP 	unnamed TextStim: text = 'm'
139.1532 	DATA 	Keypress: x
139.1556 	EXP 	unnamed TextStim: height = 25.0
139.1556 	EXP 	unnamed TextStim: height = 25.0
139.1556 	EXP 	unnamed TextStim: height = 25.0
139.1556 	EXP 	unnamed TextStim: text = 'x'
140.5828 	DATA 	Keypress: x
140.5853 	EXP 	unnamed TextStim: height = 25.0
140.5853 	EXP 	unnamed TextStim: height = 25.0
140.5853 	EXP 	unnamed TextStim: height = 25.0
140.5853 	EXP 	unnamed TextStim: text = 'n'
142.5199 	DATA 	Keypress: z
142.5210 	EXP 	unnamed TextStim: text = 'n'
145.2301 	DATA 	Keypress: n
145.2323 	EXP 	unnamed TextStim: height = 25.0
145.2323 	EXP 	unnamed TextStim: height = 25.0
145.2323 	EXP 	unnamed TextStim: height = 25.0
145.2323 	EXP 	unnamed TextStim: text = 'x'
147.5282 	DATA 	Keypress: m
147.5343 	EXP 	unnamed TextStim: height = 25.0
147.5343 	EXP 	unnamed TextStim: height = 25.0
147.5343 	EXP 	unnamed TextStim: height = 25.0
147.5343 	EXP 	unnamed TextStim: text = 'z'
149.3691 	DATA 	Keypress: z
149.5091 	EXP 	Created unnamed ImageStim = ImageStim(__class__=<class 'psychopy.visual.image.ImageStim'>, anchor=('center', 'center'), autoLog=True, color=array([1., 1., 1.]), colorSpace='rgb', contrast=1.0, depth=0, flipHoriz=False, flipVert=False, image='break.jpg', interpolate=True, mask=None, maskParams=None, name='unnamed ImageStim', opacity=1.0, ori=0.0, pos=array([0., 0.]), size=array([1536.,  864.]), texRes=128, units='pix', win=Window(...))
151.4729 	DATA 	Keypress: space
151.4818 	EXP 	unnamed TextStim: height = 25.0
151.4818 	EXP 	unnamed TextStim: height = 25.0
151.4818 	EXP 	unnamed TextStim: height = 25.0
151.4818 	EXP 	unnamed TextStim: text = 'x'
153.2580 	DATA 	Keypress: z
153.2592 	EXP 	unnamed TextStim: text = 'x'
154.7993 	DATA 	Keypress: x
154.8015 	EXP 	unnamed TextStim: height = 25.0
154.8015 	EXP 	unnamed TextStim: height = 25.0
154.8015 	EXP 	unnamed TextStim: height = 25.0
154.8015 	EXP 	unnamed TextStim: text = 'n'
156.5244 	DATA 	Keypress: x
156.5265 	EXP 	unnamed TextStim: height = 25.0
156.5265 	EXP 	unnamed TextStim: height = 25.0
156.5265 	EXP 	unnamed TextStim: height = 25.0
156.5265 	EXP 	unnamed TextStim: text = 'x'
157.9596 	DATA 	Keypress: x
157.9618 	EXP 	unnamed TextStim: height = 25.0
157.9618 	EXP 	unnamed TextStim: height = 25.0
157.9618 	EXP 	unnamed TextStim: height = 25.0
157.9618 	EXP 	unnamed TextStim: text = 'm'
160.0598 	DATA 	Keypress: m
160.0609 	EXP 	unnamed TextStim: text = 'm'
161.7113 	DATA 	Keypress: n
161.8482 	EXP 	Created unnamed ImageStim = ImageStim(__class__=<class 'psychopy.visual.image.ImageStim'>, anchor=('center', 'center'), autoLog=True, color=array([1., 1., 1.]), colorSpace='rgb', contrast=1.0, depth=0, flipHoriz=False, flipVert=False, image='break.jpg', interpolate=True, mask=None, maskParams=None, name='unnamed ImageStim', opacity=1.0, ori=0.0, pos=array([0., 0.]), size=array([1536.,  864.]), texRes=128, units='pix', win=Window(...))
163.0886 	DATA 	Keypress: space
163.0989 	EXP 	unnamed TextStim: height = 25.0
163.0989 	EXP 	unnamed TextStim: height = 25.0
163.0989 	EXP 	unnamed TextStim: height = 25.0
163.0989 	EXP 	unnamed TextStim: text = 'z'
164.8328 	DATA 	Keypress: z
164.8341 	EXP 	unnamed TextStim: text = 'z'
166.3771 	DATA 	Keypress: z
166.3793 	EXP 	unnamed TextStim: height = 25.0
166.3793 	EXP 	unnamed TextStim: height = 25.0
166.3793 	EXP 	unnamed TextStim: height = 25.0
166.3793 	EXP 	unnamed TextStim: text = 'x'
168.0458 	DATA 	Keypress: z
168.0479 	EXP 	unnamed TextStim: height = 25.0
168.0479 	EXP 	unnamed TextStim: height = 25.0
168.0479 	EXP 	unnamed TextStim: height = 25.0
168.0479 	EXP 	unnamed TextStim: text = 'z'
169.7117 	DATA 	Keypress: m
169.7174 	EXP 	unnamed TextStim: height = 25.0
169.7174 	EXP 	unnamed TextStim: height = 25.0
169.7174 	EXP 	unnamed TextStim: height = 25.0
169.7174 	EXP 	unnamed TextStim: text = 'x'
171.4257 	DATA 	Keypress: z
171.4280 	EXP 	unnamed TextStim: height = 25.0
171.4280 	EXP 	unnamed TextStim: height = 25.0
171.4280 	EXP 	unnamed TextStim: height = 25.0
171.4280 	EXP 	unnamed TextStim: text = 'z'
173.0539 	DATA 	Keypress: z
173.1816 	EXP 	Created unnamed ImageStim = ImageStim(__class__=<class 'psychopy.visual.image.ImageStim'>, anchor=('center', 'center'), autoLog=True, color=array([1., 1., 1.]), colorSpace='rgb', contrast=1.0, depth=0, flipHoriz=False, flipVert=False, image='break.jpg', interpolate=True, mask=None, maskParams=None, name='unnamed ImageStim', opacity=1.0, ori=0.0, pos=array([0., 0.]), size=array([1536.,  864.]), texRes=128, units='pix', win=Window(...))
175.0835 	DATA 	Keypress: space
175.0996 	EXP 	unnamed TextStim: height = 25.0
175.0996 	EXP 	unnamed TextStim: height = 25.0
175.0996 	EXP 	unnamed TextStim: height = 25.0
175.0996 	EXP 	unnamed TextStim: text = 'x'
176.8648 	DATA 	Keypress: z
176.8660 	EXP 	unnamed TextStim: text = 'x'
178.5258 	DATA 	Keypress: z
178.5281 	EXP 	unnamed TextStim: height = 25.0
178.5281 	EXP 	unnamed TextStim: height = 25.0
178.5281 	EXP 	unnamed TextStim: height = 25.0
178.5281 	EXP 	unnamed TextStim: text = 'z'
181.1591 	DATA 	Keypress: m
181.1613 	EXP 	unnamed TextStim: height = 25.0
181.1613 	EXP 	unnamed TextStim: height = 25.0
181.1613 	EXP 	unnamed TextStim: height = 25.0
181.1613 	EXP 	unnamed TextStim: text = 'x'
182.8702 	DATA 	Keypress: z
182.8723 	EXP 	unnamed TextStim: height = 25.0
182.8723 	EXP 	unnamed TextStim: height = 25.0
182.8723 	EXP 	unnamed TextStim: height = 25.0
182.8723 	EXP 	unnamed TextStim: text = 'n'
184.6532 	DATA 	Keypress: x
184.6554 	EXP 	unnamed TextStim: height = 25.0
184.6554 	EXP 	unnamed TextStim: height = 25.0
184.6554 	EXP 	unnamed TextStim: height = 25.0
184.6554 	EXP 	unnamed TextStim: text = 'x'
186.6650 	DATA 	Keypress: x
186.8065 	EXP 	Created unnamed ImageStim = ImageStim(__class__=<class 'psychopy.visual.image.ImageStim'>, anchor=('center', 'center'), autoLog=True, color=array([1., 1., 1.]), colorSpace='rgb', contrast=1.0, depth=0, flipHoriz=False, flipVert=False, image='break.jpg', interpolate=True, mask=None, maskParams=None, name='unnamed ImageStim', opacity=1.0, ori=0.0, pos=array([0., 0.]), size=array([1536.,  864.]), texRes=128, units='pix', win=Window(...))
187.8733 	DATA 	Keypress: space
187.8832 	EXP 	unnamed TextStim: height = 25.0
187.8832 	EXP 	unnamed TextStim: height = 25.0
187.8832 	EXP 	unnamed TextStim: height = 25.0
187.8832 	EXP 	unnamed TextStim: text = 'z'
189.5537 	DATA 	Keypress: z
189.5603 	EXP 	unnamed TextStim: height = 25.0
189.5603 	EXP 	unnamed TextStim: height = 25.0
189.5603 	EXP 	unnamed TextStim: height = 25.0
189.5603 	EXP 	unnamed TextStim: text = 'x'
190.6674 	DATA 	Keypress: x
190.6836 	EXP 	unnamed TextStim: height = 25.0
190.6836 	EXP 	unnamed TextStim: height = 25.0
190.6836 	EXP 	unnamed TextStim: height = 25.0
190.6836 	EXP 	unnamed TextStim: text = 'n'
191.7843 	DATA 	Keypress: m
191.8004 	EXP 	unnamed TextStim: height = 25.0
191.8004 	EXP 	unnamed TextStim: height = 25.0
191.8004 	EXP 	unnamed TextStim: height = 25.0
191.8004 	EXP 	unnamed TextStim: text = 'x'
193.9319 	DATA 	Keypress: n
193.9330 	EXP 	unnamed TextStim: text = 'x'
195.7067 	DATA 	Keypress: z
195.7080 	EXP 	unnamed TextStim: text = 'x'
197.2499 	DATA 	Keypress: z
197.3573 	EXP 	Created unnamed ImageStim = ImageStim(__class__=<class 'psychopy.visual.image.ImageStim'>, anchor=('center', 'center'), autoLog=True, color=array([1., 1., 1.]), colorSpace='rgb', contrast=1.0, depth=0, flipHoriz=False, flipVert=False, image='break.jpg', interpolate=True, mask=None, maskParams=None, name='unnamed ImageStim', opacity=1.0, ori=0.0, pos=array([0., 0.]), size=array([1536.,  864.]), texRes=128, units='pix', win=Window(...))
198.5695 	DATA 	Keypress: space
198.5836 	EXP 	unnamed TextStim: height = 25.0
198.5836 	EXP 	unnamed TextStim: height = 25.0
198.5836 	EXP 	unnamed TextStim: height = 25.0
198.5836 	EXP 	unnamed TextStim: text = 'm'
200.2633 	DATA 	Keypress: m
200.2655 	EXP 	unnamed TextStim: height = 25.0
200.2655 	EXP 	unnamed TextStim: height = 25.0
200.2655 	EXP 	unnamed TextStim: height = 25.0
200.2655 	EXP 	unnamed TextStim: text = 'x'
202.8306 	DATA 	Keypress: n
202.8343 	EXP 	unnamed TextStim: height = 25.0
202.8343 	EXP 	unnamed TextStim: height = 25.0
202.8343 	EXP 	unnamed TextStim: height = 25.0
202.8343 	EXP 	unnamed TextStim: text = 'n'
205.0304 	DATA 	Keypress: n
205.0315 	EXP 	unnamed TextStim: text = 'n'
206.9073 	DATA 	Keypress: n
206.9095 	EXP 	unnamed TextStim: height = 25.0
206.9095 	EXP 	unnamed TextStim: height = 25.0
206.9095 	EXP 	unnamed TextStim: height = 25.0
206.9095 	EXP 	unnamed TextStim: text = 'x'
208.6733 	DATA 	Keypress: x
208.6754 	EXP 	unnamed TextStim: height = 25.0
208.6754 	EXP 	unnamed TextStim: height = 25.0
208.6754 	EXP 	unnamed TextStim: height = 25.0
208.6754 	EXP 	unnamed TextStim: text = 'z'
210.3337 	DATA 	Keypress: z
210.4755 	EXP 	Created unnamed ImageStim = ImageStim(__class__=<class 'psychopy.visual.image.ImageStim'>, anchor=('center', 'center'), autoLog=True, color=array([1., 1., 1.]), colorSpace='rgb', contrast=1.0, depth=0, flipHoriz=False, flipVert=False, image='break.jpg', interpolate=True, mask=None, maskParams=None, name='unnamed ImageStim', opacity=1.0, ori=0.0, pos=array([0., 0.]), size=array([1536.,  864.]), texRes=128, units='pix', win=Window(...))
211.5646 	DATA 	Keypress: space
211.5710 	EXP 	unnamed TextStim: height = 25.0
211.5710 	EXP 	unnamed TextStim: height = 25.0
211.5710 	EXP 	unnamed TextStim: height = 25.0
211.5710 	EXP 	unnamed TextStim: text = 'm'
213.1806 	DATA 	Keypress: m
213.1828 	EXP 	unnamed TextStim: height = 25.0
213.1828 	EXP 	unnamed TextStim: height = 25.0
213.1828 	EXP 	unnamed TextStim: height = 25.0
213.1828 	EXP 	unnamed TextStim: text = 'z'
214.7865 	DATA 	Keypress: z
214.7887 	EXP 	unnamed TextStim: height = 25.0
214.7887 	EXP 	unnamed TextStim: height = 25.0
214.7887 	EXP 	unnamed TextStim: height = 25.0
214.7887 	EXP 	unnamed TextStim: text = 'n'
216.4248 	DATA 	Keypress: n
216.4271 	EXP 	unnamed TextStim: height = 25.0
216.4271 	EXP 	unnamed TextStim: height = 25.0
216.4271 	EXP 	unnamed TextStim: height = 25.0
216.4271 	EXP 	unnamed TextStim: text = 'z'
218.3378 	DATA 	Keypress: z
218.3400 	EXP 	unnamed TextStim: height = 25.0
218.3400 	EXP 	unnamed TextStim: height = 25.0
218.3400 	EXP 	unnamed TextStim: height = 25.0
218.3400 	EXP 	unnamed TextStim: text = 'm'
220.0705 	DATA 	Keypress: z
220.0726 	EXP 	unnamed TextStim: height = 25.0
220.0726 	EXP 	unnamed TextStim: height = 25.0
220.0726 	EXP 	unnamed TextStim: height = 25.0
220.0726 	EXP 	unnamed TextStim: text = 'n'
221.5859 	DATA 	Keypress: n
221.7229 	EXP 	Created unnamed ImageStim = ImageStim(__class__=<class 'psychopy.visual.image.ImageStim'>, anchor=('center', 'center'), autoLog=True, color=array([1., 1., 1.]), colorSpace='rgb', contrast=1.0, depth=0, flipHoriz=False, flipVert=False, image='break.jpg', interpolate=True, mask=None, maskParams=None, name='unnamed ImageStim', opacity=1.0, ori=0.0, pos=array([0., 0.]), size=array([1536.,  864.]), texRes=128, units='pix', win=Window(...))
222.5098 	DATA 	Keypress: space
222.5180 	EXP 	unnamed TextStim: height = 25.0
222.5180 	EXP 	unnamed TextStim: height = 25.0
222.5180 	EXP 	unnamed TextStim: height = 25.0
222.5180 	EXP 	unnamed TextStim: text = 'm'
224.2973 	DATA 	Keypress: n
224.2995 	EXP 	unnamed TextStim: height = 25.0
224.2995 	EXP 	unnamed TextStim: height = 25.0
224.2995 	EXP 	unnamed TextStim: height = 25.0
224.2995 	EXP 	unnamed TextStim: text = 'n'
225.9284 	DATA 	Keypress: n
225.9308 	EXP 	unnamed TextStim: height = 25.0
225.9308 	EXP 	unnamed TextStim: height = 25.0
225.9308 	EXP 	unnamed TextStim: height = 25.0
225.9308 	EXP 	unnamed TextStim: text = 'z'
227.8491 	DATA 	Keypress: z
227.8533 	EXP 	unnamed TextStim: height = 25.0
227.8533 	EXP 	unnamed TextStim: height = 25.0
227.8533 	EXP 	unnamed TextStim: height = 25.0
227.8533 	EXP 	unnamed TextStim: text = 'm'
229.5967 	DATA 	Keypress: m
229.5988 	EXP 	unnamed TextStim: height = 25.0
229.5988 	EXP 	unnamed TextStim: height = 25.0
229.5988 	EXP 	unnamed TextStim: height = 25.0
229.5988 	EXP 	unnamed TextStim: text = 'z'
231.3806 	DATA 	Keypress: x
231.3826 	EXP 	unnamed TextStim: height = 25.0
231.3826 	EXP 	unnamed TextStim: height = 25.0
231.3826 	EXP 	unnamed TextStim: height = 25.0
231.3826 	EXP 	unnamed TextStim: text = 'x'
232.7760 	DATA 	Keypress: x
232.9117 	EXP 	Created unnamed ImageStim = ImageStim(__class__=<class 'psychopy.visual.image.ImageStim'>, anchor=('center', 'center'), autoLog=True, color=array([1., 1., 1.]), colorSpace='rgb', contrast=1.0, depth=0, flipHoriz=False, flipVert=False, image='break.jpg', interpolate=True, mask=None, maskParams=None, name='unnamed ImageStim', opacity=1.0, ori=0.0, pos=array([0., 0.]), size=array([1536.,  864.]), texRes=128, units='pix', win=Window(...))
233.7840 	DATA 	Keypress: space
233.8019 	EXP 	unnamed TextStim: height = 25.0
233.8019 	EXP 	unnamed TextStim: height = 25.0
233.8019 	EXP 	unnamed TextStim: height = 25.0
233.8019 	EXP 	unnamed TextStim: text = 'n'
235.5489 	DATA 	Keypress: n
235.5500 	EXP 	unnamed TextStim: text = 'n'
237.5205 	DATA 	Keypress: m
237.5217 	EXP 	unnamed TextStim: text = 'n'
239.1764 	DATA 	Keypress: n
239.1786 	EXP 	unnamed TextStim: height = 25.0
239.1786 	EXP 	unnamed TextStim: height = 25.0
239.1786 	EXP 	unnamed TextStim: height = 25.0
239.1786 	EXP 	unnamed TextStim: text = 'z'
240.9931 	DATA 	Keypress: z
240.9953 	EXP 	unnamed TextStim: height = 25.0
240.9953 	EXP 	unnamed TextStim: height = 25.0
240.9953 	EXP 	unnamed TextStim: height = 25.0
240.9953 	EXP 	unnamed TextStim: text = 'm'
242.6663 	DATA 	Keypress: m
242.6686 	EXP 	unnamed TextStim: height = 25.0
242.6686 	EXP 	unnamed TextStim: height = 25.0
242.6686 	EXP 	unnamed TextStim: height = 25.0
242.6686 	EXP 	unnamed TextStim: text = 'z'
244.2827 	DATA 	Keypress: z
244.4278 	EXP 	Created unnamed ImageStim = ImageStim(__class__=<class 'psychopy.visual.image.ImageStim'>, anchor=('center', 'center'), autoLog=True, color=array([1., 1., 1.]), colorSpace='rgb', contrast=1.0, depth=0, flipHoriz=False, flipVert=False, image='break.jpg', interpolate=True, mask=None, maskParams=None, name='unnamed ImageStim', opacity=1.0, ori=0.0, pos=array([0., 0.]), size=array([1536.,  864.]), texRes=128, units='pix', win=Window(...))
245.3636 	DATA 	Keypress: space
245.3689 	EXP 	unnamed TextStim: height = 25.0
245.3689 	EXP 	unnamed TextStim: height = 25.0
245.3689 	EXP 	unnamed TextStim: height = 25.0
245.3689 	EXP 	unnamed TextStim: text = 'x'
247.0260 	DATA 	Keypress: z
247.0318 	EXP 	unnamed TextStim: height = 25.0
247.0318 	EXP 	unnamed TextStim: height = 25.0
247.0318 	EXP 	unnamed TextStim: height = 25.0
247.0318 	EXP 	unnamed TextStim: text = 'n'
248.9608 	DATA 	Keypress: n
248.9630 	EXP 	unnamed TextStim: height = 25.0
248.9630 	EXP 	unnamed TextStim: height = 25.0
248.9630 	EXP 	unnamed TextStim: height = 25.0
248.9630 	EXP 	unnamed TextStim: text = 'x'
250.6997 	DATA 	Keypress: z
250.7019 	EXP 	unnamed TextStim: height = 25.0
250.7019 	EXP 	unnamed TextStim: height = 25.0
250.7019 	EXP 	unnamed TextStim: height = 25.0
250.7019 	EXP 	unnamed TextStim: text = 'z'
252.7174 	DATA 	Keypress: z
252.7196 	EXP 	unnamed TextStim: height = 25.0
252.7196 	EXP 	unnamed TextStim: height = 25.0
252.7196 	EXP 	unnamed TextStim: height = 25.0
252.7196 	EXP 	unnamed TextStim: text = 'n'
255.3687 	DATA 	Keypress: x
255.3711 	EXP 	unnamed TextStim: height = 25.0
255.3711 	EXP 	unnamed TextStim: height = 25.0
255.3711 	EXP 	unnamed TextStim: height = 25.0
255.3711 	EXP 	unnamed TextStim: text = 'm'
257.0512 	DATA 	Keypress: n
257.1927 	EXP 	Created unnamed ImageStim = ImageStim(__class__=<class 'psychopy.visual.image.ImageStim'>, anchor=('center', 'center'), autoLog=True, color=array([1., 1., 1.]), colorSpace='rgb', contrast=1.0, depth=0, flipHoriz=False, flipVert=False, image='break.jpg', interpolate=True, mask=None, maskParams=None, name='unnamed ImageStim', opacity=1.0, ori=0.0, pos=array([0., 0.]), size=array([1536.,  864.]), texRes=128, units='pix', win=Window(...))
258.8421 	DATA 	Keypress: space
258.8575 	EXP 	Created unnamed TextStim = TextStim(__class__=<class 'psychopy.visual.text.TextStim'>, alignHoriz=method-wrapper(...), alignText='center', alignVert=method-wrapper(...), anchorHoriz='center', anchorVert='center', antialias=True, autoDraw=False, autoLog=True, bold=False, color=array([-1, -1, -1]), colorSpace='rgb', contrast=1.0, depth=0, flipHoriz=False, flipVert=False, font='', fontFiles=[], height=20.0, italic=False, languageStyle='LTR', name='unnamed TextStim', opacity=1.0, ori=0.0, pos=array([0., 0.]), rgb=UNKNOWN, text=str(...), units='pix', win=Window(...), wrapWidth=1536)
262.2231 	DATA 	Keypress: return
262.3109 	EXP 	window1: mouseVisible = True
