13.0596 	WARNING 	User requested fullscreen with size [1536  864], but screen is actually [1920, 1080]. Using actual size
14.5938 	INFO 	FRAME RATE: 60
14.5938 	INFO 	SCREEN RES: odict_values([1536, 864])
14.6515 	EXP 	Created unnamed TextStim = TextStim(__class__=<class 'psychopy.visual.text.TextStim'>, alignHoriz=method-wrapper(...), alignText='center', alignVert=method-wrapper(...), anchorHoriz='center', anchorVert='center', antialias=True, autoDraw=False, autoLog=True, bold=False, color=array([-1, -1, -1]), colorSpace='rgb', contrast=1.0, depth=0, flipHoriz=False, flipVert=False, font='', fontFiles=[], height=100.0, italic=False, languageStyle='LTR', name='unnamed TextStim', opacity=1.0, ori=0.0, pos=array([0., 0.]), rgb=UNKNOWN, text='+', units='pix', win=Window(...), wrapWidth=500)
14.6564 	EXP 	Created unnamed Circle = Circle(__class__=<class 'psychopy.visual.circle.Circle'>, anchor=('center', 'center'), autoDraw=False, autoLog=True, closeShape=True, color=method-wrapper(...), colorSpace='rgb', contrast=None, depth=0, fillColor=array([ 0.09019608, -1.        , -1.        ]), fillColorSpace='rgb', fillRGB=array([ 0.09019608, -1.        , -1.        ]), interpolate=True, lineColor=array([ 0.09019608, -1.        , -1.        ]), lineColorSpace='rgb', lineRGB=array([ 0.09019608, -1.        , -1.        ]), lineWidth=1.5, name='unnamed Circle', opacity=1.0, ori=0.0, pos=array([0., 0.]), size=array([1., 1.]), units='pix', vertices=ndarray(...), win=Window(...))
14.6576 	EXP 	Created unnamed TextStim = TextStim(__class__=<class 'psychopy.visual.text.TextStim'>, alignHoriz=method-wrapper(...), alignText='center', alignVert=method-wrapper(...), anchorHoriz='center', anchorVert='center', antialias=True, autoDraw=False, autoLog=True, bold=False, color=array([-0.17647059, -0.17647059, -0.17647059]), colorSpace='rgb', contrast=1.0, depth=0, flipHoriz=False, flipVert=False, font='', fontFiles=[], height=25, italic=False, languageStyle='LTR', name='unnamed TextStim', opacity=1.0, ori=0.0, pos=array([0., 0.]), rgb=UNKNOWN, text='', units='pix', win=Window(...), wrapWidth=500)
14.6646 	EXP 	Created unnamed ImageStim = ImageStim(__class__=<class 'psychopy.visual.image.ImageStim'>, anchor=('center', 'center'), autoLog=True, color=array([1., 1., 1.]), colorSpace='rgb', contrast=1.0, depth=0, flipHoriz=False, flipVert=False, image='mask4.png', interpolate=False, mask=None, maskParams=None, name='unnamed ImageStim', opacity=1.0, ori=0.0, pos=array([0., 0.]), size=array([25., 25.]), texRes=128, units='pix', win=Window(...))
14.6733 	EXP 	Created unnamed TextStim = TextStim(__class__=<class 'psychopy.visual.text.TextStim'>, alignHoriz=method-wrapper(...), alignText='center', alignVert=method-wrapper(...), anchorHoriz='center', anchorVert='center', antialias=True, autoDraw=False, autoLog=True, bold=False, color=array([-1, -1, -1]), colorSpace='rgb', contrast=1.0, depth=0, flipHoriz=False, flipVert=False, font='', fontFiles=[], height=30.0, italic=False, languageStyle='LTR', name='unnamed TextStim', opacity=1.0, ori=0.0, pos=array([ 100., -300.]), rgb=UNKNOWN, text=str(...), units='pix', win=Window(...), wrapWidth=10000)
14.6777 	EXP 	Created unnamed TextStim = TextStim(__class__=<class 'psychopy.visual.text.TextStim'>, alignHoriz=method-wrapper(...), alignText='center', alignVert=method-wrapper(...), anchorHoriz='center', anchorVert='center', antialias=True, autoDraw=False, autoLog=True, bold=False, color=array([-1, -1, -1]), colorSpace='rgb', contrast=1.0, depth=0, flipHoriz=False, flipVert=False, font='', fontFiles=[], height=30.0, italic=False, languageStyle='LTR', name='unnamed TextStim', opacity=1.0, ori=0.0, pos=array([ 100., -330.]), rgb=UNKNOWN, text=str(...), units='pix', win=Window(...), wrapWidth=10000)
14.7181 	EXP 	Created unnamed TextStim = TextStim(__class__=<class 'psychopy.visual.text.TextStim'>, alignHoriz=method-wrapper(...), alignText='center', alignVert=method-wrapper(...), anchorHoriz='center', anchorVert='center', antialias=True, autoDraw=False, autoLog=True, bold=False, color=array([-1, -1, -1]), colorSpace='rgb', contrast=1.0, depth=0, flipHoriz=False, flipVert=False, font='', fontFiles=[], height=20.0, italic=False, languageStyle='LTR', name='unnamed TextStim', opacity=1.0, ori=0.0, pos=array([0., 0.]), rgb=UNKNOWN, text=str(...), units='pix', win=Window(...), wrapWidth=1536)
28.5535 	DATA 	Keypress: space
28.5593 	EXP 	unnamed TextStim: height = 25.0
28.5593 	EXP 	unnamed TextStim: height = 25.0
28.5593 	EXP 	unnamed TextStim: height = 25.0
28.5593 	EXP 	unnamed TextStim: text = 'z'
31.2062 	DATA 	Keypress: z
31.2183 	EXP 	Created unnamed TextStim = TextStim(__class__=<class 'psychopy.visual.text.TextStim'>, alignHoriz=method-wrapper(...), alignText='center', alignVert=method-wrapper(...), anchorHoriz='center', anchorVert='center', antialias=True, autoDraw=False, autoLog=True, bold=False, color=array([-1, -1, -1]), colorSpace='rgb', contrast=1.0, depth=0, flipHoriz=False, flipVert=False, font='', fontFiles=[], height=50.0, italic=False, languageStyle='LTR', name='unnamed TextStim', opacity=1.0, ori=0.0, pos=array([0., 0.]), rgb=UNKNOWN, text='Poprawnie', units='pix', win=Window(...), wrapWidth=500)
32.2265 	EXP 	unnamed TextStim: height = 25.0
32.2265 	EXP 	unnamed TextStim: height = 25.0
32.2265 	EXP 	unnamed TextStim: height = 25.0
32.2265 	EXP 	unnamed TextStim: text = 'x'
34.3397 	DATA 	Keypress: x
34.3418 	EXP 	Created unnamed TextStim = TextStim(__class__=<class 'psychopy.visual.text.TextStim'>, alignHoriz=method-wrapper(...), alignText='center', alignVert=method-wrapper(...), anchorHoriz='center', anchorVert='center', antialias=True, autoDraw=False, autoLog=True, bold=False, color=array([-1, -1, -1]), colorSpace='rgb', contrast=1.0, depth=0, flipHoriz=False, flipVert=False, font='', fontFiles=[], height=50.0, italic=False, languageStyle='LTR', name='unnamed TextStim', opacity=1.0, ori=0.0, pos=array([0., 0.]), rgb=UNKNOWN, text='Poprawnie', units='pix', win=Window(...), wrapWidth=500)
35.3601 	EXP 	unnamed TextStim: height = 25.0
35.3601 	EXP 	unnamed TextStim: height = 25.0
35.3601 	EXP 	unnamed TextStim: height = 25.0
35.3601 	EXP 	unnamed TextStim: text = 'm'
37.3980 	DATA 	Keypress: m
37.3999 	EXP 	Created unnamed TextStim = TextStim(__class__=<class 'psychopy.visual.text.TextStim'>, alignHoriz=method-wrapper(...), alignText='center', alignVert=method-wrapper(...), anchorHoriz='center', anchorVert='center', antialias=True, autoDraw=False, autoLog=True, bold=False, color=array([-1, -1, -1]), colorSpace='rgb', contrast=1.0, depth=0, flipHoriz=False, flipVert=False, font='', fontFiles=[], height=50.0, italic=False, languageStyle='LTR', name='unnamed TextStim', opacity=1.0, ori=0.0, pos=array([0., 0.]), rgb=UNKNOWN, text='Poprawnie', units='pix', win=Window(...), wrapWidth=500)
38.4101 	EXP 	unnamed TextStim: height = 25.0
38.4101 	EXP 	unnamed TextStim: height = 25.0
38.4101 	EXP 	unnamed TextStim: height = 25.0
38.4101 	EXP 	unnamed TextStim: text = 'n'
40.0293 	DATA 	Keypress: n
40.0317 	EXP 	Created unnamed TextStim = TextStim(__class__=<class 'psychopy.visual.text.TextStim'>, alignHoriz=method-wrapper(...), alignText='center', alignVert=method-wrapper(...), anchorHoriz='center', anchorVert='center', antialias=True, autoDraw=False, autoLog=True, bold=False, color=array([-1, -1, -1]), colorSpace='rgb', contrast=1.0, depth=0, flipHoriz=False, flipVert=False, font='', fontFiles=[], height=50.0, italic=False, languageStyle='LTR', name='unnamed TextStim', opacity=1.0, ori=0.0, pos=array([0., 0.]), rgb=UNKNOWN, text='Poprawnie', units='pix', win=Window(...), wrapWidth=500)
41.0436 	EXP 	unnamed TextStim: text = 'n'
42.8822 	DATA 	Keypress: n
42.8843 	EXP 	Created unnamed TextStim = TextStim(__class__=<class 'psychopy.visual.text.TextStim'>, alignHoriz=method-wrapper(...), alignText='center', alignVert=method-wrapper(...), anchorHoriz='center', anchorVert='center', antialias=True, autoDraw=False, autoLog=True, bold=False, color=array([-1, -1, -1]), colorSpace='rgb', contrast=1.0, depth=0, flipHoriz=False, flipVert=False, font='', fontFiles=[], height=50.0, italic=False, languageStyle='LTR', name='unnamed TextStim', opacity=1.0, ori=0.0, pos=array([0., 0.]), rgb=UNKNOWN, text='Poprawnie', units='pix', win=Window(...), wrapWidth=500)
43.8934 	EXP 	unnamed TextStim: height = 25.0
43.8934 	EXP 	unnamed TextStim: height = 25.0
43.8934 	EXP 	unnamed TextStim: height = 25.0
43.8934 	EXP 	unnamed TextStim: text = 'x'
45.7610 	DATA 	Keypress: x
45.7630 	EXP 	Created unnamed TextStim = TextStim(__class__=<class 'psychopy.visual.text.TextStim'>, alignHoriz=method-wrapper(...), alignText='center', alignVert=method-wrapper(...), anchorHoriz='center', anchorVert='center', antialias=True, autoDraw=False, autoLog=True, bold=False, color=array([-1, -1, -1]), colorSpace='rgb', contrast=1.0, depth=0, flipHoriz=False, flipVert=False, font='', fontFiles=[], height=50.0, italic=False, languageStyle='LTR', name='unnamed TextStim', opacity=1.0, ori=0.0, pos=array([0., 0.]), rgb=UNKNOWN, text='Poprawnie', units='pix', win=Window(...), wrapWidth=500)
46.7770 	EXP 	unnamed TextStim: height = 25.0
46.7770 	EXP 	unnamed TextStim: height = 25.0
46.7770 	EXP 	unnamed TextStim: height = 25.0
46.7770 	EXP 	unnamed TextStim: text = 'm'
48.7191 	DATA 	Keypress: m
48.7216 	EXP 	Created unnamed TextStim = TextStim(__class__=<class 'psychopy.visual.text.TextStim'>, alignHoriz=method-wrapper(...), alignText='center', alignVert=method-wrapper(...), anchorHoriz='center', anchorVert='center', antialias=True, autoDraw=False, autoLog=True, bold=False, color=array([-1, -1, -1]), colorSpace='rgb', contrast=1.0, depth=0, flipHoriz=False, flipVert=False, font='', fontFiles=[], height=50.0, italic=False, languageStyle='LTR', name='unnamed TextStim', opacity=1.0, ori=0.0, pos=array([0., 0.]), rgb=UNKNOWN, text='Poprawnie', units='pix', win=Window(...), wrapWidth=500)
49.7271 	EXP 	unnamed TextStim: height = 25.0
49.7271 	EXP 	unnamed TextStim: height = 25.0
49.7271 	EXP 	unnamed TextStim: height = 25.0
49.7271 	EXP 	unnamed TextStim: text = 'z'
51.6049 	DATA 	Keypress: z
51.6068 	EXP 	Created unnamed TextStim = TextStim(__class__=<class 'psychopy.visual.text.TextStim'>, alignHoriz=method-wrapper(...), alignText='center', alignVert=method-wrapper(...), anchorHoriz='center', anchorVert='center', antialias=True, autoDraw=False, autoLog=True, bold=False, color=array([-1, -1, -1]), colorSpace='rgb', contrast=1.0, depth=0, flipHoriz=False, flipVert=False, font='', fontFiles=[], height=50.0, italic=False, languageStyle='LTR', name='unnamed TextStim', opacity=1.0, ori=0.0, pos=array([0., 0.]), rgb=UNKNOWN, text='Poprawnie', units='pix', win=Window(...), wrapWidth=500)
52.6106 	EXP 	unnamed TextStim: height = 25.0
52.6106 	EXP 	unnamed TextStim: height = 25.0
52.6106 	EXP 	unnamed TextStim: height = 25.0
52.6106 	EXP 	unnamed TextStim: text = 'x'
54.4941 	DATA 	Keypress: x
54.4961 	EXP 	Created unnamed TextStim = TextStim(__class__=<class 'psychopy.visual.text.TextStim'>, alignHoriz=method-wrapper(...), alignText='center', alignVert=method-wrapper(...), anchorHoriz='center', anchorVert='center', antialias=True, autoDraw=False, autoLog=True, bold=False, color=array([-1, -1, -1]), colorSpace='rgb', contrast=1.0, depth=0, flipHoriz=False, flipVert=False, font='', fontFiles=[], height=50.0, italic=False, languageStyle='LTR', name='unnamed TextStim', opacity=1.0, ori=0.0, pos=array([0., 0.]), rgb=UNKNOWN, text='Poprawnie', units='pix', win=Window(...), wrapWidth=500)
55.5107 	EXP 	unnamed TextStim: height = 25.0
55.5107 	EXP 	unnamed TextStim: height = 25.0
55.5107 	EXP 	unnamed TextStim: height = 25.0
55.5107 	EXP 	unnamed TextStim: text = 'z'
57.5168 	DATA 	Keypress: z
57.5194 	EXP 	Created unnamed TextStim = TextStim(__class__=<class 'psychopy.visual.text.TextStim'>, alignHoriz=method-wrapper(...), alignText='center', alignVert=method-wrapper(...), anchorHoriz='center', anchorVert='center', antialias=True, autoDraw=False, autoLog=True, bold=False, color=array([-1, -1, -1]), colorSpace='rgb', contrast=1.0, depth=0, flipHoriz=False, flipVert=False, font='', fontFiles=[], height=50.0, italic=False, languageStyle='LTR', name='unnamed TextStim', opacity=1.0, ori=0.0, pos=array([0., 0.]), rgb=UNKNOWN, text='Poprawnie', units='pix', win=Window(...), wrapWidth=500)
58.5274 	EXP 	unnamed TextStim: text = 'z'
60.1826 	DATA 	Keypress: z
60.1850 	EXP 	Created unnamed TextStim = TextStim(__class__=<class 'psychopy.visual.text.TextStim'>, alignHoriz=method-wrapper(...), alignText='center', alignVert=method-wrapper(...), anchorHoriz='center', anchorVert='center', antialias=True, autoDraw=False, autoLog=True, bold=False, color=array([-1, -1, -1]), colorSpace='rgb', contrast=1.0, depth=0, flipHoriz=False, flipVert=False, font='', fontFiles=[], height=50.0, italic=False, languageStyle='LTR', name='unnamed TextStim', opacity=1.0, ori=0.0, pos=array([0., 0.]), rgb=UNKNOWN, text='Poprawnie', units='pix', win=Window(...), wrapWidth=500)
61.1944 	EXP 	unnamed TextStim: height = 25.0
61.1944 	EXP 	unnamed TextStim: height = 25.0
61.1944 	EXP 	unnamed TextStim: height = 25.0
61.1944 	EXP 	unnamed TextStim: text = 'm'
63.0955 	DATA 	Keypress: m
63.0974 	EXP 	Created unnamed TextStim = TextStim(__class__=<class 'psychopy.visual.text.TextStim'>, alignHoriz=method-wrapper(...), alignText='center', alignVert=method-wrapper(...), anchorHoriz='center', anchorVert='center', antialias=True, autoDraw=False, autoLog=True, bold=False, color=array([-1, -1, -1]), colorSpace='rgb', contrast=1.0, depth=0, flipHoriz=False, flipVert=False, font='', fontFiles=[], height=50.0, italic=False, languageStyle='LTR', name='unnamed TextStim', opacity=1.0, ori=0.0, pos=array([0., 0.]), rgb=UNKNOWN, text='Poprawnie', units='pix', win=Window(...), wrapWidth=500)
64.1110 	EXP 	unnamed TextStim: text = 'm'
65.9254 	DATA 	Keypress: m
65.9278 	EXP 	Created unnamed TextStim = TextStim(__class__=<class 'psychopy.visual.text.TextStim'>, alignHoriz=method-wrapper(...), alignText='center', alignVert=method-wrapper(...), anchorHoriz='center', anchorVert='center', antialias=True, autoDraw=False, autoLog=True, bold=False, color=array([-1, -1, -1]), colorSpace='rgb', contrast=1.0, depth=0, flipHoriz=False, flipVert=False, font='', fontFiles=[], height=50.0, italic=False, languageStyle='LTR', name='unnamed TextStim', opacity=1.0, ori=0.0, pos=array([0., 0.]), rgb=UNKNOWN, text='Poprawnie', units='pix', win=Window(...), wrapWidth=500)
66.9446 	EXP 	unnamed TextStim: height = 25.0
66.9446 	EXP 	unnamed TextStim: height = 25.0
66.9446 	EXP 	unnamed TextStim: height = 25.0
66.9446 	EXP 	unnamed TextStim: text = 'x'
68.8014 	DATA 	Keypress: x
68.8038 	EXP 	Created unnamed TextStim = TextStim(__class__=<class 'psychopy.visual.text.TextStim'>, alignHoriz=method-wrapper(...), alignText='center', alignVert=method-wrapper(...), anchorHoriz='center', anchorVert='center', antialias=True, autoDraw=False, autoLog=True, bold=False, color=array([-1, -1, -1]), colorSpace='rgb', contrast=1.0, depth=0, flipHoriz=False, flipVert=False, font='', fontFiles=[], height=50.0, italic=False, languageStyle='LTR', name='unnamed TextStim', opacity=1.0, ori=0.0, pos=array([0., 0.]), rgb=UNKNOWN, text='Poprawnie', units='pix', win=Window(...), wrapWidth=500)
69.8113 	EXP 	unnamed TextStim: text = 'x'
71.6958 	DATA 	Keypress: x
71.6978 	EXP 	Created unnamed TextStim = TextStim(__class__=<class 'psychopy.visual.text.TextStim'>, alignHoriz=method-wrapper(...), alignText='center', alignVert=method-wrapper(...), anchorHoriz='center', anchorVert='center', antialias=True, autoDraw=False, autoLog=True, bold=False, color=array([-1, -1, -1]), colorSpace='rgb', contrast=1.0, depth=0, flipHoriz=False, flipVert=False, font='', fontFiles=[], height=50.0, italic=False, languageStyle='LTR', name='unnamed TextStim', opacity=1.0, ori=0.0, pos=array([0., 0.]), rgb=UNKNOWN, text='Poprawnie', units='pix', win=Window(...), wrapWidth=500)
72.7299 	EXP 	Created unnamed TextStim = TextStim(__class__=<class 'psychopy.visual.text.TextStim'>, alignHoriz=method-wrapper(...), alignText='center', alignVert=method-wrapper(...), anchorHoriz='center', anchorVert='center', antialias=True, autoDraw=False, autoLog=True, bold=False, color=array([-1, -1, -1]), colorSpace='rgb', contrast=1.0, depth=0, flipHoriz=False, flipVert=False, font='', fontFiles=[], height=20.0, italic=False, languageStyle='LTR', name='unnamed TextStim', opacity=1.0, ori=0.0, pos=array([0., 0.]), rgb=UNKNOWN, text=str(...), units='pix', win=Window(...), wrapWidth=1536)
84.2433 	DATA 	Keypress: space
84.2477 	EXP 	unnamed TextStim: height = 25.0
84.2477 	EXP 	unnamed TextStim: height = 25.0
84.2477 	EXP 	unnamed TextStim: height = 25.0
84.2477 	EXP 	unnamed TextStim: text = 'z'
86.3844 	DATA 	Keypress: z
86.3918 	EXP 	Created unnamed TextStim = TextStim(__class__=<class 'psychopy.visual.text.TextStim'>, alignHoriz=method-wrapper(...), alignText='center', alignVert=method-wrapper(...), anchorHoriz='center', anchorVert='center', antialias=True, autoDraw=False, autoLog=True, bold=False, color=array([-1, -1, -1]), colorSpace='rgb', contrast=1.0, depth=0, flipHoriz=False, flipVert=False, font='', fontFiles=[], height=50.0, italic=False, languageStyle='LTR', name='unnamed TextStim', opacity=1.0, ori=0.0, pos=array([0., 0.]), rgb=UNKNOWN, text='Poprawnie', units='pix', win=Window(...), wrapWidth=500)
87.3961 	EXP 	unnamed TextStim: height = 25.0
87.3961 	EXP 	unnamed TextStim: height = 25.0
87.3961 	EXP 	unnamed TextStim: height = 25.0
87.3961 	EXP 	unnamed TextStim: text = 'x'
89.4805 	DATA 	Keypress: x
89.4830 	EXP 	Created unnamed TextStim = TextStim(__class__=<class 'psychopy.visual.text.TextStim'>, alignHoriz=method-wrapper(...), alignText='center', alignVert=method-wrapper(...), anchorHoriz='center', anchorVert='center', antialias=True, autoDraw=False, autoLog=True, bold=False, color=array([-1, -1, -1]), colorSpace='rgb', contrast=1.0, depth=0, flipHoriz=False, flipVert=False, font='', fontFiles=[], height=50.0, italic=False, languageStyle='LTR', name='unnamed TextStim', opacity=1.0, ori=0.0, pos=array([0., 0.]), rgb=UNKNOWN, text='Poprawnie', units='pix', win=Window(...), wrapWidth=500)
90.4955 	EXP 	unnamed TextStim: height = 25.0
90.4955 	EXP 	unnamed TextStim: height = 25.0
90.4955 	EXP 	unnamed TextStim: height = 25.0
90.4955 	EXP 	unnamed TextStim: text = 'm'
92.4393 	DATA 	Keypress: m
92.4413 	EXP 	Created unnamed TextStim = TextStim(__class__=<class 'psychopy.visual.text.TextStim'>, alignHoriz=method-wrapper(...), alignText='center', alignVert=method-wrapper(...), anchorHoriz='center', anchorVert='center', antialias=True, autoDraw=False, autoLog=True, bold=False, color=array([-1, -1, -1]), colorSpace='rgb', contrast=1.0, depth=0, flipHoriz=False, flipVert=False, font='', fontFiles=[], height=50.0, italic=False, languageStyle='LTR', name='unnamed TextStim', opacity=1.0, ori=0.0, pos=array([0., 0.]), rgb=UNKNOWN, text='Poprawnie', units='pix', win=Window(...), wrapWidth=500)
93.4456 	EXP 	unnamed TextStim: text = 'm'
95.1322 	DATA 	Keypress: m
95.1344 	EXP 	Created unnamed TextStim = TextStim(__class__=<class 'psychopy.visual.text.TextStim'>, alignHoriz=method-wrapper(...), alignText='center', alignVert=method-wrapper(...), anchorHoriz='center', anchorVert='center', antialias=True, autoDraw=False, autoLog=True, bold=False, color=array([-1, -1, -1]), colorSpace='rgb', contrast=1.0, depth=0, flipHoriz=False, flipVert=False, font='', fontFiles=[], height=50.0, italic=False, languageStyle='LTR', name='unnamed TextStim', opacity=1.0, ori=0.0, pos=array([0., 0.]), rgb=UNKNOWN, text='Poprawnie', units='pix', win=Window(...), wrapWidth=500)
96.1457 	EXP 	unnamed TextStim: height = 25.0
96.1457 	EXP 	unnamed TextStim: height = 25.0
96.1457 	EXP 	unnamed TextStim: height = 25.0
96.1457 	EXP 	unnamed TextStim: text = 'x'
97.7907 	DATA 	Keypress: x
97.7927 	EXP 	Created unnamed TextStim = TextStim(__class__=<class 'psychopy.visual.text.TextStim'>, alignHoriz=method-wrapper(...), alignText='center', alignVert=method-wrapper(...), anchorHoriz='center', anchorVert='center', antialias=True, autoDraw=False, autoLog=True, bold=False, color=array([-1, -1, -1]), colorSpace='rgb', contrast=1.0, depth=0, flipHoriz=False, flipVert=False, font='', fontFiles=[], height=50.0, italic=False, languageStyle='LTR', name='unnamed TextStim', opacity=1.0, ori=0.0, pos=array([0., 0.]), rgb=UNKNOWN, text='Poprawnie', units='pix', win=Window(...), wrapWidth=500)
98.7970 	EXP 	unnamed TextStim: height = 25.0
98.7970 	EXP 	unnamed TextStim: height = 25.0
98.7970 	EXP 	unnamed TextStim: height = 25.0
98.7970 	EXP 	unnamed TextStim: text = 'n'
100.6063 	DATA 	Keypress: n
100.6087 	EXP 	Created unnamed TextStim = TextStim(__class__=<class 'psychopy.visual.text.TextStim'>, alignHoriz=method-wrapper(...), alignText='center', alignVert=method-wrapper(...), anchorHoriz='center', anchorVert='center', antialias=True, autoDraw=False, autoLog=True, bold=False, color=array([-1, -1, -1]), colorSpace='rgb', contrast=1.0, depth=0, flipHoriz=False, flipVert=False, font='', fontFiles=[], height=50.0, italic=False, languageStyle='LTR', name='unnamed TextStim', opacity=1.0, ori=0.0, pos=array([0., 0.]), rgb=UNKNOWN, text='Poprawnie', units='pix', win=Window(...), wrapWidth=500)
101.6127 	EXP 	unnamed TextStim: height = 25.0
101.6127 	EXP 	unnamed TextStim: height = 25.0
101.6127 	EXP 	unnamed TextStim: height = 25.0
101.6127 	EXP 	unnamed TextStim: text = 'm'
103.3131 	DATA 	Keypress: m
103.3155 	EXP 	Created unnamed TextStim = TextStim(__class__=<class 'psychopy.visual.text.TextStim'>, alignHoriz=method-wrapper(...), alignText='center', alignVert=method-wrapper(...), anchorHoriz='center', anchorVert='center', antialias=True, autoDraw=False, autoLog=True, bold=False, color=array([-1, -1, -1]), colorSpace='rgb', contrast=1.0, depth=0, flipHoriz=False, flipVert=False, font='', fontFiles=[], height=50.0, italic=False, languageStyle='LTR', name='unnamed TextStim', opacity=1.0, ori=0.0, pos=array([0., 0.]), rgb=UNKNOWN, text='Poprawnie', units='pix', win=Window(...), wrapWidth=500)
104.3293 	EXP 	unnamed TextStim: text = 'm'
105.9506 	DATA 	Keypress: m
105.9527 	EXP 	Created unnamed TextStim = TextStim(__class__=<class 'psychopy.visual.text.TextStim'>, alignHoriz=method-wrapper(...), alignText='center', alignVert=method-wrapper(...), anchorHoriz='center', anchorVert='center', antialias=True, autoDraw=False, autoLog=True, bold=False, color=array([-1, -1, -1]), colorSpace='rgb', contrast=1.0, depth=0, flipHoriz=False, flipVert=False, font='', fontFiles=[], height=50.0, italic=False, languageStyle='LTR', name='unnamed TextStim', opacity=1.0, ori=0.0, pos=array([0., 0.]), rgb=UNKNOWN, text='Poprawnie', units='pix', win=Window(...), wrapWidth=500)
106.9626 	EXP 	unnamed TextStim: height = 25.0
106.9626 	EXP 	unnamed TextStim: height = 25.0
106.9626 	EXP 	unnamed TextStim: height = 25.0
106.9626 	EXP 	unnamed TextStim: text = 'x'
109.0908 	DATA 	Keypress: x
109.0928 	EXP 	Created unnamed TextStim = TextStim(__class__=<class 'psychopy.visual.text.TextStim'>, alignHoriz=method-wrapper(...), alignText='center', alignVert=method-wrapper(...), anchorHoriz='center', anchorVert='center', antialias=True, autoDraw=False, autoLog=True, bold=False, color=array([-1, -1, -1]), colorSpace='rgb', contrast=1.0, depth=0, flipHoriz=False, flipVert=False, font='', fontFiles=[], height=50.0, italic=False, languageStyle='LTR', name='unnamed TextStim', opacity=1.0, ori=0.0, pos=array([0., 0.]), rgb=UNKNOWN, text='Poprawnie', units='pix', win=Window(...), wrapWidth=500)
110.0959 	EXP 	unnamed TextStim: text = 'x'
111.7535 	DATA 	Keypress: x
111.7560 	EXP 	Created unnamed TextStim = TextStim(__class__=<class 'psychopy.visual.text.TextStim'>, alignHoriz=method-wrapper(...), alignText='center', alignVert=method-wrapper(...), anchorHoriz='center', anchorVert='center', antialias=True, autoDraw=False, autoLog=True, bold=False, color=array([-1, -1, -1]), colorSpace='rgb', contrast=1.0, depth=0, flipHoriz=False, flipVert=False, font='', fontFiles=[], height=50.0, italic=False, languageStyle='LTR', name='unnamed TextStim', opacity=1.0, ori=0.0, pos=array([0., 0.]), rgb=UNKNOWN, text='Poprawnie', units='pix', win=Window(...), wrapWidth=500)
112.7833 	EXP 	Created unnamed TextStim = TextStim(__class__=<class 'psychopy.visual.text.TextStim'>, alignHoriz=method-wrapper(...), alignText='center', alignVert=method-wrapper(...), anchorHoriz='center', anchorVert='center', antialias=True, autoDraw=False, autoLog=True, bold=False, color=array([-1, -1, -1]), colorSpace='rgb', contrast=1.0, depth=0, flipHoriz=False, flipVert=False, font='', fontFiles=[], height=20.0, italic=False, languageStyle='LTR', name='unnamed TextStim', opacity=1.0, ori=0.0, pos=array([0., 0.]), rgb=UNKNOWN, text=str(...), units='pix', win=Window(...), wrapWidth=1536)
115.6357 	DATA 	Keypress: space
115.6465 	EXP 	unnamed TextStim: height = 25.0
115.6465 	EXP 	unnamed TextStim: height = 25.0
115.6465 	EXP 	unnamed TextStim: height = 25.0
115.6465 	EXP 	unnamed TextStim: text = 'n'
117.3388 	DATA 	Keypress: n
117.3422 	EXP 	unnamed TextStim: height = 25.0
117.3422 	EXP 	unnamed TextStim: height = 25.0
117.3422 	EXP 	unnamed TextStim: height = 25.0
117.3422 	EXP 	unnamed TextStim: text = 'm'
119.2274 	DATA 	Keypress: n
119.2306 	EXP 	unnamed TextStim: height = 25.0
119.2306 	EXP 	unnamed TextStim: height = 25.0
119.2306 	EXP 	unnamed TextStim: height = 25.0
119.2306 	EXP 	unnamed TextStim: text = 'x'
121.1190 	DATA 	Keypress: n
121.1202 	EXP 	unnamed TextStim: text = 'x'
122.9335 	DATA 	Keypress: x
122.9361 	EXP 	unnamed TextStim: height = 25.0
122.9361 	EXP 	unnamed TextStim: height = 25.0
122.9361 	EXP 	unnamed TextStim: height = 25.0
122.9361 	EXP 	unnamed TextStim: text = 'n'
124.9732 	DATA 	Keypress: n
124.9762 	EXP 	unnamed TextStim: height = 25.0
124.9762 	EXP 	unnamed TextStim: height = 25.0
124.9762 	EXP 	unnamed TextStim: height = 25.0
124.9762 	EXP 	unnamed TextStim: text = 'z'
127.0982 	DATA 	Keypress: z
127.2478 	EXP 	Created unnamed ImageStim = ImageStim(__class__=<class 'psychopy.visual.image.ImageStim'>, anchor=('center', 'center'), autoLog=True, color=array([1., 1., 1.]), colorSpace='rgb', contrast=1.0, depth=0, flipHoriz=False, flipVert=False, image='break.jpg', interpolate=True, mask=None, maskParams=None, name='unnamed ImageStim', opacity=1.0, ori=0.0, pos=array([0., 0.]), size=array([1536.,  864.]), texRes=128, units='pix', win=Window(...))
128.0955 	DATA 	Keypress: space
128.0981 	EXP 	unnamed TextStim: height = 25.0
128.0981 	EXP 	unnamed TextStim: height = 25.0
128.0981 	EXP 	unnamed TextStim: height = 25.0
128.0981 	EXP 	unnamed TextStim: text = 'm'
129.9748 	DATA 	Keypress: m
129.9774 	EXP 	unnamed TextStim: height = 25.0
129.9774 	EXP 	unnamed TextStim: height = 25.0
129.9774 	EXP 	unnamed TextStim: height = 25.0
129.9774 	EXP 	unnamed TextStim: text = 'n'
131.8715 	DATA 	Keypress: n
131.8737 	EXP 	unnamed TextStim: height = 25.0
131.8737 	EXP 	unnamed TextStim: height = 25.0
131.8737 	EXP 	unnamed TextStim: height = 25.0
131.8737 	EXP 	unnamed TextStim: text = 'x'
133.7572 	DATA 	Keypress: z
133.7593 	EXP 	unnamed TextStim: height = 25.0
133.7593 	EXP 	unnamed TextStim: height = 25.0
133.7593 	EXP 	unnamed TextStim: height = 25.0
133.7593 	EXP 	unnamed TextStim: text = 'm'
135.8195 	DATA 	Keypress: n
135.8217 	EXP 	unnamed TextStim: height = 25.0
135.8217 	EXP 	unnamed TextStim: height = 25.0
135.8217 	EXP 	unnamed TextStim: height = 25.0
135.8217 	EXP 	unnamed TextStim: text = 'n'
138.0428 	DATA 	Keypress: m
138.0509 	EXP 	unnamed TextStim: height = 25.0
138.0509 	EXP 	unnamed TextStim: height = 25.0
138.0509 	EXP 	unnamed TextStim: height = 25.0
138.0509 	EXP 	unnamed TextStim: text = 'z'
140.0527 	DATA 	Keypress: z
140.1982 	EXP 	Created unnamed ImageStim = ImageStim(__class__=<class 'psychopy.visual.image.ImageStim'>, anchor=('center', 'center'), autoLog=True, color=array([1., 1., 1.]), colorSpace='rgb', contrast=1.0, depth=0, flipHoriz=False, flipVert=False, image='break.jpg', interpolate=True, mask=None, maskParams=None, name='unnamed ImageStim', opacity=1.0, ori=0.0, pos=array([0., 0.]), size=array([1536.,  864.]), texRes=128, units='pix', win=Window(...))
141.0210 	DATA 	Keypress: space
141.0305 	EXP 	unnamed TextStim: height = 25.0
141.0305 	EXP 	unnamed TextStim: height = 25.0
141.0305 	EXP 	unnamed TextStim: height = 25.0
141.0305 	EXP 	unnamed TextStim: text = 'n'
142.7339 	DATA 	Keypress: n
142.7405 	EXP 	unnamed TextStim: height = 25.0
142.7405 	EXP 	unnamed TextStim: height = 25.0
142.7405 	EXP 	unnamed TextStim: height = 25.0
142.7405 	EXP 	unnamed TextStim: text = 'x'
144.4682 	DATA 	Keypress: z
144.4704 	EXP 	unnamed TextStim: height = 25.0
144.4704 	EXP 	unnamed TextStim: height = 25.0
144.4704 	EXP 	unnamed TextStim: height = 25.0
144.4704 	EXP 	unnamed TextStim: text = 'm'
146.3527 	DATA 	Keypress: m
146.3548 	EXP 	unnamed TextStim: height = 25.0
146.3548 	EXP 	unnamed TextStim: height = 25.0
146.3548 	EXP 	unnamed TextStim: height = 25.0
146.3548 	EXP 	unnamed TextStim: text = 'z'
148.2115 	DATA 	Keypress: z
148.2137 	EXP 	unnamed TextStim: height = 25.0
148.2137 	EXP 	unnamed TextStim: height = 25.0
148.2137 	EXP 	unnamed TextStim: height = 25.0
148.2137 	EXP 	unnamed TextStim: text = 'm'
149.9942 	DATA 	Keypress: m
149.9963 	EXP 	unnamed TextStim: height = 25.0
149.9963 	EXP 	unnamed TextStim: height = 25.0
149.9963 	EXP 	unnamed TextStim: height = 25.0
149.9963 	EXP 	unnamed TextStim: text = 'n'
151.7929 	DATA 	Keypress: n
151.9205 	EXP 	Created unnamed ImageStim = ImageStim(__class__=<class 'psychopy.visual.image.ImageStim'>, anchor=('center', 'center'), autoLog=True, color=array([1., 1., 1.]), colorSpace='rgb', contrast=1.0, depth=0, flipHoriz=False, flipVert=False, image='break.jpg', interpolate=True, mask=None, maskParams=None, name='unnamed ImageStim', opacity=1.0, ori=0.0, pos=array([0., 0.]), size=array([1536.,  864.]), texRes=128, units='pix', win=Window(...))
152.6961 	DATA 	Keypress: space
152.6986 	EXP 	unnamed TextStim: height = 25.0
152.6986 	EXP 	unnamed TextStim: height = 25.0
152.6986 	EXP 	unnamed TextStim: height = 25.0
152.6986 	EXP 	unnamed TextStim: text = 'x'
154.6303 	DATA 	Keypress: z
154.6315 	EXP 	unnamed TextStim: text = 'x'
156.5653 	DATA 	Keypress: z
156.5674 	EXP 	unnamed TextStim: height = 25.0
156.5674 	EXP 	unnamed TextStim: height = 25.0
156.5674 	EXP 	unnamed TextStim: height = 25.0
156.5674 	EXP 	unnamed TextStim: text = 'm'
158.8653 	DATA 	Keypress: m
158.8663 	EXP 	unnamed TextStim: text = 'm'
160.3380 	DATA 	Keypress: m
160.3401 	EXP 	unnamed TextStim: height = 25.0
160.3401 	EXP 	unnamed TextStim: height = 25.0
160.3401 	EXP 	unnamed TextStim: height = 25.0
160.3401 	EXP 	unnamed TextStim: text = 'n'
162.1831 	DATA 	Keypress: n
162.1852 	EXP 	unnamed TextStim: height = 25.0
162.1852 	EXP 	unnamed TextStim: height = 25.0
162.1852 	EXP 	unnamed TextStim: height = 25.0
162.1852 	EXP 	unnamed TextStim: text = 'z'
164.1075 	DATA 	Keypress: z
164.2509 	EXP 	Created unnamed ImageStim = ImageStim(__class__=<class 'psychopy.visual.image.ImageStim'>, anchor=('center', 'center'), autoLog=True, color=array([1., 1., 1.]), colorSpace='rgb', contrast=1.0, depth=0, flipHoriz=False, flipVert=False, image='break.jpg', interpolate=True, mask=None, maskParams=None, name='unnamed ImageStim', opacity=1.0, ori=0.0, pos=array([0., 0.]), size=array([1536.,  864.]), texRes=128, units='pix', win=Window(...))
165.2693 	DATA 	Keypress: space
165.2817 	EXP 	unnamed TextStim: height = 25.0
165.2817 	EXP 	unnamed TextStim: height = 25.0
165.2817 	EXP 	unnamed TextStim: height = 25.0
165.2817 	EXP 	unnamed TextStim: text = 'm'
167.0332 	DATA 	Keypress: m
167.0343 	EXP 	unnamed TextStim: text = 'm'
168.4505 	DATA 	Keypress: m
168.4527 	EXP 	unnamed TextStim: height = 25.0
168.4527 	EXP 	unnamed TextStim: height = 25.0
168.4527 	EXP 	unnamed TextStim: height = 25.0
168.4527 	EXP 	unnamed TextStim: text = 'x'
170.5142 	DATA 	Keypress: z
170.5162 	EXP 	unnamed TextStim: height = 25.0
170.5162 	EXP 	unnamed TextStim: height = 25.0
170.5162 	EXP 	unnamed TextStim: height = 25.0
170.5162 	EXP 	unnamed TextStim: text = 'm'
172.2874 	DATA 	Keypress: m
172.2895 	EXP 	unnamed TextStim: height = 25.0
172.2895 	EXP 	unnamed TextStim: height = 25.0
172.2895 	EXP 	unnamed TextStim: height = 25.0
172.2895 	EXP 	unnamed TextStim: text = 'n'
174.3064 	DATA 	Keypress: z
174.3085 	EXP 	unnamed TextStim: height = 25.0
174.3085 	EXP 	unnamed TextStim: height = 25.0
174.3085 	EXP 	unnamed TextStim: height = 25.0
174.3085 	EXP 	unnamed TextStim: text = 'x'
176.0044 	DATA 	Keypress: z
176.1515 	EXP 	Created unnamed ImageStim = ImageStim(__class__=<class 'psychopy.visual.image.ImageStim'>, anchor=('center', 'center'), autoLog=True, color=array([1., 1., 1.]), colorSpace='rgb', contrast=1.0, depth=0, flipHoriz=False, flipVert=False, image='break.jpg', interpolate=True, mask=None, maskParams=None, name='unnamed ImageStim', opacity=1.0, ori=0.0, pos=array([0., 0.]), size=array([1536.,  864.]), texRes=128, units='pix', win=Window(...))
176.8276 	DATA 	Keypress: space
176.8319 	EXP 	unnamed TextStim: text = 'x'
178.5712 	DATA 	Keypress: x
178.5735 	EXP 	unnamed TextStim: height = 25.0
178.5735 	EXP 	unnamed TextStim: height = 25.0
178.5735 	EXP 	unnamed TextStim: height = 25.0
178.5735 	EXP 	unnamed TextStim: text = 'n'
180.2105 	DATA 	Keypress: n
180.2116 	EXP 	unnamed TextStim: text = 'n'
181.7417 	DATA 	Keypress: n
181.7438 	EXP 	unnamed TextStim: height = 25.0
181.7438 	EXP 	unnamed TextStim: height = 25.0
181.7438 	EXP 	unnamed TextStim: height = 25.0
181.7438 	EXP 	unnamed TextStim: text = 'x'
183.6905 	DATA 	Keypress: n
183.6917 	EXP 	unnamed TextStim: text = 'x'
185.5542 	DATA 	Keypress: n
185.5564 	EXP 	unnamed TextStim: height = 25.0
185.5564 	EXP 	unnamed TextStim: height = 25.0
185.5564 	EXP 	unnamed TextStim: height = 25.0
185.5564 	EXP 	unnamed TextStim: text = 'z'
187.4038 	DATA 	Keypress: z
187.5558 	EXP 	Created unnamed ImageStim = ImageStim(__class__=<class 'psychopy.visual.image.ImageStim'>, anchor=('center', 'center'), autoLog=True, color=array([1., 1., 1.]), colorSpace='rgb', contrast=1.0, depth=0, flipHoriz=False, flipVert=False, image='break.jpg', interpolate=True, mask=None, maskParams=None, name='unnamed ImageStim', opacity=1.0, ori=0.0, pos=array([0., 0.]), size=array([1536.,  864.]), texRes=128, units='pix', win=Window(...))
188.5001 	DATA 	Keypress: space
188.5157 	EXP 	unnamed TextStim: text = 'z'
190.3258 	DATA 	Keypress: z
190.3280 	EXP 	unnamed TextStim: height = 25.0
190.3280 	EXP 	unnamed TextStim: height = 25.0
190.3280 	EXP 	unnamed TextStim: height = 25.0
190.3280 	EXP 	unnamed TextStim: text = 'm'
190.9168 	DATA 	Keypress: z
192.2920 	DATA 	Keypress: m
192.2932 	EXP 	unnamed TextStim: text = 'm'
193.7667 	DATA 	Keypress: m
193.7688 	EXP 	unnamed TextStim: height = 25.0
193.7688 	EXP 	unnamed TextStim: height = 25.0
193.7688 	EXP 	unnamed TextStim: height = 25.0
193.7688 	EXP 	unnamed TextStim: text = 'n'
195.7024 	DATA 	Keypress: m
195.7045 	EXP 	unnamed TextStim: height = 25.0
195.7045 	EXP 	unnamed TextStim: height = 25.0
195.7045 	EXP 	unnamed TextStim: height = 25.0
195.7045 	EXP 	unnamed TextStim: text = 'x'
197.5880 	DATA 	Keypress: z
197.5901 	EXP 	unnamed TextStim: height = 25.0
197.5901 	EXP 	unnamed TextStim: height = 25.0
197.5901 	EXP 	unnamed TextStim: height = 25.0
197.5901 	EXP 	unnamed TextStim: text = 'z'
199.3381 	DATA 	Keypress: z
199.4811 	EXP 	Created unnamed ImageStim = ImageStim(__class__=<class 'psychopy.visual.image.ImageStim'>, anchor=('center', 'center'), autoLog=True, color=array([1., 1., 1.]), colorSpace='rgb', contrast=1.0, depth=0, flipHoriz=False, flipVert=False, image='break.jpg', interpolate=True, mask=None, maskParams=None, name='unnamed ImageStim', opacity=1.0, ori=0.0, pos=array([0., 0.]), size=array([1536.,  864.]), texRes=128, units='pix', win=Window(...))
200.1812 	DATA 	Keypress: space
200.1839 	EXP 	unnamed TextStim: height = 25.0
200.1839 	EXP 	unnamed TextStim: height = 25.0
200.1839 	EXP 	unnamed TextStim: height = 25.0
200.1839 	EXP 	unnamed TextStim: text = 'n'
201.8725 	DATA 	Keypress: n
201.8746 	EXP 	unnamed TextStim: height = 25.0
201.8746 	EXP 	unnamed TextStim: height = 25.0
201.8746 	EXP 	unnamed TextStim: height = 25.0
201.8746 	EXP 	unnamed TextStim: text = 'z'
203.6194 	DATA 	Keypress: z
203.6216 	EXP 	unnamed TextStim: height = 25.0
203.6216 	EXP 	unnamed TextStim: height = 25.0
203.6216 	EXP 	unnamed TextStim: height = 25.0
203.6216 	EXP 	unnamed TextStim: text = 'm'
205.4410 	DATA 	Keypress: m
205.4430 	EXP 	unnamed TextStim: height = 25.0
205.4430 	EXP 	unnamed TextStim: height = 25.0
205.4430 	EXP 	unnamed TextStim: height = 25.0
205.4430 	EXP 	unnamed TextStim: text = 'x'
208.2004 	DATA 	No keypress (maxWait exceeded)
208.2059 	EXP 	unnamed TextStim: height = 25.0
208.2059 	EXP 	unnamed TextStim: height = 25.0
208.2059 	EXP 	unnamed TextStim: height = 25.0
208.2059 	EXP 	unnamed TextStim: text = 'm'
208.2511 	DATA 	Keypress: x
209.9625 	DATA 	Keypress: m
209.9647 	EXP 	unnamed TextStim: height = 25.0
209.9647 	EXP 	unnamed TextStim: height = 25.0
209.9647 	EXP 	unnamed TextStim: height = 25.0
209.9647 	EXP 	unnamed TextStim: text = 'x'
211.6757 	DATA 	Keypress: x
211.8162 	EXP 	Created unnamed ImageStim = ImageStim(__class__=<class 'psychopy.visual.image.ImageStim'>, anchor=('center', 'center'), autoLog=True, color=array([1., 1., 1.]), colorSpace='rgb', contrast=1.0, depth=0, flipHoriz=False, flipVert=False, image='break.jpg', interpolate=True, mask=None, maskParams=None, name='unnamed ImageStim', opacity=1.0, ori=0.0, pos=array([0., 0.]), size=array([1536.,  864.]), texRes=128, units='pix', win=Window(...))
212.6263 	DATA 	Keypress: space
212.6333 	EXP 	unnamed TextStim: height = 25.0
212.6333 	EXP 	unnamed TextStim: height = 25.0
212.6333 	EXP 	unnamed TextStim: height = 25.0
212.6333 	EXP 	unnamed TextStim: text = 'n'
214.5398 	DATA 	Keypress: n
214.5420 	EXP 	unnamed TextStim: height = 25.0
214.5420 	EXP 	unnamed TextStim: height = 25.0
214.5420 	EXP 	unnamed TextStim: height = 25.0
214.5420 	EXP 	unnamed TextStim: text = 'z'
216.3574 	DATA 	Keypress: z
216.3595 	EXP 	unnamed TextStim: height = 25.0
216.3595 	EXP 	unnamed TextStim: height = 25.0
216.3595 	EXP 	unnamed TextStim: height = 25.0
216.3595 	EXP 	unnamed TextStim: text = 'x'
218.1372 	DATA 	Keypress: x
218.1384 	EXP 	unnamed TextStim: text = 'x'
219.6317 	DATA 	Keypress: x
219.6328 	EXP 	unnamed TextStim: text = 'x'
221.2074 	DATA 	Keypress: x
221.2095 	EXP 	unnamed TextStim: height = 25.0
221.2095 	EXP 	unnamed TextStim: height = 25.0
221.2095 	EXP 	unnamed TextStim: height = 25.0
221.2095 	EXP 	unnamed TextStim: text = 'm'
223.1280 	DATA 	Keypress: m
223.2794 	EXP 	Created unnamed ImageStim = ImageStim(__class__=<class 'psychopy.visual.image.ImageStim'>, anchor=('center', 'center'), autoLog=True, color=array([1., 1., 1.]), colorSpace='rgb', contrast=1.0, depth=0, flipHoriz=False, flipVert=False, image='break.jpg', interpolate=True, mask=None, maskParams=None, name='unnamed ImageStim', opacity=1.0, ori=0.0, pos=array([0., 0.]), size=array([1536.,  864.]), texRes=128, units='pix', win=Window(...))
223.9613 	DATA 	Keypress: space
223.9672 	EXP 	unnamed TextStim: height = 25.0
223.9672 	EXP 	unnamed TextStim: height = 25.0
223.9672 	EXP 	unnamed TextStim: height = 25.0
223.9672 	EXP 	unnamed TextStim: text = 'n'
225.7012 	DATA 	Keypress: n
225.7023 	EXP 	unnamed TextStim: text = 'n'
227.3042 	DATA 	Keypress: n
227.3053 	EXP 	unnamed TextStim: text = 'n'
228.5525 	DATA 	Keypress: n
229.8793 	DATA 	Keypress: n
229.8861 	EXP 	unnamed TextStim: height = 25.0
229.8861 	EXP 	unnamed TextStim: height = 25.0
229.8861 	EXP 	unnamed TextStim: height = 25.0
229.8861 	EXP 	unnamed TextStim: text = 'm'
231.6076 	DATA 	Keypress: m
231.6097 	EXP 	unnamed TextStim: height = 25.0
231.6097 	EXP 	unnamed TextStim: height = 25.0
231.6097 	EXP 	unnamed TextStim: height = 25.0
231.6097 	EXP 	unnamed TextStim: text = 'n'
233.3221 	DATA 	Keypress: m
233.3233 	EXP 	unnamed TextStim: text = 'n'
235.2392 	DATA 	Keypress: n
235.3796 	EXP 	Created unnamed ImageStim = ImageStim(__class__=<class 'psychopy.visual.image.ImageStim'>, anchor=('center', 'center'), autoLog=True, color=array([1., 1., 1.]), colorSpace='rgb', contrast=1.0, depth=0, flipHoriz=False, flipVert=False, image='break.jpg', interpolate=True, mask=None, maskParams=None, name='unnamed ImageStim', opacity=1.0, ori=0.0, pos=array([0., 0.]), size=array([1536.,  864.]), texRes=128, units='pix', win=Window(...))
236.0758 	DATA 	Keypress: space
236.0845 	EXP 	unnamed TextStim: height = 25.0
236.0845 	EXP 	unnamed TextStim: height = 25.0
236.0845 	EXP 	unnamed TextStim: height = 25.0
236.0845 	EXP 	unnamed TextStim: text = 'm'
238.3686 	DATA 	Keypress: z
238.3708 	EXP 	unnamed TextStim: height = 25.0
238.3708 	EXP 	unnamed TextStim: height = 25.0
238.3708 	EXP 	unnamed TextStim: height = 25.0
238.3708 	EXP 	unnamed TextStim: text = 'n'
240.0725 	DATA 	Keypress: z
240.0745 	EXP 	unnamed TextStim: height = 25.0
240.0745 	EXP 	unnamed TextStim: height = 25.0
240.0745 	EXP 	unnamed TextStim: height = 25.0
240.0745 	EXP 	unnamed TextStim: text = 'z'
241.7140 	DATA 	Keypress: z
241.7152 	EXP 	unnamed TextStim: text = 'z'
243.2255 	DATA 	Keypress: z
243.2266 	EXP 	unnamed TextStim: text = 'z'
244.7790 	DATA 	Keypress: z
244.7811 	EXP 	unnamed TextStim: height = 25.0
244.7811 	EXP 	unnamed TextStim: height = 25.0
244.7811 	EXP 	unnamed TextStim: height = 25.0
244.7811 	EXP 	unnamed TextStim: text = 'x'
246.7302 	DATA 	Keypress: x
246.8747 	EXP 	Created unnamed ImageStim = ImageStim(__class__=<class 'psychopy.visual.image.ImageStim'>, anchor=('center', 'center'), autoLog=True, color=array([1., 1., 1.]), colorSpace='rgb', contrast=1.0, depth=0, flipHoriz=False, flipVert=False, image='break.jpg', interpolate=True, mask=None, maskParams=None, name='unnamed ImageStim', opacity=1.0, ori=0.0, pos=array([0., 0.]), size=array([1536.,  864.]), texRes=128, units='pix', win=Window(...))
247.7364 	DATA 	Keypress: space
247.7555 	EXP 	Created unnamed TextStim = TextStim(__class__=<class 'psychopy.visual.text.TextStim'>, alignHoriz=method-wrapper(...), alignText='center', alignVert=method-wrapper(...), anchorHoriz='center', anchorVert='center', antialias=True, autoDraw=False, autoLog=True, bold=False, color=array([-1, -1, -1]), colorSpace='rgb', contrast=1.0, depth=0, flipHoriz=False, flipVert=False, font='', fontFiles=[], height=20.0, italic=False, languageStyle='LTR', name='unnamed TextStim', opacity=1.0, ori=0.0, pos=array([0., 0.]), rgb=UNKNOWN, text=str(...), units='pix', win=Window(...), wrapWidth=1536)
260.0830 	DATA 	Keypress: space
260.1756 	EXP 	window1: mouseVisible = True
