8.6860 	WARNING 	User requested fullscreen with size [1536  864], but screen is actually [1920, 1080]. Using actual size
9.9648 	INFO 	FRAME RATE: 60
9.9649 	INFO 	SCREEN RES: odict_values([1536, 864])
10.0238 	EXP 	Created unnamed TextStim = TextStim(__class__=<class 'psychopy.visual.text.TextStim'>, alignHoriz=method-wrapper(...), alignText='center', alignVert=method-wrapper(...), anchorHoriz='center', anchorVert='center', antialias=True, autoDraw=False, autoLog=True, bold=False, color=array([-1, -1, -1]), colorSpace='rgb', contrast=1.0, depth=0, flipHoriz=False, flipVert=False, font='', fontFiles=[], height=100.0, italic=False, languageStyle='LTR', name='unnamed TextStim', opacity=1.0, ori=0.0, pos=array([0., 0.]), rgb=UNKNOWN, text='+', units='pix', win=Window(...), wrapWidth=500)
10.0277 	EXP 	Created unnamed Circle = Circle(__class__=<class 'psychopy.visual.circle.Circle'>, anchor=('center', 'center'), autoDraw=False, autoLog=True, closeShape=True, color=method-wrapper(...), colorSpace='rgb', contrast=None, depth=0, fillColor=array([ 0.09019608, -1.        , -1.        ]), fillColorSpace='rgb', fillRGB=array([ 0.09019608, -1.        , -1.        ]), interpolate=True, lineColor=array([ 0.09019608, -1.        , -1.        ]), lineColorSpace='rgb', lineRGB=array([ 0.09019608, -1.        , -1.        ]), lineWidth=1.5, name='unnamed Circle', opacity=1.0, ori=0.0, pos=array([0., 0.]), size=array([1., 1.]), units='pix', vertices=ndarray(...), win=Window(...))
10.0286 	EXP 	Created unnamed TextStim = TextStim(__class__=<class 'psychopy.visual.text.TextStim'>, alignHoriz=method-wrapper(...), alignText='center', alignVert=method-wrapper(...), anchorHoriz='center', anchorVert='center', antialias=True, autoDraw=False, autoLog=True, bold=False, color=array([-0.17647059, -0.17647059, -0.17647059]), colorSpace='rgb', contrast=1.0, depth=0, flipHoriz=False, flipVert=False, font='', fontFiles=[], height=25, italic=False, languageStyle='LTR', name='unnamed TextStim', opacity=1.0, ori=0.0, pos=array([0., 0.]), rgb=UNKNOWN, text='', units='pix', win=Window(...), wrapWidth=500)
10.0370 	EXP 	Created unnamed ImageStim = ImageStim(__class__=<class 'psychopy.visual.image.ImageStim'>, anchor=('center', 'center'), autoLog=True, color=array([1., 1., 1.]), colorSpace='rgb', contrast=1.0, depth=0, flipHoriz=False, flipVert=False, image='mask4.png', interpolate=False, mask=None, maskParams=None, name='unnamed ImageStim', opacity=1.0, ori=0.0, pos=array([0., 0.]), size=array([25., 25.]), texRes=128, units='pix', win=Window(...))
10.0440 	EXP 	Created unnamed TextStim = TextStim(__class__=<class 'psychopy.visual.text.TextStim'>, alignHoriz=method-wrapper(...), alignText='center', alignVert=method-wrapper(...), anchorHoriz='center', anchorVert='center', antialias=True, autoDraw=False, autoLog=True, bold=False, color=array([-1, -1, -1]), colorSpace='rgb', contrast=1.0, depth=0, flipHoriz=False, flipVert=False, font='', fontFiles=[], height=30.0, italic=False, languageStyle='LTR', name='unnamed TextStim', opacity=1.0, ori=0.0, pos=array([ 100., -300.]), rgb=UNKNOWN, text=str(...), units='pix', win=Window(...), wrapWidth=10000)
10.0483 	EXP 	Created unnamed TextStim = TextStim(__class__=<class 'psychopy.visual.text.TextStim'>, alignHoriz=method-wrapper(...), alignText='center', alignVert=method-wrapper(...), anchorHoriz='center', anchorVert='center', antialias=True, autoDraw=False, autoLog=True, bold=False, color=array([-1, -1, -1]), colorSpace='rgb', contrast=1.0, depth=0, flipHoriz=False, flipVert=False, font='', fontFiles=[], height=30.0, italic=False, languageStyle='LTR', name='unnamed TextStim', opacity=1.0, ori=0.0, pos=array([ 100., -330.]), rgb=UNKNOWN, text=str(...), units='pix', win=Window(...), wrapWidth=10000)
10.0833 	EXP 	Created unnamed TextStim = TextStim(__class__=<class 'psychopy.visual.text.TextStim'>, alignHoriz=method-wrapper(...), alignText='center', alignVert=method-wrapper(...), anchorHoriz='center', anchorVert='center', antialias=True, autoDraw=False, autoLog=True, bold=False, color=array([-1, -1, -1]), colorSpace='rgb', contrast=1.0, depth=0, flipHoriz=False, flipVert=False, font='', fontFiles=[], height=20.0, italic=False, languageStyle='LTR', name='unnamed TextStim', opacity=1.0, ori=0.0, pos=array([0., 0.]), rgb=UNKNOWN, text=str(...), units='pix', win=Window(...), wrapWidth=1536)
26.1545 	DATA 	Keypress: space
26.1639 	EXP 	unnamed TextStim: height = 25.0
26.1639 	EXP 	unnamed TextStim: height = 25.0
26.1639 	EXP 	unnamed TextStim: height = 25.0
26.1639 	EXP 	unnamed TextStim: text = 'z'
27.7226 	DATA 	Keypress: x
27.7295 	EXP 	Created unnamed TextStim = TextStim(__class__=<class 'psychopy.visual.text.TextStim'>, alignHoriz=method-wrapper(...), alignText='center', alignVert=method-wrapper(...), anchorHoriz='center', anchorVert='center', antialias=True, autoDraw=False, autoLog=True, bold=False, color=array([-1, -1, -1]), colorSpace='rgb', contrast=1.0, depth=0, flipHoriz=False, flipVert=False, font='', fontFiles=[], height=50.0, italic=False, languageStyle='LTR', name='unnamed TextStim', opacity=1.0, ori=0.0, pos=array([0., 0.]), rgb=UNKNOWN, text='Niepoprawnie', units='pix', win=Window(...), wrapWidth=500)
28.7473 	EXP 	unnamed TextStim: text = 'z'
30.2295 	DATA 	Keypress: z
30.2331 	EXP 	Created unnamed TextStim = TextStim(__class__=<class 'psychopy.visual.text.TextStim'>, alignHoriz=method-wrapper(...), alignText='center', alignVert=method-wrapper(...), anchorHoriz='center', anchorVert='center', antialias=True, autoDraw=False, autoLog=True, bold=False, color=array([-1, -1, -1]), colorSpace='rgb', contrast=1.0, depth=0, flipHoriz=False, flipVert=False, font='', fontFiles=[], height=50.0, italic=False, languageStyle='LTR', name='unnamed TextStim', opacity=1.0, ori=0.0, pos=array([0., 0.]), rgb=UNKNOWN, text='Poprawnie', units='pix', win=Window(...), wrapWidth=500)
31.2475 	EXP 	unnamed TextStim: height = 25.0
31.2475 	EXP 	unnamed TextStim: height = 25.0
31.2475 	EXP 	unnamed TextStim: height = 25.0
31.2475 	EXP 	unnamed TextStim: text = 'n'
33.2719 	DATA 	Keypress: m
33.2747 	EXP 	Created unnamed TextStim = TextStim(__class__=<class 'psychopy.visual.text.TextStim'>, alignHoriz=method-wrapper(...), alignText='center', alignVert=method-wrapper(...), anchorHoriz='center', anchorVert='center', antialias=True, autoDraw=False, autoLog=True, bold=False, color=array([-1, -1, -1]), colorSpace='rgb', contrast=1.0, depth=0, flipHoriz=False, flipVert=False, font='', fontFiles=[], height=50.0, italic=False, languageStyle='LTR', name='unnamed TextStim', opacity=1.0, ori=0.0, pos=array([0., 0.]), rgb=UNKNOWN, text='Niepoprawnie', units='pix', win=Window(...), wrapWidth=500)
34.2809 	EXP 	unnamed TextStim: height = 25.0
34.2809 	EXP 	unnamed TextStim: height = 25.0
34.2809 	EXP 	unnamed TextStim: height = 25.0
34.2809 	EXP 	unnamed TextStim: text = 'x'
35.9105 	DATA 	Keypress: n
35.9126 	EXP 	Created unnamed TextStim = TextStim(__class__=<class 'psychopy.visual.text.TextStim'>, alignHoriz=method-wrapper(...), alignText='center', alignVert=method-wrapper(...), anchorHoriz='center', anchorVert='center', antialias=True, autoDraw=False, autoLog=True, bold=False, color=array([-1, -1, -1]), colorSpace='rgb', contrast=1.0, depth=0, flipHoriz=False, flipVert=False, font='', fontFiles=[], height=50.0, italic=False, languageStyle='LTR', name='unnamed TextStim', opacity=1.0, ori=0.0, pos=array([0., 0.]), rgb=UNKNOWN, text='Niepoprawnie', units='pix', win=Window(...), wrapWidth=500)
36.9309 	EXP 	unnamed TextStim: height = 25.0
36.9309 	EXP 	unnamed TextStim: height = 25.0
36.9309 	EXP 	unnamed TextStim: height = 25.0
36.9309 	EXP 	unnamed TextStim: text = 'z'
38.6839 	DATA 	Keypress: z
38.6861 	EXP 	Created unnamed TextStim = TextStim(__class__=<class 'psychopy.visual.text.TextStim'>, alignHoriz=method-wrapper(...), alignText='center', alignVert=method-wrapper(...), anchorHoriz='center', anchorVert='center', antialias=True, autoDraw=False, autoLog=True, bold=False, color=array([-1, -1, -1]), colorSpace='rgb', contrast=1.0, depth=0, flipHoriz=False, flipVert=False, font='', fontFiles=[], height=50.0, italic=False, languageStyle='LTR', name='unnamed TextStim', opacity=1.0, ori=0.0, pos=array([0., 0.]), rgb=UNKNOWN, text='Poprawnie', units='pix', win=Window(...), wrapWidth=500)
39.6977 	EXP 	unnamed TextStim: height = 25.0
39.6977 	EXP 	unnamed TextStim: height = 25.0
39.6977 	EXP 	unnamed TextStim: height = 25.0
39.6977 	EXP 	unnamed TextStim: text = 'x'
41.7521 	DATA 	Keypress: x
41.7545 	EXP 	Created unnamed TextStim = TextStim(__class__=<class 'psychopy.visual.text.TextStim'>, alignHoriz=method-wrapper(...), alignText='center', alignVert=method-wrapper(...), anchorHoriz='center', anchorVert='center', antialias=True, autoDraw=False, autoLog=True, bold=False, color=array([-1, -1, -1]), colorSpace='rgb', contrast=1.0, depth=0, flipHoriz=False, flipVert=False, font='', fontFiles=[], height=50.0, italic=False, languageStyle='LTR', name='unnamed TextStim', opacity=1.0, ori=0.0, pos=array([0., 0.]), rgb=UNKNOWN, text='Poprawnie', units='pix', win=Window(...), wrapWidth=500)
42.7644 	EXP 	unnamed TextStim: height = 25.0
42.7644 	EXP 	unnamed TextStim: height = 25.0
42.7644 	EXP 	unnamed TextStim: height = 25.0
42.7644 	EXP 	unnamed TextStim: text = 'm'
44.6857 	DATA 	Keypress: m
44.6880 	EXP 	Created unnamed TextStim = TextStim(__class__=<class 'psychopy.visual.text.TextStim'>, alignHoriz=method-wrapper(...), alignText='center', alignVert=method-wrapper(...), anchorHoriz='center', anchorVert='center', antialias=True, autoDraw=False, autoLog=True, bold=False, color=array([-1, -1, -1]), colorSpace='rgb', contrast=1.0, depth=0, flipHoriz=False, flipVert=False, font='', fontFiles=[], height=50.0, italic=False, languageStyle='LTR', name='unnamed TextStim', opacity=1.0, ori=0.0, pos=array([0., 0.]), rgb=UNKNOWN, text='Poprawnie', units='pix', win=Window(...), wrapWidth=500)
45.6980 	EXP 	unnamed TextStim: height = 25.0
45.6980 	EXP 	unnamed TextStim: height = 25.0
45.6980 	EXP 	unnamed TextStim: height = 25.0
45.6980 	EXP 	unnamed TextStim: text = 'n'
47.2286 	DATA 	Keypress: n
47.2309 	EXP 	Created unnamed TextStim = TextStim(__class__=<class 'psychopy.visual.text.TextStim'>, alignHoriz=method-wrapper(...), alignText='center', alignVert=method-wrapper(...), anchorHoriz='center', anchorVert='center', antialias=True, autoDraw=False, autoLog=True, bold=False, color=array([-1, -1, -1]), colorSpace='rgb', contrast=1.0, depth=0, flipHoriz=False, flipVert=False, font='', fontFiles=[], height=50.0, italic=False, languageStyle='LTR', name='unnamed TextStim', opacity=1.0, ori=0.0, pos=array([0., 0.]), rgb=UNKNOWN, text='Poprawnie', units='pix', win=Window(...), wrapWidth=500)
48.2480 	EXP 	unnamed TextStim: text = 'n'
50.0060 	DATA 	Keypress: n
50.0082 	EXP 	Created unnamed TextStim = TextStim(__class__=<class 'psychopy.visual.text.TextStim'>, alignHoriz=method-wrapper(...), alignText='center', alignVert=method-wrapper(...), anchorHoriz='center', anchorVert='center', antialias=True, autoDraw=False, autoLog=True, bold=False, color=array([-1, -1, -1]), colorSpace='rgb', contrast=1.0, depth=0, flipHoriz=False, flipVert=False, font='', fontFiles=[], height=50.0, italic=False, languageStyle='LTR', name='unnamed TextStim', opacity=1.0, ori=0.0, pos=array([0., 0.]), rgb=UNKNOWN, text='Poprawnie', units='pix', win=Window(...), wrapWidth=500)
51.0148 	EXP 	unnamed TextStim: text = 'n'
53.0917 	DATA 	Keypress: n
53.0936 	EXP 	Created unnamed TextStim = TextStim(__class__=<class 'psychopy.visual.text.TextStim'>, alignHoriz=method-wrapper(...), alignText='center', alignVert=method-wrapper(...), anchorHoriz='center', anchorVert='center', antialias=True, autoDraw=False, autoLog=True, bold=False, color=array([-1, -1, -1]), colorSpace='rgb', contrast=1.0, depth=0, flipHoriz=False, flipVert=False, font='', fontFiles=[], height=50.0, italic=False, languageStyle='LTR', name='unnamed TextStim', opacity=1.0, ori=0.0, pos=array([0., 0.]), rgb=UNKNOWN, text='Poprawnie', units='pix', win=Window(...), wrapWidth=500)
54.0978 	EXP 	unnamed TextStim: height = 25.0
54.0978 	EXP 	unnamed TextStim: height = 25.0
54.0978 	EXP 	unnamed TextStim: height = 25.0
54.0978 	EXP 	unnamed TextStim: text = 'm'
55.5159 	DATA 	Keypress: m
55.5215 	EXP 	Created unnamed TextStim = TextStim(__class__=<class 'psychopy.visual.text.TextStim'>, alignHoriz=method-wrapper(...), alignText='center', alignVert=method-wrapper(...), anchorHoriz='center', anchorVert='center', antialias=True, autoDraw=False, autoLog=True, bold=False, color=array([-1, -1, -1]), colorSpace='rgb', contrast=1.0, depth=0, flipHoriz=False, flipVert=False, font='', fontFiles=[], height=50.0, italic=False, languageStyle='LTR', name='unnamed TextStim', opacity=1.0, ori=0.0, pos=array([0., 0.]), rgb=UNKNOWN, text='Poprawnie', units='pix', win=Window(...), wrapWidth=500)
56.5484 	EXP 	unnamed TextStim: height = 25.0
56.5484 	EXP 	unnamed TextStim: height = 25.0
56.5484 	EXP 	unnamed TextStim: height = 25.0
56.5484 	EXP 	unnamed TextStim: text = 'x'
58.2748 	DATA 	Keypress: m
58.2775 	EXP 	Created unnamed TextStim = TextStim(__class__=<class 'psychopy.visual.text.TextStim'>, alignHoriz=method-wrapper(...), alignText='center', alignVert=method-wrapper(...), anchorHoriz='center', anchorVert='center', antialias=True, autoDraw=False, autoLog=True, bold=False, color=array([-1, -1, -1]), colorSpace='rgb', contrast=1.0, depth=0, flipHoriz=False, flipVert=False, font='', fontFiles=[], height=50.0, italic=False, languageStyle='LTR', name='unnamed TextStim', opacity=1.0, ori=0.0, pos=array([0., 0.]), rgb=UNKNOWN, text='Niepoprawnie', units='pix', win=Window(...), wrapWidth=500)
59.2818 	EXP 	unnamed TextStim: text = 'x'
61.6936 	DATA 	Keypress: x
61.6960 	EXP 	Created unnamed TextStim = TextStim(__class__=<class 'psychopy.visual.text.TextStim'>, alignHoriz=method-wrapper(...), alignText='center', alignVert=method-wrapper(...), anchorHoriz='center', anchorVert='center', antialias=True, autoDraw=False, autoLog=True, bold=False, color=array([-1, -1, -1]), colorSpace='rgb', contrast=1.0, depth=0, flipHoriz=False, flipVert=False, font='', fontFiles=[], height=50.0, italic=False, languageStyle='LTR', name='unnamed TextStim', opacity=1.0, ori=0.0, pos=array([0., 0.]), rgb=UNKNOWN, text='Poprawnie', units='pix', win=Window(...), wrapWidth=500)
62.7153 	EXP 	unnamed TextStim: height = 25.0
62.7153 	EXP 	unnamed TextStim: height = 25.0
62.7153 	EXP 	unnamed TextStim: height = 25.0
62.7153 	EXP 	unnamed TextStim: text = 'm'
64.4150 	DATA 	Keypress: m
64.4178 	EXP 	Created unnamed TextStim = TextStim(__class__=<class 'psychopy.visual.text.TextStim'>, alignHoriz=method-wrapper(...), alignText='center', alignVert=method-wrapper(...), anchorHoriz='center', anchorVert='center', antialias=True, autoDraw=False, autoLog=True, bold=False, color=array([-1, -1, -1]), colorSpace='rgb', contrast=1.0, depth=0, flipHoriz=False, flipVert=False, font='', fontFiles=[], height=50.0, italic=False, languageStyle='LTR', name='unnamed TextStim', opacity=1.0, ori=0.0, pos=array([0., 0.]), rgb=UNKNOWN, text='Poprawnie', units='pix', win=Window(...), wrapWidth=500)
65.4321 	EXP 	unnamed TextStim: height = 25.0
65.4321 	EXP 	unnamed TextStim: height = 25.0
65.4321 	EXP 	unnamed TextStim: height = 25.0
65.4321 	EXP 	unnamed TextStim: text = 'n'
67.1916 	DATA 	Keypress: m
67.1937 	EXP 	Created unnamed TextStim = TextStim(__class__=<class 'psychopy.visual.text.TextStim'>, alignHoriz=method-wrapper(...), alignText='center', alignVert=method-wrapper(...), anchorHoriz='center', anchorVert='center', antialias=True, autoDraw=False, autoLog=True, bold=False, color=array([-1, -1, -1]), colorSpace='rgb', contrast=1.0, depth=0, flipHoriz=False, flipVert=False, font='', fontFiles=[], height=50.0, italic=False, languageStyle='LTR', name='unnamed TextStim', opacity=1.0, ori=0.0, pos=array([0., 0.]), rgb=UNKNOWN, text='Niepoprawnie', units='pix', win=Window(...), wrapWidth=500)
68.2244 	EXP 	Created unnamed TextStim = TextStim(__class__=<class 'psychopy.visual.text.TextStim'>, alignHoriz=method-wrapper(...), alignText='center', alignVert=method-wrapper(...), anchorHoriz='center', anchorVert='center', antialias=True, autoDraw=False, autoLog=True, bold=False, color=array([-1, -1, -1]), colorSpace='rgb', contrast=1.0, depth=0, flipHoriz=False, flipVert=False, font='', fontFiles=[], height=20.0, italic=False, languageStyle='LTR', name='unnamed TextStim', opacity=1.0, ori=0.0, pos=array([0., 0.]), rgb=UNKNOWN, text=str(...), units='pix', win=Window(...), wrapWidth=1536)
70.5215 	DATA 	Keypress: space
70.5318 	EXP 	unnamed TextStim: height = 25.0
70.5318 	EXP 	unnamed TextStim: height = 25.0
70.5318 	EXP 	unnamed TextStim: height = 25.0
70.5318 	EXP 	unnamed TextStim: text = 'x'
72.3513 	DATA 	Keypress: n
72.3596 	EXP 	Created unnamed TextStim = TextStim(__class__=<class 'psychopy.visual.text.TextStim'>, alignHoriz=method-wrapper(...), alignText='center', alignVert=method-wrapper(...), anchorHoriz='center', anchorVert='center', antialias=True, autoDraw=False, autoLog=True, bold=False, color=array([-1, -1, -1]), colorSpace='rgb', contrast=1.0, depth=0, flipHoriz=False, flipVert=False, font='', fontFiles=[], height=50.0, italic=False, languageStyle='LTR', name='unnamed TextStim', opacity=1.0, ori=0.0, pos=array([0., 0.]), rgb=UNKNOWN, text='Niepoprawnie', units='pix', win=Window(...), wrapWidth=500)
73.3656 	EXP 	unnamed TextStim: height = 25.0
73.3656 	EXP 	unnamed TextStim: height = 25.0
73.3656 	EXP 	unnamed TextStim: height = 25.0
73.3656 	EXP 	unnamed TextStim: text = 'n'
75.1929 	DATA 	Keypress: z
75.1952 	EXP 	Created unnamed TextStim = TextStim(__class__=<class 'psychopy.visual.text.TextStim'>, alignHoriz=method-wrapper(...), alignText='center', alignVert=method-wrapper(...), anchorHoriz='center', anchorVert='center', antialias=True, autoDraw=False, autoLog=True, bold=False, color=array([-1, -1, -1]), colorSpace='rgb', contrast=1.0, depth=0, flipHoriz=False, flipVert=False, font='', fontFiles=[], height=50.0, italic=False, languageStyle='LTR', name='unnamed TextStim', opacity=1.0, ori=0.0, pos=array([0., 0.]), rgb=UNKNOWN, text='Niepoprawnie', units='pix', win=Window(...), wrapWidth=500)
76.1994 	EXP 	unnamed TextStim: height = 25.0
76.1994 	EXP 	unnamed TextStim: height = 25.0
76.1994 	EXP 	unnamed TextStim: height = 25.0
76.1994 	EXP 	unnamed TextStim: text = 'x'
77.8457 	DATA 	Keypress: x
77.8504 	EXP 	Created unnamed TextStim = TextStim(__class__=<class 'psychopy.visual.text.TextStim'>, alignHoriz=method-wrapper(...), alignText='center', alignVert=method-wrapper(...), anchorHoriz='center', anchorVert='center', antialias=True, autoDraw=False, autoLog=True, bold=False, color=array([-1, -1, -1]), colorSpace='rgb', contrast=1.0, depth=0, flipHoriz=False, flipVert=False, font='', fontFiles=[], height=50.0, italic=False, languageStyle='LTR', name='unnamed TextStim', opacity=1.0, ori=0.0, pos=array([0., 0.]), rgb=UNKNOWN, text='Poprawnie', units='pix', win=Window(...), wrapWidth=500)
78.8658 	EXP 	unnamed TextStim: height = 25.0
78.8658 	EXP 	unnamed TextStim: height = 25.0
78.8658 	EXP 	unnamed TextStim: height = 25.0
78.8658 	EXP 	unnamed TextStim: text = 'm'
80.5745 	DATA 	Keypress: m
80.5765 	EXP 	Created unnamed TextStim = TextStim(__class__=<class 'psychopy.visual.text.TextStim'>, alignHoriz=method-wrapper(...), alignText='center', alignVert=method-wrapper(...), anchorHoriz='center', anchorVert='center', antialias=True, autoDraw=False, autoLog=True, bold=False, color=array([-1, -1, -1]), colorSpace='rgb', contrast=1.0, depth=0, flipHoriz=False, flipVert=False, font='', fontFiles=[], height=50.0, italic=False, languageStyle='LTR', name='unnamed TextStim', opacity=1.0, ori=0.0, pos=array([0., 0.]), rgb=UNKNOWN, text='Poprawnie', units='pix', win=Window(...), wrapWidth=500)
81.5825 	EXP 	unnamed TextStim: height = 25.0
81.5825 	EXP 	unnamed TextStim: height = 25.0
81.5825 	EXP 	unnamed TextStim: height = 25.0
81.5825 	EXP 	unnamed TextStim: text = 'z'
83.1125 	DATA 	Keypress: n
83.1145 	EXP 	Created unnamed TextStim = TextStim(__class__=<class 'psychopy.visual.text.TextStim'>, alignHoriz=method-wrapper(...), alignText='center', alignVert=method-wrapper(...), anchorHoriz='center', anchorVert='center', antialias=True, autoDraw=False, autoLog=True, bold=False, color=array([-1, -1, -1]), colorSpace='rgb', contrast=1.0, depth=0, flipHoriz=False, flipVert=False, font='', fontFiles=[], height=50.0, italic=False, languageStyle='LTR', name='unnamed TextStim', opacity=1.0, ori=0.0, pos=array([0., 0.]), rgb=UNKNOWN, text='Niepoprawnie', units='pix', win=Window(...), wrapWidth=500)
84.1327 	EXP 	unnamed TextStim: height = 25.0
84.1327 	EXP 	unnamed TextStim: height = 25.0
84.1327 	EXP 	unnamed TextStim: height = 25.0
84.1327 	EXP 	unnamed TextStim: text = 'x'
85.9863 	DATA 	Keypress: x
85.9887 	EXP 	Created unnamed TextStim = TextStim(__class__=<class 'psychopy.visual.text.TextStim'>, alignHoriz=method-wrapper(...), alignText='center', alignVert=method-wrapper(...), anchorHoriz='center', anchorVert='center', antialias=True, autoDraw=False, autoLog=True, bold=False, color=array([-1, -1, -1]), colorSpace='rgb', contrast=1.0, depth=0, flipHoriz=False, flipVert=False, font='', fontFiles=[], height=50.0, italic=False, languageStyle='LTR', name='unnamed TextStim', opacity=1.0, ori=0.0, pos=array([0., 0.]), rgb=UNKNOWN, text='Poprawnie', units='pix', win=Window(...), wrapWidth=500)
86.9994 	EXP 	unnamed TextStim: height = 25.0
86.9994 	EXP 	unnamed TextStim: height = 25.0
86.9994 	EXP 	unnamed TextStim: height = 25.0
86.9994 	EXP 	unnamed TextStim: text = 'm'
88.6418 	DATA 	Keypress: n
88.6439 	EXP 	Created unnamed TextStim = TextStim(__class__=<class 'psychopy.visual.text.TextStim'>, alignHoriz=method-wrapper(...), alignText='center', alignVert=method-wrapper(...), anchorHoriz='center', anchorVert='center', antialias=True, autoDraw=False, autoLog=True, bold=False, color=array([-1, -1, -1]), colorSpace='rgb', contrast=1.0, depth=0, flipHoriz=False, flipVert=False, font='', fontFiles=[], height=50.0, italic=False, languageStyle='LTR', name='unnamed TextStim', opacity=1.0, ori=0.0, pos=array([0., 0.]), rgb=UNKNOWN, text='Niepoprawnie', units='pix', win=Window(...), wrapWidth=500)
89.6493 	EXP 	unnamed TextStim: height = 25.0
89.6493 	EXP 	unnamed TextStim: height = 25.0
89.6493 	EXP 	unnamed TextStim: height = 25.0
89.6493 	EXP 	unnamed TextStim: text = 'x'
91.2134 	DATA 	Keypress: x
91.2158 	EXP 	Created unnamed TextStim = TextStim(__class__=<class 'psychopy.visual.text.TextStim'>, alignHoriz=method-wrapper(...), alignText='center', alignVert=method-wrapper(...), anchorHoriz='center', anchorVert='center', antialias=True, autoDraw=False, autoLog=True, bold=False, color=array([-1, -1, -1]), colorSpace='rgb', contrast=1.0, depth=0, flipHoriz=False, flipVert=False, font='', fontFiles=[], height=50.0, italic=False, languageStyle='LTR', name='unnamed TextStim', opacity=1.0, ori=0.0, pos=array([0., 0.]), rgb=UNKNOWN, text='Poprawnie', units='pix', win=Window(...), wrapWidth=500)
92.2330 	EXP 	unnamed TextStim: height = 25.0
92.2330 	EXP 	unnamed TextStim: height = 25.0
92.2330 	EXP 	unnamed TextStim: height = 25.0
92.2330 	EXP 	unnamed TextStim: text = 'z'
93.9789 	DATA 	Keypress: m
93.9810 	EXP 	Created unnamed TextStim = TextStim(__class__=<class 'psychopy.visual.text.TextStim'>, alignHoriz=method-wrapper(...), alignText='center', alignVert=method-wrapper(...), anchorHoriz='center', anchorVert='center', antialias=True, autoDraw=False, autoLog=True, bold=False, color=array([-1, -1, -1]), colorSpace='rgb', contrast=1.0, depth=0, flipHoriz=False, flipVert=False, font='', fontFiles=[], height=50.0, italic=False, languageStyle='LTR', name='unnamed TextStim', opacity=1.0, ori=0.0, pos=array([0., 0.]), rgb=UNKNOWN, text='Niepoprawnie', units='pix', win=Window(...), wrapWidth=500)
94.9998 	EXP 	unnamed TextStim: height = 25.0
94.9998 	EXP 	unnamed TextStim: height = 25.0
94.9998 	EXP 	unnamed TextStim: height = 25.0
94.9998 	EXP 	unnamed TextStim: text = 'm'
96.3756 	DATA 	Keypress: m
96.3776 	EXP 	Created unnamed TextStim = TextStim(__class__=<class 'psychopy.visual.text.TextStim'>, alignHoriz=method-wrapper(...), alignText='center', alignVert=method-wrapper(...), anchorHoriz='center', anchorVert='center', antialias=True, autoDraw=False, autoLog=True, bold=False, color=array([-1, -1, -1]), colorSpace='rgb', contrast=1.0, depth=0, flipHoriz=False, flipVert=False, font='', fontFiles=[], height=50.0, italic=False, languageStyle='LTR', name='unnamed TextStim', opacity=1.0, ori=0.0, pos=array([0., 0.]), rgb=UNKNOWN, text='Poprawnie', units='pix', win=Window(...), wrapWidth=500)
97.4012 	EXP 	Created unnamed TextStim = TextStim(__class__=<class 'psychopy.visual.text.TextStim'>, alignHoriz=method-wrapper(...), alignText='center', alignVert=method-wrapper(...), anchorHoriz='center', anchorVert='center', antialias=True, autoDraw=False, autoLog=True, bold=False, color=array([-1, -1, -1]), colorSpace='rgb', contrast=1.0, depth=0, flipHoriz=False, flipVert=False, font='', fontFiles=[], height=20.0, italic=False, languageStyle='LTR', name='unnamed TextStim', opacity=1.0, ori=0.0, pos=array([0., 0.]), rgb=UNKNOWN, text=str(...), units='pix', win=Window(...), wrapWidth=1536)
101.3053 	DATA 	Keypress: space
101.3166 	EXP 	unnamed TextStim: height = 25.0
101.3166 	EXP 	unnamed TextStim: height = 25.0
101.3166 	EXP 	unnamed TextStim: height = 25.0
101.3166 	EXP 	unnamed TextStim: text = 'x'
102.7348 	DATA 	Keypress: n
102.7360 	EXP 	unnamed TextStim: text = 'x'
104.3912 	DATA 	Keypress: m
104.3933 	EXP 	unnamed TextStim: text = 'x'
106.1421 	DATA 	Keypress: x
106.1453 	EXP 	unnamed TextStim: height = 25.0
106.1453 	EXP 	unnamed TextStim: height = 25.0
106.1453 	EXP 	unnamed TextStim: height = 25.0
106.1453 	EXP 	unnamed TextStim: text = 'm'
107.8878 	DATA 	Keypress: x
107.8906 	EXP 	unnamed TextStim: height = 25.0
107.8906 	EXP 	unnamed TextStim: height = 25.0
107.8906 	EXP 	unnamed TextStim: height = 25.0
107.8906 	EXP 	unnamed TextStim: text = 'x'
109.3740 	DATA 	Keypress: x
109.3752 	EXP 	unnamed TextStim: text = 'x'
110.7932 	DATA 	Keypress: m
110.9134 	EXP 	Created unnamed ImageStim = ImageStim(__class__=<class 'psychopy.visual.image.ImageStim'>, anchor=('center', 'center'), autoLog=True, color=array([1., 1., 1.]), colorSpace='rgb', contrast=1.0, depth=0, flipHoriz=False, flipVert=False, image='break.jpg', interpolate=True, mask=None, maskParams=None, name='unnamed ImageStim', opacity=1.0, ori=0.0, pos=array([0., 0.]), size=array([1536.,  864.]), texRes=128, units='pix', win=Window(...))
113.1570 	DATA 	Keypress: space
113.1669 	EXP 	unnamed TextStim: height = 25.0
113.1669 	EXP 	unnamed TextStim: height = 25.0
113.1669 	EXP 	unnamed TextStim: height = 25.0
113.1669 	EXP 	unnamed TextStim: text = 'm'
114.6414 	DATA 	Keypress: m
114.6450 	EXP 	unnamed TextStim: height = 25.0
114.6450 	EXP 	unnamed TextStim: height = 25.0
114.6450 	EXP 	unnamed TextStim: height = 25.0
114.6450 	EXP 	unnamed TextStim: text = 'z'
116.5967 	DATA 	Keypress: z
116.5998 	EXP 	unnamed TextStim: height = 25.0
116.5998 	EXP 	unnamed TextStim: height = 25.0
116.5998 	EXP 	unnamed TextStim: height = 25.0
116.5998 	EXP 	unnamed TextStim: text = 'n'
118.3849 	DATA 	Keypress: z
118.3877 	EXP 	unnamed TextStim: height = 25.0
118.3877 	EXP 	unnamed TextStim: height = 25.0
118.3877 	EXP 	unnamed TextStim: height = 25.0
118.3877 	EXP 	unnamed TextStim: text = 'm'
119.7667 	DATA 	Keypress: x
119.7688 	EXP 	unnamed TextStim: height = 25.0
119.7688 	EXP 	unnamed TextStim: height = 25.0
119.7688 	EXP 	unnamed TextStim: height = 25.0
119.7688 	EXP 	unnamed TextStim: text = 'n'
121.5952 	DATA 	Keypress: n
121.5992 	EXP 	unnamed TextStim: height = 25.0
121.5992 	EXP 	unnamed TextStim: height = 25.0
121.5992 	EXP 	unnamed TextStim: height = 25.0
121.5992 	EXP 	unnamed TextStim: text = 'z'
123.7175 	DATA 	Keypress: z
123.8243 	EXP 	Created unnamed ImageStim = ImageStim(__class__=<class 'psychopy.visual.image.ImageStim'>, anchor=('center', 'center'), autoLog=True, color=array([1., 1., 1.]), colorSpace='rgb', contrast=1.0, depth=0, flipHoriz=False, flipVert=False, image='break.jpg', interpolate=True, mask=None, maskParams=None, name='unnamed ImageStim', opacity=1.0, ori=0.0, pos=array([0., 0.]), size=array([1536.,  864.]), texRes=128, units='pix', win=Window(...))
124.9369 	DATA 	Keypress: space
124.9508 	EXP 	unnamed TextStim: height = 25.0
124.9508 	EXP 	unnamed TextStim: height = 25.0
124.9508 	EXP 	unnamed TextStim: height = 25.0
124.9508 	EXP 	unnamed TextStim: text = 'm'
126.5387 	DATA 	Keypress: m
126.5402 	EXP 	unnamed TextStim: text = 'm'
128.4770 	DATA 	Keypress: m
128.4798 	EXP 	unnamed TextStim: height = 25.0
128.4798 	EXP 	unnamed TextStim: height = 25.0
128.4798 	EXP 	unnamed TextStim: height = 25.0
128.4798 	EXP 	unnamed TextStim: text = 'x'
129.9243 	DATA 	Keypress: n
129.9265 	EXP 	unnamed TextStim: height = 25.0
129.9265 	EXP 	unnamed TextStim: height = 25.0
129.9265 	EXP 	unnamed TextStim: height = 25.0
129.9265 	EXP 	unnamed TextStim: text = 'n'
131.5645 	DATA 	Keypress: x
131.5667 	EXP 	unnamed TextStim: height = 25.0
131.5667 	EXP 	unnamed TextStim: height = 25.0
131.5667 	EXP 	unnamed TextStim: height = 25.0
131.5667 	EXP 	unnamed TextStim: text = 'z'
133.1942 	DATA 	Keypress: z
133.1971 	EXP 	unnamed TextStim: height = 25.0
133.1971 	EXP 	unnamed TextStim: height = 25.0
133.1971 	EXP 	unnamed TextStim: height = 25.0
133.1971 	EXP 	unnamed TextStim: text = 'm'
134.8186 	DATA 	Keypress: n
134.9224 	EXP 	Created unnamed ImageStim = ImageStim(__class__=<class 'psychopy.visual.image.ImageStim'>, anchor=('center', 'center'), autoLog=True, color=array([1., 1., 1.]), colorSpace='rgb', contrast=1.0, depth=0, flipHoriz=False, flipVert=False, image='break.jpg', interpolate=True, mask=None, maskParams=None, name='unnamed ImageStim', opacity=1.0, ori=0.0, pos=array([0., 0.]), size=array([1536.,  864.]), texRes=128, units='pix', win=Window(...))
135.7582 	DATA 	Keypress: space
135.7676 	EXP 	unnamed TextStim: height = 25.0
135.7676 	EXP 	unnamed TextStim: height = 25.0
135.7676 	EXP 	unnamed TextStim: height = 25.0
135.7676 	EXP 	unnamed TextStim: text = 'x'
137.4899 	DATA 	Keypress: z
137.4923 	EXP 	unnamed TextStim: height = 25.0
137.4923 	EXP 	unnamed TextStim: height = 25.0
137.4923 	EXP 	unnamed TextStim: height = 25.0
137.4923 	EXP 	unnamed TextStim: text = 'z'
139.2961 	DATA 	Keypress: n
139.2979 	EXP 	unnamed TextStim: text = 'z'
142.0685 	DATA 	No keypress (maxWait exceeded)
142.0741 	EXP 	unnamed TextStim: height = 25.0
142.0741 	EXP 	unnamed TextStim: height = 25.0
142.0741 	EXP 	unnamed TextStim: height = 25.0
142.0741 	EXP 	unnamed TextStim: text = 'm'
142.2361 	DATA 	Keypress: x
143.8008 	DATA 	Keypress: n
143.8023 	EXP 	unnamed TextStim: text = 'm'
145.2853 	DATA 	Keypress: m
145.2875 	EXP 	unnamed TextStim: height = 25.0
145.2875 	EXP 	unnamed TextStim: height = 25.0
145.2875 	EXP 	unnamed TextStim: height = 25.0
145.2875 	EXP 	unnamed TextStim: text = 'x'
147.1593 	DATA 	Keypress: x
147.2687 	EXP 	Created unnamed ImageStim = ImageStim(__class__=<class 'psychopy.visual.image.ImageStim'>, anchor=('center', 'center'), autoLog=True, color=array([1., 1., 1.]), colorSpace='rgb', contrast=1.0, depth=0, flipHoriz=False, flipVert=False, image='break.jpg', interpolate=True, mask=None, maskParams=None, name='unnamed ImageStim', opacity=1.0, ori=0.0, pos=array([0., 0.]), size=array([1536.,  864.]), texRes=128, units='pix', win=Window(...))
148.3938 	DATA 	Keypress: space
148.4017 	EXP 	unnamed TextStim: height = 25.0
148.4017 	EXP 	unnamed TextStim: height = 25.0
148.4017 	EXP 	unnamed TextStim: height = 25.0
148.4017 	EXP 	unnamed TextStim: text = 'n'
149.9295 	DATA 	Keypress: n
149.9320 	EXP 	unnamed TextStim: height = 25.0
149.9320 	EXP 	unnamed TextStim: height = 25.0
149.9320 	EXP 	unnamed TextStim: height = 25.0
149.9320 	EXP 	unnamed TextStim: text = 'x'
151.4486 	DATA 	Keypress: n
151.4507 	EXP 	unnamed TextStim: height = 25.0
151.4507 	EXP 	unnamed TextStim: height = 25.0
151.4507 	EXP 	unnamed TextStim: height = 25.0
151.4507 	EXP 	unnamed TextStim: text = 'z'
153.0011 	DATA 	Keypress: x
153.0026 	EXP 	unnamed TextStim: text = 'z'
154.2861 	DATA 	Keypress: z
155.7482 	DATA 	Keypress: z
155.7494 	EXP 	unnamed TextStim: text = 'z'
157.0027 	DATA 	Keypress: z
157.0189 	EXP 	unnamed TextStim: height = 25.0
157.0189 	EXP 	unnamed TextStim: height = 25.0
157.0189 	EXP 	unnamed TextStim: height = 25.0
157.0189 	EXP 	unnamed TextStim: text = 'm'
158.6431 	DATA 	Keypress: n
158.7505 	EXP 	Created unnamed ImageStim = ImageStim(__class__=<class 'psychopy.visual.image.ImageStim'>, anchor=('center', 'center'), autoLog=True, color=array([1., 1., 1.]), colorSpace='rgb', contrast=1.0, depth=0, flipHoriz=False, flipVert=False, image='break.jpg', interpolate=True, mask=None, maskParams=None, name='unnamed ImageStim', opacity=1.0, ori=0.0, pos=array([0., 0.]), size=array([1536.,  864.]), texRes=128, units='pix', win=Window(...))
159.7954 	DATA 	Keypress: n
160.5515 	DATA 	Keypress: space
160.5685 	EXP 	unnamed TextStim: height = 25.0
160.5685 	EXP 	unnamed TextStim: height = 25.0
160.5685 	EXP 	unnamed TextStim: height = 25.0
160.5685 	EXP 	unnamed TextStim: text = 'x'
161.9747 	DATA 	Keypress: n
161.9759 	EXP 	unnamed TextStim: text = 'x'
163.8534 	DATA 	Keypress: z
163.8591 	EXP 	unnamed TextStim: height = 25.0
163.8591 	EXP 	unnamed TextStim: height = 25.0
163.8591 	EXP 	unnamed TextStim: height = 25.0
163.8591 	EXP 	unnamed TextStim: text = 'z'
165.1712 	DATA 	Keypress: x
165.1736 	EXP 	unnamed TextStim: height = 25.0
165.1736 	EXP 	unnamed TextStim: height = 25.0
165.1736 	EXP 	unnamed TextStim: height = 25.0
165.1736 	EXP 	unnamed TextStim: text = 'x'
166.7665 	DATA 	Keypress: x
166.7688 	EXP 	unnamed TextStim: height = 25.0
166.7688 	EXP 	unnamed TextStim: height = 25.0
166.7688 	EXP 	unnamed TextStim: height = 25.0
166.7688 	EXP 	unnamed TextStim: text = 'n'
168.3203 	DATA 	Keypress: x
168.3225 	EXP 	unnamed TextStim: height = 25.0
168.3225 	EXP 	unnamed TextStim: height = 25.0
168.3225 	EXP 	unnamed TextStim: height = 25.0
168.3225 	EXP 	unnamed TextStim: text = 'x'
170.0398 	DATA 	Keypress: n
170.1410 	EXP 	Created unnamed ImageStim = ImageStim(__class__=<class 'psychopy.visual.image.ImageStim'>, anchor=('center', 'center'), autoLog=True, color=array([1., 1., 1.]), colorSpace='rgb', contrast=1.0, depth=0, flipHoriz=False, flipVert=False, image='break.jpg', interpolate=True, mask=None, maskParams=None, name='unnamed ImageStim', opacity=1.0, ori=0.0, pos=array([0., 0.]), size=array([1536.,  864.]), texRes=128, units='pix', win=Window(...))
171.1139 	DATA 	Keypress: space
171.1190 	EXP 	unnamed TextStim: height = 25.0
171.1190 	EXP 	unnamed TextStim: height = 25.0
171.1190 	EXP 	unnamed TextStim: height = 25.0
171.1190 	EXP 	unnamed TextStim: text = 'z'
172.5387 	DATA 	Keypress: n
172.5410 	EXP 	unnamed TextStim: height = 25.0
172.5410 	EXP 	unnamed TextStim: height = 25.0
172.5410 	EXP 	unnamed TextStim: height = 25.0
172.5410 	EXP 	unnamed TextStim: text = 'm'
173.8759 	DATA 	Keypress: m
173.8783 	EXP 	unnamed TextStim: height = 25.0
173.8783 	EXP 	unnamed TextStim: height = 25.0
173.8783 	EXP 	unnamed TextStim: height = 25.0
173.8783 	EXP 	unnamed TextStim: text = 'z'
175.2771 	DATA 	Keypress: n
175.2807 	EXP 	unnamed TextStim: height = 25.0
175.2807 	EXP 	unnamed TextStim: height = 25.0
175.2807 	EXP 	unnamed TextStim: height = 25.0
175.2807 	EXP 	unnamed TextStim: text = 'x'
176.5380 	DATA 	Keypress: z
177.8876 	DATA 	Keypress: z
177.8898 	EXP 	unnamed TextStim: height = 25.0
177.8898 	EXP 	unnamed TextStim: height = 25.0
177.8898 	EXP 	unnamed TextStim: height = 25.0
177.8898 	EXP 	unnamed TextStim: text = 'm'
179.6187 	DATA 	Keypress: m
179.6239 	EXP 	unnamed TextStim: height = 25.0
179.6239 	EXP 	unnamed TextStim: height = 25.0
179.6239 	EXP 	unnamed TextStim: height = 25.0
179.6239 	EXP 	unnamed TextStim: text = 'z'
181.3960 	DATA 	Keypress: z
181.5070 	EXP 	Created unnamed ImageStim = ImageStim(__class__=<class 'psychopy.visual.image.ImageStim'>, anchor=('center', 'center'), autoLog=True, color=array([1., 1., 1.]), colorSpace='rgb', contrast=1.0, depth=0, flipHoriz=False, flipVert=False, image='break.jpg', interpolate=True, mask=None, maskParams=None, name='unnamed ImageStim', opacity=1.0, ori=0.0, pos=array([0., 0.]), size=array([1536.,  864.]), texRes=128, units='pix', win=Window(...))
182.2907 	DATA 	Keypress: space
182.3028 	EXP 	unnamed TextStim: height = 25.0
182.3028 	EXP 	unnamed TextStim: height = 25.0
182.3028 	EXP 	unnamed TextStim: height = 25.0
182.3028 	EXP 	unnamed TextStim: text = 'n'
183.9662 	DATA 	Keypress: n
183.9673 	EXP 	unnamed TextStim: text = 'n'
185.6319 	DATA 	Keypress: n
185.6342 	EXP 	unnamed TextStim: height = 25.0
185.6342 	EXP 	unnamed TextStim: height = 25.0
185.6342 	EXP 	unnamed TextStim: height = 25.0
185.6342 	EXP 	unnamed TextStim: text = 'm'
186.9993 	DATA 	Keypress: m
187.0017 	EXP 	unnamed TextStim: height = 25.0
187.0017 	EXP 	unnamed TextStim: height = 25.0
187.0017 	EXP 	unnamed TextStim: height = 25.0
187.0017 	EXP 	unnamed TextStim: text = 'x'
188.9664 	DATA 	Keypress: x
188.9675 	EXP 	unnamed TextStim: text = 'x'
190.4528 	DATA 	Keypress: z
190.4550 	EXP 	unnamed TextStim: height = 25.0
190.4550 	EXP 	unnamed TextStim: height = 25.0
190.4550 	EXP 	unnamed TextStim: height = 25.0
190.4550 	EXP 	unnamed TextStim: text = 'm'
192.0082 	DATA 	Keypress: m
192.1131 	EXP 	Created unnamed ImageStim = ImageStim(__class__=<class 'psychopy.visual.image.ImageStim'>, anchor=('center', 'center'), autoLog=True, color=array([1., 1., 1.]), colorSpace='rgb', contrast=1.0, depth=0, flipHoriz=False, flipVert=False, image='break.jpg', interpolate=True, mask=None, maskParams=None, name='unnamed ImageStim', opacity=1.0, ori=0.0, pos=array([0., 0.]), size=array([1536.,  864.]), texRes=128, units='pix', win=Window(...))
192.7168 	DATA 	Keypress: space
192.7196 	EXP 	unnamed TextStim: height = 25.0
192.7196 	EXP 	unnamed TextStim: height = 25.0
192.7196 	EXP 	unnamed TextStim: height = 25.0
192.7196 	EXP 	unnamed TextStim: text = 'x'
194.1780 	DATA 	Keypress: n
194.1806 	EXP 	unnamed TextStim: height = 25.0
194.1806 	EXP 	unnamed TextStim: height = 25.0
194.1806 	EXP 	unnamed TextStim: height = 25.0
194.1806 	EXP 	unnamed TextStim: text = 'z'
195.7974 	DATA 	Keypress: x
195.7995 	EXP 	unnamed TextStim: height = 25.0
195.7995 	EXP 	unnamed TextStim: height = 25.0
195.7995 	EXP 	unnamed TextStim: height = 25.0
195.7995 	EXP 	unnamed TextStim: text = 'x'
197.0561 	DATA 	Keypress: z
198.3867 	DATA 	Keypress: z
198.3880 	EXP 	unnamed TextStim: text = 'x'
199.8736 	DATA 	Keypress: n
199.8795 	EXP 	unnamed TextStim: height = 25.0
199.8795 	EXP 	unnamed TextStim: height = 25.0
199.8795 	EXP 	unnamed TextStim: height = 25.0
199.8795 	EXP 	unnamed TextStim: text = 'n'
201.0378 	DATA 	Keypress: z
201.0538 	EXP 	unnamed TextStim: height = 25.0
201.0538 	EXP 	unnamed TextStim: height = 25.0
201.0538 	EXP 	unnamed TextStim: height = 25.0
201.0538 	EXP 	unnamed TextStim: text = 'm'
202.2879 	DATA 	Keypress: m
202.3932 	EXP 	Created unnamed ImageStim = ImageStim(__class__=<class 'psychopy.visual.image.ImageStim'>, anchor=('center', 'center'), autoLog=True, color=array([1., 1., 1.]), colorSpace='rgb', contrast=1.0, depth=0, flipHoriz=False, flipVert=False, image='break.jpg', interpolate=True, mask=None, maskParams=None, name='unnamed ImageStim', opacity=1.0, ori=0.0, pos=array([0., 0.]), size=array([1536.,  864.]), texRes=128, units='pix', win=Window(...))
203.0688 	DATA 	Keypress: space
203.0714 	EXP 	unnamed TextStim: height = 25.0
203.0714 	EXP 	unnamed TextStim: height = 25.0
203.0714 	EXP 	unnamed TextStim: height = 25.0
203.0714 	EXP 	unnamed TextStim: text = 'x'
204.6038 	DATA 	Keypress: x
204.6060 	EXP 	unnamed TextStim: height = 25.0
204.6060 	EXP 	unnamed TextStim: height = 25.0
204.6060 	EXP 	unnamed TextStim: height = 25.0
204.6060 	EXP 	unnamed TextStim: text = 'n'
206.5076 	DATA 	Keypress: m
206.5097 	EXP 	unnamed TextStim: height = 25.0
206.5097 	EXP 	unnamed TextStim: height = 25.0
206.5097 	EXP 	unnamed TextStim: height = 25.0
206.5097 	EXP 	unnamed TextStim: text = 'z'
208.3024 	DATA 	Keypress: z
208.3048 	EXP 	unnamed TextStim: height = 25.0
208.3048 	EXP 	unnamed TextStim: height = 25.0
208.3048 	EXP 	unnamed TextStim: height = 25.0
208.3048 	EXP 	unnamed TextStim: text = 'm'
210.0188 	DATA 	Keypress: m
210.0203 	EXP 	unnamed TextStim: text = 'm'
211.5205 	DATA 	Keypress: m
211.5227 	EXP 	unnamed TextStim: height = 25.0
211.5227 	EXP 	unnamed TextStim: height = 25.0
211.5227 	EXP 	unnamed TextStim: height = 25.0
211.5227 	EXP 	unnamed TextStim: text = 'x'
213.4156 	DATA 	Keypress: x
213.5241 	EXP 	Created unnamed ImageStim = ImageStim(__class__=<class 'psychopy.visual.image.ImageStim'>, anchor=('center', 'center'), autoLog=True, color=array([1., 1., 1.]), colorSpace='rgb', contrast=1.0, depth=0, flipHoriz=False, flipVert=False, image='break.jpg', interpolate=True, mask=None, maskParams=None, name='unnamed ImageStim', opacity=1.0, ori=0.0, pos=array([0., 0.]), size=array([1536.,  864.]), texRes=128, units='pix', win=Window(...))
214.3158 	DATA 	Keypress: space
214.3205 	EXP 	unnamed TextStim: height = 25.0
214.3205 	EXP 	unnamed TextStim: height = 25.0
214.3205 	EXP 	unnamed TextStim: height = 25.0
214.3205 	EXP 	unnamed TextStim: text = 'z'
215.8901 	DATA 	Keypress: z
215.8914 	EXP 	unnamed TextStim: text = 'z'
217.5429 	DATA 	Keypress: z
217.5494 	EXP 	unnamed TextStim: height = 25.0
217.5494 	EXP 	unnamed TextStim: height = 25.0
217.5494 	EXP 	unnamed TextStim: height = 25.0
217.5494 	EXP 	unnamed TextStim: text = 'm'
219.0292 	DATA 	Keypress: m
219.0313 	EXP 	unnamed TextStim: height = 25.0
219.0313 	EXP 	unnamed TextStim: height = 25.0
219.0313 	EXP 	unnamed TextStim: height = 25.0
219.0313 	EXP 	unnamed TextStim: text = 'n'
220.8169 	DATA 	Keypress: x
220.8183 	EXP 	unnamed TextStim: text = 'n'
222.3497 	DATA 	Keypress: n
222.3521 	EXP 	unnamed TextStim: height = 25.0
222.3521 	EXP 	unnamed TextStim: height = 25.0
222.3521 	EXP 	unnamed TextStim: height = 25.0
222.3521 	EXP 	unnamed TextStim: text = 'z'
224.1998 	DATA 	Keypress: z
224.3049 	EXP 	Created unnamed ImageStim = ImageStim(__class__=<class 'psychopy.visual.image.ImageStim'>, anchor=('center', 'center'), autoLog=True, color=array([1., 1., 1.]), colorSpace='rgb', contrast=1.0, depth=0, flipHoriz=False, flipVert=False, image='break.jpg', interpolate=True, mask=None, maskParams=None, name='unnamed ImageStim', opacity=1.0, ori=0.0, pos=array([0., 0.]), size=array([1536.,  864.]), texRes=128, units='pix', win=Window(...))
225.0043 	DATA 	Keypress: space
225.0188 	EXP 	Created unnamed TextStim = TextStim(__class__=<class 'psychopy.visual.text.TextStim'>, alignHoriz=method-wrapper(...), alignText='center', alignVert=method-wrapper(...), anchorHoriz='center', anchorVert='center', antialias=True, autoDraw=False, autoLog=True, bold=False, color=array([-1, -1, -1]), colorSpace='rgb', contrast=1.0, depth=0, flipHoriz=False, flipVert=False, font='', fontFiles=[], height=20.0, italic=False, languageStyle='LTR', name='unnamed TextStim', opacity=1.0, ori=0.0, pos=array([0., 0.]), rgb=UNKNOWN, text=str(...), units='pix', win=Window(...), wrapWidth=1536)
237.0716 	DATA 	Keypress: return
237.1874 	EXP 	window1: mouseVisible = True
