134.6527 	WARNING 	User requested fullscreen with size [1536  864], but screen is actually [1920, 1080]. Using actual size
136.1886 	INFO 	FRAME RATE: 60
136.1887 	INFO 	SCREEN RES: odict_values([1536, 864])
136.2485 	EXP 	Created unnamed TextStim = TextStim(__class__=<class 'psychopy.visual.text.TextStim'>, alignHoriz=method-wrapper(...), alignText='center', alignVert=method-wrapper(...), anchorHoriz='center', anchorVert='center', antialias=True, autoDraw=False, autoLog=True, bold=False, color=array([-1, -1, -1]), colorSpace='rgb', contrast=1.0, depth=0, flipHoriz=False, flipVert=False, font='', fontFiles=[], height=100.0, italic=False, languageStyle='LTR', name='unnamed TextStim', opacity=1.0, ori=0.0, pos=array([0., 0.]), rgb=UNKNOWN, text='+', units='pix', win=Window(...), wrapWidth=500)
136.2525 	EXP 	Created unnamed Circle = Circle(__class__=<class 'psychopy.visual.circle.Circle'>, anchor=('center', 'center'), autoDraw=False, autoLog=True, closeShape=True, color=method-wrapper(...), colorSpace='rgb', contrast=None, depth=0, fillColor=array([ 0.09019608, -1.        , -1.        ]), fillColorSpace='rgb', fillRGB=array([ 0.09019608, -1.        , -1.        ]), interpolate=True, lineColor=array([ 0.09019608, -1.        , -1.        ]), lineColorSpace='rgb', lineRGB=array([ 0.09019608, -1.        , -1.        ]), lineWidth=1.5, name='unnamed Circle', opacity=1.0, ori=0.0, pos=array([0., 0.]), size=array([1., 1.]), units='pix', vertices=ndarray(...), win=Window(...))
136.2536 	EXP 	Created unnamed TextStim = TextStim(__class__=<class 'psychopy.visual.text.TextStim'>, alignHoriz=method-wrapper(...), alignText='center', alignVert=method-wrapper(...), anchorHoriz='center', anchorVert='center', antialias=True, autoDraw=False, autoLog=True, bold=False, color=array([-0.17647059, -0.17647059, -0.17647059]), colorSpace='rgb', contrast=1.0, depth=0, flipHoriz=False, flipVert=False, font='', fontFiles=[], height=25, italic=False, languageStyle='LTR', name='unnamed TextStim', opacity=1.0, ori=0.0, pos=array([0., 0.]), rgb=UNKNOWN, text='', units='pix', win=Window(...), wrapWidth=500)
136.2613 	EXP 	Created unnamed ImageStim = ImageStim(__class__=<class 'psychopy.visual.image.ImageStim'>, anchor=('center', 'center'), autoLog=True, color=array([1., 1., 1.]), colorSpace='rgb', contrast=1.0, depth=0, flipHoriz=False, flipVert=False, image='mask4.png', interpolate=False, mask=None, maskParams=None, name='unnamed ImageStim', opacity=1.0, ori=0.0, pos=array([0., 0.]), size=array([25., 25.]), texRes=128, units='pix', win=Window(...))
136.2686 	EXP 	Created unnamed TextStim = TextStim(__class__=<class 'psychopy.visual.text.TextStim'>, alignHoriz=method-wrapper(...), alignText='center', alignVert=method-wrapper(...), anchorHoriz='center', anchorVert='center', antialias=True, autoDraw=False, autoLog=True, bold=False, color=array([-1, -1, -1]), colorSpace='rgb', contrast=1.0, depth=0, flipHoriz=False, flipVert=False, font='', fontFiles=[], height=30.0, italic=False, languageStyle='LTR', name='unnamed TextStim', opacity=1.0, ori=0.0, pos=array([ 100., -300.]), rgb=UNKNOWN, text=str(...), units='pix', win=Window(...), wrapWidth=10000)
136.2798 	EXP 	Created unnamed TextStim = TextStim(__class__=<class 'psychopy.visual.text.TextStim'>, alignHoriz=method-wrapper(...), alignText='center', alignVert=method-wrapper(...), anchorHoriz='center', anchorVert='center', antialias=True, autoDraw=False, autoLog=True, bold=False, color=array([-1, -1, -1]), colorSpace='rgb', contrast=1.0, depth=0, flipHoriz=False, flipVert=False, font='', fontFiles=[], height=30.0, italic=False, languageStyle='LTR', name='unnamed TextStim', opacity=1.0, ori=0.0, pos=array([ 100., -330.]), rgb=UNKNOWN, text=str(...), units='pix', win=Window(...), wrapWidth=10000)
136.3143 	EXP 	Created unnamed TextStim = TextStim(__class__=<class 'psychopy.visual.text.TextStim'>, alignHoriz=method-wrapper(...), alignText='center', alignVert=method-wrapper(...), anchorHoriz='center', anchorVert='center', antialias=True, autoDraw=False, autoLog=True, bold=False, color=array([-1, -1, -1]), colorSpace='rgb', contrast=1.0, depth=0, flipHoriz=False, flipVert=False, font='', fontFiles=[], height=20.0, italic=False, languageStyle='LTR', name='unnamed TextStim', opacity=1.0, ori=0.0, pos=array([0., 0.]), rgb=UNKNOWN, text=str(...), units='pix', win=Window(...), wrapWidth=1536)
153.3323 	DATA 	Keypress: space
153.3378 	EXP 	unnamed TextStim: height = 25.0
153.3378 	EXP 	unnamed TextStim: height = 25.0
153.3378 	EXP 	unnamed TextStim: height = 25.0
153.3378 	EXP 	unnamed TextStim: text = '←'
156.3049 	DATA 	No keypress (maxWait exceeded)
156.3149 	EXP 	Created unnamed TextStim = TextStim(__class__=<class 'psychopy.visual.text.TextStim'>, alignHoriz=method-wrapper(...), alignText='center', alignVert=method-wrapper(...), anchorHoriz='center', anchorVert='center', antialias=True, autoDraw=False, autoLog=True, bold=False, color=array([-1, -1, -1]), colorSpace='rgb', contrast=1.0, depth=0, flipHoriz=False, flipVert=False, font='', fontFiles=[], height=50.0, italic=False, languageStyle='LTR', name='unnamed TextStim', opacity=1.0, ori=0.0, pos=array([0., 0.]), rgb=UNKNOWN, text='Niepoprawnie', units='pix', win=Window(...), wrapWidth=500)
157.3214 	EXP 	unnamed TextStim: height = 25.0
157.3214 	EXP 	unnamed TextStim: height = 25.0
157.3214 	EXP 	unnamed TextStim: height = 25.0
157.3214 	EXP 	unnamed TextStim: text = '↓'
159.6377 	DATA 	Keypress: down
159.6413 	EXP 	Created unnamed TextStim = TextStim(__class__=<class 'psychopy.visual.text.TextStim'>, alignHoriz=method-wrapper(...), alignText='center', alignVert=method-wrapper(...), anchorHoriz='center', anchorVert='center', antialias=True, autoDraw=False, autoLog=True, bold=False, color=array([-1, -1, -1]), colorSpace='rgb', contrast=1.0, depth=0, flipHoriz=False, flipVert=False, font='', fontFiles=[], height=50.0, italic=False, languageStyle='LTR', name='unnamed TextStim', opacity=1.0, ori=0.0, pos=array([0., 0.]), rgb=UNKNOWN, text='Poprawnie', units='pix', win=Window(...), wrapWidth=500)
160.6548 	EXP 	unnamed TextStim: height = 25.0
160.6548 	EXP 	unnamed TextStim: height = 25.0
160.6548 	EXP 	unnamed TextStim: height = 25.0
160.6548 	EXP 	unnamed TextStim: text = '↑'
162.6861 	DATA 	Keypress: up
162.6881 	EXP 	Created unnamed TextStim = TextStim(__class__=<class 'psychopy.visual.text.TextStim'>, alignHoriz=method-wrapper(...), alignText='center', alignVert=method-wrapper(...), anchorHoriz='center', anchorVert='center', antialias=True, autoDraw=False, autoLog=True, bold=False, color=array([-1, -1, -1]), colorSpace='rgb', contrast=1.0, depth=0, flipHoriz=False, flipVert=False, font='', fontFiles=[], height=50.0, italic=False, languageStyle='LTR', name='unnamed TextStim', opacity=1.0, ori=0.0, pos=array([0., 0.]), rgb=UNKNOWN, text='Poprawnie', units='pix', win=Window(...), wrapWidth=500)
163.7049 	EXP 	unnamed TextStim: text = '↑'
165.6054 	DATA 	Keypress: up
165.6075 	EXP 	Created unnamed TextStim = TextStim(__class__=<class 'psychopy.visual.text.TextStim'>, alignHoriz=method-wrapper(...), alignText='center', alignVert=method-wrapper(...), anchorHoriz='center', anchorVert='center', antialias=True, autoDraw=False, autoLog=True, bold=False, color=array([-1, -1, -1]), colorSpace='rgb', contrast=1.0, depth=0, flipHoriz=False, flipVert=False, font='', fontFiles=[], height=50.0, italic=False, languageStyle='LTR', name='unnamed TextStim', opacity=1.0, ori=0.0, pos=array([0., 0.]), rgb=UNKNOWN, text='Poprawnie', units='pix', win=Window(...), wrapWidth=500)
166.6217 	EXP 	unnamed TextStim: height = 25.0
166.6217 	EXP 	unnamed TextStim: height = 25.0
166.6217 	EXP 	unnamed TextStim: height = 25.0
166.6217 	EXP 	unnamed TextStim: text = '→'
168.4190 	DATA 	Keypress: right
168.4211 	EXP 	Created unnamed TextStim = TextStim(__class__=<class 'psychopy.visual.text.TextStim'>, alignHoriz=method-wrapper(...), alignText='center', alignVert=method-wrapper(...), anchorHoriz='center', anchorVert='center', antialias=True, autoDraw=False, autoLog=True, bold=False, color=array([-1, -1, -1]), colorSpace='rgb', contrast=1.0, depth=0, flipHoriz=False, flipVert=False, font='', fontFiles=[], height=50.0, italic=False, languageStyle='LTR', name='unnamed TextStim', opacity=1.0, ori=0.0, pos=array([0., 0.]), rgb=UNKNOWN, text='Poprawnie', units='pix', win=Window(...), wrapWidth=500)
169.4385 	EXP 	unnamed TextStim: height = 25.0
169.4385 	EXP 	unnamed TextStim: height = 25.0
169.4385 	EXP 	unnamed TextStim: height = 25.0
169.4385 	EXP 	unnamed TextStim: text = '↑'
171.1697 	DATA 	Keypress: up
171.1721 	EXP 	Created unnamed TextStim = TextStim(__class__=<class 'psychopy.visual.text.TextStim'>, alignHoriz=method-wrapper(...), alignText='center', alignVert=method-wrapper(...), anchorHoriz='center', anchorVert='center', antialias=True, autoDraw=False, autoLog=True, bold=False, color=array([-1, -1, -1]), colorSpace='rgb', contrast=1.0, depth=0, flipHoriz=False, flipVert=False, font='', fontFiles=[], height=50.0, italic=False, languageStyle='LTR', name='unnamed TextStim', opacity=1.0, ori=0.0, pos=array([0., 0.]), rgb=UNKNOWN, text='Poprawnie', units='pix', win=Window(...), wrapWidth=500)
172.1886 	EXP 	unnamed TextStim: height = 25.0
172.1886 	EXP 	unnamed TextStim: height = 25.0
172.1886 	EXP 	unnamed TextStim: height = 25.0
172.1886 	EXP 	unnamed TextStim: text = '←'
173.8766 	DATA 	Keypress: left
173.8792 	EXP 	Created unnamed TextStim = TextStim(__class__=<class 'psychopy.visual.text.TextStim'>, alignHoriz=method-wrapper(...), alignText='center', alignVert=method-wrapper(...), anchorHoriz='center', anchorVert='center', antialias=True, autoDraw=False, autoLog=True, bold=False, color=array([-1, -1, -1]), colorSpace='rgb', contrast=1.0, depth=0, flipHoriz=False, flipVert=False, font='', fontFiles=[], height=50.0, italic=False, languageStyle='LTR', name='unnamed TextStim', opacity=1.0, ori=0.0, pos=array([0., 0.]), rgb=UNKNOWN, text='Poprawnie', units='pix', win=Window(...), wrapWidth=500)
174.8887 	EXP 	unnamed TextStim: text = '←'
176.6929 	DATA 	Keypress: left
176.6954 	EXP 	Created unnamed TextStim = TextStim(__class__=<class 'psychopy.visual.text.TextStim'>, alignHoriz=method-wrapper(...), alignText='center', alignVert=method-wrapper(...), anchorHoriz='center', anchorVert='center', antialias=True, autoDraw=False, autoLog=True, bold=False, color=array([-1, -1, -1]), colorSpace='rgb', contrast=1.0, depth=0, flipHoriz=False, flipVert=False, font='', fontFiles=[], height=50.0, italic=False, languageStyle='LTR', name='unnamed TextStim', opacity=1.0, ori=0.0, pos=array([0., 0.]), rgb=UNKNOWN, text='Poprawnie', units='pix', win=Window(...), wrapWidth=500)
177.7054 	EXP 	unnamed TextStim: height = 25.0
177.7054 	EXP 	unnamed TextStim: height = 25.0
177.7054 	EXP 	unnamed TextStim: height = 25.0
177.7054 	EXP 	unnamed TextStim: text = '↑'
179.1834 	DATA 	Keypress: up
179.1852 	EXP 	Created unnamed TextStim = TextStim(__class__=<class 'psychopy.visual.text.TextStim'>, alignHoriz=method-wrapper(...), alignText='center', alignVert=method-wrapper(...), anchorHoriz='center', anchorVert='center', antialias=True, autoDraw=False, autoLog=True, bold=False, color=array([-1, -1, -1]), colorSpace='rgb', contrast=1.0, depth=0, flipHoriz=False, flipVert=False, font='', fontFiles=[], height=50.0, italic=False, languageStyle='LTR', name='unnamed TextStim', opacity=1.0, ori=0.0, pos=array([0., 0.]), rgb=UNKNOWN, text='Poprawnie', units='pix', win=Window(...), wrapWidth=500)
180.2056 	EXP 	unnamed TextStim: height = 25.0
180.2056 	EXP 	unnamed TextStim: height = 25.0
180.2056 	EXP 	unnamed TextStim: height = 25.0
180.2056 	EXP 	unnamed TextStim: text = '←'
182.1674 	DATA 	Keypress: left
182.1701 	EXP 	Created unnamed TextStim = TextStim(__class__=<class 'psychopy.visual.text.TextStim'>, alignHoriz=method-wrapper(...), alignText='center', alignVert=method-wrapper(...), anchorHoriz='center', anchorVert='center', antialias=True, autoDraw=False, autoLog=True, bold=False, color=array([-1, -1, -1]), colorSpace='rgb', contrast=1.0, depth=0, flipHoriz=False, flipVert=False, font='', fontFiles=[], height=50.0, italic=False, languageStyle='LTR', name='unnamed TextStim', opacity=1.0, ori=0.0, pos=array([0., 0.]), rgb=UNKNOWN, text='Poprawnie', units='pix', win=Window(...), wrapWidth=500)
183.1891 	EXP 	unnamed TextStim: height = 25.0
183.1891 	EXP 	unnamed TextStim: height = 25.0
183.1891 	EXP 	unnamed TextStim: height = 25.0
183.1891 	EXP 	unnamed TextStim: text = '↓'
184.9716 	DATA 	Keypress: down
184.9742 	EXP 	Created unnamed TextStim = TextStim(__class__=<class 'psychopy.visual.text.TextStim'>, alignHoriz=method-wrapper(...), alignText='center', alignVert=method-wrapper(...), anchorHoriz='center', anchorVert='center', antialias=True, autoDraw=False, autoLog=True, bold=False, color=array([-1, -1, -1]), colorSpace='rgb', contrast=1.0, depth=0, flipHoriz=False, flipVert=False, font='', fontFiles=[], height=50.0, italic=False, languageStyle='LTR', name='unnamed TextStim', opacity=1.0, ori=0.0, pos=array([0., 0.]), rgb=UNKNOWN, text='Poprawnie', units='pix', win=Window(...), wrapWidth=500)
185.9891 	EXP 	unnamed TextStim: height = 25.0
185.9891 	EXP 	unnamed TextStim: height = 25.0
185.9891 	EXP 	unnamed TextStim: height = 25.0
185.9891 	EXP 	unnamed TextStim: text = '↑'
187.2732 	DATA 	Keypress: up
187.2787 	EXP 	Created unnamed TextStim = TextStim(__class__=<class 'psychopy.visual.text.TextStim'>, alignHoriz=method-wrapper(...), alignText='center', alignVert=method-wrapper(...), anchorHoriz='center', anchorVert='center', antialias=True, autoDraw=False, autoLog=True, bold=False, color=array([-1, -1, -1]), colorSpace='rgb', contrast=1.0, depth=0, flipHoriz=False, flipVert=False, font='', fontFiles=[], height=50.0, italic=False, languageStyle='LTR', name='unnamed TextStim', opacity=1.0, ori=0.0, pos=array([0., 0.]), rgb=UNKNOWN, text='Poprawnie', units='pix', win=Window(...), wrapWidth=500)
188.3059 	EXP 	unnamed TextStim: text = '↑'
190.5708 	DATA 	Keypress: up
190.5734 	EXP 	Created unnamed TextStim = TextStim(__class__=<class 'psychopy.visual.text.TextStim'>, alignHoriz=method-wrapper(...), alignText='center', alignVert=method-wrapper(...), anchorHoriz='center', anchorVert='center', antialias=True, autoDraw=False, autoLog=True, bold=False, color=array([-1, -1, -1]), colorSpace='rgb', contrast=1.0, depth=0, flipHoriz=False, flipVert=False, font='', fontFiles=[], height=50.0, italic=False, languageStyle='LTR', name='unnamed TextStim', opacity=1.0, ori=0.0, pos=array([0., 0.]), rgb=UNKNOWN, text='Poprawnie', units='pix', win=Window(...), wrapWidth=500)
191.5894 	EXP 	unnamed TextStim: height = 25.0
191.5894 	EXP 	unnamed TextStim: height = 25.0
191.5894 	EXP 	unnamed TextStim: height = 25.0
191.5894 	EXP 	unnamed TextStim: text = '→'
193.1779 	DATA 	Keypress: right
193.1800 	EXP 	Created unnamed TextStim = TextStim(__class__=<class 'psychopy.visual.text.TextStim'>, alignHoriz=method-wrapper(...), alignText='center', alignVert=method-wrapper(...), anchorHoriz='center', anchorVert='center', antialias=True, autoDraw=False, autoLog=True, bold=False, color=array([-1, -1, -1]), colorSpace='rgb', contrast=1.0, depth=0, flipHoriz=False, flipVert=False, font='', fontFiles=[], height=50.0, italic=False, languageStyle='LTR', name='unnamed TextStim', opacity=1.0, ori=0.0, pos=array([0., 0.]), rgb=UNKNOWN, text='Poprawnie', units='pix', win=Window(...), wrapWidth=500)
194.1893 	EXP 	unnamed TextStim: height = 25.0
194.1893 	EXP 	unnamed TextStim: height = 25.0
194.1893 	EXP 	unnamed TextStim: height = 25.0
194.1893 	EXP 	unnamed TextStim: text = '↓'
196.1020 	DATA 	Keypress: up
196.1047 	EXP 	Created unnamed TextStim = TextStim(__class__=<class 'psychopy.visual.text.TextStim'>, alignHoriz=method-wrapper(...), alignText='center', alignVert=method-wrapper(...), anchorHoriz='center', anchorVert='center', antialias=True, autoDraw=False, autoLog=True, bold=False, color=array([-1, -1, -1]), colorSpace='rgb', contrast=1.0, depth=0, flipHoriz=False, flipVert=False, font='', fontFiles=[], height=50.0, italic=False, languageStyle='LTR', name='unnamed TextStim', opacity=1.0, ori=0.0, pos=array([0., 0.]), rgb=UNKNOWN, text='Niepoprawnie', units='pix', win=Window(...), wrapWidth=500)
197.1382 	EXP 	Created unnamed TextStim = TextStim(__class__=<class 'psychopy.visual.text.TextStim'>, alignHoriz=method-wrapper(...), alignText='center', alignVert=method-wrapper(...), anchorHoriz='center', anchorVert='center', antialias=True, autoDraw=False, autoLog=True, bold=False, color=array([-1, -1, -1]), colorSpace='rgb', contrast=1.0, depth=0, flipHoriz=False, flipVert=False, font='', fontFiles=[], height=20.0, italic=False, languageStyle='LTR', name='unnamed TextStim', opacity=1.0, ori=0.0, pos=array([0., 0.]), rgb=UNKNOWN, text=str(...), units='pix', win=Window(...), wrapWidth=1536)
209.3108 	DATA 	Keypress: space
209.3230 	EXP 	unnamed TextStim: height = 25.0
209.3230 	EXP 	unnamed TextStim: height = 25.0
209.3230 	EXP 	unnamed TextStim: height = 25.0
209.3230 	EXP 	unnamed TextStim: text = '→'
210.8306 	DATA 	Keypress: right
210.8367 	EXP 	Created unnamed TextStim = TextStim(__class__=<class 'psychopy.visual.text.TextStim'>, alignHoriz=method-wrapper(...), alignText='center', alignVert=method-wrapper(...), anchorHoriz='center', anchorVert='center', antialias=True, autoDraw=False, autoLog=True, bold=False, color=array([-1, -1, -1]), colorSpace='rgb', contrast=1.0, depth=0, flipHoriz=False, flipVert=False, font='', fontFiles=[], height=50.0, italic=False, languageStyle='LTR', name='unnamed TextStim', opacity=1.0, ori=0.0, pos=array([0., 0.]), rgb=UNKNOWN, text='Poprawnie', units='pix', win=Window(...), wrapWidth=500)
211.8417 	EXP 	unnamed TextStim: height = 25.0
211.8417 	EXP 	unnamed TextStim: height = 25.0
211.8417 	EXP 	unnamed TextStim: height = 25.0
211.8417 	EXP 	unnamed TextStim: text = '←'
213.3113 	DATA 	Keypress: left
213.3134 	EXP 	Created unnamed TextStim = TextStim(__class__=<class 'psychopy.visual.text.TextStim'>, alignHoriz=method-wrapper(...), alignText='center', alignVert=method-wrapper(...), anchorHoriz='center', anchorVert='center', antialias=True, autoDraw=False, autoLog=True, bold=False, color=array([-1, -1, -1]), colorSpace='rgb', contrast=1.0, depth=0, flipHoriz=False, flipVert=False, font='', fontFiles=[], height=50.0, italic=False, languageStyle='LTR', name='unnamed TextStim', opacity=1.0, ori=0.0, pos=array([0., 0.]), rgb=UNKNOWN, text='Poprawnie', units='pix', win=Window(...), wrapWidth=500)
214.3236 	EXP 	unnamed TextStim: height = 25.0
214.3236 	EXP 	unnamed TextStim: height = 25.0
214.3236 	EXP 	unnamed TextStim: height = 25.0
214.3236 	EXP 	unnamed TextStim: text = '→'
215.8074 	DATA 	Keypress: right
215.8093 	EXP 	Created unnamed TextStim = TextStim(__class__=<class 'psychopy.visual.text.TextStim'>, alignHoriz=method-wrapper(...), alignText='center', alignVert=method-wrapper(...), anchorHoriz='center', anchorVert='center', antialias=True, autoDraw=False, autoLog=True, bold=False, color=array([-1, -1, -1]), colorSpace='rgb', contrast=1.0, depth=0, flipHoriz=False, flipVert=False, font='', fontFiles=[], height=50.0, italic=False, languageStyle='LTR', name='unnamed TextStim', opacity=1.0, ori=0.0, pos=array([0., 0.]), rgb=UNKNOWN, text='Poprawnie', units='pix', win=Window(...), wrapWidth=500)
216.8235 	EXP 	unnamed TextStim: text = '→'
218.6175 	DATA 	Keypress: left
218.6204 	EXP 	Created unnamed TextStim = TextStim(__class__=<class 'psychopy.visual.text.TextStim'>, alignHoriz=method-wrapper(...), alignText='center', alignVert=method-wrapper(...), anchorHoriz='center', anchorVert='center', antialias=True, autoDraw=False, autoLog=True, bold=False, color=array([-1, -1, -1]), colorSpace='rgb', contrast=1.0, depth=0, flipHoriz=False, flipVert=False, font='', fontFiles=[], height=50.0, italic=False, languageStyle='LTR', name='unnamed TextStim', opacity=1.0, ori=0.0, pos=array([0., 0.]), rgb=UNKNOWN, text='Niepoprawnie', units='pix', win=Window(...), wrapWidth=500)
219.6248 	EXP 	unnamed TextStim: height = 25.0
219.6248 	EXP 	unnamed TextStim: height = 25.0
219.6248 	EXP 	unnamed TextStim: height = 25.0
219.6248 	EXP 	unnamed TextStim: text = '↓'
221.8336 	DATA 	Keypress: up
221.8357 	EXP 	Created unnamed TextStim = TextStim(__class__=<class 'psychopy.visual.text.TextStim'>, alignHoriz=method-wrapper(...), alignText='center', alignVert=method-wrapper(...), anchorHoriz='center', anchorVert='center', antialias=True, autoDraw=False, autoLog=True, bold=False, color=array([-1, -1, -1]), colorSpace='rgb', contrast=1.0, depth=0, flipHoriz=False, flipVert=False, font='', fontFiles=[], height=50.0, italic=False, languageStyle='LTR', name='unnamed TextStim', opacity=1.0, ori=0.0, pos=array([0., 0.]), rgb=UNKNOWN, text='Niepoprawnie', units='pix', win=Window(...), wrapWidth=500)
222.8403 	EXP 	unnamed TextStim: height = 25.0
222.8403 	EXP 	unnamed TextStim: height = 25.0
222.8403 	EXP 	unnamed TextStim: height = 25.0
222.8403 	EXP 	unnamed TextStim: text = '←'
225.6074 	DATA 	No keypress (maxWait exceeded)
225.6096 	EXP 	Created unnamed TextStim = TextStim(__class__=<class 'psychopy.visual.text.TextStim'>, alignHoriz=method-wrapper(...), alignText='center', alignVert=method-wrapper(...), anchorHoriz='center', anchorVert='center', antialias=True, autoDraw=False, autoLog=True, bold=False, color=array([-1, -1, -1]), colorSpace='rgb', contrast=1.0, depth=0, flipHoriz=False, flipVert=False, font='', fontFiles=[], height=50.0, italic=False, languageStyle='LTR', name='unnamed TextStim', opacity=1.0, ori=0.0, pos=array([0., 0.]), rgb=UNKNOWN, text='Niepoprawnie', units='pix', win=Window(...), wrapWidth=500)
226.6240 	EXP 	unnamed TextStim: height = 25.0
226.6240 	EXP 	unnamed TextStim: height = 25.0
226.6240 	EXP 	unnamed TextStim: height = 25.0
226.6240 	EXP 	unnamed TextStim: text = '→'
228.1764 	DATA 	Keypress: right
228.1790 	EXP 	Created unnamed TextStim = TextStim(__class__=<class 'psychopy.visual.text.TextStim'>, alignHoriz=method-wrapper(...), alignText='center', alignVert=method-wrapper(...), anchorHoriz='center', anchorVert='center', antialias=True, autoDraw=False, autoLog=True, bold=False, color=array([-1, -1, -1]), colorSpace='rgb', contrast=1.0, depth=0, flipHoriz=False, flipVert=False, font='', fontFiles=[], height=50.0, italic=False, languageStyle='LTR', name='unnamed TextStim', opacity=1.0, ori=0.0, pos=array([0., 0.]), rgb=UNKNOWN, text='Poprawnie', units='pix', win=Window(...), wrapWidth=500)
229.1908 	EXP 	unnamed TextStim: height = 25.0
229.1908 	EXP 	unnamed TextStim: height = 25.0
229.1908 	EXP 	unnamed TextStim: height = 25.0
229.1908 	EXP 	unnamed TextStim: text = '↑'
231.0532 	DATA 	Keypress: up
231.0551 	EXP 	Created unnamed TextStim = TextStim(__class__=<class 'psychopy.visual.text.TextStim'>, alignHoriz=method-wrapper(...), alignText='center', alignVert=method-wrapper(...), anchorHoriz='center', anchorVert='center', antialias=True, autoDraw=False, autoLog=True, bold=False, color=array([-1, -1, -1]), colorSpace='rgb', contrast=1.0, depth=0, flipHoriz=False, flipVert=False, font='', fontFiles=[], height=50.0, italic=False, languageStyle='LTR', name='unnamed TextStim', opacity=1.0, ori=0.0, pos=array([0., 0.]), rgb=UNKNOWN, text='Poprawnie', units='pix', win=Window(...), wrapWidth=500)
232.0742 	EXP 	unnamed TextStim: height = 25.0
232.0742 	EXP 	unnamed TextStim: height = 25.0
232.0742 	EXP 	unnamed TextStim: height = 25.0
232.0742 	EXP 	unnamed TextStim: text = '↓'
233.5478 	DATA 	Keypress: down
233.5503 	EXP 	Created unnamed TextStim = TextStim(__class__=<class 'psychopy.visual.text.TextStim'>, alignHoriz=method-wrapper(...), alignText='center', alignVert=method-wrapper(...), anchorHoriz='center', anchorVert='center', antialias=True, autoDraw=False, autoLog=True, bold=False, color=array([-1, -1, -1]), colorSpace='rgb', contrast=1.0, depth=0, flipHoriz=False, flipVert=False, font='', fontFiles=[], height=50.0, italic=False, languageStyle='LTR', name='unnamed TextStim', opacity=1.0, ori=0.0, pos=array([0., 0.]), rgb=UNKNOWN, text='Poprawnie', units='pix', win=Window(...), wrapWidth=500)
234.5576 	EXP 	unnamed TextStim: height = 25.0
234.5576 	EXP 	unnamed TextStim: height = 25.0
234.5576 	EXP 	unnamed TextStim: height = 25.0
234.5576 	EXP 	unnamed TextStim: text = '←'
236.5064 	DATA 	Keypress: up
236.5090 	EXP 	Created unnamed TextStim = TextStim(__class__=<class 'psychopy.visual.text.TextStim'>, alignHoriz=method-wrapper(...), alignText='center', alignVert=method-wrapper(...), anchorHoriz='center', anchorVert='center', antialias=True, autoDraw=False, autoLog=True, bold=False, color=array([-1, -1, -1]), colorSpace='rgb', contrast=1.0, depth=0, flipHoriz=False, flipVert=False, font='', fontFiles=[], height=50.0, italic=False, languageStyle='LTR', name='unnamed TextStim', opacity=1.0, ori=0.0, pos=array([0., 0.]), rgb=UNKNOWN, text='Niepoprawnie', units='pix', win=Window(...), wrapWidth=500)
237.5351 	EXP 	Created unnamed TextStim = TextStim(__class__=<class 'psychopy.visual.text.TextStim'>, alignHoriz=method-wrapper(...), alignText='center', alignVert=method-wrapper(...), anchorHoriz='center', anchorVert='center', antialias=True, autoDraw=False, autoLog=True, bold=False, color=array([-1, -1, -1]), colorSpace='rgb', contrast=1.0, depth=0, flipHoriz=False, flipVert=False, font='', fontFiles=[], height=20.0, italic=False, languageStyle='LTR', name='unnamed TextStim', opacity=1.0, ori=0.0, pos=array([0., 0.]), rgb=UNKNOWN, text=str(...), units='pix', win=Window(...), wrapWidth=1536)
249.5904 	DATA 	Keypress: space
249.6083 	EXP 	unnamed TextStim: height = 25.0
249.6083 	EXP 	unnamed TextStim: height = 25.0
249.6083 	EXP 	unnamed TextStim: height = 25.0
249.6083 	EXP 	unnamed TextStim: text = '↓'
251.1149 	DATA 	Keypress: down
251.1160 	EXP 	unnamed TextStim: text = '↓'
252.9069 	DATA 	Keypress: down
252.9102 	EXP 	unnamed TextStim: height = 25.0
252.9102 	EXP 	unnamed TextStim: height = 25.0
252.9102 	EXP 	unnamed TextStim: height = 25.0
252.9102 	EXP 	unnamed TextStim: text = '↑'
254.3974 	DATA 	Keypress: up
254.4001 	EXP 	unnamed TextStim: height = 25.0
254.4001 	EXP 	unnamed TextStim: height = 25.0
254.4001 	EXP 	unnamed TextStim: height = 25.0
254.4001 	EXP 	unnamed TextStim: text = '→'
255.9459 	DATA 	Keypress: right
255.9482 	EXP 	unnamed TextStim: height = 25.0
255.9482 	EXP 	unnamed TextStim: height = 25.0
255.9482 	EXP 	unnamed TextStim: height = 25.0
255.9482 	EXP 	unnamed TextStim: text = '↑'
257.4297 	DATA 	Keypress: up
257.4309 	EXP 	unnamed TextStim: text = '↑'
258.7646 	DATA 	Keypress: up
258.9102 	EXP 	Created unnamed ImageStim = ImageStim(__class__=<class 'psychopy.visual.image.ImageStim'>, anchor=('center', 'center'), autoLog=True, color=array([1., 1., 1.]), colorSpace='rgb', contrast=1.0, depth=0, flipHoriz=False, flipVert=False, image='break.jpg', interpolate=True, mask=None, maskParams=None, name='unnamed ImageStim', opacity=1.0, ori=0.0, pos=array([0., 0.]), size=array([1536.,  864.]), texRes=128, units='pix', win=Window(...))
264.0070 	DATA 	Keypress: space
264.0089 	EXP 	unnamed TextStim: text = '↑'
265.6644 	DATA 	Keypress: up
265.6672 	EXP 	unnamed TextStim: height = 25.0
265.6672 	EXP 	unnamed TextStim: height = 25.0
265.6672 	EXP 	unnamed TextStim: height = 25.0
265.6672 	EXP 	unnamed TextStim: text = '←'
267.1047 	DATA 	Keypress: left
267.1059 	EXP 	unnamed TextStim: text = '←'
268.5053 	DATA 	Keypress: left
268.5078 	EXP 	unnamed TextStim: height = 25.0
268.5078 	EXP 	unnamed TextStim: height = 25.0
268.5078 	EXP 	unnamed TextStim: height = 25.0
268.5078 	EXP 	unnamed TextStim: text = '↓'
270.8273 	DATA 	Keypress: left
270.8284 	EXP 	unnamed TextStim: text = '↓'
272.3225 	DATA 	Keypress: down
272.3236 	EXP 	unnamed TextStim: text = '↓'
273.8717 	DATA 	Keypress: up
273.9854 	EXP 	Created unnamed ImageStim = ImageStim(__class__=<class 'psychopy.visual.image.ImageStim'>, anchor=('center', 'center'), autoLog=True, color=array([1., 1., 1.]), colorSpace='rgb', contrast=1.0, depth=0, flipHoriz=False, flipVert=False, image='break.jpg', interpolate=True, mask=None, maskParams=None, name='unnamed ImageStim', opacity=1.0, ori=0.0, pos=array([0., 0.]), size=array([1536.,  864.]), texRes=128, units='pix', win=Window(...))
275.6743 	DATA 	Keypress: space
275.6771 	EXP 	unnamed TextStim: height = 25.0
275.6771 	EXP 	unnamed TextStim: height = 25.0
275.6771 	EXP 	unnamed TextStim: height = 25.0
275.6771 	EXP 	unnamed TextStim: text = '←'
277.1021 	DATA 	Keypress: left
277.1043 	EXP 	unnamed TextStim: height = 25.0
277.1043 	EXP 	unnamed TextStim: height = 25.0
277.1043 	EXP 	unnamed TextStim: height = 25.0
277.1043 	EXP 	unnamed TextStim: text = '→'
278.8220 	DATA 	Keypress: up
278.8242 	EXP 	unnamed TextStim: height = 25.0
278.8242 	EXP 	unnamed TextStim: height = 25.0
278.8242 	EXP 	unnamed TextStim: height = 25.0
278.8242 	EXP 	unnamed TextStim: text = '↑'
280.3777 	DATA 	Keypress: up
280.3788 	EXP 	unnamed TextStim: text = '↑'
281.6523 	DATA 	Keypress: up
281.6594 	EXP 	unnamed TextStim: text = '↑'
283.2730 	DATA 	Keypress: up
283.2782 	EXP 	unnamed TextStim: height = 25.0
283.2782 	EXP 	unnamed TextStim: height = 25.0
283.2782 	EXP 	unnamed TextStim: height = 25.0
283.2782 	EXP 	unnamed TextStim: text = '↓'
284.7043 	DATA 	Keypress: down
284.8069 	EXP 	Created unnamed ImageStim = ImageStim(__class__=<class 'psychopy.visual.image.ImageStim'>, anchor=('center', 'center'), autoLog=True, color=array([1., 1., 1.]), colorSpace='rgb', contrast=1.0, depth=0, flipHoriz=False, flipVert=False, image='break.jpg', interpolate=True, mask=None, maskParams=None, name='unnamed ImageStim', opacity=1.0, ori=0.0, pos=array([0., 0.]), size=array([1536.,  864.]), texRes=128, units='pix', win=Window(...))
285.6753 	DATA 	Keypress: space
285.6929 	EXP 	unnamed TextStim: text = '↓'
287.2716 	DATA 	Keypress: up
287.2726 	EXP 	unnamed TextStim: text = '↓'
288.7469 	DATA 	Keypress: down
288.7492 	EXP 	unnamed TextStim: height = 25.0
288.7492 	EXP 	unnamed TextStim: height = 25.0
288.7492 	EXP 	unnamed TextStim: height = 25.0
288.7492 	EXP 	unnamed TextStim: text = '↑'
289.9847 	DATA 	Keypress: up
289.9869 	EXP 	unnamed TextStim: height = 25.0
289.9869 	EXP 	unnamed TextStim: height = 25.0
289.9869 	EXP 	unnamed TextStim: height = 25.0
289.9869 	EXP 	unnamed TextStim: text = '←'
291.7782 	DATA 	Keypress: left
291.7793 	EXP 	unnamed TextStim: text = '←'
293.1085 	DATA 	Keypress: left
293.1096 	EXP 	unnamed TextStim: text = '←'
294.9362 	DATA 	Keypress: left
295.0504 	EXP 	Created unnamed ImageStim = ImageStim(__class__=<class 'psychopy.visual.image.ImageStim'>, anchor=('center', 'center'), autoLog=True, color=array([1., 1., 1.]), colorSpace='rgb', contrast=1.0, depth=0, flipHoriz=False, flipVert=False, image='break.jpg', interpolate=True, mask=None, maskParams=None, name='unnamed ImageStim', opacity=1.0, ori=0.0, pos=array([0., 0.]), size=array([1536.,  864.]), texRes=128, units='pix', win=Window(...))
295.9894 	DATA 	Keypress: space
295.9930 	EXP 	unnamed TextStim: height = 25.0
295.9930 	EXP 	unnamed TextStim: height = 25.0
295.9930 	EXP 	unnamed TextStim: height = 25.0
295.9930 	EXP 	unnamed TextStim: text = '↓'
297.5264 	DATA 	Keypress: up
297.5275 	EXP 	unnamed TextStim: text = '↓'
299.6202 	DATA 	Keypress: up
299.6223 	EXP 	unnamed TextStim: height = 25.0
299.6223 	EXP 	unnamed TextStim: height = 25.0
299.6223 	EXP 	unnamed TextStim: height = 25.0
299.6223 	EXP 	unnamed TextStim: text = '↑'
301.5902 	DATA 	Keypress: up
301.5923 	EXP 	unnamed TextStim: height = 25.0
301.5923 	EXP 	unnamed TextStim: height = 25.0
301.5923 	EXP 	unnamed TextStim: height = 25.0
301.5923 	EXP 	unnamed TextStim: text = '→'
303.5768 	DATA 	Keypress: right
303.5789 	EXP 	unnamed TextStim: height = 25.0
303.5789 	EXP 	unnamed TextStim: height = 25.0
303.5789 	EXP 	unnamed TextStim: height = 25.0
303.5789 	EXP 	unnamed TextStim: text = '←'
304.9068 	DATA 	Keypress: left
304.9121 	EXP 	unnamed TextStim: height = 25.0
304.9121 	EXP 	unnamed TextStim: height = 25.0
304.9121 	EXP 	unnamed TextStim: height = 25.0
304.9121 	EXP 	unnamed TextStim: text = '↑'
307.1487 	DATA 	Keypress: down
307.2907 	EXP 	Created unnamed ImageStim = ImageStim(__class__=<class 'psychopy.visual.image.ImageStim'>, anchor=('center', 'center'), autoLog=True, color=array([1., 1., 1.]), colorSpace='rgb', contrast=1.0, depth=0, flipHoriz=False, flipVert=False, image='break.jpg', interpolate=True, mask=None, maskParams=None, name='unnamed ImageStim', opacity=1.0, ori=0.0, pos=array([0., 0.]), size=array([1536.,  864.]), texRes=128, units='pix', win=Window(...))
308.6074 	DATA 	Keypress: space
308.6101 	EXP 	unnamed TextStim: height = 25.0
308.6101 	EXP 	unnamed TextStim: height = 25.0
308.6101 	EXP 	unnamed TextStim: height = 25.0
308.6101 	EXP 	unnamed TextStim: text = '↓'
310.2336 	DATA 	Keypress: left
310.2357 	EXP 	unnamed TextStim: height = 25.0
310.2357 	EXP 	unnamed TextStim: height = 25.0
310.2357 	EXP 	unnamed TextStim: height = 25.0
310.2357 	EXP 	unnamed TextStim: text = '←'
312.0331 	DATA 	Keypress: left
312.0352 	EXP 	unnamed TextStim: height = 25.0
312.0352 	EXP 	unnamed TextStim: height = 25.0
312.0352 	EXP 	unnamed TextStim: height = 25.0
312.0352 	EXP 	unnamed TextStim: text = '↓'
313.4517 	DATA 	Keypress: down
313.4538 	EXP 	unnamed TextStim: height = 25.0
313.4538 	EXP 	unnamed TextStim: height = 25.0
313.4538 	EXP 	unnamed TextStim: height = 25.0
313.4538 	EXP 	unnamed TextStim: text = '↑'
315.0349 	DATA 	Keypress: up
315.0370 	EXP 	unnamed TextStim: height = 25.0
315.0370 	EXP 	unnamed TextStim: height = 25.0
315.0370 	EXP 	unnamed TextStim: height = 25.0
315.0370 	EXP 	unnamed TextStim: text = '↓'
316.7438 	DATA 	Keypress: up
316.7459 	EXP 	unnamed TextStim: height = 25.0
316.7459 	EXP 	unnamed TextStim: height = 25.0
316.7459 	EXP 	unnamed TextStim: height = 25.0
316.7459 	EXP 	unnamed TextStim: text = '↑'
317.9292 	DATA 	Keypress: up
319.4446 	DATA 	No keypress (maxWait exceeded)
319.5829 	EXP 	Created unnamed ImageStim = ImageStim(__class__=<class 'psychopy.visual.image.ImageStim'>, anchor=('center', 'center'), autoLog=True, color=array([1., 1., 1.]), colorSpace='rgb', contrast=1.0, depth=0, flipHoriz=False, flipVert=False, image='break.jpg', interpolate=True, mask=None, maskParams=None, name='unnamed ImageStim', opacity=1.0, ori=0.0, pos=array([0., 0.]), size=array([1536.,  864.]), texRes=128, units='pix', win=Window(...))
319.5836 	DATA 	Keypress: up
323.1559 	DATA 	Keypress: space
323.1610 	EXP 	unnamed TextStim: height = 25.0
323.1610 	EXP 	unnamed TextStim: height = 25.0
323.1610 	EXP 	unnamed TextStim: height = 25.0
323.1610 	EXP 	unnamed TextStim: text = '←'
324.7647 	DATA 	Keypress: up
324.7659 	EXP 	unnamed TextStim: text = '←'
326.6104 	DATA 	Keypress: left
326.6157 	EXP 	unnamed TextStim: height = 25.0
326.6157 	EXP 	unnamed TextStim: height = 25.0
326.6157 	EXP 	unnamed TextStim: height = 25.0
326.6157 	EXP 	unnamed TextStim: text = '→'
327.9187 	DATA 	Keypress: right
327.9197 	EXP 	unnamed TextStim: text = '→'
329.3872 	DATA 	Keypress: right
329.3883 	EXP 	unnamed TextStim: text = '→'
330.9782 	DATA 	Keypress: right
330.9803 	EXP 	unnamed TextStim: height = 25.0
330.9803 	EXP 	unnamed TextStim: height = 25.0
330.9803 	EXP 	unnamed TextStim: height = 25.0
330.9803 	EXP 	unnamed TextStim: text = '←'
332.3617 	DATA 	Keypress: left
332.4637 	EXP 	Created unnamed ImageStim = ImageStim(__class__=<class 'psychopy.visual.image.ImageStim'>, anchor=('center', 'center'), autoLog=True, color=array([1., 1., 1.]), colorSpace='rgb', contrast=1.0, depth=0, flipHoriz=False, flipVert=False, image='break.jpg', interpolate=True, mask=None, maskParams=None, name='unnamed ImageStim', opacity=1.0, ori=0.0, pos=array([0., 0.]), size=array([1536.,  864.]), texRes=128, units='pix', win=Window(...))
333.4980 	DATA 	Keypress: space
333.5112 	EXP 	unnamed TextStim: height = 25.0
333.5112 	EXP 	unnamed TextStim: height = 25.0
333.5112 	EXP 	unnamed TextStim: height = 25.0
333.5112 	EXP 	unnamed TextStim: text = '→'
335.2293 	DATA 	Keypress: left
335.2304 	EXP 	unnamed TextStim: text = '→'
336.7485 	DATA 	Keypress: left
336.7507 	EXP 	unnamed TextStim: height = 25.0
336.7507 	EXP 	unnamed TextStim: height = 25.0
336.7507 	EXP 	unnamed TextStim: height = 25.0
336.7507 	EXP 	unnamed TextStim: text = '↑'
338.2890 	DATA 	Keypress: up
338.2903 	EXP 	unnamed TextStim: text = '↑'
339.8229 	DATA 	Keypress: left
339.8249 	EXP 	unnamed TextStim: height = 25.0
339.8249 	EXP 	unnamed TextStim: height = 25.0
339.8249 	EXP 	unnamed TextStim: height = 25.0
339.8249 	EXP 	unnamed TextStim: text = '←'
341.1975 	DATA 	Keypress: left
341.1996 	EXP 	unnamed TextStim: height = 25.0
341.1996 	EXP 	unnamed TextStim: height = 25.0
341.1996 	EXP 	unnamed TextStim: height = 25.0
341.1996 	EXP 	unnamed TextStim: text = '↓'
342.6755 	DATA 	Keypress: down
342.7895 	EXP 	Created unnamed ImageStim = ImageStim(__class__=<class 'psychopy.visual.image.ImageStim'>, anchor=('center', 'center'), autoLog=True, color=array([1., 1., 1.]), colorSpace='rgb', contrast=1.0, depth=0, flipHoriz=False, flipVert=False, image='break.jpg', interpolate=True, mask=None, maskParams=None, name='unnamed ImageStim', opacity=1.0, ori=0.0, pos=array([0., 0.]), size=array([1536.,  864.]), texRes=128, units='pix', win=Window(...))
343.6782 	DATA 	Keypress: space
343.6948 	EXP 	unnamed TextStim: height = 25.0
343.6948 	EXP 	unnamed TextStim: height = 25.0
343.6948 	EXP 	unnamed TextStim: height = 25.0
343.6948 	EXP 	unnamed TextStim: text = '↑'
345.2514 	DATA 	Keypress: up
345.2566 	EXP 	unnamed TextStim: height = 25.0
345.2566 	EXP 	unnamed TextStim: height = 25.0
345.2566 	EXP 	unnamed TextStim: height = 25.0
345.2566 	EXP 	unnamed TextStim: text = '←'
346.5981 	DATA 	Keypress: left
346.6003 	EXP 	unnamed TextStim: height = 25.0
346.6003 	EXP 	unnamed TextStim: height = 25.0
346.6003 	EXP 	unnamed TextStim: height = 25.0
346.6003 	EXP 	unnamed TextStim: text = '↓'
347.9923 	DATA 	Keypress: down
347.9935 	EXP 	unnamed TextStim: text = '↓'
349.7611 	DATA 	Keypress: down
349.7633 	EXP 	unnamed TextStim: height = 25.0
349.7633 	EXP 	unnamed TextStim: height = 25.0
349.7633 	EXP 	unnamed TextStim: height = 25.0
349.7633 	EXP 	unnamed TextStim: text = '←'
351.5662 	DATA 	Keypress: down
351.5683 	EXP 	unnamed TextStim: height = 25.0
351.5683 	EXP 	unnamed TextStim: height = 25.0
351.5683 	EXP 	unnamed TextStim: height = 25.0
351.5683 	EXP 	unnamed TextStim: text = '→'
353.5022 	DATA 	Keypress: left
353.6042 	EXP 	Created unnamed ImageStim = ImageStim(__class__=<class 'psychopy.visual.image.ImageStim'>, anchor=('center', 'center'), autoLog=True, color=array([1., 1., 1.]), colorSpace='rgb', contrast=1.0, depth=0, flipHoriz=False, flipVert=False, image='break.jpg', interpolate=True, mask=None, maskParams=None, name='unnamed ImageStim', opacity=1.0, ori=0.0, pos=array([0., 0.]), size=array([1536.,  864.]), texRes=128, units='pix', win=Window(...))
354.5194 	DATA 	Keypress: space
354.5286 	EXP 	unnamed TextStim: height = 25.0
354.5286 	EXP 	unnamed TextStim: height = 25.0
354.5286 	EXP 	unnamed TextStim: height = 25.0
354.5286 	EXP 	unnamed TextStim: text = '↓'
356.1991 	DATA 	Keypress: down
356.2003 	EXP 	unnamed TextStim: text = '↓'
357.8786 	DATA 	Keypress: up
357.8797 	EXP 	unnamed TextStim: text = '↓'
359.4656 	DATA 	Keypress: down
359.4679 	EXP 	unnamed TextStim: height = 25.0
359.4679 	EXP 	unnamed TextStim: height = 25.0
359.4679 	EXP 	unnamed TextStim: height = 25.0
359.4679 	EXP 	unnamed TextStim: text = '↑'
361.1422 	DATA 	Keypress: up
361.1443 	EXP 	unnamed TextStim: height = 25.0
361.1443 	EXP 	unnamed TextStim: height = 25.0
361.1443 	EXP 	unnamed TextStim: height = 25.0
361.1443 	EXP 	unnamed TextStim: text = '→'
362.6262 	DATA 	Keypress: right
362.6283 	EXP 	unnamed TextStim: height = 25.0
362.6283 	EXP 	unnamed TextStim: height = 25.0
362.6283 	EXP 	unnamed TextStim: height = 25.0
362.6283 	EXP 	unnamed TextStim: text = '←'
364.0414 	DATA 	Keypress: left
364.1472 	EXP 	Created unnamed ImageStim = ImageStim(__class__=<class 'psychopy.visual.image.ImageStim'>, anchor=('center', 'center'), autoLog=True, color=array([1., 1., 1.]), colorSpace='rgb', contrast=1.0, depth=0, flipHoriz=False, flipVert=False, image='break.jpg', interpolate=True, mask=None, maskParams=None, name='unnamed ImageStim', opacity=1.0, ori=0.0, pos=array([0., 0.]), size=array([1536.,  864.]), texRes=128, units='pix', win=Window(...))
365.0345 	DATA 	Keypress: space
365.0459 	EXP 	unnamed TextStim: height = 25.0
365.0459 	EXP 	unnamed TextStim: height = 25.0
365.0459 	EXP 	unnamed TextStim: height = 25.0
365.0459 	EXP 	unnamed TextStim: text = '↓'
366.6405 	DATA 	Keypress: down
366.6427 	EXP 	unnamed TextStim: height = 25.0
366.6427 	EXP 	unnamed TextStim: height = 25.0
366.6427 	EXP 	unnamed TextStim: height = 25.0
366.6427 	EXP 	unnamed TextStim: text = '→'
367.9593 	DATA 	Keypress: right
367.9615 	EXP 	unnamed TextStim: height = 25.0
367.9615 	EXP 	unnamed TextStim: height = 25.0
367.9615 	EXP 	unnamed TextStim: height = 25.0
367.9615 	EXP 	unnamed TextStim: text = '↓'
369.5532 	DATA 	Keypress: up
369.5556 	EXP 	unnamed TextStim: height = 25.0
369.5556 	EXP 	unnamed TextStim: height = 25.0
369.5556 	EXP 	unnamed TextStim: height = 25.0
369.5556 	EXP 	unnamed TextStim: text = '←'
371.3141 	DATA 	Keypress: left
371.3162 	EXP 	unnamed TextStim: height = 25.0
371.3162 	EXP 	unnamed TextStim: height = 25.0
371.3162 	EXP 	unnamed TextStim: height = 25.0
371.3162 	EXP 	unnamed TextStim: text = '↑'
372.8105 	DATA 	Keypress: up
372.8116 	EXP 	unnamed TextStim: text = '↑'
374.2614 	DATA 	Keypress: up
374.3652 	EXP 	Created unnamed ImageStim = ImageStim(__class__=<class 'psychopy.visual.image.ImageStim'>, anchor=('center', 'center'), autoLog=True, color=array([1., 1., 1.]), colorSpace='rgb', contrast=1.0, depth=0, flipHoriz=False, flipVert=False, image='break.jpg', interpolate=True, mask=None, maskParams=None, name='unnamed ImageStim', opacity=1.0, ori=0.0, pos=array([0., 0.]), size=array([1536.,  864.]), texRes=128, units='pix', win=Window(...))
375.3306 	DATA 	Keypress: space
375.3490 	EXP 	Created unnamed TextStim = TextStim(__class__=<class 'psychopy.visual.text.TextStim'>, alignHoriz=method-wrapper(...), alignText='center', alignVert=method-wrapper(...), anchorHoriz='center', anchorVert='center', antialias=True, autoDraw=False, autoLog=True, bold=False, color=array([-1, -1, -1]), colorSpace='rgb', contrast=1.0, depth=0, flipHoriz=False, flipVert=False, font='', fontFiles=[], height=20.0, italic=False, languageStyle='LTR', name='unnamed TextStim', opacity=1.0, ori=0.0, pos=array([0., 0.]), rgb=UNKNOWN, text=str(...), units='pix', win=Window(...), wrapWidth=1536)
383.1192 	DATA 	Keypress: return
383.2047 	EXP 	window1: mouseVisible = True
