13.2893 	WARNING 	User requested fullscreen with size [1536  864], but screen is actually [1920, 1080]. Using actual size
14.6087 	INFO 	FRAME RATE: 60
14.6087 	INFO 	SCREEN RES: odict_values([1536, 864])
14.6694 	EXP 	Created unnamed TextStim = TextStim(__class__=<class 'psychopy.visual.text.TextStim'>, alignHoriz=method-wrapper(...), alignText='center', alignVert=method-wrapper(...), anchorHoriz='center', anchorVert='center', antialias=True, autoDraw=False, autoLog=True, bold=False, color=array([-1, -1, -1]), colorSpace='rgb', contrast=1.0, depth=0, flipHoriz=False, flipVert=False, font='', fontFiles=[], height=100.0, italic=False, languageStyle='LTR', name='unnamed TextStim', opacity=1.0, ori=0.0, pos=array([0., 0.]), rgb=UNKNOWN, text='+', units='pix', win=Window(...), wrapWidth=500)
14.6730 	EXP 	Created unnamed Circle = Circle(__class__=<class 'psychopy.visual.circle.Circle'>, anchor=('center', 'center'), autoDraw=False, autoLog=True, closeShape=True, color=method-wrapper(...), colorSpace='rgb', contrast=None, depth=0, fillColor=array([ 0.09019608, -1.        , -1.        ]), fillColorSpace='rgb', fillRGB=array([ 0.09019608, -1.        , -1.        ]), interpolate=True, lineColor=array([ 0.09019608, -1.        , -1.        ]), lineColorSpace='rgb', lineRGB=array([ 0.09019608, -1.        , -1.        ]), lineWidth=1.5, name='unnamed Circle', opacity=1.0, ori=0.0, pos=array([0., 0.]), size=array([1., 1.]), units='pix', vertices=ndarray(...), win=Window(...))
14.6740 	EXP 	Created unnamed TextStim = TextStim(__class__=<class 'psychopy.visual.text.TextStim'>, alignHoriz=method-wrapper(...), alignText='center', alignVert=method-wrapper(...), anchorHoriz='center', anchorVert='center', antialias=True, autoDraw=False, autoLog=True, bold=False, color=array([-0.17647059, -0.17647059, -0.17647059]), colorSpace='rgb', contrast=1.0, depth=0, flipHoriz=False, flipVert=False, font='', fontFiles=[], height=25, italic=False, languageStyle='LTR', name='unnamed TextStim', opacity=1.0, ori=0.0, pos=array([0., 0.]), rgb=UNKNOWN, text='', units='pix', win=Window(...), wrapWidth=500)
14.6821 	EXP 	Created unnamed ImageStim = ImageStim(__class__=<class 'psychopy.visual.image.ImageStim'>, anchor=('center', 'center'), autoLog=True, color=array([1., 1., 1.]), colorSpace='rgb', contrast=1.0, depth=0, flipHoriz=False, flipVert=False, image='mask4.png', interpolate=False, mask=None, maskParams=None, name='unnamed ImageStim', opacity=1.0, ori=0.0, pos=array([0., 0.]), size=array([25., 25.]), texRes=128, units='pix', win=Window(...))
14.6894 	EXP 	Created unnamed TextStim = TextStim(__class__=<class 'psychopy.visual.text.TextStim'>, alignHoriz=method-wrapper(...), alignText='center', alignVert=method-wrapper(...), anchorHoriz='center', anchorVert='center', antialias=True, autoDraw=False, autoLog=True, bold=False, color=array([-1, -1, -1]), colorSpace='rgb', contrast=1.0, depth=0, flipHoriz=False, flipVert=False, font='', fontFiles=[], height=30.0, italic=False, languageStyle='LTR', name='unnamed TextStim', opacity=1.0, ori=0.0, pos=array([ 100., -300.]), rgb=UNKNOWN, text=str(...), units='pix', win=Window(...), wrapWidth=10000)
14.7003 	EXP 	Created unnamed TextStim = TextStim(__class__=<class 'psychopy.visual.text.TextStim'>, alignHoriz=method-wrapper(...), alignText='center', alignVert=method-wrapper(...), anchorHoriz='center', anchorVert='center', antialias=True, autoDraw=False, autoLog=True, bold=False, color=array([-1, -1, -1]), colorSpace='rgb', contrast=1.0, depth=0, flipHoriz=False, flipVert=False, font='', fontFiles=[], height=30.0, italic=False, languageStyle='LTR', name='unnamed TextStim', opacity=1.0, ori=0.0, pos=array([ 100., -330.]), rgb=UNKNOWN, text=str(...), units='pix', win=Window(...), wrapWidth=10000)
14.7405 	EXP 	Created unnamed TextStim = TextStim(__class__=<class 'psychopy.visual.text.TextStim'>, alignHoriz=method-wrapper(...), alignText='center', alignVert=method-wrapper(...), anchorHoriz='center', anchorVert='center', antialias=True, autoDraw=False, autoLog=True, bold=False, color=array([-1, -1, -1]), colorSpace='rgb', contrast=1.0, depth=0, flipHoriz=False, flipVert=False, font='', fontFiles=[], height=20.0, italic=False, languageStyle='LTR', name='unnamed TextStim', opacity=1.0, ori=0.0, pos=array([0., 0.]), rgb=UNKNOWN, text=str(...), units='pix', win=Window(...), wrapWidth=1536)
41.6622 	DATA 	Keypress: space
41.6750 	EXP 	unnamed TextStim: height = 25.0
41.6750 	EXP 	unnamed TextStim: height = 25.0
41.6750 	EXP 	unnamed TextStim: height = 25.0
41.6750 	EXP 	unnamed TextStim: text = '←'
44.6421 	DATA 	No keypress (maxWait exceeded)
44.6505 	EXP 	Created unnamed TextStim = TextStim(__class__=<class 'psychopy.visual.text.TextStim'>, alignHoriz=method-wrapper(...), alignText='center', alignVert=method-wrapper(...), anchorHoriz='center', anchorVert='center', antialias=True, autoDraw=False, autoLog=True, bold=False, color=array([-1, -1, -1]), colorSpace='rgb', contrast=1.0, depth=0, flipHoriz=False, flipVert=False, font='', fontFiles=[], height=50.0, italic=False, languageStyle='LTR', name='unnamed TextStim', opacity=1.0, ori=0.0, pos=array([0., 0.]), rgb=UNKNOWN, text='Niepoprawnie', units='pix', win=Window(...), wrapWidth=500)
45.4521 	DATA 	Keypress: left
45.6585 	EXP 	unnamed TextStim: text = '←'
47.2246 	DATA 	Keypress: left
47.2278 	EXP 	Created unnamed TextStim = TextStim(__class__=<class 'psychopy.visual.text.TextStim'>, alignHoriz=method-wrapper(...), alignText='center', alignVert=method-wrapper(...), anchorHoriz='center', anchorVert='center', antialias=True, autoDraw=False, autoLog=True, bold=False, color=array([-1, -1, -1]), colorSpace='rgb', contrast=1.0, depth=0, flipHoriz=False, flipVert=False, font='', fontFiles=[], height=50.0, italic=False, languageStyle='LTR', name='unnamed TextStim', opacity=1.0, ori=0.0, pos=array([0., 0.]), rgb=UNKNOWN, text='Poprawnie', units='pix', win=Window(...), wrapWidth=500)
48.2420 	EXP 	unnamed TextStim: text = '←'
50.6107 	DATA 	Keypress: right
50.6127 	EXP 	Created unnamed TextStim = TextStim(__class__=<class 'psychopy.visual.text.TextStim'>, alignHoriz=method-wrapper(...), alignText='center', alignVert=method-wrapper(...), anchorHoriz='center', anchorVert='center', antialias=True, autoDraw=False, autoLog=True, bold=False, color=array([-1, -1, -1]), colorSpace='rgb', contrast=1.0, depth=0, flipHoriz=False, flipVert=False, font='', fontFiles=[], height=50.0, italic=False, languageStyle='LTR', name='unnamed TextStim', opacity=1.0, ori=0.0, pos=array([0., 0.]), rgb=UNKNOWN, text='Niepoprawnie', units='pix', win=Window(...), wrapWidth=500)
51.6254 	EXP 	unnamed TextStim: height = 25.0
51.6254 	EXP 	unnamed TextStim: height = 25.0
51.6254 	EXP 	unnamed TextStim: height = 25.0
51.6254 	EXP 	unnamed TextStim: text = '↑'
53.8724 	DATA 	Keypress: up
53.8746 	EXP 	Created unnamed TextStim = TextStim(__class__=<class 'psychopy.visual.text.TextStim'>, alignHoriz=method-wrapper(...), alignText='center', alignVert=method-wrapper(...), anchorHoriz='center', anchorVert='center', antialias=True, autoDraw=False, autoLog=True, bold=False, color=array([-1, -1, -1]), colorSpace='rgb', contrast=1.0, depth=0, flipHoriz=False, flipVert=False, font='', fontFiles=[], height=50.0, italic=False, languageStyle='LTR', name='unnamed TextStim', opacity=1.0, ori=0.0, pos=array([0., 0.]), rgb=UNKNOWN, text='Poprawnie', units='pix', win=Window(...), wrapWidth=500)
54.8921 	EXP 	unnamed TextStim: text = '↑'
56.8626 	DATA 	Keypress: up
56.8647 	EXP 	Created unnamed TextStim = TextStim(__class__=<class 'psychopy.visual.text.TextStim'>, alignHoriz=method-wrapper(...), alignText='center', alignVert=method-wrapper(...), anchorHoriz='center', anchorVert='center', antialias=True, autoDraw=False, autoLog=True, bold=False, color=array([-1, -1, -1]), colorSpace='rgb', contrast=1.0, depth=0, flipHoriz=False, flipVert=False, font='', fontFiles=[], height=50.0, italic=False, languageStyle='LTR', name='unnamed TextStim', opacity=1.0, ori=0.0, pos=array([0., 0.]), rgb=UNKNOWN, text='Poprawnie', units='pix', win=Window(...), wrapWidth=500)
57.8756 	EXP 	unnamed TextStim: text = '↑'
59.8504 	DATA 	Keypress: up
59.8523 	EXP 	Created unnamed TextStim = TextStim(__class__=<class 'psychopy.visual.text.TextStim'>, alignHoriz=method-wrapper(...), alignText='center', alignVert=method-wrapper(...), anchorHoriz='center', anchorVert='center', antialias=True, autoDraw=False, autoLog=True, bold=False, color=array([-1, -1, -1]), colorSpace='rgb', contrast=1.0, depth=0, flipHoriz=False, flipVert=False, font='', fontFiles=[], height=50.0, italic=False, languageStyle='LTR', name='unnamed TextStim', opacity=1.0, ori=0.0, pos=array([0., 0.]), rgb=UNKNOWN, text='Poprawnie', units='pix', win=Window(...), wrapWidth=500)
60.8590 	EXP 	unnamed TextStim: height = 25.0
60.8590 	EXP 	unnamed TextStim: height = 25.0
60.8590 	EXP 	unnamed TextStim: height = 25.0
60.8590 	EXP 	unnamed TextStim: text = '←'
62.7627 	DATA 	Keypress: left
62.7652 	EXP 	Created unnamed TextStim = TextStim(__class__=<class 'psychopy.visual.text.TextStim'>, alignHoriz=method-wrapper(...), alignText='center', alignVert=method-wrapper(...), anchorHoriz='center', anchorVert='center', antialias=True, autoDraw=False, autoLog=True, bold=False, color=array([-1, -1, -1]), colorSpace='rgb', contrast=1.0, depth=0, flipHoriz=False, flipVert=False, font='', fontFiles=[], height=50.0, italic=False, languageStyle='LTR', name='unnamed TextStim', opacity=1.0, ori=0.0, pos=array([0., 0.]), rgb=UNKNOWN, text='Poprawnie', units='pix', win=Window(...), wrapWidth=500)
63.7759 	EXP 	unnamed TextStim: height = 25.0
63.7759 	EXP 	unnamed TextStim: height = 25.0
63.7759 	EXP 	unnamed TextStim: height = 25.0
63.7759 	EXP 	unnamed TextStim: text = '↑'
65.1098 	DATA 	Keypress: up
65.1152 	EXP 	Created unnamed TextStim = TextStim(__class__=<class 'psychopy.visual.text.TextStim'>, alignHoriz=method-wrapper(...), alignText='center', alignVert=method-wrapper(...), anchorHoriz='center', anchorVert='center', antialias=True, autoDraw=False, autoLog=True, bold=False, color=array([-1, -1, -1]), colorSpace='rgb', contrast=1.0, depth=0, flipHoriz=False, flipVert=False, font='', fontFiles=[], height=50.0, italic=False, languageStyle='LTR', name='unnamed TextStim', opacity=1.0, ori=0.0, pos=array([0., 0.]), rgb=UNKNOWN, text='Poprawnie', units='pix', win=Window(...), wrapWidth=500)
66.1425 	EXP 	unnamed TextStim: height = 25.0
66.1425 	EXP 	unnamed TextStim: height = 25.0
66.1425 	EXP 	unnamed TextStim: height = 25.0
66.1425 	EXP 	unnamed TextStim: text = '←'
68.2789 	DATA 	Keypress: right
68.2810 	EXP 	Created unnamed TextStim = TextStim(__class__=<class 'psychopy.visual.text.TextStim'>, alignHoriz=method-wrapper(...), alignText='center', alignVert=method-wrapper(...), anchorHoriz='center', anchorVert='center', antialias=True, autoDraw=False, autoLog=True, bold=False, color=array([-1, -1, -1]), colorSpace='rgb', contrast=1.0, depth=0, flipHoriz=False, flipVert=False, font='', fontFiles=[], height=50.0, italic=False, languageStyle='LTR', name='unnamed TextStim', opacity=1.0, ori=0.0, pos=array([0., 0.]), rgb=UNKNOWN, text='Niepoprawnie', units='pix', win=Window(...), wrapWidth=500)
69.2927 	EXP 	unnamed TextStim: height = 25.0
69.2927 	EXP 	unnamed TextStim: height = 25.0
69.2927 	EXP 	unnamed TextStim: height = 25.0
69.2927 	EXP 	unnamed TextStim: text = '↑'
71.4759 	DATA 	Keypress: up
71.4782 	EXP 	Created unnamed TextStim = TextStim(__class__=<class 'psychopy.visual.text.TextStim'>, alignHoriz=method-wrapper(...), alignText='center', alignVert=method-wrapper(...), anchorHoriz='center', anchorVert='center', antialias=True, autoDraw=False, autoLog=True, bold=False, color=array([-1, -1, -1]), colorSpace='rgb', contrast=1.0, depth=0, flipHoriz=False, flipVert=False, font='', fontFiles=[], height=50.0, italic=False, languageStyle='LTR', name='unnamed TextStim', opacity=1.0, ori=0.0, pos=array([0., 0.]), rgb=UNKNOWN, text='Poprawnie', units='pix', win=Window(...), wrapWidth=500)
72.4929 	EXP 	unnamed TextStim: text = '↑'
74.3682 	DATA 	Keypress: up
74.3707 	EXP 	Created unnamed TextStim = TextStim(__class__=<class 'psychopy.visual.text.TextStim'>, alignHoriz=method-wrapper(...), alignText='center', alignVert=method-wrapper(...), anchorHoriz='center', anchorVert='center', antialias=True, autoDraw=False, autoLog=True, bold=False, color=array([-1, -1, -1]), colorSpace='rgb', contrast=1.0, depth=0, flipHoriz=False, flipVert=False, font='', fontFiles=[], height=50.0, italic=False, languageStyle='LTR', name='unnamed TextStim', opacity=1.0, ori=0.0, pos=array([0., 0.]), rgb=UNKNOWN, text='Poprawnie', units='pix', win=Window(...), wrapWidth=500)
75.3760 	EXP 	unnamed TextStim: height = 25.0
75.3760 	EXP 	unnamed TextStim: height = 25.0
75.3760 	EXP 	unnamed TextStim: height = 25.0
75.3760 	EXP 	unnamed TextStim: text = '↓'
77.0882 	DATA 	Keypress: down
77.0902 	EXP 	Created unnamed TextStim = TextStim(__class__=<class 'psychopy.visual.text.TextStim'>, alignHoriz=method-wrapper(...), alignText='center', alignVert=method-wrapper(...), anchorHoriz='center', anchorVert='center', antialias=True, autoDraw=False, autoLog=True, bold=False, color=array([-1, -1, -1]), colorSpace='rgb', contrast=1.0, depth=0, flipHoriz=False, flipVert=False, font='', fontFiles=[], height=50.0, italic=False, languageStyle='LTR', name='unnamed TextStim', opacity=1.0, ori=0.0, pos=array([0., 0.]), rgb=UNKNOWN, text='Poprawnie', units='pix', win=Window(...), wrapWidth=500)
78.0955 	EXP 	unnamed TextStim: height = 25.0
78.0955 	EXP 	unnamed TextStim: height = 25.0
78.0955 	EXP 	unnamed TextStim: height = 25.0
78.0955 	EXP 	unnamed TextStim: text = '→'
80.0737 	DATA 	Keypress: right
80.0763 	EXP 	Created unnamed TextStim = TextStim(__class__=<class 'psychopy.visual.text.TextStim'>, alignHoriz=method-wrapper(...), alignText='center', alignVert=method-wrapper(...), anchorHoriz='center', anchorVert='center', antialias=True, autoDraw=False, autoLog=True, bold=False, color=array([-1, -1, -1]), colorSpace='rgb', contrast=1.0, depth=0, flipHoriz=False, flipVert=False, font='', fontFiles=[], height=50.0, italic=False, languageStyle='LTR', name='unnamed TextStim', opacity=1.0, ori=0.0, pos=array([0., 0.]), rgb=UNKNOWN, text='Poprawnie', units='pix', win=Window(...), wrapWidth=500)
81.0930 	EXP 	unnamed TextStim: height = 25.0
81.0930 	EXP 	unnamed TextStim: height = 25.0
81.0930 	EXP 	unnamed TextStim: height = 25.0
81.0930 	EXP 	unnamed TextStim: text = '↑'
82.6239 	DATA 	Keypress: up
82.6260 	EXP 	Created unnamed TextStim = TextStim(__class__=<class 'psychopy.visual.text.TextStim'>, alignHoriz=method-wrapper(...), alignText='center', alignVert=method-wrapper(...), anchorHoriz='center', anchorVert='center', antialias=True, autoDraw=False, autoLog=True, bold=False, color=array([-1, -1, -1]), colorSpace='rgb', contrast=1.0, depth=0, flipHoriz=False, flipVert=False, font='', fontFiles=[], height=50.0, italic=False, languageStyle='LTR', name='unnamed TextStim', opacity=1.0, ori=0.0, pos=array([0., 0.]), rgb=UNKNOWN, text='Poprawnie', units='pix', win=Window(...), wrapWidth=500)
83.6431 	EXP 	unnamed TextStim: text = '↑'
85.8470 	DATA 	Keypress: up
85.8494 	EXP 	Created unnamed TextStim = TextStim(__class__=<class 'psychopy.visual.text.TextStim'>, alignHoriz=method-wrapper(...), alignText='center', alignVert=method-wrapper(...), anchorHoriz='center', anchorVert='center', antialias=True, autoDraw=False, autoLog=True, bold=False, color=array([-1, -1, -1]), colorSpace='rgb', contrast=1.0, depth=0, flipHoriz=False, flipVert=False, font='', fontFiles=[], height=50.0, italic=False, languageStyle='LTR', name='unnamed TextStim', opacity=1.0, ori=0.0, pos=array([0., 0.]), rgb=UNKNOWN, text='Poprawnie', units='pix', win=Window(...), wrapWidth=500)
86.8817 	EXP 	Created unnamed TextStim = TextStim(__class__=<class 'psychopy.visual.text.TextStim'>, alignHoriz=method-wrapper(...), alignText='center', alignVert=method-wrapper(...), anchorHoriz='center', anchorVert='center', antialias=True, autoDraw=False, autoLog=True, bold=False, color=array([-1, -1, -1]), colorSpace='rgb', contrast=1.0, depth=0, flipHoriz=False, flipVert=False, font='', fontFiles=[], height=20.0, italic=False, languageStyle='LTR', name='unnamed TextStim', opacity=1.0, ori=0.0, pos=array([0., 0.]), rgb=UNKNOWN, text=str(...), units='pix', win=Window(...), wrapWidth=1536)
106.6395 	DATA 	Keypress: space
106.6438 	EXP 	unnamed TextStim: text = '↑'
108.4826 	DATA 	Keypress: lshift
108.8077 	DATA 	Keypress: up
108.8145 	EXP 	Created unnamed TextStim = TextStim(__class__=<class 'psychopy.visual.text.TextStim'>, alignHoriz=method-wrapper(...), alignText='center', alignVert=method-wrapper(...), anchorHoriz='center', anchorVert='center', antialias=True, autoDraw=False, autoLog=True, bold=False, color=array([-1, -1, -1]), colorSpace='rgb', contrast=1.0, depth=0, flipHoriz=False, flipVert=False, font='', fontFiles=[], height=50.0, italic=False, languageStyle='LTR', name='unnamed TextStim', opacity=1.0, ori=0.0, pos=array([0., 0.]), rgb=UNKNOWN, text='Poprawnie', units='pix', win=Window(...), wrapWidth=500)
109.8274 	EXP 	unnamed TextStim: height = 25.0
109.8274 	EXP 	unnamed TextStim: height = 25.0
109.8274 	EXP 	unnamed TextStim: height = 25.0
109.8274 	EXP 	unnamed TextStim: text = '←'
111.4250 	DATA 	Keypress: left
111.4275 	EXP 	Created unnamed TextStim = TextStim(__class__=<class 'psychopy.visual.text.TextStim'>, alignHoriz=method-wrapper(...), alignText='center', alignVert=method-wrapper(...), anchorHoriz='center', anchorVert='center', antialias=True, autoDraw=False, autoLog=True, bold=False, color=array([-1, -1, -1]), colorSpace='rgb', contrast=1.0, depth=0, flipHoriz=False, flipVert=False, font='', fontFiles=[], height=50.0, italic=False, languageStyle='LTR', name='unnamed TextStim', opacity=1.0, ori=0.0, pos=array([0., 0.]), rgb=UNKNOWN, text='Poprawnie', units='pix', win=Window(...), wrapWidth=500)
112.4442 	EXP 	unnamed TextStim: text = '←'
113.9073 	DATA 	Keypress: left
113.9094 	EXP 	Created unnamed TextStim = TextStim(__class__=<class 'psychopy.visual.text.TextStim'>, alignHoriz=method-wrapper(...), alignText='center', alignVert=method-wrapper(...), anchorHoriz='center', anchorVert='center', antialias=True, autoDraw=False, autoLog=True, bold=False, color=array([-1, -1, -1]), colorSpace='rgb', contrast=1.0, depth=0, flipHoriz=False, flipVert=False, font='', fontFiles=[], height=50.0, italic=False, languageStyle='LTR', name='unnamed TextStim', opacity=1.0, ori=0.0, pos=array([0., 0.]), rgb=UNKNOWN, text='Poprawnie', units='pix', win=Window(...), wrapWidth=500)
114.9277 	EXP 	unnamed TextStim: height = 25.0
114.9277 	EXP 	unnamed TextStim: height = 25.0
114.9277 	EXP 	unnamed TextStim: height = 25.0
114.9277 	EXP 	unnamed TextStim: text = '↓'
116.4981 	DATA 	Keypress: down
116.5001 	EXP 	Created unnamed TextStim = TextStim(__class__=<class 'psychopy.visual.text.TextStim'>, alignHoriz=method-wrapper(...), alignText='center', alignVert=method-wrapper(...), anchorHoriz='center', anchorVert='center', antialias=True, autoDraw=False, autoLog=True, bold=False, color=array([-1, -1, -1]), colorSpace='rgb', contrast=1.0, depth=0, flipHoriz=False, flipVert=False, font='', fontFiles=[], height=50.0, italic=False, languageStyle='LTR', name='unnamed TextStim', opacity=1.0, ori=0.0, pos=array([0., 0.]), rgb=UNKNOWN, text='Poprawnie', units='pix', win=Window(...), wrapWidth=500)
117.5110 	EXP 	unnamed TextStim: text = '↓'
118.9920 	DATA 	Keypress: down
118.9939 	EXP 	Created unnamed TextStim = TextStim(__class__=<class 'psychopy.visual.text.TextStim'>, alignHoriz=method-wrapper(...), alignText='center', alignVert=method-wrapper(...), anchorHoriz='center', anchorVert='center', antialias=True, autoDraw=False, autoLog=True, bold=False, color=array([-1, -1, -1]), colorSpace='rgb', contrast=1.0, depth=0, flipHoriz=False, flipVert=False, font='', fontFiles=[], height=50.0, italic=False, languageStyle='LTR', name='unnamed TextStim', opacity=1.0, ori=0.0, pos=array([0., 0.]), rgb=UNKNOWN, text='Poprawnie', units='pix', win=Window(...), wrapWidth=500)
120.0112 	EXP 	unnamed TextStim: height = 25.0
120.0112 	EXP 	unnamed TextStim: height = 25.0
120.0112 	EXP 	unnamed TextStim: height = 25.0
120.0112 	EXP 	unnamed TextStim: text = '←'
121.7524 	DATA 	Keypress: right
121.7555 	EXP 	Created unnamed TextStim = TextStim(__class__=<class 'psychopy.visual.text.TextStim'>, alignHoriz=method-wrapper(...), alignText='center', alignVert=method-wrapper(...), anchorHoriz='center', anchorVert='center', antialias=True, autoDraw=False, autoLog=True, bold=False, color=array([-1, -1, -1]), colorSpace='rgb', contrast=1.0, depth=0, flipHoriz=False, flipVert=False, font='', fontFiles=[], height=50.0, italic=False, languageStyle='LTR', name='unnamed TextStim', opacity=1.0, ori=0.0, pos=array([0., 0.]), rgb=UNKNOWN, text='Niepoprawnie', units='pix', win=Window(...), wrapWidth=500)
122.7614 	EXP 	unnamed TextStim: height = 25.0
122.7614 	EXP 	unnamed TextStim: height = 25.0
122.7614 	EXP 	unnamed TextStim: height = 25.0
122.7614 	EXP 	unnamed TextStim: text = '↑'
124.2713 	DATA 	Keypress: up
124.2738 	EXP 	Created unnamed TextStim = TextStim(__class__=<class 'psychopy.visual.text.TextStim'>, alignHoriz=method-wrapper(...), alignText='center', alignVert=method-wrapper(...), anchorHoriz='center', anchorVert='center', antialias=True, autoDraw=False, autoLog=True, bold=False, color=array([-1, -1, -1]), colorSpace='rgb', contrast=1.0, depth=0, flipHoriz=False, flipVert=False, font='', fontFiles=[], height=50.0, italic=False, languageStyle='LTR', name='unnamed TextStim', opacity=1.0, ori=0.0, pos=array([0., 0.]), rgb=UNKNOWN, text='Poprawnie', units='pix', win=Window(...), wrapWidth=500)
125.2778 	EXP 	unnamed TextStim: height = 25.0
125.2778 	EXP 	unnamed TextStim: height = 25.0
125.2778 	EXP 	unnamed TextStim: height = 25.0
125.2778 	EXP 	unnamed TextStim: text = '←'
126.7535 	DATA 	Keypress: left
126.7554 	EXP 	Created unnamed TextStim = TextStim(__class__=<class 'psychopy.visual.text.TextStim'>, alignHoriz=method-wrapper(...), alignText='center', alignVert=method-wrapper(...), anchorHoriz='center', anchorVert='center', antialias=True, autoDraw=False, autoLog=True, bold=False, color=array([-1, -1, -1]), colorSpace='rgb', contrast=1.0, depth=0, flipHoriz=False, flipVert=False, font='', fontFiles=[], height=50.0, italic=False, languageStyle='LTR', name='unnamed TextStim', opacity=1.0, ori=0.0, pos=array([0., 0.]), rgb=UNKNOWN, text='Poprawnie', units='pix', win=Window(...), wrapWidth=500)
127.7615 	EXP 	unnamed TextStim: height = 25.0
127.7615 	EXP 	unnamed TextStim: height = 25.0
127.7615 	EXP 	unnamed TextStim: height = 25.0
127.7615 	EXP 	unnamed TextStim: text = '↓'
129.3384 	DATA 	Keypress: down
129.3403 	EXP 	Created unnamed TextStim = TextStim(__class__=<class 'psychopy.visual.text.TextStim'>, alignHoriz=method-wrapper(...), alignText='center', alignVert=method-wrapper(...), anchorHoriz='center', anchorVert='center', antialias=True, autoDraw=False, autoLog=True, bold=False, color=array([-1, -1, -1]), colorSpace='rgb', contrast=1.0, depth=0, flipHoriz=False, flipVert=False, font='', fontFiles=[], height=50.0, italic=False, languageStyle='LTR', name='unnamed TextStim', opacity=1.0, ori=0.0, pos=array([0., 0.]), rgb=UNKNOWN, text='Poprawnie', units='pix', win=Window(...), wrapWidth=500)
130.3449 	EXP 	unnamed TextStim: height = 25.0
130.3449 	EXP 	unnamed TextStim: height = 25.0
130.3449 	EXP 	unnamed TextStim: height = 25.0
130.3449 	EXP 	unnamed TextStim: text = '←'
131.8709 	DATA 	Keypress: left
131.8733 	EXP 	Created unnamed TextStim = TextStim(__class__=<class 'psychopy.visual.text.TextStim'>, alignHoriz=method-wrapper(...), alignText='center', alignVert=method-wrapper(...), anchorHoriz='center', anchorVert='center', antialias=True, autoDraw=False, autoLog=True, bold=False, color=array([-1, -1, -1]), colorSpace='rgb', contrast=1.0, depth=0, flipHoriz=False, flipVert=False, font='', fontFiles=[], height=50.0, italic=False, languageStyle='LTR', name='unnamed TextStim', opacity=1.0, ori=0.0, pos=array([0., 0.]), rgb=UNKNOWN, text='Poprawnie', units='pix', win=Window(...), wrapWidth=500)
132.9028 	EXP 	Created unnamed TextStim = TextStim(__class__=<class 'psychopy.visual.text.TextStim'>, alignHoriz=method-wrapper(...), alignText='center', alignVert=method-wrapper(...), anchorHoriz='center', anchorVert='center', antialias=True, autoDraw=False, autoLog=True, bold=False, color=array([-1, -1, -1]), colorSpace='rgb', contrast=1.0, depth=0, flipHoriz=False, flipVert=False, font='', fontFiles=[], height=20.0, italic=False, languageStyle='LTR', name='unnamed TextStim', opacity=1.0, ori=0.0, pos=array([0., 0.]), rgb=UNKNOWN, text=str(...), units='pix', win=Window(...), wrapWidth=1536)
134.3938 	DATA 	Keypress: space
134.4117 	EXP 	unnamed TextStim: height = 25.0
134.4117 	EXP 	unnamed TextStim: height = 25.0
134.4117 	EXP 	unnamed TextStim: height = 25.0
134.4117 	EXP 	unnamed TextStim: text = '↑'
136.3783 	DATA 	Keypress: up
136.3812 	EXP 	unnamed TextStim: height = 25.0
136.3812 	EXP 	unnamed TextStim: height = 25.0
136.3812 	EXP 	unnamed TextStim: height = 25.0
136.3812 	EXP 	unnamed TextStim: text = '→'
137.8815 	DATA 	Keypress: right
137.8840 	EXP 	unnamed TextStim: height = 25.0
137.8840 	EXP 	unnamed TextStim: height = 25.0
137.8840 	EXP 	unnamed TextStim: height = 25.0
137.8840 	EXP 	unnamed TextStim: text = '↓'
139.4411 	DATA 	Keypress: down
139.4432 	EXP 	unnamed TextStim: height = 25.0
139.4432 	EXP 	unnamed TextStim: height = 25.0
139.4432 	EXP 	unnamed TextStim: height = 25.0
139.4432 	EXP 	unnamed TextStim: text = '↑'
142.1460 	DATA 	No keypress (maxWait exceeded)
142.1482 	EXP 	unnamed TextStim: height = 25.0
142.1482 	EXP 	unnamed TextStim: height = 25.0
142.1482 	EXP 	unnamed TextStim: height = 25.0
142.1482 	EXP 	unnamed TextStim: text = '↓'
142.1795 	DATA 	Keypress: left
143.7205 	DATA 	Keypress: down
143.7225 	EXP 	unnamed TextStim: height = 25.0
143.7225 	EXP 	unnamed TextStim: height = 25.0
143.7225 	EXP 	unnamed TextStim: height = 25.0
143.7225 	EXP 	unnamed TextStim: text = '→'
145.2988 	DATA 	Keypress: right
145.4487 	EXP 	Created unnamed ImageStim = ImageStim(__class__=<class 'psychopy.visual.image.ImageStim'>, anchor=('center', 'center'), autoLog=True, color=array([1., 1., 1.]), colorSpace='rgb', contrast=1.0, depth=0, flipHoriz=False, flipVert=False, image='break.jpg', interpolate=True, mask=None, maskParams=None, name='unnamed ImageStim', opacity=1.0, ori=0.0, pos=array([0., 0.]), size=array([1536.,  864.]), texRes=128, units='pix', win=Window(...))
152.8969 	DATA 	Keypress: space
152.9123 	EXP 	unnamed TextStim: height = 25.0
152.9123 	EXP 	unnamed TextStim: height = 25.0
152.9123 	EXP 	unnamed TextStim: height = 25.0
152.9123 	EXP 	unnamed TextStim: text = '↓'
155.1655 	DATA 	Keypress: down
155.1700 	EXP 	unnamed TextStim: height = 25.0
155.1700 	EXP 	unnamed TextStim: height = 25.0
155.1700 	EXP 	unnamed TextStim: height = 25.0
155.1700 	EXP 	unnamed TextStim: text = '↑'
156.7187 	DATA 	Keypress: up
156.7209 	EXP 	unnamed TextStim: height = 25.0
156.7209 	EXP 	unnamed TextStim: height = 25.0
156.7209 	EXP 	unnamed TextStim: height = 25.0
156.7209 	EXP 	unnamed TextStim: text = '↓'
158.7436 	DATA 	Keypress: up
158.7459 	EXP 	unnamed TextStim: height = 25.0
158.7459 	EXP 	unnamed TextStim: height = 25.0
158.7459 	EXP 	unnamed TextStim: height = 25.0
158.7459 	EXP 	unnamed TextStim: text = '↑'
160.2380 	DATA 	Keypress: down
160.2392 	EXP 	unnamed TextStim: text = '↑'
161.9151 	DATA 	Keypress: down
161.9163 	EXP 	unnamed TextStim: text = '↑'
163.4212 	DATA 	Keypress: up
163.5671 	EXP 	Created unnamed ImageStim = ImageStim(__class__=<class 'psychopy.visual.image.ImageStim'>, anchor=('center', 'center'), autoLog=True, color=array([1., 1., 1.]), colorSpace='rgb', contrast=1.0, depth=0, flipHoriz=False, flipVert=False, image='break.jpg', interpolate=True, mask=None, maskParams=None, name='unnamed ImageStim', opacity=1.0, ori=0.0, pos=array([0., 0.]), size=array([1536.,  864.]), texRes=128, units='pix', win=Window(...))
165.5346 	DATA 	Keypress: space
165.5462 	EXP 	unnamed TextStim: height = 25.0
165.5462 	EXP 	unnamed TextStim: height = 25.0
165.5462 	EXP 	unnamed TextStim: height = 25.0
165.5462 	EXP 	unnamed TextStim: text = '→'
167.8257 	DATA 	Keypress: left
167.8278 	EXP 	unnamed TextStim: height = 25.0
167.8278 	EXP 	unnamed TextStim: height = 25.0
167.8278 	EXP 	unnamed TextStim: height = 25.0
167.8278 	EXP 	unnamed TextStim: text = '↑'
169.4653 	DATA 	Keypress: up
169.4674 	EXP 	unnamed TextStim: height = 25.0
169.4674 	EXP 	unnamed TextStim: height = 25.0
169.4674 	EXP 	unnamed TextStim: height = 25.0
169.4674 	EXP 	unnamed TextStim: text = '↓'
171.2846 	DATA 	Keypress: down
171.2867 	EXP 	unnamed TextStim: height = 25.0
171.2867 	EXP 	unnamed TextStim: height = 25.0
171.2867 	EXP 	unnamed TextStim: height = 25.0
171.2867 	EXP 	unnamed TextStim: text = '↑'
172.7993 	DATA 	Keypress: up
172.8005 	EXP 	unnamed TextStim: text = '↑'
174.2984 	DATA 	Keypress: up
174.3005 	EXP 	unnamed TextStim: height = 25.0
174.3005 	EXP 	unnamed TextStim: height = 25.0
174.3005 	EXP 	unnamed TextStim: height = 25.0
174.3005 	EXP 	unnamed TextStim: text = '→'
175.7243 	DATA 	Keypress: right
175.8634 	EXP 	Created unnamed ImageStim = ImageStim(__class__=<class 'psychopy.visual.image.ImageStim'>, anchor=('center', 'center'), autoLog=True, color=array([1., 1., 1.]), colorSpace='rgb', contrast=1.0, depth=0, flipHoriz=False, flipVert=False, image='break.jpg', interpolate=True, mask=None, maskParams=None, name='unnamed ImageStim', opacity=1.0, ori=0.0, pos=array([0., 0.]), size=array([1536.,  864.]), texRes=128, units='pix', win=Window(...))
178.2590 	DATA 	Keypress: space
178.2665 	EXP 	unnamed TextStim: height = 25.0
178.2665 	EXP 	unnamed TextStim: height = 25.0
178.2665 	EXP 	unnamed TextStim: height = 25.0
178.2665 	EXP 	unnamed TextStim: text = '↑'
179.8402 	DATA 	Keypress: up
179.8423 	EXP 	unnamed TextStim: height = 25.0
179.8423 	EXP 	unnamed TextStim: height = 25.0
179.8423 	EXP 	unnamed TextStim: height = 25.0
179.8423 	EXP 	unnamed TextStim: text = '→'
181.3600 	DATA 	Keypress: right
181.3626 	EXP 	unnamed TextStim: height = 25.0
181.3626 	EXP 	unnamed TextStim: height = 25.0
181.3626 	EXP 	unnamed TextStim: height = 25.0
181.3626 	EXP 	unnamed TextStim: text = '←'
182.9089 	DATA 	Keypress: left
182.9110 	EXP 	unnamed TextStim: height = 25.0
182.9110 	EXP 	unnamed TextStim: height = 25.0
182.9110 	EXP 	unnamed TextStim: height = 25.0
182.9110 	EXP 	unnamed TextStim: text = '↑'
184.5507 	DATA 	Keypress: up
184.5517 	EXP 	unnamed TextStim: text = '↑'
186.2026 	DATA 	Keypress: up
186.2047 	EXP 	unnamed TextStim: height = 25.0
186.2047 	EXP 	unnamed TextStim: height = 25.0
186.2047 	EXP 	unnamed TextStim: height = 25.0
186.2047 	EXP 	unnamed TextStim: text = '←'
187.6455 	DATA 	Keypress: left
187.7588 	EXP 	Created unnamed ImageStim = ImageStim(__class__=<class 'psychopy.visual.image.ImageStim'>, anchor=('center', 'center'), autoLog=True, color=array([1., 1., 1.]), colorSpace='rgb', contrast=1.0, depth=0, flipHoriz=False, flipVert=False, image='break.jpg', interpolate=True, mask=None, maskParams=None, name='unnamed ImageStim', opacity=1.0, ori=0.0, pos=array([0., 0.]), size=array([1536.,  864.]), texRes=128, units='pix', win=Window(...))
188.4281 	DATA 	Keypress: space
188.4308 	EXP 	unnamed TextStim: height = 25.0
188.4308 	EXP 	unnamed TextStim: height = 25.0
188.4308 	EXP 	unnamed TextStim: height = 25.0
188.4308 	EXP 	unnamed TextStim: text = '↓'
189.9221 	DATA 	Keypress: down
189.9242 	EXP 	unnamed TextStim: height = 25.0
189.9242 	EXP 	unnamed TextStim: height = 25.0
189.9242 	EXP 	unnamed TextStim: height = 25.0
189.9242 	EXP 	unnamed TextStim: text = '→'
191.7307 	DATA 	Keypress: down
191.7327 	EXP 	unnamed TextStim: height = 25.0
191.7327 	EXP 	unnamed TextStim: height = 25.0
191.7327 	EXP 	unnamed TextStim: height = 25.0
191.7327 	EXP 	unnamed TextStim: text = '←'
193.2461 	DATA 	Keypress: left
193.2473 	EXP 	unnamed TextStim: text = '←'
194.7873 	DATA 	Keypress: left
194.7918 	EXP 	unnamed TextStim: height = 25.0
194.7918 	EXP 	unnamed TextStim: height = 25.0
194.7918 	EXP 	unnamed TextStim: height = 25.0
194.7918 	EXP 	unnamed TextStim: text = '↑'
196.3528 	DATA 	Keypress: up
196.3549 	EXP 	unnamed TextStim: height = 25.0
196.3549 	EXP 	unnamed TextStim: height = 25.0
196.3549 	EXP 	unnamed TextStim: height = 25.0
196.3549 	EXP 	unnamed TextStim: text = '←'
198.0830 	DATA 	Keypress: left
198.1961 	EXP 	Created unnamed ImageStim = ImageStim(__class__=<class 'psychopy.visual.image.ImageStim'>, anchor=('center', 'center'), autoLog=True, color=array([1., 1., 1.]), colorSpace='rgb', contrast=1.0, depth=0, flipHoriz=False, flipVert=False, image='break.jpg', interpolate=True, mask=None, maskParams=None, name='unnamed ImageStim', opacity=1.0, ori=0.0, pos=array([0., 0.]), size=array([1536.,  864.]), texRes=128, units='pix', win=Window(...))
199.4052 	DATA 	Keypress: space
199.4145 	EXP 	unnamed TextStim: height = 25.0
199.4145 	EXP 	unnamed TextStim: height = 25.0
199.4145 	EXP 	unnamed TextStim: height = 25.0
199.4145 	EXP 	unnamed TextStim: text = '→'
200.9279 	DATA 	Keypress: right
200.9300 	EXP 	unnamed TextStim: height = 25.0
200.9300 	EXP 	unnamed TextStim: height = 25.0
200.9300 	EXP 	unnamed TextStim: height = 25.0
200.9300 	EXP 	unnamed TextStim: text = '↓'
202.5314 	DATA 	Keypress: right
202.5335 	EXP 	unnamed TextStim: height = 25.0
202.5335 	EXP 	unnamed TextStim: height = 25.0
202.5335 	EXP 	unnamed TextStim: height = 25.0
202.5335 	EXP 	unnamed TextStim: text = '↑'
204.1760 	DATA 	Keypress: up
204.1780 	EXP 	unnamed TextStim: height = 25.0
204.1780 	EXP 	unnamed TextStim: height = 25.0
204.1780 	EXP 	unnamed TextStim: height = 25.0
204.1780 	EXP 	unnamed TextStim: text = '←'
205.7239 	DATA 	Keypress: down
205.7261 	EXP 	unnamed TextStim: height = 25.0
205.7261 	EXP 	unnamed TextStim: height = 25.0
205.7261 	EXP 	unnamed TextStim: height = 25.0
205.7261 	EXP 	unnamed TextStim: text = '→'
207.2421 	DATA 	Keypress: right
207.2443 	EXP 	unnamed TextStim: height = 25.0
207.2443 	EXP 	unnamed TextStim: height = 25.0
207.2443 	EXP 	unnamed TextStim: height = 25.0
207.2443 	EXP 	unnamed TextStim: text = '↓'
208.8794 	DATA 	Keypress: up
209.0044 	EXP 	Created unnamed ImageStim = ImageStim(__class__=<class 'psychopy.visual.image.ImageStim'>, anchor=('center', 'center'), autoLog=True, color=array([1., 1., 1.]), colorSpace='rgb', contrast=1.0, depth=0, flipHoriz=False, flipVert=False, image='break.jpg', interpolate=True, mask=None, maskParams=None, name='unnamed ImageStim', opacity=1.0, ori=0.0, pos=array([0., 0.]), size=array([1536.,  864.]), texRes=128, units='pix', win=Window(...))
210.1313 	DATA 	Keypress: space
210.1478 	EXP 	unnamed TextStim: height = 25.0
210.1478 	EXP 	unnamed TextStim: height = 25.0
210.1478 	EXP 	unnamed TextStim: height = 25.0
210.1478 	EXP 	unnamed TextStim: text = '→'
211.5151 	DATA 	Keypress: right
211.5173 	EXP 	unnamed TextStim: height = 25.0
211.5173 	EXP 	unnamed TextStim: height = 25.0
211.5173 	EXP 	unnamed TextStim: height = 25.0
211.5173 	EXP 	unnamed TextStim: text = '↓'
213.0115 	DATA 	Keypress: down
213.0136 	EXP 	unnamed TextStim: height = 25.0
213.0136 	EXP 	unnamed TextStim: height = 25.0
213.0136 	EXP 	unnamed TextStim: height = 25.0
213.0136 	EXP 	unnamed TextStim: text = '↑'
214.4598 	DATA 	Keypress: up
214.4618 	EXP 	unnamed TextStim: height = 25.0
214.4618 	EXP 	unnamed TextStim: height = 25.0
214.4618 	EXP 	unnamed TextStim: height = 25.0
214.4618 	EXP 	unnamed TextStim: text = '→'
215.9037 	DATA 	Keypress: right
215.9058 	EXP 	unnamed TextStim: height = 25.0
215.9058 	EXP 	unnamed TextStim: height = 25.0
215.9058 	EXP 	unnamed TextStim: height = 25.0
215.9058 	EXP 	unnamed TextStim: text = '↑'
217.4763 	DATA 	Keypress: up
217.4775 	EXP 	unnamed TextStim: text = '↑'
218.9854 	DATA 	Keypress: up
219.0964 	EXP 	Created unnamed ImageStim = ImageStim(__class__=<class 'psychopy.visual.image.ImageStim'>, anchor=('center', 'center'), autoLog=True, color=array([1., 1., 1.]), colorSpace='rgb', contrast=1.0, depth=0, flipHoriz=False, flipVert=False, image='break.jpg', interpolate=True, mask=None, maskParams=None, name='unnamed ImageStim', opacity=1.0, ori=0.0, pos=array([0., 0.]), size=array([1536.,  864.]), texRes=128, units='pix', win=Window(...))
220.2553 	DATA 	Keypress: space
220.2648 	EXP 	unnamed TextStim: height = 25.0
220.2648 	EXP 	unnamed TextStim: height = 25.0
220.2648 	EXP 	unnamed TextStim: height = 25.0
220.2648 	EXP 	unnamed TextStim: text = '←'
221.9732 	DATA 	Keypress: left
221.9754 	EXP 	unnamed TextStim: height = 25.0
221.9754 	EXP 	unnamed TextStim: height = 25.0
221.9754 	EXP 	unnamed TextStim: height = 25.0
221.9754 	EXP 	unnamed TextStim: text = '↑'
223.3570 	DATA 	Keypress: up
223.3591 	EXP 	unnamed TextStim: height = 25.0
223.3591 	EXP 	unnamed TextStim: height = 25.0
223.3591 	EXP 	unnamed TextStim: height = 25.0
223.3591 	EXP 	unnamed TextStim: text = '→'
224.7030 	DATA 	Keypress: right
224.7041 	EXP 	unnamed TextStim: text = '→'
226.3164 	DATA 	Keypress: right
226.3186 	EXP 	unnamed TextStim: height = 25.0
226.3186 	EXP 	unnamed TextStim: height = 25.0
226.3186 	EXP 	unnamed TextStim: height = 25.0
226.3186 	EXP 	unnamed TextStim: text = '↑'
227.8816 	DATA 	Keypress: up
227.8859 	EXP 	unnamed TextStim: height = 25.0
227.8859 	EXP 	unnamed TextStim: height = 25.0
227.8859 	EXP 	unnamed TextStim: height = 25.0
227.8859 	EXP 	unnamed TextStim: text = '↓'
229.3567 	DATA 	Keypress: up
229.4813 	EXP 	Created unnamed ImageStim = ImageStim(__class__=<class 'psychopy.visual.image.ImageStim'>, anchor=('center', 'center'), autoLog=True, color=array([1., 1., 1.]), colorSpace='rgb', contrast=1.0, depth=0, flipHoriz=False, flipVert=False, image='break.jpg', interpolate=True, mask=None, maskParams=None, name='unnamed ImageStim', opacity=1.0, ori=0.0, pos=array([0., 0.]), size=array([1536.,  864.]), texRes=128, units='pix', win=Window(...))
230.6306 	DATA 	Keypress: space
230.6331 	EXP 	unnamed TextStim: height = 25.0
230.6331 	EXP 	unnamed TextStim: height = 25.0
230.6331 	EXP 	unnamed TextStim: height = 25.0
230.6331 	EXP 	unnamed TextStim: text = '←'
232.0756 	DATA 	Keypress: left
232.0778 	EXP 	unnamed TextStim: height = 25.0
232.0778 	EXP 	unnamed TextStim: height = 25.0
232.0778 	EXP 	unnamed TextStim: height = 25.0
232.0778 	EXP 	unnamed TextStim: text = '↑'
233.6003 	DATA 	Keypress: up
233.6024 	EXP 	unnamed TextStim: height = 25.0
233.6024 	EXP 	unnamed TextStim: height = 25.0
233.6024 	EXP 	unnamed TextStim: height = 25.0
233.6024 	EXP 	unnamed TextStim: text = '↓'
235.1485 	DATA 	Keypress: up
235.1506 	EXP 	unnamed TextStim: height = 25.0
235.1506 	EXP 	unnamed TextStim: height = 25.0
235.1506 	EXP 	unnamed TextStim: height = 25.0
235.1506 	EXP 	unnamed TextStim: text = '←'
236.6820 	DATA 	Keypress: up
236.6831 	EXP 	unnamed TextStim: text = '←'
238.1847 	DATA 	Keypress: left
238.1868 	EXP 	unnamed TextStim: height = 25.0
238.1868 	EXP 	unnamed TextStim: height = 25.0
238.1868 	EXP 	unnamed TextStim: height = 25.0
238.1868 	EXP 	unnamed TextStim: text = '→'
239.6433 	DATA 	Keypress: right
239.7665 	EXP 	Created unnamed ImageStim = ImageStim(__class__=<class 'psychopy.visual.image.ImageStim'>, anchor=('center', 'center'), autoLog=True, color=array([1., 1., 1.]), colorSpace='rgb', contrast=1.0, depth=0, flipHoriz=False, flipVert=False, image='break.jpg', interpolate=True, mask=None, maskParams=None, name='unnamed ImageStim', opacity=1.0, ori=0.0, pos=array([0., 0.]), size=array([1536.,  864.]), texRes=128, units='pix', win=Window(...))
240.8459 	DATA 	Keypress: space
240.8487 	EXP 	unnamed TextStim: height = 25.0
240.8487 	EXP 	unnamed TextStim: height = 25.0
240.8487 	EXP 	unnamed TextStim: height = 25.0
240.8487 	EXP 	unnamed TextStim: text = '↓'
242.4197 	DATA 	Keypress: up
242.4209 	EXP 	unnamed TextStim: text = '↓'
244.0238 	DATA 	Keypress: up
244.0259 	EXP 	unnamed TextStim: height = 25.0
244.0259 	EXP 	unnamed TextStim: height = 25.0
244.0259 	EXP 	unnamed TextStim: height = 25.0
244.0259 	EXP 	unnamed TextStim: text = '↑'
245.6052 	DATA 	Keypress: up
245.6120 	EXP 	unnamed TextStim: height = 25.0
245.6120 	EXP 	unnamed TextStim: height = 25.0
245.6120 	EXP 	unnamed TextStim: height = 25.0
245.6120 	EXP 	unnamed TextStim: text = '↓'
247.0935 	DATA 	Keypress: down
247.0957 	EXP 	unnamed TextStim: height = 25.0
247.0957 	EXP 	unnamed TextStim: height = 25.0
247.0957 	EXP 	unnamed TextStim: height = 25.0
247.0957 	EXP 	unnamed TextStim: text = '↑'
248.5982 	DATA 	Keypress: up
248.6004 	EXP 	unnamed TextStim: height = 25.0
248.6004 	EXP 	unnamed TextStim: height = 25.0
248.6004 	EXP 	unnamed TextStim: height = 25.0
248.6004 	EXP 	unnamed TextStim: text = '←'
250.1473 	DATA 	Keypress: left
250.2565 	EXP 	Created unnamed ImageStim = ImageStim(__class__=<class 'psychopy.visual.image.ImageStim'>, anchor=('center', 'center'), autoLog=True, color=array([1., 1., 1.]), colorSpace='rgb', contrast=1.0, depth=0, flipHoriz=False, flipVert=False, image='break.jpg', interpolate=True, mask=None, maskParams=None, name='unnamed ImageStim', opacity=1.0, ori=0.0, pos=array([0., 0.]), size=array([1536.,  864.]), texRes=128, units='pix', win=Window(...))
251.2574 	DATA 	Keypress: space
251.2661 	EXP 	unnamed TextStim: height = 25.0
251.2661 	EXP 	unnamed TextStim: height = 25.0
251.2661 	EXP 	unnamed TextStim: height = 25.0
251.2661 	EXP 	unnamed TextStim: text = '↑'
252.6263 	DATA 	Keypress: up
252.6284 	EXP 	unnamed TextStim: height = 25.0
252.6284 	EXP 	unnamed TextStim: height = 25.0
252.6284 	EXP 	unnamed TextStim: height = 25.0
252.6284 	EXP 	unnamed TextStim: text = '←'
254.3092 	DATA 	Keypress: left
254.3115 	EXP 	unnamed TextStim: height = 25.0
254.3115 	EXP 	unnamed TextStim: height = 25.0
254.3115 	EXP 	unnamed TextStim: height = 25.0
254.3115 	EXP 	unnamed TextStim: text = '→'
255.8699 	DATA 	Keypress: left
255.8721 	EXP 	unnamed TextStim: height = 25.0
255.8721 	EXP 	unnamed TextStim: height = 25.0
255.8721 	EXP 	unnamed TextStim: height = 25.0
255.8721 	EXP 	unnamed TextStim: text = '↓'
257.2652 	DATA 	Keypress: down
257.2664 	EXP 	unnamed TextStim: text = '↓'
258.7081 	DATA 	Keypress: down
258.7102 	EXP 	unnamed TextStim: height = 25.0
258.7102 	EXP 	unnamed TextStim: height = 25.0
258.7102 	EXP 	unnamed TextStim: height = 25.0
258.7102 	EXP 	unnamed TextStim: text = '→'
260.1588 	DATA 	Keypress: right
260.2853 	EXP 	Created unnamed ImageStim = ImageStim(__class__=<class 'psychopy.visual.image.ImageStim'>, anchor=('center', 'center'), autoLog=True, color=array([1., 1., 1.]), colorSpace='rgb', contrast=1.0, depth=0, flipHoriz=False, flipVert=False, image='break.jpg', interpolate=True, mask=None, maskParams=None, name='unnamed ImageStim', opacity=1.0, ori=0.0, pos=array([0., 0.]), size=array([1536.,  864.]), texRes=128, units='pix', win=Window(...))
261.2969 	DATA 	Keypress: space
261.3195 	EXP 	Created unnamed TextStim = TextStim(__class__=<class 'psychopy.visual.text.TextStim'>, alignHoriz=method-wrapper(...), alignText='center', alignVert=method-wrapper(...), anchorHoriz='center', anchorVert='center', antialias=True, autoDraw=False, autoLog=True, bold=False, color=array([-1, -1, -1]), colorSpace='rgb', contrast=1.0, depth=0, flipHoriz=False, flipVert=False, font='', fontFiles=[], height=20.0, italic=False, languageStyle='LTR', name='unnamed TextStim', opacity=1.0, ori=0.0, pos=array([0., 0.]), rgb=UNKNOWN, text=str(...), units='pix', win=Window(...), wrapWidth=1536)
264.2865 	DATA 	Keypress: right
264.3797 	EXP 	window1: mouseVisible = True
