10.6262 	WARNING 	User requested fullscreen with size [1536  864], but screen is actually [1920, 1080]. Using actual size
12.1213 	INFO 	FRAME RATE: 60
12.1213 	INFO 	SCREEN RES: odict_values([1536, 864])
12.1843 	EXP 	Created unnamed TextStim = TextStim(__class__=<class 'psychopy.visual.text.TextStim'>, alignHoriz=method-wrapper(...), alignText='center', alignVert=method-wrapper(...), anchorHoriz='center', anchorVert='center', antialias=True, autoDraw=False, autoLog=True, bold=False, color=array([-1, -1, -1]), colorSpace='rgb', contrast=1.0, depth=0, flipHoriz=False, flipVert=False, font='', fontFiles=[], height=100.0, italic=False, languageStyle='LTR', name='unnamed TextStim', opacity=1.0, ori=0.0, pos=array([0., 0.]), rgb=UNKNOWN, text='+', units='pix', win=Window(...), wrapWidth=500)
12.1881 	EXP 	Created unnamed Circle = Circle(__class__=<class 'psychopy.visual.circle.Circle'>, anchor=('center', 'center'), autoDraw=False, autoLog=True, closeShape=True, color=method-wrapper(...), colorSpace='rgb', contrast=None, depth=0, fillColor=array([ 0.09019608, -1.        , -1.        ]), fillColorSpace='rgb', fillRGB=array([ 0.09019608, -1.        , -1.        ]), interpolate=True, lineColor=array([ 0.09019608, -1.        , -1.        ]), lineColorSpace='rgb', lineRGB=array([ 0.09019608, -1.        , -1.        ]), lineWidth=1.5, name='unnamed Circle', opacity=1.0, ori=0.0, pos=array([0., 0.]), size=array([1., 1.]), units='pix', vertices=ndarray(...), win=Window(...))
12.1890 	EXP 	Created unnamed TextStim = TextStim(__class__=<class 'psychopy.visual.text.TextStim'>, alignHoriz=method-wrapper(...), alignText='center', alignVert=method-wrapper(...), anchorHoriz='center', anchorVert='center', antialias=True, autoDraw=False, autoLog=True, bold=False, color=array([-0.17647059, -0.17647059, -0.17647059]), colorSpace='rgb', contrast=1.0, depth=0, flipHoriz=False, flipVert=False, font='', fontFiles=[], height=25, italic=False, languageStyle='LTR', name='unnamed TextStim', opacity=1.0, ori=0.0, pos=array([0., 0.]), rgb=UNKNOWN, text='', units='pix', win=Window(...), wrapWidth=500)
12.1980 	EXP 	Created unnamed ImageStim = ImageStim(__class__=<class 'psychopy.visual.image.ImageStim'>, anchor=('center', 'center'), autoLog=True, color=array([1., 1., 1.]), colorSpace='rgb', contrast=1.0, depth=0, flipHoriz=False, flipVert=False, image='mask4.png', interpolate=False, mask=None, maskParams=None, name='unnamed ImageStim', opacity=1.0, ori=0.0, pos=array([0., 0.]), size=array([25., 25.]), texRes=128, units='pix', win=Window(...))
12.2045 	EXP 	Created unnamed TextStim = TextStim(__class__=<class 'psychopy.visual.text.TextStim'>, alignHoriz=method-wrapper(...), alignText='center', alignVert=method-wrapper(...), anchorHoriz='center', anchorVert='center', antialias=True, autoDraw=False, autoLog=True, bold=False, color=array([-1, -1, -1]), colorSpace='rgb', contrast=1.0, depth=0, flipHoriz=False, flipVert=False, font='', fontFiles=[], height=30.0, italic=False, languageStyle='LTR', name='unnamed TextStim', opacity=1.0, ori=0.0, pos=array([ 100., -300.]), rgb=UNKNOWN, text=str(...), units='pix', win=Window(...), wrapWidth=10000)
12.2130 	EXP 	Created unnamed TextStim = TextStim(__class__=<class 'psychopy.visual.text.TextStim'>, alignHoriz=method-wrapper(...), alignText='center', alignVert=method-wrapper(...), anchorHoriz='center', anchorVert='center', antialias=True, autoDraw=False, autoLog=True, bold=False, color=array([-1, -1, -1]), colorSpace='rgb', contrast=1.0, depth=0, flipHoriz=False, flipVert=False, font='', fontFiles=[], height=30.0, italic=False, languageStyle='LTR', name='unnamed TextStim', opacity=1.0, ori=0.0, pos=array([ 100., -330.]), rgb=UNKNOWN, text=str(...), units='pix', win=Window(...), wrapWidth=10000)
12.2459 	EXP 	Created unnamed TextStim = TextStim(__class__=<class 'psychopy.visual.text.TextStim'>, alignHoriz=method-wrapper(...), alignText='center', alignVert=method-wrapper(...), anchorHoriz='center', anchorVert='center', antialias=True, autoDraw=False, autoLog=True, bold=False, color=array([-1, -1, -1]), colorSpace='rgb', contrast=1.0, depth=0, flipHoriz=False, flipVert=False, font='', fontFiles=[], height=20.0, italic=False, languageStyle='LTR', name='unnamed TextStim', opacity=1.0, ori=0.0, pos=array([0., 0.]), rgb=UNKNOWN, text=str(...), units='pix', win=Window(...), wrapWidth=1536)
42.5864 	DATA 	Keypress: space
42.6042 	EXP 	unnamed TextStim: height = 25.0
42.6042 	EXP 	unnamed TextStim: height = 25.0
42.6042 	EXP 	unnamed TextStim: height = 25.0
42.6042 	EXP 	unnamed TextStim: text = '↓'
45.5715 	DATA 	No keypress (maxWait exceeded)
45.5780 	EXP 	Created unnamed TextStim = TextStim(__class__=<class 'psychopy.visual.text.TextStim'>, alignHoriz=method-wrapper(...), alignText='center', alignVert=method-wrapper(...), anchorHoriz='center', anchorVert='center', antialias=True, autoDraw=False, autoLog=True, bold=False, color=array([-1, -1, -1]), colorSpace='rgb', contrast=1.0, depth=0, flipHoriz=False, flipVert=False, font='', fontFiles=[], height=50.0, italic=False, languageStyle='LTR', name='unnamed TextStim', opacity=1.0, ori=0.0, pos=array([0., 0.]), rgb=UNKNOWN, text='Niepoprawnie', units='pix', win=Window(...), wrapWidth=500)
46.5876 	EXP 	unnamed TextStim: height = 25.0
46.5876 	EXP 	unnamed TextStim: height = 25.0
46.5876 	EXP 	unnamed TextStim: height = 25.0
46.5876 	EXP 	unnamed TextStim: text = '↑'
49.5551 	DATA 	No keypress (maxWait exceeded)
49.5572 	EXP 	Created unnamed TextStim = TextStim(__class__=<class 'psychopy.visual.text.TextStim'>, alignHoriz=method-wrapper(...), alignText='center', alignVert=method-wrapper(...), anchorHoriz='center', anchorVert='center', antialias=True, autoDraw=False, autoLog=True, bold=False, color=array([-1, -1, -1]), colorSpace='rgb', contrast=1.0, depth=0, flipHoriz=False, flipVert=False, font='', fontFiles=[], height=50.0, italic=False, languageStyle='LTR', name='unnamed TextStim', opacity=1.0, ori=0.0, pos=array([0., 0.]), rgb=UNKNOWN, text='Niepoprawnie', units='pix', win=Window(...), wrapWidth=500)
50.5712 	EXP 	unnamed TextStim: text = '↑'
52.4553 	DATA 	Keypress: left
52.4573 	EXP 	Created unnamed TextStim = TextStim(__class__=<class 'psychopy.visual.text.TextStim'>, alignHoriz=method-wrapper(...), alignText='center', alignVert=method-wrapper(...), anchorHoriz='center', anchorVert='center', antialias=True, autoDraw=False, autoLog=True, bold=False, color=array([-1, -1, -1]), colorSpace='rgb', contrast=1.0, depth=0, flipHoriz=False, flipVert=False, font='', fontFiles=[], height=50.0, italic=False, languageStyle='LTR', name='unnamed TextStim', opacity=1.0, ori=0.0, pos=array([0., 0.]), rgb=UNKNOWN, text='Niepoprawnie', units='pix', win=Window(...), wrapWidth=500)
53.4714 	EXP 	unnamed TextStim: height = 25.0
53.4714 	EXP 	unnamed TextStim: height = 25.0
53.4714 	EXP 	unnamed TextStim: height = 25.0
53.4714 	EXP 	unnamed TextStim: text = '↓'
54.6730 	DATA 	Keypress: up
54.7603 	EXP 	Created unnamed TextStim = TextStim(__class__=<class 'psychopy.visual.text.TextStim'>, alignHoriz=method-wrapper(...), alignText='center', alignVert=method-wrapper(...), anchorHoriz='center', anchorVert='center', antialias=True, autoDraw=False, autoLog=True, bold=False, color=array([-1, -1, -1]), colorSpace='rgb', contrast=1.0, depth=0, flipHoriz=False, flipVert=False, font='', fontFiles=[], height=50.0, italic=False, languageStyle='LTR', name='unnamed TextStim', opacity=1.0, ori=0.0, pos=array([0., 0.]), rgb=UNKNOWN, text='Niepoprawnie', units='pix', win=Window(...), wrapWidth=500)
55.5721 	DATA 	Keypress: down
55.7881 	EXP 	unnamed TextStim: height = 25.0
55.7881 	EXP 	unnamed TextStim: height = 25.0
55.7881 	EXP 	unnamed TextStim: height = 25.0
55.7881 	EXP 	unnamed TextStim: text = '←'
57.3406 	DATA 	Keypress: left
57.3436 	EXP 	Created unnamed TextStim = TextStim(__class__=<class 'psychopy.visual.text.TextStim'>, alignHoriz=method-wrapper(...), alignText='center', alignVert=method-wrapper(...), anchorHoriz='center', anchorVert='center', antialias=True, autoDraw=False, autoLog=True, bold=False, color=array([-1, -1, -1]), colorSpace='rgb', contrast=1.0, depth=0, flipHoriz=False, flipVert=False, font='', fontFiles=[], height=50.0, italic=False, languageStyle='LTR', name='unnamed TextStim', opacity=1.0, ori=0.0, pos=array([0., 0.]), rgb=UNKNOWN, text='Poprawnie', units='pix', win=Window(...), wrapWidth=500)
58.3549 	EXP 	unnamed TextStim: height = 25.0
58.3549 	EXP 	unnamed TextStim: height = 25.0
58.3549 	EXP 	unnamed TextStim: height = 25.0
58.3549 	EXP 	unnamed TextStim: text = '↑'
60.0007 	DATA 	Keypress: right
60.0033 	EXP 	Created unnamed TextStim = TextStim(__class__=<class 'psychopy.visual.text.TextStim'>, alignHoriz=method-wrapper(...), alignText='center', alignVert=method-wrapper(...), anchorHoriz='center', anchorVert='center', antialias=True, autoDraw=False, autoLog=True, bold=False, color=array([-1, -1, -1]), colorSpace='rgb', contrast=1.0, depth=0, flipHoriz=False, flipVert=False, font='', fontFiles=[], height=50.0, italic=False, languageStyle='LTR', name='unnamed TextStim', opacity=1.0, ori=0.0, pos=array([0., 0.]), rgb=UNKNOWN, text='Niepoprawnie', units='pix', win=Window(...), wrapWidth=500)
61.0216 	EXP 	unnamed TextStim: height = 25.0
61.0216 	EXP 	unnamed TextStim: height = 25.0
61.0216 	EXP 	unnamed TextStim: height = 25.0
61.0216 	EXP 	unnamed TextStim: text = '↓'
63.9888 	DATA 	No keypress (maxWait exceeded)
63.9908 	EXP 	Created unnamed TextStim = TextStim(__class__=<class 'psychopy.visual.text.TextStim'>, alignHoriz=method-wrapper(...), alignText='center', alignVert=method-wrapper(...), anchorHoriz='center', anchorVert='center', antialias=True, autoDraw=False, autoLog=True, bold=False, color=array([-1, -1, -1]), colorSpace='rgb', contrast=1.0, depth=0, flipHoriz=False, flipVert=False, font='', fontFiles=[], height=50.0, italic=False, languageStyle='LTR', name='unnamed TextStim', opacity=1.0, ori=0.0, pos=array([0., 0.]), rgb=UNKNOWN, text='Niepoprawnie', units='pix', win=Window(...), wrapWidth=500)
65.0051 	EXP 	unnamed TextStim: text = '↓'
65.2565 	DATA 	Keypress: left
65.5061 	DATA 	Keypress: right
65.9067 	DATA 	Keypress: up
66.2934 	EXP 	Created unnamed TextStim = TextStim(__class__=<class 'psychopy.visual.text.TextStim'>, alignHoriz=method-wrapper(...), alignText='center', alignVert=method-wrapper(...), anchorHoriz='center', anchorVert='center', antialias=True, autoDraw=False, autoLog=True, bold=False, color=array([-1, -1, -1]), colorSpace='rgb', contrast=1.0, depth=0, flipHoriz=False, flipVert=False, font='', fontFiles=[], height=50.0, italic=False, languageStyle='LTR', name='unnamed TextStim', opacity=1.0, ori=0.0, pos=array([0., 0.]), rgb=UNKNOWN, text='Niepoprawnie', units='pix', win=Window(...), wrapWidth=500)
67.1054 	DATA 	Keypress: down
67.3218 	EXP 	unnamed TextStim: height = 25.0
67.3218 	EXP 	unnamed TextStim: height = 25.0
67.3218 	EXP 	unnamed TextStim: height = 25.0
67.3218 	EXP 	unnamed TextStim: text = '↑'
70.1054 	DATA 	Keypress: up
70.1074 	EXP 	Created unnamed TextStim = TextStim(__class__=<class 'psychopy.visual.text.TextStim'>, alignHoriz=method-wrapper(...), alignText='center', alignVert=method-wrapper(...), anchorHoriz='center', anchorVert='center', antialias=True, autoDraw=False, autoLog=True, bold=False, color=array([-1, -1, -1]), colorSpace='rgb', contrast=1.0, depth=0, flipHoriz=False, flipVert=False, font='', fontFiles=[], height=50.0, italic=False, languageStyle='LTR', name='unnamed TextStim', opacity=1.0, ori=0.0, pos=array([0., 0.]), rgb=UNKNOWN, text='Poprawnie', units='pix', win=Window(...), wrapWidth=500)
70.9092 	DATA 	Keypress: down
71.1220 	EXP 	unnamed TextStim: text = '↑'
72.7898 	DATA 	Keypress: up
72.7917 	EXP 	Created unnamed TextStim = TextStim(__class__=<class 'psychopy.visual.text.TextStim'>, alignHoriz=method-wrapper(...), alignText='center', alignVert=method-wrapper(...), anchorHoriz='center', anchorVert='center', antialias=True, autoDraw=False, autoLog=True, bold=False, color=array([-1, -1, -1]), colorSpace='rgb', contrast=1.0, depth=0, flipHoriz=False, flipVert=False, font='', fontFiles=[], height=50.0, italic=False, languageStyle='LTR', name='unnamed TextStim', opacity=1.0, ori=0.0, pos=array([0., 0.]), rgb=UNKNOWN, text='Poprawnie', units='pix', win=Window(...), wrapWidth=500)
73.8055 	EXP 	unnamed TextStim: height = 25.0
73.8055 	EXP 	unnamed TextStim: height = 25.0
73.8055 	EXP 	unnamed TextStim: height = 25.0
73.8055 	EXP 	unnamed TextStim: text = '←'
75.4463 	DATA 	Keypress: right
75.4483 	EXP 	Created unnamed TextStim = TextStim(__class__=<class 'psychopy.visual.text.TextStim'>, alignHoriz=method-wrapper(...), alignText='center', alignVert=method-wrapper(...), anchorHoriz='center', anchorVert='center', antialias=True, autoDraw=False, autoLog=True, bold=False, color=array([-1, -1, -1]), colorSpace='rgb', contrast=1.0, depth=0, flipHoriz=False, flipVert=False, font='', fontFiles=[], height=50.0, italic=False, languageStyle='LTR', name='unnamed TextStim', opacity=1.0, ori=0.0, pos=array([0., 0.]), rgb=UNKNOWN, text='Niepoprawnie', units='pix', win=Window(...), wrapWidth=500)
76.4555 	EXP 	unnamed TextStim: height = 25.0
76.4555 	EXP 	unnamed TextStim: height = 25.0
76.4555 	EXP 	unnamed TextStim: height = 25.0
76.4555 	EXP 	unnamed TextStim: text = '→'
77.9273 	DATA 	Keypress: up
77.9306 	EXP 	Created unnamed TextStim = TextStim(__class__=<class 'psychopy.visual.text.TextStim'>, alignHoriz=method-wrapper(...), alignText='center', alignVert=method-wrapper(...), anchorHoriz='center', anchorVert='center', antialias=True, autoDraw=False, autoLog=True, bold=False, color=array([-1, -1, -1]), colorSpace='rgb', contrast=1.0, depth=0, flipHoriz=False, flipVert=False, font='', fontFiles=[], height=50.0, italic=False, languageStyle='LTR', name='unnamed TextStim', opacity=1.0, ori=0.0, pos=array([0., 0.]), rgb=UNKNOWN, text='Niepoprawnie', units='pix', win=Window(...), wrapWidth=500)
78.9557 	EXP 	unnamed TextStim: height = 25.0
78.9557 	EXP 	unnamed TextStim: height = 25.0
78.9557 	EXP 	unnamed TextStim: height = 25.0
78.9557 	EXP 	unnamed TextStim: text = '↑'
80.6365 	DATA 	Keypress: right
80.6387 	EXP 	Created unnamed TextStim = TextStim(__class__=<class 'psychopy.visual.text.TextStim'>, alignHoriz=method-wrapper(...), alignText='center', alignVert=method-wrapper(...), anchorHoriz='center', anchorVert='center', antialias=True, autoDraw=False, autoLog=True, bold=False, color=array([-1, -1, -1]), colorSpace='rgb', contrast=1.0, depth=0, flipHoriz=False, flipVert=False, font='', fontFiles=[], height=50.0, italic=False, languageStyle='LTR', name='unnamed TextStim', opacity=1.0, ori=0.0, pos=array([0., 0.]), rgb=UNKNOWN, text='Niepoprawnie', units='pix', win=Window(...), wrapWidth=500)
81.6557 	EXP 	unnamed TextStim: height = 25.0
81.6557 	EXP 	unnamed TextStim: height = 25.0
81.6557 	EXP 	unnamed TextStim: height = 25.0
81.6557 	EXP 	unnamed TextStim: text = '←'
82.8580 	DATA 	Keypress: up
82.9416 	EXP 	Created unnamed TextStim = TextStim(__class__=<class 'psychopy.visual.text.TextStim'>, alignHoriz=method-wrapper(...), alignText='center', alignVert=method-wrapper(...), anchorHoriz='center', anchorVert='center', antialias=True, autoDraw=False, autoLog=True, bold=False, color=array([-1, -1, -1]), colorSpace='rgb', contrast=1.0, depth=0, flipHoriz=False, flipVert=False, font='', fontFiles=[], height=50.0, italic=False, languageStyle='LTR', name='unnamed TextStim', opacity=1.0, ori=0.0, pos=array([0., 0.]), rgb=UNKNOWN, text='Niepoprawnie', units='pix', win=Window(...), wrapWidth=500)
83.7565 	DATA 	Keypress: right
83.9724 	EXP 	unnamed TextStim: height = 25.0
83.9724 	EXP 	unnamed TextStim: height = 25.0
83.9724 	EXP 	unnamed TextStim: height = 25.0
83.9724 	EXP 	unnamed TextStim: text = '→'
85.7618 	DATA 	Keypress: right
85.7640 	EXP 	Created unnamed TextStim = TextStim(__class__=<class 'psychopy.visual.text.TextStim'>, alignHoriz=method-wrapper(...), alignText='center', alignVert=method-wrapper(...), anchorHoriz='center', anchorVert='center', antialias=True, autoDraw=False, autoLog=True, bold=False, color=array([-1, -1, -1]), colorSpace='rgb', contrast=1.0, depth=0, flipHoriz=False, flipVert=False, font='', fontFiles=[], height=50.0, italic=False, languageStyle='LTR', name='unnamed TextStim', opacity=1.0, ori=0.0, pos=array([0., 0.]), rgb=UNKNOWN, text='Poprawnie', units='pix', win=Window(...), wrapWidth=500)
86.7948 	EXP 	Created unnamed TextStim = TextStim(__class__=<class 'psychopy.visual.text.TextStim'>, alignHoriz=method-wrapper(...), alignText='center', alignVert=method-wrapper(...), anchorHoriz='center', anchorVert='center', antialias=True, autoDraw=False, autoLog=True, bold=False, color=array([-1, -1, -1]), colorSpace='rgb', contrast=1.0, depth=0, flipHoriz=False, flipVert=False, font='', fontFiles=[], height=20.0, italic=False, languageStyle='LTR', name='unnamed TextStim', opacity=1.0, ori=0.0, pos=array([0., 0.]), rgb=UNKNOWN, text=str(...), units='pix', win=Window(...), wrapWidth=1536)
99.6060 	DATA 	Keypress: space
99.6231 	EXP 	unnamed TextStim: height = 25.0
99.6231 	EXP 	unnamed TextStim: height = 25.0
99.6231 	EXP 	unnamed TextStim: height = 25.0
99.6231 	EXP 	unnamed TextStim: text = '↑'
101.1098 	DATA 	Keypress: right
101.1162 	EXP 	Created unnamed TextStim = TextStim(__class__=<class 'psychopy.visual.text.TextStim'>, alignHoriz=method-wrapper(...), alignText='center', alignVert=method-wrapper(...), anchorHoriz='center', anchorVert='center', antialias=True, autoDraw=False, autoLog=True, bold=False, color=array([-1, -1, -1]), colorSpace='rgb', contrast=1.0, depth=0, flipHoriz=False, flipVert=False, font='', fontFiles=[], height=50.0, italic=False, languageStyle='LTR', name='unnamed TextStim', opacity=1.0, ori=0.0, pos=array([0., 0.]), rgb=UNKNOWN, text='Niepoprawnie', units='pix', win=Window(...), wrapWidth=500)
102.1231 	EXP 	unnamed TextStim: height = 25.0
102.1231 	EXP 	unnamed TextStim: height = 25.0
102.1231 	EXP 	unnamed TextStim: height = 25.0
102.1231 	EXP 	unnamed TextStim: text = '↓'
103.5764 	DATA 	Keypress: up
103.5787 	EXP 	Created unnamed TextStim = TextStim(__class__=<class 'psychopy.visual.text.TextStim'>, alignHoriz=method-wrapper(...), alignText='center', alignVert=method-wrapper(...), anchorHoriz='center', anchorVert='center', antialias=True, autoDraw=False, autoLog=True, bold=False, color=array([-1, -1, -1]), colorSpace='rgb', contrast=1.0, depth=0, flipHoriz=False, flipVert=False, font='', fontFiles=[], height=50.0, italic=False, languageStyle='LTR', name='unnamed TextStim', opacity=1.0, ori=0.0, pos=array([0., 0.]), rgb=UNKNOWN, text='Niepoprawnie', units='pix', win=Window(...), wrapWidth=500)
104.5899 	EXP 	unnamed TextStim: height = 25.0
104.5899 	EXP 	unnamed TextStim: height = 25.0
104.5899 	EXP 	unnamed TextStim: height = 25.0
104.5899 	EXP 	unnamed TextStim: text = '←'
106.1093 	DATA 	Keypress: right
106.1116 	EXP 	Created unnamed TextStim = TextStim(__class__=<class 'psychopy.visual.text.TextStim'>, alignHoriz=method-wrapper(...), alignText='center', alignVert=method-wrapper(...), anchorHoriz='center', anchorVert='center', antialias=True, autoDraw=False, autoLog=True, bold=False, color=array([-1, -1, -1]), colorSpace='rgb', contrast=1.0, depth=0, flipHoriz=False, flipVert=False, font='', fontFiles=[], height=50.0, italic=False, languageStyle='LTR', name='unnamed TextStim', opacity=1.0, ori=0.0, pos=array([0., 0.]), rgb=UNKNOWN, text='Niepoprawnie', units='pix', win=Window(...), wrapWidth=500)
107.1233 	EXP 	unnamed TextStim: height = 25.0
107.1233 	EXP 	unnamed TextStim: height = 25.0
107.1233 	EXP 	unnamed TextStim: height = 25.0
107.1233 	EXP 	unnamed TextStim: text = '→'
109.8906 	DATA 	No keypress (maxWait exceeded)
109.8929 	EXP 	Created unnamed TextStim = TextStim(__class__=<class 'psychopy.visual.text.TextStim'>, alignHoriz=method-wrapper(...), alignText='center', alignVert=method-wrapper(...), anchorHoriz='center', anchorVert='center', antialias=True, autoDraw=False, autoLog=True, bold=False, color=array([-1, -1, -1]), colorSpace='rgb', contrast=1.0, depth=0, flipHoriz=False, flipVert=False, font='', fontFiles=[], height=50.0, italic=False, languageStyle='LTR', name='unnamed TextStim', opacity=1.0, ori=0.0, pos=array([0., 0.]), rgb=UNKNOWN, text='Niepoprawnie', units='pix', win=Window(...), wrapWidth=500)
110.9069 	EXP 	unnamed TextStim: text = '→'
113.6740 	DATA 	No keypress (maxWait exceeded)
113.6760 	EXP 	Created unnamed TextStim = TextStim(__class__=<class 'psychopy.visual.text.TextStim'>, alignHoriz=method-wrapper(...), alignText='center', alignVert=method-wrapper(...), anchorHoriz='center', anchorVert='center', antialias=True, autoDraw=False, autoLog=True, bold=False, color=array([-1, -1, -1]), colorSpace='rgb', contrast=1.0, depth=0, flipHoriz=False, flipVert=False, font='', fontFiles=[], height=50.0, italic=False, languageStyle='LTR', name='unnamed TextStim', opacity=1.0, ori=0.0, pos=array([0., 0.]), rgb=UNKNOWN, text='Niepoprawnie', units='pix', win=Window(...), wrapWidth=500)
114.4775 	DATA 	Keypress: left
114.6901 	EXP 	unnamed TextStim: text = '→'
117.0252 	DATA 	Keypress: left
117.0273 	EXP 	Created unnamed TextStim = TextStim(__class__=<class 'psychopy.visual.text.TextStim'>, alignHoriz=method-wrapper(...), alignText='center', alignVert=method-wrapper(...), anchorHoriz='center', anchorVert='center', antialias=True, autoDraw=False, autoLog=True, bold=False, color=array([-1, -1, -1]), colorSpace='rgb', contrast=1.0, depth=0, flipHoriz=False, flipVert=False, font='', fontFiles=[], height=50.0, italic=False, languageStyle='LTR', name='unnamed TextStim', opacity=1.0, ori=0.0, pos=array([0., 0.]), rgb=UNKNOWN, text='Niepoprawnie', units='pix', win=Window(...), wrapWidth=500)
118.0403 	EXP 	unnamed TextStim: height = 25.0
118.0403 	EXP 	unnamed TextStim: height = 25.0
118.0403 	EXP 	unnamed TextStim: height = 25.0
118.0403 	EXP 	unnamed TextStim: text = '←'
120.1548 	DATA 	Keypress: up
120.1579 	EXP 	Created unnamed TextStim = TextStim(__class__=<class 'psychopy.visual.text.TextStim'>, alignHoriz=method-wrapper(...), alignText='center', alignVert=method-wrapper(...), anchorHoriz='center', anchorVert='center', antialias=True, autoDraw=False, autoLog=True, bold=False, color=array([-1, -1, -1]), colorSpace='rgb', contrast=1.0, depth=0, flipHoriz=False, flipVert=False, font='', fontFiles=[], height=50.0, italic=False, languageStyle='LTR', name='unnamed TextStim', opacity=1.0, ori=0.0, pos=array([0., 0.]), rgb=UNKNOWN, text='Niepoprawnie', units='pix', win=Window(...), wrapWidth=500)
121.1740 	EXP 	unnamed TextStim: height = 25.0
121.1740 	EXP 	unnamed TextStim: height = 25.0
121.1740 	EXP 	unnamed TextStim: height = 25.0
121.1740 	EXP 	unnamed TextStim: text = '→'
123.9410 	DATA 	No keypress (maxWait exceeded)
123.9430 	EXP 	Created unnamed TextStim = TextStim(__class__=<class 'psychopy.visual.text.TextStim'>, alignHoriz=method-wrapper(...), alignText='center', alignVert=method-wrapper(...), anchorHoriz='center', anchorVert='center', antialias=True, autoDraw=False, autoLog=True, bold=False, color=array([-1, -1, -1]), colorSpace='rgb', contrast=1.0, depth=0, flipHoriz=False, flipVert=False, font='', fontFiles=[], height=50.0, italic=False, languageStyle='LTR', name='unnamed TextStim', opacity=1.0, ori=0.0, pos=array([0., 0.]), rgb=UNKNOWN, text='Niepoprawnie', units='pix', win=Window(...), wrapWidth=500)
124.9574 	EXP 	unnamed TextStim: height = 25.0
124.9574 	EXP 	unnamed TextStim: height = 25.0
124.9574 	EXP 	unnamed TextStim: height = 25.0
124.9574 	EXP 	unnamed TextStim: text = '←'
126.6756 	DATA 	Keypress: up
126.6776 	EXP 	Created unnamed TextStim = TextStim(__class__=<class 'psychopy.visual.text.TextStim'>, alignHoriz=method-wrapper(...), alignText='center', alignVert=method-wrapper(...), anchorHoriz='center', anchorVert='center', antialias=True, autoDraw=False, autoLog=True, bold=False, color=array([-1, -1, -1]), colorSpace='rgb', contrast=1.0, depth=0, flipHoriz=False, flipVert=False, font='', fontFiles=[], height=50.0, italic=False, languageStyle='LTR', name='unnamed TextStim', opacity=1.0, ori=0.0, pos=array([0., 0.]), rgb=UNKNOWN, text='Niepoprawnie', units='pix', win=Window(...), wrapWidth=500)
127.6906 	EXP 	unnamed TextStim: height = 25.0
127.6906 	EXP 	unnamed TextStim: height = 25.0
127.6906 	EXP 	unnamed TextStim: height = 25.0
127.6906 	EXP 	unnamed TextStim: text = '↑'
129.7630 	DATA 	Keypress: up
129.7659 	EXP 	Created unnamed TextStim = TextStim(__class__=<class 'psychopy.visual.text.TextStim'>, alignHoriz=method-wrapper(...), alignText='center', alignVert=method-wrapper(...), anchorHoriz='center', anchorVert='center', antialias=True, autoDraw=False, autoLog=True, bold=False, color=array([-1, -1, -1]), colorSpace='rgb', contrast=1.0, depth=0, flipHoriz=False, flipVert=False, font='', fontFiles=[], height=50.0, italic=False, languageStyle='LTR', name='unnamed TextStim', opacity=1.0, ori=0.0, pos=array([0., 0.]), rgb=UNKNOWN, text='Poprawnie', units='pix', win=Window(...), wrapWidth=500)
130.7908 	EXP 	Created unnamed TextStim = TextStim(__class__=<class 'psychopy.visual.text.TextStim'>, alignHoriz=method-wrapper(...), alignText='center', alignVert=method-wrapper(...), anchorHoriz='center', anchorVert='center', antialias=True, autoDraw=False, autoLog=True, bold=False, color=array([-1, -1, -1]), colorSpace='rgb', contrast=1.0, depth=0, flipHoriz=False, flipVert=False, font='', fontFiles=[], height=20.0, italic=False, languageStyle='LTR', name='unnamed TextStim', opacity=1.0, ori=0.0, pos=array([0., 0.]), rgb=UNKNOWN, text=str(...), units='pix', win=Window(...), wrapWidth=1536)
181.7659 	DATA 	Keypress: space
181.7762 	EXP 	unnamed TextStim: height = 25.0
181.7762 	EXP 	unnamed TextStim: height = 25.0
181.7762 	EXP 	unnamed TextStim: height = 25.0
181.7762 	EXP 	unnamed TextStim: text = '→'
183.0431 	DATA 	Mouse: Left button down, pos=(863,619)
183.1194 	DATA 	Mouse:  Left button up, pos=(863,619)
183.2971 	DATA 	Keypress: right
183.3002 	EXP 	unnamed TextStim: height = 25.0
183.3002 	EXP 	unnamed TextStim: height = 25.0
183.3002 	EXP 	unnamed TextStim: height = 25.0
183.3002 	EXP 	unnamed TextStim: text = '←'
183.4278 	DATA 	Mouse: Left button down, pos=(863,619)
183.6610 	DATA 	Mouse:  Left button up, pos=(863,619)
184.8046 	DATA 	Keypress: left
184.8074 	EXP 	unnamed TextStim: height = 25.0
184.8074 	EXP 	unnamed TextStim: height = 25.0
184.8074 	EXP 	unnamed TextStim: height = 25.0
184.8074 	EXP 	unnamed TextStim: text = '↓'
186.2363 	DATA 	Keypress: up
186.2390 	EXP 	unnamed TextStim: height = 25.0
186.2390 	EXP 	unnamed TextStim: height = 25.0
186.2390 	EXP 	unnamed TextStim: height = 25.0
186.2390 	EXP 	unnamed TextStim: text = '↑'
187.8165 	DATA 	Keypress: up
187.8186 	EXP 	unnamed TextStim: height = 25.0
187.8186 	EXP 	unnamed TextStim: height = 25.0
187.8186 	EXP 	unnamed TextStim: height = 25.0
187.8186 	EXP 	unnamed TextStim: text = '↓'
189.1510 	DATA 	Keypress: left
189.1538 	EXP 	unnamed TextStim: height = 25.0
189.1538 	EXP 	unnamed TextStim: height = 25.0
189.1538 	EXP 	unnamed TextStim: height = 25.0
189.1538 	EXP 	unnamed TextStim: text = '→'
189.4447 	DATA 	Mouse: Right button down, pos=(863,619)
189.4780 	DATA 	Mouse:  Right button up, pos=(863,619)
190.5880 	DATA 	Keypress: up
190.7092 	EXP 	Created unnamed ImageStim = ImageStim(__class__=<class 'psychopy.visual.image.ImageStim'>, anchor=('center', 'center'), autoLog=True, color=array([1., 1., 1.]), colorSpace='rgb', contrast=1.0, depth=0, flipHoriz=False, flipVert=False, image='break.jpg', interpolate=True, mask=None, maskParams=None, name='unnamed ImageStim', opacity=1.0, ori=0.0, pos=array([0., 0.]), size=array([1536.,  864.]), texRes=128, units='pix', win=Window(...))
206.1048 	DATA 	Keypress: space
206.1102 	EXP 	unnamed TextStim: text = '→'
207.5265 	DATA 	Keypress: up
207.5277 	EXP 	unnamed TextStim: text = '→'
208.7611 	DATA 	Keypress: left
210.2775 	DATA 	No keypress (maxWait exceeded)
210.2794 	EXP 	unnamed TextStim: text = '→'
211.7664 	DATA 	Keypress: right
211.7675 	EXP 	unnamed TextStim: text = '→'
212.8275 	DATA 	Keypress: left
212.8440 	EXP 	unnamed TextStim: height = 25.0
212.8440 	EXP 	unnamed TextStim: height = 25.0
212.8440 	EXP 	unnamed TextStim: height = 25.0
212.8440 	EXP 	unnamed TextStim: text = '←'
213.9275 	DATA 	Keypress: up
213.9440 	EXP 	unnamed TextStim: text = '←'
215.0283 	DATA 	Keypress: down
215.1533 	EXP 	Created unnamed ImageStim = ImageStim(__class__=<class 'psychopy.visual.image.ImageStim'>, anchor=('center', 'center'), autoLog=True, color=array([1., 1., 1.]), colorSpace='rgb', contrast=1.0, depth=0, flipHoriz=False, flipVert=False, image='break.jpg', interpolate=True, mask=None, maskParams=None, name='unnamed ImageStim', opacity=1.0, ori=0.0, pos=array([0., 0.]), size=array([1536.,  864.]), texRes=128, units='pix', win=Window(...))
217.0171 	DATA 	Keypress: space
217.0278 	EXP 	unnamed TextStim: height = 25.0
217.0278 	EXP 	unnamed TextStim: height = 25.0
217.0278 	EXP 	unnamed TextStim: height = 25.0
217.0278 	EXP 	unnamed TextStim: text = '↓'
218.2946 	DATA 	Keypress: up
219.7947 	DATA 	No keypress (maxWait exceeded)
219.7966 	EXP 	unnamed TextStim: height = 25.0
219.7966 	EXP 	unnamed TextStim: height = 25.0
219.7966 	EXP 	unnamed TextStim: height = 25.0
219.7966 	EXP 	unnamed TextStim: text = '↑'
220.8970 	DATA 	Keypress: left
220.9274 	EXP 	unnamed TextStim: height = 25.0
220.9274 	EXP 	unnamed TextStim: height = 25.0
220.9274 	EXP 	unnamed TextStim: height = 25.0
220.9274 	EXP 	unnamed TextStim: text = '↓'
222.5626 	DATA 	Keypress: up
222.5650 	EXP 	unnamed TextStim: height = 25.0
222.5650 	EXP 	unnamed TextStim: height = 25.0
222.5650 	EXP 	unnamed TextStim: height = 25.0
222.5650 	EXP 	unnamed TextStim: text = '↑'
223.9629 	DATA 	Keypress: left
223.9639 	EXP 	unnamed TextStim: text = '↑'
225.2546 	DATA 	Keypress: up
225.2565 	EXP 	unnamed TextStim: height = 25.0
225.2565 	EXP 	unnamed TextStim: height = 25.0
225.2565 	EXP 	unnamed TextStim: height = 25.0
225.2565 	EXP 	unnamed TextStim: text = '←'
226.3468 	DATA 	Keypress: up
226.4768 	EXP 	Created unnamed ImageStim = ImageStim(__class__=<class 'psychopy.visual.image.ImageStim'>, anchor=('center', 'center'), autoLog=True, color=array([1., 1., 1.]), colorSpace='rgb', contrast=1.0, depth=0, flipHoriz=False, flipVert=False, image='break.jpg', interpolate=True, mask=None, maskParams=None, name='unnamed ImageStim', opacity=1.0, ori=0.0, pos=array([0., 0.]), size=array([1536.,  864.]), texRes=128, units='pix', win=Window(...))
227.4386 	DATA 	Keypress: space
227.4445 	EXP 	unnamed TextStim: height = 25.0
227.4445 	EXP 	unnamed TextStim: height = 25.0
227.4445 	EXP 	unnamed TextStim: height = 25.0
227.4445 	EXP 	unnamed TextStim: text = '→'
228.7529 	DATA 	Keypress: up
228.7612 	EXP 	unnamed TextStim: height = 25.0
228.7612 	EXP 	unnamed TextStim: height = 25.0
228.7612 	EXP 	unnamed TextStim: height = 25.0
228.7612 	EXP 	unnamed TextStim: text = '↑'
230.0137 	DATA 	Keypress: left
231.5286 	DATA 	No keypress (maxWait exceeded)
231.5315 	EXP 	unnamed TextStim: height = 25.0
231.5315 	EXP 	unnamed TextStim: height = 25.0
231.5315 	EXP 	unnamed TextStim: height = 25.0
231.5315 	EXP 	unnamed TextStim: text = '←'
232.2472 	DATA 	Keypress: right
234.1608 	DATA 	Keypress: up
234.1630 	EXP 	unnamed TextStim: height = 25.0
234.1630 	EXP 	unnamed TextStim: height = 25.0
234.1630 	EXP 	unnamed TextStim: height = 25.0
234.1630 	EXP 	unnamed TextStim: text = '→'
235.6989 	DATA 	Keypress: up
235.7036 	EXP 	unnamed TextStim: height = 25.0
235.7036 	EXP 	unnamed TextStim: height = 25.0
235.7036 	EXP 	unnamed TextStim: height = 25.0
235.7036 	EXP 	unnamed TextStim: text = '↑'
237.1595 	DATA 	Keypress: left
237.1616 	EXP 	unnamed TextStim: height = 25.0
237.1616 	EXP 	unnamed TextStim: height = 25.0
237.1616 	EXP 	unnamed TextStim: height = 25.0
237.1616 	EXP 	unnamed TextStim: text = '→'
238.2955 	DATA 	Keypress: down
238.2958 	DATA 	Keypress: up
238.4218 	EXP 	Created unnamed ImageStim = ImageStim(__class__=<class 'psychopy.visual.image.ImageStim'>, anchor=('center', 'center'), autoLog=True, color=array([1., 1., 1.]), colorSpace='rgb', contrast=1.0, depth=0, flipHoriz=False, flipVert=False, image='break.jpg', interpolate=True, mask=None, maskParams=None, name='unnamed ImageStim', opacity=1.0, ori=0.0, pos=array([0., 0.]), size=array([1536.,  864.]), texRes=128, units='pix', win=Window(...))
239.2284 	DATA 	Mouse: Left button down, pos=(1002,397)
239.3970 	DATA 	Keypress: space
239.4116 	EXP 	unnamed TextStim: height = 25.0
239.4116 	EXP 	unnamed TextStim: height = 25.0
239.4116 	EXP 	unnamed TextStim: height = 25.0
239.4116 	EXP 	unnamed TextStim: text = '↓'
239.4465 	DATA 	Mouse:  Left button up, pos=(1002,397)
241.1004 	DATA 	Keypress: left
241.1014 	EXP 	unnamed TextStim: text = '↓'
242.2958 	DATA 	Keypress: up
242.3118 	EXP 	unnamed TextStim: height = 25.0
242.3118 	EXP 	unnamed TextStim: height = 25.0
242.3118 	EXP 	unnamed TextStim: height = 25.0
242.3118 	EXP 	unnamed TextStim: text = '←'
243.7339 	DATA 	Keypress: right
243.7360 	EXP 	unnamed TextStim: height = 25.0
243.7360 	EXP 	unnamed TextStim: height = 25.0
243.7360 	EXP 	unnamed TextStim: height = 25.0
243.7360 	EXP 	unnamed TextStim: text = '↓'
245.1598 	DATA 	Keypress: left
245.1610 	EXP 	unnamed TextStim: text = '↓'
246.3959 	DATA 	Keypress: up
246.4122 	EXP 	unnamed TextStim: height = 25.0
246.4122 	EXP 	unnamed TextStim: height = 25.0
246.4122 	EXP 	unnamed TextStim: height = 25.0
246.4122 	EXP 	unnamed TextStim: text = '↑'
247.7345 	DATA 	Keypress: right
247.8478 	EXP 	Created unnamed ImageStim = ImageStim(__class__=<class 'psychopy.visual.image.ImageStim'>, anchor=('center', 'center'), autoLog=True, color=array([1., 1., 1.]), colorSpace='rgb', contrast=1.0, depth=0, flipHoriz=False, flipVert=False, image='break.jpg', interpolate=True, mask=None, maskParams=None, name='unnamed ImageStim', opacity=1.0, ori=0.0, pos=array([0., 0.]), size=array([1536.,  864.]), texRes=128, units='pix', win=Window(...))
249.1373 	DATA 	Keypress: space
249.1453 	EXP 	unnamed TextStim: height = 25.0
249.1453 	EXP 	unnamed TextStim: height = 25.0
249.1453 	EXP 	unnamed TextStim: height = 25.0
249.1453 	EXP 	unnamed TextStim: text = '→'
250.7643 	DATA 	Keypress: left
250.7665 	EXP 	unnamed TextStim: height = 25.0
250.7665 	EXP 	unnamed TextStim: height = 25.0
250.7665 	EXP 	unnamed TextStim: height = 25.0
250.7665 	EXP 	unnamed TextStim: text = '↑'
252.0295 	DATA 	Keypress: up
252.0456 	EXP 	unnamed TextStim: text = '↑'
253.7658 	DATA 	Keypress: down
253.7719 	EXP 	unnamed TextStim: height = 25.0
253.7719 	EXP 	unnamed TextStim: height = 25.0
253.7719 	EXP 	unnamed TextStim: height = 25.0
253.7719 	EXP 	unnamed TextStim: text = '←'
255.0590 	DATA 	Keypress: left
255.0621 	EXP 	unnamed TextStim: height = 25.0
255.0621 	EXP 	unnamed TextStim: height = 25.0
255.0621 	EXP 	unnamed TextStim: height = 25.0
255.0621 	EXP 	unnamed TextStim: text = '↓'
256.2961 	DATA 	Keypress: up
256.3124 	EXP 	unnamed TextStim: height = 25.0
256.3124 	EXP 	unnamed TextStim: height = 25.0
256.3124 	EXP 	unnamed TextStim: height = 25.0
256.3124 	EXP 	unnamed TextStim: text = '↑'
257.6132 	DATA 	Keypress: right
258.9918 	DATA 	Keypress: up
259.1039 	EXP 	Created unnamed ImageStim = ImageStim(__class__=<class 'psychopy.visual.image.ImageStim'>, anchor=('center', 'center'), autoLog=True, color=array([1., 1., 1.]), colorSpace='rgb', contrast=1.0, depth=0, flipHoriz=False, flipVert=False, image='break.jpg', interpolate=True, mask=None, maskParams=None, name='unnamed ImageStim', opacity=1.0, ori=0.0, pos=array([0., 0.]), size=array([1536.,  864.]), texRes=128, units='pix', win=Window(...))
259.9430 	DATA 	Keypress: space
259.9455 	EXP 	unnamed TextStim: height = 25.0
259.9455 	EXP 	unnamed TextStim: height = 25.0
259.9455 	EXP 	unnamed TextStim: height = 25.0
259.9455 	EXP 	unnamed TextStim: text = '←'
261.2723 	DATA 	Keypress: left
261.2743 	EXP 	unnamed TextStim: height = 25.0
261.2743 	EXP 	unnamed TextStim: height = 25.0
261.2743 	EXP 	unnamed TextStim: height = 25.0
261.2743 	EXP 	unnamed TextStim: text = '↑'
262.1138 	DATA 	Keypress: up
262.3961 	EXP 	unnamed TextStim: height = 25.0
262.3961 	EXP 	unnamed TextStim: height = 25.0
262.3961 	EXP 	unnamed TextStim: height = 25.0
262.3961 	EXP 	unnamed TextStim: text = '↓'
263.6962 	DATA 	Keypress: left
264.6320 	DATA 	Keypress: up
264.6351 	EXP 	unnamed TextStim: height = 25.0
264.6351 	EXP 	unnamed TextStim: height = 25.0
264.6351 	EXP 	unnamed TextStim: height = 25.0
264.6351 	EXP 	unnamed TextStim: text = '↑'
265.6966 	DATA 	Keypress: up
265.7460 	EXP 	unnamed TextStim: height = 25.0
265.7460 	EXP 	unnamed TextStim: height = 25.0
265.7460 	EXP 	unnamed TextStim: height = 25.0
265.7460 	EXP 	unnamed TextStim: text = '←'
266.5478 	DATA 	Keypress: left
267.7541 	DATA 	Keypress: left
267.7562 	EXP 	unnamed TextStim: height = 25.0
267.7562 	EXP 	unnamed TextStim: height = 25.0
267.7562 	EXP 	unnamed TextStim: height = 25.0
267.7562 	EXP 	unnamed TextStim: text = '↓'
268.6472 	DATA 	Keypress: left
268.6635 	DATA 	Mouse: Left button down, pos=(1002,397)
268.9451 	EXP 	Created unnamed ImageStim = ImageStim(__class__=<class 'psychopy.visual.image.ImageStim'>, anchor=('center', 'center'), autoLog=True, color=array([1., 1., 1.]), colorSpace='rgb', contrast=1.0, depth=0, flipHoriz=False, flipVert=False, image='break.jpg', interpolate=True, mask=None, maskParams=None, name='unnamed ImageStim', opacity=1.0, ori=0.0, pos=array([0., 0.]), size=array([1536.,  864.]), texRes=128, units='pix', win=Window(...))
268.9459 	DATA 	Mouse:  Left button up, pos=(1002,397)
269.6598 	DATA 	Keypress: space
269.6630 	EXP 	unnamed TextStim: text = '↓'
271.1932 	DATA 	Keypress: right
271.1999 	EXP 	unnamed TextStim: height = 25.0
271.1999 	EXP 	unnamed TextStim: height = 25.0
271.1999 	EXP 	unnamed TextStim: height = 25.0
271.1999 	EXP 	unnamed TextStim: text = '→'
272.5240 	DATA 	Keypress: right
272.5299 	EXP 	unnamed TextStim: text = '→'
273.7798 	DATA 	Keypress: right
273.7962 	EXP 	unnamed TextStim: height = 25.0
273.7962 	EXP 	unnamed TextStim: height = 25.0
273.7962 	EXP 	unnamed TextStim: height = 25.0
273.7962 	EXP 	unnamed TextStim: text = '↑'
274.9139 	DATA 	Keypress: up
274.9297 	EXP 	unnamed TextStim: height = 25.0
274.9297 	EXP 	unnamed TextStim: height = 25.0
274.9297 	EXP 	unnamed TextStim: height = 25.0
274.9297 	EXP 	unnamed TextStim: text = '←'
276.0468 	DATA 	Keypress: left
276.0631 	EXP 	unnamed TextStim: height = 25.0
276.0631 	EXP 	unnamed TextStim: height = 25.0
276.0631 	EXP 	unnamed TextStim: height = 25.0
276.0631 	EXP 	unnamed TextStim: text = '↑'
277.3131 	DATA 	Keypress: up
277.4274 	EXP 	Created unnamed ImageStim = ImageStim(__class__=<class 'psychopy.visual.image.ImageStim'>, anchor=('center', 'center'), autoLog=True, color=array([1., 1., 1.]), colorSpace='rgb', contrast=1.0, depth=0, flipHoriz=False, flipVert=False, image='break.jpg', interpolate=True, mask=None, maskParams=None, name='unnamed ImageStim', opacity=1.0, ori=0.0, pos=array([0., 0.]), size=array([1536.,  864.]), texRes=128, units='pix', win=Window(...))
277.4280 	DATA 	Keypress: down
278.1060 	DATA 	Keypress: space
278.1128 	EXP 	unnamed TextStim: height = 25.0
278.1128 	EXP 	unnamed TextStim: height = 25.0
278.1128 	EXP 	unnamed TextStim: height = 25.0
278.1128 	EXP 	unnamed TextStim: text = '←'
279.6461 	DATA 	Keypress: left
279.6482 	EXP 	unnamed TextStim: height = 25.0
279.6482 	EXP 	unnamed TextStim: height = 25.0
279.6482 	EXP 	unnamed TextStim: height = 25.0
279.6482 	EXP 	unnamed TextStim: text = '→'
280.6642 	DATA 	Keypress: up
280.7300 	EXP 	unnamed TextStim: height = 25.0
280.7300 	EXP 	unnamed TextStim: height = 25.0
280.7300 	EXP 	unnamed TextStim: height = 25.0
280.7300 	EXP 	unnamed TextStim: text = '↑'
281.6315 	DATA 	Keypress: right
281.8136 	EXP 	unnamed TextStim: text = '↑'
282.7313 	DATA 	Keypress: left
282.9299 	EXP 	unnamed TextStim: text = '↑'
283.6475 	DATA 	Keypress: up
285.1104 	DATA 	Keypress: space
285.6971 	DATA 	No keypress (maxWait exceeded)
285.6999 	EXP 	unnamed TextStim: height = 25.0
285.6999 	EXP 	unnamed TextStim: height = 25.0
285.6999 	EXP 	unnamed TextStim: height = 25.0
285.6999 	EXP 	unnamed TextStim: text = '←'
287.5897 	DATA 	Keypress: up
287.7044 	EXP 	Created unnamed ImageStim = ImageStim(__class__=<class 'psychopy.visual.image.ImageStim'>, anchor=('center', 'center'), autoLog=True, color=array([1., 1., 1.]), colorSpace='rgb', contrast=1.0, depth=0, flipHoriz=False, flipVert=False, image='break.jpg', interpolate=True, mask=None, maskParams=None, name='unnamed ImageStim', opacity=1.0, ori=0.0, pos=array([0., 0.]), size=array([1536.,  864.]), texRes=128, units='pix', win=Window(...))
288.7679 	DATA 	Keypress: up
289.4705 	DATA 	Keypress: space
289.4801 	EXP 	unnamed TextStim: height = 25.0
289.4801 	EXP 	unnamed TextStim: height = 25.0
289.4801 	EXP 	unnamed TextStim: height = 25.0
289.4801 	EXP 	unnamed TextStim: text = '→'
291.1815 	DATA 	Keypress: up
291.1827 	EXP 	unnamed TextStim: text = '→'
292.4660 	DATA 	Keypress: up
293.9082 	DATA 	Keypress: up
293.9110 	EXP 	unnamed TextStim: height = 25.0
293.9110 	EXP 	unnamed TextStim: height = 25.0
293.9110 	EXP 	unnamed TextStim: height = 25.0
293.9110 	EXP 	unnamed TextStim: text = '←'
295.0649 	DATA 	Keypress: up
295.0805 	EXP 	unnamed TextStim: height = 25.0
295.0805 	EXP 	unnamed TextStim: height = 25.0
295.0805 	EXP 	unnamed TextStim: height = 25.0
295.0805 	EXP 	unnamed TextStim: text = '↑'
296.4476 	DATA 	Mouse: Left button down, pos=(1002,397)
296.6599 	DATA 	Mouse:  Left button up, pos=(1002,397)
296.8825 	DATA 	Keypress: up
296.8845 	EXP 	unnamed TextStim: height = 25.0
296.8845 	EXP 	unnamed TextStim: height = 25.0
296.8845 	EXP 	unnamed TextStim: height = 25.0
296.8845 	EXP 	unnamed TextStim: text = '↓'
298.5377 	DATA 	Keypress: up
298.5400 	EXP 	unnamed TextStim: height = 25.0
298.5400 	EXP 	unnamed TextStim: height = 25.0
298.5400 	EXP 	unnamed TextStim: height = 25.0
298.5400 	EXP 	unnamed TextStim: text = '→'
298.7318 	DATA 	Mouse: Left button down, pos=(1002,397)
298.9658 	DATA 	Mouse:  Left button up, pos=(1002,397)
300.2197 	DATA 	Keypress: up
300.3363 	EXP 	Created unnamed ImageStim = ImageStim(__class__=<class 'psychopy.visual.image.ImageStim'>, anchor=('center', 'center'), autoLog=True, color=array([1., 1., 1.]), colorSpace='rgb', contrast=1.0, depth=0, flipHoriz=False, flipVert=False, image='break.jpg', interpolate=True, mask=None, maskParams=None, name='unnamed ImageStim', opacity=1.0, ori=0.0, pos=array([0., 0.]), size=array([1536.,  864.]), texRes=128, units='pix', win=Window(...))
367.2425 	DATA 	Keypress: space
367.2497 	EXP 	unnamed TextStim: height = 25.0
367.2497 	EXP 	unnamed TextStim: height = 25.0
367.2497 	EXP 	unnamed TextStim: height = 25.0
367.2497 	EXP 	unnamed TextStim: text = '←'
368.2679 	DATA 	Keypress: up
368.3666 	EXP 	unnamed TextStim: height = 25.0
368.3666 	EXP 	unnamed TextStim: height = 25.0
368.3666 	EXP 	unnamed TextStim: height = 25.0
368.3666 	EXP 	unnamed TextStim: text = '→'
369.4014 	DATA 	Keypress: left
369.4834 	EXP 	unnamed TextStim: height = 25.0
369.4834 	EXP 	unnamed TextStim: height = 25.0
369.4834 	EXP 	unnamed TextStim: height = 25.0
369.4834 	EXP 	unnamed TextStim: text = '↑'
369.7847 	DATA 	Keypress: up
370.6174 	DATA 	Keypress: up
370.6334 	EXP 	unnamed TextStim: height = 25.0
370.6334 	EXP 	unnamed TextStim: height = 25.0
370.6334 	EXP 	unnamed TextStim: height = 25.0
370.6334 	EXP 	unnamed TextStim: text = '←'
371.6347 	DATA 	Keypress: up
371.7833 	EXP 	unnamed TextStim: height = 25.0
371.7833 	EXP 	unnamed TextStim: height = 25.0
371.7833 	EXP 	unnamed TextStim: height = 25.0
371.7833 	EXP 	unnamed TextStim: text = '↓'
373.4834 	DATA 	Keypress: left
373.4854 	EXP 	unnamed TextStim: height = 25.0
373.4854 	EXP 	unnamed TextStim: height = 25.0
373.4854 	EXP 	unnamed TextStim: height = 25.0
373.4854 	EXP 	unnamed TextStim: text = '←'
374.8388 	DATA 	Keypress: left
374.9475 	EXP 	Created unnamed ImageStim = ImageStim(__class__=<class 'psychopy.visual.image.ImageStim'>, anchor=('center', 'center'), autoLog=True, color=array([1., 1., 1.]), colorSpace='rgb', contrast=1.0, depth=0, flipHoriz=False, flipVert=False, image='break.jpg', interpolate=True, mask=None, maskParams=None, name='unnamed ImageStim', opacity=1.0, ori=0.0, pos=array([0., 0.]), size=array([1536.,  864.]), texRes=128, units='pix', win=Window(...))
376.4807 	DATA 	Keypress: space
376.5020 	EXP 	Created unnamed TextStim = TextStim(__class__=<class 'psychopy.visual.text.TextStim'>, alignHoriz=method-wrapper(...), alignText='center', alignVert=method-wrapper(...), anchorHoriz='center', anchorVert='center', antialias=True, autoDraw=False, autoLog=True, bold=False, color=array([-1, -1, -1]), colorSpace='rgb', contrast=1.0, depth=0, flipHoriz=False, flipVert=False, font='', fontFiles=[], height=20.0, italic=False, languageStyle='LTR', name='unnamed TextStim', opacity=1.0, ori=0.0, pos=array([0., 0.]), rgb=UNKNOWN, text=str(...), units='pix', win=Window(...), wrapWidth=1536)
389.9857 	DATA 	Keypress: space
390.0840 	EXP 	window1: mouseVisible = True
