6.5770 	WARNING 	User requested fullscreen with size [1536  864], but screen is actually [1920, 1080]. Using actual size
8.0495 	INFO 	FRAME RATE: 60
8.0495 	INFO 	SCREEN RES: odict_values([1536, 864])
8.1118 	EXP 	Created unnamed TextStim = TextStim(__class__=<class 'psychopy.visual.text.TextStim'>, alignHoriz=method-wrapper(...), alignText='center', alignVert=method-wrapper(...), anchorHoriz='center', anchorVert='center', antialias=True, autoDraw=False, autoLog=True, bold=False, color=array([-1, -1, -1]), colorSpace='rgb', contrast=1.0, depth=0, flipHoriz=False, flipVert=False, font='', fontFiles=[], height=100.0, italic=False, languageStyle='LTR', name='unnamed TextStim', opacity=1.0, ori=0.0, pos=array([0., 0.]), rgb=UNKNOWN, text='+', units='pix', win=Window(...), wrapWidth=500)
8.1161 	EXP 	Created unnamed Circle = Circle(__class__=<class 'psychopy.visual.circle.Circle'>, anchor=('center', 'center'), autoDraw=False, autoLog=True, closeShape=True, color=method-wrapper(...), colorSpace='rgb', contrast=None, depth=0, fillColor=array([ 0.09019608, -1.        , -1.        ]), fillColorSpace='rgb', fillRGB=array([ 0.09019608, -1.        , -1.        ]), interpolate=True, lineColor=array([ 0.09019608, -1.        , -1.        ]), lineColorSpace='rgb', lineRGB=array([ 0.09019608, -1.        , -1.        ]), lineWidth=1.5, name='unnamed Circle', opacity=1.0, ori=0.0, pos=array([0., 0.]), size=array([1., 1.]), units='pix', vertices=ndarray(...), win=Window(...))
8.1171 	EXP 	Created unnamed TextStim = TextStim(__class__=<class 'psychopy.visual.text.TextStim'>, alignHoriz=method-wrapper(...), alignText='center', alignVert=method-wrapper(...), anchorHoriz='center', anchorVert='center', antialias=True, autoDraw=False, autoLog=True, bold=False, color=array([-0.17647059, -0.17647059, -0.17647059]), colorSpace='rgb', contrast=1.0, depth=0, flipHoriz=False, flipVert=False, font='', fontFiles=[], height=25, italic=False, languageStyle='LTR', name='unnamed TextStim', opacity=1.0, ori=0.0, pos=array([0., 0.]), rgb=UNKNOWN, text='', units='pix', win=Window(...), wrapWidth=500)
8.1269 	EXP 	Created unnamed ImageStim = ImageStim(__class__=<class 'psychopy.visual.image.ImageStim'>, anchor=('center', 'center'), autoLog=True, color=array([1., 1., 1.]), colorSpace='rgb', contrast=1.0, depth=0, flipHoriz=False, flipVert=False, image='mask4.png', interpolate=False, mask=None, maskParams=None, name='unnamed ImageStim', opacity=1.0, ori=0.0, pos=array([0., 0.]), size=array([25., 25.]), texRes=128, units='pix', win=Window(...))
8.1345 	EXP 	Created unnamed TextStim = TextStim(__class__=<class 'psychopy.visual.text.TextStim'>, alignHoriz=method-wrapper(...), alignText='center', alignVert=method-wrapper(...), anchorHoriz='center', anchorVert='center', antialias=True, autoDraw=False, autoLog=True, bold=False, color=array([-1, -1, -1]), colorSpace='rgb', contrast=1.0, depth=0, flipHoriz=False, flipVert=False, font='', fontFiles=[], height=30.0, italic=False, languageStyle='LTR', name='unnamed TextStim', opacity=1.0, ori=0.0, pos=array([ 100., -300.]), rgb=UNKNOWN, text=str(...), units='pix', win=Window(...), wrapWidth=10000)
8.1457 	EXP 	Created unnamed TextStim = TextStim(__class__=<class 'psychopy.visual.text.TextStim'>, alignHoriz=method-wrapper(...), alignText='center', alignVert=method-wrapper(...), anchorHoriz='center', anchorVert='center', antialias=True, autoDraw=False, autoLog=True, bold=False, color=array([-1, -1, -1]), colorSpace='rgb', contrast=1.0, depth=0, flipHoriz=False, flipVert=False, font='', fontFiles=[], height=30.0, italic=False, languageStyle='LTR', name='unnamed TextStim', opacity=1.0, ori=0.0, pos=array([ 100., -330.]), rgb=UNKNOWN, text=str(...), units='pix', win=Window(...), wrapWidth=10000)
8.1825 	EXP 	Created unnamed TextStim = TextStim(__class__=<class 'psychopy.visual.text.TextStim'>, alignHoriz=method-wrapper(...), alignText='center', alignVert=method-wrapper(...), anchorHoriz='center', anchorVert='center', antialias=True, autoDraw=False, autoLog=True, bold=False, color=array([-1, -1, -1]), colorSpace='rgb', contrast=1.0, depth=0, flipHoriz=False, flipVert=False, font='', fontFiles=[], height=20.0, italic=False, languageStyle='LTR', name='unnamed TextStim', opacity=1.0, ori=0.0, pos=array([0., 0.]), rgb=UNKNOWN, text=str(...), units='pix', win=Window(...), wrapWidth=1536)
78.1610 	DATA 	Keypress: space
78.1669 	EXP 	unnamed TextStim: height = 25.0
78.1669 	EXP 	unnamed TextStim: height = 25.0
78.1669 	EXP 	unnamed TextStim: height = 25.0
78.1669 	EXP 	unnamed TextStim: text = '↓'
81.1343 	DATA 	No keypress (maxWait exceeded)
81.1429 	EXP 	Created unnamed TextStim = TextStim(__class__=<class 'psychopy.visual.text.TextStim'>, alignHoriz=method-wrapper(...), alignText='center', alignVert=method-wrapper(...), anchorHoriz='center', anchorVert='center', antialias=True, autoDraw=False, autoLog=True, bold=False, color=array([-1, -1, -1]), colorSpace='rgb', contrast=1.0, depth=0, flipHoriz=False, flipVert=False, font='', fontFiles=[], height=50.0, italic=False, languageStyle='LTR', name='unnamed TextStim', opacity=1.0, ori=0.0, pos=array([0., 0.]), rgb=UNKNOWN, text='Niepoprawnie', units='pix', win=Window(...), wrapWidth=500)
81.9452 	DATA 	Keypress: down
82.1507 	EXP 	unnamed TextStim: height = 25.0
82.1507 	EXP 	unnamed TextStim: height = 25.0
82.1507 	EXP 	unnamed TextStim: height = 25.0
82.1507 	EXP 	unnamed TextStim: text = '→'
83.6282 	DATA 	Keypress: left
83.6303 	EXP 	Created unnamed TextStim = TextStim(__class__=<class 'psychopy.visual.text.TextStim'>, alignHoriz=method-wrapper(...), alignText='center', alignVert=method-wrapper(...), anchorHoriz='center', anchorVert='center', antialias=True, autoDraw=False, autoLog=True, bold=False, color=array([-1, -1, -1]), colorSpace='rgb', contrast=1.0, depth=0, flipHoriz=False, flipVert=False, font='', fontFiles=[], height=50.0, italic=False, languageStyle='LTR', name='unnamed TextStim', opacity=1.0, ori=0.0, pos=array([0., 0.]), rgb=UNKNOWN, text='Niepoprawnie', units='pix', win=Window(...), wrapWidth=500)
84.6508 	EXP 	unnamed TextStim: height = 25.0
84.6508 	EXP 	unnamed TextStim: height = 25.0
84.6508 	EXP 	unnamed TextStim: height = 25.0
84.6508 	EXP 	unnamed TextStim: text = '↑'
86.0681 	DATA 	Keypress: up
86.0739 	EXP 	Created unnamed TextStim = TextStim(__class__=<class 'psychopy.visual.text.TextStim'>, alignHoriz=method-wrapper(...), alignText='center', alignVert=method-wrapper(...), anchorHoriz='center', anchorVert='center', antialias=True, autoDraw=False, autoLog=True, bold=False, color=array([-1, -1, -1]), colorSpace='rgb', contrast=1.0, depth=0, flipHoriz=False, flipVert=False, font='', fontFiles=[], height=50.0, italic=False, languageStyle='LTR', name='unnamed TextStim', opacity=1.0, ori=0.0, pos=array([0., 0.]), rgb=UNKNOWN, text='Poprawnie', units='pix', win=Window(...), wrapWidth=500)
87.1009 	EXP 	unnamed TextStim: height = 25.0
87.1009 	EXP 	unnamed TextStim: height = 25.0
87.1009 	EXP 	unnamed TextStim: height = 25.0
87.1009 	EXP 	unnamed TextStim: text = '→'
88.5016 	DATA 	Keypress: right
88.5071 	EXP 	Created unnamed TextStim = TextStim(__class__=<class 'psychopy.visual.text.TextStim'>, alignHoriz=method-wrapper(...), alignText='center', alignVert=method-wrapper(...), anchorHoriz='center', anchorVert='center', antialias=True, autoDraw=False, autoLog=True, bold=False, color=array([-1, -1, -1]), colorSpace='rgb', contrast=1.0, depth=0, flipHoriz=False, flipVert=False, font='', fontFiles=[], height=50.0, italic=False, languageStyle='LTR', name='unnamed TextStim', opacity=1.0, ori=0.0, pos=array([0., 0.]), rgb=UNKNOWN, text='Poprawnie', units='pix', win=Window(...), wrapWidth=500)
89.5343 	EXP 	unnamed TextStim: height = 25.0
89.5343 	EXP 	unnamed TextStim: height = 25.0
89.5343 	EXP 	unnamed TextStim: height = 25.0
89.5343 	EXP 	unnamed TextStim: text = '↑'
90.9517 	DATA 	Keypress: up
90.9569 	EXP 	Created unnamed TextStim = TextStim(__class__=<class 'psychopy.visual.text.TextStim'>, alignHoriz=method-wrapper(...), alignText='center', alignVert=method-wrapper(...), anchorHoriz='center', anchorVert='center', antialias=True, autoDraw=False, autoLog=True, bold=False, color=array([-1, -1, -1]), colorSpace='rgb', contrast=1.0, depth=0, flipHoriz=False, flipVert=False, font='', fontFiles=[], height=50.0, italic=False, languageStyle='LTR', name='unnamed TextStim', opacity=1.0, ori=0.0, pos=array([0., 0.]), rgb=UNKNOWN, text='Poprawnie', units='pix', win=Window(...), wrapWidth=500)
91.9844 	EXP 	unnamed TextStim: height = 25.0
91.9844 	EXP 	unnamed TextStim: height = 25.0
91.9844 	EXP 	unnamed TextStim: height = 25.0
91.9844 	EXP 	unnamed TextStim: text = '↓'
93.4362 	DATA 	Keypress: down
94.9515 	DATA 	No keypress (maxWait exceeded)
94.9537 	EXP 	Created unnamed TextStim = TextStim(__class__=<class 'psychopy.visual.text.TextStim'>, alignHoriz=method-wrapper(...), alignText='center', alignVert=method-wrapper(...), anchorHoriz='center', anchorVert='center', antialias=True, autoDraw=False, autoLog=True, bold=False, color=array([-1, -1, -1]), colorSpace='rgb', contrast=1.0, depth=0, flipHoriz=False, flipVert=False, font='', fontFiles=[], height=50.0, italic=False, languageStyle='LTR', name='unnamed TextStim', opacity=1.0, ori=0.0, pos=array([0., 0.]), rgb=UNKNOWN, text='Niepoprawnie', units='pix', win=Window(...), wrapWidth=500)
95.9679 	EXP 	unnamed TextStim: height = 25.0
95.9679 	EXP 	unnamed TextStim: height = 25.0
95.9679 	EXP 	unnamed TextStim: height = 25.0
95.9679 	EXP 	unnamed TextStim: text = '↑'
97.4722 	DATA 	Keypress: up
97.4747 	EXP 	Created unnamed TextStim = TextStim(__class__=<class 'psychopy.visual.text.TextStim'>, alignHoriz=method-wrapper(...), alignText='center', alignVert=method-wrapper(...), anchorHoriz='center', anchorVert='center', antialias=True, autoDraw=False, autoLog=True, bold=False, color=array([-1, -1, -1]), colorSpace='rgb', contrast=1.0, depth=0, flipHoriz=False, flipVert=False, font='', fontFiles=[], height=50.0, italic=False, languageStyle='LTR', name='unnamed TextStim', opacity=1.0, ori=0.0, pos=array([0., 0.]), rgb=UNKNOWN, text='Poprawnie', units='pix', win=Window(...), wrapWidth=500)
98.4846 	EXP 	unnamed TextStim: text = '↑'
99.8519 	DATA 	Keypress: up
99.8571 	EXP 	Created unnamed TextStim = TextStim(__class__=<class 'psychopy.visual.text.TextStim'>, alignHoriz=method-wrapper(...), alignText='center', alignVert=method-wrapper(...), anchorHoriz='center', anchorVert='center', antialias=True, autoDraw=False, autoLog=True, bold=False, color=array([-1, -1, -1]), colorSpace='rgb', contrast=1.0, depth=0, flipHoriz=False, flipVert=False, font='', fontFiles=[], height=50.0, italic=False, languageStyle='LTR', name='unnamed TextStim', opacity=1.0, ori=0.0, pos=array([0., 0.]), rgb=UNKNOWN, text='Poprawnie', units='pix', win=Window(...), wrapWidth=500)
100.8847 	EXP 	unnamed TextStim: height = 25.0
100.8847 	EXP 	unnamed TextStim: height = 25.0
100.8847 	EXP 	unnamed TextStim: height = 25.0
100.8847 	EXP 	unnamed TextStim: text = '→'
102.2187 	DATA 	Keypress: right
102.2238 	EXP 	Created unnamed TextStim = TextStim(__class__=<class 'psychopy.visual.text.TextStim'>, alignHoriz=method-wrapper(...), alignText='center', alignVert=method-wrapper(...), anchorHoriz='center', anchorVert='center', antialias=True, autoDraw=False, autoLog=True, bold=False, color=array([-1, -1, -1]), colorSpace='rgb', contrast=1.0, depth=0, flipHoriz=False, flipVert=False, font='', fontFiles=[], height=50.0, italic=False, languageStyle='LTR', name='unnamed TextStim', opacity=1.0, ori=0.0, pos=array([0., 0.]), rgb=UNKNOWN, text='Poprawnie', units='pix', win=Window(...), wrapWidth=500)
103.2515 	EXP 	unnamed TextStim: text = '→'
105.1321 	DATA 	Keypress: right
105.1342 	EXP 	Created unnamed TextStim = TextStim(__class__=<class 'psychopy.visual.text.TextStim'>, alignHoriz=method-wrapper(...), alignText='center', alignVert=method-wrapper(...), anchorHoriz='center', anchorVert='center', antialias=True, autoDraw=False, autoLog=True, bold=False, color=array([-1, -1, -1]), colorSpace='rgb', contrast=1.0, depth=0, flipHoriz=False, flipVert=False, font='', fontFiles=[], height=50.0, italic=False, languageStyle='LTR', name='unnamed TextStim', opacity=1.0, ori=0.0, pos=array([0., 0.]), rgb=UNKNOWN, text='Poprawnie', units='pix', win=Window(...), wrapWidth=500)
106.1517 	EXP 	unnamed TextStim: text = '→'
107.4855 	DATA 	Keypress: right
107.4908 	EXP 	Created unnamed TextStim = TextStim(__class__=<class 'psychopy.visual.text.TextStim'>, alignHoriz=method-wrapper(...), alignText='center', alignVert=method-wrapper(...), anchorHoriz='center', anchorVert='center', antialias=True, autoDraw=False, autoLog=True, bold=False, color=array([-1, -1, -1]), colorSpace='rgb', contrast=1.0, depth=0, flipHoriz=False, flipVert=False, font='', fontFiles=[], height=50.0, italic=False, languageStyle='LTR', name='unnamed TextStim', opacity=1.0, ori=0.0, pos=array([0., 0.]), rgb=UNKNOWN, text='Poprawnie', units='pix', win=Window(...), wrapWidth=500)
108.5183 	EXP 	unnamed TextStim: height = 25.0
108.5183 	EXP 	unnamed TextStim: height = 25.0
108.5183 	EXP 	unnamed TextStim: height = 25.0
108.5183 	EXP 	unnamed TextStim: text = '↓'
110.6144 	DATA 	Keypress: left
110.6165 	EXP 	Created unnamed TextStim = TextStim(__class__=<class 'psychopy.visual.text.TextStim'>, alignHoriz=method-wrapper(...), alignText='center', alignVert=method-wrapper(...), anchorHoriz='center', anchorVert='center', antialias=True, autoDraw=False, autoLog=True, bold=False, color=array([-1, -1, -1]), colorSpace='rgb', contrast=1.0, depth=0, flipHoriz=False, flipVert=False, font='', fontFiles=[], height=50.0, italic=False, languageStyle='LTR', name='unnamed TextStim', opacity=1.0, ori=0.0, pos=array([0., 0.]), rgb=UNKNOWN, text='Niepoprawnie', units='pix', win=Window(...), wrapWidth=500)
111.6351 	EXP 	unnamed TextStim: height = 25.0
111.6351 	EXP 	unnamed TextStim: height = 25.0
111.6351 	EXP 	unnamed TextStim: height = 25.0
111.6351 	EXP 	unnamed TextStim: text = '→'
112.8866 	DATA 	Keypress: right
112.9241 	EXP 	Created unnamed TextStim = TextStim(__class__=<class 'psychopy.visual.text.TextStim'>, alignHoriz=method-wrapper(...), alignText='center', alignVert=method-wrapper(...), anchorHoriz='center', anchorVert='center', antialias=True, autoDraw=False, autoLog=True, bold=False, color=array([-1, -1, -1]), colorSpace='rgb', contrast=1.0, depth=0, flipHoriz=False, flipVert=False, font='', fontFiles=[], height=50.0, italic=False, languageStyle='LTR', name='unnamed TextStim', opacity=1.0, ori=0.0, pos=array([0., 0.]), rgb=UNKNOWN, text='Poprawnie', units='pix', win=Window(...), wrapWidth=500)
113.9519 	EXP 	unnamed TextStim: height = 25.0
113.9519 	EXP 	unnamed TextStim: height = 25.0
113.9519 	EXP 	unnamed TextStim: height = 25.0
113.9519 	EXP 	unnamed TextStim: text = '←'
115.4193 	DATA 	Keypress: left
115.9826 	DATA 	Keypress: left
115.9851 	EXP 	Created unnamed TextStim = TextStim(__class__=<class 'psychopy.visual.text.TextStim'>, alignHoriz=method-wrapper(...), alignText='center', alignVert=method-wrapper(...), anchorHoriz='center', anchorVert='center', antialias=True, autoDraw=False, autoLog=True, bold=False, color=array([-1, -1, -1]), colorSpace='rgb', contrast=1.0, depth=0, flipHoriz=False, flipVert=False, font='', fontFiles=[], height=50.0, italic=False, languageStyle='LTR', name='unnamed TextStim', opacity=1.0, ori=0.0, pos=array([0., 0.]), rgb=UNKNOWN, text='Poprawnie', units='pix', win=Window(...), wrapWidth=500)
117.0020 	EXP 	unnamed TextStim: height = 25.0
117.0020 	EXP 	unnamed TextStim: height = 25.0
117.0020 	EXP 	unnamed TextStim: height = 25.0
117.0020 	EXP 	unnamed TextStim: text = '↑'
118.3526 	DATA 	Keypress: up
118.3580 	EXP 	Created unnamed TextStim = TextStim(__class__=<class 'psychopy.visual.text.TextStim'>, alignHoriz=method-wrapper(...), alignText='center', alignVert=method-wrapper(...), anchorHoriz='center', anchorVert='center', antialias=True, autoDraw=False, autoLog=True, bold=False, color=array([-1, -1, -1]), colorSpace='rgb', contrast=1.0, depth=0, flipHoriz=False, flipVert=False, font='', fontFiles=[], height=50.0, italic=False, languageStyle='LTR', name='unnamed TextStim', opacity=1.0, ori=0.0, pos=array([0., 0.]), rgb=UNKNOWN, text='Poprawnie', units='pix', win=Window(...), wrapWidth=500)
119.3986 	EXP 	Created unnamed TextStim = TextStim(__class__=<class 'psychopy.visual.text.TextStim'>, alignHoriz=method-wrapper(...), alignText='center', alignVert=method-wrapper(...), anchorHoriz='center', anchorVert='center', antialias=True, autoDraw=False, autoLog=True, bold=False, color=array([-1, -1, -1]), colorSpace='rgb', contrast=1.0, depth=0, flipHoriz=False, flipVert=False, font='', fontFiles=[], height=20.0, italic=False, languageStyle='LTR', name='unnamed TextStim', opacity=1.0, ori=0.0, pos=array([0., 0.]), rgb=UNKNOWN, text=str(...), units='pix', win=Window(...), wrapWidth=1536)
128.9862 	DATA 	Keypress: space
129.0024 	EXP 	unnamed TextStim: height = 25.0
129.0024 	EXP 	unnamed TextStim: height = 25.0
129.0024 	EXP 	unnamed TextStim: height = 25.0
129.0024 	EXP 	unnamed TextStim: text = '↓'
130.3998 	DATA 	Keypress: down
130.4068 	EXP 	Created unnamed TextStim = TextStim(__class__=<class 'psychopy.visual.text.TextStim'>, alignHoriz=method-wrapper(...), alignText='center', alignVert=method-wrapper(...), anchorHoriz='center', anchorVert='center', antialias=True, autoDraw=False, autoLog=True, bold=False, color=array([-1, -1, -1]), colorSpace='rgb', contrast=1.0, depth=0, flipHoriz=False, flipVert=False, font='', fontFiles=[], height=50.0, italic=False, languageStyle='LTR', name='unnamed TextStim', opacity=1.0, ori=0.0, pos=array([0., 0.]), rgb=UNKNOWN, text='Poprawnie', units='pix', win=Window(...), wrapWidth=500)
131.4190 	EXP 	unnamed TextStim: height = 25.0
131.4190 	EXP 	unnamed TextStim: height = 25.0
131.4190 	EXP 	unnamed TextStim: height = 25.0
131.4190 	EXP 	unnamed TextStim: text = '←'
132.7055 	DATA 	Keypress: up
132.7091 	EXP 	Created unnamed TextStim = TextStim(__class__=<class 'psychopy.visual.text.TextStim'>, alignHoriz=method-wrapper(...), alignText='center', alignVert=method-wrapper(...), anchorHoriz='center', anchorVert='center', antialias=True, autoDraw=False, autoLog=True, bold=False, color=array([-1, -1, -1]), colorSpace='rgb', contrast=1.0, depth=0, flipHoriz=False, flipVert=False, font='', fontFiles=[], height=50.0, italic=False, languageStyle='LTR', name='unnamed TextStim', opacity=1.0, ori=0.0, pos=array([0., 0.]), rgb=UNKNOWN, text='Niepoprawnie', units='pix', win=Window(...), wrapWidth=500)
133.5110 	DATA 	Keypress: left
133.7192 	EXP 	unnamed TextStim: height = 25.0
133.7192 	EXP 	unnamed TextStim: height = 25.0
133.7192 	EXP 	unnamed TextStim: height = 25.0
133.7192 	EXP 	unnamed TextStim: text = '→'
135.0458 	DATA 	Keypress: right
135.0481 	EXP 	Created unnamed TextStim = TextStim(__class__=<class 'psychopy.visual.text.TextStim'>, alignHoriz=method-wrapper(...), alignText='center', alignVert=method-wrapper(...), anchorHoriz='center', anchorVert='center', antialias=True, autoDraw=False, autoLog=True, bold=False, color=array([-1, -1, -1]), colorSpace='rgb', contrast=1.0, depth=0, flipHoriz=False, flipVert=False, font='', fontFiles=[], height=50.0, italic=False, languageStyle='LTR', name='unnamed TextStim', opacity=1.0, ori=0.0, pos=array([0., 0.]), rgb=UNKNOWN, text='Poprawnie', units='pix', win=Window(...), wrapWidth=500)
136.0524 	EXP 	unnamed TextStim: height = 25.0
136.0524 	EXP 	unnamed TextStim: height = 25.0
136.0524 	EXP 	unnamed TextStim: height = 25.0
136.0524 	EXP 	unnamed TextStim: text = '↓'
137.4017 	DATA 	Keypress: down
137.4040 	EXP 	Created unnamed TextStim = TextStim(__class__=<class 'psychopy.visual.text.TextStim'>, alignHoriz=method-wrapper(...), alignText='center', alignVert=method-wrapper(...), anchorHoriz='center', anchorVert='center', antialias=True, autoDraw=False, autoLog=True, bold=False, color=array([-1, -1, -1]), colorSpace='rgb', contrast=1.0, depth=0, flipHoriz=False, flipVert=False, font='', fontFiles=[], height=50.0, italic=False, languageStyle='LTR', name='unnamed TextStim', opacity=1.0, ori=0.0, pos=array([0., 0.]), rgb=UNKNOWN, text='Poprawnie', units='pix', win=Window(...), wrapWidth=500)
138.4193 	EXP 	unnamed TextStim: height = 25.0
138.4193 	EXP 	unnamed TextStim: height = 25.0
138.4193 	EXP 	unnamed TextStim: height = 25.0
138.4193 	EXP 	unnamed TextStim: text = '↑'
139.8254 	DATA 	Keypress: up
139.8275 	EXP 	Created unnamed TextStim = TextStim(__class__=<class 'psychopy.visual.text.TextStim'>, alignHoriz=method-wrapper(...), alignText='center', alignVert=method-wrapper(...), anchorHoriz='center', anchorVert='center', antialias=True, autoDraw=False, autoLog=True, bold=False, color=array([-1, -1, -1]), colorSpace='rgb', contrast=1.0, depth=0, flipHoriz=False, flipVert=False, font='', fontFiles=[], height=50.0, italic=False, languageStyle='LTR', name='unnamed TextStim', opacity=1.0, ori=0.0, pos=array([0., 0.]), rgb=UNKNOWN, text='Poprawnie', units='pix', win=Window(...), wrapWidth=500)
140.8360 	EXP 	unnamed TextStim: height = 25.0
140.8360 	EXP 	unnamed TextStim: height = 25.0
140.8360 	EXP 	unnamed TextStim: height = 25.0
140.8360 	EXP 	unnamed TextStim: text = '→'
142.1035 	DATA 	Keypress: right
142.6929 	DATA 	Keypress: right
142.6949 	EXP 	Created unnamed TextStim = TextStim(__class__=<class 'psychopy.visual.text.TextStim'>, alignHoriz=method-wrapper(...), alignText='center', alignVert=method-wrapper(...), anchorHoriz='center', anchorVert='center', antialias=True, autoDraw=False, autoLog=True, bold=False, color=array([-1, -1, -1]), colorSpace='rgb', contrast=1.0, depth=0, flipHoriz=False, flipVert=False, font='', fontFiles=[], height=50.0, italic=False, languageStyle='LTR', name='unnamed TextStim', opacity=1.0, ori=0.0, pos=array([0., 0.]), rgb=UNKNOWN, text='Poprawnie', units='pix', win=Window(...), wrapWidth=500)
143.7029 	EXP 	unnamed TextStim: height = 25.0
143.7029 	EXP 	unnamed TextStim: height = 25.0
143.7029 	EXP 	unnamed TextStim: height = 25.0
143.7029 	EXP 	unnamed TextStim: text = '←'
145.0672 	DATA 	Keypress: left
145.0705 	EXP 	Created unnamed TextStim = TextStim(__class__=<class 'psychopy.visual.text.TextStim'>, alignHoriz=method-wrapper(...), alignText='center', alignVert=method-wrapper(...), anchorHoriz='center', anchorVert='center', antialias=True, autoDraw=False, autoLog=True, bold=False, color=array([-1, -1, -1]), colorSpace='rgb', contrast=1.0, depth=0, flipHoriz=False, flipVert=False, font='', fontFiles=[], height=50.0, italic=False, languageStyle='LTR', name='unnamed TextStim', opacity=1.0, ori=0.0, pos=array([0., 0.]), rgb=UNKNOWN, text='Poprawnie', units='pix', win=Window(...), wrapWidth=500)
145.8724 	DATA 	Keypress: left
146.0864 	EXP 	unnamed TextStim: height = 25.0
146.0864 	EXP 	unnamed TextStim: height = 25.0
146.0864 	EXP 	unnamed TextStim: height = 25.0
146.0864 	EXP 	unnamed TextStim: text = '↑'
147.4621 	DATA 	Keypress: up
147.4646 	EXP 	Created unnamed TextStim = TextStim(__class__=<class 'psychopy.visual.text.TextStim'>, alignHoriz=method-wrapper(...), alignText='center', alignVert=method-wrapper(...), anchorHoriz='center', anchorVert='center', antialias=True, autoDraw=False, autoLog=True, bold=False, color=array([-1, -1, -1]), colorSpace='rgb', contrast=1.0, depth=0, flipHoriz=False, flipVert=False, font='', fontFiles=[], height=50.0, italic=False, languageStyle='LTR', name='unnamed TextStim', opacity=1.0, ori=0.0, pos=array([0., 0.]), rgb=UNKNOWN, text='Poprawnie', units='pix', win=Window(...), wrapWidth=500)
148.4697 	EXP 	unnamed TextStim: text = '↑'
149.7751 	DATA 	Keypress: down
149.7771 	EXP 	Created unnamed TextStim = TextStim(__class__=<class 'psychopy.visual.text.TextStim'>, alignHoriz=method-wrapper(...), alignText='center', alignVert=method-wrapper(...), anchorHoriz='center', anchorVert='center', antialias=True, autoDraw=False, autoLog=True, bold=False, color=array([-1, -1, -1]), colorSpace='rgb', contrast=1.0, depth=0, flipHoriz=False, flipVert=False, font='', fontFiles=[], height=50.0, italic=False, languageStyle='LTR', name='unnamed TextStim', opacity=1.0, ori=0.0, pos=array([0., 0.]), rgb=UNKNOWN, text='Niepoprawnie', units='pix', win=Window(...), wrapWidth=500)
150.7865 	EXP 	unnamed TextStim: height = 25.0
150.7865 	EXP 	unnamed TextStim: height = 25.0
150.7865 	EXP 	unnamed TextStim: height = 25.0
150.7865 	EXP 	unnamed TextStim: text = '←'
152.1140 	DATA 	Keypress: left
152.1161 	EXP 	Created unnamed TextStim = TextStim(__class__=<class 'psychopy.visual.text.TextStim'>, alignHoriz=method-wrapper(...), alignText='center', alignVert=method-wrapper(...), anchorHoriz='center', anchorVert='center', antialias=True, autoDraw=False, autoLog=True, bold=False, color=array([-1, -1, -1]), colorSpace='rgb', contrast=1.0, depth=0, flipHoriz=False, flipVert=False, font='', fontFiles=[], height=50.0, italic=False, languageStyle='LTR', name='unnamed TextStim', opacity=1.0, ori=0.0, pos=array([0., 0.]), rgb=UNKNOWN, text='Poprawnie', units='pix', win=Window(...), wrapWidth=500)
153.1442 	EXP 	Created unnamed TextStim = TextStim(__class__=<class 'psychopy.visual.text.TextStim'>, alignHoriz=method-wrapper(...), alignText='center', alignVert=method-wrapper(...), anchorHoriz='center', anchorVert='center', antialias=True, autoDraw=False, autoLog=True, bold=False, color=array([-1, -1, -1]), colorSpace='rgb', contrast=1.0, depth=0, flipHoriz=False, flipVert=False, font='', fontFiles=[], height=20.0, italic=False, languageStyle='LTR', name='unnamed TextStim', opacity=1.0, ori=0.0, pos=array([0., 0.]), rgb=UNKNOWN, text=str(...), units='pix', win=Window(...), wrapWidth=1536)
162.1430 	DATA 	Keypress: space
162.1532 	EXP 	unnamed TextStim: height = 25.0
162.1532 	EXP 	unnamed TextStim: height = 25.0
162.1532 	EXP 	unnamed TextStim: height = 25.0
162.1532 	EXP 	unnamed TextStim: text = '↓'
163.4858 	DATA 	Keypress: down
163.4893 	EXP 	unnamed TextStim: height = 25.0
163.4893 	EXP 	unnamed TextStim: height = 25.0
163.4893 	EXP 	unnamed TextStim: height = 25.0
163.4893 	EXP 	unnamed TextStim: text = '←'
164.8730 	DATA 	Keypress: left
164.8762 	EXP 	unnamed TextStim: height = 25.0
164.8762 	EXP 	unnamed TextStim: height = 25.0
164.8762 	EXP 	unnamed TextStim: height = 25.0
164.8762 	EXP 	unnamed TextStim: text = '→'
166.3046 	DATA 	Keypress: right
166.3075 	EXP 	unnamed TextStim: height = 25.0
166.3075 	EXP 	unnamed TextStim: height = 25.0
166.3075 	EXP 	unnamed TextStim: height = 25.0
166.3075 	EXP 	unnamed TextStim: text = '↑'
167.9934 	DATA 	Keypress: down
167.9962 	EXP 	unnamed TextStim: height = 25.0
167.9962 	EXP 	unnamed TextStim: height = 25.0
167.9962 	EXP 	unnamed TextStim: height = 25.0
167.9962 	EXP 	unnamed TextStim: text = '↓'
169.3831 	DATA 	Keypress: down
169.3842 	EXP 	unnamed TextStim: text = '↓'
170.8675 	DATA 	Keypress: down
171.0308 	EXP 	Created unnamed ImageStim = ImageStim(__class__=<class 'psychopy.visual.image.ImageStim'>, anchor=('center', 'center'), autoLog=True, color=array([1., 1., 1.]), colorSpace='rgb', contrast=1.0, depth=0, flipHoriz=False, flipVert=False, image='break.jpg', interpolate=True, mask=None, maskParams=None, name='unnamed ImageStim', opacity=1.0, ori=0.0, pos=array([0., 0.]), size=array([1536.,  864.]), texRes=128, units='pix', win=Window(...))
177.5319 	DATA 	Keypress: space
177.5375 	EXP 	unnamed TextStim: height = 25.0
177.5375 	EXP 	unnamed TextStim: height = 25.0
177.5375 	EXP 	unnamed TextStim: height = 25.0
177.5375 	EXP 	unnamed TextStim: text = '→'
178.8515 	DATA 	Keypress: right
178.8536 	EXP 	unnamed TextStim: height = 25.0
178.8536 	EXP 	unnamed TextStim: height = 25.0
178.8536 	EXP 	unnamed TextStim: height = 25.0
178.8536 	EXP 	unnamed TextStim: text = '↓'
180.1198 	DATA 	Keypress: down
180.1222 	EXP 	unnamed TextStim: height = 25.0
180.1222 	EXP 	unnamed TextStim: height = 25.0
180.1222 	EXP 	unnamed TextStim: height = 25.0
180.1222 	EXP 	unnamed TextStim: text = '←'
181.6151 	DATA 	Keypress: left
181.6177 	EXP 	unnamed TextStim: text = '←'
183.1033 	DATA 	Keypress: left
183.1082 	EXP 	unnamed TextStim: height = 25.0
183.1082 	EXP 	unnamed TextStim: height = 25.0
183.1082 	EXP 	unnamed TextStim: height = 25.0
183.1082 	EXP 	unnamed TextStim: text = '→'
184.5521 	DATA 	Keypress: right
184.5542 	EXP 	unnamed TextStim: height = 25.0
184.5542 	EXP 	unnamed TextStim: height = 25.0
184.5542 	EXP 	unnamed TextStim: height = 25.0
184.5542 	EXP 	unnamed TextStim: text = '↓'
185.8850 	DATA 	Keypress: down
186.0206 	EXP 	Created unnamed ImageStim = ImageStim(__class__=<class 'psychopy.visual.image.ImageStim'>, anchor=('center', 'center'), autoLog=True, color=array([1., 1., 1.]), colorSpace='rgb', contrast=1.0, depth=0, flipHoriz=False, flipVert=False, image='break.jpg', interpolate=True, mask=None, maskParams=None, name='unnamed ImageStim', opacity=1.0, ori=0.0, pos=array([0., 0.]), size=array([1536.,  864.]), texRes=128, units='pix', win=Window(...))
187.4862 	DATA 	Keypress: space
187.4887 	EXP 	unnamed TextStim: height = 25.0
187.4887 	EXP 	unnamed TextStim: height = 25.0
187.4887 	EXP 	unnamed TextStim: height = 25.0
187.4887 	EXP 	unnamed TextStim: text = '↑'
189.0412 	DATA 	Keypress: up
189.0436 	EXP 	unnamed TextStim: height = 25.0
189.0436 	EXP 	unnamed TextStim: height = 25.0
189.0436 	EXP 	unnamed TextStim: height = 25.0
189.0436 	EXP 	unnamed TextStim: text = '→'
190.4100 	DATA 	Keypress: right
190.4121 	EXP 	unnamed TextStim: height = 25.0
190.4121 	EXP 	unnamed TextStim: height = 25.0
190.4121 	EXP 	unnamed TextStim: height = 25.0
190.4121 	EXP 	unnamed TextStim: text = '↓'
191.8863 	DATA 	Keypress: down
191.8886 	EXP 	unnamed TextStim: height = 25.0
191.8886 	EXP 	unnamed TextStim: height = 25.0
191.8886 	EXP 	unnamed TextStim: height = 25.0
191.8886 	EXP 	unnamed TextStim: text = '←'
193.3695 	DATA 	Keypress: left
193.3706 	EXP 	unnamed TextStim: text = '←'
194.8854 	DATA 	Keypress: left
194.8876 	EXP 	unnamed TextStim: height = 25.0
194.8876 	EXP 	unnamed TextStim: height = 25.0
194.8876 	EXP 	unnamed TextStim: height = 25.0
194.8876 	EXP 	unnamed TextStim: text = '→'
196.2908 	DATA 	Keypress: right
196.4274 	EXP 	Created unnamed ImageStim = ImageStim(__class__=<class 'psychopy.visual.image.ImageStim'>, anchor=('center', 'center'), autoLog=True, color=array([1., 1., 1.]), colorSpace='rgb', contrast=1.0, depth=0, flipHoriz=False, flipVert=False, image='break.jpg', interpolate=True, mask=None, maskParams=None, name='unnamed ImageStim', opacity=1.0, ori=0.0, pos=array([0., 0.]), size=array([1536.,  864.]), texRes=128, units='pix', win=Window(...))
202.6559 	DATA 	Keypress: space
202.6715 	EXP 	unnamed TextStim: height = 25.0
202.6715 	EXP 	unnamed TextStim: height = 25.0
202.6715 	EXP 	unnamed TextStim: height = 25.0
202.6715 	EXP 	unnamed TextStim: text = '↑'
204.3591 	DATA 	Keypress: up
204.3657 	EXP 	unnamed TextStim: height = 25.0
204.3657 	EXP 	unnamed TextStim: height = 25.0
204.3657 	EXP 	unnamed TextStim: height = 25.0
204.3657 	EXP 	unnamed TextStim: text = '←'
205.7307 	DATA 	Keypress: left
205.7329 	EXP 	unnamed TextStim: height = 25.0
205.7329 	EXP 	unnamed TextStim: height = 25.0
205.7329 	EXP 	unnamed TextStim: height = 25.0
205.7329 	EXP 	unnamed TextStim: text = '↓'
207.1609 	DATA 	Keypress: down
207.1630 	EXP 	unnamed TextStim: height = 25.0
207.1630 	EXP 	unnamed TextStim: height = 25.0
207.1630 	EXP 	unnamed TextStim: height = 25.0
207.1630 	EXP 	unnamed TextStim: text = '↑'
208.7548 	DATA 	Keypress: right
208.7570 	EXP 	unnamed TextStim: height = 25.0
208.7570 	EXP 	unnamed TextStim: height = 25.0
208.7570 	EXP 	unnamed TextStim: height = 25.0
208.7570 	EXP 	unnamed TextStim: text = '→'
210.1491 	DATA 	Keypress: right
210.1513 	EXP 	unnamed TextStim: height = 25.0
210.1513 	EXP 	unnamed TextStim: height = 25.0
210.1513 	EXP 	unnamed TextStim: height = 25.0
210.1513 	EXP 	unnamed TextStim: text = '←'
211.8531 	DATA 	Keypress: left
211.9839 	EXP 	Created unnamed ImageStim = ImageStim(__class__=<class 'psychopy.visual.image.ImageStim'>, anchor=('center', 'center'), autoLog=True, color=array([1., 1., 1.]), colorSpace='rgb', contrast=1.0, depth=0, flipHoriz=False, flipVert=False, image='break.jpg', interpolate=True, mask=None, maskParams=None, name='unnamed ImageStim', opacity=1.0, ori=0.0, pos=array([0., 0.]), size=array([1536.,  864.]), texRes=128, units='pix', win=Window(...))
213.0832 	DATA 	Keypress: space
213.0885 	EXP 	unnamed TextStim: height = 25.0
213.0885 	EXP 	unnamed TextStim: height = 25.0
213.0885 	EXP 	unnamed TextStim: height = 25.0
213.0885 	EXP 	unnamed TextStim: text = '→'
214.3720 	DATA 	Keypress: right
214.3741 	EXP 	unnamed TextStim: height = 25.0
214.3741 	EXP 	unnamed TextStim: height = 25.0
214.3741 	EXP 	unnamed TextStim: height = 25.0
214.3741 	EXP 	unnamed TextStim: text = '←'
215.7234 	DATA 	Keypress: left
215.7257 	EXP 	unnamed TextStim: height = 25.0
215.7257 	EXP 	unnamed TextStim: height = 25.0
215.7257 	EXP 	unnamed TextStim: height = 25.0
215.7257 	EXP 	unnamed TextStim: text = '↓'
217.0439 	DATA 	Keypress: down
217.0461 	EXP 	unnamed TextStim: height = 25.0
217.0461 	EXP 	unnamed TextStim: height = 25.0
217.0461 	EXP 	unnamed TextStim: height = 25.0
217.0461 	EXP 	unnamed TextStim: text = '←'
218.4347 	DATA 	Keypress: left
218.4411 	EXP 	unnamed TextStim: height = 25.0
218.4411 	EXP 	unnamed TextStim: height = 25.0
218.4411 	EXP 	unnamed TextStim: height = 25.0
218.4411 	EXP 	unnamed TextStim: text = '↑'
220.0466 	DATA 	Keypress: left
220.0487 	EXP 	unnamed TextStim: height = 25.0
220.0487 	EXP 	unnamed TextStim: height = 25.0
220.0487 	EXP 	unnamed TextStim: height = 25.0
220.0487 	EXP 	unnamed TextStim: text = '→'
221.3713 	DATA 	Keypress: right
221.5201 	EXP 	Created unnamed ImageStim = ImageStim(__class__=<class 'psychopy.visual.image.ImageStim'>, anchor=('center', 'center'), autoLog=True, color=array([1., 1., 1.]), colorSpace='rgb', contrast=1.0, depth=0, flipHoriz=False, flipVert=False, image='break.jpg', interpolate=True, mask=None, maskParams=None, name='unnamed ImageStim', opacity=1.0, ori=0.0, pos=array([0., 0.]), size=array([1536.,  864.]), texRes=128, units='pix', win=Window(...))
232.0793 	DATA 	Keypress: space
232.0896 	EXP 	unnamed TextStim: height = 25.0
232.0896 	EXP 	unnamed TextStim: height = 25.0
232.0896 	EXP 	unnamed TextStim: height = 25.0
232.0896 	EXP 	unnamed TextStim: text = '↓'
233.4114 	DATA 	Keypress: down
233.4125 	EXP 	unnamed TextStim: text = '↓'
235.1224 	DATA 	Keypress: up
235.1248 	EXP 	unnamed TextStim: height = 25.0
235.1248 	EXP 	unnamed TextStim: height = 25.0
235.1248 	EXP 	unnamed TextStim: height = 25.0
235.1248 	EXP 	unnamed TextStim: text = '→'
236.5732 	DATA 	Keypress: right
236.5754 	EXP 	unnamed TextStim: height = 25.0
236.5754 	EXP 	unnamed TextStim: height = 25.0
236.5754 	EXP 	unnamed TextStim: height = 25.0
236.5754 	EXP 	unnamed TextStim: text = '↑'
238.0362 	DATA 	Keypress: up
238.0384 	EXP 	unnamed TextStim: height = 25.0
238.0384 	EXP 	unnamed TextStim: height = 25.0
238.0384 	EXP 	unnamed TextStim: height = 25.0
238.0384 	EXP 	unnamed TextStim: text = '→'
239.4815 	DATA 	Keypress: right
239.4838 	EXP 	unnamed TextStim: height = 25.0
239.4838 	EXP 	unnamed TextStim: height = 25.0
239.4838 	EXP 	unnamed TextStim: height = 25.0
239.4838 	EXP 	unnamed TextStim: text = '↑'
241.0590 	DATA 	Keypress: right
241.1926 	EXP 	Created unnamed ImageStim = ImageStim(__class__=<class 'psychopy.visual.image.ImageStim'>, anchor=('center', 'center'), autoLog=True, color=array([1., 1., 1.]), colorSpace='rgb', contrast=1.0, depth=0, flipHoriz=False, flipVert=False, image='break.jpg', interpolate=True, mask=None, maskParams=None, name='unnamed ImageStim', opacity=1.0, ori=0.0, pos=array([0., 0.]), size=array([1536.,  864.]), texRes=128, units='pix', win=Window(...))
243.7591 	DATA 	Keypress: space
243.7735 	EXP 	unnamed TextStim: height = 25.0
243.7735 	EXP 	unnamed TextStim: height = 25.0
243.7735 	EXP 	unnamed TextStim: height = 25.0
243.7735 	EXP 	unnamed TextStim: text = '→'
245.0766 	DATA 	Keypress: right
245.0832 	EXP 	unnamed TextStim: height = 25.0
245.0832 	EXP 	unnamed TextStim: height = 25.0
245.0832 	EXP 	unnamed TextStim: height = 25.0
245.0832 	EXP 	unnamed TextStim: text = '↓'
246.6057 	DATA 	Keypress: down
246.6069 	EXP 	unnamed TextStim: text = '↓'
248.0372 	DATA 	Keypress: down
248.0394 	EXP 	unnamed TextStim: height = 25.0
248.0394 	EXP 	unnamed TextStim: height = 25.0
248.0394 	EXP 	unnamed TextStim: height = 25.0
248.0394 	EXP 	unnamed TextStim: text = '→'
249.4837 	DATA 	Keypress: right
249.4850 	EXP 	unnamed TextStim: text = '→'
250.8627 	DATA 	Keypress: right
250.8646 	EXP 	unnamed TextStim: text = '→'
252.3972 	DATA 	Keypress: right
252.5086 	EXP 	Created unnamed ImageStim = ImageStim(__class__=<class 'psychopy.visual.image.ImageStim'>, anchor=('center', 'center'), autoLog=True, color=array([1., 1., 1.]), colorSpace='rgb', contrast=1.0, depth=0, flipHoriz=False, flipVert=False, image='break.jpg', interpolate=True, mask=None, maskParams=None, name='unnamed ImageStim', opacity=1.0, ori=0.0, pos=array([0., 0.]), size=array([1536.,  864.]), texRes=128, units='pix', win=Window(...))
253.7943 	DATA 	Keypress: space
253.8067 	EXP 	unnamed TextStim: height = 25.0
253.8067 	EXP 	unnamed TextStim: height = 25.0
253.8067 	EXP 	unnamed TextStim: height = 25.0
253.8067 	EXP 	unnamed TextStim: text = '↑'
255.2297 	DATA 	Keypress: up
255.2318 	EXP 	unnamed TextStim: height = 25.0
255.2318 	EXP 	unnamed TextStim: height = 25.0
255.2318 	EXP 	unnamed TextStim: height = 25.0
255.2318 	EXP 	unnamed TextStim: text = '←'
256.6761 	DATA 	Keypress: left
256.6783 	EXP 	unnamed TextStim: height = 25.0
256.6783 	EXP 	unnamed TextStim: height = 25.0
256.6783 	EXP 	unnamed TextStim: height = 25.0
256.6783 	EXP 	unnamed TextStim: text = '↑'
258.5770 	DATA 	Keypress: down
258.5795 	EXP 	unnamed TextStim: height = 25.0
258.5795 	EXP 	unnamed TextStim: height = 25.0
258.5795 	EXP 	unnamed TextStim: height = 25.0
258.5795 	EXP 	unnamed TextStim: text = '↓'
258.6584 	DATA 	Keypress: right
260.5815 	DATA 	Keypress: up
260.5827 	EXP 	unnamed TextStim: text = '↓'
262.1563 	DATA 	Keypress: down
262.1585 	EXP 	unnamed TextStim: height = 25.0
262.1585 	EXP 	unnamed TextStim: height = 25.0
262.1585 	EXP 	unnamed TextStim: height = 25.0
262.1585 	EXP 	unnamed TextStim: text = '→'
263.7165 	DATA 	Keypress: right
263.8577 	EXP 	Created unnamed ImageStim = ImageStim(__class__=<class 'psychopy.visual.image.ImageStim'>, anchor=('center', 'center'), autoLog=True, color=array([1., 1., 1.]), colorSpace='rgb', contrast=1.0, depth=0, flipHoriz=False, flipVert=False, image='break.jpg', interpolate=True, mask=None, maskParams=None, name='unnamed ImageStim', opacity=1.0, ori=0.0, pos=array([0., 0.]), size=array([1536.,  864.]), texRes=128, units='pix', win=Window(...))
265.5738 	DATA 	Keypress: space
265.5906 	EXP 	unnamed TextStim: height = 25.0
265.5906 	EXP 	unnamed TextStim: height = 25.0
265.5906 	EXP 	unnamed TextStim: height = 25.0
265.5906 	EXP 	unnamed TextStim: text = '←'
266.9775 	DATA 	Keypress: left
266.9797 	EXP 	unnamed TextStim: height = 25.0
266.9797 	EXP 	unnamed TextStim: height = 25.0
266.9797 	EXP 	unnamed TextStim: height = 25.0
266.9797 	EXP 	unnamed TextStim: text = '↓'
268.3871 	DATA 	Keypress: down
268.3892 	EXP 	unnamed TextStim: height = 25.0
268.3892 	EXP 	unnamed TextStim: height = 25.0
268.3892 	EXP 	unnamed TextStim: height = 25.0
268.3892 	EXP 	unnamed TextStim: text = '←'
270.0664 	DATA 	Keypress: right
270.0687 	EXP 	unnamed TextStim: height = 25.0
270.0687 	EXP 	unnamed TextStim: height = 25.0
270.0687 	EXP 	unnamed TextStim: height = 25.0
270.0687 	EXP 	unnamed TextStim: text = '↑'
272.4956 	DATA 	Keypress: up
272.4978 	EXP 	unnamed TextStim: height = 25.0
272.4978 	EXP 	unnamed TextStim: height = 25.0
272.4978 	EXP 	unnamed TextStim: height = 25.0
272.4978 	EXP 	unnamed TextStim: text = '←'
273.8523 	DATA 	Keypress: left
273.8545 	EXP 	unnamed TextStim: height = 25.0
273.8545 	EXP 	unnamed TextStim: height = 25.0
273.8545 	EXP 	unnamed TextStim: height = 25.0
273.8545 	EXP 	unnamed TextStim: text = '↓'
275.3136 	DATA 	Keypress: down
275.4355 	EXP 	Created unnamed ImageStim = ImageStim(__class__=<class 'psychopy.visual.image.ImageStim'>, anchor=('center', 'center'), autoLog=True, color=array([1., 1., 1.]), colorSpace='rgb', contrast=1.0, depth=0, flipHoriz=False, flipVert=False, image='break.jpg', interpolate=True, mask=None, maskParams=None, name='unnamed ImageStim', opacity=1.0, ori=0.0, pos=array([0., 0.]), size=array([1536.,  864.]), texRes=128, units='pix', win=Window(...))
276.0928 	DATA 	Keypress: space
276.1078 	EXP 	unnamed TextStim: height = 25.0
276.1078 	EXP 	unnamed TextStim: height = 25.0
276.1078 	EXP 	unnamed TextStim: height = 25.0
276.1078 	EXP 	unnamed TextStim: text = '→'
277.6719 	DATA 	Keypress: right
277.6742 	EXP 	unnamed TextStim: height = 25.0
277.6742 	EXP 	unnamed TextStim: height = 25.0
277.6742 	EXP 	unnamed TextStim: height = 25.0
277.6742 	EXP 	unnamed TextStim: text = '←'
279.0384 	DATA 	Keypress: left
279.0406 	EXP 	unnamed TextStim: height = 25.0
279.0406 	EXP 	unnamed TextStim: height = 25.0
279.0406 	EXP 	unnamed TextStim: height = 25.0
279.0406 	EXP 	unnamed TextStim: text = '→'
280.5360 	DATA 	Keypress: right
280.5406 	EXP 	unnamed TextStim: height = 25.0
280.5406 	EXP 	unnamed TextStim: height = 25.0
280.5406 	EXP 	unnamed TextStim: height = 25.0
280.5406 	EXP 	unnamed TextStim: text = '↑'
282.2798 	DATA 	Keypress: left
282.2810 	EXP 	unnamed TextStim: text = '↑'
284.0213 	DATA 	Keypress: up
284.0224 	EXP 	unnamed TextStim: text = '↑'
286.1104 	DATA 	Keypress: down
286.2542 	EXP 	Created unnamed ImageStim = ImageStim(__class__=<class 'psychopy.visual.image.ImageStim'>, anchor=('center', 'center'), autoLog=True, color=array([1., 1., 1.]), colorSpace='rgb', contrast=1.0, depth=0, flipHoriz=False, flipVert=False, image='break.jpg', interpolate=True, mask=None, maskParams=None, name='unnamed ImageStim', opacity=1.0, ori=0.0, pos=array([0., 0.]), size=array([1536.,  864.]), texRes=128, units='pix', win=Window(...))
290.0257 	DATA 	Keypress: space
290.0413 	EXP 	unnamed TextStim: text = '↑'
291.5483 	DATA 	Keypress: up
291.5505 	EXP 	unnamed TextStim: height = 25.0
291.5505 	EXP 	unnamed TextStim: height = 25.0
291.5505 	EXP 	unnamed TextStim: height = 25.0
291.5505 	EXP 	unnamed TextStim: text = '←'
293.0206 	DATA 	Keypress: left
293.0227 	EXP 	unnamed TextStim: height = 25.0
293.0227 	EXP 	unnamed TextStim: height = 25.0
293.0227 	EXP 	unnamed TextStim: height = 25.0
293.0227 	EXP 	unnamed TextStim: text = '↓'
294.4599 	DATA 	Keypress: down
294.4620 	EXP 	unnamed TextStim: height = 25.0
294.4620 	EXP 	unnamed TextStim: height = 25.0
294.4620 	EXP 	unnamed TextStim: height = 25.0
294.4620 	EXP 	unnamed TextStim: text = '←'
295.8474 	DATA 	Keypress: left
295.8485 	EXP 	unnamed TextStim: text = '←'
297.3095 	DATA 	Keypress: left
297.3117 	EXP 	unnamed TextStim: height = 25.0
297.3117 	EXP 	unnamed TextStim: height = 25.0
297.3117 	EXP 	unnamed TextStim: height = 25.0
297.3117 	EXP 	unnamed TextStim: text = '↓'
298.7127 	DATA 	Keypress: down
298.8726 	EXP 	Created unnamed ImageStim = ImageStim(__class__=<class 'psychopy.visual.image.ImageStim'>, anchor=('center', 'center'), autoLog=True, color=array([1., 1., 1.]), colorSpace='rgb', contrast=1.0, depth=0, flipHoriz=False, flipVert=False, image='break.jpg', interpolate=True, mask=None, maskParams=None, name='unnamed ImageStim', opacity=1.0, ori=0.0, pos=array([0., 0.]), size=array([1536.,  864.]), texRes=128, units='pix', win=Window(...))
299.4982 	DATA 	Keypress: space
299.5216 	EXP 	Created unnamed TextStim = TextStim(__class__=<class 'psychopy.visual.text.TextStim'>, alignHoriz=method-wrapper(...), alignText='center', alignVert=method-wrapper(...), anchorHoriz='center', anchorVert='center', antialias=True, autoDraw=False, autoLog=True, bold=False, color=array([-1, -1, -1]), colorSpace='rgb', contrast=1.0, depth=0, flipHoriz=False, flipVert=False, font='', fontFiles=[], height=20.0, italic=False, languageStyle='LTR', name='unnamed TextStim', opacity=1.0, ori=0.0, pos=array([0., 0.]), rgb=UNKNOWN, text=str(...), units='pix', win=Window(...), wrapWidth=1536)
301.0044 	DATA 	Keypress: return
301.0884 	EXP 	window1: mouseVisible = True
