13.0147 	WARNING 	User requested fullscreen with size [1536  864], but screen is actually [1920, 1080]. Using actual size
14.3077 	INFO 	FRAME RATE: 60
14.3077 	INFO 	SCREEN RES: odict_values([1536, 864])
14.3630 	EXP 	Created unnamed TextStim = TextStim(__class__=<class 'psychopy.visual.text.TextStim'>, alignHoriz=method-wrapper(...), alignText='center', alignVert=method-wrapper(...), anchorHoriz='center', anchorVert='center', antialias=True, autoDraw=False, autoLog=True, bold=False, color=array([-1, -1, -1]), colorSpace='rgb', contrast=1.0, depth=0, flipHoriz=False, flipVert=False, font='', fontFiles=[], height=100.0, italic=False, languageStyle='LTR', name='unnamed TextStim', opacity=1.0, ori=0.0, pos=array([0., 0.]), rgb=UNKNOWN, text='+', units='pix', win=Window(...), wrapWidth=500)
14.3672 	EXP 	Created unnamed Circle = Circle(__class__=<class 'psychopy.visual.circle.Circle'>, anchor=('center', 'center'), autoDraw=False, autoLog=True, closeShape=True, color=method-wrapper(...), colorSpace='rgb', contrast=None, depth=0, fillColor=array([ 0.09019608, -1.        , -1.        ]), fillColorSpace='rgb', fillRGB=array([ 0.09019608, -1.        , -1.        ]), interpolate=True, lineColor=array([ 0.09019608, -1.        , -1.        ]), lineColorSpace='rgb', lineRGB=array([ 0.09019608, -1.        , -1.        ]), lineWidth=1.5, name='unnamed Circle', opacity=1.0, ori=0.0, pos=array([0., 0.]), size=array([1., 1.]), units='pix', vertices=ndarray(...), win=Window(...))
14.3684 	EXP 	Created unnamed TextStim = TextStim(__class__=<class 'psychopy.visual.text.TextStim'>, alignHoriz=method-wrapper(...), alignText='center', alignVert=method-wrapper(...), anchorHoriz='center', anchorVert='center', antialias=True, autoDraw=False, autoLog=True, bold=False, color=array([-0.17647059, -0.17647059, -0.17647059]), colorSpace='rgb', contrast=1.0, depth=0, flipHoriz=False, flipVert=False, font='', fontFiles=[], height=25, italic=False, languageStyle='LTR', name='unnamed TextStim', opacity=1.0, ori=0.0, pos=array([0., 0.]), rgb=UNKNOWN, text='', units='pix', win=Window(...), wrapWidth=500)
14.3834 	EXP 	Created unnamed ImageStim = ImageStim(__class__=<class 'psychopy.visual.image.ImageStim'>, anchor=('center', 'center'), autoLog=True, color=array([1., 1., 1.]), colorSpace='rgb', contrast=1.0, depth=0, flipHoriz=False, flipVert=False, image='mask4.png', interpolate=False, mask=None, maskParams=None, name='unnamed ImageStim', opacity=1.0, ori=0.0, pos=array([0., 0.]), size=array([25., 25.]), texRes=128, units='pix', win=Window(...))
14.3910 	EXP 	Created unnamed TextStim = TextStim(__class__=<class 'psychopy.visual.text.TextStim'>, alignHoriz=method-wrapper(...), alignText='center', alignVert=method-wrapper(...), anchorHoriz='center', anchorVert='center', antialias=True, autoDraw=False, autoLog=True, bold=False, color=array([-1, -1, -1]), colorSpace='rgb', contrast=1.0, depth=0, flipHoriz=False, flipVert=False, font='', fontFiles=[], height=30.0, italic=False, languageStyle='LTR', name='unnamed TextStim', opacity=1.0, ori=0.0, pos=array([ 100., -300.]), rgb=UNKNOWN, text=str(...), units='pix', win=Window(...), wrapWidth=10000)
14.4002 	EXP 	Created unnamed TextStim = TextStim(__class__=<class 'psychopy.visual.text.TextStim'>, alignHoriz=method-wrapper(...), alignText='center', alignVert=method-wrapper(...), anchorHoriz='center', anchorVert='center', antialias=True, autoDraw=False, autoLog=True, bold=False, color=array([-1, -1, -1]), colorSpace='rgb', contrast=1.0, depth=0, flipHoriz=False, flipVert=False, font='', fontFiles=[], height=30.0, italic=False, languageStyle='LTR', name='unnamed TextStim', opacity=1.0, ori=0.0, pos=array([ 100., -330.]), rgb=UNKNOWN, text=str(...), units='pix', win=Window(...), wrapWidth=10000)
14.4363 	EXP 	Created unnamed TextStim = TextStim(__class__=<class 'psychopy.visual.text.TextStim'>, alignHoriz=method-wrapper(...), alignText='center', alignVert=method-wrapper(...), anchorHoriz='center', anchorVert='center', antialias=True, autoDraw=False, autoLog=True, bold=False, color=array([-1, -1, -1]), colorSpace='rgb', contrast=1.0, depth=0, flipHoriz=False, flipVert=False, font='', fontFiles=[], height=20.0, italic=False, languageStyle='LTR', name='unnamed TextStim', opacity=1.0, ori=0.0, pos=array([0., 0.]), rgb=UNKNOWN, text=str(...), units='pix', win=Window(...), wrapWidth=1536)
46.7160 	DATA 	Keypress: space
46.7237 	EXP 	unnamed TextStim: height = 25.0
46.7237 	EXP 	unnamed TextStim: height = 25.0
46.7237 	EXP 	unnamed TextStim: height = 25.0
46.7237 	EXP 	unnamed TextStim: text = '←'
49.6910 	DATA 	No keypress (maxWait exceeded)
49.6996 	EXP 	Created unnamed TextStim = TextStim(__class__=<class 'psychopy.visual.text.TextStim'>, alignHoriz=method-wrapper(...), alignText='center', alignVert=method-wrapper(...), anchorHoriz='center', anchorVert='center', antialias=True, autoDraw=False, autoLog=True, bold=False, color=array([-1, -1, -1]), colorSpace='rgb', contrast=1.0, depth=0, flipHoriz=False, flipVert=False, font='', fontFiles=[], height=50.0, italic=False, languageStyle='LTR', name='unnamed TextStim', opacity=1.0, ori=0.0, pos=array([0., 0.]), rgb=UNKNOWN, text='Niepoprawnie', units='pix', win=Window(...), wrapWidth=500)
50.5010 	DATA 	Keypress: up
50.7074 	EXP 	unnamed TextStim: text = '←'
52.5867 	DATA 	Keypress: left
52.5898 	EXP 	Created unnamed TextStim = TextStim(__class__=<class 'psychopy.visual.text.TextStim'>, alignHoriz=method-wrapper(...), alignText='center', alignVert=method-wrapper(...), anchorHoriz='center', anchorVert='center', antialias=True, autoDraw=False, autoLog=True, bold=False, color=array([-1, -1, -1]), colorSpace='rgb', contrast=1.0, depth=0, flipHoriz=False, flipVert=False, font='', fontFiles=[], height=50.0, italic=False, languageStyle='LTR', name='unnamed TextStim', opacity=1.0, ori=0.0, pos=array([0., 0.]), rgb=UNKNOWN, text='Poprawnie', units='pix', win=Window(...), wrapWidth=500)
53.6075 	EXP 	unnamed TextStim: height = 25.0
53.6075 	EXP 	unnamed TextStim: height = 25.0
53.6075 	EXP 	unnamed TextStim: height = 25.0
53.6075 	EXP 	unnamed TextStim: text = '→'
55.2058 	DATA 	Keypress: right
55.2078 	EXP 	Created unnamed TextStim = TextStim(__class__=<class 'psychopy.visual.text.TextStim'>, alignHoriz=method-wrapper(...), alignText='center', alignVert=method-wrapper(...), anchorHoriz='center', anchorVert='center', antialias=True, autoDraw=False, autoLog=True, bold=False, color=array([-1, -1, -1]), colorSpace='rgb', contrast=1.0, depth=0, flipHoriz=False, flipVert=False, font='', fontFiles=[], height=50.0, italic=False, languageStyle='LTR', name='unnamed TextStim', opacity=1.0, ori=0.0, pos=array([0., 0.]), rgb=UNKNOWN, text='Poprawnie', units='pix', win=Window(...), wrapWidth=500)
56.2242 	EXP 	unnamed TextStim: height = 25.0
56.2242 	EXP 	unnamed TextStim: height = 25.0
56.2242 	EXP 	unnamed TextStim: height = 25.0
56.2242 	EXP 	unnamed TextStim: text = '↑'
57.7901 	DATA 	Keypress: up
57.7925 	EXP 	Created unnamed TextStim = TextStim(__class__=<class 'psychopy.visual.text.TextStim'>, alignHoriz=method-wrapper(...), alignText='center', alignVert=method-wrapper(...), anchorHoriz='center', anchorVert='center', antialias=True, autoDraw=False, autoLog=True, bold=False, color=array([-1, -1, -1]), colorSpace='rgb', contrast=1.0, depth=0, flipHoriz=False, flipVert=False, font='', fontFiles=[], height=50.0, italic=False, languageStyle='LTR', name='unnamed TextStim', opacity=1.0, ori=0.0, pos=array([0., 0.]), rgb=UNKNOWN, text='Poprawnie', units='pix', win=Window(...), wrapWidth=500)
58.8076 	EXP 	unnamed TextStim: height = 25.0
58.8076 	EXP 	unnamed TextStim: height = 25.0
58.8076 	EXP 	unnamed TextStim: height = 25.0
58.8076 	EXP 	unnamed TextStim: text = '←'
60.4891 	DATA 	Keypress: left
60.4912 	EXP 	Created unnamed TextStim = TextStim(__class__=<class 'psychopy.visual.text.TextStim'>, alignHoriz=method-wrapper(...), alignText='center', alignVert=method-wrapper(...), anchorHoriz='center', anchorVert='center', antialias=True, autoDraw=False, autoLog=True, bold=False, color=array([-1, -1, -1]), colorSpace='rgb', contrast=1.0, depth=0, flipHoriz=False, flipVert=False, font='', fontFiles=[], height=50.0, italic=False, languageStyle='LTR', name='unnamed TextStim', opacity=1.0, ori=0.0, pos=array([0., 0.]), rgb=UNKNOWN, text='Poprawnie', units='pix', win=Window(...), wrapWidth=500)
61.5078 	EXP 	unnamed TextStim: height = 25.0
61.5078 	EXP 	unnamed TextStim: height = 25.0
61.5078 	EXP 	unnamed TextStim: height = 25.0
61.5078 	EXP 	unnamed TextStim: text = '↓'
63.0708 	DATA 	Keypress: down
63.0733 	EXP 	Created unnamed TextStim = TextStim(__class__=<class 'psychopy.visual.text.TextStim'>, alignHoriz=method-wrapper(...), alignText='center', alignVert=method-wrapper(...), anchorHoriz='center', anchorVert='center', antialias=True, autoDraw=False, autoLog=True, bold=False, color=array([-1, -1, -1]), colorSpace='rgb', contrast=1.0, depth=0, flipHoriz=False, flipVert=False, font='', fontFiles=[], height=50.0, italic=False, languageStyle='LTR', name='unnamed TextStim', opacity=1.0, ori=0.0, pos=array([0., 0.]), rgb=UNKNOWN, text='Poprawnie', units='pix', win=Window(...), wrapWidth=500)
64.0913 	EXP 	unnamed TextStim: text = '↓'
65.9203 	DATA 	Keypress: down
65.9226 	EXP 	Created unnamed TextStim = TextStim(__class__=<class 'psychopy.visual.text.TextStim'>, alignHoriz=method-wrapper(...), alignText='center', alignVert=method-wrapper(...), anchorHoriz='center', anchorVert='center', antialias=True, autoDraw=False, autoLog=True, bold=False, color=array([-1, -1, -1]), colorSpace='rgb', contrast=1.0, depth=0, flipHoriz=False, flipVert=False, font='', fontFiles=[], height=50.0, italic=False, languageStyle='LTR', name='unnamed TextStim', opacity=1.0, ori=0.0, pos=array([0., 0.]), rgb=UNKNOWN, text='Poprawnie', units='pix', win=Window(...), wrapWidth=500)
66.9260 	EXP 	unnamed TextStim: height = 25.0
66.9260 	EXP 	unnamed TextStim: height = 25.0
66.9260 	EXP 	unnamed TextStim: height = 25.0
66.9260 	EXP 	unnamed TextStim: text = '←'
68.9948 	DATA 	Keypress: left
68.9969 	EXP 	Created unnamed TextStim = TextStim(__class__=<class 'psychopy.visual.text.TextStim'>, alignHoriz=method-wrapper(...), alignText='center', alignVert=method-wrapper(...), anchorHoriz='center', anchorVert='center', antialias=True, autoDraw=False, autoLog=True, bold=False, color=array([-1, -1, -1]), colorSpace='rgb', contrast=1.0, depth=0, flipHoriz=False, flipVert=False, font='', fontFiles=[], height=50.0, italic=False, languageStyle='LTR', name='unnamed TextStim', opacity=1.0, ori=0.0, pos=array([0., 0.]), rgb=UNKNOWN, text='Poprawnie', units='pix', win=Window(...), wrapWidth=500)
70.0082 	EXP 	unnamed TextStim: height = 25.0
70.0082 	EXP 	unnamed TextStim: height = 25.0
70.0082 	EXP 	unnamed TextStim: height = 25.0
70.0082 	EXP 	unnamed TextStim: text = '↓'
71.7243 	DATA 	Keypress: down
71.7263 	EXP 	Created unnamed TextStim = TextStim(__class__=<class 'psychopy.visual.text.TextStim'>, alignHoriz=method-wrapper(...), alignText='center', alignVert=method-wrapper(...), anchorHoriz='center', anchorVert='center', antialias=True, autoDraw=False, autoLog=True, bold=False, color=array([-1, -1, -1]), colorSpace='rgb', contrast=1.0, depth=0, flipHoriz=False, flipVert=False, font='', fontFiles=[], height=50.0, italic=False, languageStyle='LTR', name='unnamed TextStim', opacity=1.0, ori=0.0, pos=array([0., 0.]), rgb=UNKNOWN, text='Poprawnie', units='pix', win=Window(...), wrapWidth=500)
72.7415 	EXP 	unnamed TextStim: height = 25.0
72.7415 	EXP 	unnamed TextStim: height = 25.0
72.7415 	EXP 	unnamed TextStim: height = 25.0
72.7415 	EXP 	unnamed TextStim: text = '←'
74.4424 	DATA 	Keypress: left
74.4453 	EXP 	Created unnamed TextStim = TextStim(__class__=<class 'psychopy.visual.text.TextStim'>, alignHoriz=method-wrapper(...), alignText='center', alignVert=method-wrapper(...), anchorHoriz='center', anchorVert='center', antialias=True, autoDraw=False, autoLog=True, bold=False, color=array([-1, -1, -1]), colorSpace='rgb', contrast=1.0, depth=0, flipHoriz=False, flipVert=False, font='', fontFiles=[], height=50.0, italic=False, languageStyle='LTR', name='unnamed TextStim', opacity=1.0, ori=0.0, pos=array([0., 0.]), rgb=UNKNOWN, text='Poprawnie', units='pix', win=Window(...), wrapWidth=500)
75.4584 	EXP 	unnamed TextStim: height = 25.0
75.4584 	EXP 	unnamed TextStim: height = 25.0
75.4584 	EXP 	unnamed TextStim: height = 25.0
75.4584 	EXP 	unnamed TextStim: text = '→'
77.1289 	DATA 	Keypress: right
77.1314 	EXP 	Created unnamed TextStim = TextStim(__class__=<class 'psychopy.visual.text.TextStim'>, alignHoriz=method-wrapper(...), alignText='center', alignVert=method-wrapper(...), anchorHoriz='center', anchorVert='center', antialias=True, autoDraw=False, autoLog=True, bold=False, color=array([-1, -1, -1]), colorSpace='rgb', contrast=1.0, depth=0, flipHoriz=False, flipVert=False, font='', fontFiles=[], height=50.0, italic=False, languageStyle='LTR', name='unnamed TextStim', opacity=1.0, ori=0.0, pos=array([0., 0.]), rgb=UNKNOWN, text='Poprawnie', units='pix', win=Window(...), wrapWidth=500)
78.1418 	EXP 	unnamed TextStim: height = 25.0
78.1418 	EXP 	unnamed TextStim: height = 25.0
78.1418 	EXP 	unnamed TextStim: height = 25.0
78.1418 	EXP 	unnamed TextStim: text = '↓'
80.0656 	DATA 	Keypress: down
80.0675 	EXP 	Created unnamed TextStim = TextStim(__class__=<class 'psychopy.visual.text.TextStim'>, alignHoriz=method-wrapper(...), alignText='center', alignVert=method-wrapper(...), anchorHoriz='center', anchorVert='center', antialias=True, autoDraw=False, autoLog=True, bold=False, color=array([-1, -1, -1]), colorSpace='rgb', contrast=1.0, depth=0, flipHoriz=False, flipVert=False, font='', fontFiles=[], height=50.0, italic=False, languageStyle='LTR', name='unnamed TextStim', opacity=1.0, ori=0.0, pos=array([0., 0.]), rgb=UNKNOWN, text='Poprawnie', units='pix', win=Window(...), wrapWidth=500)
81.0752 	EXP 	unnamed TextStim: height = 25.0
81.0752 	EXP 	unnamed TextStim: height = 25.0
81.0752 	EXP 	unnamed TextStim: height = 25.0
81.0752 	EXP 	unnamed TextStim: text = '↑'
83.4465 	DATA 	Keypress: up
83.4489 	EXP 	Created unnamed TextStim = TextStim(__class__=<class 'psychopy.visual.text.TextStim'>, alignHoriz=method-wrapper(...), alignText='center', alignVert=method-wrapper(...), anchorHoriz='center', anchorVert='center', antialias=True, autoDraw=False, autoLog=True, bold=False, color=array([-1, -1, -1]), colorSpace='rgb', contrast=1.0, depth=0, flipHoriz=False, flipVert=False, font='', fontFiles=[], height=50.0, italic=False, languageStyle='LTR', name='unnamed TextStim', opacity=1.0, ori=0.0, pos=array([0., 0.]), rgb=UNKNOWN, text='Poprawnie', units='pix', win=Window(...), wrapWidth=500)
84.4587 	EXP 	unnamed TextStim: height = 25.0
84.4587 	EXP 	unnamed TextStim: height = 25.0
84.4587 	EXP 	unnamed TextStim: height = 25.0
84.4587 	EXP 	unnamed TextStim: text = '←'
85.9968 	DATA 	Keypress: left
85.9988 	EXP 	Created unnamed TextStim = TextStim(__class__=<class 'psychopy.visual.text.TextStim'>, alignHoriz=method-wrapper(...), alignText='center', alignVert=method-wrapper(...), anchorHoriz='center', anchorVert='center', antialias=True, autoDraw=False, autoLog=True, bold=False, color=array([-1, -1, -1]), colorSpace='rgb', contrast=1.0, depth=0, flipHoriz=False, flipVert=False, font='', fontFiles=[], height=50.0, italic=False, languageStyle='LTR', name='unnamed TextStim', opacity=1.0, ori=0.0, pos=array([0., 0.]), rgb=UNKNOWN, text='Poprawnie', units='pix', win=Window(...), wrapWidth=500)
87.0089 	EXP 	unnamed TextStim: text = '←'
88.6697 	DATA 	Keypress: left
88.6721 	EXP 	Created unnamed TextStim = TextStim(__class__=<class 'psychopy.visual.text.TextStim'>, alignHoriz=method-wrapper(...), alignText='center', alignVert=method-wrapper(...), anchorHoriz='center', anchorVert='center', antialias=True, autoDraw=False, autoLog=True, bold=False, color=array([-1, -1, -1]), colorSpace='rgb', contrast=1.0, depth=0, flipHoriz=False, flipVert=False, font='', fontFiles=[], height=50.0, italic=False, languageStyle='LTR', name='unnamed TextStim', opacity=1.0, ori=0.0, pos=array([0., 0.]), rgb=UNKNOWN, text='Poprawnie', units='pix', win=Window(...), wrapWidth=500)
89.7070 	EXP 	Created unnamed TextStim = TextStim(__class__=<class 'psychopy.visual.text.TextStim'>, alignHoriz=method-wrapper(...), alignText='center', alignVert=method-wrapper(...), anchorHoriz='center', anchorVert='center', antialias=True, autoDraw=False, autoLog=True, bold=False, color=array([-1, -1, -1]), colorSpace='rgb', contrast=1.0, depth=0, flipHoriz=False, flipVert=False, font='', fontFiles=[], height=20.0, italic=False, languageStyle='LTR', name='unnamed TextStim', opacity=1.0, ori=0.0, pos=array([0., 0.]), rgb=UNKNOWN, text=str(...), units='pix', win=Window(...), wrapWidth=1536)
102.1042 	DATA 	Keypress: space
102.1090 	EXP 	unnamed TextStim: height = 25.0
102.1090 	EXP 	unnamed TextStim: height = 25.0
102.1090 	EXP 	unnamed TextStim: height = 25.0
102.1090 	EXP 	unnamed TextStim: text = '→'
103.6386 	DATA 	Keypress: right
103.6452 	EXP 	Created unnamed TextStim = TextStim(__class__=<class 'psychopy.visual.text.TextStim'>, alignHoriz=method-wrapper(...), alignText='center', alignVert=method-wrapper(...), anchorHoriz='center', anchorVert='center', antialias=True, autoDraw=False, autoLog=True, bold=False, color=array([-1, -1, -1]), colorSpace='rgb', contrast=1.0, depth=0, flipHoriz=False, flipVert=False, font='', fontFiles=[], height=50.0, italic=False, languageStyle='LTR', name='unnamed TextStim', opacity=1.0, ori=0.0, pos=array([0., 0.]), rgb=UNKNOWN, text='Poprawnie', units='pix', win=Window(...), wrapWidth=500)
104.6594 	EXP 	unnamed TextStim: height = 25.0
104.6594 	EXP 	unnamed TextStim: height = 25.0
104.6594 	EXP 	unnamed TextStim: height = 25.0
104.6594 	EXP 	unnamed TextStim: text = '↑'
106.3958 	DATA 	Keypress: down
106.3992 	EXP 	Created unnamed TextStim = TextStim(__class__=<class 'psychopy.visual.text.TextStim'>, alignHoriz=method-wrapper(...), alignText='center', alignVert=method-wrapper(...), anchorHoriz='center', anchorVert='center', antialias=True, autoDraw=False, autoLog=True, bold=False, color=array([-1, -1, -1]), colorSpace='rgb', contrast=1.0, depth=0, flipHoriz=False, flipVert=False, font='', fontFiles=[], height=50.0, italic=False, languageStyle='LTR', name='unnamed TextStim', opacity=1.0, ori=0.0, pos=array([0., 0.]), rgb=UNKNOWN, text='Niepoprawnie', units='pix', win=Window(...), wrapWidth=500)
107.4096 	EXP 	unnamed TextStim: text = '↑'
109.0019 	DATA 	Keypress: lshift
109.7746 	DATA 	Keypress: up
109.7766 	EXP 	Created unnamed TextStim = TextStim(__class__=<class 'psychopy.visual.text.TextStim'>, alignHoriz=method-wrapper(...), alignText='center', alignVert=method-wrapper(...), anchorHoriz='center', anchorVert='center', antialias=True, autoDraw=False, autoLog=True, bold=False, color=array([-1, -1, -1]), colorSpace='rgb', contrast=1.0, depth=0, flipHoriz=False, flipVert=False, font='', fontFiles=[], height=50.0, italic=False, languageStyle='LTR', name='unnamed TextStim', opacity=1.0, ori=0.0, pos=array([0., 0.]), rgb=UNKNOWN, text='Poprawnie', units='pix', win=Window(...), wrapWidth=500)
110.5785 	DATA 	Keypress: down
110.7929 	EXP 	unnamed TextStim: height = 25.0
110.7929 	EXP 	unnamed TextStim: height = 25.0
110.7929 	EXP 	unnamed TextStim: height = 25.0
110.7929 	EXP 	unnamed TextStim: text = '↓'
112.3655 	DATA 	Keypress: down
112.3677 	EXP 	Created unnamed TextStim = TextStim(__class__=<class 'psychopy.visual.text.TextStim'>, alignHoriz=method-wrapper(...), alignText='center', alignVert=method-wrapper(...), anchorHoriz='center', anchorVert='center', antialias=True, autoDraw=False, autoLog=True, bold=False, color=array([-1, -1, -1]), colorSpace='rgb', contrast=1.0, depth=0, flipHoriz=False, flipVert=False, font='', fontFiles=[], height=50.0, italic=False, languageStyle='LTR', name='unnamed TextStim', opacity=1.0, ori=0.0, pos=array([0., 0.]), rgb=UNKNOWN, text='Poprawnie', units='pix', win=Window(...), wrapWidth=500)
113.3764 	EXP 	unnamed TextStim: height = 25.0
113.3764 	EXP 	unnamed TextStim: height = 25.0
113.3764 	EXP 	unnamed TextStim: height = 25.0
113.3764 	EXP 	unnamed TextStim: text = '←'
114.8550 	DATA 	Keypress: left
114.8572 	EXP 	Created unnamed TextStim = TextStim(__class__=<class 'psychopy.visual.text.TextStim'>, alignHoriz=method-wrapper(...), alignText='center', alignVert=method-wrapper(...), anchorHoriz='center', anchorVert='center', antialias=True, autoDraw=False, autoLog=True, bold=False, color=array([-1, -1, -1]), colorSpace='rgb', contrast=1.0, depth=0, flipHoriz=False, flipVert=False, font='', fontFiles=[], height=50.0, italic=False, languageStyle='LTR', name='unnamed TextStim', opacity=1.0, ori=0.0, pos=array([0., 0.]), rgb=UNKNOWN, text='Poprawnie', units='pix', win=Window(...), wrapWidth=500)
115.8613 	EXP 	unnamed TextStim: height = 25.0
115.8613 	EXP 	unnamed TextStim: height = 25.0
115.8613 	EXP 	unnamed TextStim: height = 25.0
115.8613 	EXP 	unnamed TextStim: text = '→'
117.4330 	DATA 	Keypress: right
117.4350 	EXP 	Created unnamed TextStim = TextStim(__class__=<class 'psychopy.visual.text.TextStim'>, alignHoriz=method-wrapper(...), alignText='center', alignVert=method-wrapper(...), anchorHoriz='center', anchorVert='center', antialias=True, autoDraw=False, autoLog=True, bold=False, color=array([-1, -1, -1]), colorSpace='rgb', contrast=1.0, depth=0, flipHoriz=False, flipVert=False, font='', fontFiles=[], height=50.0, italic=False, languageStyle='LTR', name='unnamed TextStim', opacity=1.0, ori=0.0, pos=array([0., 0.]), rgb=UNKNOWN, text='Poprawnie', units='pix', win=Window(...), wrapWidth=500)
118.4433 	EXP 	unnamed TextStim: text = '→'
119.8971 	DATA 	Keypress: right
119.8994 	EXP 	Created unnamed TextStim = TextStim(__class__=<class 'psychopy.visual.text.TextStim'>, alignHoriz=method-wrapper(...), alignText='center', alignVert=method-wrapper(...), anchorHoriz='center', anchorVert='center', antialias=True, autoDraw=False, autoLog=True, bold=False, color=array([-1, -1, -1]), colorSpace='rgb', contrast=1.0, depth=0, flipHoriz=False, flipVert=False, font='', fontFiles=[], height=50.0, italic=False, languageStyle='LTR', name='unnamed TextStim', opacity=1.0, ori=0.0, pos=array([0., 0.]), rgb=UNKNOWN, text='Poprawnie', units='pix', win=Window(...), wrapWidth=500)
120.9100 	EXP 	unnamed TextStim: text = '→'
122.4207 	DATA 	Keypress: left
122.4225 	EXP 	Created unnamed TextStim = TextStim(__class__=<class 'psychopy.visual.text.TextStim'>, alignHoriz=method-wrapper(...), alignText='center', alignVert=method-wrapper(...), anchorHoriz='center', anchorVert='center', antialias=True, autoDraw=False, autoLog=True, bold=False, color=array([-1, -1, -1]), colorSpace='rgb', contrast=1.0, depth=0, flipHoriz=False, flipVert=False, font='', fontFiles=[], height=50.0, italic=False, languageStyle='LTR', name='unnamed TextStim', opacity=1.0, ori=0.0, pos=array([0., 0.]), rgb=UNKNOWN, text='Niepoprawnie', units='pix', win=Window(...), wrapWidth=500)
123.4271 	EXP 	unnamed TextStim: height = 25.0
123.4271 	EXP 	unnamed TextStim: height = 25.0
123.4271 	EXP 	unnamed TextStim: height = 25.0
123.4271 	EXP 	unnamed TextStim: text = '↑'
125.6973 	DATA 	Keypress: up
125.6991 	EXP 	Created unnamed TextStim = TextStim(__class__=<class 'psychopy.visual.text.TextStim'>, alignHoriz=method-wrapper(...), alignText='center', alignVert=method-wrapper(...), anchorHoriz='center', anchorVert='center', antialias=True, autoDraw=False, autoLog=True, bold=False, color=array([-1, -1, -1]), colorSpace='rgb', contrast=1.0, depth=0, flipHoriz=False, flipVert=False, font='', fontFiles=[], height=50.0, italic=False, languageStyle='LTR', name='unnamed TextStim', opacity=1.0, ori=0.0, pos=array([0., 0.]), rgb=UNKNOWN, text='Poprawnie', units='pix', win=Window(...), wrapWidth=500)
126.7103 	EXP 	unnamed TextStim: height = 25.0
126.7103 	EXP 	unnamed TextStim: height = 25.0
126.7103 	EXP 	unnamed TextStim: height = 25.0
126.7103 	EXP 	unnamed TextStim: text = '→'
128.0795 	DATA 	Keypress: right
128.0820 	EXP 	Created unnamed TextStim = TextStim(__class__=<class 'psychopy.visual.text.TextStim'>, alignHoriz=method-wrapper(...), alignText='center', alignVert=method-wrapper(...), anchorHoriz='center', anchorVert='center', antialias=True, autoDraw=False, autoLog=True, bold=False, color=array([-1, -1, -1]), colorSpace='rgb', contrast=1.0, depth=0, flipHoriz=False, flipVert=False, font='', fontFiles=[], height=50.0, italic=False, languageStyle='LTR', name='unnamed TextStim', opacity=1.0, ori=0.0, pos=array([0., 0.]), rgb=UNKNOWN, text='Poprawnie', units='pix', win=Window(...), wrapWidth=500)
129.1116 	EXP 	Created unnamed TextStim = TextStim(__class__=<class 'psychopy.visual.text.TextStim'>, alignHoriz=method-wrapper(...), alignText='center', alignVert=method-wrapper(...), anchorHoriz='center', anchorVert='center', antialias=True, autoDraw=False, autoLog=True, bold=False, color=array([-1, -1, -1]), colorSpace='rgb', contrast=1.0, depth=0, flipHoriz=False, flipVert=False, font='', fontFiles=[], height=20.0, italic=False, languageStyle='LTR', name='unnamed TextStim', opacity=1.0, ori=0.0, pos=array([0., 0.]), rgb=UNKNOWN, text=str(...), units='pix', win=Window(...), wrapWidth=1536)
144.0620 	DATA 	Keypress: space
144.0774 	EXP 	unnamed TextStim: text = '→'
145.7892 	DATA 	Keypress: right
145.7925 	EXP 	unnamed TextStim: height = 25.0
145.7925 	EXP 	unnamed TextStim: height = 25.0
145.7925 	EXP 	unnamed TextStim: height = 25.0
145.7925 	EXP 	unnamed TextStim: text = '↓'
147.2596 	DATA 	Keypress: down
147.2629 	EXP 	unnamed TextStim: height = 25.0
147.2629 	EXP 	unnamed TextStim: height = 25.0
147.2629 	EXP 	unnamed TextStim: height = 25.0
147.2629 	EXP 	unnamed TextStim: text = '←'
148.7663 	DATA 	Keypress: left
148.7690 	EXP 	unnamed TextStim: height = 25.0
148.7690 	EXP 	unnamed TextStim: height = 25.0
148.7690 	EXP 	unnamed TextStim: height = 25.0
148.7690 	EXP 	unnamed TextStim: text = '→'
150.1907 	DATA 	Keypress: right
150.1919 	EXP 	unnamed TextStim: text = '→'
151.7469 	DATA 	Keypress: left
151.7496 	EXP 	unnamed TextStim: height = 25.0
151.7496 	EXP 	unnamed TextStim: height = 25.0
151.7496 	EXP 	unnamed TextStim: height = 25.0
151.7496 	EXP 	unnamed TextStim: text = '↑'
153.7517 	DATA 	Keypress: lshift
154.1546 	DATA 	Keypress: up
154.3002 	EXP 	Created unnamed ImageStim = ImageStim(__class__=<class 'psychopy.visual.image.ImageStim'>, anchor=('center', 'center'), autoLog=True, color=array([1., 1., 1.]), colorSpace='rgb', contrast=1.0, depth=0, flipHoriz=False, flipVert=False, image='break.jpg', interpolate=True, mask=None, maskParams=None, name='unnamed ImageStim', opacity=1.0, ori=0.0, pos=array([0., 0.]), size=array([1536.,  864.]), texRes=128, units='pix', win=Window(...))
161.4110 	DATA 	Keypress: space
161.4281 	EXP 	unnamed TextStim: height = 25.0
161.4281 	EXP 	unnamed TextStim: height = 25.0
161.4281 	EXP 	unnamed TextStim: height = 25.0
161.4281 	EXP 	unnamed TextStim: text = '←'
163.0287 	DATA 	Keypress: left
163.0311 	EXP 	unnamed TextStim: height = 25.0
163.0311 	EXP 	unnamed TextStim: height = 25.0
163.0311 	EXP 	unnamed TextStim: height = 25.0
163.0311 	EXP 	unnamed TextStim: text = '↓'
164.4208 	DATA 	Keypress: down
164.4228 	EXP 	unnamed TextStim: height = 25.0
164.4228 	EXP 	unnamed TextStim: height = 25.0
164.4228 	EXP 	unnamed TextStim: height = 25.0
164.4228 	EXP 	unnamed TextStim: text = '→'
165.9841 	DATA 	Keypress: left
165.9862 	EXP 	unnamed TextStim: height = 25.0
165.9862 	EXP 	unnamed TextStim: height = 25.0
165.9862 	EXP 	unnamed TextStim: height = 25.0
165.9862 	EXP 	unnamed TextStim: text = '↓'
167.4918 	DATA 	Keypress: down
167.4939 	EXP 	unnamed TextStim: height = 25.0
167.4939 	EXP 	unnamed TextStim: height = 25.0
167.4939 	EXP 	unnamed TextStim: height = 25.0
167.4939 	EXP 	unnamed TextStim: text = '↑'
169.2833 	DATA 	Keypress: lshift
169.6457 	DATA 	Keypress: up
169.6478 	EXP 	unnamed TextStim: height = 25.0
169.6478 	EXP 	unnamed TextStim: height = 25.0
169.6478 	EXP 	unnamed TextStim: height = 25.0
169.6478 	EXP 	unnamed TextStim: text = '→'
171.0243 	DATA 	Keypress: right
171.1343 	EXP 	Created unnamed ImageStim = ImageStim(__class__=<class 'psychopy.visual.image.ImageStim'>, anchor=('center', 'center'), autoLog=True, color=array([1., 1., 1.]), colorSpace='rgb', contrast=1.0, depth=0, flipHoriz=False, flipVert=False, image='break.jpg', interpolate=True, mask=None, maskParams=None, name='unnamed ImageStim', opacity=1.0, ori=0.0, pos=array([0., 0.]), size=array([1536.,  864.]), texRes=128, units='pix', win=Window(...))
178.7863 	DATA 	Keypress: space
178.7955 	EXP 	unnamed TextStim: height = 25.0
178.7955 	EXP 	unnamed TextStim: height = 25.0
178.7955 	EXP 	unnamed TextStim: height = 25.0
178.7955 	EXP 	unnamed TextStim: text = '↓'
180.1656 	DATA 	Keypress: down
180.1668 	EXP 	unnamed TextStim: text = '↓'
181.6784 	DATA 	Keypress: down
181.6807 	EXP 	unnamed TextStim: height = 25.0
181.6807 	EXP 	unnamed TextStim: height = 25.0
181.6807 	EXP 	unnamed TextStim: height = 25.0
181.6807 	EXP 	unnamed TextStim: text = '→'
183.1506 	DATA 	Keypress: right
183.1544 	EXP 	unnamed TextStim: height = 25.0
183.1544 	EXP 	unnamed TextStim: height = 25.0
183.1544 	EXP 	unnamed TextStim: height = 25.0
183.1544 	EXP 	unnamed TextStim: text = '↓'
184.6805 	DATA 	Keypress: down
184.6815 	EXP 	unnamed TextStim: text = '↓'
186.2043 	DATA 	Keypress: down
186.2055 	EXP 	unnamed TextStim: text = '↓'
187.6577 	DATA 	Keypress: down
187.7559 	EXP 	Created unnamed ImageStim = ImageStim(__class__=<class 'psychopy.visual.image.ImageStim'>, anchor=('center', 'center'), autoLog=True, color=array([1., 1., 1.]), colorSpace='rgb', contrast=1.0, depth=0, flipHoriz=False, flipVert=False, image='break.jpg', interpolate=True, mask=None, maskParams=None, name='unnamed ImageStim', opacity=1.0, ori=0.0, pos=array([0., 0.]), size=array([1536.,  864.]), texRes=128, units='pix', win=Window(...))
192.3565 	DATA 	Keypress: space
192.3627 	EXP 	unnamed TextStim: height = 25.0
192.3627 	EXP 	unnamed TextStim: height = 25.0
192.3627 	EXP 	unnamed TextStim: height = 25.0
192.3627 	EXP 	unnamed TextStim: text = '↑'
194.3495 	DATA 	Keypress: up
194.3516 	EXP 	unnamed TextStim: height = 25.0
194.3516 	EXP 	unnamed TextStim: height = 25.0
194.3516 	EXP 	unnamed TextStim: height = 25.0
194.3516 	EXP 	unnamed TextStim: text = '↓'
196.0293 	DATA 	Keypress: down
196.0314 	EXP 	unnamed TextStim: height = 25.0
196.0314 	EXP 	unnamed TextStim: height = 25.0
196.0314 	EXP 	unnamed TextStim: height = 25.0
196.0314 	EXP 	unnamed TextStim: text = '←'
197.6837 	DATA 	Keypress: left
197.6859 	EXP 	unnamed TextStim: height = 25.0
197.6859 	EXP 	unnamed TextStim: height = 25.0
197.6859 	EXP 	unnamed TextStim: height = 25.0
197.6859 	EXP 	unnamed TextStim: text = '↑'
199.2210 	DATA 	Keypress: up
199.2221 	EXP 	unnamed TextStim: text = '↑'
200.9027 	DATA 	Keypress: up
200.9050 	EXP 	unnamed TextStim: height = 25.0
200.9050 	EXP 	unnamed TextStim: height = 25.0
200.9050 	EXP 	unnamed TextStim: height = 25.0
200.9050 	EXP 	unnamed TextStim: text = '→'
202.3588 	DATA 	Keypress: right
202.4580 	EXP 	Created unnamed ImageStim = ImageStim(__class__=<class 'psychopy.visual.image.ImageStim'>, anchor=('center', 'center'), autoLog=True, color=array([1., 1., 1.]), colorSpace='rgb', contrast=1.0, depth=0, flipHoriz=False, flipVert=False, image='break.jpg', interpolate=True, mask=None, maskParams=None, name='unnamed ImageStim', opacity=1.0, ori=0.0, pos=array([0., 0.]), size=array([1536.,  864.]), texRes=128, units='pix', win=Window(...))
207.0900 	DATA 	Keypress: space
207.0965 	EXP 	unnamed TextStim: height = 25.0
207.0965 	EXP 	unnamed TextStim: height = 25.0
207.0965 	EXP 	unnamed TextStim: height = 25.0
207.0965 	EXP 	unnamed TextStim: text = '↑'
208.5976 	DATA 	Keypress: up
208.5997 	EXP 	unnamed TextStim: height = 25.0
208.5997 	EXP 	unnamed TextStim: height = 25.0
208.5997 	EXP 	unnamed TextStim: height = 25.0
208.5997 	EXP 	unnamed TextStim: text = '↓'
210.2116 	DATA 	Keypress: down
210.2169 	EXP 	unnamed TextStim: height = 25.0
210.2169 	EXP 	unnamed TextStim: height = 25.0
210.2169 	EXP 	unnamed TextStim: height = 25.0
210.2169 	EXP 	unnamed TextStim: text = '→'
211.7191 	DATA 	Keypress: right
211.7212 	EXP 	unnamed TextStim: height = 25.0
211.7212 	EXP 	unnamed TextStim: height = 25.0
211.7212 	EXP 	unnamed TextStim: height = 25.0
211.7212 	EXP 	unnamed TextStim: text = '↓'
213.1972 	DATA 	Keypress: down
213.1993 	EXP 	unnamed TextStim: height = 25.0
213.1993 	EXP 	unnamed TextStim: height = 25.0
213.1993 	EXP 	unnamed TextStim: height = 25.0
213.1993 	EXP 	unnamed TextStim: text = '↑'
214.7389 	DATA 	Keypress: up
214.7410 	EXP 	unnamed TextStim: height = 25.0
214.7410 	EXP 	unnamed TextStim: height = 25.0
214.7410 	EXP 	unnamed TextStim: height = 25.0
214.7410 	EXP 	unnamed TextStim: text = '←'
216.3170 	DATA 	Keypress: left
216.4161 	EXP 	Created unnamed ImageStim = ImageStim(__class__=<class 'psychopy.visual.image.ImageStim'>, anchor=('center', 'center'), autoLog=True, color=array([1., 1., 1.]), colorSpace='rgb', contrast=1.0, depth=0, flipHoriz=False, flipVert=False, image='break.jpg', interpolate=True, mask=None, maskParams=None, name='unnamed ImageStim', opacity=1.0, ori=0.0, pos=array([0., 0.]), size=array([1536.,  864.]), texRes=128, units='pix', win=Window(...))
220.0335 	DATA 	Keypress: space
220.0469 	EXP 	unnamed TextStim: height = 25.0
220.0469 	EXP 	unnamed TextStim: height = 25.0
220.0469 	EXP 	unnamed TextStim: height = 25.0
220.0469 	EXP 	unnamed TextStim: text = '↓'
221.5389 	DATA 	Keypress: down
221.5401 	EXP 	unnamed TextStim: text = '↓'
223.0341 	DATA 	Keypress: down
223.0362 	EXP 	unnamed TextStim: height = 25.0
223.0362 	EXP 	unnamed TextStim: height = 25.0
223.0362 	EXP 	unnamed TextStim: height = 25.0
223.0362 	EXP 	unnamed TextStim: text = '→'
224.6257 	DATA 	Keypress: left
224.6269 	EXP 	unnamed TextStim: text = '→'
226.0520 	DATA 	Keypress: right
226.0532 	EXP 	unnamed TextStim: text = '→'
227.5325 	DATA 	Keypress: right
227.5346 	EXP 	unnamed TextStim: height = 25.0
227.5346 	EXP 	unnamed TextStim: height = 25.0
227.5346 	EXP 	unnamed TextStim: height = 25.0
227.5346 	EXP 	unnamed TextStim: text = '↓'
228.9571 	DATA 	Keypress: down
229.0561 	EXP 	Created unnamed ImageStim = ImageStim(__class__=<class 'psychopy.visual.image.ImageStim'>, anchor=('center', 'center'), autoLog=True, color=array([1., 1., 1.]), colorSpace='rgb', contrast=1.0, depth=0, flipHoriz=False, flipVert=False, image='break.jpg', interpolate=True, mask=None, maskParams=None, name='unnamed ImageStim', opacity=1.0, ori=0.0, pos=array([0., 0.]), size=array([1536.,  864.]), texRes=128, units='pix', win=Window(...))
231.5069 	DATA 	Keypress: space
231.5139 	EXP 	unnamed TextStim: text = '↓'
233.3715 	DATA 	Keypress: down
233.3725 	EXP 	unnamed TextStim: text = '↓'
234.7536 	DATA 	Keypress: down
234.7547 	EXP 	unnamed TextStim: text = '↓'
236.5742 	DATA 	Keypress: down
236.5795 	EXP 	unnamed TextStim: height = 25.0
236.5795 	EXP 	unnamed TextStim: height = 25.0
236.5795 	EXP 	unnamed TextStim: height = 25.0
236.5795 	EXP 	unnamed TextStim: text = '←'
238.1176 	DATA 	Keypress: left
238.1196 	EXP 	unnamed TextStim: height = 25.0
238.1196 	EXP 	unnamed TextStim: height = 25.0
238.1196 	EXP 	unnamed TextStim: height = 25.0
238.1196 	EXP 	unnamed TextStim: text = '→'
239.3693 	DATA 	Keypress: right
239.3713 	EXP 	unnamed TextStim: height = 25.0
239.3713 	EXP 	unnamed TextStim: height = 25.0
239.3713 	EXP 	unnamed TextStim: height = 25.0
239.3713 	EXP 	unnamed TextStim: text = '←'
240.8614 	DATA 	Keypress: right
240.9731 	EXP 	Created unnamed ImageStim = ImageStim(__class__=<class 'psychopy.visual.image.ImageStim'>, anchor=('center', 'center'), autoLog=True, color=array([1., 1., 1.]), colorSpace='rgb', contrast=1.0, depth=0, flipHoriz=False, flipVert=False, image='break.jpg', interpolate=True, mask=None, maskParams=None, name='unnamed ImageStim', opacity=1.0, ori=0.0, pos=array([0., 0.]), size=array([1536.,  864.]), texRes=128, units='pix', win=Window(...))
244.0601 	DATA 	Keypress: space
244.0645 	EXP 	unnamed TextStim: height = 25.0
244.0645 	EXP 	unnamed TextStim: height = 25.0
244.0645 	EXP 	unnamed TextStim: height = 25.0
244.0645 	EXP 	unnamed TextStim: text = '↓'
245.6699 	DATA 	Keypress: right
245.6721 	EXP 	unnamed TextStim: height = 25.0
245.6721 	EXP 	unnamed TextStim: height = 25.0
245.6721 	EXP 	unnamed TextStim: height = 25.0
245.6721 	EXP 	unnamed TextStim: text = '←'
247.1083 	DATA 	Keypress: left
247.1104 	EXP 	unnamed TextStim: height = 25.0
247.1104 	EXP 	unnamed TextStim: height = 25.0
247.1104 	EXP 	unnamed TextStim: height = 25.0
247.1104 	EXP 	unnamed TextStim: text = '↑'
248.6990 	DATA 	Keypress: left
248.7011 	EXP 	unnamed TextStim: height = 25.0
248.7011 	EXP 	unnamed TextStim: height = 25.0
248.7011 	EXP 	unnamed TextStim: height = 25.0
248.7011 	EXP 	unnamed TextStim: text = '→'
250.1975 	DATA 	Keypress: right
250.1997 	EXP 	unnamed TextStim: height = 25.0
250.1997 	EXP 	unnamed TextStim: height = 25.0
250.1997 	EXP 	unnamed TextStim: height = 25.0
250.1997 	EXP 	unnamed TextStim: text = '↓'
251.7659 	DATA 	Keypress: left
251.7680 	EXP 	unnamed TextStim: height = 25.0
251.7680 	EXP 	unnamed TextStim: height = 25.0
251.7680 	EXP 	unnamed TextStim: height = 25.0
251.7680 	EXP 	unnamed TextStim: text = '←'
253.2921 	DATA 	Keypress: left
253.4110 	EXP 	Created unnamed ImageStim = ImageStim(__class__=<class 'psychopy.visual.image.ImageStim'>, anchor=('center', 'center'), autoLog=True, color=array([1., 1., 1.]), colorSpace='rgb', contrast=1.0, depth=0, flipHoriz=False, flipVert=False, image='break.jpg', interpolate=True, mask=None, maskParams=None, name='unnamed ImageStim', opacity=1.0, ori=0.0, pos=array([0., 0.]), size=array([1536.,  864.]), texRes=128, units='pix', win=Window(...))
258.1007 	DATA 	Keypress: space
258.1151 	EXP 	unnamed TextStim: height = 25.0
258.1151 	EXP 	unnamed TextStim: height = 25.0
258.1151 	EXP 	unnamed TextStim: height = 25.0
258.1151 	EXP 	unnamed TextStim: text = '→'
259.4930 	DATA 	Keypress: right
259.4941 	EXP 	unnamed TextStim: text = '→'
261.2082 	DATA 	Keypress: right
261.2101 	EXP 	unnamed TextStim: height = 25.0
261.2101 	EXP 	unnamed TextStim: height = 25.0
261.2101 	EXP 	unnamed TextStim: height = 25.0
261.2101 	EXP 	unnamed TextStim: text = '←'
263.1238 	DATA 	Keypress: left
263.1259 	EXP 	unnamed TextStim: height = 25.0
263.1259 	EXP 	unnamed TextStim: height = 25.0
263.1259 	EXP 	unnamed TextStim: height = 25.0
263.1259 	EXP 	unnamed TextStim: text = '→'
264.5381 	DATA 	Keypress: right
264.5393 	EXP 	unnamed TextStim: text = '→'
266.0206 	DATA 	Keypress: left
266.0228 	EXP 	unnamed TextStim: height = 25.0
266.0228 	EXP 	unnamed TextStim: height = 25.0
266.0228 	EXP 	unnamed TextStim: height = 25.0
266.0228 	EXP 	unnamed TextStim: text = '↓'
267.5769 	DATA 	Keypress: left
267.6767 	EXP 	Created unnamed ImageStim = ImageStim(__class__=<class 'psychopy.visual.image.ImageStim'>, anchor=('center', 'center'), autoLog=True, color=array([1., 1., 1.]), colorSpace='rgb', contrast=1.0, depth=0, flipHoriz=False, flipVert=False, image='break.jpg', interpolate=True, mask=None, maskParams=None, name='unnamed ImageStim', opacity=1.0, ori=0.0, pos=array([0., 0.]), size=array([1536.,  864.]), texRes=128, units='pix', win=Window(...))
278.9635 	DATA 	Keypress: space
278.9665 	EXP 	unnamed TextStim: height = 25.0
278.9665 	EXP 	unnamed TextStim: height = 25.0
278.9665 	EXP 	unnamed TextStim: height = 25.0
278.9665 	EXP 	unnamed TextStim: text = '↑'
280.5847 	DATA 	Keypress: lshift
281.2658 	DATA 	Keypress: up
281.2668 	EXP 	unnamed TextStim: text = '↑'
283.1737 	DATA 	Keypress: up
283.1772 	EXP 	unnamed TextStim: height = 25.0
283.1772 	EXP 	unnamed TextStim: height = 25.0
283.1772 	EXP 	unnamed TextStim: height = 25.0
283.1772 	EXP 	unnamed TextStim: text = '↓'
284.6934 	DATA 	Keypress: down
284.6955 	EXP 	unnamed TextStim: height = 25.0
284.6955 	EXP 	unnamed TextStim: height = 25.0
284.6955 	EXP 	unnamed TextStim: height = 25.0
284.6955 	EXP 	unnamed TextStim: text = '←'
286.2182 	DATA 	Keypress: left
286.2203 	EXP 	unnamed TextStim: height = 25.0
286.2203 	EXP 	unnamed TextStim: height = 25.0
286.2203 	EXP 	unnamed TextStim: height = 25.0
286.2203 	EXP 	unnamed TextStim: text = '↓'
287.9934 	DATA 	Keypress: left
287.9971 	EXP 	unnamed TextStim: height = 25.0
287.9971 	EXP 	unnamed TextStim: height = 25.0
287.9971 	EXP 	unnamed TextStim: height = 25.0
287.9971 	EXP 	unnamed TextStim: text = '←'
289.8039 	DATA 	Keypress: left
289.9397 	EXP 	Created unnamed ImageStim = ImageStim(__class__=<class 'psychopy.visual.image.ImageStim'>, anchor=('center', 'center'), autoLog=True, color=array([1., 1., 1.]), colorSpace='rgb', contrast=1.0, depth=0, flipHoriz=False, flipVert=False, image='break.jpg', interpolate=True, mask=None, maskParams=None, name='unnamed ImageStim', opacity=1.0, ori=0.0, pos=array([0., 0.]), size=array([1536.,  864.]), texRes=128, units='pix', win=Window(...))
291.0701 	DATA 	Keypress: space
291.0828 	EXP 	unnamed TextStim: height = 25.0
291.0828 	EXP 	unnamed TextStim: height = 25.0
291.0828 	EXP 	unnamed TextStim: height = 25.0
291.0828 	EXP 	unnamed TextStim: text = '↑'
292.7085 	DATA 	Keypress: up
292.7109 	EXP 	unnamed TextStim: height = 25.0
292.7109 	EXP 	unnamed TextStim: height = 25.0
292.7109 	EXP 	unnamed TextStim: height = 25.0
292.7109 	EXP 	unnamed TextStim: text = '→'
294.1338 	DATA 	Keypress: right
294.1359 	EXP 	unnamed TextStim: height = 25.0
294.1359 	EXP 	unnamed TextStim: height = 25.0
294.1359 	EXP 	unnamed TextStim: height = 25.0
294.1359 	EXP 	unnamed TextStim: text = '↓'
296.1284 	DATA 	Keypress: left
296.1306 	EXP 	unnamed TextStim: height = 25.0
296.1306 	EXP 	unnamed TextStim: height = 25.0
296.1306 	EXP 	unnamed TextStim: height = 25.0
296.1306 	EXP 	unnamed TextStim: text = '→'
297.7191 	DATA 	Keypress: left
297.7212 	EXP 	unnamed TextStim: height = 25.0
297.7212 	EXP 	unnamed TextStim: height = 25.0
297.7212 	EXP 	unnamed TextStim: height = 25.0
297.7212 	EXP 	unnamed TextStim: text = '←'
299.2165 	DATA 	Keypress: right
299.2176 	EXP 	unnamed TextStim: text = '←'
300.9730 	DATA 	Keypress: left
301.0922 	EXP 	Created unnamed ImageStim = ImageStim(__class__=<class 'psychopy.visual.image.ImageStim'>, anchor=('center', 'center'), autoLog=True, color=array([1., 1., 1.]), colorSpace='rgb', contrast=1.0, depth=0, flipHoriz=False, flipVert=False, image='break.jpg', interpolate=True, mask=None, maskParams=None, name='unnamed ImageStim', opacity=1.0, ori=0.0, pos=array([0., 0.]), size=array([1536.,  864.]), texRes=128, units='pix', win=Window(...))
304.2931 	DATA 	Keypress: space
304.3166 	EXP 	Created unnamed TextStim = TextStim(__class__=<class 'psychopy.visual.text.TextStim'>, alignHoriz=method-wrapper(...), alignText='center', alignVert=method-wrapper(...), anchorHoriz='center', anchorVert='center', antialias=True, autoDraw=False, autoLog=True, bold=False, color=array([-1, -1, -1]), colorSpace='rgb', contrast=1.0, depth=0, flipHoriz=False, flipVert=False, font='', fontFiles=[], height=20.0, italic=False, languageStyle='LTR', name='unnamed TextStim', opacity=1.0, ori=0.0, pos=array([0., 0.]), rgb=UNKNOWN, text=str(...), units='pix', win=Window(...), wrapWidth=1536)
326.1013 	DATA 	Keypress: space
326.1944 	EXP 	window1: mouseVisible = True
