12.3900 	WARNING 	User requested fullscreen with size [1536  864], but screen is actually [1920, 1080]. Using actual size
13.6529 	INFO 	FRAME RATE: 60
13.6530 	INFO 	SCREEN RES: odict_values([1536, 864])
13.7051 	EXP 	Created unnamed TextStim = TextStim(__class__=<class 'psychopy.visual.text.TextStim'>, alignHoriz=method-wrapper(...), alignText='center', alignVert=method-wrapper(...), anchorHoriz='center', anchorVert='center', antialias=True, autoDraw=False, autoLog=True, bold=False, color=array([-1, -1, -1]), colorSpace='rgb', contrast=1.0, depth=0, flipHoriz=False, flipVert=False, font='', fontFiles=[], height=100.0, italic=False, languageStyle='LTR', name='unnamed TextStim', opacity=1.0, ori=0.0, pos=array([0., 0.]), rgb=UNKNOWN, text='+', units='pix', win=Window(...), wrapWidth=500)
13.7095 	EXP 	Created unnamed Circle = Circle(__class__=<class 'psychopy.visual.circle.Circle'>, anchor=('center', 'center'), autoDraw=False, autoLog=True, closeShape=True, color=method-wrapper(...), colorSpace='rgb', contrast=None, depth=0, fillColor=array([ 0.09019608, -1.        , -1.        ]), fillColorSpace='rgb', fillRGB=array([ 0.09019608, -1.        , -1.        ]), interpolate=True, lineColor=array([ 0.09019608, -1.        , -1.        ]), lineColorSpace='rgb', lineRGB=array([ 0.09019608, -1.        , -1.        ]), lineWidth=1.5, name='unnamed Circle', opacity=1.0, ori=0.0, pos=array([0., 0.]), size=array([1., 1.]), units='pix', vertices=ndarray(...), win=Window(...))
13.7119 	EXP 	Created unnamed TextStim = TextStim(__class__=<class 'psychopy.visual.text.TextStim'>, alignHoriz=method-wrapper(...), alignText='center', alignVert=method-wrapper(...), anchorHoriz='center', anchorVert='center', antialias=True, autoDraw=False, autoLog=True, bold=False, color=array([-0.17647059, -0.17647059, -0.17647059]), colorSpace='rgb', contrast=1.0, depth=0, flipHoriz=False, flipVert=False, font='', fontFiles=[], height=25, italic=False, languageStyle='LTR', name='unnamed TextStim', opacity=1.0, ori=0.0, pos=array([0., 0.]), rgb=UNKNOWN, text='', units='pix', win=Window(...), wrapWidth=500)
13.7237 	EXP 	Created unnamed ImageStim = ImageStim(__class__=<class 'psychopy.visual.image.ImageStim'>, anchor=('center', 'center'), autoLog=True, color=array([1., 1., 1.]), colorSpace='rgb', contrast=1.0, depth=0, flipHoriz=False, flipVert=False, image='mask4.png', interpolate=False, mask=None, maskParams=None, name='unnamed ImageStim', opacity=1.0, ori=0.0, pos=array([0., 0.]), size=array([25., 25.]), texRes=128, units='pix', win=Window(...))
13.7303 	EXP 	Created unnamed TextStim = TextStim(__class__=<class 'psychopy.visual.text.TextStim'>, alignHoriz=method-wrapper(...), alignText='center', alignVert=method-wrapper(...), anchorHoriz='center', anchorVert='center', antialias=True, autoDraw=False, autoLog=True, bold=False, color=array([-1, -1, -1]), colorSpace='rgb', contrast=1.0, depth=0, flipHoriz=False, flipVert=False, font='', fontFiles=[], height=30.0, italic=False, languageStyle='LTR', name='unnamed TextStim', opacity=1.0, ori=0.0, pos=array([ 100., -300.]), rgb=UNKNOWN, text=str(...), units='pix', win=Window(...), wrapWidth=10000)
13.7396 	EXP 	Created unnamed TextStim = TextStim(__class__=<class 'psychopy.visual.text.TextStim'>, alignHoriz=method-wrapper(...), alignText='center', alignVert=method-wrapper(...), anchorHoriz='center', anchorVert='center', antialias=True, autoDraw=False, autoLog=True, bold=False, color=array([-1, -1, -1]), colorSpace='rgb', contrast=1.0, depth=0, flipHoriz=False, flipVert=False, font='', fontFiles=[], height=30.0, italic=False, languageStyle='LTR', name='unnamed TextStim', opacity=1.0, ori=0.0, pos=array([ 100., -330.]), rgb=UNKNOWN, text=str(...), units='pix', win=Window(...), wrapWidth=10000)
13.7754 	EXP 	Created unnamed TextStim = TextStim(__class__=<class 'psychopy.visual.text.TextStim'>, alignHoriz=method-wrapper(...), alignText='center', alignVert=method-wrapper(...), anchorHoriz='center', anchorVert='center', antialias=True, autoDraw=False, autoLog=True, bold=False, color=array([-1, -1, -1]), colorSpace='rgb', contrast=1.0, depth=0, flipHoriz=False, flipVert=False, font='', fontFiles=[], height=20.0, italic=False, languageStyle='LTR', name='unnamed TextStim', opacity=1.0, ori=0.0, pos=array([0., 0.]), rgb=UNKNOWN, text=str(...), units='pix', win=Window(...), wrapWidth=1536)
246.0354 	DATA 	Keypress: space
246.0422 	EXP 	unnamed TextStim: height = 25.0
246.0422 	EXP 	unnamed TextStim: height = 25.0
246.0422 	EXP 	unnamed TextStim: height = 25.0
246.0422 	EXP 	unnamed TextStim: text = '→'
249.0094 	DATA 	No keypress (maxWait exceeded)
249.0170 	EXP 	Created unnamed TextStim = TextStim(__class__=<class 'psychopy.visual.text.TextStim'>, alignHoriz=method-wrapper(...), alignText='center', alignVert=method-wrapper(...), anchorHoriz='center', anchorVert='center', antialias=True, autoDraw=False, autoLog=True, bold=False, color=array([-1, -1, -1]), colorSpace='rgb', contrast=1.0, depth=0, flipHoriz=False, flipVert=False, font='', fontFiles=[], height=50.0, italic=False, languageStyle='LTR', name='unnamed TextStim', opacity=1.0, ori=0.0, pos=array([0., 0.]), rgb=UNKNOWN, text='Niepoprawnie', units='pix', win=Window(...), wrapWidth=500)
250.0257 	EXP 	unnamed TextStim: height = 25.0
250.0257 	EXP 	unnamed TextStim: height = 25.0
250.0257 	EXP 	unnamed TextStim: height = 25.0
250.0257 	EXP 	unnamed TextStim: text = '←'
251.8254 	DATA 	Keypress: left
251.8289 	EXP 	Created unnamed TextStim = TextStim(__class__=<class 'psychopy.visual.text.TextStim'>, alignHoriz=method-wrapper(...), alignText='center', alignVert=method-wrapper(...), anchorHoriz='center', anchorVert='center', antialias=True, autoDraw=False, autoLog=True, bold=False, color=array([-1, -1, -1]), colorSpace='rgb', contrast=1.0, depth=0, flipHoriz=False, flipVert=False, font='', fontFiles=[], height=50.0, italic=False, languageStyle='LTR', name='unnamed TextStim', opacity=1.0, ori=0.0, pos=array([0., 0.]), rgb=UNKNOWN, text='Poprawnie', units='pix', win=Window(...), wrapWidth=500)
252.8422 	EXP 	unnamed TextStim: height = 25.0
252.8422 	EXP 	unnamed TextStim: height = 25.0
252.8422 	EXP 	unnamed TextStim: height = 25.0
252.8422 	EXP 	unnamed TextStim: text = '↑'
255.1898 	DATA 	Keypress: up
255.1918 	EXP 	Created unnamed TextStim = TextStim(__class__=<class 'psychopy.visual.text.TextStim'>, alignHoriz=method-wrapper(...), alignText='center', alignVert=method-wrapper(...), anchorHoriz='center', anchorVert='center', antialias=True, autoDraw=False, autoLog=True, bold=False, color=array([-1, -1, -1]), colorSpace='rgb', contrast=1.0, depth=0, flipHoriz=False, flipVert=False, font='', fontFiles=[], height=50.0, italic=False, languageStyle='LTR', name='unnamed TextStim', opacity=1.0, ori=0.0, pos=array([0., 0.]), rgb=UNKNOWN, text='Poprawnie', units='pix', win=Window(...), wrapWidth=500)
256.2093 	EXP 	unnamed TextStim: text = '↑'
258.0716 	DATA 	Keypress: up
258.0736 	EXP 	Created unnamed TextStim = TextStim(__class__=<class 'psychopy.visual.text.TextStim'>, alignHoriz=method-wrapper(...), alignText='center', alignVert=method-wrapper(...), anchorHoriz='center', anchorVert='center', antialias=True, autoDraw=False, autoLog=True, bold=False, color=array([-1, -1, -1]), colorSpace='rgb', contrast=1.0, depth=0, flipHoriz=False, flipVert=False, font='', fontFiles=[], height=50.0, italic=False, languageStyle='LTR', name='unnamed TextStim', opacity=1.0, ori=0.0, pos=array([0., 0.]), rgb=UNKNOWN, text='Poprawnie', units='pix', win=Window(...), wrapWidth=500)
259.0773 	EXP 	unnamed TextStim: height = 25.0
259.0773 	EXP 	unnamed TextStim: height = 25.0
259.0773 	EXP 	unnamed TextStim: height = 25.0
259.0773 	EXP 	unnamed TextStim: text = '→'
261.6448 	DATA 	Keypress: left
261.6468 	EXP 	Created unnamed TextStim = TextStim(__class__=<class 'psychopy.visual.text.TextStim'>, alignHoriz=method-wrapper(...), alignText='center', alignVert=method-wrapper(...), anchorHoriz='center', anchorVert='center', antialias=True, autoDraw=False, autoLog=True, bold=False, color=array([-1, -1, -1]), colorSpace='rgb', contrast=1.0, depth=0, flipHoriz=False, flipVert=False, font='', fontFiles=[], height=50.0, italic=False, languageStyle='LTR', name='unnamed TextStim', opacity=1.0, ori=0.0, pos=array([0., 0.]), rgb=UNKNOWN, text='Niepoprawnie', units='pix', win=Window(...), wrapWidth=500)
262.6594 	EXP 	unnamed TextStim: height = 25.0
262.6594 	EXP 	unnamed TextStim: height = 25.0
262.6594 	EXP 	unnamed TextStim: height = 25.0
262.6594 	EXP 	unnamed TextStim: text = '←'
264.8267 	DATA 	Keypress: left
264.8287 	EXP 	Created unnamed TextStim = TextStim(__class__=<class 'psychopy.visual.text.TextStim'>, alignHoriz=method-wrapper(...), alignText='center', alignVert=method-wrapper(...), anchorHoriz='center', anchorVert='center', antialias=True, autoDraw=False, autoLog=True, bold=False, color=array([-1, -1, -1]), colorSpace='rgb', contrast=1.0, depth=0, flipHoriz=False, flipVert=False, font='', fontFiles=[], height=50.0, italic=False, languageStyle='LTR', name='unnamed TextStim', opacity=1.0, ori=0.0, pos=array([0., 0.]), rgb=UNKNOWN, text='Poprawnie', units='pix', win=Window(...), wrapWidth=500)
265.8429 	EXP 	unnamed TextStim: height = 25.0
265.8429 	EXP 	unnamed TextStim: height = 25.0
265.8429 	EXP 	unnamed TextStim: height = 25.0
265.8429 	EXP 	unnamed TextStim: text = '→'
267.9341 	DATA 	Keypress: right
267.9360 	EXP 	Created unnamed TextStim = TextStim(__class__=<class 'psychopy.visual.text.TextStim'>, alignHoriz=method-wrapper(...), alignText='center', alignVert=method-wrapper(...), anchorHoriz='center', anchorVert='center', antialias=True, autoDraw=False, autoLog=True, bold=False, color=array([-1, -1, -1]), colorSpace='rgb', contrast=1.0, depth=0, flipHoriz=False, flipVert=False, font='', fontFiles=[], height=50.0, italic=False, languageStyle='LTR', name='unnamed TextStim', opacity=1.0, ori=0.0, pos=array([0., 0.]), rgb=UNKNOWN, text='Poprawnie', units='pix', win=Window(...), wrapWidth=500)
268.9430 	EXP 	unnamed TextStim: text = '→'
270.7172 	DATA 	Keypress: right
270.7192 	EXP 	Created unnamed TextStim = TextStim(__class__=<class 'psychopy.visual.text.TextStim'>, alignHoriz=method-wrapper(...), alignText='center', alignVert=method-wrapper(...), anchorHoriz='center', anchorVert='center', antialias=True, autoDraw=False, autoLog=True, bold=False, color=array([-1, -1, -1]), colorSpace='rgb', contrast=1.0, depth=0, flipHoriz=False, flipVert=False, font='', fontFiles=[], height=50.0, italic=False, languageStyle='LTR', name='unnamed TextStim', opacity=1.0, ori=0.0, pos=array([0., 0.]), rgb=UNKNOWN, text='Poprawnie', units='pix', win=Window(...), wrapWidth=500)
271.7265 	EXP 	unnamed TextStim: height = 25.0
271.7265 	EXP 	unnamed TextStim: height = 25.0
271.7265 	EXP 	unnamed TextStim: height = 25.0
271.7265 	EXP 	unnamed TextStim: text = '←'
273.9568 	DATA 	Keypress: left
273.9587 	EXP 	Created unnamed TextStim = TextStim(__class__=<class 'psychopy.visual.text.TextStim'>, alignHoriz=method-wrapper(...), alignText='center', alignVert=method-wrapper(...), anchorHoriz='center', anchorVert='center', antialias=True, autoDraw=False, autoLog=True, bold=False, color=array([-1, -1, -1]), colorSpace='rgb', contrast=1.0, depth=0, flipHoriz=False, flipVert=False, font='', fontFiles=[], height=50.0, italic=False, languageStyle='LTR', name='unnamed TextStim', opacity=1.0, ori=0.0, pos=array([0., 0.]), rgb=UNKNOWN, text='Poprawnie', units='pix', win=Window(...), wrapWidth=500)
274.9763 	EXP 	unnamed TextStim: height = 25.0
274.9763 	EXP 	unnamed TextStim: height = 25.0
274.9763 	EXP 	unnamed TextStim: height = 25.0
274.9763 	EXP 	unnamed TextStim: text = '→'
276.7792 	DATA 	Keypress: right
276.7813 	EXP 	Created unnamed TextStim = TextStim(__class__=<class 'psychopy.visual.text.TextStim'>, alignHoriz=method-wrapper(...), alignText='center', alignVert=method-wrapper(...), anchorHoriz='center', anchorVert='center', antialias=True, autoDraw=False, autoLog=True, bold=False, color=array([-1, -1, -1]), colorSpace='rgb', contrast=1.0, depth=0, flipHoriz=False, flipVert=False, font='', fontFiles=[], height=50.0, italic=False, languageStyle='LTR', name='unnamed TextStim', opacity=1.0, ori=0.0, pos=array([0., 0.]), rgb=UNKNOWN, text='Poprawnie', units='pix', win=Window(...), wrapWidth=500)
277.7933 	EXP 	unnamed TextStim: height = 25.0
277.7933 	EXP 	unnamed TextStim: height = 25.0
277.7933 	EXP 	unnamed TextStim: height = 25.0
277.7933 	EXP 	unnamed TextStim: text = '↑'
279.7968 	DATA 	Keypress: up
279.7987 	EXP 	Created unnamed TextStim = TextStim(__class__=<class 'psychopy.visual.text.TextStim'>, alignHoriz=method-wrapper(...), alignText='center', alignVert=method-wrapper(...), anchorHoriz='center', anchorVert='center', antialias=True, autoDraw=False, autoLog=True, bold=False, color=array([-1, -1, -1]), colorSpace='rgb', contrast=1.0, depth=0, flipHoriz=False, flipVert=False, font='', fontFiles=[], height=50.0, italic=False, languageStyle='LTR', name='unnamed TextStim', opacity=1.0, ori=0.0, pos=array([0., 0.]), rgb=UNKNOWN, text='Poprawnie', units='pix', win=Window(...), wrapWidth=500)
280.8100 	EXP 	unnamed TextStim: height = 25.0
280.8100 	EXP 	unnamed TextStim: height = 25.0
280.8100 	EXP 	unnamed TextStim: height = 25.0
280.8100 	EXP 	unnamed TextStim: text = '→'
282.7600 	DATA 	Keypress: right
282.7619 	EXP 	Created unnamed TextStim = TextStim(__class__=<class 'psychopy.visual.text.TextStim'>, alignHoriz=method-wrapper(...), alignText='center', alignVert=method-wrapper(...), anchorHoriz='center', anchorVert='center', antialias=True, autoDraw=False, autoLog=True, bold=False, color=array([-1, -1, -1]), colorSpace='rgb', contrast=1.0, depth=0, flipHoriz=False, flipVert=False, font='', fontFiles=[], height=50.0, italic=False, languageStyle='LTR', name='unnamed TextStim', opacity=1.0, ori=0.0, pos=array([0., 0.]), rgb=UNKNOWN, text='Poprawnie', units='pix', win=Window(...), wrapWidth=500)
283.7767 	EXP 	unnamed TextStim: height = 25.0
283.7767 	EXP 	unnamed TextStim: height = 25.0
283.7767 	EXP 	unnamed TextStim: height = 25.0
283.7767 	EXP 	unnamed TextStim: text = '↓'
285.5989 	DATA 	Keypress: down
285.6009 	EXP 	Created unnamed TextStim = TextStim(__class__=<class 'psychopy.visual.text.TextStim'>, alignHoriz=method-wrapper(...), alignText='center', alignVert=method-wrapper(...), anchorHoriz='center', anchorVert='center', antialias=True, autoDraw=False, autoLog=True, bold=False, color=array([-1, -1, -1]), colorSpace='rgb', contrast=1.0, depth=0, flipHoriz=False, flipVert=False, font='', fontFiles=[], height=50.0, italic=False, languageStyle='LTR', name='unnamed TextStim', opacity=1.0, ori=0.0, pos=array([0., 0.]), rgb=UNKNOWN, text='Poprawnie', units='pix', win=Window(...), wrapWidth=500)
286.6102 	EXP 	unnamed TextStim: height = 25.0
286.6102 	EXP 	unnamed TextStim: height = 25.0
286.6102 	EXP 	unnamed TextStim: height = 25.0
286.6102 	EXP 	unnamed TextStim: text = '←'
288.6291 	DATA 	Keypress: left
288.6312 	EXP 	Created unnamed TextStim = TextStim(__class__=<class 'psychopy.visual.text.TextStim'>, alignHoriz=method-wrapper(...), alignText='center', alignVert=method-wrapper(...), anchorHoriz='center', anchorVert='center', antialias=True, autoDraw=False, autoLog=True, bold=False, color=array([-1, -1, -1]), colorSpace='rgb', contrast=1.0, depth=0, flipHoriz=False, flipVert=False, font='', fontFiles=[], height=50.0, italic=False, languageStyle='LTR', name='unnamed TextStim', opacity=1.0, ori=0.0, pos=array([0., 0.]), rgb=UNKNOWN, text='Poprawnie', units='pix', win=Window(...), wrapWidth=500)
289.6436 	EXP 	unnamed TextStim: height = 25.0
289.6436 	EXP 	unnamed TextStim: height = 25.0
289.6436 	EXP 	unnamed TextStim: height = 25.0
289.6436 	EXP 	unnamed TextStim: text = '↓'
291.5825 	DATA 	Keypress: down
291.5846 	EXP 	Created unnamed TextStim = TextStim(__class__=<class 'psychopy.visual.text.TextStim'>, alignHoriz=method-wrapper(...), alignText='center', alignVert=method-wrapper(...), anchorHoriz='center', anchorVert='center', antialias=True, autoDraw=False, autoLog=True, bold=False, color=array([-1, -1, -1]), colorSpace='rgb', contrast=1.0, depth=0, flipHoriz=False, flipVert=False, font='', fontFiles=[], height=50.0, italic=False, languageStyle='LTR', name='unnamed TextStim', opacity=1.0, ori=0.0, pos=array([0., 0.]), rgb=UNKNOWN, text='Poprawnie', units='pix', win=Window(...), wrapWidth=500)
292.6141 	EXP 	Created unnamed TextStim = TextStim(__class__=<class 'psychopy.visual.text.TextStim'>, alignHoriz=method-wrapper(...), alignText='center', alignVert=method-wrapper(...), anchorHoriz='center', anchorVert='center', antialias=True, autoDraw=False, autoLog=True, bold=False, color=array([-1, -1, -1]), colorSpace='rgb', contrast=1.0, depth=0, flipHoriz=False, flipVert=False, font='', fontFiles=[], height=20.0, italic=False, languageStyle='LTR', name='unnamed TextStim', opacity=1.0, ori=0.0, pos=array([0., 0.]), rgb=UNKNOWN, text=str(...), units='pix', win=Window(...), wrapWidth=1536)
304.8061 	DATA 	Keypress: space
304.8107 	EXP 	unnamed TextStim: height = 25.0
304.8107 	EXP 	unnamed TextStim: height = 25.0
304.8107 	EXP 	unnamed TextStim: height = 25.0
304.8107 	EXP 	unnamed TextStim: text = '←'
306.9613 	DATA 	Keypress: left
306.9675 	EXP 	Created unnamed TextStim = TextStim(__class__=<class 'psychopy.visual.text.TextStim'>, alignHoriz=method-wrapper(...), alignText='center', alignVert=method-wrapper(...), anchorHoriz='center', anchorVert='center', antialias=True, autoDraw=False, autoLog=True, bold=False, color=array([-1, -1, -1]), colorSpace='rgb', contrast=1.0, depth=0, flipHoriz=False, flipVert=False, font='', fontFiles=[], height=50.0, italic=False, languageStyle='LTR', name='unnamed TextStim', opacity=1.0, ori=0.0, pos=array([0., 0.]), rgb=UNKNOWN, text='Poprawnie', units='pix', win=Window(...), wrapWidth=500)
307.9776 	EXP 	unnamed TextStim: text = '←'
309.9733 	DATA 	Keypress: left
309.9753 	EXP 	Created unnamed TextStim = TextStim(__class__=<class 'psychopy.visual.text.TextStim'>, alignHoriz=method-wrapper(...), alignText='center', alignVert=method-wrapper(...), anchorHoriz='center', anchorVert='center', antialias=True, autoDraw=False, autoLog=True, bold=False, color=array([-1, -1, -1]), colorSpace='rgb', contrast=1.0, depth=0, flipHoriz=False, flipVert=False, font='', fontFiles=[], height=50.0, italic=False, languageStyle='LTR', name='unnamed TextStim', opacity=1.0, ori=0.0, pos=array([0., 0.]), rgb=UNKNOWN, text='Poprawnie', units='pix', win=Window(...), wrapWidth=500)
310.9794 	EXP 	unnamed TextStim: height = 25.0
310.9794 	EXP 	unnamed TextStim: height = 25.0
310.9794 	EXP 	unnamed TextStim: height = 25.0
310.9794 	EXP 	unnamed TextStim: text = '↓'
312.9748 	DATA 	Keypress: down
312.9768 	EXP 	Created unnamed TextStim = TextStim(__class__=<class 'psychopy.visual.text.TextStim'>, alignHoriz=method-wrapper(...), alignText='center', alignVert=method-wrapper(...), anchorHoriz='center', anchorVert='center', antialias=True, autoDraw=False, autoLog=True, bold=False, color=array([-1, -1, -1]), colorSpace='rgb', contrast=1.0, depth=0, flipHoriz=False, flipVert=False, font='', fontFiles=[], height=50.0, italic=False, languageStyle='LTR', name='unnamed TextStim', opacity=1.0, ori=0.0, pos=array([0., 0.]), rgb=UNKNOWN, text='Poprawnie', units='pix', win=Window(...), wrapWidth=500)
313.9945 	EXP 	unnamed TextStim: text = '↓'
315.7916 	DATA 	Keypress: up
315.7948 	EXP 	Created unnamed TextStim = TextStim(__class__=<class 'psychopy.visual.text.TextStim'>, alignHoriz=method-wrapper(...), alignText='center', alignVert=method-wrapper(...), anchorHoriz='center', anchorVert='center', antialias=True, autoDraw=False, autoLog=True, bold=False, color=array([-1, -1, -1]), colorSpace='rgb', contrast=1.0, depth=0, flipHoriz=False, flipVert=False, font='', fontFiles=[], height=50.0, italic=False, languageStyle='LTR', name='unnamed TextStim', opacity=1.0, ori=0.0, pos=array([0., 0.]), rgb=UNKNOWN, text='Niepoprawnie', units='pix', win=Window(...), wrapWidth=500)
316.8112 	EXP 	unnamed TextStim: text = '↓'
318.6499 	DATA 	Keypress: down
318.6518 	EXP 	Created unnamed TextStim = TextStim(__class__=<class 'psychopy.visual.text.TextStim'>, alignHoriz=method-wrapper(...), alignText='center', alignVert=method-wrapper(...), anchorHoriz='center', anchorVert='center', antialias=True, autoDraw=False, autoLog=True, bold=False, color=array([-1, -1, -1]), colorSpace='rgb', contrast=1.0, depth=0, flipHoriz=False, flipVert=False, font='', fontFiles=[], height=50.0, italic=False, languageStyle='LTR', name='unnamed TextStim', opacity=1.0, ori=0.0, pos=array([0., 0.]), rgb=UNKNOWN, text='Poprawnie', units='pix', win=Window(...), wrapWidth=500)
319.6614 	EXP 	unnamed TextStim: height = 25.0
319.6614 	EXP 	unnamed TextStim: height = 25.0
319.6614 	EXP 	unnamed TextStim: height = 25.0
319.6614 	EXP 	unnamed TextStim: text = '←'
321.8512 	DATA 	Keypress: down
321.8532 	EXP 	Created unnamed TextStim = TextStim(__class__=<class 'psychopy.visual.text.TextStim'>, alignHoriz=method-wrapper(...), alignText='center', alignVert=method-wrapper(...), anchorHoriz='center', anchorVert='center', antialias=True, autoDraw=False, autoLog=True, bold=False, color=array([-1, -1, -1]), colorSpace='rgb', contrast=1.0, depth=0, flipHoriz=False, flipVert=False, font='', fontFiles=[], height=50.0, italic=False, languageStyle='LTR', name='unnamed TextStim', opacity=1.0, ori=0.0, pos=array([0., 0.]), rgb=UNKNOWN, text='Niepoprawnie', units='pix', win=Window(...), wrapWidth=500)
322.8612 	EXP 	unnamed TextStim: height = 25.0
322.8612 	EXP 	unnamed TextStim: height = 25.0
322.8612 	EXP 	unnamed TextStim: height = 25.0
322.8612 	EXP 	unnamed TextStim: text = '→'
324.8289 	DATA 	Keypress: right
324.8309 	EXP 	Created unnamed TextStim = TextStim(__class__=<class 'psychopy.visual.text.TextStim'>, alignHoriz=method-wrapper(...), alignText='center', alignVert=method-wrapper(...), anchorHoriz='center', anchorVert='center', antialias=True, autoDraw=False, autoLog=True, bold=False, color=array([-1, -1, -1]), colorSpace='rgb', contrast=1.0, depth=0, flipHoriz=False, flipVert=False, font='', fontFiles=[], height=50.0, italic=False, languageStyle='LTR', name='unnamed TextStim', opacity=1.0, ori=0.0, pos=array([0., 0.]), rgb=UNKNOWN, text='Poprawnie', units='pix', win=Window(...), wrapWidth=500)
325.8448 	EXP 	unnamed TextStim: height = 25.0
325.8448 	EXP 	unnamed TextStim: height = 25.0
325.8448 	EXP 	unnamed TextStim: height = 25.0
325.8448 	EXP 	unnamed TextStim: text = '↓'
328.2461 	DATA 	Keypress: left
328.2481 	EXP 	Created unnamed TextStim = TextStim(__class__=<class 'psychopy.visual.text.TextStim'>, alignHoriz=method-wrapper(...), alignText='center', alignVert=method-wrapper(...), anchorHoriz='center', anchorVert='center', antialias=True, autoDraw=False, autoLog=True, bold=False, color=array([-1, -1, -1]), colorSpace='rgb', contrast=1.0, depth=0, flipHoriz=False, flipVert=False, font='', fontFiles=[], height=50.0, italic=False, languageStyle='LTR', name='unnamed TextStim', opacity=1.0, ori=0.0, pos=array([0., 0.]), rgb=UNKNOWN, text='Niepoprawnie', units='pix', win=Window(...), wrapWidth=500)
329.2617 	EXP 	unnamed TextStim: height = 25.0
329.2617 	EXP 	unnamed TextStim: height = 25.0
329.2617 	EXP 	unnamed TextStim: height = 25.0
329.2617 	EXP 	unnamed TextStim: text = '→'
331.3723 	DATA 	Keypress: left
331.3745 	EXP 	Created unnamed TextStim = TextStim(__class__=<class 'psychopy.visual.text.TextStim'>, alignHoriz=method-wrapper(...), alignText='center', alignVert=method-wrapper(...), anchorHoriz='center', anchorVert='center', antialias=True, autoDraw=False, autoLog=True, bold=False, color=array([-1, -1, -1]), colorSpace='rgb', contrast=1.0, depth=0, flipHoriz=False, flipVert=False, font='', fontFiles=[], height=50.0, italic=False, languageStyle='LTR', name='unnamed TextStim', opacity=1.0, ori=0.0, pos=array([0., 0.]), rgb=UNKNOWN, text='Niepoprawnie', units='pix', win=Window(...), wrapWidth=500)
332.3788 	EXP 	unnamed TextStim: height = 25.0
332.3788 	EXP 	unnamed TextStim: height = 25.0
332.3788 	EXP 	unnamed TextStim: height = 25.0
332.3788 	EXP 	unnamed TextStim: text = '↑'
334.2415 	DATA 	Keypress: up
334.2436 	EXP 	Created unnamed TextStim = TextStim(__class__=<class 'psychopy.visual.text.TextStim'>, alignHoriz=method-wrapper(...), alignText='center', alignVert=method-wrapper(...), anchorHoriz='center', anchorVert='center', antialias=True, autoDraw=False, autoLog=True, bold=False, color=array([-1, -1, -1]), colorSpace='rgb', contrast=1.0, depth=0, flipHoriz=False, flipVert=False, font='', fontFiles=[], height=50.0, italic=False, languageStyle='LTR', name='unnamed TextStim', opacity=1.0, ori=0.0, pos=array([0., 0.]), rgb=UNKNOWN, text='Poprawnie', units='pix', win=Window(...), wrapWidth=500)
335.2675 	EXP 	Created unnamed TextStim = TextStim(__class__=<class 'psychopy.visual.text.TextStim'>, alignHoriz=method-wrapper(...), alignText='center', alignVert=method-wrapper(...), anchorHoriz='center', anchorVert='center', antialias=True, autoDraw=False, autoLog=True, bold=False, color=array([-1, -1, -1]), colorSpace='rgb', contrast=1.0, depth=0, flipHoriz=False, flipVert=False, font='', fontFiles=[], height=20.0, italic=False, languageStyle='LTR', name='unnamed TextStim', opacity=1.0, ori=0.0, pos=array([0., 0.]), rgb=UNKNOWN, text=str(...), units='pix', win=Window(...), wrapWidth=1536)
348.1253 	DATA 	Keypress: space
348.1298 	EXP 	unnamed TextStim: height = 25.0
348.1298 	EXP 	unnamed TextStim: height = 25.0
348.1298 	EXP 	unnamed TextStim: height = 25.0
348.1298 	EXP 	unnamed TextStim: text = '↓'
349.8327 	DATA 	Keypress: down
349.8358 	EXP 	unnamed TextStim: height = 25.0
349.8358 	EXP 	unnamed TextStim: height = 25.0
349.8358 	EXP 	unnamed TextStim: height = 25.0
349.8358 	EXP 	unnamed TextStim: text = '←'
351.7844 	DATA 	Keypress: left
351.7873 	EXP 	unnamed TextStim: height = 25.0
351.7873 	EXP 	unnamed TextStim: height = 25.0
351.7873 	EXP 	unnamed TextStim: height = 25.0
351.7873 	EXP 	unnamed TextStim: text = '↑'
353.5590 	DATA 	Keypress: down
353.5615 	EXP 	unnamed TextStim: height = 25.0
353.5615 	EXP 	unnamed TextStim: height = 25.0
353.5615 	EXP 	unnamed TextStim: height = 25.0
353.5615 	EXP 	unnamed TextStim: text = '↓'
355.8544 	DATA 	Keypress: right
355.8555 	EXP 	unnamed TextStim: text = '↓'
357.5761 	DATA 	Keypress: down
357.5780 	EXP 	unnamed TextStim: height = 25.0
357.5780 	EXP 	unnamed TextStim: height = 25.0
357.5780 	EXP 	unnamed TextStim: height = 25.0
357.5780 	EXP 	unnamed TextStim: text = '↑'
359.6940 	DATA 	Keypress: right
359.8077 	EXP 	Created unnamed ImageStim = ImageStim(__class__=<class 'psychopy.visual.image.ImageStim'>, anchor=('center', 'center'), autoLog=True, color=array([1., 1., 1.]), colorSpace='rgb', contrast=1.0, depth=0, flipHoriz=False, flipVert=False, image='break.jpg', interpolate=True, mask=None, maskParams=None, name='unnamed ImageStim', opacity=1.0, ori=0.0, pos=array([0., 0.]), size=array([1536.,  864.]), texRes=128, units='pix', win=Window(...))
364.6020 	DATA 	Keypress: space
364.6126 	EXP 	unnamed TextStim: text = '↑'
366.7182 	DATA 	Keypress: down
366.7201 	EXP 	unnamed TextStim: height = 25.0
366.7201 	EXP 	unnamed TextStim: height = 25.0
366.7201 	EXP 	unnamed TextStim: height = 25.0
366.7201 	EXP 	unnamed TextStim: text = '↓'
368.5513 	DATA 	Keypress: down
368.5523 	EXP 	unnamed TextStim: text = '↓'
370.9959 	DATA 	Keypress: left
370.9968 	EXP 	unnamed TextStim: text = '↓'
373.2615 	DATA 	Keypress: right
373.2635 	EXP 	unnamed TextStim: height = 25.0
373.2635 	EXP 	unnamed TextStim: height = 25.0
373.2635 	EXP 	unnamed TextStim: height = 25.0
373.2635 	EXP 	unnamed TextStim: text = '←'
375.1261 	DATA 	Keypress: right
375.1271 	EXP 	unnamed TextStim: text = '←'
376.9732 	DATA 	Keypress: left
377.0784 	EXP 	Created unnamed ImageStim = ImageStim(__class__=<class 'psychopy.visual.image.ImageStim'>, anchor=('center', 'center'), autoLog=True, color=array([1., 1., 1.]), colorSpace='rgb', contrast=1.0, depth=0, flipHoriz=False, flipVert=False, image='break.jpg', interpolate=True, mask=None, maskParams=None, name='unnamed ImageStim', opacity=1.0, ori=0.0, pos=array([0., 0.]), size=array([1536.,  864.]), texRes=128, units='pix', win=Window(...))
381.6465 	DATA 	Keypress: space
381.6632 	EXP 	unnamed TextStim: height = 25.0
381.6632 	EXP 	unnamed TextStim: height = 25.0
381.6632 	EXP 	unnamed TextStim: height = 25.0
381.6632 	EXP 	unnamed TextStim: text = '↑'
383.3742 	DATA 	Keypress: up
383.3752 	EXP 	unnamed TextStim: text = '↑'
385.1585 	DATA 	Keypress: up
385.1614 	EXP 	unnamed TextStim: height = 25.0
385.1614 	EXP 	unnamed TextStim: height = 25.0
385.1614 	EXP 	unnamed TextStim: height = 25.0
385.1614 	EXP 	unnamed TextStim: text = '→'
386.9356 	DATA 	Keypress: right
386.9366 	EXP 	unnamed TextStim: text = '→'
389.0683 	DATA 	Keypress: left
389.0746 	EXP 	unnamed TextStim: height = 25.0
389.0746 	EXP 	unnamed TextStim: height = 25.0
389.0746 	EXP 	unnamed TextStim: height = 25.0
389.0746 	EXP 	unnamed TextStim: text = '↑'
391.0905 	DATA 	Keypress: up
391.0925 	EXP 	unnamed TextStim: height = 25.0
391.0925 	EXP 	unnamed TextStim: height = 25.0
391.0925 	EXP 	unnamed TextStim: height = 25.0
391.0925 	EXP 	unnamed TextStim: text = '→'
392.8578 	DATA 	Keypress: right
392.9682 	EXP 	Created unnamed ImageStim = ImageStim(__class__=<class 'psychopy.visual.image.ImageStim'>, anchor=('center', 'center'), autoLog=True, color=array([1., 1., 1.]), colorSpace='rgb', contrast=1.0, depth=0, flipHoriz=False, flipVert=False, image='break.jpg', interpolate=True, mask=None, maskParams=None, name='unnamed ImageStim', opacity=1.0, ori=0.0, pos=array([0., 0.]), size=array([1536.,  864.]), texRes=128, units='pix', win=Window(...))
406.2815 	DATA 	Keypress: space
406.2976 	EXP 	unnamed TextStim: text = '→'
408.2041 	DATA 	Keypress: right
408.2061 	EXP 	unnamed TextStim: height = 25.0
408.2061 	EXP 	unnamed TextStim: height = 25.0
408.2061 	EXP 	unnamed TextStim: height = 25.0
408.2061 	EXP 	unnamed TextStim: text = '↑'
410.1862 	DATA 	Keypress: right
410.1873 	EXP 	unnamed TextStim: text = '↑'
412.1324 	DATA 	Keypress: right
412.1343 	EXP 	unnamed TextStim: height = 25.0
412.1343 	EXP 	unnamed TextStim: height = 25.0
412.1343 	EXP 	unnamed TextStim: height = 25.0
412.1343 	EXP 	unnamed TextStim: text = '←'
414.4625 	DATA 	Keypress: left
414.4645 	EXP 	unnamed TextStim: height = 25.0
414.4645 	EXP 	unnamed TextStim: height = 25.0
414.4645 	EXP 	unnamed TextStim: height = 25.0
414.4645 	EXP 	unnamed TextStim: text = '→'
416.6449 	DATA 	Keypress: left
416.6459 	EXP 	unnamed TextStim: text = '→'
418.5823 	DATA 	Keypress: left
418.6921 	EXP 	Created unnamed ImageStim = ImageStim(__class__=<class 'psychopy.visual.image.ImageStim'>, anchor=('center', 'center'), autoLog=True, color=array([1., 1., 1.]), colorSpace='rgb', contrast=1.0, depth=0, flipHoriz=False, flipVert=False, image='break.jpg', interpolate=True, mask=None, maskParams=None, name='unnamed ImageStim', opacity=1.0, ori=0.0, pos=array([0., 0.]), size=array([1536.,  864.]), texRes=128, units='pix', win=Window(...))
428.5098 	DATA 	Keypress: space
428.5147 	EXP 	unnamed TextStim: height = 25.0
428.5147 	EXP 	unnamed TextStim: height = 25.0
428.5147 	EXP 	unnamed TextStim: height = 25.0
428.5147 	EXP 	unnamed TextStim: text = '←'
430.2973 	DATA 	Keypress: left
430.2993 	EXP 	unnamed TextStim: height = 25.0
430.2993 	EXP 	unnamed TextStim: height = 25.0
430.2993 	EXP 	unnamed TextStim: height = 25.0
430.2993 	EXP 	unnamed TextStim: text = '↓'
432.0857 	DATA 	Keypress: down
432.0876 	EXP 	unnamed TextStim: height = 25.0
432.0876 	EXP 	unnamed TextStim: height = 25.0
432.0876 	EXP 	unnamed TextStim: height = 25.0
432.0876 	EXP 	unnamed TextStim: text = '←'
434.0366 	DATA 	Keypress: left
434.0417 	EXP 	unnamed TextStim: height = 25.0
434.0417 	EXP 	unnamed TextStim: height = 25.0
434.0417 	EXP 	unnamed TextStim: height = 25.0
434.0417 	EXP 	unnamed TextStim: text = '↑'
436.3853 	DATA 	Keypress: left
436.3865 	EXP 	unnamed TextStim: text = '↑'
438.1364 	DATA 	Keypress: up
438.1373 	EXP 	unnamed TextStim: text = '↑'
439.9463 	DATA 	Keypress: down
440.0511 	EXP 	Created unnamed ImageStim = ImageStim(__class__=<class 'psychopy.visual.image.ImageStim'>, anchor=('center', 'center'), autoLog=True, color=array([1., 1., 1.]), colorSpace='rgb', contrast=1.0, depth=0, flipHoriz=False, flipVert=False, image='break.jpg', interpolate=True, mask=None, maskParams=None, name='unnamed ImageStim', opacity=1.0, ori=0.0, pos=array([0., 0.]), size=array([1536.,  864.]), texRes=128, units='pix', win=Window(...))
448.0170 	DATA 	Keypress: space
448.0321 	EXP 	unnamed TextStim: height = 25.0
448.0321 	EXP 	unnamed TextStim: height = 25.0
448.0321 	EXP 	unnamed TextStim: height = 25.0
448.0321 	EXP 	unnamed TextStim: text = '←'
450.2874 	DATA 	Keypress: left
450.2893 	EXP 	unnamed TextStim: height = 25.0
450.2893 	EXP 	unnamed TextStim: height = 25.0
450.2893 	EXP 	unnamed TextStim: height = 25.0
450.2893 	EXP 	unnamed TextStim: text = '↑'
452.5790 	DATA 	Keypress: left
452.5811 	EXP 	unnamed TextStim: text = '↑'
454.2746 	DATA 	Keypress: up
454.2756 	EXP 	unnamed TextStim: text = '↑'
456.2455 	DATA 	Keypress: up
456.2474 	EXP 	unnamed TextStim: height = 25.0
456.2474 	EXP 	unnamed TextStim: height = 25.0
456.2474 	EXP 	unnamed TextStim: height = 25.0
456.2474 	EXP 	unnamed TextStim: text = '↓'
457.9514 	DATA 	Keypress: down
457.9534 	EXP 	unnamed TextStim: height = 25.0
457.9534 	EXP 	unnamed TextStim: height = 25.0
457.9534 	EXP 	unnamed TextStim: height = 25.0
457.9534 	EXP 	unnamed TextStim: text = '↑'
459.7883 	DATA 	Keypress: up
459.8941 	EXP 	Created unnamed ImageStim = ImageStim(__class__=<class 'psychopy.visual.image.ImageStim'>, anchor=('center', 'center'), autoLog=True, color=array([1., 1., 1.]), colorSpace='rgb', contrast=1.0, depth=0, flipHoriz=False, flipVert=False, image='break.jpg', interpolate=True, mask=None, maskParams=None, name='unnamed ImageStim', opacity=1.0, ori=0.0, pos=array([0., 0.]), size=array([1536.,  864.]), texRes=128, units='pix', win=Window(...))
466.4227 	DATA 	Keypress: space
466.4329 	EXP 	unnamed TextStim: height = 25.0
466.4329 	EXP 	unnamed TextStim: height = 25.0
466.4329 	EXP 	unnamed TextStim: height = 25.0
466.4329 	EXP 	unnamed TextStim: text = '↓'
468.2374 	DATA 	Keypress: down
468.2395 	EXP 	unnamed TextStim: height = 25.0
468.2395 	EXP 	unnamed TextStim: height = 25.0
468.2395 	EXP 	unnamed TextStim: height = 25.0
468.2395 	EXP 	unnamed TextStim: text = '↑'
470.2943 	DATA 	Keypress: down
470.3008 	EXP 	unnamed TextStim: height = 25.0
470.3008 	EXP 	unnamed TextStim: height = 25.0
470.3008 	EXP 	unnamed TextStim: height = 25.0
470.3008 	EXP 	unnamed TextStim: text = '←'
472.1588 	DATA 	Keypress: right
472.1608 	EXP 	unnamed TextStim: height = 25.0
472.1608 	EXP 	unnamed TextStim: height = 25.0
472.1608 	EXP 	unnamed TextStim: height = 25.0
472.1608 	EXP 	unnamed TextStim: text = '↓'
474.3833 	DATA 	Keypress: down
474.3844 	EXP 	unnamed TextStim: text = '↓'
476.4407 	DATA 	Keypress: down
476.4427 	EXP 	unnamed TextStim: height = 25.0
476.4427 	EXP 	unnamed TextStim: height = 25.0
476.4427 	EXP 	unnamed TextStim: height = 25.0
476.4427 	EXP 	unnamed TextStim: text = '↑'
478.2826 	DATA 	Keypress: up
478.3875 	EXP 	Created unnamed ImageStim = ImageStim(__class__=<class 'psychopy.visual.image.ImageStim'>, anchor=('center', 'center'), autoLog=True, color=array([1., 1., 1.]), colorSpace='rgb', contrast=1.0, depth=0, flipHoriz=False, flipVert=False, image='break.jpg', interpolate=True, mask=None, maskParams=None, name='unnamed ImageStim', opacity=1.0, ori=0.0, pos=array([0., 0.]), size=array([1536.,  864.]), texRes=128, units='pix', win=Window(...))
484.7843 	DATA 	Keypress: space
484.8001 	EXP 	unnamed TextStim: height = 25.0
484.8001 	EXP 	unnamed TextStim: height = 25.0
484.8001 	EXP 	unnamed TextStim: height = 25.0
484.8001 	EXP 	unnamed TextStim: text = '→'
486.7096 	DATA 	Keypress: right
486.7115 	EXP 	unnamed TextStim: height = 25.0
486.7115 	EXP 	unnamed TextStim: height = 25.0
486.7115 	EXP 	unnamed TextStim: height = 25.0
486.7115 	EXP 	unnamed TextStim: text = '↓'
488.4670 	DATA 	Keypress: down
488.4679 	EXP 	unnamed TextStim: text = '↓'
490.6043 	DATA 	Keypress: down
490.6064 	EXP 	unnamed TextStim: height = 25.0
490.6064 	EXP 	unnamed TextStim: height = 25.0
490.6064 	EXP 	unnamed TextStim: height = 25.0
490.6064 	EXP 	unnamed TextStim: text = '↑'
491.0352 	DATA 	Keypress: down
492.6104 	DATA 	Keypress: down
492.6123 	EXP 	unnamed TextStim: height = 25.0
492.6123 	EXP 	unnamed TextStim: height = 25.0
492.6123 	EXP 	unnamed TextStim: height = 25.0
492.6123 	EXP 	unnamed TextStim: text = '←'
494.5115 	DATA 	Keypress: right
494.5134 	EXP 	unnamed TextStim: height = 25.0
494.5134 	EXP 	unnamed TextStim: height = 25.0
494.5134 	EXP 	unnamed TextStim: height = 25.0
494.5134 	EXP 	unnamed TextStim: text = '↓'
496.1786 	DATA 	Keypress: down
496.2808 	EXP 	Created unnamed ImageStim = ImageStim(__class__=<class 'psychopy.visual.image.ImageStim'>, anchor=('center', 'center'), autoLog=True, color=array([1., 1., 1.]), colorSpace='rgb', contrast=1.0, depth=0, flipHoriz=False, flipVert=False, image='break.jpg', interpolate=True, mask=None, maskParams=None, name='unnamed ImageStim', opacity=1.0, ori=0.0, pos=array([0., 0.]), size=array([1536.,  864.]), texRes=128, units='pix', win=Window(...))
498.5564 	DATA 	Keypress: space
498.5672 	EXP 	unnamed TextStim: height = 25.0
498.5672 	EXP 	unnamed TextStim: height = 25.0
498.5672 	EXP 	unnamed TextStim: height = 25.0
498.5672 	EXP 	unnamed TextStim: text = '←'
500.3482 	DATA 	Keypress: left
500.3501 	EXP 	unnamed TextStim: height = 25.0
500.3501 	EXP 	unnamed TextStim: height = 25.0
500.3501 	EXP 	unnamed TextStim: height = 25.0
500.3501 	EXP 	unnamed TextStim: text = '↓'
502.2836 	DATA 	Keypress: right
502.2846 	EXP 	unnamed TextStim: text = '↓'
504.0365 	DATA 	Keypress: down
504.0385 	EXP 	unnamed TextStim: height = 25.0
504.0385 	EXP 	unnamed TextStim: height = 25.0
504.0385 	EXP 	unnamed TextStim: height = 25.0
504.0385 	EXP 	unnamed TextStim: text = '→'
506.0847 	DATA 	Keypress: up
506.0866 	EXP 	unnamed TextStim: height = 25.0
506.0866 	EXP 	unnamed TextStim: height = 25.0
506.0866 	EXP 	unnamed TextStim: height = 25.0
506.0866 	EXP 	unnamed TextStim: text = '←'
507.8960 	DATA 	Keypress: left
507.8970 	EXP 	unnamed TextStim: text = '←'
510.0491 	DATA 	Keypress: left
510.1555 	EXP 	Created unnamed ImageStim = ImageStim(__class__=<class 'psychopy.visual.image.ImageStim'>, anchor=('center', 'center'), autoLog=True, color=array([1., 1., 1.]), colorSpace='rgb', contrast=1.0, depth=0, flipHoriz=False, flipVert=False, image='break.jpg', interpolate=True, mask=None, maskParams=None, name='unnamed ImageStim', opacity=1.0, ori=0.0, pos=array([0., 0.]), size=array([1536.,  864.]), texRes=128, units='pix', win=Window(...))
516.7582 	DATA 	Keypress: space
516.7678 	EXP 	unnamed TextStim: text = '←'
518.9189 	DATA 	Keypress: left
518.9209 	EXP 	unnamed TextStim: height = 25.0
518.9209 	EXP 	unnamed TextStim: height = 25.0
518.9209 	EXP 	unnamed TextStim: height = 25.0
518.9209 	EXP 	unnamed TextStim: text = '→'
520.8145 	DATA 	Keypress: left
520.8177 	EXP 	unnamed TextStim: height = 25.0
520.8177 	EXP 	unnamed TextStim: height = 25.0
520.8177 	EXP 	unnamed TextStim: height = 25.0
520.8177 	EXP 	unnamed TextStim: text = '↓'
522.7749 	DATA 	Keypress: right
522.7759 	EXP 	unnamed TextStim: text = '↓'
524.4791 	DATA 	Keypress: down
524.4810 	EXP 	unnamed TextStim: height = 25.0
524.4810 	EXP 	unnamed TextStim: height = 25.0
524.4810 	EXP 	unnamed TextStim: height = 25.0
524.4810 	EXP 	unnamed TextStim: text = '↑'
526.5230 	DATA 	Keypress: up
526.5249 	EXP 	unnamed TextStim: height = 25.0
526.5249 	EXP 	unnamed TextStim: height = 25.0
526.5249 	EXP 	unnamed TextStim: height = 25.0
526.5249 	EXP 	unnamed TextStim: text = '←'
528.5504 	DATA 	Keypress: left
528.6559 	EXP 	Created unnamed ImageStim = ImageStim(__class__=<class 'psychopy.visual.image.ImageStim'>, anchor=('center', 'center'), autoLog=True, color=array([1., 1., 1.]), colorSpace='rgb', contrast=1.0, depth=0, flipHoriz=False, flipVert=False, image='break.jpg', interpolate=True, mask=None, maskParams=None, name='unnamed ImageStim', opacity=1.0, ori=0.0, pos=array([0., 0.]), size=array([1536.,  864.]), texRes=128, units='pix', win=Window(...))
546.9079 	DATA 	Keypress: space
546.9187 	EXP 	unnamed TextStim: height = 25.0
546.9187 	EXP 	unnamed TextStim: height = 25.0
546.9187 	EXP 	unnamed TextStim: height = 25.0
546.9187 	EXP 	unnamed TextStim: text = '↓'
548.6668 	DATA 	Keypress: down
548.6678 	EXP 	unnamed TextStim: text = '↓'
550.3754 	DATA 	Keypress: down
550.3774 	EXP 	unnamed TextStim: height = 25.0
550.3774 	EXP 	unnamed TextStim: height = 25.0
550.3774 	EXP 	unnamed TextStim: height = 25.0
550.3774 	EXP 	unnamed TextStim: text = '←'
552.2655 	DATA 	Keypress: right
552.2665 	EXP 	unnamed TextStim: text = '←'
553.9835 	DATA 	Keypress: left
553.9854 	EXP 	unnamed TextStim: height = 25.0
553.9854 	EXP 	unnamed TextStim: height = 25.0
553.9854 	EXP 	unnamed TextStim: height = 25.0
553.9854 	EXP 	unnamed TextStim: text = '↓'
555.6909 	DATA 	Keypress: down
555.6929 	EXP 	unnamed TextStim: height = 25.0
555.6929 	EXP 	unnamed TextStim: height = 25.0
555.6929 	EXP 	unnamed TextStim: height = 25.0
555.6929 	EXP 	unnamed TextStim: text = '→'
557.5847 	DATA 	Keypress: down
557.6930 	EXP 	Created unnamed ImageStim = ImageStim(__class__=<class 'psychopy.visual.image.ImageStim'>, anchor=('center', 'center'), autoLog=True, color=array([1., 1., 1.]), colorSpace='rgb', contrast=1.0, depth=0, flipHoriz=False, flipVert=False, image='break.jpg', interpolate=True, mask=None, maskParams=None, name='unnamed ImageStim', opacity=1.0, ori=0.0, pos=array([0., 0.]), size=array([1536.,  864.]), texRes=128, units='pix', win=Window(...))
559.6828 	DATA 	Keypress: space
559.7007 	EXP 	Created unnamed TextStim = TextStim(__class__=<class 'psychopy.visual.text.TextStim'>, alignHoriz=method-wrapper(...), alignText='center', alignVert=method-wrapper(...), anchorHoriz='center', anchorVert='center', antialias=True, autoDraw=False, autoLog=True, bold=False, color=array([-1, -1, -1]), colorSpace='rgb', contrast=1.0, depth=0, flipHoriz=False, flipVert=False, font='', fontFiles=[], height=20.0, italic=False, languageStyle='LTR', name='unnamed TextStim', opacity=1.0, ori=0.0, pos=array([0., 0.]), rgb=UNKNOWN, text=str(...), units='pix', win=Window(...), wrapWidth=1536)
562.6068 	DATA 	Keypress: space
562.7286 	EXP 	window1: mouseVisible = True
