8.4538 	WARNING 	User requested fullscreen with size [1536  864], but screen is actually [1920, 1080]. Using actual size
9.9406 	INFO 	FRAME RATE: 60
9.9406 	INFO 	SCREEN RES: odict_values([1536, 864])
10.0018 	EXP 	Created unnamed TextStim = TextStim(__class__=<class 'psychopy.visual.text.TextStim'>, alignHoriz=method-wrapper(...), alignText='center', alignVert=method-wrapper(...), anchorHoriz='center', anchorVert='center', antialias=True, autoDraw=False, autoLog=True, bold=False, color=array([-1, -1, -1]), colorSpace='rgb', contrast=1.0, depth=0, flipHoriz=False, flipVert=False, font='', fontFiles=[], height=100.0, italic=False, languageStyle='LTR', name='unnamed TextStim', opacity=1.0, ori=0.0, pos=array([0., 0.]), rgb=UNKNOWN, text='+', units='pix', win=Window(...), wrapWidth=500)
10.0060 	EXP 	Created unnamed Circle = Circle(__class__=<class 'psychopy.visual.circle.Circle'>, anchor=('center', 'center'), autoDraw=False, autoLog=True, closeShape=True, color=method-wrapper(...), colorSpace='rgb', contrast=None, depth=0, fillColor=array([ 0.09019608, -1.        , -1.        ]), fillColorSpace='rgb', fillRGB=array([ 0.09019608, -1.        , -1.        ]), interpolate=True, lineColor=array([ 0.09019608, -1.        , -1.        ]), lineColorSpace='rgb', lineRGB=array([ 0.09019608, -1.        , -1.        ]), lineWidth=1.5, name='unnamed Circle', opacity=1.0, ori=0.0, pos=array([0., 0.]), size=array([1., 1.]), units='pix', vertices=ndarray(...), win=Window(...))
10.0070 	EXP 	Created unnamed TextStim = TextStim(__class__=<class 'psychopy.visual.text.TextStim'>, alignHoriz=method-wrapper(...), alignText='center', alignVert=method-wrapper(...), anchorHoriz='center', anchorVert='center', antialias=True, autoDraw=False, autoLog=True, bold=False, color=array([-0.17647059, -0.17647059, -0.17647059]), colorSpace='rgb', contrast=1.0, depth=0, flipHoriz=False, flipVert=False, font='', fontFiles=[], height=25, italic=False, languageStyle='LTR', name='unnamed TextStim', opacity=1.0, ori=0.0, pos=array([0., 0.]), rgb=UNKNOWN, text='', units='pix', win=Window(...), wrapWidth=500)
10.0159 	EXP 	Created unnamed ImageStim = ImageStim(__class__=<class 'psychopy.visual.image.ImageStim'>, anchor=('center', 'center'), autoLog=True, color=array([1., 1., 1.]), colorSpace='rgb', contrast=1.0, depth=0, flipHoriz=False, flipVert=False, image='mask4.png', interpolate=False, mask=None, maskParams=None, name='unnamed ImageStim', opacity=1.0, ori=0.0, pos=array([0., 0.]), size=array([25., 25.]), texRes=128, units='pix', win=Window(...))
10.0236 	EXP 	Created unnamed TextStim = TextStim(__class__=<class 'psychopy.visual.text.TextStim'>, alignHoriz=method-wrapper(...), alignText='center', alignVert=method-wrapper(...), anchorHoriz='center', anchorVert='center', antialias=True, autoDraw=False, autoLog=True, bold=False, color=array([-1, -1, -1]), colorSpace='rgb', contrast=1.0, depth=0, flipHoriz=False, flipVert=False, font='', fontFiles=[], height=30.0, italic=False, languageStyle='LTR', name='unnamed TextStim', opacity=1.0, ori=0.0, pos=array([ 100., -300.]), rgb=UNKNOWN, text=str(...), units='pix', win=Window(...), wrapWidth=10000)
10.0342 	EXP 	Created unnamed TextStim = TextStim(__class__=<class 'psychopy.visual.text.TextStim'>, alignHoriz=method-wrapper(...), alignText='center', alignVert=method-wrapper(...), anchorHoriz='center', anchorVert='center', antialias=True, autoDraw=False, autoLog=True, bold=False, color=array([-1, -1, -1]), colorSpace='rgb', contrast=1.0, depth=0, flipHoriz=False, flipVert=False, font='', fontFiles=[], height=30.0, italic=False, languageStyle='LTR', name='unnamed TextStim', opacity=1.0, ori=0.0, pos=array([ 100., -330.]), rgb=UNKNOWN, text=str(...), units='pix', win=Window(...), wrapWidth=10000)
10.0713 	EXP 	Created unnamed TextStim = TextStim(__class__=<class 'psychopy.visual.text.TextStim'>, alignHoriz=method-wrapper(...), alignText='center', alignVert=method-wrapper(...), anchorHoriz='center', anchorVert='center', antialias=True, autoDraw=False, autoLog=True, bold=False, color=array([-1, -1, -1]), colorSpace='rgb', contrast=1.0, depth=0, flipHoriz=False, flipVert=False, font='', fontFiles=[], height=20.0, italic=False, languageStyle='LTR', name='unnamed TextStim', opacity=1.0, ori=0.0, pos=array([0., 0.]), rgb=UNKNOWN, text=str(...), units='pix', win=Window(...), wrapWidth=1536)
51.4125 	DATA 	Keypress: space
51.4240 	EXP 	unnamed TextStim: height = 25.0
51.4240 	EXP 	unnamed TextStim: height = 25.0
51.4240 	EXP 	unnamed TextStim: height = 25.0
51.4240 	EXP 	unnamed TextStim: text = '←'
52.7581 	DATA 	Keypress: right
52.7709 	EXP 	Created unnamed TextStim = TextStim(__class__=<class 'psychopy.visual.text.TextStim'>, alignHoriz=method-wrapper(...), alignText='center', alignVert=method-wrapper(...), anchorHoriz='center', anchorVert='center', antialias=True, autoDraw=False, autoLog=True, bold=False, color=array([-1, -1, -1]), colorSpace='rgb', contrast=1.0, depth=0, flipHoriz=False, flipVert=False, font='', fontFiles=[], height=50.0, italic=False, languageStyle='LTR', name='unnamed TextStim', opacity=1.0, ori=0.0, pos=array([0., 0.]), rgb=UNKNOWN, text='Niepoprawnie', units='pix', win=Window(...), wrapWidth=500)
53.7909 	EXP 	unnamed TextStim: text = '←'
55.2080 	DATA 	Keypress: left
55.2160 	EXP 	Created unnamed TextStim = TextStim(__class__=<class 'psychopy.visual.text.TextStim'>, alignHoriz=method-wrapper(...), alignText='center', alignVert=method-wrapper(...), anchorHoriz='center', anchorVert='center', antialias=True, autoDraw=False, autoLog=True, bold=False, color=array([-1, -1, -1]), colorSpace='rgb', contrast=1.0, depth=0, flipHoriz=False, flipVert=False, font='', fontFiles=[], height=50.0, italic=False, languageStyle='LTR', name='unnamed TextStim', opacity=1.0, ori=0.0, pos=array([0., 0.]), rgb=UNKNOWN, text='Poprawnie', units='pix', win=Window(...), wrapWidth=500)
56.2410 	EXP 	unnamed TextStim: height = 25.0
56.2410 	EXP 	unnamed TextStim: height = 25.0
56.2410 	EXP 	unnamed TextStim: height = 25.0
56.2410 	EXP 	unnamed TextStim: text = '↓'
58.0067 	DATA 	Keypress: down
58.0091 	EXP 	Created unnamed TextStim = TextStim(__class__=<class 'psychopy.visual.text.TextStim'>, alignHoriz=method-wrapper(...), alignText='center', alignVert=method-wrapper(...), anchorHoriz='center', anchorVert='center', antialias=True, autoDraw=False, autoLog=True, bold=False, color=array([-1, -1, -1]), colorSpace='rgb', contrast=1.0, depth=0, flipHoriz=False, flipVert=False, font='', fontFiles=[], height=50.0, italic=False, languageStyle='LTR', name='unnamed TextStim', opacity=1.0, ori=0.0, pos=array([0., 0.]), rgb=UNKNOWN, text='Poprawnie', units='pix', win=Window(...), wrapWidth=500)
59.0244 	EXP 	unnamed TextStim: height = 25.0
59.0244 	EXP 	unnamed TextStim: height = 25.0
59.0244 	EXP 	unnamed TextStim: height = 25.0
59.0244 	EXP 	unnamed TextStim: text = '→'
60.4918 	DATA 	Keypress: right
61.9920 	DATA 	No keypress (maxWait exceeded)
61.9945 	EXP 	Created unnamed TextStim = TextStim(__class__=<class 'psychopy.visual.text.TextStim'>, alignHoriz=method-wrapper(...), alignText='center', alignVert=method-wrapper(...), anchorHoriz='center', anchorVert='center', antialias=True, autoDraw=False, autoLog=True, bold=False, color=array([-1, -1, -1]), colorSpace='rgb', contrast=1.0, depth=0, flipHoriz=False, flipVert=False, font='', fontFiles=[], height=50.0, italic=False, languageStyle='LTR', name='unnamed TextStim', opacity=1.0, ori=0.0, pos=array([0., 0.]), rgb=UNKNOWN, text='Niepoprawnie', units='pix', win=Window(...), wrapWidth=500)
63.0079 	EXP 	unnamed TextStim: height = 25.0
63.0079 	EXP 	unnamed TextStim: height = 25.0
63.0079 	EXP 	unnamed TextStim: height = 25.0
63.0079 	EXP 	unnamed TextStim: text = '←'
64.6637 	DATA 	Keypress: left
64.6671 	EXP 	Created unnamed TextStim = TextStim(__class__=<class 'psychopy.visual.text.TextStim'>, alignHoriz=method-wrapper(...), alignText='center', alignVert=method-wrapper(...), anchorHoriz='center', anchorVert='center', antialias=True, autoDraw=False, autoLog=True, bold=False, color=array([-1, -1, -1]), colorSpace='rgb', contrast=1.0, depth=0, flipHoriz=False, flipVert=False, font='', fontFiles=[], height=50.0, italic=False, languageStyle='LTR', name='unnamed TextStim', opacity=1.0, ori=0.0, pos=array([0., 0.]), rgb=UNKNOWN, text='Poprawnie', units='pix', win=Window(...), wrapWidth=500)
65.6757 	EXP 	unnamed TextStim: height = 25.0
65.6757 	EXP 	unnamed TextStim: height = 25.0
65.6757 	EXP 	unnamed TextStim: height = 25.0
65.6757 	EXP 	unnamed TextStim: text = '↑'
67.3546 	DATA 	Keypress: up
67.3567 	EXP 	Created unnamed TextStim = TextStim(__class__=<class 'psychopy.visual.text.TextStim'>, alignHoriz=method-wrapper(...), alignText='center', alignVert=method-wrapper(...), anchorHoriz='center', anchorVert='center', antialias=True, autoDraw=False, autoLog=True, bold=False, color=array([-1, -1, -1]), colorSpace='rgb', contrast=1.0, depth=0, flipHoriz=False, flipVert=False, font='', fontFiles=[], height=50.0, italic=False, languageStyle='LTR', name='unnamed TextStim', opacity=1.0, ori=0.0, pos=array([0., 0.]), rgb=UNKNOWN, text='Poprawnie', units='pix', win=Window(...), wrapWidth=500)
68.3748 	EXP 	unnamed TextStim: height = 25.0
68.3748 	EXP 	unnamed TextStim: height = 25.0
68.3748 	EXP 	unnamed TextStim: height = 25.0
68.3748 	EXP 	unnamed TextStim: text = '↓'
69.8975 	DATA 	Keypress: down
69.9002 	EXP 	Created unnamed TextStim = TextStim(__class__=<class 'psychopy.visual.text.TextStim'>, alignHoriz=method-wrapper(...), alignText='center', alignVert=method-wrapper(...), anchorHoriz='center', anchorVert='center', antialias=True, autoDraw=False, autoLog=True, bold=False, color=array([-1, -1, -1]), colorSpace='rgb', contrast=1.0, depth=0, flipHoriz=False, flipVert=False, font='', fontFiles=[], height=50.0, italic=False, languageStyle='LTR', name='unnamed TextStim', opacity=1.0, ori=0.0, pos=array([0., 0.]), rgb=UNKNOWN, text='Poprawnie', units='pix', win=Window(...), wrapWidth=500)
70.9081 	EXP 	unnamed TextStim: text = '↓'
72.3256 	DATA 	Keypress: down
72.3311 	EXP 	Created unnamed TextStim = TextStim(__class__=<class 'psychopy.visual.text.TextStim'>, alignHoriz=method-wrapper(...), alignText='center', alignVert=method-wrapper(...), anchorHoriz='center', anchorVert='center', antialias=True, autoDraw=False, autoLog=True, bold=False, color=array([-1, -1, -1]), colorSpace='rgb', contrast=1.0, depth=0, flipHoriz=False, flipVert=False, font='', fontFiles=[], height=50.0, italic=False, languageStyle='LTR', name='unnamed TextStim', opacity=1.0, ori=0.0, pos=array([0., 0.]), rgb=UNKNOWN, text='Poprawnie', units='pix', win=Window(...), wrapWidth=500)
73.3583 	EXP 	unnamed TextStim: text = '↓'
74.6589 	DATA 	Keypress: down
74.6638 	EXP 	Created unnamed TextStim = TextStim(__class__=<class 'psychopy.visual.text.TextStim'>, alignHoriz=method-wrapper(...), alignText='center', alignVert=method-wrapper(...), anchorHoriz='center', anchorVert='center', antialias=True, autoDraw=False, autoLog=True, bold=False, color=array([-1, -1, -1]), colorSpace='rgb', contrast=1.0, depth=0, flipHoriz=False, flipVert=False, font='', fontFiles=[], height=50.0, italic=False, languageStyle='LTR', name='unnamed TextStim', opacity=1.0, ori=0.0, pos=array([0., 0.]), rgb=UNKNOWN, text='Poprawnie', units='pix', win=Window(...), wrapWidth=500)
75.6917 	EXP 	unnamed TextStim: height = 25.0
75.6917 	EXP 	unnamed TextStim: height = 25.0
75.6917 	EXP 	unnamed TextStim: height = 25.0
75.6917 	EXP 	unnamed TextStim: text = '→'
77.1440 	DATA 	Keypress: right
78.6588 	DATA 	No keypress (maxWait exceeded)
78.6608 	EXP 	Created unnamed TextStim = TextStim(__class__=<class 'psychopy.visual.text.TextStim'>, alignHoriz=method-wrapper(...), alignText='center', alignVert=method-wrapper(...), anchorHoriz='center', anchorVert='center', antialias=True, autoDraw=False, autoLog=True, bold=False, color=array([-1, -1, -1]), colorSpace='rgb', contrast=1.0, depth=0, flipHoriz=False, flipVert=False, font='', fontFiles=[], height=50.0, italic=False, languageStyle='LTR', name='unnamed TextStim', opacity=1.0, ori=0.0, pos=array([0., 0.]), rgb=UNKNOWN, text='Niepoprawnie', units='pix', win=Window(...), wrapWidth=500)
79.6752 	EXP 	unnamed TextStim: text = '→'
81.3011 	DATA 	Keypress: right
81.3033 	EXP 	Created unnamed TextStim = TextStim(__class__=<class 'psychopy.visual.text.TextStim'>, alignHoriz=method-wrapper(...), alignText='center', alignVert=method-wrapper(...), anchorHoriz='center', anchorVert='center', antialias=True, autoDraw=False, autoLog=True, bold=False, color=array([-1, -1, -1]), colorSpace='rgb', contrast=1.0, depth=0, flipHoriz=False, flipVert=False, font='', fontFiles=[], height=50.0, italic=False, languageStyle='LTR', name='unnamed TextStim', opacity=1.0, ori=0.0, pos=array([0., 0.]), rgb=UNKNOWN, text='Poprawnie', units='pix', win=Window(...), wrapWidth=500)
82.1043 	DATA 	Keypress: right
82.3087 	EXP 	unnamed TextStim: height = 25.0
82.3087 	EXP 	unnamed TextStim: height = 25.0
82.3087 	EXP 	unnamed TextStim: height = 25.0
82.3087 	EXP 	unnamed TextStim: text = '↑'
84.1885 	DATA 	Keypress: up
84.1904 	EXP 	Created unnamed TextStim = TextStim(__class__=<class 'psychopy.visual.text.TextStim'>, alignHoriz=method-wrapper(...), alignText='center', alignVert=method-wrapper(...), anchorHoriz='center', anchorVert='center', antialias=True, autoDraw=False, autoLog=True, bold=False, color=array([-1, -1, -1]), colorSpace='rgb', contrast=1.0, depth=0, flipHoriz=False, flipVert=False, font='', fontFiles=[], height=50.0, italic=False, languageStyle='LTR', name='unnamed TextStim', opacity=1.0, ori=0.0, pos=array([0., 0.]), rgb=UNKNOWN, text='Poprawnie', units='pix', win=Window(...), wrapWidth=500)
85.2087 	EXP 	unnamed TextStim: height = 25.0
85.2087 	EXP 	unnamed TextStim: height = 25.0
85.2087 	EXP 	unnamed TextStim: height = 25.0
85.2087 	EXP 	unnamed TextStim: text = '↓'
86.9160 	DATA 	Keypress: down
86.9184 	EXP 	Created unnamed TextStim = TextStim(__class__=<class 'psychopy.visual.text.TextStim'>, alignHoriz=method-wrapper(...), alignText='center', alignVert=method-wrapper(...), anchorHoriz='center', anchorVert='center', antialias=True, autoDraw=False, autoLog=True, bold=False, color=array([-1, -1, -1]), colorSpace='rgb', contrast=1.0, depth=0, flipHoriz=False, flipVert=False, font='', fontFiles=[], height=50.0, italic=False, languageStyle='LTR', name='unnamed TextStim', opacity=1.0, ori=0.0, pos=array([0., 0.]), rgb=UNKNOWN, text='Poprawnie', units='pix', win=Window(...), wrapWidth=500)
87.9321 	EXP 	unnamed TextStim: text = '↓'
89.2097 	DATA 	Keypress: down
89.2152 	EXP 	Created unnamed TextStim = TextStim(__class__=<class 'psychopy.visual.text.TextStim'>, alignHoriz=method-wrapper(...), alignText='center', alignVert=method-wrapper(...), anchorHoriz='center', anchorVert='center', antialias=True, autoDraw=False, autoLog=True, bold=False, color=array([-1, -1, -1]), colorSpace='rgb', contrast=1.0, depth=0, flipHoriz=False, flipVert=False, font='', fontFiles=[], height=50.0, italic=False, languageStyle='LTR', name='unnamed TextStim', opacity=1.0, ori=0.0, pos=array([0., 0.]), rgb=UNKNOWN, text='Poprawnie', units='pix', win=Window(...), wrapWidth=500)
90.2422 	EXP 	unnamed TextStim: text = '↓'
91.6597 	DATA 	Keypress: down
91.6650 	EXP 	Created unnamed TextStim = TextStim(__class__=<class 'psychopy.visual.text.TextStim'>, alignHoriz=method-wrapper(...), alignText='center', alignVert=method-wrapper(...), anchorHoriz='center', anchorVert='center', antialias=True, autoDraw=False, autoLog=True, bold=False, color=array([-1, -1, -1]), colorSpace='rgb', contrast=1.0, depth=0, flipHoriz=False, flipVert=False, font='', fontFiles=[], height=50.0, italic=False, languageStyle='LTR', name='unnamed TextStim', opacity=1.0, ori=0.0, pos=array([0., 0.]), rgb=UNKNOWN, text='Poprawnie', units='pix', win=Window(...), wrapWidth=500)
92.7064 	EXP 	Created unnamed TextStim = TextStim(__class__=<class 'psychopy.visual.text.TextStim'>, alignHoriz=method-wrapper(...), alignText='center', alignVert=method-wrapper(...), anchorHoriz='center', anchorVert='center', antialias=True, autoDraw=False, autoLog=True, bold=False, color=array([-1, -1, -1]), colorSpace='rgb', contrast=1.0, depth=0, flipHoriz=False, flipVert=False, font='', fontFiles=[], height=20.0, italic=False, languageStyle='LTR', name='unnamed TextStim', opacity=1.0, ori=0.0, pos=array([0., 0.]), rgb=UNKNOWN, text=str(...), units='pix', win=Window(...), wrapWidth=1536)
106.2783 	DATA 	Keypress: space
106.2929 	EXP 	unnamed TextStim: text = '↓'
107.6140 	DATA 	Keypress: right
107.6204 	EXP 	Created unnamed TextStim = TextStim(__class__=<class 'psychopy.visual.text.TextStim'>, alignHoriz=method-wrapper(...), alignText='center', alignVert=method-wrapper(...), anchorHoriz='center', anchorVert='center', antialias=True, autoDraw=False, autoLog=True, bold=False, color=array([-1, -1, -1]), colorSpace='rgb', contrast=1.0, depth=0, flipHoriz=False, flipVert=False, font='', fontFiles=[], height=50.0, italic=False, languageStyle='LTR', name='unnamed TextStim', opacity=1.0, ori=0.0, pos=array([0., 0.]), rgb=UNKNOWN, text='Niepoprawnie', units='pix', win=Window(...), wrapWidth=500)
108.4221 	DATA 	Keypress: down
108.6260 	EXP 	unnamed TextStim: height = 25.0
108.6260 	EXP 	unnamed TextStim: height = 25.0
108.6260 	EXP 	unnamed TextStim: height = 25.0
108.6260 	EXP 	unnamed TextStim: text = '↑'
110.0767 	DATA 	Keypress: up
110.0802 	EXP 	Created unnamed TextStim = TextStim(__class__=<class 'psychopy.visual.text.TextStim'>, alignHoriz=method-wrapper(...), alignText='center', alignVert=method-wrapper(...), anchorHoriz='center', anchorVert='center', antialias=True, autoDraw=False, autoLog=True, bold=False, color=array([-1, -1, -1]), colorSpace='rgb', contrast=1.0, depth=0, flipHoriz=False, flipVert=False, font='', fontFiles=[], height=50.0, italic=False, languageStyle='LTR', name='unnamed TextStim', opacity=1.0, ori=0.0, pos=array([0., 0.]), rgb=UNKNOWN, text='Poprawnie', units='pix', win=Window(...), wrapWidth=500)
111.0930 	EXP 	unnamed TextStim: text = '↑'
112.4445 	DATA 	Keypress: up
112.4470 	EXP 	Created unnamed TextStim = TextStim(__class__=<class 'psychopy.visual.text.TextStim'>, alignHoriz=method-wrapper(...), alignText='center', alignVert=method-wrapper(...), anchorHoriz='center', anchorVert='center', antialias=True, autoDraw=False, autoLog=True, bold=False, color=array([-1, -1, -1]), colorSpace='rgb', contrast=1.0, depth=0, flipHoriz=False, flipVert=False, font='', fontFiles=[], height=50.0, italic=False, languageStyle='LTR', name='unnamed TextStim', opacity=1.0, ori=0.0, pos=array([0., 0.]), rgb=UNKNOWN, text='Poprawnie', units='pix', win=Window(...), wrapWidth=500)
113.4599 	EXP 	unnamed TextStim: text = '↑'
114.8758 	DATA 	Keypress: up
114.8778 	EXP 	Created unnamed TextStim = TextStim(__class__=<class 'psychopy.visual.text.TextStim'>, alignHoriz=method-wrapper(...), alignText='center', alignVert=method-wrapper(...), anchorHoriz='center', anchorVert='center', antialias=True, autoDraw=False, autoLog=True, bold=False, color=array([-1, -1, -1]), colorSpace='rgb', contrast=1.0, depth=0, flipHoriz=False, flipVert=False, font='', fontFiles=[], height=50.0, italic=False, languageStyle='LTR', name='unnamed TextStim', opacity=1.0, ori=0.0, pos=array([0., 0.]), rgb=UNKNOWN, text='Poprawnie', units='pix', win=Window(...), wrapWidth=500)
115.8932 	EXP 	unnamed TextStim: height = 25.0
115.8932 	EXP 	unnamed TextStim: height = 25.0
115.8932 	EXP 	unnamed TextStim: height = 25.0
115.8932 	EXP 	unnamed TextStim: text = '←'
117.5823 	DATA 	Keypress: left
117.5844 	EXP 	Created unnamed TextStim = TextStim(__class__=<class 'psychopy.visual.text.TextStim'>, alignHoriz=method-wrapper(...), alignText='center', alignVert=method-wrapper(...), anchorHoriz='center', anchorVert='center', antialias=True, autoDraw=False, autoLog=True, bold=False, color=array([-1, -1, -1]), colorSpace='rgb', contrast=1.0, depth=0, flipHoriz=False, flipVert=False, font='', fontFiles=[], height=50.0, italic=False, languageStyle='LTR', name='unnamed TextStim', opacity=1.0, ori=0.0, pos=array([0., 0.]), rgb=UNKNOWN, text='Poprawnie', units='pix', win=Window(...), wrapWidth=500)
118.5933 	EXP 	unnamed TextStim: height = 25.0
118.5933 	EXP 	unnamed TextStim: height = 25.0
118.5933 	EXP 	unnamed TextStim: height = 25.0
118.5933 	EXP 	unnamed TextStim: text = '↓'
120.0091 	DATA 	Keypress: down
120.0118 	EXP 	Created unnamed TextStim = TextStim(__class__=<class 'psychopy.visual.text.TextStim'>, alignHoriz=method-wrapper(...), alignText='center', alignVert=method-wrapper(...), anchorHoriz='center', anchorVert='center', antialias=True, autoDraw=False, autoLog=True, bold=False, color=array([-1, -1, -1]), colorSpace='rgb', contrast=1.0, depth=0, flipHoriz=False, flipVert=False, font='', fontFiles=[], height=50.0, italic=False, languageStyle='LTR', name='unnamed TextStim', opacity=1.0, ori=0.0, pos=array([0., 0.]), rgb=UNKNOWN, text='Poprawnie', units='pix', win=Window(...), wrapWidth=500)
121.0268 	EXP 	unnamed TextStim: height = 25.0
121.0268 	EXP 	unnamed TextStim: height = 25.0
121.0268 	EXP 	unnamed TextStim: height = 25.0
121.0268 	EXP 	unnamed TextStim: text = '←'
122.4935 	DATA 	Keypress: right
122.4960 	EXP 	Created unnamed TextStim = TextStim(__class__=<class 'psychopy.visual.text.TextStim'>, alignHoriz=method-wrapper(...), alignText='center', alignVert=method-wrapper(...), anchorHoriz='center', anchorVert='center', antialias=True, autoDraw=False, autoLog=True, bold=False, color=array([-1, -1, -1]), colorSpace='rgb', contrast=1.0, depth=0, flipHoriz=False, flipVert=False, font='', fontFiles=[], height=50.0, italic=False, languageStyle='LTR', name='unnamed TextStim', opacity=1.0, ori=0.0, pos=array([0., 0.]), rgb=UNKNOWN, text='Niepoprawnie', units='pix', win=Window(...), wrapWidth=500)
123.5102 	EXP 	unnamed TextStim: height = 25.0
123.5102 	EXP 	unnamed TextStim: height = 25.0
123.5102 	EXP 	unnamed TextStim: height = 25.0
123.5102 	EXP 	unnamed TextStim: text = '→'
124.9385 	DATA 	Keypress: right
124.9411 	EXP 	Created unnamed TextStim = TextStim(__class__=<class 'psychopy.visual.text.TextStim'>, alignHoriz=method-wrapper(...), alignText='center', alignVert=method-wrapper(...), anchorHoriz='center', anchorVert='center', antialias=True, autoDraw=False, autoLog=True, bold=False, color=array([-1, -1, -1]), colorSpace='rgb', contrast=1.0, depth=0, flipHoriz=False, flipVert=False, font='', fontFiles=[], height=50.0, italic=False, languageStyle='LTR', name='unnamed TextStim', opacity=1.0, ori=0.0, pos=array([0., 0.]), rgb=UNKNOWN, text='Poprawnie', units='pix', win=Window(...), wrapWidth=500)
125.9603 	EXP 	unnamed TextStim: height = 25.0
125.9603 	EXP 	unnamed TextStim: height = 25.0
125.9603 	EXP 	unnamed TextStim: height = 25.0
125.9603 	EXP 	unnamed TextStim: text = '↑'
127.2642 	DATA 	Keypress: up
127.2661 	EXP 	Created unnamed TextStim = TextStim(__class__=<class 'psychopy.visual.text.TextStim'>, alignHoriz=method-wrapper(...), alignText='center', alignVert=method-wrapper(...), anchorHoriz='center', anchorVert='center', antialias=True, autoDraw=False, autoLog=True, bold=False, color=array([-1, -1, -1]), colorSpace='rgb', contrast=1.0, depth=0, flipHoriz=False, flipVert=False, font='', fontFiles=[], height=50.0, italic=False, languageStyle='LTR', name='unnamed TextStim', opacity=1.0, ori=0.0, pos=array([0., 0.]), rgb=UNKNOWN, text='Poprawnie', units='pix', win=Window(...), wrapWidth=500)
128.2770 	EXP 	unnamed TextStim: height = 25.0
128.2770 	EXP 	unnamed TextStim: height = 25.0
128.2770 	EXP 	unnamed TextStim: height = 25.0
128.2770 	EXP 	unnamed TextStim: text = '←'
129.7059 	DATA 	Keypress: left
129.7080 	EXP 	Created unnamed TextStim = TextStim(__class__=<class 'psychopy.visual.text.TextStim'>, alignHoriz=method-wrapper(...), alignText='center', alignVert=method-wrapper(...), anchorHoriz='center', anchorVert='center', antialias=True, autoDraw=False, autoLog=True, bold=False, color=array([-1, -1, -1]), colorSpace='rgb', contrast=1.0, depth=0, flipHoriz=False, flipVert=False, font='', fontFiles=[], height=50.0, italic=False, languageStyle='LTR', name='unnamed TextStim', opacity=1.0, ori=0.0, pos=array([0., 0.]), rgb=UNKNOWN, text='Poprawnie', units='pix', win=Window(...), wrapWidth=500)
130.7350 	EXP 	Created unnamed TextStim = TextStim(__class__=<class 'psychopy.visual.text.TextStim'>, alignHoriz=method-wrapper(...), alignText='center', alignVert=method-wrapper(...), anchorHoriz='center', anchorVert='center', antialias=True, autoDraw=False, autoLog=True, bold=False, color=array([-1, -1, -1]), colorSpace='rgb', contrast=1.0, depth=0, flipHoriz=False, flipVert=False, font='', fontFiles=[], height=20.0, italic=False, languageStyle='LTR', name='unnamed TextStim', opacity=1.0, ori=0.0, pos=array([0., 0.]), rgb=UNKNOWN, text=str(...), units='pix', win=Window(...), wrapWidth=1536)
141.6411 	DATA 	Keypress: space
141.6457 	EXP 	unnamed TextStim: height = 25.0
141.6457 	EXP 	unnamed TextStim: height = 25.0
141.6457 	EXP 	unnamed TextStim: height = 25.0
141.6457 	EXP 	unnamed TextStim: text = '→'
143.1898 	DATA 	Keypress: right
143.1924 	EXP 	unnamed TextStim: height = 25.0
143.1924 	EXP 	unnamed TextStim: height = 25.0
143.1924 	EXP 	unnamed TextStim: height = 25.0
143.1924 	EXP 	unnamed TextStim: text = '←'
144.5781 	DATA 	Keypress: left
144.5806 	EXP 	unnamed TextStim: height = 25.0
144.5806 	EXP 	unnamed TextStim: height = 25.0
144.5806 	EXP 	unnamed TextStim: height = 25.0
144.5806 	EXP 	unnamed TextStim: text = '↓'
145.9838 	DATA 	Keypress: down
145.9859 	EXP 	unnamed TextStim: height = 25.0
145.9859 	EXP 	unnamed TextStim: height = 25.0
145.9859 	EXP 	unnamed TextStim: height = 25.0
145.9859 	EXP 	unnamed TextStim: text = '←'
147.3837 	DATA 	Keypress: right
147.3849 	EXP 	unnamed TextStim: text = '←'
148.8093 	DATA 	Keypress: left
148.8116 	EXP 	unnamed TextStim: height = 25.0
148.8116 	EXP 	unnamed TextStim: height = 25.0
148.8116 	EXP 	unnamed TextStim: height = 25.0
148.8116 	EXP 	unnamed TextStim: text = '→'
150.2695 	DATA 	Keypress: right
150.4271 	EXP 	Created unnamed ImageStim = ImageStim(__class__=<class 'psychopy.visual.image.ImageStim'>, anchor=('center', 'center'), autoLog=True, color=array([1., 1., 1.]), colorSpace='rgb', contrast=1.0, depth=0, flipHoriz=False, flipVert=False, image='break.jpg', interpolate=True, mask=None, maskParams=None, name='unnamed ImageStim', opacity=1.0, ori=0.0, pos=array([0., 0.]), size=array([1536.,  864.]), texRes=128, units='pix', win=Window(...))
153.4623 	DATA 	Keypress: space
153.4777 	EXP 	unnamed TextStim: height = 25.0
153.4777 	EXP 	unnamed TextStim: height = 25.0
153.4777 	EXP 	unnamed TextStim: height = 25.0
153.4777 	EXP 	unnamed TextStim: text = '←'
154.9770 	DATA 	Keypress: right
154.9783 	EXP 	unnamed TextStim: text = '←'
156.5397 	DATA 	Keypress: right
156.5439 	EXP 	unnamed TextStim: height = 25.0
156.5439 	EXP 	unnamed TextStim: height = 25.0
156.5439 	EXP 	unnamed TextStim: height = 25.0
156.5439 	EXP 	unnamed TextStim: text = '↓'
158.1808 	DATA 	Keypress: right
158.1819 	EXP 	unnamed TextStim: text = '↓'
159.7702 	DATA 	Keypress: down
159.7723 	EXP 	unnamed TextStim: height = 25.0
159.7723 	EXP 	unnamed TextStim: height = 25.0
159.7723 	EXP 	unnamed TextStim: height = 25.0
159.7723 	EXP 	unnamed TextStim: text = '←'
161.1635 	DATA 	Keypress: left
161.1647 	EXP 	unnamed TextStim: text = '←'
162.5599 	DATA 	Keypress: left
162.6707 	EXP 	Created unnamed ImageStim = ImageStim(__class__=<class 'psychopy.visual.image.ImageStim'>, anchor=('center', 'center'), autoLog=True, color=array([1., 1., 1.]), colorSpace='rgb', contrast=1.0, depth=0, flipHoriz=False, flipVert=False, image='break.jpg', interpolate=True, mask=None, maskParams=None, name='unnamed ImageStim', opacity=1.0, ori=0.0, pos=array([0., 0.]), size=array([1536.,  864.]), texRes=128, units='pix', win=Window(...))
163.8207 	DATA 	Keypress: space
163.8284 	EXP 	unnamed TextStim: height = 25.0
163.8284 	EXP 	unnamed TextStim: height = 25.0
163.8284 	EXP 	unnamed TextStim: height = 25.0
163.8284 	EXP 	unnamed TextStim: text = '↓'
165.5274 	DATA 	Keypress: right
165.5300 	EXP 	unnamed TextStim: height = 25.0
165.5300 	EXP 	unnamed TextStim: height = 25.0
165.5300 	EXP 	unnamed TextStim: height = 25.0
165.5300 	EXP 	unnamed TextStim: text = '↑'
167.2778 	DATA 	Keypress: up
167.2801 	EXP 	unnamed TextStim: height = 25.0
167.2801 	EXP 	unnamed TextStim: height = 25.0
167.2801 	EXP 	unnamed TextStim: height = 25.0
167.2801 	EXP 	unnamed TextStim: text = '↓'
168.7999 	DATA 	Keypress: down
168.8022 	EXP 	unnamed TextStim: height = 25.0
168.8022 	EXP 	unnamed TextStim: height = 25.0
168.8022 	EXP 	unnamed TextStim: height = 25.0
168.8022 	EXP 	unnamed TextStim: text = '→'
170.1473 	DATA 	Keypress: right
170.1493 	EXP 	unnamed TextStim: height = 25.0
170.1493 	EXP 	unnamed TextStim: height = 25.0
170.1493 	EXP 	unnamed TextStim: height = 25.0
170.1493 	EXP 	unnamed TextStim: text = '↓'
171.9761 	DATA 	Keypress: left
171.9782 	EXP 	unnamed TextStim: height = 25.0
171.9782 	EXP 	unnamed TextStim: height = 25.0
171.9782 	EXP 	unnamed TextStim: height = 25.0
171.9782 	EXP 	unnamed TextStim: text = '↑'
173.4042 	DATA 	Keypress: up
173.5343 	EXP 	Created unnamed ImageStim = ImageStim(__class__=<class 'psychopy.visual.image.ImageStim'>, anchor=('center', 'center'), autoLog=True, color=array([1., 1., 1.]), colorSpace='rgb', contrast=1.0, depth=0, flipHoriz=False, flipVert=False, image='break.jpg', interpolate=True, mask=None, maskParams=None, name='unnamed ImageStim', opacity=1.0, ori=0.0, pos=array([0., 0.]), size=array([1536.,  864.]), texRes=128, units='pix', win=Window(...))
175.9728 	DATA 	Keypress: space
175.9785 	EXP 	unnamed TextStim: text = '↑'
177.4526 	DATA 	Keypress: up
177.4538 	EXP 	unnamed TextStim: text = '↑'
178.9428 	DATA 	Keypress: up
178.9496 	EXP 	unnamed TextStim: height = 25.0
178.9496 	EXP 	unnamed TextStim: height = 25.0
178.9496 	EXP 	unnamed TextStim: height = 25.0
178.9496 	EXP 	unnamed TextStim: text = '←'
180.2739 	DATA 	Keypress: left
180.2760 	EXP 	unnamed TextStim: height = 25.0
180.2760 	EXP 	unnamed TextStim: height = 25.0
180.2760 	EXP 	unnamed TextStim: height = 25.0
180.2760 	EXP 	unnamed TextStim: text = '↓'
181.8457 	DATA 	Keypress: left
181.8479 	EXP 	unnamed TextStim: height = 25.0
181.8479 	EXP 	unnamed TextStim: height = 25.0
181.8479 	EXP 	unnamed TextStim: height = 25.0
181.8479 	EXP 	unnamed TextStim: text = '→'
183.4707 	DATA 	Keypress: left
183.4729 	EXP 	unnamed TextStim: height = 25.0
183.4729 	EXP 	unnamed TextStim: height = 25.0
183.4729 	EXP 	unnamed TextStim: height = 25.0
183.4729 	EXP 	unnamed TextStim: text = '↓'
185.0299 	DATA 	Keypress: down
185.1417 	EXP 	Created unnamed ImageStim = ImageStim(__class__=<class 'psychopy.visual.image.ImageStim'>, anchor=('center', 'center'), autoLog=True, color=array([1., 1., 1.]), colorSpace='rgb', contrast=1.0, depth=0, flipHoriz=False, flipVert=False, image='break.jpg', interpolate=True, mask=None, maskParams=None, name='unnamed ImageStim', opacity=1.0, ori=0.0, pos=array([0., 0.]), size=array([1536.,  864.]), texRes=128, units='pix', win=Window(...))
185.8557 	DATA 	Keypress: space
185.8662 	EXP 	unnamed TextStim: height = 25.0
185.8662 	EXP 	unnamed TextStim: height = 25.0
185.8662 	EXP 	unnamed TextStim: height = 25.0
185.8662 	EXP 	unnamed TextStim: text = '←'
187.2299 	DATA 	Keypress: left
187.2321 	EXP 	unnamed TextStim: height = 25.0
187.2321 	EXP 	unnamed TextStim: height = 25.0
187.2321 	EXP 	unnamed TextStim: height = 25.0
187.2321 	EXP 	unnamed TextStim: text = '↑'
188.8825 	DATA 	Keypress: left
188.8845 	EXP 	unnamed TextStim: height = 25.0
188.8845 	EXP 	unnamed TextStim: height = 25.0
188.8845 	EXP 	unnamed TextStim: height = 25.0
188.8845 	EXP 	unnamed TextStim: text = '←'
190.7268 	DATA 	Keypress: left
190.7290 	EXP 	unnamed TextStim: height = 25.0
190.7290 	EXP 	unnamed TextStim: height = 25.0
190.7290 	EXP 	unnamed TextStim: height = 25.0
190.7290 	EXP 	unnamed TextStim: text = '↑'
192.0481 	DATA 	Keypress: up
192.0503 	EXP 	unnamed TextStim: height = 25.0
192.0503 	EXP 	unnamed TextStim: height = 25.0
192.0503 	EXP 	unnamed TextStim: height = 25.0
192.0503 	EXP 	unnamed TextStim: text = '←'
193.4645 	DATA 	Keypress: right
193.4657 	EXP 	unnamed TextStim: text = '←'
194.6814 	DATA 	Keypress: left
196.1965 	DATA 	No keypress (maxWait exceeded)
196.3367 	EXP 	Created unnamed ImageStim = ImageStim(__class__=<class 'psychopy.visual.image.ImageStim'>, anchor=('center', 'center'), autoLog=True, color=array([1., 1., 1.]), colorSpace='rgb', contrast=1.0, depth=0, flipHoriz=False, flipVert=False, image='break.jpg', interpolate=True, mask=None, maskParams=None, name='unnamed ImageStim', opacity=1.0, ori=0.0, pos=array([0., 0.]), size=array([1536.,  864.]), texRes=128, units='pix', win=Window(...))
196.4301 	DATA 	Keypress: left
197.6327 	DATA 	Keypress: space
197.6461 	EXP 	unnamed TextStim: height = 25.0
197.6461 	EXP 	unnamed TextStim: height = 25.0
197.6461 	EXP 	unnamed TextStim: height = 25.0
197.6461 	EXP 	unnamed TextStim: text = '↓'
199.1682 	DATA 	Keypress: down
199.1709 	EXP 	unnamed TextStim: height = 25.0
199.1709 	EXP 	unnamed TextStim: height = 25.0
199.1709 	EXP 	unnamed TextStim: height = 25.0
199.1709 	EXP 	unnamed TextStim: text = '↑'
200.4922 	DATA 	Keypress: up
200.4944 	EXP 	unnamed TextStim: height = 25.0
200.4944 	EXP 	unnamed TextStim: height = 25.0
200.4944 	EXP 	unnamed TextStim: height = 25.0
200.4944 	EXP 	unnamed TextStim: text = '←'
201.8225 	DATA 	Keypress: left
201.8246 	EXP 	unnamed TextStim: height = 25.0
201.8246 	EXP 	unnamed TextStim: height = 25.0
201.8246 	EXP 	unnamed TextStim: height = 25.0
201.8246 	EXP 	unnamed TextStim: text = '↓'
203.1861 	DATA 	Keypress: down
203.1883 	EXP 	unnamed TextStim: height = 25.0
203.1883 	EXP 	unnamed TextStim: height = 25.0
203.1883 	EXP 	unnamed TextStim: height = 25.0
203.1883 	EXP 	unnamed TextStim: text = '↑'
204.7461 	DATA 	Keypress: down
204.7483 	EXP 	unnamed TextStim: height = 25.0
204.7483 	EXP 	unnamed TextStim: height = 25.0
204.7483 	EXP 	unnamed TextStim: height = 25.0
204.7483 	EXP 	unnamed TextStim: text = '↓'
206.1078 	DATA 	Keypress: down
206.2234 	EXP 	Created unnamed ImageStim = ImageStim(__class__=<class 'psychopy.visual.image.ImageStim'>, anchor=('center', 'center'), autoLog=True, color=array([1., 1., 1.]), colorSpace='rgb', contrast=1.0, depth=0, flipHoriz=False, flipVert=False, image='break.jpg', interpolate=True, mask=None, maskParams=None, name='unnamed ImageStim', opacity=1.0, ori=0.0, pos=array([0., 0.]), size=array([1536.,  864.]), texRes=128, units='pix', win=Window(...))
208.6092 	DATA 	Keypress: space
208.6132 	EXP 	unnamed TextStim: height = 25.0
208.6132 	EXP 	unnamed TextStim: height = 25.0
208.6132 	EXP 	unnamed TextStim: height = 25.0
208.6132 	EXP 	unnamed TextStim: text = '→'
210.0290 	DATA 	Keypress: right
210.0312 	EXP 	unnamed TextStim: height = 25.0
210.0312 	EXP 	unnamed TextStim: height = 25.0
210.0312 	EXP 	unnamed TextStim: height = 25.0
210.0312 	EXP 	unnamed TextStim: text = '↓'
211.3654 	DATA 	Keypress: down
211.3667 	EXP 	unnamed TextStim: text = '↓'
212.7655 	DATA 	Keypress: down
212.7696 	EXP 	unnamed TextStim: height = 25.0
212.7696 	EXP 	unnamed TextStim: height = 25.0
212.7696 	EXP 	unnamed TextStim: height = 25.0
212.7696 	EXP 	unnamed TextStim: text = '→'
213.9974 	DATA 	Keypress: right
214.0137 	EXP 	unnamed TextStim: height = 25.0
214.0137 	EXP 	unnamed TextStim: height = 25.0
214.0137 	EXP 	unnamed TextStim: height = 25.0
214.0137 	EXP 	unnamed TextStim: text = '↑'
215.2779 	DATA 	Keypress: up
215.2803 	EXP 	unnamed TextStim: height = 25.0
215.2803 	EXP 	unnamed TextStim: height = 25.0
215.2803 	EXP 	unnamed TextStim: height = 25.0
215.2803 	EXP 	unnamed TextStim: text = '→'
216.7016 	DATA 	Keypress: right
216.8115 	EXP 	Created unnamed ImageStim = ImageStim(__class__=<class 'psychopy.visual.image.ImageStim'>, anchor=('center', 'center'), autoLog=True, color=array([1., 1., 1.]), colorSpace='rgb', contrast=1.0, depth=0, flipHoriz=False, flipVert=False, image='break.jpg', interpolate=True, mask=None, maskParams=None, name='unnamed ImageStim', opacity=1.0, ori=0.0, pos=array([0., 0.]), size=array([1536.,  864.]), texRes=128, units='pix', win=Window(...))
219.8309 	DATA 	Keypress: space
219.8472 	EXP 	unnamed TextStim: text = '→'
221.2078 	DATA 	Keypress: right
221.2099 	EXP 	unnamed TextStim: height = 25.0
221.2099 	EXP 	unnamed TextStim: height = 25.0
221.2099 	EXP 	unnamed TextStim: height = 25.0
221.2099 	EXP 	unnamed TextStim: text = '↓'
222.4872 	DATA 	Keypress: down
222.4894 	EXP 	unnamed TextStim: height = 25.0
222.4894 	EXP 	unnamed TextStim: height = 25.0
222.4894 	EXP 	unnamed TextStim: height = 25.0
222.4894 	EXP 	unnamed TextStim: text = '→'
223.7694 	DATA 	Keypress: right
223.7715 	EXP 	unnamed TextStim: height = 25.0
223.7715 	EXP 	unnamed TextStim: height = 25.0
223.7715 	EXP 	unnamed TextStim: height = 25.0
223.7715 	EXP 	unnamed TextStim: text = '←'
225.0607 	DATA 	Keypress: left
225.0619 	EXP 	unnamed TextStim: text = '←'
226.3623 	DATA 	Keypress: right
226.3645 	EXP 	unnamed TextStim: height = 25.0
226.3645 	EXP 	unnamed TextStim: height = 25.0
226.3645 	EXP 	unnamed TextStim: height = 25.0
226.3645 	EXP 	unnamed TextStim: text = '↓'
227.7821 	DATA 	Keypress: down
227.8988 	EXP 	Created unnamed ImageStim = ImageStim(__class__=<class 'psychopy.visual.image.ImageStim'>, anchor=('center', 'center'), autoLog=True, color=array([1., 1., 1.]), colorSpace='rgb', contrast=1.0, depth=0, flipHoriz=False, flipVert=False, image='break.jpg', interpolate=True, mask=None, maskParams=None, name='unnamed ImageStim', opacity=1.0, ori=0.0, pos=array([0., 0.]), size=array([1536.,  864.]), texRes=128, units='pix', win=Window(...))
228.5493 	DATA 	Keypress: space
228.5639 	EXP 	unnamed TextStim: height = 25.0
228.5639 	EXP 	unnamed TextStim: height = 25.0
228.5639 	EXP 	unnamed TextStim: height = 25.0
228.5639 	EXP 	unnamed TextStim: text = '←'
229.9812 	DATA 	Keypress: left
229.9866 	EXP 	unnamed TextStim: height = 25.0
229.9866 	EXP 	unnamed TextStim: height = 25.0
229.9866 	EXP 	unnamed TextStim: height = 25.0
229.9866 	EXP 	unnamed TextStim: text = '↓'
231.4972 	DATA 	Keypress: down
231.4983 	EXP 	unnamed TextStim: text = '↓'
232.8332 	DATA 	Keypress: up
232.8353 	EXP 	unnamed TextStim: height = 25.0
232.8353 	EXP 	unnamed TextStim: height = 25.0
232.8353 	EXP 	unnamed TextStim: height = 25.0
232.8353 	EXP 	unnamed TextStim: text = '→'
234.2759 	DATA 	Keypress: right
234.2780 	EXP 	unnamed TextStim: height = 25.0
234.2780 	EXP 	unnamed TextStim: height = 25.0
234.2780 	EXP 	unnamed TextStim: height = 25.0
234.2780 	EXP 	unnamed TextStim: text = '↓'
235.5313 	DATA 	Keypress: down
235.5334 	EXP 	unnamed TextStim: height = 25.0
235.5334 	EXP 	unnamed TextStim: height = 25.0
235.5334 	EXP 	unnamed TextStim: height = 25.0
235.5334 	EXP 	unnamed TextStim: text = '←'
236.7995 	DATA 	Keypress: left
238.3148 	DATA 	No keypress (maxWait exceeded)
238.4268 	EXP 	Created unnamed ImageStim = ImageStim(__class__=<class 'psychopy.visual.image.ImageStim'>, anchor=('center', 'center'), autoLog=True, color=array([1., 1., 1.]), colorSpace='rgb', contrast=1.0, depth=0, flipHoriz=False, flipVert=False, image='break.jpg', interpolate=True, mask=None, maskParams=None, name='unnamed ImageStim', opacity=1.0, ori=0.0, pos=array([0., 0.]), size=array([1536.,  864.]), texRes=128, units='pix', win=Window(...))
238.4608 	DATA 	Keypress: left
239.4146 	DATA 	Keypress: space
239.4310 	EXP 	unnamed TextStim: height = 25.0
239.4310 	EXP 	unnamed TextStim: height = 25.0
239.4310 	EXP 	unnamed TextStim: height = 25.0
239.4310 	EXP 	unnamed TextStim: text = '↓'
240.8541 	DATA 	Keypress: down
240.8563 	EXP 	unnamed TextStim: height = 25.0
240.8563 	EXP 	unnamed TextStim: height = 25.0
240.8563 	EXP 	unnamed TextStim: height = 25.0
240.8563 	EXP 	unnamed TextStim: text = '←'
242.1164 	DATA 	Keypress: left
243.6315 	DATA 	No keypress (maxWait exceeded)
243.6348 	EXP 	unnamed TextStim: height = 25.0
243.6348 	EXP 	unnamed TextStim: height = 25.0
243.6348 	EXP 	unnamed TextStim: height = 25.0
243.6348 	EXP 	unnamed TextStim: text = '↑'
245.0112 	DATA 	Keypress: up
245.0133 	EXP 	unnamed TextStim: height = 25.0
245.0133 	EXP 	unnamed TextStim: height = 25.0
245.0133 	EXP 	unnamed TextStim: height = 25.0
245.0133 	EXP 	unnamed TextStim: text = '←'
246.3323 	DATA 	Keypress: right
246.3334 	EXP 	unnamed TextStim: text = '←'
247.7490 	DATA 	Keypress: right
247.7512 	EXP 	unnamed TextStim: height = 25.0
247.7512 	EXP 	unnamed TextStim: height = 25.0
247.7512 	EXP 	unnamed TextStim: height = 25.0
247.7512 	EXP 	unnamed TextStim: text = '↑'
249.6321 	DATA 	Keypress: up
249.7745 	EXP 	Created unnamed ImageStim = ImageStim(__class__=<class 'psychopy.visual.image.ImageStim'>, anchor=('center', 'center'), autoLog=True, color=array([1., 1., 1.]), colorSpace='rgb', contrast=1.0, depth=0, flipHoriz=False, flipVert=False, image='break.jpg', interpolate=True, mask=None, maskParams=None, name='unnamed ImageStim', opacity=1.0, ori=0.0, pos=array([0., 0.]), size=array([1536.,  864.]), texRes=128, units='pix', win=Window(...))
250.6718 	DATA 	Keypress: space
250.6814 	EXP 	unnamed TextStim: height = 25.0
250.6814 	EXP 	unnamed TextStim: height = 25.0
250.6814 	EXP 	unnamed TextStim: height = 25.0
250.6814 	EXP 	unnamed TextStim: text = '←'
252.0844 	DATA 	Keypress: left
252.0866 	EXP 	unnamed TextStim: height = 25.0
252.0866 	EXP 	unnamed TextStim: height = 25.0
252.0866 	EXP 	unnamed TextStim: height = 25.0
252.0866 	EXP 	unnamed TextStim: text = '↑'
253.5790 	DATA 	Keypress: up
253.5812 	EXP 	unnamed TextStim: height = 25.0
253.5812 	EXP 	unnamed TextStim: height = 25.0
253.5812 	EXP 	unnamed TextStim: height = 25.0
253.5812 	EXP 	unnamed TextStim: text = '↓'
254.9674 	DATA 	Keypress: down
254.9696 	EXP 	unnamed TextStim: height = 25.0
254.9696 	EXP 	unnamed TextStim: height = 25.0
254.9696 	EXP 	unnamed TextStim: height = 25.0
254.9696 	EXP 	unnamed TextStim: text = '↑'
256.2167 	DATA 	Keypress: up
257.4414 	DATA 	Keypress: up
257.4436 	EXP 	unnamed TextStim: height = 25.0
257.4436 	EXP 	unnamed TextStim: height = 25.0
257.4436 	EXP 	unnamed TextStim: height = 25.0
257.4436 	EXP 	unnamed TextStim: text = '←'
258.7965 	DATA 	Keypress: left
258.7986 	EXP 	unnamed TextStim: height = 25.0
258.7986 	EXP 	unnamed TextStim: height = 25.0
258.7986 	EXP 	unnamed TextStim: height = 25.0
258.7986 	EXP 	unnamed TextStim: text = '↑'
260.1805 	DATA 	Keypress: up
260.3006 	EXP 	Created unnamed ImageStim = ImageStim(__class__=<class 'psychopy.visual.image.ImageStim'>, anchor=('center', 'center'), autoLog=True, color=array([1., 1., 1.]), colorSpace='rgb', contrast=1.0, depth=0, flipHoriz=False, flipVert=False, image='break.jpg', interpolate=True, mask=None, maskParams=None, name='unnamed ImageStim', opacity=1.0, ori=0.0, pos=array([0., 0.]), size=array([1536.,  864.]), texRes=128, units='pix', win=Window(...))
261.0491 	DATA 	Keypress: up
261.8221 	DATA 	Keypress: space
261.8430 	EXP 	Created unnamed TextStim = TextStim(__class__=<class 'psychopy.visual.text.TextStim'>, alignHoriz=method-wrapper(...), alignText='center', alignVert=method-wrapper(...), anchorHoriz='center', anchorVert='center', antialias=True, autoDraw=False, autoLog=True, bold=False, color=array([-1, -1, -1]), colorSpace='rgb', contrast=1.0, depth=0, flipHoriz=False, flipVert=False, font='', fontFiles=[], height=20.0, italic=False, languageStyle='LTR', name='unnamed TextStim', opacity=1.0, ori=0.0, pos=array([0., 0.]), rgb=UNKNOWN, text=str(...), units='pix', win=Window(...), wrapWidth=1536)
265.6572 	DATA 	Keypress: space
265.7379 	EXP 	window1: mouseVisible = True
