16.0628 	WARNING 	User requested fullscreen with size [1536  864], but screen is actually [1920, 1080]. Using actual size
17.3414 	INFO 	FRAME RATE: 60
17.3415 	INFO 	SCREEN RES: odict_values([1536, 864])
17.3986 	EXP 	Created unnamed TextStim = TextStim(__class__=<class 'psychopy.visual.text.TextStim'>, alignHoriz=method-wrapper(...), alignText='center', alignVert=method-wrapper(...), anchorHoriz='center', anchorVert='center', antialias=True, autoDraw=False, autoLog=True, bold=False, color=array([-1, -1, -1]), colorSpace='rgb', contrast=1.0, depth=0, flipHoriz=False, flipVert=False, font='', fontFiles=[], height=100.0, italic=False, languageStyle='LTR', name='unnamed TextStim', opacity=1.0, ori=0.0, pos=array([0., 0.]), rgb=UNKNOWN, text='+', units='pix', win=Window(...), wrapWidth=500)
17.4031 	EXP 	Created unnamed Circle = Circle(__class__=<class 'psychopy.visual.circle.Circle'>, anchor=('center', 'center'), autoDraw=False, autoLog=True, closeShape=True, color=method-wrapper(...), colorSpace='rgb', contrast=None, depth=0, fillColor=array([ 0.09019608, -1.        , -1.        ]), fillColorSpace='rgb', fillRGB=array([ 0.09019608, -1.        , -1.        ]), interpolate=True, lineColor=array([ 0.09019608, -1.        , -1.        ]), lineColorSpace='rgb', lineRGB=array([ 0.09019608, -1.        , -1.        ]), lineWidth=1.5, name='unnamed Circle', opacity=1.0, ori=0.0, pos=array([0., 0.]), size=array([1., 1.]), units='pix', vertices=ndarray(...), win=Window(...))
17.4045 	EXP 	Created unnamed TextStim = TextStim(__class__=<class 'psychopy.visual.text.TextStim'>, alignHoriz=method-wrapper(...), alignText='center', alignVert=method-wrapper(...), anchorHoriz='center', anchorVert='center', antialias=True, autoDraw=False, autoLog=True, bold=False, color=array([-0.17647059, -0.17647059, -0.17647059]), colorSpace='rgb', contrast=1.0, depth=0, flipHoriz=False, flipVert=False, font='', fontFiles=[], height=25, italic=False, languageStyle='LTR', name='unnamed TextStim', opacity=1.0, ori=0.0, pos=array([0., 0.]), rgb=UNKNOWN, text='', units='pix', win=Window(...), wrapWidth=500)
17.4167 	EXP 	Created unnamed ImageStim = ImageStim(__class__=<class 'psychopy.visual.image.ImageStim'>, anchor=('center', 'center'), autoLog=True, color=array([1., 1., 1.]), colorSpace='rgb', contrast=1.0, depth=0, flipHoriz=False, flipVert=False, image='mask4.png', interpolate=False, mask=None, maskParams=None, name='unnamed ImageStim', opacity=1.0, ori=0.0, pos=array([0., 0.]), size=array([25., 25.]), texRes=128, units='pix', win=Window(...))
17.4254 	EXP 	Created unnamed TextStim = TextStim(__class__=<class 'psychopy.visual.text.TextStim'>, alignHoriz=method-wrapper(...), alignText='center', alignVert=method-wrapper(...), anchorHoriz='center', anchorVert='center', antialias=True, autoDraw=False, autoLog=True, bold=False, color=array([-1, -1, -1]), colorSpace='rgb', contrast=1.0, depth=0, flipHoriz=False, flipVert=False, font='', fontFiles=[], height=30.0, italic=False, languageStyle='LTR', name='unnamed TextStim', opacity=1.0, ori=0.0, pos=array([ 100., -300.]), rgb=UNKNOWN, text=str(...), units='pix', win=Window(...), wrapWidth=10000)
17.4374 	EXP 	Created unnamed TextStim = TextStim(__class__=<class 'psychopy.visual.text.TextStim'>, alignHoriz=method-wrapper(...), alignText='center', alignVert=method-wrapper(...), anchorHoriz='center', anchorVert='center', antialias=True, autoDraw=False, autoLog=True, bold=False, color=array([-1, -1, -1]), colorSpace='rgb', contrast=1.0, depth=0, flipHoriz=False, flipVert=False, font='', fontFiles=[], height=30.0, italic=False, languageStyle='LTR', name='unnamed TextStim', opacity=1.0, ori=0.0, pos=array([ 100., -330.]), rgb=UNKNOWN, text=str(...), units='pix', win=Window(...), wrapWidth=10000)
17.4753 	EXP 	Created unnamed TextStim = TextStim(__class__=<class 'psychopy.visual.text.TextStim'>, alignHoriz=method-wrapper(...), alignText='center', alignVert=method-wrapper(...), anchorHoriz='center', anchorVert='center', antialias=True, autoDraw=False, autoLog=True, bold=False, color=array([-1, -1, -1]), colorSpace='rgb', contrast=1.0, depth=0, flipHoriz=False, flipVert=False, font='', fontFiles=[], height=20.0, italic=False, languageStyle='LTR', name='unnamed TextStim', opacity=1.0, ori=0.0, pos=array([0., 0.]), rgb=UNKNOWN, text=str(...), units='pix', win=Window(...), wrapWidth=1536)
56.0614 	DATA 	Keypress: space
56.0720 	EXP 	unnamed TextStim: height = 25.0
56.0720 	EXP 	unnamed TextStim: height = 25.0
56.0720 	EXP 	unnamed TextStim: height = 25.0
56.0720 	EXP 	unnamed TextStim: text = '←'
59.0392 	DATA 	No keypress (maxWait exceeded)
59.0479 	EXP 	Created unnamed TextStim = TextStim(__class__=<class 'psychopy.visual.text.TextStim'>, alignHoriz=method-wrapper(...), alignText='center', alignVert=method-wrapper(...), anchorHoriz='center', anchorVert='center', antialias=True, autoDraw=False, autoLog=True, bold=False, color=array([-1, -1, -1]), colorSpace='rgb', contrast=1.0, depth=0, flipHoriz=False, flipVert=False, font='', fontFiles=[], height=50.0, italic=False, languageStyle='LTR', name='unnamed TextStim', opacity=1.0, ori=0.0, pos=array([0., 0.]), rgb=UNKNOWN, text='Niepoprawnie', units='pix', win=Window(...), wrapWidth=500)
60.0554 	EXP 	unnamed TextStim: height = 25.0
60.0554 	EXP 	unnamed TextStim: height = 25.0
60.0554 	EXP 	unnamed TextStim: height = 25.0
60.0554 	EXP 	unnamed TextStim: text = '→'
62.0432 	DATA 	Keypress: right
62.0466 	EXP 	Created unnamed TextStim = TextStim(__class__=<class 'psychopy.visual.text.TextStim'>, alignHoriz=method-wrapper(...), alignText='center', alignVert=method-wrapper(...), anchorHoriz='center', anchorVert='center', antialias=True, autoDraw=False, autoLog=True, bold=False, color=array([-1, -1, -1]), colorSpace='rgb', contrast=1.0, depth=0, flipHoriz=False, flipVert=False, font='', fontFiles=[], height=50.0, italic=False, languageStyle='LTR', name='unnamed TextStim', opacity=1.0, ori=0.0, pos=array([0., 0.]), rgb=UNKNOWN, text='Poprawnie', units='pix', win=Window(...), wrapWidth=500)
63.0558 	EXP 	unnamed TextStim: height = 25.0
63.0558 	EXP 	unnamed TextStim: height = 25.0
63.0558 	EXP 	unnamed TextStim: height = 25.0
63.0558 	EXP 	unnamed TextStim: text = '↓'
64.9474 	DATA 	Keypress: down
64.9493 	EXP 	Created unnamed TextStim = TextStim(__class__=<class 'psychopy.visual.text.TextStim'>, alignHoriz=method-wrapper(...), alignText='center', alignVert=method-wrapper(...), anchorHoriz='center', anchorVert='center', antialias=True, autoDraw=False, autoLog=True, bold=False, color=array([-1, -1, -1]), colorSpace='rgb', contrast=1.0, depth=0, flipHoriz=False, flipVert=False, font='', fontFiles=[], height=50.0, italic=False, languageStyle='LTR', name='unnamed TextStim', opacity=1.0, ori=0.0, pos=array([0., 0.]), rgb=UNKNOWN, text='Poprawnie', units='pix', win=Window(...), wrapWidth=500)
65.9560 	EXP 	unnamed TextStim: text = '↓'
67.8756 	DATA 	Keypress: down
67.8782 	EXP 	Created unnamed TextStim = TextStim(__class__=<class 'psychopy.visual.text.TextStim'>, alignHoriz=method-wrapper(...), alignText='center', alignVert=method-wrapper(...), anchorHoriz='center', anchorVert='center', antialias=True, autoDraw=False, autoLog=True, bold=False, color=array([-1, -1, -1]), colorSpace='rgb', contrast=1.0, depth=0, flipHoriz=False, flipVert=False, font='', fontFiles=[], height=50.0, italic=False, languageStyle='LTR', name='unnamed TextStim', opacity=1.0, ori=0.0, pos=array([0., 0.]), rgb=UNKNOWN, text='Poprawnie', units='pix', win=Window(...), wrapWidth=500)
68.8894 	EXP 	unnamed TextStim: height = 25.0
68.8894 	EXP 	unnamed TextStim: height = 25.0
68.8894 	EXP 	unnamed TextStim: height = 25.0
68.8894 	EXP 	unnamed TextStim: text = '↑'
70.6539 	DATA 	Keypress: up
70.6562 	EXP 	Created unnamed TextStim = TextStim(__class__=<class 'psychopy.visual.text.TextStim'>, alignHoriz=method-wrapper(...), alignText='center', alignVert=method-wrapper(...), anchorHoriz='center', anchorVert='center', antialias=True, autoDraw=False, autoLog=True, bold=False, color=array([-1, -1, -1]), colorSpace='rgb', contrast=1.0, depth=0, flipHoriz=False, flipVert=False, font='', fontFiles=[], height=50.0, italic=False, languageStyle='LTR', name='unnamed TextStim', opacity=1.0, ori=0.0, pos=array([0., 0.]), rgb=UNKNOWN, text='Poprawnie', units='pix', win=Window(...), wrapWidth=500)
71.6728 	EXP 	unnamed TextStim: height = 25.0
71.6728 	EXP 	unnamed TextStim: height = 25.0
71.6728 	EXP 	unnamed TextStim: height = 25.0
71.6728 	EXP 	unnamed TextStim: text = '←'
73.4442 	DATA 	Keypress: left
73.4467 	EXP 	Created unnamed TextStim = TextStim(__class__=<class 'psychopy.visual.text.TextStim'>, alignHoriz=method-wrapper(...), alignText='center', alignVert=method-wrapper(...), anchorHoriz='center', anchorVert='center', antialias=True, autoDraw=False, autoLog=True, bold=False, color=array([-1, -1, -1]), colorSpace='rgb', contrast=1.0, depth=0, flipHoriz=False, flipVert=False, font='', fontFiles=[], height=50.0, italic=False, languageStyle='LTR', name='unnamed TextStim', opacity=1.0, ori=0.0, pos=array([0., 0.]), rgb=UNKNOWN, text='Poprawnie', units='pix', win=Window(...), wrapWidth=500)
74.4563 	EXP 	unnamed TextStim: height = 25.0
74.4563 	EXP 	unnamed TextStim: height = 25.0
74.4563 	EXP 	unnamed TextStim: height = 25.0
74.4563 	EXP 	unnamed TextStim: text = '↓'
76.4720 	DATA 	Keypress: up
76.4745 	EXP 	Created unnamed TextStim = TextStim(__class__=<class 'psychopy.visual.text.TextStim'>, alignHoriz=method-wrapper(...), alignText='center', alignVert=method-wrapper(...), anchorHoriz='center', anchorVert='center', antialias=True, autoDraw=False, autoLog=True, bold=False, color=array([-1, -1, -1]), colorSpace='rgb', contrast=1.0, depth=0, flipHoriz=False, flipVert=False, font='', fontFiles=[], height=50.0, italic=False, languageStyle='LTR', name='unnamed TextStim', opacity=1.0, ori=0.0, pos=array([0., 0.]), rgb=UNKNOWN, text='Niepoprawnie', units='pix', win=Window(...), wrapWidth=500)
77.4897 	EXP 	unnamed TextStim: height = 25.0
77.4897 	EXP 	unnamed TextStim: height = 25.0
77.4897 	EXP 	unnamed TextStim: height = 25.0
77.4897 	EXP 	unnamed TextStim: text = '←'
79.2864 	DATA 	Keypress: left
79.2883 	EXP 	Created unnamed TextStim = TextStim(__class__=<class 'psychopy.visual.text.TextStim'>, alignHoriz=method-wrapper(...), alignText='center', alignVert=method-wrapper(...), anchorHoriz='center', anchorVert='center', antialias=True, autoDraw=False, autoLog=True, bold=False, color=array([-1, -1, -1]), colorSpace='rgb', contrast=1.0, depth=0, flipHoriz=False, flipVert=False, font='', fontFiles=[], height=50.0, italic=False, languageStyle='LTR', name='unnamed TextStim', opacity=1.0, ori=0.0, pos=array([0., 0.]), rgb=UNKNOWN, text='Poprawnie', units='pix', win=Window(...), wrapWidth=500)
80.3065 	EXP 	unnamed TextStim: height = 25.0
80.3065 	EXP 	unnamed TextStim: height = 25.0
80.3065 	EXP 	unnamed TextStim: height = 25.0
80.3065 	EXP 	unnamed TextStim: text = '↑'
81.9880 	DATA 	Keypress: up
81.9901 	EXP 	Created unnamed TextStim = TextStim(__class__=<class 'psychopy.visual.text.TextStim'>, alignHoriz=method-wrapper(...), alignText='center', alignVert=method-wrapper(...), anchorHoriz='center', anchorVert='center', antialias=True, autoDraw=False, autoLog=True, bold=False, color=array([-1, -1, -1]), colorSpace='rgb', contrast=1.0, depth=0, flipHoriz=False, flipVert=False, font='', fontFiles=[], height=50.0, italic=False, languageStyle='LTR', name='unnamed TextStim', opacity=1.0, ori=0.0, pos=array([0., 0.]), rgb=UNKNOWN, text='Poprawnie', units='pix', win=Window(...), wrapWidth=500)
83.0069 	EXP 	unnamed TextStim: text = '↑'
85.1053 	DATA 	Keypress: left
85.1080 	EXP 	Created unnamed TextStim = TextStim(__class__=<class 'psychopy.visual.text.TextStim'>, alignHoriz=method-wrapper(...), alignText='center', alignVert=method-wrapper(...), anchorHoriz='center', anchorVert='center', antialias=True, autoDraw=False, autoLog=True, bold=False, color=array([-1, -1, -1]), colorSpace='rgb', contrast=1.0, depth=0, flipHoriz=False, flipVert=False, font='', fontFiles=[], height=50.0, italic=False, languageStyle='LTR', name='unnamed TextStim', opacity=1.0, ori=0.0, pos=array([0., 0.]), rgb=UNKNOWN, text='Niepoprawnie', units='pix', win=Window(...), wrapWidth=500)
86.1232 	EXP 	unnamed TextStim: height = 25.0
86.1232 	EXP 	unnamed TextStim: height = 25.0
86.1232 	EXP 	unnamed TextStim: height = 25.0
86.1232 	EXP 	unnamed TextStim: text = '←'
87.9471 	DATA 	Keypress: left
87.9496 	EXP 	Created unnamed TextStim = TextStim(__class__=<class 'psychopy.visual.text.TextStim'>, alignHoriz=method-wrapper(...), alignText='center', alignVert=method-wrapper(...), anchorHoriz='center', anchorVert='center', antialias=True, autoDraw=False, autoLog=True, bold=False, color=array([-1, -1, -1]), colorSpace='rgb', contrast=1.0, depth=0, flipHoriz=False, flipVert=False, font='', fontFiles=[], height=50.0, italic=False, languageStyle='LTR', name='unnamed TextStim', opacity=1.0, ori=0.0, pos=array([0., 0.]), rgb=UNKNOWN, text='Poprawnie', units='pix', win=Window(...), wrapWidth=500)
88.9568 	EXP 	unnamed TextStim: height = 25.0
88.9568 	EXP 	unnamed TextStim: height = 25.0
88.9568 	EXP 	unnamed TextStim: height = 25.0
88.9568 	EXP 	unnamed TextStim: text = '↓'
90.6963 	DATA 	Keypress: down
90.6983 	EXP 	Created unnamed TextStim = TextStim(__class__=<class 'psychopy.visual.text.TextStim'>, alignHoriz=method-wrapper(...), alignText='center', alignVert=method-wrapper(...), anchorHoriz='center', anchorVert='center', antialias=True, autoDraw=False, autoLog=True, bold=False, color=array([-1, -1, -1]), colorSpace='rgb', contrast=1.0, depth=0, flipHoriz=False, flipVert=False, font='', fontFiles=[], height=50.0, italic=False, languageStyle='LTR', name='unnamed TextStim', opacity=1.0, ori=0.0, pos=array([0., 0.]), rgb=UNKNOWN, text='Poprawnie', units='pix', win=Window(...), wrapWidth=500)
91.7068 	EXP 	unnamed TextStim: height = 25.0
91.7068 	EXP 	unnamed TextStim: height = 25.0
91.7068 	EXP 	unnamed TextStim: height = 25.0
91.7068 	EXP 	unnamed TextStim: text = '←'
93.4583 	DATA 	Keypress: left
93.4607 	EXP 	Created unnamed TextStim = TextStim(__class__=<class 'psychopy.visual.text.TextStim'>, alignHoriz=method-wrapper(...), alignText='center', alignVert=method-wrapper(...), anchorHoriz='center', anchorVert='center', antialias=True, autoDraw=False, autoLog=True, bold=False, color=array([-1, -1, -1]), colorSpace='rgb', contrast=1.0, depth=0, flipHoriz=False, flipVert=False, font='', fontFiles=[], height=50.0, italic=False, languageStyle='LTR', name='unnamed TextStim', opacity=1.0, ori=0.0, pos=array([0., 0.]), rgb=UNKNOWN, text='Poprawnie', units='pix', win=Window(...), wrapWidth=500)
94.4737 	EXP 	unnamed TextStim: text = '←'
96.5166 	DATA 	Keypress: left
96.5191 	EXP 	Created unnamed TextStim = TextStim(__class__=<class 'psychopy.visual.text.TextStim'>, alignHoriz=method-wrapper(...), alignText='center', alignVert=method-wrapper(...), anchorHoriz='center', anchorVert='center', antialias=True, autoDraw=False, autoLog=True, bold=False, color=array([-1, -1, -1]), colorSpace='rgb', contrast=1.0, depth=0, flipHoriz=False, flipVert=False, font='', fontFiles=[], height=50.0, italic=False, languageStyle='LTR', name='unnamed TextStim', opacity=1.0, ori=0.0, pos=array([0., 0.]), rgb=UNKNOWN, text='Poprawnie', units='pix', win=Window(...), wrapWidth=500)
97.5235 	EXP 	unnamed TextStim: height = 25.0
97.5235 	EXP 	unnamed TextStim: height = 25.0
97.5235 	EXP 	unnamed TextStim: height = 25.0
97.5235 	EXP 	unnamed TextStim: text = '↓'
99.4011 	DATA 	Keypress: down
99.4030 	EXP 	Created unnamed TextStim = TextStim(__class__=<class 'psychopy.visual.text.TextStim'>, alignHoriz=method-wrapper(...), alignText='center', alignVert=method-wrapper(...), anchorHoriz='center', anchorVert='center', antialias=True, autoDraw=False, autoLog=True, bold=False, color=array([-1, -1, -1]), colorSpace='rgb', contrast=1.0, depth=0, flipHoriz=False, flipVert=False, font='', fontFiles=[], height=50.0, italic=False, languageStyle='LTR', name='unnamed TextStim', opacity=1.0, ori=0.0, pos=array([0., 0.]), rgb=UNKNOWN, text='Poprawnie', units='pix', win=Window(...), wrapWidth=500)
100.4370 	EXP 	Created unnamed TextStim = TextStim(__class__=<class 'psychopy.visual.text.TextStim'>, alignHoriz=method-wrapper(...), alignText='center', alignVert=method-wrapper(...), anchorHoriz='center', anchorVert='center', antialias=True, autoDraw=False, autoLog=True, bold=False, color=array([-1, -1, -1]), colorSpace='rgb', contrast=1.0, depth=0, flipHoriz=False, flipVert=False, font='', fontFiles=[], height=20.0, italic=False, languageStyle='LTR', name='unnamed TextStim', opacity=1.0, ori=0.0, pos=array([0., 0.]), rgb=UNKNOWN, text=str(...), units='pix', win=Window(...), wrapWidth=1536)
118.0965 	DATA 	Keypress: space
118.1074 	EXP 	unnamed TextStim: height = 25.0
118.1074 	EXP 	unnamed TextStim: height = 25.0
118.1074 	EXP 	unnamed TextStim: height = 25.0
118.1074 	EXP 	unnamed TextStim: text = '↑'
119.8689 	DATA 	Keypress: up
119.8757 	EXP 	Created unnamed TextStim = TextStim(__class__=<class 'psychopy.visual.text.TextStim'>, alignHoriz=method-wrapper(...), alignText='center', alignVert=method-wrapper(...), anchorHoriz='center', anchorVert='center', antialias=True, autoDraw=False, autoLog=True, bold=False, color=array([-1, -1, -1]), colorSpace='rgb', contrast=1.0, depth=0, flipHoriz=False, flipVert=False, font='', fontFiles=[], height=50.0, italic=False, languageStyle='LTR', name='unnamed TextStim', opacity=1.0, ori=0.0, pos=array([0., 0.]), rgb=UNKNOWN, text='Poprawnie', units='pix', win=Window(...), wrapWidth=500)
120.8911 	EXP 	unnamed TextStim: height = 25.0
120.8911 	EXP 	unnamed TextStim: height = 25.0
120.8911 	EXP 	unnamed TextStim: height = 25.0
120.8911 	EXP 	unnamed TextStim: text = '←'
122.4729 	DATA 	Keypress: left
122.4754 	EXP 	Created unnamed TextStim = TextStim(__class__=<class 'psychopy.visual.text.TextStim'>, alignHoriz=method-wrapper(...), alignText='center', alignVert=method-wrapper(...), anchorHoriz='center', anchorVert='center', antialias=True, autoDraw=False, autoLog=True, bold=False, color=array([-1, -1, -1]), colorSpace='rgb', contrast=1.0, depth=0, flipHoriz=False, flipVert=False, font='', fontFiles=[], height=50.0, italic=False, languageStyle='LTR', name='unnamed TextStim', opacity=1.0, ori=0.0, pos=array([0., 0.]), rgb=UNKNOWN, text='Poprawnie', units='pix', win=Window(...), wrapWidth=500)
123.4913 	EXP 	unnamed TextStim: text = '←'
125.3496 	DATA 	Keypress: left
125.3516 	EXP 	Created unnamed TextStim = TextStim(__class__=<class 'psychopy.visual.text.TextStim'>, alignHoriz=method-wrapper(...), alignText='center', alignVert=method-wrapper(...), anchorHoriz='center', anchorVert='center', antialias=True, autoDraw=False, autoLog=True, bold=False, color=array([-1, -1, -1]), colorSpace='rgb', contrast=1.0, depth=0, flipHoriz=False, flipVert=False, font='', fontFiles=[], height=50.0, italic=False, languageStyle='LTR', name='unnamed TextStim', opacity=1.0, ori=0.0, pos=array([0., 0.]), rgb=UNKNOWN, text='Poprawnie', units='pix', win=Window(...), wrapWidth=500)
126.3581 	EXP 	unnamed TextStim: height = 25.0
126.3581 	EXP 	unnamed TextStim: height = 25.0
126.3581 	EXP 	unnamed TextStim: height = 25.0
126.3581 	EXP 	unnamed TextStim: text = '→'
128.1927 	DATA 	Keypress: right
128.1948 	EXP 	Created unnamed TextStim = TextStim(__class__=<class 'psychopy.visual.text.TextStim'>, alignHoriz=method-wrapper(...), alignText='center', alignVert=method-wrapper(...), anchorHoriz='center', anchorVert='center', antialias=True, autoDraw=False, autoLog=True, bold=False, color=array([-1, -1, -1]), colorSpace='rgb', contrast=1.0, depth=0, flipHoriz=False, flipVert=False, font='', fontFiles=[], height=50.0, italic=False, languageStyle='LTR', name='unnamed TextStim', opacity=1.0, ori=0.0, pos=array([0., 0.]), rgb=UNKNOWN, text='Poprawnie', units='pix', win=Window(...), wrapWidth=500)
129.2082 	EXP 	unnamed TextStim: height = 25.0
129.2082 	EXP 	unnamed TextStim: height = 25.0
129.2082 	EXP 	unnamed TextStim: height = 25.0
129.2082 	EXP 	unnamed TextStim: text = '↑'
130.8038 	DATA 	Keypress: up
130.8057 	EXP 	Created unnamed TextStim = TextStim(__class__=<class 'psychopy.visual.text.TextStim'>, alignHoriz=method-wrapper(...), alignText='center', alignVert=method-wrapper(...), anchorHoriz='center', anchorVert='center', antialias=True, autoDraw=False, autoLog=True, bold=False, color=array([-1, -1, -1]), colorSpace='rgb', contrast=1.0, depth=0, flipHoriz=False, flipVert=False, font='', fontFiles=[], height=50.0, italic=False, languageStyle='LTR', name='unnamed TextStim', opacity=1.0, ori=0.0, pos=array([0., 0.]), rgb=UNKNOWN, text='Poprawnie', units='pix', win=Window(...), wrapWidth=500)
131.8097 	EXP 	unnamed TextStim: height = 25.0
131.8097 	EXP 	unnamed TextStim: height = 25.0
131.8097 	EXP 	unnamed TextStim: height = 25.0
131.8097 	EXP 	unnamed TextStim: text = '→'
133.3761 	DATA 	Keypress: right
133.3785 	EXP 	Created unnamed TextStim = TextStim(__class__=<class 'psychopy.visual.text.TextStim'>, alignHoriz=method-wrapper(...), alignText='center', alignVert=method-wrapper(...), anchorHoriz='center', anchorVert='center', antialias=True, autoDraw=False, autoLog=True, bold=False, color=array([-1, -1, -1]), colorSpace='rgb', contrast=1.0, depth=0, flipHoriz=False, flipVert=False, font='', fontFiles=[], height=50.0, italic=False, languageStyle='LTR', name='unnamed TextStim', opacity=1.0, ori=0.0, pos=array([0., 0.]), rgb=UNKNOWN, text='Poprawnie', units='pix', win=Window(...), wrapWidth=500)
134.3917 	EXP 	unnamed TextStim: text = '→'
135.9886 	DATA 	Keypress: right
135.9910 	EXP 	Created unnamed TextStim = TextStim(__class__=<class 'psychopy.visual.text.TextStim'>, alignHoriz=method-wrapper(...), alignText='center', alignVert=method-wrapper(...), anchorHoriz='center', anchorVert='center', antialias=True, autoDraw=False, autoLog=True, bold=False, color=array([-1, -1, -1]), colorSpace='rgb', contrast=1.0, depth=0, flipHoriz=False, flipVert=False, font='', fontFiles=[], height=50.0, italic=False, languageStyle='LTR', name='unnamed TextStim', opacity=1.0, ori=0.0, pos=array([0., 0.]), rgb=UNKNOWN, text='Poprawnie', units='pix', win=Window(...), wrapWidth=500)
137.0085 	EXP 	unnamed TextStim: height = 25.0
137.0085 	EXP 	unnamed TextStim: height = 25.0
137.0085 	EXP 	unnamed TextStim: height = 25.0
137.0085 	EXP 	unnamed TextStim: text = '↓'
138.5389 	DATA 	Keypress: down
138.5409 	EXP 	Created unnamed TextStim = TextStim(__class__=<class 'psychopy.visual.text.TextStim'>, alignHoriz=method-wrapper(...), alignText='center', alignVert=method-wrapper(...), anchorHoriz='center', anchorVert='center', antialias=True, autoDraw=False, autoLog=True, bold=False, color=array([-1, -1, -1]), colorSpace='rgb', contrast=1.0, depth=0, flipHoriz=False, flipVert=False, font='', fontFiles=[], height=50.0, italic=False, languageStyle='LTR', name='unnamed TextStim', opacity=1.0, ori=0.0, pos=array([0., 0.]), rgb=UNKNOWN, text='Poprawnie', units='pix', win=Window(...), wrapWidth=500)
139.5585 	EXP 	unnamed TextStim: height = 25.0
139.5585 	EXP 	unnamed TextStim: height = 25.0
139.5585 	EXP 	unnamed TextStim: height = 25.0
139.5585 	EXP 	unnamed TextStim: text = '→'
140.8969 	DATA 	Keypress: right
140.8992 	EXP 	Created unnamed TextStim = TextStim(__class__=<class 'psychopy.visual.text.TextStim'>, alignHoriz=method-wrapper(...), alignText='center', alignVert=method-wrapper(...), anchorHoriz='center', anchorVert='center', antialias=True, autoDraw=False, autoLog=True, bold=False, color=array([-1, -1, -1]), colorSpace='rgb', contrast=1.0, depth=0, flipHoriz=False, flipVert=False, font='', fontFiles=[], height=50.0, italic=False, languageStyle='LTR', name='unnamed TextStim', opacity=1.0, ori=0.0, pos=array([0., 0.]), rgb=UNKNOWN, text='Poprawnie', units='pix', win=Window(...), wrapWidth=500)
141.9086 	EXP 	unnamed TextStim: height = 25.0
141.9086 	EXP 	unnamed TextStim: height = 25.0
141.9086 	EXP 	unnamed TextStim: height = 25.0
141.9086 	EXP 	unnamed TextStim: text = '←'
143.4176 	DATA 	Keypress: left
143.4201 	EXP 	Created unnamed TextStim = TextStim(__class__=<class 'psychopy.visual.text.TextStim'>, alignHoriz=method-wrapper(...), alignText='center', alignVert=method-wrapper(...), anchorHoriz='center', anchorVert='center', antialias=True, autoDraw=False, autoLog=True, bold=False, color=array([-1, -1, -1]), colorSpace='rgb', contrast=1.0, depth=0, flipHoriz=False, flipVert=False, font='', fontFiles=[], height=50.0, italic=False, languageStyle='LTR', name='unnamed TextStim', opacity=1.0, ori=0.0, pos=array([0., 0.]), rgb=UNKNOWN, text='Poprawnie', units='pix', win=Window(...), wrapWidth=500)
144.4494 	EXP 	Created unnamed TextStim = TextStim(__class__=<class 'psychopy.visual.text.TextStim'>, alignHoriz=method-wrapper(...), alignText='center', alignVert=method-wrapper(...), anchorHoriz='center', anchorVert='center', antialias=True, autoDraw=False, autoLog=True, bold=False, color=array([-1, -1, -1]), colorSpace='rgb', contrast=1.0, depth=0, flipHoriz=False, flipVert=False, font='', fontFiles=[], height=20.0, italic=False, languageStyle='LTR', name='unnamed TextStim', opacity=1.0, ori=0.0, pos=array([0., 0.]), rgb=UNKNOWN, text=str(...), units='pix', win=Window(...), wrapWidth=1536)
279.0419 	DATA 	Keypress: space
279.0465 	EXP 	unnamed TextStim: height = 25.0
279.0465 	EXP 	unnamed TextStim: height = 25.0
279.0465 	EXP 	unnamed TextStim: height = 25.0
279.0465 	EXP 	unnamed TextStim: text = '↑'
280.5110 	DATA 	Keypress: up
280.5143 	EXP 	unnamed TextStim: height = 25.0
280.5143 	EXP 	unnamed TextStim: height = 25.0
280.5143 	EXP 	unnamed TextStim: height = 25.0
280.5143 	EXP 	unnamed TextStim: text = '←'
282.9504 	DATA 	Keypress: left
282.9533 	EXP 	unnamed TextStim: height = 25.0
282.9533 	EXP 	unnamed TextStim: height = 25.0
282.9533 	EXP 	unnamed TextStim: height = 25.0
282.9533 	EXP 	unnamed TextStim: text = '↑'
284.5319 	DATA 	Keypress: up
284.5340 	EXP 	unnamed TextStim: height = 25.0
284.5340 	EXP 	unnamed TextStim: height = 25.0
284.5340 	EXP 	unnamed TextStim: height = 25.0
284.5340 	EXP 	unnamed TextStim: text = '←'
286.2671 	DATA 	Keypress: left
286.2696 	EXP 	unnamed TextStim: height = 25.0
286.2696 	EXP 	unnamed TextStim: height = 25.0
286.2696 	EXP 	unnamed TextStim: height = 25.0
286.2696 	EXP 	unnamed TextStim: text = '↑'
287.7107 	DATA 	Keypress: up
287.7118 	EXP 	unnamed TextStim: text = '↑'
289.0571 	DATA 	Keypress: up
289.2185 	EXP 	Created unnamed ImageStim = ImageStim(__class__=<class 'psychopy.visual.image.ImageStim'>, anchor=('center', 'center'), autoLog=True, color=array([1., 1., 1.]), colorSpace='rgb', contrast=1.0, depth=0, flipHoriz=False, flipVert=False, image='break.jpg', interpolate=True, mask=None, maskParams=None, name='unnamed ImageStim', opacity=1.0, ori=0.0, pos=array([0., 0.]), size=array([1536.,  864.]), texRes=128, units='pix', win=Window(...))
294.0839 	DATA 	Keypress: space
294.0974 	EXP 	unnamed TextStim: text = '↑'
295.6797 	DATA 	Keypress: up
295.6829 	EXP 	unnamed TextStim: height = 25.0
295.6829 	EXP 	unnamed TextStim: height = 25.0
295.6829 	EXP 	unnamed TextStim: height = 25.0
295.6829 	EXP 	unnamed TextStim: text = '→'
297.2692 	DATA 	Keypress: right
297.2721 	EXP 	unnamed TextStim: height = 25.0
297.2721 	EXP 	unnamed TextStim: height = 25.0
297.2721 	EXP 	unnamed TextStim: height = 25.0
297.2721 	EXP 	unnamed TextStim: text = '↓'
298.7200 	DATA 	Keypress: down
298.7224 	EXP 	unnamed TextStim: height = 25.0
298.7224 	EXP 	unnamed TextStim: height = 25.0
298.7224 	EXP 	unnamed TextStim: height = 25.0
298.7224 	EXP 	unnamed TextStim: text = '↑'
300.0422 	DATA 	Keypress: up
300.0442 	EXP 	unnamed TextStim: height = 25.0
300.0442 	EXP 	unnamed TextStim: height = 25.0
300.0442 	EXP 	unnamed TextStim: height = 25.0
300.0442 	EXP 	unnamed TextStim: text = '←'
301.4943 	DATA 	Keypress: left
301.4955 	EXP 	unnamed TextStim: text = '←'
303.2056 	DATA 	Keypress: right
303.3412 	EXP 	Created unnamed ImageStim = ImageStim(__class__=<class 'psychopy.visual.image.ImageStim'>, anchor=('center', 'center'), autoLog=True, color=array([1., 1., 1.]), colorSpace='rgb', contrast=1.0, depth=0, flipHoriz=False, flipVert=False, image='break.jpg', interpolate=True, mask=None, maskParams=None, name='unnamed ImageStim', opacity=1.0, ori=0.0, pos=array([0., 0.]), size=array([1536.,  864.]), texRes=128, units='pix', win=Window(...))
304.9811 	DATA 	Keypress: space
304.9978 	EXP 	unnamed TextStim: height = 25.0
304.9978 	EXP 	unnamed TextStim: height = 25.0
304.9978 	EXP 	unnamed TextStim: height = 25.0
304.9978 	EXP 	unnamed TextStim: text = '→'
306.6576 	DATA 	Keypress: up
306.6597 	EXP 	unnamed TextStim: height = 25.0
306.6597 	EXP 	unnamed TextStim: height = 25.0
306.6597 	EXP 	unnamed TextStim: height = 25.0
306.6597 	EXP 	unnamed TextStim: text = '←'
308.1645 	DATA 	Keypress: left
308.1710 	EXP 	unnamed TextStim: height = 25.0
308.1710 	EXP 	unnamed TextStim: height = 25.0
308.1710 	EXP 	unnamed TextStim: height = 25.0
308.1710 	EXP 	unnamed TextStim: text = '→'
309.5057 	DATA 	Keypress: right
309.5078 	EXP 	unnamed TextStim: height = 25.0
309.5078 	EXP 	unnamed TextStim: height = 25.0
309.5078 	EXP 	unnamed TextStim: height = 25.0
309.5078 	EXP 	unnamed TextStim: text = '←'
311.0129 	DATA 	Keypress: left
311.0151 	EXP 	unnamed TextStim: height = 25.0
311.0151 	EXP 	unnamed TextStim: height = 25.0
311.0151 	EXP 	unnamed TextStim: height = 25.0
311.0151 	EXP 	unnamed TextStim: text = '→'
312.6342 	DATA 	Keypress: up
312.6354 	EXP 	unnamed TextStim: text = '→'
314.3030 	DATA 	Keypress: right
314.4224 	EXP 	Created unnamed ImageStim = ImageStim(__class__=<class 'psychopy.visual.image.ImageStim'>, anchor=('center', 'center'), autoLog=True, color=array([1., 1., 1.]), colorSpace='rgb', contrast=1.0, depth=0, flipHoriz=False, flipVert=False, image='break.jpg', interpolate=True, mask=None, maskParams=None, name='unnamed ImageStim', opacity=1.0, ori=0.0, pos=array([0., 0.]), size=array([1536.,  864.]), texRes=128, units='pix', win=Window(...))
315.4708 	DATA 	Keypress: space
315.4815 	EXP 	unnamed TextStim: height = 25.0
315.4815 	EXP 	unnamed TextStim: height = 25.0
315.4815 	EXP 	unnamed TextStim: height = 25.0
315.4815 	EXP 	unnamed TextStim: text = '←'
316.9521 	DATA 	Keypress: right
316.9533 	EXP 	unnamed TextStim: text = '←'
318.3565 	DATA 	Keypress: right
318.3587 	EXP 	unnamed TextStim: height = 25.0
318.3587 	EXP 	unnamed TextStim: height = 25.0
318.3587 	EXP 	unnamed TextStim: height = 25.0
318.3587 	EXP 	unnamed TextStim: text = '↑'
319.9564 	DATA 	Keypress: left
319.9585 	EXP 	unnamed TextStim: height = 25.0
319.9585 	EXP 	unnamed TextStim: height = 25.0
319.9585 	EXP 	unnamed TextStim: height = 25.0
319.9585 	EXP 	unnamed TextStim: text = '→'
321.2808 	DATA 	Keypress: right
321.2830 	EXP 	unnamed TextStim: height = 25.0
321.2830 	EXP 	unnamed TextStim: height = 25.0
321.2830 	EXP 	unnamed TextStim: height = 25.0
321.2830 	EXP 	unnamed TextStim: text = '↑'
322.6743 	DATA 	Keypress: up
322.6763 	EXP 	unnamed TextStim: height = 25.0
322.6763 	EXP 	unnamed TextStim: height = 25.0
322.6763 	EXP 	unnamed TextStim: height = 25.0
322.6763 	EXP 	unnamed TextStim: text = '→'
324.2934 	DATA 	Keypress: right
324.4358 	EXP 	Created unnamed ImageStim = ImageStim(__class__=<class 'psychopy.visual.image.ImageStim'>, anchor=('center', 'center'), autoLog=True, color=array([1., 1., 1.]), colorSpace='rgb', contrast=1.0, depth=0, flipHoriz=False, flipVert=False, image='break.jpg', interpolate=True, mask=None, maskParams=None, name='unnamed ImageStim', opacity=1.0, ori=0.0, pos=array([0., 0.]), size=array([1536.,  864.]), texRes=128, units='pix', win=Window(...))
325.3201 	DATA 	Keypress: space
325.3320 	EXP 	unnamed TextStim: height = 25.0
325.3320 	EXP 	unnamed TextStim: height = 25.0
325.3320 	EXP 	unnamed TextStim: height = 25.0
325.3320 	EXP 	unnamed TextStim: text = '←'
326.9245 	DATA 	Keypress: right
326.9266 	EXP 	unnamed TextStim: height = 25.0
326.9266 	EXP 	unnamed TextStim: height = 25.0
326.9266 	EXP 	unnamed TextStim: height = 25.0
326.9266 	EXP 	unnamed TextStim: text = '→'
328.3673 	DATA 	Keypress: up
328.3684 	EXP 	unnamed TextStim: text = '→'
330.4705 	DATA 	Keypress: up
330.4726 	EXP 	unnamed TextStim: height = 25.0
330.4726 	EXP 	unnamed TextStim: height = 25.0
330.4726 	EXP 	unnamed TextStim: height = 25.0
330.4726 	EXP 	unnamed TextStim: text = '←'
331.9431 	DATA 	Keypress: left
331.9442 	EXP 	unnamed TextStim: text = '←'
333.3823 	DATA 	Keypress: left
333.3844 	EXP 	unnamed TextStim: height = 25.0
333.3844 	EXP 	unnamed TextStim: height = 25.0
333.3844 	EXP 	unnamed TextStim: height = 25.0
333.3844 	EXP 	unnamed TextStim: text = '↑'
334.7842 	DATA 	Keypress: up
334.9048 	EXP 	Created unnamed ImageStim = ImageStim(__class__=<class 'psychopy.visual.image.ImageStim'>, anchor=('center', 'center'), autoLog=True, color=array([1., 1., 1.]), colorSpace='rgb', contrast=1.0, depth=0, flipHoriz=False, flipVert=False, image='break.jpg', interpolate=True, mask=None, maskParams=None, name='unnamed ImageStim', opacity=1.0, ori=0.0, pos=array([0., 0.]), size=array([1536.,  864.]), texRes=128, units='pix', win=Window(...))
335.8520 	DATA 	Keypress: space
335.8654 	EXP 	unnamed TextStim: height = 25.0
335.8654 	EXP 	unnamed TextStim: height = 25.0
335.8654 	EXP 	unnamed TextStim: height = 25.0
335.8654 	EXP 	unnamed TextStim: text = '→'
337.2983 	DATA 	Keypress: up
337.2995 	EXP 	unnamed TextStim: text = '→'
338.7061 	DATA 	Keypress: right
338.7073 	EXP 	unnamed TextStim: text = '→'
340.1731 	DATA 	Keypress: up
340.1751 	EXP 	unnamed TextStim: height = 25.0
340.1751 	EXP 	unnamed TextStim: height = 25.0
340.1751 	EXP 	unnamed TextStim: height = 25.0
340.1751 	EXP 	unnamed TextStim: text = '↓'
341.5996 	DATA 	Keypress: down
341.6017 	EXP 	unnamed TextStim: height = 25.0
341.6017 	EXP 	unnamed TextStim: height = 25.0
341.6017 	EXP 	unnamed TextStim: height = 25.0
341.6017 	EXP 	unnamed TextStim: text = '→'
342.9007 	DATA 	Keypress: right
342.9030 	EXP 	unnamed TextStim: height = 25.0
342.9030 	EXP 	unnamed TextStim: height = 25.0
342.9030 	EXP 	unnamed TextStim: height = 25.0
342.9030 	EXP 	unnamed TextStim: text = '↓'
344.2965 	DATA 	Keypress: down
344.4211 	EXP 	Created unnamed ImageStim = ImageStim(__class__=<class 'psychopy.visual.image.ImageStim'>, anchor=('center', 'center'), autoLog=True, color=array([1., 1., 1.]), colorSpace='rgb', contrast=1.0, depth=0, flipHoriz=False, flipVert=False, image='break.jpg', interpolate=True, mask=None, maskParams=None, name='unnamed ImageStim', opacity=1.0, ori=0.0, pos=array([0., 0.]), size=array([1536.,  864.]), texRes=128, units='pix', win=Window(...))
345.2661 	DATA 	Keypress: space
345.2824 	EXP 	unnamed TextStim: height = 25.0
345.2824 	EXP 	unnamed TextStim: height = 25.0
345.2824 	EXP 	unnamed TextStim: height = 25.0
345.2824 	EXP 	unnamed TextStim: text = '↑'
346.6538 	DATA 	Keypress: up
346.6559 	EXP 	unnamed TextStim: height = 25.0
346.6559 	EXP 	unnamed TextStim: height = 25.0
346.6559 	EXP 	unnamed TextStim: height = 25.0
346.6559 	EXP 	unnamed TextStim: text = '↓'
348.3174 	DATA 	Keypress: right
348.3195 	EXP 	unnamed TextStim: height = 25.0
348.3195 	EXP 	unnamed TextStim: height = 25.0
348.3195 	EXP 	unnamed TextStim: height = 25.0
348.3195 	EXP 	unnamed TextStim: text = '↑'
350.0327 	DATA 	Keypress: up
350.0349 	EXP 	unnamed TextStim: height = 25.0
350.0349 	EXP 	unnamed TextStim: height = 25.0
350.0349 	EXP 	unnamed TextStim: height = 25.0
350.0349 	EXP 	unnamed TextStim: text = '↓'
351.4095 	DATA 	Keypress: down
351.4107 	EXP 	unnamed TextStim: text = '↓'
352.6722 	DATA 	Keypress: down
352.6743 	EXP 	unnamed TextStim: height = 25.0
352.6743 	EXP 	unnamed TextStim: height = 25.0
352.6743 	EXP 	unnamed TextStim: height = 25.0
352.6743 	EXP 	unnamed TextStim: text = '→'
354.3195 	DATA 	Keypress: right
354.4325 	EXP 	Created unnamed ImageStim = ImageStim(__class__=<class 'psychopy.visual.image.ImageStim'>, anchor=('center', 'center'), autoLog=True, color=array([1., 1., 1.]), colorSpace='rgb', contrast=1.0, depth=0, flipHoriz=False, flipVert=False, image='break.jpg', interpolate=True, mask=None, maskParams=None, name='unnamed ImageStim', opacity=1.0, ori=0.0, pos=array([0., 0.]), size=array([1536.,  864.]), texRes=128, units='pix', win=Window(...))
355.3329 	DATA 	Keypress: space
355.3497 	EXP 	unnamed TextStim: height = 25.0
355.3497 	EXP 	unnamed TextStim: height = 25.0
355.3497 	EXP 	unnamed TextStim: height = 25.0
355.3497 	EXP 	unnamed TextStim: text = '↓'
356.6434 	DATA 	Keypress: down
356.6445 	EXP 	unnamed TextStim: text = '↓'
358.1605 	DATA 	Keypress: right
358.1616 	EXP 	unnamed TextStim: text = '↓'
359.5419 	DATA 	Keypress: down
359.5440 	EXP 	unnamed TextStim: height = 25.0
359.5440 	EXP 	unnamed TextStim: height = 25.0
359.5440 	EXP 	unnamed TextStim: height = 25.0
359.5440 	EXP 	unnamed TextStim: text = '↑'
361.8458 	DATA 	Keypress: down
361.8470 	EXP 	unnamed TextStim: text = '↑'
363.3323 	DATA 	Keypress: right
363.3337 	EXP 	unnamed TextStim: text = '↑'
364.6586 	DATA 	Keypress: up
364.7822 	EXP 	Created unnamed ImageStim = ImageStim(__class__=<class 'psychopy.visual.image.ImageStim'>, anchor=('center', 'center'), autoLog=True, color=array([1., 1., 1.]), colorSpace='rgb', contrast=1.0, depth=0, flipHoriz=False, flipVert=False, image='break.jpg', interpolate=True, mask=None, maskParams=None, name='unnamed ImageStim', opacity=1.0, ori=0.0, pos=array([0., 0.]), size=array([1536.,  864.]), texRes=128, units='pix', win=Window(...))
365.7898 	DATA 	Keypress: space
365.8000 	EXP 	unnamed TextStim: height = 25.0
365.8000 	EXP 	unnamed TextStim: height = 25.0
365.8000 	EXP 	unnamed TextStim: height = 25.0
365.8000 	EXP 	unnamed TextStim: text = '↓'
367.1883 	DATA 	Keypress: down
367.1905 	EXP 	unnamed TextStim: height = 25.0
367.1905 	EXP 	unnamed TextStim: height = 25.0
367.1905 	EXP 	unnamed TextStim: height = 25.0
367.1905 	EXP 	unnamed TextStim: text = '↑'
369.8837 	DATA 	No keypress (maxWait exceeded)
369.8871 	EXP 	unnamed TextStim: height = 25.0
369.8871 	EXP 	unnamed TextStim: height = 25.0
369.8871 	EXP 	unnamed TextStim: height = 25.0
369.8871 	EXP 	unnamed TextStim: text = '↓'
371.7263 	DATA 	Keypress: right
371.7285 	EXP 	unnamed TextStim: height = 25.0
371.7285 	EXP 	unnamed TextStim: height = 25.0
371.7285 	EXP 	unnamed TextStim: height = 25.0
371.7285 	EXP 	unnamed TextStim: text = '↑'
373.2780 	DATA 	Keypress: up
373.2804 	EXP 	unnamed TextStim: height = 25.0
373.2804 	EXP 	unnamed TextStim: height = 25.0
373.2804 	EXP 	unnamed TextStim: height = 25.0
373.2804 	EXP 	unnamed TextStim: text = '←'
374.8362 	DATA 	Keypress: down
374.8383 	EXP 	unnamed TextStim: height = 25.0
374.8383 	EXP 	unnamed TextStim: height = 25.0
374.8383 	EXP 	unnamed TextStim: height = 25.0
374.8383 	EXP 	unnamed TextStim: text = '↑'
376.3643 	DATA 	Keypress: down
376.5122 	EXP 	Created unnamed ImageStim = ImageStim(__class__=<class 'psychopy.visual.image.ImageStim'>, anchor=('center', 'center'), autoLog=True, color=array([1., 1., 1.]), colorSpace='rgb', contrast=1.0, depth=0, flipHoriz=False, flipVert=False, image='break.jpg', interpolate=True, mask=None, maskParams=None, name='unnamed ImageStim', opacity=1.0, ori=0.0, pos=array([0., 0.]), size=array([1536.,  864.]), texRes=128, units='pix', win=Window(...))
377.9544 	DATA 	Keypress: space
377.9672 	EXP 	unnamed TextStim: height = 25.0
377.9672 	EXP 	unnamed TextStim: height = 25.0
377.9672 	EXP 	unnamed TextStim: height = 25.0
377.9672 	EXP 	unnamed TextStim: text = '↓'
379.4435 	DATA 	Keypress: down
379.4457 	EXP 	unnamed TextStim: height = 25.0
379.4457 	EXP 	unnamed TextStim: height = 25.0
379.4457 	EXP 	unnamed TextStim: height = 25.0
379.4457 	EXP 	unnamed TextStim: text = '→'
380.8337 	DATA 	Keypress: right
380.8362 	EXP 	unnamed TextStim: height = 25.0
380.8362 	EXP 	unnamed TextStim: height = 25.0
380.8362 	EXP 	unnamed TextStim: height = 25.0
380.8362 	EXP 	unnamed TextStim: text = '←'
382.3053 	DATA 	Keypress: left
382.3100 	EXP 	unnamed TextStim: height = 25.0
382.3100 	EXP 	unnamed TextStim: height = 25.0
382.3100 	EXP 	unnamed TextStim: height = 25.0
382.3100 	EXP 	unnamed TextStim: text = '→'
383.6561 	DATA 	Keypress: right
383.6583 	EXP 	unnamed TextStim: height = 25.0
383.6583 	EXP 	unnamed TextStim: height = 25.0
383.6583 	EXP 	unnamed TextStim: height = 25.0
383.6583 	EXP 	unnamed TextStim: text = '↑'
385.4732 	DATA 	Keypress: right
385.4744 	EXP 	unnamed TextStim: text = '↑'
386.9772 	DATA 	Keypress: up
387.0879 	EXP 	Created unnamed ImageStim = ImageStim(__class__=<class 'psychopy.visual.image.ImageStim'>, anchor=('center', 'center'), autoLog=True, color=array([1., 1., 1.]), colorSpace='rgb', contrast=1.0, depth=0, flipHoriz=False, flipVert=False, image='break.jpg', interpolate=True, mask=None, maskParams=None, name='unnamed ImageStim', opacity=1.0, ori=0.0, pos=array([0., 0.]), size=array([1536.,  864.]), texRes=128, units='pix', win=Window(...))
388.2276 	DATA 	Keypress: space
388.2339 	EXP 	unnamed TextStim: height = 25.0
388.2339 	EXP 	unnamed TextStim: height = 25.0
388.2339 	EXP 	unnamed TextStim: height = 25.0
388.2339 	EXP 	unnamed TextStim: text = '↓'
389.5913 	DATA 	Keypress: down
389.5925 	EXP 	unnamed TextStim: text = '↓'
391.1412 	DATA 	Keypress: right
391.1424 	EXP 	unnamed TextStim: text = '↓'
392.8284 	DATA 	Keypress: down
392.8305 	EXP 	unnamed TextStim: height = 25.0
392.8305 	EXP 	unnamed TextStim: height = 25.0
392.8305 	EXP 	unnamed TextStim: height = 25.0
392.8305 	EXP 	unnamed TextStim: text = '←'
394.4994 	DATA 	Keypress: right
394.5017 	EXP 	unnamed TextStim: height = 25.0
394.5017 	EXP 	unnamed TextStim: height = 25.0
394.5017 	EXP 	unnamed TextStim: height = 25.0
394.5017 	EXP 	unnamed TextStim: text = '↑'
396.1732 	DATA 	Keypress: down
396.1754 	EXP 	unnamed TextStim: height = 25.0
396.1754 	EXP 	unnamed TextStim: height = 25.0
396.1754 	EXP 	unnamed TextStim: height = 25.0
396.1754 	EXP 	unnamed TextStim: text = '↓'
397.9910 	DATA 	Keypress: up
398.1138 	EXP 	Created unnamed ImageStim = ImageStim(__class__=<class 'psychopy.visual.image.ImageStim'>, anchor=('center', 'center'), autoLog=True, color=array([1., 1., 1.]), colorSpace='rgb', contrast=1.0, depth=0, flipHoriz=False, flipVert=False, image='break.jpg', interpolate=True, mask=None, maskParams=None, name='unnamed ImageStim', opacity=1.0, ori=0.0, pos=array([0., 0.]), size=array([1536.,  864.]), texRes=128, units='pix', win=Window(...))
403.2494 	DATA 	Keypress: space
403.2746 	EXP 	Created unnamed TextStim = TextStim(__class__=<class 'psychopy.visual.text.TextStim'>, alignHoriz=method-wrapper(...), alignText='center', alignVert=method-wrapper(...), anchorHoriz='center', anchorVert='center', antialias=True, autoDraw=False, autoLog=True, bold=False, color=array([-1, -1, -1]), colorSpace='rgb', contrast=1.0, depth=0, flipHoriz=False, flipVert=False, font='', fontFiles=[], height=20.0, italic=False, languageStyle='LTR', name='unnamed TextStim', opacity=1.0, ori=0.0, pos=array([0., 0.]), rgb=UNKNOWN, text=str(...), units='pix', win=Window(...), wrapWidth=1536)
416.6981 	DATA 	Keypress: space
416.7522 	EXP 	window1: mouseVisible = True
