10.2877 	WARNING 	User requested fullscreen with size [1536  864], but screen is actually [1920, 1080]. Using actual size
11.5620 	INFO 	FRAME RATE: 60
11.5621 	INFO 	SCREEN RES: odict_values([1536, 864])
11.6203 	EXP 	Created unnamed TextStim = TextStim(__class__=<class 'psychopy.visual.text.TextStim'>, alignHoriz=method-wrapper(...), alignText='center', alignVert=method-wrapper(...), anchorHoriz='center', anchorVert='center', antialias=True, autoDraw=False, autoLog=True, bold=False, color=array([-1, -1, -1]), colorSpace='rgb', contrast=1.0, depth=0, flipHoriz=False, flipVert=False, font='', fontFiles=[], height=100.0, italic=False, languageStyle='LTR', name='unnamed TextStim', opacity=1.0, ori=0.0, pos=array([0., 0.]), rgb=UNKNOWN, text='+', units='pix', win=Window(...), wrapWidth=500)
11.6265 	EXP 	Created unnamed Circle = Circle(__class__=<class 'psychopy.visual.circle.Circle'>, anchor=('center', 'center'), autoDraw=False, autoLog=True, closeShape=True, color=method-wrapper(...), colorSpace='rgb', contrast=None, depth=0, fillColor=array([ 0.09019608, -1.        , -1.        ]), fillColorSpace='rgb', fillRGB=array([ 0.09019608, -1.        , -1.        ]), interpolate=True, lineColor=array([ 0.09019608, -1.        , -1.        ]), lineColorSpace='rgb', lineRGB=array([ 0.09019608, -1.        , -1.        ]), lineWidth=1.5, name='unnamed Circle', opacity=1.0, ori=0.0, pos=array([0., 0.]), size=array([1., 1.]), units='pix', vertices=ndarray(...), win=Window(...))
11.6272 	EXP 	Created unnamed TextStim = TextStim(__class__=<class 'psychopy.visual.text.TextStim'>, alignHoriz=method-wrapper(...), alignText='center', alignVert=method-wrapper(...), anchorHoriz='center', anchorVert='center', antialias=True, autoDraw=False, autoLog=True, bold=False, color=array([-0.17647059, -0.17647059, -0.17647059]), colorSpace='rgb', contrast=1.0, depth=0, flipHoriz=False, flipVert=False, font='', fontFiles=[], height=25, italic=False, languageStyle='LTR', name='unnamed TextStim', opacity=1.0, ori=0.0, pos=array([0., 0.]), rgb=UNKNOWN, text='', units='pix', win=Window(...), wrapWidth=500)
11.6410 	EXP 	Created unnamed ImageStim = ImageStim(__class__=<class 'psychopy.visual.image.ImageStim'>, anchor=('center', 'center'), autoLog=True, color=array([1., 1., 1.]), colorSpace='rgb', contrast=1.0, depth=0, flipHoriz=False, flipVert=False, image='mask4.png', interpolate=False, mask=None, maskParams=None, name='unnamed ImageStim', opacity=1.0, ori=0.0, pos=array([0., 0.]), size=array([25., 25.]), texRes=128, units='pix', win=Window(...))
11.6490 	EXP 	Created unnamed TextStim = TextStim(__class__=<class 'psychopy.visual.text.TextStim'>, alignHoriz=method-wrapper(...), alignText='center', alignVert=method-wrapper(...), anchorHoriz='center', anchorVert='center', antialias=True, autoDraw=False, autoLog=True, bold=False, color=array([-1, -1, -1]), colorSpace='rgb', contrast=1.0, depth=0, flipHoriz=False, flipVert=False, font='', fontFiles=[], height=30.0, italic=False, languageStyle='LTR', name='unnamed TextStim', opacity=1.0, ori=0.0, pos=array([ 100., -300.]), rgb=UNKNOWN, text=str(...), units='pix', win=Window(...), wrapWidth=10000)
11.6603 	EXP 	Created unnamed TextStim = TextStim(__class__=<class 'psychopy.visual.text.TextStim'>, alignHoriz=method-wrapper(...), alignText='center', alignVert=method-wrapper(...), anchorHoriz='center', anchorVert='center', antialias=True, autoDraw=False, autoLog=True, bold=False, color=array([-1, -1, -1]), colorSpace='rgb', contrast=1.0, depth=0, flipHoriz=False, flipVert=False, font='', fontFiles=[], height=30.0, italic=False, languageStyle='LTR', name='unnamed TextStim', opacity=1.0, ori=0.0, pos=array([ 100., -330.]), rgb=UNKNOWN, text=str(...), units='pix', win=Window(...), wrapWidth=10000)
11.6940 	EXP 	Created unnamed TextStim = TextStim(__class__=<class 'psychopy.visual.text.TextStim'>, alignHoriz=method-wrapper(...), alignText='center', alignVert=method-wrapper(...), anchorHoriz='center', anchorVert='center', antialias=True, autoDraw=False, autoLog=True, bold=False, color=array([-1, -1, -1]), colorSpace='rgb', contrast=1.0, depth=0, flipHoriz=False, flipVert=False, font='', fontFiles=[], height=20.0, italic=False, languageStyle='LTR', name='unnamed TextStim', opacity=1.0, ori=0.0, pos=array([0., 0.]), rgb=UNKNOWN, text=str(...), units='pix', win=Window(...), wrapWidth=1536)
31.3974 	DATA 	Keypress: space
31.4086 	EXP 	unnamed TextStim: height = 25.0
31.4086 	EXP 	unnamed TextStim: height = 25.0
31.4086 	EXP 	unnamed TextStim: height = 25.0
31.4086 	EXP 	unnamed TextStim: text = '←'
34.0702 	DATA 	Keypress: right
34.0771 	EXP 	Created unnamed TextStim = TextStim(__class__=<class 'psychopy.visual.text.TextStim'>, alignHoriz=method-wrapper(...), alignText='center', alignVert=method-wrapper(...), anchorHoriz='center', anchorVert='center', antialias=True, autoDraw=False, autoLog=True, bold=False, color=array([-1, -1, -1]), colorSpace='rgb', contrast=1.0, depth=0, flipHoriz=False, flipVert=False, font='', fontFiles=[], height=50.0, italic=False, languageStyle='LTR', name='unnamed TextStim', opacity=1.0, ori=0.0, pos=array([0., 0.]), rgb=UNKNOWN, text='Niepoprawnie', units='pix', win=Window(...), wrapWidth=500)
35.0923 	EXP 	unnamed TextStim: height = 25.0
35.0923 	EXP 	unnamed TextStim: height = 25.0
35.0923 	EXP 	unnamed TextStim: height = 25.0
35.0923 	EXP 	unnamed TextStim: text = '↑'
36.7935 	DATA 	Keypress: up
36.7966 	EXP 	Created unnamed TextStim = TextStim(__class__=<class 'psychopy.visual.text.TextStim'>, alignHoriz=method-wrapper(...), alignText='center', alignVert=method-wrapper(...), anchorHoriz='center', anchorVert='center', antialias=True, autoDraw=False, autoLog=True, bold=False, color=array([-1, -1, -1]), colorSpace='rgb', contrast=1.0, depth=0, flipHoriz=False, flipVert=False, font='', fontFiles=[], height=50.0, italic=False, languageStyle='LTR', name='unnamed TextStim', opacity=1.0, ori=0.0, pos=array([0., 0.]), rgb=UNKNOWN, text='Poprawnie', units='pix', win=Window(...), wrapWidth=500)
37.8087 	EXP 	unnamed TextStim: height = 25.0
37.8087 	EXP 	unnamed TextStim: height = 25.0
37.8087 	EXP 	unnamed TextStim: height = 25.0
37.8087 	EXP 	unnamed TextStim: text = '→'
39.5715 	DATA 	Keypress: right
39.5737 	EXP 	Created unnamed TextStim = TextStim(__class__=<class 'psychopy.visual.text.TextStim'>, alignHoriz=method-wrapper(...), alignText='center', alignVert=method-wrapper(...), anchorHoriz='center', anchorVert='center', antialias=True, autoDraw=False, autoLog=True, bold=False, color=array([-1, -1, -1]), colorSpace='rgb', contrast=1.0, depth=0, flipHoriz=False, flipVert=False, font='', fontFiles=[], height=50.0, italic=False, languageStyle='LTR', name='unnamed TextStim', opacity=1.0, ori=0.0, pos=array([0., 0.]), rgb=UNKNOWN, text='Poprawnie', units='pix', win=Window(...), wrapWidth=500)
40.5926 	EXP 	unnamed TextStim: height = 25.0
40.5926 	EXP 	unnamed TextStim: height = 25.0
40.5926 	EXP 	unnamed TextStim: height = 25.0
40.5926 	EXP 	unnamed TextStim: text = '←'
42.2821 	DATA 	Keypress: left
42.2843 	EXP 	Created unnamed TextStim = TextStim(__class__=<class 'psychopy.visual.text.TextStim'>, alignHoriz=method-wrapper(...), alignText='center', alignVert=method-wrapper(...), anchorHoriz='center', anchorVert='center', antialias=True, autoDraw=False, autoLog=True, bold=False, color=array([-1, -1, -1]), colorSpace='rgb', contrast=1.0, depth=0, flipHoriz=False, flipVert=False, font='', fontFiles=[], height=50.0, italic=False, languageStyle='LTR', name='unnamed TextStim', opacity=1.0, ori=0.0, pos=array([0., 0.]), rgb=UNKNOWN, text='Poprawnie', units='pix', win=Window(...), wrapWidth=500)
43.2926 	EXP 	unnamed TextStim: height = 25.0
43.2926 	EXP 	unnamed TextStim: height = 25.0
43.2926 	EXP 	unnamed TextStim: height = 25.0
43.2926 	EXP 	unnamed TextStim: text = '→'
45.0312 	DATA 	Keypress: right
45.0331 	EXP 	Created unnamed TextStim = TextStim(__class__=<class 'psychopy.visual.text.TextStim'>, alignHoriz=method-wrapper(...), alignText='center', alignVert=method-wrapper(...), anchorHoriz='center', anchorVert='center', antialias=True, autoDraw=False, autoLog=True, bold=False, color=array([-1, -1, -1]), colorSpace='rgb', contrast=1.0, depth=0, flipHoriz=False, flipVert=False, font='', fontFiles=[], height=50.0, italic=False, languageStyle='LTR', name='unnamed TextStim', opacity=1.0, ori=0.0, pos=array([0., 0.]), rgb=UNKNOWN, text='Poprawnie', units='pix', win=Window(...), wrapWidth=500)
46.0428 	EXP 	unnamed TextStim: height = 25.0
46.0428 	EXP 	unnamed TextStim: height = 25.0
46.0428 	EXP 	unnamed TextStim: height = 25.0
46.0428 	EXP 	unnamed TextStim: text = '←'
47.8319 	DATA 	Keypress: left
47.8339 	EXP 	Created unnamed TextStim = TextStim(__class__=<class 'psychopy.visual.text.TextStim'>, alignHoriz=method-wrapper(...), alignText='center', alignVert=method-wrapper(...), anchorHoriz='center', anchorVert='center', antialias=True, autoDraw=False, autoLog=True, bold=False, color=array([-1, -1, -1]), colorSpace='rgb', contrast=1.0, depth=0, flipHoriz=False, flipVert=False, font='', fontFiles=[], height=50.0, italic=False, languageStyle='LTR', name='unnamed TextStim', opacity=1.0, ori=0.0, pos=array([0., 0.]), rgb=UNKNOWN, text='Poprawnie', units='pix', win=Window(...), wrapWidth=500)
48.8428 	EXP 	unnamed TextStim: text = '←'
50.5321 	DATA 	Keypress: left
50.5341 	EXP 	Created unnamed TextStim = TextStim(__class__=<class 'psychopy.visual.text.TextStim'>, alignHoriz=method-wrapper(...), alignText='center', alignVert=method-wrapper(...), anchorHoriz='center', anchorVert='center', antialias=True, autoDraw=False, autoLog=True, bold=False, color=array([-1, -1, -1]), colorSpace='rgb', contrast=1.0, depth=0, flipHoriz=False, flipVert=False, font='', fontFiles=[], height=50.0, italic=False, languageStyle='LTR', name='unnamed TextStim', opacity=1.0, ori=0.0, pos=array([0., 0.]), rgb=UNKNOWN, text='Poprawnie', units='pix', win=Window(...), wrapWidth=500)
51.5429 	EXP 	unnamed TextStim: height = 25.0
51.5429 	EXP 	unnamed TextStim: height = 25.0
51.5429 	EXP 	unnamed TextStim: height = 25.0
51.5429 	EXP 	unnamed TextStim: text = '↑'
53.2354 	DATA 	Keypress: up
53.2375 	EXP 	Created unnamed TextStim = TextStim(__class__=<class 'psychopy.visual.text.TextStim'>, alignHoriz=method-wrapper(...), alignText='center', alignVert=method-wrapper(...), anchorHoriz='center', anchorVert='center', antialias=True, autoDraw=False, autoLog=True, bold=False, color=array([-1, -1, -1]), colorSpace='rgb', contrast=1.0, depth=0, flipHoriz=False, flipVert=False, font='', fontFiles=[], height=50.0, italic=False, languageStyle='LTR', name='unnamed TextStim', opacity=1.0, ori=0.0, pos=array([0., 0.]), rgb=UNKNOWN, text='Poprawnie', units='pix', win=Window(...), wrapWidth=500)
54.2430 	EXP 	unnamed TextStim: text = '↑'
55.8701 	DATA 	Keypress: up
55.8721 	EXP 	Created unnamed TextStim = TextStim(__class__=<class 'psychopy.visual.text.TextStim'>, alignHoriz=method-wrapper(...), alignText='center', alignVert=method-wrapper(...), anchorHoriz='center', anchorVert='center', antialias=True, autoDraw=False, autoLog=True, bold=False, color=array([-1, -1, -1]), colorSpace='rgb', contrast=1.0, depth=0, flipHoriz=False, flipVert=False, font='', fontFiles=[], height=50.0, italic=False, languageStyle='LTR', name='unnamed TextStim', opacity=1.0, ori=0.0, pos=array([0., 0.]), rgb=UNKNOWN, text='Poprawnie', units='pix', win=Window(...), wrapWidth=500)
56.8770 	EXP 	unnamed TextStim: height = 25.0
56.8770 	EXP 	unnamed TextStim: height = 25.0
56.8770 	EXP 	unnamed TextStim: height = 25.0
56.8770 	EXP 	unnamed TextStim: text = '→'
58.4621 	DATA 	Keypress: right
58.4642 	EXP 	Created unnamed TextStim = TextStim(__class__=<class 'psychopy.visual.text.TextStim'>, alignHoriz=method-wrapper(...), alignText='center', alignVert=method-wrapper(...), anchorHoriz='center', anchorVert='center', antialias=True, autoDraw=False, autoLog=True, bold=False, color=array([-1, -1, -1]), colorSpace='rgb', contrast=1.0, depth=0, flipHoriz=False, flipVert=False, font='', fontFiles=[], height=50.0, italic=False, languageStyle='LTR', name='unnamed TextStim', opacity=1.0, ori=0.0, pos=array([0., 0.]), rgb=UNKNOWN, text='Poprawnie', units='pix', win=Window(...), wrapWidth=500)
59.4765 	EXP 	unnamed TextStim: height = 25.0
59.4765 	EXP 	unnamed TextStim: height = 25.0
59.4765 	EXP 	unnamed TextStim: height = 25.0
59.4765 	EXP 	unnamed TextStim: text = '←'
60.9441 	DATA 	Keypress: left
62.4443 	DATA 	No keypress (maxWait exceeded)
62.4467 	EXP 	Created unnamed TextStim = TextStim(__class__=<class 'psychopy.visual.text.TextStim'>, alignHoriz=method-wrapper(...), alignText='center', alignVert=method-wrapper(...), anchorHoriz='center', anchorVert='center', antialias=True, autoDraw=False, autoLog=True, bold=False, color=array([-1, -1, -1]), colorSpace='rgb', contrast=1.0, depth=0, flipHoriz=False, flipVert=False, font='', fontFiles=[], height=50.0, italic=False, languageStyle='LTR', name='unnamed TextStim', opacity=1.0, ori=0.0, pos=array([0., 0.]), rgb=UNKNOWN, text='Niepoprawnie', units='pix', win=Window(...), wrapWidth=500)
63.4601 	EXP 	unnamed TextStim: height = 25.0
63.4601 	EXP 	unnamed TextStim: height = 25.0
63.4601 	EXP 	unnamed TextStim: height = 25.0
63.4601 	EXP 	unnamed TextStim: text = '↑'
65.3229 	DATA 	Keypress: up
65.3248 	EXP 	Created unnamed TextStim = TextStim(__class__=<class 'psychopy.visual.text.TextStim'>, alignHoriz=method-wrapper(...), alignText='center', alignVert=method-wrapper(...), anchorHoriz='center', anchorVert='center', antialias=True, autoDraw=False, autoLog=True, bold=False, color=array([-1, -1, -1]), colorSpace='rgb', contrast=1.0, depth=0, flipHoriz=False, flipVert=False, font='', fontFiles=[], height=50.0, italic=False, languageStyle='LTR', name='unnamed TextStim', opacity=1.0, ori=0.0, pos=array([0., 0.]), rgb=UNKNOWN, text='Poprawnie', units='pix', win=Window(...), wrapWidth=500)
66.3435 	EXP 	unnamed TextStim: height = 25.0
66.3435 	EXP 	unnamed TextStim: height = 25.0
66.3435 	EXP 	unnamed TextStim: height = 25.0
66.3435 	EXP 	unnamed TextStim: text = '→'
68.0374 	DATA 	Keypress: right
68.0393 	EXP 	Created unnamed TextStim = TextStim(__class__=<class 'psychopy.visual.text.TextStim'>, alignHoriz=method-wrapper(...), alignText='center', alignVert=method-wrapper(...), anchorHoriz='center', anchorVert='center', antialias=True, autoDraw=False, autoLog=True, bold=False, color=array([-1, -1, -1]), colorSpace='rgb', contrast=1.0, depth=0, flipHoriz=False, flipVert=False, font='', fontFiles=[], height=50.0, italic=False, languageStyle='LTR', name='unnamed TextStim', opacity=1.0, ori=0.0, pos=array([0., 0.]), rgb=UNKNOWN, text='Poprawnie', units='pix', win=Window(...), wrapWidth=500)
69.0434 	EXP 	unnamed TextStim: height = 25.0
69.0434 	EXP 	unnamed TextStim: height = 25.0
69.0434 	EXP 	unnamed TextStim: height = 25.0
69.0434 	EXP 	unnamed TextStim: text = '←'
70.5689 	DATA 	Keypress: left
70.5709 	EXP 	Created unnamed TextStim = TextStim(__class__=<class 'psychopy.visual.text.TextStim'>, alignHoriz=method-wrapper(...), alignText='center', alignVert=method-wrapper(...), anchorHoriz='center', anchorVert='center', antialias=True, autoDraw=False, autoLog=True, bold=False, color=array([-1, -1, -1]), colorSpace='rgb', contrast=1.0, depth=0, flipHoriz=False, flipVert=False, font='', fontFiles=[], height=50.0, italic=False, languageStyle='LTR', name='unnamed TextStim', opacity=1.0, ori=0.0, pos=array([0., 0.]), rgb=UNKNOWN, text='Poprawnie', units='pix', win=Window(...), wrapWidth=500)
71.5771 	EXP 	unnamed TextStim: height = 25.0
71.5771 	EXP 	unnamed TextStim: height = 25.0
71.5771 	EXP 	unnamed TextStim: height = 25.0
71.5771 	EXP 	unnamed TextStim: text = '↑'
73.2553 	DATA 	Keypress: up
73.2572 	EXP 	Created unnamed TextStim = TextStim(__class__=<class 'psychopy.visual.text.TextStim'>, alignHoriz=method-wrapper(...), alignText='center', alignVert=method-wrapper(...), anchorHoriz='center', anchorVert='center', antialias=True, autoDraw=False, autoLog=True, bold=False, color=array([-1, -1, -1]), colorSpace='rgb', contrast=1.0, depth=0, flipHoriz=False, flipVert=False, font='', fontFiles=[], height=50.0, italic=False, languageStyle='LTR', name='unnamed TextStim', opacity=1.0, ori=0.0, pos=array([0., 0.]), rgb=UNKNOWN, text='Poprawnie', units='pix', win=Window(...), wrapWidth=500)
74.2883 	EXP 	Created unnamed TextStim = TextStim(__class__=<class 'psychopy.visual.text.TextStim'>, alignHoriz=method-wrapper(...), alignText='center', alignVert=method-wrapper(...), anchorHoriz='center', anchorVert='center', antialias=True, autoDraw=False, autoLog=True, bold=False, color=array([-1, -1, -1]), colorSpace='rgb', contrast=1.0, depth=0, flipHoriz=False, flipVert=False, font='', fontFiles=[], height=20.0, italic=False, languageStyle='LTR', name='unnamed TextStim', opacity=1.0, ori=0.0, pos=array([0., 0.]), rgb=UNKNOWN, text=str(...), units='pix', win=Window(...), wrapWidth=1536)
83.8528 	DATA 	Keypress: space
83.8606 	EXP 	unnamed TextStim: text = '↑'
85.3384 	DATA 	Keypress: up
85.3451 	EXP 	Created unnamed TextStim = TextStim(__class__=<class 'psychopy.visual.text.TextStim'>, alignHoriz=method-wrapper(...), alignText='center', alignVert=method-wrapper(...), anchorHoriz='center', anchorVert='center', antialias=True, autoDraw=False, autoLog=True, bold=False, color=array([-1, -1, -1]), colorSpace='rgb', contrast=1.0, depth=0, flipHoriz=False, flipVert=False, font='', fontFiles=[], height=50.0, italic=False, languageStyle='LTR', name='unnamed TextStim', opacity=1.0, ori=0.0, pos=array([0., 0.]), rgb=UNKNOWN, text='Poprawnie', units='pix', win=Window(...), wrapWidth=500)
86.3611 	EXP 	unnamed TextStim: text = '↑'
87.9593 	DATA 	Keypress: up
87.9616 	EXP 	Created unnamed TextStim = TextStim(__class__=<class 'psychopy.visual.text.TextStim'>, alignHoriz=method-wrapper(...), alignText='center', alignVert=method-wrapper(...), anchorHoriz='center', anchorVert='center', antialias=True, autoDraw=False, autoLog=True, bold=False, color=array([-1, -1, -1]), colorSpace='rgb', contrast=1.0, depth=0, flipHoriz=False, flipVert=False, font='', fontFiles=[], height=50.0, italic=False, languageStyle='LTR', name='unnamed TextStim', opacity=1.0, ori=0.0, pos=array([0., 0.]), rgb=UNKNOWN, text='Poprawnie', units='pix', win=Window(...), wrapWidth=500)
88.9777 	EXP 	unnamed TextStim: height = 25.0
88.9777 	EXP 	unnamed TextStim: height = 25.0
88.9777 	EXP 	unnamed TextStim: height = 25.0
88.9777 	EXP 	unnamed TextStim: text = '→'
90.6483 	DATA 	Keypress: right
90.6504 	EXP 	Created unnamed TextStim = TextStim(__class__=<class 'psychopy.visual.text.TextStim'>, alignHoriz=method-wrapper(...), alignText='center', alignVert=method-wrapper(...), anchorHoriz='center', anchorVert='center', antialias=True, autoDraw=False, autoLog=True, bold=False, color=array([-1, -1, -1]), colorSpace='rgb', contrast=1.0, depth=0, flipHoriz=False, flipVert=False, font='', fontFiles=[], height=50.0, italic=False, languageStyle='LTR', name='unnamed TextStim', opacity=1.0, ori=0.0, pos=array([0., 0.]), rgb=UNKNOWN, text='Poprawnie', units='pix', win=Window(...), wrapWidth=500)
91.6611 	EXP 	unnamed TextStim: text = '→'
93.3803 	DATA 	Keypress: right
93.3823 	EXP 	Created unnamed TextStim = TextStim(__class__=<class 'psychopy.visual.text.TextStim'>, alignHoriz=method-wrapper(...), alignText='center', alignVert=method-wrapper(...), anchorHoriz='center', anchorVert='center', antialias=True, autoDraw=False, autoLog=True, bold=False, color=array([-1, -1, -1]), colorSpace='rgb', contrast=1.0, depth=0, flipHoriz=False, flipVert=False, font='', fontFiles=[], height=50.0, italic=False, languageStyle='LTR', name='unnamed TextStim', opacity=1.0, ori=0.0, pos=array([0., 0.]), rgb=UNKNOWN, text='Poprawnie', units='pix', win=Window(...), wrapWidth=500)
94.3946 	EXP 	unnamed TextStim: height = 25.0
94.3946 	EXP 	unnamed TextStim: height = 25.0
94.3946 	EXP 	unnamed TextStim: height = 25.0
94.3946 	EXP 	unnamed TextStim: text = '↓'
96.0028 	DATA 	Keypress: up
96.0057 	EXP 	Created unnamed TextStim = TextStim(__class__=<class 'psychopy.visual.text.TextStim'>, alignHoriz=method-wrapper(...), alignText='center', alignVert=method-wrapper(...), anchorHoriz='center', anchorVert='center', antialias=True, autoDraw=False, autoLog=True, bold=False, color=array([-1, -1, -1]), colorSpace='rgb', contrast=1.0, depth=0, flipHoriz=False, flipVert=False, font='', fontFiles=[], height=50.0, italic=False, languageStyle='LTR', name='unnamed TextStim', opacity=1.0, ori=0.0, pos=array([0., 0.]), rgb=UNKNOWN, text='Niepoprawnie', units='pix', win=Window(...), wrapWidth=500)
97.0111 	EXP 	unnamed TextStim: height = 25.0
97.0111 	EXP 	unnamed TextStim: height = 25.0
97.0111 	EXP 	unnamed TextStim: height = 25.0
97.0111 	EXP 	unnamed TextStim: text = '←'
98.9218 	DATA 	Keypress: right
98.9239 	EXP 	Created unnamed TextStim = TextStim(__class__=<class 'psychopy.visual.text.TextStim'>, alignHoriz=method-wrapper(...), alignText='center', alignVert=method-wrapper(...), anchorHoriz='center', anchorVert='center', antialias=True, autoDraw=False, autoLog=True, bold=False, color=array([-1, -1, -1]), colorSpace='rgb', contrast=1.0, depth=0, flipHoriz=False, flipVert=False, font='', fontFiles=[], height=50.0, italic=False, languageStyle='LTR', name='unnamed TextStim', opacity=1.0, ori=0.0, pos=array([0., 0.]), rgb=UNKNOWN, text='Niepoprawnie', units='pix', win=Window(...), wrapWidth=500)
99.9287 	EXP 	unnamed TextStim: height = 25.0
99.9287 	EXP 	unnamed TextStim: height = 25.0
99.9287 	EXP 	unnamed TextStim: height = 25.0
99.9287 	EXP 	unnamed TextStim: text = '↑'
101.3823 	DATA 	Keypress: up
101.3843 	EXP 	Created unnamed TextStim = TextStim(__class__=<class 'psychopy.visual.text.TextStim'>, alignHoriz=method-wrapper(...), alignText='center', alignVert=method-wrapper(...), anchorHoriz='center', anchorVert='center', antialias=True, autoDraw=False, autoLog=True, bold=False, color=array([-1, -1, -1]), colorSpace='rgb', contrast=1.0, depth=0, flipHoriz=False, flipVert=False, font='', fontFiles=[], height=50.0, italic=False, languageStyle='LTR', name='unnamed TextStim', opacity=1.0, ori=0.0, pos=array([0., 0.]), rgb=UNKNOWN, text='Poprawnie', units='pix', win=Window(...), wrapWidth=500)
102.3948 	EXP 	unnamed TextStim: height = 25.0
102.3948 	EXP 	unnamed TextStim: height = 25.0
102.3948 	EXP 	unnamed TextStim: height = 25.0
102.3948 	EXP 	unnamed TextStim: text = '→'
103.9933 	DATA 	Keypress: left
103.9954 	EXP 	Created unnamed TextStim = TextStim(__class__=<class 'psychopy.visual.text.TextStim'>, alignHoriz=method-wrapper(...), alignText='center', alignVert=method-wrapper(...), anchorHoriz='center', anchorVert='center', antialias=True, autoDraw=False, autoLog=True, bold=False, color=array([-1, -1, -1]), colorSpace='rgb', contrast=1.0, depth=0, flipHoriz=False, flipVert=False, font='', fontFiles=[], height=50.0, italic=False, languageStyle='LTR', name='unnamed TextStim', opacity=1.0, ori=0.0, pos=array([0., 0.]), rgb=UNKNOWN, text='Niepoprawnie', units='pix', win=Window(...), wrapWidth=500)
105.0115 	EXP 	unnamed TextStim: height = 25.0
105.0115 	EXP 	unnamed TextStim: height = 25.0
105.0115 	EXP 	unnamed TextStim: height = 25.0
105.0115 	EXP 	unnamed TextStim: text = '↓'
106.6646 	DATA 	Keypress: down
106.6669 	EXP 	Created unnamed TextStim = TextStim(__class__=<class 'psychopy.visual.text.TextStim'>, alignHoriz=method-wrapper(...), alignText='center', alignVert=method-wrapper(...), anchorHoriz='center', anchorVert='center', antialias=True, autoDraw=False, autoLog=True, bold=False, color=array([-1, -1, -1]), colorSpace='rgb', contrast=1.0, depth=0, flipHoriz=False, flipVert=False, font='', fontFiles=[], height=50.0, italic=False, languageStyle='LTR', name='unnamed TextStim', opacity=1.0, ori=0.0, pos=array([0., 0.]), rgb=UNKNOWN, text='Poprawnie', units='pix', win=Window(...), wrapWidth=500)
107.6784 	EXP 	unnamed TextStim: height = 25.0
107.6784 	EXP 	unnamed TextStim: height = 25.0
107.6784 	EXP 	unnamed TextStim: height = 25.0
107.6784 	EXP 	unnamed TextStim: text = '→'
109.2413 	DATA 	Keypress: right
109.2432 	EXP 	Created unnamed TextStim = TextStim(__class__=<class 'psychopy.visual.text.TextStim'>, alignHoriz=method-wrapper(...), alignText='center', alignVert=method-wrapper(...), anchorHoriz='center', anchorVert='center', antialias=True, autoDraw=False, autoLog=True, bold=False, color=array([-1, -1, -1]), colorSpace='rgb', contrast=1.0, depth=0, flipHoriz=False, flipVert=False, font='', fontFiles=[], height=50.0, italic=False, languageStyle='LTR', name='unnamed TextStim', opacity=1.0, ori=0.0, pos=array([0., 0.]), rgb=UNKNOWN, text='Poprawnie', units='pix', win=Window(...), wrapWidth=500)
110.2695 	EXP 	Created unnamed TextStim = TextStim(__class__=<class 'psychopy.visual.text.TextStim'>, alignHoriz=method-wrapper(...), alignText='center', alignVert=method-wrapper(...), anchorHoriz='center', anchorVert='center', antialias=True, autoDraw=False, autoLog=True, bold=False, color=array([-1, -1, -1]), colorSpace='rgb', contrast=1.0, depth=0, flipHoriz=False, flipVert=False, font='', fontFiles=[], height=20.0, italic=False, languageStyle='LTR', name='unnamed TextStim', opacity=1.0, ori=0.0, pos=array([0., 0.]), rgb=UNKNOWN, text=str(...), units='pix', win=Window(...), wrapWidth=1536)
116.1489 	DATA 	Keypress: space
116.1621 	EXP 	unnamed TextStim: height = 25.0
116.1621 	EXP 	unnamed TextStim: height = 25.0
116.1621 	EXP 	unnamed TextStim: height = 25.0
116.1621 	EXP 	unnamed TextStim: text = '←'
118.1611 	DATA 	Keypress: left
118.1637 	EXP 	unnamed TextStim: height = 25.0
118.1637 	EXP 	unnamed TextStim: height = 25.0
118.1637 	EXP 	unnamed TextStim: height = 25.0
118.1637 	EXP 	unnamed TextStim: text = '→'
119.6921 	DATA 	Keypress: right
119.6947 	EXP 	unnamed TextStim: height = 25.0
119.6947 	EXP 	unnamed TextStim: height = 25.0
119.6947 	EXP 	unnamed TextStim: height = 25.0
119.6947 	EXP 	unnamed TextStim: text = '↓'
121.4014 	DATA 	Keypress: right
121.4037 	EXP 	unnamed TextStim: height = 25.0
121.4037 	EXP 	unnamed TextStim: height = 25.0
121.4037 	EXP 	unnamed TextStim: height = 25.0
121.4037 	EXP 	unnamed TextStim: text = '→'
122.8234 	DATA 	Keypress: right
122.8258 	EXP 	unnamed TextStim: height = 25.0
122.8258 	EXP 	unnamed TextStim: height = 25.0
122.8258 	EXP 	unnamed TextStim: height = 25.0
122.8258 	EXP 	unnamed TextStim: text = '↓'
124.9175 	DATA 	Keypress: left
124.9195 	EXP 	unnamed TextStim: height = 25.0
124.9195 	EXP 	unnamed TextStim: height = 25.0
124.9195 	EXP 	unnamed TextStim: height = 25.0
124.9195 	EXP 	unnamed TextStim: text = '←'
126.7843 	DATA 	Keypress: left
126.9134 	EXP 	Created unnamed ImageStim = ImageStim(__class__=<class 'psychopy.visual.image.ImageStim'>, anchor=('center', 'center'), autoLog=True, color=array([1., 1., 1.]), colorSpace='rgb', contrast=1.0, depth=0, flipHoriz=False, flipVert=False, image='break.jpg', interpolate=True, mask=None, maskParams=None, name='unnamed ImageStim', opacity=1.0, ori=0.0, pos=array([0., 0.]), size=array([1536.,  864.]), texRes=128, units='pix', win=Window(...))
129.3233 	DATA 	Keypress: space
129.3291 	EXP 	unnamed TextStim: text = '←'
131.1475 	DATA 	Keypress: left
131.1499 	EXP 	unnamed TextStim: height = 25.0
131.1499 	EXP 	unnamed TextStim: height = 25.0
131.1499 	EXP 	unnamed TextStim: height = 25.0
131.1499 	EXP 	unnamed TextStim: text = '↓'
132.9320 	DATA 	Keypress: down
132.9331 	EXP 	unnamed TextStim: text = '↓'
134.6472 	DATA 	Keypress: down
134.6512 	EXP 	unnamed TextStim: height = 25.0
134.6512 	EXP 	unnamed TextStim: height = 25.0
134.6512 	EXP 	unnamed TextStim: height = 25.0
134.6512 	EXP 	unnamed TextStim: text = '←'
136.3501 	DATA 	Keypress: left
136.3526 	EXP 	unnamed TextStim: height = 25.0
136.3526 	EXP 	unnamed TextStim: height = 25.0
136.3526 	EXP 	unnamed TextStim: height = 25.0
136.3526 	EXP 	unnamed TextStim: text = '↑'
138.1686 	DATA 	Keypress: up
138.1698 	EXP 	unnamed TextStim: text = '↑'
140.0182 	DATA 	Keypress: up
140.1397 	EXP 	Created unnamed ImageStim = ImageStim(__class__=<class 'psychopy.visual.image.ImageStim'>, anchor=('center', 'center'), autoLog=True, color=array([1., 1., 1.]), colorSpace='rgb', contrast=1.0, depth=0, flipHoriz=False, flipVert=False, image='break.jpg', interpolate=True, mask=None, maskParams=None, name='unnamed ImageStim', opacity=1.0, ori=0.0, pos=array([0., 0.]), size=array([1536.,  864.]), texRes=128, units='pix', win=Window(...))
140.9942 	DATA 	Keypress: space
140.9970 	EXP 	unnamed TextStim: height = 25.0
140.9970 	EXP 	unnamed TextStim: height = 25.0
140.9970 	EXP 	unnamed TextStim: height = 25.0
140.9970 	EXP 	unnamed TextStim: text = '↓'
142.7847 	DATA 	Keypress: down
142.7860 	EXP 	unnamed TextStim: text = '↓'
144.5980 	DATA 	Keypress: down
144.6003 	EXP 	unnamed TextStim: height = 25.0
144.6003 	EXP 	unnamed TextStim: height = 25.0
144.6003 	EXP 	unnamed TextStim: height = 25.0
144.6003 	EXP 	unnamed TextStim: text = '→'
146.6897 	DATA 	Keypress: down
146.6922 	EXP 	unnamed TextStim: height = 25.0
146.6922 	EXP 	unnamed TextStim: height = 25.0
146.6922 	EXP 	unnamed TextStim: height = 25.0
146.6922 	EXP 	unnamed TextStim: text = '↓'
148.4510 	DATA 	Keypress: right
148.4532 	EXP 	unnamed TextStim: height = 25.0
148.4532 	EXP 	unnamed TextStim: height = 25.0
148.4532 	EXP 	unnamed TextStim: height = 25.0
148.4532 	EXP 	unnamed TextStim: text = '←'
150.1002 	DATA 	Keypress: left
150.1025 	EXP 	unnamed TextStim: height = 25.0
150.1025 	EXP 	unnamed TextStim: height = 25.0
150.1025 	EXP 	unnamed TextStim: height = 25.0
150.1025 	EXP 	unnamed TextStim: text = '→'
151.7494 	DATA 	Keypress: right
151.8715 	EXP 	Created unnamed ImageStim = ImageStim(__class__=<class 'psychopy.visual.image.ImageStim'>, anchor=('center', 'center'), autoLog=True, color=array([1., 1., 1.]), colorSpace='rgb', contrast=1.0, depth=0, flipHoriz=False, flipVert=False, image='break.jpg', interpolate=True, mask=None, maskParams=None, name='unnamed ImageStim', opacity=1.0, ori=0.0, pos=array([0., 0.]), size=array([1536.,  864.]), texRes=128, units='pix', win=Window(...))
152.5248 	DATA 	Keypress: space
152.5300 	EXP 	unnamed TextStim: height = 25.0
152.5300 	EXP 	unnamed TextStim: height = 25.0
152.5300 	EXP 	unnamed TextStim: height = 25.0
152.5300 	EXP 	unnamed TextStim: text = '↓'
154.2333 	DATA 	Keypress: down
154.2386 	EXP 	unnamed TextStim: height = 25.0
154.2386 	EXP 	unnamed TextStim: height = 25.0
154.2386 	EXP 	unnamed TextStim: height = 25.0
154.2386 	EXP 	unnamed TextStim: text = '←'
156.0156 	DATA 	Keypress: left
156.0180 	EXP 	unnamed TextStim: height = 25.0
156.0180 	EXP 	unnamed TextStim: height = 25.0
156.0180 	EXP 	unnamed TextStim: height = 25.0
156.0180 	EXP 	unnamed TextStim: text = '↓'
157.6952 	DATA 	Keypress: down
157.6976 	EXP 	unnamed TextStim: height = 25.0
157.6976 	EXP 	unnamed TextStim: height = 25.0
157.6976 	EXP 	unnamed TextStim: height = 25.0
157.6976 	EXP 	unnamed TextStim: text = '→'
159.4405 	DATA 	Keypress: down
159.4417 	EXP 	unnamed TextStim: text = '→'
161.1014 	DATA 	Keypress: right
161.1037 	EXP 	unnamed TextStim: height = 25.0
161.1037 	EXP 	unnamed TextStim: height = 25.0
161.1037 	EXP 	unnamed TextStim: height = 25.0
161.1037 	EXP 	unnamed TextStim: text = '↓'
162.7815 	DATA 	Keypress: down
162.8977 	EXP 	Created unnamed ImageStim = ImageStim(__class__=<class 'psychopy.visual.image.ImageStim'>, anchor=('center', 'center'), autoLog=True, color=array([1., 1., 1.]), colorSpace='rgb', contrast=1.0, depth=0, flipHoriz=False, flipVert=False, image='break.jpg', interpolate=True, mask=None, maskParams=None, name='unnamed ImageStim', opacity=1.0, ori=0.0, pos=array([0., 0.]), size=array([1536.,  864.]), texRes=128, units='pix', win=Window(...))
163.6389 	DATA 	Keypress: space
163.6470 	EXP 	unnamed TextStim: height = 25.0
163.6470 	EXP 	unnamed TextStim: height = 25.0
163.6470 	EXP 	unnamed TextStim: height = 25.0
163.6470 	EXP 	unnamed TextStim: text = '→'
165.4250 	DATA 	Keypress: right
165.4272 	EXP 	unnamed TextStim: height = 25.0
165.4272 	EXP 	unnamed TextStim: height = 25.0
165.4272 	EXP 	unnamed TextStim: height = 25.0
165.4272 	EXP 	unnamed TextStim: text = '↓'
167.0458 	DATA 	Keypress: down
167.0470 	EXP 	unnamed TextStim: text = '↓'
168.7067 	DATA 	Keypress: down
168.7091 	EXP 	unnamed TextStim: height = 25.0
168.7091 	EXP 	unnamed TextStim: height = 25.0
168.7091 	EXP 	unnamed TextStim: height = 25.0
168.7091 	EXP 	unnamed TextStim: text = '→'
170.3746 	DATA 	Keypress: right
170.3775 	EXP 	unnamed TextStim: height = 25.0
170.3775 	EXP 	unnamed TextStim: height = 25.0
170.3775 	EXP 	unnamed TextStim: height = 25.0
170.3775 	EXP 	unnamed TextStim: text = '↓'
171.9762 	DATA 	Keypress: down
171.9774 	EXP 	unnamed TextStim: text = '↓'
173.7218 	DATA 	Keypress: down
173.8466 	EXP 	Created unnamed ImageStim = ImageStim(__class__=<class 'psychopy.visual.image.ImageStim'>, anchor=('center', 'center'), autoLog=True, color=array([1., 1., 1.]), colorSpace='rgb', contrast=1.0, depth=0, flipHoriz=False, flipVert=False, image='break.jpg', interpolate=True, mask=None, maskParams=None, name='unnamed ImageStim', opacity=1.0, ori=0.0, pos=array([0., 0.]), size=array([1536.,  864.]), texRes=128, units='pix', win=Window(...))
174.5502 	DATA 	Keypress: space
174.5643 	EXP 	unnamed TextStim: height = 25.0
174.5643 	EXP 	unnamed TextStim: height = 25.0
174.5643 	EXP 	unnamed TextStim: height = 25.0
174.5643 	EXP 	unnamed TextStim: text = '→'
176.1390 	DATA 	Keypress: right
176.1412 	EXP 	unnamed TextStim: height = 25.0
176.1412 	EXP 	unnamed TextStim: height = 25.0
176.1412 	EXP 	unnamed TextStim: height = 25.0
176.1412 	EXP 	unnamed TextStim: text = '↓'
178.0699 	DATA 	Keypress: right
178.0721 	EXP 	unnamed TextStim: height = 25.0
178.0721 	EXP 	unnamed TextStim: height = 25.0
178.0721 	EXP 	unnamed TextStim: height = 25.0
178.0721 	EXP 	unnamed TextStim: text = '→'
179.7773 	DATA 	Keypress: right
179.7785 	EXP 	unnamed TextStim: text = '→'
181.3665 	DATA 	Keypress: right
181.3681 	EXP 	unnamed TextStim: text = '→'
183.0922 	DATA 	Keypress: right
183.0934 	EXP 	unnamed TextStim: text = '→'
184.5190 	DATA 	Keypress: right
184.6267 	EXP 	Created unnamed ImageStim = ImageStim(__class__=<class 'psychopy.visual.image.ImageStim'>, anchor=('center', 'center'), autoLog=True, color=array([1., 1., 1.]), colorSpace='rgb', contrast=1.0, depth=0, flipHoriz=False, flipVert=False, image='break.jpg', interpolate=True, mask=None, maskParams=None, name='unnamed ImageStim', opacity=1.0, ori=0.0, pos=array([0., 0.]), size=array([1536.,  864.]), texRes=128, units='pix', win=Window(...))
185.3948 	DATA 	Keypress: space
185.3977 	EXP 	unnamed TextStim: height = 25.0
185.3977 	EXP 	unnamed TextStim: height = 25.0
185.3977 	EXP 	unnamed TextStim: height = 25.0
185.3977 	EXP 	unnamed TextStim: text = '←'
186.9349 	DATA 	Keypress: right
186.9371 	EXP 	unnamed TextStim: height = 25.0
186.9371 	EXP 	unnamed TextStim: height = 25.0
186.9371 	EXP 	unnamed TextStim: height = 25.0
186.9371 	EXP 	unnamed TextStim: text = '→'
188.4261 	DATA 	Keypress: right
188.4284 	EXP 	unnamed TextStim: height = 25.0
188.4284 	EXP 	unnamed TextStim: height = 25.0
188.4284 	EXP 	unnamed TextStim: height = 25.0
188.4284 	EXP 	unnamed TextStim: text = '↓'
190.3732 	DATA 	Keypress: down
190.3754 	EXP 	unnamed TextStim: height = 25.0
190.3754 	EXP 	unnamed TextStim: height = 25.0
190.3754 	EXP 	unnamed TextStim: height = 25.0
190.3754 	EXP 	unnamed TextStim: text = '↑'
192.0469 	DATA 	Keypress: up
192.0492 	EXP 	unnamed TextStim: height = 25.0
192.0492 	EXP 	unnamed TextStim: height = 25.0
192.0492 	EXP 	unnamed TextStim: height = 25.0
192.0492 	EXP 	unnamed TextStim: text = '←'
193.7206 	DATA 	Keypress: left
193.7242 	EXP 	unnamed TextStim: height = 25.0
193.7242 	EXP 	unnamed TextStim: height = 25.0
193.7242 	EXP 	unnamed TextStim: height = 25.0
193.7242 	EXP 	unnamed TextStim: text = '→'
195.3298 	DATA 	Keypress: right
195.4383 	EXP 	Created unnamed ImageStim = ImageStim(__class__=<class 'psychopy.visual.image.ImageStim'>, anchor=('center', 'center'), autoLog=True, color=array([1., 1., 1.]), colorSpace='rgb', contrast=1.0, depth=0, flipHoriz=False, flipVert=False, image='break.jpg', interpolate=True, mask=None, maskParams=None, name='unnamed ImageStim', opacity=1.0, ori=0.0, pos=array([0., 0.]), size=array([1536.,  864.]), texRes=128, units='pix', win=Window(...))
196.0538 	DATA 	Keypress: space
196.0650 	EXP 	unnamed TextStim: height = 25.0
196.0650 	EXP 	unnamed TextStim: height = 25.0
196.0650 	EXP 	unnamed TextStim: height = 25.0
196.0650 	EXP 	unnamed TextStim: text = '←'
197.7682 	DATA 	Keypress: left
197.7700 	EXP 	unnamed TextStim: text = '←'
199.3343 	DATA 	Keypress: left
199.3370 	EXP 	unnamed TextStim: height = 25.0
199.3370 	EXP 	unnamed TextStim: height = 25.0
199.3370 	EXP 	unnamed TextStim: height = 25.0
199.3370 	EXP 	unnamed TextStim: text = '↑'
200.9813 	DATA 	Keypress: right
200.9836 	EXP 	unnamed TextStim: height = 25.0
200.9836 	EXP 	unnamed TextStim: height = 25.0
200.9836 	EXP 	unnamed TextStim: height = 25.0
200.9836 	EXP 	unnamed TextStim: text = '→'
203.4191 	DATA 	Keypress: up
203.4214 	EXP 	unnamed TextStim: height = 25.0
203.4214 	EXP 	unnamed TextStim: height = 25.0
203.4214 	EXP 	unnamed TextStim: height = 25.0
203.4214 	EXP 	unnamed TextStim: text = '↓'
205.1377 	DATA 	Keypress: down
205.1400 	EXP 	unnamed TextStim: height = 25.0
205.1400 	EXP 	unnamed TextStim: height = 25.0
205.1400 	EXP 	unnamed TextStim: height = 25.0
205.1400 	EXP 	unnamed TextStim: text = '←'
206.9286 	DATA 	Keypress: left
207.0541 	EXP 	Created unnamed ImageStim = ImageStim(__class__=<class 'psychopy.visual.image.ImageStim'>, anchor=('center', 'center'), autoLog=True, color=array([1., 1., 1.]), colorSpace='rgb', contrast=1.0, depth=0, flipHoriz=False, flipVert=False, image='break.jpg', interpolate=True, mask=None, maskParams=None, name='unnamed ImageStim', opacity=1.0, ori=0.0, pos=array([0., 0.]), size=array([1536.,  864.]), texRes=128, units='pix', win=Window(...))
207.8420 	DATA 	Keypress: space
207.8490 	EXP 	unnamed TextStim: height = 25.0
207.8490 	EXP 	unnamed TextStim: height = 25.0
207.8490 	EXP 	unnamed TextStim: height = 25.0
207.8490 	EXP 	unnamed TextStim: text = '→'
209.4830 	DATA 	Keypress: left
209.4853 	EXP 	unnamed TextStim: height = 25.0
209.4853 	EXP 	unnamed TextStim: height = 25.0
209.4853 	EXP 	unnamed TextStim: height = 25.0
209.4853 	EXP 	unnamed TextStim: text = '↓'
211.1877 	DATA 	Keypress: down
211.1889 	EXP 	unnamed TextStim: text = '↓'
213.3336 	DATA 	Keypress: down
213.3386 	EXP 	unnamed TextStim: height = 25.0
213.3386 	EXP 	unnamed TextStim: height = 25.0
213.3386 	EXP 	unnamed TextStim: height = 25.0
213.3386 	EXP 	unnamed TextStim: text = '↑'
215.1798 	DATA 	Keypress: up
215.1821 	EXP 	unnamed TextStim: height = 25.0
215.1821 	EXP 	unnamed TextStim: height = 25.0
215.1821 	EXP 	unnamed TextStim: height = 25.0
215.1821 	EXP 	unnamed TextStim: text = '→'
216.8848 	DATA 	Keypress: right
216.8870 	EXP 	unnamed TextStim: height = 25.0
216.8870 	EXP 	unnamed TextStim: height = 25.0
216.8870 	EXP 	unnamed TextStim: height = 25.0
216.8870 	EXP 	unnamed TextStim: text = '↑'
218.4949 	DATA 	Keypress: left
218.6147 	EXP 	Created unnamed ImageStim = ImageStim(__class__=<class 'psychopy.visual.image.ImageStim'>, anchor=('center', 'center'), autoLog=True, color=array([1., 1., 1.]), colorSpace='rgb', contrast=1.0, depth=0, flipHoriz=False, flipVert=False, image='break.jpg', interpolate=True, mask=None, maskParams=None, name='unnamed ImageStim', opacity=1.0, ori=0.0, pos=array([0., 0.]), size=array([1536.,  864.]), texRes=128, units='pix', win=Window(...))
219.3023 	DATA 	Keypress: space
219.3157 	EXP 	unnamed TextStim: height = 25.0
219.3157 	EXP 	unnamed TextStim: height = 25.0
219.3157 	EXP 	unnamed TextStim: height = 25.0
219.3157 	EXP 	unnamed TextStim: text = '→'
221.0775 	DATA 	Keypress: left
221.0798 	EXP 	unnamed TextStim: height = 25.0
221.0798 	EXP 	unnamed TextStim: height = 25.0
221.0798 	EXP 	unnamed TextStim: height = 25.0
221.0798 	EXP 	unnamed TextStim: text = '↓'
223.0586 	DATA 	Keypress: down
223.0608 	EXP 	unnamed TextStim: height = 25.0
223.0608 	EXP 	unnamed TextStim: height = 25.0
223.0608 	EXP 	unnamed TextStim: height = 25.0
223.0608 	EXP 	unnamed TextStim: text = '←'
224.6030 	DATA 	Keypress: left
224.6055 	EXP 	unnamed TextStim: height = 25.0
224.6055 	EXP 	unnamed TextStim: height = 25.0
224.6055 	EXP 	unnamed TextStim: height = 25.0
224.6055 	EXP 	unnamed TextStim: text = '↓'
226.2892 	DATA 	Keypress: down
226.2919 	EXP 	unnamed TextStim: height = 25.0
226.2919 	EXP 	unnamed TextStim: height = 25.0
226.2919 	EXP 	unnamed TextStim: height = 25.0
226.2919 	EXP 	unnamed TextStim: text = '←'
228.0695 	DATA 	Keypress: left
228.0708 	EXP 	unnamed TextStim: text = '←'
229.8042 	DATA 	Keypress: left
229.9222 	EXP 	Created unnamed ImageStim = ImageStim(__class__=<class 'psychopy.visual.image.ImageStim'>, anchor=('center', 'center'), autoLog=True, color=array([1., 1., 1.]), colorSpace='rgb', contrast=1.0, depth=0, flipHoriz=False, flipVert=False, image='break.jpg', interpolate=True, mask=None, maskParams=None, name='unnamed ImageStim', opacity=1.0, ori=0.0, pos=array([0., 0.]), size=array([1536.,  864.]), texRes=128, units='pix', win=Window(...))
230.5063 	DATA 	Keypress: space
230.5162 	EXP 	unnamed TextStim: text = '←'
232.0863 	DATA 	Keypress: right
232.0881 	EXP 	unnamed TextStim: text = '←'
233.4518 	DATA 	Keypress: left
233.4565 	EXP 	unnamed TextStim: height = 25.0
233.4565 	EXP 	unnamed TextStim: height = 25.0
233.4565 	EXP 	unnamed TextStim: height = 25.0
233.4565 	EXP 	unnamed TextStim: text = '→'
235.0605 	DATA 	Keypress: right
235.0626 	EXP 	unnamed TextStim: height = 25.0
235.0626 	EXP 	unnamed TextStim: height = 25.0
235.0626 	EXP 	unnamed TextStim: height = 25.0
235.0626 	EXP 	unnamed TextStim: text = '↑'
236.7509 	DATA 	Keypress: up
236.7531 	EXP 	unnamed TextStim: height = 25.0
236.7531 	EXP 	unnamed TextStim: height = 25.0
236.7531 	EXP 	unnamed TextStim: height = 25.0
236.7531 	EXP 	unnamed TextStim: text = '→'
238.6124 	DATA 	Keypress: right
238.6150 	EXP 	unnamed TextStim: height = 25.0
238.6150 	EXP 	unnamed TextStim: height = 25.0
238.6150 	EXP 	unnamed TextStim: height = 25.0
238.6150 	EXP 	unnamed TextStim: text = '←'
240.0798 	DATA 	Keypress: left
240.1882 	EXP 	Created unnamed ImageStim = ImageStim(__class__=<class 'psychopy.visual.image.ImageStim'>, anchor=('center', 'center'), autoLog=True, color=array([1., 1., 1.]), colorSpace='rgb', contrast=1.0, depth=0, flipHoriz=False, flipVert=False, image='break.jpg', interpolate=True, mask=None, maskParams=None, name='unnamed ImageStim', opacity=1.0, ori=0.0, pos=array([0., 0.]), size=array([1536.,  864.]), texRes=128, units='pix', win=Window(...))
240.7430 	DATA 	Keypress: space
240.7633 	EXP 	Created unnamed TextStim = TextStim(__class__=<class 'psychopy.visual.text.TextStim'>, alignHoriz=method-wrapper(...), alignText='center', alignVert=method-wrapper(...), anchorHoriz='center', anchorVert='center', antialias=True, autoDraw=False, autoLog=True, bold=False, color=array([-1, -1, -1]), colorSpace='rgb', contrast=1.0, depth=0, flipHoriz=False, flipVert=False, font='', fontFiles=[], height=20.0, italic=False, languageStyle='LTR', name='unnamed TextStim', opacity=1.0, ori=0.0, pos=array([0., 0.]), rgb=UNKNOWN, text=str(...), units='pix', win=Window(...), wrapWidth=1536)
242.8057 	DATA 	Keypress: space
242.9182 	EXP 	window1: mouseVisible = True
