13.0809 	WARNING 	User requested fullscreen with size [1536  864], but screen is actually [1920, 1080]. Using actual size
14.3795 	INFO 	FRAME RATE: 60
14.3795 	INFO 	SCREEN RES: odict_values([1536, 864])
14.4363 	EXP 	Created unnamed TextStim = TextStim(__class__=<class 'psychopy.visual.text.TextStim'>, alignHoriz=method-wrapper(...), alignText='center', alignVert=method-wrapper(...), anchorHoriz='center', anchorVert='center', antialias=True, autoDraw=False, autoLog=True, bold=False, color=array([-1, -1, -1]), colorSpace='rgb', contrast=1.0, depth=0, flipHoriz=False, flipVert=False, font='', fontFiles=[], height=100.0, italic=False, languageStyle='LTR', name='unnamed TextStim', opacity=1.0, ori=0.0, pos=array([0., 0.]), rgb=UNKNOWN, text='+', units='pix', win=Window(...), wrapWidth=500)
14.4398 	EXP 	Created unnamed Circle = Circle(__class__=<class 'psychopy.visual.circle.Circle'>, anchor=('center', 'center'), autoDraw=False, autoLog=True, closeShape=True, color=method-wrapper(...), colorSpace='rgb', contrast=None, depth=0, fillColor=array([ 0.09019608, -1.        , -1.        ]), fillColorSpace='rgb', fillRGB=array([ 0.09019608, -1.        , -1.        ]), interpolate=True, lineColor=array([ 0.09019608, -1.        , -1.        ]), lineColorSpace='rgb', lineRGB=array([ 0.09019608, -1.        , -1.        ]), lineWidth=1.5, name='unnamed Circle', opacity=1.0, ori=0.0, pos=array([0., 0.]), size=array([1., 1.]), units='pix', vertices=ndarray(...), win=Window(...))
14.4405 	EXP 	Created unnamed TextStim = TextStim(__class__=<class 'psychopy.visual.text.TextStim'>, alignHoriz=method-wrapper(...), alignText='center', alignVert=method-wrapper(...), anchorHoriz='center', anchorVert='center', antialias=True, autoDraw=False, autoLog=True, bold=False, color=array([-0.17647059, -0.17647059, -0.17647059]), colorSpace='rgb', contrast=1.0, depth=0, flipHoriz=False, flipVert=False, font='', fontFiles=[], height=25, italic=False, languageStyle='LTR', name='unnamed TextStim', opacity=1.0, ori=0.0, pos=array([0., 0.]), rgb=UNKNOWN, text='', units='pix', win=Window(...), wrapWidth=500)
14.4502 	EXP 	Created unnamed ImageStim = ImageStim(__class__=<class 'psychopy.visual.image.ImageStim'>, anchor=('center', 'center'), autoLog=True, color=array([1., 1., 1.]), colorSpace='rgb', contrast=1.0, depth=0, flipHoriz=False, flipVert=False, image='mask4.png', interpolate=False, mask=None, maskParams=None, name='unnamed ImageStim', opacity=1.0, ori=0.0, pos=array([0., 0.]), size=array([25., 25.]), texRes=128, units='pix', win=Window(...))
14.4569 	EXP 	Created unnamed TextStim = TextStim(__class__=<class 'psychopy.visual.text.TextStim'>, alignHoriz=method-wrapper(...), alignText='center', alignVert=method-wrapper(...), anchorHoriz='center', anchorVert='center', antialias=True, autoDraw=False, autoLog=True, bold=False, color=array([-1, -1, -1]), colorSpace='rgb', contrast=1.0, depth=0, flipHoriz=False, flipVert=False, font='', fontFiles=[], height=30.0, italic=False, languageStyle='LTR', name='unnamed TextStim', opacity=1.0, ori=0.0, pos=array([ 100., -300.]), rgb=UNKNOWN, text=str(...), units='pix', win=Window(...), wrapWidth=10000)
14.4661 	EXP 	Created unnamed TextStim = TextStim(__class__=<class 'psychopy.visual.text.TextStim'>, alignHoriz=method-wrapper(...), alignText='center', alignVert=method-wrapper(...), anchorHoriz='center', anchorVert='center', antialias=True, autoDraw=False, autoLog=True, bold=False, color=array([-1, -1, -1]), colorSpace='rgb', contrast=1.0, depth=0, flipHoriz=False, flipVert=False, font='', fontFiles=[], height=30.0, italic=False, languageStyle='LTR', name='unnamed TextStim', opacity=1.0, ori=0.0, pos=array([ 100., -330.]), rgb=UNKNOWN, text=str(...), units='pix', win=Window(...), wrapWidth=10000)
14.5001 	EXP 	Created unnamed TextStim = TextStim(__class__=<class 'psychopy.visual.text.TextStim'>, alignHoriz=method-wrapper(...), alignText='center', alignVert=method-wrapper(...), anchorHoriz='center', anchorVert='center', antialias=True, autoDraw=False, autoLog=True, bold=False, color=array([-1, -1, -1]), colorSpace='rgb', contrast=1.0, depth=0, flipHoriz=False, flipVert=False, font='', fontFiles=[], height=20.0, italic=False, languageStyle='LTR', name='unnamed TextStim', opacity=1.0, ori=0.0, pos=array([0., 0.]), rgb=UNKNOWN, text=str(...), units='pix', win=Window(...), wrapWidth=1536)
57.7881 	DATA 	Keypress: space
57.7940 	EXP 	unnamed TextStim: height = 25.0
57.7940 	EXP 	unnamed TextStim: height = 25.0
57.7940 	EXP 	unnamed TextStim: height = 25.0
57.7940 	EXP 	unnamed TextStim: text = '↓'
60.7608 	DATA 	No keypress (maxWait exceeded)
60.7678 	EXP 	Created unnamed TextStim = TextStim(__class__=<class 'psychopy.visual.text.TextStim'>, alignHoriz=method-wrapper(...), alignText='center', alignVert=method-wrapper(...), anchorHoriz='center', anchorVert='center', antialias=True, autoDraw=False, autoLog=True, bold=False, color=array([-1, -1, -1]), colorSpace='rgb', contrast=1.0, depth=0, flipHoriz=False, flipVert=False, font='', fontFiles=[], height=50.0, italic=False, languageStyle='LTR', name='unnamed TextStim', opacity=1.0, ori=0.0, pos=array([0., 0.]), rgb=UNKNOWN, text='Niepoprawnie', units='pix', win=Window(...), wrapWidth=500)
61.7772 	EXP 	unnamed TextStim: text = '↓'
64.7443 	DATA 	No keypress (maxWait exceeded)
64.7463 	EXP 	Created unnamed TextStim = TextStim(__class__=<class 'psychopy.visual.text.TextStim'>, alignHoriz=method-wrapper(...), alignText='center', alignVert=method-wrapper(...), anchorHoriz='center', anchorVert='center', antialias=True, autoDraw=False, autoLog=True, bold=False, color=array([-1, -1, -1]), colorSpace='rgb', contrast=1.0, depth=0, flipHoriz=False, flipVert=False, font='', fontFiles=[], height=50.0, italic=False, languageStyle='LTR', name='unnamed TextStim', opacity=1.0, ori=0.0, pos=array([0., 0.]), rgb=UNKNOWN, text='Niepoprawnie', units='pix', win=Window(...), wrapWidth=500)
65.7607 	EXP 	unnamed TextStim: height = 25.0
65.7607 	EXP 	unnamed TextStim: height = 25.0
65.7607 	EXP 	unnamed TextStim: height = 25.0
65.7607 	EXP 	unnamed TextStim: text = '→'
67.1455 	DATA 	Keypress: right
67.1509 	EXP 	Created unnamed TextStim = TextStim(__class__=<class 'psychopy.visual.text.TextStim'>, alignHoriz=method-wrapper(...), alignText='center', alignVert=method-wrapper(...), anchorHoriz='center', anchorVert='center', antialias=True, autoDraw=False, autoLog=True, bold=False, color=array([-1, -1, -1]), colorSpace='rgb', contrast=1.0, depth=0, flipHoriz=False, flipVert=False, font='', fontFiles=[], height=50.0, italic=False, languageStyle='LTR', name='unnamed TextStim', opacity=1.0, ori=0.0, pos=array([0., 0.]), rgb=UNKNOWN, text='Poprawnie', units='pix', win=Window(...), wrapWidth=500)
68.1774 	EXP 	unnamed TextStim: height = 25.0
68.1774 	EXP 	unnamed TextStim: height = 25.0
68.1774 	EXP 	unnamed TextStim: height = 25.0
68.1774 	EXP 	unnamed TextStim: text = '↑'
70.4343 	DATA 	Keypress: up
70.4362 	EXP 	Created unnamed TextStim = TextStim(__class__=<class 'psychopy.visual.text.TextStim'>, alignHoriz=method-wrapper(...), alignText='center', alignVert=method-wrapper(...), anchorHoriz='center', anchorVert='center', antialias=True, autoDraw=False, autoLog=True, bold=False, color=array([-1, -1, -1]), colorSpace='rgb', contrast=1.0, depth=0, flipHoriz=False, flipVert=False, font='', fontFiles=[], height=50.0, italic=False, languageStyle='LTR', name='unnamed TextStim', opacity=1.0, ori=0.0, pos=array([0., 0.]), rgb=UNKNOWN, text='Poprawnie', units='pix', win=Window(...), wrapWidth=500)
71.4441 	EXP 	unnamed TextStim: text = '↑'
72.9727 	DATA 	Keypress: up
72.9745 	EXP 	Created unnamed TextStim = TextStim(__class__=<class 'psychopy.visual.text.TextStim'>, alignHoriz=method-wrapper(...), alignText='center', alignVert=method-wrapper(...), anchorHoriz='center', anchorVert='center', antialias=True, autoDraw=False, autoLog=True, bold=False, color=array([-1, -1, -1]), colorSpace='rgb', contrast=1.0, depth=0, flipHoriz=False, flipVert=False, font='', fontFiles=[], height=50.0, italic=False, languageStyle='LTR', name='unnamed TextStim', opacity=1.0, ori=0.0, pos=array([0., 0.]), rgb=UNKNOWN, text='Poprawnie', units='pix', win=Window(...), wrapWidth=500)
73.9778 	EXP 	unnamed TextStim: text = '↑'
76.4482 	DATA 	Keypress: up
76.4503 	EXP 	Created unnamed TextStim = TextStim(__class__=<class 'psychopy.visual.text.TextStim'>, alignHoriz=method-wrapper(...), alignText='center', alignVert=method-wrapper(...), anchorHoriz='center', anchorVert='center', antialias=True, autoDraw=False, autoLog=True, bold=False, color=array([-1, -1, -1]), colorSpace='rgb', contrast=1.0, depth=0, flipHoriz=False, flipVert=False, font='', fontFiles=[], height=50.0, italic=False, languageStyle='LTR', name='unnamed TextStim', opacity=1.0, ori=0.0, pos=array([0., 0.]), rgb=UNKNOWN, text='Poprawnie', units='pix', win=Window(...), wrapWidth=500)
77.4612 	EXP 	unnamed TextStim: height = 25.0
77.4612 	EXP 	unnamed TextStim: height = 25.0
77.4612 	EXP 	unnamed TextStim: height = 25.0
77.4612 	EXP 	unnamed TextStim: text = '→'
79.1923 	DATA 	Keypress: right
79.1942 	EXP 	Created unnamed TextStim = TextStim(__class__=<class 'psychopy.visual.text.TextStim'>, alignHoriz=method-wrapper(...), alignText='center', alignVert=method-wrapper(...), anchorHoriz='center', anchorVert='center', antialias=True, autoDraw=False, autoLog=True, bold=False, color=array([-1, -1, -1]), colorSpace='rgb', contrast=1.0, depth=0, flipHoriz=False, flipVert=False, font='', fontFiles=[], height=50.0, italic=False, languageStyle='LTR', name='unnamed TextStim', opacity=1.0, ori=0.0, pos=array([0., 0.]), rgb=UNKNOWN, text='Poprawnie', units='pix', win=Window(...), wrapWidth=500)
80.2112 	EXP 	unnamed TextStim: text = '→'
81.8611 	DATA 	Keypress: right
81.8630 	EXP 	Created unnamed TextStim = TextStim(__class__=<class 'psychopy.visual.text.TextStim'>, alignHoriz=method-wrapper(...), alignText='center', alignVert=method-wrapper(...), anchorHoriz='center', anchorVert='center', antialias=True, autoDraw=False, autoLog=True, bold=False, color=array([-1, -1, -1]), colorSpace='rgb', contrast=1.0, depth=0, flipHoriz=False, flipVert=False, font='', fontFiles=[], height=50.0, italic=False, languageStyle='LTR', name='unnamed TextStim', opacity=1.0, ori=0.0, pos=array([0., 0.]), rgb=UNKNOWN, text='Poprawnie', units='pix', win=Window(...), wrapWidth=500)
82.8780 	EXP 	unnamed TextStim: height = 25.0
82.8780 	EXP 	unnamed TextStim: height = 25.0
82.8780 	EXP 	unnamed TextStim: height = 25.0
82.8780 	EXP 	unnamed TextStim: text = '↑'
84.6294 	DATA 	Keypress: up
84.6313 	EXP 	Created unnamed TextStim = TextStim(__class__=<class 'psychopy.visual.text.TextStim'>, alignHoriz=method-wrapper(...), alignText='center', alignVert=method-wrapper(...), anchorHoriz='center', anchorVert='center', antialias=True, autoDraw=False, autoLog=True, bold=False, color=array([-1, -1, -1]), colorSpace='rgb', contrast=1.0, depth=0, flipHoriz=False, flipVert=False, font='', fontFiles=[], height=50.0, italic=False, languageStyle='LTR', name='unnamed TextStim', opacity=1.0, ori=0.0, pos=array([0., 0.]), rgb=UNKNOWN, text='Poprawnie', units='pix', win=Window(...), wrapWidth=500)
85.6447 	EXP 	unnamed TextStim: height = 25.0
85.6447 	EXP 	unnamed TextStim: height = 25.0
85.6447 	EXP 	unnamed TextStim: height = 25.0
85.6447 	EXP 	unnamed TextStim: text = '←'
87.3736 	DATA 	Keypress: left
87.3755 	EXP 	Created unnamed TextStim = TextStim(__class__=<class 'psychopy.visual.text.TextStim'>, alignHoriz=method-wrapper(...), alignText='center', alignVert=method-wrapper(...), anchorHoriz='center', anchorVert='center', antialias=True, autoDraw=False, autoLog=True, bold=False, color=array([-1, -1, -1]), colorSpace='rgb', contrast=1.0, depth=0, flipHoriz=False, flipVert=False, font='', fontFiles=[], height=50.0, italic=False, languageStyle='LTR', name='unnamed TextStim', opacity=1.0, ori=0.0, pos=array([0., 0.]), rgb=UNKNOWN, text='Poprawnie', units='pix', win=Window(...), wrapWidth=500)
88.3948 	EXP 	unnamed TextStim: height = 25.0
88.3948 	EXP 	unnamed TextStim: height = 25.0
88.3948 	EXP 	unnamed TextStim: height = 25.0
88.3948 	EXP 	unnamed TextStim: text = '↑'
89.8465 	DATA 	Keypress: up
90.5499 	DATA 	Keypress: up
90.5520 	EXP 	Created unnamed TextStim = TextStim(__class__=<class 'psychopy.visual.text.TextStim'>, alignHoriz=method-wrapper(...), alignText='center', alignVert=method-wrapper(...), anchorHoriz='center', anchorVert='center', antialias=True, autoDraw=False, autoLog=True, bold=False, color=array([-1, -1, -1]), colorSpace='rgb', contrast=1.0, depth=0, flipHoriz=False, flipVert=False, font='', fontFiles=[], height=50.0, italic=False, languageStyle='LTR', name='unnamed TextStim', opacity=1.0, ori=0.0, pos=array([0., 0.]), rgb=UNKNOWN, text='Poprawnie', units='pix', win=Window(...), wrapWidth=500)
91.5616 	EXP 	unnamed TextStim: height = 25.0
91.5616 	EXP 	unnamed TextStim: height = 25.0
91.5616 	EXP 	unnamed TextStim: height = 25.0
91.5616 	EXP 	unnamed TextStim: text = '→'
93.0515 	DATA 	Keypress: right
93.0534 	EXP 	Created unnamed TextStim = TextStim(__class__=<class 'psychopy.visual.text.TextStim'>, alignHoriz=method-wrapper(...), alignText='center', alignVert=method-wrapper(...), anchorHoriz='center', anchorVert='center', antialias=True, autoDraw=False, autoLog=True, bold=False, color=array([-1, -1, -1]), colorSpace='rgb', contrast=1.0, depth=0, flipHoriz=False, flipVert=False, font='', fontFiles=[], height=50.0, italic=False, languageStyle='LTR', name='unnamed TextStim', opacity=1.0, ori=0.0, pos=array([0., 0.]), rgb=UNKNOWN, text='Poprawnie', units='pix', win=Window(...), wrapWidth=500)
94.0617 	EXP 	unnamed TextStim: height = 25.0
94.0617 	EXP 	unnamed TextStim: height = 25.0
94.0617 	EXP 	unnamed TextStim: height = 25.0
94.0617 	EXP 	unnamed TextStim: text = '←'
95.7403 	DATA 	Keypress: left
95.7422 	EXP 	Created unnamed TextStim = TextStim(__class__=<class 'psychopy.visual.text.TextStim'>, alignHoriz=method-wrapper(...), alignText='center', alignVert=method-wrapper(...), anchorHoriz='center', anchorVert='center', antialias=True, autoDraw=False, autoLog=True, bold=False, color=array([-1, -1, -1]), colorSpace='rgb', contrast=1.0, depth=0, flipHoriz=False, flipVert=False, font='', fontFiles=[], height=50.0, italic=False, languageStyle='LTR', name='unnamed TextStim', opacity=1.0, ori=0.0, pos=array([0., 0.]), rgb=UNKNOWN, text='Poprawnie', units='pix', win=Window(...), wrapWidth=500)
96.7452 	EXP 	unnamed TextStim: text = '←'
98.6242 	DATA 	Keypress: left
98.6261 	EXP 	Created unnamed TextStim = TextStim(__class__=<class 'psychopy.visual.text.TextStim'>, alignHoriz=method-wrapper(...), alignText='center', alignVert=method-wrapper(...), anchorHoriz='center', anchorVert='center', antialias=True, autoDraw=False, autoLog=True, bold=False, color=array([-1, -1, -1]), colorSpace='rgb', contrast=1.0, depth=0, flipHoriz=False, flipVert=False, font='', fontFiles=[], height=50.0, italic=False, languageStyle='LTR', name='unnamed TextStim', opacity=1.0, ori=0.0, pos=array([0., 0.]), rgb=UNKNOWN, text='Poprawnie', units='pix', win=Window(...), wrapWidth=500)
99.6291 	EXP 	unnamed TextStim: text = '←'
101.3944 	DATA 	Keypress: left
101.3963 	EXP 	Created unnamed TextStim = TextStim(__class__=<class 'psychopy.visual.text.TextStim'>, alignHoriz=method-wrapper(...), alignText='center', alignVert=method-wrapper(...), anchorHoriz='center', anchorVert='center', antialias=True, autoDraw=False, autoLog=True, bold=False, color=array([-1, -1, -1]), colorSpace='rgb', contrast=1.0, depth=0, flipHoriz=False, flipVert=False, font='', fontFiles=[], height=50.0, italic=False, languageStyle='LTR', name='unnamed TextStim', opacity=1.0, ori=0.0, pos=array([0., 0.]), rgb=UNKNOWN, text='Poprawnie', units='pix', win=Window(...), wrapWidth=500)
102.4280 	EXP 	Created unnamed TextStim = TextStim(__class__=<class 'psychopy.visual.text.TextStim'>, alignHoriz=method-wrapper(...), alignText='center', alignVert=method-wrapper(...), anchorHoriz='center', anchorVert='center', antialias=True, autoDraw=False, autoLog=True, bold=False, color=array([-1, -1, -1]), colorSpace='rgb', contrast=1.0, depth=0, flipHoriz=False, flipVert=False, font='', fontFiles=[], height=20.0, italic=False, languageStyle='LTR', name='unnamed TextStim', opacity=1.0, ori=0.0, pos=array([0., 0.]), rgb=UNKNOWN, text=str(...), units='pix', win=Window(...), wrapWidth=1536)
118.6835 	DATA 	Keypress: space
118.6956 	EXP 	unnamed TextStim: height = 25.0
118.6956 	EXP 	unnamed TextStim: height = 25.0
118.6956 	EXP 	unnamed TextStim: height = 25.0
118.6956 	EXP 	unnamed TextStim: text = '↓'
120.3918 	DATA 	Keypress: down
120.3978 	EXP 	Created unnamed TextStim = TextStim(__class__=<class 'psychopy.visual.text.TextStim'>, alignHoriz=method-wrapper(...), alignText='center', alignVert=method-wrapper(...), anchorHoriz='center', anchorVert='center', antialias=True, autoDraw=False, autoLog=True, bold=False, color=array([-1, -1, -1]), colorSpace='rgb', contrast=1.0, depth=0, flipHoriz=False, flipVert=False, font='', fontFiles=[], height=50.0, italic=False, languageStyle='LTR', name='unnamed TextStim', opacity=1.0, ori=0.0, pos=array([0., 0.]), rgb=UNKNOWN, text='Poprawnie', units='pix', win=Window(...), wrapWidth=500)
121.4125 	EXP 	unnamed TextStim: height = 25.0
121.4125 	EXP 	unnamed TextStim: height = 25.0
121.4125 	EXP 	unnamed TextStim: height = 25.0
121.4125 	EXP 	unnamed TextStim: text = '↑'
122.9849 	DATA 	Keypress: up
122.9868 	EXP 	Created unnamed TextStim = TextStim(__class__=<class 'psychopy.visual.text.TextStim'>, alignHoriz=method-wrapper(...), alignText='center', alignVert=method-wrapper(...), anchorHoriz='center', anchorVert='center', antialias=True, autoDraw=False, autoLog=True, bold=False, color=array([-1, -1, -1]), colorSpace='rgb', contrast=1.0, depth=0, flipHoriz=False, flipVert=False, font='', fontFiles=[], height=50.0, italic=False, languageStyle='LTR', name='unnamed TextStim', opacity=1.0, ori=0.0, pos=array([0., 0.]), rgb=UNKNOWN, text='Poprawnie', units='pix', win=Window(...), wrapWidth=500)
123.9961 	EXP 	unnamed TextStim: height = 25.0
123.9961 	EXP 	unnamed TextStim: height = 25.0
123.9961 	EXP 	unnamed TextStim: height = 25.0
123.9961 	EXP 	unnamed TextStim: text = '→'
125.6275 	DATA 	Keypress: right
125.6295 	EXP 	Created unnamed TextStim = TextStim(__class__=<class 'psychopy.visual.text.TextStim'>, alignHoriz=method-wrapper(...), alignText='center', alignVert=method-wrapper(...), anchorHoriz='center', anchorVert='center', antialias=True, autoDraw=False, autoLog=True, bold=False, color=array([-1, -1, -1]), colorSpace='rgb', contrast=1.0, depth=0, flipHoriz=False, flipVert=False, font='', fontFiles=[], height=50.0, italic=False, languageStyle='LTR', name='unnamed TextStim', opacity=1.0, ori=0.0, pos=array([0., 0.]), rgb=UNKNOWN, text='Poprawnie', units='pix', win=Window(...), wrapWidth=500)
126.6462 	EXP 	unnamed TextStim: height = 25.0
126.6462 	EXP 	unnamed TextStim: height = 25.0
126.6462 	EXP 	unnamed TextStim: height = 25.0
126.6462 	EXP 	unnamed TextStim: text = '↑'
128.3615 	DATA 	Keypress: up
128.3634 	EXP 	Created unnamed TextStim = TextStim(__class__=<class 'psychopy.visual.text.TextStim'>, alignHoriz=method-wrapper(...), alignText='center', alignVert=method-wrapper(...), anchorHoriz='center', anchorVert='center', antialias=True, autoDraw=False, autoLog=True, bold=False, color=array([-1, -1, -1]), colorSpace='rgb', contrast=1.0, depth=0, flipHoriz=False, flipVert=False, font='', fontFiles=[], height=50.0, italic=False, languageStyle='LTR', name='unnamed TextStim', opacity=1.0, ori=0.0, pos=array([0., 0.]), rgb=UNKNOWN, text='Poprawnie', units='pix', win=Window(...), wrapWidth=500)
129.3794 	EXP 	unnamed TextStim: height = 25.0
129.3794 	EXP 	unnamed TextStim: height = 25.0
129.3794 	EXP 	unnamed TextStim: height = 25.0
129.3794 	EXP 	unnamed TextStim: text = '↓'
131.2758 	DATA 	Keypress: up
131.2789 	EXP 	Created unnamed TextStim = TextStim(__class__=<class 'psychopy.visual.text.TextStim'>, alignHoriz=method-wrapper(...), alignText='center', alignVert=method-wrapper(...), anchorHoriz='center', anchorVert='center', antialias=True, autoDraw=False, autoLog=True, bold=False, color=array([-1, -1, -1]), colorSpace='rgb', contrast=1.0, depth=0, flipHoriz=False, flipVert=False, font='', fontFiles=[], height=50.0, italic=False, languageStyle='LTR', name='unnamed TextStim', opacity=1.0, ori=0.0, pos=array([0., 0.]), rgb=UNKNOWN, text='Niepoprawnie', units='pix', win=Window(...), wrapWidth=500)
132.2964 	EXP 	unnamed TextStim: height = 25.0
132.2964 	EXP 	unnamed TextStim: height = 25.0
132.2964 	EXP 	unnamed TextStim: height = 25.0
132.2964 	EXP 	unnamed TextStim: text = '←'
133.9344 	DATA 	Keypress: left
133.9363 	EXP 	Created unnamed TextStim = TextStim(__class__=<class 'psychopy.visual.text.TextStim'>, alignHoriz=method-wrapper(...), alignText='center', alignVert=method-wrapper(...), anchorHoriz='center', anchorVert='center', antialias=True, autoDraw=False, autoLog=True, bold=False, color=array([-1, -1, -1]), colorSpace='rgb', contrast=1.0, depth=0, flipHoriz=False, flipVert=False, font='', fontFiles=[], height=50.0, italic=False, languageStyle='LTR', name='unnamed TextStim', opacity=1.0, ori=0.0, pos=array([0., 0.]), rgb=UNKNOWN, text='Poprawnie', units='pix', win=Window(...), wrapWidth=500)
134.9464 	EXP 	unnamed TextStim: text = '←'
136.4435 	DATA 	Keypress: left
136.4454 	EXP 	Created unnamed TextStim = TextStim(__class__=<class 'psychopy.visual.text.TextStim'>, alignHoriz=method-wrapper(...), alignText='center', alignVert=method-wrapper(...), anchorHoriz='center', anchorVert='center', antialias=True, autoDraw=False, autoLog=True, bold=False, color=array([-1, -1, -1]), colorSpace='rgb', contrast=1.0, depth=0, flipHoriz=False, flipVert=False, font='', fontFiles=[], height=50.0, italic=False, languageStyle='LTR', name='unnamed TextStim', opacity=1.0, ori=0.0, pos=array([0., 0.]), rgb=UNKNOWN, text='Poprawnie', units='pix', win=Window(...), wrapWidth=500)
137.4632 	EXP 	unnamed TextStim: height = 25.0
137.4632 	EXP 	unnamed TextStim: height = 25.0
137.4632 	EXP 	unnamed TextStim: height = 25.0
137.4632 	EXP 	unnamed TextStim: text = '→'
139.2738 	DATA 	Keypress: right
139.2756 	EXP 	Created unnamed TextStim = TextStim(__class__=<class 'psychopy.visual.text.TextStim'>, alignHoriz=method-wrapper(...), alignText='center', alignVert=method-wrapper(...), anchorHoriz='center', anchorVert='center', antialias=True, autoDraw=False, autoLog=True, bold=False, color=array([-1, -1, -1]), colorSpace='rgb', contrast=1.0, depth=0, flipHoriz=False, flipVert=False, font='', fontFiles=[], height=50.0, italic=False, languageStyle='LTR', name='unnamed TextStim', opacity=1.0, ori=0.0, pos=array([0., 0.]), rgb=UNKNOWN, text='Poprawnie', units='pix', win=Window(...), wrapWidth=500)
140.2798 	EXP 	unnamed TextStim: text = '→'
141.9070 	DATA 	Keypress: right
141.9090 	EXP 	Created unnamed TextStim = TextStim(__class__=<class 'psychopy.visual.text.TextStim'>, alignHoriz=method-wrapper(...), alignText='center', alignVert=method-wrapper(...), anchorHoriz='center', anchorVert='center', antialias=True, autoDraw=False, autoLog=True, bold=False, color=array([-1, -1, -1]), colorSpace='rgb', contrast=1.0, depth=0, flipHoriz=False, flipVert=False, font='', fontFiles=[], height=50.0, italic=False, languageStyle='LTR', name='unnamed TextStim', opacity=1.0, ori=0.0, pos=array([0., 0.]), rgb=UNKNOWN, text='Poprawnie', units='pix', win=Window(...), wrapWidth=500)
142.9131 	EXP 	unnamed TextStim: height = 25.0
142.9131 	EXP 	unnamed TextStim: height = 25.0
142.9131 	EXP 	unnamed TextStim: height = 25.0
142.9131 	EXP 	unnamed TextStim: text = '↑'
144.9533 	DATA 	Keypress: up
144.9552 	EXP 	Created unnamed TextStim = TextStim(__class__=<class 'psychopy.visual.text.TextStim'>, alignHoriz=method-wrapper(...), alignText='center', alignVert=method-wrapper(...), anchorHoriz='center', anchorVert='center', antialias=True, autoDraw=False, autoLog=True, bold=False, color=array([-1, -1, -1]), colorSpace='rgb', contrast=1.0, depth=0, flipHoriz=False, flipVert=False, font='', fontFiles=[], height=50.0, italic=False, languageStyle='LTR', name='unnamed TextStim', opacity=1.0, ori=0.0, pos=array([0., 0.]), rgb=UNKNOWN, text='Poprawnie', units='pix', win=Window(...), wrapWidth=500)
145.9815 	EXP 	Created unnamed TextStim = TextStim(__class__=<class 'psychopy.visual.text.TextStim'>, alignHoriz=method-wrapper(...), alignText='center', alignVert=method-wrapper(...), anchorHoriz='center', anchorVert='center', antialias=True, autoDraw=False, autoLog=True, bold=False, color=array([-1, -1, -1]), colorSpace='rgb', contrast=1.0, depth=0, flipHoriz=False, flipVert=False, font='', fontFiles=[], height=20.0, italic=False, languageStyle='LTR', name='unnamed TextStim', opacity=1.0, ori=0.0, pos=array([0., 0.]), rgb=UNKNOWN, text=str(...), units='pix', win=Window(...), wrapWidth=1536)
157.6687 	DATA 	Keypress: space
157.6803 	EXP 	unnamed TextStim: height = 25.0
157.6803 	EXP 	unnamed TextStim: height = 25.0
157.6803 	EXP 	unnamed TextStim: height = 25.0
157.6803 	EXP 	unnamed TextStim: text = '→'
159.2935 	DATA 	Keypress: left
159.2966 	EXP 	unnamed TextStim: height = 25.0
159.2966 	EXP 	unnamed TextStim: height = 25.0
159.2966 	EXP 	unnamed TextStim: height = 25.0
159.2966 	EXP 	unnamed TextStim: text = '↑'
160.9216 	DATA 	Keypress: up
160.9229 	EXP 	unnamed TextStim: text = '↑'
162.8153 	DATA 	Keypress: down
162.8166 	EXP 	unnamed TextStim: text = '↑'
164.2906 	DATA 	Keypress: up
164.2933 	EXP 	unnamed TextStim: height = 25.0
164.2933 	EXP 	unnamed TextStim: height = 25.0
164.2933 	EXP 	unnamed TextStim: height = 25.0
164.2933 	EXP 	unnamed TextStim: text = '↓'
165.8921 	DATA 	Keypress: down
165.8947 	EXP 	unnamed TextStim: height = 25.0
165.8947 	EXP 	unnamed TextStim: height = 25.0
165.8947 	EXP 	unnamed TextStim: height = 25.0
165.8947 	EXP 	unnamed TextStim: text = '→'
167.3304 	DATA 	Keypress: right
167.4496 	EXP 	Created unnamed ImageStim = ImageStim(__class__=<class 'psychopy.visual.image.ImageStim'>, anchor=('center', 'center'), autoLog=True, color=array([1., 1., 1.]), colorSpace='rgb', contrast=1.0, depth=0, flipHoriz=False, flipVert=False, image='break.jpg', interpolate=True, mask=None, maskParams=None, name='unnamed ImageStim', opacity=1.0, ori=0.0, pos=array([0., 0.]), size=array([1536.,  864.]), texRes=128, units='pix', win=Window(...))
170.8518 	DATA 	Keypress: space
170.8642 	EXP 	unnamed TextStim: height = 25.0
170.8642 	EXP 	unnamed TextStim: height = 25.0
170.8642 	EXP 	unnamed TextStim: height = 25.0
170.8642 	EXP 	unnamed TextStim: text = '↓'
172.5656 	DATA 	Keypress: up
172.5676 	EXP 	unnamed TextStim: height = 25.0
172.5676 	EXP 	unnamed TextStim: height = 25.0
172.5676 	EXP 	unnamed TextStim: height = 25.0
172.5676 	EXP 	unnamed TextStim: text = '→'
174.2987 	DATA 	Keypress: up
174.3041 	EXP 	unnamed TextStim: height = 25.0
174.3041 	EXP 	unnamed TextStim: height = 25.0
174.3041 	EXP 	unnamed TextStim: height = 25.0
174.3041 	EXP 	unnamed TextStim: text = '←'
176.1531 	DATA 	Keypress: left
176.1553 	EXP 	unnamed TextStim: height = 25.0
176.1553 	EXP 	unnamed TextStim: height = 25.0
176.1553 	EXP 	unnamed TextStim: height = 25.0
176.1553 	EXP 	unnamed TextStim: text = '↓'
177.9150 	DATA 	Keypress: right
177.9172 	EXP 	unnamed TextStim: height = 25.0
177.9172 	EXP 	unnamed TextStim: height = 25.0
177.9172 	EXP 	unnamed TextStim: height = 25.0
177.9172 	EXP 	unnamed TextStim: text = '←'
179.6306 	DATA 	Keypress: left
179.6328 	EXP 	unnamed TextStim: height = 25.0
179.6328 	EXP 	unnamed TextStim: height = 25.0
179.6328 	EXP 	unnamed TextStim: height = 25.0
179.6328 	EXP 	unnamed TextStim: text = '↓'
181.2155 	DATA 	Keypress: up
181.3260 	EXP 	Created unnamed ImageStim = ImageStim(__class__=<class 'psychopy.visual.image.ImageStim'>, anchor=('center', 'center'), autoLog=True, color=array([1., 1., 1.]), colorSpace='rgb', contrast=1.0, depth=0, flipHoriz=False, flipVert=False, image='break.jpg', interpolate=True, mask=None, maskParams=None, name='unnamed ImageStim', opacity=1.0, ori=0.0, pos=array([0., 0.]), size=array([1536.,  864.]), texRes=128, units='pix', win=Window(...))
183.1879 	DATA 	Keypress: space
183.1979 	EXP 	unnamed TextStim: height = 25.0
183.1979 	EXP 	unnamed TextStim: height = 25.0
183.1979 	EXP 	unnamed TextStim: height = 25.0
183.1979 	EXP 	unnamed TextStim: text = '↑'
185.2708 	DATA 	Keypress: up
185.2718 	EXP 	unnamed TextStim: text = '↑'
187.6684 	DATA 	Keypress: up
187.6720 	EXP 	unnamed TextStim: height = 25.0
187.6720 	EXP 	unnamed TextStim: height = 25.0
187.6720 	EXP 	unnamed TextStim: height = 25.0
187.6720 	EXP 	unnamed TextStim: text = '←'
189.3873 	DATA 	Keypress: left
189.3885 	EXP 	unnamed TextStim: text = '←'
191.1699 	DATA 	Keypress: left
191.1721 	EXP 	unnamed TextStim: height = 25.0
191.1721 	EXP 	unnamed TextStim: height = 25.0
191.1721 	EXP 	unnamed TextStim: height = 25.0
191.1721 	EXP 	unnamed TextStim: text = '→'
192.7162 	DATA 	Keypress: right
192.7184 	EXP 	unnamed TextStim: height = 25.0
192.7184 	EXP 	unnamed TextStim: height = 25.0
192.7184 	EXP 	unnamed TextStim: height = 25.0
192.7184 	EXP 	unnamed TextStim: text = '↓'
194.3238 	DATA 	Keypress: down
194.4403 	EXP 	Created unnamed ImageStim = ImageStim(__class__=<class 'psychopy.visual.image.ImageStim'>, anchor=('center', 'center'), autoLog=True, color=array([1., 1., 1.]), colorSpace='rgb', contrast=1.0, depth=0, flipHoriz=False, flipVert=False, image='break.jpg', interpolate=True, mask=None, maskParams=None, name='unnamed ImageStim', opacity=1.0, ori=0.0, pos=array([0., 0.]), size=array([1536.,  864.]), texRes=128, units='pix', win=Window(...))
196.0168 	DATA 	Keypress: space
196.0318 	EXP 	unnamed TextStim: height = 25.0
196.0318 	EXP 	unnamed TextStim: height = 25.0
196.0318 	EXP 	unnamed TextStim: height = 25.0
196.0318 	EXP 	unnamed TextStim: text = '→'
197.5593 	DATA 	Keypress: right
197.5606 	EXP 	unnamed TextStim: text = '→'
199.4912 	DATA 	Keypress: left
199.4934 	EXP 	unnamed TextStim: height = 25.0
199.4934 	EXP 	unnamed TextStim: height = 25.0
199.4934 	EXP 	unnamed TextStim: height = 25.0
199.4934 	EXP 	unnamed TextStim: text = '←'
200.9797 	DATA 	Keypress: left
200.9808 	EXP 	unnamed TextStim: text = '←'
202.6640 	DATA 	Keypress: right
202.6653 	EXP 	unnamed TextStim: text = '←'
204.1318 	DATA 	Keypress: left
204.1339 	EXP 	unnamed TextStim: height = 25.0
204.1339 	EXP 	unnamed TextStim: height = 25.0
204.1339 	EXP 	unnamed TextStim: height = 25.0
204.1339 	EXP 	unnamed TextStim: text = '↓'
205.6951 	DATA 	Keypress: down
205.7994 	EXP 	Created unnamed ImageStim = ImageStim(__class__=<class 'psychopy.visual.image.ImageStim'>, anchor=('center', 'center'), autoLog=True, color=array([1., 1., 1.]), colorSpace='rgb', contrast=1.0, depth=0, flipHoriz=False, flipVert=False, image='break.jpg', interpolate=True, mask=None, maskParams=None, name='unnamed ImageStim', opacity=1.0, ori=0.0, pos=array([0., 0.]), size=array([1536.,  864.]), texRes=128, units='pix', win=Window(...))
207.1900 	DATA 	Keypress: space
207.1988 	EXP 	unnamed TextStim: height = 25.0
207.1988 	EXP 	unnamed TextStim: height = 25.0
207.1988 	EXP 	unnamed TextStim: height = 25.0
207.1988 	EXP 	unnamed TextStim: text = '←'
208.5080 	DATA 	Keypress: left
208.5101 	EXP 	unnamed TextStim: height = 25.0
208.5101 	EXP 	unnamed TextStim: height = 25.0
208.5101 	EXP 	unnamed TextStim: height = 25.0
208.5101 	EXP 	unnamed TextStim: text = '↑'
209.8720 	DATA 	Keypress: up
209.8740 	EXP 	unnamed TextStim: height = 25.0
209.8740 	EXP 	unnamed TextStim: height = 25.0
209.8740 	EXP 	unnamed TextStim: height = 25.0
209.8740 	EXP 	unnamed TextStim: text = '→'
211.2149 	DATA 	Keypress: right
211.2183 	EXP 	unnamed TextStim: height = 25.0
211.2183 	EXP 	unnamed TextStim: height = 25.0
211.2183 	EXP 	unnamed TextStim: height = 25.0
211.2183 	EXP 	unnamed TextStim: text = '↑'
213.6094 	DATA 	Keypress: up
213.6105 	EXP 	unnamed TextStim: text = '↑'
215.1486 	DATA 	Keypress: down
215.1499 	EXP 	unnamed TextStim: text = '↑'
217.2610 	DATA 	Keypress: up
217.3748 	EXP 	Created unnamed ImageStim = ImageStim(__class__=<class 'psychopy.visual.image.ImageStim'>, anchor=('center', 'center'), autoLog=True, color=array([1., 1., 1.]), colorSpace='rgb', contrast=1.0, depth=0, flipHoriz=False, flipVert=False, image='break.jpg', interpolate=True, mask=None, maskParams=None, name='unnamed ImageStim', opacity=1.0, ori=0.0, pos=array([0., 0.]), size=array([1536.,  864.]), texRes=128, units='pix', win=Window(...))
219.8481 	DATA 	Keypress: space
219.8660 	EXP 	unnamed TextStim: height = 25.0
219.8660 	EXP 	unnamed TextStim: height = 25.0
219.8660 	EXP 	unnamed TextStim: height = 25.0
219.8660 	EXP 	unnamed TextStim: text = '→'
221.6938 	DATA 	Keypress: right
221.6959 	EXP 	unnamed TextStim: height = 25.0
221.6959 	EXP 	unnamed TextStim: height = 25.0
221.6959 	EXP 	unnamed TextStim: height = 25.0
221.6959 	EXP 	unnamed TextStim: text = '←'
223.8363 	DATA 	Keypress: up
223.8385 	EXP 	unnamed TextStim: height = 25.0
223.8385 	EXP 	unnamed TextStim: height = 25.0
223.8385 	EXP 	unnamed TextStim: height = 25.0
223.8385 	EXP 	unnamed TextStim: text = '↑'
225.1908 	DATA 	Keypress: up
225.1919 	EXP 	unnamed TextStim: text = '↑'
226.5884 	DATA 	Keypress: up
226.5905 	EXP 	unnamed TextStim: height = 25.0
226.5905 	EXP 	unnamed TextStim: height = 25.0
226.5905 	EXP 	unnamed TextStim: height = 25.0
226.5905 	EXP 	unnamed TextStim: text = '↓'
228.0935 	DATA 	Keypress: down
228.0957 	EXP 	unnamed TextStim: height = 25.0
228.0957 	EXP 	unnamed TextStim: height = 25.0
228.0957 	EXP 	unnamed TextStim: height = 25.0
228.0957 	EXP 	unnamed TextStim: text = '↑'
229.4833 	DATA 	Keypress: up
229.5909 	EXP 	Created unnamed ImageStim = ImageStim(__class__=<class 'psychopy.visual.image.ImageStim'>, anchor=('center', 'center'), autoLog=True, color=array([1., 1., 1.]), colorSpace='rgb', contrast=1.0, depth=0, flipHoriz=False, flipVert=False, image='break.jpg', interpolate=True, mask=None, maskParams=None, name='unnamed ImageStim', opacity=1.0, ori=0.0, pos=array([0., 0.]), size=array([1536.,  864.]), texRes=128, units='pix', win=Window(...))
231.3274 	DATA 	Keypress: space
231.3331 	EXP 	unnamed TextStim: height = 25.0
231.3331 	EXP 	unnamed TextStim: height = 25.0
231.3331 	EXP 	unnamed TextStim: height = 25.0
231.3331 	EXP 	unnamed TextStim: text = '↓'
232.9436 	DATA 	Keypress: up
232.9458 	EXP 	unnamed TextStim: height = 25.0
232.9458 	EXP 	unnamed TextStim: height = 25.0
232.9458 	EXP 	unnamed TextStim: height = 25.0
232.9458 	EXP 	unnamed TextStim: text = '↑'
234.5341 	DATA 	Keypress: up
234.5362 	EXP 	unnamed TextStim: height = 25.0
234.5362 	EXP 	unnamed TextStim: height = 25.0
234.5362 	EXP 	unnamed TextStim: height = 25.0
234.5362 	EXP 	unnamed TextStim: text = '→'
235.9887 	DATA 	Keypress: right
235.9898 	EXP 	unnamed TextStim: text = '→'
237.6409 	DATA 	Keypress: right
237.6422 	EXP 	unnamed TextStim: text = '→'
239.1113 	DATA 	Keypress: right
239.1154 	EXP 	unnamed TextStim: height = 25.0
239.1154 	EXP 	unnamed TextStim: height = 25.0
239.1154 	EXP 	unnamed TextStim: height = 25.0
239.1154 	EXP 	unnamed TextStim: text = '↑'
240.5096 	DATA 	Keypress: up
240.6191 	EXP 	Created unnamed ImageStim = ImageStim(__class__=<class 'psychopy.visual.image.ImageStim'>, anchor=('center', 'center'), autoLog=True, color=array([1., 1., 1.]), colorSpace='rgb', contrast=1.0, depth=0, flipHoriz=False, flipVert=False, image='break.jpg', interpolate=True, mask=None, maskParams=None, name='unnamed ImageStim', opacity=1.0, ori=0.0, pos=array([0., 0.]), size=array([1536.,  864.]), texRes=128, units='pix', win=Window(...))
242.1191 	DATA 	Keypress: space
242.1332 	EXP 	unnamed TextStim: text = '↑'
243.8173 	DATA 	Keypress: left
243.8195 	EXP 	unnamed TextStim: height = 25.0
243.8195 	EXP 	unnamed TextStim: height = 25.0
243.8195 	EXP 	unnamed TextStim: height = 25.0
243.8195 	EXP 	unnamed TextStim: text = '↓'
245.8582 	DATA 	Keypress: down
245.8604 	EXP 	unnamed TextStim: height = 25.0
245.8604 	EXP 	unnamed TextStim: height = 25.0
245.8604 	EXP 	unnamed TextStim: height = 25.0
245.8604 	EXP 	unnamed TextStim: text = '→'
247.2761 	DATA 	Keypress: right
247.2783 	EXP 	unnamed TextStim: height = 25.0
247.2783 	EXP 	unnamed TextStim: height = 25.0
247.2783 	EXP 	unnamed TextStim: height = 25.0
247.2783 	EXP 	unnamed TextStim: text = '←'
248.8369 	DATA 	Keypress: left
248.8390 	EXP 	unnamed TextStim: height = 25.0
248.8390 	EXP 	unnamed TextStim: height = 25.0
248.8390 	EXP 	unnamed TextStim: height = 25.0
248.8390 	EXP 	unnamed TextStim: text = '↑'
250.4668 	DATA 	Keypress: up
250.4691 	EXP 	unnamed TextStim: height = 25.0
250.4691 	EXP 	unnamed TextStim: height = 25.0
250.4691 	EXP 	unnamed TextStim: height = 25.0
250.4691 	EXP 	unnamed TextStim: text = '←'
251.8525 	DATA 	Keypress: left
251.9592 	EXP 	Created unnamed ImageStim = ImageStim(__class__=<class 'psychopy.visual.image.ImageStim'>, anchor=('center', 'center'), autoLog=True, color=array([1., 1., 1.]), colorSpace='rgb', contrast=1.0, depth=0, flipHoriz=False, flipVert=False, image='break.jpg', interpolate=True, mask=None, maskParams=None, name='unnamed ImageStim', opacity=1.0, ori=0.0, pos=array([0., 0.]), size=array([1536.,  864.]), texRes=128, units='pix', win=Window(...))
253.9891 	DATA 	Keypress: space
254.0005 	EXP 	unnamed TextStim: height = 25.0
254.0005 	EXP 	unnamed TextStim: height = 25.0
254.0005 	EXP 	unnamed TextStim: height = 25.0
254.0005 	EXP 	unnamed TextStim: text = '↑'
255.5092 	DATA 	Keypress: up
255.5116 	EXP 	unnamed TextStim: height = 25.0
255.5116 	EXP 	unnamed TextStim: height = 25.0
255.5116 	EXP 	unnamed TextStim: height = 25.0
255.5116 	EXP 	unnamed TextStim: text = '→'
256.9394 	DATA 	Keypress: right
256.9454 	EXP 	unnamed TextStim: height = 25.0
256.9454 	EXP 	unnamed TextStim: height = 25.0
256.9454 	EXP 	unnamed TextStim: height = 25.0
256.9454 	EXP 	unnamed TextStim: text = '←'
258.4637 	DATA 	Keypress: right
258.4660 	EXP 	unnamed TextStim: height = 25.0
258.4660 	EXP 	unnamed TextStim: height = 25.0
258.4660 	EXP 	unnamed TextStim: height = 25.0
258.4660 	EXP 	unnamed TextStim: text = '↑'
259.7572 	DATA 	Keypress: up
259.7598 	EXP 	unnamed TextStim: height = 25.0
259.7598 	EXP 	unnamed TextStim: height = 25.0
259.7598 	EXP 	unnamed TextStim: height = 25.0
259.7598 	EXP 	unnamed TextStim: text = '←'
261.1178 	DATA 	Keypress: left
261.1198 	EXP 	unnamed TextStim: height = 25.0
261.1198 	EXP 	unnamed TextStim: height = 25.0
261.1198 	EXP 	unnamed TextStim: height = 25.0
261.1198 	EXP 	unnamed TextStim: text = '↑'
262.8552 	DATA 	Keypress: right
262.9600 	EXP 	Created unnamed ImageStim = ImageStim(__class__=<class 'psychopy.visual.image.ImageStim'>, anchor=('center', 'center'), autoLog=True, color=array([1., 1., 1.]), colorSpace='rgb', contrast=1.0, depth=0, flipHoriz=False, flipVert=False, image='break.jpg', interpolate=True, mask=None, maskParams=None, name='unnamed ImageStim', opacity=1.0, ori=0.0, pos=array([0., 0.]), size=array([1536.,  864.]), texRes=128, units='pix', win=Window(...))
263.6053 	DATA 	Keypress: space
263.6173 	EXP 	unnamed TextStim: height = 25.0
263.6173 	EXP 	unnamed TextStim: height = 25.0
263.6173 	EXP 	unnamed TextStim: height = 25.0
263.6173 	EXP 	unnamed TextStim: text = '→'
265.1353 	DATA 	Keypress: left
265.1374 	EXP 	unnamed TextStim: height = 25.0
265.1374 	EXP 	unnamed TextStim: height = 25.0
265.1374 	EXP 	unnamed TextStim: height = 25.0
265.1374 	EXP 	unnamed TextStim: text = '↑'
266.7815 	DATA 	Keypress: left
266.7827 	EXP 	unnamed TextStim: text = '↑'
268.1748 	DATA 	Keypress: up
268.1768 	EXP 	unnamed TextStim: height = 25.0
268.1768 	EXP 	unnamed TextStim: height = 25.0
268.1768 	EXP 	unnamed TextStim: height = 25.0
268.1768 	EXP 	unnamed TextStim: text = '↓'
269.6390 	DATA 	Keypress: down
269.6411 	EXP 	unnamed TextStim: height = 25.0
269.6411 	EXP 	unnamed TextStim: height = 25.0
269.6411 	EXP 	unnamed TextStim: height = 25.0
269.6411 	EXP 	unnamed TextStim: text = '←'
270.9199 	DATA 	Keypress: left
270.9211 	EXP 	unnamed TextStim: text = '←'
272.3995 	DATA 	Keypress: right
272.5034 	EXP 	Created unnamed ImageStim = ImageStim(__class__=<class 'psychopy.visual.image.ImageStim'>, anchor=('center', 'center'), autoLog=True, color=array([1., 1., 1.]), colorSpace='rgb', contrast=1.0, depth=0, flipHoriz=False, flipVert=False, image='break.jpg', interpolate=True, mask=None, maskParams=None, name='unnamed ImageStim', opacity=1.0, ori=0.0, pos=array([0., 0.]), size=array([1536.,  864.]), texRes=128, units='pix', win=Window(...))
273.2564 	DATA 	Keypress: space
273.2679 	EXP 	unnamed TextStim: text = '←'
274.7027 	DATA 	Keypress: left
274.7090 	EXP 	unnamed TextStim: height = 25.0
274.7090 	EXP 	unnamed TextStim: height = 25.0
274.7090 	EXP 	unnamed TextStim: height = 25.0
274.7090 	EXP 	unnamed TextStim: text = '↓'
276.2143 	DATA 	Keypress: up
276.2166 	EXP 	unnamed TextStim: height = 25.0
276.2166 	EXP 	unnamed TextStim: height = 25.0
276.2166 	EXP 	unnamed TextStim: height = 25.0
276.2166 	EXP 	unnamed TextStim: text = '←'
277.5545 	DATA 	Keypress: left
277.5566 	EXP 	unnamed TextStim: height = 25.0
277.5566 	EXP 	unnamed TextStim: height = 25.0
277.5566 	EXP 	unnamed TextStim: height = 25.0
277.5566 	EXP 	unnamed TextStim: text = '↑'
279.6793 	DATA 	Keypress: down
279.6813 	EXP 	unnamed TextStim: height = 25.0
279.6813 	EXP 	unnamed TextStim: height = 25.0
279.6813 	EXP 	unnamed TextStim: height = 25.0
279.6813 	EXP 	unnamed TextStim: text = '→'
281.5139 	DATA 	Keypress: left
281.5160 	EXP 	unnamed TextStim: height = 25.0
281.5160 	EXP 	unnamed TextStim: height = 25.0
281.5160 	EXP 	unnamed TextStim: height = 25.0
281.5160 	EXP 	unnamed TextStim: text = '↑'
283.2651 	DATA 	Keypress: down
283.3694 	EXP 	Created unnamed ImageStim = ImageStim(__class__=<class 'psychopy.visual.image.ImageStim'>, anchor=('center', 'center'), autoLog=True, color=array([1., 1., 1.]), colorSpace='rgb', contrast=1.0, depth=0, flipHoriz=False, flipVert=False, image='break.jpg', interpolate=True, mask=None, maskParams=None, name='unnamed ImageStim', opacity=1.0, ori=0.0, pos=array([0., 0.]), size=array([1536.,  864.]), texRes=128, units='pix', win=Window(...))
284.3213 	DATA 	Keypress: space
284.3394 	EXP 	Created unnamed TextStim = TextStim(__class__=<class 'psychopy.visual.text.TextStim'>, alignHoriz=method-wrapper(...), alignText='center', alignVert=method-wrapper(...), anchorHoriz='center', anchorVert='center', antialias=True, autoDraw=False, autoLog=True, bold=False, color=array([-1, -1, -1]), colorSpace='rgb', contrast=1.0, depth=0, flipHoriz=False, flipVert=False, font='', fontFiles=[], height=20.0, italic=False, languageStyle='LTR', name='unnamed TextStim', opacity=1.0, ori=0.0, pos=array([0., 0.]), rgb=UNKNOWN, text=str(...), units='pix', win=Window(...), wrapWidth=1536)
343.5662 	DATA 	Keypress: return
343.6694 	EXP 	window1: mouseVisible = True
