309.1900 	WARNING 	User requested fullscreen with size [1536  864], but screen is actually [1920, 1080]. Using actual size
310.6829 	INFO 	FRAME RATE: 60
310.6829 	INFO 	SCREEN RES: odict_values([1536, 864])
310.7424 	EXP 	Created unnamed TextStim = TextStim(__class__=<class 'psychopy.visual.text.TextStim'>, alignHoriz=method-wrapper(...), alignText='center', alignVert=method-wrapper(...), anchorHoriz='center', anchorVert='center', antialias=True, autoDraw=False, autoLog=True, bold=False, color=array([-1, -1, -1]), colorSpace='rgb', contrast=1.0, depth=0, flipHoriz=False, flipVert=False, font='', fontFiles=[], height=100.0, italic=False, languageStyle='LTR', name='unnamed TextStim', opacity=1.0, ori=0.0, pos=array([0., 0.]), rgb=UNKNOWN, text='+', units='pix', win=Window(...), wrapWidth=500)
310.7467 	EXP 	Created unnamed Circle = Circle(__class__=<class 'psychopy.visual.circle.Circle'>, anchor=('center', 'center'), autoDraw=False, autoLog=True, closeShape=True, color=method-wrapper(...), colorSpace='rgb', contrast=None, depth=0, fillColor=array([ 0.09019608, -1.        , -1.        ]), fillColorSpace='rgb', fillRGB=array([ 0.09019608, -1.        , -1.        ]), interpolate=True, lineColor=array([ 0.09019608, -1.        , -1.        ]), lineColorSpace='rgb', lineRGB=array([ 0.09019608, -1.        , -1.        ]), lineWidth=1.5, name='unnamed Circle', opacity=1.0, ori=0.0, pos=array([0., 0.]), size=array([1., 1.]), units='pix', vertices=ndarray(...), win=Window(...))
310.7479 	EXP 	Created unnamed TextStim = TextStim(__class__=<class 'psychopy.visual.text.TextStim'>, alignHoriz=method-wrapper(...), alignText='center', alignVert=method-wrapper(...), anchorHoriz='center', anchorVert='center', antialias=True, autoDraw=False, autoLog=True, bold=False, color=array([-0.17647059, -0.17647059, -0.17647059]), colorSpace='rgb', contrast=1.0, depth=0, flipHoriz=False, flipVert=False, font='', fontFiles=[], height=25, italic=False, languageStyle='LTR', name='unnamed TextStim', opacity=1.0, ori=0.0, pos=array([0., 0.]), rgb=UNKNOWN, text='', units='pix', win=Window(...), wrapWidth=500)
310.7562 	EXP 	Created unnamed ImageStim = ImageStim(__class__=<class 'psychopy.visual.image.ImageStim'>, anchor=('center', 'center'), autoLog=True, color=array([1., 1., 1.]), colorSpace='rgb', contrast=1.0, depth=0, flipHoriz=False, flipVert=False, image='mask4.png', interpolate=False, mask=None, maskParams=None, name='unnamed ImageStim', opacity=1.0, ori=0.0, pos=array([0., 0.]), size=array([25., 25.]), texRes=128, units='pix', win=Window(...))
310.7638 	EXP 	Created unnamed TextStim = TextStim(__class__=<class 'psychopy.visual.text.TextStim'>, alignHoriz=method-wrapper(...), alignText='center', alignVert=method-wrapper(...), anchorHoriz='center', anchorVert='center', antialias=True, autoDraw=False, autoLog=True, bold=False, color=array([-1, -1, -1]), colorSpace='rgb', contrast=1.0, depth=0, flipHoriz=False, flipVert=False, font='', fontFiles=[], height=30.0, italic=False, languageStyle='LTR', name='unnamed TextStim', opacity=1.0, ori=0.0, pos=array([ 100., -300.]), rgb=UNKNOWN, text=str(...), units='pix', win=Window(...), wrapWidth=10000)
310.7738 	EXP 	Created unnamed TextStim = TextStim(__class__=<class 'psychopy.visual.text.TextStim'>, alignHoriz=method-wrapper(...), alignText='center', alignVert=method-wrapper(...), anchorHoriz='center', anchorVert='center', antialias=True, autoDraw=False, autoLog=True, bold=False, color=array([-1, -1, -1]), colorSpace='rgb', contrast=1.0, depth=0, flipHoriz=False, flipVert=False, font='', fontFiles=[], height=30.0, italic=False, languageStyle='LTR', name='unnamed TextStim', opacity=1.0, ori=0.0, pos=array([ 100., -330.]), rgb=UNKNOWN, text=str(...), units='pix', win=Window(...), wrapWidth=10000)
310.8106 	EXP 	Created unnamed TextStim = TextStim(__class__=<class 'psychopy.visual.text.TextStim'>, alignHoriz=method-wrapper(...), alignText='center', alignVert=method-wrapper(...), anchorHoriz='center', anchorVert='center', antialias=True, autoDraw=False, autoLog=True, bold=False, color=array([-1, -1, -1]), colorSpace='rgb', contrast=1.0, depth=0, flipHoriz=False, flipVert=False, font='', fontFiles=[], height=20.0, italic=False, languageStyle='LTR', name='unnamed TextStim', opacity=1.0, ori=0.0, pos=array([0., 0.]), rgb=UNKNOWN, text=str(...), units='pix', win=Window(...), wrapWidth=1536)
339.0269 	DATA 	Keypress: space
339.0324 	EXP 	unnamed TextStim: height = 25.0
339.0324 	EXP 	unnamed TextStim: height = 25.0
339.0324 	EXP 	unnamed TextStim: height = 25.0
339.0324 	EXP 	unnamed TextStim: text = '↓'
341.9996 	DATA 	No keypress (maxWait exceeded)
342.0082 	EXP 	Created unnamed TextStim = TextStim(__class__=<class 'psychopy.visual.text.TextStim'>, alignHoriz=method-wrapper(...), alignText='center', alignVert=method-wrapper(...), anchorHoriz='center', anchorVert='center', antialias=True, autoDraw=False, autoLog=True, bold=False, color=array([-1, -1, -1]), colorSpace='rgb', contrast=1.0, depth=0, flipHoriz=False, flipVert=False, font='', fontFiles=[], height=50.0, italic=False, languageStyle='LTR', name='unnamed TextStim', opacity=1.0, ori=0.0, pos=array([0., 0.]), rgb=UNKNOWN, text='Niepoprawnie', units='pix', win=Window(...), wrapWidth=500)
343.0162 	EXP 	unnamed TextStim: height = 25.0
343.0162 	EXP 	unnamed TextStim: height = 25.0
343.0162 	EXP 	unnamed TextStim: height = 25.0
343.0162 	EXP 	unnamed TextStim: text = '←'
345.9832 	DATA 	No keypress (maxWait exceeded)
345.9855 	EXP 	Created unnamed TextStim = TextStim(__class__=<class 'psychopy.visual.text.TextStim'>, alignHoriz=method-wrapper(...), alignText='center', alignVert=method-wrapper(...), anchorHoriz='center', anchorVert='center', antialias=True, autoDraw=False, autoLog=True, bold=False, color=array([-1, -1, -1]), colorSpace='rgb', contrast=1.0, depth=0, flipHoriz=False, flipVert=False, font='', fontFiles=[], height=50.0, italic=False, languageStyle='LTR', name='unnamed TextStim', opacity=1.0, ori=0.0, pos=array([0., 0.]), rgb=UNKNOWN, text='Niepoprawnie', units='pix', win=Window(...), wrapWidth=500)
346.9997 	EXP 	unnamed TextStim: height = 25.0
346.9997 	EXP 	unnamed TextStim: height = 25.0
346.9997 	EXP 	unnamed TextStim: height = 25.0
346.9997 	EXP 	unnamed TextStim: text = '↑'
349.9667 	DATA 	No keypress (maxWait exceeded)
349.9691 	EXP 	Created unnamed TextStim = TextStim(__class__=<class 'psychopy.visual.text.TextStim'>, alignHoriz=method-wrapper(...), alignText='center', alignVert=method-wrapper(...), anchorHoriz='center', anchorVert='center', antialias=True, autoDraw=False, autoLog=True, bold=False, color=array([-1, -1, -1]), colorSpace='rgb', contrast=1.0, depth=0, flipHoriz=False, flipVert=False, font='', fontFiles=[], height=50.0, italic=False, languageStyle='LTR', name='unnamed TextStim', opacity=1.0, ori=0.0, pos=array([0., 0.]), rgb=UNKNOWN, text='Niepoprawnie', units='pix', win=Window(...), wrapWidth=500)
350.9831 	EXP 	unnamed TextStim: height = 25.0
350.9831 	EXP 	unnamed TextStim: height = 25.0
350.9831 	EXP 	unnamed TextStim: height = 25.0
350.9831 	EXP 	unnamed TextStim: text = '←'
352.4613 	DATA 	Keypress: left
352.4644 	EXP 	Created unnamed TextStim = TextStim(__class__=<class 'psychopy.visual.text.TextStim'>, alignHoriz=method-wrapper(...), alignText='center', alignVert=method-wrapper(...), anchorHoriz='center', anchorVert='center', antialias=True, autoDraw=False, autoLog=True, bold=False, color=array([-1, -1, -1]), colorSpace='rgb', contrast=1.0, depth=0, flipHoriz=False, flipVert=False, font='', fontFiles=[], height=50.0, italic=False, languageStyle='LTR', name='unnamed TextStim', opacity=1.0, ori=0.0, pos=array([0., 0.]), rgb=UNKNOWN, text='Poprawnie', units='pix', win=Window(...), wrapWidth=500)
353.4832 	EXP 	unnamed TextStim: height = 25.0
353.4832 	EXP 	unnamed TextStim: height = 25.0
353.4832 	EXP 	unnamed TextStim: height = 25.0
353.4832 	EXP 	unnamed TextStim: text = '↑'
354.8838 	DATA 	Keypress: up
354.8885 	EXP 	Created unnamed TextStim = TextStim(__class__=<class 'psychopy.visual.text.TextStim'>, alignHoriz=method-wrapper(...), alignText='center', alignVert=method-wrapper(...), anchorHoriz='center', anchorVert='center', antialias=True, autoDraw=False, autoLog=True, bold=False, color=array([-1, -1, -1]), colorSpace='rgb', contrast=1.0, depth=0, flipHoriz=False, flipVert=False, font='', fontFiles=[], height=50.0, italic=False, languageStyle='LTR', name='unnamed TextStim', opacity=1.0, ori=0.0, pos=array([0., 0.]), rgb=UNKNOWN, text='Poprawnie', units='pix', win=Window(...), wrapWidth=500)
355.9166 	EXP 	unnamed TextStim: height = 25.0
355.9166 	EXP 	unnamed TextStim: height = 25.0
355.9166 	EXP 	unnamed TextStim: height = 25.0
355.9166 	EXP 	unnamed TextStim: text = '→'
357.2174 	DATA 	Keypress: right
357.2226 	EXP 	Created unnamed TextStim = TextStim(__class__=<class 'psychopy.visual.text.TextStim'>, alignHoriz=method-wrapper(...), alignText='center', alignVert=method-wrapper(...), anchorHoriz='center', anchorVert='center', antialias=True, autoDraw=False, autoLog=True, bold=False, color=array([-1, -1, -1]), colorSpace='rgb', contrast=1.0, depth=0, flipHoriz=False, flipVert=False, font='', fontFiles=[], height=50.0, italic=False, languageStyle='LTR', name='unnamed TextStim', opacity=1.0, ori=0.0, pos=array([0., 0.]), rgb=UNKNOWN, text='Poprawnie', units='pix', win=Window(...), wrapWidth=500)
358.2500 	EXP 	unnamed TextStim: height = 25.0
358.2500 	EXP 	unnamed TextStim: height = 25.0
358.2500 	EXP 	unnamed TextStim: height = 25.0
358.2500 	EXP 	unnamed TextStim: text = '←'
359.8592 	DATA 	Keypress: left
359.8616 	EXP 	Created unnamed TextStim = TextStim(__class__=<class 'psychopy.visual.text.TextStim'>, alignHoriz=method-wrapper(...), alignText='center', alignVert=method-wrapper(...), anchorHoriz='center', anchorVert='center', antialias=True, autoDraw=False, autoLog=True, bold=False, color=array([-1, -1, -1]), colorSpace='rgb', contrast=1.0, depth=0, flipHoriz=False, flipVert=False, font='', fontFiles=[], height=50.0, italic=False, languageStyle='LTR', name='unnamed TextStim', opacity=1.0, ori=0.0, pos=array([0., 0.]), rgb=UNKNOWN, text='Poprawnie', units='pix', win=Window(...), wrapWidth=500)
360.8668 	EXP 	unnamed TextStim: text = '←'
362.3639 	DATA 	Keypress: left
362.3663 	EXP 	Created unnamed TextStim = TextStim(__class__=<class 'psychopy.visual.text.TextStim'>, alignHoriz=method-wrapper(...), alignText='center', alignVert=method-wrapper(...), anchorHoriz='center', anchorVert='center', antialias=True, autoDraw=False, autoLog=True, bold=False, color=array([-1, -1, -1]), colorSpace='rgb', contrast=1.0, depth=0, flipHoriz=False, flipVert=False, font='', fontFiles=[], height=50.0, italic=False, languageStyle='LTR', name='unnamed TextStim', opacity=1.0, ori=0.0, pos=array([0., 0.]), rgb=UNKNOWN, text='Poprawnie', units='pix', win=Window(...), wrapWidth=500)
363.3837 	EXP 	unnamed TextStim: text = '←'
364.8353 	DATA 	Keypress: left
366.3507 	DATA 	No keypress (maxWait exceeded)
366.3529 	EXP 	Created unnamed TextStim = TextStim(__class__=<class 'psychopy.visual.text.TextStim'>, alignHoriz=method-wrapper(...), alignText='center', alignVert=method-wrapper(...), anchorHoriz='center', anchorVert='center', antialias=True, autoDraw=False, autoLog=True, bold=False, color=array([-1, -1, -1]), colorSpace='rgb', contrast=1.0, depth=0, flipHoriz=False, flipVert=False, font='', fontFiles=[], height=50.0, italic=False, languageStyle='LTR', name='unnamed TextStim', opacity=1.0, ori=0.0, pos=array([0., 0.]), rgb=UNKNOWN, text='Niepoprawnie', units='pix', win=Window(...), wrapWidth=500)
367.3671 	EXP 	unnamed TextStim: height = 25.0
367.3671 	EXP 	unnamed TextStim: height = 25.0
367.3671 	EXP 	unnamed TextStim: height = 25.0
367.3671 	EXP 	unnamed TextStim: text = '↑'
369.2310 	DATA 	Keypress: up
369.2331 	EXP 	Created unnamed TextStim = TextStim(__class__=<class 'psychopy.visual.text.TextStim'>, alignHoriz=method-wrapper(...), alignText='center', alignVert=method-wrapper(...), anchorHoriz='center', anchorVert='center', antialias=True, autoDraw=False, autoLog=True, bold=False, color=array([-1, -1, -1]), colorSpace='rgb', contrast=1.0, depth=0, flipHoriz=False, flipVert=False, font='', fontFiles=[], height=50.0, italic=False, languageStyle='LTR', name='unnamed TextStim', opacity=1.0, ori=0.0, pos=array([0., 0.]), rgb=UNKNOWN, text='Poprawnie', units='pix', win=Window(...), wrapWidth=500)
370.2505 	EXP 	unnamed TextStim: height = 25.0
370.2505 	EXP 	unnamed TextStim: height = 25.0
370.2505 	EXP 	unnamed TextStim: height = 25.0
370.2505 	EXP 	unnamed TextStim: text = '↓'
371.5845 	DATA 	Keypress: down
371.5900 	EXP 	Created unnamed TextStim = TextStim(__class__=<class 'psychopy.visual.text.TextStim'>, alignHoriz=method-wrapper(...), alignText='center', alignVert=method-wrapper(...), anchorHoriz='center', anchorVert='center', antialias=True, autoDraw=False, autoLog=True, bold=False, color=array([-1, -1, -1]), colorSpace='rgb', contrast=1.0, depth=0, flipHoriz=False, flipVert=False, font='', fontFiles=[], height=50.0, italic=False, languageStyle='LTR', name='unnamed TextStim', opacity=1.0, ori=0.0, pos=array([0., 0.]), rgb=UNKNOWN, text='Poprawnie', units='pix', win=Window(...), wrapWidth=500)
372.6172 	EXP 	unnamed TextStim: height = 25.0
372.6172 	EXP 	unnamed TextStim: height = 25.0
372.6172 	EXP 	unnamed TextStim: height = 25.0
372.6172 	EXP 	unnamed TextStim: text = '↑'
374.0346 	DATA 	Keypress: up
374.0396 	EXP 	Created unnamed TextStim = TextStim(__class__=<class 'psychopy.visual.text.TextStim'>, alignHoriz=method-wrapper(...), alignText='center', alignVert=method-wrapper(...), anchorHoriz='center', anchorVert='center', antialias=True, autoDraw=False, autoLog=True, bold=False, color=array([-1, -1, -1]), colorSpace='rgb', contrast=1.0, depth=0, flipHoriz=False, flipVert=False, font='', fontFiles=[], height=50.0, italic=False, languageStyle='LTR', name='unnamed TextStim', opacity=1.0, ori=0.0, pos=array([0., 0.]), rgb=UNKNOWN, text='Poprawnie', units='pix', win=Window(...), wrapWidth=500)
375.0674 	EXP 	unnamed TextStim: height = 25.0
375.0674 	EXP 	unnamed TextStim: height = 25.0
375.0674 	EXP 	unnamed TextStim: height = 25.0
375.0674 	EXP 	unnamed TextStim: text = '→'
376.7084 	DATA 	Keypress: right
376.7109 	EXP 	Created unnamed TextStim = TextStim(__class__=<class 'psychopy.visual.text.TextStim'>, alignHoriz=method-wrapper(...), alignText='center', alignVert=method-wrapper(...), anchorHoriz='center', anchorVert='center', antialias=True, autoDraw=False, autoLog=True, bold=False, color=array([-1, -1, -1]), colorSpace='rgb', contrast=1.0, depth=0, flipHoriz=False, flipVert=False, font='', fontFiles=[], height=50.0, italic=False, languageStyle='LTR', name='unnamed TextStim', opacity=1.0, ori=0.0, pos=array([0., 0.]), rgb=UNKNOWN, text='Poprawnie', units='pix', win=Window(...), wrapWidth=500)
377.7174 	EXP 	unnamed TextStim: text = '→'
379.1347 	DATA 	Keypress: right
379.1397 	EXP 	Created unnamed TextStim = TextStim(__class__=<class 'psychopy.visual.text.TextStim'>, alignHoriz=method-wrapper(...), alignText='center', alignVert=method-wrapper(...), anchorHoriz='center', anchorVert='center', antialias=True, autoDraw=False, autoLog=True, bold=False, color=array([-1, -1, -1]), colorSpace='rgb', contrast=1.0, depth=0, flipHoriz=False, flipVert=False, font='', fontFiles=[], height=50.0, italic=False, languageStyle='LTR', name='unnamed TextStim', opacity=1.0, ori=0.0, pos=array([0., 0.]), rgb=UNKNOWN, text='Poprawnie', units='pix', win=Window(...), wrapWidth=500)
380.1676 	EXP 	unnamed TextStim: height = 25.0
380.1676 	EXP 	unnamed TextStim: height = 25.0
380.1676 	EXP 	unnamed TextStim: height = 25.0
380.1676 	EXP 	unnamed TextStim: text = '←'
381.5016 	DATA 	Keypress: left
381.5069 	EXP 	Created unnamed TextStim = TextStim(__class__=<class 'psychopy.visual.text.TextStim'>, alignHoriz=method-wrapper(...), alignText='center', alignVert=method-wrapper(...), anchorHoriz='center', anchorVert='center', antialias=True, autoDraw=False, autoLog=True, bold=False, color=array([-1, -1, -1]), colorSpace='rgb', contrast=1.0, depth=0, flipHoriz=False, flipVert=False, font='', fontFiles=[], height=50.0, italic=False, languageStyle='LTR', name='unnamed TextStim', opacity=1.0, ori=0.0, pos=array([0., 0.]), rgb=UNKNOWN, text='Poprawnie', units='pix', win=Window(...), wrapWidth=500)
382.5470 	EXP 	Created unnamed TextStim = TextStim(__class__=<class 'psychopy.visual.text.TextStim'>, alignHoriz=method-wrapper(...), alignText='center', alignVert=method-wrapper(...), anchorHoriz='center', anchorVert='center', antialias=True, autoDraw=False, autoLog=True, bold=False, color=array([-1, -1, -1]), colorSpace='rgb', contrast=1.0, depth=0, flipHoriz=False, flipVert=False, font='', fontFiles=[], height=20.0, italic=False, languageStyle='LTR', name='unnamed TextStim', opacity=1.0, ori=0.0, pos=array([0., 0.]), rgb=UNKNOWN, text=str(...), units='pix', win=Window(...), wrapWidth=1536)
406.1665 	DATA 	Keypress: space
406.1713 	EXP 	unnamed TextStim: height = 25.0
406.1713 	EXP 	unnamed TextStim: height = 25.0
406.1713 	EXP 	unnamed TextStim: height = 25.0
406.1713 	EXP 	unnamed TextStim: text = '↑'
407.9032 	DATA 	Keypress: up
407.9094 	EXP 	Created unnamed TextStim = TextStim(__class__=<class 'psychopy.visual.text.TextStim'>, alignHoriz=method-wrapper(...), alignText='center', alignVert=method-wrapper(...), anchorHoriz='center', anchorVert='center', antialias=True, autoDraw=False, autoLog=True, bold=False, color=array([-1, -1, -1]), colorSpace='rgb', contrast=1.0, depth=0, flipHoriz=False, flipVert=False, font='', fontFiles=[], height=50.0, italic=False, languageStyle='LTR', name='unnamed TextStim', opacity=1.0, ori=0.0, pos=array([0., 0.]), rgb=UNKNOWN, text='Poprawnie', units='pix', win=Window(...), wrapWidth=500)
408.9184 	EXP 	unnamed TextStim: height = 25.0
408.9184 	EXP 	unnamed TextStim: height = 25.0
408.9184 	EXP 	unnamed TextStim: height = 25.0
408.9184 	EXP 	unnamed TextStim: text = '←'
410.2997 	DATA 	Keypress: left
410.3020 	EXP 	Created unnamed TextStim = TextStim(__class__=<class 'psychopy.visual.text.TextStim'>, alignHoriz=method-wrapper(...), alignText='center', alignVert=method-wrapper(...), anchorHoriz='center', anchorVert='center', antialias=True, autoDraw=False, autoLog=True, bold=False, color=array([-1, -1, -1]), colorSpace='rgb', contrast=1.0, depth=0, flipHoriz=False, flipVert=False, font='', fontFiles=[], height=50.0, italic=False, languageStyle='LTR', name='unnamed TextStim', opacity=1.0, ori=0.0, pos=array([0., 0.]), rgb=UNKNOWN, text='Poprawnie', units='pix', win=Window(...), wrapWidth=500)
411.3187 	EXP 	unnamed TextStim: height = 25.0
411.3187 	EXP 	unnamed TextStim: height = 25.0
411.3187 	EXP 	unnamed TextStim: height = 25.0
411.3187 	EXP 	unnamed TextStim: text = '↓'
412.5526 	DATA 	Keypress: left
412.5581 	EXP 	Created unnamed TextStim = TextStim(__class__=<class 'psychopy.visual.text.TextStim'>, alignHoriz=method-wrapper(...), alignText='center', alignVert=method-wrapper(...), anchorHoriz='center', anchorVert='center', antialias=True, autoDraw=False, autoLog=True, bold=False, color=array([-1, -1, -1]), colorSpace='rgb', contrast=1.0, depth=0, flipHoriz=False, flipVert=False, font='', fontFiles=[], height=50.0, italic=False, languageStyle='LTR', name='unnamed TextStim', opacity=1.0, ori=0.0, pos=array([0., 0.]), rgb=UNKNOWN, text='Niepoprawnie', units='pix', win=Window(...), wrapWidth=500)
413.3689 	DATA 	Keypress: down
413.5855 	EXP 	unnamed TextStim: height = 25.0
413.5855 	EXP 	unnamed TextStim: height = 25.0
413.5855 	EXP 	unnamed TextStim: height = 25.0
413.5855 	EXP 	unnamed TextStim: text = '↑'
414.9486 	DATA 	Keypress: down
414.9506 	EXP 	Created unnamed TextStim = TextStim(__class__=<class 'psychopy.visual.text.TextStim'>, alignHoriz=method-wrapper(...), alignText='center', alignVert=method-wrapper(...), anchorHoriz='center', anchorVert='center', antialias=True, autoDraw=False, autoLog=True, bold=False, color=array([-1, -1, -1]), colorSpace='rgb', contrast=1.0, depth=0, flipHoriz=False, flipVert=False, font='', fontFiles=[], height=50.0, italic=False, languageStyle='LTR', name='unnamed TextStim', opacity=1.0, ori=0.0, pos=array([0., 0.]), rgb=UNKNOWN, text='Niepoprawnie', units='pix', win=Window(...), wrapWidth=500)
415.9689 	EXP 	unnamed TextStim: text = '↑'
417.2205 	DATA 	Keypress: up
418.7358 	DATA 	No keypress (maxWait exceeded)
418.7378 	EXP 	Created unnamed TextStim = TextStim(__class__=<class 'psychopy.visual.text.TextStim'>, alignHoriz=method-wrapper(...), alignText='center', alignVert=method-wrapper(...), anchorHoriz='center', anchorVert='center', antialias=True, autoDraw=False, autoLog=True, bold=False, color=array([-1, -1, -1]), colorSpace='rgb', contrast=1.0, depth=0, flipHoriz=False, flipVert=False, font='', fontFiles=[], height=50.0, italic=False, languageStyle='LTR', name='unnamed TextStim', opacity=1.0, ori=0.0, pos=array([0., 0.]), rgb=UNKNOWN, text='Niepoprawnie', units='pix', win=Window(...), wrapWidth=500)
419.7524 	EXP 	unnamed TextStim: height = 25.0
419.7524 	EXP 	unnamed TextStim: height = 25.0
419.7524 	EXP 	unnamed TextStim: height = 25.0
419.7524 	EXP 	unnamed TextStim: text = '←'
421.0463 	DATA 	Keypress: left
421.0486 	EXP 	Created unnamed TextStim = TextStim(__class__=<class 'psychopy.visual.text.TextStim'>, alignHoriz=method-wrapper(...), alignText='center', alignVert=method-wrapper(...), anchorHoriz='center', anchorVert='center', antialias=True, autoDraw=False, autoLog=True, bold=False, color=array([-1, -1, -1]), colorSpace='rgb', contrast=1.0, depth=0, flipHoriz=False, flipVert=False, font='', fontFiles=[], height=50.0, italic=False, languageStyle='LTR', name='unnamed TextStim', opacity=1.0, ori=0.0, pos=array([0., 0.]), rgb=UNKNOWN, text='Poprawnie', units='pix', win=Window(...), wrapWidth=500)
422.0524 	EXP 	unnamed TextStim: text = '←'
423.3345 	DATA 	Keypress: left
423.3370 	EXP 	Created unnamed TextStim = TextStim(__class__=<class 'psychopy.visual.text.TextStim'>, alignHoriz=method-wrapper(...), alignText='center', alignVert=method-wrapper(...), anchorHoriz='center', anchorVert='center', antialias=True, autoDraw=False, autoLog=True, bold=False, color=array([-1, -1, -1]), colorSpace='rgb', contrast=1.0, depth=0, flipHoriz=False, flipVert=False, font='', fontFiles=[], height=50.0, italic=False, languageStyle='LTR', name='unnamed TextStim', opacity=1.0, ori=0.0, pos=array([0., 0.]), rgb=UNKNOWN, text='Poprawnie', units='pix', win=Window(...), wrapWidth=500)
424.3525 	EXP 	unnamed TextStim: height = 25.0
424.3525 	EXP 	unnamed TextStim: height = 25.0
424.3525 	EXP 	unnamed TextStim: height = 25.0
424.3525 	EXP 	unnamed TextStim: text = '→'
425.6596 	DATA 	Keypress: right
425.6619 	EXP 	Created unnamed TextStim = TextStim(__class__=<class 'psychopy.visual.text.TextStim'>, alignHoriz=method-wrapper(...), alignText='center', alignVert=method-wrapper(...), anchorHoriz='center', anchorVert='center', antialias=True, autoDraw=False, autoLog=True, bold=False, color=array([-1, -1, -1]), colorSpace='rgb', contrast=1.0, depth=0, flipHoriz=False, flipVert=False, font='', fontFiles=[], height=50.0, italic=False, languageStyle='LTR', name='unnamed TextStim', opacity=1.0, ori=0.0, pos=array([0., 0.]), rgb=UNKNOWN, text='Poprawnie', units='pix', win=Window(...), wrapWidth=500)
426.6692 	EXP 	unnamed TextStim: height = 25.0
426.6692 	EXP 	unnamed TextStim: height = 25.0
426.6692 	EXP 	unnamed TextStim: height = 25.0
426.6692 	EXP 	unnamed TextStim: text = '←'
427.9365 	DATA 	Keypress: right
428.7398 	DATA 	Keypress: left
428.7417 	EXP 	Created unnamed TextStim = TextStim(__class__=<class 'psychopy.visual.text.TextStim'>, alignHoriz=method-wrapper(...), alignText='center', alignVert=method-wrapper(...), anchorHoriz='center', anchorVert='center', antialias=True, autoDraw=False, autoLog=True, bold=False, color=array([-1, -1, -1]), colorSpace='rgb', contrast=1.0, depth=0, flipHoriz=False, flipVert=False, font='', fontFiles=[], height=50.0, italic=False, languageStyle='LTR', name='unnamed TextStim', opacity=1.0, ori=0.0, pos=array([0., 0.]), rgb=UNKNOWN, text='Poprawnie', units='pix', win=Window(...), wrapWidth=500)
429.7527 	EXP 	unnamed TextStim: height = 25.0
429.7527 	EXP 	unnamed TextStim: height = 25.0
429.7527 	EXP 	unnamed TextStim: height = 25.0
429.7527 	EXP 	unnamed TextStim: text = '↓'
431.0250 	DATA 	Keypress: down
431.0305 	EXP 	Created unnamed TextStim = TextStim(__class__=<class 'psychopy.visual.text.TextStim'>, alignHoriz=method-wrapper(...), alignText='center', alignVert=method-wrapper(...), anchorHoriz='center', anchorVert='center', antialias=True, autoDraw=False, autoLog=True, bold=False, color=array([-1, -1, -1]), colorSpace='rgb', contrast=1.0, depth=0, flipHoriz=False, flipVert=False, font='', fontFiles=[], height=50.0, italic=False, languageStyle='LTR', name='unnamed TextStim', opacity=1.0, ori=0.0, pos=array([0., 0.]), rgb=UNKNOWN, text='Poprawnie', units='pix', win=Window(...), wrapWidth=500)
432.0616 	EXP 	Created unnamed TextStim = TextStim(__class__=<class 'psychopy.visual.text.TextStim'>, alignHoriz=method-wrapper(...), alignText='center', alignVert=method-wrapper(...), anchorHoriz='center', anchorVert='center', antialias=True, autoDraw=False, autoLog=True, bold=False, color=array([-1, -1, -1]), colorSpace='rgb', contrast=1.0, depth=0, flipHoriz=False, flipVert=False, font='', fontFiles=[], height=20.0, italic=False, languageStyle='LTR', name='unnamed TextStim', opacity=1.0, ori=0.0, pos=array([0., 0.]), rgb=UNKNOWN, text=str(...), units='pix', win=Window(...), wrapWidth=1536)
456.5265 	DATA 	Keypress: space
456.5368 	EXP 	unnamed TextStim: height = 25.0
456.5368 	EXP 	unnamed TextStim: height = 25.0
456.5368 	EXP 	unnamed TextStim: height = 25.0
456.5368 	EXP 	unnamed TextStim: text = '←'
457.9516 	DATA 	Keypress: left
457.9550 	EXP 	unnamed TextStim: height = 25.0
457.9550 	EXP 	unnamed TextStim: height = 25.0
457.9550 	EXP 	unnamed TextStim: height = 25.0
457.9550 	EXP 	unnamed TextStim: text = '↓'
460.1442 	DATA 	Keypress: left
460.1472 	EXP 	unnamed TextStim: height = 25.0
460.1472 	EXP 	unnamed TextStim: height = 25.0
460.1472 	EXP 	unnamed TextStim: height = 25.0
460.1472 	EXP 	unnamed TextStim: text = '→'
461.7250 	DATA 	Keypress: right
461.7271 	EXP 	unnamed TextStim: height = 25.0
461.7271 	EXP 	unnamed TextStim: height = 25.0
461.7271 	EXP 	unnamed TextStim: height = 25.0
461.7271 	EXP 	unnamed TextStim: text = '↓'
463.1852 	DATA 	Keypress: down
463.1876 	EXP 	unnamed TextStim: height = 25.0
463.1876 	EXP 	unnamed TextStim: height = 25.0
463.1876 	EXP 	unnamed TextStim: height = 25.0
463.1876 	EXP 	unnamed TextStim: text = '→'
464.5758 	DATA 	Keypress: right
464.5780 	EXP 	unnamed TextStim: height = 25.0
464.5780 	EXP 	unnamed TextStim: height = 25.0
464.5780 	EXP 	unnamed TextStim: height = 25.0
464.5780 	EXP 	unnamed TextStim: text = '↓'
465.9381 	DATA 	Keypress: down
466.0862 	EXP 	Created unnamed ImageStim = ImageStim(__class__=<class 'psychopy.visual.image.ImageStim'>, anchor=('center', 'center'), autoLog=True, color=array([1., 1., 1.]), colorSpace='rgb', contrast=1.0, depth=0, flipHoriz=False, flipVert=False, image='break.jpg', interpolate=True, mask=None, maskParams=None, name='unnamed ImageStim', opacity=1.0, ori=0.0, pos=array([0., 0.]), size=array([1536.,  864.]), texRes=128, units='pix', win=Window(...))
473.0132 	DATA 	Keypress: space
473.0210 	EXP 	unnamed TextStim: text = '↓'
474.4119 	DATA 	Keypress: down
474.4141 	EXP 	unnamed TextStim: height = 25.0
474.4141 	EXP 	unnamed TextStim: height = 25.0
474.4141 	EXP 	unnamed TextStim: height = 25.0
474.4141 	EXP 	unnamed TextStim: text = '→'
475.7783 	DATA 	Keypress: right
475.7812 	EXP 	unnamed TextStim: height = 25.0
475.7812 	EXP 	unnamed TextStim: height = 25.0
475.7812 	EXP 	unnamed TextStim: height = 25.0
475.7812 	EXP 	unnamed TextStim: text = '↑'
477.0985 	DATA 	Keypress: down
477.1042 	EXP 	unnamed TextStim: height = 25.0
477.1042 	EXP 	unnamed TextStim: height = 25.0
477.1042 	EXP 	unnamed TextStim: height = 25.0
477.1042 	EXP 	unnamed TextStim: text = '→'
478.5738 	DATA 	Keypress: left
478.5750 	EXP 	unnamed TextStim: text = '→'
480.0735 	DATA 	Keypress: right
480.0757 	EXP 	unnamed TextStim: height = 25.0
480.0757 	EXP 	unnamed TextStim: height = 25.0
480.0757 	EXP 	unnamed TextStim: height = 25.0
480.0757 	EXP 	unnamed TextStim: text = '↑'
481.4401 	DATA 	Keypress: down
481.5586 	EXP 	Created unnamed ImageStim = ImageStim(__class__=<class 'psychopy.visual.image.ImageStim'>, anchor=('center', 'center'), autoLog=True, color=array([1., 1., 1.]), colorSpace='rgb', contrast=1.0, depth=0, flipHoriz=False, flipVert=False, image='break.jpg', interpolate=True, mask=None, maskParams=None, name='unnamed ImageStim', opacity=1.0, ori=0.0, pos=array([0., 0.]), size=array([1536.,  864.]), texRes=128, units='pix', win=Window(...))
489.9717 	DATA 	Keypress: space
489.9883 	EXP 	unnamed TextStim: height = 25.0
489.9883 	EXP 	unnamed TextStim: height = 25.0
489.9883 	EXP 	unnamed TextStim: height = 25.0
489.9883 	EXP 	unnamed TextStim: text = '←'
491.2787 	DATA 	Keypress: left
491.2808 	EXP 	unnamed TextStim: height = 25.0
491.2808 	EXP 	unnamed TextStim: height = 25.0
491.2808 	EXP 	unnamed TextStim: height = 25.0
491.2808 	EXP 	unnamed TextStim: text = '↑'
492.6721 	DATA 	Keypress: right
492.6742 	EXP 	unnamed TextStim: height = 25.0
492.6742 	EXP 	unnamed TextStim: height = 25.0
492.6742 	EXP 	unnamed TextStim: height = 25.0
492.6742 	EXP 	unnamed TextStim: text = '→'
494.0579 	DATA 	Keypress: left
494.0611 	EXP 	unnamed TextStim: height = 25.0
494.0611 	EXP 	unnamed TextStim: height = 25.0
494.0611 	EXP 	unnamed TextStim: height = 25.0
494.0611 	EXP 	unnamed TextStim: text = '↓'
496.4070 	DATA 	Keypress: down
496.4082 	EXP 	unnamed TextStim: text = '↓'
497.6773 	DATA 	Keypress: down
497.6795 	EXP 	unnamed TextStim: height = 25.0
497.6795 	EXP 	unnamed TextStim: height = 25.0
497.6795 	EXP 	unnamed TextStim: height = 25.0
497.6795 	EXP 	unnamed TextStim: text = '←'
499.1410 	DATA 	Keypress: left
499.2487 	EXP 	Created unnamed ImageStim = ImageStim(__class__=<class 'psychopy.visual.image.ImageStim'>, anchor=('center', 'center'), autoLog=True, color=array([1., 1., 1.]), colorSpace='rgb', contrast=1.0, depth=0, flipHoriz=False, flipVert=False, image='break.jpg', interpolate=True, mask=None, maskParams=None, name='unnamed ImageStim', opacity=1.0, ori=0.0, pos=array([0., 0.]), size=array([1536.,  864.]), texRes=128, units='pix', win=Window(...))
503.6918 	DATA 	Keypress: space
503.7054 	EXP 	unnamed TextStim: height = 25.0
503.7054 	EXP 	unnamed TextStim: height = 25.0
503.7054 	EXP 	unnamed TextStim: height = 25.0
503.7054 	EXP 	unnamed TextStim: text = '→'
505.0671 	DATA 	Keypress: right
505.0737 	EXP 	unnamed TextStim: height = 25.0
505.0737 	EXP 	unnamed TextStim: height = 25.0
505.0737 	EXP 	unnamed TextStim: height = 25.0
505.0737 	EXP 	unnamed TextStim: text = '↑'
506.7496 	DATA 	Keypress: up
506.7508 	EXP 	unnamed TextStim: text = '↑'
506.8236 	DATA 	Keypress: down
508.2418 	DATA 	Keypress: down
508.2439 	EXP 	unnamed TextStim: height = 25.0
508.2439 	EXP 	unnamed TextStim: height = 25.0
508.2439 	EXP 	unnamed TextStim: height = 25.0
508.2439 	EXP 	unnamed TextStim: text = '↓'
509.5055 	DATA 	Keypress: down
509.5076 	EXP 	unnamed TextStim: height = 25.0
509.5076 	EXP 	unnamed TextStim: height = 25.0
509.5076 	EXP 	unnamed TextStim: height = 25.0
509.5076 	EXP 	unnamed TextStim: text = '←'
511.0073 	DATA 	Keypress: left
511.0084 	EXP 	unnamed TextStim: text = '←'
512.5161 	DATA 	Keypress: right
512.6240 	EXP 	Created unnamed ImageStim = ImageStim(__class__=<class 'psychopy.visual.image.ImageStim'>, anchor=('center', 'center'), autoLog=True, color=array([1., 1., 1.]), colorSpace='rgb', contrast=1.0, depth=0, flipHoriz=False, flipVert=False, image='break.jpg', interpolate=True, mask=None, maskParams=None, name='unnamed ImageStim', opacity=1.0, ori=0.0, pos=array([0., 0.]), size=array([1536.,  864.]), texRes=128, units='pix', win=Window(...))
521.3564 	DATA 	Keypress: space
521.3726 	EXP 	unnamed TextStim: height = 25.0
521.3726 	EXP 	unnamed TextStim: height = 25.0
521.3726 	EXP 	unnamed TextStim: height = 25.0
521.3726 	EXP 	unnamed TextStim: text = '→'
522.8059 	DATA 	Keypress: right
522.8080 	EXP 	unnamed TextStim: height = 25.0
522.8080 	EXP 	unnamed TextStim: height = 25.0
522.8080 	EXP 	unnamed TextStim: height = 25.0
522.8080 	EXP 	unnamed TextStim: text = '↓'
524.1975 	DATA 	Keypress: down
524.1986 	EXP 	unnamed TextStim: text = '↓'
526.0759 	DATA 	Keypress: down
526.0772 	EXP 	unnamed TextStim: text = '↓'
527.3896 	DATA 	Keypress: down
527.3918 	EXP 	unnamed TextStim: height = 25.0
527.3918 	EXP 	unnamed TextStim: height = 25.0
527.3918 	EXP 	unnamed TextStim: height = 25.0
527.3918 	EXP 	unnamed TextStim: text = '→'
528.9628 	DATA 	Keypress: right
528.9641 	EXP 	unnamed TextStim: text = '→'
530.5951 	DATA 	Keypress: right
530.7066 	EXP 	Created unnamed ImageStim = ImageStim(__class__=<class 'psychopy.visual.image.ImageStim'>, anchor=('center', 'center'), autoLog=True, color=array([1., 1., 1.]), colorSpace='rgb', contrast=1.0, depth=0, flipHoriz=False, flipVert=False, image='break.jpg', interpolate=True, mask=None, maskParams=None, name='unnamed ImageStim', opacity=1.0, ori=0.0, pos=array([0., 0.]), size=array([1536.,  864.]), texRes=128, units='pix', win=Window(...))
538.0291 	DATA 	Keypress: space
538.0401 	EXP 	unnamed TextStim: height = 25.0
538.0401 	EXP 	unnamed TextStim: height = 25.0
538.0401 	EXP 	unnamed TextStim: height = 25.0
538.0401 	EXP 	unnamed TextStim: text = '↑'
539.4115 	DATA 	Keypress: up
539.4186 	EXP 	unnamed TextStim: height = 25.0
539.4186 	EXP 	unnamed TextStim: height = 25.0
539.4186 	EXP 	unnamed TextStim: height = 25.0
539.4186 	EXP 	unnamed TextStim: text = '→'
540.7951 	DATA 	Keypress: right
540.7973 	EXP 	unnamed TextStim: height = 25.0
540.7973 	EXP 	unnamed TextStim: height = 25.0
540.7973 	EXP 	unnamed TextStim: height = 25.0
540.7973 	EXP 	unnamed TextStim: text = '↓'
542.3421 	DATA 	Keypress: right
542.3456 	EXP 	unnamed TextStim: height = 25.0
542.3456 	EXP 	unnamed TextStim: height = 25.0
542.3456 	EXP 	unnamed TextStim: height = 25.0
542.3456 	EXP 	unnamed TextStim: text = '←'
543.7846 	DATA 	Keypress: right
543.7868 	EXP 	unnamed TextStim: height = 25.0
543.7868 	EXP 	unnamed TextStim: height = 25.0
543.7868 	EXP 	unnamed TextStim: height = 25.0
543.7868 	EXP 	unnamed TextStim: text = '↑'
545.0354 	DATA 	Keypress: up
545.0365 	EXP 	unnamed TextStim: text = '↑'
546.2754 	DATA 	Keypress: right
547.7907 	DATA 	No keypress (maxWait exceeded)
547.8994 	EXP 	Created unnamed ImageStim = ImageStim(__class__=<class 'psychopy.visual.image.ImageStim'>, anchor=('center', 'center'), autoLog=True, color=array([1., 1., 1.]), colorSpace='rgb', contrast=1.0, depth=0, flipHoriz=False, flipVert=False, image='break.jpg', interpolate=True, mask=None, maskParams=None, name='unnamed ImageStim', opacity=1.0, ori=0.0, pos=array([0., 0.]), size=array([1536.,  864.]), texRes=128, units='pix', win=Window(...))
547.9000 	DATA 	Keypress: up
553.7855 	DATA 	Keypress: space
553.7904 	EXP 	unnamed TextStim: text = '↑'
555.7335 	DATA 	Keypress: down
555.7347 	EXP 	unnamed TextStim: text = '↑'
558.3751 	DATA 	Keypress: up
558.3776 	EXP 	unnamed TextStim: text = '↑'
561.1245 	DATA 	No keypress (maxWait exceeded)
561.1266 	EXP 	unnamed TextStim: height = 25.0
561.1266 	EXP 	unnamed TextStim: height = 25.0
561.1266 	EXP 	unnamed TextStim: height = 25.0
561.1266 	EXP 	unnamed TextStim: text = '←'
562.6213 	DATA 	Keypress: right
562.6235 	EXP 	unnamed TextStim: height = 25.0
562.6235 	EXP 	unnamed TextStim: height = 25.0
562.6235 	EXP 	unnamed TextStim: height = 25.0
562.6235 	EXP 	unnamed TextStim: text = '↓'
564.1873 	DATA 	Keypress: down
564.1896 	EXP 	unnamed TextStim: height = 25.0
564.1896 	EXP 	unnamed TextStim: height = 25.0
564.1896 	EXP 	unnamed TextStim: height = 25.0
564.1896 	EXP 	unnamed TextStim: text = '↑'
566.7025 	DATA 	Keypress: up
566.8427 	EXP 	Created unnamed ImageStim = ImageStim(__class__=<class 'psychopy.visual.image.ImageStim'>, anchor=('center', 'center'), autoLog=True, color=array([1., 1., 1.]), colorSpace='rgb', contrast=1.0, depth=0, flipHoriz=False, flipVert=False, image='break.jpg', interpolate=True, mask=None, maskParams=None, name='unnamed ImageStim', opacity=1.0, ori=0.0, pos=array([0., 0.]), size=array([1536.,  864.]), texRes=128, units='pix', win=Window(...))
575.5654 	DATA 	Keypress: left
575.6374 	DATA 	Keypress: space
575.6440 	EXP 	unnamed TextStim: height = 25.0
575.6440 	EXP 	unnamed TextStim: height = 25.0
575.6440 	EXP 	unnamed TextStim: height = 25.0
575.6440 	EXP 	unnamed TextStim: text = '←'
577.1682 	DATA 	Keypress: left
577.1706 	EXP 	unnamed TextStim: height = 25.0
577.1706 	EXP 	unnamed TextStim: height = 25.0
577.1706 	EXP 	unnamed TextStim: height = 25.0
577.1706 	EXP 	unnamed TextStim: text = '→'
578.4478 	DATA 	Keypress: right
578.4584 	EXP 	unnamed TextStim: height = 25.0
578.4584 	EXP 	unnamed TextStim: height = 25.0
578.4584 	EXP 	unnamed TextStim: height = 25.0
578.4584 	EXP 	unnamed TextStim: text = '↑'
579.9365 	DATA 	Keypress: up
579.9385 	EXP 	unnamed TextStim: height = 25.0
579.9385 	EXP 	unnamed TextStim: height = 25.0
579.9385 	EXP 	unnamed TextStim: height = 25.0
579.9385 	EXP 	unnamed TextStim: text = '→'
581.2419 	DATA 	Keypress: right
581.2439 	EXP 	unnamed TextStim: height = 25.0
581.2439 	EXP 	unnamed TextStim: height = 25.0
581.2439 	EXP 	unnamed TextStim: height = 25.0
581.2439 	EXP 	unnamed TextStim: text = '↓'
582.8216 	DATA 	Keypress: down
582.8227 	EXP 	unnamed TextStim: text = '↓'
585.5111 	DATA 	Keypress: left
585.6205 	EXP 	Created unnamed ImageStim = ImageStim(__class__=<class 'psychopy.visual.image.ImageStim'>, anchor=('center', 'center'), autoLog=True, color=array([1., 1., 1.]), colorSpace='rgb', contrast=1.0, depth=0, flipHoriz=False, flipVert=False, image='break.jpg', interpolate=True, mask=None, maskParams=None, name='unnamed ImageStim', opacity=1.0, ori=0.0, pos=array([0., 0.]), size=array([1536.,  864.]), texRes=128, units='pix', win=Window(...))
600.5973 	DATA 	Keypress: space
600.6092 	EXP 	unnamed TextStim: height = 25.0
600.6092 	EXP 	unnamed TextStim: height = 25.0
600.6092 	EXP 	unnamed TextStim: height = 25.0
600.6092 	EXP 	unnamed TextStim: text = '←'
602.0185 	DATA 	Keypress: left
602.0207 	EXP 	unnamed TextStim: height = 25.0
602.0207 	EXP 	unnamed TextStim: height = 25.0
602.0207 	EXP 	unnamed TextStim: height = 25.0
602.0207 	EXP 	unnamed TextStim: text = '↓'
603.4251 	DATA 	Keypress: down
603.4273 	EXP 	unnamed TextStim: height = 25.0
603.4273 	EXP 	unnamed TextStim: height = 25.0
603.4273 	EXP 	unnamed TextStim: height = 25.0
603.4273 	EXP 	unnamed TextStim: text = '←'
604.6944 	DATA 	Keypress: left
606.2095 	DATA 	No keypress (maxWait exceeded)
606.2117 	EXP 	unnamed TextStim: height = 25.0
606.2117 	EXP 	unnamed TextStim: height = 25.0
606.2117 	EXP 	unnamed TextStim: height = 25.0
606.2117 	EXP 	unnamed TextStim: text = '↓'
606.3440 	DATA 	Keypress: left
607.8759 	DATA 	Keypress: right
607.8803 	EXP 	unnamed TextStim: height = 25.0
607.8803 	EXP 	unnamed TextStim: height = 25.0
607.8803 	EXP 	unnamed TextStim: height = 25.0
607.8803 	EXP 	unnamed TextStim: text = '←'
609.2674 	DATA 	Keypress: left
609.2695 	EXP 	unnamed TextStim: height = 25.0
609.2695 	EXP 	unnamed TextStim: height = 25.0
609.2695 	EXP 	unnamed TextStim: height = 25.0
609.2695 	EXP 	unnamed TextStim: text = '→'
610.7440 	DATA 	Keypress: right
610.8806 	EXP 	Created unnamed ImageStim = ImageStim(__class__=<class 'psychopy.visual.image.ImageStim'>, anchor=('center', 'center'), autoLog=True, color=array([1., 1., 1.]), colorSpace='rgb', contrast=1.0, depth=0, flipHoriz=False, flipVert=False, image='break.jpg', interpolate=True, mask=None, maskParams=None, name='unnamed ImageStim', opacity=1.0, ori=0.0, pos=array([0., 0.]), size=array([1536.,  864.]), texRes=128, units='pix', win=Window(...))
617.0231 	DATA 	Keypress: space
617.0261 	EXP 	unnamed TextStim: height = 25.0
617.0261 	EXP 	unnamed TextStim: height = 25.0
617.0261 	EXP 	unnamed TextStim: height = 25.0
617.0261 	EXP 	unnamed TextStim: text = '↑'
618.8054 	DATA 	Keypress: up
618.8077 	EXP 	unnamed TextStim: height = 25.0
618.8077 	EXP 	unnamed TextStim: height = 25.0
618.8077 	EXP 	unnamed TextStim: height = 25.0
618.8077 	EXP 	unnamed TextStim: text = '↓'
620.3459 	DATA 	Keypress: down
620.3471 	EXP 	unnamed TextStim: text = '↓'
622.0490 	DATA 	Keypress: down
622.0502 	EXP 	unnamed TextStim: text = '↓'
623.5864 	DATA 	Keypress: down
623.5875 	EXP 	unnamed TextStim: text = '↓'
625.5073 	DATA 	Keypress: down
625.5094 	EXP 	unnamed TextStim: height = 25.0
625.5094 	EXP 	unnamed TextStim: height = 25.0
625.5094 	EXP 	unnamed TextStim: height = 25.0
625.5094 	EXP 	unnamed TextStim: text = '←'
627.2002 	DATA 	Keypress: left
627.3372 	EXP 	Created unnamed ImageStim = ImageStim(__class__=<class 'psychopy.visual.image.ImageStim'>, anchor=('center', 'center'), autoLog=True, color=array([1., 1., 1.]), colorSpace='rgb', contrast=1.0, depth=0, flipHoriz=False, flipVert=False, image='break.jpg', interpolate=True, mask=None, maskParams=None, name='unnamed ImageStim', opacity=1.0, ori=0.0, pos=array([0., 0.]), size=array([1536.,  864.]), texRes=128, units='pix', win=Window(...))
632.4692 	DATA 	Keypress: space
632.4769 	EXP 	unnamed TextStim: height = 25.0
632.4769 	EXP 	unnamed TextStim: height = 25.0
632.4769 	EXP 	unnamed TextStim: height = 25.0
632.4769 	EXP 	unnamed TextStim: text = '↑'
633.9962 	DATA 	Keypress: up
633.9983 	EXP 	unnamed TextStim: height = 25.0
633.9983 	EXP 	unnamed TextStim: height = 25.0
633.9983 	EXP 	unnamed TextStim: height = 25.0
633.9983 	EXP 	unnamed TextStim: text = '→'
635.2778 	DATA 	Keypress: right
636.7780 	DATA 	No keypress (maxWait exceeded)
636.7810 	EXP 	unnamed TextStim: height = 25.0
636.7810 	EXP 	unnamed TextStim: height = 25.0
636.7810 	EXP 	unnamed TextStim: height = 25.0
636.7810 	EXP 	unnamed TextStim: text = '↑'
636.9115 	DATA 	Keypress: right
638.4139 	DATA 	Keypress: right
638.4198 	EXP 	unnamed TextStim: height = 25.0
638.4198 	EXP 	unnamed TextStim: height = 25.0
638.4198 	EXP 	unnamed TextStim: height = 25.0
638.4198 	EXP 	unnamed TextStim: text = '↓'
640.0918 	DATA 	Keypress: down
640.0940 	EXP 	unnamed TextStim: height = 25.0
640.0940 	EXP 	unnamed TextStim: height = 25.0
640.0940 	EXP 	unnamed TextStim: height = 25.0
640.0940 	EXP 	unnamed TextStim: text = '→'
641.5056 	DATA 	Keypress: right
641.5077 	EXP 	unnamed TextStim: height = 25.0
641.5077 	EXP 	unnamed TextStim: height = 25.0
641.5077 	EXP 	unnamed TextStim: height = 25.0
641.5077 	EXP 	unnamed TextStim: text = '↑'
643.0020 	DATA 	Keypress: up
643.1345 	EXP 	Created unnamed ImageStim = ImageStim(__class__=<class 'psychopy.visual.image.ImageStim'>, anchor=('center', 'center'), autoLog=True, color=array([1., 1., 1.]), colorSpace='rgb', contrast=1.0, depth=0, flipHoriz=False, flipVert=False, image='break.jpg', interpolate=True, mask=None, maskParams=None, name='unnamed ImageStim', opacity=1.0, ori=0.0, pos=array([0., 0.]), size=array([1536.,  864.]), texRes=128, units='pix', win=Window(...))
651.6348 	DATA 	Keypress: space
651.6559 	EXP 	Created unnamed TextStim = TextStim(__class__=<class 'psychopy.visual.text.TextStim'>, alignHoriz=method-wrapper(...), alignText='center', alignVert=method-wrapper(...), anchorHoriz='center', anchorVert='center', antialias=True, autoDraw=False, autoLog=True, bold=False, color=array([-1, -1, -1]), colorSpace='rgb', contrast=1.0, depth=0, flipHoriz=False, flipVert=False, font='', fontFiles=[], height=20.0, italic=False, languageStyle='LTR', name='unnamed TextStim', opacity=1.0, ori=0.0, pos=array([0., 0.]), rgb=UNKNOWN, text=str(...), units='pix', win=Window(...), wrapWidth=1536)
664.1753 	DATA 	Keypress: return
664.2572 	EXP 	window1: mouseVisible = True
