13.6280 	WARNING 	User requested fullscreen with size [1536  864], but screen is actually [1920, 1080]. Using actual size
15.1537 	INFO 	FRAME RATE: 60
15.1537 	INFO 	SCREEN RES: odict_values([1536, 864])
15.2178 	EXP 	Created unnamed TextStim = TextStim(__class__=<class 'psychopy.visual.text.TextStim'>, alignHoriz=method-wrapper(...), alignText='center', alignVert=method-wrapper(...), anchorHoriz='center', anchorVert='center', antialias=True, autoDraw=False, autoLog=True, bold=False, color=array([-1, -1, -1]), colorSpace='rgb', contrast=1.0, depth=0, flipHoriz=False, flipVert=False, font='', fontFiles=[], height=100.0, italic=False, languageStyle='LTR', name='unnamed TextStim', opacity=1.0, ori=0.0, pos=array([0., 0.]), rgb=UNKNOWN, text='+', units='pix', win=Window(...), wrapWidth=500)
15.2217 	EXP 	Created unnamed Circle = Circle(__class__=<class 'psychopy.visual.circle.Circle'>, anchor=('center', 'center'), autoDraw=False, autoLog=True, closeShape=True, color=method-wrapper(...), colorSpace='rgb', contrast=None, depth=0, fillColor=array([ 0.09019608, -1.        , -1.        ]), fillColorSpace='rgb', fillRGB=array([ 0.09019608, -1.        , -1.        ]), interpolate=True, lineColor=array([ 0.09019608, -1.        , -1.        ]), lineColorSpace='rgb', lineRGB=array([ 0.09019608, -1.        , -1.        ]), lineWidth=1.5, name='unnamed Circle', opacity=1.0, ori=0.0, pos=array([0., 0.]), size=array([1., 1.]), units='pix', vertices=ndarray(...), win=Window(...))
15.2227 	EXP 	Created unnamed TextStim = TextStim(__class__=<class 'psychopy.visual.text.TextStim'>, alignHoriz=method-wrapper(...), alignText='center', alignVert=method-wrapper(...), anchorHoriz='center', anchorVert='center', antialias=True, autoDraw=False, autoLog=True, bold=False, color=array([-0.17647059, -0.17647059, -0.17647059]), colorSpace='rgb', contrast=1.0, depth=0, flipHoriz=False, flipVert=False, font='', fontFiles=[], height=25, italic=False, languageStyle='LTR', name='unnamed TextStim', opacity=1.0, ori=0.0, pos=array([0., 0.]), rgb=UNKNOWN, text='', units='pix', win=Window(...), wrapWidth=500)
15.2301 	EXP 	Created unnamed ImageStim = ImageStim(__class__=<class 'psychopy.visual.image.ImageStim'>, anchor=('center', 'center'), autoLog=True, color=array([1., 1., 1.]), colorSpace='rgb', contrast=1.0, depth=0, flipHoriz=False, flipVert=False, image='mask4.png', interpolate=False, mask=None, maskParams=None, name='unnamed ImageStim', opacity=1.0, ori=0.0, pos=array([0., 0.]), size=array([25., 25.]), texRes=128, units='pix', win=Window(...))
15.2378 	EXP 	Created unnamed TextStim = TextStim(__class__=<class 'psychopy.visual.text.TextStim'>, alignHoriz=method-wrapper(...), alignText='center', alignVert=method-wrapper(...), anchorHoriz='center', anchorVert='center', antialias=True, autoDraw=False, autoLog=True, bold=False, color=array([-1, -1, -1]), colorSpace='rgb', contrast=1.0, depth=0, flipHoriz=False, flipVert=False, font='', fontFiles=[], height=30.0, italic=False, languageStyle='LTR', name='unnamed TextStim', opacity=1.0, ori=0.0, pos=array([ 100., -300.]), rgb=UNKNOWN, text=str(...), units='pix', win=Window(...), wrapWidth=10000)
15.2482 	EXP 	Created unnamed TextStim = TextStim(__class__=<class 'psychopy.visual.text.TextStim'>, alignHoriz=method-wrapper(...), alignText='center', alignVert=method-wrapper(...), anchorHoriz='center', anchorVert='center', antialias=True, autoDraw=False, autoLog=True, bold=False, color=array([-1, -1, -1]), colorSpace='rgb', contrast=1.0, depth=0, flipHoriz=False, flipVert=False, font='', fontFiles=[], height=30.0, italic=False, languageStyle='LTR', name='unnamed TextStim', opacity=1.0, ori=0.0, pos=array([ 100., -330.]), rgb=UNKNOWN, text=str(...), units='pix', win=Window(...), wrapWidth=10000)
15.2859 	EXP 	Created unnamed TextStim = TextStim(__class__=<class 'psychopy.visual.text.TextStim'>, alignHoriz=method-wrapper(...), alignText='center', alignVert=method-wrapper(...), anchorHoriz='center', anchorVert='center', antialias=True, autoDraw=False, autoLog=True, bold=False, color=array([-1, -1, -1]), colorSpace='rgb', contrast=1.0, depth=0, flipHoriz=False, flipVert=False, font='', fontFiles=[], height=20.0, italic=False, languageStyle='LTR', name='unnamed TextStim', opacity=1.0, ori=0.0, pos=array([0., 0.]), rgb=UNKNOWN, text=str(...), units='pix', win=Window(...), wrapWidth=1536)
43.3255 	DATA 	Keypress: space
43.3366 	EXP 	unnamed TextStim: height = 25.0
43.3366 	EXP 	unnamed TextStim: height = 25.0
43.3366 	EXP 	unnamed TextStim: height = 25.0
43.3366 	EXP 	unnamed TextStim: text = '↓'
46.3036 	DATA 	No keypress (maxWait exceeded)
46.3121 	EXP 	Created unnamed TextStim = TextStim(__class__=<class 'psychopy.visual.text.TextStim'>, alignHoriz=method-wrapper(...), alignText='center', alignVert=method-wrapper(...), anchorHoriz='center', anchorVert='center', antialias=True, autoDraw=False, autoLog=True, bold=False, color=array([-1, -1, -1]), colorSpace='rgb', contrast=1.0, depth=0, flipHoriz=False, flipVert=False, font='', fontFiles=[], height=50.0, italic=False, languageStyle='LTR', name='unnamed TextStim', opacity=1.0, ori=0.0, pos=array([0., 0.]), rgb=UNKNOWN, text='Niepoprawnie', units='pix', win=Window(...), wrapWidth=500)
47.3201 	EXP 	unnamed TextStim: height = 25.0
47.3201 	EXP 	unnamed TextStim: height = 25.0
47.3201 	EXP 	unnamed TextStim: height = 25.0
47.3201 	EXP 	unnamed TextStim: text = '←'
49.3756 	DATA 	Keypress: left
49.3792 	EXP 	Created unnamed TextStim = TextStim(__class__=<class 'psychopy.visual.text.TextStim'>, alignHoriz=method-wrapper(...), alignText='center', alignVert=method-wrapper(...), anchorHoriz='center', anchorVert='center', antialias=True, autoDraw=False, autoLog=True, bold=False, color=array([-1, -1, -1]), colorSpace='rgb', contrast=1.0, depth=0, flipHoriz=False, flipVert=False, font='', fontFiles=[], height=50.0, italic=False, languageStyle='LTR', name='unnamed TextStim', opacity=1.0, ori=0.0, pos=array([0., 0.]), rgb=UNKNOWN, text='Poprawnie', units='pix', win=Window(...), wrapWidth=500)
50.3869 	EXP 	unnamed TextStim: height = 25.0
50.3869 	EXP 	unnamed TextStim: height = 25.0
50.3869 	EXP 	unnamed TextStim: height = 25.0
50.3869 	EXP 	unnamed TextStim: text = '↑'
52.2838 	DATA 	Keypress: up
52.2858 	EXP 	Created unnamed TextStim = TextStim(__class__=<class 'psychopy.visual.text.TextStim'>, alignHoriz=method-wrapper(...), alignText='center', alignVert=method-wrapper(...), anchorHoriz='center', anchorVert='center', antialias=True, autoDraw=False, autoLog=True, bold=False, color=array([-1, -1, -1]), colorSpace='rgb', contrast=1.0, depth=0, flipHoriz=False, flipVert=False, font='', fontFiles=[], height=50.0, italic=False, languageStyle='LTR', name='unnamed TextStim', opacity=1.0, ori=0.0, pos=array([0., 0.]), rgb=UNKNOWN, text='Poprawnie', units='pix', win=Window(...), wrapWidth=500)
53.3036 	EXP 	unnamed TextStim: height = 25.0
53.3036 	EXP 	unnamed TextStim: height = 25.0
53.3036 	EXP 	unnamed TextStim: height = 25.0
53.3036 	EXP 	unnamed TextStim: text = '←'
55.4398 	DATA 	Keypress: left
55.4422 	EXP 	Created unnamed TextStim = TextStim(__class__=<class 'psychopy.visual.text.TextStim'>, alignHoriz=method-wrapper(...), alignText='center', alignVert=method-wrapper(...), anchorHoriz='center', anchorVert='center', antialias=True, autoDraw=False, autoLog=True, bold=False, color=array([-1, -1, -1]), colorSpace='rgb', contrast=1.0, depth=0, flipHoriz=False, flipVert=False, font='', fontFiles=[], height=50.0, italic=False, languageStyle='LTR', name='unnamed TextStim', opacity=1.0, ori=0.0, pos=array([0., 0.]), rgb=UNKNOWN, text='Poprawnie', units='pix', win=Window(...), wrapWidth=500)
56.4538 	EXP 	unnamed TextStim: height = 25.0
56.4538 	EXP 	unnamed TextStim: height = 25.0
56.4538 	EXP 	unnamed TextStim: height = 25.0
56.4538 	EXP 	unnamed TextStim: text = '↑'
58.7738 	DATA 	Keypress: up
58.7759 	EXP 	Created unnamed TextStim = TextStim(__class__=<class 'psychopy.visual.text.TextStim'>, alignHoriz=method-wrapper(...), alignText='center', alignVert=method-wrapper(...), anchorHoriz='center', anchorVert='center', antialias=True, autoDraw=False, autoLog=True, bold=False, color=array([-1, -1, -1]), colorSpace='rgb', contrast=1.0, depth=0, flipHoriz=False, flipVert=False, font='', fontFiles=[], height=50.0, italic=False, languageStyle='LTR', name='unnamed TextStim', opacity=1.0, ori=0.0, pos=array([0., 0.]), rgb=UNKNOWN, text='Poprawnie', units='pix', win=Window(...), wrapWidth=500)
59.7872 	EXP 	unnamed TextStim: height = 25.0
59.7872 	EXP 	unnamed TextStim: height = 25.0
59.7872 	EXP 	unnamed TextStim: height = 25.0
59.7872 	EXP 	unnamed TextStim: text = '←'
61.7061 	DATA 	Keypress: left
61.7086 	EXP 	Created unnamed TextStim = TextStim(__class__=<class 'psychopy.visual.text.TextStim'>, alignHoriz=method-wrapper(...), alignText='center', alignVert=method-wrapper(...), anchorHoriz='center', anchorVert='center', antialias=True, autoDraw=False, autoLog=True, bold=False, color=array([-1, -1, -1]), colorSpace='rgb', contrast=1.0, depth=0, flipHoriz=False, flipVert=False, font='', fontFiles=[], height=50.0, italic=False, languageStyle='LTR', name='unnamed TextStim', opacity=1.0, ori=0.0, pos=array([0., 0.]), rgb=UNKNOWN, text='Poprawnie', units='pix', win=Window(...), wrapWidth=500)
62.7207 	EXP 	unnamed TextStim: height = 25.0
62.7207 	EXP 	unnamed TextStim: height = 25.0
62.7207 	EXP 	unnamed TextStim: height = 25.0
62.7207 	EXP 	unnamed TextStim: text = '↑'
64.4511 	DATA 	Keypress: up
64.4536 	EXP 	Created unnamed TextStim = TextStim(__class__=<class 'psychopy.visual.text.TextStim'>, alignHoriz=method-wrapper(...), alignText='center', alignVert=method-wrapper(...), anchorHoriz='center', anchorVert='center', antialias=True, autoDraw=False, autoLog=True, bold=False, color=array([-1, -1, -1]), colorSpace='rgb', contrast=1.0, depth=0, flipHoriz=False, flipVert=False, font='', fontFiles=[], height=50.0, italic=False, languageStyle='LTR', name='unnamed TextStim', opacity=1.0, ori=0.0, pos=array([0., 0.]), rgb=UNKNOWN, text='Poprawnie', units='pix', win=Window(...), wrapWidth=500)
65.4707 	EXP 	unnamed TextStim: text = '↑'
67.3569 	DATA 	Keypress: up
67.3595 	EXP 	Created unnamed TextStim = TextStim(__class__=<class 'psychopy.visual.text.TextStim'>, alignHoriz=method-wrapper(...), alignText='center', alignVert=method-wrapper(...), anchorHoriz='center', anchorVert='center', antialias=True, autoDraw=False, autoLog=True, bold=False, color=array([-1, -1, -1]), colorSpace='rgb', contrast=1.0, depth=0, flipHoriz=False, flipVert=False, font='', fontFiles=[], height=50.0, italic=False, languageStyle='LTR', name='unnamed TextStim', opacity=1.0, ori=0.0, pos=array([0., 0.]), rgb=UNKNOWN, text='Poprawnie', units='pix', win=Window(...), wrapWidth=500)
68.3709 	EXP 	unnamed TextStim: height = 25.0
68.3709 	EXP 	unnamed TextStim: height = 25.0
68.3709 	EXP 	unnamed TextStim: height = 25.0
68.3709 	EXP 	unnamed TextStim: text = '→'
70.8755 	DATA 	Keypress: right
70.8774 	EXP 	Created unnamed TextStim = TextStim(__class__=<class 'psychopy.visual.text.TextStim'>, alignHoriz=method-wrapper(...), alignText='center', alignVert=method-wrapper(...), anchorHoriz='center', anchorVert='center', antialias=True, autoDraw=False, autoLog=True, bold=False, color=array([-1, -1, -1]), colorSpace='rgb', contrast=1.0, depth=0, flipHoriz=False, flipVert=False, font='', fontFiles=[], height=50.0, italic=False, languageStyle='LTR', name='unnamed TextStim', opacity=1.0, ori=0.0, pos=array([0., 0.]), rgb=UNKNOWN, text='Poprawnie', units='pix', win=Window(...), wrapWidth=500)
71.8876 	EXP 	unnamed TextStim: text = '→'
73.8816 	DATA 	Keypress: right
73.8838 	EXP 	Created unnamed TextStim = TextStim(__class__=<class 'psychopy.visual.text.TextStim'>, alignHoriz=method-wrapper(...), alignText='center', alignVert=method-wrapper(...), anchorHoriz='center', anchorVert='center', antialias=True, autoDraw=False, autoLog=True, bold=False, color=array([-1, -1, -1]), colorSpace='rgb', contrast=1.0, depth=0, flipHoriz=False, flipVert=False, font='', fontFiles=[], height=50.0, italic=False, languageStyle='LTR', name='unnamed TextStim', opacity=1.0, ori=0.0, pos=array([0., 0.]), rgb=UNKNOWN, text='Poprawnie', units='pix', win=Window(...), wrapWidth=500)
74.8887 	EXP 	unnamed TextStim: height = 25.0
74.8887 	EXP 	unnamed TextStim: height = 25.0
74.8887 	EXP 	unnamed TextStim: height = 25.0
74.8887 	EXP 	unnamed TextStim: text = '↓'
76.7293 	DATA 	Keypress: down
76.7318 	EXP 	Created unnamed TextStim = TextStim(__class__=<class 'psychopy.visual.text.TextStim'>, alignHoriz=method-wrapper(...), alignText='center', alignVert=method-wrapper(...), anchorHoriz='center', anchorVert='center', antialias=True, autoDraw=False, autoLog=True, bold=False, color=array([-1, -1, -1]), colorSpace='rgb', contrast=1.0, depth=0, flipHoriz=False, flipVert=False, font='', fontFiles=[], height=50.0, italic=False, languageStyle='LTR', name='unnamed TextStim', opacity=1.0, ori=0.0, pos=array([0., 0.]), rgb=UNKNOWN, text='Poprawnie', units='pix', win=Window(...), wrapWidth=500)
77.7379 	EXP 	unnamed TextStim: height = 25.0
77.7379 	EXP 	unnamed TextStim: height = 25.0
77.7379 	EXP 	unnamed TextStim: height = 25.0
77.7379 	EXP 	unnamed TextStim: text = '→'
79.4211 	DATA 	Keypress: right
79.4231 	EXP 	Created unnamed TextStim = TextStim(__class__=<class 'psychopy.visual.text.TextStim'>, alignHoriz=method-wrapper(...), alignText='center', alignVert=method-wrapper(...), anchorHoriz='center', anchorVert='center', antialias=True, autoDraw=False, autoLog=True, bold=False, color=array([-1, -1, -1]), colorSpace='rgb', contrast=1.0, depth=0, flipHoriz=False, flipVert=False, font='', fontFiles=[], height=50.0, italic=False, languageStyle='LTR', name='unnamed TextStim', opacity=1.0, ori=0.0, pos=array([0., 0.]), rgb=UNKNOWN, text='Poprawnie', units='pix', win=Window(...), wrapWidth=500)
80.4379 	EXP 	unnamed TextStim: height = 25.0
80.4379 	EXP 	unnamed TextStim: height = 25.0
80.4379 	EXP 	unnamed TextStim: height = 25.0
80.4379 	EXP 	unnamed TextStim: text = '↓'
82.2572 	DATA 	Keypress: down
82.2597 	EXP 	Created unnamed TextStim = TextStim(__class__=<class 'psychopy.visual.text.TextStim'>, alignHoriz=method-wrapper(...), alignText='center', alignVert=method-wrapper(...), anchorHoriz='center', anchorVert='center', antialias=True, autoDraw=False, autoLog=True, bold=False, color=array([-1, -1, -1]), colorSpace='rgb', contrast=1.0, depth=0, flipHoriz=False, flipVert=False, font='', fontFiles=[], height=50.0, italic=False, languageStyle='LTR', name='unnamed TextStim', opacity=1.0, ori=0.0, pos=array([0., 0.]), rgb=UNKNOWN, text='Poprawnie', units='pix', win=Window(...), wrapWidth=500)
83.2713 	EXP 	unnamed TextStim: text = '↓'
85.4604 	DATA 	Keypress: down
85.4625 	EXP 	Created unnamed TextStim = TextStim(__class__=<class 'psychopy.visual.text.TextStim'>, alignHoriz=method-wrapper(...), alignText='center', alignVert=method-wrapper(...), anchorHoriz='center', anchorVert='center', antialias=True, autoDraw=False, autoLog=True, bold=False, color=array([-1, -1, -1]), colorSpace='rgb', contrast=1.0, depth=0, flipHoriz=False, flipVert=False, font='', fontFiles=[], height=50.0, italic=False, languageStyle='LTR', name='unnamed TextStim', opacity=1.0, ori=0.0, pos=array([0., 0.]), rgb=UNKNOWN, text='Poprawnie', units='pix', win=Window(...), wrapWidth=500)
86.4716 	EXP 	unnamed TextStim: text = '↓'
88.4308 	DATA 	Keypress: down
88.4330 	EXP 	Created unnamed TextStim = TextStim(__class__=<class 'psychopy.visual.text.TextStim'>, alignHoriz=method-wrapper(...), alignText='center', alignVert=method-wrapper(...), anchorHoriz='center', anchorVert='center', antialias=True, autoDraw=False, autoLog=True, bold=False, color=array([-1, -1, -1]), colorSpace='rgb', contrast=1.0, depth=0, flipHoriz=False, flipVert=False, font='', fontFiles=[], height=50.0, italic=False, languageStyle='LTR', name='unnamed TextStim', opacity=1.0, ori=0.0, pos=array([0., 0.]), rgb=UNKNOWN, text='Poprawnie', units='pix', win=Window(...), wrapWidth=500)
89.4642 	EXP 	Created unnamed TextStim = TextStim(__class__=<class 'psychopy.visual.text.TextStim'>, alignHoriz=method-wrapper(...), alignText='center', alignVert=method-wrapper(...), anchorHoriz='center', anchorVert='center', antialias=True, autoDraw=False, autoLog=True, bold=False, color=array([-1, -1, -1]), colorSpace='rgb', contrast=1.0, depth=0, flipHoriz=False, flipVert=False, font='', fontFiles=[], height=20.0, italic=False, languageStyle='LTR', name='unnamed TextStim', opacity=1.0, ori=0.0, pos=array([0., 0.]), rgb=UNKNOWN, text=str(...), units='pix', win=Window(...), wrapWidth=1536)
107.3969 	DATA 	Keypress: space
107.4053 	EXP 	unnamed TextStim: height = 25.0
107.4053 	EXP 	unnamed TextStim: height = 25.0
107.4053 	EXP 	unnamed TextStim: height = 25.0
107.4053 	EXP 	unnamed TextStim: text = '→'
109.2892 	DATA 	Keypress: right
109.2962 	EXP 	Created unnamed TextStim = TextStim(__class__=<class 'psychopy.visual.text.TextStim'>, alignHoriz=method-wrapper(...), alignText='center', alignVert=method-wrapper(...), anchorHoriz='center', anchorVert='center', antialias=True, autoDraw=False, autoLog=True, bold=False, color=array([-1, -1, -1]), colorSpace='rgb', contrast=1.0, depth=0, flipHoriz=False, flipVert=False, font='', fontFiles=[], height=50.0, italic=False, languageStyle='LTR', name='unnamed TextStim', opacity=1.0, ori=0.0, pos=array([0., 0.]), rgb=UNKNOWN, text='Poprawnie', units='pix', win=Window(...), wrapWidth=500)
110.3058 	EXP 	unnamed TextStim: height = 25.0
110.3058 	EXP 	unnamed TextStim: height = 25.0
110.3058 	EXP 	unnamed TextStim: height = 25.0
110.3058 	EXP 	unnamed TextStim: text = '←'
112.1142 	DATA 	Keypress: left
112.1168 	EXP 	Created unnamed TextStim = TextStim(__class__=<class 'psychopy.visual.text.TextStim'>, alignHoriz=method-wrapper(...), alignText='center', alignVert=method-wrapper(...), anchorHoriz='center', anchorVert='center', antialias=True, autoDraw=False, autoLog=True, bold=False, color=array([-1, -1, -1]), colorSpace='rgb', contrast=1.0, depth=0, flipHoriz=False, flipVert=False, font='', fontFiles=[], height=50.0, italic=False, languageStyle='LTR', name='unnamed TextStim', opacity=1.0, ori=0.0, pos=array([0., 0.]), rgb=UNKNOWN, text='Poprawnie', units='pix', win=Window(...), wrapWidth=500)
113.1226 	EXP 	unnamed TextStim: text = '←'
114.8177 	DATA 	Keypress: left
114.8198 	EXP 	Created unnamed TextStim = TextStim(__class__=<class 'psychopy.visual.text.TextStim'>, alignHoriz=method-wrapper(...), alignText='center', alignVert=method-wrapper(...), anchorHoriz='center', anchorVert='center', antialias=True, autoDraw=False, autoLog=True, bold=False, color=array([-1, -1, -1]), colorSpace='rgb', contrast=1.0, depth=0, flipHoriz=False, flipVert=False, font='', fontFiles=[], height=50.0, italic=False, languageStyle='LTR', name='unnamed TextStim', opacity=1.0, ori=0.0, pos=array([0., 0.]), rgb=UNKNOWN, text='Poprawnie', units='pix', win=Window(...), wrapWidth=500)
115.8391 	EXP 	unnamed TextStim: text = '←'
117.7782 	DATA 	Keypress: left
117.7804 	EXP 	Created unnamed TextStim = TextStim(__class__=<class 'psychopy.visual.text.TextStim'>, alignHoriz=method-wrapper(...), alignText='center', alignVert=method-wrapper(...), anchorHoriz='center', anchorVert='center', antialias=True, autoDraw=False, autoLog=True, bold=False, color=array([-1, -1, -1]), colorSpace='rgb', contrast=1.0, depth=0, flipHoriz=False, flipVert=False, font='', fontFiles=[], height=50.0, italic=False, languageStyle='LTR', name='unnamed TextStim', opacity=1.0, ori=0.0, pos=array([0., 0.]), rgb=UNKNOWN, text='Poprawnie', units='pix', win=Window(...), wrapWidth=500)
118.7894 	EXP 	unnamed TextStim: height = 25.0
118.7894 	EXP 	unnamed TextStim: height = 25.0
118.7894 	EXP 	unnamed TextStim: height = 25.0
118.7894 	EXP 	unnamed TextStim: text = '↑'
120.5051 	DATA 	Keypress: up
120.5071 	EXP 	Created unnamed TextStim = TextStim(__class__=<class 'psychopy.visual.text.TextStim'>, alignHoriz=method-wrapper(...), alignText='center', alignVert=method-wrapper(...), anchorHoriz='center', anchorVert='center', antialias=True, autoDraw=False, autoLog=True, bold=False, color=array([-1, -1, -1]), colorSpace='rgb', contrast=1.0, depth=0, flipHoriz=False, flipVert=False, font='', fontFiles=[], height=50.0, italic=False, languageStyle='LTR', name='unnamed TextStim', opacity=1.0, ori=0.0, pos=array([0., 0.]), rgb=UNKNOWN, text='Poprawnie', units='pix', win=Window(...), wrapWidth=500)
121.5229 	EXP 	unnamed TextStim: height = 25.0
121.5229 	EXP 	unnamed TextStim: height = 25.0
121.5229 	EXP 	unnamed TextStim: height = 25.0
121.5229 	EXP 	unnamed TextStim: text = '↓'
123.1065 	DATA 	Keypress: down
123.1086 	EXP 	Created unnamed TextStim = TextStim(__class__=<class 'psychopy.visual.text.TextStim'>, alignHoriz=method-wrapper(...), alignText='center', alignVert=method-wrapper(...), anchorHoriz='center', anchorVert='center', antialias=True, autoDraw=False, autoLog=True, bold=False, color=array([-1, -1, -1]), colorSpace='rgb', contrast=1.0, depth=0, flipHoriz=False, flipVert=False, font='', fontFiles=[], height=50.0, italic=False, languageStyle='LTR', name='unnamed TextStim', opacity=1.0, ori=0.0, pos=array([0., 0.]), rgb=UNKNOWN, text='Poprawnie', units='pix', win=Window(...), wrapWidth=500)
124.1230 	EXP 	unnamed TextStim: text = '↓'
125.8583 	DATA 	Keypress: down
125.8606 	EXP 	Created unnamed TextStim = TextStim(__class__=<class 'psychopy.visual.text.TextStim'>, alignHoriz=method-wrapper(...), alignText='center', alignVert=method-wrapper(...), anchorHoriz='center', anchorVert='center', antialias=True, autoDraw=False, autoLog=True, bold=False, color=array([-1, -1, -1]), colorSpace='rgb', contrast=1.0, depth=0, flipHoriz=False, flipVert=False, font='', fontFiles=[], height=50.0, italic=False, languageStyle='LTR', name='unnamed TextStim', opacity=1.0, ori=0.0, pos=array([0., 0.]), rgb=UNKNOWN, text='Poprawnie', units='pix', win=Window(...), wrapWidth=500)
126.8728 	EXP 	unnamed TextStim: text = '↓'
128.4663 	DATA 	Keypress: down
128.4684 	EXP 	Created unnamed TextStim = TextStim(__class__=<class 'psychopy.visual.text.TextStim'>, alignHoriz=method-wrapper(...), alignText='center', alignVert=method-wrapper(...), anchorHoriz='center', anchorVert='center', antialias=True, autoDraw=False, autoLog=True, bold=False, color=array([-1, -1, -1]), colorSpace='rgb', contrast=1.0, depth=0, flipHoriz=False, flipVert=False, font='', fontFiles=[], height=50.0, italic=False, languageStyle='LTR', name='unnamed TextStim', opacity=1.0, ori=0.0, pos=array([0., 0.]), rgb=UNKNOWN, text='Poprawnie', units='pix', win=Window(...), wrapWidth=500)
129.4730 	EXP 	unnamed TextStim: height = 25.0
129.4730 	EXP 	unnamed TextStim: height = 25.0
129.4730 	EXP 	unnamed TextStim: height = 25.0
129.4730 	EXP 	unnamed TextStim: text = '↑'
131.1648 	DATA 	Keypress: up
131.1668 	EXP 	Created unnamed TextStim = TextStim(__class__=<class 'psychopy.visual.text.TextStim'>, alignHoriz=method-wrapper(...), alignText='center', alignVert=method-wrapper(...), anchorHoriz='center', anchorVert='center', antialias=True, autoDraw=False, autoLog=True, bold=False, color=array([-1, -1, -1]), colorSpace='rgb', contrast=1.0, depth=0, flipHoriz=False, flipVert=False, font='', fontFiles=[], height=50.0, italic=False, languageStyle='LTR', name='unnamed TextStim', opacity=1.0, ori=0.0, pos=array([0., 0.]), rgb=UNKNOWN, text='Poprawnie', units='pix', win=Window(...), wrapWidth=500)
132.1733 	EXP 	unnamed TextStim: height = 25.0
132.1733 	EXP 	unnamed TextStim: height = 25.0
132.1733 	EXP 	unnamed TextStim: height = 25.0
132.1733 	EXP 	unnamed TextStim: text = '←'
133.9870 	DATA 	Keypress: left
133.9897 	EXP 	Created unnamed TextStim = TextStim(__class__=<class 'psychopy.visual.text.TextStim'>, alignHoriz=method-wrapper(...), alignText='center', alignVert=method-wrapper(...), anchorHoriz='center', anchorVert='center', antialias=True, autoDraw=False, autoLog=True, bold=False, color=array([-1, -1, -1]), colorSpace='rgb', contrast=1.0, depth=0, flipHoriz=False, flipVert=False, font='', fontFiles=[], height=50.0, italic=False, languageStyle='LTR', name='unnamed TextStim', opacity=1.0, ori=0.0, pos=array([0., 0.]), rgb=UNKNOWN, text='Poprawnie', units='pix', win=Window(...), wrapWidth=500)
135.0168 	EXP 	Created unnamed TextStim = TextStim(__class__=<class 'psychopy.visual.text.TextStim'>, alignHoriz=method-wrapper(...), alignText='center', alignVert=method-wrapper(...), anchorHoriz='center', anchorVert='center', antialias=True, autoDraw=False, autoLog=True, bold=False, color=array([-1, -1, -1]), colorSpace='rgb', contrast=1.0, depth=0, flipHoriz=False, flipVert=False, font='', fontFiles=[], height=20.0, italic=False, languageStyle='LTR', name='unnamed TextStim', opacity=1.0, ori=0.0, pos=array([0., 0.]), rgb=UNKNOWN, text=str(...), units='pix', win=Window(...), wrapWidth=1536)
260.2388 	DATA 	Keypress: space
260.2445 	EXP 	unnamed TextStim: height = 25.0
260.2445 	EXP 	unnamed TextStim: height = 25.0
260.2445 	EXP 	unnamed TextStim: height = 25.0
260.2445 	EXP 	unnamed TextStim: text = '→'
262.2514 	DATA 	Keypress: right
262.2525 	EXP 	unnamed TextStim: text = '→'
263.9950 	DATA 	Keypress: right
263.9963 	EXP 	unnamed TextStim: text = '→'
265.7186 	DATA 	Keypress: right
265.7234 	EXP 	unnamed TextStim: height = 25.0
265.7234 	EXP 	unnamed TextStim: height = 25.0
265.7234 	EXP 	unnamed TextStim: height = 25.0
265.7234 	EXP 	unnamed TextStim: text = '↑'
267.7711 	DATA 	Keypress: left
267.7739 	EXP 	unnamed TextStim: height = 25.0
267.7739 	EXP 	unnamed TextStim: height = 25.0
267.7739 	EXP 	unnamed TextStim: height = 25.0
267.7739 	EXP 	unnamed TextStim: text = '←'
269.6432 	DATA 	Keypress: left
269.6457 	EXP 	unnamed TextStim: height = 25.0
269.6457 	EXP 	unnamed TextStim: height = 25.0
269.6457 	EXP 	unnamed TextStim: height = 25.0
269.6457 	EXP 	unnamed TextStim: text = '↑'
271.6831 	DATA 	Keypress: left
271.8319 	EXP 	Created unnamed ImageStim = ImageStim(__class__=<class 'psychopy.visual.image.ImageStim'>, anchor=('center', 'center'), autoLog=True, color=array([1., 1., 1.]), colorSpace='rgb', contrast=1.0, depth=0, flipHoriz=False, flipVert=False, image='break.jpg', interpolate=True, mask=None, maskParams=None, name='unnamed ImageStim', opacity=1.0, ori=0.0, pos=array([0., 0.]), size=array([1536.,  864.]), texRes=128, units='pix', win=Window(...))
279.4898 	DATA 	Keypress: space
279.4955 	EXP 	unnamed TextStim: height = 25.0
279.4955 	EXP 	unnamed TextStim: height = 25.0
279.4955 	EXP 	unnamed TextStim: height = 25.0
279.4955 	EXP 	unnamed TextStim: text = '↓'
281.3098 	DATA 	Keypress: down
281.3120 	EXP 	unnamed TextStim: height = 25.0
281.3120 	EXP 	unnamed TextStim: height = 25.0
281.3120 	EXP 	unnamed TextStim: height = 25.0
281.3120 	EXP 	unnamed TextStim: text = '←'
283.3096 	DATA 	Keypress: down
283.3121 	EXP 	unnamed TextStim: height = 25.0
283.3121 	EXP 	unnamed TextStim: height = 25.0
283.3121 	EXP 	unnamed TextStim: height = 25.0
283.3121 	EXP 	unnamed TextStim: text = '↑'
285.3833 	DATA 	Keypress: up
285.3844 	EXP 	unnamed TextStim: text = '↑'
287.2907 	DATA 	Keypress: up
287.2930 	EXP 	unnamed TextStim: height = 25.0
287.2930 	EXP 	unnamed TextStim: height = 25.0
287.2930 	EXP 	unnamed TextStim: height = 25.0
287.2930 	EXP 	unnamed TextStim: text = '←'
289.6617 	DATA 	Keypress: left
289.6639 	EXP 	unnamed TextStim: height = 25.0
289.6639 	EXP 	unnamed TextStim: height = 25.0
289.6639 	EXP 	unnamed TextStim: height = 25.0
289.6639 	EXP 	unnamed TextStim: text = '↑'
291.3269 	DATA 	Keypress: up
291.4797 	EXP 	Created unnamed ImageStim = ImageStim(__class__=<class 'psychopy.visual.image.ImageStim'>, anchor=('center', 'center'), autoLog=True, color=array([1., 1., 1.]), colorSpace='rgb', contrast=1.0, depth=0, flipHoriz=False, flipVert=False, image='break.jpg', interpolate=True, mask=None, maskParams=None, name='unnamed ImageStim', opacity=1.0, ori=0.0, pos=array([0., 0.]), size=array([1536.,  864.]), texRes=128, units='pix', win=Window(...))
295.8499 	DATA 	Keypress: space
295.8628 	EXP 	unnamed TextStim: text = '↑'
297.6522 	DATA 	Keypress: up
297.6544 	EXP 	unnamed TextStim: height = 25.0
297.6544 	EXP 	unnamed TextStim: height = 25.0
297.6544 	EXP 	unnamed TextStim: height = 25.0
297.6544 	EXP 	unnamed TextStim: text = '↓'
299.4297 	DATA 	Keypress: down
299.4309 	EXP 	unnamed TextStim: text = '↓'
301.1374 	DATA 	Keypress: down
301.1386 	EXP 	unnamed TextStim: text = '↓'
302.7753 	DATA 	Keypress: down
302.7764 	EXP 	unnamed TextStim: text = '↓'
304.2924 	DATA 	Keypress: down
304.2995 	EXP 	unnamed TextStim: height = 25.0
304.2995 	EXP 	unnamed TextStim: height = 25.0
304.2995 	EXP 	unnamed TextStim: height = 25.0
304.2995 	EXP 	unnamed TextStim: text = '→'
306.6066 	DATA 	Keypress: right
306.7602 	EXP 	Created unnamed ImageStim = ImageStim(__class__=<class 'psychopy.visual.image.ImageStim'>, anchor=('center', 'center'), autoLog=True, color=array([1., 1., 1.]), colorSpace='rgb', contrast=1.0, depth=0, flipHoriz=False, flipVert=False, image='break.jpg', interpolate=True, mask=None, maskParams=None, name='unnamed ImageStim', opacity=1.0, ori=0.0, pos=array([0., 0.]), size=array([1536.,  864.]), texRes=128, units='pix', win=Window(...))
312.2674 	DATA 	Keypress: space
312.2799 	EXP 	unnamed TextStim: height = 25.0
312.2799 	EXP 	unnamed TextStim: height = 25.0
312.2799 	EXP 	unnamed TextStim: height = 25.0
312.2799 	EXP 	unnamed TextStim: text = '↓'
314.0659 	DATA 	Keypress: down
314.0680 	EXP 	unnamed TextStim: height = 25.0
314.0680 	EXP 	unnamed TextStim: height = 25.0
314.0680 	EXP 	unnamed TextStim: height = 25.0
314.0680 	EXP 	unnamed TextStim: text = '↑'
315.9468 	DATA 	Keypress: down
315.9489 	EXP 	unnamed TextStim: height = 25.0
315.9489 	EXP 	unnamed TextStim: height = 25.0
315.9489 	EXP 	unnamed TextStim: height = 25.0
315.9489 	EXP 	unnamed TextStim: text = '→'
317.7133 	DATA 	Keypress: right
317.7155 	EXP 	unnamed TextStim: height = 25.0
317.7155 	EXP 	unnamed TextStim: height = 25.0
317.7155 	EXP 	unnamed TextStim: height = 25.0
317.7155 	EXP 	unnamed TextStim: text = '←'
319.5595 	DATA 	Keypress: left
319.5617 	EXP 	unnamed TextStim: height = 25.0
319.5617 	EXP 	unnamed TextStim: height = 25.0
319.5617 	EXP 	unnamed TextStim: height = 25.0
319.5617 	EXP 	unnamed TextStim: text = '↑'
321.6098 	DATA 	Keypress: up
321.6121 	EXP 	unnamed TextStim: height = 25.0
321.6121 	EXP 	unnamed TextStim: height = 25.0
321.6121 	EXP 	unnamed TextStim: height = 25.0
321.6121 	EXP 	unnamed TextStim: text = '←'
323.2595 	DATA 	Keypress: left
323.3983 	EXP 	Created unnamed ImageStim = ImageStim(__class__=<class 'psychopy.visual.image.ImageStim'>, anchor=('center', 'center'), autoLog=True, color=array([1., 1., 1.]), colorSpace='rgb', contrast=1.0, depth=0, flipHoriz=False, flipVert=False, image='break.jpg', interpolate=True, mask=None, maskParams=None, name='unnamed ImageStim', opacity=1.0, ori=0.0, pos=array([0., 0.]), size=array([1536.,  864.]), texRes=128, units='pix', win=Window(...))
326.5561 	DATA 	Keypress: space
326.5639 	EXP 	unnamed TextStim: text = '←'
328.2992 	DATA 	Keypress: right
328.3016 	EXP 	unnamed TextStim: height = 25.0
328.3016 	EXP 	unnamed TextStim: height = 25.0
328.3016 	EXP 	unnamed TextStim: height = 25.0
328.3016 	EXP 	unnamed TextStim: text = '↓'
330.2563 	DATA 	Keypress: down
330.2575 	EXP 	unnamed TextStim: text = '↓'
331.9677 	DATA 	Keypress: down
331.9688 	EXP 	unnamed TextStim: text = '↓'
333.6188 	DATA 	Keypress: down
333.6199 	EXP 	unnamed TextStim: text = '↓'
335.5355 	DATA 	Keypress: down
335.5367 	EXP 	unnamed TextStim: text = '↓'
337.1530 	DATA 	Keypress: down
337.3042 	EXP 	Created unnamed ImageStim = ImageStim(__class__=<class 'psychopy.visual.image.ImageStim'>, anchor=('center', 'center'), autoLog=True, color=array([1., 1., 1.]), colorSpace='rgb', contrast=1.0, depth=0, flipHoriz=False, flipVert=False, image='break.jpg', interpolate=True, mask=None, maskParams=None, name='unnamed ImageStim', opacity=1.0, ori=0.0, pos=array([0., 0.]), size=array([1536.,  864.]), texRes=128, units='pix', win=Window(...))
340.8087 	DATA 	Keypress: space
340.8145 	EXP 	unnamed TextStim: height = 25.0
340.8145 	EXP 	unnamed TextStim: height = 25.0
340.8145 	EXP 	unnamed TextStim: height = 25.0
340.8145 	EXP 	unnamed TextStim: text = '→'
342.4576 	DATA 	Keypress: right
342.4598 	EXP 	unnamed TextStim: height = 25.0
342.4598 	EXP 	unnamed TextStim: height = 25.0
342.4598 	EXP 	unnamed TextStim: height = 25.0
342.4598 	EXP 	unnamed TextStim: text = '←'
344.1799 	DATA 	Keypress: left
344.1821 	EXP 	unnamed TextStim: height = 25.0
344.1821 	EXP 	unnamed TextStim: height = 25.0
344.1821 	EXP 	unnamed TextStim: height = 25.0
344.1821 	EXP 	unnamed TextStim: text = '→'
346.8983 	DATA 	No keypress (maxWait exceeded)
346.9006 	EXP 	unnamed TextStim: height = 25.0
346.9006 	EXP 	unnamed TextStim: height = 25.0
346.9006 	EXP 	unnamed TextStim: height = 25.0
346.9006 	EXP 	unnamed TextStim: text = '↓'
346.9659 	DATA 	Keypress: left
348.4514 	DATA 	Keypress: down
348.4525 	EXP 	unnamed TextStim: text = '↓'
350.3239 	DATA 	Keypress: down
350.3261 	EXP 	unnamed TextStim: height = 25.0
350.3261 	EXP 	unnamed TextStim: height = 25.0
350.3261 	EXP 	unnamed TextStim: height = 25.0
350.3261 	EXP 	unnamed TextStim: text = '←'
352.2419 	DATA 	Keypress: down
352.3881 	EXP 	Created unnamed ImageStim = ImageStim(__class__=<class 'psychopy.visual.image.ImageStim'>, anchor=('center', 'center'), autoLog=True, color=array([1., 1., 1.]), colorSpace='rgb', contrast=1.0, depth=0, flipHoriz=False, flipVert=False, image='break.jpg', interpolate=True, mask=None, maskParams=None, name='unnamed ImageStim', opacity=1.0, ori=0.0, pos=array([0., 0.]), size=array([1536.,  864.]), texRes=128, units='pix', win=Window(...))
354.2994 	DATA 	Keypress: space
354.3150 	EXP 	unnamed TextStim: height = 25.0
354.3150 	EXP 	unnamed TextStim: height = 25.0
354.3150 	EXP 	unnamed TextStim: height = 25.0
354.3150 	EXP 	unnamed TextStim: text = '↑'
356.4365 	DATA 	Keypress: up
356.4376 	EXP 	unnamed TextStim: text = '↑'
358.3679 	DATA 	Keypress: down
358.3716 	EXP 	unnamed TextStim: height = 25.0
358.3716 	EXP 	unnamed TextStim: height = 25.0
358.3716 	EXP 	unnamed TextStim: height = 25.0
358.3716 	EXP 	unnamed TextStim: text = '→'
360.0209 	DATA 	Keypress: right
360.0231 	EXP 	unnamed TextStim: height = 25.0
360.0231 	EXP 	unnamed TextStim: height = 25.0
360.0231 	EXP 	unnamed TextStim: height = 25.0
360.0231 	EXP 	unnamed TextStim: text = '↓'
362.0844 	DATA 	Keypress: down
362.0855 	EXP 	unnamed TextStim: text = '↓'
364.1736 	DATA 	Keypress: up
364.1802 	EXP 	unnamed TextStim: height = 25.0
364.1802 	EXP 	unnamed TextStim: height = 25.0
364.1802 	EXP 	unnamed TextStim: height = 25.0
364.1802 	EXP 	unnamed TextStim: text = '→'
365.7456 	DATA 	Keypress: right
365.8736 	EXP 	Created unnamed ImageStim = ImageStim(__class__=<class 'psychopy.visual.image.ImageStim'>, anchor=('center', 'center'), autoLog=True, color=array([1., 1., 1.]), colorSpace='rgb', contrast=1.0, depth=0, flipHoriz=False, flipVert=False, image='break.jpg', interpolate=True, mask=None, maskParams=None, name='unnamed ImageStim', opacity=1.0, ori=0.0, pos=array([0., 0.]), size=array([1536.,  864.]), texRes=128, units='pix', win=Window(...))
372.8043 	DATA 	Keypress: space
372.8157 	EXP 	unnamed TextStim: height = 25.0
372.8157 	EXP 	unnamed TextStim: height = 25.0
372.8157 	EXP 	unnamed TextStim: height = 25.0
372.8157 	EXP 	unnamed TextStim: text = '↓'
374.4425 	DATA 	Keypress: down
374.4446 	EXP 	unnamed TextStim: height = 25.0
374.4446 	EXP 	unnamed TextStim: height = 25.0
374.4446 	EXP 	unnamed TextStim: height = 25.0
374.4446 	EXP 	unnamed TextStim: text = '→'
376.2813 	DATA 	Keypress: right
376.2829 	EXP 	unnamed TextStim: text = '→'
378.3482 	DATA 	Keypress: right
378.3494 	EXP 	unnamed TextStim: text = '→'
380.1183 	DATA 	Keypress: right
380.1205 	EXP 	unnamed TextStim: height = 25.0
380.1205 	EXP 	unnamed TextStim: height = 25.0
380.1205 	EXP 	unnamed TextStim: height = 25.0
380.1205 	EXP 	unnamed TextStim: text = '↑'
381.8735 	DATA 	Keypress: up
381.8759 	EXP 	unnamed TextStim: height = 25.0
381.8759 	EXP 	unnamed TextStim: height = 25.0
381.8759 	EXP 	unnamed TextStim: height = 25.0
381.8759 	EXP 	unnamed TextStim: text = '←'
383.6982 	DATA 	Keypress: left
383.8465 	EXP 	Created unnamed ImageStim = ImageStim(__class__=<class 'psychopy.visual.image.ImageStim'>, anchor=('center', 'center'), autoLog=True, color=array([1., 1., 1.]), colorSpace='rgb', contrast=1.0, depth=0, flipHoriz=False, flipVert=False, image='break.jpg', interpolate=True, mask=None, maskParams=None, name='unnamed ImageStim', opacity=1.0, ori=0.0, pos=array([0., 0.]), size=array([1536.,  864.]), texRes=128, units='pix', win=Window(...))
386.6395 	DATA 	Keypress: space
386.6495 	EXP 	unnamed TextStim: height = 25.0
386.6495 	EXP 	unnamed TextStim: height = 25.0
386.6495 	EXP 	unnamed TextStim: height = 25.0
386.6495 	EXP 	unnamed TextStim: text = '→'
388.1717 	DATA 	Keypress: right
388.1739 	EXP 	unnamed TextStim: height = 25.0
388.1739 	EXP 	unnamed TextStim: height = 25.0
388.1739 	EXP 	unnamed TextStim: height = 25.0
388.1739 	EXP 	unnamed TextStim: text = '↑'
389.9406 	DATA 	Keypress: up
389.9429 	EXP 	unnamed TextStim: height = 25.0
389.9429 	EXP 	unnamed TextStim: height = 25.0
389.9429 	EXP 	unnamed TextStim: height = 25.0
389.9429 	EXP 	unnamed TextStim: text = '→'
391.4819 	DATA 	Keypress: right
391.4886 	EXP 	unnamed TextStim: height = 25.0
391.4886 	EXP 	unnamed TextStim: height = 25.0
391.4886 	EXP 	unnamed TextStim: height = 25.0
391.4886 	EXP 	unnamed TextStim: text = '←'
393.4158 	DATA 	Keypress: left
393.4181 	EXP 	unnamed TextStim: height = 25.0
393.4181 	EXP 	unnamed TextStim: height = 25.0
393.4181 	EXP 	unnamed TextStim: height = 25.0
393.4181 	EXP 	unnamed TextStim: text = '→'
394.9390 	DATA 	Keypress: right
394.9412 	EXP 	unnamed TextStim: height = 25.0
394.9412 	EXP 	unnamed TextStim: height = 25.0
394.9412 	EXP 	unnamed TextStim: height = 25.0
394.9412 	EXP 	unnamed TextStim: text = '↓'
396.9054 	DATA 	Keypress: left
397.0392 	EXP 	Created unnamed ImageStim = ImageStim(__class__=<class 'psychopy.visual.image.ImageStim'>, anchor=('center', 'center'), autoLog=True, color=array([1., 1., 1.]), colorSpace='rgb', contrast=1.0, depth=0, flipHoriz=False, flipVert=False, image='break.jpg', interpolate=True, mask=None, maskParams=None, name='unnamed ImageStim', opacity=1.0, ori=0.0, pos=array([0., 0.]), size=array([1536.,  864.]), texRes=128, units='pix', win=Window(...))
400.3226 	DATA 	Keypress: space
400.3332 	EXP 	unnamed TextStim: text = '↓'
402.2257 	DATA 	Keypress: up
402.2269 	EXP 	unnamed TextStim: text = '↓'
403.8480 	DATA 	Keypress: down
403.8501 	EXP 	unnamed TextStim: height = 25.0
403.8501 	EXP 	unnamed TextStim: height = 25.0
403.8501 	EXP 	unnamed TextStim: height = 25.0
403.8501 	EXP 	unnamed TextStim: text = '→'
405.3693 	DATA 	Keypress: right
405.3704 	EXP 	unnamed TextStim: text = '→'
406.9590 	DATA 	Keypress: right
406.9612 	EXP 	unnamed TextStim: height = 25.0
406.9612 	EXP 	unnamed TextStim: height = 25.0
406.9612 	EXP 	unnamed TextStim: height = 25.0
406.9612 	EXP 	unnamed TextStim: text = '↓'
408.7400 	DATA 	Keypress: down
408.7422 	EXP 	unnamed TextStim: height = 25.0
408.7422 	EXP 	unnamed TextStim: height = 25.0
408.7422 	EXP 	unnamed TextStim: height = 25.0
408.7422 	EXP 	unnamed TextStim: text = '←'
410.4163 	DATA 	Keypress: left
410.5685 	EXP 	Created unnamed ImageStim = ImageStim(__class__=<class 'psychopy.visual.image.ImageStim'>, anchor=('center', 'center'), autoLog=True, color=array([1., 1., 1.]), colorSpace='rgb', contrast=1.0, depth=0, flipHoriz=False, flipVert=False, image='break.jpg', interpolate=True, mask=None, maskParams=None, name='unnamed ImageStim', opacity=1.0, ori=0.0, pos=array([0., 0.]), size=array([1536.,  864.]), texRes=128, units='pix', win=Window(...))
412.4808 	DATA 	Keypress: space
412.4836 	EXP 	unnamed TextStim: height = 25.0
412.4836 	EXP 	unnamed TextStim: height = 25.0
412.4836 	EXP 	unnamed TextStim: height = 25.0
412.4836 	EXP 	unnamed TextStim: text = '↓'
413.9737 	DATA 	Keypress: down
413.9760 	EXP 	unnamed TextStim: height = 25.0
413.9760 	EXP 	unnamed TextStim: height = 25.0
413.9760 	EXP 	unnamed TextStim: height = 25.0
413.9760 	EXP 	unnamed TextStim: text = '→'
415.4594 	DATA 	Keypress: right
415.4661 	EXP 	unnamed TextStim: height = 25.0
415.4661 	EXP 	unnamed TextStim: height = 25.0
415.4661 	EXP 	unnamed TextStim: height = 25.0
415.4661 	EXP 	unnamed TextStim: text = '←'
417.0759 	DATA 	Keypress: left
417.0781 	EXP 	unnamed TextStim: height = 25.0
417.0781 	EXP 	unnamed TextStim: height = 25.0
417.0781 	EXP 	unnamed TextStim: height = 25.0
417.0781 	EXP 	unnamed TextStim: text = '↑'
418.6884 	DATA 	Keypress: up
418.6906 	EXP 	unnamed TextStim: height = 25.0
418.6906 	EXP 	unnamed TextStim: height = 25.0
418.6906 	EXP 	unnamed TextStim: height = 25.0
418.6906 	EXP 	unnamed TextStim: text = '↓'
420.6580 	DATA 	Keypress: up
420.6603 	EXP 	unnamed TextStim: height = 25.0
420.6603 	EXP 	unnamed TextStim: height = 25.0
420.6603 	EXP 	unnamed TextStim: height = 25.0
420.6603 	EXP 	unnamed TextStim: text = '→'
422.2609 	DATA 	Keypress: right
422.3718 	EXP 	Created unnamed ImageStim = ImageStim(__class__=<class 'psychopy.visual.image.ImageStim'>, anchor=('center', 'center'), autoLog=True, color=array([1., 1., 1.]), colorSpace='rgb', contrast=1.0, depth=0, flipHoriz=False, flipVert=False, image='break.jpg', interpolate=True, mask=None, maskParams=None, name='unnamed ImageStim', opacity=1.0, ori=0.0, pos=array([0., 0.]), size=array([1536.,  864.]), texRes=128, units='pix', win=Window(...))
424.2426 	DATA 	Keypress: space
424.2620 	EXP 	Created unnamed TextStim = TextStim(__class__=<class 'psychopy.visual.text.TextStim'>, alignHoriz=method-wrapper(...), alignText='center', alignVert=method-wrapper(...), anchorHoriz='center', anchorVert='center', antialias=True, autoDraw=False, autoLog=True, bold=False, color=array([-1, -1, -1]), colorSpace='rgb', contrast=1.0, depth=0, flipHoriz=False, flipVert=False, font='', fontFiles=[], height=20.0, italic=False, languageStyle='LTR', name='unnamed TextStim', opacity=1.0, ori=0.0, pos=array([0., 0.]), rgb=UNKNOWN, text=str(...), units='pix', win=Window(...), wrapWidth=1536)
429.3279 	DATA 	Keypress: return
429.4179 	EXP 	window1: mouseVisible = True
