21.5174 	WARNING 	User requested fullscreen with size [1536  864], but screen is actually [1920, 1080]. Using actual size
23.0141 	INFO 	FRAME RATE: 60
23.0142 	INFO 	SCREEN RES: odict_values([1536, 864])
23.0739 	EXP 	Created unnamed TextStim = TextStim(__class__=<class 'psychopy.visual.text.TextStim'>, alignHoriz=method-wrapper(...), alignText='center', alignVert=method-wrapper(...), anchorHoriz='center', anchorVert='center', antialias=True, autoDraw=False, autoLog=True, bold=False, color=array([-1, -1, -1]), colorSpace='rgb', contrast=1.0, depth=0, flipHoriz=False, flipVert=False, font='', fontFiles=[], height=100.0, italic=False, languageStyle='LTR', name='unnamed TextStim', opacity=1.0, ori=0.0, pos=array([0., 0.]), rgb=UNKNOWN, text='+', units='pix', win=Window(...), wrapWidth=500)
23.0793 	EXP 	Created unnamed Circle = Circle(__class__=<class 'psychopy.visual.circle.Circle'>, anchor=('center', 'center'), autoDraw=False, autoLog=True, closeShape=True, color=method-wrapper(...), colorSpace='rgb', contrast=None, depth=0, fillColor=array([ 0.09019608, -1.        , -1.        ]), fillColorSpace='rgb', fillRGB=array([ 0.09019608, -1.        , -1.        ]), interpolate=True, lineColor=array([ 0.09019608, -1.        , -1.        ]), lineColorSpace='rgb', lineRGB=array([ 0.09019608, -1.        , -1.        ]), lineWidth=1.5, name='unnamed Circle', opacity=1.0, ori=0.0, pos=array([0., 0.]), size=array([1., 1.]), units='pix', vertices=ndarray(...), win=Window(...))
23.0808 	EXP 	Created unnamed TextStim = TextStim(__class__=<class 'psychopy.visual.text.TextStim'>, alignHoriz=method-wrapper(...), alignText='center', alignVert=method-wrapper(...), anchorHoriz='center', anchorVert='center', antialias=True, autoDraw=False, autoLog=True, bold=False, color=array([-0.17647059, -0.17647059, -0.17647059]), colorSpace='rgb', contrast=1.0, depth=0, flipHoriz=False, flipVert=False, font='', fontFiles=[], height=25, italic=False, languageStyle='LTR', name='unnamed TextStim', opacity=1.0, ori=0.0, pos=array([0., 0.]), rgb=UNKNOWN, text='', units='pix', win=Window(...), wrapWidth=500)
23.0905 	EXP 	Created unnamed ImageStim = ImageStim(__class__=<class 'psychopy.visual.image.ImageStim'>, anchor=('center', 'center'), autoLog=True, color=array([1., 1., 1.]), colorSpace='rgb', contrast=1.0, depth=0, flipHoriz=False, flipVert=False, image='mask4.png', interpolate=False, mask=None, maskParams=None, name='unnamed ImageStim', opacity=1.0, ori=0.0, pos=array([0., 0.]), size=array([25., 25.]), texRes=128, units='pix', win=Window(...))
23.0983 	EXP 	Created unnamed TextStim = TextStim(__class__=<class 'psychopy.visual.text.TextStim'>, alignHoriz=method-wrapper(...), alignText='center', alignVert=method-wrapper(...), anchorHoriz='center', anchorVert='center', antialias=True, autoDraw=False, autoLog=True, bold=False, color=array([-1, -1, -1]), colorSpace='rgb', contrast=1.0, depth=0, flipHoriz=False, flipVert=False, font='', fontFiles=[], height=30.0, italic=False, languageStyle='LTR', name='unnamed TextStim', opacity=1.0, ori=0.0, pos=array([ 100., -300.]), rgb=UNKNOWN, text=str(...), units='pix', win=Window(...), wrapWidth=10000)
23.1092 	EXP 	Created unnamed TextStim = TextStim(__class__=<class 'psychopy.visual.text.TextStim'>, alignHoriz=method-wrapper(...), alignText='center', alignVert=method-wrapper(...), anchorHoriz='center', anchorVert='center', antialias=True, autoDraw=False, autoLog=True, bold=False, color=array([-1, -1, -1]), colorSpace='rgb', contrast=1.0, depth=0, flipHoriz=False, flipVert=False, font='', fontFiles=[], height=30.0, italic=False, languageStyle='LTR', name='unnamed TextStim', opacity=1.0, ori=0.0, pos=array([ 100., -330.]), rgb=UNKNOWN, text=str(...), units='pix', win=Window(...), wrapWidth=10000)
23.1501 	EXP 	Created unnamed TextStim = TextStim(__class__=<class 'psychopy.visual.text.TextStim'>, alignHoriz=method-wrapper(...), alignText='center', alignVert=method-wrapper(...), anchorHoriz='center', anchorVert='center', antialias=True, autoDraw=False, autoLog=True, bold=False, color=array([-1, -1, -1]), colorSpace='rgb', contrast=1.0, depth=0, flipHoriz=False, flipVert=False, font='', fontFiles=[], height=20.0, italic=False, languageStyle='LTR', name='unnamed TextStim', opacity=1.0, ori=0.0, pos=array([0., 0.]), rgb=UNKNOWN, text=str(...), units='pix', win=Window(...), wrapWidth=1536)
52.3649 	DATA 	Mouse: Left button down, pos=(837,624)
52.7339 	DATA 	Mouse:  Left button up, pos=(837,624)
52.7340 	DATA 	Mouse: Left button down, pos=(837,624)
52.9596 	DATA 	Mouse:  Left button up, pos=(837,624)
53.2893 	DATA 	Keypress: space
53.2952 	EXP 	unnamed TextStim: height = 25.0
53.2952 	EXP 	unnamed TextStim: height = 25.0
53.2952 	EXP 	unnamed TextStim: height = 25.0
53.2952 	EXP 	unnamed TextStim: text = '↑'
55.8930 	DATA 	Keypress: right
55.9018 	EXP 	Created unnamed TextStim = TextStim(__class__=<class 'psychopy.visual.text.TextStim'>, alignHoriz=method-wrapper(...), alignText='center', alignVert=method-wrapper(...), anchorHoriz='center', anchorVert='center', antialias=True, autoDraw=False, autoLog=True, bold=False, color=array([-1, -1, -1]), colorSpace='rgb', contrast=1.0, depth=0, flipHoriz=False, flipVert=False, font='', fontFiles=[], height=50.0, italic=False, languageStyle='LTR', name='unnamed TextStim', opacity=1.0, ori=0.0, pos=array([0., 0.]), rgb=UNKNOWN, text='Niepoprawnie', units='pix', win=Window(...), wrapWidth=500)
56.9123 	EXP 	unnamed TextStim: height = 25.0
56.9123 	EXP 	unnamed TextStim: height = 25.0
56.9123 	EXP 	unnamed TextStim: height = 25.0
56.9123 	EXP 	unnamed TextStim: text = '→'
59.2675 	DATA 	Keypress: right
59.2711 	EXP 	Created unnamed TextStim = TextStim(__class__=<class 'psychopy.visual.text.TextStim'>, alignHoriz=method-wrapper(...), alignText='center', alignVert=method-wrapper(...), anchorHoriz='center', anchorVert='center', antialias=True, autoDraw=False, autoLog=True, bold=False, color=array([-1, -1, -1]), colorSpace='rgb', contrast=1.0, depth=0, flipHoriz=False, flipVert=False, font='', fontFiles=[], height=50.0, italic=False, languageStyle='LTR', name='unnamed TextStim', opacity=1.0, ori=0.0, pos=array([0., 0.]), rgb=UNKNOWN, text='Poprawnie', units='pix', win=Window(...), wrapWidth=500)
60.2791 	EXP 	unnamed TextStim: height = 25.0
60.2791 	EXP 	unnamed TextStim: height = 25.0
60.2791 	EXP 	unnamed TextStim: height = 25.0
60.2791 	EXP 	unnamed TextStim: text = '↑'
62.1254 	DATA 	Keypress: up
62.1277 	EXP 	Created unnamed TextStim = TextStim(__class__=<class 'psychopy.visual.text.TextStim'>, alignHoriz=method-wrapper(...), alignText='center', alignVert=method-wrapper(...), anchorHoriz='center', anchorVert='center', antialias=True, autoDraw=False, autoLog=True, bold=False, color=array([-1, -1, -1]), colorSpace='rgb', contrast=1.0, depth=0, flipHoriz=False, flipVert=False, font='', fontFiles=[], height=50.0, italic=False, languageStyle='LTR', name='unnamed TextStim', opacity=1.0, ori=0.0, pos=array([0., 0.]), rgb=UNKNOWN, text='Poprawnie', units='pix', win=Window(...), wrapWidth=500)
63.1460 	EXP 	unnamed TextStim: text = '↑'
64.6336 	DATA 	Keypress: up
64.6359 	EXP 	Created unnamed TextStim = TextStim(__class__=<class 'psychopy.visual.text.TextStim'>, alignHoriz=method-wrapper(...), alignText='center', alignVert=method-wrapper(...), anchorHoriz='center', anchorVert='center', antialias=True, autoDraw=False, autoLog=True, bold=False, color=array([-1, -1, -1]), colorSpace='rgb', contrast=1.0, depth=0, flipHoriz=False, flipVert=False, font='', fontFiles=[], height=50.0, italic=False, languageStyle='LTR', name='unnamed TextStim', opacity=1.0, ori=0.0, pos=array([0., 0.]), rgb=UNKNOWN, text='Poprawnie', units='pix', win=Window(...), wrapWidth=500)
65.6460 	EXP 	unnamed TextStim: height = 25.0
65.6460 	EXP 	unnamed TextStim: height = 25.0
65.6460 	EXP 	unnamed TextStim: height = 25.0
65.6460 	EXP 	unnamed TextStim: text = '←'
67.1806 	DATA 	Keypress: left
67.1827 	EXP 	Created unnamed TextStim = TextStim(__class__=<class 'psychopy.visual.text.TextStim'>, alignHoriz=method-wrapper(...), alignText='center', alignVert=method-wrapper(...), anchorHoriz='center', anchorVert='center', antialias=True, autoDraw=False, autoLog=True, bold=False, color=array([-1, -1, -1]), colorSpace='rgb', contrast=1.0, depth=0, flipHoriz=False, flipVert=False, font='', fontFiles=[], height=50.0, italic=False, languageStyle='LTR', name='unnamed TextStim', opacity=1.0, ori=0.0, pos=array([0., 0.]), rgb=UNKNOWN, text='Poprawnie', units='pix', win=Window(...), wrapWidth=500)
68.1961 	EXP 	unnamed TextStim: height = 25.0
68.1961 	EXP 	unnamed TextStim: height = 25.0
68.1961 	EXP 	unnamed TextStim: height = 25.0
68.1961 	EXP 	unnamed TextStim: text = '↓'
69.6890 	DATA 	Keypress: down
69.6912 	EXP 	Created unnamed TextStim = TextStim(__class__=<class 'psychopy.visual.text.TextStim'>, alignHoriz=method-wrapper(...), alignText='center', alignVert=method-wrapper(...), anchorHoriz='center', anchorVert='center', antialias=True, autoDraw=False, autoLog=True, bold=False, color=array([-1, -1, -1]), colorSpace='rgb', contrast=1.0, depth=0, flipHoriz=False, flipVert=False, font='', fontFiles=[], height=50.0, italic=False, languageStyle='LTR', name='unnamed TextStim', opacity=1.0, ori=0.0, pos=array([0., 0.]), rgb=UNKNOWN, text='Poprawnie', units='pix', win=Window(...), wrapWidth=500)
70.6961 	EXP 	unnamed TextStim: height = 25.0
70.6961 	EXP 	unnamed TextStim: height = 25.0
70.6961 	EXP 	unnamed TextStim: height = 25.0
70.6961 	EXP 	unnamed TextStim: text = '→'
72.1636 	DATA 	Keypress: right
73.6638 	DATA 	No keypress (maxWait exceeded)
73.6662 	EXP 	Created unnamed TextStim = TextStim(__class__=<class 'psychopy.visual.text.TextStim'>, alignHoriz=method-wrapper(...), alignText='center', alignVert=method-wrapper(...), anchorHoriz='center', anchorVert='center', antialias=True, autoDraw=False, autoLog=True, bold=False, color=array([-1, -1, -1]), colorSpace='rgb', contrast=1.0, depth=0, flipHoriz=False, flipVert=False, font='', fontFiles=[], height=50.0, italic=False, languageStyle='LTR', name='unnamed TextStim', opacity=1.0, ori=0.0, pos=array([0., 0.]), rgb=UNKNOWN, text='Niepoprawnie', units='pix', win=Window(...), wrapWidth=500)
74.6798 	EXP 	unnamed TextStim: height = 25.0
74.6798 	EXP 	unnamed TextStim: height = 25.0
74.6798 	EXP 	unnamed TextStim: height = 25.0
74.6798 	EXP 	unnamed TextStim: text = '←'
76.2878 	DATA 	Keypress: left
76.2900 	EXP 	Created unnamed TextStim = TextStim(__class__=<class 'psychopy.visual.text.TextStim'>, alignHoriz=method-wrapper(...), alignText='center', alignVert=method-wrapper(...), anchorHoriz='center', anchorVert='center', antialias=True, autoDraw=False, autoLog=True, bold=False, color=array([-1, -1, -1]), colorSpace='rgb', contrast=1.0, depth=0, flipHoriz=False, flipVert=False, font='', fontFiles=[], height=50.0, italic=False, languageStyle='LTR', name='unnamed TextStim', opacity=1.0, ori=0.0, pos=array([0., 0.]), rgb=UNKNOWN, text='Poprawnie', units='pix', win=Window(...), wrapWidth=500)
77.2963 	EXP 	unnamed TextStim: height = 25.0
77.2963 	EXP 	unnamed TextStim: height = 25.0
77.2963 	EXP 	unnamed TextStim: height = 25.0
77.2963 	EXP 	unnamed TextStim: text = '↑'
78.9011 	DATA 	Keypress: up
78.9037 	EXP 	Created unnamed TextStim = TextStim(__class__=<class 'psychopy.visual.text.TextStim'>, alignHoriz=method-wrapper(...), alignText='center', alignVert=method-wrapper(...), anchorHoriz='center', anchorVert='center', antialias=True, autoDraw=False, autoLog=True, bold=False, color=array([-1, -1, -1]), colorSpace='rgb', contrast=1.0, depth=0, flipHoriz=False, flipVert=False, font='', fontFiles=[], height=50.0, italic=False, languageStyle='LTR', name='unnamed TextStim', opacity=1.0, ori=0.0, pos=array([0., 0.]), rgb=UNKNOWN, text='Poprawnie', units='pix', win=Window(...), wrapWidth=500)
79.9132 	EXP 	unnamed TextStim: height = 25.0
79.9132 	EXP 	unnamed TextStim: height = 25.0
79.9132 	EXP 	unnamed TextStim: height = 25.0
79.9132 	EXP 	unnamed TextStim: text = '→'
81.4603 	DATA 	Keypress: right
81.4629 	EXP 	Created unnamed TextStim = TextStim(__class__=<class 'psychopy.visual.text.TextStim'>, alignHoriz=method-wrapper(...), alignText='center', alignVert=method-wrapper(...), anchorHoriz='center', anchorVert='center', antialias=True, autoDraw=False, autoLog=True, bold=False, color=array([-1, -1, -1]), colorSpace='rgb', contrast=1.0, depth=0, flipHoriz=False, flipVert=False, font='', fontFiles=[], height=50.0, italic=False, languageStyle='LTR', name='unnamed TextStim', opacity=1.0, ori=0.0, pos=array([0., 0.]), rgb=UNKNOWN, text='Poprawnie', units='pix', win=Window(...), wrapWidth=500)
82.4800 	EXP 	unnamed TextStim: height = 25.0
82.4800 	EXP 	unnamed TextStim: height = 25.0
82.4800 	EXP 	unnamed TextStim: height = 25.0
82.4800 	EXP 	unnamed TextStim: text = '↑'
83.9319 	DATA 	Keypress: up
85.4470 	DATA 	No keypress (maxWait exceeded)
85.4496 	EXP 	Created unnamed TextStim = TextStim(__class__=<class 'psychopy.visual.text.TextStim'>, alignHoriz=method-wrapper(...), alignText='center', alignVert=method-wrapper(...), anchorHoriz='center', anchorVert='center', antialias=True, autoDraw=False, autoLog=True, bold=False, color=array([-1, -1, -1]), colorSpace='rgb', contrast=1.0, depth=0, flipHoriz=False, flipVert=False, font='', fontFiles=[], height=50.0, italic=False, languageStyle='LTR', name='unnamed TextStim', opacity=1.0, ori=0.0, pos=array([0., 0.]), rgb=UNKNOWN, text='Niepoprawnie', units='pix', win=Window(...), wrapWidth=500)
86.4635 	EXP 	unnamed TextStim: text = '↑'
88.6450 	DATA 	Keypress: right
88.6472 	EXP 	Created unnamed TextStim = TextStim(__class__=<class 'psychopy.visual.text.TextStim'>, alignHoriz=method-wrapper(...), alignText='center', alignVert=method-wrapper(...), anchorHoriz='center', anchorVert='center', antialias=True, autoDraw=False, autoLog=True, bold=False, color=array([-1, -1, -1]), colorSpace='rgb', contrast=1.0, depth=0, flipHoriz=False, flipVert=False, font='', fontFiles=[], height=50.0, italic=False, languageStyle='LTR', name='unnamed TextStim', opacity=1.0, ori=0.0, pos=array([0., 0.]), rgb=UNKNOWN, text='Niepoprawnie', units='pix', win=Window(...), wrapWidth=500)
89.6637 	EXP 	unnamed TextStim: text = '↑'
91.2029 	DATA 	Keypress: up
91.2050 	EXP 	Created unnamed TextStim = TextStim(__class__=<class 'psychopy.visual.text.TextStim'>, alignHoriz=method-wrapper(...), alignText='center', alignVert=method-wrapper(...), anchorHoriz='center', anchorVert='center', antialias=True, autoDraw=False, autoLog=True, bold=False, color=array([-1, -1, -1]), colorSpace='rgb', contrast=1.0, depth=0, flipHoriz=False, flipVert=False, font='', fontFiles=[], height=50.0, italic=False, languageStyle='LTR', name='unnamed TextStim', opacity=1.0, ori=0.0, pos=array([0., 0.]), rgb=UNKNOWN, text='Poprawnie', units='pix', win=Window(...), wrapWidth=500)
92.2136 	EXP 	unnamed TextStim: text = '↑'
94.0519 	DATA 	Keypress: up
94.0544 	EXP 	Created unnamed TextStim = TextStim(__class__=<class 'psychopy.visual.text.TextStim'>, alignHoriz=method-wrapper(...), alignText='center', alignVert=method-wrapper(...), anchorHoriz='center', anchorVert='center', antialias=True, autoDraw=False, autoLog=True, bold=False, color=array([-1, -1, -1]), colorSpace='rgb', contrast=1.0, depth=0, flipHoriz=False, flipVert=False, font='', fontFiles=[], height=50.0, italic=False, languageStyle='LTR', name='unnamed TextStim', opacity=1.0, ori=0.0, pos=array([0., 0.]), rgb=UNKNOWN, text='Poprawnie', units='pix', win=Window(...), wrapWidth=500)
95.0639 	EXP 	unnamed TextStim: text = '↑'
96.5312 	DATA 	Keypress: up
98.0314 	DATA 	No keypress (maxWait exceeded)
98.0334 	EXP 	Created unnamed TextStim = TextStim(__class__=<class 'psychopy.visual.text.TextStim'>, alignHoriz=method-wrapper(...), alignText='center', alignVert=method-wrapper(...), anchorHoriz='center', anchorVert='center', antialias=True, autoDraw=False, autoLog=True, bold=False, color=array([-1, -1, -1]), colorSpace='rgb', contrast=1.0, depth=0, flipHoriz=False, flipVert=False, font='', fontFiles=[], height=50.0, italic=False, languageStyle='LTR', name='unnamed TextStim', opacity=1.0, ori=0.0, pos=array([0., 0.]), rgb=UNKNOWN, text='Niepoprawnie', units='pix', win=Window(...), wrapWidth=500)
99.0659 	EXP 	Created unnamed TextStim = TextStim(__class__=<class 'psychopy.visual.text.TextStim'>, alignHoriz=method-wrapper(...), alignText='center', alignVert=method-wrapper(...), anchorHoriz='center', anchorVert='center', antialias=True, autoDraw=False, autoLog=True, bold=False, color=array([-1, -1, -1]), colorSpace='rgb', contrast=1.0, depth=0, flipHoriz=False, flipVert=False, font='', fontFiles=[], height=20.0, italic=False, languageStyle='LTR', name='unnamed TextStim', opacity=1.0, ori=0.0, pos=array([0., 0.]), rgb=UNKNOWN, text=str(...), units='pix', win=Window(...), wrapWidth=1536)
116.5684 	DATA 	Keypress: space
116.5814 	EXP 	unnamed TextStim: text = '↑'
118.4635 	DATA 	Keypress: right
118.4713 	EXP 	Created unnamed TextStim = TextStim(__class__=<class 'psychopy.visual.text.TextStim'>, alignHoriz=method-wrapper(...), alignText='center', alignVert=method-wrapper(...), anchorHoriz='center', anchorVert='center', antialias=True, autoDraw=False, autoLog=True, bold=False, color=array([-1, -1, -1]), colorSpace='rgb', contrast=1.0, depth=0, flipHoriz=False, flipVert=False, font='', fontFiles=[], height=50.0, italic=False, languageStyle='LTR', name='unnamed TextStim', opacity=1.0, ori=0.0, pos=array([0., 0.]), rgb=UNKNOWN, text='Niepoprawnie', units='pix', win=Window(...), wrapWidth=500)
119.4814 	EXP 	unnamed TextStim: height = 25.0
119.4814 	EXP 	unnamed TextStim: height = 25.0
119.4814 	EXP 	unnamed TextStim: height = 25.0
119.4814 	EXP 	unnamed TextStim: text = '↓'
121.1267 	DATA 	Keypress: down
121.1305 	EXP 	Created unnamed TextStim = TextStim(__class__=<class 'psychopy.visual.text.TextStim'>, alignHoriz=method-wrapper(...), alignText='center', alignVert=method-wrapper(...), anchorHoriz='center', anchorVert='center', antialias=True, autoDraw=False, autoLog=True, bold=False, color=array([-1, -1, -1]), colorSpace='rgb', contrast=1.0, depth=0, flipHoriz=False, flipVert=False, font='', fontFiles=[], height=50.0, italic=False, languageStyle='LTR', name='unnamed TextStim', opacity=1.0, ori=0.0, pos=array([0., 0.]), rgb=UNKNOWN, text='Poprawnie', units='pix', win=Window(...), wrapWidth=500)
122.1481 	EXP 	unnamed TextStim: height = 25.0
122.1481 	EXP 	unnamed TextStim: height = 25.0
122.1481 	EXP 	unnamed TextStim: height = 25.0
122.1481 	EXP 	unnamed TextStim: text = '←'
123.6669 	DATA 	Keypress: left
123.6691 	EXP 	Created unnamed TextStim = TextStim(__class__=<class 'psychopy.visual.text.TextStim'>, alignHoriz=method-wrapper(...), alignText='center', alignVert=method-wrapper(...), anchorHoriz='center', anchorVert='center', antialias=True, autoDraw=False, autoLog=True, bold=False, color=array([-1, -1, -1]), colorSpace='rgb', contrast=1.0, depth=0, flipHoriz=False, flipVert=False, font='', fontFiles=[], height=50.0, italic=False, languageStyle='LTR', name='unnamed TextStim', opacity=1.0, ori=0.0, pos=array([0., 0.]), rgb=UNKNOWN, text='Poprawnie', units='pix', win=Window(...), wrapWidth=500)
124.6816 	EXP 	unnamed TextStim: height = 25.0
124.6816 	EXP 	unnamed TextStim: height = 25.0
124.6816 	EXP 	unnamed TextStim: height = 25.0
124.6816 	EXP 	unnamed TextStim: text = '→'
126.0886 	DATA 	Keypress: right
126.0906 	EXP 	Created unnamed TextStim = TextStim(__class__=<class 'psychopy.visual.text.TextStim'>, alignHoriz=method-wrapper(...), alignText='center', alignVert=method-wrapper(...), anchorHoriz='center', anchorVert='center', antialias=True, autoDraw=False, autoLog=True, bold=False, color=array([-1, -1, -1]), colorSpace='rgb', contrast=1.0, depth=0, flipHoriz=False, flipVert=False, font='', fontFiles=[], height=50.0, italic=False, languageStyle='LTR', name='unnamed TextStim', opacity=1.0, ori=0.0, pos=array([0., 0.]), rgb=UNKNOWN, text='Poprawnie', units='pix', win=Window(...), wrapWidth=500)
127.0984 	EXP 	unnamed TextStim: text = '→'
128.6150 	DATA 	Keypress: right
128.6172 	EXP 	Created unnamed TextStim = TextStim(__class__=<class 'psychopy.visual.text.TextStim'>, alignHoriz=method-wrapper(...), alignText='center', alignVert=method-wrapper(...), anchorHoriz='center', anchorVert='center', antialias=True, autoDraw=False, autoLog=True, bold=False, color=array([-1, -1, -1]), colorSpace='rgb', contrast=1.0, depth=0, flipHoriz=False, flipVert=False, font='', fontFiles=[], height=50.0, italic=False, languageStyle='LTR', name='unnamed TextStim', opacity=1.0, ori=0.0, pos=array([0., 0.]), rgb=UNKNOWN, text='Poprawnie', units='pix', win=Window(...), wrapWidth=500)
129.6318 	EXP 	unnamed TextStim: height = 25.0
129.6318 	EXP 	unnamed TextStim: height = 25.0
129.6318 	EXP 	unnamed TextStim: height = 25.0
129.6318 	EXP 	unnamed TextStim: text = '↑'
131.2025 	DATA 	Keypress: up
131.2045 	EXP 	Created unnamed TextStim = TextStim(__class__=<class 'psychopy.visual.text.TextStim'>, alignHoriz=method-wrapper(...), alignText='center', alignVert=method-wrapper(...), anchorHoriz='center', anchorVert='center', antialias=True, autoDraw=False, autoLog=True, bold=False, color=array([-1, -1, -1]), colorSpace='rgb', contrast=1.0, depth=0, flipHoriz=False, flipVert=False, font='', fontFiles=[], height=50.0, italic=False, languageStyle='LTR', name='unnamed TextStim', opacity=1.0, ori=0.0, pos=array([0., 0.]), rgb=UNKNOWN, text='Poprawnie', units='pix', win=Window(...), wrapWidth=500)
132.2152 	EXP 	unnamed TextStim: height = 25.0
132.2152 	EXP 	unnamed TextStim: height = 25.0
132.2152 	EXP 	unnamed TextStim: height = 25.0
132.2152 	EXP 	unnamed TextStim: text = '↓'
133.7343 	DATA 	Keypress: down
133.7368 	EXP 	Created unnamed TextStim = TextStim(__class__=<class 'psychopy.visual.text.TextStim'>, alignHoriz=method-wrapper(...), alignText='center', alignVert=method-wrapper(...), anchorHoriz='center', anchorVert='center', antialias=True, autoDraw=False, autoLog=True, bold=False, color=array([-1, -1, -1]), colorSpace='rgb', contrast=1.0, depth=0, flipHoriz=False, flipVert=False, font='', fontFiles=[], height=50.0, italic=False, languageStyle='LTR', name='unnamed TextStim', opacity=1.0, ori=0.0, pos=array([0., 0.]), rgb=UNKNOWN, text='Poprawnie', units='pix', win=Window(...), wrapWidth=500)
134.7486 	EXP 	unnamed TextStim: height = 25.0
134.7486 	EXP 	unnamed TextStim: height = 25.0
134.7486 	EXP 	unnamed TextStim: height = 25.0
134.7486 	EXP 	unnamed TextStim: text = '←'
136.1089 	DATA 	Keypress: left
136.1110 	EXP 	Created unnamed TextStim = TextStim(__class__=<class 'psychopy.visual.text.TextStim'>, alignHoriz=method-wrapper(...), alignText='center', alignVert=method-wrapper(...), anchorHoriz='center', anchorVert='center', antialias=True, autoDraw=False, autoLog=True, bold=False, color=array([-1, -1, -1]), colorSpace='rgb', contrast=1.0, depth=0, flipHoriz=False, flipVert=False, font='', fontFiles=[], height=50.0, italic=False, languageStyle='LTR', name='unnamed TextStim', opacity=1.0, ori=0.0, pos=array([0., 0.]), rgb=UNKNOWN, text='Poprawnie', units='pix', win=Window(...), wrapWidth=500)
137.1153 	EXP 	unnamed TextStim: text = '←'
138.5936 	DATA 	Keypress: left
138.5955 	EXP 	Created unnamed TextStim = TextStim(__class__=<class 'psychopy.visual.text.TextStim'>, alignHoriz=method-wrapper(...), alignText='center', alignVert=method-wrapper(...), anchorHoriz='center', anchorVert='center', antialias=True, autoDraw=False, autoLog=True, bold=False, color=array([-1, -1, -1]), colorSpace='rgb', contrast=1.0, depth=0, flipHoriz=False, flipVert=False, font='', fontFiles=[], height=50.0, italic=False, languageStyle='LTR', name='unnamed TextStim', opacity=1.0, ori=0.0, pos=array([0., 0.]), rgb=UNKNOWN, text='Poprawnie', units='pix', win=Window(...), wrapWidth=500)
139.5995 	EXP 	unnamed TextStim: height = 25.0
139.5995 	EXP 	unnamed TextStim: height = 25.0
139.5995 	EXP 	unnamed TextStim: height = 25.0
139.5995 	EXP 	unnamed TextStim: text = '→'
141.4808 	DATA 	Keypress: left
141.4835 	EXP 	Created unnamed TextStim = TextStim(__class__=<class 'psychopy.visual.text.TextStim'>, alignHoriz=method-wrapper(...), alignText='center', alignVert=method-wrapper(...), anchorHoriz='center', anchorVert='center', antialias=True, autoDraw=False, autoLog=True, bold=False, color=array([-1, -1, -1]), colorSpace='rgb', contrast=1.0, depth=0, flipHoriz=False, flipVert=False, font='', fontFiles=[], height=50.0, italic=False, languageStyle='LTR', name='unnamed TextStim', opacity=1.0, ori=0.0, pos=array([0., 0.]), rgb=UNKNOWN, text='Niepoprawnie', units='pix', win=Window(...), wrapWidth=500)
142.5118 	EXP 	Created unnamed TextStim = TextStim(__class__=<class 'psychopy.visual.text.TextStim'>, alignHoriz=method-wrapper(...), alignText='center', alignVert=method-wrapper(...), anchorHoriz='center', anchorVert='center', antialias=True, autoDraw=False, autoLog=True, bold=False, color=array([-1, -1, -1]), colorSpace='rgb', contrast=1.0, depth=0, flipHoriz=False, flipVert=False, font='', fontFiles=[], height=20.0, italic=False, languageStyle='LTR', name='unnamed TextStim', opacity=1.0, ori=0.0, pos=array([0., 0.]), rgb=UNKNOWN, text=str(...), units='pix', win=Window(...), wrapWidth=1536)
161.5684 	DATA 	Keypress: space
161.5830 	EXP 	unnamed TextStim: height = 25.0
161.5830 	EXP 	unnamed TextStim: height = 25.0
161.5830 	EXP 	unnamed TextStim: height = 25.0
161.5830 	EXP 	unnamed TextStim: text = '↓'
163.1359 	DATA 	Keypress: down
163.1385 	EXP 	unnamed TextStim: height = 25.0
163.1385 	EXP 	unnamed TextStim: height = 25.0
163.1385 	EXP 	unnamed TextStim: height = 25.0
163.1385 	EXP 	unnamed TextStim: text = '→'
164.6277 	DATA 	Keypress: right
164.6299 	EXP 	unnamed TextStim: height = 25.0
164.6299 	EXP 	unnamed TextStim: height = 25.0
164.6299 	EXP 	unnamed TextStim: height = 25.0
164.6299 	EXP 	unnamed TextStim: text = '↓'
166.2876 	DATA 	Keypress: right
166.2898 	EXP 	unnamed TextStim: height = 25.0
166.2898 	EXP 	unnamed TextStim: height = 25.0
166.2898 	EXP 	unnamed TextStim: height = 25.0
166.2898 	EXP 	unnamed TextStim: text = '→'
167.8939 	DATA 	Keypress: right
167.8961 	EXP 	unnamed TextStim: height = 25.0
167.8961 	EXP 	unnamed TextStim: height = 25.0
167.8961 	EXP 	unnamed TextStim: height = 25.0
167.8961 	EXP 	unnamed TextStim: text = '↓'
169.3752 	DATA 	Keypress: down
169.3773 	EXP 	unnamed TextStim: height = 25.0
169.3773 	EXP 	unnamed TextStim: height = 25.0
169.3773 	EXP 	unnamed TextStim: height = 25.0
169.3773 	EXP 	unnamed TextStim: text = '→'
170.9419 	DATA 	Keypress: right
171.0972 	EXP 	Created unnamed ImageStim = ImageStim(__class__=<class 'psychopy.visual.image.ImageStim'>, anchor=('center', 'center'), autoLog=True, color=array([1., 1., 1.]), colorSpace='rgb', contrast=1.0, depth=0, flipHoriz=False, flipVert=False, image='break.jpg', interpolate=True, mask=None, maskParams=None, name='unnamed ImageStim', opacity=1.0, ori=0.0, pos=array([0., 0.]), size=array([1536.,  864.]), texRes=128, units='pix', win=Window(...))
176.3273 	DATA 	Keypress: space
176.3336 	EXP 	unnamed TextStim: text = '→'
178.1855 	DATA 	Keypress: right
178.1904 	EXP 	unnamed TextStim: height = 25.0
178.1904 	EXP 	unnamed TextStim: height = 25.0
178.1904 	EXP 	unnamed TextStim: height = 25.0
178.1904 	EXP 	unnamed TextStim: text = '↑'
179.7846 	DATA 	Keypress: down
179.7867 	EXP 	unnamed TextStim: height = 25.0
179.7867 	EXP 	unnamed TextStim: height = 25.0
179.7867 	EXP 	unnamed TextStim: height = 25.0
179.7867 	EXP 	unnamed TextStim: text = '→'
181.4258 	DATA 	Keypress: right
181.4284 	EXP 	unnamed TextStim: height = 25.0
181.4284 	EXP 	unnamed TextStim: height = 25.0
181.4284 	EXP 	unnamed TextStim: height = 25.0
181.4284 	EXP 	unnamed TextStim: text = '←'
183.0001 	DATA 	Keypress: right
183.0035 	EXP 	unnamed TextStim: height = 25.0
183.0035 	EXP 	unnamed TextStim: height = 25.0
183.0035 	EXP 	unnamed TextStim: height = 25.0
183.0035 	EXP 	unnamed TextStim: text = '↓'
184.5309 	DATA 	Keypress: down
184.5411 	EXP 	unnamed TextStim: text = '↓'
185.9921 	DATA 	Keypress: down
186.1156 	EXP 	Created unnamed ImageStim = ImageStim(__class__=<class 'psychopy.visual.image.ImageStim'>, anchor=('center', 'center'), autoLog=True, color=array([1., 1., 1.]), colorSpace='rgb', contrast=1.0, depth=0, flipHoriz=False, flipVert=False, image='break.jpg', interpolate=True, mask=None, maskParams=None, name='unnamed ImageStim', opacity=1.0, ori=0.0, pos=array([0., 0.]), size=array([1536.,  864.]), texRes=128, units='pix', win=Window(...))
188.5438 	DATA 	Keypress: space
188.5504 	EXP 	unnamed TextStim: height = 25.0
188.5504 	EXP 	unnamed TextStim: height = 25.0
188.5504 	EXP 	unnamed TextStim: height = 25.0
188.5504 	EXP 	unnamed TextStim: text = '↑'
190.0514 	DATA 	Keypress: up
190.0526 	EXP 	unnamed TextStim: text = '↑'
191.5075 	DATA 	Keypress: up
191.5086 	EXP 	unnamed TextStim: text = '↑'
192.9466 	DATA 	Keypress: up
192.9487 	EXP 	unnamed TextStim: height = 25.0
192.9487 	EXP 	unnamed TextStim: height = 25.0
192.9487 	EXP 	unnamed TextStim: height = 25.0
192.9487 	EXP 	unnamed TextStim: text = '→'
194.5399 	DATA 	Keypress: right
194.5411 	EXP 	unnamed TextStim: text = '→'
196.0145 	DATA 	Keypress: right
196.0166 	EXP 	unnamed TextStim: height = 25.0
196.0166 	EXP 	unnamed TextStim: height = 25.0
196.0166 	EXP 	unnamed TextStim: height = 25.0
196.0166 	EXP 	unnamed TextStim: text = '↑'
197.6763 	DATA 	Keypress: up
197.7909 	EXP 	Created unnamed ImageStim = ImageStim(__class__=<class 'psychopy.visual.image.ImageStim'>, anchor=('center', 'center'), autoLog=True, color=array([1., 1., 1.]), colorSpace='rgb', contrast=1.0, depth=0, flipHoriz=False, flipVert=False, image='break.jpg', interpolate=True, mask=None, maskParams=None, name='unnamed ImageStim', opacity=1.0, ori=0.0, pos=array([0., 0.]), size=array([1536.,  864.]), texRes=128, units='pix', win=Window(...))
199.2440 	DATA 	Keypress: space
199.2518 	EXP 	unnamed TextStim: height = 25.0
199.2518 	EXP 	unnamed TextStim: height = 25.0
199.2518 	EXP 	unnamed TextStim: height = 25.0
199.2518 	EXP 	unnamed TextStim: text = '→'
200.6918 	DATA 	Keypress: right
200.6940 	EXP 	unnamed TextStim: height = 25.0
200.6940 	EXP 	unnamed TextStim: height = 25.0
200.6940 	EXP 	unnamed TextStim: height = 25.0
200.6940 	EXP 	unnamed TextStim: text = '↓'
202.8749 	DATA 	Keypress: down
202.8771 	EXP 	unnamed TextStim: height = 25.0
202.8771 	EXP 	unnamed TextStim: height = 25.0
202.8771 	EXP 	unnamed TextStim: height = 25.0
202.8771 	EXP 	unnamed TextStim: text = '↑'
204.3139 	DATA 	Keypress: up
204.3150 	EXP 	unnamed TextStim: text = '↑'
206.1117 	DATA 	Keypress: up
206.1138 	EXP 	unnamed TextStim: height = 25.0
206.1138 	EXP 	unnamed TextStim: height = 25.0
206.1138 	EXP 	unnamed TextStim: height = 25.0
206.1138 	EXP 	unnamed TextStim: text = '↓'
207.9275 	DATA 	Keypress: right
207.9296 	EXP 	unnamed TextStim: height = 25.0
207.9296 	EXP 	unnamed TextStim: height = 25.0
207.9296 	EXP 	unnamed TextStim: height = 25.0
207.9296 	EXP 	unnamed TextStim: text = '←'
209.8591 	DATA 	Keypress: left
210.0066 	EXP 	Created unnamed ImageStim = ImageStim(__class__=<class 'psychopy.visual.image.ImageStim'>, anchor=('center', 'center'), autoLog=True, color=array([1., 1., 1.]), colorSpace='rgb', contrast=1.0, depth=0, flipHoriz=False, flipVert=False, image='break.jpg', interpolate=True, mask=None, maskParams=None, name='unnamed ImageStim', opacity=1.0, ori=0.0, pos=array([0., 0.]), size=array([1536.,  864.]), texRes=128, units='pix', win=Window(...))
211.3034 	DATA 	Keypress: space
211.3182 	EXP 	unnamed TextStim: height = 25.0
211.3182 	EXP 	unnamed TextStim: height = 25.0
211.3182 	EXP 	unnamed TextStim: height = 25.0
211.3182 	EXP 	unnamed TextStim: text = '↓'
213.4092 	DATA 	Keypress: up
213.4114 	EXP 	unnamed TextStim: height = 25.0
213.4114 	EXP 	unnamed TextStim: height = 25.0
213.4114 	EXP 	unnamed TextStim: height = 25.0
213.4114 	EXP 	unnamed TextStim: text = '←'
215.0638 	DATA 	Keypress: right
215.0661 	EXP 	unnamed TextStim: height = 25.0
215.0661 	EXP 	unnamed TextStim: height = 25.0
215.0661 	EXP 	unnamed TextStim: height = 25.0
215.0661 	EXP 	unnamed TextStim: text = '↑'
216.7116 	DATA 	Keypress: up
216.7128 	EXP 	unnamed TextStim: text = '↑'
218.6424 	DATA 	Keypress: up
218.6436 	EXP 	unnamed TextStim: text = '↑'
220.4585 	DATA 	Keypress: up
220.4631 	EXP 	unnamed TextStim: height = 25.0
220.4631 	EXP 	unnamed TextStim: height = 25.0
220.4631 	EXP 	unnamed TextStim: height = 25.0
220.4631 	EXP 	unnamed TextStim: text = '↓'
222.3003 	DATA 	Keypress: down
222.4352 	EXP 	Created unnamed ImageStim = ImageStim(__class__=<class 'psychopy.visual.image.ImageStim'>, anchor=('center', 'center'), autoLog=True, color=array([1., 1., 1.]), colorSpace='rgb', contrast=1.0, depth=0, flipHoriz=False, flipVert=False, image='break.jpg', interpolate=True, mask=None, maskParams=None, name='unnamed ImageStim', opacity=1.0, ori=0.0, pos=array([0., 0.]), size=array([1536.,  864.]), texRes=128, units='pix', win=Window(...))
223.8365 	DATA 	Keypress: space
223.8519 	EXP 	unnamed TextStim: height = 25.0
223.8519 	EXP 	unnamed TextStim: height = 25.0
223.8519 	EXP 	unnamed TextStim: height = 25.0
223.8519 	EXP 	unnamed TextStim: text = '↑'
225.3764 	DATA 	Keypress: up
225.3786 	EXP 	unnamed TextStim: height = 25.0
225.3786 	EXP 	unnamed TextStim: height = 25.0
225.3786 	EXP 	unnamed TextStim: height = 25.0
225.3786 	EXP 	unnamed TextStim: text = '←'
227.2712 	DATA 	Keypress: right
227.2733 	EXP 	unnamed TextStim: height = 25.0
227.2733 	EXP 	unnamed TextStim: height = 25.0
227.2733 	EXP 	unnamed TextStim: height = 25.0
227.2733 	EXP 	unnamed TextStim: text = '↓'
228.9382 	DATA 	Keypress: down
228.9394 	EXP 	unnamed TextStim: text = '↓'
230.9528 	DATA 	Keypress: down
230.9550 	EXP 	unnamed TextStim: height = 25.0
230.9550 	EXP 	unnamed TextStim: height = 25.0
230.9550 	EXP 	unnamed TextStim: height = 25.0
230.9550 	EXP 	unnamed TextStim: text = '←'
232.7574 	DATA 	Keypress: right
232.7594 	EXP 	unnamed TextStim: height = 25.0
232.7594 	EXP 	unnamed TextStim: height = 25.0
232.7594 	EXP 	unnamed TextStim: height = 25.0
232.7594 	EXP 	unnamed TextStim: text = '↓'
234.5282 	DATA 	Keypress: down
234.6742 	EXP 	Created unnamed ImageStim = ImageStim(__class__=<class 'psychopy.visual.image.ImageStim'>, anchor=('center', 'center'), autoLog=True, color=array([1., 1., 1.]), colorSpace='rgb', contrast=1.0, depth=0, flipHoriz=False, flipVert=False, image='break.jpg', interpolate=True, mask=None, maskParams=None, name='unnamed ImageStim', opacity=1.0, ori=0.0, pos=array([0., 0.]), size=array([1536.,  864.]), texRes=128, units='pix', win=Window(...))
235.9459 	DATA 	Keypress: space
235.9524 	EXP 	unnamed TextStim: text = '↓'
237.6530 	DATA 	Keypress: down
237.6552 	EXP 	unnamed TextStim: height = 25.0
237.6552 	EXP 	unnamed TextStim: height = 25.0
237.6552 	EXP 	unnamed TextStim: height = 25.0
237.6552 	EXP 	unnamed TextStim: text = '→'
239.2968 	DATA 	Keypress: right
239.2989 	EXP 	unnamed TextStim: height = 25.0
239.2989 	EXP 	unnamed TextStim: height = 25.0
239.2989 	EXP 	unnamed TextStim: height = 25.0
239.2989 	EXP 	unnamed TextStim: text = '↓'
241.0663 	DATA 	Keypress: right
241.0675 	EXP 	unnamed TextStim: text = '↓'
242.6684 	DATA 	Keypress: down
242.6697 	EXP 	unnamed TextStim: text = '↓'
244.4914 	DATA 	Keypress: down
244.4980 	EXP 	unnamed TextStim: height = 25.0
244.4980 	EXP 	unnamed TextStim: height = 25.0
244.4980 	EXP 	unnamed TextStim: height = 25.0
244.4980 	EXP 	unnamed TextStim: text = '→'
246.0101 	DATA 	Keypress: right
246.1730 	EXP 	Created unnamed ImageStim = ImageStim(__class__=<class 'psychopy.visual.image.ImageStim'>, anchor=('center', 'center'), autoLog=True, color=array([1., 1., 1.]), colorSpace='rgb', contrast=1.0, depth=0, flipHoriz=False, flipVert=False, image='break.jpg', interpolate=True, mask=None, maskParams=None, name='unnamed ImageStim', opacity=1.0, ori=0.0, pos=array([0., 0.]), size=array([1536.,  864.]), texRes=128, units='pix', win=Window(...))
247.2965 	DATA 	Keypress: space
247.3026 	EXP 	unnamed TextStim: height = 25.0
247.3026 	EXP 	unnamed TextStim: height = 25.0
247.3026 	EXP 	unnamed TextStim: height = 25.0
247.3026 	EXP 	unnamed TextStim: text = '↓'
249.0150 	DATA 	Keypress: right
249.0174 	EXP 	unnamed TextStim: height = 25.0
249.0174 	EXP 	unnamed TextStim: height = 25.0
249.0174 	EXP 	unnamed TextStim: height = 25.0
249.0174 	EXP 	unnamed TextStim: text = '←'
250.6263 	DATA 	Keypress: left
250.6287 	EXP 	unnamed TextStim: height = 25.0
250.6287 	EXP 	unnamed TextStim: height = 25.0
250.6287 	EXP 	unnamed TextStim: height = 25.0
250.6287 	EXP 	unnamed TextStim: text = '↓'
253.3532 	DATA 	No keypress (maxWait exceeded)
253.3545 	EXP 	unnamed TextStim: text = '↓'
253.5202 	DATA 	Keypress: down
255.1446 	DATA 	Keypress: down
255.1469 	EXP 	unnamed TextStim: height = 25.0
255.1469 	EXP 	unnamed TextStim: height = 25.0
255.1469 	EXP 	unnamed TextStim: height = 25.0
255.1469 	EXP 	unnamed TextStim: text = '→'
256.8797 	DATA 	Keypress: right
256.8819 	EXP 	unnamed TextStim: height = 25.0
256.8819 	EXP 	unnamed TextStim: height = 25.0
256.8819 	EXP 	unnamed TextStim: height = 25.0
256.8819 	EXP 	unnamed TextStim: text = '↑'
259.0506 	DATA 	Keypress: down
259.1952 	EXP 	Created unnamed ImageStim = ImageStim(__class__=<class 'psychopy.visual.image.ImageStim'>, anchor=('center', 'center'), autoLog=True, color=array([1., 1., 1.]), colorSpace='rgb', contrast=1.0, depth=0, flipHoriz=False, flipVert=False, image='break.jpg', interpolate=True, mask=None, maskParams=None, name='unnamed ImageStim', opacity=1.0, ori=0.0, pos=array([0., 0.]), size=array([1536.,  864.]), texRes=128, units='pix', win=Window(...))
260.3823 	DATA 	Keypress: space
260.3867 	EXP 	unnamed TextStim: text = '↑'
262.1917 	DATA 	Keypress: down
262.1939 	EXP 	unnamed TextStim: height = 25.0
262.1939 	EXP 	unnamed TextStim: height = 25.0
262.1939 	EXP 	unnamed TextStim: height = 25.0
262.1939 	EXP 	unnamed TextStim: text = '→'
263.7988 	DATA 	Keypress: right
263.8009 	EXP 	unnamed TextStim: height = 25.0
263.8009 	EXP 	unnamed TextStim: height = 25.0
263.8009 	EXP 	unnamed TextStim: height = 25.0
263.8009 	EXP 	unnamed TextStim: text = '↑'
265.4622 	DATA 	Keypress: up
265.4689 	EXP 	unnamed TextStim: height = 25.0
265.4689 	EXP 	unnamed TextStim: height = 25.0
265.4689 	EXP 	unnamed TextStim: height = 25.0
265.4689 	EXP 	unnamed TextStim: text = '→'
267.1912 	DATA 	Keypress: right
267.1933 	EXP 	unnamed TextStim: height = 25.0
267.1933 	EXP 	unnamed TextStim: height = 25.0
267.1933 	EXP 	unnamed TextStim: height = 25.0
267.1933 	EXP 	unnamed TextStim: text = '←'
268.9662 	DATA 	Keypress: right
268.9673 	EXP 	unnamed TextStim: text = '←'
270.6322 	DATA 	Keypress: right
270.7786 	EXP 	Created unnamed ImageStim = ImageStim(__class__=<class 'psychopy.visual.image.ImageStim'>, anchor=('center', 'center'), autoLog=True, color=array([1., 1., 1.]), colorSpace='rgb', contrast=1.0, depth=0, flipHoriz=False, flipVert=False, image='break.jpg', interpolate=True, mask=None, maskParams=None, name='unnamed ImageStim', opacity=1.0, ori=0.0, pos=array([0., 0.]), size=array([1536.,  864.]), texRes=128, units='pix', win=Window(...))
271.5438 	DATA 	Keypress: space
271.5538 	EXP 	unnamed TextStim: text = '←'
273.1871 	DATA 	Keypress: right
273.1893 	EXP 	unnamed TextStim: height = 25.0
273.1893 	EXP 	unnamed TextStim: height = 25.0
273.1893 	EXP 	unnamed TextStim: height = 25.0
273.1893 	EXP 	unnamed TextStim: text = '↑'
274.6018 	DATA 	Keypress: up
274.6040 	EXP 	unnamed TextStim: height = 25.0
274.6040 	EXP 	unnamed TextStim: height = 25.0
274.6040 	EXP 	unnamed TextStim: height = 25.0
274.6040 	EXP 	unnamed TextStim: text = '↓'
275.9893 	DATA 	Keypress: down
275.9916 	EXP 	unnamed TextStim: height = 25.0
275.9916 	EXP 	unnamed TextStim: height = 25.0
275.9916 	EXP 	unnamed TextStim: height = 25.0
275.9916 	EXP 	unnamed TextStim: text = '↑'
277.5340 	DATA 	Keypress: right
277.5365 	EXP 	unnamed TextStim: height = 25.0
277.5365 	EXP 	unnamed TextStim: height = 25.0
277.5365 	EXP 	unnamed TextStim: height = 25.0
277.5365 	EXP 	unnamed TextStim: text = '↓'
278.8574 	DATA 	Keypress: down
278.8595 	EXP 	unnamed TextStim: height = 25.0
278.8595 	EXP 	unnamed TextStim: height = 25.0
278.8595 	EXP 	unnamed TextStim: height = 25.0
278.8595 	EXP 	unnamed TextStim: text = '←'
280.5466 	DATA 	Keypress: right
280.6723 	EXP 	Created unnamed ImageStim = ImageStim(__class__=<class 'psychopy.visual.image.ImageStim'>, anchor=('center', 'center'), autoLog=True, color=array([1., 1., 1.]), colorSpace='rgb', contrast=1.0, depth=0, flipHoriz=False, flipVert=False, image='break.jpg', interpolate=True, mask=None, maskParams=None, name='unnamed ImageStim', opacity=1.0, ori=0.0, pos=array([0., 0.]), size=array([1536.,  864.]), texRes=128, units='pix', win=Window(...))
281.4335 	DATA 	Keypress: space
281.4373 	EXP 	unnamed TextStim: height = 25.0
281.4373 	EXP 	unnamed TextStim: height = 25.0
281.4373 	EXP 	unnamed TextStim: height = 25.0
281.4373 	EXP 	unnamed TextStim: text = '↓'
283.0888 	DATA 	Keypress: right
283.0956 	EXP 	unnamed TextStim: height = 25.0
283.0956 	EXP 	unnamed TextStim: height = 25.0
283.0956 	EXP 	unnamed TextStim: height = 25.0
283.0956 	EXP 	unnamed TextStim: text = '↑'
284.7955 	DATA 	Keypress: right
284.7977 	EXP 	unnamed TextStim: height = 25.0
284.7977 	EXP 	unnamed TextStim: height = 25.0
284.7977 	EXP 	unnamed TextStim: height = 25.0
284.7977 	EXP 	unnamed TextStim: text = '↓'
286.4161 	DATA 	Keypress: right
286.4172 	EXP 	unnamed TextStim: text = '↓'
287.9608 	DATA 	Keypress: down
287.9630 	EXP 	unnamed TextStim: height = 25.0
287.9630 	EXP 	unnamed TextStim: height = 25.0
287.9630 	EXP 	unnamed TextStim: height = 25.0
287.9630 	EXP 	unnamed TextStim: text = '←'
289.4895 	DATA 	Keypress: right
289.4906 	EXP 	unnamed TextStim: text = '←'
290.8932 	DATA 	Keypress: left
291.0065 	EXP 	Created unnamed ImageStim = ImageStim(__class__=<class 'psychopy.visual.image.ImageStim'>, anchor=('center', 'center'), autoLog=True, color=array([1., 1., 1.]), colorSpace='rgb', contrast=1.0, depth=0, flipHoriz=False, flipVert=False, image='break.jpg', interpolate=True, mask=None, maskParams=None, name='unnamed ImageStim', opacity=1.0, ori=0.0, pos=array([0., 0.]), size=array([1536.,  864.]), texRes=128, units='pix', win=Window(...))
291.7029 	DATA 	Keypress: space
291.7290 	EXP 	Created unnamed TextStim = TextStim(__class__=<class 'psychopy.visual.text.TextStim'>, alignHoriz=method-wrapper(...), alignText='center', alignVert=method-wrapper(...), anchorHoriz='center', anchorVert='center', antialias=True, autoDraw=False, autoLog=True, bold=False, color=array([-1, -1, -1]), colorSpace='rgb', contrast=1.0, depth=0, flipHoriz=False, flipVert=False, font='', fontFiles=[], height=20.0, italic=False, languageStyle='LTR', name='unnamed TextStim', opacity=1.0, ori=0.0, pos=array([0., 0.]), rgb=UNKNOWN, text=str(...), units='pix', win=Window(...), wrapWidth=1536)
304.7764 	DATA 	Keypress: return
304.8663 	EXP 	window1: mouseVisible = True
