21.9543 	WARNING 	User requested fullscreen with size [1536  864], but screen is actually [1920, 1080]. Using actual size
23.2302 	INFO 	FRAME RATE: 60
23.2302 	INFO 	SCREEN RES: odict_values([1536, 864])
23.2918 	EXP 	Created unnamed TextStim = TextStim(__class__=<class 'psychopy.visual.text.TextStim'>, alignHoriz=method-wrapper(...), alignText='center', alignVert=method-wrapper(...), anchorHoriz='center', anchorVert='center', antialias=True, autoDraw=False, autoLog=True, bold=False, color=array([-1, -1, -1]), colorSpace='rgb', contrast=1.0, depth=0, flipHoriz=False, flipVert=False, font='', fontFiles=[], height=100.0, italic=False, languageStyle='LTR', name='unnamed TextStim', opacity=1.0, ori=0.0, pos=array([0., 0.]), rgb=UNKNOWN, text='+', units='pix', win=Window(...), wrapWidth=500)
23.2957 	EXP 	Created unnamed Circle = Circle(__class__=<class 'psychopy.visual.circle.Circle'>, anchor=('center', 'center'), autoDraw=False, autoLog=True, closeShape=True, color=method-wrapper(...), colorSpace='rgb', contrast=None, depth=0, fillColor=array([ 0.09019608, -1.        , -1.        ]), fillColorSpace='rgb', fillRGB=array([ 0.09019608, -1.        , -1.        ]), interpolate=True, lineColor=array([ 0.09019608, -1.        , -1.        ]), lineColorSpace='rgb', lineRGB=array([ 0.09019608, -1.        , -1.        ]), lineWidth=1.5, name='unnamed Circle', opacity=1.0, ori=0.0, pos=array([0., 0.]), size=array([1., 1.]), units='pix', vertices=ndarray(...), win=Window(...))
23.2966 	EXP 	Created unnamed TextStim = TextStim(__class__=<class 'psychopy.visual.text.TextStim'>, alignHoriz=method-wrapper(...), alignText='center', alignVert=method-wrapper(...), anchorHoriz='center', anchorVert='center', antialias=True, autoDraw=False, autoLog=True, bold=False, color=array([-0.17647059, -0.17647059, -0.17647059]), colorSpace='rgb', contrast=1.0, depth=0, flipHoriz=False, flipVert=False, font='', fontFiles=[], height=25, italic=False, languageStyle='LTR', name='unnamed TextStim', opacity=1.0, ori=0.0, pos=array([0., 0.]), rgb=UNKNOWN, text='', units='pix', win=Window(...), wrapWidth=500)
23.3083 	EXP 	Created unnamed ImageStim = ImageStim(__class__=<class 'psychopy.visual.image.ImageStim'>, anchor=('center', 'center'), autoLog=True, color=array([1., 1., 1.]), colorSpace='rgb', contrast=1.0, depth=0, flipHoriz=False, flipVert=False, image='mask4.png', interpolate=False, mask=None, maskParams=None, name='unnamed ImageStim', opacity=1.0, ori=0.0, pos=array([0., 0.]), size=array([25., 25.]), texRes=128, units='pix', win=Window(...))
23.3163 	EXP 	Created unnamed TextStim = TextStim(__class__=<class 'psychopy.visual.text.TextStim'>, alignHoriz=method-wrapper(...), alignText='center', alignVert=method-wrapper(...), anchorHoriz='center', anchorVert='center', antialias=True, autoDraw=False, autoLog=True, bold=False, color=array([-1, -1, -1]), colorSpace='rgb', contrast=1.0, depth=0, flipHoriz=False, flipVert=False, font='', fontFiles=[], height=30.0, italic=False, languageStyle='LTR', name='unnamed TextStim', opacity=1.0, ori=0.0, pos=array([ 100., -300.]), rgb=UNKNOWN, text=str(...), units='pix', win=Window(...), wrapWidth=10000)
23.3258 	EXP 	Created unnamed TextStim = TextStim(__class__=<class 'psychopy.visual.text.TextStim'>, alignHoriz=method-wrapper(...), alignText='center', alignVert=method-wrapper(...), anchorHoriz='center', anchorVert='center', antialias=True, autoDraw=False, autoLog=True, bold=False, color=array([-1, -1, -1]), colorSpace='rgb', contrast=1.0, depth=0, flipHoriz=False, flipVert=False, font='', fontFiles=[], height=30.0, italic=False, languageStyle='LTR', name='unnamed TextStim', opacity=1.0, ori=0.0, pos=array([ 100., -330.]), rgb=UNKNOWN, text=str(...), units='pix', win=Window(...), wrapWidth=10000)
23.3603 	EXP 	Created unnamed TextStim = TextStim(__class__=<class 'psychopy.visual.text.TextStim'>, alignHoriz=method-wrapper(...), alignText='center', alignVert=method-wrapper(...), anchorHoriz='center', anchorVert='center', antialias=True, autoDraw=False, autoLog=True, bold=False, color=array([-1, -1, -1]), colorSpace='rgb', contrast=1.0, depth=0, flipHoriz=False, flipVert=False, font='', fontFiles=[], height=20.0, italic=False, languageStyle='LTR', name='unnamed TextStim', opacity=1.0, ori=0.0, pos=array([0., 0.]), rgb=UNKNOWN, text=str(...), units='pix', win=Window(...), wrapWidth=1536)
57.4544 	DATA 	Keypress: space
57.4629 	EXP 	unnamed TextStim: height = 25.0
57.4629 	EXP 	unnamed TextStim: height = 25.0
57.4629 	EXP 	unnamed TextStim: height = 25.0
57.4629 	EXP 	unnamed TextStim: text = '→'
60.4301 	DATA 	No keypress (maxWait exceeded)
60.4392 	EXP 	Created unnamed TextStim = TextStim(__class__=<class 'psychopy.visual.text.TextStim'>, alignHoriz=method-wrapper(...), alignText='center', alignVert=method-wrapper(...), anchorHoriz='center', anchorVert='center', antialias=True, autoDraw=False, autoLog=True, bold=False, color=array([-1, -1, -1]), colorSpace='rgb', contrast=1.0, depth=0, flipHoriz=False, flipVert=False, font='', fontFiles=[], height=50.0, italic=False, languageStyle='LTR', name='unnamed TextStim', opacity=1.0, ori=0.0, pos=array([0., 0.]), rgb=UNKNOWN, text='Niepoprawnie', units='pix', win=Window(...), wrapWidth=500)
61.4465 	EXP 	unnamed TextStim: height = 25.0
61.4465 	EXP 	unnamed TextStim: height = 25.0
61.4465 	EXP 	unnamed TextStim: height = 25.0
61.4465 	EXP 	unnamed TextStim: text = '↓'
64.0714 	DATA 	Keypress: left
64.0735 	EXP 	Created unnamed TextStim = TextStim(__class__=<class 'psychopy.visual.text.TextStim'>, alignHoriz=method-wrapper(...), alignText='center', alignVert=method-wrapper(...), anchorHoriz='center', anchorVert='center', antialias=True, autoDraw=False, autoLog=True, bold=False, color=array([-1, -1, -1]), colorSpace='rgb', contrast=1.0, depth=0, flipHoriz=False, flipVert=False, font='', fontFiles=[], height=50.0, italic=False, languageStyle='LTR', name='unnamed TextStim', opacity=1.0, ori=0.0, pos=array([0., 0.]), rgb=UNKNOWN, text='Niepoprawnie', units='pix', win=Window(...), wrapWidth=500)
65.0801 	EXP 	unnamed TextStim: height = 25.0
65.0801 	EXP 	unnamed TextStim: height = 25.0
65.0801 	EXP 	unnamed TextStim: height = 25.0
65.0801 	EXP 	unnamed TextStim: text = '↑'
67.1458 	DATA 	Keypress: up
67.1499 	EXP 	Created unnamed TextStim = TextStim(__class__=<class 'psychopy.visual.text.TextStim'>, alignHoriz=method-wrapper(...), alignText='center', alignVert=method-wrapper(...), anchorHoriz='center', anchorVert='center', antialias=True, autoDraw=False, autoLog=True, bold=False, color=array([-1, -1, -1]), colorSpace='rgb', contrast=1.0, depth=0, flipHoriz=False, flipVert=False, font='', fontFiles=[], height=50.0, italic=False, languageStyle='LTR', name='unnamed TextStim', opacity=1.0, ori=0.0, pos=array([0., 0.]), rgb=UNKNOWN, text='Poprawnie', units='pix', win=Window(...), wrapWidth=500)
68.1635 	EXP 	unnamed TextStim: height = 25.0
68.1635 	EXP 	unnamed TextStim: height = 25.0
68.1635 	EXP 	unnamed TextStim: height = 25.0
68.1635 	EXP 	unnamed TextStim: text = '↓'
69.9962 	DATA 	Keypress: down
69.9982 	EXP 	Created unnamed TextStim = TextStim(__class__=<class 'psychopy.visual.text.TextStim'>, alignHoriz=method-wrapper(...), alignText='center', alignVert=method-wrapper(...), anchorHoriz='center', anchorVert='center', antialias=True, autoDraw=False, autoLog=True, bold=False, color=array([-1, -1, -1]), colorSpace='rgb', contrast=1.0, depth=0, flipHoriz=False, flipVert=False, font='', fontFiles=[], height=50.0, italic=False, languageStyle='LTR', name='unnamed TextStim', opacity=1.0, ori=0.0, pos=array([0., 0.]), rgb=UNKNOWN, text='Poprawnie', units='pix', win=Window(...), wrapWidth=500)
71.0136 	EXP 	unnamed TextStim: height = 25.0
71.0136 	EXP 	unnamed TextStim: height = 25.0
71.0136 	EXP 	unnamed TextStim: height = 25.0
71.0136 	EXP 	unnamed TextStim: text = '←'
73.6442 	DATA 	Keypress: right
73.6462 	EXP 	Created unnamed TextStim = TextStim(__class__=<class 'psychopy.visual.text.TextStim'>, alignHoriz=method-wrapper(...), alignText='center', alignVert=method-wrapper(...), anchorHoriz='center', anchorVert='center', antialias=True, autoDraw=False, autoLog=True, bold=False, color=array([-1, -1, -1]), colorSpace='rgb', contrast=1.0, depth=0, flipHoriz=False, flipVert=False, font='', fontFiles=[], height=50.0, italic=False, languageStyle='LTR', name='unnamed TextStim', opacity=1.0, ori=0.0, pos=array([0., 0.]), rgb=UNKNOWN, text='Niepoprawnie', units='pix', win=Window(...), wrapWidth=500)
74.6637 	EXP 	unnamed TextStim: height = 25.0
74.6637 	EXP 	unnamed TextStim: height = 25.0
74.6637 	EXP 	unnamed TextStim: height = 25.0
74.6637 	EXP 	unnamed TextStim: text = '↑'
76.2366 	DATA 	Keypress: up
76.2386 	EXP 	Created unnamed TextStim = TextStim(__class__=<class 'psychopy.visual.text.TextStim'>, alignHoriz=method-wrapper(...), alignText='center', alignVert=method-wrapper(...), anchorHoriz='center', anchorVert='center', antialias=True, autoDraw=False, autoLog=True, bold=False, color=array([-1, -1, -1]), colorSpace='rgb', contrast=1.0, depth=0, flipHoriz=False, flipVert=False, font='', fontFiles=[], height=50.0, italic=False, languageStyle='LTR', name='unnamed TextStim', opacity=1.0, ori=0.0, pos=array([0., 0.]), rgb=UNKNOWN, text='Poprawnie', units='pix', win=Window(...), wrapWidth=500)
77.2471 	EXP 	unnamed TextStim: height = 25.0
77.2471 	EXP 	unnamed TextStim: height = 25.0
77.2471 	EXP 	unnamed TextStim: height = 25.0
77.2471 	EXP 	unnamed TextStim: text = '←'
78.8302 	DATA 	Keypress: left
78.8322 	EXP 	Created unnamed TextStim = TextStim(__class__=<class 'psychopy.visual.text.TextStim'>, alignHoriz=method-wrapper(...), alignText='center', alignVert=method-wrapper(...), anchorHoriz='center', anchorVert='center', antialias=True, autoDraw=False, autoLog=True, bold=False, color=array([-1, -1, -1]), colorSpace='rgb', contrast=1.0, depth=0, flipHoriz=False, flipVert=False, font='', fontFiles=[], height=50.0, italic=False, languageStyle='LTR', name='unnamed TextStim', opacity=1.0, ori=0.0, pos=array([0., 0.]), rgb=UNKNOWN, text='Poprawnie', units='pix', win=Window(...), wrapWidth=500)
79.8472 	EXP 	unnamed TextStim: height = 25.0
79.8472 	EXP 	unnamed TextStim: height = 25.0
79.8472 	EXP 	unnamed TextStim: height = 25.0
79.8472 	EXP 	unnamed TextStim: text = '↓'
81.6763 	DATA 	Keypress: down
81.6783 	EXP 	Created unnamed TextStim = TextStim(__class__=<class 'psychopy.visual.text.TextStim'>, alignHoriz=method-wrapper(...), alignText='center', alignVert=method-wrapper(...), anchorHoriz='center', anchorVert='center', antialias=True, autoDraw=False, autoLog=True, bold=False, color=array([-1, -1, -1]), colorSpace='rgb', contrast=1.0, depth=0, flipHoriz=False, flipVert=False, font='', fontFiles=[], height=50.0, italic=False, languageStyle='LTR', name='unnamed TextStim', opacity=1.0, ori=0.0, pos=array([0., 0.]), rgb=UNKNOWN, text='Poprawnie', units='pix', win=Window(...), wrapWidth=500)
82.6974 	EXP 	unnamed TextStim: text = '↓'
84.1796 	DATA 	Keypress: down
84.1815 	EXP 	Created unnamed TextStim = TextStim(__class__=<class 'psychopy.visual.text.TextStim'>, alignHoriz=method-wrapper(...), alignText='center', alignVert=method-wrapper(...), anchorHoriz='center', anchorVert='center', antialias=True, autoDraw=False, autoLog=True, bold=False, color=array([-1, -1, -1]), colorSpace='rgb', contrast=1.0, depth=0, flipHoriz=False, flipVert=False, font='', fontFiles=[], height=50.0, italic=False, languageStyle='LTR', name='unnamed TextStim', opacity=1.0, ori=0.0, pos=array([0., 0.]), rgb=UNKNOWN, text='Poprawnie', units='pix', win=Window(...), wrapWidth=500)
85.1974 	EXP 	unnamed TextStim: height = 25.0
85.1974 	EXP 	unnamed TextStim: height = 25.0
85.1974 	EXP 	unnamed TextStim: height = 25.0
85.1974 	EXP 	unnamed TextStim: text = '←'
86.4487 	DATA 	Keypress: left
86.4860 	EXP 	Created unnamed TextStim = TextStim(__class__=<class 'psychopy.visual.text.TextStim'>, alignHoriz=method-wrapper(...), alignText='center', alignVert=method-wrapper(...), anchorHoriz='center', anchorVert='center', antialias=True, autoDraw=False, autoLog=True, bold=False, color=array([-1, -1, -1]), colorSpace='rgb', contrast=1.0, depth=0, flipHoriz=False, flipVert=False, font='', fontFiles=[], height=50.0, italic=False, languageStyle='LTR', name='unnamed TextStim', opacity=1.0, ori=0.0, pos=array([0., 0.]), rgb=UNKNOWN, text='Poprawnie', units='pix', win=Window(...), wrapWidth=500)
87.5142 	EXP 	unnamed TextStim: height = 25.0
87.5142 	EXP 	unnamed TextStim: height = 25.0
87.5142 	EXP 	unnamed TextStim: height = 25.0
87.5142 	EXP 	unnamed TextStim: text = '→'
89.0179 	DATA 	Keypress: right
89.0198 	EXP 	Created unnamed TextStim = TextStim(__class__=<class 'psychopy.visual.text.TextStim'>, alignHoriz=method-wrapper(...), alignText='center', alignVert=method-wrapper(...), anchorHoriz='center', anchorVert='center', antialias=True, autoDraw=False, autoLog=True, bold=False, color=array([-1, -1, -1]), colorSpace='rgb', contrast=1.0, depth=0, flipHoriz=False, flipVert=False, font='', fontFiles=[], height=50.0, italic=False, languageStyle='LTR', name='unnamed TextStim', opacity=1.0, ori=0.0, pos=array([0., 0.]), rgb=UNKNOWN, text='Poprawnie', units='pix', win=Window(...), wrapWidth=500)
90.0308 	EXP 	unnamed TextStim: height = 25.0
90.0308 	EXP 	unnamed TextStim: height = 25.0
90.0308 	EXP 	unnamed TextStim: height = 25.0
90.0308 	EXP 	unnamed TextStim: text = '↓'
92.3191 	DATA 	Keypress: down
92.3213 	EXP 	Created unnamed TextStim = TextStim(__class__=<class 'psychopy.visual.text.TextStim'>, alignHoriz=method-wrapper(...), alignText='center', alignVert=method-wrapper(...), anchorHoriz='center', anchorVert='center', antialias=True, autoDraw=False, autoLog=True, bold=False, color=array([-1, -1, -1]), colorSpace='rgb', contrast=1.0, depth=0, flipHoriz=False, flipVert=False, font='', fontFiles=[], height=50.0, italic=False, languageStyle='LTR', name='unnamed TextStim', opacity=1.0, ori=0.0, pos=array([0., 0.]), rgb=UNKNOWN, text='Poprawnie', units='pix', win=Window(...), wrapWidth=500)
93.3310 	EXP 	unnamed TextStim: height = 25.0
93.3310 	EXP 	unnamed TextStim: height = 25.0
93.3310 	EXP 	unnamed TextStim: height = 25.0
93.3310 	EXP 	unnamed TextStim: text = '↑'
94.9542 	DATA 	Keypress: up
94.9562 	EXP 	Created unnamed TextStim = TextStim(__class__=<class 'psychopy.visual.text.TextStim'>, alignHoriz=method-wrapper(...), alignText='center', alignVert=method-wrapper(...), anchorHoriz='center', anchorVert='center', antialias=True, autoDraw=False, autoLog=True, bold=False, color=array([-1, -1, -1]), colorSpace='rgb', contrast=1.0, depth=0, flipHoriz=False, flipVert=False, font='', fontFiles=[], height=50.0, italic=False, languageStyle='LTR', name='unnamed TextStim', opacity=1.0, ori=0.0, pos=array([0., 0.]), rgb=UNKNOWN, text='Poprawnie', units='pix', win=Window(...), wrapWidth=500)
95.9644 	EXP 	unnamed TextStim: text = '↑'
97.3486 	DATA 	Keypress: up
97.3534 	EXP 	Created unnamed TextStim = TextStim(__class__=<class 'psychopy.visual.text.TextStim'>, alignHoriz=method-wrapper(...), alignText='center', alignVert=method-wrapper(...), anchorHoriz='center', anchorVert='center', antialias=True, autoDraw=False, autoLog=True, bold=False, color=array([-1, -1, -1]), colorSpace='rgb', contrast=1.0, depth=0, flipHoriz=False, flipVert=False, font='', fontFiles=[], height=50.0, italic=False, languageStyle='LTR', name='unnamed TextStim', opacity=1.0, ori=0.0, pos=array([0., 0.]), rgb=UNKNOWN, text='Poprawnie', units='pix', win=Window(...), wrapWidth=500)
98.3813 	EXP 	unnamed TextStim: height = 25.0
98.3813 	EXP 	unnamed TextStim: height = 25.0
98.3813 	EXP 	unnamed TextStim: height = 25.0
98.3813 	EXP 	unnamed TextStim: text = '→'
99.6494 	DATA 	Keypress: right
99.6700 	EXP 	Created unnamed TextStim = TextStim(__class__=<class 'psychopy.visual.text.TextStim'>, alignHoriz=method-wrapper(...), alignText='center', alignVert=method-wrapper(...), anchorHoriz='center', anchorVert='center', antialias=True, autoDraw=False, autoLog=True, bold=False, color=array([-1, -1, -1]), colorSpace='rgb', contrast=1.0, depth=0, flipHoriz=False, flipVert=False, font='', fontFiles=[], height=50.0, italic=False, languageStyle='LTR', name='unnamed TextStim', opacity=1.0, ori=0.0, pos=array([0., 0.]), rgb=UNKNOWN, text='Poprawnie', units='pix', win=Window(...), wrapWidth=500)
100.7110 	EXP 	Created unnamed TextStim = TextStim(__class__=<class 'psychopy.visual.text.TextStim'>, alignHoriz=method-wrapper(...), alignText='center', alignVert=method-wrapper(...), anchorHoriz='center', anchorVert='center', antialias=True, autoDraw=False, autoLog=True, bold=False, color=array([-1, -1, -1]), colorSpace='rgb', contrast=1.0, depth=0, flipHoriz=False, flipVert=False, font='', fontFiles=[], height=20.0, italic=False, languageStyle='LTR', name='unnamed TextStim', opacity=1.0, ori=0.0, pos=array([0., 0.]), rgb=UNKNOWN, text=str(...), units='pix', win=Window(...), wrapWidth=1536)
114.8000 	DATA 	Keypress: space
114.8151 	EXP 	unnamed TextStim: height = 25.0
114.8151 	EXP 	unnamed TextStim: height = 25.0
114.8151 	EXP 	unnamed TextStim: height = 25.0
114.8151 	EXP 	unnamed TextStim: text = '←'
116.3830 	DATA 	Keypress: down
116.3892 	EXP 	Created unnamed TextStim = TextStim(__class__=<class 'psychopy.visual.text.TextStim'>, alignHoriz=method-wrapper(...), alignText='center', alignVert=method-wrapper(...), anchorHoriz='center', anchorVert='center', antialias=True, autoDraw=False, autoLog=True, bold=False, color=array([-1, -1, -1]), colorSpace='rgb', contrast=1.0, depth=0, flipHoriz=False, flipVert=False, font='', fontFiles=[], height=50.0, italic=False, languageStyle='LTR', name='unnamed TextStim', opacity=1.0, ori=0.0, pos=array([0., 0.]), rgb=UNKNOWN, text='Niepoprawnie', units='pix', win=Window(...), wrapWidth=500)
117.3985 	EXP 	unnamed TextStim: height = 25.0
117.3985 	EXP 	unnamed TextStim: height = 25.0
117.3985 	EXP 	unnamed TextStim: height = 25.0
117.3985 	EXP 	unnamed TextStim: text = '↑'
119.7555 	DATA 	Keypress: up
119.7585 	EXP 	Created unnamed TextStim = TextStim(__class__=<class 'psychopy.visual.text.TextStim'>, alignHoriz=method-wrapper(...), alignText='center', alignVert=method-wrapper(...), anchorHoriz='center', anchorVert='center', antialias=True, autoDraw=False, autoLog=True, bold=False, color=array([-1, -1, -1]), colorSpace='rgb', contrast=1.0, depth=0, flipHoriz=False, flipVert=False, font='', fontFiles=[], height=50.0, italic=False, languageStyle='LTR', name='unnamed TextStim', opacity=1.0, ori=0.0, pos=array([0., 0.]), rgb=UNKNOWN, text='Poprawnie', units='pix', win=Window(...), wrapWidth=500)
120.7651 	EXP 	unnamed TextStim: height = 25.0
120.7651 	EXP 	unnamed TextStim: height = 25.0
120.7651 	EXP 	unnamed TextStim: height = 25.0
120.7651 	EXP 	unnamed TextStim: text = '↓'
122.5499 	DATA 	Keypress: down
122.5519 	EXP 	Created unnamed TextStim = TextStim(__class__=<class 'psychopy.visual.text.TextStim'>, alignHoriz=method-wrapper(...), alignText='center', alignVert=method-wrapper(...), anchorHoriz='center', anchorVert='center', antialias=True, autoDraw=False, autoLog=True, bold=False, color=array([-1, -1, -1]), colorSpace='rgb', contrast=1.0, depth=0, flipHoriz=False, flipVert=False, font='', fontFiles=[], height=50.0, italic=False, languageStyle='LTR', name='unnamed TextStim', opacity=1.0, ori=0.0, pos=array([0., 0.]), rgb=UNKNOWN, text='Poprawnie', units='pix', win=Window(...), wrapWidth=500)
123.3536 	DATA 	Keypress: left
123.5655 	EXP 	unnamed TextStim: height = 25.0
123.5655 	EXP 	unnamed TextStim: height = 25.0
123.5655 	EXP 	unnamed TextStim: height = 25.0
123.5655 	EXP 	unnamed TextStim: text = '←'
125.4934 	DATA 	Keypress: left
125.4953 	EXP 	Created unnamed TextStim = TextStim(__class__=<class 'psychopy.visual.text.TextStim'>, alignHoriz=method-wrapper(...), alignText='center', alignVert=method-wrapper(...), anchorHoriz='center', anchorVert='center', antialias=True, autoDraw=False, autoLog=True, bold=False, color=array([-1, -1, -1]), colorSpace='rgb', contrast=1.0, depth=0, flipHoriz=False, flipVert=False, font='', fontFiles=[], height=50.0, italic=False, languageStyle='LTR', name='unnamed TextStim', opacity=1.0, ori=0.0, pos=array([0., 0.]), rgb=UNKNOWN, text='Poprawnie', units='pix', win=Window(...), wrapWidth=500)
126.4993 	EXP 	unnamed TextStim: height = 25.0
126.4993 	EXP 	unnamed TextStim: height = 25.0
126.4993 	EXP 	unnamed TextStim: height = 25.0
126.4993 	EXP 	unnamed TextStim: text = '↓'
128.0309 	DATA 	Keypress: down
128.0329 	EXP 	Created unnamed TextStim = TextStim(__class__=<class 'psychopy.visual.text.TextStim'>, alignHoriz=method-wrapper(...), alignText='center', alignVert=method-wrapper(...), anchorHoriz='center', anchorVert='center', antialias=True, autoDraw=False, autoLog=True, bold=False, color=array([-1, -1, -1]), colorSpace='rgb', contrast=1.0, depth=0, flipHoriz=False, flipVert=False, font='', fontFiles=[], height=50.0, italic=False, languageStyle='LTR', name='unnamed TextStim', opacity=1.0, ori=0.0, pos=array([0., 0.]), rgb=UNKNOWN, text='Poprawnie', units='pix', win=Window(...), wrapWidth=500)
129.0490 	EXP 	unnamed TextStim: height = 25.0
129.0490 	EXP 	unnamed TextStim: height = 25.0
129.0490 	EXP 	unnamed TextStim: height = 25.0
129.0490 	EXP 	unnamed TextStim: text = '↑'
130.5729 	DATA 	Keypress: up
130.5748 	EXP 	Created unnamed TextStim = TextStim(__class__=<class 'psychopy.visual.text.TextStim'>, alignHoriz=method-wrapper(...), alignText='center', alignVert=method-wrapper(...), anchorHoriz='center', anchorVert='center', antialias=True, autoDraw=False, autoLog=True, bold=False, color=array([-1, -1, -1]), colorSpace='rgb', contrast=1.0, depth=0, flipHoriz=False, flipVert=False, font='', fontFiles=[], height=50.0, italic=False, languageStyle='LTR', name='unnamed TextStim', opacity=1.0, ori=0.0, pos=array([0., 0.]), rgb=UNKNOWN, text='Poprawnie', units='pix', win=Window(...), wrapWidth=500)
131.5825 	EXP 	unnamed TextStim: height = 25.0
131.5825 	EXP 	unnamed TextStim: height = 25.0
131.5825 	EXP 	unnamed TextStim: height = 25.0
131.5825 	EXP 	unnamed TextStim: text = '←'
133.6838 	DATA 	Keypress: right
133.6857 	EXP 	Created unnamed TextStim = TextStim(__class__=<class 'psychopy.visual.text.TextStim'>, alignHoriz=method-wrapper(...), alignText='center', alignVert=method-wrapper(...), anchorHoriz='center', anchorVert='center', antialias=True, autoDraw=False, autoLog=True, bold=False, color=array([-1, -1, -1]), colorSpace='rgb', contrast=1.0, depth=0, flipHoriz=False, flipVert=False, font='', fontFiles=[], height=50.0, italic=False, languageStyle='LTR', name='unnamed TextStim', opacity=1.0, ori=0.0, pos=array([0., 0.]), rgb=UNKNOWN, text='Niepoprawnie', units='pix', win=Window(...), wrapWidth=500)
134.6993 	EXP 	unnamed TextStim: height = 25.0
134.6993 	EXP 	unnamed TextStim: height = 25.0
134.6993 	EXP 	unnamed TextStim: height = 25.0
134.6993 	EXP 	unnamed TextStim: text = '↓'
136.2761 	DATA 	Keypress: down
136.2781 	EXP 	Created unnamed TextStim = TextStim(__class__=<class 'psychopy.visual.text.TextStim'>, alignHoriz=method-wrapper(...), alignText='center', alignVert=method-wrapper(...), anchorHoriz='center', anchorVert='center', antialias=True, autoDraw=False, autoLog=True, bold=False, color=array([-1, -1, -1]), colorSpace='rgb', contrast=1.0, depth=0, flipHoriz=False, flipVert=False, font='', fontFiles=[], height=50.0, italic=False, languageStyle='LTR', name='unnamed TextStim', opacity=1.0, ori=0.0, pos=array([0., 0.]), rgb=UNKNOWN, text='Poprawnie', units='pix', win=Window(...), wrapWidth=500)
137.2830 	EXP 	unnamed TextStim: height = 25.0
137.2830 	EXP 	unnamed TextStim: height = 25.0
137.2830 	EXP 	unnamed TextStim: height = 25.0
137.2830 	EXP 	unnamed TextStim: text = '→'
138.8560 	DATA 	Keypress: right
138.8579 	EXP 	Created unnamed TextStim = TextStim(__class__=<class 'psychopy.visual.text.TextStim'>, alignHoriz=method-wrapper(...), alignText='center', alignVert=method-wrapper(...), anchorHoriz='center', anchorVert='center', antialias=True, autoDraw=False, autoLog=True, bold=False, color=array([-1, -1, -1]), colorSpace='rgb', contrast=1.0, depth=0, flipHoriz=False, flipVert=False, font='', fontFiles=[], height=50.0, italic=False, languageStyle='LTR', name='unnamed TextStim', opacity=1.0, ori=0.0, pos=array([0., 0.]), rgb=UNKNOWN, text='Poprawnie', units='pix', win=Window(...), wrapWidth=500)
139.8661 	EXP 	unnamed TextStim: text = '→'
141.2818 	DATA 	Keypress: right
141.2839 	EXP 	Created unnamed TextStim = TextStim(__class__=<class 'psychopy.visual.text.TextStim'>, alignHoriz=method-wrapper(...), alignText='center', alignVert=method-wrapper(...), anchorHoriz='center', anchorVert='center', antialias=True, autoDraw=False, autoLog=True, bold=False, color=array([-1, -1, -1]), colorSpace='rgb', contrast=1.0, depth=0, flipHoriz=False, flipVert=False, font='', fontFiles=[], height=50.0, italic=False, languageStyle='LTR', name='unnamed TextStim', opacity=1.0, ori=0.0, pos=array([0., 0.]), rgb=UNKNOWN, text='Poprawnie', units='pix', win=Window(...), wrapWidth=500)
142.3088 	EXP 	Created unnamed TextStim = TextStim(__class__=<class 'psychopy.visual.text.TextStim'>, alignHoriz=method-wrapper(...), alignText='center', alignVert=method-wrapper(...), anchorHoriz='center', anchorVert='center', antialias=True, autoDraw=False, autoLog=True, bold=False, color=array([-1, -1, -1]), colorSpace='rgb', contrast=1.0, depth=0, flipHoriz=False, flipVert=False, font='', fontFiles=[], height=20.0, italic=False, languageStyle='LTR', name='unnamed TextStim', opacity=1.0, ori=0.0, pos=array([0., 0.]), rgb=UNKNOWN, text=str(...), units='pix', win=Window(...), wrapWidth=1536)
208.8815 	DATA 	Keypress: space
208.8863 	EXP 	unnamed TextStim: height = 25.0
208.8863 	EXP 	unnamed TextStim: height = 25.0
208.8863 	EXP 	unnamed TextStim: height = 25.0
208.8863 	EXP 	unnamed TextStim: text = '↑'
210.4403 	DATA 	Keypress: up
210.4437 	EXP 	unnamed TextStim: height = 25.0
210.4437 	EXP 	unnamed TextStim: height = 25.0
210.4437 	EXP 	unnamed TextStim: height = 25.0
210.4437 	EXP 	unnamed TextStim: text = '→'
211.7356 	DATA 	Keypress: right
211.7384 	EXP 	unnamed TextStim: height = 25.0
211.7384 	EXP 	unnamed TextStim: height = 25.0
211.7384 	EXP 	unnamed TextStim: height = 25.0
211.7384 	EXP 	unnamed TextStim: text = '↓'
213.1407 	DATA 	Keypress: down
213.1433 	EXP 	unnamed TextStim: height = 25.0
213.1433 	EXP 	unnamed TextStim: height = 25.0
213.1433 	EXP 	unnamed TextStim: height = 25.0
213.1433 	EXP 	unnamed TextStim: text = '↑'
214.4188 	DATA 	Keypress: up
214.4218 	EXP 	unnamed TextStim: height = 25.0
214.4218 	EXP 	unnamed TextStim: height = 25.0
214.4218 	EXP 	unnamed TextStim: height = 25.0
214.4218 	EXP 	unnamed TextStim: text = '←'
216.3951 	DATA 	Keypress: right
216.3973 	EXP 	unnamed TextStim: height = 25.0
216.3973 	EXP 	unnamed TextStim: height = 25.0
216.3973 	EXP 	unnamed TextStim: height = 25.0
216.3973 	EXP 	unnamed TextStim: text = '→'
217.6804 	DATA 	Keypress: right
217.8093 	EXP 	Created unnamed ImageStim = ImageStim(__class__=<class 'psychopy.visual.image.ImageStim'>, anchor=('center', 'center'), autoLog=True, color=array([1., 1., 1.]), colorSpace='rgb', contrast=1.0, depth=0, flipHoriz=False, flipVert=False, image='break.jpg', interpolate=True, mask=None, maskParams=None, name='unnamed ImageStim', opacity=1.0, ori=0.0, pos=array([0., 0.]), size=array([1536.,  864.]), texRes=128, units='pix', win=Window(...))
231.0037 	DATA 	Keypress: space
231.0193 	EXP 	unnamed TextStim: height = 25.0
231.0193 	EXP 	unnamed TextStim: height = 25.0
231.0193 	EXP 	unnamed TextStim: height = 25.0
231.0193 	EXP 	unnamed TextStim: text = '↓'
232.6816 	DATA 	Keypress: down
232.6838 	EXP 	unnamed TextStim: height = 25.0
232.6838 	EXP 	unnamed TextStim: height = 25.0
232.6838 	EXP 	unnamed TextStim: height = 25.0
232.6838 	EXP 	unnamed TextStim: text = '↑'
233.9201 	DATA 	Keypress: up
235.4202 	DATA 	No keypress (maxWait exceeded)
235.4229 	EXP 	unnamed TextStim: text = '↑'
236.7518 	DATA 	Keypress: up
236.7540 	EXP 	unnamed TextStim: height = 25.0
236.7540 	EXP 	unnamed TextStim: height = 25.0
236.7540 	EXP 	unnamed TextStim: height = 25.0
236.7540 	EXP 	unnamed TextStim: text = '←'
239.0328 	DATA 	Keypress: up
239.0340 	EXP 	unnamed TextStim: text = '←'
240.2815 	DATA 	Keypress: left
240.2837 	EXP 	unnamed TextStim: height = 25.0
240.2837 	EXP 	unnamed TextStim: height = 25.0
240.2837 	EXP 	unnamed TextStim: height = 25.0
240.2837 	EXP 	unnamed TextStim: text = '↑'
242.6164 	DATA 	Keypress: up
242.7296 	EXP 	Created unnamed ImageStim = ImageStim(__class__=<class 'psychopy.visual.image.ImageStim'>, anchor=('center', 'center'), autoLog=True, color=array([1., 1., 1.]), colorSpace='rgb', contrast=1.0, depth=0, flipHoriz=False, flipVert=False, image='break.jpg', interpolate=True, mask=None, maskParams=None, name='unnamed ImageStim', opacity=1.0, ori=0.0, pos=array([0., 0.]), size=array([1536.,  864.]), texRes=128, units='pix', win=Window(...))
245.9480 	DATA 	Keypress: space
245.9532 	EXP 	unnamed TextStim: height = 25.0
245.9532 	EXP 	unnamed TextStim: height = 25.0
245.9532 	EXP 	unnamed TextStim: height = 25.0
245.9532 	EXP 	unnamed TextStim: text = '←'
247.1873 	DATA 	Keypress: left
248.6874 	DATA 	No keypress (maxWait exceeded)
248.6896 	EXP 	unnamed TextStim: height = 25.0
248.6896 	EXP 	unnamed TextStim: height = 25.0
248.6896 	EXP 	unnamed TextStim: height = 25.0
248.6896 	EXP 	unnamed TextStim: text = '↓'
250.1987 	DATA 	Keypress: down
250.2014 	EXP 	unnamed TextStim: text = '↓'
251.8353 	DATA 	Keypress: down
251.8375 	EXP 	unnamed TextStim: height = 25.0
251.8375 	EXP 	unnamed TextStim: height = 25.0
251.8375 	EXP 	unnamed TextStim: height = 25.0
251.8375 	EXP 	unnamed TextStim: text = '→'
253.1650 	DATA 	Keypress: right
253.1661 	EXP 	unnamed TextStim: text = '→'
254.6249 	DATA 	Keypress: left
254.6271 	EXP 	unnamed TextStim: height = 25.0
254.6271 	EXP 	unnamed TextStim: height = 25.0
254.6271 	EXP 	unnamed TextStim: height = 25.0
254.6271 	EXP 	unnamed TextStim: text = '↓'
256.0482 	DATA 	Keypress: down
256.1613 	EXP 	Created unnamed ImageStim = ImageStim(__class__=<class 'psychopy.visual.image.ImageStim'>, anchor=('center', 'center'), autoLog=True, color=array([1., 1., 1.]), colorSpace='rgb', contrast=1.0, depth=0, flipHoriz=False, flipVert=False, image='break.jpg', interpolate=True, mask=None, maskParams=None, name='unnamed ImageStim', opacity=1.0, ori=0.0, pos=array([0., 0.]), size=array([1536.,  864.]), texRes=128, units='pix', win=Window(...))
258.4138 	DATA 	Keypress: space
258.4201 	EXP 	unnamed TextStim: text = '↓'
259.7026 	DATA 	Keypress: down
259.7037 	EXP 	unnamed TextStim: text = '↓'
260.9802 	DATA 	Keypress: down
260.9870 	EXP 	unnamed TextStim: text = '↓'
262.5087 	DATA 	Keypress: down
262.5124 	EXP 	unnamed TextStim: height = 25.0
262.5124 	EXP 	unnamed TextStim: height = 25.0
262.5124 	EXP 	unnamed TextStim: height = 25.0
262.5124 	EXP 	unnamed TextStim: text = '↑'
264.4785 	DATA 	Keypress: down
264.4808 	EXP 	unnamed TextStim: height = 25.0
264.4808 	EXP 	unnamed TextStim: height = 25.0
264.4808 	EXP 	unnamed TextStim: height = 25.0
264.4808 	EXP 	unnamed TextStim: text = '↓'
266.2597 	DATA 	Keypress: down
266.2619 	EXP 	unnamed TextStim: height = 25.0
266.2619 	EXP 	unnamed TextStim: height = 25.0
266.2619 	EXP 	unnamed TextStim: height = 25.0
266.2619 	EXP 	unnamed TextStim: text = '←'
267.5954 	DATA 	Keypress: left
267.7054 	EXP 	Created unnamed ImageStim = ImageStim(__class__=<class 'psychopy.visual.image.ImageStim'>, anchor=('center', 'center'), autoLog=True, color=array([1., 1., 1.]), colorSpace='rgb', contrast=1.0, depth=0, flipHoriz=False, flipVert=False, image='break.jpg', interpolate=True, mask=None, maskParams=None, name='unnamed ImageStim', opacity=1.0, ori=0.0, pos=array([0., 0.]), size=array([1536.,  864.]), texRes=128, units='pix', win=Window(...))
268.5193 	DATA 	Keypress: space
268.5374 	EXP 	unnamed TextStim: height = 25.0
268.5374 	EXP 	unnamed TextStim: height = 25.0
268.5374 	EXP 	unnamed TextStim: height = 25.0
268.5374 	EXP 	unnamed TextStim: text = '↑'
269.9932 	DATA 	Keypress: right
269.9954 	EXP 	unnamed TextStim: height = 25.0
269.9954 	EXP 	unnamed TextStim: height = 25.0
269.9954 	EXP 	unnamed TextStim: height = 25.0
269.9954 	EXP 	unnamed TextStim: text = '←'
272.0697 	DATA 	Keypress: left
272.0709 	EXP 	unnamed TextStim: text = '←'
273.3787 	DATA 	Keypress: left
273.3809 	EXP 	unnamed TextStim: height = 25.0
273.3809 	EXP 	unnamed TextStim: height = 25.0
273.3809 	EXP 	unnamed TextStim: height = 25.0
273.3809 	EXP 	unnamed TextStim: text = '↑'
274.7216 	DATA 	Keypress: up
274.7237 	EXP 	unnamed TextStim: height = 25.0
274.7237 	EXP 	unnamed TextStim: height = 25.0
274.7237 	EXP 	unnamed TextStim: height = 25.0
274.7237 	EXP 	unnamed TextStim: text = '→'
276.0591 	DATA 	Keypress: right
276.0613 	EXP 	unnamed TextStim: height = 25.0
276.0613 	EXP 	unnamed TextStim: height = 25.0
276.0613 	EXP 	unnamed TextStim: height = 25.0
276.0613 	EXP 	unnamed TextStim: text = '←'
277.3162 	DATA 	Keypress: left
277.4324 	EXP 	Created unnamed ImageStim = ImageStim(__class__=<class 'psychopy.visual.image.ImageStim'>, anchor=('center', 'center'), autoLog=True, color=array([1., 1., 1.]), colorSpace='rgb', contrast=1.0, depth=0, flipHoriz=False, flipVert=False, image='break.jpg', interpolate=True, mask=None, maskParams=None, name='unnamed ImageStim', opacity=1.0, ori=0.0, pos=array([0., 0.]), size=array([1536.,  864.]), texRes=128, units='pix', win=Window(...))
279.0982 	DATA 	Keypress: space
279.1041 	EXP 	unnamed TextStim: height = 25.0
279.1041 	EXP 	unnamed TextStim: height = 25.0
279.1041 	EXP 	unnamed TextStim: height = 25.0
279.1041 	EXP 	unnamed TextStim: text = '→'
280.3864 	DATA 	Keypress: right
280.3876 	EXP 	unnamed TextStim: text = '→'
282.0483 	DATA 	Keypress: right
282.0505 	EXP 	unnamed TextStim: height = 25.0
282.0505 	EXP 	unnamed TextStim: height = 25.0
282.0505 	EXP 	unnamed TextStim: height = 25.0
282.0505 	EXP 	unnamed TextStim: text = '↑'
283.3632 	DATA 	Keypress: up
283.3652 	EXP 	unnamed TextStim: height = 25.0
283.3652 	EXP 	unnamed TextStim: height = 25.0
283.3652 	EXP 	unnamed TextStim: height = 25.0
283.3652 	EXP 	unnamed TextStim: text = '↓'
286.0717 	DATA 	No keypress (maxWait exceeded)
286.0738 	EXP 	unnamed TextStim: height = 25.0
286.0738 	EXP 	unnamed TextStim: height = 25.0
286.0738 	EXP 	unnamed TextStim: height = 25.0
286.0738 	EXP 	unnamed TextStim: text = '→'
286.1557 	DATA 	Keypress: up
287.9544 	DATA 	Keypress: up
287.9566 	EXP 	unnamed TextStim: height = 25.0
287.9566 	EXP 	unnamed TextStim: height = 25.0
287.9566 	EXP 	unnamed TextStim: height = 25.0
287.9566 	EXP 	unnamed TextStim: text = '↓'
289.4403 	DATA 	Keypress: down
289.5560 	EXP 	Created unnamed ImageStim = ImageStim(__class__=<class 'psychopy.visual.image.ImageStim'>, anchor=('center', 'center'), autoLog=True, color=array([1., 1., 1.]), colorSpace='rgb', contrast=1.0, depth=0, flipHoriz=False, flipVert=False, image='break.jpg', interpolate=True, mask=None, maskParams=None, name='unnamed ImageStim', opacity=1.0, ori=0.0, pos=array([0., 0.]), size=array([1536.,  864.]), texRes=128, units='pix', win=Window(...))
290.3611 	DATA 	Keypress: space
290.3713 	EXP 	unnamed TextStim: height = 25.0
290.3713 	EXP 	unnamed TextStim: height = 25.0
290.3713 	EXP 	unnamed TextStim: height = 25.0
290.3713 	EXP 	unnamed TextStim: text = '↑'
291.9007 	DATA 	Keypress: right
291.9019 	EXP 	unnamed TextStim: text = '↑'
293.7333 	DATA 	Keypress: down
293.7356 	EXP 	unnamed TextStim: height = 25.0
293.7356 	EXP 	unnamed TextStim: height = 25.0
293.7356 	EXP 	unnamed TextStim: height = 25.0
293.7356 	EXP 	unnamed TextStim: text = '←'
295.5771 	DATA 	Keypress: down
295.5783 	EXP 	unnamed TextStim: text = '←'
297.6093 	DATA 	Keypress: right
297.6105 	EXP 	unnamed TextStim: text = '←'
298.8843 	DATA 	Keypress: left
298.8864 	EXP 	unnamed TextStim: height = 25.0
298.8864 	EXP 	unnamed TextStim: height = 25.0
298.8864 	EXP 	unnamed TextStim: height = 25.0
298.8864 	EXP 	unnamed TextStim: text = '↑'
300.4931 	DATA 	Keypress: left
300.6180 	EXP 	Created unnamed ImageStim = ImageStim(__class__=<class 'psychopy.visual.image.ImageStim'>, anchor=('center', 'center'), autoLog=True, color=array([1., 1., 1.]), colorSpace='rgb', contrast=1.0, depth=0, flipHoriz=False, flipVert=False, image='break.jpg', interpolate=True, mask=None, maskParams=None, name='unnamed ImageStim', opacity=1.0, ori=0.0, pos=array([0., 0.]), size=array([1536.,  864.]), texRes=128, units='pix', win=Window(...))
301.4897 	DATA 	Keypress: space
301.5049 	EXP 	unnamed TextStim: height = 25.0
301.5049 	EXP 	unnamed TextStim: height = 25.0
301.5049 	EXP 	unnamed TextStim: height = 25.0
301.5049 	EXP 	unnamed TextStim: text = '↓'
303.8982 	DATA 	Keypress: down
303.9004 	EXP 	unnamed TextStim: height = 25.0
303.9004 	EXP 	unnamed TextStim: height = 25.0
303.9004 	EXP 	unnamed TextStim: height = 25.0
303.9004 	EXP 	unnamed TextStim: text = '→'
305.6578 	DATA 	Keypress: down
305.6613 	EXP 	unnamed TextStim: height = 25.0
305.6613 	EXP 	unnamed TextStim: height = 25.0
305.6613 	EXP 	unnamed TextStim: height = 25.0
305.6613 	EXP 	unnamed TextStim: text = '↓'
307.7243 	DATA 	Keypress: down
307.7255 	EXP 	unnamed TextStim: text = '↓'
309.8530 	DATA 	Keypress: left
309.8552 	EXP 	unnamed TextStim: height = 25.0
309.8552 	EXP 	unnamed TextStim: height = 25.0
309.8552 	EXP 	unnamed TextStim: height = 25.0
309.8552 	EXP 	unnamed TextStim: text = '→'
311.1585 	DATA 	Keypress: right
311.1605 	EXP 	unnamed TextStim: height = 25.0
311.1605 	EXP 	unnamed TextStim: height = 25.0
311.1605 	EXP 	unnamed TextStim: height = 25.0
311.1605 	EXP 	unnamed TextStim: text = '↓'
313.1444 	DATA 	Keypress: right
313.2597 	EXP 	Created unnamed ImageStim = ImageStim(__class__=<class 'psychopy.visual.image.ImageStim'>, anchor=('center', 'center'), autoLog=True, color=array([1., 1., 1.]), colorSpace='rgb', contrast=1.0, depth=0, flipHoriz=False, flipVert=False, image='break.jpg', interpolate=True, mask=None, maskParams=None, name='unnamed ImageStim', opacity=1.0, ori=0.0, pos=array([0., 0.]), size=array([1536.,  864.]), texRes=128, units='pix', win=Window(...))
314.3886 	DATA 	Keypress: space
314.4055 	EXP 	unnamed TextStim: text = '↓'
317.2061 	DATA 	No keypress (maxWait exceeded)
317.2083 	EXP 	unnamed TextStim: height = 25.0
317.2083 	EXP 	unnamed TextStim: height = 25.0
317.2083 	EXP 	unnamed TextStim: height = 25.0
317.2083 	EXP 	unnamed TextStim: text = '↑'
319.2999 	DATA 	Keypress: left
319.3021 	EXP 	unnamed TextStim: height = 25.0
319.3021 	EXP 	unnamed TextStim: height = 25.0
319.3021 	EXP 	unnamed TextStim: height = 25.0
319.3021 	EXP 	unnamed TextStim: text = '←'
320.8697 	DATA 	Keypress: left
320.8719 	EXP 	unnamed TextStim: height = 25.0
320.8719 	EXP 	unnamed TextStim: height = 25.0
320.8719 	EXP 	unnamed TextStim: height = 25.0
320.8719 	EXP 	unnamed TextStim: text = '↑'
322.1568 	DATA 	Keypress: up
322.1617 	EXP 	unnamed TextStim: height = 25.0
322.1617 	EXP 	unnamed TextStim: height = 25.0
322.1617 	EXP 	unnamed TextStim: height = 25.0
322.1617 	EXP 	unnamed TextStim: text = '←'
323.9164 	DATA 	Keypress: right
323.9185 	EXP 	unnamed TextStim: height = 25.0
323.9185 	EXP 	unnamed TextStim: height = 25.0
323.9185 	EXP 	unnamed TextStim: height = 25.0
323.9185 	EXP 	unnamed TextStim: text = '→'
325.3526 	DATA 	Keypress: right
325.4697 	EXP 	Created unnamed ImageStim = ImageStim(__class__=<class 'psychopy.visual.image.ImageStim'>, anchor=('center', 'center'), autoLog=True, color=array([1., 1., 1.]), colorSpace='rgb', contrast=1.0, depth=0, flipHoriz=False, flipVert=False, image='break.jpg', interpolate=True, mask=None, maskParams=None, name='unnamed ImageStim', opacity=1.0, ori=0.0, pos=array([0., 0.]), size=array([1536.,  864.]), texRes=128, units='pix', win=Window(...))
326.6156 	DATA 	Keypress: space
326.6225 	EXP 	unnamed TextStim: text = '→'
328.8853 	DATA 	Keypress: left
328.8875 	EXP 	unnamed TextStim: height = 25.0
328.8875 	EXP 	unnamed TextStim: height = 25.0
328.8875 	EXP 	unnamed TextStim: height = 25.0
328.8875 	EXP 	unnamed TextStim: text = '↑'
330.1237 	DATA 	Keypress: up
330.1398 	EXP 	unnamed TextStim: height = 25.0
330.1398 	EXP 	unnamed TextStim: height = 25.0
330.1398 	EXP 	unnamed TextStim: height = 25.0
330.1398 	EXP 	unnamed TextStim: text = '→'
331.3571 	DATA 	Keypress: right
331.3731 	EXP 	unnamed TextStim: height = 25.0
331.3731 	EXP 	unnamed TextStim: height = 25.0
331.3731 	EXP 	unnamed TextStim: height = 25.0
331.3731 	EXP 	unnamed TextStim: text = '↓'
332.7327 	DATA 	Keypress: down
332.7348 	EXP 	unnamed TextStim: height = 25.0
332.7348 	EXP 	unnamed TextStim: height = 25.0
332.7348 	EXP 	unnamed TextStim: height = 25.0
332.7348 	EXP 	unnamed TextStim: text = '↑'
334.2579 	DATA 	Keypress: down
334.2591 	EXP 	unnamed TextStim: text = '↑'
335.5415 	DATA 	Keypress: up
337.0568 	DATA 	No keypress (maxWait exceeded)
337.1717 	EXP 	Created unnamed ImageStim = ImageStim(__class__=<class 'psychopy.visual.image.ImageStim'>, anchor=('center', 'center'), autoLog=True, color=array([1., 1., 1.]), colorSpace='rgb', contrast=1.0, depth=0, flipHoriz=False, flipVert=False, image='break.jpg', interpolate=True, mask=None, maskParams=None, name='unnamed ImageStim', opacity=1.0, ori=0.0, pos=array([0., 0.]), size=array([1536.,  864.]), texRes=128, units='pix', win=Window(...))
360.5605 	DATA 	Keypress: space
360.5740 	EXP 	unnamed TextStim: text = '↑'
362.3046 	DATA 	Keypress: right
362.3069 	EXP 	unnamed TextStim: height = 25.0
362.3069 	EXP 	unnamed TextStim: height = 25.0
362.3069 	EXP 	unnamed TextStim: height = 25.0
362.3069 	EXP 	unnamed TextStim: text = '←'
363.4916 	DATA 	Keypress: left
363.5076 	EXP 	unnamed TextStim: height = 25.0
363.5076 	EXP 	unnamed TextStim: height = 25.0
363.5076 	EXP 	unnamed TextStim: height = 25.0
363.5076 	EXP 	unnamed TextStim: text = '↑'
364.7582 	DATA 	Keypress: up
364.7743 	EXP 	unnamed TextStim: height = 25.0
364.7743 	EXP 	unnamed TextStim: height = 25.0
364.7743 	EXP 	unnamed TextStim: height = 25.0
364.7743 	EXP 	unnamed TextStim: text = '→'
366.6325 	DATA 	Keypress: left
366.6348 	EXP 	unnamed TextStim: height = 25.0
366.6348 	EXP 	unnamed TextStim: height = 25.0
366.6348 	EXP 	unnamed TextStim: height = 25.0
366.6348 	EXP 	unnamed TextStim: text = '↓'
367.9084 	DATA 	Keypress: down
367.9244 	EXP 	unnamed TextStim: text = '↓'
369.2929 	DATA 	Keypress: down
369.4035 	EXP 	Created unnamed ImageStim = ImageStim(__class__=<class 'psychopy.visual.image.ImageStim'>, anchor=('center', 'center'), autoLog=True, color=array([1., 1., 1.]), colorSpace='rgb', contrast=1.0, depth=0, flipHoriz=False, flipVert=False, image='break.jpg', interpolate=True, mask=None, maskParams=None, name='unnamed ImageStim', opacity=1.0, ori=0.0, pos=array([0., 0.]), size=array([1536.,  864.]), texRes=128, units='pix', win=Window(...))
370.1300 	DATA 	Keypress: space
370.1511 	EXP 	Created unnamed TextStim = TextStim(__class__=<class 'psychopy.visual.text.TextStim'>, alignHoriz=method-wrapper(...), alignText='center', alignVert=method-wrapper(...), anchorHoriz='center', anchorVert='center', antialias=True, autoDraw=False, autoLog=True, bold=False, color=array([-1, -1, -1]), colorSpace='rgb', contrast=1.0, depth=0, flipHoriz=False, flipVert=False, font='', fontFiles=[], height=20.0, italic=False, languageStyle='LTR', name='unnamed TextStim', opacity=1.0, ori=0.0, pos=array([0., 0.]), rgb=UNKNOWN, text=str(...), units='pix', win=Window(...), wrapWidth=1536)
374.4374 	DATA 	Keypress: return
374.5438 	EXP 	window1: mouseVisible = True
