6.6452 	WARNING 	User requested fullscreen with size [1536  864], but screen is actually [1920, 1080]. Using actual size
8.1697 	INFO 	FRAME RATE: 60
8.1698 	INFO 	SCREEN RES: odict_values([1536, 864])
8.2271 	EXP 	Created unnamed TextStim = TextStim(__class__=<class 'psychopy.visual.text.TextStim'>, alignHoriz=method-wrapper(...), alignText='center', alignVert=method-wrapper(...), anchorHoriz='center', anchorVert='center', antialias=True, autoDraw=False, autoLog=True, bold=False, color=array([-1, -1, -1]), colorSpace='rgb', contrast=1.0, depth=0, flipHoriz=False, flipVert=False, font='', fontFiles=[], height=100.0, italic=False, languageStyle='LTR', name='unnamed TextStim', opacity=1.0, ori=0.0, pos=array([0., 0.]), rgb=UNKNOWN, text='+', units='pix', win=Window(...), wrapWidth=500)
8.2313 	EXP 	Created unnamed Circle = Circle(__class__=<class 'psychopy.visual.circle.Circle'>, anchor=('center', 'center'), autoDraw=False, autoLog=True, closeShape=True, color=method-wrapper(...), colorSpace='rgb', contrast=None, depth=0, fillColor=array([ 0.09019608, -1.        , -1.        ]), fillColorSpace='rgb', fillRGB=array([ 0.09019608, -1.        , -1.        ]), interpolate=True, lineColor=array([ 0.09019608, -1.        , -1.        ]), lineColorSpace='rgb', lineRGB=array([ 0.09019608, -1.        , -1.        ]), lineWidth=1.5, name='unnamed Circle', opacity=1.0, ori=0.0, pos=array([0., 0.]), size=array([1., 1.]), units='pix', vertices=ndarray(...), win=Window(...))
8.2327 	EXP 	Created unnamed TextStim = TextStim(__class__=<class 'psychopy.visual.text.TextStim'>, alignHoriz=method-wrapper(...), alignText='center', alignVert=method-wrapper(...), anchorHoriz='center', anchorVert='center', antialias=True, autoDraw=False, autoLog=True, bold=False, color=array([-0.17647059, -0.17647059, -0.17647059]), colorSpace='rgb', contrast=1.0, depth=0, flipHoriz=False, flipVert=False, font='', fontFiles=[], height=25, italic=False, languageStyle='LTR', name='unnamed TextStim', opacity=1.0, ori=0.0, pos=array([0., 0.]), rgb=UNKNOWN, text='', units='pix', win=Window(...), wrapWidth=500)
8.2424 	EXP 	Created unnamed ImageStim = ImageStim(__class__=<class 'psychopy.visual.image.ImageStim'>, anchor=('center', 'center'), autoLog=True, color=array([1., 1., 1.]), colorSpace='rgb', contrast=1.0, depth=0, flipHoriz=False, flipVert=False, image='mask4.png', interpolate=False, mask=None, maskParams=None, name='unnamed ImageStim', opacity=1.0, ori=0.0, pos=array([0., 0.]), size=array([25., 25.]), texRes=128, units='pix', win=Window(...))
8.2510 	EXP 	Created unnamed TextStim = TextStim(__class__=<class 'psychopy.visual.text.TextStim'>, alignHoriz=method-wrapper(...), alignText='center', alignVert=method-wrapper(...), anchorHoriz='center', anchorVert='center', antialias=True, autoDraw=False, autoLog=True, bold=False, color=array([-1, -1, -1]), colorSpace='rgb', contrast=1.0, depth=0, flipHoriz=False, flipVert=False, font='', fontFiles=[], height=30.0, italic=False, languageStyle='LTR', name='unnamed TextStim', opacity=1.0, ori=0.0, pos=array([ 100., -300.]), rgb=UNKNOWN, text=str(...), units='pix', win=Window(...), wrapWidth=10000)
8.2626 	EXP 	Created unnamed TextStim = TextStim(__class__=<class 'psychopy.visual.text.TextStim'>, alignHoriz=method-wrapper(...), alignText='center', alignVert=method-wrapper(...), anchorHoriz='center', anchorVert='center', antialias=True, autoDraw=False, autoLog=True, bold=False, color=array([-1, -1, -1]), colorSpace='rgb', contrast=1.0, depth=0, flipHoriz=False, flipVert=False, font='', fontFiles=[], height=30.0, italic=False, languageStyle='LTR', name='unnamed TextStim', opacity=1.0, ori=0.0, pos=array([ 100., -330.]), rgb=UNKNOWN, text=str(...), units='pix', win=Window(...), wrapWidth=10000)
8.2981 	EXP 	Created unnamed TextStim = TextStim(__class__=<class 'psychopy.visual.text.TextStim'>, alignHoriz=method-wrapper(...), alignText='center', alignVert=method-wrapper(...), anchorHoriz='center', anchorVert='center', antialias=True, autoDraw=False, autoLog=True, bold=False, color=array([-1, -1, -1]), colorSpace='rgb', contrast=1.0, depth=0, flipHoriz=False, flipVert=False, font='', fontFiles=[], height=20.0, italic=False, languageStyle='LTR', name='unnamed TextStim', opacity=1.0, ori=0.0, pos=array([0., 0.]), rgb=UNKNOWN, text=str(...), units='pix', win=Window(...), wrapWidth=1536)
28.5725 	DATA 	Keypress: space
28.5831 	EXP 	unnamed TextStim: height = 25.0
28.5831 	EXP 	unnamed TextStim: height = 25.0
28.5831 	EXP 	unnamed TextStim: height = 25.0
28.5831 	EXP 	unnamed TextStim: text = '↑'
31.1551 	DATA 	Keypress: up
31.1643 	EXP 	Created unnamed TextStim = TextStim(__class__=<class 'psychopy.visual.text.TextStim'>, alignHoriz=method-wrapper(...), alignText='center', alignVert=method-wrapper(...), anchorHoriz='center', anchorVert='center', antialias=True, autoDraw=False, autoLog=True, bold=False, color=array([-1, -1, -1]), colorSpace='rgb', contrast=1.0, depth=0, flipHoriz=False, flipVert=False, font='', fontFiles=[], height=50.0, italic=False, languageStyle='LTR', name='unnamed TextStim', opacity=1.0, ori=0.0, pos=array([0., 0.]), rgb=UNKNOWN, text='Poprawnie', units='pix', win=Window(...), wrapWidth=500)
32.1835 	EXP 	unnamed TextStim: height = 25.0
32.1835 	EXP 	unnamed TextStim: height = 25.0
32.1835 	EXP 	unnamed TextStim: height = 25.0
32.1835 	EXP 	unnamed TextStim: text = '↓'
35.1505 	DATA 	No keypress (maxWait exceeded)
35.1539 	EXP 	Created unnamed TextStim = TextStim(__class__=<class 'psychopy.visual.text.TextStim'>, alignHoriz=method-wrapper(...), alignText='center', alignVert=method-wrapper(...), anchorHoriz='center', anchorVert='center', antialias=True, autoDraw=False, autoLog=True, bold=False, color=array([-1, -1, -1]), colorSpace='rgb', contrast=1.0, depth=0, flipHoriz=False, flipVert=False, font='', fontFiles=[], height=50.0, italic=False, languageStyle='LTR', name='unnamed TextStim', opacity=1.0, ori=0.0, pos=array([0., 0.]), rgb=UNKNOWN, text='Niepoprawnie', units='pix', win=Window(...), wrapWidth=500)
36.1668 	EXP 	unnamed TextStim: text = '↓'
38.1522 	DATA 	Keypress: down
38.1542 	EXP 	Created unnamed TextStim = TextStim(__class__=<class 'psychopy.visual.text.TextStim'>, alignHoriz=method-wrapper(...), alignText='center', alignVert=method-wrapper(...), anchorHoriz='center', anchorVert='center', antialias=True, autoDraw=False, autoLog=True, bold=False, color=array([-1, -1, -1]), colorSpace='rgb', contrast=1.0, depth=0, flipHoriz=False, flipVert=False, font='', fontFiles=[], height=50.0, italic=False, languageStyle='LTR', name='unnamed TextStim', opacity=1.0, ori=0.0, pos=array([0., 0.]), rgb=UNKNOWN, text='Poprawnie', units='pix', win=Window(...), wrapWidth=500)
39.1670 	EXP 	unnamed TextStim: height = 25.0
39.1670 	EXP 	unnamed TextStim: height = 25.0
39.1670 	EXP 	unnamed TextStim: height = 25.0
39.1670 	EXP 	unnamed TextStim: text = '→'
40.9658 	DATA 	Keypress: right
40.9682 	EXP 	Created unnamed TextStim = TextStim(__class__=<class 'psychopy.visual.text.TextStim'>, alignHoriz=method-wrapper(...), alignText='center', alignVert=method-wrapper(...), anchorHoriz='center', anchorVert='center', antialias=True, autoDraw=False, autoLog=True, bold=False, color=array([-1, -1, -1]), colorSpace='rgb', contrast=1.0, depth=0, flipHoriz=False, flipVert=False, font='', fontFiles=[], height=50.0, italic=False, languageStyle='LTR', name='unnamed TextStim', opacity=1.0, ori=0.0, pos=array([0., 0.]), rgb=UNKNOWN, text='Poprawnie', units='pix', win=Window(...), wrapWidth=500)
41.9838 	EXP 	unnamed TextStim: height = 25.0
41.9838 	EXP 	unnamed TextStim: height = 25.0
41.9838 	EXP 	unnamed TextStim: height = 25.0
41.9838 	EXP 	unnamed TextStim: text = '↑'
43.6943 	DATA 	Keypress: up
43.6964 	EXP 	Created unnamed TextStim = TextStim(__class__=<class 'psychopy.visual.text.TextStim'>, alignHoriz=method-wrapper(...), alignText='center', alignVert=method-wrapper(...), anchorHoriz='center', anchorVert='center', antialias=True, autoDraw=False, autoLog=True, bold=False, color=array([-1, -1, -1]), colorSpace='rgb', contrast=1.0, depth=0, flipHoriz=False, flipVert=False, font='', fontFiles=[], height=50.0, italic=False, languageStyle='LTR', name='unnamed TextStim', opacity=1.0, ori=0.0, pos=array([0., 0.]), rgb=UNKNOWN, text='Poprawnie', units='pix', win=Window(...), wrapWidth=500)
44.7025 	EXP 	unnamed TextStim: height = 25.0
44.7025 	EXP 	unnamed TextStim: height = 25.0
44.7025 	EXP 	unnamed TextStim: height = 25.0
44.7025 	EXP 	unnamed TextStim: text = '←'
46.4115 	DATA 	Keypress: left
46.4139 	EXP 	Created unnamed TextStim = TextStim(__class__=<class 'psychopy.visual.text.TextStim'>, alignHoriz=method-wrapper(...), alignText='center', alignVert=method-wrapper(...), anchorHoriz='center', anchorVert='center', antialias=True, autoDraw=False, autoLog=True, bold=False, color=array([-1, -1, -1]), colorSpace='rgb', contrast=1.0, depth=0, flipHoriz=False, flipVert=False, font='', fontFiles=[], height=50.0, italic=False, languageStyle='LTR', name='unnamed TextStim', opacity=1.0, ori=0.0, pos=array([0., 0.]), rgb=UNKNOWN, text='Poprawnie', units='pix', win=Window(...), wrapWidth=500)
47.4341 	EXP 	unnamed TextStim: height = 25.0
47.4341 	EXP 	unnamed TextStim: height = 25.0
47.4341 	EXP 	unnamed TextStim: height = 25.0
47.4341 	EXP 	unnamed TextStim: text = '→'
48.8859 	DATA 	Keypress: right
50.4010 	DATA 	No keypress (maxWait exceeded)
50.4035 	EXP 	Created unnamed TextStim = TextStim(__class__=<class 'psychopy.visual.text.TextStim'>, alignHoriz=method-wrapper(...), alignText='center', alignVert=method-wrapper(...), anchorHoriz='center', anchorVert='center', antialias=True, autoDraw=False, autoLog=True, bold=False, color=array([-1, -1, -1]), colorSpace='rgb', contrast=1.0, depth=0, flipHoriz=False, flipVert=False, font='', fontFiles=[], height=50.0, italic=False, languageStyle='LTR', name='unnamed TextStim', opacity=1.0, ori=0.0, pos=array([0., 0.]), rgb=UNKNOWN, text='Niepoprawnie', units='pix', win=Window(...), wrapWidth=500)
51.4175 	EXP 	unnamed TextStim: text = '→'
52.7513 	DATA 	Keypress: right
52.7561 	EXP 	Created unnamed TextStim = TextStim(__class__=<class 'psychopy.visual.text.TextStim'>, alignHoriz=method-wrapper(...), alignText='center', alignVert=method-wrapper(...), anchorHoriz='center', anchorVert='center', antialias=True, autoDraw=False, autoLog=True, bold=False, color=array([-1, -1, -1]), colorSpace='rgb', contrast=1.0, depth=0, flipHoriz=False, flipVert=False, font='', fontFiles=[], height=50.0, italic=False, languageStyle='LTR', name='unnamed TextStim', opacity=1.0, ori=0.0, pos=array([0., 0.]), rgb=UNKNOWN, text='Poprawnie', units='pix', win=Window(...), wrapWidth=500)
53.7843 	EXP 	unnamed TextStim: text = '→'
55.2928 	DATA 	Keypress: right
55.2946 	EXP 	Created unnamed TextStim = TextStim(__class__=<class 'psychopy.visual.text.TextStim'>, alignHoriz=method-wrapper(...), alignText='center', alignVert=method-wrapper(...), anchorHoriz='center', anchorVert='center', antialias=True, autoDraw=False, autoLog=True, bold=False, color=array([-1, -1, -1]), colorSpace='rgb', contrast=1.0, depth=0, flipHoriz=False, flipVert=False, font='', fontFiles=[], height=50.0, italic=False, languageStyle='LTR', name='unnamed TextStim', opacity=1.0, ori=0.0, pos=array([0., 0.]), rgb=UNKNOWN, text='Poprawnie', units='pix', win=Window(...), wrapWidth=500)
56.3176 	EXP 	unnamed TextStim: height = 25.0
56.3176 	EXP 	unnamed TextStim: height = 25.0
56.3176 	EXP 	unnamed TextStim: height = 25.0
56.3176 	EXP 	unnamed TextStim: text = '↑'
58.0998 	DATA 	Keypress: up
58.1025 	EXP 	Created unnamed TextStim = TextStim(__class__=<class 'psychopy.visual.text.TextStim'>, alignHoriz=method-wrapper(...), alignText='center', alignVert=method-wrapper(...), anchorHoriz='center', anchorVert='center', antialias=True, autoDraw=False, autoLog=True, bold=False, color=array([-1, -1, -1]), colorSpace='rgb', contrast=1.0, depth=0, flipHoriz=False, flipVert=False, font='', fontFiles=[], height=50.0, italic=False, languageStyle='LTR', name='unnamed TextStim', opacity=1.0, ori=0.0, pos=array([0., 0.]), rgb=UNKNOWN, text='Poprawnie', units='pix', win=Window(...), wrapWidth=500)
59.1178 	EXP 	unnamed TextStim: height = 25.0
59.1178 	EXP 	unnamed TextStim: height = 25.0
59.1178 	EXP 	unnamed TextStim: height = 25.0
59.1178 	EXP 	unnamed TextStim: text = '←'
60.6091 	DATA 	Keypress: right
60.6116 	EXP 	Created unnamed TextStim = TextStim(__class__=<class 'psychopy.visual.text.TextStim'>, alignHoriz=method-wrapper(...), alignText='center', alignVert=method-wrapper(...), anchorHoriz='center', anchorVert='center', antialias=True, autoDraw=False, autoLog=True, bold=False, color=array([-1, -1, -1]), colorSpace='rgb', contrast=1.0, depth=0, flipHoriz=False, flipVert=False, font='', fontFiles=[], height=50.0, italic=False, languageStyle='LTR', name='unnamed TextStim', opacity=1.0, ori=0.0, pos=array([0., 0.]), rgb=UNKNOWN, text='Niepoprawnie', units='pix', win=Window(...), wrapWidth=500)
61.6179 	EXP 	unnamed TextStim: height = 25.0
61.6179 	EXP 	unnamed TextStim: height = 25.0
61.6179 	EXP 	unnamed TextStim: height = 25.0
61.6179 	EXP 	unnamed TextStim: text = '↓'
63.3213 	DATA 	Keypress: down
63.3233 	EXP 	Created unnamed TextStim = TextStim(__class__=<class 'psychopy.visual.text.TextStim'>, alignHoriz=method-wrapper(...), alignText='center', alignVert=method-wrapper(...), anchorHoriz='center', anchorVert='center', antialias=True, autoDraw=False, autoLog=True, bold=False, color=array([-1, -1, -1]), colorSpace='rgb', contrast=1.0, depth=0, flipHoriz=False, flipVert=False, font='', fontFiles=[], height=50.0, italic=False, languageStyle='LTR', name='unnamed TextStim', opacity=1.0, ori=0.0, pos=array([0., 0.]), rgb=UNKNOWN, text='Poprawnie', units='pix', win=Window(...), wrapWidth=500)
64.3346 	EXP 	unnamed TextStim: height = 25.0
64.3346 	EXP 	unnamed TextStim: height = 25.0
64.3346 	EXP 	unnamed TextStim: height = 25.0
64.3346 	EXP 	unnamed TextStim: text = '←'
65.6186 	DATA 	Keypress: left
65.6238 	EXP 	Created unnamed TextStim = TextStim(__class__=<class 'psychopy.visual.text.TextStim'>, alignHoriz=method-wrapper(...), alignText='center', alignVert=method-wrapper(...), anchorHoriz='center', anchorVert='center', antialias=True, autoDraw=False, autoLog=True, bold=False, color=array([-1, -1, -1]), colorSpace='rgb', contrast=1.0, depth=0, flipHoriz=False, flipVert=False, font='', fontFiles=[], height=50.0, italic=False, languageStyle='LTR', name='unnamed TextStim', opacity=1.0, ori=0.0, pos=array([0., 0.]), rgb=UNKNOWN, text='Poprawnie', units='pix', win=Window(...), wrapWidth=500)
66.6514 	EXP 	unnamed TextStim: height = 25.0
66.6514 	EXP 	unnamed TextStim: height = 25.0
66.6514 	EXP 	unnamed TextStim: height = 25.0
66.6514 	EXP 	unnamed TextStim: text = '→'
68.0354 	DATA 	Keypress: right
68.0404 	EXP 	Created unnamed TextStim = TextStim(__class__=<class 'psychopy.visual.text.TextStim'>, alignHoriz=method-wrapper(...), alignText='center', alignVert=method-wrapper(...), anchorHoriz='center', anchorVert='center', antialias=True, autoDraw=False, autoLog=True, bold=False, color=array([-1, -1, -1]), colorSpace='rgb', contrast=1.0, depth=0, flipHoriz=False, flipVert=False, font='', fontFiles=[], height=50.0, italic=False, languageStyle='LTR', name='unnamed TextStim', opacity=1.0, ori=0.0, pos=array([0., 0.]), rgb=UNKNOWN, text='Poprawnie', units='pix', win=Window(...), wrapWidth=500)
69.0682 	EXP 	unnamed TextStim: text = '→'
70.3196 	DATA 	Keypress: right
70.3570 	EXP 	Created unnamed TextStim = TextStim(__class__=<class 'psychopy.visual.text.TextStim'>, alignHoriz=method-wrapper(...), alignText='center', alignVert=method-wrapper(...), anchorHoriz='center', anchorVert='center', antialias=True, autoDraw=False, autoLog=True, bold=False, color=array([-1, -1, -1]), colorSpace='rgb', contrast=1.0, depth=0, flipHoriz=False, flipVert=False, font='', fontFiles=[], height=50.0, italic=False, languageStyle='LTR', name='unnamed TextStim', opacity=1.0, ori=0.0, pos=array([0., 0.]), rgb=UNKNOWN, text='Poprawnie', units='pix', win=Window(...), wrapWidth=500)
71.4020 	EXP 	Created unnamed TextStim = TextStim(__class__=<class 'psychopy.visual.text.TextStim'>, alignHoriz=method-wrapper(...), alignText='center', alignVert=method-wrapper(...), anchorHoriz='center', anchorVert='center', antialias=True, autoDraw=False, autoLog=True, bold=False, color=array([-1, -1, -1]), colorSpace='rgb', contrast=1.0, depth=0, flipHoriz=False, flipVert=False, font='', fontFiles=[], height=20.0, italic=False, languageStyle='LTR', name='unnamed TextStim', opacity=1.0, ori=0.0, pos=array([0., 0.]), rgb=UNKNOWN, text=str(...), units='pix', win=Window(...), wrapWidth=1536)
85.1329 	DATA 	Keypress: space
85.1391 	EXP 	unnamed TextStim: height = 25.0
85.1391 	EXP 	unnamed TextStim: height = 25.0
85.1391 	EXP 	unnamed TextStim: height = 25.0
85.1391 	EXP 	unnamed TextStim: text = '↓'
86.5713 	DATA 	Keypress: down
86.5776 	EXP 	Created unnamed TextStim = TextStim(__class__=<class 'psychopy.visual.text.TextStim'>, alignHoriz=method-wrapper(...), alignText='center', alignVert=method-wrapper(...), anchorHoriz='center', anchorVert='center', antialias=True, autoDraw=False, autoLog=True, bold=False, color=array([-1, -1, -1]), colorSpace='rgb', contrast=1.0, depth=0, flipHoriz=False, flipVert=False, font='', fontFiles=[], height=50.0, italic=False, languageStyle='LTR', name='unnamed TextStim', opacity=1.0, ori=0.0, pos=array([0., 0.]), rgb=UNKNOWN, text='Poprawnie', units='pix', win=Window(...), wrapWidth=500)
87.5854 	EXP 	unnamed TextStim: text = '↓'
89.3373 	DATA 	Keypress: up
89.3403 	EXP 	Created unnamed TextStim = TextStim(__class__=<class 'psychopy.visual.text.TextStim'>, alignHoriz=method-wrapper(...), alignText='center', alignVert=method-wrapper(...), anchorHoriz='center', anchorVert='center', antialias=True, autoDraw=False, autoLog=True, bold=False, color=array([-1, -1, -1]), colorSpace='rgb', contrast=1.0, depth=0, flipHoriz=False, flipVert=False, font='', fontFiles=[], height=50.0, italic=False, languageStyle='LTR', name='unnamed TextStim', opacity=1.0, ori=0.0, pos=array([0., 0.]), rgb=UNKNOWN, text='Niepoprawnie', units='pix', win=Window(...), wrapWidth=500)
90.3523 	EXP 	unnamed TextStim: height = 25.0
90.3523 	EXP 	unnamed TextStim: height = 25.0
90.3523 	EXP 	unnamed TextStim: height = 25.0
90.3523 	EXP 	unnamed TextStim: text = '→'
92.1521 	DATA 	Keypress: right
92.1541 	EXP 	Created unnamed TextStim = TextStim(__class__=<class 'psychopy.visual.text.TextStim'>, alignHoriz=method-wrapper(...), alignText='center', alignVert=method-wrapper(...), anchorHoriz='center', anchorVert='center', antialias=True, autoDraw=False, autoLog=True, bold=False, color=array([-1, -1, -1]), colorSpace='rgb', contrast=1.0, depth=0, flipHoriz=False, flipVert=False, font='', fontFiles=[], height=50.0, italic=False, languageStyle='LTR', name='unnamed TextStim', opacity=1.0, ori=0.0, pos=array([0., 0.]), rgb=UNKNOWN, text='Poprawnie', units='pix', win=Window(...), wrapWidth=500)
93.1691 	EXP 	unnamed TextStim: text = '→'
94.5372 	DATA 	Keypress: right
94.5390 	EXP 	Created unnamed TextStim = TextStim(__class__=<class 'psychopy.visual.text.TextStim'>, alignHoriz=method-wrapper(...), alignText='center', alignVert=method-wrapper(...), anchorHoriz='center', anchorVert='center', antialias=True, autoDraw=False, autoLog=True, bold=False, color=array([-1, -1, -1]), colorSpace='rgb', contrast=1.0, depth=0, flipHoriz=False, flipVert=False, font='', fontFiles=[], height=50.0, italic=False, languageStyle='LTR', name='unnamed TextStim', opacity=1.0, ori=0.0, pos=array([0., 0.]), rgb=UNKNOWN, text='Poprawnie', units='pix', win=Window(...), wrapWidth=500)
95.5526 	EXP 	unnamed TextStim: height = 25.0
95.5526 	EXP 	unnamed TextStim: height = 25.0
95.5526 	EXP 	unnamed TextStim: height = 25.0
95.5526 	EXP 	unnamed TextStim: text = '↓'
97.2319 	DATA 	Keypress: down
97.2339 	EXP 	Created unnamed TextStim = TextStim(__class__=<class 'psychopy.visual.text.TextStim'>, alignHoriz=method-wrapper(...), alignText='center', alignVert=method-wrapper(...), anchorHoriz='center', anchorVert='center', antialias=True, autoDraw=False, autoLog=True, bold=False, color=array([-1, -1, -1]), colorSpace='rgb', contrast=1.0, depth=0, flipHoriz=False, flipVert=False, font='', fontFiles=[], height=50.0, italic=False, languageStyle='LTR', name='unnamed TextStim', opacity=1.0, ori=0.0, pos=array([0., 0.]), rgb=UNKNOWN, text='Poprawnie', units='pix', win=Window(...), wrapWidth=500)
98.2527 	EXP 	unnamed TextStim: text = '↓'
99.7651 	DATA 	Keypress: down
99.7670 	EXP 	Created unnamed TextStim = TextStim(__class__=<class 'psychopy.visual.text.TextStim'>, alignHoriz=method-wrapper(...), alignText='center', alignVert=method-wrapper(...), anchorHoriz='center', anchorVert='center', antialias=True, autoDraw=False, autoLog=True, bold=False, color=array([-1, -1, -1]), colorSpace='rgb', contrast=1.0, depth=0, flipHoriz=False, flipVert=False, font='', fontFiles=[], height=50.0, italic=False, languageStyle='LTR', name='unnamed TextStim', opacity=1.0, ori=0.0, pos=array([0., 0.]), rgb=UNKNOWN, text='Poprawnie', units='pix', win=Window(...), wrapWidth=500)
100.7860 	EXP 	unnamed TextStim: height = 25.0
100.7860 	EXP 	unnamed TextStim: height = 25.0
100.7860 	EXP 	unnamed TextStim: height = 25.0
100.7860 	EXP 	unnamed TextStim: text = '→'
102.3037 	DATA 	Keypress: right
102.3061 	EXP 	Created unnamed TextStim = TextStim(__class__=<class 'psychopy.visual.text.TextStim'>, alignHoriz=method-wrapper(...), alignText='center', alignVert=method-wrapper(...), anchorHoriz='center', anchorVert='center', antialias=True, autoDraw=False, autoLog=True, bold=False, color=array([-1, -1, -1]), colorSpace='rgb', contrast=1.0, depth=0, flipHoriz=False, flipVert=False, font='', fontFiles=[], height=50.0, italic=False, languageStyle='LTR', name='unnamed TextStim', opacity=1.0, ori=0.0, pos=array([0., 0.]), rgb=UNKNOWN, text='Poprawnie', units='pix', win=Window(...), wrapWidth=500)
103.3195 	EXP 	unnamed TextStim: height = 25.0
103.3195 	EXP 	unnamed TextStim: height = 25.0
103.3195 	EXP 	unnamed TextStim: height = 25.0
103.3195 	EXP 	unnamed TextStim: text = '↑'
105.0682 	DATA 	Keypress: down
105.0707 	EXP 	Created unnamed TextStim = TextStim(__class__=<class 'psychopy.visual.text.TextStim'>, alignHoriz=method-wrapper(...), alignText='center', alignVert=method-wrapper(...), anchorHoriz='center', anchorVert='center', antialias=True, autoDraw=False, autoLog=True, bold=False, color=array([-1, -1, -1]), colorSpace='rgb', contrast=1.0, depth=0, flipHoriz=False, flipVert=False, font='', fontFiles=[], height=50.0, italic=False, languageStyle='LTR', name='unnamed TextStim', opacity=1.0, ori=0.0, pos=array([0., 0.]), rgb=UNKNOWN, text='Niepoprawnie', units='pix', win=Window(...), wrapWidth=500)
105.8729 	DATA 	Keypress: up
106.1364 	EXP 	unnamed TextStim: height = 25.0
106.1364 	EXP 	unnamed TextStim: height = 25.0
106.1364 	EXP 	unnamed TextStim: height = 25.0
106.1364 	EXP 	unnamed TextStim: text = '→'
108.4462 	DATA 	Keypress: right
108.4481 	EXP 	Created unnamed TextStim = TextStim(__class__=<class 'psychopy.visual.text.TextStim'>, alignHoriz=method-wrapper(...), alignText='center', alignVert=method-wrapper(...), anchorHoriz='center', anchorVert='center', antialias=True, autoDraw=False, autoLog=True, bold=False, color=array([-1, -1, -1]), colorSpace='rgb', contrast=1.0, depth=0, flipHoriz=False, flipVert=False, font='', fontFiles=[], height=50.0, italic=False, languageStyle='LTR', name='unnamed TextStim', opacity=1.0, ori=0.0, pos=array([0., 0.]), rgb=UNKNOWN, text='Poprawnie', units='pix', win=Window(...), wrapWidth=500)
109.4549 	EXP 	unnamed TextStim: height = 25.0
109.4549 	EXP 	unnamed TextStim: height = 25.0
109.4549 	EXP 	unnamed TextStim: height = 25.0
109.4549 	EXP 	unnamed TextStim: text = '←'
110.9368 	DATA 	Keypress: left
110.9390 	EXP 	Created unnamed TextStim = TextStim(__class__=<class 'psychopy.visual.text.TextStim'>, alignHoriz=method-wrapper(...), alignText='center', alignVert=method-wrapper(...), anchorHoriz='center', anchorVert='center', antialias=True, autoDraw=False, autoLog=True, bold=False, color=array([-1, -1, -1]), colorSpace='rgb', contrast=1.0, depth=0, flipHoriz=False, flipVert=False, font='', fontFiles=[], height=50.0, italic=False, languageStyle='LTR', name='unnamed TextStim', opacity=1.0, ori=0.0, pos=array([0., 0.]), rgb=UNKNOWN, text='Poprawnie', units='pix', win=Window(...), wrapWidth=500)
111.9683 	EXP 	Created unnamed TextStim = TextStim(__class__=<class 'psychopy.visual.text.TextStim'>, alignHoriz=method-wrapper(...), alignText='center', alignVert=method-wrapper(...), anchorHoriz='center', anchorVert='center', antialias=True, autoDraw=False, autoLog=True, bold=False, color=array([-1, -1, -1]), colorSpace='rgb', contrast=1.0, depth=0, flipHoriz=False, flipVert=False, font='', fontFiles=[], height=20.0, italic=False, languageStyle='LTR', name='unnamed TextStim', opacity=1.0, ori=0.0, pos=array([0., 0.]), rgb=UNKNOWN, text=str(...), units='pix', win=Window(...), wrapWidth=1536)
125.0011 	DATA 	Keypress: lalt
126.6215 	DATA 	Keypress: space
126.6371 	EXP 	unnamed TextStim: text = '←'
128.0113 	DATA 	Keypress: left
128.0163 	EXP 	unnamed TextStim: height = 25.0
128.0163 	EXP 	unnamed TextStim: height = 25.0
128.0163 	EXP 	unnamed TextStim: height = 25.0
128.0163 	EXP 	unnamed TextStim: text = '↑'
129.6488 	DATA 	Keypress: left
129.6526 	EXP 	unnamed TextStim: height = 25.0
129.6526 	EXP 	unnamed TextStim: height = 25.0
129.6526 	EXP 	unnamed TextStim: height = 25.0
129.6526 	EXP 	unnamed TextStim: text = '↓'
131.4843 	DATA 	Keypress: down
131.4877 	EXP 	unnamed TextStim: height = 25.0
131.4877 	EXP 	unnamed TextStim: height = 25.0
131.4877 	EXP 	unnamed TextStim: height = 25.0
131.4877 	EXP 	unnamed TextStim: text = '→'
133.5729 	DATA 	Keypress: down
133.5763 	EXP 	unnamed TextStim: height = 25.0
133.5763 	EXP 	unnamed TextStim: height = 25.0
133.5763 	EXP 	unnamed TextStim: height = 25.0
133.5763 	EXP 	unnamed TextStim: text = '←'
135.3165 	DATA 	Keypress: left
135.3182 	EXP 	unnamed TextStim: text = '←'
136.7945 	DATA 	Keypress: right
136.9600 	EXP 	Created unnamed ImageStim = ImageStim(__class__=<class 'psychopy.visual.image.ImageStim'>, anchor=('center', 'center'), autoLog=True, color=array([1., 1., 1.]), colorSpace='rgb', contrast=1.0, depth=0, flipHoriz=False, flipVert=False, image='break.jpg', interpolate=True, mask=None, maskParams=None, name='unnamed ImageStim', opacity=1.0, ori=0.0, pos=array([0., 0.]), size=array([1536.,  864.]), texRes=128, units='pix', win=Window(...))
145.6212 	DATA 	Keypress: space
145.6378 	EXP 	unnamed TextStim: text = '←'
147.0447 	DATA 	Keypress: left
147.0473 	EXP 	unnamed TextStim: height = 25.0
147.0473 	EXP 	unnamed TextStim: height = 25.0
147.0473 	EXP 	unnamed TextStim: height = 25.0
147.0473 	EXP 	unnamed TextStim: text = '→'
148.3947 	DATA 	Keypress: right
148.3974 	EXP 	unnamed TextStim: height = 25.0
148.3974 	EXP 	unnamed TextStim: height = 25.0
148.3974 	EXP 	unnamed TextStim: height = 25.0
148.3974 	EXP 	unnamed TextStim: text = '←'
149.9594 	DATA 	Keypress: right
149.9629 	EXP 	unnamed TextStim: text = '←'
151.6104 	DATA 	Keypress: left
151.6131 	EXP 	unnamed TextStim: height = 25.0
151.6131 	EXP 	unnamed TextStim: height = 25.0
151.6131 	EXP 	unnamed TextStim: height = 25.0
151.6131 	EXP 	unnamed TextStim: text = '↓'
153.2349 	DATA 	Keypress: down
153.2380 	EXP 	unnamed TextStim: height = 25.0
153.2380 	EXP 	unnamed TextStim: height = 25.0
153.2380 	EXP 	unnamed TextStim: height = 25.0
153.2380 	EXP 	unnamed TextStim: text = '↑'
154.8897 	DATA 	Keypress: up
155.0196 	EXP 	Created unnamed ImageStim = ImageStim(__class__=<class 'psychopy.visual.image.ImageStim'>, anchor=('center', 'center'), autoLog=True, color=array([1., 1., 1.]), colorSpace='rgb', contrast=1.0, depth=0, flipHoriz=False, flipVert=False, image='break.jpg', interpolate=True, mask=None, maskParams=None, name='unnamed ImageStim', opacity=1.0, ori=0.0, pos=array([0., 0.]), size=array([1536.,  864.]), texRes=128, units='pix', win=Window(...))
160.6102 	DATA 	Keypress: space
160.6218 	EXP 	unnamed TextStim: height = 25.0
160.6218 	EXP 	unnamed TextStim: height = 25.0
160.6218 	EXP 	unnamed TextStim: height = 25.0
160.6218 	EXP 	unnamed TextStim: text = '↓'
162.0260 	DATA 	Keypress: down
162.0277 	EXP 	unnamed TextStim: text = '↓'
163.5181 	DATA 	Keypress: down
163.5208 	EXP 	unnamed TextStim: height = 25.0
163.5208 	EXP 	unnamed TextStim: height = 25.0
163.5208 	EXP 	unnamed TextStim: height = 25.0
163.5208 	EXP 	unnamed TextStim: text = '←'
165.0150 	DATA 	Keypress: left
165.0175 	EXP 	unnamed TextStim: height = 25.0
165.0175 	EXP 	unnamed TextStim: height = 25.0
165.0175 	EXP 	unnamed TextStim: height = 25.0
165.0175 	EXP 	unnamed TextStim: text = '↑'
166.8082 	DATA 	Keypress: up
166.8100 	EXP 	unnamed TextStim: text = '↑'
169.5723 	DATA 	No keypress (maxWait exceeded)
169.5740 	EXP 	unnamed TextStim: text = '↑'
171.0992 	DATA 	Keypress: up
171.2654 	EXP 	Created unnamed ImageStim = ImageStim(__class__=<class 'psychopy.visual.image.ImageStim'>, anchor=('center', 'center'), autoLog=True, color=array([1., 1., 1.]), colorSpace='rgb', contrast=1.0, depth=0, flipHoriz=False, flipVert=False, image='break.jpg', interpolate=True, mask=None, maskParams=None, name='unnamed ImageStim', opacity=1.0, ori=0.0, pos=array([0., 0.]), size=array([1536.,  864.]), texRes=128, units='pix', win=Window(...))
177.4725 	DATA 	Keypress: space
177.4889 	EXP 	unnamed TextStim: text = '↑'
179.0143 	DATA 	Keypress: down
179.0221 	EXP 	unnamed TextStim: height = 25.0
179.0221 	EXP 	unnamed TextStim: height = 25.0
179.0221 	EXP 	unnamed TextStim: height = 25.0
179.0221 	EXP 	unnamed TextStim: text = '→'
181.0482 	DATA 	Keypress: down
181.0501 	EXP 	unnamed TextStim: text = '→'
182.3711 	DATA 	Keypress: right
182.3738 	EXP 	unnamed TextStim: height = 25.0
182.3738 	EXP 	unnamed TextStim: height = 25.0
182.3738 	EXP 	unnamed TextStim: height = 25.0
182.3738 	EXP 	unnamed TextStim: text = '←'
184.0873 	DATA 	Keypress: left
184.0902 	EXP 	unnamed TextStim: height = 25.0
184.0902 	EXP 	unnamed TextStim: height = 25.0
184.0902 	EXP 	unnamed TextStim: height = 25.0
184.0902 	EXP 	unnamed TextStim: text = '↑'
185.8461 	DATA 	Keypress: up
185.8488 	EXP 	unnamed TextStim: height = 25.0
185.8488 	EXP 	unnamed TextStim: height = 25.0
185.8488 	EXP 	unnamed TextStim: height = 25.0
185.8488 	EXP 	unnamed TextStim: text = '←'
187.3859 	DATA 	Keypress: left
187.5243 	EXP 	Created unnamed ImageStim = ImageStim(__class__=<class 'psychopy.visual.image.ImageStim'>, anchor=('center', 'center'), autoLog=True, color=array([1., 1., 1.]), colorSpace='rgb', contrast=1.0, depth=0, flipHoriz=False, flipVert=False, image='break.jpg', interpolate=True, mask=None, maskParams=None, name='unnamed ImageStim', opacity=1.0, ori=0.0, pos=array([0., 0.]), size=array([1536.,  864.]), texRes=128, units='pix', win=Window(...))
190.7694 	DATA 	Keypress: space
190.7732 	EXP 	unnamed TextStim: height = 25.0
190.7732 	EXP 	unnamed TextStim: height = 25.0
190.7732 	EXP 	unnamed TextStim: height = 25.0
190.7732 	EXP 	unnamed TextStim: text = '↑'
192.6094 	DATA 	Keypress: down
192.6122 	EXP 	unnamed TextStim: height = 25.0
192.6122 	EXP 	unnamed TextStim: height = 25.0
192.6122 	EXP 	unnamed TextStim: height = 25.0
192.6122 	EXP 	unnamed TextStim: text = '↓'
194.1898 	DATA 	Keypress: down
194.1916 	EXP 	unnamed TextStim: text = '↓'
195.7114 	DATA 	Keypress: down
195.7130 	EXP 	unnamed TextStim: text = '↓'
197.2050 	DATA 	Keypress: down
197.2069 	EXP 	unnamed TextStim: text = '↓'
198.7241 	DATA 	Keypress: down
198.7267 	EXP 	unnamed TextStim: height = 25.0
198.7267 	EXP 	unnamed TextStim: height = 25.0
198.7267 	EXP 	unnamed TextStim: height = 25.0
198.7267 	EXP 	unnamed TextStim: text = '→'
200.2526 	DATA 	Keypress: right
200.3780 	EXP 	Created unnamed ImageStim = ImageStim(__class__=<class 'psychopy.visual.image.ImageStim'>, anchor=('center', 'center'), autoLog=True, color=array([1., 1., 1.]), colorSpace='rgb', contrast=1.0, depth=0, flipHoriz=False, flipVert=False, image='break.jpg', interpolate=True, mask=None, maskParams=None, name='unnamed ImageStim', opacity=1.0, ori=0.0, pos=array([0., 0.]), size=array([1536.,  864.]), texRes=128, units='pix', win=Window(...))
201.3414 	DATA 	Keypress: space
201.3565 	EXP 	unnamed TextStim: height = 25.0
201.3565 	EXP 	unnamed TextStim: height = 25.0
201.3565 	EXP 	unnamed TextStim: height = 25.0
201.3565 	EXP 	unnamed TextStim: text = '↓'
202.7414 	DATA 	Keypress: down
202.7439 	EXP 	unnamed TextStim: height = 25.0
202.7439 	EXP 	unnamed TextStim: height = 25.0
202.7439 	EXP 	unnamed TextStim: height = 25.0
202.7439 	EXP 	unnamed TextStim: text = '↑'
204.9820 	DATA 	Keypress: down
204.9847 	EXP 	unnamed TextStim: height = 25.0
204.9847 	EXP 	unnamed TextStim: height = 25.0
204.9847 	EXP 	unnamed TextStim: height = 25.0
204.9847 	EXP 	unnamed TextStim: text = '↓'
207.7237 	DATA 	No keypress (maxWait exceeded)
207.7267 	EXP 	unnamed TextStim: height = 25.0
207.7267 	EXP 	unnamed TextStim: height = 25.0
207.7267 	EXP 	unnamed TextStim: height = 25.0
207.7267 	EXP 	unnamed TextStim: text = '→'
209.9386 	DATA 	Keypress: down
209.9414 	EXP 	unnamed TextStim: height = 25.0
209.9414 	EXP 	unnamed TextStim: height = 25.0
209.9414 	EXP 	unnamed TextStim: height = 25.0
209.9414 	EXP 	unnamed TextStim: text = '←'
212.0017 	DATA 	Keypress: up
212.0044 	EXP 	unnamed TextStim: height = 25.0
212.0044 	EXP 	unnamed TextStim: height = 25.0
212.0044 	EXP 	unnamed TextStim: height = 25.0
212.0044 	EXP 	unnamed TextStim: text = '↓'
213.8018 	DATA 	Keypress: right
213.9515 	EXP 	Created unnamed ImageStim = ImageStim(__class__=<class 'psychopy.visual.image.ImageStim'>, anchor=('center', 'center'), autoLog=True, color=array([1., 1., 1.]), colorSpace='rgb', contrast=1.0, depth=0, flipHoriz=False, flipVert=False, image='break.jpg', interpolate=True, mask=None, maskParams=None, name='unnamed ImageStim', opacity=1.0, ori=0.0, pos=array([0., 0.]), size=array([1536.,  864.]), texRes=128, units='pix', win=Window(...))
218.2006 	DATA 	Keypress: space
218.2072 	EXP 	unnamed TextStim: height = 25.0
218.2072 	EXP 	unnamed TextStim: height = 25.0
218.2072 	EXP 	unnamed TextStim: height = 25.0
218.2072 	EXP 	unnamed TextStim: text = '←'
219.6124 	DATA 	Keypress: left
219.6150 	EXP 	unnamed TextStim: height = 25.0
219.6150 	EXP 	unnamed TextStim: height = 25.0
219.6150 	EXP 	unnamed TextStim: height = 25.0
219.6150 	EXP 	unnamed TextStim: text = '↑'
221.3388 	DATA 	Keypress: right
221.3405 	EXP 	unnamed TextStim: text = '↑'
222.8772 	DATA 	Keypress: up
222.8800 	EXP 	unnamed TextStim: height = 25.0
222.8800 	EXP 	unnamed TextStim: height = 25.0
222.8800 	EXP 	unnamed TextStim: height = 25.0
222.8800 	EXP 	unnamed TextStim: text = '↓'
224.7220 	DATA 	Keypress: down
224.7272 	EXP 	unnamed TextStim: height = 25.0
224.7272 	EXP 	unnamed TextStim: height = 25.0
224.7272 	EXP 	unnamed TextStim: height = 25.0
224.7272 	EXP 	unnamed TextStim: text = '←'
227.3155 	DATA 	Keypress: left
227.3182 	EXP 	unnamed TextStim: height = 25.0
227.3182 	EXP 	unnamed TextStim: height = 25.0
227.3182 	EXP 	unnamed TextStim: height = 25.0
227.3182 	EXP 	unnamed TextStim: text = '→'
229.1569 	DATA 	Keypress: up
229.3182 	EXP 	Created unnamed ImageStim = ImageStim(__class__=<class 'psychopy.visual.image.ImageStim'>, anchor=('center', 'center'), autoLog=True, color=array([1., 1., 1.]), colorSpace='rgb', contrast=1.0, depth=0, flipHoriz=False, flipVert=False, image='break.jpg', interpolate=True, mask=None, maskParams=None, name='unnamed ImageStim', opacity=1.0, ori=0.0, pos=array([0., 0.]), size=array([1536.,  864.]), texRes=128, units='pix', win=Window(...))
232.5652 	DATA 	Keypress: space
232.5743 	EXP 	unnamed TextStim: height = 25.0
232.5743 	EXP 	unnamed TextStim: height = 25.0
232.5743 	EXP 	unnamed TextStim: height = 25.0
232.5743 	EXP 	unnamed TextStim: text = '↓'
234.0742 	DATA 	Keypress: down
234.0769 	EXP 	unnamed TextStim: height = 25.0
234.0769 	EXP 	unnamed TextStim: height = 25.0
234.0769 	EXP 	unnamed TextStim: height = 25.0
234.0769 	EXP 	unnamed TextStim: text = '↑'
235.7727 	DATA 	Keypress: up
235.7744 	EXP 	unnamed TextStim: text = '↑'
237.8847 	DATA 	Keypress: down
237.8873 	EXP 	unnamed TextStim: height = 25.0
237.8873 	EXP 	unnamed TextStim: height = 25.0
237.8873 	EXP 	unnamed TextStim: height = 25.0
237.8873 	EXP 	unnamed TextStim: text = '←'
239.7036 	DATA 	Keypress: up
239.7063 	EXP 	unnamed TextStim: height = 25.0
239.7063 	EXP 	unnamed TextStim: height = 25.0
239.7063 	EXP 	unnamed TextStim: height = 25.0
239.7063 	EXP 	unnamed TextStim: text = '↓'
241.1908 	DATA 	Keypress: down
241.1935 	EXP 	unnamed TextStim: height = 25.0
241.1935 	EXP 	unnamed TextStim: height = 25.0
241.1935 	EXP 	unnamed TextStim: height = 25.0
241.1935 	EXP 	unnamed TextStim: text = '↑'
242.6602 	DATA 	Keypress: up
242.8171 	EXP 	Created unnamed ImageStim = ImageStim(__class__=<class 'psychopy.visual.image.ImageStim'>, anchor=('center', 'center'), autoLog=True, color=array([1., 1., 1.]), colorSpace='rgb', contrast=1.0, depth=0, flipHoriz=False, flipVert=False, image='break.jpg', interpolate=True, mask=None, maskParams=None, name='unnamed ImageStim', opacity=1.0, ori=0.0, pos=array([0., 0.]), size=array([1536.,  864.]), texRes=128, units='pix', win=Window(...))
244.8177 	DATA 	Keypress: space
244.8247 	EXP 	unnamed TextStim: height = 25.0
244.8247 	EXP 	unnamed TextStim: height = 25.0
244.8247 	EXP 	unnamed TextStim: height = 25.0
244.8247 	EXP 	unnamed TextStim: text = '→'
247.5314 	DATA 	Keypress: down
247.5385 	EXP 	unnamed TextStim: height = 25.0
247.5385 	EXP 	unnamed TextStim: height = 25.0
247.5385 	EXP 	unnamed TextStim: height = 25.0
247.5385 	EXP 	unnamed TextStim: text = '↓'
249.0718 	DATA 	Keypress: down
249.0761 	EXP 	unnamed TextStim: height = 25.0
249.0761 	EXP 	unnamed TextStim: height = 25.0
249.0761 	EXP 	unnamed TextStim: height = 25.0
249.0761 	EXP 	unnamed TextStim: text = '↑'
251.3485 	DATA 	Keypress: up
251.3511 	EXP 	unnamed TextStim: height = 25.0
251.3511 	EXP 	unnamed TextStim: height = 25.0
251.3511 	EXP 	unnamed TextStim: height = 25.0
251.3511 	EXP 	unnamed TextStim: text = '←'
252.8577 	DATA 	Keypress: left
252.8603 	EXP 	unnamed TextStim: height = 25.0
252.8603 	EXP 	unnamed TextStim: height = 25.0
252.8603 	EXP 	unnamed TextStim: height = 25.0
252.8603 	EXP 	unnamed TextStim: text = '↑'
254.2383 	DATA 	Keypress: up
254.2399 	EXP 	unnamed TextStim: text = '↑'
256.0605 	DATA 	Keypress: down
256.2118 	EXP 	Created unnamed ImageStim = ImageStim(__class__=<class 'psychopy.visual.image.ImageStim'>, anchor=('center', 'center'), autoLog=True, color=array([1., 1., 1.]), colorSpace='rgb', contrast=1.0, depth=0, flipHoriz=False, flipVert=False, image='break.jpg', interpolate=True, mask=None, maskParams=None, name='unnamed ImageStim', opacity=1.0, ori=0.0, pos=array([0., 0.]), size=array([1536.,  864.]), texRes=128, units='pix', win=Window(...))
258.6855 	DATA 	Keypress: space
258.6918 	EXP 	unnamed TextStim: height = 25.0
258.6918 	EXP 	unnamed TextStim: height = 25.0
258.6918 	EXP 	unnamed TextStim: height = 25.0
258.6918 	EXP 	unnamed TextStim: text = '→'
260.0781 	DATA 	Keypress: right
260.0809 	EXP 	unnamed TextStim: height = 25.0
260.0809 	EXP 	unnamed TextStim: height = 25.0
260.0809 	EXP 	unnamed TextStim: height = 25.0
260.0809 	EXP 	unnamed TextStim: text = '←'
261.3768 	DATA 	Keypress: left
261.3794 	EXP 	unnamed TextStim: height = 25.0
261.3794 	EXP 	unnamed TextStim: height = 25.0
261.3794 	EXP 	unnamed TextStim: height = 25.0
261.3794 	EXP 	unnamed TextStim: text = '↓'
264.1092 	DATA 	No keypress (maxWait exceeded)
264.1139 	EXP 	unnamed TextStim: height = 25.0
264.1139 	EXP 	unnamed TextStim: height = 25.0
264.1139 	EXP 	unnamed TextStim: height = 25.0
264.1139 	EXP 	unnamed TextStim: text = '→'
265.6956 	DATA 	Keypress: right
265.6973 	EXP 	unnamed TextStim: text = '→'
267.2193 	DATA 	Keypress: left
267.2220 	EXP 	unnamed TextStim: height = 25.0
267.2220 	EXP 	unnamed TextStim: height = 25.0
267.2220 	EXP 	unnamed TextStim: height = 25.0
267.2220 	EXP 	unnamed TextStim: text = '↑'
269.6856 	DATA 	Keypress: up
269.8199 	EXP 	Created unnamed ImageStim = ImageStim(__class__=<class 'psychopy.visual.image.ImageStim'>, anchor=('center', 'center'), autoLog=True, color=array([1., 1., 1.]), colorSpace='rgb', contrast=1.0, depth=0, flipHoriz=False, flipVert=False, image='break.jpg', interpolate=True, mask=None, maskParams=None, name='unnamed ImageStim', opacity=1.0, ori=0.0, pos=array([0., 0.]), size=array([1536.,  864.]), texRes=128, units='pix', win=Window(...))
275.3875 	DATA 	Keypress: space
275.3925 	EXP 	unnamed TextStim: height = 25.0
275.3925 	EXP 	unnamed TextStim: height = 25.0
275.3925 	EXP 	unnamed TextStim: height = 25.0
275.3925 	EXP 	unnamed TextStim: text = '←'
276.9033 	DATA 	Keypress: right
276.9061 	EXP 	unnamed TextStim: height = 25.0
276.9061 	EXP 	unnamed TextStim: height = 25.0
276.9061 	EXP 	unnamed TextStim: height = 25.0
276.9061 	EXP 	unnamed TextStim: text = '↑'
278.4140 	DATA 	Keypress: up
278.4167 	EXP 	unnamed TextStim: height = 25.0
278.4167 	EXP 	unnamed TextStim: height = 25.0
278.4167 	EXP 	unnamed TextStim: height = 25.0
278.4167 	EXP 	unnamed TextStim: text = '↓'
280.2504 	DATA 	Keypress: left
280.2531 	EXP 	unnamed TextStim: height = 25.0
280.2531 	EXP 	unnamed TextStim: height = 25.0
280.2531 	EXP 	unnamed TextStim: height = 25.0
280.2531 	EXP 	unnamed TextStim: text = '→'
283.0099 	DATA 	No keypress (maxWait exceeded)
283.0126 	EXP 	unnamed TextStim: height = 25.0
283.0126 	EXP 	unnamed TextStim: height = 25.0
283.0126 	EXP 	unnamed TextStim: height = 25.0
283.0126 	EXP 	unnamed TextStim: text = '↓'
284.7832 	DATA 	Keypress: right
284.7861 	EXP 	unnamed TextStim: height = 25.0
284.7861 	EXP 	unnamed TextStim: height = 25.0
284.7861 	EXP 	unnamed TextStim: height = 25.0
284.7861 	EXP 	unnamed TextStim: text = '↑'
286.5307 	DATA 	Keypress: up
286.6715 	EXP 	Created unnamed ImageStim = ImageStim(__class__=<class 'psychopy.visual.image.ImageStim'>, anchor=('center', 'center'), autoLog=True, color=array([1., 1., 1.]), colorSpace='rgb', contrast=1.0, depth=0, flipHoriz=False, flipVert=False, image='break.jpg', interpolate=True, mask=None, maskParams=None, name='unnamed ImageStim', opacity=1.0, ori=0.0, pos=array([0., 0.]), size=array([1536.,  864.]), texRes=128, units='pix', win=Window(...))
292.8765 	DATA 	Keypress: space
292.9013 	EXP 	Created unnamed TextStim = TextStim(__class__=<class 'psychopy.visual.text.TextStim'>, alignHoriz=method-wrapper(...), alignText='center', alignVert=method-wrapper(...), anchorHoriz='center', anchorVert='center', antialias=True, autoDraw=False, autoLog=True, bold=False, color=array([-1, -1, -1]), colorSpace='rgb', contrast=1.0, depth=0, flipHoriz=False, flipVert=False, font='', fontFiles=[], height=20.0, italic=False, languageStyle='LTR', name='unnamed TextStim', opacity=1.0, ori=0.0, pos=array([0., 0.]), rgb=UNKNOWN, text=str(...), units='pix', win=Window(...), wrapWidth=1536)
306.5516 	DATA 	Keypress: return
306.6357 	EXP 	window1: mouseVisible = True
