12.5834 	WARNING 	User requested fullscreen with size [1536  864], but screen is actually [1920, 1080]. Using actual size
13.8829 	INFO 	FRAME RATE: 60
13.8829 	INFO 	SCREEN RES: odict_values([1536, 864])
13.9405 	EXP 	Created unnamed TextStim = TextStim(__class__=<class 'psychopy.visual.text.TextStim'>, alignHoriz=method-wrapper(...), alignText='center', alignVert=method-wrapper(...), anchorHoriz='center', anchorVert='center', antialias=True, autoDraw=False, autoLog=True, bold=False, color=array([-1, -1, -1]), colorSpace='rgb', contrast=1.0, depth=0, flipHoriz=False, flipVert=False, font='', fontFiles=[], height=100.0, italic=False, languageStyle='LTR', name='unnamed TextStim', opacity=1.0, ori=0.0, pos=array([0., 0.]), rgb=UNKNOWN, text='+', units='pix', win=Window(...), wrapWidth=500)
13.9443 	EXP 	Created unnamed Circle = Circle(__class__=<class 'psychopy.visual.circle.Circle'>, anchor=('center', 'center'), autoDraw=False, autoLog=True, closeShape=True, color=method-wrapper(...), colorSpace='rgb', contrast=None, depth=0, fillColor=array([ 0.09019608, -1.        , -1.        ]), fillColorSpace='rgb', fillRGB=array([ 0.09019608, -1.        , -1.        ]), interpolate=True, lineColor=array([ 0.09019608, -1.        , -1.        ]), lineColorSpace='rgb', lineRGB=array([ 0.09019608, -1.        , -1.        ]), lineWidth=1.5, name='unnamed Circle', opacity=1.0, ori=0.0, pos=array([0., 0.]), size=array([1., 1.]), units='pix', vertices=ndarray(...), win=Window(...))
13.9450 	EXP 	Created unnamed TextStim = TextStim(__class__=<class 'psychopy.visual.text.TextStim'>, alignHoriz=method-wrapper(...), alignText='center', alignVert=method-wrapper(...), anchorHoriz='center', anchorVert='center', antialias=True, autoDraw=False, autoLog=True, bold=False, color=array([-0.17647059, -0.17647059, -0.17647059]), colorSpace='rgb', contrast=1.0, depth=0, flipHoriz=False, flipVert=False, font='', fontFiles=[], height=25, italic=False, languageStyle='LTR', name='unnamed TextStim', opacity=1.0, ori=0.0, pos=array([0., 0.]), rgb=UNKNOWN, text='', units='pix', win=Window(...), wrapWidth=500)
13.9538 	EXP 	Created unnamed ImageStim = ImageStim(__class__=<class 'psychopy.visual.image.ImageStim'>, anchor=('center', 'center'), autoLog=True, color=array([1., 1., 1.]), colorSpace='rgb', contrast=1.0, depth=0, flipHoriz=False, flipVert=False, image='mask4.png', interpolate=False, mask=None, maskParams=None, name='unnamed ImageStim', opacity=1.0, ori=0.0, pos=array([0., 0.]), size=array([25., 25.]), texRes=128, units='pix', win=Window(...))
13.9607 	EXP 	Created unnamed TextStim = TextStim(__class__=<class 'psychopy.visual.text.TextStim'>, alignHoriz=method-wrapper(...), alignText='center', alignVert=method-wrapper(...), anchorHoriz='center', anchorVert='center', antialias=True, autoDraw=False, autoLog=True, bold=False, color=array([-1, -1, -1]), colorSpace='rgb', contrast=1.0, depth=0, flipHoriz=False, flipVert=False, font='', fontFiles=[], height=30.0, italic=False, languageStyle='LTR', name='unnamed TextStim', opacity=1.0, ori=0.0, pos=array([ 100., -300.]), rgb=UNKNOWN, text=str(...), units='pix', win=Window(...), wrapWidth=10000)
13.9702 	EXP 	Created unnamed TextStim = TextStim(__class__=<class 'psychopy.visual.text.TextStim'>, alignHoriz=method-wrapper(...), alignText='center', alignVert=method-wrapper(...), anchorHoriz='center', anchorVert='center', antialias=True, autoDraw=False, autoLog=True, bold=False, color=array([-1, -1, -1]), colorSpace='rgb', contrast=1.0, depth=0, flipHoriz=False, flipVert=False, font='', fontFiles=[], height=30.0, italic=False, languageStyle='LTR', name='unnamed TextStim', opacity=1.0, ori=0.0, pos=array([ 100., -330.]), rgb=UNKNOWN, text=str(...), units='pix', win=Window(...), wrapWidth=10000)
14.0028 	EXP 	Created unnamed TextStim = TextStim(__class__=<class 'psychopy.visual.text.TextStim'>, alignHoriz=method-wrapper(...), alignText='center', alignVert=method-wrapper(...), anchorHoriz='center', anchorVert='center', antialias=True, autoDraw=False, autoLog=True, bold=False, color=array([-1, -1, -1]), colorSpace='rgb', contrast=1.0, depth=0, flipHoriz=False, flipVert=False, font='', fontFiles=[], height=20.0, italic=False, languageStyle='LTR', name='unnamed TextStim', opacity=1.0, ori=0.0, pos=array([0., 0.]), rgb=UNKNOWN, text=str(...), units='pix', win=Window(...), wrapWidth=1536)
43.1653 	DATA 	Keypress: space
43.1826 	EXP 	unnamed TextStim: height = 25.0
43.1826 	EXP 	unnamed TextStim: height = 25.0
43.1826 	EXP 	unnamed TextStim: height = 25.0
43.1826 	EXP 	unnamed TextStim: text = '→'
45.4416 	DATA 	Keypress: left
45.4484 	EXP 	Created unnamed TextStim = TextStim(__class__=<class 'psychopy.visual.text.TextStim'>, alignHoriz=method-wrapper(...), alignText='center', alignVert=method-wrapper(...), anchorHoriz='center', anchorVert='center', antialias=True, autoDraw=False, autoLog=True, bold=False, color=array([-1, -1, -1]), colorSpace='rgb', contrast=1.0, depth=0, flipHoriz=False, flipVert=False, font='', fontFiles=[], height=50.0, italic=False, languageStyle='LTR', name='unnamed TextStim', opacity=1.0, ori=0.0, pos=array([0., 0.]), rgb=UNKNOWN, text='Niepoprawnie', units='pix', win=Window(...), wrapWidth=500)
46.4660 	EXP 	unnamed TextStim: height = 25.0
46.4660 	EXP 	unnamed TextStim: height = 25.0
46.4660 	EXP 	unnamed TextStim: height = 25.0
46.4660 	EXP 	unnamed TextStim: text = '↑'
48.4576 	DATA 	Keypress: up
48.4623 	EXP 	Created unnamed TextStim = TextStim(__class__=<class 'psychopy.visual.text.TextStim'>, alignHoriz=method-wrapper(...), alignText='center', alignVert=method-wrapper(...), anchorHoriz='center', anchorVert='center', antialias=True, autoDraw=False, autoLog=True, bold=False, color=array([-1, -1, -1]), colorSpace='rgb', contrast=1.0, depth=0, flipHoriz=False, flipVert=False, font='', fontFiles=[], height=50.0, italic=False, languageStyle='LTR', name='unnamed TextStim', opacity=1.0, ori=0.0, pos=array([0., 0.]), rgb=UNKNOWN, text='Poprawnie', units='pix', win=Window(...), wrapWidth=500)
49.4665 	EXP 	unnamed TextStim: height = 25.0
49.4665 	EXP 	unnamed TextStim: height = 25.0
49.4665 	EXP 	unnamed TextStim: height = 25.0
49.4665 	EXP 	unnamed TextStim: text = '↓'
51.0899 	DATA 	Keypress: down
51.0919 	EXP 	Created unnamed TextStim = TextStim(__class__=<class 'psychopy.visual.text.TextStim'>, alignHoriz=method-wrapper(...), alignText='center', alignVert=method-wrapper(...), anchorHoriz='center', anchorVert='center', antialias=True, autoDraw=False, autoLog=True, bold=False, color=array([-1, -1, -1]), colorSpace='rgb', contrast=1.0, depth=0, flipHoriz=False, flipVert=False, font='', fontFiles=[], height=50.0, italic=False, languageStyle='LTR', name='unnamed TextStim', opacity=1.0, ori=0.0, pos=array([0., 0.]), rgb=UNKNOWN, text='Poprawnie', units='pix', win=Window(...), wrapWidth=500)
52.0995 	EXP 	unnamed TextStim: height = 25.0
52.0995 	EXP 	unnamed TextStim: height = 25.0
52.0995 	EXP 	unnamed TextStim: height = 25.0
52.0995 	EXP 	unnamed TextStim: text = '→'
53.7046 	DATA 	Keypress: right
53.7066 	EXP 	Created unnamed TextStim = TextStim(__class__=<class 'psychopy.visual.text.TextStim'>, alignHoriz=method-wrapper(...), alignText='center', alignVert=method-wrapper(...), anchorHoriz='center', anchorVert='center', antialias=True, autoDraw=False, autoLog=True, bold=False, color=array([-1, -1, -1]), colorSpace='rgb', contrast=1.0, depth=0, flipHoriz=False, flipVert=False, font='', fontFiles=[], height=50.0, italic=False, languageStyle='LTR', name='unnamed TextStim', opacity=1.0, ori=0.0, pos=array([0., 0.]), rgb=UNKNOWN, text='Poprawnie', units='pix', win=Window(...), wrapWidth=500)
54.7163 	EXP 	unnamed TextStim: height = 25.0
54.7163 	EXP 	unnamed TextStim: height = 25.0
54.7163 	EXP 	unnamed TextStim: height = 25.0
54.7163 	EXP 	unnamed TextStim: text = '↑'
56.4300 	DATA 	Keypress: up
56.4319 	EXP 	Created unnamed TextStim = TextStim(__class__=<class 'psychopy.visual.text.TextStim'>, alignHoriz=method-wrapper(...), alignText='center', alignVert=method-wrapper(...), anchorHoriz='center', anchorVert='center', antialias=True, autoDraw=False, autoLog=True, bold=False, color=array([-1, -1, -1]), colorSpace='rgb', contrast=1.0, depth=0, flipHoriz=False, flipVert=False, font='', fontFiles=[], height=50.0, italic=False, languageStyle='LTR', name='unnamed TextStim', opacity=1.0, ori=0.0, pos=array([0., 0.]), rgb=UNKNOWN, text='Poprawnie', units='pix', win=Window(...), wrapWidth=500)
57.4498 	EXP 	unnamed TextStim: text = '↑'
59.2739 	DATA 	Keypress: up
59.2759 	EXP 	Created unnamed TextStim = TextStim(__class__=<class 'psychopy.visual.text.TextStim'>, alignHoriz=method-wrapper(...), alignText='center', alignVert=method-wrapper(...), anchorHoriz='center', anchorVert='center', antialias=True, autoDraw=False, autoLog=True, bold=False, color=array([-1, -1, -1]), colorSpace='rgb', contrast=1.0, depth=0, flipHoriz=False, flipVert=False, font='', fontFiles=[], height=50.0, italic=False, languageStyle='LTR', name='unnamed TextStim', opacity=1.0, ori=0.0, pos=array([0., 0.]), rgb=UNKNOWN, text='Poprawnie', units='pix', win=Window(...), wrapWidth=500)
60.2832 	EXP 	unnamed TextStim: height = 25.0
60.2832 	EXP 	unnamed TextStim: height = 25.0
60.2832 	EXP 	unnamed TextStim: height = 25.0
60.2832 	EXP 	unnamed TextStim: text = '↓'
61.9446 	DATA 	Keypress: down
61.9465 	EXP 	Created unnamed TextStim = TextStim(__class__=<class 'psychopy.visual.text.TextStim'>, alignHoriz=method-wrapper(...), alignText='center', alignVert=method-wrapper(...), anchorHoriz='center', anchorVert='center', antialias=True, autoDraw=False, autoLog=True, bold=False, color=array([-1, -1, -1]), colorSpace='rgb', contrast=1.0, depth=0, flipHoriz=False, flipVert=False, font='', fontFiles=[], height=50.0, italic=False, languageStyle='LTR', name='unnamed TextStim', opacity=1.0, ori=0.0, pos=array([0., 0.]), rgb=UNKNOWN, text='Poprawnie', units='pix', win=Window(...), wrapWidth=500)
62.9505 	EXP 	unnamed TextStim: height = 25.0
62.9505 	EXP 	unnamed TextStim: height = 25.0
62.9505 	EXP 	unnamed TextStim: height = 25.0
62.9505 	EXP 	unnamed TextStim: text = '↑'
64.4353 	DATA 	Keypress: up
64.4373 	EXP 	Created unnamed TextStim = TextStim(__class__=<class 'psychopy.visual.text.TextStim'>, alignHoriz=method-wrapper(...), alignText='center', alignVert=method-wrapper(...), anchorHoriz='center', anchorVert='center', antialias=True, autoDraw=False, autoLog=True, bold=False, color=array([-1, -1, -1]), colorSpace='rgb', contrast=1.0, depth=0, flipHoriz=False, flipVert=False, font='', fontFiles=[], height=50.0, italic=False, languageStyle='LTR', name='unnamed TextStim', opacity=1.0, ori=0.0, pos=array([0., 0.]), rgb=UNKNOWN, text='Poprawnie', units='pix', win=Window(...), wrapWidth=500)
65.4500 	EXP 	unnamed TextStim: height = 25.0
65.4500 	EXP 	unnamed TextStim: height = 25.0
65.4500 	EXP 	unnamed TextStim: height = 25.0
65.4500 	EXP 	unnamed TextStim: text = '↓'
66.9925 	DATA 	Keypress: down
66.9944 	EXP 	Created unnamed TextStim = TextStim(__class__=<class 'psychopy.visual.text.TextStim'>, alignHoriz=method-wrapper(...), alignText='center', alignVert=method-wrapper(...), anchorHoriz='center', anchorVert='center', antialias=True, autoDraw=False, autoLog=True, bold=False, color=array([-1, -1, -1]), colorSpace='rgb', contrast=1.0, depth=0, flipHoriz=False, flipVert=False, font='', fontFiles=[], height=50.0, italic=False, languageStyle='LTR', name='unnamed TextStim', opacity=1.0, ori=0.0, pos=array([0., 0.]), rgb=UNKNOWN, text='Poprawnie', units='pix', win=Window(...), wrapWidth=500)
68.0001 	EXP 	unnamed TextStim: height = 25.0
68.0001 	EXP 	unnamed TextStim: height = 25.0
68.0001 	EXP 	unnamed TextStim: height = 25.0
68.0001 	EXP 	unnamed TextStim: text = '→'
69.6762 	DATA 	Keypress: right
69.6780 	EXP 	Created unnamed TextStim = TextStim(__class__=<class 'psychopy.visual.text.TextStim'>, alignHoriz=method-wrapper(...), alignText='center', alignVert=method-wrapper(...), anchorHoriz='center', anchorVert='center', antialias=True, autoDraw=False, autoLog=True, bold=False, color=array([-1, -1, -1]), colorSpace='rgb', contrast=1.0, depth=0, flipHoriz=False, flipVert=False, font='', fontFiles=[], height=50.0, italic=False, languageStyle='LTR', name='unnamed TextStim', opacity=1.0, ori=0.0, pos=array([0., 0.]), rgb=UNKNOWN, text='Poprawnie', units='pix', win=Window(...), wrapWidth=500)
70.6834 	EXP 	unnamed TextStim: height = 25.0
70.6834 	EXP 	unnamed TextStim: height = 25.0
70.6834 	EXP 	unnamed TextStim: height = 25.0
70.6834 	EXP 	unnamed TextStim: text = '↓'
72.2646 	DATA 	Keypress: down
72.2666 	EXP 	Created unnamed TextStim = TextStim(__class__=<class 'psychopy.visual.text.TextStim'>, alignHoriz=method-wrapper(...), alignText='center', alignVert=method-wrapper(...), anchorHoriz='center', anchorVert='center', antialias=True, autoDraw=False, autoLog=True, bold=False, color=array([-1, -1, -1]), colorSpace='rgb', contrast=1.0, depth=0, flipHoriz=False, flipVert=False, font='', fontFiles=[], height=50.0, italic=False, languageStyle='LTR', name='unnamed TextStim', opacity=1.0, ori=0.0, pos=array([0., 0.]), rgb=UNKNOWN, text='Poprawnie', units='pix', win=Window(...), wrapWidth=500)
73.2835 	EXP 	unnamed TextStim: height = 25.0
73.2835 	EXP 	unnamed TextStim: height = 25.0
73.2835 	EXP 	unnamed TextStim: height = 25.0
73.2835 	EXP 	unnamed TextStim: text = '←'
74.9463 	DATA 	Keypress: left
74.9482 	EXP 	Created unnamed TextStim = TextStim(__class__=<class 'psychopy.visual.text.TextStim'>, alignHoriz=method-wrapper(...), alignText='center', alignVert=method-wrapper(...), anchorHoriz='center', anchorVert='center', antialias=True, autoDraw=False, autoLog=True, bold=False, color=array([-1, -1, -1]), colorSpace='rgb', contrast=1.0, depth=0, flipHoriz=False, flipVert=False, font='', fontFiles=[], height=50.0, italic=False, languageStyle='LTR', name='unnamed TextStim', opacity=1.0, ori=0.0, pos=array([0., 0.]), rgb=UNKNOWN, text='Poprawnie', units='pix', win=Window(...), wrapWidth=500)
75.9671 	EXP 	unnamed TextStim: height = 25.0
75.9671 	EXP 	unnamed TextStim: height = 25.0
75.9671 	EXP 	unnamed TextStim: height = 25.0
75.9671 	EXP 	unnamed TextStim: text = '→'
77.6633 	DATA 	Keypress: right
77.6652 	EXP 	Created unnamed TextStim = TextStim(__class__=<class 'psychopy.visual.text.TextStim'>, alignHoriz=method-wrapper(...), alignText='center', alignVert=method-wrapper(...), anchorHoriz='center', anchorVert='center', antialias=True, autoDraw=False, autoLog=True, bold=False, color=array([-1, -1, -1]), colorSpace='rgb', contrast=1.0, depth=0, flipHoriz=False, flipVert=False, font='', fontFiles=[], height=50.0, italic=False, languageStyle='LTR', name='unnamed TextStim', opacity=1.0, ori=0.0, pos=array([0., 0.]), rgb=UNKNOWN, text='Poprawnie', units='pix', win=Window(...), wrapWidth=500)
78.6838 	EXP 	unnamed TextStim: height = 25.0
78.6838 	EXP 	unnamed TextStim: height = 25.0
78.6838 	EXP 	unnamed TextStim: height = 25.0
78.6838 	EXP 	unnamed TextStim: text = '↑'
80.4612 	DATA 	Keypress: up
80.4633 	EXP 	Created unnamed TextStim = TextStim(__class__=<class 'psychopy.visual.text.TextStim'>, alignHoriz=method-wrapper(...), alignText='center', alignVert=method-wrapper(...), anchorHoriz='center', anchorVert='center', antialias=True, autoDraw=False, autoLog=True, bold=False, color=array([-1, -1, -1]), colorSpace='rgb', contrast=1.0, depth=0, flipHoriz=False, flipVert=False, font='', fontFiles=[], height=50.0, italic=False, languageStyle='LTR', name='unnamed TextStim', opacity=1.0, ori=0.0, pos=array([0., 0.]), rgb=UNKNOWN, text='Poprawnie', units='pix', win=Window(...), wrapWidth=500)
81.4670 	EXP 	unnamed TextStim: height = 25.0
81.4670 	EXP 	unnamed TextStim: height = 25.0
81.4670 	EXP 	unnamed TextStim: height = 25.0
81.4670 	EXP 	unnamed TextStim: text = '→'
83.0926 	DATA 	Keypress: right
83.0944 	EXP 	Created unnamed TextStim = TextStim(__class__=<class 'psychopy.visual.text.TextStim'>, alignHoriz=method-wrapper(...), alignText='center', alignVert=method-wrapper(...), anchorHoriz='center', anchorVert='center', antialias=True, autoDraw=False, autoLog=True, bold=False, color=array([-1, -1, -1]), colorSpace='rgb', contrast=1.0, depth=0, flipHoriz=False, flipVert=False, font='', fontFiles=[], height=50.0, italic=False, languageStyle='LTR', name='unnamed TextStim', opacity=1.0, ori=0.0, pos=array([0., 0.]), rgb=UNKNOWN, text='Poprawnie', units='pix', win=Window(...), wrapWidth=500)
84.1239 	EXP 	Created unnamed TextStim = TextStim(__class__=<class 'psychopy.visual.text.TextStim'>, alignHoriz=method-wrapper(...), alignText='center', alignVert=method-wrapper(...), anchorHoriz='center', anchorVert='center', antialias=True, autoDraw=False, autoLog=True, bold=False, color=array([-1, -1, -1]), colorSpace='rgb', contrast=1.0, depth=0, flipHoriz=False, flipVert=False, font='', fontFiles=[], height=20.0, italic=False, languageStyle='LTR', name='unnamed TextStim', opacity=1.0, ori=0.0, pos=array([0., 0.]), rgb=UNKNOWN, text=str(...), units='pix', win=Window(...), wrapWidth=1536)
96.0166 	DATA 	Keypress: space
96.0344 	EXP 	unnamed TextStim: height = 25.0
96.0344 	EXP 	unnamed TextStim: height = 25.0
96.0344 	EXP 	unnamed TextStim: height = 25.0
96.0344 	EXP 	unnamed TextStim: text = '←'
97.6191 	DATA 	Keypress: left
97.6252 	EXP 	Created unnamed TextStim = TextStim(__class__=<class 'psychopy.visual.text.TextStim'>, alignHoriz=method-wrapper(...), alignText='center', alignVert=method-wrapper(...), anchorHoriz='center', anchorVert='center', antialias=True, autoDraw=False, autoLog=True, bold=False, color=array([-1, -1, -1]), colorSpace='rgb', contrast=1.0, depth=0, flipHoriz=False, flipVert=False, font='', fontFiles=[], height=50.0, italic=False, languageStyle='LTR', name='unnamed TextStim', opacity=1.0, ori=0.0, pos=array([0., 0.]), rgb=UNKNOWN, text='Poprawnie', units='pix', win=Window(...), wrapWidth=500)
98.6345 	EXP 	unnamed TextStim: height = 25.0
98.6345 	EXP 	unnamed TextStim: height = 25.0
98.6345 	EXP 	unnamed TextStim: height = 25.0
98.6345 	EXP 	unnamed TextStim: text = '↓'
100.1683 	DATA 	Keypress: down
100.1702 	EXP 	Created unnamed TextStim = TextStim(__class__=<class 'psychopy.visual.text.TextStim'>, alignHoriz=method-wrapper(...), alignText='center', alignVert=method-wrapper(...), anchorHoriz='center', anchorVert='center', antialias=True, autoDraw=False, autoLog=True, bold=False, color=array([-1, -1, -1]), colorSpace='rgb', contrast=1.0, depth=0, flipHoriz=False, flipVert=False, font='', fontFiles=[], height=50.0, italic=False, languageStyle='LTR', name='unnamed TextStim', opacity=1.0, ori=0.0, pos=array([0., 0.]), rgb=UNKNOWN, text='Poprawnie', units='pix', win=Window(...), wrapWidth=500)
101.1846 	EXP 	unnamed TextStim: text = '↓'
102.6041 	DATA 	Keypress: down
102.6060 	EXP 	Created unnamed TextStim = TextStim(__class__=<class 'psychopy.visual.text.TextStim'>, alignHoriz=method-wrapper(...), alignText='center', alignVert=method-wrapper(...), anchorHoriz='center', anchorVert='center', antialias=True, autoDraw=False, autoLog=True, bold=False, color=array([-1, -1, -1]), colorSpace='rgb', contrast=1.0, depth=0, flipHoriz=False, flipVert=False, font='', fontFiles=[], height=50.0, italic=False, languageStyle='LTR', name='unnamed TextStim', opacity=1.0, ori=0.0, pos=array([0., 0.]), rgb=UNKNOWN, text='Poprawnie', units='pix', win=Window(...), wrapWidth=500)
103.6181 	EXP 	unnamed TextStim: text = '↓'
105.2393 	DATA 	Keypress: down
105.2413 	EXP 	Created unnamed TextStim = TextStim(__class__=<class 'psychopy.visual.text.TextStim'>, alignHoriz=method-wrapper(...), alignText='center', alignVert=method-wrapper(...), anchorHoriz='center', anchorVert='center', antialias=True, autoDraw=False, autoLog=True, bold=False, color=array([-1, -1, -1]), colorSpace='rgb', contrast=1.0, depth=0, flipHoriz=False, flipVert=False, font='', fontFiles=[], height=50.0, italic=False, languageStyle='LTR', name='unnamed TextStim', opacity=1.0, ori=0.0, pos=array([0., 0.]), rgb=UNKNOWN, text='Poprawnie', units='pix', win=Window(...), wrapWidth=500)
106.2545 	EXP 	unnamed TextStim: text = '↓'
107.7294 	DATA 	Keypress: down
107.7313 	EXP 	Created unnamed TextStim = TextStim(__class__=<class 'psychopy.visual.text.TextStim'>, alignHoriz=method-wrapper(...), alignText='center', alignVert=method-wrapper(...), anchorHoriz='center', anchorVert='center', antialias=True, autoDraw=False, autoLog=True, bold=False, color=array([-1, -1, -1]), colorSpace='rgb', contrast=1.0, depth=0, flipHoriz=False, flipVert=False, font='', fontFiles=[], height=50.0, italic=False, languageStyle='LTR', name='unnamed TextStim', opacity=1.0, ori=0.0, pos=array([0., 0.]), rgb=UNKNOWN, text='Poprawnie', units='pix', win=Window(...), wrapWidth=500)
108.7361 	EXP 	unnamed TextStim: height = 25.0
108.7361 	EXP 	unnamed TextStim: height = 25.0
108.7361 	EXP 	unnamed TextStim: height = 25.0
108.7361 	EXP 	unnamed TextStim: text = '→'
110.1823 	DATA 	Keypress: right
110.1842 	EXP 	Created unnamed TextStim = TextStim(__class__=<class 'psychopy.visual.text.TextStim'>, alignHoriz=method-wrapper(...), alignText='center', alignVert=method-wrapper(...), anchorHoriz='center', anchorVert='center', antialias=True, autoDraw=False, autoLog=True, bold=False, color=array([-1, -1, -1]), colorSpace='rgb', contrast=1.0, depth=0, flipHoriz=False, flipVert=False, font='', fontFiles=[], height=50.0, italic=False, languageStyle='LTR', name='unnamed TextStim', opacity=1.0, ori=0.0, pos=array([0., 0.]), rgb=UNKNOWN, text='Poprawnie', units='pix', win=Window(...), wrapWidth=500)
111.2017 	EXP 	unnamed TextStim: height = 25.0
111.2017 	EXP 	unnamed TextStim: height = 25.0
111.2017 	EXP 	unnamed TextStim: height = 25.0
111.2017 	EXP 	unnamed TextStim: text = '↑'
112.7235 	DATA 	Keypress: up
112.7254 	EXP 	Created unnamed TextStim = TextStim(__class__=<class 'psychopy.visual.text.TextStim'>, alignHoriz=method-wrapper(...), alignText='center', alignVert=method-wrapper(...), anchorHoriz='center', anchorVert='center', antialias=True, autoDraw=False, autoLog=True, bold=False, color=array([-1, -1, -1]), colorSpace='rgb', contrast=1.0, depth=0, flipHoriz=False, flipVert=False, font='', fontFiles=[], height=50.0, italic=False, languageStyle='LTR', name='unnamed TextStim', opacity=1.0, ori=0.0, pos=array([0., 0.]), rgb=UNKNOWN, text='Poprawnie', units='pix', win=Window(...), wrapWidth=500)
113.7350 	EXP 	unnamed TextStim: height = 25.0
113.7350 	EXP 	unnamed TextStim: height = 25.0
113.7350 	EXP 	unnamed TextStim: height = 25.0
113.7350 	EXP 	unnamed TextStim: text = '←'
115.2363 	DATA 	Keypress: left
115.2382 	EXP 	Created unnamed TextStim = TextStim(__class__=<class 'psychopy.visual.text.TextStim'>, alignHoriz=method-wrapper(...), alignText='center', alignVert=method-wrapper(...), anchorHoriz='center', anchorVert='center', antialias=True, autoDraw=False, autoLog=True, bold=False, color=array([-1, -1, -1]), colorSpace='rgb', contrast=1.0, depth=0, flipHoriz=False, flipVert=False, font='', fontFiles=[], height=50.0, italic=False, languageStyle='LTR', name='unnamed TextStim', opacity=1.0, ori=0.0, pos=array([0., 0.]), rgb=UNKNOWN, text='Poprawnie', units='pix', win=Window(...), wrapWidth=500)
116.2518 	EXP 	unnamed TextStim: height = 25.0
116.2518 	EXP 	unnamed TextStim: height = 25.0
116.2518 	EXP 	unnamed TextStim: height = 25.0
116.2518 	EXP 	unnamed TextStim: text = '→'
117.7863 	DATA 	Keypress: down
117.7891 	EXP 	Created unnamed TextStim = TextStim(__class__=<class 'psychopy.visual.text.TextStim'>, alignHoriz=method-wrapper(...), alignText='center', alignVert=method-wrapper(...), anchorHoriz='center', anchorVert='center', antialias=True, autoDraw=False, autoLog=True, bold=False, color=array([-1, -1, -1]), colorSpace='rgb', contrast=1.0, depth=0, flipHoriz=False, flipVert=False, font='', fontFiles=[], height=50.0, italic=False, languageStyle='LTR', name='unnamed TextStim', opacity=1.0, ori=0.0, pos=array([0., 0.]), rgb=UNKNOWN, text='Niepoprawnie', units='pix', win=Window(...), wrapWidth=500)
118.8018 	EXP 	unnamed TextStim: text = '→'
120.2644 	DATA 	Keypress: right
120.2664 	EXP 	Created unnamed TextStim = TextStim(__class__=<class 'psychopy.visual.text.TextStim'>, alignHoriz=method-wrapper(...), alignText='center', alignVert=method-wrapper(...), anchorHoriz='center', anchorVert='center', antialias=True, autoDraw=False, autoLog=True, bold=False, color=array([-1, -1, -1]), colorSpace='rgb', contrast=1.0, depth=0, flipHoriz=False, flipVert=False, font='', fontFiles=[], height=50.0, italic=False, languageStyle='LTR', name='unnamed TextStim', opacity=1.0, ori=0.0, pos=array([0., 0.]), rgb=UNKNOWN, text='Poprawnie', units='pix', win=Window(...), wrapWidth=500)
121.2907 	EXP 	Created unnamed TextStim = TextStim(__class__=<class 'psychopy.visual.text.TextStim'>, alignHoriz=method-wrapper(...), alignText='center', alignVert=method-wrapper(...), anchorHoriz='center', anchorVert='center', antialias=True, autoDraw=False, autoLog=True, bold=False, color=array([-1, -1, -1]), colorSpace='rgb', contrast=1.0, depth=0, flipHoriz=False, flipVert=False, font='', fontFiles=[], height=20.0, italic=False, languageStyle='LTR', name='unnamed TextStim', opacity=1.0, ori=0.0, pos=array([0., 0.]), rgb=UNKNOWN, text=str(...), units='pix', win=Window(...), wrapWidth=1536)
139.3670 	DATA 	Keypress: space
139.3691 	EXP 	unnamed TextStim: text = '→'
141.2681 	DATA 	Keypress: left
141.2715 	EXP 	unnamed TextStim: height = 25.0
141.2715 	EXP 	unnamed TextStim: height = 25.0
141.2715 	EXP 	unnamed TextStim: height = 25.0
141.2715 	EXP 	unnamed TextStim: text = '↓'
142.8185 	DATA 	Keypress: down
142.8218 	EXP 	unnamed TextStim: height = 25.0
142.8218 	EXP 	unnamed TextStim: height = 25.0
142.8218 	EXP 	unnamed TextStim: height = 25.0
142.8218 	EXP 	unnamed TextStim: text = '↑'
144.3318 	DATA 	Keypress: up
144.3330 	EXP 	unnamed TextStim: text = '↑'
145.8957 	DATA 	Keypress: up
145.8985 	EXP 	unnamed TextStim: height = 25.0
145.8985 	EXP 	unnamed TextStim: height = 25.0
145.8985 	EXP 	unnamed TextStim: height = 25.0
145.8985 	EXP 	unnamed TextStim: text = '→'
147.4156 	DATA 	Keypress: right
147.4183 	EXP 	unnamed TextStim: height = 25.0
147.4183 	EXP 	unnamed TextStim: height = 25.0
147.4183 	EXP 	unnamed TextStim: height = 25.0
147.4183 	EXP 	unnamed TextStim: text = '←'
149.1964 	DATA 	Keypress: down
149.3079 	EXP 	Created unnamed ImageStim = ImageStim(__class__=<class 'psychopy.visual.image.ImageStim'>, anchor=('center', 'center'), autoLog=True, color=array([1., 1., 1.]), colorSpace='rgb', contrast=1.0, depth=0, flipHoriz=False, flipVert=False, image='break.jpg', interpolate=True, mask=None, maskParams=None, name='unnamed ImageStim', opacity=1.0, ori=0.0, pos=array([0., 0.]), size=array([1536.,  864.]), texRes=128, units='pix', win=Window(...))
152.6095 	DATA 	Keypress: space
152.6196 	EXP 	unnamed TextStim: height = 25.0
152.6196 	EXP 	unnamed TextStim: height = 25.0
152.6196 	EXP 	unnamed TextStim: height = 25.0
152.6196 	EXP 	unnamed TextStim: text = '↓'
154.0987 	DATA 	Keypress: down
154.0999 	EXP 	unnamed TextStim: text = '↓'
155.5452 	DATA 	Keypress: down
155.5474 	EXP 	unnamed TextStim: height = 25.0
155.5474 	EXP 	unnamed TextStim: height = 25.0
155.5474 	EXP 	unnamed TextStim: height = 25.0
155.5474 	EXP 	unnamed TextStim: text = '←'
157.0071 	DATA 	Keypress: left
157.0093 	EXP 	unnamed TextStim: height = 25.0
157.0093 	EXP 	unnamed TextStim: height = 25.0
157.0093 	EXP 	unnamed TextStim: height = 25.0
157.0093 	EXP 	unnamed TextStim: text = '↓'
158.4899 	DATA 	Keypress: right
158.4921 	EXP 	unnamed TextStim: height = 25.0
158.4921 	EXP 	unnamed TextStim: height = 25.0
158.4921 	EXP 	unnamed TextStim: height = 25.0
158.4921 	EXP 	unnamed TextStim: text = '→'
159.9132 	DATA 	Keypress: left
159.9179 	EXP 	unnamed TextStim: height = 25.0
159.9179 	EXP 	unnamed TextStim: height = 25.0
159.9179 	EXP 	unnamed TextStim: height = 25.0
159.9179 	EXP 	unnamed TextStim: text = '↑'
161.4481 	DATA 	Keypress: down
161.5517 	EXP 	Created unnamed ImageStim = ImageStim(__class__=<class 'psychopy.visual.image.ImageStim'>, anchor=('center', 'center'), autoLog=True, color=array([1., 1., 1.]), colorSpace='rgb', contrast=1.0, depth=0, flipHoriz=False, flipVert=False, image='break.jpg', interpolate=True, mask=None, maskParams=None, name='unnamed ImageStim', opacity=1.0, ori=0.0, pos=array([0., 0.]), size=array([1536.,  864.]), texRes=128, units='pix', win=Window(...))
163.1819 	DATA 	Keypress: space
163.1868 	EXP 	unnamed TextStim: height = 25.0
163.1868 	EXP 	unnamed TextStim: height = 25.0
163.1868 	EXP 	unnamed TextStim: height = 25.0
163.1868 	EXP 	unnamed TextStim: text = '↓'
164.7499 	DATA 	Keypress: down
164.7512 	EXP 	unnamed TextStim: text = '↓'
166.1521 	DATA 	Keypress: down
166.1543 	EXP 	unnamed TextStim: height = 25.0
166.1543 	EXP 	unnamed TextStim: height = 25.0
166.1543 	EXP 	unnamed TextStim: height = 25.0
166.1543 	EXP 	unnamed TextStim: text = '↑'
167.5686 	DATA 	Keypress: down
167.5707 	EXP 	unnamed TextStim: height = 25.0
167.5707 	EXP 	unnamed TextStim: height = 25.0
167.5707 	EXP 	unnamed TextStim: height = 25.0
167.5707 	EXP 	unnamed TextStim: text = '↓'
169.2944 	DATA 	Keypress: left
169.2956 	EXP 	unnamed TextStim: text = '↓'
170.7032 	DATA 	Keypress: down
170.7054 	EXP 	unnamed TextStim: height = 25.0
170.7054 	EXP 	unnamed TextStim: height = 25.0
170.7054 	EXP 	unnamed TextStim: height = 25.0
170.7054 	EXP 	unnamed TextStim: text = '↑'
172.2027 	DATA 	Keypress: up
172.3073 	EXP 	Created unnamed ImageStim = ImageStim(__class__=<class 'psychopy.visual.image.ImageStim'>, anchor=('center', 'center'), autoLog=True, color=array([1., 1., 1.]), colorSpace='rgb', contrast=1.0, depth=0, flipHoriz=False, flipVert=False, image='break.jpg', interpolate=True, mask=None, maskParams=None, name='unnamed ImageStim', opacity=1.0, ori=0.0, pos=array([0., 0.]), size=array([1536.,  864.]), texRes=128, units='pix', win=Window(...))
173.4040 	DATA 	Keypress: space
173.4206 	EXP 	unnamed TextStim: height = 25.0
173.4206 	EXP 	unnamed TextStim: height = 25.0
173.4206 	EXP 	unnamed TextStim: height = 25.0
173.4206 	EXP 	unnamed TextStim: text = '←'
174.9590 	DATA 	Keypress: left
174.9602 	EXP 	unnamed TextStim: text = '←'
176.2737 	DATA 	Keypress: left
176.2756 	EXP 	unnamed TextStim: height = 25.0
176.2756 	EXP 	unnamed TextStim: height = 25.0
176.2756 	EXP 	unnamed TextStim: height = 25.0
176.2756 	EXP 	unnamed TextStim: text = '↑'
177.5329 	DATA 	Keypress: up
177.5374 	EXP 	unnamed TextStim: height = 25.0
177.5374 	EXP 	unnamed TextStim: height = 25.0
177.5374 	EXP 	unnamed TextStim: height = 25.0
177.5374 	EXP 	unnamed TextStim: text = '→'
178.9286 	DATA 	Keypress: right
178.9341 	EXP 	unnamed TextStim: height = 25.0
178.9341 	EXP 	unnamed TextStim: height = 25.0
178.9341 	EXP 	unnamed TextStim: height = 25.0
178.9341 	EXP 	unnamed TextStim: text = '↑'
180.6167 	DATA 	Keypress: up
180.6188 	EXP 	unnamed TextStim: height = 25.0
180.6188 	EXP 	unnamed TextStim: height = 25.0
180.6188 	EXP 	unnamed TextStim: height = 25.0
180.6188 	EXP 	unnamed TextStim: text = '→'
181.9706 	DATA 	Keypress: right
182.0798 	EXP 	Created unnamed ImageStim = ImageStim(__class__=<class 'psychopy.visual.image.ImageStim'>, anchor=('center', 'center'), autoLog=True, color=array([1., 1., 1.]), colorSpace='rgb', contrast=1.0, depth=0, flipHoriz=False, flipVert=False, image='break.jpg', interpolate=True, mask=None, maskParams=None, name='unnamed ImageStim', opacity=1.0, ori=0.0, pos=array([0., 0.]), size=array([1536.,  864.]), texRes=128, units='pix', win=Window(...))
183.7748 	DATA 	Keypress: space
183.7875 	EXP 	unnamed TextStim: text = '→'
185.3287 	DATA 	Keypress: right
185.3309 	EXP 	unnamed TextStim: height = 25.0
185.3309 	EXP 	unnamed TextStim: height = 25.0
185.3309 	EXP 	unnamed TextStim: height = 25.0
185.3309 	EXP 	unnamed TextStim: text = '←'
186.7586 	DATA 	Keypress: left
186.7607 	EXP 	unnamed TextStim: height = 25.0
186.7607 	EXP 	unnamed TextStim: height = 25.0
186.7607 	EXP 	unnamed TextStim: height = 25.0
186.7607 	EXP 	unnamed TextStim: text = '↓'
188.3149 	DATA 	Keypress: down
188.3159 	EXP 	unnamed TextStim: text = '↓'
189.8314 	DATA 	Keypress: down
189.8335 	EXP 	unnamed TextStim: height = 25.0
189.8335 	EXP 	unnamed TextStim: height = 25.0
189.8335 	EXP 	unnamed TextStim: height = 25.0
189.8335 	EXP 	unnamed TextStim: text = '←'
191.2724 	DATA 	Keypress: left
191.2736 	EXP 	unnamed TextStim: text = '←'
192.7258 	DATA 	Keypress: right
192.8371 	EXP 	Created unnamed ImageStim = ImageStim(__class__=<class 'psychopy.visual.image.ImageStim'>, anchor=('center', 'center'), autoLog=True, color=array([1., 1., 1.]), colorSpace='rgb', contrast=1.0, depth=0, flipHoriz=False, flipVert=False, image='break.jpg', interpolate=True, mask=None, maskParams=None, name='unnamed ImageStim', opacity=1.0, ori=0.0, pos=array([0., 0.]), size=array([1536.,  864.]), texRes=128, units='pix', win=Window(...))
194.2540 	DATA 	Keypress: space
194.2712 	EXP 	unnamed TextStim: height = 25.0
194.2712 	EXP 	unnamed TextStim: height = 25.0
194.2712 	EXP 	unnamed TextStim: height = 25.0
194.2712 	EXP 	unnamed TextStim: text = '↓'
195.6485 	DATA 	Keypress: down
195.6506 	EXP 	unnamed TextStim: height = 25.0
195.6506 	EXP 	unnamed TextStim: height = 25.0
195.6506 	EXP 	unnamed TextStim: height = 25.0
195.6506 	EXP 	unnamed TextStim: text = '→'
197.0548 	DATA 	Keypress: right
197.0559 	EXP 	unnamed TextStim: text = '→'
198.4346 	DATA 	Keypress: right
198.4358 	EXP 	unnamed TextStim: text = '→'
199.7572 	DATA 	Keypress: right
199.7583 	EXP 	unnamed TextStim: text = '→'
201.2429 	DATA 	Keypress: right
201.2440 	EXP 	unnamed TextStim: text = '→'
202.6887 	DATA 	Keypress: right
202.8030 	EXP 	Created unnamed ImageStim = ImageStim(__class__=<class 'psychopy.visual.image.ImageStim'>, anchor=('center', 'center'), autoLog=True, color=array([1., 1., 1.]), colorSpace='rgb', contrast=1.0, depth=0, flipHoriz=False, flipVert=False, image='break.jpg', interpolate=True, mask=None, maskParams=None, name='unnamed ImageStim', opacity=1.0, ori=0.0, pos=array([0., 0.]), size=array([1536.,  864.]), texRes=128, units='pix', win=Window(...))
203.7295 	DATA 	Keypress: space
203.7383 	EXP 	unnamed TextStim: height = 25.0
203.7383 	EXP 	unnamed TextStim: height = 25.0
203.7383 	EXP 	unnamed TextStim: height = 25.0
203.7383 	EXP 	unnamed TextStim: text = '↑'
205.2814 	DATA 	Keypress: down
205.2824 	EXP 	unnamed TextStim: text = '↑'
206.5880 	DATA 	Keypress: up
206.5892 	EXP 	unnamed TextStim: text = '↑'
208.0010 	DATA 	Keypress: up
208.0030 	EXP 	unnamed TextStim: height = 25.0
208.0030 	EXP 	unnamed TextStim: height = 25.0
208.0030 	EXP 	unnamed TextStim: height = 25.0
208.0030 	EXP 	unnamed TextStim: text = '↓'
209.3351 	DATA 	Keypress: down
209.3371 	EXP 	unnamed TextStim: height = 25.0
209.3371 	EXP 	unnamed TextStim: height = 25.0
209.3371 	EXP 	unnamed TextStim: height = 25.0
209.3371 	EXP 	unnamed TextStim: text = '←'
210.8865 	DATA 	Keypress: left
210.8886 	EXP 	unnamed TextStim: height = 25.0
210.8886 	EXP 	unnamed TextStim: height = 25.0
210.8886 	EXP 	unnamed TextStim: height = 25.0
210.8886 	EXP 	unnamed TextStim: text = '↑'
212.3629 	DATA 	Keypress: up
212.4690 	EXP 	Created unnamed ImageStim = ImageStim(__class__=<class 'psychopy.visual.image.ImageStim'>, anchor=('center', 'center'), autoLog=True, color=array([1., 1., 1.]), colorSpace='rgb', contrast=1.0, depth=0, flipHoriz=False, flipVert=False, image='break.jpg', interpolate=True, mask=None, maskParams=None, name='unnamed ImageStim', opacity=1.0, ori=0.0, pos=array([0., 0.]), size=array([1536.,  864.]), texRes=128, units='pix', win=Window(...))
213.5561 	DATA 	Keypress: space
213.5718 	EXP 	unnamed TextStim: height = 25.0
213.5718 	EXP 	unnamed TextStim: height = 25.0
213.5718 	EXP 	unnamed TextStim: height = 25.0
213.5718 	EXP 	unnamed TextStim: text = '←'
215.0465 	DATA 	Keypress: left
215.0477 	EXP 	unnamed TextStim: text = '←'
216.3990 	DATA 	Keypress: left
216.4002 	EXP 	unnamed TextStim: text = '←'
217.8241 	DATA 	Keypress: right
217.8262 	EXP 	unnamed TextStim: height = 25.0
217.8262 	EXP 	unnamed TextStim: height = 25.0
217.8262 	EXP 	unnamed TextStim: height = 25.0
217.8262 	EXP 	unnamed TextStim: text = '↑'
219.2730 	DATA 	Keypress: right
219.2740 	EXP 	unnamed TextStim: text = '↑'
220.6452 	DATA 	Keypress: up
220.6463 	EXP 	unnamed TextStim: text = '↑'
222.0817 	DATA 	Keypress: down
222.1867 	EXP 	Created unnamed ImageStim = ImageStim(__class__=<class 'psychopy.visual.image.ImageStim'>, anchor=('center', 'center'), autoLog=True, color=array([1., 1., 1.]), colorSpace='rgb', contrast=1.0, depth=0, flipHoriz=False, flipVert=False, image='break.jpg', interpolate=True, mask=None, maskParams=None, name='unnamed ImageStim', opacity=1.0, ori=0.0, pos=array([0., 0.]), size=array([1536.,  864.]), texRes=128, units='pix', win=Window(...))
223.1131 	DATA 	Keypress: space
223.1221 	EXP 	unnamed TextStim: height = 25.0
223.1221 	EXP 	unnamed TextStim: height = 25.0
223.1221 	EXP 	unnamed TextStim: height = 25.0
223.1221 	EXP 	unnamed TextStim: text = '←'
224.6365 	DATA 	Keypress: right
224.6377 	EXP 	unnamed TextStim: text = '←'
226.0377 	DATA 	Keypress: right
226.0400 	EXP 	unnamed TextStim: height = 25.0
226.0400 	EXP 	unnamed TextStim: height = 25.0
226.0400 	EXP 	unnamed TextStim: height = 25.0
226.0400 	EXP 	unnamed TextStim: text = '→'
227.4491 	DATA 	Keypress: left
227.4512 	EXP 	unnamed TextStim: height = 25.0
227.4512 	EXP 	unnamed TextStim: height = 25.0
227.4512 	EXP 	unnamed TextStim: height = 25.0
227.4512 	EXP 	unnamed TextStim: text = '↓'
228.7711 	DATA 	Keypress: down
228.7733 	EXP 	unnamed TextStim: height = 25.0
228.7733 	EXP 	unnamed TextStim: height = 25.0
228.7733 	EXP 	unnamed TextStim: height = 25.0
228.7733 	EXP 	unnamed TextStim: text = '↑'
230.1549 	DATA 	Keypress: up
230.1570 	EXP 	unnamed TextStim: height = 25.0
230.1570 	EXP 	unnamed TextStim: height = 25.0
230.1570 	EXP 	unnamed TextStim: height = 25.0
230.1570 	EXP 	unnamed TextStim: text = '←'
231.5286 	DATA 	Keypress: left
231.6303 	EXP 	Created unnamed ImageStim = ImageStim(__class__=<class 'psychopy.visual.image.ImageStim'>, anchor=('center', 'center'), autoLog=True, color=array([1., 1., 1.]), colorSpace='rgb', contrast=1.0, depth=0, flipHoriz=False, flipVert=False, image='break.jpg', interpolate=True, mask=None, maskParams=None, name='unnamed ImageStim', opacity=1.0, ori=0.0, pos=array([0., 0.]), size=array([1536.,  864.]), texRes=128, units='pix', win=Window(...))
232.5663 	DATA 	Keypress: space
232.5723 	EXP 	unnamed TextStim: text = '←'
234.1043 	DATA 	Keypress: left
234.1066 	EXP 	unnamed TextStim: height = 25.0
234.1066 	EXP 	unnamed TextStim: height = 25.0
234.1066 	EXP 	unnamed TextStim: height = 25.0
234.1066 	EXP 	unnamed TextStim: text = '↓'
235.5617 	DATA 	Keypress: up
235.5640 	EXP 	unnamed TextStim: height = 25.0
235.5640 	EXP 	unnamed TextStim: height = 25.0
235.5640 	EXP 	unnamed TextStim: height = 25.0
235.5640 	EXP 	unnamed TextStim: text = '→'
237.0359 	DATA 	Keypress: right
237.0381 	EXP 	unnamed TextStim: height = 25.0
237.0381 	EXP 	unnamed TextStim: height = 25.0
237.0381 	EXP 	unnamed TextStim: height = 25.0
237.0381 	EXP 	unnamed TextStim: text = '←'
238.3991 	DATA 	Keypress: left
238.4010 	EXP 	unnamed TextStim: height = 25.0
238.4010 	EXP 	unnamed TextStim: height = 25.0
238.4010 	EXP 	unnamed TextStim: height = 25.0
238.4010 	EXP 	unnamed TextStim: text = '↓'
239.8124 	DATA 	Keypress: down
239.8136 	EXP 	unnamed TextStim: text = '↓'
241.3015 	DATA 	Keypress: down
241.4097 	EXP 	Created unnamed ImageStim = ImageStim(__class__=<class 'psychopy.visual.image.ImageStim'>, anchor=('center', 'center'), autoLog=True, color=array([1., 1., 1.]), colorSpace='rgb', contrast=1.0, depth=0, flipHoriz=False, flipVert=False, image='break.jpg', interpolate=True, mask=None, maskParams=None, name='unnamed ImageStim', opacity=1.0, ori=0.0, pos=array([0., 0.]), size=array([1536.,  864.]), texRes=128, units='pix', win=Window(...))
242.4016 	DATA 	Keypress: space
242.4064 	EXP 	unnamed TextStim: height = 25.0
242.4064 	EXP 	unnamed TextStim: height = 25.0
242.4064 	EXP 	unnamed TextStim: height = 25.0
242.4064 	EXP 	unnamed TextStim: text = '→'
243.7943 	DATA 	Keypress: right
243.7956 	EXP 	unnamed TextStim: text = '→'
245.1436 	DATA 	Keypress: right
245.1447 	EXP 	unnamed TextStim: text = '→'
246.6850 	DATA 	Keypress: right
246.6884 	EXP 	unnamed TextStim: height = 25.0
246.6884 	EXP 	unnamed TextStim: height = 25.0
246.6884 	EXP 	unnamed TextStim: height = 25.0
246.6884 	EXP 	unnamed TextStim: text = '↓'
248.0439 	DATA 	Keypress: down
248.0459 	EXP 	unnamed TextStim: height = 25.0
248.0459 	EXP 	unnamed TextStim: height = 25.0
248.0459 	EXP 	unnamed TextStim: height = 25.0
248.0459 	EXP 	unnamed TextStim: text = '←'
249.5539 	DATA 	Keypress: down
249.5560 	EXP 	unnamed TextStim: height = 25.0
249.5560 	EXP 	unnamed TextStim: height = 25.0
249.5560 	EXP 	unnamed TextStim: height = 25.0
249.5560 	EXP 	unnamed TextStim: text = '↑'
250.8944 	DATA 	Keypress: up
250.9963 	EXP 	Created unnamed ImageStim = ImageStim(__class__=<class 'psychopy.visual.image.ImageStim'>, anchor=('center', 'center'), autoLog=True, color=array([1., 1., 1.]), colorSpace='rgb', contrast=1.0, depth=0, flipHoriz=False, flipVert=False, image='break.jpg', interpolate=True, mask=None, maskParams=None, name='unnamed ImageStim', opacity=1.0, ori=0.0, pos=array([0., 0.]), size=array([1536.,  864.]), texRes=128, units='pix', win=Window(...))
251.9851 	DATA 	Keypress: space
252.0038 	EXP 	Created unnamed TextStim = TextStim(__class__=<class 'psychopy.visual.text.TextStim'>, alignHoriz=method-wrapper(...), alignText='center', alignVert=method-wrapper(...), anchorHoriz='center', anchorVert='center', antialias=True, autoDraw=False, autoLog=True, bold=False, color=array([-1, -1, -1]), colorSpace='rgb', contrast=1.0, depth=0, flipHoriz=False, flipVert=False, font='', fontFiles=[], height=20.0, italic=False, languageStyle='LTR', name='unnamed TextStim', opacity=1.0, ori=0.0, pos=array([0., 0.]), rgb=UNKNOWN, text=str(...), units='pix', win=Window(...), wrapWidth=1536)
255.1840 	DATA 	Keypress: space
255.2799 	EXP 	window1: mouseVisible = True
