7.9383 	WARNING 	User requested fullscreen with size [1536  864], but screen is actually [1920, 1080]. Using actual size
9.4531 	INFO 	FRAME RATE: 60
9.4531 	INFO 	SCREEN RES: odict_values([1536, 864])
9.5122 	EXP 	Created unnamed TextStim = TextStim(__class__=<class 'psychopy.visual.text.TextStim'>, alignHoriz=method-wrapper(...), alignText='center', alignVert=method-wrapper(...), anchorHoriz='center', anchorVert='center', antialias=True, autoDraw=False, autoLog=True, bold=False, color=array([-1, -1, -1]), colorSpace='rgb', contrast=1.0, depth=0, flipHoriz=False, flipVert=False, font='', fontFiles=[], height=100.0, italic=False, languageStyle='LTR', name='unnamed TextStim', opacity=1.0, ori=0.0, pos=array([0., 0.]), rgb=UNKNOWN, text='+', units='pix', win=Window(...), wrapWidth=500)
9.5166 	EXP 	Created unnamed Circle = Circle(__class__=<class 'psychopy.visual.circle.Circle'>, anchor=('center', 'center'), autoDraw=False, autoLog=True, closeShape=True, color=method-wrapper(...), colorSpace='rgb', contrast=None, depth=0, fillColor=array([ 0.09019608, -1.        , -1.        ]), fillColorSpace='rgb', fillRGB=array([ 0.09019608, -1.        , -1.        ]), interpolate=True, lineColor=array([ 0.09019608, -1.        , -1.        ]), lineColorSpace='rgb', lineRGB=array([ 0.09019608, -1.        , -1.        ]), lineWidth=1.5, name='unnamed Circle', opacity=1.0, ori=0.0, pos=array([0., 0.]), size=array([1., 1.]), units='pix', vertices=ndarray(...), win=Window(...))
9.5179 	EXP 	Created unnamed TextStim = TextStim(__class__=<class 'psychopy.visual.text.TextStim'>, alignHoriz=method-wrapper(...), alignText='center', alignVert=method-wrapper(...), anchorHoriz='center', anchorVert='center', antialias=True, autoDraw=False, autoLog=True, bold=False, color=array([-0.17647059, -0.17647059, -0.17647059]), colorSpace='rgb', contrast=1.0, depth=0, flipHoriz=False, flipVert=False, font='', fontFiles=[], height=25, italic=False, languageStyle='LTR', name='unnamed TextStim', opacity=1.0, ori=0.0, pos=array([0., 0.]), rgb=UNKNOWN, text='', units='pix', win=Window(...), wrapWidth=500)
9.5271 	EXP 	Created unnamed ImageStim = ImageStim(__class__=<class 'psychopy.visual.image.ImageStim'>, anchor=('center', 'center'), autoLog=True, color=array([1., 1., 1.]), colorSpace='rgb', contrast=1.0, depth=0, flipHoriz=False, flipVert=False, image='mask4.png', interpolate=False, mask=None, maskParams=None, name='unnamed ImageStim', opacity=1.0, ori=0.0, pos=array([0., 0.]), size=array([25., 25.]), texRes=128, units='pix', win=Window(...))
9.5355 	EXP 	Created unnamed TextStim = TextStim(__class__=<class 'psychopy.visual.text.TextStim'>, alignHoriz=method-wrapper(...), alignText='center', alignVert=method-wrapper(...), anchorHoriz='center', anchorVert='center', antialias=True, autoDraw=False, autoLog=True, bold=False, color=array([-1, -1, -1]), colorSpace='rgb', contrast=1.0, depth=0, flipHoriz=False, flipVert=False, font='', fontFiles=[], height=30.0, italic=False, languageStyle='LTR', name='unnamed TextStim', opacity=1.0, ori=0.0, pos=array([ 100., -300.]), rgb=UNKNOWN, text=str(...), units='pix', win=Window(...), wrapWidth=10000)
9.5473 	EXP 	Created unnamed TextStim = TextStim(__class__=<class 'psychopy.visual.text.TextStim'>, alignHoriz=method-wrapper(...), alignText='center', alignVert=method-wrapper(...), anchorHoriz='center', anchorVert='center', antialias=True, autoDraw=False, autoLog=True, bold=False, color=array([-1, -1, -1]), colorSpace='rgb', contrast=1.0, depth=0, flipHoriz=False, flipVert=False, font='', fontFiles=[], height=30.0, italic=False, languageStyle='LTR', name='unnamed TextStim', opacity=1.0, ori=0.0, pos=array([ 100., -330.]), rgb=UNKNOWN, text=str(...), units='pix', win=Window(...), wrapWidth=10000)
9.5828 	EXP 	Created unnamed TextStim = TextStim(__class__=<class 'psychopy.visual.text.TextStim'>, alignHoriz=method-wrapper(...), alignText='center', alignVert=method-wrapper(...), anchorHoriz='center', anchorVert='center', antialias=True, autoDraw=False, autoLog=True, bold=False, color=array([-1, -1, -1]), colorSpace='rgb', contrast=1.0, depth=0, flipHoriz=False, flipVert=False, font='', fontFiles=[], height=20.0, italic=False, languageStyle='LTR', name='unnamed TextStim', opacity=1.0, ori=0.0, pos=array([0., 0.]), rgb=UNKNOWN, text=str(...), units='pix', win=Window(...), wrapWidth=1536)
34.4581 	DATA 	Keypress: space
34.4691 	EXP 	unnamed TextStim: height = 25.0
34.4691 	EXP 	unnamed TextStim: height = 25.0
34.4691 	EXP 	unnamed TextStim: height = 25.0
34.4691 	EXP 	unnamed TextStim: text = '←'
37.4363 	DATA 	No keypress (maxWait exceeded)
37.4447 	EXP 	Created unnamed TextStim = TextStim(__class__=<class 'psychopy.visual.text.TextStim'>, alignHoriz=method-wrapper(...), alignText='center', alignVert=method-wrapper(...), anchorHoriz='center', anchorVert='center', antialias=True, autoDraw=False, autoLog=True, bold=False, color=array([-1, -1, -1]), colorSpace='rgb', contrast=1.0, depth=0, flipHoriz=False, flipVert=False, font='', fontFiles=[], height=50.0, italic=False, languageStyle='LTR', name='unnamed TextStim', opacity=1.0, ori=0.0, pos=array([0., 0.]), rgb=UNKNOWN, text='Niepoprawnie', units='pix', win=Window(...), wrapWidth=500)
38.4528 	EXP 	unnamed TextStim: height = 25.0
38.4528 	EXP 	unnamed TextStim: height = 25.0
38.4528 	EXP 	unnamed TextStim: height = 25.0
38.4528 	EXP 	unnamed TextStim: text = '↓'
40.2933 	DATA 	Keypress: down
40.2966 	EXP 	Created unnamed TextStim = TextStim(__class__=<class 'psychopy.visual.text.TextStim'>, alignHoriz=method-wrapper(...), alignText='center', alignVert=method-wrapper(...), anchorHoriz='center', anchorVert='center', antialias=True, autoDraw=False, autoLog=True, bold=False, color=array([-1, -1, -1]), colorSpace='rgb', contrast=1.0, depth=0, flipHoriz=False, flipVert=False, font='', fontFiles=[], height=50.0, italic=False, languageStyle='LTR', name='unnamed TextStim', opacity=1.0, ori=0.0, pos=array([0., 0.]), rgb=UNKNOWN, text='Poprawnie', units='pix', win=Window(...), wrapWidth=500)
41.3029 	EXP 	unnamed TextStim: height = 25.0
41.3029 	EXP 	unnamed TextStim: height = 25.0
41.3029 	EXP 	unnamed TextStim: height = 25.0
41.3029 	EXP 	unnamed TextStim: text = '↑'
43.0560 	DATA 	Keypress: up
43.0580 	EXP 	Created unnamed TextStim = TextStim(__class__=<class 'psychopy.visual.text.TextStim'>, alignHoriz=method-wrapper(...), alignText='center', alignVert=method-wrapper(...), anchorHoriz='center', anchorVert='center', antialias=True, autoDraw=False, autoLog=True, bold=False, color=array([-1, -1, -1]), colorSpace='rgb', contrast=1.0, depth=0, flipHoriz=False, flipVert=False, font='', fontFiles=[], height=50.0, italic=False, languageStyle='LTR', name='unnamed TextStim', opacity=1.0, ori=0.0, pos=array([0., 0.]), rgb=UNKNOWN, text='Poprawnie', units='pix', win=Window(...), wrapWidth=500)
44.0697 	EXP 	unnamed TextStim: height = 25.0
44.0697 	EXP 	unnamed TextStim: height = 25.0
44.0697 	EXP 	unnamed TextStim: height = 25.0
44.0697 	EXP 	unnamed TextStim: text = '→'
45.5811 	DATA 	Keypress: right
45.5833 	EXP 	Created unnamed TextStim = TextStim(__class__=<class 'psychopy.visual.text.TextStim'>, alignHoriz=method-wrapper(...), alignText='center', alignVert=method-wrapper(...), anchorHoriz='center', anchorVert='center', antialias=True, autoDraw=False, autoLog=True, bold=False, color=array([-1, -1, -1]), colorSpace='rgb', contrast=1.0, depth=0, flipHoriz=False, flipVert=False, font='', fontFiles=[], height=50.0, italic=False, languageStyle='LTR', name='unnamed TextStim', opacity=1.0, ori=0.0, pos=array([0., 0.]), rgb=UNKNOWN, text='Poprawnie', units='pix', win=Window(...), wrapWidth=500)
46.5875 	EXP 	unnamed TextStim: height = 25.0
46.5875 	EXP 	unnamed TextStim: height = 25.0
46.5875 	EXP 	unnamed TextStim: height = 25.0
46.5875 	EXP 	unnamed TextStim: text = '↓'
48.3754 	DATA 	Keypress: down
48.3774 	EXP 	Created unnamed TextStim = TextStim(__class__=<class 'psychopy.visual.text.TextStim'>, alignHoriz=method-wrapper(...), alignText='center', alignVert=method-wrapper(...), anchorHoriz='center', anchorVert='center', antialias=True, autoDraw=False, autoLog=True, bold=False, color=array([-1, -1, -1]), colorSpace='rgb', contrast=1.0, depth=0, flipHoriz=False, flipVert=False, font='', fontFiles=[], height=50.0, italic=False, languageStyle='LTR', name='unnamed TextStim', opacity=1.0, ori=0.0, pos=array([0., 0.]), rgb=UNKNOWN, text='Poprawnie', units='pix', win=Window(...), wrapWidth=500)
49.3866 	EXP 	unnamed TextStim: height = 25.0
49.3866 	EXP 	unnamed TextStim: height = 25.0
49.3866 	EXP 	unnamed TextStim: height = 25.0
49.3866 	EXP 	unnamed TextStim: text = '↑'
51.1158 	DATA 	Keypress: up
51.1180 	EXP 	Created unnamed TextStim = TextStim(__class__=<class 'psychopy.visual.text.TextStim'>, alignHoriz=method-wrapper(...), alignText='center', alignVert=method-wrapper(...), anchorHoriz='center', anchorVert='center', antialias=True, autoDraw=False, autoLog=True, bold=False, color=array([-1, -1, -1]), colorSpace='rgb', contrast=1.0, depth=0, flipHoriz=False, flipVert=False, font='', fontFiles=[], height=50.0, italic=False, languageStyle='LTR', name='unnamed TextStim', opacity=1.0, ori=0.0, pos=array([0., 0.]), rgb=UNKNOWN, text='Poprawnie', units='pix', win=Window(...), wrapWidth=500)
52.1213 	EXP 	unnamed TextStim: height = 25.0
52.1213 	EXP 	unnamed TextStim: height = 25.0
52.1213 	EXP 	unnamed TextStim: height = 25.0
52.1213 	EXP 	unnamed TextStim: text = '→'
53.8888 	DATA 	Keypress: right
53.8913 	EXP 	Created unnamed TextStim = TextStim(__class__=<class 'psychopy.visual.text.TextStim'>, alignHoriz=method-wrapper(...), alignText='center', alignVert=method-wrapper(...), anchorHoriz='center', anchorVert='center', antialias=True, autoDraw=False, autoLog=True, bold=False, color=array([-1, -1, -1]), colorSpace='rgb', contrast=1.0, depth=0, flipHoriz=False, flipVert=False, font='', fontFiles=[], height=50.0, italic=False, languageStyle='LTR', name='unnamed TextStim', opacity=1.0, ori=0.0, pos=array([0., 0.]), rgb=UNKNOWN, text='Poprawnie', units='pix', win=Window(...), wrapWidth=500)
54.9035 	EXP 	unnamed TextStim: height = 25.0
54.9035 	EXP 	unnamed TextStim: height = 25.0
54.9035 	EXP 	unnamed TextStim: height = 25.0
54.9035 	EXP 	unnamed TextStim: text = '↓'
56.8604 	DATA 	Keypress: down
56.8624 	EXP 	Created unnamed TextStim = TextStim(__class__=<class 'psychopy.visual.text.TextStim'>, alignHoriz=method-wrapper(...), alignText='center', alignVert=method-wrapper(...), anchorHoriz='center', anchorVert='center', antialias=True, autoDraw=False, autoLog=True, bold=False, color=array([-1, -1, -1]), colorSpace='rgb', contrast=1.0, depth=0, flipHoriz=False, flipVert=False, font='', fontFiles=[], height=50.0, italic=False, languageStyle='LTR', name='unnamed TextStim', opacity=1.0, ori=0.0, pos=array([0., 0.]), rgb=UNKNOWN, text='Poprawnie', units='pix', win=Window(...), wrapWidth=500)
57.8702 	EXP 	unnamed TextStim: height = 25.0
57.8702 	EXP 	unnamed TextStim: height = 25.0
57.8702 	EXP 	unnamed TextStim: height = 25.0
57.8702 	EXP 	unnamed TextStim: text = '→'
59.6706 	DATA 	Keypress: up
59.6728 	EXP 	Created unnamed TextStim = TextStim(__class__=<class 'psychopy.visual.text.TextStim'>, alignHoriz=method-wrapper(...), alignText='center', alignVert=method-wrapper(...), anchorHoriz='center', anchorVert='center', antialias=True, autoDraw=False, autoLog=True, bold=False, color=array([-1, -1, -1]), colorSpace='rgb', contrast=1.0, depth=0, flipHoriz=False, flipVert=False, font='', fontFiles=[], height=50.0, italic=False, languageStyle='LTR', name='unnamed TextStim', opacity=1.0, ori=0.0, pos=array([0., 0.]), rgb=UNKNOWN, text='Niepoprawnie', units='pix', win=Window(...), wrapWidth=500)
60.6870 	EXP 	unnamed TextStim: height = 25.0
60.6870 	EXP 	unnamed TextStim: height = 25.0
60.6870 	EXP 	unnamed TextStim: height = 25.0
60.6870 	EXP 	unnamed TextStim: text = '←'
62.5092 	DATA 	Keypress: left
62.5117 	EXP 	Created unnamed TextStim = TextStim(__class__=<class 'psychopy.visual.text.TextStim'>, alignHoriz=method-wrapper(...), alignText='center', alignVert=method-wrapper(...), anchorHoriz='center', anchorVert='center', antialias=True, autoDraw=False, autoLog=True, bold=False, color=array([-1, -1, -1]), colorSpace='rgb', contrast=1.0, depth=0, flipHoriz=False, flipVert=False, font='', fontFiles=[], height=50.0, italic=False, languageStyle='LTR', name='unnamed TextStim', opacity=1.0, ori=0.0, pos=array([0., 0.]), rgb=UNKNOWN, text='Poprawnie', units='pix', win=Window(...), wrapWidth=500)
63.5205 	EXP 	unnamed TextStim: height = 25.0
63.5205 	EXP 	unnamed TextStim: height = 25.0
63.5205 	EXP 	unnamed TextStim: height = 25.0
63.5205 	EXP 	unnamed TextStim: text = '↑'
65.2876 	DATA 	Keypress: up
65.2901 	EXP 	Created unnamed TextStim = TextStim(__class__=<class 'psychopy.visual.text.TextStim'>, alignHoriz=method-wrapper(...), alignText='center', alignVert=method-wrapper(...), anchorHoriz='center', anchorVert='center', antialias=True, autoDraw=False, autoLog=True, bold=False, color=array([-1, -1, -1]), colorSpace='rgb', contrast=1.0, depth=0, flipHoriz=False, flipVert=False, font='', fontFiles=[], height=50.0, italic=False, languageStyle='LTR', name='unnamed TextStim', opacity=1.0, ori=0.0, pos=array([0., 0.]), rgb=UNKNOWN, text='Poprawnie', units='pix', win=Window(...), wrapWidth=500)
66.3039 	EXP 	unnamed TextStim: height = 25.0
66.3039 	EXP 	unnamed TextStim: height = 25.0
66.3039 	EXP 	unnamed TextStim: height = 25.0
66.3039 	EXP 	unnamed TextStim: text = '→'
68.1319 	DATA 	Keypress: right
68.1339 	EXP 	Created unnamed TextStim = TextStim(__class__=<class 'psychopy.visual.text.TextStim'>, alignHoriz=method-wrapper(...), alignText='center', alignVert=method-wrapper(...), anchorHoriz='center', anchorVert='center', antialias=True, autoDraw=False, autoLog=True, bold=False, color=array([-1, -1, -1]), colorSpace='rgb', contrast=1.0, depth=0, flipHoriz=False, flipVert=False, font='', fontFiles=[], height=50.0, italic=False, languageStyle='LTR', name='unnamed TextStim', opacity=1.0, ori=0.0, pos=array([0., 0.]), rgb=UNKNOWN, text='Poprawnie', units='pix', win=Window(...), wrapWidth=500)
69.1371 	EXP 	unnamed TextStim: text = '→'
70.9453 	DATA 	Keypress: right
70.9478 	EXP 	Created unnamed TextStim = TextStim(__class__=<class 'psychopy.visual.text.TextStim'>, alignHoriz=method-wrapper(...), alignText='center', alignVert=method-wrapper(...), anchorHoriz='center', anchorVert='center', antialias=True, autoDraw=False, autoLog=True, bold=False, color=array([-1, -1, -1]), colorSpace='rgb', contrast=1.0, depth=0, flipHoriz=False, flipVert=False, font='', fontFiles=[], height=50.0, italic=False, languageStyle='LTR', name='unnamed TextStim', opacity=1.0, ori=0.0, pos=array([0., 0.]), rgb=UNKNOWN, text='Poprawnie', units='pix', win=Window(...), wrapWidth=500)
71.9539 	EXP 	unnamed TextStim: height = 25.0
71.9539 	EXP 	unnamed TextStim: height = 25.0
71.9539 	EXP 	unnamed TextStim: height = 25.0
71.9539 	EXP 	unnamed TextStim: text = '↓'
73.8245 	DATA 	Keypress: down
73.8269 	EXP 	Created unnamed TextStim = TextStim(__class__=<class 'psychopy.visual.text.TextStim'>, alignHoriz=method-wrapper(...), alignText='center', alignVert=method-wrapper(...), anchorHoriz='center', anchorVert='center', antialias=True, autoDraw=False, autoLog=True, bold=False, color=array([-1, -1, -1]), colorSpace='rgb', contrast=1.0, depth=0, flipHoriz=False, flipVert=False, font='', fontFiles=[], height=50.0, italic=False, languageStyle='LTR', name='unnamed TextStim', opacity=1.0, ori=0.0, pos=array([0., 0.]), rgb=UNKNOWN, text='Poprawnie', units='pix', win=Window(...), wrapWidth=500)
74.8375 	EXP 	unnamed TextStim: text = '↓'
76.6225 	DATA 	Keypress: down
76.6246 	EXP 	Created unnamed TextStim = TextStim(__class__=<class 'psychopy.visual.text.TextStim'>, alignHoriz=method-wrapper(...), alignText='center', alignVert=method-wrapper(...), anchorHoriz='center', anchorVert='center', antialias=True, autoDraw=False, autoLog=True, bold=False, color=array([-1, -1, -1]), colorSpace='rgb', contrast=1.0, depth=0, flipHoriz=False, flipVert=False, font='', fontFiles=[], height=50.0, italic=False, languageStyle='LTR', name='unnamed TextStim', opacity=1.0, ori=0.0, pos=array([0., 0.]), rgb=UNKNOWN, text='Poprawnie', units='pix', win=Window(...), wrapWidth=500)
77.6568 	EXP 	Created unnamed TextStim = TextStim(__class__=<class 'psychopy.visual.text.TextStim'>, alignHoriz=method-wrapper(...), alignText='center', alignVert=method-wrapper(...), anchorHoriz='center', anchorVert='center', antialias=True, autoDraw=False, autoLog=True, bold=False, color=array([-1, -1, -1]), colorSpace='rgb', contrast=1.0, depth=0, flipHoriz=False, flipVert=False, font='', fontFiles=[], height=20.0, italic=False, languageStyle='LTR', name='unnamed TextStim', opacity=1.0, ori=0.0, pos=array([0., 0.]), rgb=UNKNOWN, text=str(...), units='pix', win=Window(...), wrapWidth=1536)
89.2279 	DATA 	Keypress: space
89.2378 	EXP 	unnamed TextStim: height = 25.0
89.2378 	EXP 	unnamed TextStim: height = 25.0
89.2378 	EXP 	unnamed TextStim: height = 25.0
89.2378 	EXP 	unnamed TextStim: text = '→'
90.6858 	DATA 	Keypress: right
90.6921 	EXP 	Created unnamed TextStim = TextStim(__class__=<class 'psychopy.visual.text.TextStim'>, alignHoriz=method-wrapper(...), alignText='center', alignVert=method-wrapper(...), anchorHoriz='center', anchorVert='center', antialias=True, autoDraw=False, autoLog=True, bold=False, color=array([-1, -1, -1]), colorSpace='rgb', contrast=1.0, depth=0, flipHoriz=False, flipVert=False, font='', fontFiles=[], height=50.0, italic=False, languageStyle='LTR', name='unnamed TextStim', opacity=1.0, ori=0.0, pos=array([0., 0.]), rgb=UNKNOWN, text='Poprawnie', units='pix', win=Window(...), wrapWidth=500)
91.7049 	EXP 	unnamed TextStim: height = 25.0
91.7049 	EXP 	unnamed TextStim: height = 25.0
91.7049 	EXP 	unnamed TextStim: height = 25.0
91.7049 	EXP 	unnamed TextStim: text = '↑'
93.4587 	DATA 	Keypress: up
93.4613 	EXP 	Created unnamed TextStim = TextStim(__class__=<class 'psychopy.visual.text.TextStim'>, alignHoriz=method-wrapper(...), alignText='center', alignVert=method-wrapper(...), anchorHoriz='center', anchorVert='center', antialias=True, autoDraw=False, autoLog=True, bold=False, color=array([-1, -1, -1]), colorSpace='rgb', contrast=1.0, depth=0, flipHoriz=False, flipVert=False, font='', fontFiles=[], height=50.0, italic=False, languageStyle='LTR', name='unnamed TextStim', opacity=1.0, ori=0.0, pos=array([0., 0.]), rgb=UNKNOWN, text='Poprawnie', units='pix', win=Window(...), wrapWidth=500)
94.4716 	EXP 	unnamed TextStim: height = 25.0
94.4716 	EXP 	unnamed TextStim: height = 25.0
94.4716 	EXP 	unnamed TextStim: height = 25.0
94.4716 	EXP 	unnamed TextStim: text = '←'
96.2150 	DATA 	Keypress: left
96.2169 	EXP 	Created unnamed TextStim = TextStim(__class__=<class 'psychopy.visual.text.TextStim'>, alignHoriz=method-wrapper(...), alignText='center', alignVert=method-wrapper(...), anchorHoriz='center', anchorVert='center', antialias=True, autoDraw=False, autoLog=True, bold=False, color=array([-1, -1, -1]), colorSpace='rgb', contrast=1.0, depth=0, flipHoriz=False, flipVert=False, font='', fontFiles=[], height=50.0, italic=False, languageStyle='LTR', name='unnamed TextStim', opacity=1.0, ori=0.0, pos=array([0., 0.]), rgb=UNKNOWN, text='Poprawnie', units='pix', win=Window(...), wrapWidth=500)
97.2215 	EXP 	unnamed TextStim: height = 25.0
97.2215 	EXP 	unnamed TextStim: height = 25.0
97.2215 	EXP 	unnamed TextStim: height = 25.0
97.2215 	EXP 	unnamed TextStim: text = '↓'
99.1332 	DATA 	Keypress: down
99.1351 	EXP 	Created unnamed TextStim = TextStim(__class__=<class 'psychopy.visual.text.TextStim'>, alignHoriz=method-wrapper(...), alignText='center', alignVert=method-wrapper(...), anchorHoriz='center', anchorVert='center', antialias=True, autoDraw=False, autoLog=True, bold=False, color=array([-1, -1, -1]), colorSpace='rgb', contrast=1.0, depth=0, flipHoriz=False, flipVert=False, font='', fontFiles=[], height=50.0, italic=False, languageStyle='LTR', name='unnamed TextStim', opacity=1.0, ori=0.0, pos=array([0., 0.]), rgb=UNKNOWN, text='Poprawnie', units='pix', win=Window(...), wrapWidth=500)
100.1382 	EXP 	unnamed TextStim: text = '↓'
101.7746 	DATA 	Keypress: down
101.7766 	EXP 	Created unnamed TextStim = TextStim(__class__=<class 'psychopy.visual.text.TextStim'>, alignHoriz=method-wrapper(...), alignText='center', alignVert=method-wrapper(...), anchorHoriz='center', anchorVert='center', antialias=True, autoDraw=False, autoLog=True, bold=False, color=array([-1, -1, -1]), colorSpace='rgb', contrast=1.0, depth=0, flipHoriz=False, flipVert=False, font='', fontFiles=[], height=50.0, italic=False, languageStyle='LTR', name='unnamed TextStim', opacity=1.0, ori=0.0, pos=array([0., 0.]), rgb=UNKNOWN, text='Poprawnie', units='pix', win=Window(...), wrapWidth=500)
102.7886 	EXP 	unnamed TextStim: text = '↓'
104.6328 	DATA 	Keypress: down
104.6348 	EXP 	Created unnamed TextStim = TextStim(__class__=<class 'psychopy.visual.text.TextStim'>, alignHoriz=method-wrapper(...), alignText='center', alignVert=method-wrapper(...), anchorHoriz='center', anchorVert='center', antialias=True, autoDraw=False, autoLog=True, bold=False, color=array([-1, -1, -1]), colorSpace='rgb', contrast=1.0, depth=0, flipHoriz=False, flipVert=False, font='', fontFiles=[], height=50.0, italic=False, languageStyle='LTR', name='unnamed TextStim', opacity=1.0, ori=0.0, pos=array([0., 0.]), rgb=UNKNOWN, text='Poprawnie', units='pix', win=Window(...), wrapWidth=500)
105.6396 	EXP 	unnamed TextStim: height = 25.0
105.6396 	EXP 	unnamed TextStim: height = 25.0
105.6396 	EXP 	unnamed TextStim: height = 25.0
105.6396 	EXP 	unnamed TextStim: text = '→'
107.3062 	DATA 	Keypress: right
107.3086 	EXP 	Created unnamed TextStim = TextStim(__class__=<class 'psychopy.visual.text.TextStim'>, alignHoriz=method-wrapper(...), alignText='center', alignVert=method-wrapper(...), anchorHoriz='center', anchorVert='center', antialias=True, autoDraw=False, autoLog=True, bold=False, color=array([-1, -1, -1]), colorSpace='rgb', contrast=1.0, depth=0, flipHoriz=False, flipVert=False, font='', fontFiles=[], height=50.0, italic=False, languageStyle='LTR', name='unnamed TextStim', opacity=1.0, ori=0.0, pos=array([0., 0.]), rgb=UNKNOWN, text='Poprawnie', units='pix', win=Window(...), wrapWidth=500)
108.3221 	EXP 	unnamed TextStim: height = 25.0
108.3221 	EXP 	unnamed TextStim: height = 25.0
108.3221 	EXP 	unnamed TextStim: height = 25.0
108.3221 	EXP 	unnamed TextStim: text = '↓'
110.0230 	DATA 	Keypress: down
110.0250 	EXP 	Created unnamed TextStim = TextStim(__class__=<class 'psychopy.visual.text.TextStim'>, alignHoriz=method-wrapper(...), alignText='center', alignVert=method-wrapper(...), anchorHoriz='center', anchorVert='center', antialias=True, autoDraw=False, autoLog=True, bold=False, color=array([-1, -1, -1]), colorSpace='rgb', contrast=1.0, depth=0, flipHoriz=False, flipVert=False, font='', fontFiles=[], height=50.0, italic=False, languageStyle='LTR', name='unnamed TextStim', opacity=1.0, ori=0.0, pos=array([0., 0.]), rgb=UNKNOWN, text='Poprawnie', units='pix', win=Window(...), wrapWidth=500)
111.0390 	EXP 	unnamed TextStim: text = '↓'
112.5348 	DATA 	Keypress: down
112.5368 	EXP 	Created unnamed TextStim = TextStim(__class__=<class 'psychopy.visual.text.TextStim'>, alignHoriz=method-wrapper(...), alignText='center', alignVert=method-wrapper(...), anchorHoriz='center', anchorVert='center', antialias=True, autoDraw=False, autoLog=True, bold=False, color=array([-1, -1, -1]), colorSpace='rgb', contrast=1.0, depth=0, flipHoriz=False, flipVert=False, font='', fontFiles=[], height=50.0, italic=False, languageStyle='LTR', name='unnamed TextStim', opacity=1.0, ori=0.0, pos=array([0., 0.]), rgb=UNKNOWN, text='Poprawnie', units='pix', win=Window(...), wrapWidth=500)
113.5557 	EXP 	unnamed TextStim: height = 25.0
113.5557 	EXP 	unnamed TextStim: height = 25.0
113.5557 	EXP 	unnamed TextStim: height = 25.0
113.5557 	EXP 	unnamed TextStim: text = '→'
115.1499 	DATA 	Keypress: right
115.1524 	EXP 	Created unnamed TextStim = TextStim(__class__=<class 'psychopy.visual.text.TextStim'>, alignHoriz=method-wrapper(...), alignText='center', alignVert=method-wrapper(...), anchorHoriz='center', anchorVert='center', antialias=True, autoDraw=False, autoLog=True, bold=False, color=array([-1, -1, -1]), colorSpace='rgb', contrast=1.0, depth=0, flipHoriz=False, flipVert=False, font='', fontFiles=[], height=50.0, italic=False, languageStyle='LTR', name='unnamed TextStim', opacity=1.0, ori=0.0, pos=array([0., 0.]), rgb=UNKNOWN, text='Poprawnie', units='pix', win=Window(...), wrapWidth=500)
116.1824 	EXP 	Created unnamed TextStim = TextStim(__class__=<class 'psychopy.visual.text.TextStim'>, alignHoriz=method-wrapper(...), alignText='center', alignVert=method-wrapper(...), anchorHoriz='center', anchorVert='center', antialias=True, autoDraw=False, autoLog=True, bold=False, color=array([-1, -1, -1]), colorSpace='rgb', contrast=1.0, depth=0, flipHoriz=False, flipVert=False, font='', fontFiles=[], height=20.0, italic=False, languageStyle='LTR', name='unnamed TextStim', opacity=1.0, ori=0.0, pos=array([0., 0.]), rgb=UNKNOWN, text=str(...), units='pix', win=Window(...), wrapWidth=1536)
131.0228 	DATA 	Keypress: space
131.0397 	EXP 	unnamed TextStim: height = 25.0
131.0397 	EXP 	unnamed TextStim: height = 25.0
131.0397 	EXP 	unnamed TextStim: height = 25.0
131.0397 	EXP 	unnamed TextStim: text = '←'
132.8857 	DATA 	Keypress: left
132.8869 	EXP 	unnamed TextStim: text = '←'
134.5158 	DATA 	Keypress: right
134.5190 	EXP 	unnamed TextStim: height = 25.0
134.5190 	EXP 	unnamed TextStim: height = 25.0
134.5190 	EXP 	unnamed TextStim: height = 25.0
134.5190 	EXP 	unnamed TextStim: text = '↓'
136.0763 	DATA 	Keypress: down
136.0791 	EXP 	unnamed TextStim: height = 25.0
136.0791 	EXP 	unnamed TextStim: height = 25.0
136.0791 	EXP 	unnamed TextStim: height = 25.0
136.0791 	EXP 	unnamed TextStim: text = '↑'
138.1413 	DATA 	Keypress: left
138.1441 	EXP 	unnamed TextStim: height = 25.0
138.1441 	EXP 	unnamed TextStim: height = 25.0
138.1441 	EXP 	unnamed TextStim: height = 25.0
138.1441 	EXP 	unnamed TextStim: text = '→'
139.8476 	DATA 	Keypress: right
139.8498 	EXP 	unnamed TextStim: height = 25.0
139.8498 	EXP 	unnamed TextStim: height = 25.0
139.8498 	EXP 	unnamed TextStim: height = 25.0
139.8498 	EXP 	unnamed TextStim: text = '↑'
141.4270 	DATA 	Keypress: up
141.6561 	EXP 	Created unnamed ImageStim = ImageStim(__class__=<class 'psychopy.visual.image.ImageStim'>, anchor=('center', 'center'), autoLog=True, color=array([1., 1., 1.]), colorSpace='rgb', contrast=1.0, depth=0, flipHoriz=False, flipVert=False, image='break.jpg', interpolate=True, mask=None, maskParams=None, name='unnamed ImageStim', opacity=1.0, ori=0.0, pos=array([0., 0.]), size=array([1536.,  864.]), texRes=128, units='pix', win=Window(...))
147.2674 	DATA 	Keypress: space
147.2734 	EXP 	unnamed TextStim: height = 25.0
147.2734 	EXP 	unnamed TextStim: height = 25.0
147.2734 	EXP 	unnamed TextStim: height = 25.0
147.2734 	EXP 	unnamed TextStim: text = '↓'
148.7879 	DATA 	Keypress: down
148.7901 	EXP 	unnamed TextStim: height = 25.0
148.7901 	EXP 	unnamed TextStim: height = 25.0
148.7901 	EXP 	unnamed TextStim: height = 25.0
148.7901 	EXP 	unnamed TextStim: text = '→'
150.3320 	DATA 	Keypress: right
150.3341 	EXP 	unnamed TextStim: height = 25.0
150.3341 	EXP 	unnamed TextStim: height = 25.0
150.3341 	EXP 	unnamed TextStim: height = 25.0
150.3341 	EXP 	unnamed TextStim: text = '↑'
151.8673 	DATA 	Keypress: up
151.8719 	EXP 	unnamed TextStim: height = 25.0
151.8719 	EXP 	unnamed TextStim: height = 25.0
151.8719 	EXP 	unnamed TextStim: height = 25.0
151.8719 	EXP 	unnamed TextStim: text = '↓'
153.3351 	DATA 	Keypress: down
153.3376 	EXP 	unnamed TextStim: height = 25.0
153.3376 	EXP 	unnamed TextStim: height = 25.0
153.3376 	EXP 	unnamed TextStim: height = 25.0
153.3376 	EXP 	unnamed TextStim: text = '←'
154.9162 	DATA 	Keypress: right
154.9184 	EXP 	unnamed TextStim: height = 25.0
154.9184 	EXP 	unnamed TextStim: height = 25.0
154.9184 	EXP 	unnamed TextStim: height = 25.0
154.9184 	EXP 	unnamed TextStim: text = '→'
156.6495 	DATA 	Keypress: right
156.7580 	EXP 	Created unnamed ImageStim = ImageStim(__class__=<class 'psychopy.visual.image.ImageStim'>, anchor=('center', 'center'), autoLog=True, color=array([1., 1., 1.]), colorSpace='rgb', contrast=1.0, depth=0, flipHoriz=False, flipVert=False, image='break.jpg', interpolate=True, mask=None, maskParams=None, name='unnamed ImageStim', opacity=1.0, ori=0.0, pos=array([0., 0.]), size=array([1536.,  864.]), texRes=128, units='pix', win=Window(...))
160.7601 	DATA 	Keypress: space
160.7741 	EXP 	unnamed TextStim: height = 25.0
160.7741 	EXP 	unnamed TextStim: height = 25.0
160.7741 	EXP 	unnamed TextStim: height = 25.0
160.7741 	EXP 	unnamed TextStim: text = '←'
162.3146 	DATA 	Keypress: left
162.3168 	EXP 	unnamed TextStim: height = 25.0
162.3168 	EXP 	unnamed TextStim: height = 25.0
162.3168 	EXP 	unnamed TextStim: height = 25.0
162.3168 	EXP 	unnamed TextStim: text = '↓'
164.0235 	DATA 	Keypress: left
164.0257 	EXP 	unnamed TextStim: height = 25.0
164.0257 	EXP 	unnamed TextStim: height = 25.0
164.0257 	EXP 	unnamed TextStim: height = 25.0
164.0257 	EXP 	unnamed TextStim: text = '↑'
165.4305 	DATA 	Keypress: up
165.4326 	EXP 	unnamed TextStim: height = 25.0
165.4326 	EXP 	unnamed TextStim: height = 25.0
165.4326 	EXP 	unnamed TextStim: height = 25.0
165.4326 	EXP 	unnamed TextStim: text = '↓'
166.8952 	DATA 	Keypress: down
166.8973 	EXP 	unnamed TextStim: height = 25.0
166.8973 	EXP 	unnamed TextStim: height = 25.0
166.8973 	EXP 	unnamed TextStim: height = 25.0
166.8973 	EXP 	unnamed TextStim: text = '↑'
168.2958 	DATA 	Keypress: up
168.2977 	EXP 	unnamed TextStim: height = 25.0
168.2977 	EXP 	unnamed TextStim: height = 25.0
168.2977 	EXP 	unnamed TextStim: height = 25.0
168.2977 	EXP 	unnamed TextStim: text = '→'
169.6153 	DATA 	Keypress: right
169.7340 	EXP 	Created unnamed ImageStim = ImageStim(__class__=<class 'psychopy.visual.image.ImageStim'>, anchor=('center', 'center'), autoLog=True, color=array([1., 1., 1.]), colorSpace='rgb', contrast=1.0, depth=0, flipHoriz=False, flipVert=False, image='break.jpg', interpolate=True, mask=None, maskParams=None, name='unnamed ImageStim', opacity=1.0, ori=0.0, pos=array([0., 0.]), size=array([1536.,  864.]), texRes=128, units='pix', win=Window(...))
173.7133 	DATA 	Keypress: space
173.7247 	EXP 	unnamed TextStim: text = '→'
175.2045 	DATA 	Keypress: right
175.2058 	EXP 	unnamed TextStim: text = '→'
176.6549 	DATA 	Keypress: right
176.6561 	EXP 	unnamed TextStim: text = '→'
178.3263 	DATA 	Keypress: right
178.3275 	EXP 	unnamed TextStim: text = '→'
179.8778 	DATA 	Keypress: right
179.8789 	EXP 	unnamed TextStim: text = '→'
181.4856 	DATA 	Keypress: right
181.4877 	EXP 	unnamed TextStim: height = 25.0
181.4877 	EXP 	unnamed TextStim: height = 25.0
181.4877 	EXP 	unnamed TextStim: height = 25.0
181.4877 	EXP 	unnamed TextStim: text = '↓'
183.0650 	DATA 	Keypress: right
183.1729 	EXP 	Created unnamed ImageStim = ImageStim(__class__=<class 'psychopy.visual.image.ImageStim'>, anchor=('center', 'center'), autoLog=True, color=array([1., 1., 1.]), colorSpace='rgb', contrast=1.0, depth=0, flipHoriz=False, flipVert=False, image='break.jpg', interpolate=True, mask=None, maskParams=None, name='unnamed ImageStim', opacity=1.0, ori=0.0, pos=array([0., 0.]), size=array([1536.,  864.]), texRes=128, units='pix', win=Window(...))
185.7311 	DATA 	Keypress: space
185.7418 	EXP 	unnamed TextStim: height = 25.0
185.7418 	EXP 	unnamed TextStim: height = 25.0
185.7418 	EXP 	unnamed TextStim: height = 25.0
185.7418 	EXP 	unnamed TextStim: text = '→'
187.2857 	DATA 	Keypress: right
187.2879 	EXP 	unnamed TextStim: height = 25.0
187.2879 	EXP 	unnamed TextStim: height = 25.0
187.2879 	EXP 	unnamed TextStim: height = 25.0
187.2879 	EXP 	unnamed TextStim: text = '↑'
188.9027 	DATA 	Keypress: right
188.9048 	EXP 	unnamed TextStim: height = 25.0
188.9048 	EXP 	unnamed TextStim: height = 25.0
188.9048 	EXP 	unnamed TextStim: height = 25.0
188.9048 	EXP 	unnamed TextStim: text = '↓'
190.5667 	DATA 	Keypress: right
190.5689 	EXP 	unnamed TextStim: height = 25.0
190.5689 	EXP 	unnamed TextStim: height = 25.0
190.5689 	EXP 	unnamed TextStim: height = 25.0
190.5689 	EXP 	unnamed TextStim: text = '←'
192.1394 	DATA 	Keypress: left
192.1406 	EXP 	unnamed TextStim: text = '←'
193.6497 	DATA 	Keypress: left
193.6518 	EXP 	unnamed TextStim: height = 25.0
193.6518 	EXP 	unnamed TextStim: height = 25.0
193.6518 	EXP 	unnamed TextStim: height = 25.0
193.6518 	EXP 	unnamed TextStim: text = '→'
195.5863 	DATA 	Keypress: right
195.7182 	EXP 	Created unnamed ImageStim = ImageStim(__class__=<class 'psychopy.visual.image.ImageStim'>, anchor=('center', 'center'), autoLog=True, color=array([1., 1., 1.]), colorSpace='rgb', contrast=1.0, depth=0, flipHoriz=False, flipVert=False, image='break.jpg', interpolate=True, mask=None, maskParams=None, name='unnamed ImageStim', opacity=1.0, ori=0.0, pos=array([0., 0.]), size=array([1536.,  864.]), texRes=128, units='pix', win=Window(...))
198.2693 	DATA 	Keypress: space
198.2754 	EXP 	unnamed TextStim: height = 25.0
198.2754 	EXP 	unnamed TextStim: height = 25.0
198.2754 	EXP 	unnamed TextStim: height = 25.0
198.2754 	EXP 	unnamed TextStim: text = '↑'
199.9975 	DATA 	Keypress: left
200.0041 	EXP 	unnamed TextStim: height = 25.0
200.0041 	EXP 	unnamed TextStim: height = 25.0
200.0041 	EXP 	unnamed TextStim: height = 25.0
200.0041 	EXP 	unnamed TextStim: text = '↓'
201.6738 	DATA 	Keypress: down
201.6757 	EXP 	unnamed TextStim: height = 25.0
201.6757 	EXP 	unnamed TextStim: height = 25.0
201.6757 	EXP 	unnamed TextStim: height = 25.0
201.6757 	EXP 	unnamed TextStim: text = '→'
203.2118 	DATA 	Keypress: up
203.2140 	EXP 	unnamed TextStim: height = 25.0
203.2140 	EXP 	unnamed TextStim: height = 25.0
203.2140 	EXP 	unnamed TextStim: height = 25.0
203.2140 	EXP 	unnamed TextStim: text = '↓'
204.8493 	DATA 	Keypress: down
204.8515 	EXP 	unnamed TextStim: height = 25.0
204.8515 	EXP 	unnamed TextStim: height = 25.0
204.8515 	EXP 	unnamed TextStim: height = 25.0
204.8515 	EXP 	unnamed TextStim: text = '↑'
206.4008 	DATA 	Keypress: up
206.4030 	EXP 	unnamed TextStim: height = 25.0
206.4030 	EXP 	unnamed TextStim: height = 25.0
206.4030 	EXP 	unnamed TextStim: height = 25.0
206.4030 	EXP 	unnamed TextStim: text = '←'
208.0890 	DATA 	Keypress: left
208.2100 	EXP 	Created unnamed ImageStim = ImageStim(__class__=<class 'psychopy.visual.image.ImageStim'>, anchor=('center', 'center'), autoLog=True, color=array([1., 1., 1.]), colorSpace='rgb', contrast=1.0, depth=0, flipHoriz=False, flipVert=False, image='break.jpg', interpolate=True, mask=None, maskParams=None, name='unnamed ImageStim', opacity=1.0, ori=0.0, pos=array([0., 0.]), size=array([1536.,  864.]), texRes=128, units='pix', win=Window(...))
210.7746 	DATA 	Keypress: space
210.7775 	EXP 	unnamed TextStim: height = 25.0
210.7775 	EXP 	unnamed TextStim: height = 25.0
210.7775 	EXP 	unnamed TextStim: height = 25.0
210.7775 	EXP 	unnamed TextStim: text = '↓'
212.5401 	DATA 	Keypress: up
212.5413 	EXP 	unnamed TextStim: text = '↓'
214.1276 	DATA 	Keypress: right
214.1297 	EXP 	unnamed TextStim: height = 25.0
214.1297 	EXP 	unnamed TextStim: height = 25.0
214.1297 	EXP 	unnamed TextStim: height = 25.0
214.1297 	EXP 	unnamed TextStim: text = '→'
215.7166 	DATA 	Keypress: right
215.7178 	EXP 	unnamed TextStim: text = '→'
217.1912 	DATA 	Keypress: right
217.1934 	EXP 	unnamed TextStim: height = 25.0
217.1934 	EXP 	unnamed TextStim: height = 25.0
217.1934 	EXP 	unnamed TextStim: height = 25.0
217.1934 	EXP 	unnamed TextStim: text = '←'
218.7505 	DATA 	Keypress: left
218.7526 	EXP 	unnamed TextStim: height = 25.0
218.7526 	EXP 	unnamed TextStim: height = 25.0
218.7526 	EXP 	unnamed TextStim: height = 25.0
218.7526 	EXP 	unnamed TextStim: text = '→'
220.3129 	DATA 	Keypress: left
220.4298 	EXP 	Created unnamed ImageStim = ImageStim(__class__=<class 'psychopy.visual.image.ImageStim'>, anchor=('center', 'center'), autoLog=True, color=array([1., 1., 1.]), colorSpace='rgb', contrast=1.0, depth=0, flipHoriz=False, flipVert=False, image='break.jpg', interpolate=True, mask=None, maskParams=None, name='unnamed ImageStim', opacity=1.0, ori=0.0, pos=array([0., 0.]), size=array([1536.,  864.]), texRes=128, units='pix', win=Window(...))
222.4536 	DATA 	Keypress: space
222.4598 	EXP 	unnamed TextStim: height = 25.0
222.4598 	EXP 	unnamed TextStim: height = 25.0
222.4598 	EXP 	unnamed TextStim: height = 25.0
222.4598 	EXP 	unnamed TextStim: text = '↓'
224.0665 	DATA 	Keypress: down
224.0676 	EXP 	unnamed TextStim: text = '↓'
225.6266 	DATA 	Keypress: down
225.6297 	EXP 	unnamed TextStim: height = 25.0
225.6297 	EXP 	unnamed TextStim: height = 25.0
225.6297 	EXP 	unnamed TextStim: height = 25.0
225.6297 	EXP 	unnamed TextStim: text = '→'
227.2748 	DATA 	Keypress: right
227.2771 	EXP 	unnamed TextStim: height = 25.0
227.2771 	EXP 	unnamed TextStim: height = 25.0
227.2771 	EXP 	unnamed TextStim: height = 25.0
227.2771 	EXP 	unnamed TextStim: text = '↓'
228.7611 	DATA 	Keypress: down
228.7623 	EXP 	unnamed TextStim: text = '↓'
230.4072 	DATA 	Keypress: down
230.4094 	EXP 	unnamed TextStim: height = 25.0
230.4094 	EXP 	unnamed TextStim: height = 25.0
230.4094 	EXP 	unnamed TextStim: height = 25.0
230.4094 	EXP 	unnamed TextStim: text = '←'
231.8957 	DATA 	Keypress: left
232.0031 	EXP 	Created unnamed ImageStim = ImageStim(__class__=<class 'psychopy.visual.image.ImageStim'>, anchor=('center', 'center'), autoLog=True, color=array([1., 1., 1.]), colorSpace='rgb', contrast=1.0, depth=0, flipHoriz=False, flipVert=False, image='break.jpg', interpolate=True, mask=None, maskParams=None, name='unnamed ImageStim', opacity=1.0, ori=0.0, pos=array([0., 0.]), size=array([1536.,  864.]), texRes=128, units='pix', win=Window(...))
234.1597 	DATA 	Keypress: space
234.1770 	EXP 	unnamed TextStim: height = 25.0
234.1770 	EXP 	unnamed TextStim: height = 25.0
234.1770 	EXP 	unnamed TextStim: height = 25.0
234.1770 	EXP 	unnamed TextStim: text = '↑'
235.9489 	DATA 	Keypress: left
235.9511 	EXP 	unnamed TextStim: height = 25.0
235.9511 	EXP 	unnamed TextStim: height = 25.0
235.9511 	EXP 	unnamed TextStim: height = 25.0
235.9511 	EXP 	unnamed TextStim: text = '→'
237.4400 	DATA 	Keypress: left
237.4411 	EXP 	unnamed TextStim: text = '→'
238.8732 	DATA 	Keypress: right
238.8744 	EXP 	unnamed TextStim: text = '→'
240.5264 	DATA 	Keypress: left
240.5286 	EXP 	unnamed TextStim: height = 25.0
240.5286 	EXP 	unnamed TextStim: height = 25.0
240.5286 	EXP 	unnamed TextStim: height = 25.0
240.5286 	EXP 	unnamed TextStim: text = '↑'
242.0803 	DATA 	Keypress: up
242.0824 	EXP 	unnamed TextStim: height = 25.0
242.0824 	EXP 	unnamed TextStim: height = 25.0
242.0824 	EXP 	unnamed TextStim: height = 25.0
242.0824 	EXP 	unnamed TextStim: text = '→'
243.6777 	DATA 	Keypress: right
243.8005 	EXP 	Created unnamed ImageStim = ImageStim(__class__=<class 'psychopy.visual.image.ImageStim'>, anchor=('center', 'center'), autoLog=True, color=array([1., 1., 1.]), colorSpace='rgb', contrast=1.0, depth=0, flipHoriz=False, flipVert=False, image='break.jpg', interpolate=True, mask=None, maskParams=None, name='unnamed ImageStim', opacity=1.0, ori=0.0, pos=array([0., 0.]), size=array([1536.,  864.]), texRes=128, units='pix', win=Window(...))
250.2588 	DATA 	Keypress: space
250.2618 	EXP 	unnamed TextStim: height = 25.0
250.2618 	EXP 	unnamed TextStim: height = 25.0
250.2618 	EXP 	unnamed TextStim: height = 25.0
250.2618 	EXP 	unnamed TextStim: text = '←'
251.6083 	DATA 	Keypress: left
251.6105 	EXP 	unnamed TextStim: height = 25.0
251.6105 	EXP 	unnamed TextStim: height = 25.0
251.6105 	EXP 	unnamed TextStim: height = 25.0
251.6105 	EXP 	unnamed TextStim: text = '→'
253.2290 	DATA 	Keypress: right
253.2303 	EXP 	unnamed TextStim: text = '→'
254.8406 	DATA 	Keypress: right
254.8428 	EXP 	unnamed TextStim: height = 25.0
254.8428 	EXP 	unnamed TextStim: height = 25.0
254.8428 	EXP 	unnamed TextStim: height = 25.0
254.8428 	EXP 	unnamed TextStim: text = '←'
256.3452 	DATA 	Keypress: left
256.3475 	EXP 	unnamed TextStim: height = 25.0
256.3475 	EXP 	unnamed TextStim: height = 25.0
256.3475 	EXP 	unnamed TextStim: height = 25.0
256.3475 	EXP 	unnamed TextStim: text = '↑'
257.9369 	DATA 	Keypress: left
257.9391 	EXP 	unnamed TextStim: height = 25.0
257.9391 	EXP 	unnamed TextStim: height = 25.0
257.9391 	EXP 	unnamed TextStim: height = 25.0
257.9391 	EXP 	unnamed TextStim: text = '←'
259.6599 	DATA 	Keypress: left
259.7674 	EXP 	Created unnamed ImageStim = ImageStim(__class__=<class 'psychopy.visual.image.ImageStim'>, anchor=('center', 'center'), autoLog=True, color=array([1., 1., 1.]), colorSpace='rgb', contrast=1.0, depth=0, flipHoriz=False, flipVert=False, image='break.jpg', interpolate=True, mask=None, maskParams=None, name='unnamed ImageStim', opacity=1.0, ori=0.0, pos=array([0., 0.]), size=array([1536.,  864.]), texRes=128, units='pix', win=Window(...))
261.6479 	DATA 	Keypress: space
261.6613 	EXP 	unnamed TextStim: height = 25.0
261.6613 	EXP 	unnamed TextStim: height = 25.0
261.6613 	EXP 	unnamed TextStim: height = 25.0
261.6613 	EXP 	unnamed TextStim: text = '↓'
263.2235 	DATA 	Keypress: left
263.2257 	EXP 	unnamed TextStim: height = 25.0
263.2257 	EXP 	unnamed TextStim: height = 25.0
263.2257 	EXP 	unnamed TextStim: height = 25.0
263.2257 	EXP 	unnamed TextStim: text = '↑'
264.6430 	DATA 	Keypress: up
264.6442 	EXP 	unnamed TextStim: text = '↑'
266.2469 	DATA 	Keypress: left
266.2490 	EXP 	unnamed TextStim: height = 25.0
266.2490 	EXP 	unnamed TextStim: height = 25.0
266.2490 	EXP 	unnamed TextStim: height = 25.0
266.2490 	EXP 	unnamed TextStim: text = '←'
267.7703 	DATA 	Keypress: up
267.7748 	EXP 	unnamed TextStim: height = 25.0
267.7748 	EXP 	unnamed TextStim: height = 25.0
267.7748 	EXP 	unnamed TextStim: height = 25.0
267.7748 	EXP 	unnamed TextStim: text = '↓'
269.3429 	DATA 	Keypress: down
269.3441 	EXP 	unnamed TextStim: text = '↓'
271.0291 	DATA 	Keypress: left
271.1338 	EXP 	Created unnamed ImageStim = ImageStim(__class__=<class 'psychopy.visual.image.ImageStim'>, anchor=('center', 'center'), autoLog=True, color=array([1., 1., 1.]), colorSpace='rgb', contrast=1.0, depth=0, flipHoriz=False, flipVert=False, image='break.jpg', interpolate=True, mask=None, maskParams=None, name='unnamed ImageStim', opacity=1.0, ori=0.0, pos=array([0., 0.]), size=array([1536.,  864.]), texRes=128, units='pix', win=Window(...))
273.7355 	DATA 	Keypress: space
273.7550 	EXP 	Created unnamed TextStim = TextStim(__class__=<class 'psychopy.visual.text.TextStim'>, alignHoriz=method-wrapper(...), alignText='center', alignVert=method-wrapper(...), anchorHoriz='center', anchorVert='center', antialias=True, autoDraw=False, autoLog=True, bold=False, color=array([-1, -1, -1]), colorSpace='rgb', contrast=1.0, depth=0, flipHoriz=False, flipVert=False, font='', fontFiles=[], height=20.0, italic=False, languageStyle='LTR', name='unnamed TextStim', opacity=1.0, ori=0.0, pos=array([0., 0.]), rgb=UNKNOWN, text=str(...), units='pix', win=Window(...), wrapWidth=1536)
282.3188 	DATA 	Keypress: space
282.4052 	EXP 	window1: mouseVisible = True
