26.1324 	WARNING 	User requested fullscreen with size [1536  864], but screen is actually [1920, 1080]. Using actual size
27.4553 	INFO 	FRAME RATE: 60
27.4554 	INFO 	SCREEN RES: odict_values([1536, 864])
27.5148 	EXP 	Created unnamed TextStim = TextStim(__class__=<class 'psychopy.visual.text.TextStim'>, alignHoriz=method-wrapper(...), alignText='center', alignVert=method-wrapper(...), anchorHoriz='center', anchorVert='center', antialias=True, autoDraw=False, autoLog=True, bold=False, color=array([-1, -1, -1]), colorSpace='rgb', contrast=1.0, depth=0, flipHoriz=False, flipVert=False, font='', fontFiles=[], height=100.0, italic=False, languageStyle='LTR', name='unnamed TextStim', opacity=1.0, ori=0.0, pos=array([0., 0.]), rgb=UNKNOWN, text='+', units='pix', win=Window(...), wrapWidth=500)
27.5194 	EXP 	Created unnamed Circle = Circle(__class__=<class 'psychopy.visual.circle.Circle'>, anchor=('center', 'center'), autoDraw=False, autoLog=True, closeShape=True, color=method-wrapper(...), colorSpace='rgb', contrast=None, depth=0, fillColor=array([ 0.09019608, -1.        , -1.        ]), fillColorSpace='rgb', fillRGB=array([ 0.09019608, -1.        , -1.        ]), interpolate=True, lineColor=array([ 0.09019608, -1.        , -1.        ]), lineColorSpace='rgb', lineRGB=array([ 0.09019608, -1.        , -1.        ]), lineWidth=1.5, name='unnamed Circle', opacity=1.0, ori=0.0, pos=array([0., 0.]), size=array([1., 1.]), units='pix', vertices=ndarray(...), win=Window(...))
27.5208 	EXP 	Created unnamed TextStim = TextStim(__class__=<class 'psychopy.visual.text.TextStim'>, alignHoriz=method-wrapper(...), alignText='center', alignVert=method-wrapper(...), anchorHoriz='center', anchorVert='center', antialias=True, autoDraw=False, autoLog=True, bold=False, color=array([-0.17647059, -0.17647059, -0.17647059]), colorSpace='rgb', contrast=1.0, depth=0, flipHoriz=False, flipVert=False, font='', fontFiles=[], height=25, italic=False, languageStyle='LTR', name='unnamed TextStim', opacity=1.0, ori=0.0, pos=array([0., 0.]), rgb=UNKNOWN, text='', units='pix', win=Window(...), wrapWidth=500)
27.5324 	EXP 	Created unnamed ImageStim = ImageStim(__class__=<class 'psychopy.visual.image.ImageStim'>, anchor=('center', 'center'), autoLog=True, color=array([1., 1., 1.]), colorSpace='rgb', contrast=1.0, depth=0, flipHoriz=False, flipVert=False, image='mask4.png', interpolate=False, mask=None, maskParams=None, name='unnamed ImageStim', opacity=1.0, ori=0.0, pos=array([0., 0.]), size=array([25., 25.]), texRes=128, units='pix', win=Window(...))
27.5414 	EXP 	Created unnamed TextStim = TextStim(__class__=<class 'psychopy.visual.text.TextStim'>, alignHoriz=method-wrapper(...), alignText='center', alignVert=method-wrapper(...), anchorHoriz='center', anchorVert='center', antialias=True, autoDraw=False, autoLog=True, bold=False, color=array([-1, -1, -1]), colorSpace='rgb', contrast=1.0, depth=0, flipHoriz=False, flipVert=False, font='', fontFiles=[], height=30.0, italic=False, languageStyle='LTR', name='unnamed TextStim', opacity=1.0, ori=0.0, pos=array([ 100., -300.]), rgb=UNKNOWN, text=str(...), units='pix', win=Window(...), wrapWidth=10000)
27.5530 	EXP 	Created unnamed TextStim = TextStim(__class__=<class 'psychopy.visual.text.TextStim'>, alignHoriz=method-wrapper(...), alignText='center', alignVert=method-wrapper(...), anchorHoriz='center', anchorVert='center', antialias=True, autoDraw=False, autoLog=True, bold=False, color=array([-1, -1, -1]), colorSpace='rgb', contrast=1.0, depth=0, flipHoriz=False, flipVert=False, font='', fontFiles=[], height=30.0, italic=False, languageStyle='LTR', name='unnamed TextStim', opacity=1.0, ori=0.0, pos=array([ 100., -330.]), rgb=UNKNOWN, text=str(...), units='pix', win=Window(...), wrapWidth=10000)
27.5933 	EXP 	Created unnamed TextStim = TextStim(__class__=<class 'psychopy.visual.text.TextStim'>, alignHoriz=method-wrapper(...), alignText='center', alignVert=method-wrapper(...), anchorHoriz='center', anchorVert='center', antialias=True, autoDraw=False, autoLog=True, bold=False, color=array([-1, -1, -1]), colorSpace='rgb', contrast=1.0, depth=0, flipHoriz=False, flipVert=False, font='', fontFiles=[], height=20.0, italic=False, languageStyle='LTR', name='unnamed TextStim', opacity=1.0, ori=0.0, pos=array([0., 0.]), rgb=UNKNOWN, text=str(...), units='pix', win=Window(...), wrapWidth=1536)
46.6992 	DATA 	Keypress: space
46.7069 	EXP 	unnamed TextStim: height = 25.0
46.7069 	EXP 	unnamed TextStim: height = 25.0
46.7069 	EXP 	unnamed TextStim: height = 25.0
46.7069 	EXP 	unnamed TextStim: text = '↓'
49.6339 	DATA 	Keypress: left
49.6426 	EXP 	Created unnamed TextStim = TextStim(__class__=<class 'psychopy.visual.text.TextStim'>, alignHoriz=method-wrapper(...), alignText='center', alignVert=method-wrapper(...), anchorHoriz='center', anchorVert='center', antialias=True, autoDraw=False, autoLog=True, bold=False, color=array([-1, -1, -1]), colorSpace='rgb', contrast=1.0, depth=0, flipHoriz=False, flipVert=False, font='', fontFiles=[], height=50.0, italic=False, languageStyle='LTR', name='unnamed TextStim', opacity=1.0, ori=0.0, pos=array([0., 0.]), rgb=UNKNOWN, text='Niepoprawnie', units='pix', win=Window(...), wrapWidth=500)
50.6520 	EXP 	unnamed TextStim: height = 25.0
50.6520 	EXP 	unnamed TextStim: height = 25.0
50.6520 	EXP 	unnamed TextStim: height = 25.0
50.6520 	EXP 	unnamed TextStim: text = '↑'
53.6194 	DATA 	No keypress (maxWait exceeded)
53.6218 	EXP 	Created unnamed TextStim = TextStim(__class__=<class 'psychopy.visual.text.TextStim'>, alignHoriz=method-wrapper(...), alignText='center', alignVert=method-wrapper(...), anchorHoriz='center', anchorVert='center', antialias=True, autoDraw=False, autoLog=True, bold=False, color=array([-1, -1, -1]), colorSpace='rgb', contrast=1.0, depth=0, flipHoriz=False, flipVert=False, font='', fontFiles=[], height=50.0, italic=False, languageStyle='LTR', name='unnamed TextStim', opacity=1.0, ori=0.0, pos=array([0., 0.]), rgb=UNKNOWN, text='Niepoprawnie', units='pix', win=Window(...), wrapWidth=500)
54.6356 	EXP 	unnamed TextStim: text = '↑'
57.2657 	DATA 	Keypress: right
57.2677 	EXP 	Created unnamed TextStim = TextStim(__class__=<class 'psychopy.visual.text.TextStim'>, alignHoriz=method-wrapper(...), alignText='center', alignVert=method-wrapper(...), anchorHoriz='center', anchorVert='center', antialias=True, autoDraw=False, autoLog=True, bold=False, color=array([-1, -1, -1]), colorSpace='rgb', contrast=1.0, depth=0, flipHoriz=False, flipVert=False, font='', fontFiles=[], height=50.0, italic=False, languageStyle='LTR', name='unnamed TextStim', opacity=1.0, ori=0.0, pos=array([0., 0.]), rgb=UNKNOWN, text='Niepoprawnie', units='pix', win=Window(...), wrapWidth=500)
58.2860 	EXP 	unnamed TextStim: height = 25.0
58.2860 	EXP 	unnamed TextStim: height = 25.0
58.2860 	EXP 	unnamed TextStim: height = 25.0
58.2860 	EXP 	unnamed TextStim: text = '↓'
60.7305 	DATA 	Keypress: down
60.7338 	EXP 	Created unnamed TextStim = TextStim(__class__=<class 'psychopy.visual.text.TextStim'>, alignHoriz=method-wrapper(...), alignText='center', alignVert=method-wrapper(...), anchorHoriz='center', anchorVert='center', antialias=True, autoDraw=False, autoLog=True, bold=False, color=array([-1, -1, -1]), colorSpace='rgb', contrast=1.0, depth=0, flipHoriz=False, flipVert=False, font='', fontFiles=[], height=50.0, italic=False, languageStyle='LTR', name='unnamed TextStim', opacity=1.0, ori=0.0, pos=array([0., 0.]), rgb=UNKNOWN, text='Poprawnie', units='pix', win=Window(...), wrapWidth=500)
61.7527 	EXP 	unnamed TextStim: height = 25.0
61.7527 	EXP 	unnamed TextStim: height = 25.0
61.7527 	EXP 	unnamed TextStim: height = 25.0
61.7527 	EXP 	unnamed TextStim: text = '←'
63.9956 	DATA 	Keypress: left
63.9978 	EXP 	Created unnamed TextStim = TextStim(__class__=<class 'psychopy.visual.text.TextStim'>, alignHoriz=method-wrapper(...), alignText='center', alignVert=method-wrapper(...), anchorHoriz='center', anchorVert='center', antialias=True, autoDraw=False, autoLog=True, bold=False, color=array([-1, -1, -1]), colorSpace='rgb', contrast=1.0, depth=0, flipHoriz=False, flipVert=False, font='', fontFiles=[], height=50.0, italic=False, languageStyle='LTR', name='unnamed TextStim', opacity=1.0, ori=0.0, pos=array([0., 0.]), rgb=UNKNOWN, text='Poprawnie', units='pix', win=Window(...), wrapWidth=500)
65.0028 	EXP 	unnamed TextStim: text = '←'
67.9055 	DATA 	Keypress: left
67.9079 	EXP 	Created unnamed TextStim = TextStim(__class__=<class 'psychopy.visual.text.TextStim'>, alignHoriz=method-wrapper(...), alignText='center', alignVert=method-wrapper(...), anchorHoriz='center', anchorVert='center', antialias=True, autoDraw=False, autoLog=True, bold=False, color=array([-1, -1, -1]), colorSpace='rgb', contrast=1.0, depth=0, flipHoriz=False, flipVert=False, font='', fontFiles=[], height=50.0, italic=False, languageStyle='LTR', name='unnamed TextStim', opacity=1.0, ori=0.0, pos=array([0., 0.]), rgb=UNKNOWN, text='Poprawnie', units='pix', win=Window(...), wrapWidth=500)
68.9196 	EXP 	unnamed TextStim: height = 25.0
68.9196 	EXP 	unnamed TextStim: height = 25.0
68.9196 	EXP 	unnamed TextStim: height = 25.0
68.9196 	EXP 	unnamed TextStim: text = '↓'
71.4096 	DATA 	Keypress: down
71.4121 	EXP 	Created unnamed TextStim = TextStim(__class__=<class 'psychopy.visual.text.TextStim'>, alignHoriz=method-wrapper(...), alignText='center', alignVert=method-wrapper(...), anchorHoriz='center', anchorVert='center', antialias=True, autoDraw=False, autoLog=True, bold=False, color=array([-1, -1, -1]), colorSpace='rgb', contrast=1.0, depth=0, flipHoriz=False, flipVert=False, font='', fontFiles=[], height=50.0, italic=False, languageStyle='LTR', name='unnamed TextStim', opacity=1.0, ori=0.0, pos=array([0., 0.]), rgb=UNKNOWN, text='Poprawnie', units='pix', win=Window(...), wrapWidth=500)
72.4197 	EXP 	unnamed TextStim: height = 25.0
72.4197 	EXP 	unnamed TextStim: height = 25.0
72.4197 	EXP 	unnamed TextStim: height = 25.0
72.4197 	EXP 	unnamed TextStim: text = '←'
74.3130 	DATA 	Keypress: left
74.3151 	EXP 	Created unnamed TextStim = TextStim(__class__=<class 'psychopy.visual.text.TextStim'>, alignHoriz=method-wrapper(...), alignText='center', alignVert=method-wrapper(...), anchorHoriz='center', anchorVert='center', antialias=True, autoDraw=False, autoLog=True, bold=False, color=array([-1, -1, -1]), colorSpace='rgb', contrast=1.0, depth=0, flipHoriz=False, flipVert=False, font='', fontFiles=[], height=50.0, italic=False, languageStyle='LTR', name='unnamed TextStim', opacity=1.0, ori=0.0, pos=array([0., 0.]), rgb=UNKNOWN, text='Poprawnie', units='pix', win=Window(...), wrapWidth=500)
75.3197 	EXP 	unnamed TextStim: text = '←'
77.1485 	DATA 	Keypress: left
77.1506 	EXP 	Created unnamed TextStim = TextStim(__class__=<class 'psychopy.visual.text.TextStim'>, alignHoriz=method-wrapper(...), alignText='center', alignVert=method-wrapper(...), anchorHoriz='center', anchorVert='center', antialias=True, autoDraw=False, autoLog=True, bold=False, color=array([-1, -1, -1]), colorSpace='rgb', contrast=1.0, depth=0, flipHoriz=False, flipVert=False, font='', fontFiles=[], height=50.0, italic=False, languageStyle='LTR', name='unnamed TextStim', opacity=1.0, ori=0.0, pos=array([0., 0.]), rgb=UNKNOWN, text='Poprawnie', units='pix', win=Window(...), wrapWidth=500)
78.1554 	EXP 	unnamed TextStim: height = 25.0
78.1554 	EXP 	unnamed TextStim: height = 25.0
78.1554 	EXP 	unnamed TextStim: height = 25.0
78.1554 	EXP 	unnamed TextStim: text = '→'
80.1307 	DATA 	Keypress: right
80.1330 	EXP 	Created unnamed TextStim = TextStim(__class__=<class 'psychopy.visual.text.TextStim'>, alignHoriz=method-wrapper(...), alignText='center', alignVert=method-wrapper(...), anchorHoriz='center', anchorVert='center', antialias=True, autoDraw=False, autoLog=True, bold=False, color=array([-1, -1, -1]), colorSpace='rgb', contrast=1.0, depth=0, flipHoriz=False, flipVert=False, font='', fontFiles=[], height=50.0, italic=False, languageStyle='LTR', name='unnamed TextStim', opacity=1.0, ori=0.0, pos=array([0., 0.]), rgb=UNKNOWN, text='Poprawnie', units='pix', win=Window(...), wrapWidth=500)
81.1366 	EXP 	unnamed TextStim: text = '→'
82.8443 	DATA 	Keypress: right
82.8470 	EXP 	Created unnamed TextStim = TextStim(__class__=<class 'psychopy.visual.text.TextStim'>, alignHoriz=method-wrapper(...), alignText='center', alignVert=method-wrapper(...), anchorHoriz='center', anchorVert='center', antialias=True, autoDraw=False, autoLog=True, bold=False, color=array([-1, -1, -1]), colorSpace='rgb', contrast=1.0, depth=0, flipHoriz=False, flipVert=False, font='', fontFiles=[], height=50.0, italic=False, languageStyle='LTR', name='unnamed TextStim', opacity=1.0, ori=0.0, pos=array([0., 0.]), rgb=UNKNOWN, text='Poprawnie', units='pix', win=Window(...), wrapWidth=500)
83.8536 	EXP 	unnamed TextStim: height = 25.0
83.8536 	EXP 	unnamed TextStim: height = 25.0
83.8536 	EXP 	unnamed TextStim: height = 25.0
83.8536 	EXP 	unnamed TextStim: text = '↑'
85.3544 	DATA 	Keypress: up
85.3564 	EXP 	Created unnamed TextStim = TextStim(__class__=<class 'psychopy.visual.text.TextStim'>, alignHoriz=method-wrapper(...), alignText='center', alignVert=method-wrapper(...), anchorHoriz='center', anchorVert='center', antialias=True, autoDraw=False, autoLog=True, bold=False, color=array([-1, -1, -1]), colorSpace='rgb', contrast=1.0, depth=0, flipHoriz=False, flipVert=False, font='', fontFiles=[], height=50.0, italic=False, languageStyle='LTR', name='unnamed TextStim', opacity=1.0, ori=0.0, pos=array([0., 0.]), rgb=UNKNOWN, text='Poprawnie', units='pix', win=Window(...), wrapWidth=500)
86.3701 	EXP 	unnamed TextStim: height = 25.0
86.3701 	EXP 	unnamed TextStim: height = 25.0
86.3701 	EXP 	unnamed TextStim: height = 25.0
86.3701 	EXP 	unnamed TextStim: text = '→'
88.2672 	DATA 	Keypress: right
88.2697 	EXP 	Created unnamed TextStim = TextStim(__class__=<class 'psychopy.visual.text.TextStim'>, alignHoriz=method-wrapper(...), alignText='center', alignVert=method-wrapper(...), anchorHoriz='center', anchorVert='center', antialias=True, autoDraw=False, autoLog=True, bold=False, color=array([-1, -1, -1]), colorSpace='rgb', contrast=1.0, depth=0, flipHoriz=False, flipVert=False, font='', fontFiles=[], height=50.0, italic=False, languageStyle='LTR', name='unnamed TextStim', opacity=1.0, ori=0.0, pos=array([0., 0.]), rgb=UNKNOWN, text='Poprawnie', units='pix', win=Window(...), wrapWidth=500)
89.2869 	EXP 	unnamed TextStim: text = '→'
90.7643 	DATA 	Keypress: right
90.7669 	EXP 	Created unnamed TextStim = TextStim(__class__=<class 'psychopy.visual.text.TextStim'>, alignHoriz=method-wrapper(...), alignText='center', alignVert=method-wrapper(...), anchorHoriz='center', anchorVert='center', antialias=True, autoDraw=False, autoLog=True, bold=False, color=array([-1, -1, -1]), colorSpace='rgb', contrast=1.0, depth=0, flipHoriz=False, flipVert=False, font='', fontFiles=[], height=50.0, italic=False, languageStyle='LTR', name='unnamed TextStim', opacity=1.0, ori=0.0, pos=array([0., 0.]), rgb=UNKNOWN, text='Poprawnie', units='pix', win=Window(...), wrapWidth=500)
91.7872 	EXP 	unnamed TextStim: height = 25.0
91.7872 	EXP 	unnamed TextStim: height = 25.0
91.7872 	EXP 	unnamed TextStim: height = 25.0
91.7872 	EXP 	unnamed TextStim: text = '↑'
93.5857 	DATA 	Keypress: up
93.5883 	EXP 	Created unnamed TextStim = TextStim(__class__=<class 'psychopy.visual.text.TextStim'>, alignHoriz=method-wrapper(...), alignText='center', alignVert=method-wrapper(...), anchorHoriz='center', anchorVert='center', antialias=True, autoDraw=False, autoLog=True, bold=False, color=array([-1, -1, -1]), colorSpace='rgb', contrast=1.0, depth=0, flipHoriz=False, flipVert=False, font='', fontFiles=[], height=50.0, italic=False, languageStyle='LTR', name='unnamed TextStim', opacity=1.0, ori=0.0, pos=array([0., 0.]), rgb=UNKNOWN, text='Poprawnie', units='pix', win=Window(...), wrapWidth=500)
94.6206 	EXP 	Created unnamed TextStim = TextStim(__class__=<class 'psychopy.visual.text.TextStim'>, alignHoriz=method-wrapper(...), alignText='center', alignVert=method-wrapper(...), anchorHoriz='center', anchorVert='center', antialias=True, autoDraw=False, autoLog=True, bold=False, color=array([-1, -1, -1]), colorSpace='rgb', contrast=1.0, depth=0, flipHoriz=False, flipVert=False, font='', fontFiles=[], height=20.0, italic=False, languageStyle='LTR', name='unnamed TextStim', opacity=1.0, ori=0.0, pos=array([0., 0.]), rgb=UNKNOWN, text=str(...), units='pix', win=Window(...), wrapWidth=1536)
113.5325 	DATA 	Keypress: space
113.5377 	EXP 	unnamed TextStim: text = '↑'
115.6162 	DATA 	Keypress: up
115.6239 	EXP 	Created unnamed TextStim = TextStim(__class__=<class 'psychopy.visual.text.TextStim'>, alignHoriz=method-wrapper(...), alignText='center', alignVert=method-wrapper(...), anchorHoriz='center', anchorVert='center', antialias=True, autoDraw=False, autoLog=True, bold=False, color=array([-1, -1, -1]), colorSpace='rgb', contrast=1.0, depth=0, flipHoriz=False, flipVert=False, font='', fontFiles=[], height=50.0, italic=False, languageStyle='LTR', name='unnamed TextStim', opacity=1.0, ori=0.0, pos=array([0., 0.]), rgb=UNKNOWN, text='Poprawnie', units='pix', win=Window(...), wrapWidth=500)
116.6381 	EXP 	unnamed TextStim: text = '↑'
118.3079 	DATA 	Keypress: up
118.3105 	EXP 	Created unnamed TextStim = TextStim(__class__=<class 'psychopy.visual.text.TextStim'>, alignHoriz=method-wrapper(...), alignText='center', alignVert=method-wrapper(...), anchorHoriz='center', anchorVert='center', antialias=True, autoDraw=False, autoLog=True, bold=False, color=array([-1, -1, -1]), colorSpace='rgb', contrast=1.0, depth=0, flipHoriz=False, flipVert=False, font='', fontFiles=[], height=50.0, italic=False, languageStyle='LTR', name='unnamed TextStim', opacity=1.0, ori=0.0, pos=array([0., 0.]), rgb=UNKNOWN, text='Poprawnie', units='pix', win=Window(...), wrapWidth=500)
119.3215 	EXP 	unnamed TextStim: height = 25.0
119.3215 	EXP 	unnamed TextStim: height = 25.0
119.3215 	EXP 	unnamed TextStim: height = 25.0
119.3215 	EXP 	unnamed TextStim: text = '→'
121.1992 	DATA 	Keypress: right
121.2013 	EXP 	Created unnamed TextStim = TextStim(__class__=<class 'psychopy.visual.text.TextStim'>, alignHoriz=method-wrapper(...), alignText='center', alignVert=method-wrapper(...), anchorHoriz='center', anchorVert='center', antialias=True, autoDraw=False, autoLog=True, bold=False, color=array([-1, -1, -1]), colorSpace='rgb', contrast=1.0, depth=0, flipHoriz=False, flipVert=False, font='', fontFiles=[], height=50.0, italic=False, languageStyle='LTR', name='unnamed TextStim', opacity=1.0, ori=0.0, pos=array([0., 0.]), rgb=UNKNOWN, text='Poprawnie', units='pix', win=Window(...), wrapWidth=500)
122.2060 	EXP 	unnamed TextStim: height = 25.0
122.2060 	EXP 	unnamed TextStim: height = 25.0
122.2060 	EXP 	unnamed TextStim: height = 25.0
122.2060 	EXP 	unnamed TextStim: text = '↓'
124.0187 	DATA 	Keypress: down
124.0207 	EXP 	Created unnamed TextStim = TextStim(__class__=<class 'psychopy.visual.text.TextStim'>, alignHoriz=method-wrapper(...), alignText='center', alignVert=method-wrapper(...), anchorHoriz='center', anchorVert='center', antialias=True, autoDraw=False, autoLog=True, bold=False, color=array([-1, -1, -1]), colorSpace='rgb', contrast=1.0, depth=0, flipHoriz=False, flipVert=False, font='', fontFiles=[], height=50.0, italic=False, languageStyle='LTR', name='unnamed TextStim', opacity=1.0, ori=0.0, pos=array([0., 0.]), rgb=UNKNOWN, text='Poprawnie', units='pix', win=Window(...), wrapWidth=500)
125.0384 	EXP 	unnamed TextStim: text = '↓'
126.6857 	DATA 	Keypress: down
126.6877 	EXP 	Created unnamed TextStim = TextStim(__class__=<class 'psychopy.visual.text.TextStim'>, alignHoriz=method-wrapper(...), alignText='center', alignVert=method-wrapper(...), anchorHoriz='center', anchorVert='center', antialias=True, autoDraw=False, autoLog=True, bold=False, color=array([-1, -1, -1]), colorSpace='rgb', contrast=1.0, depth=0, flipHoriz=False, flipVert=False, font='', fontFiles=[], height=50.0, italic=False, languageStyle='LTR', name='unnamed TextStim', opacity=1.0, ori=0.0, pos=array([0., 0.]), rgb=UNKNOWN, text='Poprawnie', units='pix', win=Window(...), wrapWidth=500)
127.7051 	EXP 	unnamed TextStim: height = 25.0
127.7051 	EXP 	unnamed TextStim: height = 25.0
127.7051 	EXP 	unnamed TextStim: height = 25.0
127.7051 	EXP 	unnamed TextStim: text = '←'
129.2252 	DATA 	Keypress: left
129.2274 	EXP 	Created unnamed TextStim = TextStim(__class__=<class 'psychopy.visual.text.TextStim'>, alignHoriz=method-wrapper(...), alignText='center', alignVert=method-wrapper(...), anchorHoriz='center', anchorVert='center', antialias=True, autoDraw=False, autoLog=True, bold=False, color=array([-1, -1, -1]), colorSpace='rgb', contrast=1.0, depth=0, flipHoriz=False, flipVert=False, font='', fontFiles=[], height=50.0, italic=False, languageStyle='LTR', name='unnamed TextStim', opacity=1.0, ori=0.0, pos=array([0., 0.]), rgb=UNKNOWN, text='Poprawnie', units='pix', win=Window(...), wrapWidth=500)
130.2386 	EXP 	unnamed TextStim: text = '←'
131.7884 	DATA 	Keypress: left
131.7909 	EXP 	Created unnamed TextStim = TextStim(__class__=<class 'psychopy.visual.text.TextStim'>, alignHoriz=method-wrapper(...), alignText='center', alignVert=method-wrapper(...), anchorHoriz='center', anchorVert='center', antialias=True, autoDraw=False, autoLog=True, bold=False, color=array([-1, -1, -1]), colorSpace='rgb', contrast=1.0, depth=0, flipHoriz=False, flipVert=False, font='', fontFiles=[], height=50.0, italic=False, languageStyle='LTR', name='unnamed TextStim', opacity=1.0, ori=0.0, pos=array([0., 0.]), rgb=UNKNOWN, text='Poprawnie', units='pix', win=Window(...), wrapWidth=500)
132.8053 	EXP 	unnamed TextStim: height = 25.0
132.8053 	EXP 	unnamed TextStim: height = 25.0
132.8053 	EXP 	unnamed TextStim: height = 25.0
132.8053 	EXP 	unnamed TextStim: text = '↑'
134.6054 	DATA 	Keypress: right
134.6085 	EXP 	Created unnamed TextStim = TextStim(__class__=<class 'psychopy.visual.text.TextStim'>, alignHoriz=method-wrapper(...), alignText='center', alignVert=method-wrapper(...), anchorHoriz='center', anchorVert='center', antialias=True, autoDraw=False, autoLog=True, bold=False, color=array([-1, -1, -1]), colorSpace='rgb', contrast=1.0, depth=0, flipHoriz=False, flipVert=False, font='', fontFiles=[], height=50.0, italic=False, languageStyle='LTR', name='unnamed TextStim', opacity=1.0, ori=0.0, pos=array([0., 0.]), rgb=UNKNOWN, text='Niepoprawnie', units='pix', win=Window(...), wrapWidth=500)
135.6221 	EXP 	unnamed TextStim: height = 25.0
135.6221 	EXP 	unnamed TextStim: height = 25.0
135.6221 	EXP 	unnamed TextStim: height = 25.0
135.6221 	EXP 	unnamed TextStim: text = '↓'
137.1388 	DATA 	Keypress: down
137.1409 	EXP 	Created unnamed TextStim = TextStim(__class__=<class 'psychopy.visual.text.TextStim'>, alignHoriz=method-wrapper(...), alignText='center', alignVert=method-wrapper(...), anchorHoriz='center', anchorVert='center', antialias=True, autoDraw=False, autoLog=True, bold=False, color=array([-1, -1, -1]), colorSpace='rgb', contrast=1.0, depth=0, flipHoriz=False, flipVert=False, font='', fontFiles=[], height=50.0, italic=False, languageStyle='LTR', name='unnamed TextStim', opacity=1.0, ori=0.0, pos=array([0., 0.]), rgb=UNKNOWN, text='Poprawnie', units='pix', win=Window(...), wrapWidth=500)
138.1556 	EXP 	unnamed TextStim: height = 25.0
138.1556 	EXP 	unnamed TextStim: height = 25.0
138.1556 	EXP 	unnamed TextStim: height = 25.0
138.1556 	EXP 	unnamed TextStim: text = '↑'
139.6738 	DATA 	Keypress: up
139.6763 	EXP 	Created unnamed TextStim = TextStim(__class__=<class 'psychopy.visual.text.TextStim'>, alignHoriz=method-wrapper(...), alignText='center', alignVert=method-wrapper(...), anchorHoriz='center', anchorVert='center', antialias=True, autoDraw=False, autoLog=True, bold=False, color=array([-1, -1, -1]), colorSpace='rgb', contrast=1.0, depth=0, flipHoriz=False, flipVert=False, font='', fontFiles=[], height=50.0, italic=False, languageStyle='LTR', name='unnamed TextStim', opacity=1.0, ori=0.0, pos=array([0., 0.]), rgb=UNKNOWN, text='Poprawnie', units='pix', win=Window(...), wrapWidth=500)
140.7055 	EXP 	Created unnamed TextStim = TextStim(__class__=<class 'psychopy.visual.text.TextStim'>, alignHoriz=method-wrapper(...), alignText='center', alignVert=method-wrapper(...), anchorHoriz='center', anchorVert='center', antialias=True, autoDraw=False, autoLog=True, bold=False, color=array([-1, -1, -1]), colorSpace='rgb', contrast=1.0, depth=0, flipHoriz=False, flipVert=False, font='', fontFiles=[], height=20.0, italic=False, languageStyle='LTR', name='unnamed TextStim', opacity=1.0, ori=0.0, pos=array([0., 0.]), rgb=UNKNOWN, text=str(...), units='pix', win=Window(...), wrapWidth=1536)
162.9347 	DATA 	Keypress: space
162.9397 	EXP 	unnamed TextStim: height = 25.0
162.9397 	EXP 	unnamed TextStim: height = 25.0
162.9397 	EXP 	unnamed TextStim: height = 25.0
162.9397 	EXP 	unnamed TextStim: text = '→'
165.0777 	DATA 	Keypress: right
165.0802 	EXP 	unnamed TextStim: height = 25.0
165.0802 	EXP 	unnamed TextStim: height = 25.0
165.0802 	EXP 	unnamed TextStim: height = 25.0
165.0802 	EXP 	unnamed TextStim: text = '↓'
166.9714 	DATA 	Keypress: left
166.9736 	EXP 	unnamed TextStim: height = 25.0
166.9736 	EXP 	unnamed TextStim: height = 25.0
166.9736 	EXP 	unnamed TextStim: height = 25.0
166.9736 	EXP 	unnamed TextStim: text = '→'
168.4610 	DATA 	Keypress: right
168.4636 	EXP 	unnamed TextStim: height = 25.0
168.4636 	EXP 	unnamed TextStim: height = 25.0
168.4636 	EXP 	unnamed TextStim: height = 25.0
168.4636 	EXP 	unnamed TextStim: text = '↑'
169.9619 	DATA 	Keypress: up
169.9642 	EXP 	unnamed TextStim: height = 25.0
169.9642 	EXP 	unnamed TextStim: height = 25.0
169.9642 	EXP 	unnamed TextStim: height = 25.0
169.9642 	EXP 	unnamed TextStim: text = '↓'
171.7842 	DATA 	Keypress: left
171.7864 	EXP 	unnamed TextStim: height = 25.0
171.7864 	EXP 	unnamed TextStim: height = 25.0
171.7864 	EXP 	unnamed TextStim: height = 25.0
171.7864 	EXP 	unnamed TextStim: text = '↑'
173.6472 	DATA 	Keypress: right
173.7954 	EXP 	Created unnamed ImageStim = ImageStim(__class__=<class 'psychopy.visual.image.ImageStim'>, anchor=('center', 'center'), autoLog=True, color=array([1., 1., 1.]), colorSpace='rgb', contrast=1.0, depth=0, flipHoriz=False, flipVert=False, image='break.jpg', interpolate=True, mask=None, maskParams=None, name='unnamed ImageStim', opacity=1.0, ori=0.0, pos=array([0., 0.]), size=array([1536.,  864.]), texRes=128, units='pix', win=Window(...))
186.7980 	DATA 	Keypress: space
186.8072 	EXP 	unnamed TextStim: height = 25.0
186.8072 	EXP 	unnamed TextStim: height = 25.0
186.8072 	EXP 	unnamed TextStim: height = 25.0
186.8072 	EXP 	unnamed TextStim: text = '↓'
188.5384 	DATA 	Keypress: up
188.5395 	EXP 	unnamed TextStim: text = '↓'
190.0523 	DATA 	Keypress: down
190.0535 	EXP 	unnamed TextStim: text = '↓'
191.8850 	DATA 	Keypress: right
191.8872 	EXP 	unnamed TextStim: height = 25.0
191.8872 	EXP 	unnamed TextStim: height = 25.0
191.8872 	EXP 	unnamed TextStim: height = 25.0
191.8872 	EXP 	unnamed TextStim: text = '↑'
194.4211 	DATA 	Keypress: right
194.4224 	EXP 	unnamed TextStim: text = '↑'
197.1412 	DATA 	No keypress (maxWait exceeded)
197.1425 	EXP 	unnamed TextStim: text = '↑'
198.8947 	DATA 	Keypress: right
199.0467 	EXP 	Created unnamed ImageStim = ImageStim(__class__=<class 'psychopy.visual.image.ImageStim'>, anchor=('center', 'center'), autoLog=True, color=array([1., 1., 1.]), colorSpace='rgb', contrast=1.0, depth=0, flipHoriz=False, flipVert=False, image='break.jpg', interpolate=True, mask=None, maskParams=None, name='unnamed ImageStim', opacity=1.0, ori=0.0, pos=array([0., 0.]), size=array([1536.,  864.]), texRes=128, units='pix', win=Window(...))
206.3021 	DATA 	Keypress: space
206.3080 	EXP 	unnamed TextStim: text = '↑'
207.9682 	DATA 	Keypress: right
207.9709 	EXP 	unnamed TextStim: height = 25.0
207.9709 	EXP 	unnamed TextStim: height = 25.0
207.9709 	EXP 	unnamed TextStim: height = 25.0
207.9709 	EXP 	unnamed TextStim: text = '←'
209.6532 	DATA 	Keypress: left
209.6555 	EXP 	unnamed TextStim: height = 25.0
209.6555 	EXP 	unnamed TextStim: height = 25.0
209.6555 	EXP 	unnamed TextStim: height = 25.0
209.6555 	EXP 	unnamed TextStim: text = '↓'
211.2156 	DATA 	Keypress: down
211.2177 	EXP 	unnamed TextStim: height = 25.0
211.2177 	EXP 	unnamed TextStim: height = 25.0
211.2177 	EXP 	unnamed TextStim: height = 25.0
211.2177 	EXP 	unnamed TextStim: text = '↑'
212.9181 	DATA 	Keypress: up
212.9193 	EXP 	unnamed TextStim: text = '↑'
214.6799 	DATA 	Keypress: up
214.6810 	EXP 	unnamed TextStim: text = '↑'
216.5795 	DATA 	Keypress: left
216.7326 	EXP 	Created unnamed ImageStim = ImageStim(__class__=<class 'psychopy.visual.image.ImageStim'>, anchor=('center', 'center'), autoLog=True, color=array([1., 1., 1.]), colorSpace='rgb', contrast=1.0, depth=0, flipHoriz=False, flipVert=False, image='break.jpg', interpolate=True, mask=None, maskParams=None, name='unnamed ImageStim', opacity=1.0, ori=0.0, pos=array([0., 0.]), size=array([1536.,  864.]), texRes=128, units='pix', win=Window(...))
222.6129 	DATA 	Keypress: space
222.6253 	EXP 	unnamed TextStim: height = 25.0
222.6253 	EXP 	unnamed TextStim: height = 25.0
222.6253 	EXP 	unnamed TextStim: height = 25.0
222.6253 	EXP 	unnamed TextStim: text = '←'
224.2913 	DATA 	Keypress: left
224.2982 	EXP 	unnamed TextStim: height = 25.0
224.2982 	EXP 	unnamed TextStim: height = 25.0
224.2982 	EXP 	unnamed TextStim: height = 25.0
224.2982 	EXP 	unnamed TextStim: text = '↑'
225.8401 	DATA 	Keypress: up
225.8425 	EXP 	unnamed TextStim: height = 25.0
225.8425 	EXP 	unnamed TextStim: height = 25.0
225.8425 	EXP 	unnamed TextStim: height = 25.0
225.8425 	EXP 	unnamed TextStim: text = '→'
227.5392 	DATA 	Keypress: right
227.5415 	EXP 	unnamed TextStim: height = 25.0
227.5415 	EXP 	unnamed TextStim: height = 25.0
227.5415 	EXP 	unnamed TextStim: height = 25.0
227.5415 	EXP 	unnamed TextStim: text = '←'
229.0741 	DATA 	Keypress: left
229.0753 	EXP 	unnamed TextStim: text = '←'
230.5291 	DATA 	Keypress: left
230.5311 	EXP 	unnamed TextStim: height = 25.0
230.5311 	EXP 	unnamed TextStim: height = 25.0
230.5311 	EXP 	unnamed TextStim: height = 25.0
230.5311 	EXP 	unnamed TextStim: text = '↑'
232.5374 	DATA 	Keypress: left
232.6507 	EXP 	Created unnamed ImageStim = ImageStim(__class__=<class 'psychopy.visual.image.ImageStim'>, anchor=('center', 'center'), autoLog=True, color=array([1., 1., 1.]), colorSpace='rgb', contrast=1.0, depth=0, flipHoriz=False, flipVert=False, image='break.jpg', interpolate=True, mask=None, maskParams=None, name='unnamed ImageStim', opacity=1.0, ori=0.0, pos=array([0., 0.]), size=array([1536.,  864.]), texRes=128, units='pix', win=Window(...))
239.5022 	DATA 	Keypress: space
239.5093 	EXP 	unnamed TextStim: height = 25.0
239.5093 	EXP 	unnamed TextStim: height = 25.0
239.5093 	EXP 	unnamed TextStim: height = 25.0
239.5093 	EXP 	unnamed TextStim: text = '↓'
241.5496 	DATA 	Keypress: left
241.5517 	EXP 	unnamed TextStim: height = 25.0
241.5517 	EXP 	unnamed TextStim: height = 25.0
241.5517 	EXP 	unnamed TextStim: height = 25.0
241.5517 	EXP 	unnamed TextStim: text = '←'
242.9955 	DATA 	Keypress: left
242.9980 	EXP 	unnamed TextStim: height = 25.0
242.9980 	EXP 	unnamed TextStim: height = 25.0
242.9980 	EXP 	unnamed TextStim: height = 25.0
242.9980 	EXP 	unnamed TextStim: text = '↓'
244.7294 	DATA 	Keypress: down
244.7317 	EXP 	unnamed TextStim: height = 25.0
244.7317 	EXP 	unnamed TextStim: height = 25.0
244.7317 	EXP 	unnamed TextStim: height = 25.0
244.7317 	EXP 	unnamed TextStim: text = '→'
246.2825 	DATA 	Keypress: right
246.2847 	EXP 	unnamed TextStim: height = 25.0
246.2847 	EXP 	unnamed TextStim: height = 25.0
246.2847 	EXP 	unnamed TextStim: height = 25.0
246.2847 	EXP 	unnamed TextStim: text = '↑'
247.8014 	DATA 	Keypress: up
247.8061 	EXP 	unnamed TextStim: height = 25.0
247.8061 	EXP 	unnamed TextStim: height = 25.0
247.8061 	EXP 	unnamed TextStim: height = 25.0
247.8061 	EXP 	unnamed TextStim: text = '→'
249.2329 	DATA 	Keypress: right
249.3732 	EXP 	Created unnamed ImageStim = ImageStim(__class__=<class 'psychopy.visual.image.ImageStim'>, anchor=('center', 'center'), autoLog=True, color=array([1., 1., 1.]), colorSpace='rgb', contrast=1.0, depth=0, flipHoriz=False, flipVert=False, image='break.jpg', interpolate=True, mask=None, maskParams=None, name='unnamed ImageStim', opacity=1.0, ori=0.0, pos=array([0., 0.]), size=array([1536.,  864.]), texRes=128, units='pix', win=Window(...))
253.5439 	DATA 	Keypress: space
253.5596 	EXP 	unnamed TextStim: height = 25.0
253.5596 	EXP 	unnamed TextStim: height = 25.0
253.5596 	EXP 	unnamed TextStim: height = 25.0
253.5596 	EXP 	unnamed TextStim: text = '←'
255.1449 	DATA 	Keypress: left
255.1472 	EXP 	unnamed TextStim: height = 25.0
255.1472 	EXP 	unnamed TextStim: height = 25.0
255.1472 	EXP 	unnamed TextStim: height = 25.0
255.1472 	EXP 	unnamed TextStim: text = '↑'
257.0591 	DATA 	Keypress: down
257.0604 	EXP 	unnamed TextStim: text = '↑'
258.5450 	DATA 	Keypress: up
258.5472 	EXP 	unnamed TextStim: height = 25.0
258.5472 	EXP 	unnamed TextStim: height = 25.0
258.5472 	EXP 	unnamed TextStim: height = 25.0
258.5472 	EXP 	unnamed TextStim: text = '←'
260.0935 	DATA 	Keypress: left
260.0946 	EXP 	unnamed TextStim: text = '←'
261.7347 	DATA 	Keypress: left
261.7371 	EXP 	unnamed TextStim: height = 25.0
261.7371 	EXP 	unnamed TextStim: height = 25.0
261.7371 	EXP 	unnamed TextStim: height = 25.0
261.7371 	EXP 	unnamed TextStim: text = '→'
263.3043 	DATA 	Keypress: left
263.4247 	EXP 	Created unnamed ImageStim = ImageStim(__class__=<class 'psychopy.visual.image.ImageStim'>, anchor=('center', 'center'), autoLog=True, color=array([1., 1., 1.]), colorSpace='rgb', contrast=1.0, depth=0, flipHoriz=False, flipVert=False, image='break.jpg', interpolate=True, mask=None, maskParams=None, name='unnamed ImageStim', opacity=1.0, ori=0.0, pos=array([0., 0.]), size=array([1536.,  864.]), texRes=128, units='pix', win=Window(...))
266.7211 	DATA 	Keypress: space
266.7269 	EXP 	unnamed TextStim: height = 25.0
266.7269 	EXP 	unnamed TextStim: height = 25.0
266.7269 	EXP 	unnamed TextStim: height = 25.0
266.7269 	EXP 	unnamed TextStim: text = '↑'
268.1846 	DATA 	Keypress: up
268.1858 	EXP 	unnamed TextStim: text = '↑'
269.8426 	DATA 	Keypress: up
269.8438 	EXP 	unnamed TextStim: text = '↑'
271.3402 	DATA 	Keypress: up
271.3424 	EXP 	unnamed TextStim: height = 25.0
271.3424 	EXP 	unnamed TextStim: height = 25.0
271.3424 	EXP 	unnamed TextStim: height = 25.0
271.3424 	EXP 	unnamed TextStim: text = '→'
273.1455 	DATA 	Keypress: down
273.1525 	EXP 	unnamed TextStim: height = 25.0
273.1525 	EXP 	unnamed TextStim: height = 25.0
273.1525 	EXP 	unnamed TextStim: height = 25.0
273.1525 	EXP 	unnamed TextStim: text = '←'
275.7078 	DATA 	Keypress: right
275.7100 	EXP 	unnamed TextStim: height = 25.0
275.7100 	EXP 	unnamed TextStim: height = 25.0
275.7100 	EXP 	unnamed TextStim: height = 25.0
275.7100 	EXP 	unnamed TextStim: text = '→'
277.7014 	DATA 	Keypress: left
277.8446 	EXP 	Created unnamed ImageStim = ImageStim(__class__=<class 'psychopy.visual.image.ImageStim'>, anchor=('center', 'center'), autoLog=True, color=array([1., 1., 1.]), colorSpace='rgb', contrast=1.0, depth=0, flipHoriz=False, flipVert=False, image='break.jpg', interpolate=True, mask=None, maskParams=None, name='unnamed ImageStim', opacity=1.0, ori=0.0, pos=array([0., 0.]), size=array([1536.,  864.]), texRes=128, units='pix', win=Window(...))
290.1474 	DATA 	Keypress: space
290.1610 	EXP 	unnamed TextStim: height = 25.0
290.1610 	EXP 	unnamed TextStim: height = 25.0
290.1610 	EXP 	unnamed TextStim: height = 25.0
290.1610 	EXP 	unnamed TextStim: text = '←'
291.5847 	DATA 	Keypress: left
291.5869 	EXP 	unnamed TextStim: height = 25.0
291.5869 	EXP 	unnamed TextStim: height = 25.0
291.5869 	EXP 	unnamed TextStim: height = 25.0
291.5869 	EXP 	unnamed TextStim: text = '↑'
293.0679 	DATA 	Keypress: up
293.0690 	EXP 	unnamed TextStim: text = '↑'
294.5619 	DATA 	Keypress: up
294.5642 	EXP 	unnamed TextStim: height = 25.0
294.5642 	EXP 	unnamed TextStim: height = 25.0
294.5642 	EXP 	unnamed TextStim: height = 25.0
294.5642 	EXP 	unnamed TextStim: text = '↓'
296.1016 	DATA 	Keypress: down
296.1029 	EXP 	unnamed TextStim: text = '↓'
297.7867 	DATA 	Keypress: down
297.7889 	EXP 	unnamed TextStim: height = 25.0
297.7889 	EXP 	unnamed TextStim: height = 25.0
297.7889 	EXP 	unnamed TextStim: height = 25.0
297.7889 	EXP 	unnamed TextStim: text = '←'
299.4515 	DATA 	Keypress: right
299.5726 	EXP 	Created unnamed ImageStim = ImageStim(__class__=<class 'psychopy.visual.image.ImageStim'>, anchor=('center', 'center'), autoLog=True, color=array([1., 1., 1.]), colorSpace='rgb', contrast=1.0, depth=0, flipHoriz=False, flipVert=False, image='break.jpg', interpolate=True, mask=None, maskParams=None, name='unnamed ImageStim', opacity=1.0, ori=0.0, pos=array([0., 0.]), size=array([1536.,  864.]), texRes=128, units='pix', win=Window(...))
306.0736 	DATA 	Keypress: space
306.0781 	EXP 	unnamed TextStim: height = 25.0
306.0781 	EXP 	unnamed TextStim: height = 25.0
306.0781 	EXP 	unnamed TextStim: height = 25.0
306.0781 	EXP 	unnamed TextStim: text = '↓'
307.6574 	DATA 	Keypress: down
307.6597 	EXP 	unnamed TextStim: height = 25.0
307.6597 	EXP 	unnamed TextStim: height = 25.0
307.6597 	EXP 	unnamed TextStim: height = 25.0
307.6597 	EXP 	unnamed TextStim: text = '→'
309.2426 	DATA 	Keypress: right
309.2510 	EXP 	unnamed TextStim: height = 25.0
309.2510 	EXP 	unnamed TextStim: height = 25.0
309.2510 	EXP 	unnamed TextStim: height = 25.0
309.2510 	EXP 	unnamed TextStim: text = '↓'
310.8632 	DATA 	Keypress: down
310.8644 	EXP 	unnamed TextStim: text = '↓'
312.3934 	DATA 	Keypress: down
312.3957 	EXP 	unnamed TextStim: height = 25.0
312.3957 	EXP 	unnamed TextStim: height = 25.0
312.3957 	EXP 	unnamed TextStim: height = 25.0
312.3957 	EXP 	unnamed TextStim: text = '↑'
314.3044 	DATA 	Keypress: right
314.3056 	EXP 	unnamed TextStim: text = '↑'
315.8089 	DATA 	Keypress: up
315.9193 	EXP 	Created unnamed ImageStim = ImageStim(__class__=<class 'psychopy.visual.image.ImageStim'>, anchor=('center', 'center'), autoLog=True, color=array([1., 1., 1.]), colorSpace='rgb', contrast=1.0, depth=0, flipHoriz=False, flipVert=False, image='break.jpg', interpolate=True, mask=None, maskParams=None, name='unnamed ImageStim', opacity=1.0, ori=0.0, pos=array([0., 0.]), size=array([1536.,  864.]), texRes=128, units='pix', win=Window(...))
321.5158 	DATA 	Keypress: space
321.5288 	EXP 	unnamed TextStim: height = 25.0
321.5288 	EXP 	unnamed TextStim: height = 25.0
321.5288 	EXP 	unnamed TextStim: height = 25.0
321.5288 	EXP 	unnamed TextStim: text = '→'
322.9190 	DATA 	Keypress: right
322.9211 	EXP 	unnamed TextStim: height = 25.0
322.9211 	EXP 	unnamed TextStim: height = 25.0
322.9211 	EXP 	unnamed TextStim: height = 25.0
322.9211 	EXP 	unnamed TextStim: text = '↓'
324.5339 	DATA 	Keypress: right
324.5361 	EXP 	unnamed TextStim: height = 25.0
324.5361 	EXP 	unnamed TextStim: height = 25.0
324.5361 	EXP 	unnamed TextStim: height = 25.0
324.5361 	EXP 	unnamed TextStim: text = '→'
325.9128 	DATA 	Keypress: right
325.9149 	EXP 	unnamed TextStim: height = 25.0
325.9149 	EXP 	unnamed TextStim: height = 25.0
325.9149 	EXP 	unnamed TextStim: height = 25.0
325.9149 	EXP 	unnamed TextStim: text = '↑'
327.8920 	DATA 	Keypress: right
327.8942 	EXP 	unnamed TextStim: height = 25.0
327.8942 	EXP 	unnamed TextStim: height = 25.0
327.8942 	EXP 	unnamed TextStim: height = 25.0
327.8942 	EXP 	unnamed TextStim: text = '↓'
329.3633 	DATA 	Keypress: down
329.3654 	EXP 	unnamed TextStim: height = 25.0
329.3654 	EXP 	unnamed TextStim: height = 25.0
329.3654 	EXP 	unnamed TextStim: height = 25.0
329.3654 	EXP 	unnamed TextStim: text = '→'
330.7602 	DATA 	Keypress: right
330.8734 	EXP 	Created unnamed ImageStim = ImageStim(__class__=<class 'psychopy.visual.image.ImageStim'>, anchor=('center', 'center'), autoLog=True, color=array([1., 1., 1.]), colorSpace='rgb', contrast=1.0, depth=0, flipHoriz=False, flipVert=False, image='break.jpg', interpolate=True, mask=None, maskParams=None, name='unnamed ImageStim', opacity=1.0, ori=0.0, pos=array([0., 0.]), size=array([1536.,  864.]), texRes=128, units='pix', win=Window(...))
336.6541 	DATA 	Keypress: space
336.6627 	EXP 	unnamed TextStim: height = 25.0
336.6627 	EXP 	unnamed TextStim: height = 25.0
336.6627 	EXP 	unnamed TextStim: height = 25.0
336.6627 	EXP 	unnamed TextStim: text = '↓'
338.0692 	DATA 	Keypress: down
338.0704 	EXP 	unnamed TextStim: text = '↓'
339.6375 	DATA 	Keypress: down
339.6397 	EXP 	unnamed TextStim: height = 25.0
339.6397 	EXP 	unnamed TextStim: height = 25.0
339.6397 	EXP 	unnamed TextStim: height = 25.0
339.6397 	EXP 	unnamed TextStim: text = '↑'
341.2982 	DATA 	Keypress: up
341.2994 	EXP 	unnamed TextStim: text = '↑'
342.9730 	DATA 	Keypress: up
342.9752 	EXP 	unnamed TextStim: height = 25.0
342.9752 	EXP 	unnamed TextStim: height = 25.0
342.9752 	EXP 	unnamed TextStim: height = 25.0
342.9752 	EXP 	unnamed TextStim: text = '↓'
344.4123 	DATA 	Keypress: down
344.4145 	EXP 	unnamed TextStim: height = 25.0
344.4145 	EXP 	unnamed TextStim: height = 25.0
344.4145 	EXP 	unnamed TextStim: height = 25.0
344.4145 	EXP 	unnamed TextStim: text = '↑'
346.4873 	DATA 	Keypress: left
346.5974 	EXP 	Created unnamed ImageStim = ImageStim(__class__=<class 'psychopy.visual.image.ImageStim'>, anchor=('center', 'center'), autoLog=True, color=array([1., 1., 1.]), colorSpace='rgb', contrast=1.0, depth=0, flipHoriz=False, flipVert=False, image='break.jpg', interpolate=True, mask=None, maskParams=None, name='unnamed ImageStim', opacity=1.0, ori=0.0, pos=array([0., 0.]), size=array([1536.,  864.]), texRes=128, units='pix', win=Window(...))
351.1399 	DATA 	Keypress: space
351.1628 	EXP 	Created unnamed TextStim = TextStim(__class__=<class 'psychopy.visual.text.TextStim'>, alignHoriz=method-wrapper(...), alignText='center', alignVert=method-wrapper(...), anchorHoriz='center', anchorVert='center', antialias=True, autoDraw=False, autoLog=True, bold=False, color=array([-1, -1, -1]), colorSpace='rgb', contrast=1.0, depth=0, flipHoriz=False, flipVert=False, font='', fontFiles=[], height=20.0, italic=False, languageStyle='LTR', name='unnamed TextStim', opacity=1.0, ori=0.0, pos=array([0., 0.]), rgb=UNKNOWN, text=str(...), units='pix', win=Window(...), wrapWidth=1536)
368.2203 	DATA 	Keypress: space
368.3114 	EXP 	window1: mouseVisible = True
