12.5162 	WARNING 	User requested fullscreen with size [1536  864], but screen is actually [1920, 1080]. Using actual size
13.7822 	INFO 	FRAME RATE: 60
13.7822 	INFO 	SCREEN RES: odict_values([1536, 864])
13.8402 	EXP 	Created unnamed TextStim = TextStim(__class__=<class 'psychopy.visual.text.TextStim'>, alignHoriz=method-wrapper(...), alignText='center', alignVert=method-wrapper(...), anchorHoriz='center', anchorVert='center', antialias=True, autoDraw=False, autoLog=True, bold=False, color=array([-1, -1, -1]), colorSpace='rgb', contrast=1.0, depth=0, flipHoriz=False, flipVert=False, font='', fontFiles=[], height=100.0, italic=False, languageStyle='LTR', name='unnamed TextStim', opacity=1.0, ori=0.0, pos=array([0., 0.]), rgb=UNKNOWN, text='+', units='pix', win=Window(...), wrapWidth=500)
13.8449 	EXP 	Created unnamed Circle = Circle(__class__=<class 'psychopy.visual.circle.Circle'>, anchor=('center', 'center'), autoDraw=False, autoLog=True, closeShape=True, color=method-wrapper(...), colorSpace='rgb', contrast=None, depth=0, fillColor=array([ 0.09019608, -1.        , -1.        ]), fillColorSpace='rgb', fillRGB=array([ 0.09019608, -1.        , -1.        ]), interpolate=True, lineColor=array([ 0.09019608, -1.        , -1.        ]), lineColorSpace='rgb', lineRGB=array([ 0.09019608, -1.        , -1.        ]), lineWidth=1.5, name='unnamed Circle', opacity=1.0, ori=0.0, pos=array([0., 0.]), size=array([1., 1.]), units='pix', vertices=ndarray(...), win=Window(...))
13.8463 	EXP 	Created unnamed TextStim = TextStim(__class__=<class 'psychopy.visual.text.TextStim'>, alignHoriz=method-wrapper(...), alignText='center', alignVert=method-wrapper(...), anchorHoriz='center', anchorVert='center', antialias=True, autoDraw=False, autoLog=True, bold=False, color=array([-0.17647059, -0.17647059, -0.17647059]), colorSpace='rgb', contrast=1.0, depth=0, flipHoriz=False, flipVert=False, font='', fontFiles=[], height=25, italic=False, languageStyle='LTR', name='unnamed TextStim', opacity=1.0, ori=0.0, pos=array([0., 0.]), rgb=UNKNOWN, text='', units='pix', win=Window(...), wrapWidth=500)
13.8530 	EXP 	Created unnamed ImageStim = ImageStim(__class__=<class 'psychopy.visual.image.ImageStim'>, anchor=('center', 'center'), autoLog=True, color=array([1., 1., 1.]), colorSpace='rgb', contrast=1.0, depth=0, flipHoriz=False, flipVert=False, image='mask4.png', interpolate=False, mask=None, maskParams=None, name='unnamed ImageStim', opacity=1.0, ori=0.0, pos=array([0., 0.]), size=array([25., 25.]), texRes=128, units='pix', win=Window(...))
13.8614 	EXP 	Created unnamed TextStim = TextStim(__class__=<class 'psychopy.visual.text.TextStim'>, alignHoriz=method-wrapper(...), alignText='center', alignVert=method-wrapper(...), anchorHoriz='center', anchorVert='center', antialias=True, autoDraw=False, autoLog=True, bold=False, color=array([-1, -1, -1]), colorSpace='rgb', contrast=1.0, depth=0, flipHoriz=False, flipVert=False, font='', fontFiles=[], height=30.0, italic=False, languageStyle='LTR', name='unnamed TextStim', opacity=1.0, ori=0.0, pos=array([ 100., -300.]), rgb=UNKNOWN, text=str(...), units='pix', win=Window(...), wrapWidth=10000)
13.8726 	EXP 	Created unnamed TextStim = TextStim(__class__=<class 'psychopy.visual.text.TextStim'>, alignHoriz=method-wrapper(...), alignText='center', alignVert=method-wrapper(...), anchorHoriz='center', anchorVert='center', antialias=True, autoDraw=False, autoLog=True, bold=False, color=array([-1, -1, -1]), colorSpace='rgb', contrast=1.0, depth=0, flipHoriz=False, flipVert=False, font='', fontFiles=[], height=30.0, italic=False, languageStyle='LTR', name='unnamed TextStim', opacity=1.0, ori=0.0, pos=array([ 100., -330.]), rgb=UNKNOWN, text=str(...), units='pix', win=Window(...), wrapWidth=10000)
13.9028 	EXP 	Created unnamed TextStim = TextStim(__class__=<class 'psychopy.visual.text.TextStim'>, alignHoriz=method-wrapper(...), alignText='center', alignVert=method-wrapper(...), anchorHoriz='center', anchorVert='center', antialias=True, autoDraw=False, autoLog=True, bold=False, color=array([-1, -1, -1]), colorSpace='rgb', contrast=1.0, depth=0, flipHoriz=False, flipVert=False, font='', fontFiles=[], height=20.0, italic=False, languageStyle='LTR', name='unnamed TextStim', opacity=1.0, ori=0.0, pos=array([0., 0.]), rgb=UNKNOWN, text=str(...), units='pix', win=Window(...), wrapWidth=1536)
46.3465 	DATA 	Keypress: space
46.3519 	EXP 	unnamed TextStim: height = 25.0
46.3519 	EXP 	unnamed TextStim: height = 25.0
46.3519 	EXP 	unnamed TextStim: height = 25.0
46.3519 	EXP 	unnamed TextStim: text = '↑'
49.3158 	DATA 	No keypress (maxWait exceeded)
49.3246 	EXP 	Created unnamed TextStim = TextStim(__class__=<class 'psychopy.visual.text.TextStim'>, alignHoriz=method-wrapper(...), alignText='center', alignVert=method-wrapper(...), anchorHoriz='center', anchorVert='center', antialias=True, autoDraw=False, autoLog=True, bold=False, color=array([-1, -1, -1]), colorSpace='rgb', contrast=1.0, depth=0, flipHoriz=False, flipVert=False, font='', fontFiles=[], height=50.0, italic=False, languageStyle='LTR', name='unnamed TextStim', opacity=1.0, ori=0.0, pos=array([0., 0.]), rgb=UNKNOWN, text='Niepoprawnie', units='pix', win=Window(...), wrapWidth=500)
50.3321 	EXP 	unnamed TextStim: height = 25.0
50.3321 	EXP 	unnamed TextStim: height = 25.0
50.3321 	EXP 	unnamed TextStim: height = 25.0
50.3321 	EXP 	unnamed TextStim: text = '→'
52.2391 	DATA 	Keypress: left
52.2411 	EXP 	Created unnamed TextStim = TextStim(__class__=<class 'psychopy.visual.text.TextStim'>, alignHoriz=method-wrapper(...), alignText='center', alignVert=method-wrapper(...), anchorHoriz='center', anchorVert='center', antialias=True, autoDraw=False, autoLog=True, bold=False, color=array([-1, -1, -1]), colorSpace='rgb', contrast=1.0, depth=0, flipHoriz=False, flipVert=False, font='', fontFiles=[], height=50.0, italic=False, languageStyle='LTR', name='unnamed TextStim', opacity=1.0, ori=0.0, pos=array([0., 0.]), rgb=UNKNOWN, text='Niepoprawnie', units='pix', win=Window(...), wrapWidth=500)
53.2489 	EXP 	unnamed TextStim: text = '→'
55.3337 	DATA 	Keypress: right
55.3369 	EXP 	Created unnamed TextStim = TextStim(__class__=<class 'psychopy.visual.text.TextStim'>, alignHoriz=method-wrapper(...), alignText='center', alignVert=method-wrapper(...), anchorHoriz='center', anchorVert='center', antialias=True, autoDraw=False, autoLog=True, bold=False, color=array([-1, -1, -1]), colorSpace='rgb', contrast=1.0, depth=0, flipHoriz=False, flipVert=False, font='', fontFiles=[], height=50.0, italic=False, languageStyle='LTR', name='unnamed TextStim', opacity=1.0, ori=0.0, pos=array([0., 0.]), rgb=UNKNOWN, text='Poprawnie', units='pix', win=Window(...), wrapWidth=500)
56.3491 	EXP 	unnamed TextStim: text = '→'
58.3043 	DATA 	Keypress: right
58.3065 	EXP 	Created unnamed TextStim = TextStim(__class__=<class 'psychopy.visual.text.TextStim'>, alignHoriz=method-wrapper(...), alignText='center', alignVert=method-wrapper(...), anchorHoriz='center', anchorVert='center', antialias=True, autoDraw=False, autoLog=True, bold=False, color=array([-1, -1, -1]), colorSpace='rgb', contrast=1.0, depth=0, flipHoriz=False, flipVert=False, font='', fontFiles=[], height=50.0, italic=False, languageStyle='LTR', name='unnamed TextStim', opacity=1.0, ori=0.0, pos=array([0., 0.]), rgb=UNKNOWN, text='Poprawnie', units='pix', win=Window(...), wrapWidth=500)
59.3158 	EXP 	unnamed TextStim: height = 25.0
59.3158 	EXP 	unnamed TextStim: height = 25.0
59.3158 	EXP 	unnamed TextStim: height = 25.0
59.3158 	EXP 	unnamed TextStim: text = '↓'
60.7676 	DATA 	Keypress: down
62.0705 	DATA 	Keypress: down
62.0724 	EXP 	Created unnamed TextStim = TextStim(__class__=<class 'psychopy.visual.text.TextStim'>, alignHoriz=method-wrapper(...), alignText='center', alignVert=method-wrapper(...), anchorHoriz='center', anchorVert='center', antialias=True, autoDraw=False, autoLog=True, bold=False, color=array([-1, -1, -1]), colorSpace='rgb', contrast=1.0, depth=0, flipHoriz=False, flipVert=False, font='', fontFiles=[], height=50.0, italic=False, languageStyle='LTR', name='unnamed TextStim', opacity=1.0, ori=0.0, pos=array([0., 0.]), rgb=UNKNOWN, text='Poprawnie', units='pix', win=Window(...), wrapWidth=500)
63.0826 	EXP 	unnamed TextStim: height = 25.0
63.0826 	EXP 	unnamed TextStim: height = 25.0
63.0826 	EXP 	unnamed TextStim: height = 25.0
63.0826 	EXP 	unnamed TextStim: text = '←'
64.7803 	DATA 	Keypress: left
64.7828 	EXP 	Created unnamed TextStim = TextStim(__class__=<class 'psychopy.visual.text.TextStim'>, alignHoriz=method-wrapper(...), alignText='center', alignVert=method-wrapper(...), anchorHoriz='center', anchorVert='center', antialias=True, autoDraw=False, autoLog=True, bold=False, color=array([-1, -1, -1]), colorSpace='rgb', contrast=1.0, depth=0, flipHoriz=False, flipVert=False, font='', fontFiles=[], height=50.0, italic=False, languageStyle='LTR', name='unnamed TextStim', opacity=1.0, ori=0.0, pos=array([0., 0.]), rgb=UNKNOWN, text='Poprawnie', units='pix', win=Window(...), wrapWidth=500)
65.7994 	EXP 	unnamed TextStim: height = 25.0
65.7994 	EXP 	unnamed TextStim: height = 25.0
65.7994 	EXP 	unnamed TextStim: height = 25.0
65.7994 	EXP 	unnamed TextStim: text = '→'
67.5923 	DATA 	Keypress: right
67.5947 	EXP 	Created unnamed TextStim = TextStim(__class__=<class 'psychopy.visual.text.TextStim'>, alignHoriz=method-wrapper(...), alignText='center', alignVert=method-wrapper(...), anchorHoriz='center', anchorVert='center', antialias=True, autoDraw=False, autoLog=True, bold=False, color=array([-1, -1, -1]), colorSpace='rgb', contrast=1.0, depth=0, flipHoriz=False, flipVert=False, font='', fontFiles=[], height=50.0, italic=False, languageStyle='LTR', name='unnamed TextStim', opacity=1.0, ori=0.0, pos=array([0., 0.]), rgb=UNKNOWN, text='Poprawnie', units='pix', win=Window(...), wrapWidth=500)
68.5993 	EXP 	unnamed TextStim: height = 25.0
68.5993 	EXP 	unnamed TextStim: height = 25.0
68.5993 	EXP 	unnamed TextStim: height = 25.0
68.5993 	EXP 	unnamed TextStim: text = '←'
70.3379 	DATA 	Keypress: left
70.3398 	EXP 	Created unnamed TextStim = TextStim(__class__=<class 'psychopy.visual.text.TextStim'>, alignHoriz=method-wrapper(...), alignText='center', alignVert=method-wrapper(...), anchorHoriz='center', anchorVert='center', antialias=True, autoDraw=False, autoLog=True, bold=False, color=array([-1, -1, -1]), colorSpace='rgb', contrast=1.0, depth=0, flipHoriz=False, flipVert=False, font='', fontFiles=[], height=50.0, italic=False, languageStyle='LTR', name='unnamed TextStim', opacity=1.0, ori=0.0, pos=array([0., 0.]), rgb=UNKNOWN, text='Poprawnie', units='pix', win=Window(...), wrapWidth=500)
71.3495 	EXP 	unnamed TextStim: height = 25.0
71.3495 	EXP 	unnamed TextStim: height = 25.0
71.3495 	EXP 	unnamed TextStim: height = 25.0
71.3495 	EXP 	unnamed TextStim: text = '↑'
73.7569 	DATA 	Keypress: left
73.7591 	EXP 	Created unnamed TextStim = TextStim(__class__=<class 'psychopy.visual.text.TextStim'>, alignHoriz=method-wrapper(...), alignText='center', alignVert=method-wrapper(...), anchorHoriz='center', anchorVert='center', antialias=True, autoDraw=False, autoLog=True, bold=False, color=array([-1, -1, -1]), colorSpace='rgb', contrast=1.0, depth=0, flipHoriz=False, flipVert=False, font='', fontFiles=[], height=50.0, italic=False, languageStyle='LTR', name='unnamed TextStim', opacity=1.0, ori=0.0, pos=array([0., 0.]), rgb=UNKNOWN, text='Niepoprawnie', units='pix', win=Window(...), wrapWidth=500)
74.7662 	EXP 	unnamed TextStim: height = 25.0
74.7662 	EXP 	unnamed TextStim: height = 25.0
74.7662 	EXP 	unnamed TextStim: height = 25.0
74.7662 	EXP 	unnamed TextStim: text = '→'
76.5371 	DATA 	Keypress: right
76.5397 	EXP 	Created unnamed TextStim = TextStim(__class__=<class 'psychopy.visual.text.TextStim'>, alignHoriz=method-wrapper(...), alignText='center', alignVert=method-wrapper(...), anchorHoriz='center', anchorVert='center', antialias=True, autoDraw=False, autoLog=True, bold=False, color=array([-1, -1, -1]), colorSpace='rgb', contrast=1.0, depth=0, flipHoriz=False, flipVert=False, font='', fontFiles=[], height=50.0, italic=False, languageStyle='LTR', name='unnamed TextStim', opacity=1.0, ori=0.0, pos=array([0., 0.]), rgb=UNKNOWN, text='Poprawnie', units='pix', win=Window(...), wrapWidth=500)
77.5498 	EXP 	unnamed TextStim: height = 25.0
77.5498 	EXP 	unnamed TextStim: height = 25.0
77.5498 	EXP 	unnamed TextStim: height = 25.0
77.5498 	EXP 	unnamed TextStim: text = '←'
79.2941 	DATA 	Keypress: left
79.2966 	EXP 	Created unnamed TextStim = TextStim(__class__=<class 'psychopy.visual.text.TextStim'>, alignHoriz=method-wrapper(...), alignText='center', alignVert=method-wrapper(...), anchorHoriz='center', anchorVert='center', antialias=True, autoDraw=False, autoLog=True, bold=False, color=array([-1, -1, -1]), colorSpace='rgb', contrast=1.0, depth=0, flipHoriz=False, flipVert=False, font='', fontFiles=[], height=50.0, italic=False, languageStyle='LTR', name='unnamed TextStim', opacity=1.0, ori=0.0, pos=array([0., 0.]), rgb=UNKNOWN, text='Poprawnie', units='pix', win=Window(...), wrapWidth=500)
80.3007 	EXP 	unnamed TextStim: height = 25.0
80.3007 	EXP 	unnamed TextStim: height = 25.0
80.3007 	EXP 	unnamed TextStim: height = 25.0
80.3007 	EXP 	unnamed TextStim: text = '↓'
82.1306 	DATA 	Keypress: down
82.1325 	EXP 	Created unnamed TextStim = TextStim(__class__=<class 'psychopy.visual.text.TextStim'>, alignHoriz=method-wrapper(...), alignText='center', alignVert=method-wrapper(...), anchorHoriz='center', anchorVert='center', antialias=True, autoDraw=False, autoLog=True, bold=False, color=array([-1, -1, -1]), colorSpace='rgb', contrast=1.0, depth=0, flipHoriz=False, flipVert=False, font='', fontFiles=[], height=50.0, italic=False, languageStyle='LTR', name='unnamed TextStim', opacity=1.0, ori=0.0, pos=array([0., 0.]), rgb=UNKNOWN, text='Poprawnie', units='pix', win=Window(...), wrapWidth=500)
83.1499 	EXP 	unnamed TextStim: height = 25.0
83.1499 	EXP 	unnamed TextStim: height = 25.0
83.1499 	EXP 	unnamed TextStim: height = 25.0
83.1499 	EXP 	unnamed TextStim: text = '↑'
84.9684 	DATA 	Keypress: up
84.9714 	EXP 	Created unnamed TextStim = TextStim(__class__=<class 'psychopy.visual.text.TextStim'>, alignHoriz=method-wrapper(...), alignText='center', alignVert=method-wrapper(...), anchorHoriz='center', anchorVert='center', antialias=True, autoDraw=False, autoLog=True, bold=False, color=array([-1, -1, -1]), colorSpace='rgb', contrast=1.0, depth=0, flipHoriz=False, flipVert=False, font='', fontFiles=[], height=50.0, italic=False, languageStyle='LTR', name='unnamed TextStim', opacity=1.0, ori=0.0, pos=array([0., 0.]), rgb=UNKNOWN, text='Poprawnie', units='pix', win=Window(...), wrapWidth=500)
85.9834 	EXP 	unnamed TextStim: height = 25.0
85.9834 	EXP 	unnamed TextStim: height = 25.0
85.9834 	EXP 	unnamed TextStim: height = 25.0
85.9834 	EXP 	unnamed TextStim: text = '←'
87.7653 	DATA 	Keypress: left
87.7675 	EXP 	Created unnamed TextStim = TextStim(__class__=<class 'psychopy.visual.text.TextStim'>, alignHoriz=method-wrapper(...), alignText='center', alignVert=method-wrapper(...), anchorHoriz='center', anchorVert='center', antialias=True, autoDraw=False, autoLog=True, bold=False, color=array([-1, -1, -1]), colorSpace='rgb', contrast=1.0, depth=0, flipHoriz=False, flipVert=False, font='', fontFiles=[], height=50.0, italic=False, languageStyle='LTR', name='unnamed TextStim', opacity=1.0, ori=0.0, pos=array([0., 0.]), rgb=UNKNOWN, text='Poprawnie', units='pix', win=Window(...), wrapWidth=500)
88.7834 	EXP 	unnamed TextStim: height = 25.0
88.7834 	EXP 	unnamed TextStim: height = 25.0
88.7834 	EXP 	unnamed TextStim: height = 25.0
88.7834 	EXP 	unnamed TextStim: text = '↓'
90.3436 	DATA 	Keypress: down
90.3456 	EXP 	Created unnamed TextStim = TextStim(__class__=<class 'psychopy.visual.text.TextStim'>, alignHoriz=method-wrapper(...), alignText='center', alignVert=method-wrapper(...), anchorHoriz='center', anchorVert='center', antialias=True, autoDraw=False, autoLog=True, bold=False, color=array([-1, -1, -1]), colorSpace='rgb', contrast=1.0, depth=0, flipHoriz=False, flipVert=False, font='', fontFiles=[], height=50.0, italic=False, languageStyle='LTR', name='unnamed TextStim', opacity=1.0, ori=0.0, pos=array([0., 0.]), rgb=UNKNOWN, text='Poprawnie', units='pix', win=Window(...), wrapWidth=500)
91.3728 	EXP 	Created unnamed TextStim = TextStim(__class__=<class 'psychopy.visual.text.TextStim'>, alignHoriz=method-wrapper(...), alignText='center', alignVert=method-wrapper(...), anchorHoriz='center', anchorVert='center', antialias=True, autoDraw=False, autoLog=True, bold=False, color=array([-1, -1, -1]), colorSpace='rgb', contrast=1.0, depth=0, flipHoriz=False, flipVert=False, font='', fontFiles=[], height=20.0, italic=False, languageStyle='LTR', name='unnamed TextStim', opacity=1.0, ori=0.0, pos=array([0., 0.]), rgb=UNKNOWN, text=str(...), units='pix', win=Window(...), wrapWidth=1536)
102.5612 	DATA 	Keypress: space
102.5670 	EXP 	unnamed TextStim: height = 25.0
102.5670 	EXP 	unnamed TextStim: height = 25.0
102.5670 	EXP 	unnamed TextStim: height = 25.0
102.5670 	EXP 	unnamed TextStim: text = '→'
104.8351 	DATA 	Keypress: right
104.8425 	EXP 	Created unnamed TextStim = TextStim(__class__=<class 'psychopy.visual.text.TextStim'>, alignHoriz=method-wrapper(...), alignText='center', alignVert=method-wrapper(...), anchorHoriz='center', anchorVert='center', antialias=True, autoDraw=False, autoLog=True, bold=False, color=array([-1, -1, -1]), colorSpace='rgb', contrast=1.0, depth=0, flipHoriz=False, flipVert=False, font='', fontFiles=[], height=50.0, italic=False, languageStyle='LTR', name='unnamed TextStim', opacity=1.0, ori=0.0, pos=array([0., 0.]), rgb=UNKNOWN, text='Poprawnie', units='pix', win=Window(...), wrapWidth=500)
105.8508 	EXP 	unnamed TextStim: height = 25.0
105.8508 	EXP 	unnamed TextStim: height = 25.0
105.8508 	EXP 	unnamed TextStim: height = 25.0
105.8508 	EXP 	unnamed TextStim: text = '←'
107.4863 	DATA 	Keypress: left
107.4887 	EXP 	Created unnamed TextStim = TextStim(__class__=<class 'psychopy.visual.text.TextStim'>, alignHoriz=method-wrapper(...), alignText='center', alignVert=method-wrapper(...), anchorHoriz='center', anchorVert='center', antialias=True, autoDraw=False, autoLog=True, bold=False, color=array([-1, -1, -1]), colorSpace='rgb', contrast=1.0, depth=0, flipHoriz=False, flipVert=False, font='', fontFiles=[], height=50.0, italic=False, languageStyle='LTR', name='unnamed TextStim', opacity=1.0, ori=0.0, pos=array([0., 0.]), rgb=UNKNOWN, text='Poprawnie', units='pix', win=Window(...), wrapWidth=500)
108.5008 	EXP 	unnamed TextStim: text = '←'
110.3094 	DATA 	Keypress: left
110.3114 	EXP 	Created unnamed TextStim = TextStim(__class__=<class 'psychopy.visual.text.TextStim'>, alignHoriz=method-wrapper(...), alignText='center', alignVert=method-wrapper(...), anchorHoriz='center', anchorVert='center', antialias=True, autoDraw=False, autoLog=True, bold=False, color=array([-1, -1, -1]), colorSpace='rgb', contrast=1.0, depth=0, flipHoriz=False, flipVert=False, font='', fontFiles=[], height=50.0, italic=False, languageStyle='LTR', name='unnamed TextStim', opacity=1.0, ori=0.0, pos=array([0., 0.]), rgb=UNKNOWN, text='Poprawnie', units='pix', win=Window(...), wrapWidth=500)
111.3176 	EXP 	unnamed TextStim: height = 25.0
111.3176 	EXP 	unnamed TextStim: height = 25.0
111.3176 	EXP 	unnamed TextStim: height = 25.0
111.3176 	EXP 	unnamed TextStim: text = '↓'
113.3500 	DATA 	Keypress: left
113.3529 	EXP 	Created unnamed TextStim = TextStim(__class__=<class 'psychopy.visual.text.TextStim'>, alignHoriz=method-wrapper(...), alignText='center', alignVert=method-wrapper(...), anchorHoriz='center', anchorVert='center', antialias=True, autoDraw=False, autoLog=True, bold=False, color=array([-1, -1, -1]), colorSpace='rgb', contrast=1.0, depth=0, flipHoriz=False, flipVert=False, font='', fontFiles=[], height=50.0, italic=False, languageStyle='LTR', name='unnamed TextStim', opacity=1.0, ori=0.0, pos=array([0., 0.]), rgb=UNKNOWN, text='Niepoprawnie', units='pix', win=Window(...), wrapWidth=500)
114.3678 	EXP 	unnamed TextStim: height = 25.0
114.3678 	EXP 	unnamed TextStim: height = 25.0
114.3678 	EXP 	unnamed TextStim: height = 25.0
114.3678 	EXP 	unnamed TextStim: text = '↑'
116.1447 	DATA 	Keypress: right
116.1466 	EXP 	Created unnamed TextStim = TextStim(__class__=<class 'psychopy.visual.text.TextStim'>, alignHoriz=method-wrapper(...), alignText='center', alignVert=method-wrapper(...), anchorHoriz='center', anchorVert='center', antialias=True, autoDraw=False, autoLog=True, bold=False, color=array([-1, -1, -1]), colorSpace='rgb', contrast=1.0, depth=0, flipHoriz=False, flipVert=False, font='', fontFiles=[], height=50.0, italic=False, languageStyle='LTR', name='unnamed TextStim', opacity=1.0, ori=0.0, pos=array([0., 0.]), rgb=UNKNOWN, text='Niepoprawnie', units='pix', win=Window(...), wrapWidth=500)
117.1511 	EXP 	unnamed TextStim: height = 25.0
117.1511 	EXP 	unnamed TextStim: height = 25.0
117.1511 	EXP 	unnamed TextStim: height = 25.0
117.1511 	EXP 	unnamed TextStim: text = '↓'
118.6021 	DATA 	Keypress: down
118.6046 	EXP 	Created unnamed TextStim = TextStim(__class__=<class 'psychopy.visual.text.TextStim'>, alignHoriz=method-wrapper(...), alignText='center', alignVert=method-wrapper(...), anchorHoriz='center', anchorVert='center', antialias=True, autoDraw=False, autoLog=True, bold=False, color=array([-1, -1, -1]), colorSpace='rgb', contrast=1.0, depth=0, flipHoriz=False, flipVert=False, font='', fontFiles=[], height=50.0, italic=False, languageStyle='LTR', name='unnamed TextStim', opacity=1.0, ori=0.0, pos=array([0., 0.]), rgb=UNKNOWN, text='Poprawnie', units='pix', win=Window(...), wrapWidth=500)
119.6180 	EXP 	unnamed TextStim: height = 25.0
119.6180 	EXP 	unnamed TextStim: height = 25.0
119.6180 	EXP 	unnamed TextStim: height = 25.0
119.6180 	EXP 	unnamed TextStim: text = '↑'
121.3634 	DATA 	Keypress: left
121.3659 	EXP 	Created unnamed TextStim = TextStim(__class__=<class 'psychopy.visual.text.TextStim'>, alignHoriz=method-wrapper(...), alignText='center', alignVert=method-wrapper(...), anchorHoriz='center', anchorVert='center', antialias=True, autoDraw=False, autoLog=True, bold=False, color=array([-1, -1, -1]), colorSpace='rgb', contrast=1.0, depth=0, flipHoriz=False, flipVert=False, font='', fontFiles=[], height=50.0, italic=False, languageStyle='LTR', name='unnamed TextStim', opacity=1.0, ori=0.0, pos=array([0., 0.]), rgb=UNKNOWN, text='Niepoprawnie', units='pix', win=Window(...), wrapWidth=500)
122.3847 	EXP 	unnamed TextStim: text = '↑'
123.8266 	DATA 	Keypress: up
123.8285 	EXP 	Created unnamed TextStim = TextStim(__class__=<class 'psychopy.visual.text.TextStim'>, alignHoriz=method-wrapper(...), alignText='center', alignVert=method-wrapper(...), anchorHoriz='center', anchorVert='center', antialias=True, autoDraw=False, autoLog=True, bold=False, color=array([-1, -1, -1]), colorSpace='rgb', contrast=1.0, depth=0, flipHoriz=False, flipVert=False, font='', fontFiles=[], height=50.0, italic=False, languageStyle='LTR', name='unnamed TextStim', opacity=1.0, ori=0.0, pos=array([0., 0.]), rgb=UNKNOWN, text='Poprawnie', units='pix', win=Window(...), wrapWidth=500)
124.8348 	EXP 	unnamed TextStim: height = 25.0
124.8348 	EXP 	unnamed TextStim: height = 25.0
124.8348 	EXP 	unnamed TextStim: height = 25.0
124.8348 	EXP 	unnamed TextStim: text = '→'
126.3933 	DATA 	Keypress: left
126.3953 	EXP 	Created unnamed TextStim = TextStim(__class__=<class 'psychopy.visual.text.TextStim'>, alignHoriz=method-wrapper(...), alignText='center', alignVert=method-wrapper(...), anchorHoriz='center', anchorVert='center', antialias=True, autoDraw=False, autoLog=True, bold=False, color=array([-1, -1, -1]), colorSpace='rgb', contrast=1.0, depth=0, flipHoriz=False, flipVert=False, font='', fontFiles=[], height=50.0, italic=False, languageStyle='LTR', name='unnamed TextStim', opacity=1.0, ori=0.0, pos=array([0., 0.]), rgb=UNKNOWN, text='Niepoprawnie', units='pix', win=Window(...), wrapWidth=500)
127.4015 	EXP 	unnamed TextStim: height = 25.0
127.4015 	EXP 	unnamed TextStim: height = 25.0
127.4015 	EXP 	unnamed TextStim: height = 25.0
127.4015 	EXP 	unnamed TextStim: text = '↑'
129.1140 	DATA 	Keypress: up
129.1165 	EXP 	Created unnamed TextStim = TextStim(__class__=<class 'psychopy.visual.text.TextStim'>, alignHoriz=method-wrapper(...), alignText='center', alignVert=method-wrapper(...), anchorHoriz='center', anchorVert='center', antialias=True, autoDraw=False, autoLog=True, bold=False, color=array([-1, -1, -1]), colorSpace='rgb', contrast=1.0, depth=0, flipHoriz=False, flipVert=False, font='', fontFiles=[], height=50.0, italic=False, languageStyle='LTR', name='unnamed TextStim', opacity=1.0, ori=0.0, pos=array([0., 0.]), rgb=UNKNOWN, text='Poprawnie', units='pix', win=Window(...), wrapWidth=500)
130.1406 	EXP 	Created unnamed TextStim = TextStim(__class__=<class 'psychopy.visual.text.TextStim'>, alignHoriz=method-wrapper(...), alignText='center', alignVert=method-wrapper(...), anchorHoriz='center', anchorVert='center', antialias=True, autoDraw=False, autoLog=True, bold=False, color=array([-1, -1, -1]), colorSpace='rgb', contrast=1.0, depth=0, flipHoriz=False, flipVert=False, font='', fontFiles=[], height=20.0, italic=False, languageStyle='LTR', name='unnamed TextStim', opacity=1.0, ori=0.0, pos=array([0., 0.]), rgb=UNKNOWN, text=str(...), units='pix', win=Window(...), wrapWidth=1536)
143.1167 	DATA 	Keypress: space
143.1209 	EXP 	unnamed TextStim: height = 25.0
143.1209 	EXP 	unnamed TextStim: height = 25.0
143.1209 	EXP 	unnamed TextStim: height = 25.0
143.1209 	EXP 	unnamed TextStim: text = '←'
144.6708 	DATA 	Keypress: right
144.6740 	EXP 	unnamed TextStim: height = 25.0
144.6740 	EXP 	unnamed TextStim: height = 25.0
144.6740 	EXP 	unnamed TextStim: height = 25.0
144.6740 	EXP 	unnamed TextStim: text = '↑'
146.1020 	DATA 	Keypress: up
146.1045 	EXP 	unnamed TextStim: height = 25.0
146.1045 	EXP 	unnamed TextStim: height = 25.0
146.1045 	EXP 	unnamed TextStim: height = 25.0
146.1045 	EXP 	unnamed TextStim: text = '←'
147.7583 	DATA 	Keypress: up
147.7596 	EXP 	unnamed TextStim: text = '←'
149.0844 	DATA 	Keypress: left
149.0873 	EXP 	unnamed TextStim: height = 25.0
149.0873 	EXP 	unnamed TextStim: height = 25.0
149.0873 	EXP 	unnamed TextStim: height = 25.0
149.0873 	EXP 	unnamed TextStim: text = '→'
150.5962 	DATA 	Keypress: right
150.5973 	EXP 	unnamed TextStim: text = '→'
152.0527 	DATA 	Keypress: left
152.2096 	EXP 	Created unnamed ImageStim = ImageStim(__class__=<class 'psychopy.visual.image.ImageStim'>, anchor=('center', 'center'), autoLog=True, color=array([1., 1., 1.]), colorSpace='rgb', contrast=1.0, depth=0, flipHoriz=False, flipVert=False, image='break.jpg', interpolate=True, mask=None, maskParams=None, name='unnamed ImageStim', opacity=1.0, ori=0.0, pos=array([0., 0.]), size=array([1536.,  864.]), texRes=128, units='pix', win=Window(...))
154.2147 	DATA 	Keypress: space
154.2190 	EXP 	unnamed TextStim: text = '→'
155.9960 	DATA 	Keypress: right
155.9987 	EXP 	unnamed TextStim: height = 25.0
155.9987 	EXP 	unnamed TextStim: height = 25.0
155.9987 	EXP 	unnamed TextStim: height = 25.0
155.9987 	EXP 	unnamed TextStim: text = '↓'
157.5171 	DATA 	Keypress: up
157.5193 	EXP 	unnamed TextStim: height = 25.0
157.5193 	EXP 	unnamed TextStim: height = 25.0
157.5193 	EXP 	unnamed TextStim: height = 25.0
157.5193 	EXP 	unnamed TextStim: text = '←'
158.9087 	DATA 	Keypress: left
158.9109 	EXP 	unnamed TextStim: height = 25.0
158.9109 	EXP 	unnamed TextStim: height = 25.0
158.9109 	EXP 	unnamed TextStim: height = 25.0
158.9109 	EXP 	unnamed TextStim: text = '→'
160.3951 	DATA 	Keypress: right
160.3963 	EXP 	unnamed TextStim: text = '→'
161.9199 	DATA 	Keypress: left
161.9211 	EXP 	unnamed TextStim: text = '→'
163.2442 	DATA 	Keypress: right
163.3680 	EXP 	Created unnamed ImageStim = ImageStim(__class__=<class 'psychopy.visual.image.ImageStim'>, anchor=('center', 'center'), autoLog=True, color=array([1., 1., 1.]), colorSpace='rgb', contrast=1.0, depth=0, flipHoriz=False, flipVert=False, image='break.jpg', interpolate=True, mask=None, maskParams=None, name='unnamed ImageStim', opacity=1.0, ori=0.0, pos=array([0., 0.]), size=array([1536.,  864.]), texRes=128, units='pix', win=Window(...))
164.3842 	DATA 	Keypress: space
164.3918 	EXP 	unnamed TextStim: height = 25.0
164.3918 	EXP 	unnamed TextStim: height = 25.0
164.3918 	EXP 	unnamed TextStim: height = 25.0
164.3918 	EXP 	unnamed TextStim: text = '↑'
166.0568 	DATA 	Keypress: up
166.0590 	EXP 	unnamed TextStim: height = 25.0
166.0590 	EXP 	unnamed TextStim: height = 25.0
166.0590 	EXP 	unnamed TextStim: height = 25.0
166.0590 	EXP 	unnamed TextStim: text = '↓'
167.8969 	DATA 	Keypress: left
167.8989 	EXP 	unnamed TextStim: height = 25.0
167.8989 	EXP 	unnamed TextStim: height = 25.0
167.8989 	EXP 	unnamed TextStim: height = 25.0
167.8989 	EXP 	unnamed TextStim: text = '←'
169.6884 	DATA 	Keypress: left
169.6895 	EXP 	unnamed TextStim: text = '←'
171.0805 	DATA 	Keypress: left
171.0816 	EXP 	unnamed TextStim: text = '←'
172.6199 	DATA 	Keypress: left
172.6220 	EXP 	unnamed TextStim: height = 25.0
172.6220 	EXP 	unnamed TextStim: height = 25.0
172.6220 	EXP 	unnamed TextStim: height = 25.0
172.6220 	EXP 	unnamed TextStim: text = '↑'
174.0155 	DATA 	Keypress: up
174.1259 	EXP 	Created unnamed ImageStim = ImageStim(__class__=<class 'psychopy.visual.image.ImageStim'>, anchor=('center', 'center'), autoLog=True, color=array([1., 1., 1.]), colorSpace='rgb', contrast=1.0, depth=0, flipHoriz=False, flipVert=False, image='break.jpg', interpolate=True, mask=None, maskParams=None, name='unnamed ImageStim', opacity=1.0, ori=0.0, pos=array([0., 0.]), size=array([1536.,  864.]), texRes=128, units='pix', win=Window(...))
174.9288 	DATA 	Keypress: space
174.9364 	EXP 	unnamed TextStim: height = 25.0
174.9364 	EXP 	unnamed TextStim: height = 25.0
174.9364 	EXP 	unnamed TextStim: height = 25.0
174.9364 	EXP 	unnamed TextStim: text = '↓'
176.7004 	DATA 	Keypress: up
176.7026 	EXP 	unnamed TextStim: height = 25.0
176.7026 	EXP 	unnamed TextStim: height = 25.0
176.7026 	EXP 	unnamed TextStim: height = 25.0
176.7026 	EXP 	unnamed TextStim: text = '→'
178.4817 	DATA 	Keypress: up
178.4838 	EXP 	unnamed TextStim: height = 25.0
178.4838 	EXP 	unnamed TextStim: height = 25.0
178.4838 	EXP 	unnamed TextStim: height = 25.0
178.4838 	EXP 	unnamed TextStim: text = '↑'
179.9837 	DATA 	Keypress: up
179.9849 	EXP 	unnamed TextStim: text = '↑'
181.6732 	DATA 	Keypress: up
181.6743 	EXP 	unnamed TextStim: text = '↑'
183.3111 	DATA 	Keypress: left
183.3132 	EXP 	unnamed TextStim: height = 25.0
183.3132 	EXP 	unnamed TextStim: height = 25.0
183.3132 	EXP 	unnamed TextStim: height = 25.0
183.3132 	EXP 	unnamed TextStim: text = '↓'
184.5351 	DATA 	Keypress: down
184.6575 	EXP 	Created unnamed ImageStim = ImageStim(__class__=<class 'psychopy.visual.image.ImageStim'>, anchor=('center', 'center'), autoLog=True, color=array([1., 1., 1.]), colorSpace='rgb', contrast=1.0, depth=0, flipHoriz=False, flipVert=False, image='break.jpg', interpolate=True, mask=None, maskParams=None, name='unnamed ImageStim', opacity=1.0, ori=0.0, pos=array([0., 0.]), size=array([1536.,  864.]), texRes=128, units='pix', win=Window(...))
185.4190 	DATA 	Keypress: space
185.4206 	EXP 	unnamed TextStim: text = '↓'
187.0396 	DATA 	Keypress: down
187.0462 	EXP 	unnamed TextStim: height = 25.0
187.0462 	EXP 	unnamed TextStim: height = 25.0
187.0462 	EXP 	unnamed TextStim: height = 25.0
187.0462 	EXP 	unnamed TextStim: text = '↑'
188.5556 	DATA 	Keypress: up
188.5577 	EXP 	unnamed TextStim: height = 25.0
188.5577 	EXP 	unnamed TextStim: height = 25.0
188.5577 	EXP 	unnamed TextStim: height = 25.0
188.5577 	EXP 	unnamed TextStim: text = '↓'
190.1175 	DATA 	Keypress: up
190.1187 	EXP 	unnamed TextStim: text = '↓'
191.6118 	DATA 	Keypress: left
191.6140 	EXP 	unnamed TextStim: height = 25.0
191.6140 	EXP 	unnamed TextStim: height = 25.0
191.6140 	EXP 	unnamed TextStim: height = 25.0
191.6140 	EXP 	unnamed TextStim: text = '←'
193.1507 	DATA 	Keypress: left
193.1527 	EXP 	unnamed TextStim: height = 25.0
193.1527 	EXP 	unnamed TextStim: height = 25.0
193.1527 	EXP 	unnamed TextStim: height = 25.0
193.1527 	EXP 	unnamed TextStim: text = '↓'
194.9339 	DATA 	Keypress: right
195.0467 	EXP 	Created unnamed ImageStim = ImageStim(__class__=<class 'psychopy.visual.image.ImageStim'>, anchor=('center', 'center'), autoLog=True, color=array([1., 1., 1.]), colorSpace='rgb', contrast=1.0, depth=0, flipHoriz=False, flipVert=False, image='break.jpg', interpolate=True, mask=None, maskParams=None, name='unnamed ImageStim', opacity=1.0, ori=0.0, pos=array([0., 0.]), size=array([1536.,  864.]), texRes=128, units='pix', win=Window(...))
196.0424 	DATA 	Keypress: space
196.0541 	EXP 	unnamed TextStim: height = 25.0
196.0541 	EXP 	unnamed TextStim: height = 25.0
196.0541 	EXP 	unnamed TextStim: height = 25.0
196.0541 	EXP 	unnamed TextStim: text = '↑'
197.3928 	DATA 	Keypress: up
197.3949 	EXP 	unnamed TextStim: height = 25.0
197.3949 	EXP 	unnamed TextStim: height = 25.0
197.3949 	EXP 	unnamed TextStim: height = 25.0
197.3949 	EXP 	unnamed TextStim: text = '←'
198.9683 	DATA 	Keypress: down
198.9694 	EXP 	unnamed TextStim: text = '←'
200.1908 	DATA 	Keypress: left
200.2042 	EXP 	unnamed TextStim: text = '←'
201.6169 	DATA 	Keypress: left
201.6189 	EXP 	unnamed TextStim: height = 25.0
201.6189 	EXP 	unnamed TextStim: height = 25.0
201.6189 	EXP 	unnamed TextStim: height = 25.0
201.6189 	EXP 	unnamed TextStim: text = '↑'
203.3726 	DATA 	Keypress: left
203.3747 	EXP 	unnamed TextStim: height = 25.0
203.3747 	EXP 	unnamed TextStim: height = 25.0
203.3747 	EXP 	unnamed TextStim: height = 25.0
203.3747 	EXP 	unnamed TextStim: text = '←'
205.1820 	DATA 	Keypress: right
205.3062 	EXP 	Created unnamed ImageStim = ImageStim(__class__=<class 'psychopy.visual.image.ImageStim'>, anchor=('center', 'center'), autoLog=True, color=array([1., 1., 1.]), colorSpace='rgb', contrast=1.0, depth=0, flipHoriz=False, flipVert=False, image='break.jpg', interpolate=True, mask=None, maskParams=None, name='unnamed ImageStim', opacity=1.0, ori=0.0, pos=array([0., 0.]), size=array([1536.,  864.]), texRes=128, units='pix', win=Window(...))
206.3332 	DATA 	Keypress: space
206.3413 	EXP 	unnamed TextStim: height = 25.0
206.3413 	EXP 	unnamed TextStim: height = 25.0
206.3413 	EXP 	unnamed TextStim: height = 25.0
206.3413 	EXP 	unnamed TextStim: text = '↓'
208.0229 	DATA 	Keypress: down
208.0250 	EXP 	unnamed TextStim: height = 25.0
208.0250 	EXP 	unnamed TextStim: height = 25.0
208.0250 	EXP 	unnamed TextStim: height = 25.0
208.0250 	EXP 	unnamed TextStim: text = '←'
209.4699 	DATA 	Keypress: left
209.4722 	EXP 	unnamed TextStim: height = 25.0
209.4722 	EXP 	unnamed TextStim: height = 25.0
209.4722 	EXP 	unnamed TextStim: height = 25.0
209.4722 	EXP 	unnamed TextStim: text = '↑'
211.1991 	DATA 	Keypress: left
211.2012 	EXP 	unnamed TextStim: height = 25.0
211.2012 	EXP 	unnamed TextStim: height = 25.0
211.2012 	EXP 	unnamed TextStim: height = 25.0
211.2012 	EXP 	unnamed TextStim: text = '←'
212.7436 	DATA 	Keypress: left
212.7456 	EXP 	unnamed TextStim: height = 25.0
212.7456 	EXP 	unnamed TextStim: height = 25.0
212.7456 	EXP 	unnamed TextStim: height = 25.0
212.7456 	EXP 	unnamed TextStim: text = '↑'
214.3007 	DATA 	Keypress: up
214.3028 	EXP 	unnamed TextStim: height = 25.0
214.3028 	EXP 	unnamed TextStim: height = 25.0
214.3028 	EXP 	unnamed TextStim: height = 25.0
214.3028 	EXP 	unnamed TextStim: text = '→'
215.6874 	DATA 	Keypress: right
215.7996 	EXP 	Created unnamed ImageStim = ImageStim(__class__=<class 'psychopy.visual.image.ImageStim'>, anchor=('center', 'center'), autoLog=True, color=array([1., 1., 1.]), colorSpace='rgb', contrast=1.0, depth=0, flipHoriz=False, flipVert=False, image='break.jpg', interpolate=True, mask=None, maskParams=None, name='unnamed ImageStim', opacity=1.0, ori=0.0, pos=array([0., 0.]), size=array([1536.,  864.]), texRes=128, units='pix', win=Window(...))
216.5761 	DATA 	Keypress: space
216.5880 	EXP 	unnamed TextStim: height = 25.0
216.5880 	EXP 	unnamed TextStim: height = 25.0
216.5880 	EXP 	unnamed TextStim: height = 25.0
216.5880 	EXP 	unnamed TextStim: text = '←'
218.0433 	DATA 	Keypress: left
218.0454 	EXP 	unnamed TextStim: height = 25.0
218.0454 	EXP 	unnamed TextStim: height = 25.0
218.0454 	EXP 	unnamed TextStim: height = 25.0
218.0454 	EXP 	unnamed TextStim: text = '↑'
219.5005 	DATA 	Keypress: up
219.5017 	EXP 	unnamed TextStim: text = '↑'
220.9011 	DATA 	Keypress: up
220.9032 	EXP 	unnamed TextStim: height = 25.0
220.9032 	EXP 	unnamed TextStim: height = 25.0
220.9032 	EXP 	unnamed TextStim: height = 25.0
220.9032 	EXP 	unnamed TextStim: text = '↓'
222.2826 	DATA 	Keypress: down
222.2839 	EXP 	unnamed TextStim: text = '↓'
224.0484 	DATA 	Keypress: up
224.0529 	EXP 	unnamed TextStim: height = 25.0
224.0529 	EXP 	unnamed TextStim: height = 25.0
224.0529 	EXP 	unnamed TextStim: height = 25.0
224.0529 	EXP 	unnamed TextStim: text = '←'
225.4123 	DATA 	Keypress: left
225.5313 	EXP 	Created unnamed ImageStim = ImageStim(__class__=<class 'psychopy.visual.image.ImageStim'>, anchor=('center', 'center'), autoLog=True, color=array([1., 1., 1.]), colorSpace='rgb', contrast=1.0, depth=0, flipHoriz=False, flipVert=False, image='break.jpg', interpolate=True, mask=None, maskParams=None, name='unnamed ImageStim', opacity=1.0, ori=0.0, pos=array([0., 0.]), size=array([1536.,  864.]), texRes=128, units='pix', win=Window(...))
226.3147 	DATA 	Keypress: space
226.3218 	EXP 	unnamed TextStim: text = '←'
227.8914 	DATA 	Keypress: right
227.8925 	EXP 	unnamed TextStim: text = '←'
229.3144 	DATA 	Keypress: left
229.3164 	EXP 	unnamed TextStim: height = 25.0
229.3164 	EXP 	unnamed TextStim: height = 25.0
229.3164 	EXP 	unnamed TextStim: height = 25.0
229.3164 	EXP 	unnamed TextStim: text = '→'
230.8285 	DATA 	Keypress: right
230.8305 	EXP 	unnamed TextStim: height = 25.0
230.8305 	EXP 	unnamed TextStim: height = 25.0
230.8305 	EXP 	unnamed TextStim: height = 25.0
230.8305 	EXP 	unnamed TextStim: text = '←'
232.2770 	DATA 	Keypress: left
232.2781 	EXP 	unnamed TextStim: text = '←'
233.8303 	DATA 	Keypress: left
233.8324 	EXP 	unnamed TextStim: height = 25.0
233.8324 	EXP 	unnamed TextStim: height = 25.0
233.8324 	EXP 	unnamed TextStim: height = 25.0
233.8324 	EXP 	unnamed TextStim: text = '→'
235.4064 	DATA 	Keypress: left
235.5281 	EXP 	Created unnamed ImageStim = ImageStim(__class__=<class 'psychopy.visual.image.ImageStim'>, anchor=('center', 'center'), autoLog=True, color=array([1., 1., 1.]), colorSpace='rgb', contrast=1.0, depth=0, flipHoriz=False, flipVert=False, image='break.jpg', interpolate=True, mask=None, maskParams=None, name='unnamed ImageStim', opacity=1.0, ori=0.0, pos=array([0., 0.]), size=array([1536.,  864.]), texRes=128, units='pix', win=Window(...))
236.3389 	DATA 	Keypress: space
236.3555 	EXP 	unnamed TextStim: text = '→'
237.9651 	DATA 	Keypress: left
237.9672 	EXP 	unnamed TextStim: height = 25.0
237.9672 	EXP 	unnamed TextStim: height = 25.0
237.9672 	EXP 	unnamed TextStim: height = 25.0
237.9672 	EXP 	unnamed TextStim: text = '↑'
239.3759 	DATA 	Keypress: up
239.3779 	EXP 	unnamed TextStim: height = 25.0
239.3779 	EXP 	unnamed TextStim: height = 25.0
239.3779 	EXP 	unnamed TextStim: height = 25.0
239.3779 	EXP 	unnamed TextStim: text = '←'
240.8370 	DATA 	Keypress: left
240.8389 	EXP 	unnamed TextStim: height = 25.0
240.8389 	EXP 	unnamed TextStim: height = 25.0
240.8389 	EXP 	unnamed TextStim: height = 25.0
240.8389 	EXP 	unnamed TextStim: text = '↑'
242.2253 	DATA 	Keypress: up
242.2322 	EXP 	unnamed TextStim: height = 25.0
242.2322 	EXP 	unnamed TextStim: height = 25.0
242.2322 	EXP 	unnamed TextStim: height = 25.0
242.2322 	EXP 	unnamed TextStim: text = '↓'
243.5848 	DATA 	Keypress: down
243.5864 	EXP 	unnamed TextStim: text = '↓'
244.9527 	DATA 	Keypress: down
245.0729 	EXP 	Created unnamed ImageStim = ImageStim(__class__=<class 'psychopy.visual.image.ImageStim'>, anchor=('center', 'center'), autoLog=True, color=array([1., 1., 1.]), colorSpace='rgb', contrast=1.0, depth=0, flipHoriz=False, flipVert=False, image='break.jpg', interpolate=True, mask=None, maskParams=None, name='unnamed ImageStim', opacity=1.0, ori=0.0, pos=array([0., 0.]), size=array([1536.,  864.]), texRes=128, units='pix', win=Window(...))
245.8158 	DATA 	Keypress: space
245.8223 	EXP 	unnamed TextStim: height = 25.0
245.8223 	EXP 	unnamed TextStim: height = 25.0
245.8223 	EXP 	unnamed TextStim: height = 25.0
245.8223 	EXP 	unnamed TextStim: text = '↑'
247.9659 	DATA 	Keypress: left
247.9680 	EXP 	unnamed TextStim: height = 25.0
247.9680 	EXP 	unnamed TextStim: height = 25.0
247.9680 	EXP 	unnamed TextStim: height = 25.0
247.9680 	EXP 	unnamed TextStim: text = '↓'
249.2358 	DATA 	Keypress: down
249.2370 	EXP 	unnamed TextStim: text = '↓'
250.7978 	DATA 	Keypress: up
250.8000 	EXP 	unnamed TextStim: height = 25.0
250.8000 	EXP 	unnamed TextStim: height = 25.0
250.8000 	EXP 	unnamed TextStim: height = 25.0
250.8000 	EXP 	unnamed TextStim: text = '↑'
252.0805 	DATA 	Keypress: up
252.0825 	EXP 	unnamed TextStim: height = 25.0
252.0825 	EXP 	unnamed TextStim: height = 25.0
252.0825 	EXP 	unnamed TextStim: height = 25.0
252.0825 	EXP 	unnamed TextStim: text = '↓'
253.3700 	DATA 	Keypress: down
253.3712 	EXP 	unnamed TextStim: text = '↓'
254.7870 	DATA 	Keypress: down
254.9081 	EXP 	Created unnamed ImageStim = ImageStim(__class__=<class 'psychopy.visual.image.ImageStim'>, anchor=('center', 'center'), autoLog=True, color=array([1., 1., 1.]), colorSpace='rgb', contrast=1.0, depth=0, flipHoriz=False, flipVert=False, image='break.jpg', interpolate=True, mask=None, maskParams=None, name='unnamed ImageStim', opacity=1.0, ori=0.0, pos=array([0., 0.]), size=array([1536.,  864.]), texRes=128, units='pix', win=Window(...))
255.6119 	DATA 	Keypress: space
255.6330 	EXP 	Created unnamed TextStim = TextStim(__class__=<class 'psychopy.visual.text.TextStim'>, alignHoriz=method-wrapper(...), alignText='center', alignVert=method-wrapper(...), anchorHoriz='center', anchorVert='center', antialias=True, autoDraw=False, autoLog=True, bold=False, color=array([-1, -1, -1]), colorSpace='rgb', contrast=1.0, depth=0, flipHoriz=False, flipVert=False, font='', fontFiles=[], height=20.0, italic=False, languageStyle='LTR', name='unnamed TextStim', opacity=1.0, ori=0.0, pos=array([0., 0.]), rgb=UNKNOWN, text=str(...), units='pix', win=Window(...), wrapWidth=1536)
279.0991 	DATA 	Keypress: space
279.1580 	EXP 	window1: mouseVisible = True
