6.8966 	WARNING 	User requested fullscreen with size [1536  864], but screen is actually [1920, 1080]. Using actual size
8.4151 	INFO 	FRAME RATE: 60
8.4151 	INFO 	SCREEN RES: odict_values([1536, 864])
8.4721 	EXP 	Created unnamed TextStim = TextStim(__class__=<class 'psychopy.visual.text.TextStim'>, alignHoriz=method-wrapper(...), alignText='center', alignVert=method-wrapper(...), anchorHoriz='center', anchorVert='center', antialias=True, autoDraw=False, autoLog=True, bold=False, color=array([-1, -1, -1]), colorSpace='rgb', contrast=1.0, depth=0, flipHoriz=False, flipVert=False, font='', fontFiles=[], height=100.0, italic=False, languageStyle='LTR', name='unnamed TextStim', opacity=1.0, ori=0.0, pos=array([0., 0.]), rgb=UNKNOWN, text='+', units='pix', win=Window(...), wrapWidth=500)
8.4766 	EXP 	Created unnamed Circle = Circle(__class__=<class 'psychopy.visual.circle.Circle'>, anchor=('center', 'center'), autoDraw=False, autoLog=True, closeShape=True, color=method-wrapper(...), colorSpace='rgb', contrast=None, depth=0, fillColor=array([ 0.09019608, -1.        , -1.        ]), fillColorSpace='rgb', fillRGB=array([ 0.09019608, -1.        , -1.        ]), interpolate=True, lineColor=array([ 0.09019608, -1.        , -1.        ]), lineColorSpace='rgb', lineRGB=array([ 0.09019608, -1.        , -1.        ]), lineWidth=1.5, name='unnamed Circle', opacity=1.0, ori=0.0, pos=array([0., 0.]), size=array([1., 1.]), units='pix', vertices=ndarray(...), win=Window(...))
8.4778 	EXP 	Created unnamed TextStim = TextStim(__class__=<class 'psychopy.visual.text.TextStim'>, alignHoriz=method-wrapper(...), alignText='center', alignVert=method-wrapper(...), anchorHoriz='center', anchorVert='center', antialias=True, autoDraw=False, autoLog=True, bold=False, color=array([-0.17647059, -0.17647059, -0.17647059]), colorSpace='rgb', contrast=1.0, depth=0, flipHoriz=False, flipVert=False, font='', fontFiles=[], height=25, italic=False, languageStyle='LTR', name='unnamed TextStim', opacity=1.0, ori=0.0, pos=array([0., 0.]), rgb=UNKNOWN, text='', units='pix', win=Window(...), wrapWidth=500)
8.4863 	EXP 	Created unnamed ImageStim = ImageStim(__class__=<class 'psychopy.visual.image.ImageStim'>, anchor=('center', 'center'), autoLog=True, color=array([1., 1., 1.]), colorSpace='rgb', contrast=1.0, depth=0, flipHoriz=False, flipVert=False, image='mask4.png', interpolate=False, mask=None, maskParams=None, name='unnamed ImageStim', opacity=1.0, ori=0.0, pos=array([0., 0.]), size=array([25., 25.]), texRes=128, units='pix', win=Window(...))
8.4944 	EXP 	Created unnamed TextStim = TextStim(__class__=<class 'psychopy.visual.text.TextStim'>, alignHoriz=method-wrapper(...), alignText='center', alignVert=method-wrapper(...), anchorHoriz='center', anchorVert='center', antialias=True, autoDraw=False, autoLog=True, bold=False, color=array([-1, -1, -1]), colorSpace='rgb', contrast=1.0, depth=0, flipHoriz=False, flipVert=False, font='', fontFiles=[], height=30.0, italic=False, languageStyle='LTR', name='unnamed TextStim', opacity=1.0, ori=0.0, pos=array([ 100., -300.]), rgb=UNKNOWN, text=str(...), units='pix', win=Window(...), wrapWidth=10000)
8.5057 	EXP 	Created unnamed TextStim = TextStim(__class__=<class 'psychopy.visual.text.TextStim'>, alignHoriz=method-wrapper(...), alignText='center', alignVert=method-wrapper(...), anchorHoriz='center', anchorVert='center', antialias=True, autoDraw=False, autoLog=True, bold=False, color=array([-1, -1, -1]), colorSpace='rgb', contrast=1.0, depth=0, flipHoriz=False, flipVert=False, font='', fontFiles=[], height=30.0, italic=False, languageStyle='LTR', name='unnamed TextStim', opacity=1.0, ori=0.0, pos=array([ 100., -330.]), rgb=UNKNOWN, text=str(...), units='pix', win=Window(...), wrapWidth=10000)
8.5421 	EXP 	Created unnamed TextStim = TextStim(__class__=<class 'psychopy.visual.text.TextStim'>, alignHoriz=method-wrapper(...), alignText='center', alignVert=method-wrapper(...), anchorHoriz='center', anchorVert='center', antialias=True, autoDraw=False, autoLog=True, bold=False, color=array([-1, -1, -1]), colorSpace='rgb', contrast=1.0, depth=0, flipHoriz=False, flipVert=False, font='', fontFiles=[], height=20.0, italic=False, languageStyle='LTR', name='unnamed TextStim', opacity=1.0, ori=0.0, pos=array([0., 0.]), rgb=UNKNOWN, text=str(...), units='pix', win=Window(...), wrapWidth=1536)
41.1608 	DATA 	Keypress: space
41.1665 	EXP 	unnamed TextStim: height = 25.0
41.1665 	EXP 	unnamed TextStim: height = 25.0
41.1665 	EXP 	unnamed TextStim: height = 25.0
41.1665 	EXP 	unnamed TextStim: text = '↓'
44.1321 	DATA 	No keypress (maxWait exceeded)
44.1405 	EXP 	Created unnamed TextStim = TextStim(__class__=<class 'psychopy.visual.text.TextStim'>, alignHoriz=method-wrapper(...), alignText='center', alignVert=method-wrapper(...), anchorHoriz='center', anchorVert='center', antialias=True, autoDraw=False, autoLog=True, bold=False, color=array([-1, -1, -1]), colorSpace='rgb', contrast=1.0, depth=0, flipHoriz=False, flipVert=False, font='', fontFiles=[], height=50.0, italic=False, languageStyle='LTR', name='unnamed TextStim', opacity=1.0, ori=0.0, pos=array([0., 0.]), rgb=UNKNOWN, text='Niepoprawnie', units='pix', win=Window(...), wrapWidth=500)
44.9412 	DATA 	Keypress: up
45.1485 	EXP 	unnamed TextStim: height = 25.0
45.1485 	EXP 	unnamed TextStim: height = 25.0
45.1485 	EXP 	unnamed TextStim: height = 25.0
45.1485 	EXP 	unnamed TextStim: text = '←'
46.6483 	DATA 	Keypress: left
46.6517 	EXP 	Created unnamed TextStim = TextStim(__class__=<class 'psychopy.visual.text.TextStim'>, alignHoriz=method-wrapper(...), alignText='center', alignVert=method-wrapper(...), anchorHoriz='center', anchorVert='center', antialias=True, autoDraw=False, autoLog=True, bold=False, color=array([-1, -1, -1]), colorSpace='rgb', contrast=1.0, depth=0, flipHoriz=False, flipVert=False, font='', fontFiles=[], height=50.0, italic=False, languageStyle='LTR', name='unnamed TextStim', opacity=1.0, ori=0.0, pos=array([0., 0.]), rgb=UNKNOWN, text='Poprawnie', units='pix', win=Window(...), wrapWidth=500)
47.6653 	EXP 	unnamed TextStim: height = 25.0
47.6653 	EXP 	unnamed TextStim: height = 25.0
47.6653 	EXP 	unnamed TextStim: height = 25.0
47.6653 	EXP 	unnamed TextStim: text = '↑'
49.0827 	DATA 	Keypress: up
49.0879 	EXP 	Created unnamed TextStim = TextStim(__class__=<class 'psychopy.visual.text.TextStim'>, alignHoriz=method-wrapper(...), alignText='center', alignVert=method-wrapper(...), anchorHoriz='center', anchorVert='center', antialias=True, autoDraw=False, autoLog=True, bold=False, color=array([-1, -1, -1]), colorSpace='rgb', contrast=1.0, depth=0, flipHoriz=False, flipVert=False, font='', fontFiles=[], height=50.0, italic=False, languageStyle='LTR', name='unnamed TextStim', opacity=1.0, ori=0.0, pos=array([0., 0.]), rgb=UNKNOWN, text='Poprawnie', units='pix', win=Window(...), wrapWidth=500)
50.1152 	EXP 	unnamed TextStim: height = 25.0
50.1152 	EXP 	unnamed TextStim: height = 25.0
50.1152 	EXP 	unnamed TextStim: height = 25.0
50.1152 	EXP 	unnamed TextStim: text = '→'
51.5671 	DATA 	Keypress: right
53.0824 	DATA 	No keypress (maxWait exceeded)
53.0848 	EXP 	Created unnamed TextStim = TextStim(__class__=<class 'psychopy.visual.text.TextStim'>, alignHoriz=method-wrapper(...), alignText='center', alignVert=method-wrapper(...), anchorHoriz='center', anchorVert='center', antialias=True, autoDraw=False, autoLog=True, bold=False, color=array([-1, -1, -1]), colorSpace='rgb', contrast=1.0, depth=0, flipHoriz=False, flipVert=False, font='', fontFiles=[], height=50.0, italic=False, languageStyle='LTR', name='unnamed TextStim', opacity=1.0, ori=0.0, pos=array([0., 0.]), rgb=UNKNOWN, text='Niepoprawnie', units='pix', win=Window(...), wrapWidth=500)
53.8858 	DATA 	Keypress: right
54.0988 	EXP 	unnamed TextStim: text = '→'
55.4995 	DATA 	Keypress: right
55.5044 	EXP 	Created unnamed TextStim = TextStim(__class__=<class 'psychopy.visual.text.TextStim'>, alignHoriz=method-wrapper(...), alignText='center', alignVert=method-wrapper(...), anchorHoriz='center', anchorVert='center', antialias=True, autoDraw=False, autoLog=True, bold=False, color=array([-1, -1, -1]), colorSpace='rgb', contrast=1.0, depth=0, flipHoriz=False, flipVert=False, font='', fontFiles=[], height=50.0, italic=False, languageStyle='LTR', name='unnamed TextStim', opacity=1.0, ori=0.0, pos=array([0., 0.]), rgb=UNKNOWN, text='Poprawnie', units='pix', win=Window(...), wrapWidth=500)
56.5322 	EXP 	unnamed TextStim: height = 25.0
56.5322 	EXP 	unnamed TextStim: height = 25.0
56.5322 	EXP 	unnamed TextStim: height = 25.0
56.5322 	EXP 	unnamed TextStim: text = '←'
58.5765 	DATA 	Keypress: left
58.5786 	EXP 	Created unnamed TextStim = TextStim(__class__=<class 'psychopy.visual.text.TextStim'>, alignHoriz=method-wrapper(...), alignText='center', alignVert=method-wrapper(...), anchorHoriz='center', anchorVert='center', antialias=True, autoDraw=False, autoLog=True, bold=False, color=array([-1, -1, -1]), colorSpace='rgb', contrast=1.0, depth=0, flipHoriz=False, flipVert=False, font='', fontFiles=[], height=50.0, italic=False, languageStyle='LTR', name='unnamed TextStim', opacity=1.0, ori=0.0, pos=array([0., 0.]), rgb=UNKNOWN, text='Poprawnie', units='pix', win=Window(...), wrapWidth=500)
59.5821 	EXP 	unnamed TextStim: text = '←'
60.9829 	DATA 	Keypress: left
60.9881 	EXP 	Created unnamed TextStim = TextStim(__class__=<class 'psychopy.visual.text.TextStim'>, alignHoriz=method-wrapper(...), alignText='center', alignVert=method-wrapper(...), anchorHoriz='center', anchorVert='center', antialias=True, autoDraw=False, autoLog=True, bold=False, color=array([-1, -1, -1]), colorSpace='rgb', contrast=1.0, depth=0, flipHoriz=False, flipVert=False, font='', fontFiles=[], height=50.0, italic=False, languageStyle='LTR', name='unnamed TextStim', opacity=1.0, ori=0.0, pos=array([0., 0.]), rgb=UNKNOWN, text='Poprawnie', units='pix', win=Window(...), wrapWidth=500)
62.0156 	EXP 	unnamed TextStim: height = 25.0
62.0156 	EXP 	unnamed TextStim: height = 25.0
62.0156 	EXP 	unnamed TextStim: height = 25.0
62.0156 	EXP 	unnamed TextStim: text = '↓'
63.5581 	DATA 	Keypress: down
63.5604 	EXP 	Created unnamed TextStim = TextStim(__class__=<class 'psychopy.visual.text.TextStim'>, alignHoriz=method-wrapper(...), alignText='center', alignVert=method-wrapper(...), anchorHoriz='center', anchorVert='center', antialias=True, autoDraw=False, autoLog=True, bold=False, color=array([-1, -1, -1]), colorSpace='rgb', contrast=1.0, depth=0, flipHoriz=False, flipVert=False, font='', fontFiles=[], height=50.0, italic=False, languageStyle='LTR', name='unnamed TextStim', opacity=1.0, ori=0.0, pos=array([0., 0.]), rgb=UNKNOWN, text='Poprawnie', units='pix', win=Window(...), wrapWidth=500)
64.5659 	EXP 	unnamed TextStim: height = 25.0
64.5659 	EXP 	unnamed TextStim: height = 25.0
64.5659 	EXP 	unnamed TextStim: height = 25.0
64.5659 	EXP 	unnamed TextStim: text = '↑'
65.9998 	DATA 	Keypress: up
66.0043 	EXP 	Created unnamed TextStim = TextStim(__class__=<class 'psychopy.visual.text.TextStim'>, alignHoriz=method-wrapper(...), alignText='center', alignVert=method-wrapper(...), anchorHoriz='center', anchorVert='center', antialias=True, autoDraw=False, autoLog=True, bold=False, color=array([-1, -1, -1]), colorSpace='rgb', contrast=1.0, depth=0, flipHoriz=False, flipVert=False, font='', fontFiles=[], height=50.0, italic=False, languageStyle='LTR', name='unnamed TextStim', opacity=1.0, ori=0.0, pos=array([0., 0.]), rgb=UNKNOWN, text='Poprawnie', units='pix', win=Window(...), wrapWidth=500)
67.0326 	EXP 	unnamed TextStim: height = 25.0
67.0326 	EXP 	unnamed TextStim: height = 25.0
67.0326 	EXP 	unnamed TextStim: height = 25.0
67.0326 	EXP 	unnamed TextStim: text = '→'
68.6027 	DATA 	Keypress: right
68.6048 	EXP 	Created unnamed TextStim = TextStim(__class__=<class 'psychopy.visual.text.TextStim'>, alignHoriz=method-wrapper(...), alignText='center', alignVert=method-wrapper(...), anchorHoriz='center', anchorVert='center', antialias=True, autoDraw=False, autoLog=True, bold=False, color=array([-1, -1, -1]), colorSpace='rgb', contrast=1.0, depth=0, flipHoriz=False, flipVert=False, font='', fontFiles=[], height=50.0, italic=False, languageStyle='LTR', name='unnamed TextStim', opacity=1.0, ori=0.0, pos=array([0., 0.]), rgb=UNKNOWN, text='Poprawnie', units='pix', win=Window(...), wrapWidth=500)
69.6160 	EXP 	unnamed TextStim: height = 25.0
69.6160 	EXP 	unnamed TextStim: height = 25.0
69.6160 	EXP 	unnamed TextStim: height = 25.0
69.6160 	EXP 	unnamed TextStim: text = '↓'
70.9666 	DATA 	Keypress: up
70.9713 	EXP 	Created unnamed TextStim = TextStim(__class__=<class 'psychopy.visual.text.TextStim'>, alignHoriz=method-wrapper(...), alignText='center', alignVert=method-wrapper(...), anchorHoriz='center', anchorVert='center', antialias=True, autoDraw=False, autoLog=True, bold=False, color=array([-1, -1, -1]), colorSpace='rgb', contrast=1.0, depth=0, flipHoriz=False, flipVert=False, font='', fontFiles=[], height=50.0, italic=False, languageStyle='LTR', name='unnamed TextStim', opacity=1.0, ori=0.0, pos=array([0., 0.]), rgb=UNKNOWN, text='Niepoprawnie', units='pix', win=Window(...), wrapWidth=500)
71.9994 	EXP 	unnamed TextStim: height = 25.0
71.9994 	EXP 	unnamed TextStim: height = 25.0
71.9994 	EXP 	unnamed TextStim: height = 25.0
71.9994 	EXP 	unnamed TextStim: text = '←'
73.4169 	DATA 	Keypress: left
73.4221 	EXP 	Created unnamed TextStim = TextStim(__class__=<class 'psychopy.visual.text.TextStim'>, alignHoriz=method-wrapper(...), alignText='center', alignVert=method-wrapper(...), anchorHoriz='center', anchorVert='center', antialias=True, autoDraw=False, autoLog=True, bold=False, color=array([-1, -1, -1]), colorSpace='rgb', contrast=1.0, depth=0, flipHoriz=False, flipVert=False, font='', fontFiles=[], height=50.0, italic=False, languageStyle='LTR', name='unnamed TextStim', opacity=1.0, ori=0.0, pos=array([0., 0.]), rgb=UNKNOWN, text='Poprawnie', units='pix', win=Window(...), wrapWidth=500)
74.4494 	EXP 	unnamed TextStim: height = 25.0
74.4494 	EXP 	unnamed TextStim: height = 25.0
74.4494 	EXP 	unnamed TextStim: height = 25.0
74.4494 	EXP 	unnamed TextStim: text = '↑'
77.0329 	DATA 	Keypress: down
77.0354 	EXP 	Created unnamed TextStim = TextStim(__class__=<class 'psychopy.visual.text.TextStim'>, alignHoriz=method-wrapper(...), alignText='center', alignVert=method-wrapper(...), anchorHoriz='center', anchorVert='center', antialias=True, autoDraw=False, autoLog=True, bold=False, color=array([-1, -1, -1]), colorSpace='rgb', contrast=1.0, depth=0, flipHoriz=False, flipVert=False, font='', fontFiles=[], height=50.0, italic=False, languageStyle='LTR', name='unnamed TextStim', opacity=1.0, ori=0.0, pos=array([0., 0.]), rgb=UNKNOWN, text='Niepoprawnie', units='pix', win=Window(...), wrapWidth=500)
78.0497 	EXP 	unnamed TextStim: height = 25.0
78.0497 	EXP 	unnamed TextStim: height = 25.0
78.0497 	EXP 	unnamed TextStim: height = 25.0
78.0497 	EXP 	unnamed TextStim: text = '←'
79.4671 	DATA 	Keypress: left
79.4720 	EXP 	Created unnamed TextStim = TextStim(__class__=<class 'psychopy.visual.text.TextStim'>, alignHoriz=method-wrapper(...), alignText='center', alignVert=method-wrapper(...), anchorHoriz='center', anchorVert='center', antialias=True, autoDraw=False, autoLog=True, bold=False, color=array([-1, -1, -1]), colorSpace='rgb', contrast=1.0, depth=0, flipHoriz=False, flipVert=False, font='', fontFiles=[], height=50.0, italic=False, languageStyle='LTR', name='unnamed TextStim', opacity=1.0, ori=0.0, pos=array([0., 0.]), rgb=UNKNOWN, text='Poprawnie', units='pix', win=Window(...), wrapWidth=500)
80.4997 	EXP 	unnamed TextStim: height = 25.0
80.4997 	EXP 	unnamed TextStim: height = 25.0
80.4997 	EXP 	unnamed TextStim: height = 25.0
80.4997 	EXP 	unnamed TextStim: text = '→'
82.1873 	DATA 	Keypress: right
82.1899 	EXP 	Created unnamed TextStim = TextStim(__class__=<class 'psychopy.visual.text.TextStim'>, alignHoriz=method-wrapper(...), alignText='center', alignVert=method-wrapper(...), anchorHoriz='center', anchorVert='center', antialias=True, autoDraw=False, autoLog=True, bold=False, color=array([-1, -1, -1]), colorSpace='rgb', contrast=1.0, depth=0, flipHoriz=False, flipVert=False, font='', fontFiles=[], height=50.0, italic=False, languageStyle='LTR', name='unnamed TextStim', opacity=1.0, ori=0.0, pos=array([0., 0.]), rgb=UNKNOWN, text='Poprawnie', units='pix', win=Window(...), wrapWidth=500)
83.2205 	EXP 	Created unnamed TextStim = TextStim(__class__=<class 'psychopy.visual.text.TextStim'>, alignHoriz=method-wrapper(...), alignText='center', alignVert=method-wrapper(...), anchorHoriz='center', anchorVert='center', antialias=True, autoDraw=False, autoLog=True, bold=False, color=array([-1, -1, -1]), colorSpace='rgb', contrast=1.0, depth=0, flipHoriz=False, flipVert=False, font='', fontFiles=[], height=20.0, italic=False, languageStyle='LTR', name='unnamed TextStim', opacity=1.0, ori=0.0, pos=array([0., 0.]), rgb=UNKNOWN, text=str(...), units='pix', win=Window(...), wrapWidth=1536)
88.9462 	DATA 	Keypress: space
88.9506 	EXP 	unnamed TextStim: height = 25.0
88.9506 	EXP 	unnamed TextStim: height = 25.0
88.9506 	EXP 	unnamed TextStim: height = 25.0
88.9506 	EXP 	unnamed TextStim: text = '↓'
90.4307 	DATA 	Keypress: down
90.4382 	EXP 	Created unnamed TextStim = TextStim(__class__=<class 'psychopy.visual.text.TextStim'>, alignHoriz=method-wrapper(...), alignText='center', alignVert=method-wrapper(...), anchorHoriz='center', anchorVert='center', antialias=True, autoDraw=False, autoLog=True, bold=False, color=array([-1, -1, -1]), colorSpace='rgb', contrast=1.0, depth=0, flipHoriz=False, flipVert=False, font='', fontFiles=[], height=50.0, italic=False, languageStyle='LTR', name='unnamed TextStim', opacity=1.0, ori=0.0, pos=array([0., 0.]), rgb=UNKNOWN, text='Poprawnie', units='pix', win=Window(...), wrapWidth=500)
91.4501 	EXP 	unnamed TextStim: height = 25.0
91.4501 	EXP 	unnamed TextStim: height = 25.0
91.4501 	EXP 	unnamed TextStim: height = 25.0
91.4501 	EXP 	unnamed TextStim: text = '←'
92.7602 	DATA 	Keypress: left
92.7625 	EXP 	Created unnamed TextStim = TextStim(__class__=<class 'psychopy.visual.text.TextStim'>, alignHoriz=method-wrapper(...), alignText='center', alignVert=method-wrapper(...), anchorHoriz='center', anchorVert='center', antialias=True, autoDraw=False, autoLog=True, bold=False, color=array([-1, -1, -1]), colorSpace='rgb', contrast=1.0, depth=0, flipHoriz=False, flipVert=False, font='', fontFiles=[], height=50.0, italic=False, languageStyle='LTR', name='unnamed TextStim', opacity=1.0, ori=0.0, pos=array([0., 0.]), rgb=UNKNOWN, text='Poprawnie', units='pix', win=Window(...), wrapWidth=500)
93.7667 	EXP 	unnamed TextStim: text = '←'
95.0560 	DATA 	Keypress: right
95.0587 	EXP 	Created unnamed TextStim = TextStim(__class__=<class 'psychopy.visual.text.TextStim'>, alignHoriz=method-wrapper(...), alignText='center', alignVert=method-wrapper(...), anchorHoriz='center', anchorVert='center', antialias=True, autoDraw=False, autoLog=True, bold=False, color=array([-1, -1, -1]), colorSpace='rgb', contrast=1.0, depth=0, flipHoriz=False, flipVert=False, font='', fontFiles=[], height=50.0, italic=False, languageStyle='LTR', name='unnamed TextStim', opacity=1.0, ori=0.0, pos=array([0., 0.]), rgb=UNKNOWN, text='Niepoprawnie', units='pix', win=Window(...), wrapWidth=500)
96.0670 	EXP 	unnamed TextStim: height = 25.0
96.0670 	EXP 	unnamed TextStim: height = 25.0
96.0670 	EXP 	unnamed TextStim: height = 25.0
96.0670 	EXP 	unnamed TextStim: text = '↓'
97.9612 	DATA 	Keypress: up
97.9632 	EXP 	Created unnamed TextStim = TextStim(__class__=<class 'psychopy.visual.text.TextStim'>, alignHoriz=method-wrapper(...), alignText='center', alignVert=method-wrapper(...), anchorHoriz='center', anchorVert='center', antialias=True, autoDraw=False, autoLog=True, bold=False, color=array([-1, -1, -1]), colorSpace='rgb', contrast=1.0, depth=0, flipHoriz=False, flipVert=False, font='', fontFiles=[], height=50.0, italic=False, languageStyle='LTR', name='unnamed TextStim', opacity=1.0, ori=0.0, pos=array([0., 0.]), rgb=UNKNOWN, text='Niepoprawnie', units='pix', win=Window(...), wrapWidth=500)
98.9670 	EXP 	unnamed TextStim: text = '↓'
100.5313 	DATA 	Keypress: up
100.5333 	EXP 	Created unnamed TextStim = TextStim(__class__=<class 'psychopy.visual.text.TextStim'>, alignHoriz=method-wrapper(...), alignText='center', alignVert=method-wrapper(...), anchorHoriz='center', anchorVert='center', antialias=True, autoDraw=False, autoLog=True, bold=False, color=array([-1, -1, -1]), colorSpace='rgb', contrast=1.0, depth=0, flipHoriz=False, flipVert=False, font='', fontFiles=[], height=50.0, italic=False, languageStyle='LTR', name='unnamed TextStim', opacity=1.0, ori=0.0, pos=array([0., 0.]), rgb=UNKNOWN, text='Niepoprawnie', units='pix', win=Window(...), wrapWidth=500)
101.5504 	EXP 	unnamed TextStim: height = 25.0
101.5504 	EXP 	unnamed TextStim: height = 25.0
101.5504 	EXP 	unnamed TextStim: height = 25.0
101.5504 	EXP 	unnamed TextStim: text = '←'
103.4509 	DATA 	Keypress: up
103.4528 	EXP 	Created unnamed TextStim = TextStim(__class__=<class 'psychopy.visual.text.TextStim'>, alignHoriz=method-wrapper(...), alignText='center', alignVert=method-wrapper(...), anchorHoriz='center', anchorVert='center', antialias=True, autoDraw=False, autoLog=True, bold=False, color=array([-1, -1, -1]), colorSpace='rgb', contrast=1.0, depth=0, flipHoriz=False, flipVert=False, font='', fontFiles=[], height=50.0, italic=False, languageStyle='LTR', name='unnamed TextStim', opacity=1.0, ori=0.0, pos=array([0., 0.]), rgb=UNKNOWN, text='Niepoprawnie', units='pix', win=Window(...), wrapWidth=500)
104.4672 	EXP 	unnamed TextStim: height = 25.0
104.4672 	EXP 	unnamed TextStim: height = 25.0
104.4672 	EXP 	unnamed TextStim: height = 25.0
104.4672 	EXP 	unnamed TextStim: text = '→'
105.8243 	DATA 	Keypress: right
105.8268 	EXP 	Created unnamed TextStim = TextStim(__class__=<class 'psychopy.visual.text.TextStim'>, alignHoriz=method-wrapper(...), alignText='center', alignVert=method-wrapper(...), anchorHoriz='center', anchorVert='center', antialias=True, autoDraw=False, autoLog=True, bold=False, color=array([-1, -1, -1]), colorSpace='rgb', contrast=1.0, depth=0, flipHoriz=False, flipVert=False, font='', fontFiles=[], height=50.0, italic=False, languageStyle='LTR', name='unnamed TextStim', opacity=1.0, ori=0.0, pos=array([0., 0.]), rgb=UNKNOWN, text='Poprawnie', units='pix', win=Window(...), wrapWidth=500)
106.8341 	EXP 	unnamed TextStim: text = '→'
108.0858 	DATA 	Keypress: right
109.6011 	DATA 	No keypress (maxWait exceeded)
109.6036 	EXP 	Created unnamed TextStim = TextStim(__class__=<class 'psychopy.visual.text.TextStim'>, alignHoriz=method-wrapper(...), alignText='center', alignVert=method-wrapper(...), anchorHoriz='center', anchorVert='center', antialias=True, autoDraw=False, autoLog=True, bold=False, color=array([-1, -1, -1]), colorSpace='rgb', contrast=1.0, depth=0, flipHoriz=False, flipVert=False, font='', fontFiles=[], height=50.0, italic=False, languageStyle='LTR', name='unnamed TextStim', opacity=1.0, ori=0.0, pos=array([0., 0.]), rgb=UNKNOWN, text='Niepoprawnie', units='pix', win=Window(...), wrapWidth=500)
110.6174 	EXP 	unnamed TextStim: height = 25.0
110.6174 	EXP 	unnamed TextStim: height = 25.0
110.6174 	EXP 	unnamed TextStim: height = 25.0
110.6174 	EXP 	unnamed TextStim: text = '←'
112.0178 	DATA 	Keypress: left
112.0198 	EXP 	Created unnamed TextStim = TextStim(__class__=<class 'psychopy.visual.text.TextStim'>, alignHoriz=method-wrapper(...), alignText='center', alignVert=method-wrapper(...), anchorHoriz='center', anchorVert='center', antialias=True, autoDraw=False, autoLog=True, bold=False, color=array([-1, -1, -1]), colorSpace='rgb', contrast=1.0, depth=0, flipHoriz=False, flipVert=False, font='', fontFiles=[], height=50.0, italic=False, languageStyle='LTR', name='unnamed TextStim', opacity=1.0, ori=0.0, pos=array([0., 0.]), rgb=UNKNOWN, text='Poprawnie', units='pix', win=Window(...), wrapWidth=500)
113.0343 	EXP 	unnamed TextStim: text = '←'
114.3570 	DATA 	Keypress: left
114.3590 	EXP 	Created unnamed TextStim = TextStim(__class__=<class 'psychopy.visual.text.TextStim'>, alignHoriz=method-wrapper(...), alignText='center', alignVert=method-wrapper(...), anchorHoriz='center', anchorVert='center', antialias=True, autoDraw=False, autoLog=True, bold=False, color=array([-1, -1, -1]), colorSpace='rgb', contrast=1.0, depth=0, flipHoriz=False, flipVert=False, font='', fontFiles=[], height=50.0, italic=False, languageStyle='LTR', name='unnamed TextStim', opacity=1.0, ori=0.0, pos=array([0., 0.]), rgb=UNKNOWN, text='Poprawnie', units='pix', win=Window(...), wrapWidth=500)
115.3864 	EXP 	Created unnamed TextStim = TextStim(__class__=<class 'psychopy.visual.text.TextStim'>, alignHoriz=method-wrapper(...), alignText='center', alignVert=method-wrapper(...), anchorHoriz='center', anchorVert='center', antialias=True, autoDraw=False, autoLog=True, bold=False, color=array([-1, -1, -1]), colorSpace='rgb', contrast=1.0, depth=0, flipHoriz=False, flipVert=False, font='', fontFiles=[], height=20.0, italic=False, languageStyle='LTR', name='unnamed TextStim', opacity=1.0, ori=0.0, pos=array([0., 0.]), rgb=UNKNOWN, text=str(...), units='pix', win=Window(...), wrapWidth=1536)
131.2363 	DATA 	Keypress: space
131.2516 	EXP 	unnamed TextStim: text = '←'
132.6000 	DATA 	Keypress: left
132.6031 	EXP 	unnamed TextStim: height = 25.0
132.6031 	EXP 	unnamed TextStim: height = 25.0
132.6031 	EXP 	unnamed TextStim: height = 25.0
132.6031 	EXP 	unnamed TextStim: text = '↓'
134.3514 	DATA 	Keypress: left
134.3546 	EXP 	unnamed TextStim: height = 25.0
134.3546 	EXP 	unnamed TextStim: height = 25.0
134.3546 	EXP 	unnamed TextStim: height = 25.0
134.3546 	EXP 	unnamed TextStim: text = '↑'
135.6596 	DATA 	Keypress: up
135.6607 	EXP 	unnamed TextStim: text = '↑'
137.5699 	DATA 	Keypress: lshift
138.3855 	DATA 	No keypress (maxWait exceeded)
138.3881 	EXP 	unnamed TextStim: height = 25.0
138.3881 	EXP 	unnamed TextStim: height = 25.0
138.3881 	EXP 	unnamed TextStim: height = 25.0
138.3881 	EXP 	unnamed TextStim: text = '↓'
138.5030 	DATA 	Keypress: up
140.3767 	DATA 	Keypress: up
140.3796 	EXP 	unnamed TextStim: height = 25.0
140.3796 	EXP 	unnamed TextStim: height = 25.0
140.3796 	EXP 	unnamed TextStim: height = 25.0
140.3796 	EXP 	unnamed TextStim: text = '←'
141.6516 	DATA 	Keypress: left
141.8356 	EXP 	Created unnamed ImageStim = ImageStim(__class__=<class 'psychopy.visual.image.ImageStim'>, anchor=('center', 'center'), autoLog=True, color=array([1., 1., 1.]), colorSpace='rgb', contrast=1.0, depth=0, flipHoriz=False, flipVert=False, image='break.jpg', interpolate=True, mask=None, maskParams=None, name='unnamed ImageStim', opacity=1.0, ori=0.0, pos=array([0., 0.]), size=array([1536.,  864.]), texRes=128, units='pix', win=Window(...))
149.1268 	DATA 	Keypress: space
149.1355 	EXP 	unnamed TextStim: text = '←'
150.3972 	DATA 	Keypress: left
150.3993 	EXP 	unnamed TextStim: height = 25.0
150.3993 	EXP 	unnamed TextStim: height = 25.0
150.3993 	EXP 	unnamed TextStim: height = 25.0
150.3993 	EXP 	unnamed TextStim: text = '↑'
152.1483 	DATA 	Keypress: right
152.1512 	EXP 	unnamed TextStim: height = 25.0
152.1512 	EXP 	unnamed TextStim: height = 25.0
152.1512 	EXP 	unnamed TextStim: height = 25.0
152.1512 	EXP 	unnamed TextStim: text = '→'
153.9483 	DATA 	Keypress: down
153.9495 	EXP 	unnamed TextStim: text = '→'
155.2465 	DATA 	Keypress: right
155.2486 	EXP 	unnamed TextStim: height = 25.0
155.2486 	EXP 	unnamed TextStim: height = 25.0
155.2486 	EXP 	unnamed TextStim: height = 25.0
155.2486 	EXP 	unnamed TextStim: text = '←'
156.5409 	DATA 	Keypress: left
156.5419 	EXP 	unnamed TextStim: text = '←'
158.1823 	DATA 	Keypress: up
158.3131 	EXP 	Created unnamed ImageStim = ImageStim(__class__=<class 'psychopy.visual.image.ImageStim'>, anchor=('center', 'center'), autoLog=True, color=array([1., 1., 1.]), colorSpace='rgb', contrast=1.0, depth=0, flipHoriz=False, flipVert=False, image='break.jpg', interpolate=True, mask=None, maskParams=None, name='unnamed ImageStim', opacity=1.0, ori=0.0, pos=array([0., 0.]), size=array([1536.,  864.]), texRes=128, units='pix', win=Window(...))
160.3337 	DATA 	Keypress: space
160.3357 	EXP 	unnamed TextStim: text = '←'
162.2018 	DATA 	Keypress: up
162.2031 	EXP 	unnamed TextStim: text = '←'
163.7811 	DATA 	Keypress: down
163.7823 	EXP 	unnamed TextStim: text = '←'
165.0965 	DATA 	Keypress: left
165.0985 	EXP 	unnamed TextStim: height = 25.0
165.0985 	EXP 	unnamed TextStim: height = 25.0
165.0985 	EXP 	unnamed TextStim: height = 25.0
165.0985 	EXP 	unnamed TextStim: text = '→'
166.5779 	DATA 	Keypress: right
166.5791 	EXP 	unnamed TextStim: text = '→'
167.9707 	DATA 	Keypress: right
167.9726 	EXP 	unnamed TextStim: height = 25.0
167.9726 	EXP 	unnamed TextStim: height = 25.0
167.9726 	EXP 	unnamed TextStim: height = 25.0
167.9726 	EXP 	unnamed TextStim: text = '←'
169.6717 	DATA 	Keypress: down
169.7989 	EXP 	Created unnamed ImageStim = ImageStim(__class__=<class 'psychopy.visual.image.ImageStim'>, anchor=('center', 'center'), autoLog=True, color=array([1., 1., 1.]), colorSpace='rgb', contrast=1.0, depth=0, flipHoriz=False, flipVert=False, image='break.jpg', interpolate=True, mask=None, maskParams=None, name='unnamed ImageStim', opacity=1.0, ori=0.0, pos=array([0., 0.]), size=array([1536.,  864.]), texRes=128, units='pix', win=Window(...))
170.7530 	DATA 	Keypress: space
170.7698 	EXP 	unnamed TextStim: height = 25.0
170.7698 	EXP 	unnamed TextStim: height = 25.0
170.7698 	EXP 	unnamed TextStim: height = 25.0
170.7698 	EXP 	unnamed TextStim: text = '↓'
172.1928 	DATA 	Keypress: down
172.1949 	EXP 	unnamed TextStim: height = 25.0
172.1949 	EXP 	unnamed TextStim: height = 25.0
172.1949 	EXP 	unnamed TextStim: height = 25.0
172.1949 	EXP 	unnamed TextStim: text = '←'
173.8972 	DATA 	Keypress: down
173.8992 	EXP 	unnamed TextStim: height = 25.0
173.8992 	EXP 	unnamed TextStim: height = 25.0
173.8992 	EXP 	unnamed TextStim: height = 25.0
173.8992 	EXP 	unnamed TextStim: text = '↑'
175.2808 	DATA 	Keypress: up
175.2828 	EXP 	unnamed TextStim: height = 25.0
175.2828 	EXP 	unnamed TextStim: height = 25.0
175.2828 	EXP 	unnamed TextStim: height = 25.0
175.2828 	EXP 	unnamed TextStim: text = '→'
177.0668 	DATA 	Keypress: down
177.0689 	EXP 	unnamed TextStim: height = 25.0
177.0689 	EXP 	unnamed TextStim: height = 25.0
177.0689 	EXP 	unnamed TextStim: height = 25.0
177.0689 	EXP 	unnamed TextStim: text = '↓'
178.7674 	DATA 	Keypress: left
178.7695 	EXP 	unnamed TextStim: height = 25.0
178.7695 	EXP 	unnamed TextStim: height = 25.0
178.7695 	EXP 	unnamed TextStim: height = 25.0
178.7695 	EXP 	unnamed TextStim: text = '→'
180.0374 	DATA 	Keypress: right
181.5375 	DATA 	No keypress (maxWait exceeded)
181.6685 	EXP 	Created unnamed ImageStim = ImageStim(__class__=<class 'psychopy.visual.image.ImageStim'>, anchor=('center', 'center'), autoLog=True, color=array([1., 1., 1.]), colorSpace='rgb', contrast=1.0, depth=0, flipHoriz=False, flipVert=False, image='break.jpg', interpolate=True, mask=None, maskParams=None, name='unnamed ImageStim', opacity=1.0, ori=0.0, pos=array([0., 0.]), size=array([1536.,  864.]), texRes=128, units='pix', win=Window(...))
181.7311 	DATA 	Keypress: right
183.8333 	DATA 	Keypress: space
183.8366 	EXP 	unnamed TextStim: height = 25.0
183.8366 	EXP 	unnamed TextStim: height = 25.0
183.8366 	EXP 	unnamed TextStim: height = 25.0
183.8366 	EXP 	unnamed TextStim: text = '←'
185.5990 	DATA 	Keypress: left
185.6012 	EXP 	unnamed TextStim: height = 25.0
185.6012 	EXP 	unnamed TextStim: height = 25.0
185.6012 	EXP 	unnamed TextStim: height = 25.0
185.6012 	EXP 	unnamed TextStim: text = '→'
187.4111 	DATA 	Keypress: right
187.4121 	EXP 	unnamed TextStim: text = '→'
188.9929 	DATA 	Keypress: right
188.9942 	EXP 	unnamed TextStim: text = '→'
190.4099 	DATA 	Keypress: right
190.4120 	EXP 	unnamed TextStim: height = 25.0
190.4120 	EXP 	unnamed TextStim: height = 25.0
190.4120 	EXP 	unnamed TextStim: height = 25.0
190.4120 	EXP 	unnamed TextStim: text = '↑'
192.0737 	DATA 	Keypress: up
192.0749 	EXP 	unnamed TextStim: text = '↑'
194.3074 	DATA 	Keypress: down
194.4645 	EXP 	Created unnamed ImageStim = ImageStim(__class__=<class 'psychopy.visual.image.ImageStim'>, anchor=('center', 'center'), autoLog=True, color=array([1., 1., 1.]), colorSpace='rgb', contrast=1.0, depth=0, flipHoriz=False, flipVert=False, image='break.jpg', interpolate=True, mask=None, maskParams=None, name='unnamed ImageStim', opacity=1.0, ori=0.0, pos=array([0., 0.]), size=array([1536.,  864.]), texRes=128, units='pix', win=Window(...))
195.4130 	DATA 	Keypress: space
195.4206 	EXP 	unnamed TextStim: text = '↑'
196.9992 	DATA 	Keypress: up
197.0014 	EXP 	unnamed TextStim: height = 25.0
197.0014 	EXP 	unnamed TextStim: height = 25.0
197.0014 	EXP 	unnamed TextStim: height = 25.0
197.0014 	EXP 	unnamed TextStim: text = '→'
198.2713 	DATA 	Keypress: down
199.2799 	DATA 	Keypress: right
199.2810 	EXP 	unnamed TextStim: text = '→'
200.7472 	DATA 	Keypress: right
200.7492 	EXP 	unnamed TextStim: height = 25.0
200.7492 	EXP 	unnamed TextStim: height = 25.0
200.7492 	EXP 	unnamed TextStim: height = 25.0
200.7492 	EXP 	unnamed TextStim: text = '←'
202.0393 	DATA 	Keypress: left
203.4921 	DATA 	Keypress: left
203.4942 	EXP 	unnamed TextStim: height = 25.0
203.4942 	EXP 	unnamed TextStim: height = 25.0
203.4942 	EXP 	unnamed TextStim: height = 25.0
203.4942 	EXP 	unnamed TextStim: text = '→'
205.3096 	DATA 	Keypress: left
205.3117 	EXP 	unnamed TextStim: height = 25.0
205.3117 	EXP 	unnamed TextStim: height = 25.0
205.3117 	EXP 	unnamed TextStim: height = 25.0
205.3117 	EXP 	unnamed TextStim: text = '↑'
207.2046 	DATA 	Keypress: up
207.3392 	EXP 	Created unnamed ImageStim = ImageStim(__class__=<class 'psychopy.visual.image.ImageStim'>, anchor=('center', 'center'), autoLog=True, color=array([1., 1., 1.]), colorSpace='rgb', contrast=1.0, depth=0, flipHoriz=False, flipVert=False, image='break.jpg', interpolate=True, mask=None, maskParams=None, name='unnamed ImageStim', opacity=1.0, ori=0.0, pos=array([0., 0.]), size=array([1536.,  864.]), texRes=128, units='pix', win=Window(...))
208.1858 	DATA 	Keypress: space
208.1875 	EXP 	unnamed TextStim: text = '↑'
209.5704 	DATA 	Keypress: up
209.5725 	EXP 	unnamed TextStim: height = 25.0
209.5725 	EXP 	unnamed TextStim: height = 25.0
209.5725 	EXP 	unnamed TextStim: height = 25.0
209.5725 	EXP 	unnamed TextStim: text = '↓'
209.5884 	DATA 	Keypress: down
211.0375 	DATA 	Keypress: down
211.0396 	EXP 	unnamed TextStim: height = 25.0
211.0396 	EXP 	unnamed TextStim: height = 25.0
211.0396 	EXP 	unnamed TextStim: height = 25.0
211.0396 	EXP 	unnamed TextStim: text = '→'
212.5133 	DATA 	Keypress: right
212.5153 	EXP 	unnamed TextStim: height = 25.0
212.5153 	EXP 	unnamed TextStim: height = 25.0
212.5153 	EXP 	unnamed TextStim: height = 25.0
212.5153 	EXP 	unnamed TextStim: text = '←'
213.9776 	DATA 	Keypress: right
213.9797 	EXP 	unnamed TextStim: height = 25.0
213.9797 	EXP 	unnamed TextStim: height = 25.0
213.9797 	EXP 	unnamed TextStim: height = 25.0
213.9797 	EXP 	unnamed TextStim: text = '→'
215.3237 	DATA 	Keypress: right
215.3248 	EXP 	unnamed TextStim: text = '→'
216.8808 	DATA 	Keypress: left
217.0205 	EXP 	Created unnamed ImageStim = ImageStim(__class__=<class 'psychopy.visual.image.ImageStim'>, anchor=('center', 'center'), autoLog=True, color=array([1., 1., 1.]), colorSpace='rgb', contrast=1.0, depth=0, flipHoriz=False, flipVert=False, image='break.jpg', interpolate=True, mask=None, maskParams=None, name='unnamed ImageStim', opacity=1.0, ori=0.0, pos=array([0., 0.]), size=array([1536.,  864.]), texRes=128, units='pix', win=Window(...))
217.8065 	DATA 	Keypress: space
217.8214 	EXP 	unnamed TextStim: height = 25.0
217.8214 	EXP 	unnamed TextStim: height = 25.0
217.8214 	EXP 	unnamed TextStim: height = 25.0
217.8214 	EXP 	unnamed TextStim: text = '←'
219.5382 	DATA 	Keypress: up
219.5402 	EXP 	unnamed TextStim: height = 25.0
219.5402 	EXP 	unnamed TextStim: height = 25.0
219.5402 	EXP 	unnamed TextStim: height = 25.0
219.5402 	EXP 	unnamed TextStim: text = '→'
221.0714 	DATA 	Keypress: down
221.0735 	EXP 	unnamed TextStim: height = 25.0
221.0735 	EXP 	unnamed TextStim: height = 25.0
221.0735 	EXP 	unnamed TextStim: height = 25.0
221.0735 	EXP 	unnamed TextStim: text = '↑'
222.8440 	DATA 	Keypress: right
222.8461 	EXP 	unnamed TextStim: height = 25.0
222.8461 	EXP 	unnamed TextStim: height = 25.0
222.8461 	EXP 	unnamed TextStim: height = 25.0
222.8461 	EXP 	unnamed TextStim: text = '↓'
224.3196 	DATA 	Keypress: down
224.3207 	EXP 	unnamed TextStim: text = '↓'
225.6605 	DATA 	Keypress: down
225.6624 	EXP 	unnamed TextStim: height = 25.0
225.6624 	EXP 	unnamed TextStim: height = 25.0
225.6624 	EXP 	unnamed TextStim: height = 25.0
225.6624 	EXP 	unnamed TextStim: text = '↑'
227.4515 	DATA 	Keypress: right
227.5744 	EXP 	Created unnamed ImageStim = ImageStim(__class__=<class 'psychopy.visual.image.ImageStim'>, anchor=('center', 'center'), autoLog=True, color=array([1., 1., 1.]), colorSpace='rgb', contrast=1.0, depth=0, flipHoriz=False, flipVert=False, image='break.jpg', interpolate=True, mask=None, maskParams=None, name='unnamed ImageStim', opacity=1.0, ori=0.0, pos=array([0., 0.]), size=array([1536.,  864.]), texRes=128, units='pix', win=Window(...))
228.4597 	DATA 	Keypress: space
228.4717 	EXP 	unnamed TextStim: height = 25.0
228.4717 	EXP 	unnamed TextStim: height = 25.0
228.4717 	EXP 	unnamed TextStim: height = 25.0
228.4717 	EXP 	unnamed TextStim: text = '↓'
230.5112 	DATA 	Keypress: down
230.5133 	EXP 	unnamed TextStim: height = 25.0
230.5133 	EXP 	unnamed TextStim: height = 25.0
230.5133 	EXP 	unnamed TextStim: height = 25.0
230.5133 	EXP 	unnamed TextStim: text = '→'
231.9955 	DATA 	Keypress: right
231.9975 	EXP 	unnamed TextStim: height = 25.0
231.9975 	EXP 	unnamed TextStim: height = 25.0
231.9975 	EXP 	unnamed TextStim: height = 25.0
231.9975 	EXP 	unnamed TextStim: text = '↓'
233.6694 	DATA 	Keypress: up
233.6744 	EXP 	unnamed TextStim: height = 25.0
233.6744 	EXP 	unnamed TextStim: height = 25.0
233.6744 	EXP 	unnamed TextStim: height = 25.0
233.6744 	EXP 	unnamed TextStim: text = '←'
235.5405 	DATA 	Keypress: left
235.5427 	EXP 	unnamed TextStim: height = 25.0
235.5427 	EXP 	unnamed TextStim: height = 25.0
235.5427 	EXP 	unnamed TextStim: height = 25.0
235.5427 	EXP 	unnamed TextStim: text = '↓'
236.8887 	DATA 	Keypress: down
236.8897 	EXP 	unnamed TextStim: text = '↓'
238.2301 	DATA 	Keypress: down
238.3571 	EXP 	Created unnamed ImageStim = ImageStim(__class__=<class 'psychopy.visual.image.ImageStim'>, anchor=('center', 'center'), autoLog=True, color=array([1., 1., 1.]), colorSpace='rgb', contrast=1.0, depth=0, flipHoriz=False, flipVert=False, image='break.jpg', interpolate=True, mask=None, maskParams=None, name='unnamed ImageStim', opacity=1.0, ori=0.0, pos=array([0., 0.]), size=array([1536.,  864.]), texRes=128, units='pix', win=Window(...))
239.4108 	DATA 	Keypress: space
239.4221 	EXP 	unnamed TextStim: height = 25.0
239.4221 	EXP 	unnamed TextStim: height = 25.0
239.4221 	EXP 	unnamed TextStim: height = 25.0
239.4221 	EXP 	unnamed TextStim: text = '→'
240.9247 	DATA 	Keypress: right
240.9268 	EXP 	unnamed TextStim: height = 25.0
240.9268 	EXP 	unnamed TextStim: height = 25.0
240.9268 	EXP 	unnamed TextStim: height = 25.0
240.9268 	EXP 	unnamed TextStim: text = '↓'
242.5447 	DATA 	Keypress: down
242.5467 	EXP 	unnamed TextStim: height = 25.0
242.5467 	EXP 	unnamed TextStim: height = 25.0
242.5467 	EXP 	unnamed TextStim: height = 25.0
242.5467 	EXP 	unnamed TextStim: text = '←'
244.1546 	DATA 	Keypress: right
244.1560 	EXP 	unnamed TextStim: text = '←'
245.6973 	DATA 	Keypress: left
245.6993 	EXP 	unnamed TextStim: height = 25.0
245.6993 	EXP 	unnamed TextStim: height = 25.0
245.6993 	EXP 	unnamed TextStim: height = 25.0
245.6993 	EXP 	unnamed TextStim: text = '↓'
247.2671 	DATA 	Keypress: right
247.2692 	EXP 	unnamed TextStim: height = 25.0
247.2692 	EXP 	unnamed TextStim: height = 25.0
247.2692 	EXP 	unnamed TextStim: height = 25.0
247.2692 	EXP 	unnamed TextStim: text = '←'
248.7612 	DATA 	Keypress: down
248.8994 	EXP 	Created unnamed ImageStim = ImageStim(__class__=<class 'psychopy.visual.image.ImageStim'>, anchor=('center', 'center'), autoLog=True, color=array([1., 1., 1.]), colorSpace='rgb', contrast=1.0, depth=0, flipHoriz=False, flipVert=False, image='break.jpg', interpolate=True, mask=None, maskParams=None, name='unnamed ImageStim', opacity=1.0, ori=0.0, pos=array([0., 0.]), size=array([1536.,  864.]), texRes=128, units='pix', win=Window(...))
249.9840 	DATA 	Keypress: space
249.9893 	EXP 	unnamed TextStim: height = 25.0
249.9893 	EXP 	unnamed TextStim: height = 25.0
249.9893 	EXP 	unnamed TextStim: height = 25.0
249.9893 	EXP 	unnamed TextStim: text = '↑'
251.3590 	DATA 	Keypress: up
251.3653 	EXP 	unnamed TextStim: height = 25.0
251.3653 	EXP 	unnamed TextStim: height = 25.0
251.3653 	EXP 	unnamed TextStim: height = 25.0
251.3653 	EXP 	unnamed TextStim: text = '↓'
252.8229 	DATA 	Keypress: down
252.8250 	EXP 	unnamed TextStim: height = 25.0
252.8250 	EXP 	unnamed TextStim: height = 25.0
252.8250 	EXP 	unnamed TextStim: height = 25.0
252.8250 	EXP 	unnamed TextStim: text = '→'
254.2199 	DATA 	Keypress: right
254.2211 	EXP 	unnamed TextStim: text = '→'
255.5824 	DATA 	Keypress: right
255.5846 	EXP 	unnamed TextStim: height = 25.0
255.5846 	EXP 	unnamed TextStim: height = 25.0
255.5846 	EXP 	unnamed TextStim: height = 25.0
255.5846 	EXP 	unnamed TextStim: text = '↓'
257.5465 	DATA 	Keypress: left
257.5487 	EXP 	unnamed TextStim: height = 25.0
257.5487 	EXP 	unnamed TextStim: height = 25.0
257.5487 	EXP 	unnamed TextStim: height = 25.0
257.5487 	EXP 	unnamed TextStim: text = '←'
259.2833 	DATA 	Keypress: left
259.4067 	EXP 	Created unnamed ImageStim = ImageStim(__class__=<class 'psychopy.visual.image.ImageStim'>, anchor=('center', 'center'), autoLog=True, color=array([1., 1., 1.]), colorSpace='rgb', contrast=1.0, depth=0, flipHoriz=False, flipVert=False, image='break.jpg', interpolate=True, mask=None, maskParams=None, name='unnamed ImageStim', opacity=1.0, ori=0.0, pos=array([0., 0.]), size=array([1536.,  864.]), texRes=128, units='pix', win=Window(...))
260.1800 	DATA 	Keypress: space
260.1990 	EXP 	Created unnamed TextStim = TextStim(__class__=<class 'psychopy.visual.text.TextStim'>, alignHoriz=method-wrapper(...), alignText='center', alignVert=method-wrapper(...), anchorHoriz='center', anchorVert='center', antialias=True, autoDraw=False, autoLog=True, bold=False, color=array([-1, -1, -1]), colorSpace='rgb', contrast=1.0, depth=0, flipHoriz=False, flipVert=False, font='', fontFiles=[], height=20.0, italic=False, languageStyle='LTR', name='unnamed TextStim', opacity=1.0, ori=0.0, pos=array([0., 0.]), rgb=UNKNOWN, text=str(...), units='pix', win=Window(...), wrapWidth=1536)
282.1520 	DATA 	Keypress: return
282.2436 	EXP 	window1: mouseVisible = True
