26.2161 	WARNING 	User requested fullscreen with size [1536  864], but screen is actually [1920, 1080]. Using actual size
27.7068 	INFO 	FRAME RATE: 60
27.7068 	INFO 	SCREEN RES: odict_values([1536, 864])
27.7646 	EXP 	Created unnamed TextStim = TextStim(__class__=<class 'psychopy.visual.text.TextStim'>, alignHoriz=method-wrapper(...), alignText='center', alignVert=method-wrapper(...), anchorHoriz='center', anchorVert='center', antialias=True, autoDraw=False, autoLog=True, bold=False, color=array([-1, -1, -1]), colorSpace='rgb', contrast=1.0, depth=0, flipHoriz=False, flipVert=False, font='', fontFiles=[], height=100.0, italic=False, languageStyle='LTR', name='unnamed TextStim', opacity=1.0, ori=0.0, pos=array([0., 0.]), rgb=UNKNOWN, text='+', units='pix', win=Window(...), wrapWidth=500)
27.7687 	EXP 	Created unnamed Circle = Circle(__class__=<class 'psychopy.visual.circle.Circle'>, anchor=('center', 'center'), autoDraw=False, autoLog=True, closeShape=True, color=method-wrapper(...), colorSpace='rgb', contrast=None, depth=0, fillColor=array([ 0.09019608, -1.        , -1.        ]), fillColorSpace='rgb', fillRGB=array([ 0.09019608, -1.        , -1.        ]), interpolate=True, lineColor=array([ 0.09019608, -1.        , -1.        ]), lineColorSpace='rgb', lineRGB=array([ 0.09019608, -1.        , -1.        ]), lineWidth=1.5, name='unnamed Circle', opacity=1.0, ori=0.0, pos=array([0., 0.]), size=array([1., 1.]), units='pix', vertices=ndarray(...), win=Window(...))
27.7697 	EXP 	Created unnamed TextStim = TextStim(__class__=<class 'psychopy.visual.text.TextStim'>, alignHoriz=method-wrapper(...), alignText='center', alignVert=method-wrapper(...), anchorHoriz='center', anchorVert='center', antialias=True, autoDraw=False, autoLog=True, bold=False, color=array([-0.17647059, -0.17647059, -0.17647059]), colorSpace='rgb', contrast=1.0, depth=0, flipHoriz=False, flipVert=False, font='', fontFiles=[], height=25, italic=False, languageStyle='LTR', name='unnamed TextStim', opacity=1.0, ori=0.0, pos=array([0., 0.]), rgb=UNKNOWN, text='', units='pix', win=Window(...), wrapWidth=500)
27.7806 	EXP 	Created unnamed ImageStim = ImageStim(__class__=<class 'psychopy.visual.image.ImageStim'>, anchor=('center', 'center'), autoLog=True, color=array([1., 1., 1.]), colorSpace='rgb', contrast=1.0, depth=0, flipHoriz=False, flipVert=False, image='mask4.png', interpolate=False, mask=None, maskParams=None, name='unnamed ImageStim', opacity=1.0, ori=0.0, pos=array([0., 0.]), size=array([25., 25.]), texRes=128, units='pix', win=Window(...))
27.7884 	EXP 	Created unnamed TextStim = TextStim(__class__=<class 'psychopy.visual.text.TextStim'>, alignHoriz=method-wrapper(...), alignText='center', alignVert=method-wrapper(...), anchorHoriz='center', anchorVert='center', antialias=True, autoDraw=False, autoLog=True, bold=False, color=array([-1, -1, -1]), colorSpace='rgb', contrast=1.0, depth=0, flipHoriz=False, flipVert=False, font='', fontFiles=[], height=30.0, italic=False, languageStyle='LTR', name='unnamed TextStim', opacity=1.0, ori=0.0, pos=array([ 100., -300.]), rgb=UNKNOWN, text=str(...), units='pix', win=Window(...), wrapWidth=10000)
27.7978 	EXP 	Created unnamed TextStim = TextStim(__class__=<class 'psychopy.visual.text.TextStim'>, alignHoriz=method-wrapper(...), alignText='center', alignVert=method-wrapper(...), anchorHoriz='center', anchorVert='center', antialias=True, autoDraw=False, autoLog=True, bold=False, color=array([-1, -1, -1]), colorSpace='rgb', contrast=1.0, depth=0, flipHoriz=False, flipVert=False, font='', fontFiles=[], height=30.0, italic=False, languageStyle='LTR', name='unnamed TextStim', opacity=1.0, ori=0.0, pos=array([ 100., -330.]), rgb=UNKNOWN, text=str(...), units='pix', win=Window(...), wrapWidth=10000)
27.8335 	EXP 	Created unnamed TextStim = TextStim(__class__=<class 'psychopy.visual.text.TextStim'>, alignHoriz=method-wrapper(...), alignText='center', alignVert=method-wrapper(...), anchorHoriz='center', anchorVert='center', antialias=True, autoDraw=False, autoLog=True, bold=False, color=array([-1, -1, -1]), colorSpace='rgb', contrast=1.0, depth=0, flipHoriz=False, flipVert=False, font='', fontFiles=[], height=20.0, italic=False, languageStyle='LTR', name='unnamed TextStim', opacity=1.0, ori=0.0, pos=array([0., 0.]), rgb=UNKNOWN, text=str(...), units='pix', win=Window(...), wrapWidth=1536)
50.8925 	DATA 	Keypress: space
50.9038 	EXP 	unnamed TextStim: height = 25.0
50.9038 	EXP 	unnamed TextStim: height = 25.0
50.9038 	EXP 	unnamed TextStim: height = 25.0
50.9038 	EXP 	unnamed TextStim: text = '↑'
53.8712 	DATA 	No keypress (maxWait exceeded)
53.8797 	EXP 	Created unnamed TextStim = TextStim(__class__=<class 'psychopy.visual.text.TextStim'>, alignHoriz=method-wrapper(...), alignText='center', alignVert=method-wrapper(...), anchorHoriz='center', anchorVert='center', antialias=True, autoDraw=False, autoLog=True, bold=False, color=array([-1, -1, -1]), colorSpace='rgb', contrast=1.0, depth=0, flipHoriz=False, flipVert=False, font='', fontFiles=[], height=50.0, italic=False, languageStyle='LTR', name='unnamed TextStim', opacity=1.0, ori=0.0, pos=array([0., 0.]), rgb=UNKNOWN, text='Niepoprawnie', units='pix', win=Window(...), wrapWidth=500)
54.6812 	DATA 	Keypress: left
54.8877 	EXP 	unnamed TextStim: height = 25.0
54.8877 	EXP 	unnamed TextStim: height = 25.0
54.8877 	EXP 	unnamed TextStim: height = 25.0
54.8877 	EXP 	unnamed TextStim: text = '↓'
57.8547 	DATA 	No keypress (maxWait exceeded)
57.8569 	EXP 	Created unnamed TextStim = TextStim(__class__=<class 'psychopy.visual.text.TextStim'>, alignHoriz=method-wrapper(...), alignText='center', alignVert=method-wrapper(...), anchorHoriz='center', anchorVert='center', antialias=True, autoDraw=False, autoLog=True, bold=False, color=array([-1, -1, -1]), colorSpace='rgb', contrast=1.0, depth=0, flipHoriz=False, flipVert=False, font='', fontFiles=[], height=50.0, italic=False, languageStyle='LTR', name='unnamed TextStim', opacity=1.0, ori=0.0, pos=array([0., 0.]), rgb=UNKNOWN, text='Niepoprawnie', units='pix', win=Window(...), wrapWidth=500)
58.8712 	EXP 	unnamed TextStim: height = 25.0
58.8712 	EXP 	unnamed TextStim: height = 25.0
58.8712 	EXP 	unnamed TextStim: height = 25.0
58.8712 	EXP 	unnamed TextStim: text = '→'
60.9321 	DATA 	Keypress: right
60.9356 	EXP 	Created unnamed TextStim = TextStim(__class__=<class 'psychopy.visual.text.TextStim'>, alignHoriz=method-wrapper(...), alignText='center', alignVert=method-wrapper(...), anchorHoriz='center', anchorVert='center', antialias=True, autoDraw=False, autoLog=True, bold=False, color=array([-1, -1, -1]), colorSpace='rgb', contrast=1.0, depth=0, flipHoriz=False, flipVert=False, font='', fontFiles=[], height=50.0, italic=False, languageStyle='LTR', name='unnamed TextStim', opacity=1.0, ori=0.0, pos=array([0., 0.]), rgb=UNKNOWN, text='Poprawnie', units='pix', win=Window(...), wrapWidth=500)
61.9546 	EXP 	unnamed TextStim: height = 25.0
61.9546 	EXP 	unnamed TextStim: height = 25.0
61.9546 	EXP 	unnamed TextStim: height = 25.0
61.9546 	EXP 	unnamed TextStim: text = '↓'
64.9216 	DATA 	No keypress (maxWait exceeded)
64.9241 	EXP 	Created unnamed TextStim = TextStim(__class__=<class 'psychopy.visual.text.TextStim'>, alignHoriz=method-wrapper(...), alignText='center', alignVert=method-wrapper(...), anchorHoriz='center', anchorVert='center', antialias=True, autoDraw=False, autoLog=True, bold=False, color=array([-1, -1, -1]), colorSpace='rgb', contrast=1.0, depth=0, flipHoriz=False, flipVert=False, font='', fontFiles=[], height=50.0, italic=False, languageStyle='LTR', name='unnamed TextStim', opacity=1.0, ori=0.0, pos=array([0., 0.]), rgb=UNKNOWN, text='Niepoprawnie', units='pix', win=Window(...), wrapWidth=500)
65.9380 	EXP 	unnamed TextStim: text = '↓'
68.2134 	DATA 	Keypress: up
68.2156 	EXP 	Created unnamed TextStim = TextStim(__class__=<class 'psychopy.visual.text.TextStim'>, alignHoriz=method-wrapper(...), alignText='center', alignVert=method-wrapper(...), anchorHoriz='center', anchorVert='center', antialias=True, autoDraw=False, autoLog=True, bold=False, color=array([-1, -1, -1]), colorSpace='rgb', contrast=1.0, depth=0, flipHoriz=False, flipVert=False, font='', fontFiles=[], height=50.0, italic=False, languageStyle='LTR', name='unnamed TextStim', opacity=1.0, ori=0.0, pos=array([0., 0.]), rgb=UNKNOWN, text='Niepoprawnie', units='pix', win=Window(...), wrapWidth=500)
69.2215 	EXP 	unnamed TextStim: height = 25.0
69.2215 	EXP 	unnamed TextStim: height = 25.0
69.2215 	EXP 	unnamed TextStim: height = 25.0
69.2215 	EXP 	unnamed TextStim: text = '↑'
71.5912 	DATA 	Keypress: down
71.5933 	EXP 	Created unnamed TextStim = TextStim(__class__=<class 'psychopy.visual.text.TextStim'>, alignHoriz=method-wrapper(...), alignText='center', alignVert=method-wrapper(...), anchorHoriz='center', anchorVert='center', antialias=True, autoDraw=False, autoLog=True, bold=False, color=array([-1, -1, -1]), colorSpace='rgb', contrast=1.0, depth=0, flipHoriz=False, flipVert=False, font='', fontFiles=[], height=50.0, italic=False, languageStyle='LTR', name='unnamed TextStim', opacity=1.0, ori=0.0, pos=array([0., 0.]), rgb=UNKNOWN, text='Niepoprawnie', units='pix', win=Window(...), wrapWidth=500)
72.6050 	EXP 	unnamed TextStim: height = 25.0
72.6050 	EXP 	unnamed TextStim: height = 25.0
72.6050 	EXP 	unnamed TextStim: height = 25.0
72.6050 	EXP 	unnamed TextStim: text = '→'
74.6545 	DATA 	Keypress: right
74.6568 	EXP 	Created unnamed TextStim = TextStim(__class__=<class 'psychopy.visual.text.TextStim'>, alignHoriz=method-wrapper(...), alignText='center', alignVert=method-wrapper(...), anchorHoriz='center', anchorVert='center', antialias=True, autoDraw=False, autoLog=True, bold=False, color=array([-1, -1, -1]), colorSpace='rgb', contrast=1.0, depth=0, flipHoriz=False, flipVert=False, font='', fontFiles=[], height=50.0, italic=False, languageStyle='LTR', name='unnamed TextStim', opacity=1.0, ori=0.0, pos=array([0., 0.]), rgb=UNKNOWN, text='Poprawnie', units='pix', win=Window(...), wrapWidth=500)
75.6716 	EXP 	unnamed TextStim: height = 25.0
75.6716 	EXP 	unnamed TextStim: height = 25.0
75.6716 	EXP 	unnamed TextStim: height = 25.0
75.6716 	EXP 	unnamed TextStim: text = '←'
78.2567 	DATA 	Keypress: left
78.2586 	EXP 	Created unnamed TextStim = TextStim(__class__=<class 'psychopy.visual.text.TextStim'>, alignHoriz=method-wrapper(...), alignText='center', alignVert=method-wrapper(...), anchorHoriz='center', anchorVert='center', antialias=True, autoDraw=False, autoLog=True, bold=False, color=array([-1, -1, -1]), colorSpace='rgb', contrast=1.0, depth=0, flipHoriz=False, flipVert=False, font='', fontFiles=[], height=50.0, italic=False, languageStyle='LTR', name='unnamed TextStim', opacity=1.0, ori=0.0, pos=array([0., 0.]), rgb=UNKNOWN, text='Poprawnie', units='pix', win=Window(...), wrapWidth=500)
79.2719 	EXP 	unnamed TextStim: height = 25.0
79.2719 	EXP 	unnamed TextStim: height = 25.0
79.2719 	EXP 	unnamed TextStim: height = 25.0
79.2719 	EXP 	unnamed TextStim: text = '↑'
81.2891 	DATA 	Keypress: up
81.2911 	EXP 	Created unnamed TextStim = TextStim(__class__=<class 'psychopy.visual.text.TextStim'>, alignHoriz=method-wrapper(...), alignText='center', alignVert=method-wrapper(...), anchorHoriz='center', anchorVert='center', antialias=True, autoDraw=False, autoLog=True, bold=False, color=array([-1, -1, -1]), colorSpace='rgb', contrast=1.0, depth=0, flipHoriz=False, flipVert=False, font='', fontFiles=[], height=50.0, italic=False, languageStyle='LTR', name='unnamed TextStim', opacity=1.0, ori=0.0, pos=array([0., 0.]), rgb=UNKNOWN, text='Poprawnie', units='pix', win=Window(...), wrapWidth=500)
82.3053 	EXP 	unnamed TextStim: height = 25.0
82.3053 	EXP 	unnamed TextStim: height = 25.0
82.3053 	EXP 	unnamed TextStim: height = 25.0
82.3053 	EXP 	unnamed TextStim: text = '→'
84.1928 	DATA 	Keypress: right
84.1952 	EXP 	Created unnamed TextStim = TextStim(__class__=<class 'psychopy.visual.text.TextStim'>, alignHoriz=method-wrapper(...), alignText='center', alignVert=method-wrapper(...), anchorHoriz='center', anchorVert='center', antialias=True, autoDraw=False, autoLog=True, bold=False, color=array([-1, -1, -1]), colorSpace='rgb', contrast=1.0, depth=0, flipHoriz=False, flipVert=False, font='', fontFiles=[], height=50.0, italic=False, languageStyle='LTR', name='unnamed TextStim', opacity=1.0, ori=0.0, pos=array([0., 0.]), rgb=UNKNOWN, text='Poprawnie', units='pix', win=Window(...), wrapWidth=500)
85.2054 	EXP 	unnamed TextStim: height = 25.0
85.2054 	EXP 	unnamed TextStim: height = 25.0
85.2054 	EXP 	unnamed TextStim: height = 25.0
85.2054 	EXP 	unnamed TextStim: text = '↑'
86.9320 	DATA 	Keypress: up
86.9345 	EXP 	Created unnamed TextStim = TextStim(__class__=<class 'psychopy.visual.text.TextStim'>, alignHoriz=method-wrapper(...), alignText='center', alignVert=method-wrapper(...), anchorHoriz='center', anchorVert='center', antialias=True, autoDraw=False, autoLog=True, bold=False, color=array([-1, -1, -1]), colorSpace='rgb', contrast=1.0, depth=0, flipHoriz=False, flipVert=False, font='', fontFiles=[], height=50.0, italic=False, languageStyle='LTR', name='unnamed TextStim', opacity=1.0, ori=0.0, pos=array([0., 0.]), rgb=UNKNOWN, text='Poprawnie', units='pix', win=Window(...), wrapWidth=500)
87.9387 	EXP 	unnamed TextStim: text = '↑'
89.7569 	DATA 	Keypress: up
89.7589 	EXP 	Created unnamed TextStim = TextStim(__class__=<class 'psychopy.visual.text.TextStim'>, alignHoriz=method-wrapper(...), alignText='center', alignVert=method-wrapper(...), anchorHoriz='center', anchorVert='center', antialias=True, autoDraw=False, autoLog=True, bold=False, color=array([-1, -1, -1]), colorSpace='rgb', contrast=1.0, depth=0, flipHoriz=False, flipVert=False, font='', fontFiles=[], height=50.0, italic=False, languageStyle='LTR', name='unnamed TextStim', opacity=1.0, ori=0.0, pos=array([0., 0.]), rgb=UNKNOWN, text='Poprawnie', units='pix', win=Window(...), wrapWidth=500)
90.7723 	EXP 	unnamed TextStim: height = 25.0
90.7723 	EXP 	unnamed TextStim: height = 25.0
90.7723 	EXP 	unnamed TextStim: height = 25.0
90.7723 	EXP 	unnamed TextStim: text = '→'
92.7477 	DATA 	Keypress: right
92.7502 	EXP 	Created unnamed TextStim = TextStim(__class__=<class 'psychopy.visual.text.TextStim'>, alignHoriz=method-wrapper(...), alignText='center', alignVert=method-wrapper(...), anchorHoriz='center', anchorVert='center', antialias=True, autoDraw=False, autoLog=True, bold=False, color=array([-1, -1, -1]), colorSpace='rgb', contrast=1.0, depth=0, flipHoriz=False, flipVert=False, font='', fontFiles=[], height=50.0, italic=False, languageStyle='LTR', name='unnamed TextStim', opacity=1.0, ori=0.0, pos=array([0., 0.]), rgb=UNKNOWN, text='Poprawnie', units='pix', win=Window(...), wrapWidth=500)
93.7557 	EXP 	unnamed TextStim: height = 25.0
93.7557 	EXP 	unnamed TextStim: height = 25.0
93.7557 	EXP 	unnamed TextStim: height = 25.0
93.7557 	EXP 	unnamed TextStim: text = '↓'
95.5674 	DATA 	Keypress: down
95.5695 	EXP 	Created unnamed TextStim = TextStim(__class__=<class 'psychopy.visual.text.TextStim'>, alignHoriz=method-wrapper(...), alignText='center', alignVert=method-wrapper(...), anchorHoriz='center', anchorVert='center', antialias=True, autoDraw=False, autoLog=True, bold=False, color=array([-1, -1, -1]), colorSpace='rgb', contrast=1.0, depth=0, flipHoriz=False, flipVert=False, font='', fontFiles=[], height=50.0, italic=False, languageStyle='LTR', name='unnamed TextStim', opacity=1.0, ori=0.0, pos=array([0., 0.]), rgb=UNKNOWN, text='Poprawnie', units='pix', win=Window(...), wrapWidth=500)
96.5891 	EXP 	unnamed TextStim: height = 25.0
96.5891 	EXP 	unnamed TextStim: height = 25.0
96.5891 	EXP 	unnamed TextStim: height = 25.0
96.5891 	EXP 	unnamed TextStim: text = '←'
98.7104 	DATA 	Keypress: left
98.7125 	EXP 	Created unnamed TextStim = TextStim(__class__=<class 'psychopy.visual.text.TextStim'>, alignHoriz=method-wrapper(...), alignText='center', alignVert=method-wrapper(...), anchorHoriz='center', anchorVert='center', antialias=True, autoDraw=False, autoLog=True, bold=False, color=array([-1, -1, -1]), colorSpace='rgb', contrast=1.0, depth=0, flipHoriz=False, flipVert=False, font='', fontFiles=[], height=50.0, italic=False, languageStyle='LTR', name='unnamed TextStim', opacity=1.0, ori=0.0, pos=array([0., 0.]), rgb=UNKNOWN, text='Poprawnie', units='pix', win=Window(...), wrapWidth=500)
99.7437 	EXP 	Created unnamed TextStim = TextStim(__class__=<class 'psychopy.visual.text.TextStim'>, alignHoriz=method-wrapper(...), alignText='center', alignVert=method-wrapper(...), anchorHoriz='center', anchorVert='center', antialias=True, autoDraw=False, autoLog=True, bold=False, color=array([-1, -1, -1]), colorSpace='rgb', contrast=1.0, depth=0, flipHoriz=False, flipVert=False, font='', fontFiles=[], height=20.0, italic=False, languageStyle='LTR', name='unnamed TextStim', opacity=1.0, ori=0.0, pos=array([0., 0.]), rgb=UNKNOWN, text=str(...), units='pix', win=Window(...), wrapWidth=1536)
113.0192 	DATA 	Keypress: space
113.0240 	EXP 	unnamed TextStim: height = 25.0
113.0240 	EXP 	unnamed TextStim: height = 25.0
113.0240 	EXP 	unnamed TextStim: height = 25.0
113.0240 	EXP 	unnamed TextStim: text = '→'
114.6980 	DATA 	Keypress: right
114.7052 	EXP 	Created unnamed TextStim = TextStim(__class__=<class 'psychopy.visual.text.TextStim'>, alignHoriz=method-wrapper(...), alignText='center', alignVert=method-wrapper(...), anchorHoriz='center', anchorVert='center', antialias=True, autoDraw=False, autoLog=True, bold=False, color=array([-1, -1, -1]), colorSpace='rgb', contrast=1.0, depth=0, flipHoriz=False, flipVert=False, font='', fontFiles=[], height=50.0, italic=False, languageStyle='LTR', name='unnamed TextStim', opacity=1.0, ori=0.0, pos=array([0., 0.]), rgb=UNKNOWN, text='Poprawnie', units='pix', win=Window(...), wrapWidth=500)
115.7231 	EXP 	unnamed TextStim: height = 25.0
115.7231 	EXP 	unnamed TextStim: height = 25.0
115.7231 	EXP 	unnamed TextStim: height = 25.0
115.7231 	EXP 	unnamed TextStim: text = '↓'
117.6190 	DATA 	Keypress: left
117.6227 	EXP 	Created unnamed TextStim = TextStim(__class__=<class 'psychopy.visual.text.TextStim'>, alignHoriz=method-wrapper(...), alignText='center', alignVert=method-wrapper(...), anchorHoriz='center', anchorVert='center', antialias=True, autoDraw=False, autoLog=True, bold=False, color=array([-1, -1, -1]), colorSpace='rgb', contrast=1.0, depth=0, flipHoriz=False, flipVert=False, font='', fontFiles=[], height=50.0, italic=False, languageStyle='LTR', name='unnamed TextStim', opacity=1.0, ori=0.0, pos=array([0., 0.]), rgb=UNKNOWN, text='Niepoprawnie', units='pix', win=Window(...), wrapWidth=500)
118.6400 	EXP 	unnamed TextStim: height = 25.0
118.6400 	EXP 	unnamed TextStim: height = 25.0
118.6400 	EXP 	unnamed TextStim: height = 25.0
118.6400 	EXP 	unnamed TextStim: text = '→'
120.4955 	DATA 	Keypress: right
120.4975 	EXP 	Created unnamed TextStim = TextStim(__class__=<class 'psychopy.visual.text.TextStim'>, alignHoriz=method-wrapper(...), alignText='center', alignVert=method-wrapper(...), anchorHoriz='center', anchorVert='center', antialias=True, autoDraw=False, autoLog=True, bold=False, color=array([-1, -1, -1]), colorSpace='rgb', contrast=1.0, depth=0, flipHoriz=False, flipVert=False, font='', fontFiles=[], height=50.0, italic=False, languageStyle='LTR', name='unnamed TextStim', opacity=1.0, ori=0.0, pos=array([0., 0.]), rgb=UNKNOWN, text='Poprawnie', units='pix', win=Window(...), wrapWidth=500)
121.5068 	EXP 	unnamed TextStim: height = 25.0
121.5068 	EXP 	unnamed TextStim: height = 25.0
121.5068 	EXP 	unnamed TextStim: height = 25.0
121.5068 	EXP 	unnamed TextStim: text = '↓'
123.2082 	DATA 	Keypress: down
123.2102 	EXP 	Created unnamed TextStim = TextStim(__class__=<class 'psychopy.visual.text.TextStim'>, alignHoriz=method-wrapper(...), alignText='center', alignVert=method-wrapper(...), anchorHoriz='center', anchorVert='center', antialias=True, autoDraw=False, autoLog=True, bold=False, color=array([-1, -1, -1]), colorSpace='rgb', contrast=1.0, depth=0, flipHoriz=False, flipVert=False, font='', fontFiles=[], height=50.0, italic=False, languageStyle='LTR', name='unnamed TextStim', opacity=1.0, ori=0.0, pos=array([0., 0.]), rgb=UNKNOWN, text='Poprawnie', units='pix', win=Window(...), wrapWidth=500)
124.2235 	EXP 	unnamed TextStim: text = '↓'
125.7568 	DATA 	Keypress: down
125.7588 	EXP 	Created unnamed TextStim = TextStim(__class__=<class 'psychopy.visual.text.TextStim'>, alignHoriz=method-wrapper(...), alignText='center', alignVert=method-wrapper(...), anchorHoriz='center', anchorVert='center', antialias=True, autoDraw=False, autoLog=True, bold=False, color=array([-1, -1, -1]), colorSpace='rgb', contrast=1.0, depth=0, flipHoriz=False, flipVert=False, font='', fontFiles=[], height=50.0, italic=False, languageStyle='LTR', name='unnamed TextStim', opacity=1.0, ori=0.0, pos=array([0., 0.]), rgb=UNKNOWN, text='Poprawnie', units='pix', win=Window(...), wrapWidth=500)
126.7737 	EXP 	unnamed TextStim: height = 25.0
126.7737 	EXP 	unnamed TextStim: height = 25.0
126.7737 	EXP 	unnamed TextStim: height = 25.0
126.7737 	EXP 	unnamed TextStim: text = '↑'
127.9583 	DATA 	Keypress: right
127.9793 	EXP 	Created unnamed TextStim = TextStim(__class__=<class 'psychopy.visual.text.TextStim'>, alignHoriz=method-wrapper(...), alignText='center', alignVert=method-wrapper(...), anchorHoriz='center', anchorVert='center', antialias=True, autoDraw=False, autoLog=True, bold=False, color=array([-1, -1, -1]), colorSpace='rgb', contrast=1.0, depth=0, flipHoriz=False, flipVert=False, font='', fontFiles=[], height=50.0, italic=False, languageStyle='LTR', name='unnamed TextStim', opacity=1.0, ori=0.0, pos=array([0., 0.]), rgb=UNKNOWN, text='Niepoprawnie', units='pix', win=Window(...), wrapWidth=500)
129.0072 	EXP 	unnamed TextStim: height = 25.0
129.0072 	EXP 	unnamed TextStim: height = 25.0
129.0072 	EXP 	unnamed TextStim: height = 25.0
129.0072 	EXP 	unnamed TextStim: text = '←'
130.9339 	DATA 	Keypress: right
130.9364 	EXP 	Created unnamed TextStim = TextStim(__class__=<class 'psychopy.visual.text.TextStim'>, alignHoriz=method-wrapper(...), alignText='center', alignVert=method-wrapper(...), anchorHoriz='center', anchorVert='center', antialias=True, autoDraw=False, autoLog=True, bold=False, color=array([-1, -1, -1]), colorSpace='rgb', contrast=1.0, depth=0, flipHoriz=False, flipVert=False, font='', fontFiles=[], height=50.0, italic=False, languageStyle='LTR', name='unnamed TextStim', opacity=1.0, ori=0.0, pos=array([0., 0.]), rgb=UNKNOWN, text='Niepoprawnie', units='pix', win=Window(...), wrapWidth=500)
131.9403 	EXP 	unnamed TextStim: height = 25.0
131.9403 	EXP 	unnamed TextStim: height = 25.0
131.9403 	EXP 	unnamed TextStim: height = 25.0
131.9403 	EXP 	unnamed TextStim: text = '↑'
133.5614 	DATA 	Keypress: lshift
134.1651 	DATA 	Keypress: lshift
134.7075 	DATA 	No keypress (maxWait exceeded)
134.7096 	EXP 	Created unnamed TextStim = TextStim(__class__=<class 'psychopy.visual.text.TextStim'>, alignHoriz=method-wrapper(...), alignText='center', alignVert=method-wrapper(...), anchorHoriz='center', anchorVert='center', antialias=True, autoDraw=False, autoLog=True, bold=False, color=array([-1, -1, -1]), colorSpace='rgb', contrast=1.0, depth=0, flipHoriz=False, flipVert=False, font='', fontFiles=[], height=50.0, italic=False, languageStyle='LTR', name='unnamed TextStim', opacity=1.0, ori=0.0, pos=array([0., 0.]), rgb=UNKNOWN, text='Niepoprawnie', units='pix', win=Window(...), wrapWidth=500)
135.5111 	DATA 	Keypress: up
135.7240 	EXP 	unnamed TextStim: height = 25.0
135.7240 	EXP 	unnamed TextStim: height = 25.0
135.7240 	EXP 	unnamed TextStim: height = 25.0
135.7240 	EXP 	unnamed TextStim: text = '↓'
137.2844 	DATA 	Keypress: down
137.2867 	EXP 	Created unnamed TextStim = TextStim(__class__=<class 'psychopy.visual.text.TextStim'>, alignHoriz=method-wrapper(...), alignText='center', alignVert=method-wrapper(...), anchorHoriz='center', anchorVert='center', antialias=True, autoDraw=False, autoLog=True, bold=False, color=array([-1, -1, -1]), colorSpace='rgb', contrast=1.0, depth=0, flipHoriz=False, flipVert=False, font='', fontFiles=[], height=50.0, italic=False, languageStyle='LTR', name='unnamed TextStim', opacity=1.0, ori=0.0, pos=array([0., 0.]), rgb=UNKNOWN, text='Poprawnie', units='pix', win=Window(...), wrapWidth=500)
138.2906 	EXP 	unnamed TextStim: height = 25.0
138.2906 	EXP 	unnamed TextStim: height = 25.0
138.2906 	EXP 	unnamed TextStim: height = 25.0
138.2906 	EXP 	unnamed TextStim: text = '→'
139.8398 	DATA 	Keypress: right
139.8424 	EXP 	Created unnamed TextStim = TextStim(__class__=<class 'psychopy.visual.text.TextStim'>, alignHoriz=method-wrapper(...), alignText='center', alignVert=method-wrapper(...), anchorHoriz='center', anchorVert='center', antialias=True, autoDraw=False, autoLog=True, bold=False, color=array([-1, -1, -1]), colorSpace='rgb', contrast=1.0, depth=0, flipHoriz=False, flipVert=False, font='', fontFiles=[], height=50.0, italic=False, languageStyle='LTR', name='unnamed TextStim', opacity=1.0, ori=0.0, pos=array([0., 0.]), rgb=UNKNOWN, text='Poprawnie', units='pix', win=Window(...), wrapWidth=500)
140.8711 	EXP 	Created unnamed TextStim = TextStim(__class__=<class 'psychopy.visual.text.TextStim'>, alignHoriz=method-wrapper(...), alignText='center', alignVert=method-wrapper(...), anchorHoriz='center', anchorVert='center', antialias=True, autoDraw=False, autoLog=True, bold=False, color=array([-1, -1, -1]), colorSpace='rgb', contrast=1.0, depth=0, flipHoriz=False, flipVert=False, font='', fontFiles=[], height=20.0, italic=False, languageStyle='LTR', name='unnamed TextStim', opacity=1.0, ori=0.0, pos=array([0., 0.]), rgb=UNKNOWN, text=str(...), units='pix', win=Window(...), wrapWidth=1536)
153.9433 	DATA 	Keypress: space
153.9579 	EXP 	unnamed TextStim: height = 25.0
153.9579 	EXP 	unnamed TextStim: height = 25.0
153.9579 	EXP 	unnamed TextStim: height = 25.0
153.9579 	EXP 	unnamed TextStim: text = '↑'
155.5374 	DATA 	Keypress: right
155.5407 	EXP 	unnamed TextStim: height = 25.0
155.5407 	EXP 	unnamed TextStim: height = 25.0
155.5407 	EXP 	unnamed TextStim: height = 25.0
155.5407 	EXP 	unnamed TextStim: text = '→'
157.0701 	DATA 	Keypress: right
157.0714 	EXP 	unnamed TextStim: text = '→'
158.7532 	DATA 	Keypress: left
158.7560 	EXP 	unnamed TextStim: height = 25.0
158.7560 	EXP 	unnamed TextStim: height = 25.0
158.7560 	EXP 	unnamed TextStim: height = 25.0
158.7560 	EXP 	unnamed TextStim: text = '↓'
160.3489 	DATA 	Keypress: down
160.3499 	EXP 	unnamed TextStim: text = '↓'
163.0920 	DATA 	No keypress (maxWait exceeded)
163.0945 	EXP 	unnamed TextStim: height = 25.0
163.0945 	EXP 	unnamed TextStim: height = 25.0
163.0945 	EXP 	unnamed TextStim: height = 25.0
163.0945 	EXP 	unnamed TextStim: text = '↑'
163.4930 	DATA 	Keypress: up
164.7131 	DATA 	Keypress: right
164.8791 	EXP 	Created unnamed ImageStim = ImageStim(__class__=<class 'psychopy.visual.image.ImageStim'>, anchor=('center', 'center'), autoLog=True, color=array([1., 1., 1.]), colorSpace='rgb', contrast=1.0, depth=0, flipHoriz=False, flipVert=False, image='break.jpg', interpolate=True, mask=None, maskParams=None, name='unnamed ImageStim', opacity=1.0, ori=0.0, pos=array([0., 0.]), size=array([1536.,  864.]), texRes=128, units='pix', win=Window(...))
187.8983 	DATA 	Keypress: space
187.9092 	EXP 	unnamed TextStim: text = '↑'
189.9245 	DATA 	Keypress: up
189.9256 	EXP 	unnamed TextStim: text = '↑'
191.8801 	DATA 	Keypress: right
191.8823 	EXP 	unnamed TextStim: height = 25.0
191.8823 	EXP 	unnamed TextStim: height = 25.0
191.8823 	EXP 	unnamed TextStim: height = 25.0
191.8823 	EXP 	unnamed TextStim: text = '↓'
193.6869 	DATA 	Keypress: left
193.6898 	EXP 	unnamed TextStim: height = 25.0
193.6898 	EXP 	unnamed TextStim: height = 25.0
193.6898 	EXP 	unnamed TextStim: height = 25.0
193.6898 	EXP 	unnamed TextStim: text = '←'
195.8619 	DATA 	Keypress: left
195.8665 	EXP 	unnamed TextStim: height = 25.0
195.8665 	EXP 	unnamed TextStim: height = 25.0
195.8665 	EXP 	unnamed TextStim: height = 25.0
195.8665 	EXP 	unnamed TextStim: text = '↑'
197.3638 	DATA 	Keypress: up
197.3650 	EXP 	unnamed TextStim: text = '↑'
198.9573 	DATA 	Keypress: up
199.1215 	EXP 	Created unnamed ImageStim = ImageStim(__class__=<class 'psychopy.visual.image.ImageStim'>, anchor=('center', 'center'), autoLog=True, color=array([1., 1., 1.]), colorSpace='rgb', contrast=1.0, depth=0, flipHoriz=False, flipVert=False, image='break.jpg', interpolate=True, mask=None, maskParams=None, name='unnamed ImageStim', opacity=1.0, ori=0.0, pos=array([0., 0.]), size=array([1536.,  864.]), texRes=128, units='pix', win=Window(...))
207.9352 	DATA 	Keypress: space
207.9433 	EXP 	unnamed TextStim: text = '↑'
209.6303 	DATA 	Keypress: right
209.6323 	EXP 	unnamed TextStim: height = 25.0
209.6323 	EXP 	unnamed TextStim: height = 25.0
209.6323 	EXP 	unnamed TextStim: height = 25.0
209.6323 	EXP 	unnamed TextStim: text = '←'
211.1064 	DATA 	Keypress: left
211.1086 	EXP 	unnamed TextStim: height = 25.0
211.1086 	EXP 	unnamed TextStim: height = 25.0
211.1086 	EXP 	unnamed TextStim: height = 25.0
211.1086 	EXP 	unnamed TextStim: text = '↑'
213.0095 	DATA 	Keypress: right
213.0118 	EXP 	unnamed TextStim: height = 25.0
213.0118 	EXP 	unnamed TextStim: height = 25.0
213.0118 	EXP 	unnamed TextStim: height = 25.0
213.0118 	EXP 	unnamed TextStim: text = '→'
214.5522 	DATA 	Keypress: right
214.5544 	EXP 	unnamed TextStim: height = 25.0
214.5544 	EXP 	unnamed TextStim: height = 25.0
214.5544 	EXP 	unnamed TextStim: height = 25.0
214.5544 	EXP 	unnamed TextStim: text = '←'
216.1736 	DATA 	Keypress: left
216.1758 	EXP 	unnamed TextStim: height = 25.0
216.1758 	EXP 	unnamed TextStim: height = 25.0
216.1758 	EXP 	unnamed TextStim: height = 25.0
216.1758 	EXP 	unnamed TextStim: text = '↓'
217.6198 	DATA 	Keypress: down
217.7525 	EXP 	Created unnamed ImageStim = ImageStim(__class__=<class 'psychopy.visual.image.ImageStim'>, anchor=('center', 'center'), autoLog=True, color=array([1., 1., 1.]), colorSpace='rgb', contrast=1.0, depth=0, flipHoriz=False, flipVert=False, image='break.jpg', interpolate=True, mask=None, maskParams=None, name='unnamed ImageStim', opacity=1.0, ori=0.0, pos=array([0., 0.]), size=array([1536.,  864.]), texRes=128, units='pix', win=Window(...))
219.7735 	DATA 	Keypress: space
219.7769 	EXP 	unnamed TextStim: height = 25.0
219.7769 	EXP 	unnamed TextStim: height = 25.0
219.7769 	EXP 	unnamed TextStim: height = 25.0
219.7769 	EXP 	unnamed TextStim: text = '→'
221.4629 	DATA 	Keypress: left
221.4649 	EXP 	unnamed TextStim: height = 25.0
221.4649 	EXP 	unnamed TextStim: height = 25.0
221.4649 	EXP 	unnamed TextStim: height = 25.0
221.4649 	EXP 	unnamed TextStim: text = '↑'
222.9129 	DATA 	Keypress: up
222.9141 	EXP 	unnamed TextStim: text = '↑'
224.6947 	DATA 	Keypress: up
224.6958 	EXP 	unnamed TextStim: text = '↑'
226.4144 	DATA 	Keypress: down
226.4215 	EXP 	unnamed TextStim: height = 25.0
226.4215 	EXP 	unnamed TextStim: height = 25.0
226.4215 	EXP 	unnamed TextStim: height = 25.0
226.4215 	EXP 	unnamed TextStim: text = '→'
228.1011 	DATA 	Keypress: left
228.1032 	EXP 	unnamed TextStim: height = 25.0
228.1032 	EXP 	unnamed TextStim: height = 25.0
228.1032 	EXP 	unnamed TextStim: height = 25.0
228.1032 	EXP 	unnamed TextStim: text = '↓'
229.5793 	DATA 	Keypress: down
229.7172 	EXP 	Created unnamed ImageStim = ImageStim(__class__=<class 'psychopy.visual.image.ImageStim'>, anchor=('center', 'center'), autoLog=True, color=array([1., 1., 1.]), colorSpace='rgb', contrast=1.0, depth=0, flipHoriz=False, flipVert=False, image='break.jpg', interpolate=True, mask=None, maskParams=None, name='unnamed ImageStim', opacity=1.0, ori=0.0, pos=array([0., 0.]), size=array([1536.,  864.]), texRes=128, units='pix', win=Window(...))
231.6099 	DATA 	Keypress: space
231.6275 	EXP 	unnamed TextStim: height = 25.0
231.6275 	EXP 	unnamed TextStim: height = 25.0
231.6275 	EXP 	unnamed TextStim: height = 25.0
231.6275 	EXP 	unnamed TextStim: text = '←'
233.1971 	DATA 	Keypress: left
233.1996 	EXP 	unnamed TextStim: height = 25.0
233.1996 	EXP 	unnamed TextStim: height = 25.0
233.1996 	EXP 	unnamed TextStim: height = 25.0
233.1996 	EXP 	unnamed TextStim: text = '↓'
234.8019 	DATA 	Keypress: down
234.8031 	EXP 	unnamed TextStim: text = '↓'
236.2699 	DATA 	Keypress: down
236.2712 	EXP 	unnamed TextStim: text = '↓'
237.8553 	DATA 	Keypress: down
237.8574 	EXP 	unnamed TextStim: height = 25.0
237.8574 	EXP 	unnamed TextStim: height = 25.0
237.8574 	EXP 	unnamed TextStim: height = 25.0
237.8574 	EXP 	unnamed TextStim: text = '↑'
239.4094 	DATA 	Keypress: up
239.4115 	EXP 	unnamed TextStim: height = 25.0
239.4115 	EXP 	unnamed TextStim: height = 25.0
239.4115 	EXP 	unnamed TextStim: height = 25.0
239.4115 	EXP 	unnamed TextStim: text = '↓'
240.9729 	DATA 	Keypress: down
241.1007 	EXP 	Created unnamed ImageStim = ImageStim(__class__=<class 'psychopy.visual.image.ImageStim'>, anchor=('center', 'center'), autoLog=True, color=array([1., 1., 1.]), colorSpace='rgb', contrast=1.0, depth=0, flipHoriz=False, flipVert=False, image='break.jpg', interpolate=True, mask=None, maskParams=None, name='unnamed ImageStim', opacity=1.0, ori=0.0, pos=array([0., 0.]), size=array([1536.,  864.]), texRes=128, units='pix', win=Window(...))
244.3120 	DATA 	Keypress: space
244.3280 	EXP 	unnamed TextStim: height = 25.0
244.3280 	EXP 	unnamed TextStim: height = 25.0
244.3280 	EXP 	unnamed TextStim: height = 25.0
244.3280 	EXP 	unnamed TextStim: text = '↑'
245.7503 	DATA 	Keypress: up
245.7524 	EXP 	unnamed TextStim: height = 25.0
245.7524 	EXP 	unnamed TextStim: height = 25.0
245.7524 	EXP 	unnamed TextStim: height = 25.0
245.7524 	EXP 	unnamed TextStim: text = '→'
247.2127 	DATA 	Keypress: right
247.2193 	EXP 	unnamed TextStim: height = 25.0
247.2193 	EXP 	unnamed TextStim: height = 25.0
247.2193 	EXP 	unnamed TextStim: height = 25.0
247.2193 	EXP 	unnamed TextStim: text = '←'
248.5713 	DATA 	Keypress: left
248.5734 	EXP 	unnamed TextStim: height = 25.0
248.5734 	EXP 	unnamed TextStim: height = 25.0
248.5734 	EXP 	unnamed TextStim: height = 25.0
248.5734 	EXP 	unnamed TextStim: text = '↓'
250.0649 	DATA 	Keypress: down
250.0662 	EXP 	unnamed TextStim: text = '↓'
251.8536 	DATA 	Keypress: down
251.8560 	EXP 	unnamed TextStim: height = 25.0
251.8560 	EXP 	unnamed TextStim: height = 25.0
251.8560 	EXP 	unnamed TextStim: height = 25.0
251.8560 	EXP 	unnamed TextStim: text = '←'
253.6316 	DATA 	Keypress: down
253.7543 	EXP 	Created unnamed ImageStim = ImageStim(__class__=<class 'psychopy.visual.image.ImageStim'>, anchor=('center', 'center'), autoLog=True, color=array([1., 1., 1.]), colorSpace='rgb', contrast=1.0, depth=0, flipHoriz=False, flipVert=False, image='break.jpg', interpolate=True, mask=None, maskParams=None, name='unnamed ImageStim', opacity=1.0, ori=0.0, pos=array([0., 0.]), size=array([1536.,  864.]), texRes=128, units='pix', win=Window(...))
260.9591 	DATA 	Keypress: space
260.9616 	EXP 	unnamed TextStim: text = '←'
262.5496 	DATA 	Keypress: left
262.5517 	EXP 	unnamed TextStim: height = 25.0
262.5517 	EXP 	unnamed TextStim: height = 25.0
262.5517 	EXP 	unnamed TextStim: height = 25.0
262.5517 	EXP 	unnamed TextStim: text = '↓'
265.2222 	DATA 	Keypress: right
265.2256 	EXP 	unnamed TextStim: height = 25.0
265.2256 	EXP 	unnamed TextStim: height = 25.0
265.2256 	EXP 	unnamed TextStim: height = 25.0
265.2256 	EXP 	unnamed TextStim: text = '↑'
266.6199 	DATA 	Keypress: up
266.6220 	EXP 	unnamed TextStim: height = 25.0
266.6220 	EXP 	unnamed TextStim: height = 25.0
266.6220 	EXP 	unnamed TextStim: height = 25.0
266.6220 	EXP 	unnamed TextStim: text = '↓'
268.8105 	DATA 	Keypress: down
268.8128 	EXP 	unnamed TextStim: height = 25.0
268.8128 	EXP 	unnamed TextStim: height = 25.0
268.8128 	EXP 	unnamed TextStim: height = 25.0
268.8128 	EXP 	unnamed TextStim: text = '←'
270.5692 	DATA 	Keypress: up
270.5704 	EXP 	unnamed TextStim: text = '←'
272.8704 	DATA 	Keypress: down
273.0256 	EXP 	Created unnamed ImageStim = ImageStim(__class__=<class 'psychopy.visual.image.ImageStim'>, anchor=('center', 'center'), autoLog=True, color=array([1., 1., 1.]), colorSpace='rgb', contrast=1.0, depth=0, flipHoriz=False, flipVert=False, image='break.jpg', interpolate=True, mask=None, maskParams=None, name='unnamed ImageStim', opacity=1.0, ori=0.0, pos=array([0., 0.]), size=array([1536.,  864.]), texRes=128, units='pix', win=Window(...))
276.7525 	DATA 	Keypress: space
276.7624 	EXP 	unnamed TextStim: height = 25.0
276.7624 	EXP 	unnamed TextStim: height = 25.0
276.7624 	EXP 	unnamed TextStim: height = 25.0
276.7624 	EXP 	unnamed TextStim: text = '→'
278.5549 	DATA 	Keypress: right
278.5560 	EXP 	unnamed TextStim: text = '→'
281.0926 	DATA 	Keypress: right
281.1006 	EXP 	unnamed TextStim: height = 25.0
281.1006 	EXP 	unnamed TextStim: height = 25.0
281.1006 	EXP 	unnamed TextStim: height = 25.0
281.1006 	EXP 	unnamed TextStim: text = '↓'
282.7523 	DATA 	Keypress: down
282.7536 	EXP 	unnamed TextStim: text = '↓'
284.5110 	DATA 	Keypress: down
284.5132 	EXP 	unnamed TextStim: height = 25.0
284.5132 	EXP 	unnamed TextStim: height = 25.0
284.5132 	EXP 	unnamed TextStim: height = 25.0
284.5132 	EXP 	unnamed TextStim: text = '→'
286.7429 	DATA 	Keypress: left
286.7451 	EXP 	unnamed TextStim: height = 25.0
286.7451 	EXP 	unnamed TextStim: height = 25.0
286.7451 	EXP 	unnamed TextStim: height = 25.0
286.7451 	EXP 	unnamed TextStim: text = '←'
288.6336 	DATA 	Keypress: right
288.7825 	EXP 	Created unnamed ImageStim = ImageStim(__class__=<class 'psychopy.visual.image.ImageStim'>, anchor=('center', 'center'), autoLog=True, color=array([1., 1., 1.]), colorSpace='rgb', contrast=1.0, depth=0, flipHoriz=False, flipVert=False, image='break.jpg', interpolate=True, mask=None, maskParams=None, name='unnamed ImageStim', opacity=1.0, ori=0.0, pos=array([0., 0.]), size=array([1536.,  864.]), texRes=128, units='pix', win=Window(...))
290.8701 	DATA 	Keypress: space
290.8795 	EXP 	unnamed TextStim: height = 25.0
290.8795 	EXP 	unnamed TextStim: height = 25.0
290.8795 	EXP 	unnamed TextStim: height = 25.0
290.8795 	EXP 	unnamed TextStim: text = '↑'
293.0062 	DATA 	Keypress: left
293.0074 	EXP 	unnamed TextStim: text = '↑'
294.5569 	DATA 	Keypress: up
294.5580 	EXP 	unnamed TextStim: text = '↑'
296.1012 	DATA 	Keypress: up
296.1033 	EXP 	unnamed TextStim: height = 25.0
296.1033 	EXP 	unnamed TextStim: height = 25.0
296.1033 	EXP 	unnamed TextStim: height = 25.0
296.1033 	EXP 	unnamed TextStim: text = '↓'
297.6631 	DATA 	Keypress: down
297.6652 	EXP 	unnamed TextStim: height = 25.0
297.6652 	EXP 	unnamed TextStim: height = 25.0
297.6652 	EXP 	unnamed TextStim: height = 25.0
297.6652 	EXP 	unnamed TextStim: text = '→'
299.3051 	DATA 	Keypress: right
299.3072 	EXP 	unnamed TextStim: height = 25.0
299.3072 	EXP 	unnamed TextStim: height = 25.0
299.3072 	EXP 	unnamed TextStim: height = 25.0
299.3072 	EXP 	unnamed TextStim: text = '↑'
302.0637 	DATA 	No keypress (maxWait exceeded)
302.2139 	EXP 	Created unnamed ImageStim = ImageStim(__class__=<class 'psychopy.visual.image.ImageStim'>, anchor=('center', 'center'), autoLog=True, color=array([1., 1., 1.]), colorSpace='rgb', contrast=1.0, depth=0, flipHoriz=False, flipVert=False, image='break.jpg', interpolate=True, mask=None, maskParams=None, name='unnamed ImageStim', opacity=1.0, ori=0.0, pos=array([0., 0.]), size=array([1536.,  864.]), texRes=128, units='pix', win=Window(...))
302.2146 	DATA 	Keypress: down
303.8889 	DATA 	Keypress: space
303.8965 	EXP 	unnamed TextStim: height = 25.0
303.8965 	EXP 	unnamed TextStim: height = 25.0
303.8965 	EXP 	unnamed TextStim: height = 25.0
303.8965 	EXP 	unnamed TextStim: text = '↓'
304.0483 	DATA 	Keypress: space
306.0255 	DATA 	Keypress: down
306.0322 	EXP 	unnamed TextStim: height = 25.0
306.0322 	EXP 	unnamed TextStim: height = 25.0
306.0322 	EXP 	unnamed TextStim: height = 25.0
306.0322 	EXP 	unnamed TextStim: text = '←'
308.0646 	DATA 	Keypress: left
308.0681 	EXP 	unnamed TextStim: height = 25.0
308.0681 	EXP 	unnamed TextStim: height = 25.0
308.0681 	EXP 	unnamed TextStim: height = 25.0
308.0681 	EXP 	unnamed TextStim: text = '↑'
309.9953 	DATA 	Keypress: up
309.9975 	EXP 	unnamed TextStim: height = 25.0
309.9975 	EXP 	unnamed TextStim: height = 25.0
309.9975 	EXP 	unnamed TextStim: height = 25.0
309.9975 	EXP 	unnamed TextStim: text = '→'
311.8071 	DATA 	Keypress: up
311.8093 	EXP 	unnamed TextStim: height = 25.0
311.8093 	EXP 	unnamed TextStim: height = 25.0
311.8093 	EXP 	unnamed TextStim: height = 25.0
311.8093 	EXP 	unnamed TextStim: text = '↑'
314.4607 	DATA 	Keypress: down
314.4628 	EXP 	unnamed TextStim: height = 25.0
314.4628 	EXP 	unnamed TextStim: height = 25.0
314.4628 	EXP 	unnamed TextStim: height = 25.0
314.4628 	EXP 	unnamed TextStim: text = '↓'
316.1433 	DATA 	Keypress: down
316.3059 	EXP 	Created unnamed ImageStim = ImageStim(__class__=<class 'psychopy.visual.image.ImageStim'>, anchor=('center', 'center'), autoLog=True, color=array([1., 1., 1.]), colorSpace='rgb', contrast=1.0, depth=0, flipHoriz=False, flipVert=False, image='break.jpg', interpolate=True, mask=None, maskParams=None, name='unnamed ImageStim', opacity=1.0, ori=0.0, pos=array([0., 0.]), size=array([1536.,  864.]), texRes=128, units='pix', win=Window(...))
320.0411 	DATA 	Keypress: space
320.0472 	EXP 	unnamed TextStim: height = 25.0
320.0472 	EXP 	unnamed TextStim: height = 25.0
320.0472 	EXP 	unnamed TextStim: height = 25.0
320.0472 	EXP 	unnamed TextStim: text = '←'
321.7440 	DATA 	Keypress: left
321.7461 	EXP 	unnamed TextStim: height = 25.0
321.7461 	EXP 	unnamed TextStim: height = 25.0
321.7461 	EXP 	unnamed TextStim: height = 25.0
321.7461 	EXP 	unnamed TextStim: text = '↓'
324.4979 	DATA 	No keypress (maxWait exceeded)
324.5009 	EXP 	unnamed TextStim: height = 25.0
324.5009 	EXP 	unnamed TextStim: height = 25.0
324.5009 	EXP 	unnamed TextStim: height = 25.0
324.5009 	EXP 	unnamed TextStim: text = '→'
326.2906 	DATA 	Keypress: right
326.2926 	EXP 	unnamed TextStim: height = 25.0
326.2926 	EXP 	unnamed TextStim: height = 25.0
326.2926 	EXP 	unnamed TextStim: height = 25.0
326.2926 	EXP 	unnamed TextStim: text = '↑'
329.0648 	DATA 	No keypress (maxWait exceeded)
329.0694 	EXP 	unnamed TextStim: height = 25.0
329.0694 	EXP 	unnamed TextStim: height = 25.0
329.0694 	EXP 	unnamed TextStim: height = 25.0
329.0694 	EXP 	unnamed TextStim: text = '←'
330.6022 	DATA 	Keypress: left
330.6044 	EXP 	unnamed TextStim: height = 25.0
330.6044 	EXP 	unnamed TextStim: height = 25.0
330.6044 	EXP 	unnamed TextStim: height = 25.0
330.6044 	EXP 	unnamed TextStim: text = '→'
332.0634 	DATA 	Keypress: right
332.2081 	EXP 	Created unnamed ImageStim = ImageStim(__class__=<class 'psychopy.visual.image.ImageStim'>, anchor=('center', 'center'), autoLog=True, color=array([1., 1., 1.]), colorSpace='rgb', contrast=1.0, depth=0, flipHoriz=False, flipVert=False, image='break.jpg', interpolate=True, mask=None, maskParams=None, name='unnamed ImageStim', opacity=1.0, ori=0.0, pos=array([0., 0.]), size=array([1536.,  864.]), texRes=128, units='pix', win=Window(...))
333.6756 	DATA 	Keypress: space
333.6957 	EXP 	Created unnamed TextStim = TextStim(__class__=<class 'psychopy.visual.text.TextStim'>, alignHoriz=method-wrapper(...), alignText='center', alignVert=method-wrapper(...), anchorHoriz='center', anchorVert='center', antialias=True, autoDraw=False, autoLog=True, bold=False, color=array([-1, -1, -1]), colorSpace='rgb', contrast=1.0, depth=0, flipHoriz=False, flipVert=False, font='', fontFiles=[], height=20.0, italic=False, languageStyle='LTR', name='unnamed TextStim', opacity=1.0, ori=0.0, pos=array([0., 0.]), rgb=UNKNOWN, text=str(...), units='pix', win=Window(...), wrapWidth=1536)
341.5129 	DATA 	Keypress: space
341.6096 	EXP 	window1: mouseVisible = True
