12.1142 	WARNING 	User requested fullscreen with size [1536  864], but screen is actually [1920, 1080]. Using actual size
13.6735 	INFO 	FRAME RATE: 60
13.6735 	INFO 	SCREEN RES: odict_values([1536, 864])
13.7377 	EXP 	Created unnamed TextStim = TextStim(__class__=<class 'psychopy.visual.text.TextStim'>, alignHoriz=method-wrapper(...), alignText='center', alignVert=method-wrapper(...), anchorHoriz='center', anchorVert='center', antialias=True, autoDraw=False, autoLog=True, bold=False, color=array([-1, -1, -1]), colorSpace='rgb', contrast=1.0, depth=0, flipHoriz=False, flipVert=False, font='', fontFiles=[], height=100.0, italic=False, languageStyle='LTR', name='unnamed TextStim', opacity=1.0, ori=0.0, pos=array([0., 0.]), rgb=UNKNOWN, text='+', units='pix', win=Window(...), wrapWidth=500)
13.7419 	EXP 	Created unnamed Circle = Circle(__class__=<class 'psychopy.visual.circle.Circle'>, anchor=('center', 'center'), autoDraw=False, autoLog=True, closeShape=True, color=method-wrapper(...), colorSpace='rgb', contrast=None, depth=0, fillColor=array([ 0.09019608, -1.        , -1.        ]), fillColorSpace='rgb', fillRGB=array([ 0.09019608, -1.        , -1.        ]), interpolate=True, lineColor=array([ 0.09019608, -1.        , -1.        ]), lineColorSpace='rgb', lineRGB=array([ 0.09019608, -1.        , -1.        ]), lineWidth=1.5, name='unnamed Circle', opacity=1.0, ori=0.0, pos=array([0., 0.]), size=array([1., 1.]), units='pix', vertices=ndarray(...), win=Window(...))
13.7430 	EXP 	Created unnamed TextStim = TextStim(__class__=<class 'psychopy.visual.text.TextStim'>, alignHoriz=method-wrapper(...), alignText='center', alignVert=method-wrapper(...), anchorHoriz='center', anchorVert='center', antialias=True, autoDraw=False, autoLog=True, bold=False, color=array([-0.17647059, -0.17647059, -0.17647059]), colorSpace='rgb', contrast=1.0, depth=0, flipHoriz=False, flipVert=False, font='', fontFiles=[], height=25, italic=False, languageStyle='LTR', name='unnamed TextStim', opacity=1.0, ori=0.0, pos=array([0., 0.]), rgb=UNKNOWN, text='', units='pix', win=Window(...), wrapWidth=500)
13.7530 	EXP 	Created unnamed ImageStim = ImageStim(__class__=<class 'psychopy.visual.image.ImageStim'>, anchor=('center', 'center'), autoLog=True, color=array([1., 1., 1.]), colorSpace='rgb', contrast=1.0, depth=0, flipHoriz=False, flipVert=False, image='mask4.png', interpolate=False, mask=None, maskParams=None, name='unnamed ImageStim', opacity=1.0, ori=0.0, pos=array([0., 0.]), size=array([25., 25.]), texRes=128, units='pix', win=Window(...))
13.7606 	EXP 	Created unnamed TextStim = TextStim(__class__=<class 'psychopy.visual.text.TextStim'>, alignHoriz=method-wrapper(...), alignText='center', alignVert=method-wrapper(...), anchorHoriz='center', anchorVert='center', antialias=True, autoDraw=False, autoLog=True, bold=False, color=array([-1, -1, -1]), colorSpace='rgb', contrast=1.0, depth=0, flipHoriz=False, flipVert=False, font='', fontFiles=[], height=30.0, italic=False, languageStyle='LTR', name='unnamed TextStim', opacity=1.0, ori=0.0, pos=array([ 100., -300.]), rgb=UNKNOWN, text=str(...), units='pix', win=Window(...), wrapWidth=10000)
13.7712 	EXP 	Created unnamed TextStim = TextStim(__class__=<class 'psychopy.visual.text.TextStim'>, alignHoriz=method-wrapper(...), alignText='center', alignVert=method-wrapper(...), anchorHoriz='center', anchorVert='center', antialias=True, autoDraw=False, autoLog=True, bold=False, color=array([-1, -1, -1]), colorSpace='rgb', contrast=1.0, depth=0, flipHoriz=False, flipVert=False, font='', fontFiles=[], height=30.0, italic=False, languageStyle='LTR', name='unnamed TextStim', opacity=1.0, ori=0.0, pos=array([ 100., -330.]), rgb=UNKNOWN, text=str(...), units='pix', win=Window(...), wrapWidth=10000)
13.8098 	EXP 	Created unnamed TextStim = TextStim(__class__=<class 'psychopy.visual.text.TextStim'>, alignHoriz=method-wrapper(...), alignText='center', alignVert=method-wrapper(...), anchorHoriz='center', anchorVert='center', antialias=True, autoDraw=False, autoLog=True, bold=False, color=array([-1, -1, -1]), colorSpace='rgb', contrast=1.0, depth=0, flipHoriz=False, flipVert=False, font='', fontFiles=[], height=20.0, italic=False, languageStyle='LTR', name='unnamed TextStim', opacity=1.0, ori=0.0, pos=array([0., 0.]), rgb=UNKNOWN, text=str(...), units='pix', win=Window(...), wrapWidth=1536)
42.9589 	DATA 	Keypress: space
42.9728 	EXP 	unnamed TextStim: height = 25.0
42.9728 	EXP 	unnamed TextStim: height = 25.0
42.9728 	EXP 	unnamed TextStim: height = 25.0
42.9728 	EXP 	unnamed TextStim: text = '↑'
44.0420 	DATA 	Mouse: Left button down, pos=(951,657)
44.2570 	DATA 	Mouse:  Left button up, pos=(951,657)
45.9403 	DATA 	No keypress (maxWait exceeded)
45.9491 	EXP 	Created unnamed TextStim = TextStim(__class__=<class 'psychopy.visual.text.TextStim'>, alignHoriz=method-wrapper(...), alignText='center', alignVert=method-wrapper(...), anchorHoriz='center', anchorVert='center', antialias=True, autoDraw=False, autoLog=True, bold=False, color=array([-1, -1, -1]), colorSpace='rgb', contrast=1.0, depth=0, flipHoriz=False, flipVert=False, font='', fontFiles=[], height=50.0, italic=False, languageStyle='LTR', name='unnamed TextStim', opacity=1.0, ori=0.0, pos=array([0., 0.]), rgb=UNKNOWN, text='Niepoprawnie', units='pix', win=Window(...), wrapWidth=500)
46.7507 	DATA 	Keypress: left
46.9567 	EXP 	unnamed TextStim: height = 25.0
46.9567 	EXP 	unnamed TextStim: height = 25.0
46.9567 	EXP 	unnamed TextStim: height = 25.0
46.9567 	EXP 	unnamed TextStim: text = '←'
48.3907 	DATA 	Keypress: left
48.3967 	EXP 	Created unnamed TextStim = TextStim(__class__=<class 'psychopy.visual.text.TextStim'>, alignHoriz=method-wrapper(...), alignText='center', alignVert=method-wrapper(...), anchorHoriz='center', anchorVert='center', antialias=True, autoDraw=False, autoLog=True, bold=False, color=array([-1, -1, -1]), colorSpace='rgb', contrast=1.0, depth=0, flipHoriz=False, flipVert=False, font='', fontFiles=[], height=50.0, italic=False, languageStyle='LTR', name='unnamed TextStim', opacity=1.0, ori=0.0, pos=array([0., 0.]), rgb=UNKNOWN, text='Poprawnie', units='pix', win=Window(...), wrapWidth=500)
49.4234 	EXP 	unnamed TextStim: height = 25.0
49.4234 	EXP 	unnamed TextStim: height = 25.0
49.4234 	EXP 	unnamed TextStim: height = 25.0
49.4234 	EXP 	unnamed TextStim: text = '→'
49.8914 	DATA 	Mouse: Left button down, pos=(951,657)
50.1084 	DATA 	Mouse:  Left button up, pos=(951,657)
50.9159 	DATA 	Keypress: right
50.9178 	EXP 	Created unnamed TextStim = TextStim(__class__=<class 'psychopy.visual.text.TextStim'>, alignHoriz=method-wrapper(...), alignText='center', alignVert=method-wrapper(...), anchorHoriz='center', anchorVert='center', antialias=True, autoDraw=False, autoLog=True, bold=False, color=array([-1, -1, -1]), colorSpace='rgb', contrast=1.0, depth=0, flipHoriz=False, flipVert=False, font='', fontFiles=[], height=50.0, italic=False, languageStyle='LTR', name='unnamed TextStim', opacity=1.0, ori=0.0, pos=array([0., 0.]), rgb=UNKNOWN, text='Poprawnie', units='pix', win=Window(...), wrapWidth=500)
51.9236 	EXP 	unnamed TextStim: height = 25.0
51.9236 	EXP 	unnamed TextStim: height = 25.0
51.9236 	EXP 	unnamed TextStim: height = 25.0
51.9236 	EXP 	unnamed TextStim: text = '←'
53.3239 	DATA 	Keypress: left
53.3293 	EXP 	Created unnamed TextStim = TextStim(__class__=<class 'psychopy.visual.text.TextStim'>, alignHoriz=method-wrapper(...), alignText='center', alignVert=method-wrapper(...), anchorHoriz='center', anchorVert='center', antialias=True, autoDraw=False, autoLog=True, bold=False, color=array([-1, -1, -1]), colorSpace='rgb', contrast=1.0, depth=0, flipHoriz=False, flipVert=False, font='', fontFiles=[], height=50.0, italic=False, languageStyle='LTR', name='unnamed TextStim', opacity=1.0, ori=0.0, pos=array([0., 0.]), rgb=UNKNOWN, text='Poprawnie', units='pix', win=Window(...), wrapWidth=500)
54.3567 	EXP 	unnamed TextStim: text = '←'
55.7410 	DATA 	Keypress: left
55.7464 	EXP 	Created unnamed TextStim = TextStim(__class__=<class 'psychopy.visual.text.TextStim'>, alignHoriz=method-wrapper(...), alignText='center', alignVert=method-wrapper(...), anchorHoriz='center', anchorVert='center', antialias=True, autoDraw=False, autoLog=True, bold=False, color=array([-1, -1, -1]), colorSpace='rgb', contrast=1.0, depth=0, flipHoriz=False, flipVert=False, font='', fontFiles=[], height=50.0, italic=False, languageStyle='LTR', name='unnamed TextStim', opacity=1.0, ori=0.0, pos=array([0., 0.]), rgb=UNKNOWN, text='Poprawnie', units='pix', win=Window(...), wrapWidth=500)
56.7736 	EXP 	unnamed TextStim: height = 25.0
56.7736 	EXP 	unnamed TextStim: height = 25.0
56.7736 	EXP 	unnamed TextStim: height = 25.0
56.7736 	EXP 	unnamed TextStim: text = '↓'
58.1410 	DATA 	Keypress: right
58.1463 	EXP 	Created unnamed TextStim = TextStim(__class__=<class 'psychopy.visual.text.TextStim'>, alignHoriz=method-wrapper(...), alignText='center', alignVert=method-wrapper(...), anchorHoriz='center', anchorVert='center', antialias=True, autoDraw=False, autoLog=True, bold=False, color=array([-1, -1, -1]), colorSpace='rgb', contrast=1.0, depth=0, flipHoriz=False, flipVert=False, font='', fontFiles=[], height=50.0, italic=False, languageStyle='LTR', name='unnamed TextStim', opacity=1.0, ori=0.0, pos=array([0., 0.]), rgb=UNKNOWN, text='Niepoprawnie', units='pix', win=Window(...), wrapWidth=500)
59.1737 	EXP 	unnamed TextStim: height = 25.0
59.1737 	EXP 	unnamed TextStim: height = 25.0
59.1737 	EXP 	unnamed TextStim: height = 25.0
59.1737 	EXP 	unnamed TextStim: text = '↑'
60.8820 	DATA 	Keypress: up
60.8845 	EXP 	Created unnamed TextStim = TextStim(__class__=<class 'psychopy.visual.text.TextStim'>, alignHoriz=method-wrapper(...), alignText='center', alignVert=method-wrapper(...), anchorHoriz='center', anchorVert='center', antialias=True, autoDraw=False, autoLog=True, bold=False, color=array([-1, -1, -1]), colorSpace='rgb', contrast=1.0, depth=0, flipHoriz=False, flipVert=False, font='', fontFiles=[], height=50.0, italic=False, languageStyle='LTR', name='unnamed TextStim', opacity=1.0, ori=0.0, pos=array([0., 0.]), rgb=UNKNOWN, text='Poprawnie', units='pix', win=Window(...), wrapWidth=500)
61.8905 	EXP 	unnamed TextStim: text = '↑'
63.3423 	DATA 	Keypress: up
64.3747 	DATA 	Keypress: up
64.3772 	EXP 	Created unnamed TextStim = TextStim(__class__=<class 'psychopy.visual.text.TextStim'>, alignHoriz=method-wrapper(...), alignText='center', alignVert=method-wrapper(...), anchorHoriz='center', anchorVert='center', antialias=True, autoDraw=False, autoLog=True, bold=False, color=array([-1, -1, -1]), colorSpace='rgb', contrast=1.0, depth=0, flipHoriz=False, flipVert=False, font='', fontFiles=[], height=50.0, italic=False, languageStyle='LTR', name='unnamed TextStim', opacity=1.0, ori=0.0, pos=array([0., 0.]), rgb=UNKNOWN, text='Poprawnie', units='pix', win=Window(...), wrapWidth=500)
65.3906 	EXP 	unnamed TextStim: text = '↑'
66.6744 	DATA 	Keypress: up
66.6792 	EXP 	Created unnamed TextStim = TextStim(__class__=<class 'psychopy.visual.text.TextStim'>, alignHoriz=method-wrapper(...), alignText='center', alignVert=method-wrapper(...), anchorHoriz='center', anchorVert='center', antialias=True, autoDraw=False, autoLog=True, bold=False, color=array([-1, -1, -1]), colorSpace='rgb', contrast=1.0, depth=0, flipHoriz=False, flipVert=False, font='', fontFiles=[], height=50.0, italic=False, languageStyle='LTR', name='unnamed TextStim', opacity=1.0, ori=0.0, pos=array([0., 0.]), rgb=UNKNOWN, text='Poprawnie', units='pix', win=Window(...), wrapWidth=500)
67.7074 	EXP 	unnamed TextStim: height = 25.0
67.7074 	EXP 	unnamed TextStim: height = 25.0
67.7074 	EXP 	unnamed TextStim: height = 25.0
67.7074 	EXP 	unnamed TextStim: text = '↓'
69.0748 	DATA 	Keypress: down
69.0804 	EXP 	Created unnamed TextStim = TextStim(__class__=<class 'psychopy.visual.text.TextStim'>, alignHoriz=method-wrapper(...), alignText='center', alignVert=method-wrapper(...), anchorHoriz='center', anchorVert='center', antialias=True, autoDraw=False, autoLog=True, bold=False, color=array([-1, -1, -1]), colorSpace='rgb', contrast=1.0, depth=0, flipHoriz=False, flipVert=False, font='', fontFiles=[], height=50.0, italic=False, languageStyle='LTR', name='unnamed TextStim', opacity=1.0, ori=0.0, pos=array([0., 0.]), rgb=UNKNOWN, text='Poprawnie', units='pix', win=Window(...), wrapWidth=500)
70.1075 	EXP 	unnamed TextStim: height = 25.0
70.1075 	EXP 	unnamed TextStim: height = 25.0
70.1075 	EXP 	unnamed TextStim: height = 25.0
70.1075 	EXP 	unnamed TextStim: text = '↑'
71.3588 	DATA 	Keypress: up
71.3966 	EXP 	Created unnamed TextStim = TextStim(__class__=<class 'psychopy.visual.text.TextStim'>, alignHoriz=method-wrapper(...), alignText='center', alignVert=method-wrapper(...), anchorHoriz='center', anchorVert='center', antialias=True, autoDraw=False, autoLog=True, bold=False, color=array([-1, -1, -1]), colorSpace='rgb', contrast=1.0, depth=0, flipHoriz=False, flipVert=False, font='', fontFiles=[], height=50.0, italic=False, languageStyle='LTR', name='unnamed TextStim', opacity=1.0, ori=0.0, pos=array([0., 0.]), rgb=UNKNOWN, text='Poprawnie', units='pix', win=Window(...), wrapWidth=500)
72.4242 	EXP 	unnamed TextStim: height = 25.0
72.4242 	EXP 	unnamed TextStim: height = 25.0
72.4242 	EXP 	unnamed TextStim: height = 25.0
72.4242 	EXP 	unnamed TextStim: text = '↓'
73.7083 	DATA 	Keypress: down
73.7136 	EXP 	Created unnamed TextStim = TextStim(__class__=<class 'psychopy.visual.text.TextStim'>, alignHoriz=method-wrapper(...), alignText='center', alignVert=method-wrapper(...), anchorHoriz='center', anchorVert='center', antialias=True, autoDraw=False, autoLog=True, bold=False, color=array([-1, -1, -1]), colorSpace='rgb', contrast=1.0, depth=0, flipHoriz=False, flipVert=False, font='', fontFiles=[], height=50.0, italic=False, languageStyle='LTR', name='unnamed TextStim', opacity=1.0, ori=0.0, pos=array([0., 0.]), rgb=UNKNOWN, text='Poprawnie', units='pix', win=Window(...), wrapWidth=500)
74.7409 	EXP 	unnamed TextStim: height = 25.0
74.7409 	EXP 	unnamed TextStim: height = 25.0
74.7409 	EXP 	unnamed TextStim: height = 25.0
74.7409 	EXP 	unnamed TextStim: text = '→'
76.5780 	DATA 	Keypress: right
76.5800 	EXP 	Created unnamed TextStim = TextStim(__class__=<class 'psychopy.visual.text.TextStim'>, alignHoriz=method-wrapper(...), alignText='center', alignVert=method-wrapper(...), anchorHoriz='center', anchorVert='center', antialias=True, autoDraw=False, autoLog=True, bold=False, color=array([-1, -1, -1]), colorSpace='rgb', contrast=1.0, depth=0, flipHoriz=False, flipVert=False, font='', fontFiles=[], height=50.0, italic=False, languageStyle='LTR', name='unnamed TextStim', opacity=1.0, ori=0.0, pos=array([0., 0.]), rgb=UNKNOWN, text='Poprawnie', units='pix', win=Window(...), wrapWidth=500)
77.5911 	EXP 	unnamed TextStim: text = '→'
79.5122 	DATA 	Keypress: right
79.5146 	EXP 	Created unnamed TextStim = TextStim(__class__=<class 'psychopy.visual.text.TextStim'>, alignHoriz=method-wrapper(...), alignText='center', alignVert=method-wrapper(...), anchorHoriz='center', anchorVert='center', antialias=True, autoDraw=False, autoLog=True, bold=False, color=array([-1, -1, -1]), colorSpace='rgb', contrast=1.0, depth=0, flipHoriz=False, flipVert=False, font='', fontFiles=[], height=50.0, italic=False, languageStyle='LTR', name='unnamed TextStim', opacity=1.0, ori=0.0, pos=array([0., 0.]), rgb=UNKNOWN, text='Poprawnie', units='pix', win=Window(...), wrapWidth=500)
80.5246 	EXP 	unnamed TextStim: height = 25.0
80.5246 	EXP 	unnamed TextStim: height = 25.0
80.5246 	EXP 	unnamed TextStim: height = 25.0
80.5246 	EXP 	unnamed TextStim: text = '↑'
82.3443 	DATA 	Keypress: right
82.3470 	EXP 	Created unnamed TextStim = TextStim(__class__=<class 'psychopy.visual.text.TextStim'>, alignHoriz=method-wrapper(...), alignText='center', alignVert=method-wrapper(...), anchorHoriz='center', anchorVert='center', antialias=True, autoDraw=False, autoLog=True, bold=False, color=array([-1, -1, -1]), colorSpace='rgb', contrast=1.0, depth=0, flipHoriz=False, flipVert=False, font='', fontFiles=[], height=50.0, italic=False, languageStyle='LTR', name='unnamed TextStim', opacity=1.0, ori=0.0, pos=array([0., 0.]), rgb=UNKNOWN, text='Niepoprawnie', units='pix', win=Window(...), wrapWidth=500)
83.3800 	EXP 	Created unnamed TextStim = TextStim(__class__=<class 'psychopy.visual.text.TextStim'>, alignHoriz=method-wrapper(...), alignText='center', alignVert=method-wrapper(...), anchorHoriz='center', anchorVert='center', antialias=True, autoDraw=False, autoLog=True, bold=False, color=array([-1, -1, -1]), colorSpace='rgb', contrast=1.0, depth=0, flipHoriz=False, flipVert=False, font='', fontFiles=[], height=20.0, italic=False, languageStyle='LTR', name='unnamed TextStim', opacity=1.0, ori=0.0, pos=array([0., 0.]), rgb=UNKNOWN, text=str(...), units='pix', win=Window(...), wrapWidth=1536)
97.1824 	DATA 	Keypress: space
97.1914 	EXP 	unnamed TextStim: height = 25.0
97.1914 	EXP 	unnamed TextStim: height = 25.0
97.1914 	EXP 	unnamed TextStim: height = 25.0
97.1914 	EXP 	unnamed TextStim: text = '→'
99.0025 	DATA 	Keypress: left
99.0101 	EXP 	Created unnamed TextStim = TextStim(__class__=<class 'psychopy.visual.text.TextStim'>, alignHoriz=method-wrapper(...), alignText='center', alignVert=method-wrapper(...), anchorHoriz='center', anchorVert='center', antialias=True, autoDraw=False, autoLog=True, bold=False, color=array([-1, -1, -1]), colorSpace='rgb', contrast=1.0, depth=0, flipHoriz=False, flipVert=False, font='', fontFiles=[], height=50.0, italic=False, languageStyle='LTR', name='unnamed TextStim', opacity=1.0, ori=0.0, pos=array([0., 0.]), rgb=UNKNOWN, text='Niepoprawnie', units='pix', win=Window(...), wrapWidth=500)
100.0253 	EXP 	unnamed TextStim: height = 25.0
100.0253 	EXP 	unnamed TextStim: height = 25.0
100.0253 	EXP 	unnamed TextStim: height = 25.0
100.0253 	EXP 	unnamed TextStim: text = '←'
101.5813 	DATA 	Keypress: right
101.5837 	EXP 	Created unnamed TextStim = TextStim(__class__=<class 'psychopy.visual.text.TextStim'>, alignHoriz=method-wrapper(...), alignText='center', alignVert=method-wrapper(...), anchorHoriz='center', anchorVert='center', antialias=True, autoDraw=False, autoLog=True, bold=False, color=array([-1, -1, -1]), colorSpace='rgb', contrast=1.0, depth=0, flipHoriz=False, flipVert=False, font='', fontFiles=[], height=50.0, italic=False, languageStyle='LTR', name='unnamed TextStim', opacity=1.0, ori=0.0, pos=array([0., 0.]), rgb=UNKNOWN, text='Niepoprawnie', units='pix', win=Window(...), wrapWidth=500)
102.5920 	EXP 	unnamed TextStim: height = 25.0
102.5920 	EXP 	unnamed TextStim: height = 25.0
102.5920 	EXP 	unnamed TextStim: height = 25.0
102.5920 	EXP 	unnamed TextStim: text = '→'
103.1466 	DATA 	Mouse: Right button down, pos=(1394,920)
103.1925 	DATA 	Mouse:  Right button up, pos=(1394,920)
104.3443 	DATA 	Keypress: right
104.3471 	EXP 	Created unnamed TextStim = TextStim(__class__=<class 'psychopy.visual.text.TextStim'>, alignHoriz=method-wrapper(...), alignText='center', alignVert=method-wrapper(...), anchorHoriz='center', anchorVert='center', antialias=True, autoDraw=False, autoLog=True, bold=False, color=array([-1, -1, -1]), colorSpace='rgb', contrast=1.0, depth=0, flipHoriz=False, flipVert=False, font='', fontFiles=[], height=50.0, italic=False, languageStyle='LTR', name='unnamed TextStim', opacity=1.0, ori=0.0, pos=array([0., 0.]), rgb=UNKNOWN, text='Poprawnie', units='pix', win=Window(...), wrapWidth=500)
105.3588 	EXP 	unnamed TextStim: height = 25.0
105.3588 	EXP 	unnamed TextStim: height = 25.0
105.3588 	EXP 	unnamed TextStim: height = 25.0
105.3588 	EXP 	unnamed TextStim: text = '←'
106.6458 	DATA 	Keypress: left
106.6478 	EXP 	Created unnamed TextStim = TextStim(__class__=<class 'psychopy.visual.text.TextStim'>, alignHoriz=method-wrapper(...), alignText='center', alignVert=method-wrapper(...), anchorHoriz='center', anchorVert='center', antialias=True, autoDraw=False, autoLog=True, bold=False, color=array([-1, -1, -1]), colorSpace='rgb', contrast=1.0, depth=0, flipHoriz=False, flipVert=False, font='', fontFiles=[], height=50.0, italic=False, languageStyle='LTR', name='unnamed TextStim', opacity=1.0, ori=0.0, pos=array([0., 0.]), rgb=UNKNOWN, text='Poprawnie', units='pix', win=Window(...), wrapWidth=500)
107.6589 	EXP 	unnamed TextStim: text = '←'
109.1878 	DATA 	Keypress: left
109.1905 	EXP 	Created unnamed TextStim = TextStim(__class__=<class 'psychopy.visual.text.TextStim'>, alignHoriz=method-wrapper(...), alignText='center', alignVert=method-wrapper(...), anchorHoriz='center', anchorVert='center', antialias=True, autoDraw=False, autoLog=True, bold=False, color=array([-1, -1, -1]), colorSpace='rgb', contrast=1.0, depth=0, flipHoriz=False, flipVert=False, font='', fontFiles=[], height=50.0, italic=False, languageStyle='LTR', name='unnamed TextStim', opacity=1.0, ori=0.0, pos=array([0., 0.]), rgb=UNKNOWN, text='Poprawnie', units='pix', win=Window(...), wrapWidth=500)
109.9929 	DATA 	Mouse: Left button down, pos=(1394,920)
109.9931 	DATA 	Mouse:  Left button up, pos=(1394,920)
110.2090 	EXP 	unnamed TextStim: height = 25.0
110.2090 	EXP 	unnamed TextStim: height = 25.0
110.2090 	EXP 	unnamed TextStim: height = 25.0
110.2090 	EXP 	unnamed TextStim: text = '→'
111.5550 	DATA 	Keypress: right
111.5569 	EXP 	Created unnamed TextStim = TextStim(__class__=<class 'psychopy.visual.text.TextStim'>, alignHoriz=method-wrapper(...), alignText='center', alignVert=method-wrapper(...), anchorHoriz='center', anchorVert='center', antialias=True, autoDraw=False, autoLog=True, bold=False, color=array([-1, -1, -1]), colorSpace='rgb', contrast=1.0, depth=0, flipHoriz=False, flipVert=False, font='', fontFiles=[], height=50.0, italic=False, languageStyle='LTR', name='unnamed TextStim', opacity=1.0, ori=0.0, pos=array([0., 0.]), rgb=UNKNOWN, text='Poprawnie', units='pix', win=Window(...), wrapWidth=500)
112.5757 	EXP 	unnamed TextStim: height = 25.0
112.5757 	EXP 	unnamed TextStim: height = 25.0
112.5757 	EXP 	unnamed TextStim: height = 25.0
112.5757 	EXP 	unnamed TextStim: text = '←'
113.8098 	DATA 	Keypress: left
113.8146 	EXP 	Created unnamed TextStim = TextStim(__class__=<class 'psychopy.visual.text.TextStim'>, alignHoriz=method-wrapper(...), alignText='center', alignVert=method-wrapper(...), anchorHoriz='center', anchorVert='center', antialias=True, autoDraw=False, autoLog=True, bold=False, color=array([-1, -1, -1]), colorSpace='rgb', contrast=1.0, depth=0, flipHoriz=False, flipVert=False, font='', fontFiles=[], height=50.0, italic=False, languageStyle='LTR', name='unnamed TextStim', opacity=1.0, ori=0.0, pos=array([0., 0.]), rgb=UNKNOWN, text='Poprawnie', units='pix', win=Window(...), wrapWidth=500)
114.8425 	EXP 	unnamed TextStim: height = 25.0
114.8425 	EXP 	unnamed TextStim: height = 25.0
114.8425 	EXP 	unnamed TextStim: height = 25.0
114.8425 	EXP 	unnamed TextStim: text = '↓'
116.2310 	DATA 	Keypress: down
116.2334 	EXP 	Created unnamed TextStim = TextStim(__class__=<class 'psychopy.visual.text.TextStim'>, alignHoriz=method-wrapper(...), alignText='center', alignVert=method-wrapper(...), anchorHoriz='center', anchorVert='center', antialias=True, autoDraw=False, autoLog=True, bold=False, color=array([-1, -1, -1]), colorSpace='rgb', contrast=1.0, depth=0, flipHoriz=False, flipVert=False, font='', fontFiles=[], height=50.0, italic=False, languageStyle='LTR', name='unnamed TextStim', opacity=1.0, ori=0.0, pos=array([0., 0.]), rgb=UNKNOWN, text='Poprawnie', units='pix', win=Window(...), wrapWidth=500)
117.2425 	EXP 	unnamed TextStim: height = 25.0
117.2425 	EXP 	unnamed TextStim: height = 25.0
117.2425 	EXP 	unnamed TextStim: height = 25.0
117.2425 	EXP 	unnamed TextStim: text = '↑'
119.1834 	DATA 	Keypress: up
119.1858 	EXP 	Created unnamed TextStim = TextStim(__class__=<class 'psychopy.visual.text.TextStim'>, alignHoriz=method-wrapper(...), alignText='center', alignVert=method-wrapper(...), anchorHoriz='center', anchorVert='center', antialias=True, autoDraw=False, autoLog=True, bold=False, color=array([-1, -1, -1]), colorSpace='rgb', contrast=1.0, depth=0, flipHoriz=False, flipVert=False, font='', fontFiles=[], height=50.0, italic=False, languageStyle='LTR', name='unnamed TextStim', opacity=1.0, ori=0.0, pos=array([0., 0.]), rgb=UNKNOWN, text='Poprawnie', units='pix', win=Window(...), wrapWidth=500)
120.1926 	EXP 	unnamed TextStim: height = 25.0
120.1926 	EXP 	unnamed TextStim: height = 25.0
120.1926 	EXP 	unnamed TextStim: height = 25.0
120.1926 	EXP 	unnamed TextStim: text = '→'
121.8144 	DATA 	Keypress: down
121.8168 	EXP 	Created unnamed TextStim = TextStim(__class__=<class 'psychopy.visual.text.TextStim'>, alignHoriz=method-wrapper(...), alignText='center', alignVert=method-wrapper(...), anchorHoriz='center', anchorVert='center', antialias=True, autoDraw=False, autoLog=True, bold=False, color=array([-1, -1, -1]), colorSpace='rgb', contrast=1.0, depth=0, flipHoriz=False, flipVert=False, font='', fontFiles=[], height=50.0, italic=False, languageStyle='LTR', name='unnamed TextStim', opacity=1.0, ori=0.0, pos=array([0., 0.]), rgb=UNKNOWN, text='Niepoprawnie', units='pix', win=Window(...), wrapWidth=500)
122.8442 	EXP 	Created unnamed TextStim = TextStim(__class__=<class 'psychopy.visual.text.TextStim'>, alignHoriz=method-wrapper(...), alignText='center', alignVert=method-wrapper(...), anchorHoriz='center', anchorVert='center', antialias=True, autoDraw=False, autoLog=True, bold=False, color=array([-1, -1, -1]), colorSpace='rgb', contrast=1.0, depth=0, flipHoriz=False, flipVert=False, font='', fontFiles=[], height=20.0, italic=False, languageStyle='LTR', name='unnamed TextStim', opacity=1.0, ori=0.0, pos=array([0., 0.]), rgb=UNKNOWN, text=str(...), units='pix', win=Window(...), wrapWidth=1536)
132.4273 	DATA 	Keypress: space
132.4432 	EXP 	unnamed TextStim: text = '→'
133.9822 	DATA 	Keypress: left
133.9868 	EXP 	unnamed TextStim: height = 25.0
133.9868 	EXP 	unnamed TextStim: height = 25.0
133.9868 	EXP 	unnamed TextStim: height = 25.0
133.9868 	EXP 	unnamed TextStim: text = '←'
135.5460 	DATA 	Keypress: down
135.5494 	EXP 	unnamed TextStim: height = 25.0
135.5494 	EXP 	unnamed TextStim: height = 25.0
135.5494 	EXP 	unnamed TextStim: height = 25.0
135.5494 	EXP 	unnamed TextStim: text = '→'
137.1052 	DATA 	Keypress: right
137.1084 	EXP 	unnamed TextStim: height = 25.0
137.1084 	EXP 	unnamed TextStim: height = 25.0
137.1084 	EXP 	unnamed TextStim: height = 25.0
137.1084 	EXP 	unnamed TextStim: text = '↓'
138.8851 	DATA 	Keypress: up
138.8864 	EXP 	unnamed TextStim: text = '↓'
140.3917 	DATA 	Keypress: right
140.3944 	EXP 	unnamed TextStim: height = 25.0
140.3944 	EXP 	unnamed TextStim: height = 25.0
140.3944 	EXP 	unnamed TextStim: height = 25.0
140.3944 	EXP 	unnamed TextStim: text = '←'
141.8263 	DATA 	Keypress: left
141.9738 	EXP 	Created unnamed ImageStim = ImageStim(__class__=<class 'psychopy.visual.image.ImageStim'>, anchor=('center', 'center'), autoLog=True, color=array([1., 1., 1.]), colorSpace='rgb', contrast=1.0, depth=0, flipHoriz=False, flipVert=False, image='break.jpg', interpolate=True, mask=None, maskParams=None, name='unnamed ImageStim', opacity=1.0, ori=0.0, pos=array([0., 0.]), size=array([1536.,  864.]), texRes=128, units='pix', win=Window(...))
145.5798 	DATA 	Keypress: space
145.5935 	EXP 	unnamed TextStim: height = 25.0
145.5935 	EXP 	unnamed TextStim: height = 25.0
145.5935 	EXP 	unnamed TextStim: height = 25.0
145.5935 	EXP 	unnamed TextStim: text = '↓'
147.2049 	DATA 	Keypress: right
147.2071 	EXP 	unnamed TextStim: height = 25.0
147.2071 	EXP 	unnamed TextStim: height = 25.0
147.2071 	EXP 	unnamed TextStim: height = 25.0
147.2071 	EXP 	unnamed TextStim: text = '→'
148.8621 	DATA 	Keypress: up
148.8632 	EXP 	unnamed TextStim: text = '→'
150.5548 	DATA 	Keypress: left
150.5576 	EXP 	unnamed TextStim: height = 25.0
150.5576 	EXP 	unnamed TextStim: height = 25.0
150.5576 	EXP 	unnamed TextStim: height = 25.0
150.5576 	EXP 	unnamed TextStim: text = '↑'
152.0431 	DATA 	Keypress: up
152.0442 	EXP 	unnamed TextStim: text = '↑'
153.3485 	DATA 	Keypress: right
153.3506 	EXP 	unnamed TextStim: height = 25.0
153.3506 	EXP 	unnamed TextStim: height = 25.0
153.3506 	EXP 	unnamed TextStim: height = 25.0
153.3506 	EXP 	unnamed TextStim: text = '←'
154.7072 	DATA 	Keypress: up
154.8180 	EXP 	Created unnamed ImageStim = ImageStim(__class__=<class 'psychopy.visual.image.ImageStim'>, anchor=('center', 'center'), autoLog=True, color=array([1., 1., 1.]), colorSpace='rgb', contrast=1.0, depth=0, flipHoriz=False, flipVert=False, image='break.jpg', interpolate=True, mask=None, maskParams=None, name='unnamed ImageStim', opacity=1.0, ori=0.0, pos=array([0., 0.]), size=array([1536.,  864.]), texRes=128, units='pix', win=Window(...))
157.6730 	DATA 	Keypress: space
157.6788 	EXP 	unnamed TextStim: height = 25.0
157.6788 	EXP 	unnamed TextStim: height = 25.0
157.6788 	EXP 	unnamed TextStim: height = 25.0
157.6788 	EXP 	unnamed TextStim: text = '→'
159.2824 	DATA 	Keypress: right
159.2845 	EXP 	unnamed TextStim: height = 25.0
159.2845 	EXP 	unnamed TextStim: height = 25.0
159.2845 	EXP 	unnamed TextStim: height = 25.0
159.2845 	EXP 	unnamed TextStim: text = '←'
161.0373 	DATA 	Keypress: left
161.0395 	EXP 	unnamed TextStim: height = 25.0
161.0395 	EXP 	unnamed TextStim: height = 25.0
161.0395 	EXP 	unnamed TextStim: height = 25.0
161.0395 	EXP 	unnamed TextStim: text = '→'
162.7084 	DATA 	Keypress: up
162.7108 	EXP 	unnamed TextStim: height = 25.0
162.7108 	EXP 	unnamed TextStim: height = 25.0
162.7108 	EXP 	unnamed TextStim: height = 25.0
162.7108 	EXP 	unnamed TextStim: text = '↑'
164.3328 	DATA 	Keypress: left
164.3350 	EXP 	unnamed TextStim: height = 25.0
164.3350 	EXP 	unnamed TextStim: height = 25.0
164.3350 	EXP 	unnamed TextStim: height = 25.0
164.3350 	EXP 	unnamed TextStim: text = '↓'
165.9920 	DATA 	Keypress: left
165.9941 	EXP 	unnamed TextStim: height = 25.0
165.9941 	EXP 	unnamed TextStim: height = 25.0
165.9941 	EXP 	unnamed TextStim: height = 25.0
165.9941 	EXP 	unnamed TextStim: text = '→'
167.0783 	DATA 	Keypress: right
167.1865 	EXP 	Created unnamed ImageStim = ImageStim(__class__=<class 'psychopy.visual.image.ImageStim'>, anchor=('center', 'center'), autoLog=True, color=array([1., 1., 1.]), colorSpace='rgb', contrast=1.0, depth=0, flipHoriz=False, flipVert=False, image='break.jpg', interpolate=True, mask=None, maskParams=None, name='unnamed ImageStim', opacity=1.0, ori=0.0, pos=array([0., 0.]), size=array([1536.,  864.]), texRes=128, units='pix', win=Window(...))
169.7080 	DATA 	Keypress: space
169.7109 	EXP 	unnamed TextStim: text = '→'
171.3945 	DATA 	Keypress: right
171.3966 	EXP 	unnamed TextStim: height = 25.0
171.3966 	EXP 	unnamed TextStim: height = 25.0
171.3966 	EXP 	unnamed TextStim: height = 25.0
171.3966 	EXP 	unnamed TextStim: text = '←'
173.2388 	DATA 	Keypress: up
173.2410 	EXP 	unnamed TextStim: height = 25.0
173.2410 	EXP 	unnamed TextStim: height = 25.0
173.2410 	EXP 	unnamed TextStim: height = 25.0
173.2410 	EXP 	unnamed TextStim: text = '↓'
174.7472 	DATA 	Keypress: down
174.7493 	EXP 	unnamed TextStim: height = 25.0
174.7493 	EXP 	unnamed TextStim: height = 25.0
174.7493 	EXP 	unnamed TextStim: height = 25.0
174.7493 	EXP 	unnamed TextStim: text = '↑'
176.3360 	DATA 	Keypress: right
176.3399 	EXP 	unnamed TextStim: height = 25.0
176.3399 	EXP 	unnamed TextStim: height = 25.0
176.3399 	EXP 	unnamed TextStim: height = 25.0
176.3399 	EXP 	unnamed TextStim: text = '↓'
177.8786 	DATA 	Keypress: up
177.8808 	EXP 	unnamed TextStim: height = 25.0
177.8808 	EXP 	unnamed TextStim: height = 25.0
177.8808 	EXP 	unnamed TextStim: height = 25.0
177.8808 	EXP 	unnamed TextStim: text = '↑'
179.3484 	DATA 	Keypress: down
179.4674 	EXP 	Created unnamed ImageStim = ImageStim(__class__=<class 'psychopy.visual.image.ImageStim'>, anchor=('center', 'center'), autoLog=True, color=array([1., 1., 1.]), colorSpace='rgb', contrast=1.0, depth=0, flipHoriz=False, flipVert=False, image='break.jpg', interpolate=True, mask=None, maskParams=None, name='unnamed ImageStim', opacity=1.0, ori=0.0, pos=array([0., 0.]), size=array([1536.,  864.]), texRes=128, units='pix', win=Window(...))
181.7579 	DATA 	Keypress: space
181.7616 	EXP 	unnamed TextStim: text = '↑'
184.1650 	DATA 	Keypress: right
184.1672 	EXP 	unnamed TextStim: height = 25.0
184.1672 	EXP 	unnamed TextStim: height = 25.0
184.1672 	EXP 	unnamed TextStim: height = 25.0
184.1672 	EXP 	unnamed TextStim: text = '→'
185.5791 	DATA 	Keypress: right
185.5811 	EXP 	unnamed TextStim: height = 25.0
185.5811 	EXP 	unnamed TextStim: height = 25.0
185.5811 	EXP 	unnamed TextStim: height = 25.0
185.5811 	EXP 	unnamed TextStim: text = '←'
186.8848 	DATA 	Keypress: left
186.8868 	EXP 	unnamed TextStim: height = 25.0
186.8868 	EXP 	unnamed TextStim: height = 25.0
186.8868 	EXP 	unnamed TextStim: height = 25.0
186.8868 	EXP 	unnamed TextStim: text = '↓'
188.4956 	DATA 	Keypress: right
188.4967 	EXP 	unnamed TextStim: text = '↓'
190.8627 	DATA 	Keypress: right
190.8648 	EXP 	unnamed TextStim: height = 25.0
190.8648 	EXP 	unnamed TextStim: height = 25.0
190.8648 	EXP 	unnamed TextStim: height = 25.0
190.8648 	EXP 	unnamed TextStim: text = '←'
192.3259 	DATA 	Keypress: right
192.4614 	EXP 	Created unnamed ImageStim = ImageStim(__class__=<class 'psychopy.visual.image.ImageStim'>, anchor=('center', 'center'), autoLog=True, color=array([1., 1., 1.]), colorSpace='rgb', contrast=1.0, depth=0, flipHoriz=False, flipVert=False, image='break.jpg', interpolate=True, mask=None, maskParams=None, name='unnamed ImageStim', opacity=1.0, ori=0.0, pos=array([0., 0.]), size=array([1536.,  864.]), texRes=128, units='pix', win=Window(...))
194.0463 	DATA 	Keypress: space
194.0621 	EXP 	unnamed TextStim: height = 25.0
194.0621 	EXP 	unnamed TextStim: height = 25.0
194.0621 	EXP 	unnamed TextStim: height = 25.0
194.0621 	EXP 	unnamed TextStim: text = '→'
195.5951 	DATA 	Keypress: left
195.5974 	EXP 	unnamed TextStim: height = 25.0
195.5974 	EXP 	unnamed TextStim: height = 25.0
195.5974 	EXP 	unnamed TextStim: height = 25.0
195.5974 	EXP 	unnamed TextStim: text = '↓'
197.0622 	DATA 	Keypress: right
197.0663 	EXP 	unnamed TextStim: height = 25.0
197.0663 	EXP 	unnamed TextStim: height = 25.0
197.0663 	EXP 	unnamed TextStim: height = 25.0
197.0663 	EXP 	unnamed TextStim: text = '↑'
198.3637 	DATA 	Keypress: left
199.8791 	DATA 	No keypress (maxWait exceeded)
199.8803 	EXP 	unnamed TextStim: text = '↑'
200.4295 	DATA 	Keypress: right
201.5764 	DATA 	Keypress: right
201.5775 	EXP 	unnamed TextStim: text = '↑'
203.0563 	DATA 	Keypress: left
203.0587 	EXP 	unnamed TextStim: height = 25.0
203.0587 	EXP 	unnamed TextStim: height = 25.0
203.0587 	EXP 	unnamed TextStim: height = 25.0
203.0587 	EXP 	unnamed TextStim: text = '↓'
204.6169 	DATA 	Keypress: down
204.7549 	EXP 	Created unnamed ImageStim = ImageStim(__class__=<class 'psychopy.visual.image.ImageStim'>, anchor=('center', 'center'), autoLog=True, color=array([1., 1., 1.]), colorSpace='rgb', contrast=1.0, depth=0, flipHoriz=False, flipVert=False, image='break.jpg', interpolate=True, mask=None, maskParams=None, name='unnamed ImageStim', opacity=1.0, ori=0.0, pos=array([0., 0.]), size=array([1536.,  864.]), texRes=128, units='pix', win=Window(...))
206.7804 	DATA 	Keypress: space
206.7958 	EXP 	unnamed TextStim: height = 25.0
206.7958 	EXP 	unnamed TextStim: height = 25.0
206.7958 	EXP 	unnamed TextStim: height = 25.0
206.7958 	EXP 	unnamed TextStim: text = '←'
208.3766 	DATA 	Keypress: right
208.3787 	EXP 	unnamed TextStim: height = 25.0
208.3787 	EXP 	unnamed TextStim: height = 25.0
208.3787 	EXP 	unnamed TextStim: height = 25.0
208.3787 	EXP 	unnamed TextStim: text = '→'
209.6300 	DATA 	Keypress: left
209.6459 	EXP 	unnamed TextStim: height = 25.0
209.6459 	EXP 	unnamed TextStim: height = 25.0
209.6459 	EXP 	unnamed TextStim: height = 25.0
209.6459 	EXP 	unnamed TextStim: text = '↓'
210.9846 	DATA 	Keypress: down
210.9867 	EXP 	unnamed TextStim: height = 25.0
210.9867 	EXP 	unnamed TextStim: height = 25.0
210.9867 	EXP 	unnamed TextStim: height = 25.0
210.9867 	EXP 	unnamed TextStim: text = '←'
212.3948 	DATA 	Keypress: left
212.3976 	EXP 	unnamed TextStim: height = 25.0
212.3976 	EXP 	unnamed TextStim: height = 25.0
212.3976 	EXP 	unnamed TextStim: height = 25.0
212.3976 	EXP 	unnamed TextStim: text = '↓'
213.9484 	DATA 	Keypress: right
213.9505 	EXP 	unnamed TextStim: height = 25.0
213.9505 	EXP 	unnamed TextStim: height = 25.0
213.9505 	EXP 	unnamed TextStim: height = 25.0
213.9505 	EXP 	unnamed TextStim: text = '↑'
215.4921 	DATA 	Keypress: up
215.5989 	EXP 	Created unnamed ImageStim = ImageStim(__class__=<class 'psychopy.visual.image.ImageStim'>, anchor=('center', 'center'), autoLog=True, color=array([1., 1., 1.]), colorSpace='rgb', contrast=1.0, depth=0, flipHoriz=False, flipVert=False, image='break.jpg', interpolate=True, mask=None, maskParams=None, name='unnamed ImageStim', opacity=1.0, ori=0.0, pos=array([0., 0.]), size=array([1536.,  864.]), texRes=128, units='pix', win=Window(...))
217.6820 	DATA 	Keypress: space
217.6961 	EXP 	unnamed TextStim: height = 25.0
217.6961 	EXP 	unnamed TextStim: height = 25.0
217.6961 	EXP 	unnamed TextStim: height = 25.0
217.6961 	EXP 	unnamed TextStim: text = '↓'
219.4903 	DATA 	Keypress: up
219.4924 	EXP 	unnamed TextStim: height = 25.0
219.4924 	EXP 	unnamed TextStim: height = 25.0
219.4924 	EXP 	unnamed TextStim: height = 25.0
219.4924 	EXP 	unnamed TextStim: text = '↑'
220.8263 	DATA 	Keypress: left
220.8273 	EXP 	unnamed TextStim: text = '↑'
222.1666 	DATA 	Keypress: up
222.1686 	EXP 	unnamed TextStim: height = 25.0
222.1686 	EXP 	unnamed TextStim: height = 25.0
222.1686 	EXP 	unnamed TextStim: height = 25.0
222.1686 	EXP 	unnamed TextStim: text = '→'
223.3637 	DATA 	Keypress: left
223.3799 	EXP 	unnamed TextStim: text = '→'
223.4477 	DATA 	Keypress: right
225.0320 	DATA 	Keypress: right
225.0332 	EXP 	unnamed TextStim: text = '→'
227.4412 	DATA 	Keypress: left
227.5465 	EXP 	Created unnamed ImageStim = ImageStim(__class__=<class 'psychopy.visual.image.ImageStim'>, anchor=('center', 'center'), autoLog=True, color=array([1., 1., 1.]), colorSpace='rgb', contrast=1.0, depth=0, flipHoriz=False, flipVert=False, image='break.jpg', interpolate=True, mask=None, maskParams=None, name='unnamed ImageStim', opacity=1.0, ori=0.0, pos=array([0., 0.]), size=array([1536.,  864.]), texRes=128, units='pix', win=Window(...))
228.8976 	DATA 	Keypress: space
228.9133 	EXP 	unnamed TextStim: height = 25.0
228.9133 	EXP 	unnamed TextStim: height = 25.0
228.9133 	EXP 	unnamed TextStim: height = 25.0
228.9133 	EXP 	unnamed TextStim: text = '↓'
230.4493 	DATA 	Keypress: right
230.4514 	EXP 	unnamed TextStim: height = 25.0
230.4514 	EXP 	unnamed TextStim: height = 25.0
230.4514 	EXP 	unnamed TextStim: height = 25.0
230.4514 	EXP 	unnamed TextStim: text = '←'
232.2421 	DATA 	Keypress: right
232.2442 	EXP 	unnamed TextStim: height = 25.0
232.2442 	EXP 	unnamed TextStim: height = 25.0
232.2442 	EXP 	unnamed TextStim: height = 25.0
232.2442 	EXP 	unnamed TextStim: text = '↑'
233.6338 	DATA 	Keypress: up
233.6361 	EXP 	unnamed TextStim: height = 25.0
233.6361 	EXP 	unnamed TextStim: height = 25.0
233.6361 	EXP 	unnamed TextStim: height = 25.0
233.6361 	EXP 	unnamed TextStim: text = '→'
234.9141 	DATA 	Keypress: right
234.9303 	EXP 	unnamed TextStim: text = '→'
236.3841 	DATA 	Keypress: right
236.3862 	EXP 	unnamed TextStim: height = 25.0
236.3862 	EXP 	unnamed TextStim: height = 25.0
236.3862 	EXP 	unnamed TextStim: height = 25.0
236.3862 	EXP 	unnamed TextStim: text = '↓'
238.1026 	DATA 	Keypress: down
238.2090 	EXP 	Created unnamed ImageStim = ImageStim(__class__=<class 'psychopy.visual.image.ImageStim'>, anchor=('center', 'center'), autoLog=True, color=array([1., 1., 1.]), colorSpace='rgb', contrast=1.0, depth=0, flipHoriz=False, flipVert=False, image='break.jpg', interpolate=True, mask=None, maskParams=None, name='unnamed ImageStim', opacity=1.0, ori=0.0, pos=array([0., 0.]), size=array([1536.,  864.]), texRes=128, units='pix', win=Window(...))
239.7673 	DATA 	Keypress: space
239.7801 	EXP 	unnamed TextStim: height = 25.0
239.7801 	EXP 	unnamed TextStim: height = 25.0
239.7801 	EXP 	unnamed TextStim: height = 25.0
239.7801 	EXP 	unnamed TextStim: text = '←'
241.2777 	DATA 	Keypress: right
241.2798 	EXP 	unnamed TextStim: height = 25.0
241.2798 	EXP 	unnamed TextStim: height = 25.0
241.2798 	EXP 	unnamed TextStim: height = 25.0
241.2798 	EXP 	unnamed TextStim: text = '→'
242.7784 	DATA 	Keypress: right
242.7806 	EXP 	unnamed TextStim: height = 25.0
242.7806 	EXP 	unnamed TextStim: height = 25.0
242.7806 	EXP 	unnamed TextStim: height = 25.0
242.7806 	EXP 	unnamed TextStim: text = '↓'
244.1486 	DATA 	Keypress: down
244.1509 	EXP 	unnamed TextStim: height = 25.0
244.1509 	EXP 	unnamed TextStim: height = 25.0
244.1509 	EXP 	unnamed TextStim: height = 25.0
244.1509 	EXP 	unnamed TextStim: text = '←'
245.8038 	DATA 	Keypress: left
245.8050 	EXP 	unnamed TextStim: text = '←'
247.3167 	DATA 	Keypress: right
247.3190 	EXP 	unnamed TextStim: height = 25.0
247.3190 	EXP 	unnamed TextStim: height = 25.0
247.3190 	EXP 	unnamed TextStim: height = 25.0
247.3190 	EXP 	unnamed TextStim: text = '↓'
249.0143 	DATA 	Keypress: up
249.1278 	EXP 	Created unnamed ImageStim = ImageStim(__class__=<class 'psychopy.visual.image.ImageStim'>, anchor=('center', 'center'), autoLog=True, color=array([1., 1., 1.]), colorSpace='rgb', contrast=1.0, depth=0, flipHoriz=False, flipVert=False, image='break.jpg', interpolate=True, mask=None, maskParams=None, name='unnamed ImageStim', opacity=1.0, ori=0.0, pos=array([0., 0.]), size=array([1536.,  864.]), texRes=128, units='pix', win=Window(...))
250.7712 	DATA 	Keypress: space
250.7808 	EXP 	unnamed TextStim: height = 25.0
250.7808 	EXP 	unnamed TextStim: height = 25.0
250.7808 	EXP 	unnamed TextStim: height = 25.0
250.7808 	EXP 	unnamed TextStim: text = '←'
252.4782 	DATA 	Keypress: right
252.4802 	EXP 	unnamed TextStim: height = 25.0
252.4802 	EXP 	unnamed TextStim: height = 25.0
252.4802 	EXP 	unnamed TextStim: height = 25.0
252.4802 	EXP 	unnamed TextStim: text = '→'
253.8211 	DATA 	Keypress: left
253.8238 	EXP 	unnamed TextStim: height = 25.0
253.8238 	EXP 	unnamed TextStim: height = 25.0
253.8238 	EXP 	unnamed TextStim: height = 25.0
253.8238 	EXP 	unnamed TextStim: text = '↓'
255.2514 	DATA 	Keypress: down
255.2534 	EXP 	unnamed TextStim: height = 25.0
255.2534 	EXP 	unnamed TextStim: height = 25.0
255.2534 	EXP 	unnamed TextStim: height = 25.0
255.2534 	EXP 	unnamed TextStim: text = '↑'
256.4482 	DATA 	Keypress: left
256.4641 	EXP 	unnamed TextStim: height = 25.0
256.4641 	EXP 	unnamed TextStim: height = 25.0
256.4641 	EXP 	unnamed TextStim: height = 25.0
256.4641 	EXP 	unnamed TextStim: text = '←'
257.8103 	DATA 	Keypress: right
257.8113 	EXP 	unnamed TextStim: text = '←'
258.9654 	DATA 	Keypress: left
259.1002 	EXP 	Created unnamed ImageStim = ImageStim(__class__=<class 'psychopy.visual.image.ImageStim'>, anchor=('center', 'center'), autoLog=True, color=array([1., 1., 1.]), colorSpace='rgb', contrast=1.0, depth=0, flipHoriz=False, flipVert=False, image='break.jpg', interpolate=True, mask=None, maskParams=None, name='unnamed ImageStim', opacity=1.0, ori=0.0, pos=array([0., 0.]), size=array([1536.,  864.]), texRes=128, units='pix', win=Window(...))
260.5595 	DATA 	Keypress: space
260.5796 	EXP 	Created unnamed TextStim = TextStim(__class__=<class 'psychopy.visual.text.TextStim'>, alignHoriz=method-wrapper(...), alignText='center', alignVert=method-wrapper(...), anchorHoriz='center', anchorVert='center', antialias=True, autoDraw=False, autoLog=True, bold=False, color=array([-1, -1, -1]), colorSpace='rgb', contrast=1.0, depth=0, flipHoriz=False, flipVert=False, font='', fontFiles=[], height=20.0, italic=False, languageStyle='LTR', name='unnamed TextStim', opacity=1.0, ori=0.0, pos=array([0., 0.]), rgb=UNKNOWN, text=str(...), units='pix', win=Window(...), wrapWidth=1536)
268.6581 	DATA 	Keypress: space
268.7408 	EXP 	window1: mouseVisible = True
