16.7154 	WARNING 	User requested fullscreen with size [1536  864], but screen is actually [1920, 1080]. Using actual size
18.2093 	INFO 	FRAME RATE: 60
18.2093 	INFO 	SCREEN RES: odict_values([1536, 864])
18.2685 	EXP 	Created unnamed TextStim = TextStim(__class__=<class 'psychopy.visual.text.TextStim'>, alignHoriz=method-wrapper(...), alignText='center', alignVert=method-wrapper(...), anchorHoriz='center', anchorVert='center', antialias=True, autoDraw=False, autoLog=True, bold=False, color=array([-1, -1, -1]), colorSpace='rgb', contrast=1.0, depth=0, flipHoriz=False, flipVert=False, font='', fontFiles=[], height=100.0, italic=False, languageStyle='LTR', name='unnamed TextStim', opacity=1.0, ori=0.0, pos=array([0., 0.]), rgb=UNKNOWN, text='+', units='pix', win=Window(...), wrapWidth=500)
18.2725 	EXP 	Created unnamed Circle = Circle(__class__=<class 'psychopy.visual.circle.Circle'>, anchor=('center', 'center'), autoDraw=False, autoLog=True, closeShape=True, color=method-wrapper(...), colorSpace='rgb', contrast=None, depth=0, fillColor=array([ 0.09019608, -1.        , -1.        ]), fillColorSpace='rgb', fillRGB=array([ 0.09019608, -1.        , -1.        ]), interpolate=True, lineColor=array([ 0.09019608, -1.        , -1.        ]), lineColorSpace='rgb', lineRGB=array([ 0.09019608, -1.        , -1.        ]), lineWidth=1.5, name='unnamed Circle', opacity=1.0, ori=0.0, pos=array([0., 0.]), size=array([1., 1.]), units='pix', vertices=ndarray(...), win=Window(...))
18.2736 	EXP 	Created unnamed TextStim = TextStim(__class__=<class 'psychopy.visual.text.TextStim'>, alignHoriz=method-wrapper(...), alignText='center', alignVert=method-wrapper(...), anchorHoriz='center', anchorVert='center', antialias=True, autoDraw=False, autoLog=True, bold=False, color=array([-0.17647059, -0.17647059, -0.17647059]), colorSpace='rgb', contrast=1.0, depth=0, flipHoriz=False, flipVert=False, font='', fontFiles=[], height=25, italic=False, languageStyle='LTR', name='unnamed TextStim', opacity=1.0, ori=0.0, pos=array([0., 0.]), rgb=UNKNOWN, text='', units='pix', win=Window(...), wrapWidth=500)
18.2808 	EXP 	Created unnamed ImageStim = ImageStim(__class__=<class 'psychopy.visual.image.ImageStim'>, anchor=('center', 'center'), autoLog=True, color=array([1., 1., 1.]), colorSpace='rgb', contrast=1.0, depth=0, flipHoriz=False, flipVert=False, image='mask4.png', interpolate=False, mask=None, maskParams=None, name='unnamed ImageStim', opacity=1.0, ori=0.0, pos=array([0., 0.]), size=array([25., 25.]), texRes=128, units='pix', win=Window(...))
18.2882 	EXP 	Created unnamed TextStim = TextStim(__class__=<class 'psychopy.visual.text.TextStim'>, alignHoriz=method-wrapper(...), alignText='center', alignVert=method-wrapper(...), anchorHoriz='center', anchorVert='center', antialias=True, autoDraw=False, autoLog=True, bold=False, color=array([-1, -1, -1]), colorSpace='rgb', contrast=1.0, depth=0, flipHoriz=False, flipVert=False, font='', fontFiles=[], height=30.0, italic=False, languageStyle='LTR', name='unnamed TextStim', opacity=1.0, ori=0.0, pos=array([ 100., -300.]), rgb=UNKNOWN, text=str(...), units='pix', win=Window(...), wrapWidth=10000)
18.2987 	EXP 	Created unnamed TextStim = TextStim(__class__=<class 'psychopy.visual.text.TextStim'>, alignHoriz=method-wrapper(...), alignText='center', alignVert=method-wrapper(...), anchorHoriz='center', anchorVert='center', antialias=True, autoDraw=False, autoLog=True, bold=False, color=array([-1, -1, -1]), colorSpace='rgb', contrast=1.0, depth=0, flipHoriz=False, flipVert=False, font='', fontFiles=[], height=30.0, italic=False, languageStyle='LTR', name='unnamed TextStim', opacity=1.0, ori=0.0, pos=array([ 100., -330.]), rgb=UNKNOWN, text=str(...), units='pix', win=Window(...), wrapWidth=10000)
18.3343 	EXP 	Created unnamed TextStim = TextStim(__class__=<class 'psychopy.visual.text.TextStim'>, alignHoriz=method-wrapper(...), alignText='center', alignVert=method-wrapper(...), anchorHoriz='center', anchorVert='center', antialias=True, autoDraw=False, autoLog=True, bold=False, color=array([-1, -1, -1]), colorSpace='rgb', contrast=1.0, depth=0, flipHoriz=False, flipVert=False, font='', fontFiles=[], height=20.0, italic=False, languageStyle='LTR', name='unnamed TextStim', opacity=1.0, ori=0.0, pos=array([0., 0.]), rgb=UNKNOWN, text=str(...), units='pix', win=Window(...), wrapWidth=1536)
60.8825 	DATA 	Keypress: space
60.8927 	EXP 	unnamed TextStim: height = 25.0
60.8927 	EXP 	unnamed TextStim: height = 25.0
60.8927 	EXP 	unnamed TextStim: height = 25.0
60.8927 	EXP 	unnamed TextStim: text = '↓'
63.8600 	DATA 	No keypress (maxWait exceeded)
63.8681 	EXP 	Created unnamed TextStim = TextStim(__class__=<class 'psychopy.visual.text.TextStim'>, alignHoriz=method-wrapper(...), alignText='center', alignVert=method-wrapper(...), anchorHoriz='center', anchorVert='center', antialias=True, autoDraw=False, autoLog=True, bold=False, color=array([-1, -1, -1]), colorSpace='rgb', contrast=1.0, depth=0, flipHoriz=False, flipVert=False, font='', fontFiles=[], height=50.0, italic=False, languageStyle='LTR', name='unnamed TextStim', opacity=1.0, ori=0.0, pos=array([0., 0.]), rgb=UNKNOWN, text='Niepoprawnie', units='pix', win=Window(...), wrapWidth=500)
64.8764 	EXP 	unnamed TextStim: height = 25.0
64.8764 	EXP 	unnamed TextStim: height = 25.0
64.8764 	EXP 	unnamed TextStim: height = 25.0
64.8764 	EXP 	unnamed TextStim: text = '↑'
67.8435 	DATA 	No keypress (maxWait exceeded)
67.8458 	EXP 	Created unnamed TextStim = TextStim(__class__=<class 'psychopy.visual.text.TextStim'>, alignHoriz=method-wrapper(...), alignText='center', alignVert=method-wrapper(...), anchorHoriz='center', anchorVert='center', antialias=True, autoDraw=False, autoLog=True, bold=False, color=array([-1, -1, -1]), colorSpace='rgb', contrast=1.0, depth=0, flipHoriz=False, flipVert=False, font='', fontFiles=[], height=50.0, italic=False, languageStyle='LTR', name='unnamed TextStim', opacity=1.0, ori=0.0, pos=array([0., 0.]), rgb=UNKNOWN, text='Niepoprawnie', units='pix', win=Window(...), wrapWidth=500)
68.8600 	EXP 	unnamed TextStim: height = 25.0
68.8600 	EXP 	unnamed TextStim: height = 25.0
68.8600 	EXP 	unnamed TextStim: height = 25.0
68.8600 	EXP 	unnamed TextStim: text = '↓'
71.8269 	DATA 	No keypress (maxWait exceeded)
71.8291 	EXP 	Created unnamed TextStim = TextStim(__class__=<class 'psychopy.visual.text.TextStim'>, alignHoriz=method-wrapper(...), alignText='center', alignVert=method-wrapper(...), anchorHoriz='center', anchorVert='center', antialias=True, autoDraw=False, autoLog=True, bold=False, color=array([-1, -1, -1]), colorSpace='rgb', contrast=1.0, depth=0, flipHoriz=False, flipVert=False, font='', fontFiles=[], height=50.0, italic=False, languageStyle='LTR', name='unnamed TextStim', opacity=1.0, ori=0.0, pos=array([0., 0.]), rgb=UNKNOWN, text='Niepoprawnie', units='pix', win=Window(...), wrapWidth=500)
72.8434 	EXP 	unnamed TextStim: height = 25.0
72.8434 	EXP 	unnamed TextStim: height = 25.0
72.8434 	EXP 	unnamed TextStim: height = 25.0
72.8434 	EXP 	unnamed TextStim: text = '←'
74.6096 	DATA 	Keypress: left
74.6129 	EXP 	Created unnamed TextStim = TextStim(__class__=<class 'psychopy.visual.text.TextStim'>, alignHoriz=method-wrapper(...), alignText='center', alignVert=method-wrapper(...), anchorHoriz='center', anchorVert='center', antialias=True, autoDraw=False, autoLog=True, bold=False, color=array([-1, -1, -1]), colorSpace='rgb', contrast=1.0, depth=0, flipHoriz=False, flipVert=False, font='', fontFiles=[], height=50.0, italic=False, languageStyle='LTR', name='unnamed TextStim', opacity=1.0, ori=0.0, pos=array([0., 0.]), rgb=UNKNOWN, text='Poprawnie', units='pix', win=Window(...), wrapWidth=500)
75.6269 	EXP 	unnamed TextStim: height = 25.0
75.6269 	EXP 	unnamed TextStim: height = 25.0
75.6269 	EXP 	unnamed TextStim: height = 25.0
75.6269 	EXP 	unnamed TextStim: text = '↑'
77.0610 	DATA 	Keypress: up
77.0661 	EXP 	Created unnamed TextStim = TextStim(__class__=<class 'psychopy.visual.text.TextStim'>, alignHoriz=method-wrapper(...), alignText='center', alignVert=method-wrapper(...), anchorHoriz='center', anchorVert='center', antialias=True, autoDraw=False, autoLog=True, bold=False, color=array([-1, -1, -1]), colorSpace='rgb', contrast=1.0, depth=0, flipHoriz=False, flipVert=False, font='', fontFiles=[], height=50.0, italic=False, languageStyle='LTR', name='unnamed TextStim', opacity=1.0, ori=0.0, pos=array([0., 0.]), rgb=UNKNOWN, text='Poprawnie', units='pix', win=Window(...), wrapWidth=500)
78.0937 	EXP 	unnamed TextStim: height = 25.0
78.0937 	EXP 	unnamed TextStim: height = 25.0
78.0937 	EXP 	unnamed TextStim: height = 25.0
78.0937 	EXP 	unnamed TextStim: text = '↓'
79.7371 	DATA 	Keypress: down
79.7396 	EXP 	Created unnamed TextStim = TextStim(__class__=<class 'psychopy.visual.text.TextStim'>, alignHoriz=method-wrapper(...), alignText='center', alignVert=method-wrapper(...), anchorHoriz='center', anchorVert='center', antialias=True, autoDraw=False, autoLog=True, bold=False, color=array([-1, -1, -1]), colorSpace='rgb', contrast=1.0, depth=0, flipHoriz=False, flipVert=False, font='', fontFiles=[], height=50.0, italic=False, languageStyle='LTR', name='unnamed TextStim', opacity=1.0, ori=0.0, pos=array([0., 0.]), rgb=UNKNOWN, text='Poprawnie', units='pix', win=Window(...), wrapWidth=500)
80.7445 	EXP 	unnamed TextStim: height = 25.0
80.7445 	EXP 	unnamed TextStim: height = 25.0
80.7445 	EXP 	unnamed TextStim: height = 25.0
80.7445 	EXP 	unnamed TextStim: text = '→'
82.2704 	DATA 	Keypress: right
82.2728 	EXP 	Created unnamed TextStim = TextStim(__class__=<class 'psychopy.visual.text.TextStim'>, alignHoriz=method-wrapper(...), alignText='center', alignVert=method-wrapper(...), anchorHoriz='center', anchorVert='center', antialias=True, autoDraw=False, autoLog=True, bold=False, color=array([-1, -1, -1]), colorSpace='rgb', contrast=1.0, depth=0, flipHoriz=False, flipVert=False, font='', fontFiles=[], height=50.0, italic=False, languageStyle='LTR', name='unnamed TextStim', opacity=1.0, ori=0.0, pos=array([0., 0.]), rgb=UNKNOWN, text='Poprawnie', units='pix', win=Window(...), wrapWidth=500)
83.2769 	EXP 	unnamed TextStim: height = 25.0
83.2769 	EXP 	unnamed TextStim: height = 25.0
83.2769 	EXP 	unnamed TextStim: height = 25.0
83.2769 	EXP 	unnamed TextStim: text = '←'
84.7478 	DATA 	Keypress: left
84.7534 	EXP 	Created unnamed TextStim = TextStim(__class__=<class 'psychopy.visual.text.TextStim'>, alignHoriz=method-wrapper(...), alignText='center', alignVert=method-wrapper(...), anchorHoriz='center', anchorVert='center', antialias=True, autoDraw=False, autoLog=True, bold=False, color=array([-1, -1, -1]), colorSpace='rgb', contrast=1.0, depth=0, flipHoriz=False, flipVert=False, font='', fontFiles=[], height=50.0, italic=False, languageStyle='LTR', name='unnamed TextStim', opacity=1.0, ori=0.0, pos=array([0., 0.]), rgb=UNKNOWN, text='Poprawnie', units='pix', win=Window(...), wrapWidth=500)
85.7771 	EXP 	unnamed TextStim: height = 25.0
85.7771 	EXP 	unnamed TextStim: height = 25.0
85.7771 	EXP 	unnamed TextStim: height = 25.0
85.7771 	EXP 	unnamed TextStim: text = '↓'
87.3349 	DATA 	Keypress: down
87.3368 	EXP 	Created unnamed TextStim = TextStim(__class__=<class 'psychopy.visual.text.TextStim'>, alignHoriz=method-wrapper(...), alignText='center', alignVert=method-wrapper(...), anchorHoriz='center', anchorVert='center', antialias=True, autoDraw=False, autoLog=True, bold=False, color=array([-1, -1, -1]), colorSpace='rgb', contrast=1.0, depth=0, flipHoriz=False, flipVert=False, font='', fontFiles=[], height=50.0, italic=False, languageStyle='LTR', name='unnamed TextStim', opacity=1.0, ori=0.0, pos=array([0., 0.]), rgb=UNKNOWN, text='Poprawnie', units='pix', win=Window(...), wrapWidth=500)
88.3440 	EXP 	unnamed TextStim: height = 25.0
88.3440 	EXP 	unnamed TextStim: height = 25.0
88.3440 	EXP 	unnamed TextStim: height = 25.0
88.3440 	EXP 	unnamed TextStim: text = '↑'
89.5955 	DATA 	Keypress: right
89.6329 	EXP 	Created unnamed TextStim = TextStim(__class__=<class 'psychopy.visual.text.TextStim'>, alignHoriz=method-wrapper(...), alignText='center', alignVert=method-wrapper(...), anchorHoriz='center', anchorVert='center', antialias=True, autoDraw=False, autoLog=True, bold=False, color=array([-1, -1, -1]), colorSpace='rgb', contrast=1.0, depth=0, flipHoriz=False, flipVert=False, font='', fontFiles=[], height=50.0, italic=False, languageStyle='LTR', name='unnamed TextStim', opacity=1.0, ori=0.0, pos=array([0., 0.]), rgb=UNKNOWN, text='Niepoprawnie', units='pix', win=Window(...), wrapWidth=500)
90.6607 	EXP 	unnamed TextStim: height = 25.0
90.6607 	EXP 	unnamed TextStim: height = 25.0
90.6607 	EXP 	unnamed TextStim: height = 25.0
90.6607 	EXP 	unnamed TextStim: text = '↓'
92.2765 	DATA 	Keypress: down
92.2789 	EXP 	Created unnamed TextStim = TextStim(__class__=<class 'psychopy.visual.text.TextStim'>, alignHoriz=method-wrapper(...), alignText='center', alignVert=method-wrapper(...), anchorHoriz='center', anchorVert='center', antialias=True, autoDraw=False, autoLog=True, bold=False, color=array([-1, -1, -1]), colorSpace='rgb', contrast=1.0, depth=0, flipHoriz=False, flipVert=False, font='', fontFiles=[], height=50.0, italic=False, languageStyle='LTR', name='unnamed TextStim', opacity=1.0, ori=0.0, pos=array([0., 0.]), rgb=UNKNOWN, text='Poprawnie', units='pix', win=Window(...), wrapWidth=500)
93.2942 	EXP 	unnamed TextStim: height = 25.0
93.2942 	EXP 	unnamed TextStim: height = 25.0
93.2942 	EXP 	unnamed TextStim: height = 25.0
93.2942 	EXP 	unnamed TextStim: text = '↑'
94.7991 	DATA 	Keypress: up
94.8010 	EXP 	Created unnamed TextStim = TextStim(__class__=<class 'psychopy.visual.text.TextStim'>, alignHoriz=method-wrapper(...), alignText='center', alignVert=method-wrapper(...), anchorHoriz='center', anchorVert='center', antialias=True, autoDraw=False, autoLog=True, bold=False, color=array([-1, -1, -1]), colorSpace='rgb', contrast=1.0, depth=0, flipHoriz=False, flipVert=False, font='', fontFiles=[], height=50.0, italic=False, languageStyle='LTR', name='unnamed TextStim', opacity=1.0, ori=0.0, pos=array([0., 0.]), rgb=UNKNOWN, text='Poprawnie', units='pix', win=Window(...), wrapWidth=500)
95.8108 	EXP 	unnamed TextStim: height = 25.0
95.8108 	EXP 	unnamed TextStim: height = 25.0
95.8108 	EXP 	unnamed TextStim: height = 25.0
95.8108 	EXP 	unnamed TextStim: text = '↓'
97.3159 	DATA 	Keypress: down
97.3193 	EXP 	Created unnamed TextStim = TextStim(__class__=<class 'psychopy.visual.text.TextStim'>, alignHoriz=method-wrapper(...), alignText='center', alignVert=method-wrapper(...), anchorHoriz='center', anchorVert='center', antialias=True, autoDraw=False, autoLog=True, bold=False, color=array([-1, -1, -1]), colorSpace='rgb', contrast=1.0, depth=0, flipHoriz=False, flipVert=False, font='', fontFiles=[], height=50.0, italic=False, languageStyle='LTR', name='unnamed TextStim', opacity=1.0, ori=0.0, pos=array([0., 0.]), rgb=UNKNOWN, text='Poprawnie', units='pix', win=Window(...), wrapWidth=500)
98.3276 	EXP 	unnamed TextStim: height = 25.0
98.3276 	EXP 	unnamed TextStim: height = 25.0
98.3276 	EXP 	unnamed TextStim: height = 25.0
98.3276 	EXP 	unnamed TextStim: text = '→'
99.7284 	DATA 	Keypress: right
99.7335 	EXP 	Created unnamed TextStim = TextStim(__class__=<class 'psychopy.visual.text.TextStim'>, alignHoriz=method-wrapper(...), alignText='center', alignVert=method-wrapper(...), anchorHoriz='center', anchorVert='center', antialias=True, autoDraw=False, autoLog=True, bold=False, color=array([-1, -1, -1]), colorSpace='rgb', contrast=1.0, depth=0, flipHoriz=False, flipVert=False, font='', fontFiles=[], height=50.0, italic=False, languageStyle='LTR', name='unnamed TextStim', opacity=1.0, ori=0.0, pos=array([0., 0.]), rgb=UNKNOWN, text='Poprawnie', units='pix', win=Window(...), wrapWidth=500)
100.7611 	EXP 	unnamed TextStim: height = 25.0
100.7611 	EXP 	unnamed TextStim: height = 25.0
100.7611 	EXP 	unnamed TextStim: height = 25.0
100.7611 	EXP 	unnamed TextStim: text = '↓'
102.3428 	DATA 	Keypress: down
102.3453 	EXP 	Created unnamed TextStim = TextStim(__class__=<class 'psychopy.visual.text.TextStim'>, alignHoriz=method-wrapper(...), alignText='center', alignVert=method-wrapper(...), anchorHoriz='center', anchorVert='center', antialias=True, autoDraw=False, autoLog=True, bold=False, color=array([-1, -1, -1]), colorSpace='rgb', contrast=1.0, depth=0, flipHoriz=False, flipVert=False, font='', fontFiles=[], height=50.0, italic=False, languageStyle='LTR', name='unnamed TextStim', opacity=1.0, ori=0.0, pos=array([0., 0.]), rgb=UNKNOWN, text='Poprawnie', units='pix', win=Window(...), wrapWidth=500)
103.3776 	EXP 	Created unnamed TextStim = TextStim(__class__=<class 'psychopy.visual.text.TextStim'>, alignHoriz=method-wrapper(...), alignText='center', alignVert=method-wrapper(...), anchorHoriz='center', anchorVert='center', antialias=True, autoDraw=False, autoLog=True, bold=False, color=array([-1, -1, -1]), colorSpace='rgb', contrast=1.0, depth=0, flipHoriz=False, flipVert=False, font='', fontFiles=[], height=20.0, italic=False, languageStyle='LTR', name='unnamed TextStim', opacity=1.0, ori=0.0, pos=array([0., 0.]), rgb=UNKNOWN, text=str(...), units='pix', win=Window(...), wrapWidth=1536)
117.6811 	DATA 	Keypress: space
117.6951 	EXP 	unnamed TextStim: height = 25.0
117.6951 	EXP 	unnamed TextStim: height = 25.0
117.6951 	EXP 	unnamed TextStim: height = 25.0
117.6951 	EXP 	unnamed TextStim: text = '←'
119.6299 	DATA 	Keypress: right
119.6370 	EXP 	Created unnamed TextStim = TextStim(__class__=<class 'psychopy.visual.text.TextStim'>, alignHoriz=method-wrapper(...), alignText='center', alignVert=method-wrapper(...), anchorHoriz='center', anchorVert='center', antialias=True, autoDraw=False, autoLog=True, bold=False, color=array([-1, -1, -1]), colorSpace='rgb', contrast=1.0, depth=0, flipHoriz=False, flipVert=False, font='', fontFiles=[], height=50.0, italic=False, languageStyle='LTR', name='unnamed TextStim', opacity=1.0, ori=0.0, pos=array([0., 0.]), rgb=UNKNOWN, text='Niepoprawnie', units='pix', win=Window(...), wrapWidth=500)
120.6451 	EXP 	unnamed TextStim: height = 25.0
120.6451 	EXP 	unnamed TextStim: height = 25.0
120.6451 	EXP 	unnamed TextStim: height = 25.0
120.6451 	EXP 	unnamed TextStim: text = '↓'
122.0612 	DATA 	Keypress: down
122.0648 	EXP 	Created unnamed TextStim = TextStim(__class__=<class 'psychopy.visual.text.TextStim'>, alignHoriz=method-wrapper(...), alignText='center', alignVert=method-wrapper(...), anchorHoriz='center', anchorVert='center', antialias=True, autoDraw=False, autoLog=True, bold=False, color=array([-1, -1, -1]), colorSpace='rgb', contrast=1.0, depth=0, flipHoriz=False, flipVert=False, font='', fontFiles=[], height=50.0, italic=False, languageStyle='LTR', name='unnamed TextStim', opacity=1.0, ori=0.0, pos=array([0., 0.]), rgb=UNKNOWN, text='Poprawnie', units='pix', win=Window(...), wrapWidth=500)
123.0786 	EXP 	unnamed TextStim: height = 25.0
123.0786 	EXP 	unnamed TextStim: height = 25.0
123.0786 	EXP 	unnamed TextStim: height = 25.0
123.0786 	EXP 	unnamed TextStim: text = '→'
124.4704 	DATA 	Keypress: right
124.4723 	EXP 	Created unnamed TextStim = TextStim(__class__=<class 'psychopy.visual.text.TextStim'>, alignHoriz=method-wrapper(...), alignText='center', alignVert=method-wrapper(...), anchorHoriz='center', anchorVert='center', antialias=True, autoDraw=False, autoLog=True, bold=False, color=array([-1, -1, -1]), colorSpace='rgb', contrast=1.0, depth=0, flipHoriz=False, flipVert=False, font='', fontFiles=[], height=50.0, italic=False, languageStyle='LTR', name='unnamed TextStim', opacity=1.0, ori=0.0, pos=array([0., 0.]), rgb=UNKNOWN, text='Poprawnie', units='pix', win=Window(...), wrapWidth=500)
125.4785 	EXP 	unnamed TextStim: height = 25.0
125.4785 	EXP 	unnamed TextStim: height = 25.0
125.4785 	EXP 	unnamed TextStim: height = 25.0
125.4785 	EXP 	unnamed TextStim: text = '↓'
126.8194 	DATA 	Keypress: down
126.8213 	EXP 	Created unnamed TextStim = TextStim(__class__=<class 'psychopy.visual.text.TextStim'>, alignHoriz=method-wrapper(...), alignText='center', alignVert=method-wrapper(...), anchorHoriz='center', anchorVert='center', antialias=True, autoDraw=False, autoLog=True, bold=False, color=array([-1, -1, -1]), colorSpace='rgb', contrast=1.0, depth=0, flipHoriz=False, flipVert=False, font='', fontFiles=[], height=50.0, italic=False, languageStyle='LTR', name='unnamed TextStim', opacity=1.0, ori=0.0, pos=array([0., 0.]), rgb=UNKNOWN, text='Poprawnie', units='pix', win=Window(...), wrapWidth=500)
127.6232 	DATA 	Keypress: lshift
127.8287 	EXP 	unnamed TextStim: height = 25.0
127.8287 	EXP 	unnamed TextStim: height = 25.0
127.8287 	EXP 	unnamed TextStim: height = 25.0
127.8287 	EXP 	unnamed TextStim: text = '↑'
129.3335 	DATA 	Keypress: lshift
130.2680 	DATA 	Keypress: up
130.2702 	EXP 	Created unnamed TextStim = TextStim(__class__=<class 'psychopy.visual.text.TextStim'>, alignHoriz=method-wrapper(...), alignText='center', alignVert=method-wrapper(...), anchorHoriz='center', anchorVert='center', antialias=True, autoDraw=False, autoLog=True, bold=False, color=array([-1, -1, -1]), colorSpace='rgb', contrast=1.0, depth=0, flipHoriz=False, flipVert=False, font='', fontFiles=[], height=50.0, italic=False, languageStyle='LTR', name='unnamed TextStim', opacity=1.0, ori=0.0, pos=array([0., 0.]), rgb=UNKNOWN, text='Poprawnie', units='pix', win=Window(...), wrapWidth=500)
131.2789 	EXP 	unnamed TextStim: height = 25.0
131.2789 	EXP 	unnamed TextStim: height = 25.0
131.2789 	EXP 	unnamed TextStim: height = 25.0
131.2789 	EXP 	unnamed TextStim: text = '↓'
132.8889 	DATA 	Keypress: down
132.8913 	EXP 	Created unnamed TextStim = TextStim(__class__=<class 'psychopy.visual.text.TextStim'>, alignHoriz=method-wrapper(...), alignText='center', alignVert=method-wrapper(...), anchorHoriz='center', anchorVert='center', antialias=True, autoDraw=False, autoLog=True, bold=False, color=array([-1, -1, -1]), colorSpace='rgb', contrast=1.0, depth=0, flipHoriz=False, flipVert=False, font='', fontFiles=[], height=50.0, italic=False, languageStyle='LTR', name='unnamed TextStim', opacity=1.0, ori=0.0, pos=array([0., 0.]), rgb=UNKNOWN, text='Poprawnie', units='pix', win=Window(...), wrapWidth=500)
133.8955 	EXP 	unnamed TextStim: height = 25.0
133.8955 	EXP 	unnamed TextStim: height = 25.0
133.8955 	EXP 	unnamed TextStim: height = 25.0
133.8955 	EXP 	unnamed TextStim: text = '←'
135.4830 	DATA 	Keypress: left
135.4855 	EXP 	Created unnamed TextStim = TextStim(__class__=<class 'psychopy.visual.text.TextStim'>, alignHoriz=method-wrapper(...), alignText='center', alignVert=method-wrapper(...), anchorHoriz='center', anchorVert='center', antialias=True, autoDraw=False, autoLog=True, bold=False, color=array([-1, -1, -1]), colorSpace='rgb', contrast=1.0, depth=0, flipHoriz=False, flipVert=False, font='', fontFiles=[], height=50.0, italic=False, languageStyle='LTR', name='unnamed TextStim', opacity=1.0, ori=0.0, pos=array([0., 0.]), rgb=UNKNOWN, text='Poprawnie', units='pix', win=Window(...), wrapWidth=500)
136.4957 	EXP 	unnamed TextStim: text = '←'
138.0714 	DATA 	Keypress: left
138.0737 	EXP 	Created unnamed TextStim = TextStim(__class__=<class 'psychopy.visual.text.TextStim'>, alignHoriz=method-wrapper(...), alignText='center', alignVert=method-wrapper(...), anchorHoriz='center', anchorVert='center', antialias=True, autoDraw=False, autoLog=True, bold=False, color=array([-1, -1, -1]), colorSpace='rgb', contrast=1.0, depth=0, flipHoriz=False, flipVert=False, font='', fontFiles=[], height=50.0, italic=False, languageStyle='LTR', name='unnamed TextStim', opacity=1.0, ori=0.0, pos=array([0., 0.]), rgb=UNKNOWN, text='Poprawnie', units='pix', win=Window(...), wrapWidth=500)
139.0788 	EXP 	unnamed TextStim: text = '←'
140.5107 	DATA 	Keypress: right
140.5128 	EXP 	Created unnamed TextStim = TextStim(__class__=<class 'psychopy.visual.text.TextStim'>, alignHoriz=method-wrapper(...), alignText='center', alignVert=method-wrapper(...), anchorHoriz='center', anchorVert='center', antialias=True, autoDraw=False, autoLog=True, bold=False, color=array([-1, -1, -1]), colorSpace='rgb', contrast=1.0, depth=0, flipHoriz=False, flipVert=False, font='', fontFiles=[], height=50.0, italic=False, languageStyle='LTR', name='unnamed TextStim', opacity=1.0, ori=0.0, pos=array([0., 0.]), rgb=UNKNOWN, text='Niepoprawnie', units='pix', win=Window(...), wrapWidth=500)
141.5291 	EXP 	unnamed TextStim: height = 25.0
141.5291 	EXP 	unnamed TextStim: height = 25.0
141.5291 	EXP 	unnamed TextStim: height = 25.0
141.5291 	EXP 	unnamed TextStim: text = '↓'
143.1239 	DATA 	Keypress: down
143.1264 	EXP 	Created unnamed TextStim = TextStim(__class__=<class 'psychopy.visual.text.TextStim'>, alignHoriz=method-wrapper(...), alignText='center', alignVert=method-wrapper(...), anchorHoriz='center', anchorVert='center', antialias=True, autoDraw=False, autoLog=True, bold=False, color=array([-1, -1, -1]), colorSpace='rgb', contrast=1.0, depth=0, flipHoriz=False, flipVert=False, font='', fontFiles=[], height=50.0, italic=False, languageStyle='LTR', name='unnamed TextStim', opacity=1.0, ori=0.0, pos=array([0., 0.]), rgb=UNKNOWN, text='Poprawnie', units='pix', win=Window(...), wrapWidth=500)
144.1539 	EXP 	Created unnamed TextStim = TextStim(__class__=<class 'psychopy.visual.text.TextStim'>, alignHoriz=method-wrapper(...), alignText='center', alignVert=method-wrapper(...), anchorHoriz='center', anchorVert='center', antialias=True, autoDraw=False, autoLog=True, bold=False, color=array([-1, -1, -1]), colorSpace='rgb', contrast=1.0, depth=0, flipHoriz=False, flipVert=False, font='', fontFiles=[], height=20.0, italic=False, languageStyle='LTR', name='unnamed TextStim', opacity=1.0, ori=0.0, pos=array([0., 0.]), rgb=UNKNOWN, text=str(...), units='pix', win=Window(...), wrapWidth=1536)
157.3650 	DATA 	Keypress: space
157.3795 	EXP 	unnamed TextStim: height = 25.0
157.3795 	EXP 	unnamed TextStim: height = 25.0
157.3795 	EXP 	unnamed TextStim: height = 25.0
157.3795 	EXP 	unnamed TextStim: text = '←'
158.7321 	DATA 	Keypress: left
158.7351 	EXP 	unnamed TextStim: height = 25.0
158.7351 	EXP 	unnamed TextStim: height = 25.0
158.7351 	EXP 	unnamed TextStim: height = 25.0
158.7351 	EXP 	unnamed TextStim: text = '→'
160.4002 	DATA 	Keypress: left
160.4013 	EXP 	unnamed TextStim: text = '→'
161.9931 	DATA 	Keypress: left
161.9942 	EXP 	unnamed TextStim: text = '→'
163.5926 	DATA 	Keypress: left
163.5950 	EXP 	unnamed TextStim: height = 25.0
163.5950 	EXP 	unnamed TextStim: height = 25.0
163.5950 	EXP 	unnamed TextStim: height = 25.0
163.5950 	EXP 	unnamed TextStim: text = '←'
165.0650 	DATA 	Keypress: left
165.0662 	EXP 	unnamed TextStim: text = '←'
166.5219 	DATA 	Keypress: left
166.6647 	EXP 	Created unnamed ImageStim = ImageStim(__class__=<class 'psychopy.visual.image.ImageStim'>, anchor=('center', 'center'), autoLog=True, color=array([1., 1., 1.]), colorSpace='rgb', contrast=1.0, depth=0, flipHoriz=False, flipVert=False, image='break.jpg', interpolate=True, mask=None, maskParams=None, name='unnamed ImageStim', opacity=1.0, ori=0.0, pos=array([0., 0.]), size=array([1536.,  864.]), texRes=128, units='pix', win=Window(...))
169.7132 	DATA 	Keypress: space
169.7300 	EXP 	unnamed TextStim: height = 25.0
169.7300 	EXP 	unnamed TextStim: height = 25.0
169.7300 	EXP 	unnamed TextStim: height = 25.0
169.7300 	EXP 	unnamed TextStim: text = '→'
171.2474 	DATA 	Keypress: left
171.2501 	EXP 	unnamed TextStim: height = 25.0
171.2501 	EXP 	unnamed TextStim: height = 25.0
171.2501 	EXP 	unnamed TextStim: height = 25.0
171.2501 	EXP 	unnamed TextStim: text = '↑'
172.6514 	DATA 	Keypress: up
172.6535 	EXP 	unnamed TextStim: height = 25.0
172.6535 	EXP 	unnamed TextStim: height = 25.0
172.6535 	EXP 	unnamed TextStim: height = 25.0
172.6535 	EXP 	unnamed TextStim: text = '→'
174.1251 	DATA 	Keypress: right
174.1262 	EXP 	unnamed TextStim: text = '→'
175.4493 	DATA 	Keypress: right
175.4535 	EXP 	unnamed TextStim: height = 25.0
175.4535 	EXP 	unnamed TextStim: height = 25.0
175.4535 	EXP 	unnamed TextStim: height = 25.0
175.4535 	EXP 	unnamed TextStim: text = '←'
176.7748 	DATA 	Keypress: left
176.7759 	EXP 	unnamed TextStim: text = '←'
178.1651 	DATA 	Keypress: left
178.2756 	EXP 	Created unnamed ImageStim = ImageStim(__class__=<class 'psychopy.visual.image.ImageStim'>, anchor=('center', 'center'), autoLog=True, color=array([1., 1., 1.]), colorSpace='rgb', contrast=1.0, depth=0, flipHoriz=False, flipVert=False, image='break.jpg', interpolate=True, mask=None, maskParams=None, name='unnamed ImageStim', opacity=1.0, ori=0.0, pos=array([0., 0.]), size=array([1536.,  864.]), texRes=128, units='pix', win=Window(...))
179.6122 	DATA 	Keypress: space
179.6150 	EXP 	unnamed TextStim: height = 25.0
179.6150 	EXP 	unnamed TextStim: height = 25.0
179.6150 	EXP 	unnamed TextStim: height = 25.0
179.6150 	EXP 	unnamed TextStim: text = '→'
181.0554 	DATA 	Keypress: right
181.0565 	EXP 	unnamed TextStim: text = '→'
182.4107 	DATA 	Keypress: right
182.4129 	EXP 	unnamed TextStim: height = 25.0
182.4129 	EXP 	unnamed TextStim: height = 25.0
182.4129 	EXP 	unnamed TextStim: height = 25.0
182.4129 	EXP 	unnamed TextStim: text = '↑'
184.1123 	DATA 	Keypress: right
184.1137 	EXP 	unnamed TextStim: text = '↑'
186.1227 	DATA 	Keypress: up
186.1239 	EXP 	unnamed TextStim: text = '↑'
187.7401 	DATA 	Keypress: down
187.7430 	EXP 	unnamed TextStim: height = 25.0
187.7430 	EXP 	unnamed TextStim: height = 25.0
187.7430 	EXP 	unnamed TextStim: height = 25.0
187.7430 	EXP 	unnamed TextStim: text = '↓'
189.4300 	DATA 	Keypress: up
189.5327 	EXP 	Created unnamed ImageStim = ImageStim(__class__=<class 'psychopy.visual.image.ImageStim'>, anchor=('center', 'center'), autoLog=True, color=array([1., 1., 1.]), colorSpace='rgb', contrast=1.0, depth=0, flipHoriz=False, flipVert=False, image='break.jpg', interpolate=True, mask=None, maskParams=None, name='unnamed ImageStim', opacity=1.0, ori=0.0, pos=array([0., 0.]), size=array([1536.,  864.]), texRes=128, units='pix', win=Window(...))
190.7354 	DATA 	Keypress: space
190.7476 	EXP 	unnamed TextStim: text = '↓'
192.2083 	DATA 	Keypress: up
192.2104 	EXP 	unnamed TextStim: height = 25.0
192.2104 	EXP 	unnamed TextStim: height = 25.0
192.2104 	EXP 	unnamed TextStim: height = 25.0
192.2104 	EXP 	unnamed TextStim: text = '←'
193.9872 	DATA 	Keypress: left
193.9893 	EXP 	unnamed TextStim: height = 25.0
193.9893 	EXP 	unnamed TextStim: height = 25.0
193.9893 	EXP 	unnamed TextStim: height = 25.0
193.9893 	EXP 	unnamed TextStim: text = '↑'
195.3613 	DATA 	Keypress: up
195.3634 	EXP 	unnamed TextStim: height = 25.0
195.3634 	EXP 	unnamed TextStim: height = 25.0
195.3634 	EXP 	unnamed TextStim: height = 25.0
195.3634 	EXP 	unnamed TextStim: text = '→'
196.9024 	DATA 	Keypress: right
196.9077 	EXP 	unnamed TextStim: height = 25.0
196.9077 	EXP 	unnamed TextStim: height = 25.0
196.9077 	EXP 	unnamed TextStim: height = 25.0
196.9077 	EXP 	unnamed TextStim: text = '↑'
198.2915 	DATA 	Keypress: up
198.2935 	EXP 	unnamed TextStim: height = 25.0
198.2935 	EXP 	unnamed TextStim: height = 25.0
198.2935 	EXP 	unnamed TextStim: height = 25.0
198.2935 	EXP 	unnamed TextStim: text = '→'
199.7337 	DATA 	Keypress: up
199.8553 	EXP 	Created unnamed ImageStim = ImageStim(__class__=<class 'psychopy.visual.image.ImageStim'>, anchor=('center', 'center'), autoLog=True, color=array([1., 1., 1.]), colorSpace='rgb', contrast=1.0, depth=0, flipHoriz=False, flipVert=False, image='break.jpg', interpolate=True, mask=None, maskParams=None, name='unnamed ImageStim', opacity=1.0, ori=0.0, pos=array([0., 0.]), size=array([1536.,  864.]), texRes=128, units='pix', win=Window(...))
200.9939 	DATA 	Keypress: space
200.9980 	EXP 	unnamed TextStim: height = 25.0
200.9980 	EXP 	unnamed TextStim: height = 25.0
200.9980 	EXP 	unnamed TextStim: height = 25.0
200.9980 	EXP 	unnamed TextStim: text = '↑'
202.4164 	DATA 	Keypress: up
202.4185 	EXP 	unnamed TextStim: height = 25.0
202.4185 	EXP 	unnamed TextStim: height = 25.0
202.4185 	EXP 	unnamed TextStim: height = 25.0
202.4185 	EXP 	unnamed TextStim: text = '←'
203.9992 	DATA 	Keypress: left
204.0014 	EXP 	unnamed TextStim: height = 25.0
204.0014 	EXP 	unnamed TextStim: height = 25.0
204.0014 	EXP 	unnamed TextStim: height = 25.0
204.0014 	EXP 	unnamed TextStim: text = '↑'
205.3169 	DATA 	Keypress: up
205.3190 	EXP 	unnamed TextStim: height = 25.0
205.3190 	EXP 	unnamed TextStim: height = 25.0
205.3190 	EXP 	unnamed TextStim: height = 25.0
205.3190 	EXP 	unnamed TextStim: text = '↓'
206.7516 	DATA 	Keypress: down
206.7537 	EXP 	unnamed TextStim: height = 25.0
206.7537 	EXP 	unnamed TextStim: height = 25.0
206.7537 	EXP 	unnamed TextStim: height = 25.0
206.7537 	EXP 	unnamed TextStim: text = '→'
208.2939 	DATA 	Keypress: right
208.2950 	EXP 	unnamed TextStim: text = '→'
209.6513 	DATA 	Keypress: right
209.7648 	EXP 	Created unnamed ImageStim = ImageStim(__class__=<class 'psychopy.visual.image.ImageStim'>, anchor=('center', 'center'), autoLog=True, color=array([1., 1., 1.]), colorSpace='rgb', contrast=1.0, depth=0, flipHoriz=False, flipVert=False, image='break.jpg', interpolate=True, mask=None, maskParams=None, name='unnamed ImageStim', opacity=1.0, ori=0.0, pos=array([0., 0.]), size=array([1536.,  864.]), texRes=128, units='pix', win=Window(...))
210.8860 	DATA 	Keypress: space
210.8984 	EXP 	unnamed TextStim: height = 25.0
210.8984 	EXP 	unnamed TextStim: height = 25.0
210.8984 	EXP 	unnamed TextStim: height = 25.0
210.8984 	EXP 	unnamed TextStim: text = '↑'
212.3794 	DATA 	Keypress: up
212.3805 	EXP 	unnamed TextStim: text = '↑'
213.6909 	DATA 	Keypress: up
213.6961 	EXP 	unnamed TextStim: height = 25.0
213.6961 	EXP 	unnamed TextStim: height = 25.0
213.6961 	EXP 	unnamed TextStim: height = 25.0
213.6961 	EXP 	unnamed TextStim: text = '←'
215.1793 	DATA 	Keypress: left
215.1812 	EXP 	unnamed TextStim: height = 25.0
215.1812 	EXP 	unnamed TextStim: height = 25.0
215.1812 	EXP 	unnamed TextStim: height = 25.0
215.1812 	EXP 	unnamed TextStim: text = '↑'
216.9801 	DATA 	Keypress: right
216.9822 	EXP 	unnamed TextStim: height = 25.0
216.9822 	EXP 	unnamed TextStim: height = 25.0
216.9822 	EXP 	unnamed TextStim: height = 25.0
216.9822 	EXP 	unnamed TextStim: text = '↓'
218.4459 	DATA 	Keypress: down
218.4480 	EXP 	unnamed TextStim: height = 25.0
218.4480 	EXP 	unnamed TextStim: height = 25.0
218.4480 	EXP 	unnamed TextStim: height = 25.0
218.4480 	EXP 	unnamed TextStim: text = '→'
219.8425 	DATA 	Keypress: right
219.9533 	EXP 	Created unnamed ImageStim = ImageStim(__class__=<class 'psychopy.visual.image.ImageStim'>, anchor=('center', 'center'), autoLog=True, color=array([1., 1., 1.]), colorSpace='rgb', contrast=1.0, depth=0, flipHoriz=False, flipVert=False, image='break.jpg', interpolate=True, mask=None, maskParams=None, name='unnamed ImageStim', opacity=1.0, ori=0.0, pos=array([0., 0.]), size=array([1536.,  864.]), texRes=128, units='pix', win=Window(...))
221.1132 	DATA 	Keypress: space
221.1153 	EXP 	unnamed TextStim: text = '→'
222.6021 	DATA 	Keypress: right
222.6042 	EXP 	unnamed TextStim: height = 25.0
222.6042 	EXP 	unnamed TextStim: height = 25.0
222.6042 	EXP 	unnamed TextStim: height = 25.0
222.6042 	EXP 	unnamed TextStim: text = '←'
223.8996 	DATA 	Keypress: right
223.9019 	EXP 	unnamed TextStim: height = 25.0
223.9019 	EXP 	unnamed TextStim: height = 25.0
223.9019 	EXP 	unnamed TextStim: height = 25.0
223.9019 	EXP 	unnamed TextStim: text = '↑'
226.6080 	DATA 	Keypress: right
226.6118 	EXP 	unnamed TextStim: height = 25.0
226.6118 	EXP 	unnamed TextStim: height = 25.0
226.6118 	EXP 	unnamed TextStim: height = 25.0
226.6118 	EXP 	unnamed TextStim: text = '←'
228.1394 	DATA 	Keypress: left
228.1414 	EXP 	unnamed TextStim: height = 25.0
228.1414 	EXP 	unnamed TextStim: height = 25.0
228.1414 	EXP 	unnamed TextStim: height = 25.0
228.1414 	EXP 	unnamed TextStim: text = '↑'
229.5941 	DATA 	Keypress: up
229.5953 	EXP 	unnamed TextStim: text = '↑'
231.0078 	DATA 	Keypress: up
231.1211 	EXP 	Created unnamed ImageStim = ImageStim(__class__=<class 'psychopy.visual.image.ImageStim'>, anchor=('center', 'center'), autoLog=True, color=array([1., 1., 1.]), colorSpace='rgb', contrast=1.0, depth=0, flipHoriz=False, flipVert=False, image='break.jpg', interpolate=True, mask=None, maskParams=None, name='unnamed ImageStim', opacity=1.0, ori=0.0, pos=array([0., 0.]), size=array([1536.,  864.]), texRes=128, units='pix', win=Window(...))
232.4447 	DATA 	Keypress: space
232.4492 	EXP 	unnamed TextStim: text = '↑'
233.7886 	DATA 	Keypress: up
233.7934 	EXP 	unnamed TextStim: height = 25.0
233.7934 	EXP 	unnamed TextStim: height = 25.0
233.7934 	EXP 	unnamed TextStim: height = 25.0
233.7934 	EXP 	unnamed TextStim: text = '←'
235.1417 	DATA 	Keypress: left
235.1438 	EXP 	unnamed TextStim: height = 25.0
235.1438 	EXP 	unnamed TextStim: height = 25.0
235.1438 	EXP 	unnamed TextStim: height = 25.0
235.1438 	EXP 	unnamed TextStim: text = '↑'
236.5465 	DATA 	Keypress: up
236.5494 	EXP 	unnamed TextStim: height = 25.0
236.5494 	EXP 	unnamed TextStim: height = 25.0
236.5494 	EXP 	unnamed TextStim: height = 25.0
236.5494 	EXP 	unnamed TextStim: text = '←'
238.3056 	DATA 	Keypress: right
238.3076 	EXP 	unnamed TextStim: height = 25.0
238.3076 	EXP 	unnamed TextStim: height = 25.0
238.3076 	EXP 	unnamed TextStim: height = 25.0
238.3076 	EXP 	unnamed TextStim: text = '→'
239.7661 	DATA 	Keypress: left
239.7681 	EXP 	unnamed TextStim: height = 25.0
239.7681 	EXP 	unnamed TextStim: height = 25.0
239.7681 	EXP 	unnamed TextStim: height = 25.0
239.7681 	EXP 	unnamed TextStim: text = '↓'
241.2412 	DATA 	Keypress: down
241.3528 	EXP 	Created unnamed ImageStim = ImageStim(__class__=<class 'psychopy.visual.image.ImageStim'>, anchor=('center', 'center'), autoLog=True, color=array([1., 1., 1.]), colorSpace='rgb', contrast=1.0, depth=0, flipHoriz=False, flipVert=False, image='break.jpg', interpolate=True, mask=None, maskParams=None, name='unnamed ImageStim', opacity=1.0, ori=0.0, pos=array([0., 0.]), size=array([1536.,  864.]), texRes=128, units='pix', win=Window(...))
243.7865 	DATA 	Keypress: space
243.7996 	EXP 	unnamed TextStim: height = 25.0
243.7996 	EXP 	unnamed TextStim: height = 25.0
243.7996 	EXP 	unnamed TextStim: height = 25.0
243.7996 	EXP 	unnamed TextStim: text = '→'
245.1916 	DATA 	Keypress: right
245.1926 	EXP 	unnamed TextStim: text = '→'
246.5235 	DATA 	Keypress: right
246.5255 	EXP 	unnamed TextStim: height = 25.0
246.5255 	EXP 	unnamed TextStim: height = 25.0
246.5255 	EXP 	unnamed TextStim: height = 25.0
246.5255 	EXP 	unnamed TextStim: text = '↓'
248.4325 	DATA 	Keypress: down
248.4358 	EXP 	unnamed TextStim: height = 25.0
248.4358 	EXP 	unnamed TextStim: height = 25.0
248.4358 	EXP 	unnamed TextStim: height = 25.0
248.4358 	EXP 	unnamed TextStim: text = '←'
249.7678 	DATA 	Keypress: left
249.7699 	EXP 	unnamed TextStim: height = 25.0
249.7699 	EXP 	unnamed TextStim: height = 25.0
249.7699 	EXP 	unnamed TextStim: height = 25.0
249.7699 	EXP 	unnamed TextStim: text = '↓'
251.2204 	DATA 	Keypress: down
251.2243 	EXP 	unnamed TextStim: height = 25.0
251.2243 	EXP 	unnamed TextStim: height = 25.0
251.2243 	EXP 	unnamed TextStim: height = 25.0
251.2243 	EXP 	unnamed TextStim: text = '←'
252.8078 	DATA 	Keypress: left
252.9224 	EXP 	Created unnamed ImageStim = ImageStim(__class__=<class 'psychopy.visual.image.ImageStim'>, anchor=('center', 'center'), autoLog=True, color=array([1., 1., 1.]), colorSpace='rgb', contrast=1.0, depth=0, flipHoriz=False, flipVert=False, image='break.jpg', interpolate=True, mask=None, maskParams=None, name='unnamed ImageStim', opacity=1.0, ori=0.0, pos=array([0., 0.]), size=array([1536.,  864.]), texRes=128, units='pix', win=Window(...))
253.4524 	DATA 	Keypress: space
253.4664 	EXP 	unnamed TextStim: height = 25.0
253.4664 	EXP 	unnamed TextStim: height = 25.0
253.4664 	EXP 	unnamed TextStim: height = 25.0
253.4664 	EXP 	unnamed TextStim: text = '→'
255.0240 	DATA 	Keypress: left
255.0261 	EXP 	unnamed TextStim: height = 25.0
255.0261 	EXP 	unnamed TextStim: height = 25.0
255.0261 	EXP 	unnamed TextStim: height = 25.0
255.0261 	EXP 	unnamed TextStim: text = '↑'
256.4904 	DATA 	Keypress: up
256.4926 	EXP 	unnamed TextStim: height = 25.0
256.4926 	EXP 	unnamed TextStim: height = 25.0
256.4926 	EXP 	unnamed TextStim: height = 25.0
256.4926 	EXP 	unnamed TextStim: text = '↓'
257.9188 	DATA 	Keypress: down
257.9200 	EXP 	unnamed TextStim: text = '↓'
259.5034 	DATA 	Keypress: down
259.5053 	EXP 	unnamed TextStim: height = 25.0
259.5053 	EXP 	unnamed TextStim: height = 25.0
259.5053 	EXP 	unnamed TextStim: height = 25.0
259.5053 	EXP 	unnamed TextStim: text = '→'
261.1631 	DATA 	Keypress: left
261.1653 	EXP 	unnamed TextStim: height = 25.0
261.1653 	EXP 	unnamed TextStim: height = 25.0
261.1653 	EXP 	unnamed TextStim: height = 25.0
261.1653 	EXP 	unnamed TextStim: text = '←'
262.7126 	DATA 	Keypress: left
262.8254 	EXP 	Created unnamed ImageStim = ImageStim(__class__=<class 'psychopy.visual.image.ImageStim'>, anchor=('center', 'center'), autoLog=True, color=array([1., 1., 1.]), colorSpace='rgb', contrast=1.0, depth=0, flipHoriz=False, flipVert=False, image='break.jpg', interpolate=True, mask=None, maskParams=None, name='unnamed ImageStim', opacity=1.0, ori=0.0, pos=array([0., 0.]), size=array([1536.,  864.]), texRes=128, units='pix', win=Window(...))
263.3669 	DATA 	Keypress: space
263.3835 	EXP 	unnamed TextStim: height = 25.0
263.3835 	EXP 	unnamed TextStim: height = 25.0
263.3835 	EXP 	unnamed TextStim: height = 25.0
263.3835 	EXP 	unnamed TextStim: text = '↓'
265.0943 	DATA 	Keypress: down
265.0954 	EXP 	unnamed TextStim: text = '↓'
266.6244 	DATA 	Keypress: down
266.6265 	EXP 	unnamed TextStim: height = 25.0
266.6265 	EXP 	unnamed TextStim: height = 25.0
266.6265 	EXP 	unnamed TextStim: height = 25.0
266.6265 	EXP 	unnamed TextStim: text = '→'
268.1208 	DATA 	Keypress: right
268.1258 	EXP 	unnamed TextStim: height = 25.0
268.1258 	EXP 	unnamed TextStim: height = 25.0
268.1258 	EXP 	unnamed TextStim: height = 25.0
268.1258 	EXP 	unnamed TextStim: text = '↑'
269.5969 	DATA 	Keypress: up
269.5990 	EXP 	unnamed TextStim: height = 25.0
269.5990 	EXP 	unnamed TextStim: height = 25.0
269.5990 	EXP 	unnamed TextStim: height = 25.0
269.5990 	EXP 	unnamed TextStim: text = '↓'
271.0410 	DATA 	Keypress: down
271.0431 	EXP 	unnamed TextStim: height = 25.0
271.0431 	EXP 	unnamed TextStim: height = 25.0
271.0431 	EXP 	unnamed TextStim: height = 25.0
271.0431 	EXP 	unnamed TextStim: text = '↑'
272.4588 	DATA 	Keypress: up
272.5623 	EXP 	Created unnamed ImageStim = ImageStim(__class__=<class 'psychopy.visual.image.ImageStim'>, anchor=('center', 'center'), autoLog=True, color=array([1., 1., 1.]), colorSpace='rgb', contrast=1.0, depth=0, flipHoriz=False, flipVert=False, image='break.jpg', interpolate=True, mask=None, maskParams=None, name='unnamed ImageStim', opacity=1.0, ori=0.0, pos=array([0., 0.]), size=array([1536.,  864.]), texRes=128, units='pix', win=Window(...))
273.0259 	DATA 	Keypress: space
273.0465 	EXP 	Created unnamed TextStim = TextStim(__class__=<class 'psychopy.visual.text.TextStim'>, alignHoriz=method-wrapper(...), alignText='center', alignVert=method-wrapper(...), anchorHoriz='center', anchorVert='center', antialias=True, autoDraw=False, autoLog=True, bold=False, color=array([-1, -1, -1]), colorSpace='rgb', contrast=1.0, depth=0, flipHoriz=False, flipVert=False, font='', fontFiles=[], height=20.0, italic=False, languageStyle='LTR', name='unnamed TextStim', opacity=1.0, ori=0.0, pos=array([0., 0.]), rgb=UNKNOWN, text=str(...), units='pix', win=Window(...), wrapWidth=1536)
274.2516 	DATA 	Keypress: space
274.3419 	EXP 	window1: mouseVisible = True
