13.0528 	WARNING 	User requested fullscreen with size [1536  864], but screen is actually [1920, 1080]. Using actual size
14.5429 	INFO 	FRAME RATE: 60
14.5429 	INFO 	SCREEN RES: odict_values([1536, 864])
14.6043 	EXP 	Created unnamed TextStim = TextStim(__class__=<class 'psychopy.visual.text.TextStim'>, alignHoriz=method-wrapper(...), alignText='center', alignVert=method-wrapper(...), anchorHoriz='center', anchorVert='center', antialias=True, autoDraw=False, autoLog=True, bold=False, color=array([-1, -1, -1]), colorSpace='rgb', contrast=1.0, depth=0, flipHoriz=False, flipVert=False, font='', fontFiles=[], height=100.0, italic=False, languageStyle='LTR', name='unnamed TextStim', opacity=1.0, ori=0.0, pos=array([0., 0.]), rgb=UNKNOWN, text='+', units='pix', win=Window(...), wrapWidth=500)
14.6087 	EXP 	Created unnamed Circle = Circle(__class__=<class 'psychopy.visual.circle.Circle'>, anchor=('center', 'center'), autoDraw=False, autoLog=True, closeShape=True, color=method-wrapper(...), colorSpace='rgb', contrast=None, depth=0, fillColor=array([ 0.09019608, -1.        , -1.        ]), fillColorSpace='rgb', fillRGB=array([ 0.09019608, -1.        , -1.        ]), interpolate=True, lineColor=array([ 0.09019608, -1.        , -1.        ]), lineColorSpace='rgb', lineRGB=array([ 0.09019608, -1.        , -1.        ]), lineWidth=1.5, name='unnamed Circle', opacity=1.0, ori=0.0, pos=array([0., 0.]), size=array([1., 1.]), units='pix', vertices=ndarray(...), win=Window(...))
14.6096 	EXP 	Created unnamed TextStim = TextStim(__class__=<class 'psychopy.visual.text.TextStim'>, alignHoriz=method-wrapper(...), alignText='center', alignVert=method-wrapper(...), anchorHoriz='center', anchorVert='center', antialias=True, autoDraw=False, autoLog=True, bold=False, color=array([-0.17647059, -0.17647059, -0.17647059]), colorSpace='rgb', contrast=1.0, depth=0, flipHoriz=False, flipVert=False, font='', fontFiles=[], height=25, italic=False, languageStyle='LTR', name='unnamed TextStim', opacity=1.0, ori=0.0, pos=array([0., 0.]), rgb=UNKNOWN, text='', units='pix', win=Window(...), wrapWidth=500)
14.6188 	EXP 	Created unnamed ImageStim = ImageStim(__class__=<class 'psychopy.visual.image.ImageStim'>, anchor=('center', 'center'), autoLog=True, color=array([1., 1., 1.]), colorSpace='rgb', contrast=1.0, depth=0, flipHoriz=False, flipVert=False, image='mask4.png', interpolate=False, mask=None, maskParams=None, name='unnamed ImageStim', opacity=1.0, ori=0.0, pos=array([0., 0.]), size=array([25., 25.]), texRes=128, units='pix', win=Window(...))
14.6261 	EXP 	Created unnamed TextStim = TextStim(__class__=<class 'psychopy.visual.text.TextStim'>, alignHoriz=method-wrapper(...), alignText='center', alignVert=method-wrapper(...), anchorHoriz='center', anchorVert='center', antialias=True, autoDraw=False, autoLog=True, bold=False, color=array([-1, -1, -1]), colorSpace='rgb', contrast=1.0, depth=0, flipHoriz=False, flipVert=False, font='', fontFiles=[], height=30.0, italic=False, languageStyle='LTR', name='unnamed TextStim', opacity=1.0, ori=0.0, pos=array([ 100., -300.]), rgb=UNKNOWN, text=str(...), units='pix', win=Window(...), wrapWidth=10000)
14.6360 	EXP 	Created unnamed TextStim = TextStim(__class__=<class 'psychopy.visual.text.TextStim'>, alignHoriz=method-wrapper(...), alignText='center', alignVert=method-wrapper(...), anchorHoriz='center', anchorVert='center', antialias=True, autoDraw=False, autoLog=True, bold=False, color=array([-1, -1, -1]), colorSpace='rgb', contrast=1.0, depth=0, flipHoriz=False, flipVert=False, font='', fontFiles=[], height=30.0, italic=False, languageStyle='LTR', name='unnamed TextStim', opacity=1.0, ori=0.0, pos=array([ 100., -330.]), rgb=UNKNOWN, text=str(...), units='pix', win=Window(...), wrapWidth=10000)
14.6750 	EXP 	Created unnamed TextStim = TextStim(__class__=<class 'psychopy.visual.text.TextStim'>, alignHoriz=method-wrapper(...), alignText='center', alignVert=method-wrapper(...), anchorHoriz='center', anchorVert='center', antialias=True, autoDraw=False, autoLog=True, bold=False, color=array([-1, -1, -1]), colorSpace='rgb', contrast=1.0, depth=0, flipHoriz=False, flipVert=False, font='', fontFiles=[], height=20.0, italic=False, languageStyle='LTR', name='unnamed TextStim', opacity=1.0, ori=0.0, pos=array([0., 0.]), rgb=UNKNOWN, text=str(...), units='pix', win=Window(...), wrapWidth=1536)
34.1661 	DATA 	Keypress: space
34.1751 	EXP 	unnamed TextStim: height = 25.0
34.1751 	EXP 	unnamed TextStim: height = 25.0
34.1751 	EXP 	unnamed TextStim: height = 25.0
34.1751 	EXP 	unnamed TextStim: text = '↓'
37.0553 	DATA 	Keypress: down
37.0636 	EXP 	Created unnamed TextStim = TextStim(__class__=<class 'psychopy.visual.text.TextStim'>, alignHoriz=method-wrapper(...), alignText='center', alignVert=method-wrapper(...), anchorHoriz='center', anchorVert='center', antialias=True, autoDraw=False, autoLog=True, bold=False, color=array([-1, -1, -1]), colorSpace='rgb', contrast=1.0, depth=0, flipHoriz=False, flipVert=False, font='', fontFiles=[], height=50.0, italic=False, languageStyle='LTR', name='unnamed TextStim', opacity=1.0, ori=0.0, pos=array([0., 0.]), rgb=UNKNOWN, text='Poprawnie', units='pix', win=Window(...), wrapWidth=500)
38.0754 	EXP 	unnamed TextStim: height = 25.0
38.0754 	EXP 	unnamed TextStim: height = 25.0
38.0754 	EXP 	unnamed TextStim: height = 25.0
38.0754 	EXP 	unnamed TextStim: text = '←'
40.4297 	DATA 	Keypress: left
40.4319 	EXP 	Created unnamed TextStim = TextStim(__class__=<class 'psychopy.visual.text.TextStim'>, alignHoriz=method-wrapper(...), alignText='center', alignVert=method-wrapper(...), anchorHoriz='center', anchorVert='center', antialias=True, autoDraw=False, autoLog=True, bold=False, color=array([-1, -1, -1]), colorSpace='rgb', contrast=1.0, depth=0, flipHoriz=False, flipVert=False, font='', fontFiles=[], height=50.0, italic=False, languageStyle='LTR', name='unnamed TextStim', opacity=1.0, ori=0.0, pos=array([0., 0.]), rgb=UNKNOWN, text='Poprawnie', units='pix', win=Window(...), wrapWidth=500)
41.4423 	EXP 	unnamed TextStim: height = 25.0
41.4423 	EXP 	unnamed TextStim: height = 25.0
41.4423 	EXP 	unnamed TextStim: height = 25.0
41.4423 	EXP 	unnamed TextStim: text = '→'
44.4094 	DATA 	No keypress (maxWait exceeded)
44.4129 	EXP 	Created unnamed TextStim = TextStim(__class__=<class 'psychopy.visual.text.TextStim'>, alignHoriz=method-wrapper(...), alignText='center', alignVert=method-wrapper(...), anchorHoriz='center', anchorVert='center', antialias=True, autoDraw=False, autoLog=True, bold=False, color=array([-1, -1, -1]), colorSpace='rgb', contrast=1.0, depth=0, flipHoriz=False, flipVert=False, font='', fontFiles=[], height=50.0, italic=False, languageStyle='LTR', name='unnamed TextStim', opacity=1.0, ori=0.0, pos=array([0., 0.]), rgb=UNKNOWN, text='Niepoprawnie', units='pix', win=Window(...), wrapWidth=500)
45.2145 	DATA 	Keypress: right
45.4258 	EXP 	unnamed TextStim: height = 25.0
45.4258 	EXP 	unnamed TextStim: height = 25.0
45.4258 	EXP 	unnamed TextStim: height = 25.0
45.4258 	EXP 	unnamed TextStim: text = '↑'
47.4377 	DATA 	Keypress: up
47.4397 	EXP 	Created unnamed TextStim = TextStim(__class__=<class 'psychopy.visual.text.TextStim'>, alignHoriz=method-wrapper(...), alignText='center', alignVert=method-wrapper(...), anchorHoriz='center', anchorVert='center', antialias=True, autoDraw=False, autoLog=True, bold=False, color=array([-1, -1, -1]), colorSpace='rgb', contrast=1.0, depth=0, flipHoriz=False, flipVert=False, font='', fontFiles=[], height=50.0, italic=False, languageStyle='LTR', name='unnamed TextStim', opacity=1.0, ori=0.0, pos=array([0., 0.]), rgb=UNKNOWN, text='Poprawnie', units='pix', win=Window(...), wrapWidth=500)
48.4593 	EXP 	unnamed TextStim: height = 25.0
48.4593 	EXP 	unnamed TextStim: height = 25.0
48.4593 	EXP 	unnamed TextStim: height = 25.0
48.4593 	EXP 	unnamed TextStim: text = '→'
50.5665 	DATA 	Keypress: right
50.5684 	EXP 	Created unnamed TextStim = TextStim(__class__=<class 'psychopy.visual.text.TextStim'>, alignHoriz=method-wrapper(...), alignText='center', alignVert=method-wrapper(...), anchorHoriz='center', anchorVert='center', antialias=True, autoDraw=False, autoLog=True, bold=False, color=array([-1, -1, -1]), colorSpace='rgb', contrast=1.0, depth=0, flipHoriz=False, flipVert=False, font='', fontFiles=[], height=50.0, italic=False, languageStyle='LTR', name='unnamed TextStim', opacity=1.0, ori=0.0, pos=array([0., 0.]), rgb=UNKNOWN, text='Poprawnie', units='pix', win=Window(...), wrapWidth=500)
51.5760 	EXP 	unnamed TextStim: height = 25.0
51.5760 	EXP 	unnamed TextStim: height = 25.0
51.5760 	EXP 	unnamed TextStim: height = 25.0
51.5760 	EXP 	unnamed TextStim: text = '↓'
53.5839 	DATA 	Keypress: up
53.5865 	EXP 	Created unnamed TextStim = TextStim(__class__=<class 'psychopy.visual.text.TextStim'>, alignHoriz=method-wrapper(...), alignText='center', alignVert=method-wrapper(...), anchorHoriz='center', anchorVert='center', antialias=True, autoDraw=False, autoLog=True, bold=False, color=array([-1, -1, -1]), colorSpace='rgb', contrast=1.0, depth=0, flipHoriz=False, flipVert=False, font='', fontFiles=[], height=50.0, italic=False, languageStyle='LTR', name='unnamed TextStim', opacity=1.0, ori=0.0, pos=array([0., 0.]), rgb=UNKNOWN, text='Niepoprawnie', units='pix', win=Window(...), wrapWidth=500)
54.5928 	EXP 	unnamed TextStim: height = 25.0
54.5928 	EXP 	unnamed TextStim: height = 25.0
54.5928 	EXP 	unnamed TextStim: height = 25.0
54.5928 	EXP 	unnamed TextStim: text = '↑'
56.3780 	DATA 	Keypress: up
56.3804 	EXP 	Created unnamed TextStim = TextStim(__class__=<class 'psychopy.visual.text.TextStim'>, alignHoriz=method-wrapper(...), alignText='center', alignVert=method-wrapper(...), anchorHoriz='center', anchorVert='center', antialias=True, autoDraw=False, autoLog=True, bold=False, color=array([-1, -1, -1]), colorSpace='rgb', contrast=1.0, depth=0, flipHoriz=False, flipVert=False, font='', fontFiles=[], height=50.0, italic=False, languageStyle='LTR', name='unnamed TextStim', opacity=1.0, ori=0.0, pos=array([0., 0.]), rgb=UNKNOWN, text='Poprawnie', units='pix', win=Window(...), wrapWidth=500)
57.3928 	EXP 	unnamed TextStim: text = '↑'
59.2259 	DATA 	Keypress: up
59.2280 	EXP 	Created unnamed TextStim = TextStim(__class__=<class 'psychopy.visual.text.TextStim'>, alignHoriz=method-wrapper(...), alignText='center', alignVert=method-wrapper(...), anchorHoriz='center', anchorVert='center', antialias=True, autoDraw=False, autoLog=True, bold=False, color=array([-1, -1, -1]), colorSpace='rgb', contrast=1.0, depth=0, flipHoriz=False, flipVert=False, font='', fontFiles=[], height=50.0, italic=False, languageStyle='LTR', name='unnamed TextStim', opacity=1.0, ori=0.0, pos=array([0., 0.]), rgb=UNKNOWN, text='Poprawnie', units='pix', win=Window(...), wrapWidth=500)
60.2432 	EXP 	unnamed TextStim: height = 25.0
60.2432 	EXP 	unnamed TextStim: height = 25.0
60.2432 	EXP 	unnamed TextStim: height = 25.0
60.2432 	EXP 	unnamed TextStim: text = '→'
61.6604 	DATA 	Keypress: right
61.6656 	EXP 	Created unnamed TextStim = TextStim(__class__=<class 'psychopy.visual.text.TextStim'>, alignHoriz=method-wrapper(...), alignText='center', alignVert=method-wrapper(...), anchorHoriz='center', anchorVert='center', antialias=True, autoDraw=False, autoLog=True, bold=False, color=array([-1, -1, -1]), colorSpace='rgb', contrast=1.0, depth=0, flipHoriz=False, flipVert=False, font='', fontFiles=[], height=50.0, italic=False, languageStyle='LTR', name='unnamed TextStim', opacity=1.0, ori=0.0, pos=array([0., 0.]), rgb=UNKNOWN, text='Poprawnie', units='pix', win=Window(...), wrapWidth=500)
62.6930 	EXP 	unnamed TextStim: height = 25.0
62.6930 	EXP 	unnamed TextStim: height = 25.0
62.6930 	EXP 	unnamed TextStim: height = 25.0
62.6930 	EXP 	unnamed TextStim: text = '↓'
64.1272 	DATA 	Keypress: up
64.1326 	EXP 	Created unnamed TextStim = TextStim(__class__=<class 'psychopy.visual.text.TextStim'>, alignHoriz=method-wrapper(...), alignText='center', alignVert=method-wrapper(...), anchorHoriz='center', anchorVert='center', antialias=True, autoDraw=False, autoLog=True, bold=False, color=array([-1, -1, -1]), colorSpace='rgb', contrast=1.0, depth=0, flipHoriz=False, flipVert=False, font='', fontFiles=[], height=50.0, italic=False, languageStyle='LTR', name='unnamed TextStim', opacity=1.0, ori=0.0, pos=array([0., 0.]), rgb=UNKNOWN, text='Niepoprawnie', units='pix', win=Window(...), wrapWidth=500)
65.1599 	EXP 	unnamed TextStim: height = 25.0
65.1599 	EXP 	unnamed TextStim: height = 25.0
65.1599 	EXP 	unnamed TextStim: height = 25.0
65.1599 	EXP 	unnamed TextStim: text = '←'
66.7877 	DATA 	Keypress: left
66.7900 	EXP 	Created unnamed TextStim = TextStim(__class__=<class 'psychopy.visual.text.TextStim'>, alignHoriz=method-wrapper(...), alignText='center', alignVert=method-wrapper(...), anchorHoriz='center', anchorVert='center', antialias=True, autoDraw=False, autoLog=True, bold=False, color=array([-1, -1, -1]), colorSpace='rgb', contrast=1.0, depth=0, flipHoriz=False, flipVert=False, font='', fontFiles=[], height=50.0, italic=False, languageStyle='LTR', name='unnamed TextStim', opacity=1.0, ori=0.0, pos=array([0., 0.]), rgb=UNKNOWN, text='Poprawnie', units='pix', win=Window(...), wrapWidth=500)
67.7940 	EXP 	unnamed TextStim: height = 25.0
67.7940 	EXP 	unnamed TextStim: height = 25.0
67.7940 	EXP 	unnamed TextStim: height = 25.0
67.7940 	EXP 	unnamed TextStim: text = '→'
69.0613 	DATA 	Keypress: left
69.0825 	EXP 	Created unnamed TextStim = TextStim(__class__=<class 'psychopy.visual.text.TextStim'>, alignHoriz=method-wrapper(...), alignText='center', alignVert=method-wrapper(...), anchorHoriz='center', anchorVert='center', antialias=True, autoDraw=False, autoLog=True, bold=False, color=array([-1, -1, -1]), colorSpace='rgb', contrast=1.0, depth=0, flipHoriz=False, flipVert=False, font='', fontFiles=[], height=50.0, italic=False, languageStyle='LTR', name='unnamed TextStim', opacity=1.0, ori=0.0, pos=array([0., 0.]), rgb=UNKNOWN, text='Niepoprawnie', units='pix', win=Window(...), wrapWidth=500)
70.1100 	EXP 	unnamed TextStim: height = 25.0
70.1100 	EXP 	unnamed TextStim: height = 25.0
70.1100 	EXP 	unnamed TextStim: height = 25.0
70.1100 	EXP 	unnamed TextStim: text = '←'
71.8185 	DATA 	Keypress: left
71.8209 	EXP 	Created unnamed TextStim = TextStim(__class__=<class 'psychopy.visual.text.TextStim'>, alignHoriz=method-wrapper(...), alignText='center', alignVert=method-wrapper(...), anchorHoriz='center', anchorVert='center', antialias=True, autoDraw=False, autoLog=True, bold=False, color=array([-1, -1, -1]), colorSpace='rgb', contrast=1.0, depth=0, flipHoriz=False, flipVert=False, font='', fontFiles=[], height=50.0, italic=False, languageStyle='LTR', name='unnamed TextStim', opacity=1.0, ori=0.0, pos=array([0., 0.]), rgb=UNKNOWN, text='Poprawnie', units='pix', win=Window(...), wrapWidth=500)
72.8268 	EXP 	unnamed TextStim: text = '←'
75.0283 	DATA 	Keypress: right
75.0309 	EXP 	Created unnamed TextStim = TextStim(__class__=<class 'psychopy.visual.text.TextStim'>, alignHoriz=method-wrapper(...), alignText='center', alignVert=method-wrapper(...), anchorHoriz='center', anchorVert='center', antialias=True, autoDraw=False, autoLog=True, bold=False, color=array([-1, -1, -1]), colorSpace='rgb', contrast=1.0, depth=0, flipHoriz=False, flipVert=False, font='', fontFiles=[], height=50.0, italic=False, languageStyle='LTR', name='unnamed TextStim', opacity=1.0, ori=0.0, pos=array([0., 0.]), rgb=UNKNOWN, text='Niepoprawnie', units='pix', win=Window(...), wrapWidth=500)
76.0436 	EXP 	unnamed TextStim: height = 25.0
76.0436 	EXP 	unnamed TextStim: height = 25.0
76.0436 	EXP 	unnamed TextStim: height = 25.0
76.0436 	EXP 	unnamed TextStim: text = '↓'
77.7716 	DATA 	Keypress: down
77.7735 	EXP 	Created unnamed TextStim = TextStim(__class__=<class 'psychopy.visual.text.TextStim'>, alignHoriz=method-wrapper(...), alignText='center', alignVert=method-wrapper(...), anchorHoriz='center', anchorVert='center', antialias=True, autoDraw=False, autoLog=True, bold=False, color=array([-1, -1, -1]), colorSpace='rgb', contrast=1.0, depth=0, flipHoriz=False, flipVert=False, font='', fontFiles=[], height=50.0, italic=False, languageStyle='LTR', name='unnamed TextStim', opacity=1.0, ori=0.0, pos=array([0., 0.]), rgb=UNKNOWN, text='Poprawnie', units='pix', win=Window(...), wrapWidth=500)
78.8058 	EXP 	Created unnamed TextStim = TextStim(__class__=<class 'psychopy.visual.text.TextStim'>, alignHoriz=method-wrapper(...), alignText='center', alignVert=method-wrapper(...), anchorHoriz='center', anchorVert='center', antialias=True, autoDraw=False, autoLog=True, bold=False, color=array([-1, -1, -1]), colorSpace='rgb', contrast=1.0, depth=0, flipHoriz=False, flipVert=False, font='', fontFiles=[], height=20.0, italic=False, languageStyle='LTR', name='unnamed TextStim', opacity=1.0, ori=0.0, pos=array([0., 0.]), rgb=UNKNOWN, text=str(...), units='pix', win=Window(...), wrapWidth=1536)
90.1366 	DATA 	Keypress: space
90.1441 	EXP 	unnamed TextStim: text = '↓'
91.9143 	DATA 	Keypress: down
91.9219 	EXP 	Created unnamed TextStim = TextStim(__class__=<class 'psychopy.visual.text.TextStim'>, alignHoriz=method-wrapper(...), alignText='center', alignVert=method-wrapper(...), anchorHoriz='center', anchorVert='center', antialias=True, autoDraw=False, autoLog=True, bold=False, color=array([-1, -1, -1]), colorSpace='rgb', contrast=1.0, depth=0, flipHoriz=False, flipVert=False, font='', fontFiles=[], height=50.0, italic=False, languageStyle='LTR', name='unnamed TextStim', opacity=1.0, ori=0.0, pos=array([0., 0.]), rgb=UNKNOWN, text='Poprawnie', units='pix', win=Window(...), wrapWidth=500)
92.9273 	EXP 	unnamed TextStim: height = 25.0
92.9273 	EXP 	unnamed TextStim: height = 25.0
92.9273 	EXP 	unnamed TextStim: height = 25.0
92.9273 	EXP 	unnamed TextStim: text = '→'
94.4320 	DATA 	Keypress: right
94.4345 	EXP 	Created unnamed TextStim = TextStim(__class__=<class 'psychopy.visual.text.TextStim'>, alignHoriz=method-wrapper(...), alignText='center', alignVert=method-wrapper(...), anchorHoriz='center', anchorVert='center', antialias=True, autoDraw=False, autoLog=True, bold=False, color=array([-1, -1, -1]), colorSpace='rgb', contrast=1.0, depth=0, flipHoriz=False, flipVert=False, font='', fontFiles=[], height=50.0, italic=False, languageStyle='LTR', name='unnamed TextStim', opacity=1.0, ori=0.0, pos=array([0., 0.]), rgb=UNKNOWN, text='Poprawnie', units='pix', win=Window(...), wrapWidth=500)
95.4442 	EXP 	unnamed TextStim: height = 25.0
95.4442 	EXP 	unnamed TextStim: height = 25.0
95.4442 	EXP 	unnamed TextStim: height = 25.0
95.4442 	EXP 	unnamed TextStim: text = '↓'
96.9566 	DATA 	Keypress: down
96.9589 	EXP 	Created unnamed TextStim = TextStim(__class__=<class 'psychopy.visual.text.TextStim'>, alignHoriz=method-wrapper(...), alignText='center', alignVert=method-wrapper(...), anchorHoriz='center', anchorVert='center', antialias=True, autoDraw=False, autoLog=True, bold=False, color=array([-1, -1, -1]), colorSpace='rgb', contrast=1.0, depth=0, flipHoriz=False, flipVert=False, font='', fontFiles=[], height=50.0, italic=False, languageStyle='LTR', name='unnamed TextStim', opacity=1.0, ori=0.0, pos=array([0., 0.]), rgb=UNKNOWN, text='Poprawnie', units='pix', win=Window(...), wrapWidth=500)
97.9778 	EXP 	unnamed TextStim: height = 25.0
97.9778 	EXP 	unnamed TextStim: height = 25.0
97.9778 	EXP 	unnamed TextStim: height = 25.0
97.9778 	EXP 	unnamed TextStim: text = '→'
99.8939 	DATA 	Keypress: down
99.8971 	EXP 	Created unnamed TextStim = TextStim(__class__=<class 'psychopy.visual.text.TextStim'>, alignHoriz=method-wrapper(...), alignText='center', alignVert=method-wrapper(...), anchorHoriz='center', anchorVert='center', antialias=True, autoDraw=False, autoLog=True, bold=False, color=array([-1, -1, -1]), colorSpace='rgb', contrast=1.0, depth=0, flipHoriz=False, flipVert=False, font='', fontFiles=[], height=50.0, italic=False, languageStyle='LTR', name='unnamed TextStim', opacity=1.0, ori=0.0, pos=array([0., 0.]), rgb=UNKNOWN, text='Niepoprawnie', units='pix', win=Window(...), wrapWidth=500)
100.9112 	EXP 	unnamed TextStim: height = 25.0
100.9112 	EXP 	unnamed TextStim: height = 25.0
100.9112 	EXP 	unnamed TextStim: height = 25.0
100.9112 	EXP 	unnamed TextStim: text = '↓'
102.5026 	DATA 	Keypress: down
102.5046 	EXP 	Created unnamed TextStim = TextStim(__class__=<class 'psychopy.visual.text.TextStim'>, alignHoriz=method-wrapper(...), alignText='center', alignVert=method-wrapper(...), anchorHoriz='center', anchorVert='center', antialias=True, autoDraw=False, autoLog=True, bold=False, color=array([-1, -1, -1]), colorSpace='rgb', contrast=1.0, depth=0, flipHoriz=False, flipVert=False, font='', fontFiles=[], height=50.0, italic=False, languageStyle='LTR', name='unnamed TextStim', opacity=1.0, ori=0.0, pos=array([0., 0.]), rgb=UNKNOWN, text='Poprawnie', units='pix', win=Window(...), wrapWidth=500)
103.5113 	EXP 	unnamed TextStim: text = '↓'
105.2087 	DATA 	Keypress: down
105.2107 	EXP 	Created unnamed TextStim = TextStim(__class__=<class 'psychopy.visual.text.TextStim'>, alignHoriz=method-wrapper(...), alignText='center', alignVert=method-wrapper(...), anchorHoriz='center', anchorVert='center', antialias=True, autoDraw=False, autoLog=True, bold=False, color=array([-1, -1, -1]), colorSpace='rgb', contrast=1.0, depth=0, flipHoriz=False, flipVert=False, font='', fontFiles=[], height=50.0, italic=False, languageStyle='LTR', name='unnamed TextStim', opacity=1.0, ori=0.0, pos=array([0., 0.]), rgb=UNKNOWN, text='Poprawnie', units='pix', win=Window(...), wrapWidth=500)
106.2281 	EXP 	unnamed TextStim: height = 25.0
106.2281 	EXP 	unnamed TextStim: height = 25.0
106.2281 	EXP 	unnamed TextStim: height = 25.0
106.2281 	EXP 	unnamed TextStim: text = '↑'
107.8756 	DATA 	Keypress: up
107.8780 	EXP 	Created unnamed TextStim = TextStim(__class__=<class 'psychopy.visual.text.TextStim'>, alignHoriz=method-wrapper(...), alignText='center', alignVert=method-wrapper(...), anchorHoriz='center', anchorVert='center', antialias=True, autoDraw=False, autoLog=True, bold=False, color=array([-1, -1, -1]), colorSpace='rgb', contrast=1.0, depth=0, flipHoriz=False, flipVert=False, font='', fontFiles=[], height=50.0, italic=False, languageStyle='LTR', name='unnamed TextStim', opacity=1.0, ori=0.0, pos=array([0., 0.]), rgb=UNKNOWN, text='Poprawnie', units='pix', win=Window(...), wrapWidth=500)
108.8949 	EXP 	unnamed TextStim: height = 25.0
108.8949 	EXP 	unnamed TextStim: height = 25.0
108.8949 	EXP 	unnamed TextStim: height = 25.0
108.8949 	EXP 	unnamed TextStim: text = '↓'
110.5760 	DATA 	Keypress: down
110.5782 	EXP 	Created unnamed TextStim = TextStim(__class__=<class 'psychopy.visual.text.TextStim'>, alignHoriz=method-wrapper(...), alignText='center', alignVert=method-wrapper(...), anchorHoriz='center', anchorVert='center', antialias=True, autoDraw=False, autoLog=True, bold=False, color=array([-1, -1, -1]), colorSpace='rgb', contrast=1.0, depth=0, flipHoriz=False, flipVert=False, font='', fontFiles=[], height=50.0, italic=False, languageStyle='LTR', name='unnamed TextStim', opacity=1.0, ori=0.0, pos=array([0., 0.]), rgb=UNKNOWN, text='Poprawnie', units='pix', win=Window(...), wrapWidth=500)
111.5950 	EXP 	unnamed TextStim: height = 25.0
111.5950 	EXP 	unnamed TextStim: height = 25.0
111.5950 	EXP 	unnamed TextStim: height = 25.0
111.5950 	EXP 	unnamed TextStim: text = '↑'
113.2247 	DATA 	Keypress: up
113.2270 	EXP 	Created unnamed TextStim = TextStim(__class__=<class 'psychopy.visual.text.TextStim'>, alignHoriz=method-wrapper(...), alignText='center', alignVert=method-wrapper(...), anchorHoriz='center', anchorVert='center', antialias=True, autoDraw=False, autoLog=True, bold=False, color=array([-1, -1, -1]), colorSpace='rgb', contrast=1.0, depth=0, flipHoriz=False, flipVert=False, font='', fontFiles=[], height=50.0, italic=False, languageStyle='LTR', name='unnamed TextStim', opacity=1.0, ori=0.0, pos=array([0., 0.]), rgb=UNKNOWN, text='Poprawnie', units='pix', win=Window(...), wrapWidth=500)
114.2451 	EXP 	unnamed TextStim: text = '↑'
115.8063 	DATA 	Keypress: up
115.8088 	EXP 	Created unnamed TextStim = TextStim(__class__=<class 'psychopy.visual.text.TextStim'>, alignHoriz=method-wrapper(...), alignText='center', alignVert=method-wrapper(...), anchorHoriz='center', anchorVert='center', antialias=True, autoDraw=False, autoLog=True, bold=False, color=array([-1, -1, -1]), colorSpace='rgb', contrast=1.0, depth=0, flipHoriz=False, flipVert=False, font='', fontFiles=[], height=50.0, italic=False, languageStyle='LTR', name='unnamed TextStim', opacity=1.0, ori=0.0, pos=array([0., 0.]), rgb=UNKNOWN, text='Poprawnie', units='pix', win=Window(...), wrapWidth=500)
116.8384 	EXP 	Created unnamed TextStim = TextStim(__class__=<class 'psychopy.visual.text.TextStim'>, alignHoriz=method-wrapper(...), alignText='center', alignVert=method-wrapper(...), anchorHoriz='center', anchorVert='center', antialias=True, autoDraw=False, autoLog=True, bold=False, color=array([-1, -1, -1]), colorSpace='rgb', contrast=1.0, depth=0, flipHoriz=False, flipVert=False, font='', fontFiles=[], height=20.0, italic=False, languageStyle='LTR', name='unnamed TextStim', opacity=1.0, ori=0.0, pos=array([0., 0.]), rgb=UNKNOWN, text=str(...), units='pix', win=Window(...), wrapWidth=1536)
125.3282 	DATA 	Keypress: space
125.3453 	EXP 	unnamed TextStim: height = 25.0
125.3453 	EXP 	unnamed TextStim: height = 25.0
125.3453 	EXP 	unnamed TextStim: height = 25.0
125.3453 	EXP 	unnamed TextStim: text = '↓'
127.3142 	DATA 	Keypress: up
127.3154 	EXP 	unnamed TextStim: text = '↓'
129.0130 	DATA 	Keypress: down
129.0159 	EXP 	unnamed TextStim: height = 25.0
129.0159 	EXP 	unnamed TextStim: height = 25.0
129.0159 	EXP 	unnamed TextStim: height = 25.0
129.0159 	EXP 	unnamed TextStim: text = '←'
131.3095 	DATA 	Keypress: up
131.3120 	EXP 	unnamed TextStim: height = 25.0
131.3120 	EXP 	unnamed TextStim: height = 25.0
131.3120 	EXP 	unnamed TextStim: height = 25.0
131.3120 	EXP 	unnamed TextStim: text = '↑'
132.9891 	DATA 	Keypress: up
132.9903 	EXP 	unnamed TextStim: text = '↑'
134.7643 	DATA 	Keypress: up
134.7654 	EXP 	unnamed TextStim: text = '↑'
136.4647 	DATA 	Keypress: up
136.6098 	EXP 	Created unnamed ImageStim = ImageStim(__class__=<class 'psychopy.visual.image.ImageStim'>, anchor=('center', 'center'), autoLog=True, color=array([1., 1., 1.]), colorSpace='rgb', contrast=1.0, depth=0, flipHoriz=False, flipVert=False, image='break.jpg', interpolate=True, mask=None, maskParams=None, name='unnamed ImageStim', opacity=1.0, ori=0.0, pos=array([0., 0.]), size=array([1536.,  864.]), texRes=128, units='pix', win=Window(...))
139.1757 	DATA 	Keypress: space
139.1792 	EXP 	unnamed TextStim: height = 25.0
139.1792 	EXP 	unnamed TextStim: height = 25.0
139.1792 	EXP 	unnamed TextStim: height = 25.0
139.1792 	EXP 	unnamed TextStim: text = '→'
140.8340 	DATA 	Keypress: right
140.8360 	EXP 	unnamed TextStim: height = 25.0
140.8360 	EXP 	unnamed TextStim: height = 25.0
140.8360 	EXP 	unnamed TextStim: height = 25.0
140.8360 	EXP 	unnamed TextStim: text = '↓'
142.8678 	DATA 	Keypress: left
142.8702 	EXP 	unnamed TextStim: height = 25.0
142.8702 	EXP 	unnamed TextStim: height = 25.0
142.8702 	EXP 	unnamed TextStim: height = 25.0
142.8702 	EXP 	unnamed TextStim: text = '→'
144.8185 	DATA 	Keypress: left
144.8207 	EXP 	unnamed TextStim: height = 25.0
144.8207 	EXP 	unnamed TextStim: height = 25.0
144.8207 	EXP 	unnamed TextStim: height = 25.0
144.8207 	EXP 	unnamed TextStim: text = '←'
146.8924 	DATA 	Keypress: left
146.8957 	EXP 	unnamed TextStim: height = 25.0
146.8957 	EXP 	unnamed TextStim: height = 25.0
146.8957 	EXP 	unnamed TextStim: height = 25.0
146.8957 	EXP 	unnamed TextStim: text = '↑'
148.4796 	DATA 	Keypress: up
148.4809 	EXP 	unnamed TextStim: text = '↑'
150.0917 	DATA 	Keypress: up
150.2339 	EXP 	Created unnamed ImageStim = ImageStim(__class__=<class 'psychopy.visual.image.ImageStim'>, anchor=('center', 'center'), autoLog=True, color=array([1., 1., 1.]), colorSpace='rgb', contrast=1.0, depth=0, flipHoriz=False, flipVert=False, image='break.jpg', interpolate=True, mask=None, maskParams=None, name='unnamed ImageStim', opacity=1.0, ori=0.0, pos=array([0., 0.]), size=array([1536.,  864.]), texRes=128, units='pix', win=Window(...))
151.7641 	DATA 	Keypress: space
151.7798 	EXP 	unnamed TextStim: text = '↑'
153.4966 	DATA 	Keypress: up
153.4987 	EXP 	unnamed TextStim: height = 25.0
153.4987 	EXP 	unnamed TextStim: height = 25.0
153.4987 	EXP 	unnamed TextStim: height = 25.0
153.4987 	EXP 	unnamed TextStim: text = '←'
155.1604 	DATA 	Keypress: left
155.1625 	EXP 	unnamed TextStim: height = 25.0
155.1625 	EXP 	unnamed TextStim: height = 25.0
155.1625 	EXP 	unnamed TextStim: height = 25.0
155.1625 	EXP 	unnamed TextStim: text = '→'
156.8741 	DATA 	Keypress: right
156.8763 	EXP 	unnamed TextStim: height = 25.0
156.8763 	EXP 	unnamed TextStim: height = 25.0
156.8763 	EXP 	unnamed TextStim: height = 25.0
156.8763 	EXP 	unnamed TextStim: text = '↓'
158.5033 	DATA 	Keypress: down
158.5054 	EXP 	unnamed TextStim: height = 25.0
158.5054 	EXP 	unnamed TextStim: height = 25.0
158.5054 	EXP 	unnamed TextStim: height = 25.0
158.5054 	EXP 	unnamed TextStim: text = '←'
160.1714 	DATA 	Keypress: right
160.1736 	EXP 	unnamed TextStim: height = 25.0
160.1736 	EXP 	unnamed TextStim: height = 25.0
160.1736 	EXP 	unnamed TextStim: height = 25.0
160.1736 	EXP 	unnamed TextStim: text = '↑'
161.7774 	DATA 	Keypress: up
161.9067 	EXP 	Created unnamed ImageStim = ImageStim(__class__=<class 'psychopy.visual.image.ImageStim'>, anchor=('center', 'center'), autoLog=True, color=array([1., 1., 1.]), colorSpace='rgb', contrast=1.0, depth=0, flipHoriz=False, flipVert=False, image='break.jpg', interpolate=True, mask=None, maskParams=None, name='unnamed ImageStim', opacity=1.0, ori=0.0, pos=array([0., 0.]), size=array([1536.,  864.]), texRes=128, units='pix', win=Window(...))
162.9004 	DATA 	Keypress: space
162.9134 	EXP 	unnamed TextStim: height = 25.0
162.9134 	EXP 	unnamed TextStim: height = 25.0
162.9134 	EXP 	unnamed TextStim: height = 25.0
162.9134 	EXP 	unnamed TextStim: text = '←'
165.1533 	DATA 	Keypress: right
165.1553 	EXP 	unnamed TextStim: height = 25.0
165.1553 	EXP 	unnamed TextStim: height = 25.0
165.1553 	EXP 	unnamed TextStim: height = 25.0
165.1553 	EXP 	unnamed TextStim: text = '↑'
167.2032 	DATA 	Keypress: right
167.2059 	EXP 	unnamed TextStim: text = '↑'
169.0777 	DATA 	Keypress: left
169.0817 	EXP 	unnamed TextStim: height = 25.0
169.0817 	EXP 	unnamed TextStim: height = 25.0
169.0817 	EXP 	unnamed TextStim: height = 25.0
169.0817 	EXP 	unnamed TextStim: text = '↓'
171.0545 	DATA 	Keypress: up
171.0566 	EXP 	unnamed TextStim: height = 25.0
171.0566 	EXP 	unnamed TextStim: height = 25.0
171.0566 	EXP 	unnamed TextStim: height = 25.0
171.0566 	EXP 	unnamed TextStim: text = '↑'
173.1069 	DATA 	Keypress: down
173.1089 	EXP 	unnamed TextStim: height = 25.0
173.1089 	EXP 	unnamed TextStim: height = 25.0
173.1089 	EXP 	unnamed TextStim: height = 25.0
173.1089 	EXP 	unnamed TextStim: text = '→'
174.6961 	DATA 	Keypress: right
174.8253 	EXP 	Created unnamed ImageStim = ImageStim(__class__=<class 'psychopy.visual.image.ImageStim'>, anchor=('center', 'center'), autoLog=True, color=array([1., 1., 1.]), colorSpace='rgb', contrast=1.0, depth=0, flipHoriz=False, flipVert=False, image='break.jpg', interpolate=True, mask=None, maskParams=None, name='unnamed ImageStim', opacity=1.0, ori=0.0, pos=array([0., 0.]), size=array([1536.,  864.]), texRes=128, units='pix', win=Window(...))
175.5743 	DATA 	Keypress: space
175.5808 	EXP 	unnamed TextStim: height = 25.0
175.5808 	EXP 	unnamed TextStim: height = 25.0
175.5808 	EXP 	unnamed TextStim: height = 25.0
175.5808 	EXP 	unnamed TextStim: text = '←'
177.4540 	DATA 	Keypress: left
177.4561 	EXP 	unnamed TextStim: height = 25.0
177.4561 	EXP 	unnamed TextStim: height = 25.0
177.4561 	EXP 	unnamed TextStim: height = 25.0
177.4561 	EXP 	unnamed TextStim: text = '↑'
179.3750 	DATA 	Keypress: right
179.3770 	EXP 	unnamed TextStim: height = 25.0
179.3770 	EXP 	unnamed TextStim: height = 25.0
179.3770 	EXP 	unnamed TextStim: height = 25.0
179.3770 	EXP 	unnamed TextStim: text = '↓'
181.2320 	DATA 	Keypress: down
181.2341 	EXP 	unnamed TextStim: height = 25.0
181.2341 	EXP 	unnamed TextStim: height = 25.0
181.2341 	EXP 	unnamed TextStim: height = 25.0
181.2341 	EXP 	unnamed TextStim: text = '←'
182.8201 	DATA 	Keypress: left
182.8213 	EXP 	unnamed TextStim: text = '←'
184.5921 	DATA 	Keypress: right
184.5941 	EXP 	unnamed TextStim: height = 25.0
184.5941 	EXP 	unnamed TextStim: height = 25.0
184.5941 	EXP 	unnamed TextStim: height = 25.0
184.5941 	EXP 	unnamed TextStim: text = '→'
187.0581 	DATA 	Keypress: down
187.1959 	EXP 	Created unnamed ImageStim = ImageStim(__class__=<class 'psychopy.visual.image.ImageStim'>, anchor=('center', 'center'), autoLog=True, color=array([1., 1., 1.]), colorSpace='rgb', contrast=1.0, depth=0, flipHoriz=False, flipVert=False, image='break.jpg', interpolate=True, mask=None, maskParams=None, name='unnamed ImageStim', opacity=1.0, ori=0.0, pos=array([0., 0.]), size=array([1536.,  864.]), texRes=128, units='pix', win=Window(...))
188.0837 	DATA 	Keypress: space
188.0977 	EXP 	unnamed TextStim: height = 25.0
188.0977 	EXP 	unnamed TextStim: height = 25.0
188.0977 	EXP 	unnamed TextStim: height = 25.0
188.0977 	EXP 	unnamed TextStim: text = '↑'
190.4923 	DATA 	Keypress: down
190.4967 	EXP 	unnamed TextStim: text = '↑'
193.2484 	DATA 	No keypress (maxWait exceeded)
193.2514 	EXP 	unnamed TextStim: height = 25.0
193.2514 	EXP 	unnamed TextStim: height = 25.0
193.2514 	EXP 	unnamed TextStim: height = 25.0
193.2514 	EXP 	unnamed TextStim: text = '←'
194.6814 	DATA 	Keypress: left
194.6835 	EXP 	unnamed TextStim: height = 25.0
194.6835 	EXP 	unnamed TextStim: height = 25.0
194.6835 	EXP 	unnamed TextStim: height = 25.0
194.6835 	EXP 	unnamed TextStim: text = '↓'
196.5600 	DATA 	Keypress: left
196.5622 	EXP 	unnamed TextStim: height = 25.0
196.5622 	EXP 	unnamed TextStim: height = 25.0
196.5622 	EXP 	unnamed TextStim: height = 25.0
196.5622 	EXP 	unnamed TextStim: text = '↑'
197.9741 	DATA 	Keypress: up
197.9762 	EXP 	unnamed TextStim: height = 25.0
197.9762 	EXP 	unnamed TextStim: height = 25.0
197.9762 	EXP 	unnamed TextStim: height = 25.0
197.9762 	EXP 	unnamed TextStim: text = '↓'
199.6211 	DATA 	Keypress: down
199.7547 	EXP 	Created unnamed ImageStim = ImageStim(__class__=<class 'psychopy.visual.image.ImageStim'>, anchor=('center', 'center'), autoLog=True, color=array([1., 1., 1.]), colorSpace='rgb', contrast=1.0, depth=0, flipHoriz=False, flipVert=False, image='break.jpg', interpolate=True, mask=None, maskParams=None, name='unnamed ImageStim', opacity=1.0, ori=0.0, pos=array([0., 0.]), size=array([1536.,  864.]), texRes=128, units='pix', win=Window(...))
200.8977 	DATA 	Keypress: space
200.9149 	EXP 	unnamed TextStim: height = 25.0
200.9149 	EXP 	unnamed TextStim: height = 25.0
200.9149 	EXP 	unnamed TextStim: height = 25.0
200.9149 	EXP 	unnamed TextStim: text = '↑'
202.7959 	DATA 	Keypress: up
202.7980 	EXP 	unnamed TextStim: height = 25.0
202.7980 	EXP 	unnamed TextStim: height = 25.0
202.7980 	EXP 	unnamed TextStim: height = 25.0
202.7980 	EXP 	unnamed TextStim: text = '→'
204.7617 	DATA 	Keypress: right
204.7639 	EXP 	unnamed TextStim: height = 25.0
204.7639 	EXP 	unnamed TextStim: height = 25.0
204.7639 	EXP 	unnamed TextStim: height = 25.0
204.7639 	EXP 	unnamed TextStim: text = '↓'
206.5608 	DATA 	Keypress: left
206.5619 	EXP 	unnamed TextStim: text = '↓'
208.4877 	DATA 	Keypress: down
208.4889 	EXP 	unnamed TextStim: text = '↓'
210.2082 	DATA 	Keypress: up
210.2105 	EXP 	unnamed TextStim: height = 25.0
210.2105 	EXP 	unnamed TextStim: height = 25.0
210.2105 	EXP 	unnamed TextStim: height = 25.0
210.2105 	EXP 	unnamed TextStim: text = '↑'
212.1587 	DATA 	Keypress: up
212.2885 	EXP 	Created unnamed ImageStim = ImageStim(__class__=<class 'psychopy.visual.image.ImageStim'>, anchor=('center', 'center'), autoLog=True, color=array([1., 1., 1.]), colorSpace='rgb', contrast=1.0, depth=0, flipHoriz=False, flipVert=False, image='break.jpg', interpolate=True, mask=None, maskParams=None, name='unnamed ImageStim', opacity=1.0, ori=0.0, pos=array([0., 0.]), size=array([1536.,  864.]), texRes=128, units='pix', win=Window(...))
213.0865 	DATA 	Keypress: space
213.0989 	EXP 	unnamed TextStim: height = 25.0
213.0989 	EXP 	unnamed TextStim: height = 25.0
213.0989 	EXP 	unnamed TextStim: height = 25.0
213.0989 	EXP 	unnamed TextStim: text = '↓'
214.7742 	DATA 	Keypress: down
214.7754 	EXP 	unnamed TextStim: text = '↓'
216.3810 	DATA 	Keypress: down
216.3832 	EXP 	unnamed TextStim: height = 25.0
216.3832 	EXP 	unnamed TextStim: height = 25.0
216.3832 	EXP 	unnamed TextStim: height = 25.0
216.3832 	EXP 	unnamed TextStim: text = '←'
218.3900 	DATA 	Keypress: down
218.3921 	EXP 	unnamed TextStim: height = 25.0
218.3921 	EXP 	unnamed TextStim: height = 25.0
218.3921 	EXP 	unnamed TextStim: height = 25.0
218.3921 	EXP 	unnamed TextStim: text = '↑'
219.8443 	DATA 	Keypress: up
219.8456 	EXP 	unnamed TextStim: text = '↑'
221.5510 	DATA 	Keypress: up
221.5531 	EXP 	unnamed TextStim: height = 25.0
221.5531 	EXP 	unnamed TextStim: height = 25.0
221.5531 	EXP 	unnamed TextStim: height = 25.0
221.5531 	EXP 	unnamed TextStim: text = '←'
223.3341 	DATA 	Keypress: up
223.4641 	EXP 	Created unnamed ImageStim = ImageStim(__class__=<class 'psychopy.visual.image.ImageStim'>, anchor=('center', 'center'), autoLog=True, color=array([1., 1., 1.]), colorSpace='rgb', contrast=1.0, depth=0, flipHoriz=False, flipVert=False, image='break.jpg', interpolate=True, mask=None, maskParams=None, name='unnamed ImageStim', opacity=1.0, ori=0.0, pos=array([0., 0.]), size=array([1536.,  864.]), texRes=128, units='pix', win=Window(...))
225.0626 	DATA 	Keypress: space
225.0658 	EXP 	unnamed TextStim: height = 25.0
225.0658 	EXP 	unnamed TextStim: height = 25.0
225.0658 	EXP 	unnamed TextStim: height = 25.0
225.0658 	EXP 	unnamed TextStim: text = '↓'
226.7267 	DATA 	Keypress: up
226.7289 	EXP 	unnamed TextStim: height = 25.0
226.7289 	EXP 	unnamed TextStim: height = 25.0
226.7289 	EXP 	unnamed TextStim: height = 25.0
226.7289 	EXP 	unnamed TextStim: text = '↑'
228.3270 	DATA 	Keypress: up
228.3291 	EXP 	unnamed TextStim: height = 25.0
228.3291 	EXP 	unnamed TextStim: height = 25.0
228.3291 	EXP 	unnamed TextStim: height = 25.0
228.3291 	EXP 	unnamed TextStim: text = '↓'
230.7056 	DATA 	Keypress: left
230.7077 	EXP 	unnamed TextStim: height = 25.0
230.7077 	EXP 	unnamed TextStim: height = 25.0
230.7077 	EXP 	unnamed TextStim: height = 25.0
230.7077 	EXP 	unnamed TextStim: text = '→'
233.0494 	DATA 	Keypress: up
233.0504 	EXP 	unnamed TextStim: text = '→'
234.7605 	DATA 	Keypress: left
234.7640 	EXP 	unnamed TextStim: height = 25.0
234.7640 	EXP 	unnamed TextStim: height = 25.0
234.7640 	EXP 	unnamed TextStim: height = 25.0
234.7640 	EXP 	unnamed TextStim: text = '↓'
236.4896 	DATA 	Keypress: right
236.6232 	EXP 	Created unnamed ImageStim = ImageStim(__class__=<class 'psychopy.visual.image.ImageStim'>, anchor=('center', 'center'), autoLog=True, color=array([1., 1., 1.]), colorSpace='rgb', contrast=1.0, depth=0, flipHoriz=False, flipVert=False, image='break.jpg', interpolate=True, mask=None, maskParams=None, name='unnamed ImageStim', opacity=1.0, ori=0.0, pos=array([0., 0.]), size=array([1536.,  864.]), texRes=128, units='pix', win=Window(...))
237.2681 	DATA 	Keypress: space
237.2830 	EXP 	unnamed TextStim: height = 25.0
237.2830 	EXP 	unnamed TextStim: height = 25.0
237.2830 	EXP 	unnamed TextStim: height = 25.0
237.2830 	EXP 	unnamed TextStim: text = '→'
239.2503 	DATA 	Keypress: up
239.2514 	EXP 	unnamed TextStim: text = '→'
241.1134 	DATA 	Keypress: right
241.1146 	EXP 	unnamed TextStim: text = '→'
243.0309 	DATA 	Keypress: right
243.0330 	EXP 	unnamed TextStim: height = 25.0
243.0330 	EXP 	unnamed TextStim: height = 25.0
243.0330 	EXP 	unnamed TextStim: height = 25.0
243.0330 	EXP 	unnamed TextStim: text = '↑'
244.6885 	DATA 	Keypress: up
244.6906 	EXP 	unnamed TextStim: height = 25.0
244.6906 	EXP 	unnamed TextStim: height = 25.0
244.6906 	EXP 	unnamed TextStim: height = 25.0
244.6906 	EXP 	unnamed TextStim: text = '↓'
246.3703 	DATA 	Keypress: down
246.3723 	EXP 	unnamed TextStim: height = 25.0
246.3723 	EXP 	unnamed TextStim: height = 25.0
246.3723 	EXP 	unnamed TextStim: height = 25.0
246.3723 	EXP 	unnamed TextStim: text = '→'
248.2020 	DATA 	Keypress: down
248.3265 	EXP 	Created unnamed ImageStim = ImageStim(__class__=<class 'psychopy.visual.image.ImageStim'>, anchor=('center', 'center'), autoLog=True, color=array([1., 1., 1.]), colorSpace='rgb', contrast=1.0, depth=0, flipHoriz=False, flipVert=False, image='break.jpg', interpolate=True, mask=None, maskParams=None, name='unnamed ImageStim', opacity=1.0, ori=0.0, pos=array([0., 0.]), size=array([1536.,  864.]), texRes=128, units='pix', win=Window(...))
249.0270 	DATA 	Keypress: space
249.0333 	EXP 	unnamed TextStim: height = 25.0
249.0333 	EXP 	unnamed TextStim: height = 25.0
249.0333 	EXP 	unnamed TextStim: height = 25.0
249.0333 	EXP 	unnamed TextStim: text = '↓'
251.8339 	DATA 	No keypress (maxWait exceeded)
251.8361 	EXP 	unnamed TextStim: height = 25.0
251.8361 	EXP 	unnamed TextStim: height = 25.0
251.8361 	EXP 	unnamed TextStim: height = 25.0
251.8361 	EXP 	unnamed TextStim: text = '↑'
253.6656 	DATA 	Keypress: right
253.6679 	EXP 	unnamed TextStim: height = 25.0
253.6679 	EXP 	unnamed TextStim: height = 25.0
253.6679 	EXP 	unnamed TextStim: height = 25.0
253.6679 	EXP 	unnamed TextStim: text = '→'
255.3622 	DATA 	Keypress: right
255.3662 	EXP 	unnamed TextStim: height = 25.0
255.3662 	EXP 	unnamed TextStim: height = 25.0
255.3662 	EXP 	unnamed TextStim: height = 25.0
255.3662 	EXP 	unnamed TextStim: text = '↓'
257.1961 	DATA 	Keypress: left
257.1983 	EXP 	unnamed TextStim: height = 25.0
257.1983 	EXP 	unnamed TextStim: height = 25.0
257.1983 	EXP 	unnamed TextStim: height = 25.0
257.1983 	EXP 	unnamed TextStim: text = '→'
258.9172 	DATA 	Keypress: right
258.9183 	EXP 	unnamed TextStim: text = '→'
260.6191 	DATA 	Keypress: right
260.7407 	EXP 	Created unnamed ImageStim = ImageStim(__class__=<class 'psychopy.visual.image.ImageStim'>, anchor=('center', 'center'), autoLog=True, color=array([1., 1., 1.]), colorSpace='rgb', contrast=1.0, depth=0, flipHoriz=False, flipVert=False, image='break.jpg', interpolate=True, mask=None, maskParams=None, name='unnamed ImageStim', opacity=1.0, ori=0.0, pos=array([0., 0.]), size=array([1536.,  864.]), texRes=128, units='pix', win=Window(...))
261.5052 	DATA 	Keypress: space
261.5267 	EXP 	Created unnamed TextStim = TextStim(__class__=<class 'psychopy.visual.text.TextStim'>, alignHoriz=method-wrapper(...), alignText='center', alignVert=method-wrapper(...), anchorHoriz='center', anchorVert='center', antialias=True, autoDraw=False, autoLog=True, bold=False, color=array([-1, -1, -1]), colorSpace='rgb', contrast=1.0, depth=0, flipHoriz=False, flipVert=False, font='', fontFiles=[], height=20.0, italic=False, languageStyle='LTR', name='unnamed TextStim', opacity=1.0, ori=0.0, pos=array([0., 0.]), rgb=UNKNOWN, text=str(...), units='pix', win=Window(...), wrapWidth=1536)
280.0776 	DATA 	Keypress: space
280.1603 	EXP 	window1: mouseVisible = True
