9.1010 	WARNING 	User requested fullscreen with size [1536  864], but screen is actually [1920, 1080]. Using actual size
10.5710 	INFO 	FRAME RATE: 60
10.5711 	INFO 	SCREEN RES: odict_values([1536, 864])
10.6309 	EXP 	Created unnamed TextStim = TextStim(__class__=<class 'psychopy.visual.text.TextStim'>, alignHoriz=method-wrapper(...), alignText='center', alignVert=method-wrapper(...), anchorHoriz='center', anchorVert='center', antialias=True, autoDraw=False, autoLog=True, bold=False, color=array([-1, -1, -1]), colorSpace='rgb', contrast=1.0, depth=0, flipHoriz=False, flipVert=False, font='', fontFiles=[], height=100.0, italic=False, languageStyle='LTR', name='unnamed TextStim', opacity=1.0, ori=0.0, pos=array([0., 0.]), rgb=UNKNOWN, text='+', units='pix', win=Window(...), wrapWidth=500)
10.6347 	EXP 	Created unnamed Circle = Circle(__class__=<class 'psychopy.visual.circle.Circle'>, anchor=('center', 'center'), autoDraw=False, autoLog=True, closeShape=True, color=method-wrapper(...), colorSpace='rgb', contrast=None, depth=0, fillColor=array([ 0.09019608, -1.        , -1.        ]), fillColorSpace='rgb', fillRGB=array([ 0.09019608, -1.        , -1.        ]), interpolate=True, lineColor=array([ 0.09019608, -1.        , -1.        ]), lineColorSpace='rgb', lineRGB=array([ 0.09019608, -1.        , -1.        ]), lineWidth=1.5, name='unnamed Circle', opacity=1.0, ori=0.0, pos=array([0., 0.]), size=array([1., 1.]), units='pix', vertices=ndarray(...), win=Window(...))
10.6355 	EXP 	Created unnamed TextStim = TextStim(__class__=<class 'psychopy.visual.text.TextStim'>, alignHoriz=method-wrapper(...), alignText='center', alignVert=method-wrapper(...), anchorHoriz='center', anchorVert='center', antialias=True, autoDraw=False, autoLog=True, bold=False, color=array([-0.17647059, -0.17647059, -0.17647059]), colorSpace='rgb', contrast=1.0, depth=0, flipHoriz=False, flipVert=False, font='', fontFiles=[], height=25, italic=False, languageStyle='LTR', name='unnamed TextStim', opacity=1.0, ori=0.0, pos=array([0., 0.]), rgb=UNKNOWN, text='', units='pix', win=Window(...), wrapWidth=500)
10.6442 	EXP 	Created unnamed ImageStim = ImageStim(__class__=<class 'psychopy.visual.image.ImageStim'>, anchor=('center', 'center'), autoLog=True, color=array([1., 1., 1.]), colorSpace='rgb', contrast=1.0, depth=0, flipHoriz=False, flipVert=False, image='mask4.png', interpolate=False, mask=None, maskParams=None, name='unnamed ImageStim', opacity=1.0, ori=0.0, pos=array([0., 0.]), size=array([25., 25.]), texRes=128, units='pix', win=Window(...))
10.6509 	EXP 	Created unnamed TextStim = TextStim(__class__=<class 'psychopy.visual.text.TextStim'>, alignHoriz=method-wrapper(...), alignText='center', alignVert=method-wrapper(...), anchorHoriz='center', anchorVert='center', antialias=True, autoDraw=False, autoLog=True, bold=False, color=array([-1, -1, -1]), colorSpace='rgb', contrast=1.0, depth=0, flipHoriz=False, flipVert=False, font='', fontFiles=[], height=30.0, italic=False, languageStyle='LTR', name='unnamed TextStim', opacity=1.0, ori=0.0, pos=array([ 100., -300.]), rgb=UNKNOWN, text=str(...), units='pix', win=Window(...), wrapWidth=10000)
10.6608 	EXP 	Created unnamed TextStim = TextStim(__class__=<class 'psychopy.visual.text.TextStim'>, alignHoriz=method-wrapper(...), alignText='center', alignVert=method-wrapper(...), anchorHoriz='center', anchorVert='center', antialias=True, autoDraw=False, autoLog=True, bold=False, color=array([-1, -1, -1]), colorSpace='rgb', contrast=1.0, depth=0, flipHoriz=False, flipVert=False, font='', fontFiles=[], height=30.0, italic=False, languageStyle='LTR', name='unnamed TextStim', opacity=1.0, ori=0.0, pos=array([ 100., -330.]), rgb=UNKNOWN, text=str(...), units='pix', win=Window(...), wrapWidth=10000)
10.6940 	EXP 	Created unnamed TextStim = TextStim(__class__=<class 'psychopy.visual.text.TextStim'>, alignHoriz=method-wrapper(...), alignText='center', alignVert=method-wrapper(...), anchorHoriz='center', anchorVert='center', antialias=True, autoDraw=False, autoLog=True, bold=False, color=array([-1, -1, -1]), colorSpace='rgb', contrast=1.0, depth=0, flipHoriz=False, flipVert=False, font='', fontFiles=[], height=20.0, italic=False, languageStyle='LTR', name='unnamed TextStim', opacity=1.0, ori=0.0, pos=array([0., 0.]), rgb=UNKNOWN, text=str(...), units='pix', win=Window(...), wrapWidth=1536)
53.7213 	DATA 	Keypress: space
53.7378 	EXP 	unnamed TextStim: height = 25.0
53.7378 	EXP 	unnamed TextStim: height = 25.0
53.7378 	EXP 	unnamed TextStim: height = 25.0
53.7378 	EXP 	unnamed TextStim: text = '↓'
56.7051 	DATA 	No keypress (maxWait exceeded)
56.7125 	EXP 	Created unnamed TextStim = TextStim(__class__=<class 'psychopy.visual.text.TextStim'>, alignHoriz=method-wrapper(...), alignText='center', alignVert=method-wrapper(...), anchorHoriz='center', anchorVert='center', antialias=True, autoDraw=False, autoLog=True, bold=False, color=array([-1, -1, -1]), colorSpace='rgb', contrast=1.0, depth=0, flipHoriz=False, flipVert=False, font='', fontFiles=[], height=50.0, italic=False, languageStyle='LTR', name='unnamed TextStim', opacity=1.0, ori=0.0, pos=array([0., 0.]), rgb=UNKNOWN, text='Niepoprawnie', units='pix', win=Window(...), wrapWidth=500)
57.7212 	EXP 	unnamed TextStim: height = 25.0
57.7212 	EXP 	unnamed TextStim: height = 25.0
57.7212 	EXP 	unnamed TextStim: height = 25.0
57.7212 	EXP 	unnamed TextStim: text = '←'
59.8246 	DATA 	Keypress: right
59.8268 	EXP 	Created unnamed TextStim = TextStim(__class__=<class 'psychopy.visual.text.TextStim'>, alignHoriz=method-wrapper(...), alignText='center', alignVert=method-wrapper(...), anchorHoriz='center', anchorVert='center', antialias=True, autoDraw=False, autoLog=True, bold=False, color=array([-1, -1, -1]), colorSpace='rgb', contrast=1.0, depth=0, flipHoriz=False, flipVert=False, font='', fontFiles=[], height=50.0, italic=False, languageStyle='LTR', name='unnamed TextStim', opacity=1.0, ori=0.0, pos=array([0., 0.]), rgb=UNKNOWN, text='Niepoprawnie', units='pix', win=Window(...), wrapWidth=500)
60.8381 	EXP 	unnamed TextStim: height = 25.0
60.8381 	EXP 	unnamed TextStim: height = 25.0
60.8381 	EXP 	unnamed TextStim: height = 25.0
60.8381 	EXP 	unnamed TextStim: text = '↑'
63.3732 	DATA 	Keypress: left
63.3753 	EXP 	Created unnamed TextStim = TextStim(__class__=<class 'psychopy.visual.text.TextStim'>, alignHoriz=method-wrapper(...), alignText='center', alignVert=method-wrapper(...), anchorHoriz='center', anchorVert='center', antialias=True, autoDraw=False, autoLog=True, bold=False, color=array([-1, -1, -1]), colorSpace='rgb', contrast=1.0, depth=0, flipHoriz=False, flipVert=False, font='', fontFiles=[], height=50.0, italic=False, languageStyle='LTR', name='unnamed TextStim', opacity=1.0, ori=0.0, pos=array([0., 0.]), rgb=UNKNOWN, text='Niepoprawnie', units='pix', win=Window(...), wrapWidth=500)
64.3882 	EXP 	unnamed TextStim: height = 25.0
64.3882 	EXP 	unnamed TextStim: height = 25.0
64.3882 	EXP 	unnamed TextStim: height = 25.0
64.3882 	EXP 	unnamed TextStim: text = '→'
65.7224 	DATA 	Keypress: right
65.7281 	EXP 	Created unnamed TextStim = TextStim(__class__=<class 'psychopy.visual.text.TextStim'>, alignHoriz=method-wrapper(...), alignText='center', alignVert=method-wrapper(...), anchorHoriz='center', anchorVert='center', antialias=True, autoDraw=False, autoLog=True, bold=False, color=array([-1, -1, -1]), colorSpace='rgb', contrast=1.0, depth=0, flipHoriz=False, flipVert=False, font='', fontFiles=[], height=50.0, italic=False, languageStyle='LTR', name='unnamed TextStim', opacity=1.0, ori=0.0, pos=array([0., 0.]), rgb=UNKNOWN, text='Poprawnie', units='pix', win=Window(...), wrapWidth=500)
66.7551 	EXP 	unnamed TextStim: height = 25.0
66.7551 	EXP 	unnamed TextStim: height = 25.0
66.7551 	EXP 	unnamed TextStim: height = 25.0
66.7551 	EXP 	unnamed TextStim: text = '←'
68.0392 	DATA 	Keypress: right
68.0451 	EXP 	Created unnamed TextStim = TextStim(__class__=<class 'psychopy.visual.text.TextStim'>, alignHoriz=method-wrapper(...), alignText='center', alignVert=method-wrapper(...), anchorHoriz='center', anchorVert='center', antialias=True, autoDraw=False, autoLog=True, bold=False, color=array([-1, -1, -1]), colorSpace='rgb', contrast=1.0, depth=0, flipHoriz=False, flipVert=False, font='', fontFiles=[], height=50.0, italic=False, languageStyle='LTR', name='unnamed TextStim', opacity=1.0, ori=0.0, pos=array([0., 0.]), rgb=UNKNOWN, text='Niepoprawnie', units='pix', win=Window(...), wrapWidth=500)
69.0716 	EXP 	unnamed TextStim: height = 25.0
69.0716 	EXP 	unnamed TextStim: height = 25.0
69.0716 	EXP 	unnamed TextStim: height = 25.0
69.0716 	EXP 	unnamed TextStim: text = '→'
70.5391 	DATA 	Keypress: right
71.2116 	DATA 	Keypress: right
71.2136 	EXP 	Created unnamed TextStim = TextStim(__class__=<class 'psychopy.visual.text.TextStim'>, alignHoriz=method-wrapper(...), alignText='center', alignVert=method-wrapper(...), anchorHoriz='center', anchorVert='center', antialias=True, autoDraw=False, autoLog=True, bold=False, color=array([-1, -1, -1]), colorSpace='rgb', contrast=1.0, depth=0, flipHoriz=False, flipVert=False, font='', fontFiles=[], height=50.0, italic=False, languageStyle='LTR', name='unnamed TextStim', opacity=1.0, ori=0.0, pos=array([0., 0.]), rgb=UNKNOWN, text='Poprawnie', units='pix', win=Window(...), wrapWidth=500)
72.2215 	EXP 	unnamed TextStim: height = 25.0
72.2215 	EXP 	unnamed TextStim: height = 25.0
72.2215 	EXP 	unnamed TextStim: height = 25.0
72.2215 	EXP 	unnamed TextStim: text = '↑'
73.7112 	DATA 	Keypress: up
73.7131 	EXP 	Created unnamed TextStim = TextStim(__class__=<class 'psychopy.visual.text.TextStim'>, alignHoriz=method-wrapper(...), alignText='center', alignVert=method-wrapper(...), anchorHoriz='center', anchorVert='center', antialias=True, autoDraw=False, autoLog=True, bold=False, color=array([-1, -1, -1]), colorSpace='rgb', contrast=1.0, depth=0, flipHoriz=False, flipVert=False, font='', fontFiles=[], height=50.0, italic=False, languageStyle='LTR', name='unnamed TextStim', opacity=1.0, ori=0.0, pos=array([0., 0.]), rgb=UNKNOWN, text='Poprawnie', units='pix', win=Window(...), wrapWidth=500)
74.7218 	EXP 	unnamed TextStim: height = 25.0
74.7218 	EXP 	unnamed TextStim: height = 25.0
74.7218 	EXP 	unnamed TextStim: height = 25.0
74.7218 	EXP 	unnamed TextStim: text = '→'
76.0729 	DATA 	Keypress: right
76.0782 	EXP 	Created unnamed TextStim = TextStim(__class__=<class 'psychopy.visual.text.TextStim'>, alignHoriz=method-wrapper(...), alignText='center', alignVert=method-wrapper(...), anchorHoriz='center', anchorVert='center', antialias=True, autoDraw=False, autoLog=True, bold=False, color=array([-1, -1, -1]), colorSpace='rgb', contrast=1.0, depth=0, flipHoriz=False, flipVert=False, font='', fontFiles=[], height=50.0, italic=False, languageStyle='LTR', name='unnamed TextStim', opacity=1.0, ori=0.0, pos=array([0., 0.]), rgb=UNKNOWN, text='Poprawnie', units='pix', win=Window(...), wrapWidth=500)
77.1053 	EXP 	unnamed TextStim: height = 25.0
77.1053 	EXP 	unnamed TextStim: height = 25.0
77.1053 	EXP 	unnamed TextStim: height = 25.0
77.1053 	EXP 	unnamed TextStim: text = '↓'
78.4894 	DATA 	Keypress: right
78.4927 	EXP 	Created unnamed TextStim = TextStim(__class__=<class 'psychopy.visual.text.TextStim'>, alignHoriz=method-wrapper(...), alignText='center', alignVert=method-wrapper(...), anchorHoriz='center', anchorVert='center', antialias=True, autoDraw=False, autoLog=True, bold=False, color=array([-1, -1, -1]), colorSpace='rgb', contrast=1.0, depth=0, flipHoriz=False, flipVert=False, font='', fontFiles=[], height=50.0, italic=False, languageStyle='LTR', name='unnamed TextStim', opacity=1.0, ori=0.0, pos=array([0., 0.]), rgb=UNKNOWN, text='Niepoprawnie', units='pix', win=Window(...), wrapWidth=500)
79.3060 	DATA 	Keypress: up
79.5219 	EXP 	unnamed TextStim: height = 25.0
79.5219 	EXP 	unnamed TextStim: height = 25.0
79.5219 	EXP 	unnamed TextStim: height = 25.0
79.5219 	EXP 	unnamed TextStim: text = '→'
81.5280 	DATA 	Keypress: right
81.5303 	EXP 	Created unnamed TextStim = TextStim(__class__=<class 'psychopy.visual.text.TextStim'>, alignHoriz=method-wrapper(...), alignText='center', alignVert=method-wrapper(...), anchorHoriz='center', anchorVert='center', antialias=True, autoDraw=False, autoLog=True, bold=False, color=array([-1, -1, -1]), colorSpace='rgb', contrast=1.0, depth=0, flipHoriz=False, flipVert=False, font='', fontFiles=[], height=50.0, italic=False, languageStyle='LTR', name='unnamed TextStim', opacity=1.0, ori=0.0, pos=array([0., 0.]), rgb=UNKNOWN, text='Poprawnie', units='pix', win=Window(...), wrapWidth=500)
82.5388 	EXP 	unnamed TextStim: height = 25.0
82.5388 	EXP 	unnamed TextStim: height = 25.0
82.5388 	EXP 	unnamed TextStim: height = 25.0
82.5388 	EXP 	unnamed TextStim: text = '←'
84.3237 	DATA 	Keypress: right
84.3258 	EXP 	Created unnamed TextStim = TextStim(__class__=<class 'psychopy.visual.text.TextStim'>, alignHoriz=method-wrapper(...), alignText='center', alignVert=method-wrapper(...), anchorHoriz='center', anchorVert='center', antialias=True, autoDraw=False, autoLog=True, bold=False, color=array([-1, -1, -1]), colorSpace='rgb', contrast=1.0, depth=0, flipHoriz=False, flipVert=False, font='', fontFiles=[], height=50.0, italic=False, languageStyle='LTR', name='unnamed TextStim', opacity=1.0, ori=0.0, pos=array([0., 0.]), rgb=UNKNOWN, text='Niepoprawnie', units='pix', win=Window(...), wrapWidth=500)
85.3391 	EXP 	unnamed TextStim: height = 25.0
85.3391 	EXP 	unnamed TextStim: height = 25.0
85.3391 	EXP 	unnamed TextStim: height = 25.0
85.3391 	EXP 	unnamed TextStim: text = '↓'
86.9555 	DATA 	Keypress: down
86.9576 	EXP 	Created unnamed TextStim = TextStim(__class__=<class 'psychopy.visual.text.TextStim'>, alignHoriz=method-wrapper(...), alignText='center', alignVert=method-wrapper(...), anchorHoriz='center', anchorVert='center', antialias=True, autoDraw=False, autoLog=True, bold=False, color=array([-1, -1, -1]), colorSpace='rgb', contrast=1.0, depth=0, flipHoriz=False, flipVert=False, font='', fontFiles=[], height=50.0, italic=False, languageStyle='LTR', name='unnamed TextStim', opacity=1.0, ori=0.0, pos=array([0., 0.]), rgb=UNKNOWN, text='Poprawnie', units='pix', win=Window(...), wrapWidth=500)
87.9724 	EXP 	unnamed TextStim: height = 25.0
87.9724 	EXP 	unnamed TextStim: height = 25.0
87.9724 	EXP 	unnamed TextStim: height = 25.0
87.9724 	EXP 	unnamed TextStim: text = '←'
89.7813 	DATA 	Keypress: left
89.7832 	EXP 	Created unnamed TextStim = TextStim(__class__=<class 'psychopy.visual.text.TextStim'>, alignHoriz=method-wrapper(...), alignText='center', alignVert=method-wrapper(...), anchorHoriz='center', anchorVert='center', antialias=True, autoDraw=False, autoLog=True, bold=False, color=array([-1, -1, -1]), colorSpace='rgb', contrast=1.0, depth=0, flipHoriz=False, flipVert=False, font='', fontFiles=[], height=50.0, italic=False, languageStyle='LTR', name='unnamed TextStim', opacity=1.0, ori=0.0, pos=array([0., 0.]), rgb=UNKNOWN, text='Poprawnie', units='pix', win=Window(...), wrapWidth=500)
90.7891 	EXP 	unnamed TextStim: height = 25.0
90.7891 	EXP 	unnamed TextStim: height = 25.0
90.7891 	EXP 	unnamed TextStim: height = 25.0
90.7891 	EXP 	unnamed TextStim: text = '↑'
92.1400 	DATA 	Keypress: up
92.1459 	EXP 	Created unnamed TextStim = TextStim(__class__=<class 'psychopy.visual.text.TextStim'>, alignHoriz=method-wrapper(...), alignText='center', alignVert=method-wrapper(...), anchorHoriz='center', anchorVert='center', antialias=True, autoDraw=False, autoLog=True, bold=False, color=array([-1, -1, -1]), colorSpace='rgb', contrast=1.0, depth=0, flipHoriz=False, flipVert=False, font='', fontFiles=[], height=50.0, italic=False, languageStyle='LTR', name='unnamed TextStim', opacity=1.0, ori=0.0, pos=array([0., 0.]), rgb=UNKNOWN, text='Poprawnie', units='pix', win=Window(...), wrapWidth=500)
93.1726 	EXP 	unnamed TextStim: text = '↑'
94.6983 	DATA 	Keypress: up
94.7003 	EXP 	Created unnamed TextStim = TextStim(__class__=<class 'psychopy.visual.text.TextStim'>, alignHoriz=method-wrapper(...), alignText='center', alignVert=method-wrapper(...), anchorHoriz='center', anchorVert='center', antialias=True, autoDraw=False, autoLog=True, bold=False, color=array([-1, -1, -1]), colorSpace='rgb', contrast=1.0, depth=0, flipHoriz=False, flipVert=False, font='', fontFiles=[], height=50.0, italic=False, languageStyle='LTR', name='unnamed TextStim', opacity=1.0, ori=0.0, pos=array([0., 0.]), rgb=UNKNOWN, text='Poprawnie', units='pix', win=Window(...), wrapWidth=500)
95.7303 	EXP 	Created unnamed TextStim = TextStim(__class__=<class 'psychopy.visual.text.TextStim'>, alignHoriz=method-wrapper(...), alignText='center', alignVert=method-wrapper(...), anchorHoriz='center', anchorVert='center', antialias=True, autoDraw=False, autoLog=True, bold=False, color=array([-1, -1, -1]), colorSpace='rgb', contrast=1.0, depth=0, flipHoriz=False, flipVert=False, font='', fontFiles=[], height=20.0, italic=False, languageStyle='LTR', name='unnamed TextStim', opacity=1.0, ori=0.0, pos=array([0., 0.]), rgb=UNKNOWN, text=str(...), units='pix', win=Window(...), wrapWidth=1536)
118.4616 	DATA 	Keypress: left
118.4735 	EXP 	unnamed TextStim: text = '↑'
119.9295 	DATA 	Keypress: up
119.9356 	EXP 	Created unnamed TextStim = TextStim(__class__=<class 'psychopy.visual.text.TextStim'>, alignHoriz=method-wrapper(...), alignText='center', alignVert=method-wrapper(...), anchorHoriz='center', anchorVert='center', antialias=True, autoDraw=False, autoLog=True, bold=False, color=array([-1, -1, -1]), colorSpace='rgb', contrast=1.0, depth=0, flipHoriz=False, flipVert=False, font='', fontFiles=[], height=50.0, italic=False, languageStyle='LTR', name='unnamed TextStim', opacity=1.0, ori=0.0, pos=array([0., 0.]), rgb=UNKNOWN, text='Poprawnie', units='pix', win=Window(...), wrapWidth=500)
120.9401 	EXP 	unnamed TextStim: height = 25.0
120.9401 	EXP 	unnamed TextStim: height = 25.0
120.9401 	EXP 	unnamed TextStim: height = 25.0
120.9401 	EXP 	unnamed TextStim: text = '→'
122.6085 	DATA 	Keypress: right
122.6106 	EXP 	Created unnamed TextStim = TextStim(__class__=<class 'psychopy.visual.text.TextStim'>, alignHoriz=method-wrapper(...), alignText='center', alignVert=method-wrapper(...), anchorHoriz='center', anchorVert='center', antialias=True, autoDraw=False, autoLog=True, bold=False, color=array([-1, -1, -1]), colorSpace='rgb', contrast=1.0, depth=0, flipHoriz=False, flipVert=False, font='', fontFiles=[], height=50.0, italic=False, languageStyle='LTR', name='unnamed TextStim', opacity=1.0, ori=0.0, pos=array([0., 0.]), rgb=UNKNOWN, text='Poprawnie', units='pix', win=Window(...), wrapWidth=500)
123.6237 	EXP 	unnamed TextStim: height = 25.0
123.6237 	EXP 	unnamed TextStim: height = 25.0
123.6237 	EXP 	unnamed TextStim: height = 25.0
123.6237 	EXP 	unnamed TextStim: text = '←'
125.2067 	DATA 	Keypress: left
125.2091 	EXP 	Created unnamed TextStim = TextStim(__class__=<class 'psychopy.visual.text.TextStim'>, alignHoriz=method-wrapper(...), alignText='center', alignVert=method-wrapper(...), anchorHoriz='center', anchorVert='center', antialias=True, autoDraw=False, autoLog=True, bold=False, color=array([-1, -1, -1]), colorSpace='rgb', contrast=1.0, depth=0, flipHoriz=False, flipVert=False, font='', fontFiles=[], height=50.0, italic=False, languageStyle='LTR', name='unnamed TextStim', opacity=1.0, ori=0.0, pos=array([0., 0.]), rgb=UNKNOWN, text='Poprawnie', units='pix', win=Window(...), wrapWidth=500)
126.2239 	EXP 	unnamed TextStim: height = 25.0
126.2239 	EXP 	unnamed TextStim: height = 25.0
126.2239 	EXP 	unnamed TextStim: height = 25.0
126.2239 	EXP 	unnamed TextStim: text = '→'
127.5312 	DATA 	Keypress: right
127.5332 	EXP 	Created unnamed TextStim = TextStim(__class__=<class 'psychopy.visual.text.TextStim'>, alignHoriz=method-wrapper(...), alignText='center', alignVert=method-wrapper(...), anchorHoriz='center', anchorVert='center', antialias=True, autoDraw=False, autoLog=True, bold=False, color=array([-1, -1, -1]), colorSpace='rgb', contrast=1.0, depth=0, flipHoriz=False, flipVert=False, font='', fontFiles=[], height=50.0, italic=False, languageStyle='LTR', name='unnamed TextStim', opacity=1.0, ori=0.0, pos=array([0., 0.]), rgb=UNKNOWN, text='Poprawnie', units='pix', win=Window(...), wrapWidth=500)
128.5405 	EXP 	unnamed TextStim: height = 25.0
128.5405 	EXP 	unnamed TextStim: height = 25.0
128.5405 	EXP 	unnamed TextStim: height = 25.0
128.5405 	EXP 	unnamed TextStim: text = '←'
130.0321 	DATA 	Keypress: down
130.0351 	EXP 	Created unnamed TextStim = TextStim(__class__=<class 'psychopy.visual.text.TextStim'>, alignHoriz=method-wrapper(...), alignText='center', alignVert=method-wrapper(...), anchorHoriz='center', anchorVert='center', antialias=True, autoDraw=False, autoLog=True, bold=False, color=array([-1, -1, -1]), colorSpace='rgb', contrast=1.0, depth=0, flipHoriz=False, flipVert=False, font='', fontFiles=[], height=50.0, italic=False, languageStyle='LTR', name='unnamed TextStim', opacity=1.0, ori=0.0, pos=array([0., 0.]), rgb=UNKNOWN, text='Niepoprawnie', units='pix', win=Window(...), wrapWidth=500)
130.8368 	DATA 	Keypress: left
131.0409 	EXP 	unnamed TextStim: height = 25.0
131.0409 	EXP 	unnamed TextStim: height = 25.0
131.0409 	EXP 	unnamed TextStim: height = 25.0
131.0409 	EXP 	unnamed TextStim: text = '↑'
132.4383 	DATA 	Keypress: up
132.4403 	EXP 	Created unnamed TextStim = TextStim(__class__=<class 'psychopy.visual.text.TextStim'>, alignHoriz=method-wrapper(...), alignText='center', alignVert=method-wrapper(...), anchorHoriz='center', anchorVert='center', antialias=True, autoDraw=False, autoLog=True, bold=False, color=array([-1, -1, -1]), colorSpace='rgb', contrast=1.0, depth=0, flipHoriz=False, flipVert=False, font='', fontFiles=[], height=50.0, italic=False, languageStyle='LTR', name='unnamed TextStim', opacity=1.0, ori=0.0, pos=array([0., 0.]), rgb=UNKNOWN, text='Poprawnie', units='pix', win=Window(...), wrapWidth=500)
133.4577 	EXP 	unnamed TextStim: height = 25.0
133.4577 	EXP 	unnamed TextStim: height = 25.0
133.4577 	EXP 	unnamed TextStim: height = 25.0
133.4577 	EXP 	unnamed TextStim: text = '↓'
135.1962 	DATA 	Keypress: right
135.1982 	EXP 	Created unnamed TextStim = TextStim(__class__=<class 'psychopy.visual.text.TextStim'>, alignHoriz=method-wrapper(...), alignText='center', alignVert=method-wrapper(...), anchorHoriz='center', anchorVert='center', antialias=True, autoDraw=False, autoLog=True, bold=False, color=array([-1, -1, -1]), colorSpace='rgb', contrast=1.0, depth=0, flipHoriz=False, flipVert=False, font='', fontFiles=[], height=50.0, italic=False, languageStyle='LTR', name='unnamed TextStim', opacity=1.0, ori=0.0, pos=array([0., 0.]), rgb=UNKNOWN, text='Niepoprawnie', units='pix', win=Window(...), wrapWidth=500)
136.2075 	EXP 	unnamed TextStim: text = '↓'
137.8158 	DATA 	Keypress: down
137.8178 	EXP 	Created unnamed TextStim = TextStim(__class__=<class 'psychopy.visual.text.TextStim'>, alignHoriz=method-wrapper(...), alignText='center', alignVert=method-wrapper(...), anchorHoriz='center', anchorVert='center', antialias=True, autoDraw=False, autoLog=True, bold=False, color=array([-1, -1, -1]), colorSpace='rgb', contrast=1.0, depth=0, flipHoriz=False, flipVert=False, font='', fontFiles=[], height=50.0, italic=False, languageStyle='LTR', name='unnamed TextStim', opacity=1.0, ori=0.0, pos=array([0., 0.]), rgb=UNKNOWN, text='Poprawnie', units='pix', win=Window(...), wrapWidth=500)
138.8241 	EXP 	unnamed TextStim: height = 25.0
138.8241 	EXP 	unnamed TextStim: height = 25.0
138.8241 	EXP 	unnamed TextStim: height = 25.0
138.8241 	EXP 	unnamed TextStim: text = '←'
140.1826 	DATA 	Keypress: left
140.1845 	EXP 	Created unnamed TextStim = TextStim(__class__=<class 'psychopy.visual.text.TextStim'>, alignHoriz=method-wrapper(...), alignText='center', alignVert=method-wrapper(...), anchorHoriz='center', anchorVert='center', antialias=True, autoDraw=False, autoLog=True, bold=False, color=array([-1, -1, -1]), colorSpace='rgb', contrast=1.0, depth=0, flipHoriz=False, flipVert=False, font='', fontFiles=[], height=50.0, italic=False, languageStyle='LTR', name='unnamed TextStim', opacity=1.0, ori=0.0, pos=array([0., 0.]), rgb=UNKNOWN, text='Poprawnie', units='pix', win=Window(...), wrapWidth=500)
141.1913 	EXP 	unnamed TextStim: height = 25.0
141.1913 	EXP 	unnamed TextStim: height = 25.0
141.1913 	EXP 	unnamed TextStim: height = 25.0
141.1913 	EXP 	unnamed TextStim: text = '→'
142.5140 	DATA 	Keypress: right
142.5162 	EXP 	Created unnamed TextStim = TextStim(__class__=<class 'psychopy.visual.text.TextStim'>, alignHoriz=method-wrapper(...), alignText='center', alignVert=method-wrapper(...), anchorHoriz='center', anchorVert='center', antialias=True, autoDraw=False, autoLog=True, bold=False, color=array([-1, -1, -1]), colorSpace='rgb', contrast=1.0, depth=0, flipHoriz=False, flipVert=False, font='', fontFiles=[], height=50.0, italic=False, languageStyle='LTR', name='unnamed TextStim', opacity=1.0, ori=0.0, pos=array([0., 0.]), rgb=UNKNOWN, text='Poprawnie', units='pix', win=Window(...), wrapWidth=500)
143.5429 	EXP 	Created unnamed TextStim = TextStim(__class__=<class 'psychopy.visual.text.TextStim'>, alignHoriz=method-wrapper(...), alignText='center', alignVert=method-wrapper(...), anchorHoriz='center', anchorVert='center', antialias=True, autoDraw=False, autoLog=True, bold=False, color=array([-1, -1, -1]), colorSpace='rgb', contrast=1.0, depth=0, flipHoriz=False, flipVert=False, font='', fontFiles=[], height=20.0, italic=False, languageStyle='LTR', name='unnamed TextStim', opacity=1.0, ori=0.0, pos=array([0., 0.]), rgb=UNKNOWN, text=str(...), units='pix', win=Window(...), wrapWidth=1536)
146.9679 	DATA 	Keypress: space
146.9743 	EXP 	unnamed TextStim: height = 25.0
146.9743 	EXP 	unnamed TextStim: height = 25.0
146.9743 	EXP 	unnamed TextStim: height = 25.0
146.9743 	EXP 	unnamed TextStim: text = '↓'
148.4189 	DATA 	Keypress: down
148.4214 	EXP 	unnamed TextStim: height = 25.0
148.4214 	EXP 	unnamed TextStim: height = 25.0
148.4214 	EXP 	unnamed TextStim: height = 25.0
148.4214 	EXP 	unnamed TextStim: text = '→'
149.8651 	DATA 	Keypress: down
149.8663 	EXP 	unnamed TextStim: text = '→'
151.1827 	DATA 	Keypress: right
151.1857 	EXP 	unnamed TextStim: height = 25.0
151.1857 	EXP 	unnamed TextStim: height = 25.0
151.1857 	EXP 	unnamed TextStim: height = 25.0
151.1857 	EXP 	unnamed TextStim: text = '↑'
152.6268 	DATA 	Keypress: up
152.6289 	EXP 	unnamed TextStim: height = 25.0
152.6289 	EXP 	unnamed TextStim: height = 25.0
152.6289 	EXP 	unnamed TextStim: height = 25.0
152.6289 	EXP 	unnamed TextStim: text = '↓'
153.8987 	DATA 	Keypress: down
153.9013 	EXP 	unnamed TextStim: height = 25.0
153.9013 	EXP 	unnamed TextStim: height = 25.0
153.9013 	EXP 	unnamed TextStim: height = 25.0
153.9013 	EXP 	unnamed TextStim: text = '←'
155.3821 	DATA 	Keypress: left
155.5062 	EXP 	Created unnamed ImageStim = ImageStim(__class__=<class 'psychopy.visual.image.ImageStim'>, anchor=('center', 'center'), autoLog=True, color=array([1., 1., 1.]), colorSpace='rgb', contrast=1.0, depth=0, flipHoriz=False, flipVert=False, image='break.jpg', interpolate=True, mask=None, maskParams=None, name='unnamed ImageStim', opacity=1.0, ori=0.0, pos=array([0., 0.]), size=array([1536.,  864.]), texRes=128, units='pix', win=Window(...))
157.0823 	DATA 	Keypress: space
157.0913 	EXP 	unnamed TextStim: height = 25.0
157.0913 	EXP 	unnamed TextStim: height = 25.0
157.0913 	EXP 	unnamed TextStim: height = 25.0
157.0913 	EXP 	unnamed TextStim: text = '→'
158.6137 	DATA 	Keypress: right
158.6157 	EXP 	unnamed TextStim: height = 25.0
158.6157 	EXP 	unnamed TextStim: height = 25.0
158.6157 	EXP 	unnamed TextStim: height = 25.0
158.6157 	EXP 	unnamed TextStim: text = '↑'
161.3257 	DATA 	No keypress (maxWait exceeded)
161.3275 	EXP 	unnamed TextStim: text = '↑'
162.7019 	DATA 	Keypress: up
162.7063 	EXP 	unnamed TextStim: height = 25.0
162.7063 	EXP 	unnamed TextStim: height = 25.0
162.7063 	EXP 	unnamed TextStim: height = 25.0
162.7063 	EXP 	unnamed TextStim: text = '↓'
164.1859 	DATA 	Keypress: down
164.1881 	EXP 	unnamed TextStim: height = 25.0
164.1881 	EXP 	unnamed TextStim: height = 25.0
164.1881 	EXP 	unnamed TextStim: height = 25.0
164.1881 	EXP 	unnamed TextStim: text = '←'
165.5944 	DATA 	Keypress: left
165.5955 	EXP 	unnamed TextStim: text = '←'
167.1262 	DATA 	Keypress: up
167.2450 	EXP 	Created unnamed ImageStim = ImageStim(__class__=<class 'psychopy.visual.image.ImageStim'>, anchor=('center', 'center'), autoLog=True, color=array([1., 1., 1.]), colorSpace='rgb', contrast=1.0, depth=0, flipHoriz=False, flipVert=False, image='break.jpg', interpolate=True, mask=None, maskParams=None, name='unnamed ImageStim', opacity=1.0, ori=0.0, pos=array([0., 0.]), size=array([1536.,  864.]), texRes=128, units='pix', win=Window(...))
168.1628 	DATA 	Keypress: space
168.1752 	EXP 	unnamed TextStim: height = 25.0
168.1752 	EXP 	unnamed TextStim: height = 25.0
168.1752 	EXP 	unnamed TextStim: height = 25.0
168.1752 	EXP 	unnamed TextStim: text = '→'
170.0067 	DATA 	Keypress: left
170.0088 	EXP 	unnamed TextStim: height = 25.0
170.0088 	EXP 	unnamed TextStim: height = 25.0
170.0088 	EXP 	unnamed TextStim: height = 25.0
170.0088 	EXP 	unnamed TextStim: text = '←'
171.6857 	DATA 	Keypress: right
171.6878 	EXP 	unnamed TextStim: height = 25.0
171.6878 	EXP 	unnamed TextStim: height = 25.0
171.6878 	EXP 	unnamed TextStim: height = 25.0
171.6878 	EXP 	unnamed TextStim: text = '→'
173.2190 	DATA 	Keypress: right
173.2210 	EXP 	unnamed TextStim: height = 25.0
173.2210 	EXP 	unnamed TextStim: height = 25.0
173.2210 	EXP 	unnamed TextStim: height = 25.0
173.2210 	EXP 	unnamed TextStim: text = '←'
174.5790 	DATA 	Keypress: left
174.5812 	EXP 	unnamed TextStim: height = 25.0
174.5812 	EXP 	unnamed TextStim: height = 25.0
174.5812 	EXP 	unnamed TextStim: height = 25.0
174.5812 	EXP 	unnamed TextStim: text = '↓'
176.0155 	DATA 	Keypress: down
176.0175 	EXP 	unnamed TextStim: height = 25.0
176.0175 	EXP 	unnamed TextStim: height = 25.0
176.0175 	EXP 	unnamed TextStim: height = 25.0
176.0175 	EXP 	unnamed TextStim: text = '→'
177.4902 	DATA 	Keypress: right
177.6030 	EXP 	Created unnamed ImageStim = ImageStim(__class__=<class 'psychopy.visual.image.ImageStim'>, anchor=('center', 'center'), autoLog=True, color=array([1., 1., 1.]), colorSpace='rgb', contrast=1.0, depth=0, flipHoriz=False, flipVert=False, image='break.jpg', interpolate=True, mask=None, maskParams=None, name='unnamed ImageStim', opacity=1.0, ori=0.0, pos=array([0., 0.]), size=array([1536.,  864.]), texRes=128, units='pix', win=Window(...))
179.2501 	DATA 	Keypress: space
179.2588 	EXP 	unnamed TextStim: height = 25.0
179.2588 	EXP 	unnamed TextStim: height = 25.0
179.2588 	EXP 	unnamed TextStim: height = 25.0
179.2588 	EXP 	unnamed TextStim: text = '↑'
181.9595 	DATA 	No keypress (maxWait exceeded)
181.9604 	EXP 	unnamed TextStim: text = '↑'
183.5197 	DATA 	Keypress: down
183.5225 	EXP 	unnamed TextStim: height = 25.0
183.5225 	EXP 	unnamed TextStim: height = 25.0
183.5225 	EXP 	unnamed TextStim: height = 25.0
183.5225 	EXP 	unnamed TextStim: text = '←'
185.0040 	DATA 	Keypress: right
185.0059 	EXP 	unnamed TextStim: height = 25.0
185.0059 	EXP 	unnamed TextStim: height = 25.0
185.0059 	EXP 	unnamed TextStim: height = 25.0
185.0059 	EXP 	unnamed TextStim: text = '↓'
186.3679 	DATA 	Keypress: down
186.3700 	EXP 	unnamed TextStim: height = 25.0
186.3700 	EXP 	unnamed TextStim: height = 25.0
186.3700 	EXP 	unnamed TextStim: height = 25.0
186.3700 	EXP 	unnamed TextStim: text = '←'
188.4389 	DATA 	Keypress: left
188.4409 	EXP 	unnamed TextStim: height = 25.0
188.4409 	EXP 	unnamed TextStim: height = 25.0
188.4409 	EXP 	unnamed TextStim: height = 25.0
188.4409 	EXP 	unnamed TextStim: text = '→'
189.8802 	DATA 	Keypress: right
190.0009 	EXP 	Created unnamed ImageStim = ImageStim(__class__=<class 'psychopy.visual.image.ImageStim'>, anchor=('center', 'center'), autoLog=True, color=array([1., 1., 1.]), colorSpace='rgb', contrast=1.0, depth=0, flipHoriz=False, flipVert=False, image='break.jpg', interpolate=True, mask=None, maskParams=None, name='unnamed ImageStim', opacity=1.0, ori=0.0, pos=array([0., 0.]), size=array([1536.,  864.]), texRes=128, units='pix', win=Window(...))
190.8357 	DATA 	Keypress: space
190.8426 	EXP 	unnamed TextStim: height = 25.0
190.8426 	EXP 	unnamed TextStim: height = 25.0
190.8426 	EXP 	unnamed TextStim: height = 25.0
190.8426 	EXP 	unnamed TextStim: text = '↓'
192.6237 	DATA 	Keypress: down
192.6258 	EXP 	unnamed TextStim: height = 25.0
192.6258 	EXP 	unnamed TextStim: height = 25.0
192.6258 	EXP 	unnamed TextStim: height = 25.0
192.6258 	EXP 	unnamed TextStim: text = '←'
194.1993 	DATA 	Keypress: right
194.2005 	EXP 	unnamed TextStim: text = '←'
195.6088 	DATA 	Keypress: left
195.6098 	EXP 	unnamed TextStim: text = '←'
198.3433 	DATA 	No keypress (maxWait exceeded)
198.3455 	EXP 	unnamed TextStim: height = 25.0
198.3455 	EXP 	unnamed TextStim: height = 25.0
198.3455 	EXP 	unnamed TextStim: height = 25.0
198.3455 	EXP 	unnamed TextStim: text = '→'
199.8016 	DATA 	Keypress: right
199.8041 	EXP 	unnamed TextStim: height = 25.0
199.8041 	EXP 	unnamed TextStim: height = 25.0
199.8041 	EXP 	unnamed TextStim: height = 25.0
199.8041 	EXP 	unnamed TextStim: text = '↑'
201.3891 	DATA 	Keypress: down
201.5087 	EXP 	Created unnamed ImageStim = ImageStim(__class__=<class 'psychopy.visual.image.ImageStim'>, anchor=('center', 'center'), autoLog=True, color=array([1., 1., 1.]), colorSpace='rgb', contrast=1.0, depth=0, flipHoriz=False, flipVert=False, image='break.jpg', interpolate=True, mask=None, maskParams=None, name='unnamed ImageStim', opacity=1.0, ori=0.0, pos=array([0., 0.]), size=array([1536.,  864.]), texRes=128, units='pix', win=Window(...))
202.4341 	DATA 	Keypress: space
202.4433 	EXP 	unnamed TextStim: height = 25.0
202.4433 	EXP 	unnamed TextStim: height = 25.0
202.4433 	EXP 	unnamed TextStim: height = 25.0
202.4433 	EXP 	unnamed TextStim: text = '↓'
203.7526 	DATA 	Keypress: down
203.7550 	EXP 	unnamed TextStim: height = 25.0
203.7550 	EXP 	unnamed TextStim: height = 25.0
203.7550 	EXP 	unnamed TextStim: height = 25.0
203.7550 	EXP 	unnamed TextStim: text = '↑'
205.2826 	DATA 	Keypress: up
205.2847 	EXP 	unnamed TextStim: height = 25.0
205.2847 	EXP 	unnamed TextStim: height = 25.0
205.2847 	EXP 	unnamed TextStim: height = 25.0
205.2847 	EXP 	unnamed TextStim: text = '←'
206.7846 	DATA 	Keypress: right
206.7871 	EXP 	unnamed TextStim: height = 25.0
206.7871 	EXP 	unnamed TextStim: height = 25.0
206.7871 	EXP 	unnamed TextStim: height = 25.0
206.7871 	EXP 	unnamed TextStim: text = '↑'
208.2892 	DATA 	Keypress: left
208.2914 	EXP 	unnamed TextStim: height = 25.0
208.2914 	EXP 	unnamed TextStim: height = 25.0
208.2914 	EXP 	unnamed TextStim: height = 25.0
208.2914 	EXP 	unnamed TextStim: text = '→'
209.9060 	DATA 	Keypress: right
209.9082 	EXP 	unnamed TextStim: height = 25.0
209.9082 	EXP 	unnamed TextStim: height = 25.0
209.9082 	EXP 	unnamed TextStim: height = 25.0
209.9082 	EXP 	unnamed TextStim: text = '↓'
211.2906 	DATA 	Keypress: down
211.4012 	EXP 	Created unnamed ImageStim = ImageStim(__class__=<class 'psychopy.visual.image.ImageStim'>, anchor=('center', 'center'), autoLog=True, color=array([1., 1., 1.]), colorSpace='rgb', contrast=1.0, depth=0, flipHoriz=False, flipVert=False, image='break.jpg', interpolate=True, mask=None, maskParams=None, name='unnamed ImageStim', opacity=1.0, ori=0.0, pos=array([0., 0.]), size=array([1536.,  864.]), texRes=128, units='pix', win=Window(...))
212.1100 	DATA 	Keypress: space
212.1269 	EXP 	unnamed TextStim: height = 25.0
212.1269 	EXP 	unnamed TextStim: height = 25.0
212.1269 	EXP 	unnamed TextStim: height = 25.0
212.1269 	EXP 	unnamed TextStim: text = '←'
213.4608 	DATA 	Keypress: left
213.4627 	EXP 	unnamed TextStim: height = 25.0
213.4627 	EXP 	unnamed TextStim: height = 25.0
213.4627 	EXP 	unnamed TextStim: height = 25.0
213.4627 	EXP 	unnamed TextStim: text = '→'
214.7619 	DATA 	Keypress: right
214.7640 	EXP 	unnamed TextStim: height = 25.0
214.7640 	EXP 	unnamed TextStim: height = 25.0
214.7640 	EXP 	unnamed TextStim: height = 25.0
214.7640 	EXP 	unnamed TextStim: text = '↓'
216.0384 	DATA 	Keypress: down
216.0425 	EXP 	unnamed TextStim: height = 25.0
216.0425 	EXP 	unnamed TextStim: height = 25.0
216.0425 	EXP 	unnamed TextStim: height = 25.0
216.0425 	EXP 	unnamed TextStim: text = '→'
217.5004 	DATA 	Keypress: right
217.5024 	EXP 	unnamed TextStim: height = 25.0
217.5024 	EXP 	unnamed TextStim: height = 25.0
217.5024 	EXP 	unnamed TextStim: height = 25.0
217.5024 	EXP 	unnamed TextStim: text = '↑'
218.8068 	DATA 	Keypress: up
218.8093 	EXP 	unnamed TextStim: height = 25.0
218.8093 	EXP 	unnamed TextStim: height = 25.0
218.8093 	EXP 	unnamed TextStim: height = 25.0
218.8093 	EXP 	unnamed TextStim: text = '←'
220.3498 	DATA 	Keypress: left
220.4683 	EXP 	Created unnamed ImageStim = ImageStim(__class__=<class 'psychopy.visual.image.ImageStim'>, anchor=('center', 'center'), autoLog=True, color=array([1., 1., 1.]), colorSpace='rgb', contrast=1.0, depth=0, flipHoriz=False, flipVert=False, image='break.jpg', interpolate=True, mask=None, maskParams=None, name='unnamed ImageStim', opacity=1.0, ori=0.0, pos=array([0., 0.]), size=array([1536.,  864.]), texRes=128, units='pix', win=Window(...))
221.1510 	DATA 	Keypress: space
221.1607 	EXP 	unnamed TextStim: height = 25.0
221.1607 	EXP 	unnamed TextStim: height = 25.0
221.1607 	EXP 	unnamed TextStim: height = 25.0
221.1607 	EXP 	unnamed TextStim: text = '→'
222.3640 	DATA 	Keypress: right
222.3778 	EXP 	unnamed TextStim: height = 25.0
222.3778 	EXP 	unnamed TextStim: height = 25.0
222.3778 	EXP 	unnamed TextStim: height = 25.0
222.3778 	EXP 	unnamed TextStim: text = '↑'
223.9987 	DATA 	Keypress: up
223.9999 	EXP 	unnamed TextStim: text = '↑'
225.4470 	DATA 	Keypress: up
225.4488 	EXP 	unnamed TextStim: text = '↑'
226.8083 	DATA 	Keypress: up
226.8094 	EXP 	unnamed TextStim: text = '↑'
228.3419 	DATA 	Keypress: down
228.3442 	EXP 	unnamed TextStim: height = 25.0
228.3442 	EXP 	unnamed TextStim: height = 25.0
228.3442 	EXP 	unnamed TextStim: height = 25.0
228.3442 	EXP 	unnamed TextStim: text = '←'
230.0475 	DATA 	Keypress: right
230.1644 	EXP 	Created unnamed ImageStim = ImageStim(__class__=<class 'psychopy.visual.image.ImageStim'>, anchor=('center', 'center'), autoLog=True, color=array([1., 1., 1.]), colorSpace='rgb', contrast=1.0, depth=0, flipHoriz=False, flipVert=False, image='break.jpg', interpolate=True, mask=None, maskParams=None, name='unnamed ImageStim', opacity=1.0, ori=0.0, pos=array([0., 0.]), size=array([1536.,  864.]), texRes=128, units='pix', win=Window(...))
230.8639 	DATA 	Keypress: space
230.8777 	EXP 	unnamed TextStim: height = 25.0
230.8777 	EXP 	unnamed TextStim: height = 25.0
230.8777 	EXP 	unnamed TextStim: height = 25.0
230.8777 	EXP 	unnamed TextStim: text = '→'
233.6282 	DATA 	No keypress (maxWait exceeded)
233.6293 	EXP 	unnamed TextStim: text = '→'
235.1478 	DATA 	Keypress: right
235.1500 	EXP 	unnamed TextStim: text = '→'
236.8578 	DATA 	Keypress: right
236.8642 	EXP 	unnamed TextStim: height = 25.0
236.8642 	EXP 	unnamed TextStim: height = 25.0
236.8642 	EXP 	unnamed TextStim: height = 25.0
236.8642 	EXP 	unnamed TextStim: text = '↑'
238.3231 	DATA 	Keypress: up
238.3256 	EXP 	unnamed TextStim: height = 25.0
238.3256 	EXP 	unnamed TextStim: height = 25.0
238.3256 	EXP 	unnamed TextStim: height = 25.0
238.3256 	EXP 	unnamed TextStim: text = '↓'
240.1410 	DATA 	Keypress: up
240.1431 	EXP 	unnamed TextStim: height = 25.0
240.1431 	EXP 	unnamed TextStim: height = 25.0
240.1431 	EXP 	unnamed TextStim: height = 25.0
240.1431 	EXP 	unnamed TextStim: text = '↑'
241.5594 	DATA 	Keypress: up
241.6689 	EXP 	Created unnamed ImageStim = ImageStim(__class__=<class 'psychopy.visual.image.ImageStim'>, anchor=('center', 'center'), autoLog=True, color=array([1., 1., 1.]), colorSpace='rgb', contrast=1.0, depth=0, flipHoriz=False, flipVert=False, image='break.jpg', interpolate=True, mask=None, maskParams=None, name='unnamed ImageStim', opacity=1.0, ori=0.0, pos=array([0., 0.]), size=array([1536.,  864.]), texRes=128, units='pix', win=Window(...))
242.3259 	DATA 	Keypress: space
242.3279 	EXP 	unnamed TextStim: text = '↑'
243.6627 	DATA 	Keypress: up
243.6652 	EXP 	unnamed TextStim: height = 25.0
243.6652 	EXP 	unnamed TextStim: height = 25.0
243.6652 	EXP 	unnamed TextStim: height = 25.0
243.6652 	EXP 	unnamed TextStim: text = '←'
245.3808 	DATA 	Keypress: right
245.3819 	EXP 	unnamed TextStim: text = '←'
246.9166 	DATA 	Keypress: left
246.9187 	EXP 	unnamed TextStim: height = 25.0
246.9187 	EXP 	unnamed TextStim: height = 25.0
246.9187 	EXP 	unnamed TextStim: height = 25.0
246.9187 	EXP 	unnamed TextStim: text = '→'
248.3851 	DATA 	Keypress: right
248.3862 	EXP 	unnamed TextStim: text = '→'
249.9052 	DATA 	Keypress: right
249.9073 	EXP 	unnamed TextStim: height = 25.0
249.9073 	EXP 	unnamed TextStim: height = 25.0
249.9073 	EXP 	unnamed TextStim: height = 25.0
249.9073 	EXP 	unnamed TextStim: text = '←'
251.3162 	DATA 	Keypress: left
251.4275 	EXP 	Created unnamed ImageStim = ImageStim(__class__=<class 'psychopy.visual.image.ImageStim'>, anchor=('center', 'center'), autoLog=True, color=array([1., 1., 1.]), colorSpace='rgb', contrast=1.0, depth=0, flipHoriz=False, flipVert=False, image='break.jpg', interpolate=True, mask=None, maskParams=None, name='unnamed ImageStim', opacity=1.0, ori=0.0, pos=array([0., 0.]), size=array([1536.,  864.]), texRes=128, units='pix', win=Window(...))
252.0488 	DATA 	Keypress: space
252.0616 	EXP 	unnamed TextStim: height = 25.0
252.0616 	EXP 	unnamed TextStim: height = 25.0
252.0616 	EXP 	unnamed TextStim: height = 25.0
252.0616 	EXP 	unnamed TextStim: text = '↑'
254.8121 	DATA 	No keypress (maxWait exceeded)
254.8141 	EXP 	unnamed TextStim: height = 25.0
254.8141 	EXP 	unnamed TextStim: height = 25.0
254.8141 	EXP 	unnamed TextStim: height = 25.0
254.8141 	EXP 	unnamed TextStim: text = '←'
256.1603 	DATA 	Keypress: left
256.1670 	EXP 	unnamed TextStim: height = 25.0
256.1670 	EXP 	unnamed TextStim: height = 25.0
256.1670 	EXP 	unnamed TextStim: height = 25.0
256.1670 	EXP 	unnamed TextStim: text = '↓'
257.5354 	DATA 	Keypress: down
257.5375 	EXP 	unnamed TextStim: height = 25.0
257.5375 	EXP 	unnamed TextStim: height = 25.0
257.5375 	EXP 	unnamed TextStim: height = 25.0
257.5375 	EXP 	unnamed TextStim: text = '→'
258.9562 	DATA 	Keypress: right
258.9574 	EXP 	unnamed TextStim: text = '→'
260.3540 	DATA 	Keypress: right
260.3560 	EXP 	unnamed TextStim: height = 25.0
260.3560 	EXP 	unnamed TextStim: height = 25.0
260.3560 	EXP 	unnamed TextStim: height = 25.0
260.3560 	EXP 	unnamed TextStim: text = '←'
261.7927 	DATA 	Keypress: right
261.9012 	EXP 	Created unnamed ImageStim = ImageStim(__class__=<class 'psychopy.visual.image.ImageStim'>, anchor=('center', 'center'), autoLog=True, color=array([1., 1., 1.]), colorSpace='rgb', contrast=1.0, depth=0, flipHoriz=False, flipVert=False, image='break.jpg', interpolate=True, mask=None, maskParams=None, name='unnamed ImageStim', opacity=1.0, ori=0.0, pos=array([0., 0.]), size=array([1536.,  864.]), texRes=128, units='pix', win=Window(...))
262.5001 	DATA 	Keypress: space
262.5170 	EXP 	Created unnamed TextStim = TextStim(__class__=<class 'psychopy.visual.text.TextStim'>, alignHoriz=method-wrapper(...), alignText='center', alignVert=method-wrapper(...), anchorHoriz='center', anchorVert='center', antialias=True, autoDraw=False, autoLog=True, bold=False, color=array([-1, -1, -1]), colorSpace='rgb', contrast=1.0, depth=0, flipHoriz=False, flipVert=False, font='', fontFiles=[], height=20.0, italic=False, languageStyle='LTR', name='unnamed TextStim', opacity=1.0, ori=0.0, pos=array([0., 0.]), rgb=UNKNOWN, text=str(...), units='pix', win=Window(...), wrapWidth=1536)
264.3936 	DATA 	Keypress: space
264.4938 	EXP 	window1: mouseVisible = True
