65.3410 	WARNING 	User requested fullscreen with size [1536  864], but screen is actually [1920, 1080]. Using actual size
66.6633 	INFO 	FRAME RATE: 60
66.6633 	INFO 	SCREEN RES: odict_values([1536, 864])
66.7203 	EXP 	Created unnamed TextStim = TextStim(__class__=<class 'psychopy.visual.text.TextStim'>, alignHoriz=method-wrapper(...), alignText='center', alignVert=method-wrapper(...), anchorHoriz='center', anchorVert='center', antialias=True, autoDraw=False, autoLog=True, bold=False, color=array([-1, -1, -1]), colorSpace='rgb', contrast=1.0, depth=0, flipHoriz=False, flipVert=False, font='', fontFiles=[], height=100.0, italic=False, languageStyle='LTR', name='unnamed TextStim', opacity=1.0, ori=0.0, pos=array([0., 0.]), rgb=UNKNOWN, text='+', units='pix', win=Window(...), wrapWidth=500)
66.7247 	EXP 	Created unnamed Circle = Circle(__class__=<class 'psychopy.visual.circle.Circle'>, anchor=('center', 'center'), autoDraw=False, autoLog=True, closeShape=True, color=method-wrapper(...), colorSpace='rgb', contrast=None, depth=0, fillColor=array([ 0.09019608, -1.        , -1.        ]), fillColorSpace='rgb', fillRGB=array([ 0.09019608, -1.        , -1.        ]), interpolate=True, lineColor=array([ 0.09019608, -1.        , -1.        ]), lineColorSpace='rgb', lineRGB=array([ 0.09019608, -1.        , -1.        ]), lineWidth=1.5, name='unnamed Circle', opacity=1.0, ori=0.0, pos=array([0., 0.]), size=array([1., 1.]), units='pix', vertices=ndarray(...), win=Window(...))
66.7259 	EXP 	Created unnamed TextStim = TextStim(__class__=<class 'psychopy.visual.text.TextStim'>, alignHoriz=method-wrapper(...), alignText='center', alignVert=method-wrapper(...), anchorHoriz='center', anchorVert='center', antialias=True, autoDraw=False, autoLog=True, bold=False, color=array([-0.17647059, -0.17647059, -0.17647059]), colorSpace='rgb', contrast=1.0, depth=0, flipHoriz=False, flipVert=False, font='', fontFiles=[], height=25, italic=False, languageStyle='LTR', name='unnamed TextStim', opacity=1.0, ori=0.0, pos=array([0., 0.]), rgb=UNKNOWN, text='', units='pix', win=Window(...), wrapWidth=500)
66.7352 	EXP 	Created unnamed ImageStim = ImageStim(__class__=<class 'psychopy.visual.image.ImageStim'>, anchor=('center', 'center'), autoLog=True, color=array([1., 1., 1.]), colorSpace='rgb', contrast=1.0, depth=0, flipHoriz=False, flipVert=False, image='mask4.png', interpolate=False, mask=None, maskParams=None, name='unnamed ImageStim', opacity=1.0, ori=0.0, pos=array([0., 0.]), size=array([25., 25.]), texRes=128, units='pix', win=Window(...))
66.7440 	EXP 	Created unnamed TextStim = TextStim(__class__=<class 'psychopy.visual.text.TextStim'>, alignHoriz=method-wrapper(...), alignText='center', alignVert=method-wrapper(...), anchorHoriz='center', anchorVert='center', antialias=True, autoDraw=False, autoLog=True, bold=False, color=array([-1, -1, -1]), colorSpace='rgb', contrast=1.0, depth=0, flipHoriz=False, flipVert=False, font='', fontFiles=[], height=30.0, italic=False, languageStyle='LTR', name='unnamed TextStim', opacity=1.0, ori=0.0, pos=array([ 100., -300.]), rgb=UNKNOWN, text=str(...), units='pix', win=Window(...), wrapWidth=10000)
66.7569 	EXP 	Created unnamed TextStim = TextStim(__class__=<class 'psychopy.visual.text.TextStim'>, alignHoriz=method-wrapper(...), alignText='center', alignVert=method-wrapper(...), anchorHoriz='center', anchorVert='center', antialias=True, autoDraw=False, autoLog=True, bold=False, color=array([-1, -1, -1]), colorSpace='rgb', contrast=1.0, depth=0, flipHoriz=False, flipVert=False, font='', fontFiles=[], height=30.0, italic=False, languageStyle='LTR', name='unnamed TextStim', opacity=1.0, ori=0.0, pos=array([ 100., -330.]), rgb=UNKNOWN, text=str(...), units='pix', win=Window(...), wrapWidth=10000)
66.7937 	EXP 	Created unnamed TextStim = TextStim(__class__=<class 'psychopy.visual.text.TextStim'>, alignHoriz=method-wrapper(...), alignText='center', alignVert=method-wrapper(...), anchorHoriz='center', anchorVert='center', antialias=True, autoDraw=False, autoLog=True, bold=False, color=array([-1, -1, -1]), colorSpace='rgb', contrast=1.0, depth=0, flipHoriz=False, flipVert=False, font='', fontFiles=[], height=20.0, italic=False, languageStyle='LTR', name='unnamed TextStim', opacity=1.0, ori=0.0, pos=array([0., 0.]), rgb=UNKNOWN, text=str(...), units='pix', win=Window(...), wrapWidth=1536)
107.5241 	DATA 	Keypress: space
107.5298 	EXP 	unnamed TextStim: height = 25.0
107.5298 	EXP 	unnamed TextStim: height = 25.0
107.5298 	EXP 	unnamed TextStim: height = 25.0
107.5298 	EXP 	unnamed TextStim: text = '↑'
110.4966 	DATA 	No keypress (maxWait exceeded)
110.5054 	EXP 	Created unnamed TextStim = TextStim(__class__=<class 'psychopy.visual.text.TextStim'>, alignHoriz=method-wrapper(...), alignText='center', alignVert=method-wrapper(...), anchorHoriz='center', anchorVert='center', antialias=True, autoDraw=False, autoLog=True, bold=False, color=array([-1, -1, -1]), colorSpace='rgb', contrast=1.0, depth=0, flipHoriz=False, flipVert=False, font='', fontFiles=[], height=50.0, italic=False, languageStyle='LTR', name='unnamed TextStim', opacity=1.0, ori=0.0, pos=array([0., 0.]), rgb=UNKNOWN, text='Niepoprawnie', units='pix', win=Window(...), wrapWidth=500)
111.3069 	DATA 	Keypress: right
111.5134 	EXP 	unnamed TextStim: height = 25.0
111.5134 	EXP 	unnamed TextStim: height = 25.0
111.5134 	EXP 	unnamed TextStim: height = 25.0
111.5134 	EXP 	unnamed TextStim: text = '←'
113.2591 	DATA 	Keypress: left
113.2634 	EXP 	Created unnamed TextStim = TextStim(__class__=<class 'psychopy.visual.text.TextStim'>, alignHoriz=method-wrapper(...), alignText='center', alignVert=method-wrapper(...), anchorHoriz='center', anchorVert='center', antialias=True, autoDraw=False, autoLog=True, bold=False, color=array([-1, -1, -1]), colorSpace='rgb', contrast=1.0, depth=0, flipHoriz=False, flipVert=False, font='', fontFiles=[], height=50.0, italic=False, languageStyle='LTR', name='unnamed TextStim', opacity=1.0, ori=0.0, pos=array([0., 0.]), rgb=UNKNOWN, text='Poprawnie', units='pix', win=Window(...), wrapWidth=500)
114.2801 	EXP 	unnamed TextStim: height = 25.0
114.2801 	EXP 	unnamed TextStim: height = 25.0
114.2801 	EXP 	unnamed TextStim: height = 25.0
114.2801 	EXP 	unnamed TextStim: text = '↓'
115.8045 	DATA 	Keypress: left
115.8064 	EXP 	Created unnamed TextStim = TextStim(__class__=<class 'psychopy.visual.text.TextStim'>, alignHoriz=method-wrapper(...), alignText='center', alignVert=method-wrapper(...), anchorHoriz='center', anchorVert='center', antialias=True, autoDraw=False, autoLog=True, bold=False, color=array([-1, -1, -1]), colorSpace='rgb', contrast=1.0, depth=0, flipHoriz=False, flipVert=False, font='', fontFiles=[], height=50.0, italic=False, languageStyle='LTR', name='unnamed TextStim', opacity=1.0, ori=0.0, pos=array([0., 0.]), rgb=UNKNOWN, text='Niepoprawnie', units='pix', win=Window(...), wrapWidth=500)
116.8137 	EXP 	unnamed TextStim: height = 25.0
116.8137 	EXP 	unnamed TextStim: height = 25.0
116.8137 	EXP 	unnamed TextStim: height = 25.0
116.8137 	EXP 	unnamed TextStim: text = '↑'
119.7448 	DATA 	Keypress: up
119.7473 	EXP 	Created unnamed TextStim = TextStim(__class__=<class 'psychopy.visual.text.TextStim'>, alignHoriz=method-wrapper(...), alignText='center', alignVert=method-wrapper(...), anchorHoriz='center', anchorVert='center', antialias=True, autoDraw=False, autoLog=True, bold=False, color=array([-1, -1, -1]), colorSpace='rgb', contrast=1.0, depth=0, flipHoriz=False, flipVert=False, font='', fontFiles=[], height=50.0, italic=False, languageStyle='LTR', name='unnamed TextStim', opacity=1.0, ori=0.0, pos=array([0., 0.]), rgb=UNKNOWN, text='Poprawnie', units='pix', win=Window(...), wrapWidth=500)
120.7638 	EXP 	unnamed TextStim: text = '↑'
122.1644 	DATA 	Keypress: left
122.1694 	EXP 	Created unnamed TextStim = TextStim(__class__=<class 'psychopy.visual.text.TextStim'>, alignHoriz=method-wrapper(...), alignText='center', alignVert=method-wrapper(...), anchorHoriz='center', anchorVert='center', antialias=True, autoDraw=False, autoLog=True, bold=False, color=array([-1, -1, -1]), colorSpace='rgb', contrast=1.0, depth=0, flipHoriz=False, flipVert=False, font='', fontFiles=[], height=50.0, italic=False, languageStyle='LTR', name='unnamed TextStim', opacity=1.0, ori=0.0, pos=array([0., 0.]), rgb=UNKNOWN, text='Niepoprawnie', units='pix', win=Window(...), wrapWidth=500)
123.1973 	EXP 	unnamed TextStim: text = '↑'
124.4485 	DATA 	Keypress: right
124.4859 	EXP 	Created unnamed TextStim = TextStim(__class__=<class 'psychopy.visual.text.TextStim'>, alignHoriz=method-wrapper(...), alignText='center', alignVert=method-wrapper(...), anchorHoriz='center', anchorVert='center', antialias=True, autoDraw=False, autoLog=True, bold=False, color=array([-1, -1, -1]), colorSpace='rgb', contrast=1.0, depth=0, flipHoriz=False, flipVert=False, font='', fontFiles=[], height=50.0, italic=False, languageStyle='LTR', name='unnamed TextStim', opacity=1.0, ori=0.0, pos=array([0., 0.]), rgb=UNKNOWN, text='Niepoprawnie', units='pix', win=Window(...), wrapWidth=500)
125.5139 	EXP 	unnamed TextStim: text = '↑'
127.6955 	DATA 	Keypress: up
127.6976 	EXP 	Created unnamed TextStim = TextStim(__class__=<class 'psychopy.visual.text.TextStim'>, alignHoriz=method-wrapper(...), alignText='center', alignVert=method-wrapper(...), anchorHoriz='center', anchorVert='center', antialias=True, autoDraw=False, autoLog=True, bold=False, color=array([-1, -1, -1]), colorSpace='rgb', contrast=1.0, depth=0, flipHoriz=False, flipVert=False, font='', fontFiles=[], height=50.0, italic=False, languageStyle='LTR', name='unnamed TextStim', opacity=1.0, ori=0.0, pos=array([0., 0.]), rgb=UNKNOWN, text='Poprawnie', units='pix', win=Window(...), wrapWidth=500)
128.7140 	EXP 	unnamed TextStim: height = 25.0
128.7140 	EXP 	unnamed TextStim: height = 25.0
128.7140 	EXP 	unnamed TextStim: height = 25.0
128.7140 	EXP 	unnamed TextStim: text = '↓'
130.4843 	DATA 	Keypress: down
130.4862 	EXP 	Created unnamed TextStim = TextStim(__class__=<class 'psychopy.visual.text.TextStim'>, alignHoriz=method-wrapper(...), alignText='center', alignVert=method-wrapper(...), anchorHoriz='center', anchorVert='center', antialias=True, autoDraw=False, autoLog=True, bold=False, color=array([-1, -1, -1]), colorSpace='rgb', contrast=1.0, depth=0, flipHoriz=False, flipVert=False, font='', fontFiles=[], height=50.0, italic=False, languageStyle='LTR', name='unnamed TextStim', opacity=1.0, ori=0.0, pos=array([0., 0.]), rgb=UNKNOWN, text='Poprawnie', units='pix', win=Window(...), wrapWidth=500)
131.4975 	EXP 	unnamed TextStim: height = 25.0
131.4975 	EXP 	unnamed TextStim: height = 25.0
131.4975 	EXP 	unnamed TextStim: height = 25.0
131.4975 	EXP 	unnamed TextStim: text = '→'
132.8149 	DATA 	Keypress: right
132.8199 	EXP 	Created unnamed TextStim = TextStim(__class__=<class 'psychopy.visual.text.TextStim'>, alignHoriz=method-wrapper(...), alignText='center', alignVert=method-wrapper(...), anchorHoriz='center', anchorVert='center', antialias=True, autoDraw=False, autoLog=True, bold=False, color=array([-1, -1, -1]), colorSpace='rgb', contrast=1.0, depth=0, flipHoriz=False, flipVert=False, font='', fontFiles=[], height=50.0, italic=False, languageStyle='LTR', name='unnamed TextStim', opacity=1.0, ori=0.0, pos=array([0., 0.]), rgb=UNKNOWN, text='Poprawnie', units='pix', win=Window(...), wrapWidth=500)
133.8475 	EXP 	unnamed TextStim: height = 25.0
133.8475 	EXP 	unnamed TextStim: height = 25.0
133.8475 	EXP 	unnamed TextStim: height = 25.0
133.8475 	EXP 	unnamed TextStim: text = '↑'
135.2151 	DATA 	Keypress: up
135.2205 	EXP 	Created unnamed TextStim = TextStim(__class__=<class 'psychopy.visual.text.TextStim'>, alignHoriz=method-wrapper(...), alignText='center', alignVert=method-wrapper(...), anchorHoriz='center', anchorVert='center', antialias=True, autoDraw=False, autoLog=True, bold=False, color=array([-1, -1, -1]), colorSpace='rgb', contrast=1.0, depth=0, flipHoriz=False, flipVert=False, font='', fontFiles=[], height=50.0, italic=False, languageStyle='LTR', name='unnamed TextStim', opacity=1.0, ori=0.0, pos=array([0., 0.]), rgb=UNKNOWN, text='Poprawnie', units='pix', win=Window(...), wrapWidth=500)
136.2476 	EXP 	unnamed TextStim: height = 25.0
136.2476 	EXP 	unnamed TextStim: height = 25.0
136.2476 	EXP 	unnamed TextStim: height = 25.0
136.2476 	EXP 	unnamed TextStim: text = '↓'
137.7198 	DATA 	Keypress: down
137.7226 	EXP 	Created unnamed TextStim = TextStim(__class__=<class 'psychopy.visual.text.TextStim'>, alignHoriz=method-wrapper(...), alignText='center', alignVert=method-wrapper(...), anchorHoriz='center', anchorVert='center', antialias=True, autoDraw=False, autoLog=True, bold=False, color=array([-1, -1, -1]), colorSpace='rgb', contrast=1.0, depth=0, flipHoriz=False, flipVert=False, font='', fontFiles=[], height=50.0, italic=False, languageStyle='LTR', name='unnamed TextStim', opacity=1.0, ori=0.0, pos=array([0., 0.]), rgb=UNKNOWN, text='Poprawnie', units='pix', win=Window(...), wrapWidth=500)
138.7477 	EXP 	unnamed TextStim: height = 25.0
138.7477 	EXP 	unnamed TextStim: height = 25.0
138.7477 	EXP 	unnamed TextStim: height = 25.0
138.7477 	EXP 	unnamed TextStim: text = '→'
140.2151 	DATA 	Keypress: right
141.1851 	DATA 	Keypress: right
141.1877 	EXP 	Created unnamed TextStim = TextStim(__class__=<class 'psychopy.visual.text.TextStim'>, alignHoriz=method-wrapper(...), alignText='center', alignVert=method-wrapper(...), anchorHoriz='center', anchorVert='center', antialias=True, autoDraw=False, autoLog=True, bold=False, color=array([-1, -1, -1]), colorSpace='rgb', contrast=1.0, depth=0, flipHoriz=False, flipVert=False, font='', fontFiles=[], height=50.0, italic=False, languageStyle='LTR', name='unnamed TextStim', opacity=1.0, ori=0.0, pos=array([0., 0.]), rgb=UNKNOWN, text='Poprawnie', units='pix', win=Window(...), wrapWidth=500)
142.1979 	EXP 	unnamed TextStim: height = 25.0
142.1979 	EXP 	unnamed TextStim: height = 25.0
142.1979 	EXP 	unnamed TextStim: height = 25.0
142.1979 	EXP 	unnamed TextStim: text = '←'
143.5986 	DATA 	Keypress: left
143.6034 	EXP 	Created unnamed TextStim = TextStim(__class__=<class 'psychopy.visual.text.TextStim'>, alignHoriz=method-wrapper(...), alignText='center', alignVert=method-wrapper(...), anchorHoriz='center', anchorVert='center', antialias=True, autoDraw=False, autoLog=True, bold=False, color=array([-1, -1, -1]), colorSpace='rgb', contrast=1.0, depth=0, flipHoriz=False, flipVert=False, font='', fontFiles=[], height=50.0, italic=False, languageStyle='LTR', name='unnamed TextStim', opacity=1.0, ori=0.0, pos=array([0., 0.]), rgb=UNKNOWN, text='Poprawnie', units='pix', win=Window(...), wrapWidth=500)
144.6315 	EXP 	unnamed TextStim: height = 25.0
144.6315 	EXP 	unnamed TextStim: height = 25.0
144.6315 	EXP 	unnamed TextStim: height = 25.0
144.6315 	EXP 	unnamed TextStim: text = '↑'
145.9493 	DATA 	Keypress: up
145.9699 	EXP 	Created unnamed TextStim = TextStim(__class__=<class 'psychopy.visual.text.TextStim'>, alignHoriz=method-wrapper(...), alignText='center', alignVert=method-wrapper(...), anchorHoriz='center', anchorVert='center', antialias=True, autoDraw=False, autoLog=True, bold=False, color=array([-1, -1, -1]), colorSpace='rgb', contrast=1.0, depth=0, flipHoriz=False, flipVert=False, font='', fontFiles=[], height=50.0, italic=False, languageStyle='LTR', name='unnamed TextStim', opacity=1.0, ori=0.0, pos=array([0., 0.]), rgb=UNKNOWN, text='Poprawnie', units='pix', win=Window(...), wrapWidth=500)
146.9980 	EXP 	unnamed TextStim: text = '↑'
148.4156 	DATA 	Keypress: down
148.4210 	EXP 	Created unnamed TextStim = TextStim(__class__=<class 'psychopy.visual.text.TextStim'>, alignHoriz=method-wrapper(...), alignText='center', alignVert=method-wrapper(...), anchorHoriz='center', anchorVert='center', antialias=True, autoDraw=False, autoLog=True, bold=False, color=array([-1, -1, -1]), colorSpace='rgb', contrast=1.0, depth=0, flipHoriz=False, flipVert=False, font='', fontFiles=[], height=50.0, italic=False, languageStyle='LTR', name='unnamed TextStim', opacity=1.0, ori=0.0, pos=array([0., 0.]), rgb=UNKNOWN, text='Niepoprawnie', units='pix', win=Window(...), wrapWidth=500)
149.4673 	EXP 	Created unnamed TextStim = TextStim(__class__=<class 'psychopy.visual.text.TextStim'>, alignHoriz=method-wrapper(...), alignText='center', alignVert=method-wrapper(...), anchorHoriz='center', anchorVert='center', antialias=True, autoDraw=False, autoLog=True, bold=False, color=array([-1, -1, -1]), colorSpace='rgb', contrast=1.0, depth=0, flipHoriz=False, flipVert=False, font='', fontFiles=[], height=20.0, italic=False, languageStyle='LTR', name='unnamed TextStim', opacity=1.0, ori=0.0, pos=array([0., 0.]), rgb=UNKNOWN, text=str(...), units='pix', win=Window(...), wrapWidth=1536)
151.9463 	DATA 	Keypress: space
151.9514 	EXP 	unnamed TextStim: height = 25.0
151.9514 	EXP 	unnamed TextStim: height = 25.0
151.9514 	EXP 	unnamed TextStim: height = 25.0
151.9514 	EXP 	unnamed TextStim: text = '→'
153.5882 	DATA 	Keypress: right
153.5950 	EXP 	Created unnamed TextStim = TextStim(__class__=<class 'psychopy.visual.text.TextStim'>, alignHoriz=method-wrapper(...), alignText='center', alignVert=method-wrapper(...), anchorHoriz='center', anchorVert='center', antialias=True, autoDraw=False, autoLog=True, bold=False, color=array([-1, -1, -1]), colorSpace='rgb', contrast=1.0, depth=0, flipHoriz=False, flipVert=False, font='', fontFiles=[], height=50.0, italic=False, languageStyle='LTR', name='unnamed TextStim', opacity=1.0, ori=0.0, pos=array([0., 0.]), rgb=UNKNOWN, text='Poprawnie', units='pix', win=Window(...), wrapWidth=500)
154.5996 	EXP 	unnamed TextStim: height = 25.0
154.5996 	EXP 	unnamed TextStim: height = 25.0
154.5996 	EXP 	unnamed TextStim: height = 25.0
154.5996 	EXP 	unnamed TextStim: text = '←'
156.1475 	DATA 	Keypress: left
156.1501 	EXP 	Created unnamed TextStim = TextStim(__class__=<class 'psychopy.visual.text.TextStim'>, alignHoriz=method-wrapper(...), alignText='center', alignVert=method-wrapper(...), anchorHoriz='center', anchorVert='center', antialias=True, autoDraw=False, autoLog=True, bold=False, color=array([-1, -1, -1]), colorSpace='rgb', contrast=1.0, depth=0, flipHoriz=False, flipVert=False, font='', fontFiles=[], height=50.0, italic=False, languageStyle='LTR', name='unnamed TextStim', opacity=1.0, ori=0.0, pos=array([0., 0.]), rgb=UNKNOWN, text='Poprawnie', units='pix', win=Window(...), wrapWidth=500)
157.1650 	EXP 	unnamed TextStim: height = 25.0
157.1650 	EXP 	unnamed TextStim: height = 25.0
157.1650 	EXP 	unnamed TextStim: height = 25.0
157.1650 	EXP 	unnamed TextStim: text = '↓'
158.6224 	DATA 	Keypress: down
158.6243 	EXP 	Created unnamed TextStim = TextStim(__class__=<class 'psychopy.visual.text.TextStim'>, alignHoriz=method-wrapper(...), alignText='center', alignVert=method-wrapper(...), anchorHoriz='center', anchorVert='center', antialias=True, autoDraw=False, autoLog=True, bold=False, color=array([-1, -1, -1]), colorSpace='rgb', contrast=1.0, depth=0, flipHoriz=False, flipVert=False, font='', fontFiles=[], height=50.0, italic=False, languageStyle='LTR', name='unnamed TextStim', opacity=1.0, ori=0.0, pos=array([0., 0.]), rgb=UNKNOWN, text='Poprawnie', units='pix', win=Window(...), wrapWidth=500)
159.6319 	EXP 	unnamed TextStim: height = 25.0
159.6319 	EXP 	unnamed TextStim: height = 25.0
159.6319 	EXP 	unnamed TextStim: height = 25.0
159.6319 	EXP 	unnamed TextStim: text = '↑'
161.2820 	DATA 	Keypress: up
161.2843 	EXP 	Created unnamed TextStim = TextStim(__class__=<class 'psychopy.visual.text.TextStim'>, alignHoriz=method-wrapper(...), alignText='center', alignVert=method-wrapper(...), anchorHoriz='center', anchorVert='center', antialias=True, autoDraw=False, autoLog=True, bold=False, color=array([-1, -1, -1]), colorSpace='rgb', contrast=1.0, depth=0, flipHoriz=False, flipVert=False, font='', fontFiles=[], height=50.0, italic=False, languageStyle='LTR', name='unnamed TextStim', opacity=1.0, ori=0.0, pos=array([0., 0.]), rgb=UNKNOWN, text='Poprawnie', units='pix', win=Window(...), wrapWidth=500)
162.2986 	EXP 	unnamed TextStim: height = 25.0
162.2986 	EXP 	unnamed TextStim: height = 25.0
162.2986 	EXP 	unnamed TextStim: height = 25.0
162.2986 	EXP 	unnamed TextStim: text = '→'
163.8163 	DATA 	Keypress: right
163.8182 	EXP 	Created unnamed TextStim = TextStim(__class__=<class 'psychopy.visual.text.TextStim'>, alignHoriz=method-wrapper(...), alignText='center', alignVert=method-wrapper(...), anchorHoriz='center', anchorVert='center', antialias=True, autoDraw=False, autoLog=True, bold=False, color=array([-1, -1, -1]), colorSpace='rgb', contrast=1.0, depth=0, flipHoriz=False, flipVert=False, font='', fontFiles=[], height=50.0, italic=False, languageStyle='LTR', name='unnamed TextStim', opacity=1.0, ori=0.0, pos=array([0., 0.]), rgb=UNKNOWN, text='Poprawnie', units='pix', win=Window(...), wrapWidth=500)
164.8320 	EXP 	unnamed TextStim: text = '→'
166.2311 	DATA 	Keypress: right
166.2331 	EXP 	Created unnamed TextStim = TextStim(__class__=<class 'psychopy.visual.text.TextStim'>, alignHoriz=method-wrapper(...), alignText='center', alignVert=method-wrapper(...), anchorHoriz='center', anchorVert='center', antialias=True, autoDraw=False, autoLog=True, bold=False, color=array([-1, -1, -1]), colorSpace='rgb', contrast=1.0, depth=0, flipHoriz=False, flipVert=False, font='', fontFiles=[], height=50.0, italic=False, languageStyle='LTR', name='unnamed TextStim', opacity=1.0, ori=0.0, pos=array([0., 0.]), rgb=UNKNOWN, text='Poprawnie', units='pix', win=Window(...), wrapWidth=500)
167.2487 	EXP 	unnamed TextStim: height = 25.0
167.2487 	EXP 	unnamed TextStim: height = 25.0
167.2487 	EXP 	unnamed TextStim: height = 25.0
167.2487 	EXP 	unnamed TextStim: text = '←'
168.7240 	DATA 	Keypress: left
168.7265 	EXP 	Created unnamed TextStim = TextStim(__class__=<class 'psychopy.visual.text.TextStim'>, alignHoriz=method-wrapper(...), alignText='center', alignVert=method-wrapper(...), anchorHoriz='center', anchorVert='center', antialias=True, autoDraw=False, autoLog=True, bold=False, color=array([-1, -1, -1]), colorSpace='rgb', contrast=1.0, depth=0, flipHoriz=False, flipVert=False, font='', fontFiles=[], height=50.0, italic=False, languageStyle='LTR', name='unnamed TextStim', opacity=1.0, ori=0.0, pos=array([0., 0.]), rgb=UNKNOWN, text='Poprawnie', units='pix', win=Window(...), wrapWidth=500)
169.7322 	EXP 	unnamed TextStim: height = 25.0
169.7322 	EXP 	unnamed TextStim: height = 25.0
169.7322 	EXP 	unnamed TextStim: height = 25.0
169.7322 	EXP 	unnamed TextStim: text = '→'
170.8996 	DATA 	Keypress: right
170.9051 	EXP 	Created unnamed TextStim = TextStim(__class__=<class 'psychopy.visual.text.TextStim'>, alignHoriz=method-wrapper(...), alignText='center', alignVert=method-wrapper(...), anchorHoriz='center', anchorVert='center', antialias=True, autoDraw=False, autoLog=True, bold=False, color=array([-1, -1, -1]), colorSpace='rgb', contrast=1.0, depth=0, flipHoriz=False, flipVert=False, font='', fontFiles=[], height=50.0, italic=False, languageStyle='LTR', name='unnamed TextStim', opacity=1.0, ori=0.0, pos=array([0., 0.]), rgb=UNKNOWN, text='Poprawnie', units='pix', win=Window(...), wrapWidth=500)
171.9324 	EXP 	unnamed TextStim: height = 25.0
171.9324 	EXP 	unnamed TextStim: height = 25.0
171.9324 	EXP 	unnamed TextStim: height = 25.0
171.9324 	EXP 	unnamed TextStim: text = '↑'
173.3038 	DATA 	Keypress: down
173.3067 	EXP 	Created unnamed TextStim = TextStim(__class__=<class 'psychopy.visual.text.TextStim'>, alignHoriz=method-wrapper(...), alignText='center', alignVert=method-wrapper(...), anchorHoriz='center', anchorVert='center', antialias=True, autoDraw=False, autoLog=True, bold=False, color=array([-1, -1, -1]), colorSpace='rgb', contrast=1.0, depth=0, flipHoriz=False, flipVert=False, font='', fontFiles=[], height=50.0, italic=False, languageStyle='LTR', name='unnamed TextStim', opacity=1.0, ori=0.0, pos=array([0., 0.]), rgb=UNKNOWN, text='Niepoprawnie', units='pix', win=Window(...), wrapWidth=500)
174.3157 	EXP 	unnamed TextStim: height = 25.0
174.3157 	EXP 	unnamed TextStim: height = 25.0
174.3157 	EXP 	unnamed TextStim: height = 25.0
174.3157 	EXP 	unnamed TextStim: text = '→'
175.3338 	DATA 	Keypress: up
175.4047 	EXP 	Created unnamed TextStim = TextStim(__class__=<class 'psychopy.visual.text.TextStim'>, alignHoriz=method-wrapper(...), alignText='center', alignVert=method-wrapper(...), anchorHoriz='center', anchorVert='center', antialias=True, autoDraw=False, autoLog=True, bold=False, color=array([-1, -1, -1]), colorSpace='rgb', contrast=1.0, depth=0, flipHoriz=False, flipVert=False, font='', fontFiles=[], height=50.0, italic=False, languageStyle='LTR', name='unnamed TextStim', opacity=1.0, ori=0.0, pos=array([0., 0.]), rgb=UNKNOWN, text='Niepoprawnie', units='pix', win=Window(...), wrapWidth=500)
176.4410 	EXP 	Created unnamed TextStim = TextStim(__class__=<class 'psychopy.visual.text.TextStim'>, alignHoriz=method-wrapper(...), alignText='center', alignVert=method-wrapper(...), anchorHoriz='center', anchorVert='center', antialias=True, autoDraw=False, autoLog=True, bold=False, color=array([-1, -1, -1]), colorSpace='rgb', contrast=1.0, depth=0, flipHoriz=False, flipVert=False, font='', fontFiles=[], height=20.0, italic=False, languageStyle='LTR', name='unnamed TextStim', opacity=1.0, ori=0.0, pos=array([0., 0.]), rgb=UNKNOWN, text=str(...), units='pix', win=Window(...), wrapWidth=1536)
188.9399 	DATA 	Keypress: space
188.9493 	EXP 	unnamed TextStim: height = 25.0
188.9493 	EXP 	unnamed TextStim: height = 25.0
188.9493 	EXP 	unnamed TextStim: height = 25.0
188.9493 	EXP 	unnamed TextStim: text = '↑'
190.3658 	DATA 	Keypress: down
190.3670 	EXP 	unnamed TextStim: text = '↑'
191.8972 	DATA 	Keypress: up
191.9005 	EXP 	unnamed TextStim: height = 25.0
191.9005 	EXP 	unnamed TextStim: height = 25.0
191.9005 	EXP 	unnamed TextStim: height = 25.0
191.9005 	EXP 	unnamed TextStim: text = '←'
193.3403 	DATA 	Keypress: right
193.3429 	EXP 	unnamed TextStim: height = 25.0
193.3429 	EXP 	unnamed TextStim: height = 25.0
193.3429 	EXP 	unnamed TextStim: height = 25.0
193.3429 	EXP 	unnamed TextStim: text = '↑'
194.8651 	DATA 	Keypress: up
194.8673 	EXP 	unnamed TextStim: height = 25.0
194.8673 	EXP 	unnamed TextStim: height = 25.0
194.8673 	EXP 	unnamed TextStim: height = 25.0
194.8673 	EXP 	unnamed TextStim: text = '←'
196.2778 	DATA 	Keypress: left
196.2809 	EXP 	unnamed TextStim: height = 25.0
196.2809 	EXP 	unnamed TextStim: height = 25.0
196.2809 	EXP 	unnamed TextStim: height = 25.0
196.2809 	EXP 	unnamed TextStim: text = '→'
197.5994 	DATA 	Keypress: right
197.7577 	EXP 	Created unnamed ImageStim = ImageStim(__class__=<class 'psychopy.visual.image.ImageStim'>, anchor=('center', 'center'), autoLog=True, color=array([1., 1., 1.]), colorSpace='rgb', contrast=1.0, depth=0, flipHoriz=False, flipVert=False, image='break.jpg', interpolate=True, mask=None, maskParams=None, name='unnamed ImageStim', opacity=1.0, ori=0.0, pos=array([0., 0.]), size=array([1536.,  864.]), texRes=128, units='pix', win=Window(...))
216.5836 	DATA 	Keypress: space
216.6005 	EXP 	unnamed TextStim: height = 25.0
216.6005 	EXP 	unnamed TextStim: height = 25.0
216.6005 	EXP 	unnamed TextStim: height = 25.0
216.6005 	EXP 	unnamed TextStim: text = '↓'
218.0735 	DATA 	Keypress: down
218.0757 	EXP 	unnamed TextStim: height = 25.0
218.0757 	EXP 	unnamed TextStim: height = 25.0
218.0757 	EXP 	unnamed TextStim: height = 25.0
218.0757 	EXP 	unnamed TextStim: text = '↑'
219.6746 	DATA 	Keypress: down
219.6758 	EXP 	unnamed TextStim: text = '↑'
221.2687 	DATA 	Keypress: up
221.2709 	EXP 	unnamed TextStim: height = 25.0
221.2709 	EXP 	unnamed TextStim: height = 25.0
221.2709 	EXP 	unnamed TextStim: height = 25.0
221.2709 	EXP 	unnamed TextStim: text = '↓'
222.7844 	DATA 	Keypress: down
222.7855 	EXP 	unnamed TextStim: text = '↓'
224.2868 	DATA 	Keypress: down
224.2889 	EXP 	unnamed TextStim: height = 25.0
224.2889 	EXP 	unnamed TextStim: height = 25.0
224.2889 	EXP 	unnamed TextStim: height = 25.0
224.2889 	EXP 	unnamed TextStim: text = '→'
225.8052 	DATA 	Keypress: right
225.9348 	EXP 	Created unnamed ImageStim = ImageStim(__class__=<class 'psychopy.visual.image.ImageStim'>, anchor=('center', 'center'), autoLog=True, color=array([1., 1., 1.]), colorSpace='rgb', contrast=1.0, depth=0, flipHoriz=False, flipVert=False, image='break.jpg', interpolate=True, mask=None, maskParams=None, name='unnamed ImageStim', opacity=1.0, ori=0.0, pos=array([0., 0.]), size=array([1536.,  864.]), texRes=128, units='pix', win=Window(...))
234.7837 	DATA 	Keypress: space
234.8012 	EXP 	unnamed TextStim: text = '→'
236.2667 	DATA 	Keypress: right
236.2689 	EXP 	unnamed TextStim: height = 25.0
236.2689 	EXP 	unnamed TextStim: height = 25.0
236.2689 	EXP 	unnamed TextStim: height = 25.0
236.2689 	EXP 	unnamed TextStim: text = '↑'
237.7354 	DATA 	Keypress: down
237.7375 	EXP 	unnamed TextStim: height = 25.0
237.7375 	EXP 	unnamed TextStim: height = 25.0
237.7375 	EXP 	unnamed TextStim: height = 25.0
237.7375 	EXP 	unnamed TextStim: text = '←'
239.1671 	DATA 	Keypress: up
239.1743 	EXP 	unnamed TextStim: height = 25.0
239.1743 	EXP 	unnamed TextStim: height = 25.0
239.1743 	EXP 	unnamed TextStim: height = 25.0
239.1743 	EXP 	unnamed TextStim: text = '→'
240.5282 	DATA 	Keypress: right
240.5304 	EXP 	unnamed TextStim: height = 25.0
240.5304 	EXP 	unnamed TextStim: height = 25.0
240.5304 	EXP 	unnamed TextStim: height = 25.0
240.5304 	EXP 	unnamed TextStim: text = '↓'
242.0285 	DATA 	Keypress: down
242.0296 	EXP 	unnamed TextStim: text = '↓'
243.4886 	DATA 	Keypress: down
243.5969 	EXP 	Created unnamed ImageStim = ImageStim(__class__=<class 'psychopy.visual.image.ImageStim'>, anchor=('center', 'center'), autoLog=True, color=array([1., 1., 1.]), colorSpace='rgb', contrast=1.0, depth=0, flipHoriz=False, flipVert=False, image='break.jpg', interpolate=True, mask=None, maskParams=None, name='unnamed ImageStim', opacity=1.0, ori=0.0, pos=array([0., 0.]), size=array([1536.,  864.]), texRes=128, units='pix', win=Window(...))
253.5988 	DATA 	Keypress: space
253.6020 	EXP 	unnamed TextStim: text = '↓'
254.9303 	DATA 	Keypress: down
254.9315 	EXP 	unnamed TextStim: text = '↓'
256.3739 	DATA 	Keypress: down
256.3760 	EXP 	unnamed TextStim: height = 25.0
256.3760 	EXP 	unnamed TextStim: height = 25.0
256.3760 	EXP 	unnamed TextStim: height = 25.0
256.3760 	EXP 	unnamed TextStim: text = '←'
257.7101 	DATA 	Keypress: right
257.7136 	EXP 	unnamed TextStim: height = 25.0
257.7136 	EXP 	unnamed TextStim: height = 25.0
257.7136 	EXP 	unnamed TextStim: height = 25.0
257.7136 	EXP 	unnamed TextStim: text = '↑'
259.1434 	DATA 	Keypress: up
259.1454 	EXP 	unnamed TextStim: height = 25.0
259.1454 	EXP 	unnamed TextStim: height = 25.0
259.1454 	EXP 	unnamed TextStim: height = 25.0
259.1454 	EXP 	unnamed TextStim: text = '→'
260.7004 	DATA 	Keypress: right
260.7016 	EXP 	unnamed TextStim: text = '→'
262.0245 	DATA 	Keypress: left
262.1323 	EXP 	Created unnamed ImageStim = ImageStim(__class__=<class 'psychopy.visual.image.ImageStim'>, anchor=('center', 'center'), autoLog=True, color=array([1., 1., 1.]), colorSpace='rgb', contrast=1.0, depth=0, flipHoriz=False, flipVert=False, image='break.jpg', interpolate=True, mask=None, maskParams=None, name='unnamed ImageStim', opacity=1.0, ori=0.0, pos=array([0., 0.]), size=array([1536.,  864.]), texRes=128, units='pix', win=Window(...))
269.1500 	DATA 	Keypress: space
269.1528 	EXP 	unnamed TextStim: height = 25.0
269.1528 	EXP 	unnamed TextStim: height = 25.0
269.1528 	EXP 	unnamed TextStim: height = 25.0
269.1528 	EXP 	unnamed TextStim: text = '↑'
270.5200 	DATA 	Keypress: down
270.5211 	EXP 	unnamed TextStim: text = '↑'
271.8532 	DATA 	Keypress: down
271.8554 	EXP 	unnamed TextStim: height = 25.0
271.8554 	EXP 	unnamed TextStim: height = 25.0
271.8554 	EXP 	unnamed TextStim: height = 25.0
271.8554 	EXP 	unnamed TextStim: text = '←'
273.2037 	DATA 	Keypress: right
273.2062 	EXP 	unnamed TextStim: text = '←'
274.5757 	DATA 	Keypress: left
274.5837 	EXP 	unnamed TextStim: height = 25.0
274.5837 	EXP 	unnamed TextStim: height = 25.0
274.5837 	EXP 	unnamed TextStim: height = 25.0
274.5837 	EXP 	unnamed TextStim: text = '→'
275.9310 	DATA 	Keypress: right
275.9322 	EXP 	unnamed TextStim: text = '→'
277.2676 	DATA 	Keypress: right
277.3751 	EXP 	Created unnamed ImageStim = ImageStim(__class__=<class 'psychopy.visual.image.ImageStim'>, anchor=('center', 'center'), autoLog=True, color=array([1., 1., 1.]), colorSpace='rgb', contrast=1.0, depth=0, flipHoriz=False, flipVert=False, image='break.jpg', interpolate=True, mask=None, maskParams=None, name='unnamed ImageStim', opacity=1.0, ori=0.0, pos=array([0., 0.]), size=array([1536.,  864.]), texRes=128, units='pix', win=Window(...))
278.5270 	DATA 	Keypress: space
278.5363 	EXP 	unnamed TextStim: text = '→'
279.8256 	DATA 	Keypress: right
279.8277 	EXP 	unnamed TextStim: height = 25.0
279.8277 	EXP 	unnamed TextStim: height = 25.0
279.8277 	EXP 	unnamed TextStim: height = 25.0
279.8277 	EXP 	unnamed TextStim: text = '↑'
281.2389 	DATA 	Keypress: down
281.2411 	EXP 	unnamed TextStim: height = 25.0
281.2411 	EXP 	unnamed TextStim: height = 25.0
281.2411 	EXP 	unnamed TextStim: height = 25.0
281.2411 	EXP 	unnamed TextStim: text = '↓'
283.2803 	DATA 	Keypress: up
283.2828 	EXP 	unnamed TextStim: text = '↓'
284.7599 	DATA 	Keypress: down
284.7621 	EXP 	unnamed TextStim: height = 25.0
284.7621 	EXP 	unnamed TextStim: height = 25.0
284.7621 	EXP 	unnamed TextStim: height = 25.0
284.7621 	EXP 	unnamed TextStim: text = '↑'
286.2664 	DATA 	Keypress: up
286.2677 	EXP 	unnamed TextStim: text = '↑'
287.7527 	DATA 	Keypress: down
287.8792 	EXP 	Created unnamed ImageStim = ImageStim(__class__=<class 'psychopy.visual.image.ImageStim'>, anchor=('center', 'center'), autoLog=True, color=array([1., 1., 1.]), colorSpace='rgb', contrast=1.0, depth=0, flipHoriz=False, flipVert=False, image='break.jpg', interpolate=True, mask=None, maskParams=None, name='unnamed ImageStim', opacity=1.0, ori=0.0, pos=array([0., 0.]), size=array([1536.,  864.]), texRes=128, units='pix', win=Window(...))
296.2500 	DATA 	Keypress: space
296.2533 	EXP 	unnamed TextStim: height = 25.0
296.2533 	EXP 	unnamed TextStim: height = 25.0
296.2533 	EXP 	unnamed TextStim: height = 25.0
296.2533 	EXP 	unnamed TextStim: text = '↓'
297.6976 	DATA 	Keypress: down
297.6997 	EXP 	unnamed TextStim: height = 25.0
297.6997 	EXP 	unnamed TextStim: height = 25.0
297.6997 	EXP 	unnamed TextStim: height = 25.0
297.6997 	EXP 	unnamed TextStim: text = '→'
299.3250 	DATA 	Keypress: right
299.3273 	EXP 	unnamed TextStim: height = 25.0
299.3273 	EXP 	unnamed TextStim: height = 25.0
299.3273 	EXP 	unnamed TextStim: height = 25.0
299.3273 	EXP 	unnamed TextStim: text = '←'
301.0535 	DATA 	Keypress: up
301.0608 	EXP 	unnamed TextStim: height = 25.0
301.0608 	EXP 	unnamed TextStim: height = 25.0
301.0608 	EXP 	unnamed TextStim: height = 25.0
301.0608 	EXP 	unnamed TextStim: text = '→'
302.6149 	DATA 	Keypress: right
302.6171 	EXP 	unnamed TextStim: height = 25.0
302.6171 	EXP 	unnamed TextStim: height = 25.0
302.6171 	EXP 	unnamed TextStim: height = 25.0
302.6171 	EXP 	unnamed TextStim: text = '←'
304.0724 	DATA 	Keypress: right
304.0746 	EXP 	unnamed TextStim: height = 25.0
304.0746 	EXP 	unnamed TextStim: height = 25.0
304.0746 	EXP 	unnamed TextStim: height = 25.0
304.0746 	EXP 	unnamed TextStim: text = '→'
305.2546 	DATA 	Keypress: right
305.3656 	EXP 	Created unnamed ImageStim = ImageStim(__class__=<class 'psychopy.visual.image.ImageStim'>, anchor=('center', 'center'), autoLog=True, color=array([1., 1., 1.]), colorSpace='rgb', contrast=1.0, depth=0, flipHoriz=False, flipVert=False, image='break.jpg', interpolate=True, mask=None, maskParams=None, name='unnamed ImageStim', opacity=1.0, ori=0.0, pos=array([0., 0.]), size=array([1536.,  864.]), texRes=128, units='pix', win=Window(...))
312.9806 	DATA 	Keypress: space
312.9875 	EXP 	unnamed TextStim: height = 25.0
312.9875 	EXP 	unnamed TextStim: height = 25.0
312.9875 	EXP 	unnamed TextStim: height = 25.0
312.9875 	EXP 	unnamed TextStim: text = '↓'
314.2985 	DATA 	Keypress: down
314.2996 	EXP 	unnamed TextStim: text = '↓'
315.5789 	DATA 	Keypress: down
315.5810 	EXP 	unnamed TextStim: height = 25.0
315.5810 	EXP 	unnamed TextStim: height = 25.0
315.5810 	EXP 	unnamed TextStim: height = 25.0
315.5810 	EXP 	unnamed TextStim: text = '↑'
316.9157 	DATA 	Keypress: down
316.9178 	EXP 	unnamed TextStim: height = 25.0
316.9178 	EXP 	unnamed TextStim: height = 25.0
316.9178 	EXP 	unnamed TextStim: height = 25.0
316.9178 	EXP 	unnamed TextStim: text = '↓'
318.2671 	DATA 	Keypress: down
318.2684 	EXP 	unnamed TextStim: text = '↓'
319.5529 	DATA 	Keypress: down
319.5549 	EXP 	unnamed TextStim: height = 25.0
319.5549 	EXP 	unnamed TextStim: height = 25.0
319.5549 	EXP 	unnamed TextStim: height = 25.0
319.5549 	EXP 	unnamed TextStim: text = '←'
321.1590 	DATA 	Keypress: down
321.2748 	EXP 	Created unnamed ImageStim = ImageStim(__class__=<class 'psychopy.visual.image.ImageStim'>, anchor=('center', 'center'), autoLog=True, color=array([1., 1., 1.]), colorSpace='rgb', contrast=1.0, depth=0, flipHoriz=False, flipVert=False, image='break.jpg', interpolate=True, mask=None, maskParams=None, name='unnamed ImageStim', opacity=1.0, ori=0.0, pos=array([0., 0.]), size=array([1536.,  864.]), texRes=128, units='pix', win=Window(...))
332.4866 	DATA 	Keypress: space
332.4894 	EXP 	unnamed TextStim: height = 25.0
332.4894 	EXP 	unnamed TextStim: height = 25.0
332.4894 	EXP 	unnamed TextStim: height = 25.0
332.4894 	EXP 	unnamed TextStim: text = '↑'
333.9113 	DATA 	Keypress: down
333.9188 	EXP 	unnamed TextStim: height = 25.0
333.9188 	EXP 	unnamed TextStim: height = 25.0
333.9188 	EXP 	unnamed TextStim: height = 25.0
333.9188 	EXP 	unnamed TextStim: text = '←'
335.2456 	DATA 	Keypress: right
335.2477 	EXP 	unnamed TextStim: height = 25.0
335.2477 	EXP 	unnamed TextStim: height = 25.0
335.2477 	EXP 	unnamed TextStim: height = 25.0
335.2477 	EXP 	unnamed TextStim: text = '→'
336.6434 	DATA 	Keypress: right
336.6446 	EXP 	unnamed TextStim: text = '→'
338.0079 	DATA 	Keypress: right
338.0089 	EXP 	unnamed TextStim: text = '→'
339.3041 	DATA 	Keypress: right
339.3052 	EXP 	unnamed TextStim: text = '→'
340.7781 	DATA 	Keypress: left
340.8877 	EXP 	Created unnamed ImageStim = ImageStim(__class__=<class 'psychopy.visual.image.ImageStim'>, anchor=('center', 'center'), autoLog=True, color=array([1., 1., 1.]), colorSpace='rgb', contrast=1.0, depth=0, flipHoriz=False, flipVert=False, image='break.jpg', interpolate=True, mask=None, maskParams=None, name='unnamed ImageStim', opacity=1.0, ori=0.0, pos=array([0., 0.]), size=array([1536.,  864.]), texRes=128, units='pix', win=Window(...))
344.0592 	DATA 	Keypress: space
344.0720 	EXP 	unnamed TextStim: height = 25.0
344.0720 	EXP 	unnamed TextStim: height = 25.0
344.0720 	EXP 	unnamed TextStim: height = 25.0
344.0720 	EXP 	unnamed TextStim: text = '↓'
345.5160 	DATA 	Keypress: down
345.5180 	EXP 	unnamed TextStim: height = 25.0
345.5180 	EXP 	unnamed TextStim: height = 25.0
345.5180 	EXP 	unnamed TextStim: height = 25.0
345.5180 	EXP 	unnamed TextStim: text = '↑'
347.1018 	DATA 	Keypress: up
347.1040 	EXP 	unnamed TextStim: height = 25.0
347.1040 	EXP 	unnamed TextStim: height = 25.0
347.1040 	EXP 	unnamed TextStim: height = 25.0
347.1040 	EXP 	unnamed TextStim: text = '↓'
348.7809 	DATA 	Keypress: up
348.7830 	EXP 	unnamed TextStim: height = 25.0
348.7830 	EXP 	unnamed TextStim: height = 25.0
348.7830 	EXP 	unnamed TextStim: height = 25.0
348.7830 	EXP 	unnamed TextStim: text = '↑'
350.3526 	DATA 	Keypress: up
350.3548 	EXP 	unnamed TextStim: height = 25.0
350.3548 	EXP 	unnamed TextStim: height = 25.0
350.3548 	EXP 	unnamed TextStim: height = 25.0
350.3548 	EXP 	unnamed TextStim: text = '↓'
351.8348 	DATA 	Keypress: up
351.8359 	EXP 	unnamed TextStim: text = '↓'
353.1660 	DATA 	Keypress: down
353.2744 	EXP 	Created unnamed ImageStim = ImageStim(__class__=<class 'psychopy.visual.image.ImageStim'>, anchor=('center', 'center'), autoLog=True, color=array([1., 1., 1.]), colorSpace='rgb', contrast=1.0, depth=0, flipHoriz=False, flipVert=False, image='break.jpg', interpolate=True, mask=None, maskParams=None, name='unnamed ImageStim', opacity=1.0, ori=0.0, pos=array([0., 0.]), size=array([1536.,  864.]), texRes=128, units='pix', win=Window(...))
355.8791 	DATA 	Keypress: space
355.8888 	EXP 	unnamed TextStim: height = 25.0
355.8888 	EXP 	unnamed TextStim: height = 25.0
355.8888 	EXP 	unnamed TextStim: height = 25.0
355.8888 	EXP 	unnamed TextStim: text = '→'
357.1909 	DATA 	Keypress: right
358.7062 	DATA 	No keypress (maxWait exceeded)
358.7073 	EXP 	unnamed TextStim: text = '→'
359.9232 	DATA 	Keypress: right
359.9394 	EXP 	unnamed TextStim: text = '→'
361.2433 	DATA 	Keypress: left
361.2560 	EXP 	unnamed TextStim: height = 25.0
361.2560 	EXP 	unnamed TextStim: height = 25.0
361.2560 	EXP 	unnamed TextStim: height = 25.0
361.2560 	EXP 	unnamed TextStim: text = '←'
362.6457 	DATA 	Keypress: left
362.6479 	EXP 	unnamed TextStim: height = 25.0
362.6479 	EXP 	unnamed TextStim: height = 25.0
362.6479 	EXP 	unnamed TextStim: height = 25.0
362.6479 	EXP 	unnamed TextStim: text = '↑'
363.9748 	DATA 	Keypress: down
363.9770 	EXP 	unnamed TextStim: height = 25.0
363.9770 	EXP 	unnamed TextStim: height = 25.0
363.9770 	EXP 	unnamed TextStim: height = 25.0
363.9770 	EXP 	unnamed TextStim: text = '←'
365.5746 	DATA 	Keypress: left
365.6812 	EXP 	Created unnamed ImageStim = ImageStim(__class__=<class 'psychopy.visual.image.ImageStim'>, anchor=('center', 'center'), autoLog=True, color=array([1., 1., 1.]), colorSpace='rgb', contrast=1.0, depth=0, flipHoriz=False, flipVert=False, image='break.jpg', interpolate=True, mask=None, maskParams=None, name='unnamed ImageStim', opacity=1.0, ori=0.0, pos=array([0., 0.]), size=array([1536.,  864.]), texRes=128, units='pix', win=Window(...))
374.7442 	DATA 	Keypress: space
374.7640 	EXP 	Created unnamed TextStim = TextStim(__class__=<class 'psychopy.visual.text.TextStim'>, alignHoriz=method-wrapper(...), alignText='center', alignVert=method-wrapper(...), anchorHoriz='center', anchorVert='center', antialias=True, autoDraw=False, autoLog=True, bold=False, color=array([-1, -1, -1]), colorSpace='rgb', contrast=1.0, depth=0, flipHoriz=False, flipVert=False, font='', fontFiles=[], height=20.0, italic=False, languageStyle='LTR', name='unnamed TextStim', opacity=1.0, ori=0.0, pos=array([0., 0.]), rgb=UNKNOWN, text=str(...), units='pix', win=Window(...), wrapWidth=1536)
377.1585 	DATA 	Keypress: space
377.2241 	EXP 	window1: mouseVisible = True
