15.8625 	WARNING 	User requested fullscreen with size [1536  864], but screen is actually [1920, 1080]. Using actual size
17.1500 	INFO 	FRAME RATE: 60
17.1500 	INFO 	SCREEN RES: odict_values([1536, 864])
17.2091 	EXP 	Created unnamed TextStim = TextStim(__class__=<class 'psychopy.visual.text.TextStim'>, alignHoriz=method-wrapper(...), alignText='center', alignVert=method-wrapper(...), anchorHoriz='center', anchorVert='center', antialias=True, autoDraw=False, autoLog=True, bold=False, color=array([-1, -1, -1]), colorSpace='rgb', contrast=1.0, depth=0, flipHoriz=False, flipVert=False, font='', fontFiles=[], height=100.0, italic=False, languageStyle='LTR', name='unnamed TextStim', opacity=1.0, ori=0.0, pos=array([0., 0.]), rgb=UNKNOWN, text='+', units='pix', win=Window(...), wrapWidth=500)
17.2128 	EXP 	Created unnamed Circle = Circle(__class__=<class 'psychopy.visual.circle.Circle'>, anchor=('center', 'center'), autoDraw=False, autoLog=True, closeShape=True, color=method-wrapper(...), colorSpace='rgb', contrast=None, depth=0, fillColor=array([ 0.09019608, -1.        , -1.        ]), fillColorSpace='rgb', fillRGB=array([ 0.09019608, -1.        , -1.        ]), interpolate=True, lineColor=array([ 0.09019608, -1.        , -1.        ]), lineColorSpace='rgb', lineRGB=array([ 0.09019608, -1.        , -1.        ]), lineWidth=1.5, name='unnamed Circle', opacity=1.0, ori=0.0, pos=array([0., 0.]), size=array([1., 1.]), units='pix', vertices=ndarray(...), win=Window(...))
17.2136 	EXP 	Created unnamed TextStim = TextStim(__class__=<class 'psychopy.visual.text.TextStim'>, alignHoriz=method-wrapper(...), alignText='center', alignVert=method-wrapper(...), anchorHoriz='center', anchorVert='center', antialias=True, autoDraw=False, autoLog=True, bold=False, color=array([-0.17647059, -0.17647059, -0.17647059]), colorSpace='rgb', contrast=1.0, depth=0, flipHoriz=False, flipVert=False, font='', fontFiles=[], height=25, italic=False, languageStyle='LTR', name='unnamed TextStim', opacity=1.0, ori=0.0, pos=array([0., 0.]), rgb=UNKNOWN, text='', units='pix', win=Window(...), wrapWidth=500)
17.2249 	EXP 	Created unnamed ImageStim = ImageStim(__class__=<class 'psychopy.visual.image.ImageStim'>, anchor=('center', 'center'), autoLog=True, color=array([1., 1., 1.]), colorSpace='rgb', contrast=1.0, depth=0, flipHoriz=False, flipVert=False, image='mask4.png', interpolate=False, mask=None, maskParams=None, name='unnamed ImageStim', opacity=1.0, ori=0.0, pos=array([0., 0.]), size=array([25., 25.]), texRes=128, units='pix', win=Window(...))
17.2319 	EXP 	Created unnamed TextStim = TextStim(__class__=<class 'psychopy.visual.text.TextStim'>, alignHoriz=method-wrapper(...), alignText='center', alignVert=method-wrapper(...), anchorHoriz='center', anchorVert='center', antialias=True, autoDraw=False, autoLog=True, bold=False, color=array([-1, -1, -1]), colorSpace='rgb', contrast=1.0, depth=0, flipHoriz=False, flipVert=False, font='', fontFiles=[], height=30.0, italic=False, languageStyle='LTR', name='unnamed TextStim', opacity=1.0, ori=0.0, pos=array([ 100., -300.]), rgb=UNKNOWN, text=str(...), units='pix', win=Window(...), wrapWidth=10000)
17.2411 	EXP 	Created unnamed TextStim = TextStim(__class__=<class 'psychopy.visual.text.TextStim'>, alignHoriz=method-wrapper(...), alignText='center', alignVert=method-wrapper(...), anchorHoriz='center', anchorVert='center', antialias=True, autoDraw=False, autoLog=True, bold=False, color=array([-1, -1, -1]), colorSpace='rgb', contrast=1.0, depth=0, flipHoriz=False, flipVert=False, font='', fontFiles=[], height=30.0, italic=False, languageStyle='LTR', name='unnamed TextStim', opacity=1.0, ori=0.0, pos=array([ 100., -330.]), rgb=UNKNOWN, text=str(...), units='pix', win=Window(...), wrapWidth=10000)
17.2766 	EXP 	Created unnamed TextStim = TextStim(__class__=<class 'psychopy.visual.text.TextStim'>, alignHoriz=method-wrapper(...), alignText='center', alignVert=method-wrapper(...), anchorHoriz='center', anchorVert='center', antialias=True, autoDraw=False, autoLog=True, bold=False, color=array([-1, -1, -1]), colorSpace='rgb', contrast=1.0, depth=0, flipHoriz=False, flipVert=False, font='', fontFiles=[], height=20.0, italic=False, languageStyle='LTR', name='unnamed TextStim', opacity=1.0, ori=0.0, pos=array([0., 0.]), rgb=UNKNOWN, text=str(...), units='pix', win=Window(...), wrapWidth=1536)
40.1268 	DATA 	Keypress: space
40.1326 	EXP 	unnamed TextStim: height = 25.0
40.1326 	EXP 	unnamed TextStim: height = 25.0
40.1326 	EXP 	unnamed TextStim: height = 25.0
40.1326 	EXP 	unnamed TextStim: text = '↑'
43.0968 	DATA 	No keypress (maxWait exceeded)
43.1042 	EXP 	Created unnamed TextStim = TextStim(__class__=<class 'psychopy.visual.text.TextStim'>, alignHoriz=method-wrapper(...), alignText='center', alignVert=method-wrapper(...), anchorHoriz='center', anchorVert='center', antialias=True, autoDraw=False, autoLog=True, bold=False, color=array([-1, -1, -1]), colorSpace='rgb', contrast=1.0, depth=0, flipHoriz=False, flipVert=False, font='', fontFiles=[], height=50.0, italic=False, languageStyle='LTR', name='unnamed TextStim', opacity=1.0, ori=0.0, pos=array([0., 0.]), rgb=UNKNOWN, text='Niepoprawnie', units='pix', win=Window(...), wrapWidth=500)
43.9059 	DATA 	Keypress: up
44.1133 	EXP 	unnamed TextStim: text = '↑'
47.0803 	DATA 	No keypress (maxWait exceeded)
47.0824 	EXP 	Created unnamed TextStim = TextStim(__class__=<class 'psychopy.visual.text.TextStim'>, alignHoriz=method-wrapper(...), alignText='center', alignVert=method-wrapper(...), anchorHoriz='center', anchorVert='center', antialias=True, autoDraw=False, autoLog=True, bold=False, color=array([-1, -1, -1]), colorSpace='rgb', contrast=1.0, depth=0, flipHoriz=False, flipVert=False, font='', fontFiles=[], height=50.0, italic=False, languageStyle='LTR', name='unnamed TextStim', opacity=1.0, ori=0.0, pos=array([0., 0.]), rgb=UNKNOWN, text='Niepoprawnie', units='pix', win=Window(...), wrapWidth=500)
47.8842 	DATA 	Keypress: up
48.0965 	EXP 	unnamed TextStim: height = 25.0
48.0965 	EXP 	unnamed TextStim: height = 25.0
48.0965 	EXP 	unnamed TextStim: height = 25.0
48.0965 	EXP 	unnamed TextStim: text = '→'
50.0386 	DATA 	Keypress: right
50.0417 	EXP 	Created unnamed TextStim = TextStim(__class__=<class 'psychopy.visual.text.TextStim'>, alignHoriz=method-wrapper(...), alignText='center', alignVert=method-wrapper(...), anchorHoriz='center', anchorVert='center', antialias=True, autoDraw=False, autoLog=True, bold=False, color=array([-1, -1, -1]), colorSpace='rgb', contrast=1.0, depth=0, flipHoriz=False, flipVert=False, font='', fontFiles=[], height=50.0, italic=False, languageStyle='LTR', name='unnamed TextStim', opacity=1.0, ori=0.0, pos=array([0., 0.]), rgb=UNKNOWN, text='Poprawnie', units='pix', win=Window(...), wrapWidth=500)
51.0468 	EXP 	unnamed TextStim: height = 25.0
51.0468 	EXP 	unnamed TextStim: height = 25.0
51.0468 	EXP 	unnamed TextStim: height = 25.0
51.0468 	EXP 	unnamed TextStim: text = '↑'
52.6377 	DATA 	Keypress: up
52.6397 	EXP 	Created unnamed TextStim = TextStim(__class__=<class 'psychopy.visual.text.TextStim'>, alignHoriz=method-wrapper(...), alignText='center', alignVert=method-wrapper(...), anchorHoriz='center', anchorVert='center', antialias=True, autoDraw=False, autoLog=True, bold=False, color=array([-1, -1, -1]), colorSpace='rgb', contrast=1.0, depth=0, flipHoriz=False, flipVert=False, font='', fontFiles=[], height=50.0, italic=False, languageStyle='LTR', name='unnamed TextStim', opacity=1.0, ori=0.0, pos=array([0., 0.]), rgb=UNKNOWN, text='Poprawnie', units='pix', win=Window(...), wrapWidth=500)
53.6469 	EXP 	unnamed TextStim: height = 25.0
53.6469 	EXP 	unnamed TextStim: height = 25.0
53.6469 	EXP 	unnamed TextStim: height = 25.0
53.6469 	EXP 	unnamed TextStim: text = '↓'
55.0478 	DATA 	Keypress: down
55.0525 	EXP 	Created unnamed TextStim = TextStim(__class__=<class 'psychopy.visual.text.TextStim'>, alignHoriz=method-wrapper(...), alignText='center', alignVert=method-wrapper(...), anchorHoriz='center', anchorVert='center', antialias=True, autoDraw=False, autoLog=True, bold=False, color=array([-1, -1, -1]), colorSpace='rgb', contrast=1.0, depth=0, flipHoriz=False, flipVert=False, font='', fontFiles=[], height=50.0, italic=False, languageStyle='LTR', name='unnamed TextStim', opacity=1.0, ori=0.0, pos=array([0., 0.]), rgb=UNKNOWN, text='Poprawnie', units='pix', win=Window(...), wrapWidth=500)
55.8638 	DATA 	Keypress: up
56.0803 	EXP 	unnamed TextStim: height = 25.0
56.0803 	EXP 	unnamed TextStim: height = 25.0
56.0803 	EXP 	unnamed TextStim: height = 25.0
56.0803 	EXP 	unnamed TextStim: text = '↑'
57.6753 	DATA 	Keypress: up
57.6774 	EXP 	Created unnamed TextStim = TextStim(__class__=<class 'psychopy.visual.text.TextStim'>, alignHoriz=method-wrapper(...), alignText='center', alignVert=method-wrapper(...), anchorHoriz='center', anchorVert='center', antialias=True, autoDraw=False, autoLog=True, bold=False, color=array([-1, -1, -1]), colorSpace='rgb', contrast=1.0, depth=0, flipHoriz=False, flipVert=False, font='', fontFiles=[], height=50.0, italic=False, languageStyle='LTR', name='unnamed TextStim', opacity=1.0, ori=0.0, pos=array([0., 0.]), rgb=UNKNOWN, text='Poprawnie', units='pix', win=Window(...), wrapWidth=500)
58.6803 	EXP 	unnamed TextStim: height = 25.0
58.6803 	EXP 	unnamed TextStim: height = 25.0
58.6803 	EXP 	unnamed TextStim: height = 25.0
58.6803 	EXP 	unnamed TextStim: text = '↓'
60.1754 	DATA 	Keypress: down
60.1773 	EXP 	Created unnamed TextStim = TextStim(__class__=<class 'psychopy.visual.text.TextStim'>, alignHoriz=method-wrapper(...), alignText='center', alignVert=method-wrapper(...), anchorHoriz='center', anchorVert='center', antialias=True, autoDraw=False, autoLog=True, bold=False, color=array([-1, -1, -1]), colorSpace='rgb', contrast=1.0, depth=0, flipHoriz=False, flipVert=False, font='', fontFiles=[], height=50.0, italic=False, languageStyle='LTR', name='unnamed TextStim', opacity=1.0, ori=0.0, pos=array([0., 0.]), rgb=UNKNOWN, text='Poprawnie', units='pix', win=Window(...), wrapWidth=500)
61.1972 	EXP 	unnamed TextStim: height = 25.0
61.1972 	EXP 	unnamed TextStim: height = 25.0
61.1972 	EXP 	unnamed TextStim: height = 25.0
61.1972 	EXP 	unnamed TextStim: text = '↑'
62.8180 	DATA 	Keypress: up
62.8199 	EXP 	Created unnamed TextStim = TextStim(__class__=<class 'psychopy.visual.text.TextStim'>, alignHoriz=method-wrapper(...), alignText='center', alignVert=method-wrapper(...), anchorHoriz='center', anchorVert='center', antialias=True, autoDraw=False, autoLog=True, bold=False, color=array([-1, -1, -1]), colorSpace='rgb', contrast=1.0, depth=0, flipHoriz=False, flipVert=False, font='', fontFiles=[], height=50.0, italic=False, languageStyle='LTR', name='unnamed TextStim', opacity=1.0, ori=0.0, pos=array([0., 0.]), rgb=UNKNOWN, text='Poprawnie', units='pix', win=Window(...), wrapWidth=500)
63.8306 	EXP 	unnamed TextStim: height = 25.0
63.8306 	EXP 	unnamed TextStim: height = 25.0
63.8306 	EXP 	unnamed TextStim: height = 25.0
63.8306 	EXP 	unnamed TextStim: text = '↓'
65.3968 	DATA 	Keypress: down
65.3989 	EXP 	Created unnamed TextStim = TextStim(__class__=<class 'psychopy.visual.text.TextStim'>, alignHoriz=method-wrapper(...), alignText='center', alignVert=method-wrapper(...), anchorHoriz='center', anchorVert='center', antialias=True, autoDraw=False, autoLog=True, bold=False, color=array([-1, -1, -1]), colorSpace='rgb', contrast=1.0, depth=0, flipHoriz=False, flipVert=False, font='', fontFiles=[], height=50.0, italic=False, languageStyle='LTR', name='unnamed TextStim', opacity=1.0, ori=0.0, pos=array([0., 0.]), rgb=UNKNOWN, text='Poprawnie', units='pix', win=Window(...), wrapWidth=500)
66.4141 	EXP 	unnamed TextStim: height = 25.0
66.4141 	EXP 	unnamed TextStim: height = 25.0
66.4141 	EXP 	unnamed TextStim: height = 25.0
66.4141 	EXP 	unnamed TextStim: text = '→'
68.1245 	DATA 	Keypress: right
68.1267 	EXP 	Created unnamed TextStim = TextStim(__class__=<class 'psychopy.visual.text.TextStim'>, alignHoriz=method-wrapper(...), alignText='center', alignVert=method-wrapper(...), anchorHoriz='center', anchorVert='center', antialias=True, autoDraw=False, autoLog=True, bold=False, color=array([-1, -1, -1]), colorSpace='rgb', contrast=1.0, depth=0, flipHoriz=False, flipVert=False, font='', fontFiles=[], height=50.0, italic=False, languageStyle='LTR', name='unnamed TextStim', opacity=1.0, ori=0.0, pos=array([0., 0.]), rgb=UNKNOWN, text='Poprawnie', units='pix', win=Window(...), wrapWidth=500)
69.1316 	EXP 	unnamed TextStim: height = 25.0
69.1316 	EXP 	unnamed TextStim: height = 25.0
69.1316 	EXP 	unnamed TextStim: height = 25.0
69.1316 	EXP 	unnamed TextStim: text = '←'
71.2120 	DATA 	Keypress: left
71.2142 	EXP 	Created unnamed TextStim = TextStim(__class__=<class 'psychopy.visual.text.TextStim'>, alignHoriz=method-wrapper(...), alignText='center', alignVert=method-wrapper(...), anchorHoriz='center', anchorVert='center', antialias=True, autoDraw=False, autoLog=True, bold=False, color=array([-1, -1, -1]), colorSpace='rgb', contrast=1.0, depth=0, flipHoriz=False, flipVert=False, font='', fontFiles=[], height=50.0, italic=False, languageStyle='LTR', name='unnamed TextStim', opacity=1.0, ori=0.0, pos=array([0., 0.]), rgb=UNKNOWN, text='Poprawnie', units='pix', win=Window(...), wrapWidth=500)
72.2309 	EXP 	unnamed TextStim: text = '←'
74.1663 	DATA 	Keypress: left
74.1683 	EXP 	Created unnamed TextStim = TextStim(__class__=<class 'psychopy.visual.text.TextStim'>, alignHoriz=method-wrapper(...), alignText='center', alignVert=method-wrapper(...), anchorHoriz='center', anchorVert='center', antialias=True, autoDraw=False, autoLog=True, bold=False, color=array([-1, -1, -1]), colorSpace='rgb', contrast=1.0, depth=0, flipHoriz=False, flipVert=False, font='', fontFiles=[], height=50.0, italic=False, languageStyle='LTR', name='unnamed TextStim', opacity=1.0, ori=0.0, pos=array([0., 0.]), rgb=UNKNOWN, text='Poprawnie', units='pix', win=Window(...), wrapWidth=500)
75.1810 	EXP 	unnamed TextStim: height = 25.0
75.1810 	EXP 	unnamed TextStim: height = 25.0
75.1810 	EXP 	unnamed TextStim: height = 25.0
75.1810 	EXP 	unnamed TextStim: text = '↑'
76.7692 	DATA 	Keypress: up
76.7711 	EXP 	Created unnamed TextStim = TextStim(__class__=<class 'psychopy.visual.text.TextStim'>, alignHoriz=method-wrapper(...), alignText='center', alignVert=method-wrapper(...), anchorHoriz='center', anchorVert='center', antialias=True, autoDraw=False, autoLog=True, bold=False, color=array([-1, -1, -1]), colorSpace='rgb', contrast=1.0, depth=0, flipHoriz=False, flipVert=False, font='', fontFiles=[], height=50.0, italic=False, languageStyle='LTR', name='unnamed TextStim', opacity=1.0, ori=0.0, pos=array([0., 0.]), rgb=UNKNOWN, text='Poprawnie', units='pix', win=Window(...), wrapWidth=500)
77.7811 	EXP 	unnamed TextStim: height = 25.0
77.7811 	EXP 	unnamed TextStim: height = 25.0
77.7811 	EXP 	unnamed TextStim: height = 25.0
77.7811 	EXP 	unnamed TextStim: text = '↓'
79.1985 	DATA 	Keypress: down
79.2025 	EXP 	Created unnamed TextStim = TextStim(__class__=<class 'psychopy.visual.text.TextStim'>, alignHoriz=method-wrapper(...), alignText='center', alignVert=method-wrapper(...), anchorHoriz='center', anchorVert='center', antialias=True, autoDraw=False, autoLog=True, bold=False, color=array([-1, -1, -1]), colorSpace='rgb', contrast=1.0, depth=0, flipHoriz=False, flipVert=False, font='', fontFiles=[], height=50.0, italic=False, languageStyle='LTR', name='unnamed TextStim', opacity=1.0, ori=0.0, pos=array([0., 0.]), rgb=UNKNOWN, text='Poprawnie', units='pix', win=Window(...), wrapWidth=500)
80.2311 	EXP 	unnamed TextStim: height = 25.0
80.2311 	EXP 	unnamed TextStim: height = 25.0
80.2311 	EXP 	unnamed TextStim: height = 25.0
80.2311 	EXP 	unnamed TextStim: text = '↑'
81.9050 	DATA 	Keypress: up
81.9069 	EXP 	Created unnamed TextStim = TextStim(__class__=<class 'psychopy.visual.text.TextStim'>, alignHoriz=method-wrapper(...), alignText='center', alignVert=method-wrapper(...), anchorHoriz='center', anchorVert='center', antialias=True, autoDraw=False, autoLog=True, bold=False, color=array([-1, -1, -1]), colorSpace='rgb', contrast=1.0, depth=0, flipHoriz=False, flipVert=False, font='', fontFiles=[], height=50.0, italic=False, languageStyle='LTR', name='unnamed TextStim', opacity=1.0, ori=0.0, pos=array([0., 0.]), rgb=UNKNOWN, text='Poprawnie', units='pix', win=Window(...), wrapWidth=500)
82.9393 	EXP 	Created unnamed TextStim = TextStim(__class__=<class 'psychopy.visual.text.TextStim'>, alignHoriz=method-wrapper(...), alignText='center', alignVert=method-wrapper(...), anchorHoriz='center', anchorVert='center', antialias=True, autoDraw=False, autoLog=True, bold=False, color=array([-1, -1, -1]), colorSpace='rgb', contrast=1.0, depth=0, flipHoriz=False, flipVert=False, font='', fontFiles=[], height=20.0, italic=False, languageStyle='LTR', name='unnamed TextStim', opacity=1.0, ori=0.0, pos=array([0., 0.]), rgb=UNKNOWN, text=str(...), units='pix', win=Window(...), wrapWidth=1536)
98.3417 	DATA 	Keypress: space
98.3482 	EXP 	unnamed TextStim: height = 25.0
98.3482 	EXP 	unnamed TextStim: height = 25.0
98.3482 	EXP 	unnamed TextStim: height = 25.0
98.3482 	EXP 	unnamed TextStim: text = '→'
100.0629 	DATA 	Keypress: right
100.0694 	EXP 	Created unnamed TextStim = TextStim(__class__=<class 'psychopy.visual.text.TextStim'>, alignHoriz=method-wrapper(...), alignText='center', alignVert=method-wrapper(...), anchorHoriz='center', anchorVert='center', antialias=True, autoDraw=False, autoLog=True, bold=False, color=array([-1, -1, -1]), colorSpace='rgb', contrast=1.0, depth=0, flipHoriz=False, flipVert=False, font='', fontFiles=[], height=50.0, italic=False, languageStyle='LTR', name='unnamed TextStim', opacity=1.0, ori=0.0, pos=array([0., 0.]), rgb=UNKNOWN, text='Poprawnie', units='pix', win=Window(...), wrapWidth=500)
101.0819 	EXP 	unnamed TextStim: text = '→'
102.7436 	DATA 	Keypress: right
102.7456 	EXP 	Created unnamed TextStim = TextStim(__class__=<class 'psychopy.visual.text.TextStim'>, alignHoriz=method-wrapper(...), alignText='center', alignVert=method-wrapper(...), anchorHoriz='center', anchorVert='center', antialias=True, autoDraw=False, autoLog=True, bold=False, color=array([-1, -1, -1]), colorSpace='rgb', contrast=1.0, depth=0, flipHoriz=False, flipVert=False, font='', fontFiles=[], height=50.0, italic=False, languageStyle='LTR', name='unnamed TextStim', opacity=1.0, ori=0.0, pos=array([0., 0.]), rgb=UNKNOWN, text='Poprawnie', units='pix', win=Window(...), wrapWidth=500)
103.7503 	EXP 	unnamed TextStim: height = 25.0
103.7503 	EXP 	unnamed TextStim: height = 25.0
103.7503 	EXP 	unnamed TextStim: height = 25.0
103.7503 	EXP 	unnamed TextStim: text = '↑'
105.0636 	DATA 	Keypress: up
105.0656 	EXP 	Created unnamed TextStim = TextStim(__class__=<class 'psychopy.visual.text.TextStim'>, alignHoriz=method-wrapper(...), alignText='center', alignVert=method-wrapper(...), anchorHoriz='center', anchorVert='center', antialias=True, autoDraw=False, autoLog=True, bold=False, color=array([-1, -1, -1]), colorSpace='rgb', contrast=1.0, depth=0, flipHoriz=False, flipVert=False, font='', fontFiles=[], height=50.0, italic=False, languageStyle='LTR', name='unnamed TextStim', opacity=1.0, ori=0.0, pos=array([0., 0.]), rgb=UNKNOWN, text='Poprawnie', units='pix', win=Window(...), wrapWidth=500)
106.0821 	EXP 	unnamed TextStim: height = 25.0
106.0821 	EXP 	unnamed TextStim: height = 25.0
106.0821 	EXP 	unnamed TextStim: height = 25.0
106.0821 	EXP 	unnamed TextStim: text = '←'
107.7503 	DATA 	Keypress: left
107.7526 	EXP 	Created unnamed TextStim = TextStim(__class__=<class 'psychopy.visual.text.TextStim'>, alignHoriz=method-wrapper(...), alignText='center', alignVert=method-wrapper(...), anchorHoriz='center', anchorVert='center', antialias=True, autoDraw=False, autoLog=True, bold=False, color=array([-1, -1, -1]), colorSpace='rgb', contrast=1.0, depth=0, flipHoriz=False, flipVert=False, font='', fontFiles=[], height=50.0, italic=False, languageStyle='LTR', name='unnamed TextStim', opacity=1.0, ori=0.0, pos=array([0., 0.]), rgb=UNKNOWN, text='Poprawnie', units='pix', win=Window(...), wrapWidth=500)
108.7656 	EXP 	unnamed TextStim: text = '←'
110.2605 	DATA 	Keypress: left
110.2624 	EXP 	Created unnamed TextStim = TextStim(__class__=<class 'psychopy.visual.text.TextStim'>, alignHoriz=method-wrapper(...), alignText='center', alignVert=method-wrapper(...), anchorHoriz='center', anchorVert='center', antialias=True, autoDraw=False, autoLog=True, bold=False, color=array([-1, -1, -1]), colorSpace='rgb', contrast=1.0, depth=0, flipHoriz=False, flipVert=False, font='', fontFiles=[], height=50.0, italic=False, languageStyle='LTR', name='unnamed TextStim', opacity=1.0, ori=0.0, pos=array([0., 0.]), rgb=UNKNOWN, text='Poprawnie', units='pix', win=Window(...), wrapWidth=500)
111.2654 	EXP 	unnamed TextStim: text = '←'
112.9081 	DATA 	Keypress: right
112.9112 	EXP 	Created unnamed TextStim = TextStim(__class__=<class 'psychopy.visual.text.TextStim'>, alignHoriz=method-wrapper(...), alignText='center', alignVert=method-wrapper(...), anchorHoriz='center', anchorVert='center', antialias=True, autoDraw=False, autoLog=True, bold=False, color=array([-1, -1, -1]), colorSpace='rgb', contrast=1.0, depth=0, flipHoriz=False, flipVert=False, font='', fontFiles=[], height=50.0, italic=False, languageStyle='LTR', name='unnamed TextStim', opacity=1.0, ori=0.0, pos=array([0., 0.]), rgb=UNKNOWN, text='Niepoprawnie', units='pix', win=Window(...), wrapWidth=500)
113.9157 	EXP 	unnamed TextStim: height = 25.0
113.9157 	EXP 	unnamed TextStim: height = 25.0
113.9157 	EXP 	unnamed TextStim: height = 25.0
113.9157 	EXP 	unnamed TextStim: text = '→'
115.2095 	DATA 	Keypress: right
115.2114 	EXP 	Created unnamed TextStim = TextStim(__class__=<class 'psychopy.visual.text.TextStim'>, alignHoriz=method-wrapper(...), alignText='center', alignVert=method-wrapper(...), anchorHoriz='center', anchorVert='center', antialias=True, autoDraw=False, autoLog=True, bold=False, color=array([-1, -1, -1]), colorSpace='rgb', contrast=1.0, depth=0, flipHoriz=False, flipVert=False, font='', fontFiles=[], height=50.0, italic=False, languageStyle='LTR', name='unnamed TextStim', opacity=1.0, ori=0.0, pos=array([0., 0.]), rgb=UNKNOWN, text='Poprawnie', units='pix', win=Window(...), wrapWidth=500)
116.2164 	EXP 	unnamed TextStim: height = 25.0
116.2164 	EXP 	unnamed TextStim: height = 25.0
116.2164 	EXP 	unnamed TextStim: height = 25.0
116.2164 	EXP 	unnamed TextStim: text = '↓'
117.6881 	DATA 	Keypress: down
117.6900 	EXP 	Created unnamed TextStim = TextStim(__class__=<class 'psychopy.visual.text.TextStim'>, alignHoriz=method-wrapper(...), alignText='center', alignVert=method-wrapper(...), anchorHoriz='center', anchorVert='center', antialias=True, autoDraw=False, autoLog=True, bold=False, color=array([-1, -1, -1]), colorSpace='rgb', contrast=1.0, depth=0, flipHoriz=False, flipVert=False, font='', fontFiles=[], height=50.0, italic=False, languageStyle='LTR', name='unnamed TextStim', opacity=1.0, ori=0.0, pos=array([0., 0.]), rgb=UNKNOWN, text='Poprawnie', units='pix', win=Window(...), wrapWidth=500)
118.6991 	EXP 	unnamed TextStim: height = 25.0
118.6991 	EXP 	unnamed TextStim: height = 25.0
118.6991 	EXP 	unnamed TextStim: height = 25.0
118.6991 	EXP 	unnamed TextStim: text = '←'
120.5545 	DATA 	Keypress: left
120.5565 	EXP 	Created unnamed TextStim = TextStim(__class__=<class 'psychopy.visual.text.TextStim'>, alignHoriz=method-wrapper(...), alignText='center', alignVert=method-wrapper(...), anchorHoriz='center', anchorVert='center', antialias=True, autoDraw=False, autoLog=True, bold=False, color=array([-1, -1, -1]), colorSpace='rgb', contrast=1.0, depth=0, flipHoriz=False, flipVert=False, font='', fontFiles=[], height=50.0, italic=False, languageStyle='LTR', name='unnamed TextStim', opacity=1.0, ori=0.0, pos=array([0., 0.]), rgb=UNKNOWN, text='Poprawnie', units='pix', win=Window(...), wrapWidth=500)
121.5660 	EXP 	unnamed TextStim: text = '←'
123.0197 	DATA 	Keypress: left
123.0219 	EXP 	Created unnamed TextStim = TextStim(__class__=<class 'psychopy.visual.text.TextStim'>, alignHoriz=method-wrapper(...), alignText='center', alignVert=method-wrapper(...), anchorHoriz='center', anchorVert='center', antialias=True, autoDraw=False, autoLog=True, bold=False, color=array([-1, -1, -1]), colorSpace='rgb', contrast=1.0, depth=0, flipHoriz=False, flipVert=False, font='', fontFiles=[], height=50.0, italic=False, languageStyle='LTR', name='unnamed TextStim', opacity=1.0, ori=0.0, pos=array([0., 0.]), rgb=UNKNOWN, text='Poprawnie', units='pix', win=Window(...), wrapWidth=500)
124.0463 	EXP 	Created unnamed TextStim = TextStim(__class__=<class 'psychopy.visual.text.TextStim'>, alignHoriz=method-wrapper(...), alignText='center', alignVert=method-wrapper(...), anchorHoriz='center', anchorVert='center', antialias=True, autoDraw=False, autoLog=True, bold=False, color=array([-1, -1, -1]), colorSpace='rgb', contrast=1.0, depth=0, flipHoriz=False, flipVert=False, font='', fontFiles=[], height=20.0, italic=False, languageStyle='LTR', name='unnamed TextStim', opacity=1.0, ori=0.0, pos=array([0., 0.]), rgb=UNKNOWN, text=str(...), units='pix', win=Window(...), wrapWidth=1536)
142.2391 	DATA 	Keypress: space
142.2501 	EXP 	unnamed TextStim: height = 25.0
142.2501 	EXP 	unnamed TextStim: height = 25.0
142.2501 	EXP 	unnamed TextStim: height = 25.0
142.2501 	EXP 	unnamed TextStim: text = '→'
144.0146 	DATA 	Keypress: right
144.0159 	EXP 	unnamed TextStim: text = '→'
145.5909 	DATA 	Keypress: right
145.5943 	EXP 	unnamed TextStim: height = 25.0
145.5943 	EXP 	unnamed TextStim: height = 25.0
145.5943 	EXP 	unnamed TextStim: height = 25.0
145.5943 	EXP 	unnamed TextStim: text = '↓'
147.0545 	DATA 	Keypress: down
147.0574 	EXP 	unnamed TextStim: height = 25.0
147.0574 	EXP 	unnamed TextStim: height = 25.0
147.0574 	EXP 	unnamed TextStim: height = 25.0
147.0574 	EXP 	unnamed TextStim: text = '↑'
149.4392 	DATA 	Keypress: left
149.4419 	EXP 	unnamed TextStim: height = 25.0
149.4419 	EXP 	unnamed TextStim: height = 25.0
149.4419 	EXP 	unnamed TextStim: height = 25.0
149.4419 	EXP 	unnamed TextStim: text = '←'
151.4176 	DATA 	Keypress: left
151.4188 	EXP 	unnamed TextStim: text = '←'
152.9523 	DATA 	Keypress: left
153.1014 	EXP 	Created unnamed ImageStim = ImageStim(__class__=<class 'psychopy.visual.image.ImageStim'>, anchor=('center', 'center'), autoLog=True, color=array([1., 1., 1.]), colorSpace='rgb', contrast=1.0, depth=0, flipHoriz=False, flipVert=False, image='break.jpg', interpolate=True, mask=None, maskParams=None, name='unnamed ImageStim', opacity=1.0, ori=0.0, pos=array([0., 0.]), size=array([1536.,  864.]), texRes=128, units='pix', win=Window(...))
154.9577 	DATA 	Keypress: space
154.9672 	EXP 	unnamed TextStim: height = 25.0
154.9672 	EXP 	unnamed TextStim: height = 25.0
154.9672 	EXP 	unnamed TextStim: height = 25.0
154.9672 	EXP 	unnamed TextStim: text = '→'
156.3051 	DATA 	Keypress: right
156.3074 	EXP 	unnamed TextStim: height = 25.0
156.3074 	EXP 	unnamed TextStim: height = 25.0
156.3074 	EXP 	unnamed TextStim: height = 25.0
156.3074 	EXP 	unnamed TextStim: text = '↑'
158.0242 	DATA 	Keypress: up
158.0265 	EXP 	unnamed TextStim: height = 25.0
158.0265 	EXP 	unnamed TextStim: height = 25.0
158.0265 	EXP 	unnamed TextStim: height = 25.0
158.0265 	EXP 	unnamed TextStim: text = '↓'
159.3864 	DATA 	Keypress: down
159.3887 	EXP 	unnamed TextStim: height = 25.0
159.3887 	EXP 	unnamed TextStim: height = 25.0
159.3887 	EXP 	unnamed TextStim: height = 25.0
159.3887 	EXP 	unnamed TextStim: text = '→'
161.0137 	DATA 	Keypress: down
161.0159 	EXP 	unnamed TextStim: height = 25.0
161.0159 	EXP 	unnamed TextStim: height = 25.0
161.0159 	EXP 	unnamed TextStim: height = 25.0
161.0159 	EXP 	unnamed TextStim: text = '↑'
162.4720 	DATA 	Keypress: down
162.4731 	EXP 	unnamed TextStim: text = '↑'
163.8420 	DATA 	Keypress: up
163.9568 	EXP 	Created unnamed ImageStim = ImageStim(__class__=<class 'psychopy.visual.image.ImageStim'>, anchor=('center', 'center'), autoLog=True, color=array([1., 1., 1.]), colorSpace='rgb', contrast=1.0, depth=0, flipHoriz=False, flipVert=False, image='break.jpg', interpolate=True, mask=None, maskParams=None, name='unnamed ImageStim', opacity=1.0, ori=0.0, pos=array([0., 0.]), size=array([1536.,  864.]), texRes=128, units='pix', win=Window(...))
164.4879 	DATA 	Keypress: space
164.5009 	EXP 	unnamed TextStim: text = '↑'
167.1559 	DATA 	Keypress: right
167.1571 	EXP 	unnamed TextStim: text = '↑'
168.4714 	DATA 	Keypress: down
168.4725 	EXP 	unnamed TextStim: text = '↑'
169.9581 	DATA 	Keypress: up
169.9602 	EXP 	unnamed TextStim: height = 25.0
169.9602 	EXP 	unnamed TextStim: height = 25.0
169.9602 	EXP 	unnamed TextStim: height = 25.0
169.9602 	EXP 	unnamed TextStim: text = '←'
171.7017 	DATA 	Keypress: down
171.7039 	EXP 	unnamed TextStim: height = 25.0
171.7039 	EXP 	unnamed TextStim: height = 25.0
171.7039 	EXP 	unnamed TextStim: height = 25.0
171.7039 	EXP 	unnamed TextStim: text = '↑'
173.6340 	DATA 	Keypress: right
173.6353 	EXP 	unnamed TextStim: text = '↑'
175.6318 	DATA 	Keypress: up
175.7619 	EXP 	Created unnamed ImageStim = ImageStim(__class__=<class 'psychopy.visual.image.ImageStim'>, anchor=('center', 'center'), autoLog=True, color=array([1., 1., 1.]), colorSpace='rgb', contrast=1.0, depth=0, flipHoriz=False, flipVert=False, image='break.jpg', interpolate=True, mask=None, maskParams=None, name='unnamed ImageStim', opacity=1.0, ori=0.0, pos=array([0., 0.]), size=array([1536.,  864.]), texRes=128, units='pix', win=Window(...))
176.5274 	DATA 	Keypress: space
176.5343 	EXP 	unnamed TextStim: height = 25.0
176.5343 	EXP 	unnamed TextStim: height = 25.0
176.5343 	EXP 	unnamed TextStim: height = 25.0
176.5343 	EXP 	unnamed TextStim: text = '←'
178.8406 	DATA 	Keypress: left
178.8418 	EXP 	unnamed TextStim: text = '←'
180.4103 	DATA 	Keypress: left
180.4115 	EXP 	unnamed TextStim: text = '←'
181.7666 	DATA 	Keypress: left
181.7688 	EXP 	unnamed TextStim: height = 25.0
181.7688 	EXP 	unnamed TextStim: height = 25.0
181.7688 	EXP 	unnamed TextStim: height = 25.0
181.7688 	EXP 	unnamed TextStim: text = '→'
183.5009 	DATA 	Keypress: left
183.5031 	EXP 	unnamed TextStim: height = 25.0
183.5031 	EXP 	unnamed TextStim: height = 25.0
183.5031 	EXP 	unnamed TextStim: height = 25.0
183.5031 	EXP 	unnamed TextStim: text = '↑'
185.4974 	DATA 	Keypress: up
185.4995 	EXP 	unnamed TextStim: height = 25.0
185.4995 	EXP 	unnamed TextStim: height = 25.0
185.4995 	EXP 	unnamed TextStim: height = 25.0
185.4995 	EXP 	unnamed TextStim: text = '↓'
187.5713 	DATA 	Keypress: up
187.6876 	EXP 	Created unnamed ImageStim = ImageStim(__class__=<class 'psychopy.visual.image.ImageStim'>, anchor=('center', 'center'), autoLog=True, color=array([1., 1., 1.]), colorSpace='rgb', contrast=1.0, depth=0, flipHoriz=False, flipVert=False, image='break.jpg', interpolate=True, mask=None, maskParams=None, name='unnamed ImageStim', opacity=1.0, ori=0.0, pos=array([0., 0.]), size=array([1536.,  864.]), texRes=128, units='pix', win=Window(...))
188.3160 	DATA 	Keypress: space
188.3188 	EXP 	unnamed TextStim: height = 25.0
188.3188 	EXP 	unnamed TextStim: height = 25.0
188.3188 	EXP 	unnamed TextStim: height = 25.0
188.3188 	EXP 	unnamed TextStim: text = '↑'
190.2019 	DATA 	Keypress: left
190.2030 	EXP 	unnamed TextStim: text = '↑'
191.7769 	DATA 	Keypress: up
191.7791 	EXP 	unnamed TextStim: height = 25.0
191.7791 	EXP 	unnamed TextStim: height = 25.0
191.7791 	EXP 	unnamed TextStim: height = 25.0
191.7791 	EXP 	unnamed TextStim: text = '←'
193.0924 	DATA 	Keypress: left
193.0935 	EXP 	unnamed TextStim: text = '←'
194.4688 	DATA 	Keypress: left
194.4709 	EXP 	unnamed TextStim: height = 25.0
194.4709 	EXP 	unnamed TextStim: height = 25.0
194.4709 	EXP 	unnamed TextStim: height = 25.0
194.4709 	EXP 	unnamed TextStim: text = '↓'
196.0173 	DATA 	Keypress: down
196.0196 	EXP 	unnamed TextStim: height = 25.0
196.0196 	EXP 	unnamed TextStim: height = 25.0
196.0196 	EXP 	unnamed TextStim: height = 25.0
196.0196 	EXP 	unnamed TextStim: text = '→'
197.9351 	DATA 	Keypress: left
198.0605 	EXP 	Created unnamed ImageStim = ImageStim(__class__=<class 'psychopy.visual.image.ImageStim'>, anchor=('center', 'center'), autoLog=True, color=array([1., 1., 1.]), colorSpace='rgb', contrast=1.0, depth=0, flipHoriz=False, flipVert=False, image='break.jpg', interpolate=True, mask=None, maskParams=None, name='unnamed ImageStim', opacity=1.0, ori=0.0, pos=array([0., 0.]), size=array([1536.,  864.]), texRes=128, units='pix', win=Window(...))
198.7569 	DATA 	Keypress: space
198.7685 	EXP 	unnamed TextStim: height = 25.0
198.7685 	EXP 	unnamed TextStim: height = 25.0
198.7685 	EXP 	unnamed TextStim: height = 25.0
198.7685 	EXP 	unnamed TextStim: text = '↑'
200.6534 	DATA 	Keypress: up
200.6555 	EXP 	unnamed TextStim: height = 25.0
200.6555 	EXP 	unnamed TextStim: height = 25.0
200.6555 	EXP 	unnamed TextStim: height = 25.0
200.6555 	EXP 	unnamed TextStim: text = '↓'
202.5766 	DATA 	Keypress: up
202.5787 	EXP 	unnamed TextStim: height = 25.0
202.5787 	EXP 	unnamed TextStim: height = 25.0
202.5787 	EXP 	unnamed TextStim: height = 25.0
202.5787 	EXP 	unnamed TextStim: text = '→'
204.3233 	DATA 	Keypress: right
204.3256 	EXP 	unnamed TextStim: height = 25.0
204.3256 	EXP 	unnamed TextStim: height = 25.0
204.3256 	EXP 	unnamed TextStim: height = 25.0
204.3256 	EXP 	unnamed TextStim: text = '←'
206.3986 	DATA 	Keypress: left
206.4007 	EXP 	unnamed TextStim: height = 25.0
206.4007 	EXP 	unnamed TextStim: height = 25.0
206.4007 	EXP 	unnamed TextStim: height = 25.0
206.4007 	EXP 	unnamed TextStim: text = '↑'
208.1427 	DATA 	Keypress: up
208.1449 	EXP 	unnamed TextStim: height = 25.0
208.1449 	EXP 	unnamed TextStim: height = 25.0
208.1449 	EXP 	unnamed TextStim: height = 25.0
208.1449 	EXP 	unnamed TextStim: text = '↓'
209.5233 	DATA 	Keypress: down
209.6405 	EXP 	Created unnamed ImageStim = ImageStim(__class__=<class 'psychopy.visual.image.ImageStim'>, anchor=('center', 'center'), autoLog=True, color=array([1., 1., 1.]), colorSpace='rgb', contrast=1.0, depth=0, flipHoriz=False, flipVert=False, image='break.jpg', interpolate=True, mask=None, maskParams=None, name='unnamed ImageStim', opacity=1.0, ori=0.0, pos=array([0., 0.]), size=array([1536.,  864.]), texRes=128, units='pix', win=Window(...))
210.2820 	DATA 	Keypress: space
210.2856 	EXP 	unnamed TextStim: text = '↓'
211.7304 	DATA 	Keypress: down
211.7326 	EXP 	unnamed TextStim: height = 25.0
211.7326 	EXP 	unnamed TextStim: height = 25.0
211.7326 	EXP 	unnamed TextStim: height = 25.0
211.7326 	EXP 	unnamed TextStim: text = '←'
213.5276 	DATA 	Keypress: down
213.5298 	EXP 	unnamed TextStim: height = 25.0
213.5298 	EXP 	unnamed TextStim: height = 25.0
213.5298 	EXP 	unnamed TextStim: height = 25.0
213.5298 	EXP 	unnamed TextStim: text = '↑'
214.9286 	DATA 	Keypress: up
214.9308 	EXP 	unnamed TextStim: height = 25.0
214.9308 	EXP 	unnamed TextStim: height = 25.0
214.9308 	EXP 	unnamed TextStim: height = 25.0
214.9308 	EXP 	unnamed TextStim: text = '←'
216.8041 	DATA 	Keypress: left
216.8085 	EXP 	unnamed TextStim: height = 25.0
216.8085 	EXP 	unnamed TextStim: height = 25.0
216.8085 	EXP 	unnamed TextStim: height = 25.0
216.8085 	EXP 	unnamed TextStim: text = '→'
218.5642 	DATA 	Keypress: left
218.5653 	EXP 	unnamed TextStim: text = '→'
220.1336 	DATA 	Keypress: right
220.2436 	EXP 	Created unnamed ImageStim = ImageStim(__class__=<class 'psychopy.visual.image.ImageStim'>, anchor=('center', 'center'), autoLog=True, color=array([1., 1., 1.]), colorSpace='rgb', contrast=1.0, depth=0, flipHoriz=False, flipVert=False, image='break.jpg', interpolate=True, mask=None, maskParams=None, name='unnamed ImageStim', opacity=1.0, ori=0.0, pos=array([0., 0.]), size=array([1536.,  864.]), texRes=128, units='pix', win=Window(...))
220.8662 	DATA 	Keypress: space
220.8695 	EXP 	unnamed TextStim: text = '→'
222.3005 	DATA 	Keypress: right
222.3026 	EXP 	unnamed TextStim: height = 25.0
222.3026 	EXP 	unnamed TextStim: height = 25.0
222.3026 	EXP 	unnamed TextStim: height = 25.0
222.3026 	EXP 	unnamed TextStim: text = '↓'
224.3357 	DATA 	Keypress: down
224.3380 	EXP 	unnamed TextStim: height = 25.0
224.3380 	EXP 	unnamed TextStim: height = 25.0
224.3380 	EXP 	unnamed TextStim: height = 25.0
224.3380 	EXP 	unnamed TextStim: text = '↑'
226.6573 	DATA 	Keypress: up
226.6587 	EXP 	unnamed TextStim: text = '↑'
228.6046 	DATA 	Keypress: up
228.6059 	EXP 	unnamed TextStim: text = '↑'
230.2415 	DATA 	Keypress: up
230.2436 	EXP 	unnamed TextStim: height = 25.0
230.2436 	EXP 	unnamed TextStim: height = 25.0
230.2436 	EXP 	unnamed TextStim: height = 25.0
230.2436 	EXP 	unnamed TextStim: text = '←'
232.0348 	DATA 	Keypress: left
232.1624 	EXP 	Created unnamed ImageStim = ImageStim(__class__=<class 'psychopy.visual.image.ImageStim'>, anchor=('center', 'center'), autoLog=True, color=array([1., 1., 1.]), colorSpace='rgb', contrast=1.0, depth=0, flipHoriz=False, flipVert=False, image='break.jpg', interpolate=True, mask=None, maskParams=None, name='unnamed ImageStim', opacity=1.0, ori=0.0, pos=array([0., 0.]), size=array([1536.,  864.]), texRes=128, units='pix', win=Window(...))
232.9221 	DATA 	Keypress: space
232.9364 	EXP 	unnamed TextStim: height = 25.0
232.9364 	EXP 	unnamed TextStim: height = 25.0
232.9364 	EXP 	unnamed TextStim: height = 25.0
232.9364 	EXP 	unnamed TextStim: text = '→'
234.3880 	DATA 	Keypress: right
234.3893 	EXP 	unnamed TextStim: text = '→'
235.8354 	DATA 	Keypress: right
235.8377 	EXP 	unnamed TextStim: height = 25.0
235.8377 	EXP 	unnamed TextStim: height = 25.0
235.8377 	EXP 	unnamed TextStim: height = 25.0
235.8377 	EXP 	unnamed TextStim: text = '↑'
237.4619 	DATA 	Keypress: up
237.4631 	EXP 	unnamed TextStim: text = '↑'
239.0129 	DATA 	Keypress: up
239.0151 	EXP 	unnamed TextStim: height = 25.0
239.0151 	EXP 	unnamed TextStim: height = 25.0
239.0151 	EXP 	unnamed TextStim: height = 25.0
239.0151 	EXP 	unnamed TextStim: text = '↓'
240.3616 	DATA 	Keypress: down
240.3676 	EXP 	unnamed TextStim: height = 25.0
240.3676 	EXP 	unnamed TextStim: height = 25.0
240.3676 	EXP 	unnamed TextStim: height = 25.0
240.3676 	EXP 	unnamed TextStim: text = '←'
242.1632 	DATA 	Keypress: up
242.2783 	EXP 	Created unnamed ImageStim = ImageStim(__class__=<class 'psychopy.visual.image.ImageStim'>, anchor=('center', 'center'), autoLog=True, color=array([1., 1., 1.]), colorSpace='rgb', contrast=1.0, depth=0, flipHoriz=False, flipVert=False, image='break.jpg', interpolate=True, mask=None, maskParams=None, name='unnamed ImageStim', opacity=1.0, ori=0.0, pos=array([0., 0.]), size=array([1536.,  864.]), texRes=128, units='pix', win=Window(...))
242.9060 	DATA 	Keypress: space
242.9203 	EXP 	unnamed TextStim: text = '←'
245.1830 	DATA 	Keypress: right
245.1852 	EXP 	unnamed TextStim: height = 25.0
245.1852 	EXP 	unnamed TextStim: height = 25.0
245.1852 	EXP 	unnamed TextStim: height = 25.0
245.1852 	EXP 	unnamed TextStim: text = '↓'
246.6681 	DATA 	Keypress: down
246.6694 	EXP 	unnamed TextStim: text = '↓'
248.0387 	DATA 	Keypress: down
248.0408 	EXP 	unnamed TextStim: height = 25.0
248.0408 	EXP 	unnamed TextStim: height = 25.0
248.0408 	EXP 	unnamed TextStim: height = 25.0
248.0408 	EXP 	unnamed TextStim: text = '→'
250.1547 	DATA 	Keypress: left
250.1569 	EXP 	unnamed TextStim: height = 25.0
250.1569 	EXP 	unnamed TextStim: height = 25.0
250.1569 	EXP 	unnamed TextStim: height = 25.0
250.1569 	EXP 	unnamed TextStim: text = '↑'
251.7135 	DATA 	Keypress: up
251.7158 	EXP 	unnamed TextStim: height = 25.0
251.7158 	EXP 	unnamed TextStim: height = 25.0
251.7158 	EXP 	unnamed TextStim: height = 25.0
251.7158 	EXP 	unnamed TextStim: text = '←'
253.2612 	DATA 	Keypress: left
253.4092 	EXP 	Created unnamed ImageStim = ImageStim(__class__=<class 'psychopy.visual.image.ImageStim'>, anchor=('center', 'center'), autoLog=True, color=array([1., 1., 1.]), colorSpace='rgb', contrast=1.0, depth=0, flipHoriz=False, flipVert=False, image='break.jpg', interpolate=True, mask=None, maskParams=None, name='unnamed ImageStim', opacity=1.0, ori=0.0, pos=array([0., 0.]), size=array([1536.,  864.]), texRes=128, units='pix', win=Window(...))
253.9069 	DATA 	Keypress: space
253.9207 	EXP 	unnamed TextStim: height = 25.0
253.9207 	EXP 	unnamed TextStim: height = 25.0
253.9207 	EXP 	unnamed TextStim: height = 25.0
253.9207 	EXP 	unnamed TextStim: text = '↓'
256.7043 	DATA 	No keypress (maxWait exceeded)
256.7055 	EXP 	unnamed TextStim: text = '↓'
258.1873 	DATA 	Keypress: down
258.1895 	EXP 	unnamed TextStim: height = 25.0
258.1895 	EXP 	unnamed TextStim: height = 25.0
258.1895 	EXP 	unnamed TextStim: height = 25.0
258.1895 	EXP 	unnamed TextStim: text = '→'
259.8689 	DATA 	Keypress: right
259.8711 	EXP 	unnamed TextStim: height = 25.0
259.8711 	EXP 	unnamed TextStim: height = 25.0
259.8711 	EXP 	unnamed TextStim: height = 25.0
259.8711 	EXP 	unnamed TextStim: text = '↑'
261.3723 	DATA 	Keypress: up
261.3785 	EXP 	unnamed TextStim: height = 25.0
261.3785 	EXP 	unnamed TextStim: height = 25.0
261.3785 	EXP 	unnamed TextStim: height = 25.0
261.3785 	EXP 	unnamed TextStim: text = '←'
262.9892 	DATA 	Keypress: right
262.9914 	EXP 	unnamed TextStim: height = 25.0
262.9914 	EXP 	unnamed TextStim: height = 25.0
262.9914 	EXP 	unnamed TextStim: height = 25.0
262.9914 	EXP 	unnamed TextStim: text = '→'
264.4988 	DATA 	Keypress: right
264.6148 	EXP 	Created unnamed ImageStim = ImageStim(__class__=<class 'psychopy.visual.image.ImageStim'>, anchor=('center', 'center'), autoLog=True, color=array([1., 1., 1.]), colorSpace='rgb', contrast=1.0, depth=0, flipHoriz=False, flipVert=False, image='break.jpg', interpolate=True, mask=None, maskParams=None, name='unnamed ImageStim', opacity=1.0, ori=0.0, pos=array([0., 0.]), size=array([1536.,  864.]), texRes=128, units='pix', win=Window(...))
265.2615 	DATA 	Keypress: space
265.2809 	EXP 	Created unnamed TextStim = TextStim(__class__=<class 'psychopy.visual.text.TextStim'>, alignHoriz=method-wrapper(...), alignText='center', alignVert=method-wrapper(...), anchorHoriz='center', anchorVert='center', antialias=True, autoDraw=False, autoLog=True, bold=False, color=array([-1, -1, -1]), colorSpace='rgb', contrast=1.0, depth=0, flipHoriz=False, flipVert=False, font='', fontFiles=[], height=20.0, italic=False, languageStyle='LTR', name='unnamed TextStim', opacity=1.0, ori=0.0, pos=array([0., 0.]), rgb=UNKNOWN, text=str(...), units='pix', win=Window(...), wrapWidth=1536)
271.3761 	DATA 	Keypress: return
271.4758 	EXP 	window1: mouseVisible = True
