16.9394 	WARNING 	User requested fullscreen with size [1536  864], but screen is actually [1920, 1080]. Using actual size
18.4507 	INFO 	FRAME RATE: 60
18.4508 	INFO 	SCREEN RES: odict_values([1536, 864])
18.5100 	EXP 	Created unnamed TextStim = TextStim(__class__=<class 'psychopy.visual.text.TextStim'>, alignHoriz=method-wrapper(...), alignText='center', alignVert=method-wrapper(...), anchorHoriz='center', anchorVert='center', antialias=True, autoDraw=False, autoLog=True, bold=False, color=array([-1, -1, -1]), colorSpace='rgb', contrast=1.0, depth=0, flipHoriz=False, flipVert=False, font='', fontFiles=[], height=100.0, italic=False, languageStyle='LTR', name='unnamed TextStim', opacity=1.0, ori=0.0, pos=array([0., 0.]), rgb=UNKNOWN, text='+', units='pix', win=Window(...), wrapWidth=500)
18.5142 	EXP 	Created unnamed Circle = Circle(__class__=<class 'psychopy.visual.circle.Circle'>, anchor=('center', 'center'), autoDraw=False, autoLog=True, closeShape=True, color=method-wrapper(...), colorSpace='rgb', contrast=None, depth=0, fillColor=array([ 0.09019608, -1.        , -1.        ]), fillColorSpace='rgb', fillRGB=array([ 0.09019608, -1.        , -1.        ]), interpolate=True, lineColor=array([ 0.09019608, -1.        , -1.        ]), lineColorSpace='rgb', lineRGB=array([ 0.09019608, -1.        , -1.        ]), lineWidth=1.5, name='unnamed Circle', opacity=1.0, ori=0.0, pos=array([0., 0.]), size=array([1., 1.]), units='pix', vertices=ndarray(...), win=Window(...))
18.5153 	EXP 	Created unnamed TextStim = TextStim(__class__=<class 'psychopy.visual.text.TextStim'>, alignHoriz=method-wrapper(...), alignText='center', alignVert=method-wrapper(...), anchorHoriz='center', anchorVert='center', antialias=True, autoDraw=False, autoLog=True, bold=False, color=array([-0.17647059, -0.17647059, -0.17647059]), colorSpace='rgb', contrast=1.0, depth=0, flipHoriz=False, flipVert=False, font='', fontFiles=[], height=25, italic=False, languageStyle='LTR', name='unnamed TextStim', opacity=1.0, ori=0.0, pos=array([0., 0.]), rgb=UNKNOWN, text='', units='pix', win=Window(...), wrapWidth=500)
18.5256 	EXP 	Created unnamed ImageStim = ImageStim(__class__=<class 'psychopy.visual.image.ImageStim'>, anchor=('center', 'center'), autoLog=True, color=array([1., 1., 1.]), colorSpace='rgb', contrast=1.0, depth=0, flipHoriz=False, flipVert=False, image='mask4.png', interpolate=False, mask=None, maskParams=None, name='unnamed ImageStim', opacity=1.0, ori=0.0, pos=array([0., 0.]), size=array([25., 25.]), texRes=128, units='pix', win=Window(...))
18.5333 	EXP 	Created unnamed TextStim = TextStim(__class__=<class 'psychopy.visual.text.TextStim'>, alignHoriz=method-wrapper(...), alignText='center', alignVert=method-wrapper(...), anchorHoriz='center', anchorVert='center', antialias=True, autoDraw=False, autoLog=True, bold=False, color=array([-1, -1, -1]), colorSpace='rgb', contrast=1.0, depth=0, flipHoriz=False, flipVert=False, font='', fontFiles=[], height=30.0, italic=False, languageStyle='LTR', name='unnamed TextStim', opacity=1.0, ori=0.0, pos=array([ 100., -300.]), rgb=UNKNOWN, text=str(...), units='pix', win=Window(...), wrapWidth=10000)
18.5434 	EXP 	Created unnamed TextStim = TextStim(__class__=<class 'psychopy.visual.text.TextStim'>, alignHoriz=method-wrapper(...), alignText='center', alignVert=method-wrapper(...), anchorHoriz='center', anchorVert='center', antialias=True, autoDraw=False, autoLog=True, bold=False, color=array([-1, -1, -1]), colorSpace='rgb', contrast=1.0, depth=0, flipHoriz=False, flipVert=False, font='', fontFiles=[], height=30.0, italic=False, languageStyle='LTR', name='unnamed TextStim', opacity=1.0, ori=0.0, pos=array([ 100., -330.]), rgb=UNKNOWN, text=str(...), units='pix', win=Window(...), wrapWidth=10000)
18.5787 	EXP 	Created unnamed TextStim = TextStim(__class__=<class 'psychopy.visual.text.TextStim'>, alignHoriz=method-wrapper(...), alignText='center', alignVert=method-wrapper(...), anchorHoriz='center', anchorVert='center', antialias=True, autoDraw=False, autoLog=True, bold=False, color=array([-1, -1, -1]), colorSpace='rgb', contrast=1.0, depth=0, flipHoriz=False, flipVert=False, font='', fontFiles=[], height=20.0, italic=False, languageStyle='LTR', name='unnamed TextStim', opacity=1.0, ori=0.0, pos=array([0., 0.]), rgb=UNKNOWN, text=str(...), units='pix', win=Window(...), wrapWidth=1536)
50.8505 	DATA 	Keypress: space
50.8671 	EXP 	unnamed TextStim: height = 25.0
50.8671 	EXP 	unnamed TextStim: height = 25.0
50.8671 	EXP 	unnamed TextStim: height = 25.0
50.8671 	EXP 	unnamed TextStim: text = '→'
53.8341 	DATA 	No keypress (maxWait exceeded)
53.8428 	EXP 	Created unnamed TextStim = TextStim(__class__=<class 'psychopy.visual.text.TextStim'>, alignHoriz=method-wrapper(...), alignText='center', alignVert=method-wrapper(...), anchorHoriz='center', anchorVert='center', antialias=True, autoDraw=False, autoLog=True, bold=False, color=array([-1, -1, -1]), colorSpace='rgb', contrast=1.0, depth=0, flipHoriz=False, flipVert=False, font='', fontFiles=[], height=50.0, italic=False, languageStyle='LTR', name='unnamed TextStim', opacity=1.0, ori=0.0, pos=array([0., 0.]), rgb=UNKNOWN, text='Niepoprawnie', units='pix', win=Window(...), wrapWidth=500)
54.8506 	EXP 	unnamed TextStim: height = 25.0
54.8506 	EXP 	unnamed TextStim: height = 25.0
54.8506 	EXP 	unnamed TextStim: height = 25.0
54.8506 	EXP 	unnamed TextStim: text = '↑'
57.8176 	DATA 	No keypress (maxWait exceeded)
57.8200 	EXP 	Created unnamed TextStim = TextStim(__class__=<class 'psychopy.visual.text.TextStim'>, alignHoriz=method-wrapper(...), alignText='center', alignVert=method-wrapper(...), anchorHoriz='center', anchorVert='center', antialias=True, autoDraw=False, autoLog=True, bold=False, color=array([-1, -1, -1]), colorSpace='rgb', contrast=1.0, depth=0, flipHoriz=False, flipVert=False, font='', fontFiles=[], height=50.0, italic=False, languageStyle='LTR', name='unnamed TextStim', opacity=1.0, ori=0.0, pos=array([0., 0.]), rgb=UNKNOWN, text='Niepoprawnie', units='pix', win=Window(...), wrapWidth=500)
58.8341 	EXP 	unnamed TextStim: height = 25.0
58.8341 	EXP 	unnamed TextStim: height = 25.0
58.8341 	EXP 	unnamed TextStim: height = 25.0
58.8341 	EXP 	unnamed TextStim: text = '←'
61.2036 	DATA 	Keypress: left
61.2071 	EXP 	Created unnamed TextStim = TextStim(__class__=<class 'psychopy.visual.text.TextStim'>, alignHoriz=method-wrapper(...), alignText='center', alignVert=method-wrapper(...), anchorHoriz='center', anchorVert='center', antialias=True, autoDraw=False, autoLog=True, bold=False, color=array([-1, -1, -1]), colorSpace='rgb', contrast=1.0, depth=0, flipHoriz=False, flipVert=False, font='', fontFiles=[], height=50.0, italic=False, languageStyle='LTR', name='unnamed TextStim', opacity=1.0, ori=0.0, pos=array([0., 0.]), rgb=UNKNOWN, text='Poprawnie', units='pix', win=Window(...), wrapWidth=500)
62.2175 	EXP 	unnamed TextStim: height = 25.0
62.2175 	EXP 	unnamed TextStim: height = 25.0
62.2175 	EXP 	unnamed TextStim: height = 25.0
62.2175 	EXP 	unnamed TextStim: text = '→'
63.8320 	DATA 	Keypress: right
63.8343 	EXP 	Created unnamed TextStim = TextStim(__class__=<class 'psychopy.visual.text.TextStim'>, alignHoriz=method-wrapper(...), alignText='center', alignVert=method-wrapper(...), anchorHoriz='center', anchorVert='center', antialias=True, autoDraw=False, autoLog=True, bold=False, color=array([-1, -1, -1]), colorSpace='rgb', contrast=1.0, depth=0, flipHoriz=False, flipVert=False, font='', fontFiles=[], height=50.0, italic=False, languageStyle='LTR', name='unnamed TextStim', opacity=1.0, ori=0.0, pos=array([0., 0.]), rgb=UNKNOWN, text='Poprawnie', units='pix', win=Window(...), wrapWidth=500)
64.8509 	EXP 	unnamed TextStim: text = '→'
66.2015 	DATA 	Keypress: right
66.2066 	EXP 	Created unnamed TextStim = TextStim(__class__=<class 'psychopy.visual.text.TextStim'>, alignHoriz=method-wrapper(...), alignText='center', alignVert=method-wrapper(...), anchorHoriz='center', anchorVert='center', antialias=True, autoDraw=False, autoLog=True, bold=False, color=array([-1, -1, -1]), colorSpace='rgb', contrast=1.0, depth=0, flipHoriz=False, flipVert=False, font='', fontFiles=[], height=50.0, italic=False, languageStyle='LTR', name='unnamed TextStim', opacity=1.0, ori=0.0, pos=array([0., 0.]), rgb=UNKNOWN, text='Poprawnie', units='pix', win=Window(...), wrapWidth=500)
67.2343 	EXP 	unnamed TextStim: height = 25.0
67.2343 	EXP 	unnamed TextStim: height = 25.0
67.2343 	EXP 	unnamed TextStim: height = 25.0
67.2343 	EXP 	unnamed TextStim: text = '↑'
69.7481 	DATA 	Keypress: up
69.7502 	EXP 	Created unnamed TextStim = TextStim(__class__=<class 'psychopy.visual.text.TextStim'>, alignHoriz=method-wrapper(...), alignText='center', alignVert=method-wrapper(...), anchorHoriz='center', anchorVert='center', antialias=True, autoDraw=False, autoLog=True, bold=False, color=array([-1, -1, -1]), colorSpace='rgb', contrast=1.0, depth=0, flipHoriz=False, flipVert=False, font='', fontFiles=[], height=50.0, italic=False, languageStyle='LTR', name='unnamed TextStim', opacity=1.0, ori=0.0, pos=array([0., 0.]), rgb=UNKNOWN, text='Poprawnie', units='pix', win=Window(...), wrapWidth=500)
70.7678 	EXP 	unnamed TextStim: height = 25.0
70.7678 	EXP 	unnamed TextStim: height = 25.0
70.7678 	EXP 	unnamed TextStim: height = 25.0
70.7678 	EXP 	unnamed TextStim: text = '↓'
73.0936 	DATA 	Keypress: down
73.0961 	EXP 	Created unnamed TextStim = TextStim(__class__=<class 'psychopy.visual.text.TextStim'>, alignHoriz=method-wrapper(...), alignText='center', alignVert=method-wrapper(...), anchorHoriz='center', anchorVert='center', antialias=True, autoDraw=False, autoLog=True, bold=False, color=array([-1, -1, -1]), colorSpace='rgb', contrast=1.0, depth=0, flipHoriz=False, flipVert=False, font='', fontFiles=[], height=50.0, italic=False, languageStyle='LTR', name='unnamed TextStim', opacity=1.0, ori=0.0, pos=array([0., 0.]), rgb=UNKNOWN, text='Poprawnie', units='pix', win=Window(...), wrapWidth=500)
74.1013 	EXP 	unnamed TextStim: height = 25.0
74.1013 	EXP 	unnamed TextStim: height = 25.0
74.1013 	EXP 	unnamed TextStim: height = 25.0
74.1013 	EXP 	unnamed TextStim: text = '↑'
76.0589 	DATA 	Keypress: up
76.0609 	EXP 	Created unnamed TextStim = TextStim(__class__=<class 'psychopy.visual.text.TextStim'>, alignHoriz=method-wrapper(...), alignText='center', alignVert=method-wrapper(...), anchorHoriz='center', anchorVert='center', antialias=True, autoDraw=False, autoLog=True, bold=False, color=array([-1, -1, -1]), colorSpace='rgb', contrast=1.0, depth=0, flipHoriz=False, flipVert=False, font='', fontFiles=[], height=50.0, italic=False, languageStyle='LTR', name='unnamed TextStim', opacity=1.0, ori=0.0, pos=array([0., 0.]), rgb=UNKNOWN, text='Poprawnie', units='pix', win=Window(...), wrapWidth=500)
77.0681 	EXP 	unnamed TextStim: text = '↑'
78.4689 	DATA 	Keypress: up
78.4736 	EXP 	Created unnamed TextStim = TextStim(__class__=<class 'psychopy.visual.text.TextStim'>, alignHoriz=method-wrapper(...), alignText='center', alignVert=method-wrapper(...), anchorHoriz='center', anchorVert='center', antialias=True, autoDraw=False, autoLog=True, bold=False, color=array([-1, -1, -1]), colorSpace='rgb', contrast=1.0, depth=0, flipHoriz=False, flipVert=False, font='', fontFiles=[], height=50.0, italic=False, languageStyle='LTR', name='unnamed TextStim', opacity=1.0, ori=0.0, pos=array([0., 0.]), rgb=UNKNOWN, text='Poprawnie', units='pix', win=Window(...), wrapWidth=500)
79.5015 	EXP 	unnamed TextStim: height = 25.0
79.5015 	EXP 	unnamed TextStim: height = 25.0
79.5015 	EXP 	unnamed TextStim: height = 25.0
79.5015 	EXP 	unnamed TextStim: text = '↓'
81.3132 	DATA 	Keypress: down
81.3157 	EXP 	Created unnamed TextStim = TextStim(__class__=<class 'psychopy.visual.text.TextStim'>, alignHoriz=method-wrapper(...), alignText='center', alignVert=method-wrapper(...), anchorHoriz='center', anchorVert='center', antialias=True, autoDraw=False, autoLog=True, bold=False, color=array([-1, -1, -1]), colorSpace='rgb', contrast=1.0, depth=0, flipHoriz=False, flipVert=False, font='', fontFiles=[], height=50.0, italic=False, languageStyle='LTR', name='unnamed TextStim', opacity=1.0, ori=0.0, pos=array([0., 0.]), rgb=UNKNOWN, text='Poprawnie', units='pix', win=Window(...), wrapWidth=500)
82.3350 	EXP 	unnamed TextStim: height = 25.0
82.3350 	EXP 	unnamed TextStim: height = 25.0
82.3350 	EXP 	unnamed TextStim: height = 25.0
82.3350 	EXP 	unnamed TextStim: text = '↑'
83.8471 	DATA 	Keypress: up
83.8495 	EXP 	Created unnamed TextStim = TextStim(__class__=<class 'psychopy.visual.text.TextStim'>, alignHoriz=method-wrapper(...), alignText='center', alignVert=method-wrapper(...), anchorHoriz='center', anchorVert='center', antialias=True, autoDraw=False, autoLog=True, bold=False, color=array([-1, -1, -1]), colorSpace='rgb', contrast=1.0, depth=0, flipHoriz=False, flipVert=False, font='', fontFiles=[], height=50.0, italic=False, languageStyle='LTR', name='unnamed TextStim', opacity=1.0, ori=0.0, pos=array([0., 0.]), rgb=UNKNOWN, text='Poprawnie', units='pix', win=Window(...), wrapWidth=500)
84.8684 	EXP 	unnamed TextStim: text = '↑'
86.4124 	DATA 	Keypress: up
86.4150 	EXP 	Created unnamed TextStim = TextStim(__class__=<class 'psychopy.visual.text.TextStim'>, alignHoriz=method-wrapper(...), alignText='center', alignVert=method-wrapper(...), anchorHoriz='center', anchorVert='center', antialias=True, autoDraw=False, autoLog=True, bold=False, color=array([-1, -1, -1]), colorSpace='rgb', contrast=1.0, depth=0, flipHoriz=False, flipVert=False, font='', fontFiles=[], height=50.0, italic=False, languageStyle='LTR', name='unnamed TextStim', opacity=1.0, ori=0.0, pos=array([0., 0.]), rgb=UNKNOWN, text='Poprawnie', units='pix', win=Window(...), wrapWidth=500)
87.4188 	EXP 	unnamed TextStim: height = 25.0
87.4188 	EXP 	unnamed TextStim: height = 25.0
87.4188 	EXP 	unnamed TextStim: height = 25.0
87.4188 	EXP 	unnamed TextStim: text = '←'
89.5733 	DATA 	Keypress: left
89.5758 	EXP 	Created unnamed TextStim = TextStim(__class__=<class 'psychopy.visual.text.TextStim'>, alignHoriz=method-wrapper(...), alignText='center', alignVert=method-wrapper(...), anchorHoriz='center', anchorVert='center', antialias=True, autoDraw=False, autoLog=True, bold=False, color=array([-1, -1, -1]), colorSpace='rgb', contrast=1.0, depth=0, flipHoriz=False, flipVert=False, font='', fontFiles=[], height=50.0, italic=False, languageStyle='LTR', name='unnamed TextStim', opacity=1.0, ori=0.0, pos=array([0., 0.]), rgb=UNKNOWN, text='Poprawnie', units='pix', win=Window(...), wrapWidth=500)
90.5854 	EXP 	unnamed TextStim: text = '←'
92.0960 	DATA 	Keypress: left
92.0981 	EXP 	Created unnamed TextStim = TextStim(__class__=<class 'psychopy.visual.text.TextStim'>, alignHoriz=method-wrapper(...), alignText='center', alignVert=method-wrapper(...), anchorHoriz='center', anchorVert='center', antialias=True, autoDraw=False, autoLog=True, bold=False, color=array([-1, -1, -1]), colorSpace='rgb', contrast=1.0, depth=0, flipHoriz=False, flipVert=False, font='', fontFiles=[], height=50.0, italic=False, languageStyle='LTR', name='unnamed TextStim', opacity=1.0, ori=0.0, pos=array([0., 0.]), rgb=UNKNOWN, text='Poprawnie', units='pix', win=Window(...), wrapWidth=500)
93.1028 	EXP 	unnamed TextStim: height = 25.0
93.1028 	EXP 	unnamed TextStim: height = 25.0
93.1028 	EXP 	unnamed TextStim: height = 25.0
93.1028 	EXP 	unnamed TextStim: text = '↑'
94.7845 	DATA 	Keypress: up
94.7872 	EXP 	Created unnamed TextStim = TextStim(__class__=<class 'psychopy.visual.text.TextStim'>, alignHoriz=method-wrapper(...), alignText='center', alignVert=method-wrapper(...), anchorHoriz='center', anchorVert='center', antialias=True, autoDraw=False, autoLog=True, bold=False, color=array([-1, -1, -1]), colorSpace='rgb', contrast=1.0, depth=0, flipHoriz=False, flipVert=False, font='', fontFiles=[], height=50.0, italic=False, languageStyle='LTR', name='unnamed TextStim', opacity=1.0, ori=0.0, pos=array([0., 0.]), rgb=UNKNOWN, text='Poprawnie', units='pix', win=Window(...), wrapWidth=500)
95.8204 	EXP 	Created unnamed TextStim = TextStim(__class__=<class 'psychopy.visual.text.TextStim'>, alignHoriz=method-wrapper(...), alignText='center', alignVert=method-wrapper(...), anchorHoriz='center', anchorVert='center', antialias=True, autoDraw=False, autoLog=True, bold=False, color=array([-1, -1, -1]), colorSpace='rgb', contrast=1.0, depth=0, flipHoriz=False, flipVert=False, font='', fontFiles=[], height=20.0, italic=False, languageStyle='LTR', name='unnamed TextStim', opacity=1.0, ori=0.0, pos=array([0., 0.]), rgb=UNKNOWN, text=str(...), units='pix', win=Window(...), wrapWidth=1536)
112.1944 	DATA 	Keypress: space
112.2025 	EXP 	unnamed TextStim: text = '↑'
113.7697 	DATA 	Keypress: up
113.7775 	EXP 	Created unnamed TextStim = TextStim(__class__=<class 'psychopy.visual.text.TextStim'>, alignHoriz=method-wrapper(...), alignText='center', alignVert=method-wrapper(...), anchorHoriz='center', anchorVert='center', antialias=True, autoDraw=False, autoLog=True, bold=False, color=array([-1, -1, -1]), colorSpace='rgb', contrast=1.0, depth=0, flipHoriz=False, flipVert=False, font='', fontFiles=[], height=50.0, italic=False, languageStyle='LTR', name='unnamed TextStim', opacity=1.0, ori=0.0, pos=array([0., 0.]), rgb=UNKNOWN, text='Poprawnie', units='pix', win=Window(...), wrapWidth=500)
114.7862 	EXP 	unnamed TextStim: height = 25.0
114.7862 	EXP 	unnamed TextStim: height = 25.0
114.7862 	EXP 	unnamed TextStim: height = 25.0
114.7862 	EXP 	unnamed TextStim: text = '←'
116.6230 	DATA 	Keypress: left
116.6256 	EXP 	Created unnamed TextStim = TextStim(__class__=<class 'psychopy.visual.text.TextStim'>, alignHoriz=method-wrapper(...), alignText='center', alignVert=method-wrapper(...), anchorHoriz='center', anchorVert='center', antialias=True, autoDraw=False, autoLog=True, bold=False, color=array([-1, -1, -1]), colorSpace='rgb', contrast=1.0, depth=0, flipHoriz=False, flipVert=False, font='', fontFiles=[], height=50.0, italic=False, languageStyle='LTR', name='unnamed TextStim', opacity=1.0, ori=0.0, pos=array([0., 0.]), rgb=UNKNOWN, text='Poprawnie', units='pix', win=Window(...), wrapWidth=500)
117.6364 	EXP 	unnamed TextStim: height = 25.0
117.6364 	EXP 	unnamed TextStim: height = 25.0
117.6364 	EXP 	unnamed TextStim: height = 25.0
117.6364 	EXP 	unnamed TextStim: text = '↑'
119.1339 	DATA 	Keypress: up
119.1360 	EXP 	Created unnamed TextStim = TextStim(__class__=<class 'psychopy.visual.text.TextStim'>, alignHoriz=method-wrapper(...), alignText='center', alignVert=method-wrapper(...), anchorHoriz='center', anchorVert='center', antialias=True, autoDraw=False, autoLog=True, bold=False, color=array([-1, -1, -1]), colorSpace='rgb', contrast=1.0, depth=0, flipHoriz=False, flipVert=False, font='', fontFiles=[], height=50.0, italic=False, languageStyle='LTR', name='unnamed TextStim', opacity=1.0, ori=0.0, pos=array([0., 0.]), rgb=UNKNOWN, text='Poprawnie', units='pix', win=Window(...), wrapWidth=500)
120.1531 	EXP 	unnamed TextStim: height = 25.0
120.1531 	EXP 	unnamed TextStim: height = 25.0
120.1531 	EXP 	unnamed TextStim: height = 25.0
120.1531 	EXP 	unnamed TextStim: text = '↓'
121.7284 	DATA 	Keypress: up
121.7315 	EXP 	Created unnamed TextStim = TextStim(__class__=<class 'psychopy.visual.text.TextStim'>, alignHoriz=method-wrapper(...), alignText='center', alignVert=method-wrapper(...), anchorHoriz='center', anchorVert='center', antialias=True, autoDraw=False, autoLog=True, bold=False, color=array([-1, -1, -1]), colorSpace='rgb', contrast=1.0, depth=0, flipHoriz=False, flipVert=False, font='', fontFiles=[], height=50.0, italic=False, languageStyle='LTR', name='unnamed TextStim', opacity=1.0, ori=0.0, pos=array([0., 0.]), rgb=UNKNOWN, text='Niepoprawnie', units='pix', win=Window(...), wrapWidth=500)
122.7369 	EXP 	unnamed TextStim: height = 25.0
122.7369 	EXP 	unnamed TextStim: height = 25.0
122.7369 	EXP 	unnamed TextStim: height = 25.0
122.7369 	EXP 	unnamed TextStim: text = '→'
124.7584 	DATA 	Keypress: right
124.7605 	EXP 	Created unnamed TextStim = TextStim(__class__=<class 'psychopy.visual.text.TextStim'>, alignHoriz=method-wrapper(...), alignText='center', alignVert=method-wrapper(...), anchorHoriz='center', anchorVert='center', antialias=True, autoDraw=False, autoLog=True, bold=False, color=array([-1, -1, -1]), colorSpace='rgb', contrast=1.0, depth=0, flipHoriz=False, flipVert=False, font='', fontFiles=[], height=50.0, italic=False, languageStyle='LTR', name='unnamed TextStim', opacity=1.0, ori=0.0, pos=array([0., 0.]), rgb=UNKNOWN, text='Poprawnie', units='pix', win=Window(...), wrapWidth=500)
125.7700 	EXP 	unnamed TextStim: height = 25.0
125.7700 	EXP 	unnamed TextStim: height = 25.0
125.7700 	EXP 	unnamed TextStim: height = 25.0
125.7700 	EXP 	unnamed TextStim: text = '↑'
127.9076 	DATA 	Keypress: left
127.9099 	EXP 	Created unnamed TextStim = TextStim(__class__=<class 'psychopy.visual.text.TextStim'>, alignHoriz=method-wrapper(...), alignText='center', alignVert=method-wrapper(...), anchorHoriz='center', anchorVert='center', antialias=True, autoDraw=False, autoLog=True, bold=False, color=array([-1, -1, -1]), colorSpace='rgb', contrast=1.0, depth=0, flipHoriz=False, flipVert=False, font='', fontFiles=[], height=50.0, italic=False, languageStyle='LTR', name='unnamed TextStim', opacity=1.0, ori=0.0, pos=array([0., 0.]), rgb=UNKNOWN, text='Niepoprawnie', units='pix', win=Window(...), wrapWidth=500)
128.9201 	EXP 	unnamed TextStim: height = 25.0
128.9201 	EXP 	unnamed TextStim: height = 25.0
128.9201 	EXP 	unnamed TextStim: height = 25.0
128.9201 	EXP 	unnamed TextStim: text = '←'
130.6726 	DATA 	Keypress: left
130.6753 	EXP 	Created unnamed TextStim = TextStim(__class__=<class 'psychopy.visual.text.TextStim'>, alignHoriz=method-wrapper(...), alignText='center', alignVert=method-wrapper(...), anchorHoriz='center', anchorVert='center', antialias=True, autoDraw=False, autoLog=True, bold=False, color=array([-1, -1, -1]), colorSpace='rgb', contrast=1.0, depth=0, flipHoriz=False, flipVert=False, font='', fontFiles=[], height=50.0, italic=False, languageStyle='LTR', name='unnamed TextStim', opacity=1.0, ori=0.0, pos=array([0., 0.]), rgb=UNKNOWN, text='Poprawnie', units='pix', win=Window(...), wrapWidth=500)
131.6869 	EXP 	unnamed TextStim: text = '←'
133.4837 	DATA 	Keypress: left
133.4857 	EXP 	Created unnamed TextStim = TextStim(__class__=<class 'psychopy.visual.text.TextStim'>, alignHoriz=method-wrapper(...), alignText='center', alignVert=method-wrapper(...), anchorHoriz='center', anchorVert='center', antialias=True, autoDraw=False, autoLog=True, bold=False, color=array([-1, -1, -1]), colorSpace='rgb', contrast=1.0, depth=0, flipHoriz=False, flipVert=False, font='', fontFiles=[], height=50.0, italic=False, languageStyle='LTR', name='unnamed TextStim', opacity=1.0, ori=0.0, pos=array([0., 0.]), rgb=UNKNOWN, text='Poprawnie', units='pix', win=Window(...), wrapWidth=500)
134.5037 	EXP 	unnamed TextStim: text = '←'
136.1852 	DATA 	Keypress: left
136.1872 	EXP 	Created unnamed TextStim = TextStim(__class__=<class 'psychopy.visual.text.TextStim'>, alignHoriz=method-wrapper(...), alignText='center', alignVert=method-wrapper(...), anchorHoriz='center', anchorVert='center', antialias=True, autoDraw=False, autoLog=True, bold=False, color=array([-1, -1, -1]), colorSpace='rgb', contrast=1.0, depth=0, flipHoriz=False, flipVert=False, font='', fontFiles=[], height=50.0, italic=False, languageStyle='LTR', name='unnamed TextStim', opacity=1.0, ori=0.0, pos=array([0., 0.]), rgb=UNKNOWN, text='Poprawnie', units='pix', win=Window(...), wrapWidth=500)
137.2038 	EXP 	unnamed TextStim: height = 25.0
137.2038 	EXP 	unnamed TextStim: height = 25.0
137.2038 	EXP 	unnamed TextStim: height = 25.0
137.2038 	EXP 	unnamed TextStim: text = '↓'
138.9197 	DATA 	Keypress: down
138.9223 	EXP 	Created unnamed TextStim = TextStim(__class__=<class 'psychopy.visual.text.TextStim'>, alignHoriz=method-wrapper(...), alignText='center', alignVert=method-wrapper(...), anchorHoriz='center', anchorVert='center', antialias=True, autoDraw=False, autoLog=True, bold=False, color=array([-1, -1, -1]), colorSpace='rgb', contrast=1.0, depth=0, flipHoriz=False, flipVert=False, font='', fontFiles=[], height=50.0, italic=False, languageStyle='LTR', name='unnamed TextStim', opacity=1.0, ori=0.0, pos=array([0., 0.]), rgb=UNKNOWN, text='Poprawnie', units='pix', win=Window(...), wrapWidth=500)
139.9529 	EXP 	Created unnamed TextStim = TextStim(__class__=<class 'psychopy.visual.text.TextStim'>, alignHoriz=method-wrapper(...), alignText='center', alignVert=method-wrapper(...), anchorHoriz='center', anchorVert='center', antialias=True, autoDraw=False, autoLog=True, bold=False, color=array([-1, -1, -1]), colorSpace='rgb', contrast=1.0, depth=0, flipHoriz=False, flipVert=False, font='', fontFiles=[], height=20.0, italic=False, languageStyle='LTR', name='unnamed TextStim', opacity=1.0, ori=0.0, pos=array([0., 0.]), rgb=UNKNOWN, text=str(...), units='pix', win=Window(...), wrapWidth=1536)
153.7240 	DATA 	Keypress: space
153.7375 	EXP 	unnamed TextStim: height = 25.0
153.7375 	EXP 	unnamed TextStim: height = 25.0
153.7375 	EXP 	unnamed TextStim: height = 25.0
153.7375 	EXP 	unnamed TextStim: text = '←'
155.5865 	DATA 	Keypress: left
155.5892 	EXP 	unnamed TextStim: height = 25.0
155.5892 	EXP 	unnamed TextStim: height = 25.0
155.5892 	EXP 	unnamed TextStim: height = 25.0
155.5892 	EXP 	unnamed TextStim: text = '↓'
157.2148 	DATA 	Keypress: down
157.2173 	EXP 	unnamed TextStim: height = 25.0
157.2173 	EXP 	unnamed TextStim: height = 25.0
157.2173 	EXP 	unnamed TextStim: height = 25.0
157.2173 	EXP 	unnamed TextStim: text = '↑'
159.3868 	DATA 	Keypress: up
159.3892 	EXP 	unnamed TextStim: height = 25.0
159.3892 	EXP 	unnamed TextStim: height = 25.0
159.3892 	EXP 	unnamed TextStim: height = 25.0
159.3892 	EXP 	unnamed TextStim: text = '←'
160.9536 	DATA 	Keypress: left
160.9558 	EXP 	unnamed TextStim: height = 25.0
160.9558 	EXP 	unnamed TextStim: height = 25.0
160.9558 	EXP 	unnamed TextStim: height = 25.0
160.9558 	EXP 	unnamed TextStim: text = '↑'
162.4624 	DATA 	Keypress: up
162.4637 	EXP 	unnamed TextStim: text = '↑'
164.0065 	DATA 	Keypress: up
164.1636 	EXP 	Created unnamed ImageStim = ImageStim(__class__=<class 'psychopy.visual.image.ImageStim'>, anchor=('center', 'center'), autoLog=True, color=array([1., 1., 1.]), colorSpace='rgb', contrast=1.0, depth=0, flipHoriz=False, flipVert=False, image='break.jpg', interpolate=True, mask=None, maskParams=None, name='unnamed ImageStim', opacity=1.0, ori=0.0, pos=array([0., 0.]), size=array([1536.,  864.]), texRes=128, units='pix', win=Window(...))
169.2534 	DATA 	Keypress: space
169.2550 	EXP 	unnamed TextStim: text = '↑'
170.6629 	DATA 	Keypress: up
170.6676 	EXP 	unnamed TextStim: height = 25.0
170.6676 	EXP 	unnamed TextStim: height = 25.0
170.6676 	EXP 	unnamed TextStim: height = 25.0
170.6676 	EXP 	unnamed TextStim: text = '↓'
172.1550 	DATA 	Keypress: up
172.1561 	EXP 	unnamed TextStim: text = '↓'
174.1534 	DATA 	Keypress: up
174.1545 	EXP 	unnamed TextStim: text = '↓'
175.9250 	DATA 	Keypress: right
175.9272 	EXP 	unnamed TextStim: height = 25.0
175.9272 	EXP 	unnamed TextStim: height = 25.0
175.9272 	EXP 	unnamed TextStim: height = 25.0
175.9272 	EXP 	unnamed TextStim: text = '↑'
177.7720 	DATA 	Keypress: up
177.7731 	EXP 	unnamed TextStim: text = '↑'
179.2976 	DATA 	Keypress: up
179.4405 	EXP 	Created unnamed ImageStim = ImageStim(__class__=<class 'psychopy.visual.image.ImageStim'>, anchor=('center', 'center'), autoLog=True, color=array([1., 1., 1.]), colorSpace='rgb', contrast=1.0, depth=0, flipHoriz=False, flipVert=False, image='break.jpg', interpolate=True, mask=None, maskParams=None, name='unnamed ImageStim', opacity=1.0, ori=0.0, pos=array([0., 0.]), size=array([1536.,  864.]), texRes=128, units='pix', win=Window(...))
181.2253 	DATA 	Keypress: space
181.2386 	EXP 	unnamed TextStim: text = '↑'
182.8137 	DATA 	Keypress: up
182.8164 	EXP 	unnamed TextStim: height = 25.0
182.8164 	EXP 	unnamed TextStim: height = 25.0
182.8164 	EXP 	unnamed TextStim: height = 25.0
182.8164 	EXP 	unnamed TextStim: text = '→'
184.4501 	DATA 	Keypress: up
184.4523 	EXP 	unnamed TextStim: height = 25.0
184.4523 	EXP 	unnamed TextStim: height = 25.0
184.4523 	EXP 	unnamed TextStim: height = 25.0
184.4523 	EXP 	unnamed TextStim: text = '↓'
186.2873 	DATA 	Keypress: down
186.2897 	EXP 	unnamed TextStim: height = 25.0
186.2897 	EXP 	unnamed TextStim: height = 25.0
186.2897 	EXP 	unnamed TextStim: height = 25.0
186.2897 	EXP 	unnamed TextStim: text = '↑'
187.8316 	DATA 	Keypress: up
187.8338 	EXP 	unnamed TextStim: height = 25.0
187.8338 	EXP 	unnamed TextStim: height = 25.0
187.8338 	EXP 	unnamed TextStim: height = 25.0
187.8338 	EXP 	unnamed TextStim: text = '←'
189.6495 	DATA 	Keypress: up
189.6517 	EXP 	unnamed TextStim: height = 25.0
189.6517 	EXP 	unnamed TextStim: height = 25.0
189.6517 	EXP 	unnamed TextStim: height = 25.0
189.6517 	EXP 	unnamed TextStim: text = '↑'
191.1433 	DATA 	Keypress: up
191.2791 	EXP 	Created unnamed ImageStim = ImageStim(__class__=<class 'psychopy.visual.image.ImageStim'>, anchor=('center', 'center'), autoLog=True, color=array([1., 1., 1.]), colorSpace='rgb', contrast=1.0, depth=0, flipHoriz=False, flipVert=False, image='break.jpg', interpolate=True, mask=None, maskParams=None, name='unnamed ImageStim', opacity=1.0, ori=0.0, pos=array([0., 0.]), size=array([1536.,  864.]), texRes=128, units='pix', win=Window(...))
192.5965 	DATA 	Keypress: space
192.6059 	EXP 	unnamed TextStim: height = 25.0
192.6059 	EXP 	unnamed TextStim: height = 25.0
192.6059 	EXP 	unnamed TextStim: height = 25.0
192.6059 	EXP 	unnamed TextStim: text = '→'
194.3081 	DATA 	Keypress: left
194.3093 	EXP 	unnamed TextStim: text = '→'
196.3102 	DATA 	Keypress: right
196.3122 	EXP 	unnamed TextStim: height = 25.0
196.3122 	EXP 	unnamed TextStim: height = 25.0
196.3122 	EXP 	unnamed TextStim: height = 25.0
196.3122 	EXP 	unnamed TextStim: text = '←'
197.8724 	DATA 	Keypress: left
197.8745 	EXP 	unnamed TextStim: height = 25.0
197.8745 	EXP 	unnamed TextStim: height = 25.0
197.8745 	EXP 	unnamed TextStim: height = 25.0
197.8745 	EXP 	unnamed TextStim: text = '↑'
200.0319 	DATA 	Keypress: up
200.0331 	EXP 	unnamed TextStim: text = '↑'
201.7810 	DATA 	Keypress: right
201.7831 	EXP 	unnamed TextStim: height = 25.0
201.7831 	EXP 	unnamed TextStim: height = 25.0
201.7831 	EXP 	unnamed TextStim: height = 25.0
201.7831 	EXP 	unnamed TextStim: text = '←'
203.3097 	DATA 	Keypress: right
203.4434 	EXP 	Created unnamed ImageStim = ImageStim(__class__=<class 'psychopy.visual.image.ImageStim'>, anchor=('center', 'center'), autoLog=True, color=array([1., 1., 1.]), colorSpace='rgb', contrast=1.0, depth=0, flipHoriz=False, flipVert=False, image='break.jpg', interpolate=True, mask=None, maskParams=None, name='unnamed ImageStim', opacity=1.0, ori=0.0, pos=array([0., 0.]), size=array([1536.,  864.]), texRes=128, units='pix', win=Window(...))
204.5897 	DATA 	Keypress: space
204.6064 	EXP 	unnamed TextStim: text = '←'
206.5432 	DATA 	Keypress: left
206.5456 	EXP 	unnamed TextStim: height = 25.0
206.5456 	EXP 	unnamed TextStim: height = 25.0
206.5456 	EXP 	unnamed TextStim: height = 25.0
206.5456 	EXP 	unnamed TextStim: text = '↑'
208.5401 	DATA 	Keypress: right
208.5422 	EXP 	unnamed TextStim: height = 25.0
208.5422 	EXP 	unnamed TextStim: height = 25.0
208.5422 	EXP 	unnamed TextStim: height = 25.0
208.5422 	EXP 	unnamed TextStim: text = '↓'
210.2545 	DATA 	Keypress: left
210.2567 	EXP 	unnamed TextStim: height = 25.0
210.2567 	EXP 	unnamed TextStim: height = 25.0
210.2567 	EXP 	unnamed TextStim: height = 25.0
210.2567 	EXP 	unnamed TextStim: text = '→'
211.8888 	DATA 	Keypress: up
211.8899 	EXP 	unnamed TextStim: text = '→'
213.5283 	DATA 	Keypress: right
213.5305 	EXP 	unnamed TextStim: height = 25.0
213.5305 	EXP 	unnamed TextStim: height = 25.0
213.5305 	EXP 	unnamed TextStim: height = 25.0
213.5305 	EXP 	unnamed TextStim: text = '↑'
215.2962 	DATA 	Keypress: up
215.4404 	EXP 	Created unnamed ImageStim = ImageStim(__class__=<class 'psychopy.visual.image.ImageStim'>, anchor=('center', 'center'), autoLog=True, color=array([1., 1., 1.]), colorSpace='rgb', contrast=1.0, depth=0, flipHoriz=False, flipVert=False, image='break.jpg', interpolate=True, mask=None, maskParams=None, name='unnamed ImageStim', opacity=1.0, ori=0.0, pos=array([0., 0.]), size=array([1536.,  864.]), texRes=128, units='pix', win=Window(...))
216.5422 	DATA 	Keypress: space
216.5568 	EXP 	unnamed TextStim: text = '↑'
218.1612 	DATA 	Keypress: up
218.1624 	EXP 	unnamed TextStim: text = '↑'
220.1111 	DATA 	Keypress: right
220.1122 	EXP 	unnamed TextStim: text = '↑'
221.6348 	DATA 	Keypress: up
221.6370 	EXP 	unnamed TextStim: height = 25.0
221.6370 	EXP 	unnamed TextStim: height = 25.0
221.6370 	EXP 	unnamed TextStim: height = 25.0
221.6370 	EXP 	unnamed TextStim: text = '↓'
223.4407 	DATA 	Keypress: right
223.4418 	EXP 	unnamed TextStim: text = '↓'
225.3557 	DATA 	Keypress: up
225.3581 	EXP 	unnamed TextStim: height = 25.0
225.3581 	EXP 	unnamed TextStim: height = 25.0
225.3581 	EXP 	unnamed TextStim: height = 25.0
225.3581 	EXP 	unnamed TextStim: text = '→'
226.9924 	DATA 	Keypress: left
227.1402 	EXP 	Created unnamed ImageStim = ImageStim(__class__=<class 'psychopy.visual.image.ImageStim'>, anchor=('center', 'center'), autoLog=True, color=array([1., 1., 1.]), colorSpace='rgb', contrast=1.0, depth=0, flipHoriz=False, flipVert=False, image='break.jpg', interpolate=True, mask=None, maskParams=None, name='unnamed ImageStim', opacity=1.0, ori=0.0, pos=array([0., 0.]), size=array([1536.,  864.]), texRes=128, units='pix', win=Window(...))
229.0126 	DATA 	Keypress: space
229.0239 	EXP 	unnamed TextStim: height = 25.0
229.0239 	EXP 	unnamed TextStim: height = 25.0
229.0239 	EXP 	unnamed TextStim: height = 25.0
229.0239 	EXP 	unnamed TextStim: text = '↑'
231.0823 	DATA 	Keypress: up
231.0845 	EXP 	unnamed TextStim: height = 25.0
231.0845 	EXP 	unnamed TextStim: height = 25.0
231.0845 	EXP 	unnamed TextStim: height = 25.0
231.0845 	EXP 	unnamed TextStim: text = '←'
232.6525 	DATA 	Keypress: right
232.6550 	EXP 	unnamed TextStim: height = 25.0
232.6550 	EXP 	unnamed TextStim: height = 25.0
232.6550 	EXP 	unnamed TextStim: height = 25.0
232.6550 	EXP 	unnamed TextStim: text = '↓'
234.2292 	DATA 	Keypress: down
234.2303 	EXP 	unnamed TextStim: text = '↓'
235.7290 	DATA 	Keypress: down
235.7301 	EXP 	unnamed TextStim: text = '↓'
237.2422 	DATA 	Keypress: down
237.2435 	EXP 	unnamed TextStim: text = '↓'
238.7802 	DATA 	Keypress: down
238.9087 	EXP 	Created unnamed ImageStim = ImageStim(__class__=<class 'psychopy.visual.image.ImageStim'>, anchor=('center', 'center'), autoLog=True, color=array([1., 1., 1.]), colorSpace='rgb', contrast=1.0, depth=0, flipHoriz=False, flipVert=False, image='break.jpg', interpolate=True, mask=None, maskParams=None, name='unnamed ImageStim', opacity=1.0, ori=0.0, pos=array([0., 0.]), size=array([1536.,  864.]), texRes=128, units='pix', win=Window(...))
239.6083 	DATA 	Keypress: space
239.6243 	EXP 	unnamed TextStim: text = '↓'
241.0849 	DATA 	Keypress: down
241.0871 	EXP 	unnamed TextStim: height = 25.0
241.0871 	EXP 	unnamed TextStim: height = 25.0
241.0871 	EXP 	unnamed TextStim: height = 25.0
241.0871 	EXP 	unnamed TextStim: text = '↑'
242.6848 	DATA 	Keypress: down
242.6870 	EXP 	unnamed TextStim: height = 25.0
242.6870 	EXP 	unnamed TextStim: height = 25.0
242.6870 	EXP 	unnamed TextStim: height = 25.0
242.6870 	EXP 	unnamed TextStim: text = '←'
244.4893 	DATA 	Keypress: right
244.4905 	EXP 	unnamed TextStim: text = '←'
246.3516 	DATA 	Keypress: left
246.3582 	EXP 	unnamed TextStim: height = 25.0
246.3582 	EXP 	unnamed TextStim: height = 25.0
246.3582 	EXP 	unnamed TextStim: height = 25.0
246.3582 	EXP 	unnamed TextStim: text = '→'
247.8679 	DATA 	Keypress: right
247.8691 	EXP 	unnamed TextStim: text = '→'
249.2630 	DATA 	Keypress: right
249.3993 	EXP 	Created unnamed ImageStim = ImageStim(__class__=<class 'psychopy.visual.image.ImageStim'>, anchor=('center', 'center'), autoLog=True, color=array([1., 1., 1.]), colorSpace='rgb', contrast=1.0, depth=0, flipHoriz=False, flipVert=False, image='break.jpg', interpolate=True, mask=None, maskParams=None, name='unnamed ImageStim', opacity=1.0, ori=0.0, pos=array([0., 0.]), size=array([1536.,  864.]), texRes=128, units='pix', win=Window(...))
250.0475 	DATA 	Keypress: space
250.0578 	EXP 	unnamed TextStim: height = 25.0
250.0578 	EXP 	unnamed TextStim: height = 25.0
250.0578 	EXP 	unnamed TextStim: height = 25.0
250.0578 	EXP 	unnamed TextStim: text = '←'
251.6714 	DATA 	Keypress: left
251.6735 	EXP 	unnamed TextStim: height = 25.0
251.6735 	EXP 	unnamed TextStim: height = 25.0
251.6735 	EXP 	unnamed TextStim: height = 25.0
251.6735 	EXP 	unnamed TextStim: text = '→'
253.1380 	DATA 	Keypress: right
253.1392 	EXP 	unnamed TextStim: text = '→'
254.5994 	DATA 	Keypress: right
254.6006 	EXP 	unnamed TextStim: text = '→'
256.0557 	DATA 	Keypress: right
256.0581 	EXP 	unnamed TextStim: height = 25.0
256.0581 	EXP 	unnamed TextStim: height = 25.0
256.0581 	EXP 	unnamed TextStim: height = 25.0
256.0581 	EXP 	unnamed TextStim: text = '↓'
257.8203 	DATA 	Keypress: left
257.8224 	EXP 	unnamed TextStim: height = 25.0
257.8224 	EXP 	unnamed TextStim: height = 25.0
257.8224 	EXP 	unnamed TextStim: height = 25.0
257.8224 	EXP 	unnamed TextStim: text = '→'
259.2182 	DATA 	Keypress: right
259.3442 	EXP 	Created unnamed ImageStim = ImageStim(__class__=<class 'psychopy.visual.image.ImageStim'>, anchor=('center', 'center'), autoLog=True, color=array([1., 1., 1.]), colorSpace='rgb', contrast=1.0, depth=0, flipHoriz=False, flipVert=False, image='break.jpg', interpolate=True, mask=None, maskParams=None, name='unnamed ImageStim', opacity=1.0, ori=0.0, pos=array([0., 0.]), size=array([1536.,  864.]), texRes=128, units='pix', win=Window(...))
259.9676 	DATA 	Keypress: space
259.9749 	EXP 	unnamed TextStim: text = '→'
261.4132 	DATA 	Keypress: right
261.4142 	EXP 	unnamed TextStim: text = '→'
263.3024 	DATA 	Keypress: left
263.3046 	EXP 	unnamed TextStim: height = 25.0
263.3046 	EXP 	unnamed TextStim: height = 25.0
263.3046 	EXP 	unnamed TextStim: height = 25.0
263.3046 	EXP 	unnamed TextStim: text = '↑'
264.7346 	DATA 	Keypress: left
264.7366 	EXP 	unnamed TextStim: height = 25.0
264.7366 	EXP 	unnamed TextStim: height = 25.0
264.7366 	EXP 	unnamed TextStim: height = 25.0
264.7366 	EXP 	unnamed TextStim: text = '←'
266.2337 	DATA 	Keypress: right
266.2350 	EXP 	unnamed TextStim: text = '←'
267.5435 	DATA 	Keypress: left
267.5498 	EXP 	unnamed TextStim: height = 25.0
267.5498 	EXP 	unnamed TextStim: height = 25.0
267.5498 	EXP 	unnamed TextStim: height = 25.0
267.5498 	EXP 	unnamed TextStim: text = '↑'
269.0696 	DATA 	Keypress: left
269.2038 	EXP 	Created unnamed ImageStim = ImageStim(__class__=<class 'psychopy.visual.image.ImageStim'>, anchor=('center', 'center'), autoLog=True, color=array([1., 1., 1.]), colorSpace='rgb', contrast=1.0, depth=0, flipHoriz=False, flipVert=False, image='break.jpg', interpolate=True, mask=None, maskParams=None, name='unnamed ImageStim', opacity=1.0, ori=0.0, pos=array([0., 0.]), size=array([1536.,  864.]), texRes=128, units='pix', win=Window(...))
269.8421 	DATA 	Keypress: space
269.8586 	EXP 	unnamed TextStim: height = 25.0
269.8586 	EXP 	unnamed TextStim: height = 25.0
269.8586 	EXP 	unnamed TextStim: height = 25.0
269.8586 	EXP 	unnamed TextStim: text = '→'
271.7347 	DATA 	Keypress: right
271.7368 	EXP 	unnamed TextStim: height = 25.0
271.7368 	EXP 	unnamed TextStim: height = 25.0
271.7368 	EXP 	unnamed TextStim: height = 25.0
271.7368 	EXP 	unnamed TextStim: text = '←'
273.1837 	DATA 	Keypress: left
273.1858 	EXP 	unnamed TextStim: height = 25.0
273.1858 	EXP 	unnamed TextStim: height = 25.0
273.1858 	EXP 	unnamed TextStim: height = 25.0
273.1858 	EXP 	unnamed TextStim: text = '→'
274.6659 	DATA 	Keypress: right
274.6682 	EXP 	unnamed TextStim: height = 25.0
274.6682 	EXP 	unnamed TextStim: height = 25.0
274.6682 	EXP 	unnamed TextStim: height = 25.0
274.6682 	EXP 	unnamed TextStim: text = '↓'
276.6243 	DATA 	Keypress: down
276.6264 	EXP 	unnamed TextStim: height = 25.0
276.6264 	EXP 	unnamed TextStim: height = 25.0
276.6264 	EXP 	unnamed TextStim: height = 25.0
276.6264 	EXP 	unnamed TextStim: text = '→'
278.0240 	DATA 	Keypress: left
278.0251 	EXP 	unnamed TextStim: text = '→'
279.6376 	DATA 	Keypress: right
279.7580 	EXP 	Created unnamed ImageStim = ImageStim(__class__=<class 'psychopy.visual.image.ImageStim'>, anchor=('center', 'center'), autoLog=True, color=array([1., 1., 1.]), colorSpace='rgb', contrast=1.0, depth=0, flipHoriz=False, flipVert=False, image='break.jpg', interpolate=True, mask=None, maskParams=None, name='unnamed ImageStim', opacity=1.0, ori=0.0, pos=array([0., 0.]), size=array([1536.,  864.]), texRes=128, units='pix', win=Window(...))
283.0919 	DATA 	Keypress: space
283.1210 	EXP 	Created unnamed TextStim = TextStim(__class__=<class 'psychopy.visual.text.TextStim'>, alignHoriz=method-wrapper(...), alignText='center', alignVert=method-wrapper(...), anchorHoriz='center', anchorVert='center', antialias=True, autoDraw=False, autoLog=True, bold=False, color=array([-1, -1, -1]), colorSpace='rgb', contrast=1.0, depth=0, flipHoriz=False, flipVert=False, font='', fontFiles=[], height=20.0, italic=False, languageStyle='LTR', name='unnamed TextStim', opacity=1.0, ori=0.0, pos=array([0., 0.]), rgb=UNKNOWN, text=str(...), units='pix', win=Window(...), wrapWidth=1536)
289.8715 	DATA 	Keypress: space
289.9554 	EXP 	window1: mouseVisible = True
