10.3497 	WARNING 	User requested fullscreen with size [1536  864], but screen is actually [1920, 1080]. Using actual size
11.6312 	INFO 	FRAME RATE: 60
11.6312 	INFO 	SCREEN RES: odict_values([1536, 864])
11.6909 	EXP 	Created unnamed TextStim = TextStim(__class__=<class 'psychopy.visual.text.TextStim'>, alignHoriz=method-wrapper(...), alignText='center', alignVert=method-wrapper(...), anchorHoriz='center', anchorVert='center', antialias=True, autoDraw=False, autoLog=True, bold=False, color=array([-1, -1, -1]), colorSpace='rgb', contrast=1.0, depth=0, flipHoriz=False, flipVert=False, font='', fontFiles=[], height=100.0, italic=False, languageStyle='LTR', name='unnamed TextStim', opacity=1.0, ori=0.0, pos=array([0., 0.]), rgb=UNKNOWN, text='+', units='pix', win=Window(...), wrapWidth=500)
11.6949 	EXP 	Created unnamed Circle = Circle(__class__=<class 'psychopy.visual.circle.Circle'>, anchor=('center', 'center'), autoDraw=False, autoLog=True, closeShape=True, color=method-wrapper(...), colorSpace='rgb', contrast=None, depth=0, fillColor=array([ 0.09019608, -1.        , -1.        ]), fillColorSpace='rgb', fillRGB=array([ 0.09019608, -1.        , -1.        ]), interpolate=True, lineColor=array([ 0.09019608, -1.        , -1.        ]), lineColorSpace='rgb', lineRGB=array([ 0.09019608, -1.        , -1.        ]), lineWidth=1.5, name='unnamed Circle', opacity=1.0, ori=0.0, pos=array([0., 0.]), size=array([1., 1.]), units='pix', vertices=ndarray(...), win=Window(...))
11.6962 	EXP 	Created unnamed TextStim = TextStim(__class__=<class 'psychopy.visual.text.TextStim'>, alignHoriz=method-wrapper(...), alignText='center', alignVert=method-wrapper(...), anchorHoriz='center', anchorVert='center', antialias=True, autoDraw=False, autoLog=True, bold=False, color=array([-0.17647059, -0.17647059, -0.17647059]), colorSpace='rgb', contrast=1.0, depth=0, flipHoriz=False, flipVert=False, font='', fontFiles=[], height=25, italic=False, languageStyle='LTR', name='unnamed TextStim', opacity=1.0, ori=0.0, pos=array([0., 0.]), rgb=UNKNOWN, text='', units='pix', win=Window(...), wrapWidth=500)
11.7046 	EXP 	Created unnamed ImageStim = ImageStim(__class__=<class 'psychopy.visual.image.ImageStim'>, anchor=('center', 'center'), autoLog=True, color=array([1., 1., 1.]), colorSpace='rgb', contrast=1.0, depth=0, flipHoriz=False, flipVert=False, image='mask4.png', interpolate=False, mask=None, maskParams=None, name='unnamed ImageStim', opacity=1.0, ori=0.0, pos=array([0., 0.]), size=array([25., 25.]), texRes=128, units='pix', win=Window(...))
11.7118 	EXP 	Created unnamed TextStim = TextStim(__class__=<class 'psychopy.visual.text.TextStim'>, alignHoriz=method-wrapper(...), alignText='center', alignVert=method-wrapper(...), anchorHoriz='center', anchorVert='center', antialias=True, autoDraw=False, autoLog=True, bold=False, color=array([-1, -1, -1]), colorSpace='rgb', contrast=1.0, depth=0, flipHoriz=False, flipVert=False, font='', fontFiles=[], height=30.0, italic=False, languageStyle='LTR', name='unnamed TextStim', opacity=1.0, ori=0.0, pos=array([ 100., -300.]), rgb=UNKNOWN, text=str(...), units='pix', win=Window(...), wrapWidth=10000)
11.7224 	EXP 	Created unnamed TextStim = TextStim(__class__=<class 'psychopy.visual.text.TextStim'>, alignHoriz=method-wrapper(...), alignText='center', alignVert=method-wrapper(...), anchorHoriz='center', anchorVert='center', antialias=True, autoDraw=False, autoLog=True, bold=False, color=array([-1, -1, -1]), colorSpace='rgb', contrast=1.0, depth=0, flipHoriz=False, flipVert=False, font='', fontFiles=[], height=30.0, italic=False, languageStyle='LTR', name='unnamed TextStim', opacity=1.0, ori=0.0, pos=array([ 100., -330.]), rgb=UNKNOWN, text=str(...), units='pix', win=Window(...), wrapWidth=10000)
11.7599 	EXP 	Created unnamed TextStim = TextStim(__class__=<class 'psychopy.visual.text.TextStim'>, alignHoriz=method-wrapper(...), alignText='center', alignVert=method-wrapper(...), anchorHoriz='center', anchorVert='center', antialias=True, autoDraw=False, autoLog=True, bold=False, color=array([-1, -1, -1]), colorSpace='rgb', contrast=1.0, depth=0, flipHoriz=False, flipVert=False, font='', fontFiles=[], height=20.0, italic=False, languageStyle='LTR', name='unnamed TextStim', opacity=1.0, ori=0.0, pos=array([0., 0.]), rgb=UNKNOWN, text=str(...), units='pix', win=Window(...), wrapWidth=1536)
55.1246 	DATA 	Keypress: space
55.1309 	EXP 	unnamed TextStim: height = 25.0
55.1309 	EXP 	unnamed TextStim: height = 25.0
55.1309 	EXP 	unnamed TextStim: height = 25.0
55.1309 	EXP 	unnamed TextStim: text = '↑'
58.0986 	DATA 	No keypress (maxWait exceeded)
58.1074 	EXP 	Created unnamed TextStim = TextStim(__class__=<class 'psychopy.visual.text.TextStim'>, alignHoriz=method-wrapper(...), alignText='center', alignVert=method-wrapper(...), anchorHoriz='center', anchorVert='center', antialias=True, autoDraw=False, autoLog=True, bold=False, color=array([-1, -1, -1]), colorSpace='rgb', contrast=1.0, depth=0, flipHoriz=False, flipVert=False, font='', fontFiles=[], height=50.0, italic=False, languageStyle='LTR', name='unnamed TextStim', opacity=1.0, ori=0.0, pos=array([0., 0.]), rgb=UNKNOWN, text='Niepoprawnie', units='pix', win=Window(...), wrapWidth=500)
59.1148 	EXP 	unnamed TextStim: height = 25.0
59.1148 	EXP 	unnamed TextStim: height = 25.0
59.1148 	EXP 	unnamed TextStim: height = 25.0
59.1148 	EXP 	unnamed TextStim: text = '→'
61.2350 	DATA 	Keypress: up
61.2372 	EXP 	Created unnamed TextStim = TextStim(__class__=<class 'psychopy.visual.text.TextStim'>, alignHoriz=method-wrapper(...), alignText='center', alignVert=method-wrapper(...), anchorHoriz='center', anchorVert='center', antialias=True, autoDraw=False, autoLog=True, bold=False, color=array([-1, -1, -1]), colorSpace='rgb', contrast=1.0, depth=0, flipHoriz=False, flipVert=False, font='', fontFiles=[], height=50.0, italic=False, languageStyle='LTR', name='unnamed TextStim', opacity=1.0, ori=0.0, pos=array([0., 0.]), rgb=UNKNOWN, text='Niepoprawnie', units='pix', win=Window(...), wrapWidth=500)
62.2483 	EXP 	unnamed TextStim: text = '→'
63.7787 	DATA 	Keypress: right
63.7818 	EXP 	Created unnamed TextStim = TextStim(__class__=<class 'psychopy.visual.text.TextStim'>, alignHoriz=method-wrapper(...), alignText='center', alignVert=method-wrapper(...), anchorHoriz='center', anchorVert='center', antialias=True, autoDraw=False, autoLog=True, bold=False, color=array([-1, -1, -1]), colorSpace='rgb', contrast=1.0, depth=0, flipHoriz=False, flipVert=False, font='', fontFiles=[], height=50.0, italic=False, languageStyle='LTR', name='unnamed TextStim', opacity=1.0, ori=0.0, pos=array([0., 0.]), rgb=UNKNOWN, text='Poprawnie', units='pix', win=Window(...), wrapWidth=500)
64.7983 	EXP 	unnamed TextStim: height = 25.0
64.7983 	EXP 	unnamed TextStim: height = 25.0
64.7983 	EXP 	unnamed TextStim: height = 25.0
64.7983 	EXP 	unnamed TextStim: text = '←'
66.3456 	DATA 	Keypress: left
66.3482 	EXP 	Created unnamed TextStim = TextStim(__class__=<class 'psychopy.visual.text.TextStim'>, alignHoriz=method-wrapper(...), alignText='center', alignVert=method-wrapper(...), anchorHoriz='center', anchorVert='center', antialias=True, autoDraw=False, autoLog=True, bold=False, color=array([-1, -1, -1]), colorSpace='rgb', contrast=1.0, depth=0, flipHoriz=False, flipVert=False, font='', fontFiles=[], height=50.0, italic=False, languageStyle='LTR', name='unnamed TextStim', opacity=1.0, ori=0.0, pos=array([0., 0.]), rgb=UNKNOWN, text='Poprawnie', units='pix', win=Window(...), wrapWidth=500)
67.3651 	EXP 	unnamed TextStim: height = 25.0
67.3651 	EXP 	unnamed TextStim: height = 25.0
67.3651 	EXP 	unnamed TextStim: height = 25.0
67.3651 	EXP 	unnamed TextStim: text = '↓'
69.9265 	DATA 	Keypress: down
69.9286 	EXP 	Created unnamed TextStim = TextStim(__class__=<class 'psychopy.visual.text.TextStim'>, alignHoriz=method-wrapper(...), alignText='center', alignVert=method-wrapper(...), anchorHoriz='center', anchorVert='center', antialias=True, autoDraw=False, autoLog=True, bold=False, color=array([-1, -1, -1]), colorSpace='rgb', contrast=1.0, depth=0, flipHoriz=False, flipVert=False, font='', fontFiles=[], height=50.0, italic=False, languageStyle='LTR', name='unnamed TextStim', opacity=1.0, ori=0.0, pos=array([0., 0.]), rgb=UNKNOWN, text='Poprawnie', units='pix', win=Window(...), wrapWidth=500)
70.9331 	EXP 	unnamed TextStim: height = 25.0
70.9331 	EXP 	unnamed TextStim: height = 25.0
70.9331 	EXP 	unnamed TextStim: height = 25.0
70.9331 	EXP 	unnamed TextStim: text = '←'
72.9993 	DATA 	Keypress: left
73.0016 	EXP 	Created unnamed TextStim = TextStim(__class__=<class 'psychopy.visual.text.TextStim'>, alignHoriz=method-wrapper(...), alignText='center', alignVert=method-wrapper(...), anchorHoriz='center', anchorVert='center', antialias=True, autoDraw=False, autoLog=True, bold=False, color=array([-1, -1, -1]), colorSpace='rgb', contrast=1.0, depth=0, flipHoriz=False, flipVert=False, font='', fontFiles=[], height=50.0, italic=False, languageStyle='LTR', name='unnamed TextStim', opacity=1.0, ori=0.0, pos=array([0., 0.]), rgb=UNKNOWN, text='Poprawnie', units='pix', win=Window(...), wrapWidth=500)
74.0153 	EXP 	unnamed TextStim: height = 25.0
74.0153 	EXP 	unnamed TextStim: height = 25.0
74.0153 	EXP 	unnamed TextStim: height = 25.0
74.0153 	EXP 	unnamed TextStim: text = '↓'
76.2693 	DATA 	Keypress: down
76.2719 	EXP 	Created unnamed TextStim = TextStim(__class__=<class 'psychopy.visual.text.TextStim'>, alignHoriz=method-wrapper(...), alignText='center', alignVert=method-wrapper(...), anchorHoriz='center', anchorVert='center', antialias=True, autoDraw=False, autoLog=True, bold=False, color=array([-1, -1, -1]), colorSpace='rgb', contrast=1.0, depth=0, flipHoriz=False, flipVert=False, font='', fontFiles=[], height=50.0, italic=False, languageStyle='LTR', name='unnamed TextStim', opacity=1.0, ori=0.0, pos=array([0., 0.]), rgb=UNKNOWN, text='Poprawnie', units='pix', win=Window(...), wrapWidth=500)
77.2822 	EXP 	unnamed TextStim: height = 25.0
77.2822 	EXP 	unnamed TextStim: height = 25.0
77.2822 	EXP 	unnamed TextStim: height = 25.0
77.2822 	EXP 	unnamed TextStim: text = '→'
79.2178 	DATA 	Keypress: right
79.2198 	EXP 	Created unnamed TextStim = TextStim(__class__=<class 'psychopy.visual.text.TextStim'>, alignHoriz=method-wrapper(...), alignText='center', alignVert=method-wrapper(...), anchorHoriz='center', anchorVert='center', antialias=True, autoDraw=False, autoLog=True, bold=False, color=array([-1, -1, -1]), colorSpace='rgb', contrast=1.0, depth=0, flipHoriz=False, flipVert=False, font='', fontFiles=[], height=50.0, italic=False, languageStyle='LTR', name='unnamed TextStim', opacity=1.0, ori=0.0, pos=array([0., 0.]), rgb=UNKNOWN, text='Poprawnie', units='pix', win=Window(...), wrapWidth=500)
80.2323 	EXP 	unnamed TextStim: text = '→'
81.7400 	DATA 	Keypress: right
81.7419 	EXP 	Created unnamed TextStim = TextStim(__class__=<class 'psychopy.visual.text.TextStim'>, alignHoriz=method-wrapper(...), alignText='center', alignVert=method-wrapper(...), anchorHoriz='center', anchorVert='center', antialias=True, autoDraw=False, autoLog=True, bold=False, color=array([-1, -1, -1]), colorSpace='rgb', contrast=1.0, depth=0, flipHoriz=False, flipVert=False, font='', fontFiles=[], height=50.0, italic=False, languageStyle='LTR', name='unnamed TextStim', opacity=1.0, ori=0.0, pos=array([0., 0.]), rgb=UNKNOWN, text='Poprawnie', units='pix', win=Window(...), wrapWidth=500)
82.7491 	EXP 	unnamed TextStim: height = 25.0
82.7491 	EXP 	unnamed TextStim: height = 25.0
82.7491 	EXP 	unnamed TextStim: height = 25.0
82.7491 	EXP 	unnamed TextStim: text = '↓'
84.9085 	DATA 	Keypress: down
84.9109 	EXP 	Created unnamed TextStim = TextStim(__class__=<class 'psychopy.visual.text.TextStim'>, alignHoriz=method-wrapper(...), alignText='center', alignVert=method-wrapper(...), anchorHoriz='center', anchorVert='center', antialias=True, autoDraw=False, autoLog=True, bold=False, color=array([-1, -1, -1]), colorSpace='rgb', contrast=1.0, depth=0, flipHoriz=False, flipVert=False, font='', fontFiles=[], height=50.0, italic=False, languageStyle='LTR', name='unnamed TextStim', opacity=1.0, ori=0.0, pos=array([0., 0.]), rgb=UNKNOWN, text='Poprawnie', units='pix', win=Window(...), wrapWidth=500)
85.9156 	EXP 	unnamed TextStim: height = 25.0
85.9156 	EXP 	unnamed TextStim: height = 25.0
85.9156 	EXP 	unnamed TextStim: height = 25.0
85.9156 	EXP 	unnamed TextStim: text = '→'
87.7117 	DATA 	Keypress: right
87.7143 	EXP 	Created unnamed TextStim = TextStim(__class__=<class 'psychopy.visual.text.TextStim'>, alignHoriz=method-wrapper(...), alignText='center', alignVert=method-wrapper(...), anchorHoriz='center', anchorVert='center', antialias=True, autoDraw=False, autoLog=True, bold=False, color=array([-1, -1, -1]), colorSpace='rgb', contrast=1.0, depth=0, flipHoriz=False, flipVert=False, font='', fontFiles=[], height=50.0, italic=False, languageStyle='LTR', name='unnamed TextStim', opacity=1.0, ori=0.0, pos=array([0., 0.]), rgb=UNKNOWN, text='Poprawnie', units='pix', win=Window(...), wrapWidth=500)
88.7326 	EXP 	unnamed TextStim: height = 25.0
88.7326 	EXP 	unnamed TextStim: height = 25.0
88.7326 	EXP 	unnamed TextStim: height = 25.0
88.7326 	EXP 	unnamed TextStim: text = '↑'
90.4899 	DATA 	Keypress: up
90.4919 	EXP 	Created unnamed TextStim = TextStim(__class__=<class 'psychopy.visual.text.TextStim'>, alignHoriz=method-wrapper(...), alignText='center', alignVert=method-wrapper(...), anchorHoriz='center', anchorVert='center', antialias=True, autoDraw=False, autoLog=True, bold=False, color=array([-1, -1, -1]), colorSpace='rgb', contrast=1.0, depth=0, flipHoriz=False, flipVert=False, font='', fontFiles=[], height=50.0, italic=False, languageStyle='LTR', name='unnamed TextStim', opacity=1.0, ori=0.0, pos=array([0., 0.]), rgb=UNKNOWN, text='Poprawnie', units='pix', win=Window(...), wrapWidth=500)
91.4993 	EXP 	unnamed TextStim: height = 25.0
91.4993 	EXP 	unnamed TextStim: height = 25.0
91.4993 	EXP 	unnamed TextStim: height = 25.0
91.4993 	EXP 	unnamed TextStim: text = '↓'
93.4227 	DATA 	Keypress: down
93.4254 	EXP 	Created unnamed TextStim = TextStim(__class__=<class 'psychopy.visual.text.TextStim'>, alignHoriz=method-wrapper(...), alignText='center', alignVert=method-wrapper(...), anchorHoriz='center', anchorVert='center', antialias=True, autoDraw=False, autoLog=True, bold=False, color=array([-1, -1, -1]), colorSpace='rgb', contrast=1.0, depth=0, flipHoriz=False, flipVert=False, font='', fontFiles=[], height=50.0, italic=False, languageStyle='LTR', name='unnamed TextStim', opacity=1.0, ori=0.0, pos=array([0., 0.]), rgb=UNKNOWN, text='Poprawnie', units='pix', win=Window(...), wrapWidth=500)
94.4328 	EXP 	unnamed TextStim: text = '↓'
96.0560 	DATA 	Keypress: down
96.0580 	EXP 	Created unnamed TextStim = TextStim(__class__=<class 'psychopy.visual.text.TextStim'>, alignHoriz=method-wrapper(...), alignText='center', alignVert=method-wrapper(...), anchorHoriz='center', anchorVert='center', antialias=True, autoDraw=False, autoLog=True, bold=False, color=array([-1, -1, -1]), colorSpace='rgb', contrast=1.0, depth=0, flipHoriz=False, flipVert=False, font='', fontFiles=[], height=50.0, italic=False, languageStyle='LTR', name='unnamed TextStim', opacity=1.0, ori=0.0, pos=array([0., 0.]), rgb=UNKNOWN, text='Poprawnie', units='pix', win=Window(...), wrapWidth=500)
97.0665 	EXP 	unnamed TextStim: height = 25.0
97.0665 	EXP 	unnamed TextStim: height = 25.0
97.0665 	EXP 	unnamed TextStim: height = 25.0
97.0665 	EXP 	unnamed TextStim: text = '→'
98.8595 	DATA 	Keypress: right
98.8620 	EXP 	Created unnamed TextStim = TextStim(__class__=<class 'psychopy.visual.text.TextStim'>, alignHoriz=method-wrapper(...), alignText='center', alignVert=method-wrapper(...), anchorHoriz='center', anchorVert='center', antialias=True, autoDraw=False, autoLog=True, bold=False, color=array([-1, -1, -1]), colorSpace='rgb', contrast=1.0, depth=0, flipHoriz=False, flipVert=False, font='', fontFiles=[], height=50.0, italic=False, languageStyle='LTR', name='unnamed TextStim', opacity=1.0, ori=0.0, pos=array([0., 0.]), rgb=UNKNOWN, text='Poprawnie', units='pix', win=Window(...), wrapWidth=500)
99.8958 	EXP 	Created unnamed TextStim = TextStim(__class__=<class 'psychopy.visual.text.TextStim'>, alignHoriz=method-wrapper(...), alignText='center', alignVert=method-wrapper(...), anchorHoriz='center', anchorVert='center', antialias=True, autoDraw=False, autoLog=True, bold=False, color=array([-1, -1, -1]), colorSpace='rgb', contrast=1.0, depth=0, flipHoriz=False, flipVert=False, font='', fontFiles=[], height=20.0, italic=False, languageStyle='LTR', name='unnamed TextStim', opacity=1.0, ori=0.0, pos=array([0., 0.]), rgb=UNKNOWN, text=str(...), units='pix', win=Window(...), wrapWidth=1536)
115.5419 	DATA 	Keypress: space
115.5500 	EXP 	unnamed TextStim: text = '→'
118.1157 	DATA 	Keypress: right
118.1220 	EXP 	Created unnamed TextStim = TextStim(__class__=<class 'psychopy.visual.text.TextStim'>, alignHoriz=method-wrapper(...), alignText='center', alignVert=method-wrapper(...), anchorHoriz='center', anchorVert='center', antialias=True, autoDraw=False, autoLog=True, bold=False, color=array([-1, -1, -1]), colorSpace='rgb', contrast=1.0, depth=0, flipHoriz=False, flipVert=False, font='', fontFiles=[], height=50.0, italic=False, languageStyle='LTR', name='unnamed TextStim', opacity=1.0, ori=0.0, pos=array([0., 0.]), rgb=UNKNOWN, text='Poprawnie', units='pix', win=Window(...), wrapWidth=500)
119.1337 	EXP 	unnamed TextStim: height = 25.0
119.1337 	EXP 	unnamed TextStim: height = 25.0
119.1337 	EXP 	unnamed TextStim: height = 25.0
119.1337 	EXP 	unnamed TextStim: text = '↓'
121.0500 	DATA 	Keypress: down
121.0525 	EXP 	Created unnamed TextStim = TextStim(__class__=<class 'psychopy.visual.text.TextStim'>, alignHoriz=method-wrapper(...), alignText='center', alignVert=method-wrapper(...), anchorHoriz='center', anchorVert='center', antialias=True, autoDraw=False, autoLog=True, bold=False, color=array([-1, -1, -1]), colorSpace='rgb', contrast=1.0, depth=0, flipHoriz=False, flipVert=False, font='', fontFiles=[], height=50.0, italic=False, languageStyle='LTR', name='unnamed TextStim', opacity=1.0, ori=0.0, pos=array([0., 0.]), rgb=UNKNOWN, text='Poprawnie', units='pix', win=Window(...), wrapWidth=500)
122.0671 	EXP 	unnamed TextStim: height = 25.0
122.0671 	EXP 	unnamed TextStim: height = 25.0
122.0671 	EXP 	unnamed TextStim: height = 25.0
122.0671 	EXP 	unnamed TextStim: text = '←'
123.9178 	DATA 	Keypress: left
123.9198 	EXP 	Created unnamed TextStim = TextStim(__class__=<class 'psychopy.visual.text.TextStim'>, alignHoriz=method-wrapper(...), alignText='center', alignVert=method-wrapper(...), anchorHoriz='center', anchorVert='center', antialias=True, autoDraw=False, autoLog=True, bold=False, color=array([-1, -1, -1]), colorSpace='rgb', contrast=1.0, depth=0, flipHoriz=False, flipVert=False, font='', fontFiles=[], height=50.0, italic=False, languageStyle='LTR', name='unnamed TextStim', opacity=1.0, ori=0.0, pos=array([0., 0.]), rgb=UNKNOWN, text='Poprawnie', units='pix', win=Window(...), wrapWidth=500)
124.9339 	EXP 	unnamed TextStim: height = 25.0
124.9339 	EXP 	unnamed TextStim: height = 25.0
124.9339 	EXP 	unnamed TextStim: height = 25.0
124.9339 	EXP 	unnamed TextStim: text = '↓'
126.9338 	DATA 	Keypress: down
126.9358 	EXP 	Created unnamed TextStim = TextStim(__class__=<class 'psychopy.visual.text.TextStim'>, alignHoriz=method-wrapper(...), alignText='center', alignVert=method-wrapper(...), anchorHoriz='center', anchorVert='center', antialias=True, autoDraw=False, autoLog=True, bold=False, color=array([-1, -1, -1]), colorSpace='rgb', contrast=1.0, depth=0, flipHoriz=False, flipVert=False, font='', fontFiles=[], height=50.0, italic=False, languageStyle='LTR', name='unnamed TextStim', opacity=1.0, ori=0.0, pos=array([0., 0.]), rgb=UNKNOWN, text='Poprawnie', units='pix', win=Window(...), wrapWidth=500)
127.9507 	EXP 	unnamed TextStim: text = '↓'
129.6407 	DATA 	Keypress: down
129.6430 	EXP 	Created unnamed TextStim = TextStim(__class__=<class 'psychopy.visual.text.TextStim'>, alignHoriz=method-wrapper(...), alignText='center', alignVert=method-wrapper(...), anchorHoriz='center', anchorVert='center', antialias=True, autoDraw=False, autoLog=True, bold=False, color=array([-1, -1, -1]), colorSpace='rgb', contrast=1.0, depth=0, flipHoriz=False, flipVert=False, font='', fontFiles=[], height=50.0, italic=False, languageStyle='LTR', name='unnamed TextStim', opacity=1.0, ori=0.0, pos=array([0., 0.]), rgb=UNKNOWN, text='Poprawnie', units='pix', win=Window(...), wrapWidth=500)
130.6509 	EXP 	unnamed TextStim: text = '↓'
132.1356 	DATA 	Keypress: down
132.1376 	EXP 	Created unnamed TextStim = TextStim(__class__=<class 'psychopy.visual.text.TextStim'>, alignHoriz=method-wrapper(...), alignText='center', alignVert=method-wrapper(...), anchorHoriz='center', anchorVert='center', antialias=True, autoDraw=False, autoLog=True, bold=False, color=array([-1, -1, -1]), colorSpace='rgb', contrast=1.0, depth=0, flipHoriz=False, flipVert=False, font='', fontFiles=[], height=50.0, italic=False, languageStyle='LTR', name='unnamed TextStim', opacity=1.0, ori=0.0, pos=array([0., 0.]), rgb=UNKNOWN, text='Poprawnie', units='pix', win=Window(...), wrapWidth=500)
133.1509 	EXP 	unnamed TextStim: height = 25.0
133.1509 	EXP 	unnamed TextStim: height = 25.0
133.1509 	EXP 	unnamed TextStim: height = 25.0
133.1509 	EXP 	unnamed TextStim: text = '→'
134.6616 	DATA 	Keypress: right
134.6637 	EXP 	Created unnamed TextStim = TextStim(__class__=<class 'psychopy.visual.text.TextStim'>, alignHoriz=method-wrapper(...), alignText='center', alignVert=method-wrapper(...), anchorHoriz='center', anchorVert='center', antialias=True, autoDraw=False, autoLog=True, bold=False, color=array([-1, -1, -1]), colorSpace='rgb', contrast=1.0, depth=0, flipHoriz=False, flipVert=False, font='', fontFiles=[], height=50.0, italic=False, languageStyle='LTR', name='unnamed TextStim', opacity=1.0, ori=0.0, pos=array([0., 0.]), rgb=UNKNOWN, text='Poprawnie', units='pix', win=Window(...), wrapWidth=500)
135.6684 	EXP 	unnamed TextStim: height = 25.0
135.6684 	EXP 	unnamed TextStim: height = 25.0
135.6684 	EXP 	unnamed TextStim: height = 25.0
135.6684 	EXP 	unnamed TextStim: text = '↑'
137.1896 	DATA 	Keypress: up
137.1916 	EXP 	Created unnamed TextStim = TextStim(__class__=<class 'psychopy.visual.text.TextStim'>, alignHoriz=method-wrapper(...), alignText='center', alignVert=method-wrapper(...), anchorHoriz='center', anchorVert='center', antialias=True, autoDraw=False, autoLog=True, bold=False, color=array([-1, -1, -1]), colorSpace='rgb', contrast=1.0, depth=0, flipHoriz=False, flipVert=False, font='', fontFiles=[], height=50.0, italic=False, languageStyle='LTR', name='unnamed TextStim', opacity=1.0, ori=0.0, pos=array([0., 0.]), rgb=UNKNOWN, text='Poprawnie', units='pix', win=Window(...), wrapWidth=500)
138.2010 	EXP 	unnamed TextStim: height = 25.0
138.2010 	EXP 	unnamed TextStim: height = 25.0
138.2010 	EXP 	unnamed TextStim: height = 25.0
138.2010 	EXP 	unnamed TextStim: text = '←'
139.7516 	DATA 	Keypress: left
139.7538 	EXP 	Created unnamed TextStim = TextStim(__class__=<class 'psychopy.visual.text.TextStim'>, alignHoriz=method-wrapper(...), alignText='center', alignVert=method-wrapper(...), anchorHoriz='center', anchorVert='center', antialias=True, autoDraw=False, autoLog=True, bold=False, color=array([-1, -1, -1]), colorSpace='rgb', contrast=1.0, depth=0, flipHoriz=False, flipVert=False, font='', fontFiles=[], height=50.0, italic=False, languageStyle='LTR', name='unnamed TextStim', opacity=1.0, ori=0.0, pos=array([0., 0.]), rgb=UNKNOWN, text='Poprawnie', units='pix', win=Window(...), wrapWidth=500)
140.7677 	EXP 	unnamed TextStim: height = 25.0
140.7677 	EXP 	unnamed TextStim: height = 25.0
140.7677 	EXP 	unnamed TextStim: height = 25.0
140.7677 	EXP 	unnamed TextStim: text = '→'
142.1909 	DATA 	Keypress: right
142.1934 	EXP 	Created unnamed TextStim = TextStim(__class__=<class 'psychopy.visual.text.TextStim'>, alignHoriz=method-wrapper(...), alignText='center', alignVert=method-wrapper(...), anchorHoriz='center', anchorVert='center', antialias=True, autoDraw=False, autoLog=True, bold=False, color=array([-1, -1, -1]), colorSpace='rgb', contrast=1.0, depth=0, flipHoriz=False, flipVert=False, font='', fontFiles=[], height=50.0, italic=False, languageStyle='LTR', name='unnamed TextStim', opacity=1.0, ori=0.0, pos=array([0., 0.]), rgb=UNKNOWN, text='Poprawnie', units='pix', win=Window(...), wrapWidth=500)
143.2291 	EXP 	Created unnamed TextStim = TextStim(__class__=<class 'psychopy.visual.text.TextStim'>, alignHoriz=method-wrapper(...), alignText='center', alignVert=method-wrapper(...), anchorHoriz='center', anchorVert='center', antialias=True, autoDraw=False, autoLog=True, bold=False, color=array([-1, -1, -1]), colorSpace='rgb', contrast=1.0, depth=0, flipHoriz=False, flipVert=False, font='', fontFiles=[], height=20.0, italic=False, languageStyle='LTR', name='unnamed TextStim', opacity=1.0, ori=0.0, pos=array([0., 0.]), rgb=UNKNOWN, text=str(...), units='pix', win=Window(...), wrapWidth=1536)
163.6177 	DATA 	Keypress: space
163.6354 	EXP 	unnamed TextStim: text = '→'
165.7677 	DATA 	Keypress: right
165.7709 	EXP 	unnamed TextStim: height = 25.0
165.7709 	EXP 	unnamed TextStim: height = 25.0
165.7709 	EXP 	unnamed TextStim: height = 25.0
165.7709 	EXP 	unnamed TextStim: text = '↓'
167.5996 	DATA 	Keypress: down
167.6023 	EXP 	unnamed TextStim: height = 25.0
167.6023 	EXP 	unnamed TextStim: height = 25.0
167.6023 	EXP 	unnamed TextStim: height = 25.0
167.6023 	EXP 	unnamed TextStim: text = '→'
169.2305 	DATA 	Keypress: right
169.2331 	EXP 	unnamed TextStim: height = 25.0
169.2331 	EXP 	unnamed TextStim: height = 25.0
169.2331 	EXP 	unnamed TextStim: height = 25.0
169.2331 	EXP 	unnamed TextStim: text = '←'
171.0640 	DATA 	Keypress: right
171.0667 	EXP 	unnamed TextStim: height = 25.0
171.0667 	EXP 	unnamed TextStim: height = 25.0
171.0667 	EXP 	unnamed TextStim: height = 25.0
171.0667 	EXP 	unnamed TextStim: text = '↑'
172.5242 	DATA 	Keypress: up
172.5263 	EXP 	unnamed TextStim: height = 25.0
172.5263 	EXP 	unnamed TextStim: height = 25.0
172.5263 	EXP 	unnamed TextStim: height = 25.0
172.5263 	EXP 	unnamed TextStim: text = '←'
174.1147 	DATA 	Keypress: left
174.2531 	EXP 	Created unnamed ImageStim = ImageStim(__class__=<class 'psychopy.visual.image.ImageStim'>, anchor=('center', 'center'), autoLog=True, color=array([1., 1., 1.]), colorSpace='rgb', contrast=1.0, depth=0, flipHoriz=False, flipVert=False, image='break.jpg', interpolate=True, mask=None, maskParams=None, name='unnamed ImageStim', opacity=1.0, ori=0.0, pos=array([0., 0.]), size=array([1536.,  864.]), texRes=128, units='pix', win=Window(...))
178.7729 	DATA 	Keypress: space
178.7858 	EXP 	unnamed TextStim: height = 25.0
178.7858 	EXP 	unnamed TextStim: height = 25.0
178.7858 	EXP 	unnamed TextStim: height = 25.0
178.7858 	EXP 	unnamed TextStim: text = '↓'
180.4352 	DATA 	Keypress: down
180.4375 	EXP 	unnamed TextStim: height = 25.0
180.4375 	EXP 	unnamed TextStim: height = 25.0
180.4375 	EXP 	unnamed TextStim: height = 25.0
180.4375 	EXP 	unnamed TextStim: text = '↑'
181.9572 	DATA 	Keypress: up
181.9584 	EXP 	unnamed TextStim: text = '↑'
183.5516 	DATA 	Keypress: up
183.5538 	EXP 	unnamed TextStim: height = 25.0
183.5538 	EXP 	unnamed TextStim: height = 25.0
183.5538 	EXP 	unnamed TextStim: height = 25.0
183.5538 	EXP 	unnamed TextStim: text = '←'
185.1141 	DATA 	Keypress: left
185.1163 	EXP 	unnamed TextStim: height = 25.0
185.1163 	EXP 	unnamed TextStim: height = 25.0
185.1163 	EXP 	unnamed TextStim: height = 25.0
185.1163 	EXP 	unnamed TextStim: text = '↑'
186.6685 	DATA 	Keypress: up
186.6707 	EXP 	unnamed TextStim: height = 25.0
186.6707 	EXP 	unnamed TextStim: height = 25.0
186.6707 	EXP 	unnamed TextStim: height = 25.0
186.6707 	EXP 	unnamed TextStim: text = '←'
188.6379 	DATA 	Keypress: left
188.7677 	EXP 	Created unnamed ImageStim = ImageStim(__class__=<class 'psychopy.visual.image.ImageStim'>, anchor=('center', 'center'), autoLog=True, color=array([1., 1., 1.]), colorSpace='rgb', contrast=1.0, depth=0, flipHoriz=False, flipVert=False, image='break.jpg', interpolate=True, mask=None, maskParams=None, name='unnamed ImageStim', opacity=1.0, ori=0.0, pos=array([0., 0.]), size=array([1536.,  864.]), texRes=128, units='pix', win=Window(...))
190.7142 	DATA 	Keypress: space
190.7195 	EXP 	unnamed TextStim: height = 25.0
190.7195 	EXP 	unnamed TextStim: height = 25.0
190.7195 	EXP 	unnamed TextStim: height = 25.0
190.7195 	EXP 	unnamed TextStim: text = '→'
192.4948 	DATA 	Keypress: right
192.4969 	EXP 	unnamed TextStim: height = 25.0
192.4969 	EXP 	unnamed TextStim: height = 25.0
192.4969 	EXP 	unnamed TextStim: height = 25.0
192.4969 	EXP 	unnamed TextStim: text = '↑'
194.0370 	DATA 	Keypress: up
194.0390 	EXP 	unnamed TextStim: height = 25.0
194.0390 	EXP 	unnamed TextStim: height = 25.0
194.0390 	EXP 	unnamed TextStim: height = 25.0
194.0390 	EXP 	unnamed TextStim: text = '←'
196.3798 	DATA 	Keypress: left
196.3820 	EXP 	unnamed TextStim: height = 25.0
196.3820 	EXP 	unnamed TextStim: height = 25.0
196.3820 	EXP 	unnamed TextStim: height = 25.0
196.3820 	EXP 	unnamed TextStim: text = '↓'
199.0750 	DATA 	Keypress: up
199.0762 	EXP 	unnamed TextStim: text = '↓'
200.5906 	DATA 	Keypress: down
200.5952 	EXP 	unnamed TextStim: height = 25.0
200.5952 	EXP 	unnamed TextStim: height = 25.0
200.5952 	EXP 	unnamed TextStim: height = 25.0
200.5952 	EXP 	unnamed TextStim: text = '↑'
202.3542 	DATA 	Keypress: down
202.4940 	EXP 	Created unnamed ImageStim = ImageStim(__class__=<class 'psychopy.visual.image.ImageStim'>, anchor=('center', 'center'), autoLog=True, color=array([1., 1., 1.]), colorSpace='rgb', contrast=1.0, depth=0, flipHoriz=False, flipVert=False, image='break.jpg', interpolate=True, mask=None, maskParams=None, name='unnamed ImageStim', opacity=1.0, ori=0.0, pos=array([0., 0.]), size=array([1536.,  864.]), texRes=128, units='pix', win=Window(...))
204.3727 	DATA 	Keypress: space
204.3868 	EXP 	unnamed TextStim: height = 25.0
204.3868 	EXP 	unnamed TextStim: height = 25.0
204.3868 	EXP 	unnamed TextStim: height = 25.0
204.3868 	EXP 	unnamed TextStim: text = '←'
206.0642 	DATA 	Keypress: right
206.0653 	EXP 	unnamed TextStim: text = '←'
207.6755 	DATA 	Keypress: left
207.6777 	EXP 	unnamed TextStim: height = 25.0
207.6777 	EXP 	unnamed TextStim: height = 25.0
207.6777 	EXP 	unnamed TextStim: height = 25.0
207.6777 	EXP 	unnamed TextStim: text = '→'
209.3355 	DATA 	Keypress: right
209.3377 	EXP 	unnamed TextStim: height = 25.0
209.3377 	EXP 	unnamed TextStim: height = 25.0
209.3377 	EXP 	unnamed TextStim: height = 25.0
209.3377 	EXP 	unnamed TextStim: text = '↓'
212.0877 	DATA 	No keypress (maxWait exceeded)
212.0898 	EXP 	unnamed TextStim: height = 25.0
212.0898 	EXP 	unnamed TextStim: height = 25.0
212.0898 	EXP 	unnamed TextStim: height = 25.0
212.0898 	EXP 	unnamed TextStim: text = '↑'
212.1380 	DATA 	Keypress: left
213.7741 	DATA 	Keypress: up
213.7763 	EXP 	unnamed TextStim: height = 25.0
213.7763 	EXP 	unnamed TextStim: height = 25.0
213.7763 	EXP 	unnamed TextStim: height = 25.0
213.7763 	EXP 	unnamed TextStim: text = '→'
215.3120 	DATA 	Keypress: right
215.4550 	EXP 	Created unnamed ImageStim = ImageStim(__class__=<class 'psychopy.visual.image.ImageStim'>, anchor=('center', 'center'), autoLog=True, color=array([1., 1., 1.]), colorSpace='rgb', contrast=1.0, depth=0, flipHoriz=False, flipVert=False, image='break.jpg', interpolate=True, mask=None, maskParams=None, name='unnamed ImageStim', opacity=1.0, ori=0.0, pos=array([0., 0.]), size=array([1536.,  864.]), texRes=128, units='pix', win=Window(...))
217.5004 	DATA 	Keypress: space
217.5040 	EXP 	unnamed TextStim: text = '→'
219.0074 	DATA 	Keypress: right
219.0095 	EXP 	unnamed TextStim: height = 25.0
219.0095 	EXP 	unnamed TextStim: height = 25.0
219.0095 	EXP 	unnamed TextStim: height = 25.0
219.0095 	EXP 	unnamed TextStim: text = '↑'
221.0025 	DATA 	Keypress: right
221.0047 	EXP 	unnamed TextStim: height = 25.0
221.0047 	EXP 	unnamed TextStim: height = 25.0
221.0047 	EXP 	unnamed TextStim: height = 25.0
221.0047 	EXP 	unnamed TextStim: text = '←'
222.8158 	DATA 	Keypress: right
222.8224 	EXP 	unnamed TextStim: height = 25.0
222.8224 	EXP 	unnamed TextStim: height = 25.0
222.8224 	EXP 	unnamed TextStim: height = 25.0
222.8224 	EXP 	unnamed TextStim: text = '↓'
224.4385 	DATA 	Keypress: down
224.4406 	EXP 	unnamed TextStim: height = 25.0
224.4406 	EXP 	unnamed TextStim: height = 25.0
224.4406 	EXP 	unnamed TextStim: height = 25.0
224.4406 	EXP 	unnamed TextStim: text = '→'
226.4827 	DATA 	Keypress: right
226.4849 	EXP 	unnamed TextStim: height = 25.0
226.4849 	EXP 	unnamed TextStim: height = 25.0
226.4849 	EXP 	unnamed TextStim: height = 25.0
226.4849 	EXP 	unnamed TextStim: text = '↑'
228.0523 	DATA 	Keypress: up
228.1909 	EXP 	Created unnamed ImageStim = ImageStim(__class__=<class 'psychopy.visual.image.ImageStim'>, anchor=('center', 'center'), autoLog=True, color=array([1., 1., 1.]), colorSpace='rgb', contrast=1.0, depth=0, flipHoriz=False, flipVert=False, image='break.jpg', interpolate=True, mask=None, maskParams=None, name='unnamed ImageStim', opacity=1.0, ori=0.0, pos=array([0., 0.]), size=array([1536.,  864.]), texRes=128, units='pix', win=Window(...))
229.5947 	DATA 	Keypress: space
229.6043 	EXP 	unnamed TextStim: height = 25.0
229.6043 	EXP 	unnamed TextStim: height = 25.0
229.6043 	EXP 	unnamed TextStim: height = 25.0
229.6043 	EXP 	unnamed TextStim: text = '→'
231.2081 	DATA 	Keypress: right
231.2102 	EXP 	unnamed TextStim: height = 25.0
231.2102 	EXP 	unnamed TextStim: height = 25.0
231.2102 	EXP 	unnamed TextStim: height = 25.0
231.2102 	EXP 	unnamed TextStim: text = '↑'
232.9208 	DATA 	Keypress: up
232.9220 	EXP 	unnamed TextStim: text = '↑'
234.4297 	DATA 	Keypress: up
234.4317 	EXP 	unnamed TextStim: height = 25.0
234.4317 	EXP 	unnamed TextStim: height = 25.0
234.4317 	EXP 	unnamed TextStim: height = 25.0
234.4317 	EXP 	unnamed TextStim: text = '→'
235.9520 	DATA 	Keypress: right
235.9541 	EXP 	unnamed TextStim: height = 25.0
235.9541 	EXP 	unnamed TextStim: height = 25.0
235.9541 	EXP 	unnamed TextStim: height = 25.0
235.9541 	EXP 	unnamed TextStim: text = '←'
237.8140 	DATA 	Keypress: right
237.8160 	EXP 	unnamed TextStim: height = 25.0
237.8160 	EXP 	unnamed TextStim: height = 25.0
237.8160 	EXP 	unnamed TextStim: height = 25.0
237.8160 	EXP 	unnamed TextStim: text = '↑'
239.4800 	DATA 	Keypress: up
239.5915 	EXP 	Created unnamed ImageStim = ImageStim(__class__=<class 'psychopy.visual.image.ImageStim'>, anchor=('center', 'center'), autoLog=True, color=array([1., 1., 1.]), colorSpace='rgb', contrast=1.0, depth=0, flipHoriz=False, flipVert=False, image='break.jpg', interpolate=True, mask=None, maskParams=None, name='unnamed ImageStim', opacity=1.0, ori=0.0, pos=array([0., 0.]), size=array([1536.,  864.]), texRes=128, units='pix', win=Window(...))
240.6814 	DATA 	Keypress: space
240.6880 	EXP 	unnamed TextStim: text = '↑'
242.3666 	DATA 	Keypress: up
242.3734 	EXP 	unnamed TextStim: height = 25.0
242.3734 	EXP 	unnamed TextStim: height = 25.0
242.3734 	EXP 	unnamed TextStim: height = 25.0
242.3734 	EXP 	unnamed TextStim: text = '←'
244.1602 	DATA 	Keypress: up
244.1623 	EXP 	unnamed TextStim: height = 25.0
244.1623 	EXP 	unnamed TextStim: height = 25.0
244.1623 	EXP 	unnamed TextStim: height = 25.0
244.1623 	EXP 	unnamed TextStim: text = '↑'
245.6301 	DATA 	Keypress: up
245.6322 	EXP 	unnamed TextStim: height = 25.0
245.6322 	EXP 	unnamed TextStim: height = 25.0
245.6322 	EXP 	unnamed TextStim: height = 25.0
245.6322 	EXP 	unnamed TextStim: text = '→'
247.3985 	DATA 	Keypress: up
247.4006 	EXP 	unnamed TextStim: height = 25.0
247.4006 	EXP 	unnamed TextStim: height = 25.0
247.4006 	EXP 	unnamed TextStim: height = 25.0
247.4006 	EXP 	unnamed TextStim: text = '↑'
248.7912 	DATA 	Keypress: up
248.7932 	EXP 	unnamed TextStim: height = 25.0
248.7932 	EXP 	unnamed TextStim: height = 25.0
248.7932 	EXP 	unnamed TextStim: height = 25.0
248.7932 	EXP 	unnamed TextStim: text = '↓'
250.7358 	DATA 	Keypress: up
250.8734 	EXP 	Created unnamed ImageStim = ImageStim(__class__=<class 'psychopy.visual.image.ImageStim'>, anchor=('center', 'center'), autoLog=True, color=array([1., 1., 1.]), colorSpace='rgb', contrast=1.0, depth=0, flipHoriz=False, flipVert=False, image='break.jpg', interpolate=True, mask=None, maskParams=None, name='unnamed ImageStim', opacity=1.0, ori=0.0, pos=array([0., 0.]), size=array([1536.,  864.]), texRes=128, units='pix', win=Window(...))
251.7298 	DATA 	Keypress: space
251.7384 	EXP 	unnamed TextStim: text = '↓'
253.4365 	DATA 	Keypress: down
253.4386 	EXP 	unnamed TextStim: height = 25.0
253.4386 	EXP 	unnamed TextStim: height = 25.0
253.4386 	EXP 	unnamed TextStim: height = 25.0
253.4386 	EXP 	unnamed TextStim: text = '↑'
255.3300 	DATA 	Keypress: up
255.3322 	EXP 	unnamed TextStim: height = 25.0
255.3322 	EXP 	unnamed TextStim: height = 25.0
255.3322 	EXP 	unnamed TextStim: height = 25.0
255.3322 	EXP 	unnamed TextStim: text = '←'
257.2233 	DATA 	Keypress: left
257.2254 	EXP 	unnamed TextStim: height = 25.0
257.2254 	EXP 	unnamed TextStim: height = 25.0
257.2254 	EXP 	unnamed TextStim: height = 25.0
257.2254 	EXP 	unnamed TextStim: text = '↓'
259.3036 	DATA 	Keypress: down
259.3058 	EXP 	unnamed TextStim: height = 25.0
259.3058 	EXP 	unnamed TextStim: height = 25.0
259.3058 	EXP 	unnamed TextStim: height = 25.0
259.3058 	EXP 	unnamed TextStim: text = '↑'
261.6161 	DATA 	Keypress: left
261.6206 	EXP 	unnamed TextStim: height = 25.0
261.6206 	EXP 	unnamed TextStim: height = 25.0
261.6206 	EXP 	unnamed TextStim: height = 25.0
261.6206 	EXP 	unnamed TextStim: text = '←'
263.6407 	DATA 	Keypress: left
263.7814 	EXP 	Created unnamed ImageStim = ImageStim(__class__=<class 'psychopy.visual.image.ImageStim'>, anchor=('center', 'center'), autoLog=True, color=array([1., 1., 1.]), colorSpace='rgb', contrast=1.0, depth=0, flipHoriz=False, flipVert=False, image='break.jpg', interpolate=True, mask=None, maskParams=None, name='unnamed ImageStim', opacity=1.0, ori=0.0, pos=array([0., 0.]), size=array([1536.,  864.]), texRes=128, units='pix', win=Window(...))
264.6661 	DATA 	Keypress: space
264.6726 	EXP 	unnamed TextStim: text = '←'
266.0565 	DATA 	Keypress: left
266.0586 	EXP 	unnamed TextStim: height = 25.0
266.0586 	EXP 	unnamed TextStim: height = 25.0
266.0586 	EXP 	unnamed TextStim: height = 25.0
266.0586 	EXP 	unnamed TextStim: text = '↑'
267.6681 	DATA 	Keypress: up
267.6703 	EXP 	unnamed TextStim: height = 25.0
267.6703 	EXP 	unnamed TextStim: height = 25.0
267.6703 	EXP 	unnamed TextStim: height = 25.0
267.6703 	EXP 	unnamed TextStim: text = '↓'
269.3520 	DATA 	Keypress: down
269.3590 	EXP 	unnamed TextStim: height = 25.0
269.3590 	EXP 	unnamed TextStim: height = 25.0
269.3590 	EXP 	unnamed TextStim: height = 25.0
269.3590 	EXP 	unnamed TextStim: text = '→'
271.0422 	DATA 	Keypress: right
271.0434 	EXP 	unnamed TextStim: text = '→'
273.8067 	DATA 	No keypress (maxWait exceeded)
273.8088 	EXP 	unnamed TextStim: height = 25.0
273.8088 	EXP 	unnamed TextStim: height = 25.0
273.8088 	EXP 	unnamed TextStim: height = 25.0
273.8088 	EXP 	unnamed TextStim: text = '↓'
275.6159 	DATA 	Keypress: down
275.7559 	EXP 	Created unnamed ImageStim = ImageStim(__class__=<class 'psychopy.visual.image.ImageStim'>, anchor=('center', 'center'), autoLog=True, color=array([1., 1., 1.]), colorSpace='rgb', contrast=1.0, depth=0, flipHoriz=False, flipVert=False, image='break.jpg', interpolate=True, mask=None, maskParams=None, name='unnamed ImageStim', opacity=1.0, ori=0.0, pos=array([0., 0.]), size=array([1536.,  864.]), texRes=128, units='pix', win=Window(...))
276.9310 	DATA 	Keypress: space
276.9396 	EXP 	unnamed TextStim: height = 25.0
276.9396 	EXP 	unnamed TextStim: height = 25.0
276.9396 	EXP 	unnamed TextStim: height = 25.0
276.9396 	EXP 	unnamed TextStim: text = '→'
278.4935 	DATA 	Keypress: right
278.4958 	EXP 	unnamed TextStim: height = 25.0
278.4958 	EXP 	unnamed TextStim: height = 25.0
278.4958 	EXP 	unnamed TextStim: height = 25.0
278.4958 	EXP 	unnamed TextStim: text = '↓'
280.0027 	DATA 	Keypress: down
280.0038 	EXP 	unnamed TextStim: text = '↓'
281.9541 	DATA 	Keypress: down
281.9563 	EXP 	unnamed TextStim: height = 25.0
281.9563 	EXP 	unnamed TextStim: height = 25.0
281.9563 	EXP 	unnamed TextStim: height = 25.0
281.9563 	EXP 	unnamed TextStim: text = '↑'
283.8877 	DATA 	Keypress: up
283.8945 	EXP 	unnamed TextStim: height = 25.0
283.8945 	EXP 	unnamed TextStim: height = 25.0
283.8945 	EXP 	unnamed TextStim: height = 25.0
283.8945 	EXP 	unnamed TextStim: text = '→'
285.8083 	DATA 	Keypress: right
285.8094 	EXP 	unnamed TextStim: text = '→'
288.0708 	DATA 	Keypress: right
288.2102 	EXP 	Created unnamed ImageStim = ImageStim(__class__=<class 'psychopy.visual.image.ImageStim'>, anchor=('center', 'center'), autoLog=True, color=array([1., 1., 1.]), colorSpace='rgb', contrast=1.0, depth=0, flipHoriz=False, flipVert=False, image='break.jpg', interpolate=True, mask=None, maskParams=None, name='unnamed ImageStim', opacity=1.0, ori=0.0, pos=array([0., 0.]), size=array([1536.,  864.]), texRes=128, units='pix', win=Window(...))
288.8812 	DATA 	Keypress: space
288.8899 	EXP 	unnamed TextStim: height = 25.0
288.8899 	EXP 	unnamed TextStim: height = 25.0
288.8899 	EXP 	unnamed TextStim: height = 25.0
288.8899 	EXP 	unnamed TextStim: text = '↓'
290.4846 	DATA 	Keypress: down
290.4867 	EXP 	unnamed TextStim: height = 25.0
290.4867 	EXP 	unnamed TextStim: height = 25.0
290.4867 	EXP 	unnamed TextStim: height = 25.0
290.4867 	EXP 	unnamed TextStim: text = '←'
292.4370 	DATA 	Keypress: down
292.4392 	EXP 	unnamed TextStim: height = 25.0
292.4392 	EXP 	unnamed TextStim: height = 25.0
292.4392 	EXP 	unnamed TextStim: height = 25.0
292.4392 	EXP 	unnamed TextStim: text = '↓'
294.1879 	DATA 	Keypress: down
294.1891 	EXP 	unnamed TextStim: text = '↓'
295.7773 	DATA 	Keypress: down
295.7793 	EXP 	unnamed TextStim: height = 25.0
295.7793 	EXP 	unnamed TextStim: height = 25.0
295.7793 	EXP 	unnamed TextStim: height = 25.0
295.7793 	EXP 	unnamed TextStim: text = '→'
297.5684 	DATA 	Keypress: down
297.5695 	EXP 	unnamed TextStim: text = '→'
299.1710 	DATA 	Keypress: right
299.3201 	EXP 	Created unnamed ImageStim = ImageStim(__class__=<class 'psychopy.visual.image.ImageStim'>, anchor=('center', 'center'), autoLog=True, color=array([1., 1., 1.]), colorSpace='rgb', contrast=1.0, depth=0, flipHoriz=False, flipVert=False, image='break.jpg', interpolate=True, mask=None, maskParams=None, name='unnamed ImageStim', opacity=1.0, ori=0.0, pos=array([0., 0.]), size=array([1536.,  864.]), texRes=128, units='pix', win=Window(...))
301.6189 	DATA 	Keypress: space
301.6443 	EXP 	Created unnamed TextStim = TextStim(__class__=<class 'psychopy.visual.text.TextStim'>, alignHoriz=method-wrapper(...), alignText='center', alignVert=method-wrapper(...), anchorHoriz='center', anchorVert='center', antialias=True, autoDraw=False, autoLog=True, bold=False, color=array([-1, -1, -1]), colorSpace='rgb', contrast=1.0, depth=0, flipHoriz=False, flipVert=False, font='', fontFiles=[], height=20.0, italic=False, languageStyle='LTR', name='unnamed TextStim', opacity=1.0, ori=0.0, pos=array([0., 0.]), rgb=UNKNOWN, text=str(...), units='pix', win=Window(...), wrapWidth=1536)
347.5061 	DATA 	Keypress: return
347.5895 	EXP 	window1: mouseVisible = True
