10.8839 	WARNING 	User requested fullscreen with size [1536  864], but screen is actually [1920, 1080]. Using actual size
12.1586 	INFO 	FRAME RATE: 60
12.1587 	INFO 	SCREEN RES: odict_values([1536, 864])
12.2166 	EXP 	Created unnamed TextStim = TextStim(__class__=<class 'psychopy.visual.text.TextStim'>, alignHoriz=method-wrapper(...), alignText='center', alignVert=method-wrapper(...), anchorHoriz='center', anchorVert='center', antialias=True, autoDraw=False, autoLog=True, bold=False, color=array([-1, -1, -1]), colorSpace='rgb', contrast=1.0, depth=0, flipHoriz=False, flipVert=False, font='', fontFiles=[], height=100.0, italic=False, languageStyle='LTR', name='unnamed TextStim', opacity=1.0, ori=0.0, pos=array([0., 0.]), rgb=UNKNOWN, text='+', units='pix', win=Window(...), wrapWidth=500)
12.2207 	EXP 	Created unnamed Circle = Circle(__class__=<class 'psychopy.visual.circle.Circle'>, anchor=('center', 'center'), autoDraw=False, autoLog=True, closeShape=True, color=method-wrapper(...), colorSpace='rgb', contrast=None, depth=0, fillColor=array([ 0.09019608, -1.        , -1.        ]), fillColorSpace='rgb', fillRGB=array([ 0.09019608, -1.        , -1.        ]), interpolate=True, lineColor=array([ 0.09019608, -1.        , -1.        ]), lineColorSpace='rgb', lineRGB=array([ 0.09019608, -1.        , -1.        ]), lineWidth=1.5, name='unnamed Circle', opacity=1.0, ori=0.0, pos=array([0., 0.]), size=array([1., 1.]), units='pix', vertices=ndarray(...), win=Window(...))
12.2215 	EXP 	Created unnamed TextStim = TextStim(__class__=<class 'psychopy.visual.text.TextStim'>, alignHoriz=method-wrapper(...), alignText='center', alignVert=method-wrapper(...), anchorHoriz='center', anchorVert='center', antialias=True, autoDraw=False, autoLog=True, bold=False, color=array([-0.17647059, -0.17647059, -0.17647059]), colorSpace='rgb', contrast=1.0, depth=0, flipHoriz=False, flipVert=False, font='', fontFiles=[], height=25, italic=False, languageStyle='LTR', name='unnamed TextStim', opacity=1.0, ori=0.0, pos=array([0., 0.]), rgb=UNKNOWN, text='', units='pix', win=Window(...), wrapWidth=500)
12.2278 	EXP 	Created unnamed ImageStim = ImageStim(__class__=<class 'psychopy.visual.image.ImageStim'>, anchor=('center', 'center'), autoLog=True, color=array([1., 1., 1.]), colorSpace='rgb', contrast=1.0, depth=0, flipHoriz=False, flipVert=False, image='mask4.png', interpolate=False, mask=None, maskParams=None, name='unnamed ImageStim', opacity=1.0, ori=0.0, pos=array([0., 0.]), size=array([25., 25.]), texRes=128, units='pix', win=Window(...))
12.2348 	EXP 	Created unnamed TextStim = TextStim(__class__=<class 'psychopy.visual.text.TextStim'>, alignHoriz=method-wrapper(...), alignText='center', alignVert=method-wrapper(...), anchorHoriz='center', anchorVert='center', antialias=True, autoDraw=False, autoLog=True, bold=False, color=array([-1, -1, -1]), colorSpace='rgb', contrast=1.0, depth=0, flipHoriz=False, flipVert=False, font='', fontFiles=[], height=30.0, italic=False, languageStyle='LTR', name='unnamed TextStim', opacity=1.0, ori=0.0, pos=array([ 100., -300.]), rgb=UNKNOWN, text=str(...), units='pix', win=Window(...), wrapWidth=10000)
12.2456 	EXP 	Created unnamed TextStim = TextStim(__class__=<class 'psychopy.visual.text.TextStim'>, alignHoriz=method-wrapper(...), alignText='center', alignVert=method-wrapper(...), anchorHoriz='center', anchorVert='center', antialias=True, autoDraw=False, autoLog=True, bold=False, color=array([-1, -1, -1]), colorSpace='rgb', contrast=1.0, depth=0, flipHoriz=False, flipVert=False, font='', fontFiles=[], height=30.0, italic=False, languageStyle='LTR', name='unnamed TextStim', opacity=1.0, ori=0.0, pos=array([ 100., -330.]), rgb=UNKNOWN, text=str(...), units='pix', win=Window(...), wrapWidth=10000)
12.2785 	EXP 	Created unnamed TextStim = TextStim(__class__=<class 'psychopy.visual.text.TextStim'>, alignHoriz=method-wrapper(...), alignText='center', alignVert=method-wrapper(...), anchorHoriz='center', anchorVert='center', antialias=True, autoDraw=False, autoLog=True, bold=False, color=array([-1, -1, -1]), colorSpace='rgb', contrast=1.0, depth=0, flipHoriz=False, flipVert=False, font='', fontFiles=[], height=20.0, italic=False, languageStyle='LTR', name='unnamed TextStim', opacity=1.0, ori=0.0, pos=array([0., 0.]), rgb=UNKNOWN, text=str(...), units='pix', win=Window(...), wrapWidth=1536)
61.5207 	DATA 	Keypress: space
61.5268 	EXP 	unnamed TextStim: height = 25.0
61.5268 	EXP 	unnamed TextStim: height = 25.0
61.5268 	EXP 	unnamed TextStim: height = 25.0
61.5268 	EXP 	unnamed TextStim: text = '↑'
64.4929 	DATA 	No keypress (maxWait exceeded)
64.5004 	EXP 	Created unnamed TextStim = TextStim(__class__=<class 'psychopy.visual.text.TextStim'>, alignHoriz=method-wrapper(...), alignText='center', alignVert=method-wrapper(...), anchorHoriz='center', anchorVert='center', antialias=True, autoDraw=False, autoLog=True, bold=False, color=array([-1, -1, -1]), colorSpace='rgb', contrast=1.0, depth=0, flipHoriz=False, flipVert=False, font='', fontFiles=[], height=50.0, italic=False, languageStyle='LTR', name='unnamed TextStim', opacity=1.0, ori=0.0, pos=array([0., 0.]), rgb=UNKNOWN, text='Niepoprawnie', units='pix', win=Window(...), wrapWidth=500)
65.5097 	EXP 	unnamed TextStim: height = 25.0
65.5097 	EXP 	unnamed TextStim: height = 25.0
65.5097 	EXP 	unnamed TextStim: height = 25.0
65.5097 	EXP 	unnamed TextStim: text = '↓'
65.8275 	DATA 	Keypress: left
68.4761 	DATA 	No keypress (maxWait exceeded)
68.4783 	EXP 	Created unnamed TextStim = TextStim(__class__=<class 'psychopy.visual.text.TextStim'>, alignHoriz=method-wrapper(...), alignText='center', alignVert=method-wrapper(...), anchorHoriz='center', anchorVert='center', antialias=True, autoDraw=False, autoLog=True, bold=False, color=array([-1, -1, -1]), colorSpace='rgb', contrast=1.0, depth=0, flipHoriz=False, flipVert=False, font='', fontFiles=[], height=50.0, italic=False, languageStyle='LTR', name='unnamed TextStim', opacity=1.0, ori=0.0, pos=array([0., 0.]), rgb=UNKNOWN, text='Niepoprawnie', units='pix', win=Window(...), wrapWidth=500)
69.2800 	DATA 	Keypress: right
69.4926 	EXP 	unnamed TextStim: text = '↓'
72.4596 	DATA 	No keypress (maxWait exceeded)
72.4615 	EXP 	Created unnamed TextStim = TextStim(__class__=<class 'psychopy.visual.text.TextStim'>, alignHoriz=method-wrapper(...), alignText='center', alignVert=method-wrapper(...), anchorHoriz='center', anchorVert='center', antialias=True, autoDraw=False, autoLog=True, bold=False, color=array([-1, -1, -1]), colorSpace='rgb', contrast=1.0, depth=0, flipHoriz=False, flipVert=False, font='', fontFiles=[], height=50.0, italic=False, languageStyle='LTR', name='unnamed TextStim', opacity=1.0, ori=0.0, pos=array([0., 0.]), rgb=UNKNOWN, text='Niepoprawnie', units='pix', win=Window(...), wrapWidth=500)
73.2631 	DATA 	Keypress: down
73.4762 	EXP 	unnamed TextStim: height = 25.0
73.4762 	EXP 	unnamed TextStim: height = 25.0
73.4762 	EXP 	unnamed TextStim: height = 25.0
73.4762 	EXP 	unnamed TextStim: text = '←'
75.4552 	DATA 	Keypress: left
75.4581 	EXP 	Created unnamed TextStim = TextStim(__class__=<class 'psychopy.visual.text.TextStim'>, alignHoriz=method-wrapper(...), alignText='center', alignVert=method-wrapper(...), anchorHoriz='center', anchorVert='center', antialias=True, autoDraw=False, autoLog=True, bold=False, color=array([-1, -1, -1]), colorSpace='rgb', contrast=1.0, depth=0, flipHoriz=False, flipVert=False, font='', fontFiles=[], height=50.0, italic=False, languageStyle='LTR', name='unnamed TextStim', opacity=1.0, ori=0.0, pos=array([0., 0.]), rgb=UNKNOWN, text='Poprawnie', units='pix', win=Window(...), wrapWidth=500)
76.4759 	EXP 	unnamed TextStim: height = 25.0
76.4759 	EXP 	unnamed TextStim: height = 25.0
76.4759 	EXP 	unnamed TextStim: height = 25.0
76.4759 	EXP 	unnamed TextStim: text = '↑'
78.5666 	DATA 	Keypress: up
78.5685 	EXP 	Created unnamed TextStim = TextStim(__class__=<class 'psychopy.visual.text.TextStim'>, alignHoriz=method-wrapper(...), alignText='center', alignVert=method-wrapper(...), anchorHoriz='center', anchorVert='center', antialias=True, autoDraw=False, autoLog=True, bold=False, color=array([-1, -1, -1]), colorSpace='rgb', contrast=1.0, depth=0, flipHoriz=False, flipVert=False, font='', fontFiles=[], height=50.0, italic=False, languageStyle='LTR', name='unnamed TextStim', opacity=1.0, ori=0.0, pos=array([0., 0.]), rgb=UNKNOWN, text='Poprawnie', units='pix', win=Window(...), wrapWidth=500)
79.5764 	EXP 	unnamed TextStim: height = 25.0
79.5764 	EXP 	unnamed TextStim: height = 25.0
79.5764 	EXP 	unnamed TextStim: height = 25.0
79.5764 	EXP 	unnamed TextStim: text = '↓'
81.2797 	DATA 	Keypress: down
81.2816 	EXP 	Created unnamed TextStim = TextStim(__class__=<class 'psychopy.visual.text.TextStim'>, alignHoriz=method-wrapper(...), alignText='center', alignVert=method-wrapper(...), anchorHoriz='center', anchorVert='center', antialias=True, autoDraw=False, autoLog=True, bold=False, color=array([-1, -1, -1]), colorSpace='rgb', contrast=1.0, depth=0, flipHoriz=False, flipVert=False, font='', fontFiles=[], height=50.0, italic=False, languageStyle='LTR', name='unnamed TextStim', opacity=1.0, ori=0.0, pos=array([0., 0.]), rgb=UNKNOWN, text='Poprawnie', units='pix', win=Window(...), wrapWidth=500)
82.2931 	EXP 	unnamed TextStim: height = 25.0
82.2931 	EXP 	unnamed TextStim: height = 25.0
82.2931 	EXP 	unnamed TextStim: height = 25.0
82.2931 	EXP 	unnamed TextStim: text = '←'
84.1262 	DATA 	Keypress: left
84.1282 	EXP 	Created unnamed TextStim = TextStim(__class__=<class 'psychopy.visual.text.TextStim'>, alignHoriz=method-wrapper(...), alignText='center', alignVert=method-wrapper(...), anchorHoriz='center', anchorVert='center', antialias=True, autoDraw=False, autoLog=True, bold=False, color=array([-1, -1, -1]), colorSpace='rgb', contrast=1.0, depth=0, flipHoriz=False, flipVert=False, font='', fontFiles=[], height=50.0, italic=False, languageStyle='LTR', name='unnamed TextStim', opacity=1.0, ori=0.0, pos=array([0., 0.]), rgb=UNKNOWN, text='Poprawnie', units='pix', win=Window(...), wrapWidth=500)
85.1433 	EXP 	unnamed TextStim: text = '←'
87.2632 	DATA 	Keypress: left
87.2651 	EXP 	Created unnamed TextStim = TextStim(__class__=<class 'psychopy.visual.text.TextStim'>, alignHoriz=method-wrapper(...), alignText='center', alignVert=method-wrapper(...), anchorHoriz='center', anchorVert='center', antialias=True, autoDraw=False, autoLog=True, bold=False, color=array([-1, -1, -1]), colorSpace='rgb', contrast=1.0, depth=0, flipHoriz=False, flipVert=False, font='', fontFiles=[], height=50.0, italic=False, languageStyle='LTR', name='unnamed TextStim', opacity=1.0, ori=0.0, pos=array([0., 0.]), rgb=UNKNOWN, text='Poprawnie', units='pix', win=Window(...), wrapWidth=500)
88.2768 	EXP 	unnamed TextStim: text = '←'
90.1202 	DATA 	Keypress: left
90.1222 	EXP 	Created unnamed TextStim = TextStim(__class__=<class 'psychopy.visual.text.TextStim'>, alignHoriz=method-wrapper(...), alignText='center', alignVert=method-wrapper(...), anchorHoriz='center', anchorVert='center', antialias=True, autoDraw=False, autoLog=True, bold=False, color=array([-1, -1, -1]), colorSpace='rgb', contrast=1.0, depth=0, flipHoriz=False, flipVert=False, font='', fontFiles=[], height=50.0, italic=False, languageStyle='LTR', name='unnamed TextStim', opacity=1.0, ori=0.0, pos=array([0., 0.]), rgb=UNKNOWN, text='Poprawnie', units='pix', win=Window(...), wrapWidth=500)
91.1268 	EXP 	unnamed TextStim: text = '←'
92.9179 	DATA 	Keypress: left
92.9204 	EXP 	Created unnamed TextStim = TextStim(__class__=<class 'psychopy.visual.text.TextStim'>, alignHoriz=method-wrapper(...), alignText='center', alignVert=method-wrapper(...), anchorHoriz='center', anchorVert='center', antialias=True, autoDraw=False, autoLog=True, bold=False, color=array([-1, -1, -1]), colorSpace='rgb', contrast=1.0, depth=0, flipHoriz=False, flipVert=False, font='', fontFiles=[], height=50.0, italic=False, languageStyle='LTR', name='unnamed TextStim', opacity=1.0, ori=0.0, pos=array([0., 0.]), rgb=UNKNOWN, text='Poprawnie', units='pix', win=Window(...), wrapWidth=500)
93.9269 	EXP 	unnamed TextStim: height = 25.0
93.9269 	EXP 	unnamed TextStim: height = 25.0
93.9269 	EXP 	unnamed TextStim: height = 25.0
93.9269 	EXP 	unnamed TextStim: text = '→'
95.6169 	DATA 	Keypress: right
95.6188 	EXP 	Created unnamed TextStim = TextStim(__class__=<class 'psychopy.visual.text.TextStim'>, alignHoriz=method-wrapper(...), alignText='center', alignVert=method-wrapper(...), anchorHoriz='center', anchorVert='center', antialias=True, autoDraw=False, autoLog=True, bold=False, color=array([-1, -1, -1]), colorSpace='rgb', contrast=1.0, depth=0, flipHoriz=False, flipVert=False, font='', fontFiles=[], height=50.0, italic=False, languageStyle='LTR', name='unnamed TextStim', opacity=1.0, ori=0.0, pos=array([0., 0.]), rgb=UNKNOWN, text='Poprawnie', units='pix', win=Window(...), wrapWidth=500)
96.6270 	EXP 	unnamed TextStim: text = '→'
98.8836 	DATA 	Keypress: right
98.8862 	EXP 	Created unnamed TextStim = TextStim(__class__=<class 'psychopy.visual.text.TextStim'>, alignHoriz=method-wrapper(...), alignText='center', alignVert=method-wrapper(...), anchorHoriz='center', anchorVert='center', antialias=True, autoDraw=False, autoLog=True, bold=False, color=array([-1, -1, -1]), colorSpace='rgb', contrast=1.0, depth=0, flipHoriz=False, flipVert=False, font='', fontFiles=[], height=50.0, italic=False, languageStyle='LTR', name='unnamed TextStim', opacity=1.0, ori=0.0, pos=array([0., 0.]), rgb=UNKNOWN, text='Poprawnie', units='pix', win=Window(...), wrapWidth=500)
99.8938 	EXP 	unnamed TextStim: height = 25.0
99.8938 	EXP 	unnamed TextStim: height = 25.0
99.8938 	EXP 	unnamed TextStim: height = 25.0
99.8938 	EXP 	unnamed TextStim: text = '↑'
101.6659 	DATA 	Keypress: up
101.6679 	EXP 	Created unnamed TextStim = TextStim(__class__=<class 'psychopy.visual.text.TextStim'>, alignHoriz=method-wrapper(...), alignText='center', alignVert=method-wrapper(...), anchorHoriz='center', anchorVert='center', antialias=True, autoDraw=False, autoLog=True, bold=False, color=array([-1, -1, -1]), colorSpace='rgb', contrast=1.0, depth=0, flipHoriz=False, flipVert=False, font='', fontFiles=[], height=50.0, italic=False, languageStyle='LTR', name='unnamed TextStim', opacity=1.0, ori=0.0, pos=array([0., 0.]), rgb=UNKNOWN, text='Poprawnie', units='pix', win=Window(...), wrapWidth=500)
102.6773 	EXP 	unnamed TextStim: height = 25.0
102.6773 	EXP 	unnamed TextStim: height = 25.0
102.6773 	EXP 	unnamed TextStim: height = 25.0
102.6773 	EXP 	unnamed TextStim: text = '←'
104.1511 	DATA 	Keypress: left
104.1530 	EXP 	Created unnamed TextStim = TextStim(__class__=<class 'psychopy.visual.text.TextStim'>, alignHoriz=method-wrapper(...), alignText='center', alignVert=method-wrapper(...), anchorHoriz='center', anchorVert='center', antialias=True, autoDraw=False, autoLog=True, bold=False, color=array([-1, -1, -1]), colorSpace='rgb', contrast=1.0, depth=0, flipHoriz=False, flipVert=False, font='', fontFiles=[], height=50.0, italic=False, languageStyle='LTR', name='unnamed TextStim', opacity=1.0, ori=0.0, pos=array([0., 0.]), rgb=UNKNOWN, text='Poprawnie', units='pix', win=Window(...), wrapWidth=500)
105.1774 	EXP 	unnamed TextStim: height = 25.0
105.1774 	EXP 	unnamed TextStim: height = 25.0
105.1774 	EXP 	unnamed TextStim: height = 25.0
105.1774 	EXP 	unnamed TextStim: text = '↑'
106.8392 	DATA 	Keypress: left
106.8413 	EXP 	Created unnamed TextStim = TextStim(__class__=<class 'psychopy.visual.text.TextStim'>, alignHoriz=method-wrapper(...), alignText='center', alignVert=method-wrapper(...), anchorHoriz='center', anchorVert='center', antialias=True, autoDraw=False, autoLog=True, bold=False, color=array([-1, -1, -1]), colorSpace='rgb', contrast=1.0, depth=0, flipHoriz=False, flipVert=False, font='', fontFiles=[], height=50.0, italic=False, languageStyle='LTR', name='unnamed TextStim', opacity=1.0, ori=0.0, pos=array([0., 0.]), rgb=UNKNOWN, text='Niepoprawnie', units='pix', win=Window(...), wrapWidth=500)
107.8729 	EXP 	Created unnamed TextStim = TextStim(__class__=<class 'psychopy.visual.text.TextStim'>, alignHoriz=method-wrapper(...), alignText='center', alignVert=method-wrapper(...), anchorHoriz='center', anchorVert='center', antialias=True, autoDraw=False, autoLog=True, bold=False, color=array([-1, -1, -1]), colorSpace='rgb', contrast=1.0, depth=0, flipHoriz=False, flipVert=False, font='', fontFiles=[], height=20.0, italic=False, languageStyle='LTR', name='unnamed TextStim', opacity=1.0, ori=0.0, pos=array([0., 0.]), rgb=UNKNOWN, text=str(...), units='pix', win=Window(...), wrapWidth=1536)
122.8027 	DATA 	Keypress: space
122.8111 	EXP 	unnamed TextStim: height = 25.0
122.8111 	EXP 	unnamed TextStim: height = 25.0
122.8111 	EXP 	unnamed TextStim: height = 25.0
122.8111 	EXP 	unnamed TextStim: text = '←'
124.3509 	DATA 	Keypress: left
124.3580 	EXP 	Created unnamed TextStim = TextStim(__class__=<class 'psychopy.visual.text.TextStim'>, alignHoriz=method-wrapper(...), alignText='center', alignVert=method-wrapper(...), anchorHoriz='center', anchorVert='center', antialias=True, autoDraw=False, autoLog=True, bold=False, color=array([-1, -1, -1]), colorSpace='rgb', contrast=1.0, depth=0, flipHoriz=False, flipVert=False, font='', fontFiles=[], height=50.0, italic=False, languageStyle='LTR', name='unnamed TextStim', opacity=1.0, ori=0.0, pos=array([0., 0.]), rgb=UNKNOWN, text='Poprawnie', units='pix', win=Window(...), wrapWidth=500)
125.3625 	EXP 	unnamed TextStim: height = 25.0
125.3625 	EXP 	unnamed TextStim: height = 25.0
125.3625 	EXP 	unnamed TextStim: height = 25.0
125.3625 	EXP 	unnamed TextStim: text = '→'
126.6291 	DATA 	Keypress: right
127.7028 	DATA 	Keypress: left
127.7057 	EXP 	Created unnamed TextStim = TextStim(__class__=<class 'psychopy.visual.text.TextStim'>, alignHoriz=method-wrapper(...), alignText='center', alignVert=method-wrapper(...), anchorHoriz='center', anchorVert='center', antialias=True, autoDraw=False, autoLog=True, bold=False, color=array([-1, -1, -1]), colorSpace='rgb', contrast=1.0, depth=0, flipHoriz=False, flipVert=False, font='', fontFiles=[], height=50.0, italic=False, languageStyle='LTR', name='unnamed TextStim', opacity=1.0, ori=0.0, pos=array([0., 0.]), rgb=UNKNOWN, text='Niepoprawnie', units='pix', win=Window(...), wrapWidth=500)
128.7114 	EXP 	unnamed TextStim: height = 25.0
128.7114 	EXP 	unnamed TextStim: height = 25.0
128.7114 	EXP 	unnamed TextStim: height = 25.0
128.7114 	EXP 	unnamed TextStim: text = '↑'
130.8125 	DATA 	Keypress: up
130.8145 	EXP 	Created unnamed TextStim = TextStim(__class__=<class 'psychopy.visual.text.TextStim'>, alignHoriz=method-wrapper(...), alignText='center', alignVert=method-wrapper(...), anchorHoriz='center', anchorVert='center', antialias=True, autoDraw=False, autoLog=True, bold=False, color=array([-1, -1, -1]), colorSpace='rgb', contrast=1.0, depth=0, flipHoriz=False, flipVert=False, font='', fontFiles=[], height=50.0, italic=False, languageStyle='LTR', name='unnamed TextStim', opacity=1.0, ori=0.0, pos=array([0., 0.]), rgb=UNKNOWN, text='Poprawnie', units='pix', win=Window(...), wrapWidth=500)
131.8284 	EXP 	unnamed TextStim: height = 25.0
131.8284 	EXP 	unnamed TextStim: height = 25.0
131.8284 	EXP 	unnamed TextStim: height = 25.0
131.8284 	EXP 	unnamed TextStim: text = '↓'
133.5138 	DATA 	Keypress: down
133.5160 	EXP 	Created unnamed TextStim = TextStim(__class__=<class 'psychopy.visual.text.TextStim'>, alignHoriz=method-wrapper(...), alignText='center', alignVert=method-wrapper(...), anchorHoriz='center', anchorVert='center', antialias=True, autoDraw=False, autoLog=True, bold=False, color=array([-1, -1, -1]), colorSpace='rgb', contrast=1.0, depth=0, flipHoriz=False, flipVert=False, font='', fontFiles=[], height=50.0, italic=False, languageStyle='LTR', name='unnamed TextStim', opacity=1.0, ori=0.0, pos=array([0., 0.]), rgb=UNKNOWN, text='Poprawnie', units='pix', win=Window(...), wrapWidth=500)
134.5285 	EXP 	unnamed TextStim: height = 25.0
134.5285 	EXP 	unnamed TextStim: height = 25.0
134.5285 	EXP 	unnamed TextStim: height = 25.0
134.5285 	EXP 	unnamed TextStim: text = '←'
136.1060 	DATA 	Keypress: left
136.1082 	EXP 	Created unnamed TextStim = TextStim(__class__=<class 'psychopy.visual.text.TextStim'>, alignHoriz=method-wrapper(...), alignText='center', alignVert=method-wrapper(...), anchorHoriz='center', anchorVert='center', antialias=True, autoDraw=False, autoLog=True, bold=False, color=array([-1, -1, -1]), colorSpace='rgb', contrast=1.0, depth=0, flipHoriz=False, flipVert=False, font='', fontFiles=[], height=50.0, italic=False, languageStyle='LTR', name='unnamed TextStim', opacity=1.0, ori=0.0, pos=array([0., 0.]), rgb=UNKNOWN, text='Poprawnie', units='pix', win=Window(...), wrapWidth=500)
137.1118 	EXP 	unnamed TextStim: height = 25.0
137.1118 	EXP 	unnamed TextStim: height = 25.0
137.1118 	EXP 	unnamed TextStim: height = 25.0
137.1118 	EXP 	unnamed TextStim: text = '→'
138.6903 	DATA 	Keypress: right
138.6924 	EXP 	Created unnamed TextStim = TextStim(__class__=<class 'psychopy.visual.text.TextStim'>, alignHoriz=method-wrapper(...), alignText='center', alignVert=method-wrapper(...), anchorHoriz='center', anchorVert='center', antialias=True, autoDraw=False, autoLog=True, bold=False, color=array([-1, -1, -1]), colorSpace='rgb', contrast=1.0, depth=0, flipHoriz=False, flipVert=False, font='', fontFiles=[], height=50.0, italic=False, languageStyle='LTR', name='unnamed TextStim', opacity=1.0, ori=0.0, pos=array([0., 0.]), rgb=UNKNOWN, text='Poprawnie', units='pix', win=Window(...), wrapWidth=500)
139.6953 	EXP 	unnamed TextStim: text = '→'
141.3762 	DATA 	Keypress: right
141.3781 	EXP 	Created unnamed TextStim = TextStim(__class__=<class 'psychopy.visual.text.TextStim'>, alignHoriz=method-wrapper(...), alignText='center', alignVert=method-wrapper(...), anchorHoriz='center', anchorVert='center', antialias=True, autoDraw=False, autoLog=True, bold=False, color=array([-1, -1, -1]), colorSpace='rgb', contrast=1.0, depth=0, flipHoriz=False, flipVert=False, font='', fontFiles=[], height=50.0, italic=False, languageStyle='LTR', name='unnamed TextStim', opacity=1.0, ori=0.0, pos=array([0., 0.]), rgb=UNKNOWN, text='Poprawnie', units='pix', win=Window(...), wrapWidth=500)
142.3954 	EXP 	unnamed TextStim: text = '→'
143.9173 	DATA 	Keypress: right
143.9195 	EXP 	Created unnamed TextStim = TextStim(__class__=<class 'psychopy.visual.text.TextStim'>, alignHoriz=method-wrapper(...), alignText='center', alignVert=method-wrapper(...), anchorHoriz='center', anchorVert='center', antialias=True, autoDraw=False, autoLog=True, bold=False, color=array([-1, -1, -1]), colorSpace='rgb', contrast=1.0, depth=0, flipHoriz=False, flipVert=False, font='', fontFiles=[], height=50.0, italic=False, languageStyle='LTR', name='unnamed TextStim', opacity=1.0, ori=0.0, pos=array([0., 0.]), rgb=UNKNOWN, text='Poprawnie', units='pix', win=Window(...), wrapWidth=500)
144.9289 	EXP 	unnamed TextStim: height = 25.0
144.9289 	EXP 	unnamed TextStim: height = 25.0
144.9289 	EXP 	unnamed TextStim: height = 25.0
144.9289 	EXP 	unnamed TextStim: text = '↑'
146.4276 	DATA 	Keypress: right
146.4302 	EXP 	Created unnamed TextStim = TextStim(__class__=<class 'psychopy.visual.text.TextStim'>, alignHoriz=method-wrapper(...), alignText='center', alignVert=method-wrapper(...), anchorHoriz='center', anchorVert='center', antialias=True, autoDraw=False, autoLog=True, bold=False, color=array([-1, -1, -1]), colorSpace='rgb', contrast=1.0, depth=0, flipHoriz=False, flipVert=False, font='', fontFiles=[], height=50.0, italic=False, languageStyle='LTR', name='unnamed TextStim', opacity=1.0, ori=0.0, pos=array([0., 0.]), rgb=UNKNOWN, text='Niepoprawnie', units='pix', win=Window(...), wrapWidth=500)
147.4457 	EXP 	unnamed TextStim: height = 25.0
147.4457 	EXP 	unnamed TextStim: height = 25.0
147.4457 	EXP 	unnamed TextStim: height = 25.0
147.4457 	EXP 	unnamed TextStim: text = '↓'
149.2624 	DATA 	Keypress: down
149.2645 	EXP 	Created unnamed TextStim = TextStim(__class__=<class 'psychopy.visual.text.TextStim'>, alignHoriz=method-wrapper(...), alignText='center', alignVert=method-wrapper(...), anchorHoriz='center', anchorVert='center', antialias=True, autoDraw=False, autoLog=True, bold=False, color=array([-1, -1, -1]), colorSpace='rgb', contrast=1.0, depth=0, flipHoriz=False, flipVert=False, font='', fontFiles=[], height=50.0, italic=False, languageStyle='LTR', name='unnamed TextStim', opacity=1.0, ori=0.0, pos=array([0., 0.]), rgb=UNKNOWN, text='Poprawnie', units='pix', win=Window(...), wrapWidth=500)
150.2888 	EXP 	Created unnamed TextStim = TextStim(__class__=<class 'psychopy.visual.text.TextStim'>, alignHoriz=method-wrapper(...), alignText='center', alignVert=method-wrapper(...), anchorHoriz='center', anchorVert='center', antialias=True, autoDraw=False, autoLog=True, bold=False, color=array([-1, -1, -1]), colorSpace='rgb', contrast=1.0, depth=0, flipHoriz=False, flipVert=False, font='', fontFiles=[], height=20.0, italic=False, languageStyle='LTR', name='unnamed TextStim', opacity=1.0, ori=0.0, pos=array([0., 0.]), rgb=UNKNOWN, text=str(...), units='pix', win=Window(...), wrapWidth=1536)
165.6475 	DATA 	Keypress: space
165.6631 	EXP 	unnamed TextStim: height = 25.0
165.6631 	EXP 	unnamed TextStim: height = 25.0
165.6631 	EXP 	unnamed TextStim: height = 25.0
165.6631 	EXP 	unnamed TextStim: text = '←'
167.0398 	DATA 	Keypress: left
167.0432 	EXP 	unnamed TextStim: height = 25.0
167.0432 	EXP 	unnamed TextStim: height = 25.0
167.0432 	EXP 	unnamed TextStim: height = 25.0
167.0432 	EXP 	unnamed TextStim: text = '↑'
168.5526 	DATA 	Keypress: up
168.5538 	EXP 	unnamed TextStim: text = '↑'
170.4108 	DATA 	Keypress: right
170.4137 	EXP 	unnamed TextStim: height = 25.0
170.4137 	EXP 	unnamed TextStim: height = 25.0
170.4137 	EXP 	unnamed TextStim: height = 25.0
170.4137 	EXP 	unnamed TextStim: text = '↓'
172.0173 	DATA 	Keypress: left
172.0206 	EXP 	unnamed TextStim: height = 25.0
172.0206 	EXP 	unnamed TextStim: height = 25.0
172.0206 	EXP 	unnamed TextStim: height = 25.0
172.0206 	EXP 	unnamed TextStim: text = '→'
173.5476 	DATA 	Keypress: right
173.5504 	EXP 	unnamed TextStim: height = 25.0
173.5504 	EXP 	unnamed TextStim: height = 25.0
173.5504 	EXP 	unnamed TextStim: height = 25.0
173.5504 	EXP 	unnamed TextStim: text = '←'
175.1390 	DATA 	Keypress: left
175.2631 	EXP 	Created unnamed ImageStim = ImageStim(__class__=<class 'psychopy.visual.image.ImageStim'>, anchor=('center', 'center'), autoLog=True, color=array([1., 1., 1.]), colorSpace='rgb', contrast=1.0, depth=0, flipHoriz=False, flipVert=False, image='break.jpg', interpolate=True, mask=None, maskParams=None, name='unnamed ImageStim', opacity=1.0, ori=0.0, pos=array([0., 0.]), size=array([1536.,  864.]), texRes=128, units='pix', win=Window(...))
187.1220 	DATA 	Keypress: space
187.1307 	EXP 	unnamed TextStim: text = '←'
188.6328 	DATA 	Keypress: left
188.6350 	EXP 	unnamed TextStim: height = 25.0
188.6350 	EXP 	unnamed TextStim: height = 25.0
188.6350 	EXP 	unnamed TextStim: height = 25.0
188.6350 	EXP 	unnamed TextStim: text = '→'
190.2402 	DATA 	Keypress: right
190.2424 	EXP 	unnamed TextStim: height = 25.0
190.2424 	EXP 	unnamed TextStim: height = 25.0
190.2424 	EXP 	unnamed TextStim: height = 25.0
190.2424 	EXP 	unnamed TextStim: text = '↑'
191.8365 	DATA 	Keypress: left
191.8389 	EXP 	unnamed TextStim: height = 25.0
191.8389 	EXP 	unnamed TextStim: height = 25.0
191.8389 	EXP 	unnamed TextStim: height = 25.0
191.8389 	EXP 	unnamed TextStim: text = '→'
193.2707 	DATA 	Keypress: right
193.2729 	EXP 	unnamed TextStim: height = 25.0
193.2729 	EXP 	unnamed TextStim: height = 25.0
193.2729 	EXP 	unnamed TextStim: height = 25.0
193.2729 	EXP 	unnamed TextStim: text = '←'
194.7195 	DATA 	Keypress: left
194.7218 	EXP 	unnamed TextStim: height = 25.0
194.7218 	EXP 	unnamed TextStim: height = 25.0
194.7218 	EXP 	unnamed TextStim: height = 25.0
194.7218 	EXP 	unnamed TextStim: text = '→'
196.1372 	DATA 	Keypress: right
196.2463 	EXP 	Created unnamed ImageStim = ImageStim(__class__=<class 'psychopy.visual.image.ImageStim'>, anchor=('center', 'center'), autoLog=True, color=array([1., 1., 1.]), colorSpace='rgb', contrast=1.0, depth=0, flipHoriz=False, flipVert=False, image='break.jpg', interpolate=True, mask=None, maskParams=None, name='unnamed ImageStim', opacity=1.0, ori=0.0, pos=array([0., 0.]), size=array([1536.,  864.]), texRes=128, units='pix', win=Window(...))
198.2446 	DATA 	Keypress: space
198.2524 	EXP 	unnamed TextStim: height = 25.0
198.2524 	EXP 	unnamed TextStim: height = 25.0
198.2524 	EXP 	unnamed TextStim: height = 25.0
198.2524 	EXP 	unnamed TextStim: text = '↑'
199.8086 	DATA 	Keypress: right
199.8109 	EXP 	unnamed TextStim: height = 25.0
199.8109 	EXP 	unnamed TextStim: height = 25.0
199.8109 	EXP 	unnamed TextStim: height = 25.0
199.8109 	EXP 	unnamed TextStim: text = '←'
201.3800 	DATA 	Keypress: left
201.3821 	EXP 	unnamed TextStim: height = 25.0
201.3821 	EXP 	unnamed TextStim: height = 25.0
201.3821 	EXP 	unnamed TextStim: height = 25.0
201.3821 	EXP 	unnamed TextStim: text = '↑'
202.9166 	DATA 	Keypress: left
202.9189 	EXP 	unnamed TextStim: height = 25.0
202.9189 	EXP 	unnamed TextStim: height = 25.0
202.9189 	EXP 	unnamed TextStim: height = 25.0
202.9189 	EXP 	unnamed TextStim: text = '↓'
204.5929 	DATA 	Keypress: left
204.5951 	EXP 	unnamed TextStim: height = 25.0
204.5951 	EXP 	unnamed TextStim: height = 25.0
204.5951 	EXP 	unnamed TextStim: height = 25.0
204.5951 	EXP 	unnamed TextStim: text = '←'
206.0755 	DATA 	Keypress: left
206.0767 	EXP 	unnamed TextStim: text = '←'
207.6084 	DATA 	Keypress: left
207.7105 	EXP 	Created unnamed ImageStim = ImageStim(__class__=<class 'psychopy.visual.image.ImageStim'>, anchor=('center', 'center'), autoLog=True, color=array([1., 1., 1.]), colorSpace='rgb', contrast=1.0, depth=0, flipHoriz=False, flipVert=False, image='break.jpg', interpolate=True, mask=None, maskParams=None, name='unnamed ImageStim', opacity=1.0, ori=0.0, pos=array([0., 0.]), size=array([1536.,  864.]), texRes=128, units='pix', win=Window(...))
209.1089 	DATA 	Keypress: space
209.1147 	EXP 	unnamed TextStim: height = 25.0
209.1147 	EXP 	unnamed TextStim: height = 25.0
209.1147 	EXP 	unnamed TextStim: height = 25.0
209.1147 	EXP 	unnamed TextStim: text = '↓'
210.7569 	DATA 	Keypress: down
210.7580 	EXP 	unnamed TextStim: text = '↓'
212.3302 	DATA 	Keypress: down
212.3324 	EXP 	unnamed TextStim: height = 25.0
212.3324 	EXP 	unnamed TextStim: height = 25.0
212.3324 	EXP 	unnamed TextStim: height = 25.0
212.3324 	EXP 	unnamed TextStim: text = '↑'
214.0221 	DATA 	Keypress: up
214.0245 	EXP 	unnamed TextStim: height = 25.0
214.0245 	EXP 	unnamed TextStim: height = 25.0
214.0245 	EXP 	unnamed TextStim: height = 25.0
214.0245 	EXP 	unnamed TextStim: text = '↓'
215.8018 	DATA 	Keypress: down
215.8033 	EXP 	unnamed TextStim: text = '↓'
217.3348 	DATA 	Keypress: down
217.3372 	EXP 	unnamed TextStim: height = 25.0
217.3372 	EXP 	unnamed TextStim: height = 25.0
217.3372 	EXP 	unnamed TextStim: height = 25.0
217.3372 	EXP 	unnamed TextStim: text = '→'
218.9938 	DATA 	Keypress: right
219.1026 	EXP 	Created unnamed ImageStim = ImageStim(__class__=<class 'psychopy.visual.image.ImageStim'>, anchor=('center', 'center'), autoLog=True, color=array([1., 1., 1.]), colorSpace='rgb', contrast=1.0, depth=0, flipHoriz=False, flipVert=False, image='break.jpg', interpolate=True, mask=None, maskParams=None, name='unnamed ImageStim', opacity=1.0, ori=0.0, pos=array([0., 0.]), size=array([1536.,  864.]), texRes=128, units='pix', win=Window(...))
221.2430 	DATA 	Keypress: space
221.2483 	EXP 	unnamed TextStim: height = 25.0
221.2483 	EXP 	unnamed TextStim: height = 25.0
221.2483 	EXP 	unnamed TextStim: height = 25.0
221.2483 	EXP 	unnamed TextStim: text = '↑'
222.9091 	DATA 	Keypress: up
222.9113 	EXP 	unnamed TextStim: height = 25.0
222.9113 	EXP 	unnamed TextStim: height = 25.0
222.9113 	EXP 	unnamed TextStim: height = 25.0
222.9113 	EXP 	unnamed TextStim: text = '↓'
224.6148 	DATA 	Keypress: down
224.6170 	EXP 	unnamed TextStim: height = 25.0
224.6170 	EXP 	unnamed TextStim: height = 25.0
224.6170 	EXP 	unnamed TextStim: height = 25.0
224.6170 	EXP 	unnamed TextStim: text = '↑'
226.1574 	DATA 	Keypress: up
226.1596 	EXP 	unnamed TextStim: height = 25.0
226.1596 	EXP 	unnamed TextStim: height = 25.0
226.1596 	EXP 	unnamed TextStim: height = 25.0
226.1596 	EXP 	unnamed TextStim: text = '←'
227.5736 	DATA 	Keypress: left
227.5757 	EXP 	unnamed TextStim: height = 25.0
227.5757 	EXP 	unnamed TextStim: height = 25.0
227.5757 	EXP 	unnamed TextStim: height = 25.0
227.5757 	EXP 	unnamed TextStim: text = '↓'
229.1390 	DATA 	Keypress: down
229.1413 	EXP 	unnamed TextStim: height = 25.0
229.1413 	EXP 	unnamed TextStim: height = 25.0
229.1413 	EXP 	unnamed TextStim: height = 25.0
229.1413 	EXP 	unnamed TextStim: text = '↑'
230.8918 	DATA 	Keypress: down
230.9947 	EXP 	Created unnamed ImageStim = ImageStim(__class__=<class 'psychopy.visual.image.ImageStim'>, anchor=('center', 'center'), autoLog=True, color=array([1., 1., 1.]), colorSpace='rgb', contrast=1.0, depth=0, flipHoriz=False, flipVert=False, image='break.jpg', interpolate=True, mask=None, maskParams=None, name='unnamed ImageStim', opacity=1.0, ori=0.0, pos=array([0., 0.]), size=array([1536.,  864.]), texRes=128, units='pix', win=Window(...))
232.6099 	DATA 	Keypress: space
232.6155 	EXP 	unnamed TextStim: height = 25.0
232.6155 	EXP 	unnamed TextStim: height = 25.0
232.6155 	EXP 	unnamed TextStim: height = 25.0
232.6155 	EXP 	unnamed TextStim: text = '→'
234.1456 	DATA 	Keypress: right
234.1469 	EXP 	unnamed TextStim: text = '→'
235.6851 	DATA 	Keypress: right
235.6873 	EXP 	unnamed TextStim: height = 25.0
235.6873 	EXP 	unnamed TextStim: height = 25.0
235.6873 	EXP 	unnamed TextStim: height = 25.0
235.6873 	EXP 	unnamed TextStim: text = '←'
237.2672 	DATA 	Keypress: left
237.2718 	EXP 	unnamed TextStim: height = 25.0
237.2718 	EXP 	unnamed TextStim: height = 25.0
237.2718 	EXP 	unnamed TextStim: height = 25.0
237.2718 	EXP 	unnamed TextStim: text = '↑'
238.7373 	DATA 	Keypress: up
238.7394 	EXP 	unnamed TextStim: height = 25.0
238.7394 	EXP 	unnamed TextStim: height = 25.0
238.7394 	EXP 	unnamed TextStim: height = 25.0
238.7394 	EXP 	unnamed TextStim: text = '→'
240.1991 	DATA 	Keypress: right
240.2004 	EXP 	unnamed TextStim: text = '→'
241.7021 	DATA 	Keypress: right
241.8056 	EXP 	Created unnamed ImageStim = ImageStim(__class__=<class 'psychopy.visual.image.ImageStim'>, anchor=('center', 'center'), autoLog=True, color=array([1., 1., 1.]), colorSpace='rgb', contrast=1.0, depth=0, flipHoriz=False, flipVert=False, image='break.jpg', interpolate=True, mask=None, maskParams=None, name='unnamed ImageStim', opacity=1.0, ori=0.0, pos=array([0., 0.]), size=array([1536.,  864.]), texRes=128, units='pix', win=Window(...))
243.0132 	DATA 	Keypress: space
243.0158 	EXP 	unnamed TextStim: height = 25.0
243.0158 	EXP 	unnamed TextStim: height = 25.0
243.0158 	EXP 	unnamed TextStim: height = 25.0
243.0158 	EXP 	unnamed TextStim: text = '←'
244.4787 	DATA 	Keypress: left
244.4807 	EXP 	unnamed TextStim: height = 25.0
244.4807 	EXP 	unnamed TextStim: height = 25.0
244.4807 	EXP 	unnamed TextStim: height = 25.0
244.4807 	EXP 	unnamed TextStim: text = '→'
245.8242 	DATA 	Keypress: right
245.8253 	EXP 	unnamed TextStim: text = '→'
247.3364 	DATA 	Keypress: right
247.3385 	EXP 	unnamed TextStim: height = 25.0
247.3385 	EXP 	unnamed TextStim: height = 25.0
247.3385 	EXP 	unnamed TextStim: height = 25.0
247.3385 	EXP 	unnamed TextStim: text = '←'
248.8178 	DATA 	Keypress: left
248.8201 	EXP 	unnamed TextStim: height = 25.0
248.8201 	EXP 	unnamed TextStim: height = 25.0
248.8201 	EXP 	unnamed TextStim: height = 25.0
248.8201 	EXP 	unnamed TextStim: text = '→'
250.2088 	DATA 	Keypress: right
250.2109 	EXP 	unnamed TextStim: height = 25.0
250.2109 	EXP 	unnamed TextStim: height = 25.0
250.2109 	EXP 	unnamed TextStim: height = 25.0
250.2109 	EXP 	unnamed TextStim: text = '←'
251.5687 	DATA 	Keypress: left
251.6716 	EXP 	Created unnamed ImageStim = ImageStim(__class__=<class 'psychopy.visual.image.ImageStim'>, anchor=('center', 'center'), autoLog=True, color=array([1., 1., 1.]), colorSpace='rgb', contrast=1.0, depth=0, flipHoriz=False, flipVert=False, image='break.jpg', interpolate=True, mask=None, maskParams=None, name='unnamed ImageStim', opacity=1.0, ori=0.0, pos=array([0., 0.]), size=array([1536.,  864.]), texRes=128, units='pix', win=Window(...))
252.7780 	DATA 	Keypress: space
252.7829 	EXP 	unnamed TextStim: height = 25.0
252.7829 	EXP 	unnamed TextStim: height = 25.0
252.7829 	EXP 	unnamed TextStim: height = 25.0
252.7829 	EXP 	unnamed TextStim: text = '↓'
254.4745 	DATA 	Keypress: down
254.4809 	EXP 	unnamed TextStim: height = 25.0
254.4809 	EXP 	unnamed TextStim: height = 25.0
254.4809 	EXP 	unnamed TextStim: height = 25.0
254.4809 	EXP 	unnamed TextStim: text = '←'
255.8051 	DATA 	Keypress: left
255.8079 	EXP 	unnamed TextStim: height = 25.0
255.8079 	EXP 	unnamed TextStim: height = 25.0
255.8079 	EXP 	unnamed TextStim: height = 25.0
255.8079 	EXP 	unnamed TextStim: text = '↓'
257.2669 	DATA 	Keypress: down
257.2689 	EXP 	unnamed TextStim: height = 25.0
257.2689 	EXP 	unnamed TextStim: height = 25.0
257.2689 	EXP 	unnamed TextStim: height = 25.0
257.2689 	EXP 	unnamed TextStim: text = '←'
258.6939 	DATA 	Keypress: left
258.6951 	EXP 	unnamed TextStim: text = '←'
260.2160 	DATA 	Keypress: left
260.2182 	EXP 	unnamed TextStim: height = 25.0
260.2182 	EXP 	unnamed TextStim: height = 25.0
260.2182 	EXP 	unnamed TextStim: height = 25.0
260.2182 	EXP 	unnamed TextStim: text = '↓'
261.7114 	DATA 	Keypress: down
261.8137 	EXP 	Created unnamed ImageStim = ImageStim(__class__=<class 'psychopy.visual.image.ImageStim'>, anchor=('center', 'center'), autoLog=True, color=array([1., 1., 1.]), colorSpace='rgb', contrast=1.0, depth=0, flipHoriz=False, flipVert=False, image='break.jpg', interpolate=True, mask=None, maskParams=None, name='unnamed ImageStim', opacity=1.0, ori=0.0, pos=array([0., 0.]), size=array([1536.,  864.]), texRes=128, units='pix', win=Window(...))
263.2282 	DATA 	Keypress: space
263.2331 	EXP 	unnamed TextStim: height = 25.0
263.2331 	EXP 	unnamed TextStim: height = 25.0
263.2331 	EXP 	unnamed TextStim: height = 25.0
263.2331 	EXP 	unnamed TextStim: text = '←'
264.6642 	DATA 	Keypress: left
264.6672 	EXP 	unnamed TextStim: height = 25.0
264.6672 	EXP 	unnamed TextStim: height = 25.0
264.6672 	EXP 	unnamed TextStim: height = 25.0
264.6672 	EXP 	unnamed TextStim: text = '↓'
266.1531 	DATA 	Keypress: down
266.1553 	EXP 	unnamed TextStim: height = 25.0
266.1553 	EXP 	unnamed TextStim: height = 25.0
266.1553 	EXP 	unnamed TextStim: height = 25.0
266.1553 	EXP 	unnamed TextStim: text = '←'
267.4956 	DATA 	Keypress: left
267.4977 	EXP 	unnamed TextStim: height = 25.0
267.4977 	EXP 	unnamed TextStim: height = 25.0
267.4977 	EXP 	unnamed TextStim: height = 25.0
267.4977 	EXP 	unnamed TextStim: text = '↑'
268.9704 	DATA 	Keypress: up
268.9716 	EXP 	unnamed TextStim: text = '↑'
270.5839 	DATA 	Keypress: up
270.5862 	EXP 	unnamed TextStim: height = 25.0
270.5862 	EXP 	unnamed TextStim: height = 25.0
270.5862 	EXP 	unnamed TextStim: height = 25.0
270.5862 	EXP 	unnamed TextStim: text = '←'
272.1338 	DATA 	Keypress: left
272.2405 	EXP 	Created unnamed ImageStim = ImageStim(__class__=<class 'psychopy.visual.image.ImageStim'>, anchor=('center', 'center'), autoLog=True, color=array([1., 1., 1.]), colorSpace='rgb', contrast=1.0, depth=0, flipHoriz=False, flipVert=False, image='break.jpg', interpolate=True, mask=None, maskParams=None, name='unnamed ImageStim', opacity=1.0, ori=0.0, pos=array([0., 0.]), size=array([1536.,  864.]), texRes=128, units='pix', win=Window(...))
273.5748 	DATA 	Keypress: space
273.5837 	EXP 	unnamed TextStim: height = 25.0
273.5837 	EXP 	unnamed TextStim: height = 25.0
273.5837 	EXP 	unnamed TextStim: height = 25.0
273.5837 	EXP 	unnamed TextStim: text = '→'
275.1274 	DATA 	Keypress: left
275.1296 	EXP 	unnamed TextStim: height = 25.0
275.1296 	EXP 	unnamed TextStim: height = 25.0
275.1296 	EXP 	unnamed TextStim: height = 25.0
275.1296 	EXP 	unnamed TextStim: text = '↓'
276.5574 	DATA 	Keypress: down
276.5596 	EXP 	unnamed TextStim: height = 25.0
276.5596 	EXP 	unnamed TextStim: height = 25.0
276.5596 	EXP 	unnamed TextStim: height = 25.0
276.5596 	EXP 	unnamed TextStim: text = '↑'
277.9286 	DATA 	Keypress: up
277.9307 	EXP 	unnamed TextStim: height = 25.0
277.9307 	EXP 	unnamed TextStim: height = 25.0
277.9307 	EXP 	unnamed TextStim: height = 25.0
277.9307 	EXP 	unnamed TextStim: text = '→'
279.4268 	DATA 	Keypress: right
279.4290 	EXP 	unnamed TextStim: height = 25.0
279.4290 	EXP 	unnamed TextStim: height = 25.0
279.4290 	EXP 	unnamed TextStim: height = 25.0
279.4290 	EXP 	unnamed TextStim: text = '←'
280.8781 	DATA 	Keypress: left
280.8803 	EXP 	unnamed TextStim: height = 25.0
280.8803 	EXP 	unnamed TextStim: height = 25.0
280.8803 	EXP 	unnamed TextStim: height = 25.0
280.8803 	EXP 	unnamed TextStim: text = '↓'
282.2319 	DATA 	Keypress: down
282.3356 	EXP 	Created unnamed ImageStim = ImageStim(__class__=<class 'psychopy.visual.image.ImageStim'>, anchor=('center', 'center'), autoLog=True, color=array([1., 1., 1.]), colorSpace='rgb', contrast=1.0, depth=0, flipHoriz=False, flipVert=False, image='break.jpg', interpolate=True, mask=None, maskParams=None, name='unnamed ImageStim', opacity=1.0, ori=0.0, pos=array([0., 0.]), size=array([1536.,  864.]), texRes=128, units='pix', win=Window(...))
283.7522 	DATA 	Keypress: space
283.7674 	EXP 	unnamed TextStim: height = 25.0
283.7674 	EXP 	unnamed TextStim: height = 25.0
283.7674 	EXP 	unnamed TextStim: height = 25.0
283.7674 	EXP 	unnamed TextStim: text = '↑'
285.2251 	DATA 	Keypress: up
285.2272 	EXP 	unnamed TextStim: height = 25.0
285.2272 	EXP 	unnamed TextStim: height = 25.0
285.2272 	EXP 	unnamed TextStim: height = 25.0
285.2272 	EXP 	unnamed TextStim: text = '←'
286.7065 	DATA 	Keypress: right
286.7086 	EXP 	unnamed TextStim: height = 25.0
286.7086 	EXP 	unnamed TextStim: height = 25.0
286.7086 	EXP 	unnamed TextStim: height = 25.0
286.7086 	EXP 	unnamed TextStim: text = '→'
288.2697 	DATA 	Keypress: left
288.2740 	EXP 	unnamed TextStim: height = 25.0
288.2740 	EXP 	unnamed TextStim: height = 25.0
288.2740 	EXP 	unnamed TextStim: height = 25.0
288.2740 	EXP 	unnamed TextStim: text = '↓'
289.6626 	DATA 	Keypress: down
289.6644 	EXP 	unnamed TextStim: text = '↓'
291.0655 	DATA 	Keypress: down
291.0677 	EXP 	unnamed TextStim: height = 25.0
291.0677 	EXP 	unnamed TextStim: height = 25.0
291.0677 	EXP 	unnamed TextStim: height = 25.0
291.0677 	EXP 	unnamed TextStim: text = '←'
292.5772 	DATA 	Keypress: right
292.6813 	EXP 	Created unnamed ImageStim = ImageStim(__class__=<class 'psychopy.visual.image.ImageStim'>, anchor=('center', 'center'), autoLog=True, color=array([1., 1., 1.]), colorSpace='rgb', contrast=1.0, depth=0, flipHoriz=False, flipVert=False, image='break.jpg', interpolate=True, mask=None, maskParams=None, name='unnamed ImageStim', opacity=1.0, ori=0.0, pos=array([0., 0.]), size=array([1536.,  864.]), texRes=128, units='pix', win=Window(...))
294.0638 	DATA 	Keypress: space
294.0873 	EXP 	Created unnamed TextStim = TextStim(__class__=<class 'psychopy.visual.text.TextStim'>, alignHoriz=method-wrapper(...), alignText='center', alignVert=method-wrapper(...), anchorHoriz='center', anchorVert='center', antialias=True, autoDraw=False, autoLog=True, bold=False, color=array([-1, -1, -1]), colorSpace='rgb', contrast=1.0, depth=0, flipHoriz=False, flipVert=False, font='', fontFiles=[], height=20.0, italic=False, languageStyle='LTR', name='unnamed TextStim', opacity=1.0, ori=0.0, pos=array([0., 0.]), rgb=UNKNOWN, text=str(...), units='pix', win=Window(...), wrapWidth=1536)
299.1350 	DATA 	Keypress: return
299.2508 	EXP 	window1: mouseVisible = True
