12.1452 	WARNING 	User requested fullscreen with size [1536  864], but screen is actually [1920, 1080]. Using actual size
13.6636 	INFO 	FRAME RATE: 60
13.6637 	INFO 	SCREEN RES: odict_values([1536, 864])
13.7267 	EXP 	Created unnamed TextStim = TextStim(__class__=<class 'psychopy.visual.text.TextStim'>, alignHoriz=method-wrapper(...), alignText='center', alignVert=method-wrapper(...), anchorHoriz='center', anchorVert='center', antialias=True, autoDraw=False, autoLog=True, bold=False, color=array([-1, -1, -1]), colorSpace='rgb', contrast=1.0, depth=0, flipHoriz=False, flipVert=False, font='', fontFiles=[], height=100.0, italic=False, languageStyle='LTR', name='unnamed TextStim', opacity=1.0, ori=0.0, pos=array([0., 0.]), rgb=UNKNOWN, text='+', units='pix', win=Window(...), wrapWidth=500)
13.7310 	EXP 	Created unnamed Circle = Circle(__class__=<class 'psychopy.visual.circle.Circle'>, anchor=('center', 'center'), autoDraw=False, autoLog=True, closeShape=True, color=method-wrapper(...), colorSpace='rgb', contrast=None, depth=0, fillColor=array([ 0.09019608, -1.        , -1.        ]), fillColorSpace='rgb', fillRGB=array([ 0.09019608, -1.        , -1.        ]), interpolate=True, lineColor=array([ 0.09019608, -1.        , -1.        ]), lineColorSpace='rgb', lineRGB=array([ 0.09019608, -1.        , -1.        ]), lineWidth=1.5, name='unnamed Circle', opacity=1.0, ori=0.0, pos=array([0., 0.]), size=array([1., 1.]), units='pix', vertices=ndarray(...), win=Window(...))
13.7322 	EXP 	Created unnamed TextStim = TextStim(__class__=<class 'psychopy.visual.text.TextStim'>, alignHoriz=method-wrapper(...), alignText='center', alignVert=method-wrapper(...), anchorHoriz='center', anchorVert='center', antialias=True, autoDraw=False, autoLog=True, bold=False, color=array([-0.17647059, -0.17647059, -0.17647059]), colorSpace='rgb', contrast=1.0, depth=0, flipHoriz=False, flipVert=False, font='', fontFiles=[], height=25, italic=False, languageStyle='LTR', name='unnamed TextStim', opacity=1.0, ori=0.0, pos=array([0., 0.]), rgb=UNKNOWN, text='', units='pix', win=Window(...), wrapWidth=500)
13.7389 	EXP 	Created unnamed ImageStim = ImageStim(__class__=<class 'psychopy.visual.image.ImageStim'>, anchor=('center', 'center'), autoLog=True, color=array([1., 1., 1.]), colorSpace='rgb', contrast=1.0, depth=0, flipHoriz=False, flipVert=False, image='mask4.png', interpolate=False, mask=None, maskParams=None, name='unnamed ImageStim', opacity=1.0, ori=0.0, pos=array([0., 0.]), size=array([25., 25.]), texRes=128, units='pix', win=Window(...))
13.7473 	EXP 	Created unnamed TextStim = TextStim(__class__=<class 'psychopy.visual.text.TextStim'>, alignHoriz=method-wrapper(...), alignText='center', alignVert=method-wrapper(...), anchorHoriz='center', anchorVert='center', antialias=True, autoDraw=False, autoLog=True, bold=False, color=array([-1, -1, -1]), colorSpace='rgb', contrast=1.0, depth=0, flipHoriz=False, flipVert=False, font='', fontFiles=[], height=30.0, italic=False, languageStyle='LTR', name='unnamed TextStim', opacity=1.0, ori=0.0, pos=array([ 100., -300.]), rgb=UNKNOWN, text=str(...), units='pix', win=Window(...), wrapWidth=10000)
13.7597 	EXP 	Created unnamed TextStim = TextStim(__class__=<class 'psychopy.visual.text.TextStim'>, alignHoriz=method-wrapper(...), alignText='center', alignVert=method-wrapper(...), anchorHoriz='center', anchorVert='center', antialias=True, autoDraw=False, autoLog=True, bold=False, color=array([-1, -1, -1]), colorSpace='rgb', contrast=1.0, depth=0, flipHoriz=False, flipVert=False, font='', fontFiles=[], height=30.0, italic=False, languageStyle='LTR', name='unnamed TextStim', opacity=1.0, ori=0.0, pos=array([ 100., -330.]), rgb=UNKNOWN, text=str(...), units='pix', win=Window(...), wrapWidth=10000)
13.7962 	EXP 	Created unnamed TextStim = TextStim(__class__=<class 'psychopy.visual.text.TextStim'>, alignHoriz=method-wrapper(...), alignText='center', alignVert=method-wrapper(...), anchorHoriz='center', anchorVert='center', antialias=True, autoDraw=False, autoLog=True, bold=False, color=array([-1, -1, -1]), colorSpace='rgb', contrast=1.0, depth=0, flipHoriz=False, flipVert=False, font='', fontFiles=[], height=20.0, italic=False, languageStyle='LTR', name='unnamed TextStim', opacity=1.0, ori=0.0, pos=array([0., 0.]), rgb=UNKNOWN, text=str(...), units='pix', win=Window(...), wrapWidth=1536)
45.2339 	DATA 	Keypress: space
45.2467 	EXP 	unnamed TextStim: height = 25.0
45.2467 	EXP 	unnamed TextStim: height = 25.0
45.2467 	EXP 	unnamed TextStim: height = 25.0
45.2467 	EXP 	unnamed TextStim: text = '↑'
48.2139 	DATA 	No keypress (maxWait exceeded)
48.2224 	EXP 	Created unnamed TextStim = TextStim(__class__=<class 'psychopy.visual.text.TextStim'>, alignHoriz=method-wrapper(...), alignText='center', alignVert=method-wrapper(...), anchorHoriz='center', anchorVert='center', antialias=True, autoDraw=False, autoLog=True, bold=False, color=array([-1, -1, -1]), colorSpace='rgb', contrast=1.0, depth=0, flipHoriz=False, flipVert=False, font='', fontFiles=[], height=50.0, italic=False, languageStyle='LTR', name='unnamed TextStim', opacity=1.0, ori=0.0, pos=array([0., 0.]), rgb=UNKNOWN, text='Niepoprawnie', units='pix', win=Window(...), wrapWidth=500)
49.2304 	EXP 	unnamed TextStim: height = 25.0
49.2304 	EXP 	unnamed TextStim: height = 25.0
49.2304 	EXP 	unnamed TextStim: height = 25.0
49.2304 	EXP 	unnamed TextStim: text = '→'
51.5449 	DATA 	Keypress: right
51.5485 	EXP 	Created unnamed TextStim = TextStim(__class__=<class 'psychopy.visual.text.TextStim'>, alignHoriz=method-wrapper(...), alignText='center', alignVert=method-wrapper(...), anchorHoriz='center', anchorVert='center', antialias=True, autoDraw=False, autoLog=True, bold=False, color=array([-1, -1, -1]), colorSpace='rgb', contrast=1.0, depth=0, flipHoriz=False, flipVert=False, font='', fontFiles=[], height=50.0, italic=False, languageStyle='LTR', name='unnamed TextStim', opacity=1.0, ori=0.0, pos=array([0., 0.]), rgb=UNKNOWN, text='Poprawnie', units='pix', win=Window(...), wrapWidth=500)
52.5639 	EXP 	unnamed TextStim: height = 25.0
52.5639 	EXP 	unnamed TextStim: height = 25.0
52.5639 	EXP 	unnamed TextStim: height = 25.0
52.5639 	EXP 	unnamed TextStim: text = '←'
54.8138 	DATA 	Keypress: left
54.8157 	EXP 	Created unnamed TextStim = TextStim(__class__=<class 'psychopy.visual.text.TextStim'>, alignHoriz=method-wrapper(...), alignText='center', alignVert=method-wrapper(...), anchorHoriz='center', anchorVert='center', antialias=True, autoDraw=False, autoLog=True, bold=False, color=array([-1, -1, -1]), colorSpace='rgb', contrast=1.0, depth=0, flipHoriz=False, flipVert=False, font='', fontFiles=[], height=50.0, italic=False, languageStyle='LTR', name='unnamed TextStim', opacity=1.0, ori=0.0, pos=array([0., 0.]), rgb=UNKNOWN, text='Poprawnie', units='pix', win=Window(...), wrapWidth=500)
55.8306 	EXP 	unnamed TextStim: text = '←'
57.7358 	DATA 	Keypress: left
57.7379 	EXP 	Created unnamed TextStim = TextStim(__class__=<class 'psychopy.visual.text.TextStim'>, alignHoriz=method-wrapper(...), alignText='center', alignVert=method-wrapper(...), anchorHoriz='center', anchorVert='center', antialias=True, autoDraw=False, autoLog=True, bold=False, color=array([-1, -1, -1]), colorSpace='rgb', contrast=1.0, depth=0, flipHoriz=False, flipVert=False, font='', fontFiles=[], height=50.0, italic=False, languageStyle='LTR', name='unnamed TextStim', opacity=1.0, ori=0.0, pos=array([0., 0.]), rgb=UNKNOWN, text='Poprawnie', units='pix', win=Window(...), wrapWidth=500)
58.7474 	EXP 	unnamed TextStim: text = '←'
60.4360 	DATA 	Keypress: left
60.4379 	EXP 	Created unnamed TextStim = TextStim(__class__=<class 'psychopy.visual.text.TextStim'>, alignHoriz=method-wrapper(...), alignText='center', alignVert=method-wrapper(...), anchorHoriz='center', anchorVert='center', antialias=True, autoDraw=False, autoLog=True, bold=False, color=array([-1, -1, -1]), colorSpace='rgb', contrast=1.0, depth=0, flipHoriz=False, flipVert=False, font='', fontFiles=[], height=50.0, italic=False, languageStyle='LTR', name='unnamed TextStim', opacity=1.0, ori=0.0, pos=array([0., 0.]), rgb=UNKNOWN, text='Poprawnie', units='pix', win=Window(...), wrapWidth=500)
61.4476 	EXP 	unnamed TextStim: height = 25.0
61.4476 	EXP 	unnamed TextStim: height = 25.0
61.4476 	EXP 	unnamed TextStim: height = 25.0
61.4476 	EXP 	unnamed TextStim: text = '↓'
63.1812 	DATA 	Keypress: down
63.1833 	EXP 	Created unnamed TextStim = TextStim(__class__=<class 'psychopy.visual.text.TextStim'>, alignHoriz=method-wrapper(...), alignText='center', alignVert=method-wrapper(...), anchorHoriz='center', anchorVert='center', antialias=True, autoDraw=False, autoLog=True, bold=False, color=array([-1, -1, -1]), colorSpace='rgb', contrast=1.0, depth=0, flipHoriz=False, flipVert=False, font='', fontFiles=[], height=50.0, italic=False, languageStyle='LTR', name='unnamed TextStim', opacity=1.0, ori=0.0, pos=array([0., 0.]), rgb=UNKNOWN, text='Poprawnie', units='pix', win=Window(...), wrapWidth=500)
64.1977 	EXP 	unnamed TextStim: height = 25.0
64.1977 	EXP 	unnamed TextStim: height = 25.0
64.1977 	EXP 	unnamed TextStim: height = 25.0
64.1977 	EXP 	unnamed TextStim: text = '→'
66.0395 	DATA 	Keypress: right
66.0420 	EXP 	Created unnamed TextStim = TextStim(__class__=<class 'psychopy.visual.text.TextStim'>, alignHoriz=method-wrapper(...), alignText='center', alignVert=method-wrapper(...), anchorHoriz='center', anchorVert='center', antialias=True, autoDraw=False, autoLog=True, bold=False, color=array([-1, -1, -1]), colorSpace='rgb', contrast=1.0, depth=0, flipHoriz=False, flipVert=False, font='', fontFiles=[], height=50.0, italic=False, languageStyle='LTR', name='unnamed TextStim', opacity=1.0, ori=0.0, pos=array([0., 0.]), rgb=UNKNOWN, text='Poprawnie', units='pix', win=Window(...), wrapWidth=500)
67.0477 	EXP 	unnamed TextStim: height = 25.0
67.0477 	EXP 	unnamed TextStim: height = 25.0
67.0477 	EXP 	unnamed TextStim: height = 25.0
67.0477 	EXP 	unnamed TextStim: text = '↑'
68.8795 	DATA 	Keypress: up
68.8817 	EXP 	Created unnamed TextStim = TextStim(__class__=<class 'psychopy.visual.text.TextStim'>, alignHoriz=method-wrapper(...), alignText='center', alignVert=method-wrapper(...), anchorHoriz='center', anchorVert='center', antialias=True, autoDraw=False, autoLog=True, bold=False, color=array([-1, -1, -1]), colorSpace='rgb', contrast=1.0, depth=0, flipHoriz=False, flipVert=False, font='', fontFiles=[], height=50.0, italic=False, languageStyle='LTR', name='unnamed TextStim', opacity=1.0, ori=0.0, pos=array([0., 0.]), rgb=UNKNOWN, text='Poprawnie', units='pix', win=Window(...), wrapWidth=500)
69.8978 	EXP 	unnamed TextStim: height = 25.0
69.8978 	EXP 	unnamed TextStim: height = 25.0
69.8978 	EXP 	unnamed TextStim: height = 25.0
69.8978 	EXP 	unnamed TextStim: text = '↓'
71.6444 	DATA 	Keypress: down
71.6465 	EXP 	Created unnamed TextStim = TextStim(__class__=<class 'psychopy.visual.text.TextStim'>, alignHoriz=method-wrapper(...), alignText='center', alignVert=method-wrapper(...), anchorHoriz='center', anchorVert='center', antialias=True, autoDraw=False, autoLog=True, bold=False, color=array([-1, -1, -1]), colorSpace='rgb', contrast=1.0, depth=0, flipHoriz=False, flipVert=False, font='', fontFiles=[], height=50.0, italic=False, languageStyle='LTR', name='unnamed TextStim', opacity=1.0, ori=0.0, pos=array([0., 0.]), rgb=UNKNOWN, text='Poprawnie', units='pix', win=Window(...), wrapWidth=500)
72.6647 	EXP 	unnamed TextStim: text = '↓'
74.6564 	DATA 	Keypress: down
74.6586 	EXP 	Created unnamed TextStim = TextStim(__class__=<class 'psychopy.visual.text.TextStim'>, alignHoriz=method-wrapper(...), alignText='center', alignVert=method-wrapper(...), anchorHoriz='center', anchorVert='center', antialias=True, autoDraw=False, autoLog=True, bold=False, color=array([-1, -1, -1]), colorSpace='rgb', contrast=1.0, depth=0, flipHoriz=False, flipVert=False, font='', fontFiles=[], height=50.0, italic=False, languageStyle='LTR', name='unnamed TextStim', opacity=1.0, ori=0.0, pos=array([0., 0.]), rgb=UNKNOWN, text='Poprawnie', units='pix', win=Window(...), wrapWidth=500)
75.6648 	EXP 	unnamed TextStim: height = 25.0
75.6648 	EXP 	unnamed TextStim: height = 25.0
75.6648 	EXP 	unnamed TextStim: height = 25.0
75.6648 	EXP 	unnamed TextStim: text = '→'
77.4138 	DATA 	Keypress: right
77.4163 	EXP 	Created unnamed TextStim = TextStim(__class__=<class 'psychopy.visual.text.TextStim'>, alignHoriz=method-wrapper(...), alignText='center', alignVert=method-wrapper(...), anchorHoriz='center', anchorVert='center', antialias=True, autoDraw=False, autoLog=True, bold=False, color=array([-1, -1, -1]), colorSpace='rgb', contrast=1.0, depth=0, flipHoriz=False, flipVert=False, font='', fontFiles=[], height=50.0, italic=False, languageStyle='LTR', name='unnamed TextStim', opacity=1.0, ori=0.0, pos=array([0., 0.]), rgb=UNKNOWN, text='Poprawnie', units='pix', win=Window(...), wrapWidth=500)
78.4315 	EXP 	unnamed TextStim: text = '→'
80.0336 	DATA 	Keypress: right
80.0355 	EXP 	Created unnamed TextStim = TextStim(__class__=<class 'psychopy.visual.text.TextStim'>, alignHoriz=method-wrapper(...), alignText='center', alignVert=method-wrapper(...), anchorHoriz='center', anchorVert='center', antialias=True, autoDraw=False, autoLog=True, bold=False, color=array([-1, -1, -1]), colorSpace='rgb', contrast=1.0, depth=0, flipHoriz=False, flipVert=False, font='', fontFiles=[], height=50.0, italic=False, languageStyle='LTR', name='unnamed TextStim', opacity=1.0, ori=0.0, pos=array([0., 0.]), rgb=UNKNOWN, text='Poprawnie', units='pix', win=Window(...), wrapWidth=500)
81.0483 	EXP 	unnamed TextStim: height = 25.0
81.0483 	EXP 	unnamed TextStim: height = 25.0
81.0483 	EXP 	unnamed TextStim: height = 25.0
81.0483 	EXP 	unnamed TextStim: text = '↓'
82.7925 	DATA 	Keypress: down
82.7949 	EXP 	Created unnamed TextStim = TextStim(__class__=<class 'psychopy.visual.text.TextStim'>, alignHoriz=method-wrapper(...), alignText='center', alignVert=method-wrapper(...), anchorHoriz='center', anchorVert='center', antialias=True, autoDraw=False, autoLog=True, bold=False, color=array([-1, -1, -1]), colorSpace='rgb', contrast=1.0, depth=0, flipHoriz=False, flipVert=False, font='', fontFiles=[], height=50.0, italic=False, languageStyle='LTR', name='unnamed TextStim', opacity=1.0, ori=0.0, pos=array([0., 0.]), rgb=UNKNOWN, text='Poprawnie', units='pix', win=Window(...), wrapWidth=500)
83.7990 	EXP 	unnamed TextStim: height = 25.0
83.7990 	EXP 	unnamed TextStim: height = 25.0
83.7990 	EXP 	unnamed TextStim: height = 25.0
83.7990 	EXP 	unnamed TextStim: text = '←'
86.0571 	DATA 	Keypress: left
86.0595 	EXP 	Created unnamed TextStim = TextStim(__class__=<class 'psychopy.visual.text.TextStim'>, alignHoriz=method-wrapper(...), alignText='center', alignVert=method-wrapper(...), anchorHoriz='center', anchorVert='center', antialias=True, autoDraw=False, autoLog=True, bold=False, color=array([-1, -1, -1]), colorSpace='rgb', contrast=1.0, depth=0, flipHoriz=False, flipVert=False, font='', fontFiles=[], height=50.0, italic=False, languageStyle='LTR', name='unnamed TextStim', opacity=1.0, ori=0.0, pos=array([0., 0.]), rgb=UNKNOWN, text='Poprawnie', units='pix', win=Window(...), wrapWidth=500)
87.0652 	EXP 	unnamed TextStim: height = 25.0
87.0652 	EXP 	unnamed TextStim: height = 25.0
87.0652 	EXP 	unnamed TextStim: height = 25.0
87.0652 	EXP 	unnamed TextStim: text = '→'
88.5540 	DATA 	Keypress: right
88.5559 	EXP 	Created unnamed TextStim = TextStim(__class__=<class 'psychopy.visual.text.TextStim'>, alignHoriz=method-wrapper(...), alignText='center', alignVert=method-wrapper(...), anchorHoriz='center', anchorVert='center', antialias=True, autoDraw=False, autoLog=True, bold=False, color=array([-1, -1, -1]), colorSpace='rgb', contrast=1.0, depth=0, flipHoriz=False, flipVert=False, font='', fontFiles=[], height=50.0, italic=False, languageStyle='LTR', name='unnamed TextStim', opacity=1.0, ori=0.0, pos=array([0., 0.]), rgb=UNKNOWN, text='Poprawnie', units='pix', win=Window(...), wrapWidth=500)
89.5878 	EXP 	Created unnamed TextStim = TextStim(__class__=<class 'psychopy.visual.text.TextStim'>, alignHoriz=method-wrapper(...), alignText='center', alignVert=method-wrapper(...), anchorHoriz='center', anchorVert='center', antialias=True, autoDraw=False, autoLog=True, bold=False, color=array([-1, -1, -1]), colorSpace='rgb', contrast=1.0, depth=0, flipHoriz=False, flipVert=False, font='', fontFiles=[], height=20.0, italic=False, languageStyle='LTR', name='unnamed TextStim', opacity=1.0, ori=0.0, pos=array([0., 0.]), rgb=UNKNOWN, text=str(...), units='pix', win=Window(...), wrapWidth=1536)
104.5787 	DATA 	Keypress: space
104.5838 	EXP 	unnamed TextStim: height = 25.0
104.5838 	EXP 	unnamed TextStim: height = 25.0
104.5838 	EXP 	unnamed TextStim: height = 25.0
104.5838 	EXP 	unnamed TextStim: text = '↑'
106.2927 	DATA 	Keypress: down
106.2991 	EXP 	Created unnamed TextStim = TextStim(__class__=<class 'psychopy.visual.text.TextStim'>, alignHoriz=method-wrapper(...), alignText='center', alignVert=method-wrapper(...), anchorHoriz='center', anchorVert='center', antialias=True, autoDraw=False, autoLog=True, bold=False, color=array([-1, -1, -1]), colorSpace='rgb', contrast=1.0, depth=0, flipHoriz=False, flipVert=False, font='', fontFiles=[], height=50.0, italic=False, languageStyle='LTR', name='unnamed TextStim', opacity=1.0, ori=0.0, pos=array([0., 0.]), rgb=UNKNOWN, text='Niepoprawnie', units='pix', win=Window(...), wrapWidth=500)
107.3160 	EXP 	unnamed TextStim: height = 25.0
107.3160 	EXP 	unnamed TextStim: height = 25.0
107.3160 	EXP 	unnamed TextStim: height = 25.0
107.3160 	EXP 	unnamed TextStim: text = '→'
108.7776 	DATA 	Keypress: right
108.7810 	EXP 	Created unnamed TextStim = TextStim(__class__=<class 'psychopy.visual.text.TextStim'>, alignHoriz=method-wrapper(...), alignText='center', alignVert=method-wrapper(...), anchorHoriz='center', anchorVert='center', antialias=True, autoDraw=False, autoLog=True, bold=False, color=array([-1, -1, -1]), colorSpace='rgb', contrast=1.0, depth=0, flipHoriz=False, flipVert=False, font='', fontFiles=[], height=50.0, italic=False, languageStyle='LTR', name='unnamed TextStim', opacity=1.0, ori=0.0, pos=array([0., 0.]), rgb=UNKNOWN, text='Poprawnie', units='pix', win=Window(...), wrapWidth=500)
109.7994 	EXP 	unnamed TextStim: height = 25.0
109.7994 	EXP 	unnamed TextStim: height = 25.0
109.7994 	EXP 	unnamed TextStim: height = 25.0
109.7994 	EXP 	unnamed TextStim: text = '←'
111.2548 	DATA 	Keypress: left
111.2568 	EXP 	Created unnamed TextStim = TextStim(__class__=<class 'psychopy.visual.text.TextStim'>, alignHoriz=method-wrapper(...), alignText='center', alignVert=method-wrapper(...), anchorHoriz='center', anchorVert='center', antialias=True, autoDraw=False, autoLog=True, bold=False, color=array([-1, -1, -1]), colorSpace='rgb', contrast=1.0, depth=0, flipHoriz=False, flipVert=False, font='', fontFiles=[], height=50.0, italic=False, languageStyle='LTR', name='unnamed TextStim', opacity=1.0, ori=0.0, pos=array([0., 0.]), rgb=UNKNOWN, text='Poprawnie', units='pix', win=Window(...), wrapWidth=500)
112.2662 	EXP 	unnamed TextStim: height = 25.0
112.2662 	EXP 	unnamed TextStim: height = 25.0
112.2662 	EXP 	unnamed TextStim: height = 25.0
112.2662 	EXP 	unnamed TextStim: text = '↓'
113.8347 	DATA 	Keypress: down
113.8366 	EXP 	Created unnamed TextStim = TextStim(__class__=<class 'psychopy.visual.text.TextStim'>, alignHoriz=method-wrapper(...), alignText='center', alignVert=method-wrapper(...), anchorHoriz='center', anchorVert='center', antialias=True, autoDraw=False, autoLog=True, bold=False, color=array([-1, -1, -1]), colorSpace='rgb', contrast=1.0, depth=0, flipHoriz=False, flipVert=False, font='', fontFiles=[], height=50.0, italic=False, languageStyle='LTR', name='unnamed TextStim', opacity=1.0, ori=0.0, pos=array([0., 0.]), rgb=UNKNOWN, text='Poprawnie', units='pix', win=Window(...), wrapWidth=500)
114.8496 	EXP 	unnamed TextStim: text = '↓'
116.2597 	DATA 	Keypress: down
116.2617 	EXP 	Created unnamed TextStim = TextStim(__class__=<class 'psychopy.visual.text.TextStim'>, alignHoriz=method-wrapper(...), alignText='center', alignVert=method-wrapper(...), anchorHoriz='center', anchorVert='center', antialias=True, autoDraw=False, autoLog=True, bold=False, color=array([-1, -1, -1]), colorSpace='rgb', contrast=1.0, depth=0, flipHoriz=False, flipVert=False, font='', fontFiles=[], height=50.0, italic=False, languageStyle='LTR', name='unnamed TextStim', opacity=1.0, ori=0.0, pos=array([0., 0.]), rgb=UNKNOWN, text='Poprawnie', units='pix', win=Window(...), wrapWidth=500)
117.0635 	DATA 	Keypress: down
117.2662 	EXP 	unnamed TextStim: height = 25.0
117.2662 	EXP 	unnamed TextStim: height = 25.0
117.2662 	EXP 	unnamed TextStim: height = 25.0
117.2662 	EXP 	unnamed TextStim: text = '←'
118.7637 	DATA 	Keypress: left
118.7656 	EXP 	Created unnamed TextStim = TextStim(__class__=<class 'psychopy.visual.text.TextStim'>, alignHoriz=method-wrapper(...), alignText='center', alignVert=method-wrapper(...), anchorHoriz='center', anchorVert='center', antialias=True, autoDraw=False, autoLog=True, bold=False, color=array([-1, -1, -1]), colorSpace='rgb', contrast=1.0, depth=0, flipHoriz=False, flipVert=False, font='', fontFiles=[], height=50.0, italic=False, languageStyle='LTR', name='unnamed TextStim', opacity=1.0, ori=0.0, pos=array([0., 0.]), rgb=UNKNOWN, text='Poprawnie', units='pix', win=Window(...), wrapWidth=500)
119.7830 	EXP 	unnamed TextStim: height = 25.0
119.7830 	EXP 	unnamed TextStim: height = 25.0
119.7830 	EXP 	unnamed TextStim: height = 25.0
119.7830 	EXP 	unnamed TextStim: text = '↓'
121.1716 	DATA 	Keypress: down
121.1742 	EXP 	Created unnamed TextStim = TextStim(__class__=<class 'psychopy.visual.text.TextStim'>, alignHoriz=method-wrapper(...), alignText='center', alignVert=method-wrapper(...), anchorHoriz='center', anchorVert='center', antialias=True, autoDraw=False, autoLog=True, bold=False, color=array([-1, -1, -1]), colorSpace='rgb', contrast=1.0, depth=0, flipHoriz=False, flipVert=False, font='', fontFiles=[], height=50.0, italic=False, languageStyle='LTR', name='unnamed TextStim', opacity=1.0, ori=0.0, pos=array([0., 0.]), rgb=UNKNOWN, text='Poprawnie', units='pix', win=Window(...), wrapWidth=500)
122.1831 	EXP 	unnamed TextStim: height = 25.0
122.1831 	EXP 	unnamed TextStim: height = 25.0
122.1831 	EXP 	unnamed TextStim: height = 25.0
122.1831 	EXP 	unnamed TextStim: text = '↑'
123.7028 	DATA 	Keypress: up
123.7048 	EXP 	Created unnamed TextStim = TextStim(__class__=<class 'psychopy.visual.text.TextStim'>, alignHoriz=method-wrapper(...), alignText='center', alignVert=method-wrapper(...), anchorHoriz='center', anchorVert='center', antialias=True, autoDraw=False, autoLog=True, bold=False, color=array([-1, -1, -1]), colorSpace='rgb', contrast=1.0, depth=0, flipHoriz=False, flipVert=False, font='', fontFiles=[], height=50.0, italic=False, languageStyle='LTR', name='unnamed TextStim', opacity=1.0, ori=0.0, pos=array([0., 0.]), rgb=UNKNOWN, text='Poprawnie', units='pix', win=Window(...), wrapWidth=500)
124.7167 	EXP 	unnamed TextStim: height = 25.0
124.7167 	EXP 	unnamed TextStim: height = 25.0
124.7167 	EXP 	unnamed TextStim: height = 25.0
124.7167 	EXP 	unnamed TextStim: text = '→'
126.3590 	DATA 	Keypress: right
126.3614 	EXP 	Created unnamed TextStim = TextStim(__class__=<class 'psychopy.visual.text.TextStim'>, alignHoriz=method-wrapper(...), alignText='center', alignVert=method-wrapper(...), anchorHoriz='center', anchorVert='center', antialias=True, autoDraw=False, autoLog=True, bold=False, color=array([-1, -1, -1]), colorSpace='rgb', contrast=1.0, depth=0, flipHoriz=False, flipVert=False, font='', fontFiles=[], height=50.0, italic=False, languageStyle='LTR', name='unnamed TextStim', opacity=1.0, ori=0.0, pos=array([0., 0.]), rgb=UNKNOWN, text='Poprawnie', units='pix', win=Window(...), wrapWidth=500)
127.3667 	EXP 	unnamed TextStim: height = 25.0
127.3667 	EXP 	unnamed TextStim: height = 25.0
127.3667 	EXP 	unnamed TextStim: height = 25.0
127.3667 	EXP 	unnamed TextStim: text = '↓'
128.8584 	DATA 	Keypress: down
128.8609 	EXP 	Created unnamed TextStim = TextStim(__class__=<class 'psychopy.visual.text.TextStim'>, alignHoriz=method-wrapper(...), alignText='center', alignVert=method-wrapper(...), anchorHoriz='center', anchorVert='center', antialias=True, autoDraw=False, autoLog=True, bold=False, color=array([-1, -1, -1]), colorSpace='rgb', contrast=1.0, depth=0, flipHoriz=False, flipVert=False, font='', fontFiles=[], height=50.0, italic=False, languageStyle='LTR', name='unnamed TextStim', opacity=1.0, ori=0.0, pos=array([0., 0.]), rgb=UNKNOWN, text='Poprawnie', units='pix', win=Window(...), wrapWidth=500)
129.8891 	EXP 	Created unnamed TextStim = TextStim(__class__=<class 'psychopy.visual.text.TextStim'>, alignHoriz=method-wrapper(...), alignText='center', alignVert=method-wrapper(...), anchorHoriz='center', anchorVert='center', antialias=True, autoDraw=False, autoLog=True, bold=False, color=array([-1, -1, -1]), colorSpace='rgb', contrast=1.0, depth=0, flipHoriz=False, flipVert=False, font='', fontFiles=[], height=20.0, italic=False, languageStyle='LTR', name='unnamed TextStim', opacity=1.0, ori=0.0, pos=array([0., 0.]), rgb=UNKNOWN, text=str(...), units='pix', win=Window(...), wrapWidth=1536)
147.2392 	DATA 	Keypress: space
147.2507 	EXP 	unnamed TextStim: height = 25.0
147.2507 	EXP 	unnamed TextStim: height = 25.0
147.2507 	EXP 	unnamed TextStim: height = 25.0
147.2507 	EXP 	unnamed TextStim: text = '←'
148.8889 	DATA 	Keypress: left
148.8922 	EXP 	unnamed TextStim: height = 25.0
148.8922 	EXP 	unnamed TextStim: height = 25.0
148.8922 	EXP 	unnamed TextStim: height = 25.0
148.8922 	EXP 	unnamed TextStim: text = '↓'
150.4251 	DATA 	Keypress: down
150.4262 	EXP 	unnamed TextStim: text = '↓'
151.8688 	DATA 	Keypress: down
151.8715 	EXP 	unnamed TextStim: height = 25.0
151.8715 	EXP 	unnamed TextStim: height = 25.0
151.8715 	EXP 	unnamed TextStim: height = 25.0
151.8715 	EXP 	unnamed TextStim: text = '→'
153.2239 	DATA 	Keypress: right
153.2250 	EXP 	unnamed TextStim: text = '→'
154.6353 	DATA 	Keypress: right
154.6374 	EXP 	unnamed TextStim: height = 25.0
154.6374 	EXP 	unnamed TextStim: height = 25.0
154.6374 	EXP 	unnamed TextStim: height = 25.0
154.6374 	EXP 	unnamed TextStim: text = '↓'
156.0425 	DATA 	Keypress: down
156.1917 	EXP 	Created unnamed ImageStim = ImageStim(__class__=<class 'psychopy.visual.image.ImageStim'>, anchor=('center', 'center'), autoLog=True, color=array([1., 1., 1.]), colorSpace='rgb', contrast=1.0, depth=0, flipHoriz=False, flipVert=False, image='break.jpg', interpolate=True, mask=None, maskParams=None, name='unnamed ImageStim', opacity=1.0, ori=0.0, pos=array([0., 0.]), size=array([1536.,  864.]), texRes=128, units='pix', win=Window(...))
158.4131 	DATA 	Keypress: space
158.4180 	EXP 	unnamed TextStim: height = 25.0
158.4180 	EXP 	unnamed TextStim: height = 25.0
158.4180 	EXP 	unnamed TextStim: height = 25.0
158.4180 	EXP 	unnamed TextStim: text = '←'
159.8765 	DATA 	Keypress: left
159.8787 	EXP 	unnamed TextStim: height = 25.0
159.8787 	EXP 	unnamed TextStim: height = 25.0
159.8787 	EXP 	unnamed TextStim: height = 25.0
159.8787 	EXP 	unnamed TextStim: text = '→'
161.1804 	DATA 	Keypress: right
161.1825 	EXP 	unnamed TextStim: height = 25.0
161.1825 	EXP 	unnamed TextStim: height = 25.0
161.1825 	EXP 	unnamed TextStim: height = 25.0
161.1825 	EXP 	unnamed TextStim: text = '↓'
162.6128 	DATA 	Keypress: down
162.6163 	EXP 	unnamed TextStim: height = 25.0
162.6163 	EXP 	unnamed TextStim: height = 25.0
162.6163 	EXP 	unnamed TextStim: height = 25.0
162.6163 	EXP 	unnamed TextStim: text = '→'
163.9869 	DATA 	Keypress: right
163.9917 	EXP 	unnamed TextStim: height = 25.0
163.9917 	EXP 	unnamed TextStim: height = 25.0
163.9917 	EXP 	unnamed TextStim: height = 25.0
163.9917 	EXP 	unnamed TextStim: text = '↓'
165.5803 	DATA 	Keypress: down
165.5823 	EXP 	unnamed TextStim: height = 25.0
165.5823 	EXP 	unnamed TextStim: height = 25.0
165.5823 	EXP 	unnamed TextStim: height = 25.0
165.5823 	EXP 	unnamed TextStim: text = '←'
167.0356 	DATA 	Keypress: left
167.1524 	EXP 	Created unnamed ImageStim = ImageStim(__class__=<class 'psychopy.visual.image.ImageStim'>, anchor=('center', 'center'), autoLog=True, color=array([1., 1., 1.]), colorSpace='rgb', contrast=1.0, depth=0, flipHoriz=False, flipVert=False, image='break.jpg', interpolate=True, mask=None, maskParams=None, name='unnamed ImageStim', opacity=1.0, ori=0.0, pos=array([0., 0.]), size=array([1536.,  864.]), texRes=128, units='pix', win=Window(...))
168.3996 	DATA 	Keypress: space
168.4022 	EXP 	unnamed TextStim: height = 25.0
168.4022 	EXP 	unnamed TextStim: height = 25.0
168.4022 	EXP 	unnamed TextStim: height = 25.0
168.4022 	EXP 	unnamed TextStim: text = '→'
169.8720 	DATA 	Keypress: left
169.8743 	EXP 	unnamed TextStim: height = 25.0
169.8743 	EXP 	unnamed TextStim: height = 25.0
169.8743 	EXP 	unnamed TextStim: height = 25.0
169.8743 	EXP 	unnamed TextStim: text = '↓'
171.3533 	DATA 	Keypress: down
171.3544 	EXP 	unnamed TextStim: text = '↓'
172.7482 	DATA 	Keypress: down
172.7503 	EXP 	unnamed TextStim: height = 25.0
172.7503 	EXP 	unnamed TextStim: height = 25.0
172.7503 	EXP 	unnamed TextStim: height = 25.0
172.7503 	EXP 	unnamed TextStim: text = '←'
174.3423 	DATA 	Keypress: right
174.3444 	EXP 	unnamed TextStim: height = 25.0
174.3444 	EXP 	unnamed TextStim: height = 25.0
174.3444 	EXP 	unnamed TextStim: height = 25.0
174.3444 	EXP 	unnamed TextStim: text = '→'
175.9688 	DATA 	Keypress: right
175.9711 	EXP 	unnamed TextStim: height = 25.0
175.9711 	EXP 	unnamed TextStim: height = 25.0
175.9711 	EXP 	unnamed TextStim: height = 25.0
175.9711 	EXP 	unnamed TextStim: text = '←'
177.4251 	DATA 	Keypress: left
177.5428 	EXP 	Created unnamed ImageStim = ImageStim(__class__=<class 'psychopy.visual.image.ImageStim'>, anchor=('center', 'center'), autoLog=True, color=array([1., 1., 1.]), colorSpace='rgb', contrast=1.0, depth=0, flipHoriz=False, flipVert=False, image='break.jpg', interpolate=True, mask=None, maskParams=None, name='unnamed ImageStim', opacity=1.0, ori=0.0, pos=array([0., 0.]), size=array([1536.,  864.]), texRes=128, units='pix', win=Window(...))
178.7954 	DATA 	Keypress: space
178.8018 	EXP 	unnamed TextStim: height = 25.0
178.8018 	EXP 	unnamed TextStim: height = 25.0
178.8018 	EXP 	unnamed TextStim: height = 25.0
178.8018 	EXP 	unnamed TextStim: text = '→'
180.3269 	DATA 	Keypress: left
180.3352 	EXP 	unnamed TextStim: height = 25.0
180.3352 	EXP 	unnamed TextStim: height = 25.0
180.3352 	EXP 	unnamed TextStim: height = 25.0
180.3352 	EXP 	unnamed TextStim: text = '↑'
181.9079 	DATA 	Keypress: right
181.9108 	EXP 	unnamed TextStim: height = 25.0
181.9108 	EXP 	unnamed TextStim: height = 25.0
181.9108 	EXP 	unnamed TextStim: height = 25.0
181.9108 	EXP 	unnamed TextStim: text = '→'
183.5587 	DATA 	Keypress: left
183.5608 	EXP 	unnamed TextStim: height = 25.0
183.5608 	EXP 	unnamed TextStim: height = 25.0
183.5608 	EXP 	unnamed TextStim: height = 25.0
183.5608 	EXP 	unnamed TextStim: text = '↓'
185.0787 	DATA 	Keypress: down
185.0799 	EXP 	unnamed TextStim: text = '↓'
186.5765 	DATA 	Keypress: down
186.5786 	EXP 	unnamed TextStim: height = 25.0
186.5786 	EXP 	unnamed TextStim: height = 25.0
186.5786 	EXP 	unnamed TextStim: height = 25.0
186.5786 	EXP 	unnamed TextStim: text = '←'
188.1060 	DATA 	Keypress: left
188.2122 	EXP 	Created unnamed ImageStim = ImageStim(__class__=<class 'psychopy.visual.image.ImageStim'>, anchor=('center', 'center'), autoLog=True, color=array([1., 1., 1.]), colorSpace='rgb', contrast=1.0, depth=0, flipHoriz=False, flipVert=False, image='break.jpg', interpolate=True, mask=None, maskParams=None, name='unnamed ImageStim', opacity=1.0, ori=0.0, pos=array([0., 0.]), size=array([1536.,  864.]), texRes=128, units='pix', win=Window(...))
189.4735 	DATA 	Keypress: space
189.4859 	EXP 	unnamed TextStim: height = 25.0
189.4859 	EXP 	unnamed TextStim: height = 25.0
189.4859 	EXP 	unnamed TextStim: height = 25.0
189.4859 	EXP 	unnamed TextStim: text = '↑'
190.9193 	DATA 	Keypress: down
190.9214 	EXP 	unnamed TextStim: height = 25.0
190.9214 	EXP 	unnamed TextStim: height = 25.0
190.9214 	EXP 	unnamed TextStim: height = 25.0
190.9214 	EXP 	unnamed TextStim: text = '←'
192.3920 	DATA 	Keypress: right
192.3933 	EXP 	unnamed TextStim: text = '←'
193.8365 	DATA 	Keypress: right
193.8386 	EXP 	unnamed TextStim: height = 25.0
193.8386 	EXP 	unnamed TextStim: height = 25.0
193.8386 	EXP 	unnamed TextStim: height = 25.0
193.8386 	EXP 	unnamed TextStim: text = '↑'
195.2466 	DATA 	Keypress: down
195.2477 	EXP 	unnamed TextStim: text = '↑'
196.6232 	DATA 	Keypress: down
196.6244 	EXP 	unnamed TextStim: text = '↑'
198.2344 	DATA 	Keypress: right
198.3511 	EXP 	Created unnamed ImageStim = ImageStim(__class__=<class 'psychopy.visual.image.ImageStim'>, anchor=('center', 'center'), autoLog=True, color=array([1., 1., 1.]), colorSpace='rgb', contrast=1.0, depth=0, flipHoriz=False, flipVert=False, image='break.jpg', interpolate=True, mask=None, maskParams=None, name='unnamed ImageStim', opacity=1.0, ori=0.0, pos=array([0., 0.]), size=array([1536.,  864.]), texRes=128, units='pix', win=Window(...))
199.5528 	DATA 	Keypress: space
199.5695 	EXP 	unnamed TextStim: height = 25.0
199.5695 	EXP 	unnamed TextStim: height = 25.0
199.5695 	EXP 	unnamed TextStim: height = 25.0
199.5695 	EXP 	unnamed TextStim: text = '→'
201.0208 	DATA 	Keypress: left
201.0229 	EXP 	unnamed TextStim: height = 25.0
201.0229 	EXP 	unnamed TextStim: height = 25.0
201.0229 	EXP 	unnamed TextStim: height = 25.0
201.0229 	EXP 	unnamed TextStim: text = '↓'
202.5058 	DATA 	Keypress: down
202.5079 	EXP 	unnamed TextStim: height = 25.0
202.5079 	EXP 	unnamed TextStim: height = 25.0
202.5079 	EXP 	unnamed TextStim: height = 25.0
202.5079 	EXP 	unnamed TextStim: text = '←'
204.1927 	DATA 	Keypress: left
204.1949 	EXP 	unnamed TextStim: height = 25.0
204.1949 	EXP 	unnamed TextStim: height = 25.0
204.1949 	EXP 	unnamed TextStim: height = 25.0
204.1949 	EXP 	unnamed TextStim: text = '↑'
205.6612 	DATA 	Keypress: down
205.6633 	EXP 	unnamed TextStim: height = 25.0
205.6633 	EXP 	unnamed TextStim: height = 25.0
205.6633 	EXP 	unnamed TextStim: height = 25.0
205.6633 	EXP 	unnamed TextStim: text = '←'
207.2083 	DATA 	Keypress: right
207.2105 	EXP 	unnamed TextStim: height = 25.0
207.2105 	EXP 	unnamed TextStim: height = 25.0
207.2105 	EXP 	unnamed TextStim: height = 25.0
207.2105 	EXP 	unnamed TextStim: text = '↑'
209.4531 	DATA 	Keypress: left
209.5592 	EXP 	Created unnamed ImageStim = ImageStim(__class__=<class 'psychopy.visual.image.ImageStim'>, anchor=('center', 'center'), autoLog=True, color=array([1., 1., 1.]), colorSpace='rgb', contrast=1.0, depth=0, flipHoriz=False, flipVert=False, image='break.jpg', interpolate=True, mask=None, maskParams=None, name='unnamed ImageStim', opacity=1.0, ori=0.0, pos=array([0., 0.]), size=array([1536.,  864.]), texRes=128, units='pix', win=Window(...))
210.6846 	DATA 	Keypress: space
210.6872 	EXP 	unnamed TextStim: height = 25.0
210.6872 	EXP 	unnamed TextStim: height = 25.0
210.6872 	EXP 	unnamed TextStim: height = 25.0
210.6872 	EXP 	unnamed TextStim: text = '→'
212.1587 	DATA 	Keypress: right
212.1608 	EXP 	unnamed TextStim: height = 25.0
212.1608 	EXP 	unnamed TextStim: height = 25.0
212.1608 	EXP 	unnamed TextStim: height = 25.0
212.1608 	EXP 	unnamed TextStim: text = '↓'
213.6931 	DATA 	Keypress: down
213.6953 	EXP 	unnamed TextStim: height = 25.0
213.6953 	EXP 	unnamed TextStim: height = 25.0
213.6953 	EXP 	unnamed TextStim: height = 25.0
213.6953 	EXP 	unnamed TextStim: text = '↑'
215.2522 	DATA 	Keypress: down
215.2568 	EXP 	unnamed TextStim: height = 25.0
215.2568 	EXP 	unnamed TextStim: height = 25.0
215.2568 	EXP 	unnamed TextStim: height = 25.0
215.2568 	EXP 	unnamed TextStim: text = '←'
216.7923 	DATA 	Keypress: left
216.7935 	EXP 	unnamed TextStim: text = '←'
218.3177 	DATA 	Keypress: left
218.3199 	EXP 	unnamed TextStim: height = 25.0
218.3199 	EXP 	unnamed TextStim: height = 25.0
218.3199 	EXP 	unnamed TextStim: height = 25.0
218.3199 	EXP 	unnamed TextStim: text = '↑'
219.7829 	DATA 	Keypress: up
219.9044 	EXP 	Created unnamed ImageStim = ImageStim(__class__=<class 'psychopy.visual.image.ImageStim'>, anchor=('center', 'center'), autoLog=True, color=array([1., 1., 1.]), colorSpace='rgb', contrast=1.0, depth=0, flipHoriz=False, flipVert=False, image='break.jpg', interpolate=True, mask=None, maskParams=None, name='unnamed ImageStim', opacity=1.0, ori=0.0, pos=array([0., 0.]), size=array([1536.,  864.]), texRes=128, units='pix', win=Window(...))
220.9474 	DATA 	Keypress: space
220.9537 	EXP 	unnamed TextStim: height = 25.0
220.9537 	EXP 	unnamed TextStim: height = 25.0
220.9537 	EXP 	unnamed TextStim: height = 25.0
220.9537 	EXP 	unnamed TextStim: text = '↓'
222.3220 	DATA 	Keypress: down
222.3242 	EXP 	unnamed TextStim: height = 25.0
222.3242 	EXP 	unnamed TextStim: height = 25.0
222.3242 	EXP 	unnamed TextStim: height = 25.0
222.3242 	EXP 	unnamed TextStim: text = '↑'
224.2196 	DATA 	Keypress: down
224.2207 	EXP 	unnamed TextStim: text = '↑'
225.7756 	DATA 	Keypress: up
225.7777 	EXP 	unnamed TextStim: height = 25.0
225.7777 	EXP 	unnamed TextStim: height = 25.0
225.7777 	EXP 	unnamed TextStim: height = 25.0
225.7777 	EXP 	unnamed TextStim: text = '←'
227.4813 	DATA 	Keypress: right
227.4835 	EXP 	unnamed TextStim: height = 25.0
227.4835 	EXP 	unnamed TextStim: height = 25.0
227.4835 	EXP 	unnamed TextStim: height = 25.0
227.4835 	EXP 	unnamed TextStim: text = '→'
228.9520 	DATA 	Keypress: right
228.9541 	EXP 	unnamed TextStim: height = 25.0
228.9541 	EXP 	unnamed TextStim: height = 25.0
228.9541 	EXP 	unnamed TextStim: height = 25.0
228.9541 	EXP 	unnamed TextStim: text = '↓'
230.4252 	DATA 	Keypress: down
230.5431 	EXP 	Created unnamed ImageStim = ImageStim(__class__=<class 'psychopy.visual.image.ImageStim'>, anchor=('center', 'center'), autoLog=True, color=array([1., 1., 1.]), colorSpace='rgb', contrast=1.0, depth=0, flipHoriz=False, flipVert=False, image='break.jpg', interpolate=True, mask=None, maskParams=None, name='unnamed ImageStim', opacity=1.0, ori=0.0, pos=array([0., 0.]), size=array([1536.,  864.]), texRes=128, units='pix', win=Window(...))
231.4813 	DATA 	Keypress: space
231.4872 	EXP 	unnamed TextStim: height = 25.0
231.4872 	EXP 	unnamed TextStim: height = 25.0
231.4872 	EXP 	unnamed TextStim: height = 25.0
231.4872 	EXP 	unnamed TextStim: text = '→'
232.8352 	DATA 	Keypress: right
232.8368 	EXP 	unnamed TextStim: text = '→'
234.0726 	DATA 	Keypress: right
235.1332 	DATA 	Keypress: right
235.1399 	EXP 	unnamed TextStim: height = 25.0
235.1399 	EXP 	unnamed TextStim: height = 25.0
235.1399 	EXP 	unnamed TextStim: height = 25.0
235.1399 	EXP 	unnamed TextStim: text = '↑'
236.6033 	DATA 	Keypress: up
236.6056 	EXP 	unnamed TextStim: height = 25.0
236.6056 	EXP 	unnamed TextStim: height = 25.0
236.6056 	EXP 	unnamed TextStim: height = 25.0
236.6056 	EXP 	unnamed TextStim: text = '→'
238.0191 	DATA 	Keypress: right
238.0211 	EXP 	unnamed TextStim: height = 25.0
238.0211 	EXP 	unnamed TextStim: height = 25.0
238.0211 	EXP 	unnamed TextStim: height = 25.0
238.0211 	EXP 	unnamed TextStim: text = '↓'
239.4648 	DATA 	Keypress: down
239.4659 	EXP 	unnamed TextStim: text = '↓'
241.5765 	DATA 	Keypress: left
241.7034 	EXP 	Created unnamed ImageStim = ImageStim(__class__=<class 'psychopy.visual.image.ImageStim'>, anchor=('center', 'center'), autoLog=True, color=array([1., 1., 1.]), colorSpace='rgb', contrast=1.0, depth=0, flipHoriz=False, flipVert=False, image='break.jpg', interpolate=True, mask=None, maskParams=None, name='unnamed ImageStim', opacity=1.0, ori=0.0, pos=array([0., 0.]), size=array([1536.,  864.]), texRes=128, units='pix', win=Window(...))
242.8044 	DATA 	Keypress: space
242.8213 	EXP 	unnamed TextStim: height = 25.0
242.8213 	EXP 	unnamed TextStim: height = 25.0
242.8213 	EXP 	unnamed TextStim: height = 25.0
242.8213 	EXP 	unnamed TextStim: text = '↑'
244.2605 	DATA 	Keypress: up
244.2625 	EXP 	unnamed TextStim: height = 25.0
244.2625 	EXP 	unnamed TextStim: height = 25.0
244.2625 	EXP 	unnamed TextStim: height = 25.0
244.2625 	EXP 	unnamed TextStim: text = '↓'
245.5791 	DATA 	Keypress: down
245.5803 	EXP 	unnamed TextStim: text = '↓'
246.9078 	DATA 	Keypress: down
246.9090 	EXP 	unnamed TextStim: text = '↓'
248.3761 	DATA 	Keypress: down
248.3785 	EXP 	unnamed TextStim: height = 25.0
248.3785 	EXP 	unnamed TextStim: height = 25.0
248.3785 	EXP 	unnamed TextStim: height = 25.0
248.3785 	EXP 	unnamed TextStim: text = '→'
250.3957 	DATA 	Keypress: up
250.3977 	EXP 	unnamed TextStim: height = 25.0
250.3977 	EXP 	unnamed TextStim: height = 25.0
250.3977 	EXP 	unnamed TextStim: height = 25.0
250.3977 	EXP 	unnamed TextStim: text = '↓'
250.4054 	DATA 	Keypress: down
251.7471 	DATA 	Keypress: down
251.8604 	EXP 	Created unnamed ImageStim = ImageStim(__class__=<class 'psychopy.visual.image.ImageStim'>, anchor=('center', 'center'), autoLog=True, color=array([1., 1., 1.]), colorSpace='rgb', contrast=1.0, depth=0, flipHoriz=False, flipVert=False, image='break.jpg', interpolate=True, mask=None, maskParams=None, name='unnamed ImageStim', opacity=1.0, ori=0.0, pos=array([0., 0.]), size=array([1536.,  864.]), texRes=128, units='pix', win=Window(...))
252.3674 	DATA 	Keypress: up
252.3706 	DATA 	Keypress: down
253.1622 	DATA 	Keypress: space
253.1717 	EXP 	unnamed TextStim: height = 25.0
253.1717 	EXP 	unnamed TextStim: height = 25.0
253.1717 	EXP 	unnamed TextStim: height = 25.0
253.1717 	EXP 	unnamed TextStim: text = '↑'
254.4918 	DATA 	Keypress: up
254.4983 	EXP 	unnamed TextStim: height = 25.0
254.4983 	EXP 	unnamed TextStim: height = 25.0
254.4983 	EXP 	unnamed TextStim: height = 25.0
254.4983 	EXP 	unnamed TextStim: text = '←'
256.1104 	DATA 	Keypress: right
256.1125 	EXP 	unnamed TextStim: height = 25.0
256.1125 	EXP 	unnamed TextStim: height = 25.0
256.1125 	EXP 	unnamed TextStim: height = 25.0
256.1125 	EXP 	unnamed TextStim: text = '↑'
258.1190 	DATA 	Keypress: up
258.1212 	EXP 	unnamed TextStim: height = 25.0
258.1212 	EXP 	unnamed TextStim: height = 25.0
258.1212 	EXP 	unnamed TextStim: height = 25.0
258.1212 	EXP 	unnamed TextStim: text = '→'
259.8253 	DATA 	Keypress: down
259.8274 	EXP 	unnamed TextStim: height = 25.0
259.8274 	EXP 	unnamed TextStim: height = 25.0
259.8274 	EXP 	unnamed TextStim: height = 25.0
259.8274 	EXP 	unnamed TextStim: text = '←'
261.2886 	DATA 	Keypress: left
261.2906 	EXP 	unnamed TextStim: height = 25.0
261.2906 	EXP 	unnamed TextStim: height = 25.0
261.2906 	EXP 	unnamed TextStim: height = 25.0
261.2906 	EXP 	unnamed TextStim: text = '↓'
262.7219 	DATA 	Keypress: down
262.8278 	EXP 	Created unnamed ImageStim = ImageStim(__class__=<class 'psychopy.visual.image.ImageStim'>, anchor=('center', 'center'), autoLog=True, color=array([1., 1., 1.]), colorSpace='rgb', contrast=1.0, depth=0, flipHoriz=False, flipVert=False, image='break.jpg', interpolate=True, mask=None, maskParams=None, name='unnamed ImageStim', opacity=1.0, ori=0.0, pos=array([0., 0.]), size=array([1536.,  864.]), texRes=128, units='pix', win=Window(...))
263.8374 	DATA 	Keypress: space
263.8561 	EXP 	Created unnamed TextStim = TextStim(__class__=<class 'psychopy.visual.text.TextStim'>, alignHoriz=method-wrapper(...), alignText='center', alignVert=method-wrapper(...), anchorHoriz='center', anchorVert='center', antialias=True, autoDraw=False, autoLog=True, bold=False, color=array([-1, -1, -1]), colorSpace='rgb', contrast=1.0, depth=0, flipHoriz=False, flipVert=False, font='', fontFiles=[], height=20.0, italic=False, languageStyle='LTR', name='unnamed TextStim', opacity=1.0, ori=0.0, pos=array([0., 0.]), rgb=UNKNOWN, text=str(...), units='pix', win=Window(...), wrapWidth=1536)
278.0024 	DATA 	Keypress: return
278.0857 	EXP 	window1: mouseVisible = True
