14.4170 	WARNING 	User requested fullscreen with size [1536  864], but screen is actually [1920, 1080]. Using actual size
15.9140 	INFO 	FRAME RATE: 60
15.9141 	INFO 	SCREEN RES: odict_values([1536, 864])
15.9749 	EXP 	Created unnamed TextStim = TextStim(__class__=<class 'psychopy.visual.text.TextStim'>, alignHoriz=method-wrapper(...), alignText='center', alignVert=method-wrapper(...), anchorHoriz='center', anchorVert='center', antialias=True, autoDraw=False, autoLog=True, bold=False, color=array([-1, -1, -1]), colorSpace='rgb', contrast=1.0, depth=0, flipHoriz=False, flipVert=False, font='', fontFiles=[], height=100.0, italic=False, languageStyle='LTR', name='unnamed TextStim', opacity=1.0, ori=0.0, pos=array([0., 0.]), rgb=UNKNOWN, text='+', units='pix', win=Window(...), wrapWidth=500)
15.9787 	EXP 	Created unnamed Circle = Circle(__class__=<class 'psychopy.visual.circle.Circle'>, anchor=('center', 'center'), autoDraw=False, autoLog=True, closeShape=True, color=method-wrapper(...), colorSpace='rgb', contrast=None, depth=0, fillColor=array([ 0.09019608, -1.        , -1.        ]), fillColorSpace='rgb', fillRGB=array([ 0.09019608, -1.        , -1.        ]), interpolate=True, lineColor=array([ 0.09019608, -1.        , -1.        ]), lineColorSpace='rgb', lineRGB=array([ 0.09019608, -1.        , -1.        ]), lineWidth=1.5, name='unnamed Circle', opacity=1.0, ori=0.0, pos=array([0., 0.]), size=array([1., 1.]), units='pix', vertices=ndarray(...), win=Window(...))
15.9796 	EXP 	Created unnamed TextStim = TextStim(__class__=<class 'psychopy.visual.text.TextStim'>, alignHoriz=method-wrapper(...), alignText='center', alignVert=method-wrapper(...), anchorHoriz='center', anchorVert='center', antialias=True, autoDraw=False, autoLog=True, bold=False, color=array([-0.17647059, -0.17647059, -0.17647059]), colorSpace='rgb', contrast=1.0, depth=0, flipHoriz=False, flipVert=False, font='', fontFiles=[], height=25, italic=False, languageStyle='LTR', name='unnamed TextStim', opacity=1.0, ori=0.0, pos=array([0., 0.]), rgb=UNKNOWN, text='', units='pix', win=Window(...), wrapWidth=500)
15.9887 	EXP 	Created unnamed ImageStim = ImageStim(__class__=<class 'psychopy.visual.image.ImageStim'>, anchor=('center', 'center'), autoLog=True, color=array([1., 1., 1.]), colorSpace='rgb', contrast=1.0, depth=0, flipHoriz=False, flipVert=False, image='mask4.png', interpolate=False, mask=None, maskParams=None, name='unnamed ImageStim', opacity=1.0, ori=0.0, pos=array([0., 0.]), size=array([25., 25.]), texRes=128, units='pix', win=Window(...))
15.9966 	EXP 	Created unnamed TextStim = TextStim(__class__=<class 'psychopy.visual.text.TextStim'>, alignHoriz=method-wrapper(...), alignText='center', alignVert=method-wrapper(...), anchorHoriz='center', anchorVert='center', antialias=True, autoDraw=False, autoLog=True, bold=False, color=array([-1, -1, -1]), colorSpace='rgb', contrast=1.0, depth=0, flipHoriz=False, flipVert=False, font='', fontFiles=[], height=30.0, italic=False, languageStyle='LTR', name='unnamed TextStim', opacity=1.0, ori=0.0, pos=array([ 100., -300.]), rgb=UNKNOWN, text=str(...), units='pix', win=Window(...), wrapWidth=10000)
16.0064 	EXP 	Created unnamed TextStim = TextStim(__class__=<class 'psychopy.visual.text.TextStim'>, alignHoriz=method-wrapper(...), alignText='center', alignVert=method-wrapper(...), anchorHoriz='center', anchorVert='center', antialias=True, autoDraw=False, autoLog=True, bold=False, color=array([-1, -1, -1]), colorSpace='rgb', contrast=1.0, depth=0, flipHoriz=False, flipVert=False, font='', fontFiles=[], height=30.0, italic=False, languageStyle='LTR', name='unnamed TextStim', opacity=1.0, ori=0.0, pos=array([ 100., -330.]), rgb=UNKNOWN, text=str(...), units='pix', win=Window(...), wrapWidth=10000)
16.0411 	EXP 	Created unnamed TextStim = TextStim(__class__=<class 'psychopy.visual.text.TextStim'>, alignHoriz=method-wrapper(...), alignText='center', alignVert=method-wrapper(...), anchorHoriz='center', anchorVert='center', antialias=True, autoDraw=False, autoLog=True, bold=False, color=array([-1, -1, -1]), colorSpace='rgb', contrast=1.0, depth=0, flipHoriz=False, flipVert=False, font='', fontFiles=[], height=20.0, italic=False, languageStyle='LTR', name='unnamed TextStim', opacity=1.0, ori=0.0, pos=array([0., 0.]), rgb=UNKNOWN, text=str(...), units='pix', win=Window(...), wrapWidth=1536)
57.7184 	DATA 	Keypress: space
57.7289 	EXP 	unnamed TextStim: height = 25.0
57.7289 	EXP 	unnamed TextStim: height = 25.0
57.7289 	EXP 	unnamed TextStim: height = 25.0
57.7289 	EXP 	unnamed TextStim: text = '↑'
60.6487 	DATA 	Keypress: left
60.6570 	EXP 	Created unnamed TextStim = TextStim(__class__=<class 'psychopy.visual.text.TextStim'>, alignHoriz=method-wrapper(...), alignText='center', alignVert=method-wrapper(...), anchorHoriz='center', anchorVert='center', antialias=True, autoDraw=False, autoLog=True, bold=False, color=array([-1, -1, -1]), colorSpace='rgb', contrast=1.0, depth=0, flipHoriz=False, flipVert=False, font='', fontFiles=[], height=50.0, italic=False, languageStyle='LTR', name='unnamed TextStim', opacity=1.0, ori=0.0, pos=array([0., 0.]), rgb=UNKNOWN, text='Niepoprawnie', units='pix', win=Window(...), wrapWidth=500)
61.6626 	EXP 	unnamed TextStim: height = 25.0
61.6626 	EXP 	unnamed TextStim: height = 25.0
61.6626 	EXP 	unnamed TextStim: height = 25.0
61.6626 	EXP 	unnamed TextStim: text = '↓'
64.6297 	DATA 	No keypress (maxWait exceeded)
64.6318 	EXP 	Created unnamed TextStim = TextStim(__class__=<class 'psychopy.visual.text.TextStim'>, alignHoriz=method-wrapper(...), alignText='center', alignVert=method-wrapper(...), anchorHoriz='center', anchorVert='center', antialias=True, autoDraw=False, autoLog=True, bold=False, color=array([-1, -1, -1]), colorSpace='rgb', contrast=1.0, depth=0, flipHoriz=False, flipVert=False, font='', fontFiles=[], height=50.0, italic=False, languageStyle='LTR', name='unnamed TextStim', opacity=1.0, ori=0.0, pos=array([0., 0.]), rgb=UNKNOWN, text='Niepoprawnie', units='pix', win=Window(...), wrapWidth=500)
65.6461 	EXP 	unnamed TextStim: height = 25.0
65.6461 	EXP 	unnamed TextStim: height = 25.0
65.6461 	EXP 	unnamed TextStim: height = 25.0
65.6461 	EXP 	unnamed TextStim: text = '↑'
68.4860 	DATA 	Keypress: up
68.4893 	EXP 	Created unnamed TextStim = TextStim(__class__=<class 'psychopy.visual.text.TextStim'>, alignHoriz=method-wrapper(...), alignText='center', alignVert=method-wrapper(...), anchorHoriz='center', anchorVert='center', antialias=True, autoDraw=False, autoLog=True, bold=False, color=array([-1, -1, -1]), colorSpace='rgb', contrast=1.0, depth=0, flipHoriz=False, flipVert=False, font='', fontFiles=[], height=50.0, italic=False, languageStyle='LTR', name='unnamed TextStim', opacity=1.0, ori=0.0, pos=array([0., 0.]), rgb=UNKNOWN, text='Poprawnie', units='pix', win=Window(...), wrapWidth=500)
69.4963 	EXP 	unnamed TextStim: height = 25.0
69.4963 	EXP 	unnamed TextStim: height = 25.0
69.4963 	EXP 	unnamed TextStim: height = 25.0
69.4963 	EXP 	unnamed TextStim: text = '↓'
71.7900 	DATA 	Keypress: down
71.7919 	EXP 	Created unnamed TextStim = TextStim(__class__=<class 'psychopy.visual.text.TextStim'>, alignHoriz=method-wrapper(...), alignText='center', alignVert=method-wrapper(...), anchorHoriz='center', anchorVert='center', antialias=True, autoDraw=False, autoLog=True, bold=False, color=array([-1, -1, -1]), colorSpace='rgb', contrast=1.0, depth=0, flipHoriz=False, flipVert=False, font='', fontFiles=[], height=50.0, italic=False, languageStyle='LTR', name='unnamed TextStim', opacity=1.0, ori=0.0, pos=array([0., 0.]), rgb=UNKNOWN, text='Poprawnie', units='pix', win=Window(...), wrapWidth=500)
72.7964 	EXP 	unnamed TextStim: text = '↓'
74.8052 	DATA 	Keypress: down
74.8073 	EXP 	Created unnamed TextStim = TextStim(__class__=<class 'psychopy.visual.text.TextStim'>, alignHoriz=method-wrapper(...), alignText='center', alignVert=method-wrapper(...), anchorHoriz='center', anchorVert='center', antialias=True, autoDraw=False, autoLog=True, bold=False, color=array([-1, -1, -1]), colorSpace='rgb', contrast=1.0, depth=0, flipHoriz=False, flipVert=False, font='', fontFiles=[], height=50.0, italic=False, languageStyle='LTR', name='unnamed TextStim', opacity=1.0, ori=0.0, pos=array([0., 0.]), rgb=UNKNOWN, text='Poprawnie', units='pix', win=Window(...), wrapWidth=500)
75.8132 	EXP 	unnamed TextStim: text = '↓'
77.3945 	DATA 	Keypress: down
77.3964 	EXP 	Created unnamed TextStim = TextStim(__class__=<class 'psychopy.visual.text.TextStim'>, alignHoriz=method-wrapper(...), alignText='center', alignVert=method-wrapper(...), anchorHoriz='center', anchorVert='center', antialias=True, autoDraw=False, autoLog=True, bold=False, color=array([-1, -1, -1]), colorSpace='rgb', contrast=1.0, depth=0, flipHoriz=False, flipVert=False, font='', fontFiles=[], height=50.0, italic=False, languageStyle='LTR', name='unnamed TextStim', opacity=1.0, ori=0.0, pos=array([0., 0.]), rgb=UNKNOWN, text='Poprawnie', units='pix', win=Window(...), wrapWidth=500)
78.4134 	EXP 	unnamed TextStim: height = 25.0
78.4134 	EXP 	unnamed TextStim: height = 25.0
78.4134 	EXP 	unnamed TextStim: height = 25.0
78.4134 	EXP 	unnamed TextStim: text = '↑'
80.3099 	DATA 	Keypress: up
80.3125 	EXP 	Created unnamed TextStim = TextStim(__class__=<class 'psychopy.visual.text.TextStim'>, alignHoriz=method-wrapper(...), alignText='center', alignVert=method-wrapper(...), anchorHoriz='center', anchorVert='center', antialias=True, autoDraw=False, autoLog=True, bold=False, color=array([-1, -1, -1]), colorSpace='rgb', contrast=1.0, depth=0, flipHoriz=False, flipVert=False, font='', fontFiles=[], height=50.0, italic=False, languageStyle='LTR', name='unnamed TextStim', opacity=1.0, ori=0.0, pos=array([0., 0.]), rgb=UNKNOWN, text='Poprawnie', units='pix', win=Window(...), wrapWidth=500)
81.3299 	EXP 	unnamed TextStim: height = 25.0
81.3299 	EXP 	unnamed TextStim: height = 25.0
81.3299 	EXP 	unnamed TextStim: height = 25.0
81.3299 	EXP 	unnamed TextStim: text = '↓'
83.0114 	DATA 	Keypress: down
83.0134 	EXP 	Created unnamed TextStim = TextStim(__class__=<class 'psychopy.visual.text.TextStim'>, alignHoriz=method-wrapper(...), alignText='center', alignVert=method-wrapper(...), anchorHoriz='center', anchorVert='center', antialias=True, autoDraw=False, autoLog=True, bold=False, color=array([-1, -1, -1]), colorSpace='rgb', contrast=1.0, depth=0, flipHoriz=False, flipVert=False, font='', fontFiles=[], height=50.0, italic=False, languageStyle='LTR', name='unnamed TextStim', opacity=1.0, ori=0.0, pos=array([0., 0.]), rgb=UNKNOWN, text='Poprawnie', units='pix', win=Window(...), wrapWidth=500)
84.0302 	EXP 	unnamed TextStim: text = '↓'
85.7728 	DATA 	Keypress: down
85.7748 	EXP 	Created unnamed TextStim = TextStim(__class__=<class 'psychopy.visual.text.TextStim'>, alignHoriz=method-wrapper(...), alignText='center', alignVert=method-wrapper(...), anchorHoriz='center', anchorVert='center', antialias=True, autoDraw=False, autoLog=True, bold=False, color=array([-1, -1, -1]), colorSpace='rgb', contrast=1.0, depth=0, flipHoriz=False, flipVert=False, font='', fontFiles=[], height=50.0, italic=False, languageStyle='LTR', name='unnamed TextStim', opacity=1.0, ori=0.0, pos=array([0., 0.]), rgb=UNKNOWN, text='Poprawnie', units='pix', win=Window(...), wrapWidth=500)
86.7801 	EXP 	unnamed TextStim: height = 25.0
86.7801 	EXP 	unnamed TextStim: height = 25.0
86.7801 	EXP 	unnamed TextStim: height = 25.0
86.7801 	EXP 	unnamed TextStim: text = '→'
88.6098 	DATA 	Keypress: right
88.6123 	EXP 	Created unnamed TextStim = TextStim(__class__=<class 'psychopy.visual.text.TextStim'>, alignHoriz=method-wrapper(...), alignText='center', alignVert=method-wrapper(...), anchorHoriz='center', anchorVert='center', antialias=True, autoDraw=False, autoLog=True, bold=False, color=array([-1, -1, -1]), colorSpace='rgb', contrast=1.0, depth=0, flipHoriz=False, flipVert=False, font='', fontFiles=[], height=50.0, italic=False, languageStyle='LTR', name='unnamed TextStim', opacity=1.0, ori=0.0, pos=array([0., 0.]), rgb=UNKNOWN, text='Poprawnie', units='pix', win=Window(...), wrapWidth=500)
89.6304 	EXP 	unnamed TextStim: height = 25.0
89.6304 	EXP 	unnamed TextStim: height = 25.0
89.6304 	EXP 	unnamed TextStim: height = 25.0
89.6304 	EXP 	unnamed TextStim: text = '←'
91.2405 	DATA 	Keypress: left
91.2428 	EXP 	Created unnamed TextStim = TextStim(__class__=<class 'psychopy.visual.text.TextStim'>, alignHoriz=method-wrapper(...), alignText='center', alignVert=method-wrapper(...), anchorHoriz='center', anchorVert='center', antialias=True, autoDraw=False, autoLog=True, bold=False, color=array([-1, -1, -1]), colorSpace='rgb', contrast=1.0, depth=0, flipHoriz=False, flipVert=False, font='', fontFiles=[], height=50.0, italic=False, languageStyle='LTR', name='unnamed TextStim', opacity=1.0, ori=0.0, pos=array([0., 0.]), rgb=UNKNOWN, text='Poprawnie', units='pix', win=Window(...), wrapWidth=500)
92.2472 	EXP 	unnamed TextStim: text = '←'
93.9730 	DATA 	Keypress: left
93.9752 	EXP 	Created unnamed TextStim = TextStim(__class__=<class 'psychopy.visual.text.TextStim'>, alignHoriz=method-wrapper(...), alignText='center', alignVert=method-wrapper(...), anchorHoriz='center', anchorVert='center', antialias=True, autoDraw=False, autoLog=True, bold=False, color=array([-1, -1, -1]), colorSpace='rgb', contrast=1.0, depth=0, flipHoriz=False, flipVert=False, font='', fontFiles=[], height=50.0, italic=False, languageStyle='LTR', name='unnamed TextStim', opacity=1.0, ori=0.0, pos=array([0., 0.]), rgb=UNKNOWN, text='Poprawnie', units='pix', win=Window(...), wrapWidth=500)
94.9807 	EXP 	unnamed TextStim: height = 25.0
94.9807 	EXP 	unnamed TextStim: height = 25.0
94.9807 	EXP 	unnamed TextStim: height = 25.0
94.9807 	EXP 	unnamed TextStim: text = '→'
96.5518 	DATA 	Keypress: right
96.5542 	EXP 	Created unnamed TextStim = TextStim(__class__=<class 'psychopy.visual.text.TextStim'>, alignHoriz=method-wrapper(...), alignText='center', alignVert=method-wrapper(...), anchorHoriz='center', anchorVert='center', antialias=True, autoDraw=False, autoLog=True, bold=False, color=array([-1, -1, -1]), colorSpace='rgb', contrast=1.0, depth=0, flipHoriz=False, flipVert=False, font='', fontFiles=[], height=50.0, italic=False, languageStyle='LTR', name='unnamed TextStim', opacity=1.0, ori=0.0, pos=array([0., 0.]), rgb=UNKNOWN, text='Poprawnie', units='pix', win=Window(...), wrapWidth=500)
97.5640 	EXP 	unnamed TextStim: height = 25.0
97.5640 	EXP 	unnamed TextStim: height = 25.0
97.5640 	EXP 	unnamed TextStim: height = 25.0
97.5640 	EXP 	unnamed TextStim: text = '↓'
99.1887 	DATA 	Keypress: down
99.1912 	EXP 	Created unnamed TextStim = TextStim(__class__=<class 'psychopy.visual.text.TextStim'>, alignHoriz=method-wrapper(...), alignText='center', alignVert=method-wrapper(...), anchorHoriz='center', anchorVert='center', antialias=True, autoDraw=False, autoLog=True, bold=False, color=array([-1, -1, -1]), colorSpace='rgb', contrast=1.0, depth=0, flipHoriz=False, flipVert=False, font='', fontFiles=[], height=50.0, italic=False, languageStyle='LTR', name='unnamed TextStim', opacity=1.0, ori=0.0, pos=array([0., 0.]), rgb=UNKNOWN, text='Poprawnie', units='pix', win=Window(...), wrapWidth=500)
100.1975 	EXP 	unnamed TextStim: height = 25.0
100.1975 	EXP 	unnamed TextStim: height = 25.0
100.1975 	EXP 	unnamed TextStim: height = 25.0
100.1975 	EXP 	unnamed TextStim: text = '→'
101.7641 	DATA 	Keypress: right
101.7665 	EXP 	Created unnamed TextStim = TextStim(__class__=<class 'psychopy.visual.text.TextStim'>, alignHoriz=method-wrapper(...), alignText='center', alignVert=method-wrapper(...), anchorHoriz='center', anchorVert='center', antialias=True, autoDraw=False, autoLog=True, bold=False, color=array([-1, -1, -1]), colorSpace='rgb', contrast=1.0, depth=0, flipHoriz=False, flipVert=False, font='', fontFiles=[], height=50.0, italic=False, languageStyle='LTR', name='unnamed TextStim', opacity=1.0, ori=0.0, pos=array([0., 0.]), rgb=UNKNOWN, text='Poprawnie', units='pix', win=Window(...), wrapWidth=500)
102.7991 	EXP 	Created unnamed TextStim = TextStim(__class__=<class 'psychopy.visual.text.TextStim'>, alignHoriz=method-wrapper(...), alignText='center', alignVert=method-wrapper(...), anchorHoriz='center', anchorVert='center', antialias=True, autoDraw=False, autoLog=True, bold=False, color=array([-1, -1, -1]), colorSpace='rgb', contrast=1.0, depth=0, flipHoriz=False, flipVert=False, font='', fontFiles=[], height=20.0, italic=False, languageStyle='LTR', name='unnamed TextStim', opacity=1.0, ori=0.0, pos=array([0., 0.]), rgb=UNKNOWN, text=str(...), units='pix', win=Window(...), wrapWidth=1536)
125.6790 	DATA 	Keypress: space
125.6835 	EXP 	unnamed TextStim: height = 25.0
125.6835 	EXP 	unnamed TextStim: height = 25.0
125.6835 	EXP 	unnamed TextStim: height = 25.0
125.6835 	EXP 	unnamed TextStim: text = '↑'
127.3125 	DATA 	Keypress: up
127.3196 	EXP 	Created unnamed TextStim = TextStim(__class__=<class 'psychopy.visual.text.TextStim'>, alignHoriz=method-wrapper(...), alignText='center', alignVert=method-wrapper(...), anchorHoriz='center', anchorVert='center', antialias=True, autoDraw=False, autoLog=True, bold=False, color=array([-1, -1, -1]), colorSpace='rgb', contrast=1.0, depth=0, flipHoriz=False, flipVert=False, font='', fontFiles=[], height=50.0, italic=False, languageStyle='LTR', name='unnamed TextStim', opacity=1.0, ori=0.0, pos=array([0., 0.]), rgb=UNKNOWN, text='Poprawnie', units='pix', win=Window(...), wrapWidth=500)
128.3352 	EXP 	unnamed TextStim: height = 25.0
128.3352 	EXP 	unnamed TextStim: height = 25.0
128.3352 	EXP 	unnamed TextStim: height = 25.0
128.3352 	EXP 	unnamed TextStim: text = '→'
129.8174 	DATA 	Keypress: right
129.8198 	EXP 	Created unnamed TextStim = TextStim(__class__=<class 'psychopy.visual.text.TextStim'>, alignHoriz=method-wrapper(...), alignText='center', alignVert=method-wrapper(...), anchorHoriz='center', anchorVert='center', antialias=True, autoDraw=False, autoLog=True, bold=False, color=array([-1, -1, -1]), colorSpace='rgb', contrast=1.0, depth=0, flipHoriz=False, flipVert=False, font='', fontFiles=[], height=50.0, italic=False, languageStyle='LTR', name='unnamed TextStim', opacity=1.0, ori=0.0, pos=array([0., 0.]), rgb=UNKNOWN, text='Poprawnie', units='pix', win=Window(...), wrapWidth=500)
130.8320 	EXP 	unnamed TextStim: height = 25.0
130.8320 	EXP 	unnamed TextStim: height = 25.0
130.8320 	EXP 	unnamed TextStim: height = 25.0
130.8320 	EXP 	unnamed TextStim: text = '↓'
132.3404 	DATA 	Keypress: down
132.3423 	EXP 	Created unnamed TextStim = TextStim(__class__=<class 'psychopy.visual.text.TextStim'>, alignHoriz=method-wrapper(...), alignText='center', alignVert=method-wrapper(...), anchorHoriz='center', anchorVert='center', antialias=True, autoDraw=False, autoLog=True, bold=False, color=array([-1, -1, -1]), colorSpace='rgb', contrast=1.0, depth=0, flipHoriz=False, flipVert=False, font='', fontFiles=[], height=50.0, italic=False, languageStyle='LTR', name='unnamed TextStim', opacity=1.0, ori=0.0, pos=array([0., 0.]), rgb=UNKNOWN, text='Poprawnie', units='pix', win=Window(...), wrapWidth=500)
133.3653 	EXP 	unnamed TextStim: height = 25.0
133.3653 	EXP 	unnamed TextStim: height = 25.0
133.3653 	EXP 	unnamed TextStim: height = 25.0
133.3653 	EXP 	unnamed TextStim: text = '↑'
134.8440 	DATA 	Keypress: up
134.8461 	EXP 	Created unnamed TextStim = TextStim(__class__=<class 'psychopy.visual.text.TextStim'>, alignHoriz=method-wrapper(...), alignText='center', alignVert=method-wrapper(...), anchorHoriz='center', anchorVert='center', antialias=True, autoDraw=False, autoLog=True, bold=False, color=array([-1, -1, -1]), colorSpace='rgb', contrast=1.0, depth=0, flipHoriz=False, flipVert=False, font='', fontFiles=[], height=50.0, italic=False, languageStyle='LTR', name='unnamed TextStim', opacity=1.0, ori=0.0, pos=array([0., 0.]), rgb=UNKNOWN, text='Poprawnie', units='pix', win=Window(...), wrapWidth=500)
135.8487 	EXP 	unnamed TextStim: text = '↑'
137.3750 	DATA 	Keypress: up
137.3769 	EXP 	Created unnamed TextStim = TextStim(__class__=<class 'psychopy.visual.text.TextStim'>, alignHoriz=method-wrapper(...), alignText='center', alignVert=method-wrapper(...), anchorHoriz='center', anchorVert='center', antialias=True, autoDraw=False, autoLog=True, bold=False, color=array([-1, -1, -1]), colorSpace='rgb', contrast=1.0, depth=0, flipHoriz=False, flipVert=False, font='', fontFiles=[], height=50.0, italic=False, languageStyle='LTR', name='unnamed TextStim', opacity=1.0, ori=0.0, pos=array([0., 0.]), rgb=UNKNOWN, text='Poprawnie', units='pix', win=Window(...), wrapWidth=500)
138.3822 	EXP 	unnamed TextStim: height = 25.0
138.3822 	EXP 	unnamed TextStim: height = 25.0
138.3822 	EXP 	unnamed TextStim: height = 25.0
138.3822 	EXP 	unnamed TextStim: text = '→'
139.8179 	DATA 	Keypress: right
139.8199 	EXP 	Created unnamed TextStim = TextStim(__class__=<class 'psychopy.visual.text.TextStim'>, alignHoriz=method-wrapper(...), alignText='center', alignVert=method-wrapper(...), anchorHoriz='center', anchorVert='center', antialias=True, autoDraw=False, autoLog=True, bold=False, color=array([-1, -1, -1]), colorSpace='rgb', contrast=1.0, depth=0, flipHoriz=False, flipVert=False, font='', fontFiles=[], height=50.0, italic=False, languageStyle='LTR', name='unnamed TextStim', opacity=1.0, ori=0.0, pos=array([0., 0.]), rgb=UNKNOWN, text='Poprawnie', units='pix', win=Window(...), wrapWidth=500)
140.8323 	EXP 	unnamed TextStim: height = 25.0
140.8323 	EXP 	unnamed TextStim: height = 25.0
140.8323 	EXP 	unnamed TextStim: height = 25.0
140.8323 	EXP 	unnamed TextStim: text = '↓'
142.2787 	DATA 	Keypress: down
142.2812 	EXP 	Created unnamed TextStim = TextStim(__class__=<class 'psychopy.visual.text.TextStim'>, alignHoriz=method-wrapper(...), alignText='center', alignVert=method-wrapper(...), anchorHoriz='center', anchorVert='center', antialias=True, autoDraw=False, autoLog=True, bold=False, color=array([-1, -1, -1]), colorSpace='rgb', contrast=1.0, depth=0, flipHoriz=False, flipVert=False, font='', fontFiles=[], height=50.0, italic=False, languageStyle='LTR', name='unnamed TextStim', opacity=1.0, ori=0.0, pos=array([0., 0.]), rgb=UNKNOWN, text='Poprawnie', units='pix', win=Window(...), wrapWidth=500)
143.2991 	EXP 	unnamed TextStim: height = 25.0
143.2991 	EXP 	unnamed TextStim: height = 25.0
143.2991 	EXP 	unnamed TextStim: height = 25.0
143.2991 	EXP 	unnamed TextStim: text = '↑'
144.7878 	DATA 	Keypress: up
144.7897 	EXP 	Created unnamed TextStim = TextStim(__class__=<class 'psychopy.visual.text.TextStim'>, alignHoriz=method-wrapper(...), alignText='center', alignVert=method-wrapper(...), anchorHoriz='center', anchorVert='center', antialias=True, autoDraw=False, autoLog=True, bold=False, color=array([-1, -1, -1]), colorSpace='rgb', contrast=1.0, depth=0, flipHoriz=False, flipVert=False, font='', fontFiles=[], height=50.0, italic=False, languageStyle='LTR', name='unnamed TextStim', opacity=1.0, ori=0.0, pos=array([0., 0.]), rgb=UNKNOWN, text='Poprawnie', units='pix', win=Window(...), wrapWidth=500)
145.7992 	EXP 	unnamed TextStim: height = 25.0
145.7992 	EXP 	unnamed TextStim: height = 25.0
145.7992 	EXP 	unnamed TextStim: height = 25.0
145.7992 	EXP 	unnamed TextStim: text = '←'
147.8633 	DATA 	Keypress: right
147.8669 	EXP 	Created unnamed TextStim = TextStim(__class__=<class 'psychopy.visual.text.TextStim'>, alignHoriz=method-wrapper(...), alignText='center', alignVert=method-wrapper(...), anchorHoriz='center', anchorVert='center', antialias=True, autoDraw=False, autoLog=True, bold=False, color=array([-1, -1, -1]), colorSpace='rgb', contrast=1.0, depth=0, flipHoriz=False, flipVert=False, font='', fontFiles=[], height=50.0, italic=False, languageStyle='LTR', name='unnamed TextStim', opacity=1.0, ori=0.0, pos=array([0., 0.]), rgb=UNKNOWN, text='Niepoprawnie', units='pix', win=Window(...), wrapWidth=500)
148.8826 	EXP 	unnamed TextStim: text = '←'
150.3119 	DATA 	Keypress: left
150.3147 	EXP 	Created unnamed TextStim = TextStim(__class__=<class 'psychopy.visual.text.TextStim'>, alignHoriz=method-wrapper(...), alignText='center', alignVert=method-wrapper(...), anchorHoriz='center', anchorVert='center', antialias=True, autoDraw=False, autoLog=True, bold=False, color=array([-1, -1, -1]), colorSpace='rgb', contrast=1.0, depth=0, flipHoriz=False, flipVert=False, font='', fontFiles=[], height=50.0, italic=False, languageStyle='LTR', name='unnamed TextStim', opacity=1.0, ori=0.0, pos=array([0., 0.]), rgb=UNKNOWN, text='Poprawnie', units='pix', win=Window(...), wrapWidth=500)
151.3416 	EXP 	Created unnamed TextStim = TextStim(__class__=<class 'psychopy.visual.text.TextStim'>, alignHoriz=method-wrapper(...), alignText='center', alignVert=method-wrapper(...), anchorHoriz='center', anchorVert='center', antialias=True, autoDraw=False, autoLog=True, bold=False, color=array([-1, -1, -1]), colorSpace='rgb', contrast=1.0, depth=0, flipHoriz=False, flipVert=False, font='', fontFiles=[], height=20.0, italic=False, languageStyle='LTR', name='unnamed TextStim', opacity=1.0, ori=0.0, pos=array([0., 0.]), rgb=UNKNOWN, text=str(...), units='pix', win=Window(...), wrapWidth=1536)
171.4672 	DATA 	Keypress: space
171.4835 	EXP 	unnamed TextStim: height = 25.0
171.4835 	EXP 	unnamed TextStim: height = 25.0
171.4835 	EXP 	unnamed TextStim: height = 25.0
171.4835 	EXP 	unnamed TextStim: text = '↓'
172.8924 	DATA 	Keypress: down
172.8935 	EXP 	unnamed TextStim: text = '↓'
174.7791 	DATA 	Keypress: up
174.7822 	EXP 	unnamed TextStim: height = 25.0
174.7822 	EXP 	unnamed TextStim: height = 25.0
174.7822 	EXP 	unnamed TextStim: height = 25.0
174.7822 	EXP 	unnamed TextStim: text = '←'
176.2021 	DATA 	Keypress: left
176.2033 	EXP 	unnamed TextStim: text = '←'
177.8828 	DATA 	Keypress: right
177.8840 	EXP 	unnamed TextStim: text = '←'
179.5342 	DATA 	Keypress: left
179.5367 	EXP 	unnamed TextStim: height = 25.0
179.5367 	EXP 	unnamed TextStim: height = 25.0
179.5367 	EXP 	unnamed TextStim: height = 25.0
179.5367 	EXP 	unnamed TextStim: text = '↓'
181.0019 	DATA 	Keypress: down
181.1512 	EXP 	Created unnamed ImageStim = ImageStim(__class__=<class 'psychopy.visual.image.ImageStim'>, anchor=('center', 'center'), autoLog=True, color=array([1., 1., 1.]), colorSpace='rgb', contrast=1.0, depth=0, flipHoriz=False, flipVert=False, image='break.jpg', interpolate=True, mask=None, maskParams=None, name='unnamed ImageStim', opacity=1.0, ori=0.0, pos=array([0., 0.]), size=array([1536.,  864.]), texRes=128, units='pix', win=Window(...))
188.3483 	DATA 	Keypress: space
188.3506 	EXP 	unnamed TextStim: text = '↓'
189.8580 	DATA 	Keypress: down
189.8629 	EXP 	unnamed TextStim: height = 25.0
189.8629 	EXP 	unnamed TextStim: height = 25.0
189.8629 	EXP 	unnamed TextStim: height = 25.0
189.8629 	EXP 	unnamed TextStim: text = '→'
191.4924 	DATA 	Keypress: right
191.4953 	EXP 	unnamed TextStim: height = 25.0
191.4953 	EXP 	unnamed TextStim: height = 25.0
191.4953 	EXP 	unnamed TextStim: height = 25.0
191.4953 	EXP 	unnamed TextStim: text = '↑'
193.0116 	DATA 	Keypress: up
193.0142 	EXP 	unnamed TextStim: height = 25.0
193.0142 	EXP 	unnamed TextStim: height = 25.0
193.0142 	EXP 	unnamed TextStim: height = 25.0
193.0142 	EXP 	unnamed TextStim: text = '↓'
194.4145 	DATA 	Keypress: down
194.4166 	EXP 	unnamed TextStim: height = 25.0
194.4166 	EXP 	unnamed TextStim: height = 25.0
194.4166 	EXP 	unnamed TextStim: height = 25.0
194.4166 	EXP 	unnamed TextStim: text = '→'
195.9955 	DATA 	Keypress: right
195.9976 	EXP 	unnamed TextStim: height = 25.0
195.9976 	EXP 	unnamed TextStim: height = 25.0
195.9976 	EXP 	unnamed TextStim: height = 25.0
195.9976 	EXP 	unnamed TextStim: text = '←'
197.3429 	DATA 	Keypress: left
197.4452 	EXP 	Created unnamed ImageStim = ImageStim(__class__=<class 'psychopy.visual.image.ImageStim'>, anchor=('center', 'center'), autoLog=True, color=array([1., 1., 1.]), colorSpace='rgb', contrast=1.0, depth=0, flipHoriz=False, flipVert=False, image='break.jpg', interpolate=True, mask=None, maskParams=None, name='unnamed ImageStim', opacity=1.0, ori=0.0, pos=array([0., 0.]), size=array([1536.,  864.]), texRes=128, units='pix', win=Window(...))
199.1517 	DATA 	Keypress: space
199.1676 	EXP 	unnamed TextStim: height = 25.0
199.1676 	EXP 	unnamed TextStim: height = 25.0
199.1676 	EXP 	unnamed TextStim: height = 25.0
199.1676 	EXP 	unnamed TextStim: text = '↓'
200.6644 	DATA 	Keypress: down
200.6665 	EXP 	unnamed TextStim: height = 25.0
200.6665 	EXP 	unnamed TextStim: height = 25.0
200.6665 	EXP 	unnamed TextStim: height = 25.0
200.6665 	EXP 	unnamed TextStim: text = '←'
202.1753 	DATA 	Keypress: right
202.1775 	EXP 	unnamed TextStim: height = 25.0
202.1775 	EXP 	unnamed TextStim: height = 25.0
202.1775 	EXP 	unnamed TextStim: height = 25.0
202.1775 	EXP 	unnamed TextStim: text = '→'
203.7224 	DATA 	Keypress: right
203.7245 	EXP 	unnamed TextStim: height = 25.0
203.7245 	EXP 	unnamed TextStim: height = 25.0
203.7245 	EXP 	unnamed TextStim: height = 25.0
203.7245 	EXP 	unnamed TextStim: text = '↓'
205.2488 	DATA 	Keypress: down
205.2532 	EXP 	unnamed TextStim: height = 25.0
205.2532 	EXP 	unnamed TextStim: height = 25.0
205.2532 	EXP 	unnamed TextStim: height = 25.0
205.2532 	EXP 	unnamed TextStim: text = '↑'
206.7753 	DATA 	Keypress: up
206.7773 	EXP 	unnamed TextStim: height = 25.0
206.7773 	EXP 	unnamed TextStim: height = 25.0
206.7773 	EXP 	unnamed TextStim: height = 25.0
206.7773 	EXP 	unnamed TextStim: text = '→'
208.6601 	DATA 	Keypress: right
208.7774 	EXP 	Created unnamed ImageStim = ImageStim(__class__=<class 'psychopy.visual.image.ImageStim'>, anchor=('center', 'center'), autoLog=True, color=array([1., 1., 1.]), colorSpace='rgb', contrast=1.0, depth=0, flipHoriz=False, flipVert=False, image='break.jpg', interpolate=True, mask=None, maskParams=None, name='unnamed ImageStim', opacity=1.0, ori=0.0, pos=array([0., 0.]), size=array([1536.,  864.]), texRes=128, units='pix', win=Window(...))
212.3548 	DATA 	Keypress: space
212.3685 	EXP 	unnamed TextStim: height = 25.0
212.3685 	EXP 	unnamed TextStim: height = 25.0
212.3685 	EXP 	unnamed TextStim: height = 25.0
212.3685 	EXP 	unnamed TextStim: text = '↓'
213.9548 	DATA 	Keypress: right
213.9569 	EXP 	unnamed TextStim: height = 25.0
213.9569 	EXP 	unnamed TextStim: height = 25.0
213.9569 	EXP 	unnamed TextStim: height = 25.0
213.9569 	EXP 	unnamed TextStim: text = '←'
215.4833 	DATA 	Keypress: left
215.4855 	EXP 	unnamed TextStim: height = 25.0
215.4855 	EXP 	unnamed TextStim: height = 25.0
215.4855 	EXP 	unnamed TextStim: height = 25.0
215.4855 	EXP 	unnamed TextStim: text = '→'
217.4747 	DATA 	Keypress: right
217.4768 	EXP 	unnamed TextStim: height = 25.0
217.4768 	EXP 	unnamed TextStim: height = 25.0
217.4768 	EXP 	unnamed TextStim: height = 25.0
217.4768 	EXP 	unnamed TextStim: text = '←'
218.8434 	DATA 	Keypress: left
218.8444 	EXP 	unnamed TextStim: text = '←'
220.3543 	DATA 	Keypress: left
220.3570 	EXP 	unnamed TextStim: height = 25.0
220.3570 	EXP 	unnamed TextStim: height = 25.0
220.3570 	EXP 	unnamed TextStim: height = 25.0
220.3570 	EXP 	unnamed TextStim: text = '↑'
221.7555 	DATA 	Keypress: up
221.8611 	EXP 	Created unnamed ImageStim = ImageStim(__class__=<class 'psychopy.visual.image.ImageStim'>, anchor=('center', 'center'), autoLog=True, color=array([1., 1., 1.]), colorSpace='rgb', contrast=1.0, depth=0, flipHoriz=False, flipVert=False, image='break.jpg', interpolate=True, mask=None, maskParams=None, name='unnamed ImageStim', opacity=1.0, ori=0.0, pos=array([0., 0.]), size=array([1536.,  864.]), texRes=128, units='pix', win=Window(...))
223.0737 	DATA 	Keypress: space
223.0855 	EXP 	unnamed TextStim: height = 25.0
223.0855 	EXP 	unnamed TextStim: height = 25.0
223.0855 	EXP 	unnamed TextStim: height = 25.0
223.0855 	EXP 	unnamed TextStim: text = '←'
225.6015 	DATA 	Keypress: up
225.6069 	EXP 	unnamed TextStim: height = 25.0
225.6069 	EXP 	unnamed TextStim: height = 25.0
225.6069 	EXP 	unnamed TextStim: height = 25.0
225.6069 	EXP 	unnamed TextStim: text = '↓'
227.1993 	DATA 	Keypress: up
227.2028 	EXP 	unnamed TextStim: height = 25.0
227.2028 	EXP 	unnamed TextStim: height = 25.0
227.2028 	EXP 	unnamed TextStim: height = 25.0
227.2028 	EXP 	unnamed TextStim: text = '→'
229.4385 	DATA 	Keypress: down
229.4406 	EXP 	unnamed TextStim: height = 25.0
229.4406 	EXP 	unnamed TextStim: height = 25.0
229.4406 	EXP 	unnamed TextStim: height = 25.0
229.4406 	EXP 	unnamed TextStim: text = '↓'
230.9970 	DATA 	Keypress: up
230.9992 	EXP 	unnamed TextStim: height = 25.0
230.9992 	EXP 	unnamed TextStim: height = 25.0
230.9992 	EXP 	unnamed TextStim: height = 25.0
230.9992 	EXP 	unnamed TextStim: text = '←'
232.3983 	DATA 	Keypress: left
232.4005 	EXP 	unnamed TextStim: height = 25.0
232.4005 	EXP 	unnamed TextStim: height = 25.0
232.4005 	EXP 	unnamed TextStim: height = 25.0
232.4005 	EXP 	unnamed TextStim: text = '↑'
233.8463 	DATA 	Keypress: up
233.9780 	EXP 	Created unnamed ImageStim = ImageStim(__class__=<class 'psychopy.visual.image.ImageStim'>, anchor=('center', 'center'), autoLog=True, color=array([1., 1., 1.]), colorSpace='rgb', contrast=1.0, depth=0, flipHoriz=False, flipVert=False, image='break.jpg', interpolate=True, mask=None, maskParams=None, name='unnamed ImageStim', opacity=1.0, ori=0.0, pos=array([0., 0.]), size=array([1536.,  864.]), texRes=128, units='pix', win=Window(...))
234.8768 	DATA 	Keypress: space
234.8879 	EXP 	unnamed TextStim: height = 25.0
234.8879 	EXP 	unnamed TextStim: height = 25.0
234.8879 	EXP 	unnamed TextStim: height = 25.0
234.8879 	EXP 	unnamed TextStim: text = '→'
236.2933 	DATA 	Keypress: right
236.2946 	EXP 	unnamed TextStim: text = '→'
238.9695 	DATA 	No keypress (maxWait exceeded)
238.9718 	EXP 	unnamed TextStim: text = '→'
240.4963 	DATA 	Keypress: up
240.4976 	EXP 	unnamed TextStim: text = '→'
242.2300 	DATA 	Keypress: right
242.2311 	EXP 	unnamed TextStim: text = '→'
243.6232 	DATA 	Keypress: right
243.6253 	EXP 	unnamed TextStim: height = 25.0
243.6253 	EXP 	unnamed TextStim: height = 25.0
243.6253 	EXP 	unnamed TextStim: height = 25.0
243.6253 	EXP 	unnamed TextStim: text = '↓'
245.2171 	DATA 	Keypress: up
245.3499 	EXP 	Created unnamed ImageStim = ImageStim(__class__=<class 'psychopy.visual.image.ImageStim'>, anchor=('center', 'center'), autoLog=True, color=array([1., 1., 1.]), colorSpace='rgb', contrast=1.0, depth=0, flipHoriz=False, flipVert=False, image='break.jpg', interpolate=True, mask=None, maskParams=None, name='unnamed ImageStim', opacity=1.0, ori=0.0, pos=array([0., 0.]), size=array([1536.,  864.]), texRes=128, units='pix', win=Window(...))
246.2463 	DATA 	Keypress: space
246.2526 	EXP 	unnamed TextStim: height = 25.0
246.2526 	EXP 	unnamed TextStim: height = 25.0
246.2526 	EXP 	unnamed TextStim: height = 25.0
246.2526 	EXP 	unnamed TextStim: text = '←'
247.6511 	DATA 	Keypress: left
247.6536 	EXP 	unnamed TextStim: height = 25.0
247.6536 	EXP 	unnamed TextStim: height = 25.0
247.6536 	EXP 	unnamed TextStim: height = 25.0
247.6536 	EXP 	unnamed TextStim: text = '↓'
249.3220 	DATA 	Keypress: right
249.3232 	EXP 	unnamed TextStim: text = '↓'
252.0203 	DATA 	No keypress (maxWait exceeded)
252.0224 	EXP 	unnamed TextStim: height = 25.0
252.0224 	EXP 	unnamed TextStim: height = 25.0
252.0224 	EXP 	unnamed TextStim: height = 25.0
252.0224 	EXP 	unnamed TextStim: text = '←'
253.7067 	DATA 	Keypress: right
253.7089 	EXP 	unnamed TextStim: height = 25.0
253.7089 	EXP 	unnamed TextStim: height = 25.0
253.7089 	EXP 	unnamed TextStim: height = 25.0
253.7089 	EXP 	unnamed TextStim: text = '→'
255.1215 	DATA 	Keypress: right
255.1225 	EXP 	unnamed TextStim: text = '→'
256.3871 	DATA 	Keypress: right
256.5286 	EXP 	Created unnamed ImageStim = ImageStim(__class__=<class 'psychopy.visual.image.ImageStim'>, anchor=('center', 'center'), autoLog=True, color=array([1., 1., 1.]), colorSpace='rgb', contrast=1.0, depth=0, flipHoriz=False, flipVert=False, image='break.jpg', interpolate=True, mask=None, maskParams=None, name='unnamed ImageStim', opacity=1.0, ori=0.0, pos=array([0., 0.]), size=array([1536.,  864.]), texRes=128, units='pix', win=Window(...))
262.1869 	DATA 	Keypress: space
262.2034 	EXP 	unnamed TextStim: height = 25.0
262.2034 	EXP 	unnamed TextStim: height = 25.0
262.2034 	EXP 	unnamed TextStim: height = 25.0
262.2034 	EXP 	unnamed TextStim: text = '←'
263.8211 	DATA 	Keypress: left
263.8233 	EXP 	unnamed TextStim: height = 25.0
263.8233 	EXP 	unnamed TextStim: height = 25.0
263.8233 	EXP 	unnamed TextStim: height = 25.0
263.8233 	EXP 	unnamed TextStim: text = '→'
265.2796 	DATA 	Keypress: right
265.2817 	EXP 	unnamed TextStim: height = 25.0
265.2817 	EXP 	unnamed TextStim: height = 25.0
265.2817 	EXP 	unnamed TextStim: height = 25.0
265.2817 	EXP 	unnamed TextStim: text = '↓'
266.9517 	DATA 	Keypress: right
266.9541 	EXP 	unnamed TextStim: height = 25.0
266.9541 	EXP 	unnamed TextStim: height = 25.0
266.9541 	EXP 	unnamed TextStim: height = 25.0
266.9541 	EXP 	unnamed TextStim: text = '←'
268.5185 	DATA 	Keypress: left
268.5196 	EXP 	unnamed TextStim: text = '←'
269.9530 	DATA 	Keypress: right
269.9541 	EXP 	unnamed TextStim: text = '←'
271.5707 	DATA 	Keypress: left
271.6867 	EXP 	Created unnamed ImageStim = ImageStim(__class__=<class 'psychopy.visual.image.ImageStim'>, anchor=('center', 'center'), autoLog=True, color=array([1., 1., 1.]), colorSpace='rgb', contrast=1.0, depth=0, flipHoriz=False, flipVert=False, image='break.jpg', interpolate=True, mask=None, maskParams=None, name='unnamed ImageStim', opacity=1.0, ori=0.0, pos=array([0., 0.]), size=array([1536.,  864.]), texRes=128, units='pix', win=Window(...))
272.5595 	DATA 	Keypress: space
272.5705 	EXP 	unnamed TextStim: height = 25.0
272.5705 	EXP 	unnamed TextStim: height = 25.0
272.5705 	EXP 	unnamed TextStim: height = 25.0
272.5705 	EXP 	unnamed TextStim: text = '↑'
274.1695 	DATA 	Keypress: up
274.1718 	EXP 	unnamed TextStim: height = 25.0
274.1718 	EXP 	unnamed TextStim: height = 25.0
274.1718 	EXP 	unnamed TextStim: height = 25.0
274.1718 	EXP 	unnamed TextStim: text = '→'
275.7784 	DATA 	Keypress: right
275.7806 	EXP 	unnamed TextStim: height = 25.0
275.7806 	EXP 	unnamed TextStim: height = 25.0
275.7806 	EXP 	unnamed TextStim: height = 25.0
275.7806 	EXP 	unnamed TextStim: text = '←'
277.2389 	DATA 	Keypress: left
277.2411 	EXP 	unnamed TextStim: height = 25.0
277.2411 	EXP 	unnamed TextStim: height = 25.0
277.2411 	EXP 	unnamed TextStim: height = 25.0
277.2411 	EXP 	unnamed TextStim: text = '↑'
278.6359 	DATA 	Keypress: up
278.6380 	EXP 	unnamed TextStim: height = 25.0
278.6380 	EXP 	unnamed TextStim: height = 25.0
278.6380 	EXP 	unnamed TextStim: height = 25.0
278.6380 	EXP 	unnamed TextStim: text = '←'
280.0857 	DATA 	Keypress: left
280.0869 	EXP 	unnamed TextStim: text = '←'
281.8396 	DATA 	Keypress: down
281.9410 	EXP 	Created unnamed ImageStim = ImageStim(__class__=<class 'psychopy.visual.image.ImageStim'>, anchor=('center', 'center'), autoLog=True, color=array([1., 1., 1.]), colorSpace='rgb', contrast=1.0, depth=0, flipHoriz=False, flipVert=False, image='break.jpg', interpolate=True, mask=None, maskParams=None, name='unnamed ImageStim', opacity=1.0, ori=0.0, pos=array([0., 0.]), size=array([1536.,  864.]), texRes=128, units='pix', win=Window(...))
283.2503 	DATA 	Keypress: space
283.2544 	EXP 	unnamed TextStim: text = '←'
284.6353 	DATA 	Keypress: left
284.6374 	EXP 	unnamed TextStim: height = 25.0
284.6374 	EXP 	unnamed TextStim: height = 25.0
284.6374 	EXP 	unnamed TextStim: height = 25.0
284.6374 	EXP 	unnamed TextStim: text = '↓'
286.1169 	DATA 	Keypress: down
286.1191 	EXP 	unnamed TextStim: height = 25.0
286.1191 	EXP 	unnamed TextStim: height = 25.0
286.1191 	EXP 	unnamed TextStim: height = 25.0
286.1191 	EXP 	unnamed TextStim: text = '→'
287.6296 	DATA 	Keypress: right
287.6316 	EXP 	unnamed TextStim: height = 25.0
287.6316 	EXP 	unnamed TextStim: height = 25.0
287.6316 	EXP 	unnamed TextStim: height = 25.0
287.6316 	EXP 	unnamed TextStim: text = '↑'
289.4115 	DATA 	Keypress: down
289.4136 	EXP 	unnamed TextStim: height = 25.0
289.4136 	EXP 	unnamed TextStim: height = 25.0
289.4136 	EXP 	unnamed TextStim: height = 25.0
289.4136 	EXP 	unnamed TextStim: text = '←'
290.9142 	DATA 	Keypress: left
290.9183 	EXP 	unnamed TextStim: height = 25.0
290.9183 	EXP 	unnamed TextStim: height = 25.0
290.9183 	EXP 	unnamed TextStim: height = 25.0
290.9183 	EXP 	unnamed TextStim: text = '↓'
292.1233 	DATA 	Keypress: right
293.6384 	DATA 	No keypress (maxWait exceeded)
293.7802 	EXP 	Created unnamed ImageStim = ImageStim(__class__=<class 'psychopy.visual.image.ImageStim'>, anchor=('center', 'center'), autoLog=True, color=array([1., 1., 1.]), colorSpace='rgb', contrast=1.0, depth=0, flipHoriz=False, flipVert=False, image='break.jpg', interpolate=True, mask=None, maskParams=None, name='unnamed ImageStim', opacity=1.0, ori=0.0, pos=array([0., 0.]), size=array([1536.,  864.]), texRes=128, units='pix', win=Window(...))
295.0390 	DATA 	Keypress: space
295.0549 	EXP 	unnamed TextStim: text = '↓'
296.5412 	DATA 	Keypress: down
296.5433 	EXP 	unnamed TextStim: height = 25.0
296.5433 	EXP 	unnamed TextStim: height = 25.0
296.5433 	EXP 	unnamed TextStim: height = 25.0
296.5433 	EXP 	unnamed TextStim: text = '→'
298.0814 	DATA 	Keypress: right
298.0834 	EXP 	unnamed TextStim: height = 25.0
298.0834 	EXP 	unnamed TextStim: height = 25.0
298.0834 	EXP 	unnamed TextStim: height = 25.0
298.0834 	EXP 	unnamed TextStim: text = '↑'
299.5654 	DATA 	Keypress: up
299.5675 	EXP 	unnamed TextStim: height = 25.0
299.5675 	EXP 	unnamed TextStim: height = 25.0
299.5675 	EXP 	unnamed TextStim: height = 25.0
299.5675 	EXP 	unnamed TextStim: text = '←'
301.0814 	DATA 	Keypress: left
301.0835 	EXP 	unnamed TextStim: height = 25.0
301.0835 	EXP 	unnamed TextStim: height = 25.0
301.0835 	EXP 	unnamed TextStim: height = 25.0
301.0835 	EXP 	unnamed TextStim: text = '→'
302.6571 	DATA 	Keypress: down
302.6594 	EXP 	unnamed TextStim: height = 25.0
302.6594 	EXP 	unnamed TextStim: height = 25.0
302.6594 	EXP 	unnamed TextStim: height = 25.0
302.6594 	EXP 	unnamed TextStim: text = '↓'
304.1656 	DATA 	Keypress: down
304.2924 	EXP 	Created unnamed ImageStim = ImageStim(__class__=<class 'psychopy.visual.image.ImageStim'>, anchor=('center', 'center'), autoLog=True, color=array([1., 1., 1.]), colorSpace='rgb', contrast=1.0, depth=0, flipHoriz=False, flipVert=False, image='break.jpg', interpolate=True, mask=None, maskParams=None, name='unnamed ImageStim', opacity=1.0, ori=0.0, pos=array([0., 0.]), size=array([1536.,  864.]), texRes=128, units='pix', win=Window(...))
305.3937 	DATA 	Keypress: b
305.8974 	DATA 	Keypress: space
305.9190 	EXP 	Created unnamed TextStim = TextStim(__class__=<class 'psychopy.visual.text.TextStim'>, alignHoriz=method-wrapper(...), alignText='center', alignVert=method-wrapper(...), anchorHoriz='center', anchorVert='center', antialias=True, autoDraw=False, autoLog=True, bold=False, color=array([-1, -1, -1]), colorSpace='rgb', contrast=1.0, depth=0, flipHoriz=False, flipVert=False, font='', fontFiles=[], height=20.0, italic=False, languageStyle='LTR', name='unnamed TextStim', opacity=1.0, ori=0.0, pos=array([0., 0.]), rgb=UNKNOWN, text=str(...), units='pix', win=Window(...), wrapWidth=1536)
311.4278 	DATA 	Keypress: space
311.5106 	EXP 	window1: mouseVisible = True
